#
# There is insufficient memory for the Java Runtime Environment to continue.
# Native memory allocation (malloc) failed to allocate 1095776 bytes for Chunk::new
# Possible reasons:
#   The system is out of physical RAM or swap space
#   The process is running with CompressedOops enabled, and the Java Heap may be blocking the growth of the native heap
# Possible solutions:
#   Reduce memory load on the system
#   Increase physical memory or swap space
#   Check if swap backing store is full
#   Decrease Java heap size (-Xmx/-Xms)
#   Decrease number of Java threads
#   Decrease Java thread stack sizes (-Xss)
#   Set larger code cache with -XX:ReservedCodeCacheSize=
#   JVM is running with Unscaled Compressed Oops mode in which the Java heap is
#     placed in the first 4GB address space. The Java Heap base address is the
#     maximum limit for the native heap growth. Please use -XX:HeapBaseMinAddress
#     to set the Java Heap base and to place the Java Heap above 4GB virtual address.
# This output file may be truncated or incomplete.
#
#  Out of Memory Error (./src/hotspot/share/memory/arena.cpp:197), pid=2376, tid=3164
#
# JRE version: OpenJDK Runtime Environment (11.0.10) (build 11.0.10+0-b96-7249189)
# Java VM: OpenJDK 64-Bit Server VM (11.0.10+0-b96-7249189, mixed mode, tiered, compressed oops, g1 gc, windows-amd64)
# No core dump will be written. Minidumps are not enabled by default on client versions of Windows
#

---------------  S U M M A R Y ------------

Command Line: --add-opens=java.base/java.util=ALL-UNNAMED --add-opens=java.base/java.lang=ALL-UNNAMED --add-opens=java.base/java.lang.invoke=ALL-UNNAMED --add-opens=java.base/java.util=ALL-UNNAMED --add-opens=java.prefs/java.util.prefs=ALL-UNNAMED --add-opens=java.prefs/java.util.prefs=ALL-UNNAMED --add-opens=java.base/java.nio.charset=ALL-UNNAMED --add-opens=java.base/java.net=ALL-UNNAMED --add-opens=java.base/java.util.concurrent.atomic=ALL-UNNAMED -Xmx2048m -Dfile.encoding=UTF-8 -Duser.country=IN -Duser.language=en -Duser.variant org.gradle.launcher.daemon.bootstrap.GradleDaemon 7.0.2

Host: AMD Ryzen 5 3550H with Radeon Vega Mobile Gfx  , 8 cores, 7G,  Windows 10 , 64 bit Build 22468 (10.0.22468.1000)
Time: Wed Oct  6 12:02:33 2021 India Standard Time elapsed time: 105.494000 seconds (0d 0h 1m 45s)

---------------  T H R E A D  ---------------

Current thread (0x000002dcd8de2800):  JavaThread "C2 CompilerThread0" daemon [_thread_in_native, id=3164, stack(0x000000e2f0500000,0x000000e2f0600000)]


Current CompileTask:
C2: 105494 17036       4       com.android.utils.XmlUtils::append (647 bytes)

Stack: [0x000000e2f0500000,0x000000e2f0600000]
Native frames: (J=compiled Java code, j=interpreted, Vv=VM code, C=native code)
V  [jvm.dll+0x5ecfaa]
V  [jvm.dll+0x722bd5]
V  [jvm.dll+0x72412d]
V  [jvm.dll+0x7247e3]
V  [jvm.dll+0x242928]
V  [jvm.dll+0xbc4fc]
V  [jvm.dll+0xbca0c]
V  [jvm.dll+0x2b4fd4]
V  [jvm.dll+0x506028]
V  [jvm.dll+0x203253]
V  [jvm.dll+0x1fd07c]
V  [jvm.dll+0x1fa77f]
V  [jvm.dll+0x18354c]
V  [jvm.dll+0x208ee7]
V  [jvm.dll+0x207731]
V  [jvm.dll+0x6eb1cf]
V  [jvm.dll+0x6e3d45]
V  [jvm.dll+0x5ebe96]
C  [ucrtbase.dll+0x293cc]
C  [KERNEL32.DLL+0x16ab0]
C  [ntdll.dll+0x5c44b]


---------------  P R O C E S S  ---------------

Threads class SMR info:
_java_thread_list=0x000002dcdfae9c50, length=68, elements={
0x000002dcbe105800, 0x000002dcd857e000, 0x000002dcd8583000, 0x000002dcd8587800,
0x000002dcd8588800, 0x000002dcd8dd4800, 0x000002dcd8de2800, 0x000002dcd8de5000,
0x000002dcd8dfa000, 0x000002dcd8f43000, 0x000002dcdaa12000, 0x000002dcd9188800,
0x000002dcdc342800, 0x000002dcdb179000, 0x000002dcda903800, 0x000002dcdc48f800,
0x000002dcdc490800, 0x000002dcdc48d000, 0x000002dcdc48b800, 0x000002dcdc48e800,
0x000002dcdc492000, 0x000002dcdc48e000, 0x000002dcdcab6000, 0x000002dcdcab8800,
0x000002dcdcab7800, 0x000002dcdcab9000, 0x000002dcdcab7000, 0x000002dcdcab4800,
0x000002dcdcabd800, 0x000002dcdcac0800, 0x000002dcde68f800, 0x000002dcdb70e800,
0x000002dcdb713000, 0x000002dcdb70f800, 0x000002dcdb710800, 0x000002dcdb711000,
0x000002dcdb70d000, 0x000002dcdb719800, 0x000002dcdb713800, 0x000002dcdb71a000,
0x000002dcdb716000, 0x000002dcdb717000, 0x000002dcdb714800, 0x000002dcdb71b000,
0x000002dcdb715000, 0x000002dcdb71c000, 0x000002dcdb717800, 0x000002dcdb718800,
0x000002dcdcab3800, 0x000002dcdcabb000, 0x000002dcdcabb800, 0x000002dcdcac0000,
0x000002dcdcac1800, 0x000002dcdcabc800, 0x000002dcdcabf000, 0x000002dcdcac2000,
0x000002dcde68b800, 0x000002dcde68f000, 0x000002dcde689000, 0x000002dcde68c800,
0x000002dcdc491000, 0x000002dcdc48c800, 0x000002dce29e5800, 0x000002dce29e6800,
0x000002dce29e9000, 0x000002dce29e9800, 0x000002dce29e4000, 0x000002dce29e7000
}

Java Threads: ( => current thread )
  0x000002dcbe105800 JavaThread "main" [_thread_blocked, id=17580, stack(0x000000e2ef900000,0x000000e2efa00000)]
  0x000002dcd857e000 JavaThread "Reference Handler" daemon [_thread_blocked, id=14040, stack(0x000000e2f0000000,0x000000e2f0100000)]
  0x000002dcd8583000 JavaThread "Finalizer" daemon [_thread_blocked, id=13908, stack(0x000000e2f0100000,0x000000e2f0200000)]
  0x000002dcd8587800 JavaThread "Signal Dispatcher" daemon [_thread_blocked, id=7680, stack(0x000000e2f0200000,0x000000e2f0300000)]
  0x000002dcd8588800 JavaThread "Attach Listener" daemon [_thread_blocked, id=9612, stack(0x000000e2f0300000,0x000000e2f0400000)]
  0x000002dcd8dd4800 JavaThread "Service Thread" daemon [_thread_blocked, id=14520, stack(0x000000e2f0400000,0x000000e2f0500000)]
=>0x000002dcd8de2800 JavaThread "C2 CompilerThread0" daemon [_thread_in_native, id=3164, stack(0x000000e2f0500000,0x000000e2f0600000)]
  0x000002dcd8de5000 JavaThread "C1 CompilerThread0" daemon [_thread_blocked, id=7776, stack(0x000000e2f0600000,0x000000e2f0700000)]
  0x000002dcd8dfa000 JavaThread "Sweeper thread" daemon [_thread_blocked, id=1156, stack(0x000000e2f0700000,0x000000e2f0800000)]
  0x000002dcd8f43000 JavaThread "Common-Cleaner" daemon [_thread_blocked, id=9328, stack(0x000000e2f0800000,0x000000e2f0900000)]
  0x000002dcdaa12000 JavaThread "Daemon health stats" [_thread_blocked, id=11832, stack(0x000000e2f0e00000,0x000000e2f0f00000)]
  0x000002dcd9188800 JavaThread "Incoming local TCP Connector on port 53856" [_thread_in_native, id=9664, stack(0x000000e2f0a00000,0x000000e2f0b00000)]
  0x000002dcdc342800 JavaThread "Daemon periodic checks" [_thread_blocked, id=764, stack(0x000000e2f0d00000,0x000000e2f0e00000)]
  0x000002dcdb179000 JavaThread "Daemon" [_thread_blocked, id=8036, stack(0x000000e2f0f00000,0x000000e2f1000000)]
  0x000002dcda903800 JavaThread "Daemon worker" [_thread_blocked, id=14184, stack(0x000000e2f1200000,0x000000e2f1300000)]
  0x000002dcdc48f800 JavaThread "Cache worker for file hash cache (C:\Users\xpmkm\.gradle\caches\7.0.2\fileHashes)" [_thread_blocked, id=5304, stack(0x000000e2f1b00000,0x000000e2f1c00000)]
  0x000002dcdc490800 JavaThread "File lock request listener" [_thread_in_native, id=2088, stack(0x000000e2f1c00000,0x000000e2f1d00000)]
  0x000002dcdc48d000 JavaThread "Cache worker for journal cache (C:\Users\xpmkm\.gradle\caches\journal-1)" [_thread_blocked, id=1476, stack(0x000000e2f1e00000,0x000000e2f1f00000)]
  0x000002dcdc48b800 JavaThread "File watcher server" daemon [_thread_in_native, id=11512, stack(0x000000e2f2100000,0x000000e2f2200000)]
  0x000002dcdc48e800 JavaThread "File watcher consumer" daemon [_thread_blocked, id=8896, stack(0x000000e2f2200000,0x000000e2f2300000)]
  0x000002dcdc492000 JavaThread "jar transforms" [_thread_blocked, id=14016, stack(0x000000e2f2300000,0x000000e2f2400000)]
  0x000002dcdc48e000 JavaThread "jar transforms Thread 2" [_thread_blocked, id=15408, stack(0x000000e2f2400000,0x000000e2f2500000)]
  0x000002dcdcab6000 JavaThread "jar transforms Thread 3" [_thread_blocked, id=1996, stack(0x000000e2f2500000,0x000000e2f2600000)]
  0x000002dcdcab8800 JavaThread "jar transforms Thread 4" [_thread_blocked, id=13212, stack(0x000000e2f2600000,0x000000e2f2700000)]
  0x000002dcdcab7800 JavaThread "jar transforms Thread 5" [_thread_blocked, id=8028, stack(0x000000e2f2700000,0x000000e2f2800000)]
  0x000002dcdcab9000 JavaThread "jar transforms Thread 6" [_thread_blocked, id=16544, stack(0x000000e2f2800000,0x000000e2f2900000)]
  0x000002dcdcab7000 JavaThread "jar transforms Thread 7" [_thread_blocked, id=11148, stack(0x000000e2f2900000,0x000000e2f2a00000)]
  0x000002dcdcab4800 JavaThread "jar transforms Thread 8" [_thread_blocked, id=10824, stack(0x000000e2f2b00000,0x000000e2f2c00000)]
  0x000002dcdcabd800 JavaThread "Cache worker for execution history cache (C:\Users\xpmkm\.gradle\caches\7.0.2\executionHistory)" [_thread_blocked, id=15840, stack(0x000000e2f2f00000,0x000000e2f3000000)]
  0x000002dcdcac0800 JavaThread "Cache worker for file content cache (C:\Users\xpmkm\.gradle\caches\7.0.2\fileContent)" [_thread_blocked, id=8372, stack(0x000000e2f3000000,0x000000e2f3100000)]
  0x000002dcde68f800 JavaThread "Memory manager" [_thread_blocked, id=8876, stack(0x000000e2f3a00000,0x000000e2f3b00000)]
  0x000002dcdb70e800 JavaThread "Handler for socket connection from /127.0.0.1:53856 to /127.0.0.1:54608" [_thread_in_native, id=12576, stack(0x000000e2ef600000,0x000000e2ef700000)]
  0x000002dcdb713000 JavaThread "Cancel handler" [_thread_blocked, id=1012, stack(0x000000e2ef700000,0x000000e2ef800000)]
  0x000002dcdb70f800 JavaThread "Asynchronous log dispatcher for DefaultDaemonConnection: socket connection from /127.0.0.1:53856 to /127.0.0.1:54608" [_thread_blocked, id=452, stack(0x000000e2ef800000,0x000000e2ef900000)]
  0x000002dcdb710800 JavaThread "Stdin handler" [_thread_blocked, id=13616, stack(0x000000e2f1000000,0x000000e2f1100000)]
  0x000002dcdb711000 JavaThread "Daemon client event forwarder" [_thread_blocked, id=8732, stack(0x000000e2f1100000,0x000000e2f1200000)]
  0x000002dcdb70d000 JavaThread "Cache worker for file hash cache (C:\Users\xpmkm\Desktop\update_code_vezilla-server\codecanyon-L2GSbXtH-dairy-products-grocery-daily-milk-delivery-mobile-app-with-subscription-customer-app-delivery\test-vezilla-android-workspace\.gradle\7.0.2\fileHashes)" [_thread_blocked, id=10764, stack(0x000000e2f1300000,0x000000e2f1400000)]
  0x000002dcdb719800 JavaThread "Cache worker for checksums cache (C:\Users\xpmkm\Desktop\update_code_vezilla-server\codecanyon-L2GSbXtH-dairy-products-grocery-daily-milk-delivery-mobile-app-with-subscription-customer-app-delivery\test-vezilla-android-workspace\.gradle\checksums)" [_thread_blocked, id=7092, stack(0x000000e2f1400000,0x000000e2f1500000)]
  0x000002dcdb713800 JavaThread "Cache worker for cache directory md-supplier (C:\Users\xpmkm\.gradle\caches\7.0.2\md-supplier)" [_thread_blocked, id=17668, stack(0x000000e2f1500000,0x000000e2f1600000)]
  0x000002dcdb71a000 JavaThread "Cache worker for cache directory md-rule (C:\Users\xpmkm\.gradle\caches\7.0.2\md-rule)" [_thread_blocked, id=888, stack(0x000000e2f1f00000,0x000000e2f2000000)]
  0x000002dcdb716000 JavaThread "Cache worker for dependencies-accessors (C:\Users\xpmkm\Desktop\update_code_vezilla-server\codecanyon-L2GSbXtH-dairy-products-grocery-daily-milk-delivery-mobile-app-with-subscription-customer-app-delivery\test-vezilla-android-workspace\.gradle\7.0.2\dependencies-accessors)" [_thread_blocked, id=2044, stack(0x000000e2f2000000,0x000000e2f2100000)]
  0x000002dcdb717000 JavaThread "Cache worker for Build Output Cleanup Cache (C:\Users\xpmkm\Desktop\update_code_vezilla-server\codecanyon-L2GSbXtH-dairy-products-grocery-daily-milk-delivery-mobile-app-with-subscription-customer-app-delivery\test-vezilla-android-workspace\.gradle\buildOutputCleanup)" [_thread_blocked, id=4432, stack(0x000000e2f2c00000,0x000000e2f2d00000)]
  0x000002dcdb714800 JavaThread "Build operations" [_thread_blocked, id=9000, stack(0x000000e2f2d00000,0x000000e2f2e00000)]
  0x000002dcdb71b000 JavaThread "Build operations Thread 2" [_thread_blocked, id=16728, stack(0x000000e2f2e00000,0x000000e2f2f00000)]
  0x000002dcdb715000 JavaThread "Build operations Thread 3" [_thread_blocked, id=10784, stack(0x000000e2f3100000,0x000000e2f3200000)]
  0x000002dcdb71c000 JavaThread "Build operations Thread 4" [_thread_blocked, id=9372, stack(0x000000e2f3200000,0x000000e2f3300000)]
  0x000002dcdb717800 JavaThread "Build operations Thread 5" [_thread_blocked, id=14704, stack(0x000000e2f3300000,0x000000e2f3400000)]
  0x000002dcdb718800 JavaThread "Build operations Thread 6" [_thread_blocked, id=11472, stack(0x000000e2f3400000,0x000000e2f3500000)]
  0x000002dcdcab3800 JavaThread "Build operations Thread 7" [_thread_blocked, id=12648, stack(0x000000e2f3500000,0x000000e2f3600000)]
  0x000002dcdcabb000 JavaThread "Build operations Thread 8" [_thread_blocked, id=17744, stack(0x000000e2f3600000,0x000000e2f3700000)]
  0x000002dcdcabb800 JavaThread "build event listener" [_thread_blocked, id=11904, stack(0x000000e2f3700000,0x000000e2f3800000)]
  0x000002dcdcac0000 JavaThread "Execution worker for ':'" [_thread_blocked, id=5780, stack(0x000000e2f3800000,0x000000e2f3900000)]
  0x000002dcdcac1800 JavaThread "Execution worker for ':' Thread 2" [_thread_blocked, id=9528, stack(0x000000e2f3900000,0x000000e2f3a00000)]
  0x000002dcdcabc800 JavaThread "Execution worker for ':' Thread 3" [_thread_blocked, id=18108, stack(0x000000e2f3d00000,0x000000e2f3e00000)]
  0x000002dcdcabf000 JavaThread "Execution worker for ':' Thread 4" [_thread_blocked, id=5156, stack(0x000000e2f3e00000,0x000000e2f3f00000)]
  0x000002dcdcac2000 JavaThread "Execution worker for ':' Thread 5" [_thread_blocked, id=8488, stack(0x000000e2f3f00000,0x000000e2f4000000)]
  0x000002dcde68b800 JavaThread "Execution worker for ':' Thread 6" [_thread_blocked, id=5752, stack(0x000000e2f4000000,0x000000e2f4100000)]
  0x000002dcde68f000 JavaThread "Execution worker for ':' Thread 7" [_thread_in_native, id=13132, stack(0x000000e2f4100000,0x000000e2f4200000)]
  0x000002dcde689000 JavaThread "Cache worker for execution history cache (C:\Users\xpmkm\Desktop\update_code_vezilla-server\codecanyon-L2GSbXtH-dairy-products-grocery-daily-milk-delivery-mobile-app-with-subscription-customer-app-delivery\test-vezilla-android-workspace\.gradle\7.0.2\executionHistory)" [_thread_blocked, id=15240, stack(0x000000e2f4200000,0x000000e2f4300000)]
  0x000002dcde68c800 JavaThread "WorkerExecutor Queue" [_thread_blocked, id=12280, stack(0x000000e2f4300000,0x000000e2f4400000)]
  0x000002dcdc491000 JavaThread "WorkerExecutor Queue Thread 2" [_thread_blocked, id=8872, stack(0x000000e2f4400000,0x000000e2f4500000)]
  0x000002dcdc48c800 JavaThread "WorkerExecutor Queue Thread 3" [_thread_blocked, id=15676, stack(0x000000e2f4500000,0x000000e2f4600000)]
  0x000002dce29e5800 JavaThread "WorkerExecutor Queue Thread 4" [_thread_blocked, id=13360, stack(0x000000e2f4600000,0x000000e2f4700000)]
  0x000002dce29e6800 JavaThread "WorkerExecutor Queue Thread 5" [_thread_blocked, id=4736, stack(0x000000e2f4700000,0x000000e2f4800000)]
  0x000002dce29e9000 JavaThread "WorkerExecutor Queue Thread 6" [_thread_blocked, id=11320, stack(0x000000e2f4800000,0x000000e2f4900000)]
  0x000002dce29e9800 JavaThread "WorkerExecutor Queue Thread 7" [_thread_blocked, id=12852, stack(0x000000e2f4900000,0x000000e2f4a00000)]
  0x000002dce29e4000 JavaThread "WorkerExecutor Queue Thread 8" [_thread_blocked, id=6840, stack(0x000000e2f4a00000,0x000000e2f4b00000)]
  0x000002dce29e7000 JavaThread "Java2D Disposer" daemon [_thread_blocked, id=14796, stack(0x000000e2f4e00000,0x000000e2f4f00000)]

Other Threads:
  0x000002dcd8569000 VMThread "VM Thread" [stack: 0x000000e2eff00000,0x000000e2f0000000] [id=16052]
  0x000002dcd8f61000 WatcherThread [stack: 0x000000e2f0900000,0x000000e2f0a00000] [id=6784]
  0x000002dcbe11e000 GCTaskThread "GC Thread#0" [stack: 0x000000e2efa00000,0x000000e2efb00000] [id=3088]
  0x000002dcd9d4d800 GCTaskThread "GC Thread#1" [stack: 0x000000e2f0b00000,0x000000e2f0c00000] [id=16320]
  0x000002dcd9309000 GCTaskThread "GC Thread#2" [stack: 0x000000e2f0c00000,0x000000e2f0d00000] [id=9544]
  0x000002dcdac96000 GCTaskThread "GC Thread#3" [stack: 0x000000e2f1600000,0x000000e2f1700000] [id=7276]
  0x000002dcd9c7c000 GCTaskThread "GC Thread#4" [stack: 0x000000e2f1700000,0x000000e2f1800000] [id=12732]
  0x000002dcd9f89000 GCTaskThread "GC Thread#5" [stack: 0x000000e2f1800000,0x000000e2f1900000] [id=7224]
  0x000002dcdbab3000 GCTaskThread "GC Thread#6" [stack: 0x000000e2f1900000,0x000000e2f1a00000] [id=15104]
  0x000002dcda7ed000 GCTaskThread "GC Thread#7" [stack: 0x000000e2f1a00000,0x000000e2f1b00000] [id=9444]
  0x000002dcbe151800 ConcurrentGCThread "G1 Main Marker" [stack: 0x000000e2efb00000,0x000000e2efc00000] [id=12076]
  0x000002dcbe153000 ConcurrentGCThread "G1 Conc#0" [stack: 0x000000e2efc00000,0x000000e2efd00000] [id=11056]
  0x000002dcdae2a000 ConcurrentGCThread "G1 Conc#1" [stack: 0x000000e2f1d00000,0x000000e2f1e00000] [id=17592]
  0x000002dcd83b9800 ConcurrentGCThread "G1 Refine#0" [stack: 0x000000e2efd00000,0x000000e2efe00000] [id=8948]
  0x000002dcd83ba000 ConcurrentGCThread "G1 Young RemSet Sampling" [stack: 0x000000e2efe00000,0x000000e2eff00000] [id=15388]

Threads with active compile tasks:
C2 CompilerThread0 105537 17036       4       com.android.utils.XmlUtils::append (647 bytes)

VM state:not at safepoint (normal execution)

VM Mutex/Monitor currently owned by a thread: None

Heap address: 0x0000000080000000, size: 2048 MB, Compressed Oops mode: 32-bit
Narrow klass base: 0x0000000000000000, Narrow klass shift: 3
Compressed class space size: 1073741824 Address: 0x0000000100000000

Heap:
 garbage-first heap   total 225280K, used 161875K [0x0000000080000000, 0x0000000100000000)
  region size 1024K, 4 young (4096K), 3 survivors (3072K)
 Metaspace       used 111385K, capacity 114805K, committed 115020K, reserved 1148928K
  class space    used 13932K, capacity 15116K, committed 15232K, reserved 1048576K
Heap Regions: E=young(eden), S=young(survivor), O=old, HS=humongous(starts), HC=humongous(continues), CS=collection set, F=free, A=archive, TAMS=top-at-mark-start (previous, next)
|   0|0x0000000080000000, 0x0000000080100000, 0x0000000080100000|100%| O|  |TAMS 0x0000000080100000, 0x0000000080000000| Complete 
|   1|0x0000000080100000, 0x0000000080200000, 0x0000000080200000|100%| O|  |TAMS 0x0000000080200000, 0x0000000080100000| Untracked 
|   2|0x0000000080200000, 0x0000000080300000, 0x0000000080300000|100%| O|  |TAMS 0x0000000080300000, 0x0000000080200000| Untracked 
|   3|0x0000000080300000, 0x0000000080400000, 0x0000000080400000|100%|HS|  |TAMS 0x0000000080400000, 0x0000000080300000| Complete 
|   4|0x0000000080400000, 0x0000000080500000, 0x0000000080500000|100%|HC|  |TAMS 0x0000000080500000, 0x0000000080400000| Complete 
|   5|0x0000000080500000, 0x0000000080600000, 0x0000000080600000|100%|HC|  |TAMS 0x0000000080600000, 0x0000000080500000| Complete 
|   6|0x0000000080600000, 0x0000000080700000, 0x0000000080700000|100%| O|  |TAMS 0x0000000080700000, 0x0000000080600000| Untracked 
|   7|0x0000000080700000, 0x0000000080800000, 0x0000000080800000|100%| O|  |TAMS 0x0000000080800000, 0x0000000080700000| Untracked 
|   8|0x0000000080800000, 0x0000000080900000, 0x0000000080900000|100%| O|  |TAMS 0x0000000080900000, 0x0000000080800000| Untracked 
|   9|0x0000000080900000, 0x0000000080a00000, 0x0000000080a00000|100%| O|  |TAMS 0x0000000080a00000, 0x0000000080900000| Complete 
|  10|0x0000000080a00000, 0x0000000080b00000, 0x0000000080b00000|100%| O|  |TAMS 0x0000000080b00000, 0x0000000080a00000| Untracked 
|  11|0x0000000080b00000, 0x0000000080c00000, 0x0000000080c00000|100%| O|  |TAMS 0x0000000080c00000, 0x0000000080b00000| Untracked 
|  12|0x0000000080c00000, 0x0000000080d00000, 0x0000000080d00000|100%| O|  |TAMS 0x0000000080d00000, 0x0000000080c00000| Untracked 
|  13|0x0000000080d00000, 0x0000000080e00000, 0x0000000080e00000|100%| O|  |TAMS 0x0000000080e00000, 0x0000000080d00000| Untracked 
|  14|0x0000000080e00000, 0x0000000080f00000, 0x0000000080f00000|100%| O|  |TAMS 0x0000000080f00000, 0x0000000080e00000| Untracked 
|  15|0x0000000080f00000, 0x0000000081000000, 0x0000000081000000|100%| O|  |TAMS 0x0000000081000000, 0x0000000080f00000| Complete 
|  16|0x0000000081000000, 0x0000000081100000, 0x0000000081100000|100%| O|  |TAMS 0x0000000081100000, 0x0000000081000000| Untracked 
|  17|0x0000000081100000, 0x0000000081200000, 0x0000000081200000|100%|HS|  |TAMS 0x0000000081200000, 0x0000000081100000| Complete 
|  18|0x0000000081200000, 0x0000000081300000, 0x0000000081300000|100%|HC|  |TAMS 0x0000000081300000, 0x0000000081200000| Complete 
|  19|0x0000000081300000, 0x0000000081400000, 0x0000000081400000|100%|HS|  |TAMS 0x0000000081400000, 0x0000000081300000| Complete 
|  20|0x0000000081400000, 0x0000000081500000, 0x0000000081500000|100%|HC|  |TAMS 0x0000000081500000, 0x0000000081400000| Complete 
|  21|0x0000000081500000, 0x0000000081600000, 0x0000000081600000|100%|HC|  |TAMS 0x0000000081600000, 0x0000000081500000| Complete 
|  22|0x0000000081600000, 0x0000000081700000, 0x0000000081700000|100%|HS|  |TAMS 0x0000000081700000, 0x0000000081600000| Complete 
|  23|0x0000000081700000, 0x0000000081800000, 0x0000000081800000|100%|HC|  |TAMS 0x0000000081800000, 0x0000000081700000| Complete 
|  24|0x0000000081800000, 0x0000000081900000, 0x0000000081900000|100%|HC|  |TAMS 0x0000000081900000, 0x0000000081800000| Complete 
|  25|0x0000000081900000, 0x0000000081a00000, 0x0000000081a00000|100%|HC|  |TAMS 0x0000000081a00000, 0x0000000081900000| Complete 
|  26|0x0000000081a00000, 0x0000000081b00000, 0x0000000081b00000|100%|HC|  |TAMS 0x0000000081b00000, 0x0000000081a00000| Complete 
|  27|0x0000000081b00000, 0x0000000081c00000, 0x0000000081c00000|100%| O|  |TAMS 0x0000000081c00000, 0x0000000081b00000| Untracked 
|  28|0x0000000081c00000, 0x0000000081d00000, 0x0000000081d00000|100%| O|  |TAMS 0x0000000081d00000, 0x0000000081c00000| Untracked 
|  29|0x0000000081d00000, 0x0000000081e00000, 0x0000000081e00000|100%| O|  |TAMS 0x0000000081e00000, 0x0000000081d00000| Complete 
|  30|0x0000000081e00000, 0x0000000081f00000, 0x0000000081f00000|100%| O|  |TAMS 0x0000000081f00000, 0x0000000081e00000| Complete 
|  31|0x0000000081f00000, 0x0000000082000000, 0x0000000082000000|100%|HS|  |TAMS 0x0000000082000000, 0x0000000081f00000| Complete 
|  32|0x0000000082000000, 0x0000000082100000, 0x0000000082100000|100%|HC|  |TAMS 0x0000000082100000, 0x0000000082000000| Complete 
|  33|0x0000000082100000, 0x0000000082200000, 0x0000000082200000|100%|HC|  |TAMS 0x0000000082200000, 0x0000000082100000| Complete 
|  34|0x0000000082200000, 0x0000000082300000, 0x0000000082300000|100%| O|  |TAMS 0x0000000082300000, 0x0000000082200000| Complete 
|  35|0x0000000082300000, 0x0000000082400000, 0x0000000082400000|100%| O|  |TAMS 0x0000000082400000, 0x0000000082300000| Untracked 
|  36|0x0000000082400000, 0x0000000082500000, 0x0000000082500000|100%| O|  |TAMS 0x0000000082500000, 0x0000000082400000| Complete 
|  37|0x0000000082500000, 0x0000000082600000, 0x0000000082600000|100%| O|  |TAMS 0x0000000082600000, 0x0000000082500000| Complete 
|  38|0x0000000082600000, 0x0000000082700000, 0x0000000082700000|100%|HS|  |TAMS 0x0000000082700000, 0x0000000082600000| Complete 
|  39|0x0000000082700000, 0x0000000082800000, 0x0000000082800000|100%|HC|  |TAMS 0x0000000082800000, 0x0000000082700000| Complete 
|  40|0x0000000082800000, 0x0000000082900000, 0x0000000082900000|100%|HC|  |TAMS 0x0000000082900000, 0x0000000082800000| Complete 
|  41|0x0000000082900000, 0x0000000082a00000, 0x0000000082a00000|100%|HC|  |TAMS 0x0000000082a00000, 0x0000000082900000| Complete 
|  42|0x0000000082a00000, 0x0000000082b00000, 0x0000000082b00000|100%|HC|  |TAMS 0x0000000082b00000, 0x0000000082a00000| Complete 
|  43|0x0000000082b00000, 0x0000000082c00000, 0x0000000082c00000|100%| O|  |TAMS 0x0000000082c00000, 0x0000000082b00000| Untracked 
|  44|0x0000000082c00000, 0x0000000082d00000, 0x0000000082d00000|100%| O|  |TAMS 0x0000000082d00000, 0x0000000082c00000| Untracked 
|  45|0x0000000082d00000, 0x0000000082e00000, 0x0000000082e00000|100%| O|  |TAMS 0x0000000082e00000, 0x0000000082d00000| Untracked 
|  46|0x0000000082e00000, 0x0000000082f00000, 0x0000000082f00000|100%| O|  |TAMS 0x0000000082f00000, 0x0000000082e00000| Untracked 
|  47|0x0000000082f00000, 0x0000000083000000, 0x0000000083000000|100%|HS|  |TAMS 0x0000000083000000, 0x0000000082f00000| Complete 
|  48|0x0000000083000000, 0x0000000083100000, 0x0000000083100000|100%| O|  |TAMS 0x0000000083100000, 0x0000000083000000| Untracked 
|  49|0x0000000083100000, 0x0000000083200000, 0x0000000083200000|100%| O|  |TAMS 0x0000000083200000, 0x0000000083100000| Untracked 
|  50|0x0000000083200000, 0x0000000083300000, 0x0000000083300000|100%| O|  |TAMS 0x0000000083300000, 0x0000000083200000| Untracked 
|  51|0x0000000083300000, 0x0000000083400000, 0x0000000083400000|100%| O|  |TAMS 0x0000000083400000, 0x0000000083300000| Complete 
|  52|0x0000000083400000, 0x0000000083500000, 0x0000000083500000|100%|HS|  |TAMS 0x0000000083500000, 0x0000000083400000| Complete 
|  53|0x0000000083500000, 0x0000000083600000, 0x0000000083600000|100%|HS|  |TAMS 0x0000000083600000, 0x0000000083500000| Complete 
|  54|0x0000000083600000, 0x0000000083700000, 0x0000000083700000|100%|HC|  |TAMS 0x0000000083700000, 0x0000000083600000| Complete 
|  55|0x0000000083700000, 0x0000000083800000, 0x0000000083800000|100%| O|  |TAMS 0x0000000083800000, 0x0000000083700000| Untracked 
|  56|0x0000000083800000, 0x0000000083900000, 0x0000000083900000|100%| O|  |TAMS 0x0000000083900000, 0x0000000083800000| Untracked 
|  57|0x0000000083900000, 0x0000000083a00000, 0x0000000083a00000|100%| O|  |TAMS 0x0000000083a00000, 0x0000000083900000| Complete 
|  58|0x0000000083a00000, 0x0000000083b00000, 0x0000000083b00000|100%| O|  |TAMS 0x0000000083b00000, 0x0000000083a00000| Complete 
|  59|0x0000000083b00000, 0x0000000083c00000, 0x0000000083c00000|100%| O|  |TAMS 0x0000000083c00000, 0x0000000083b00000| Complete 
|  60|0x0000000083c00000, 0x0000000083d00000, 0x0000000083d00000|100%| O|  |TAMS 0x0000000083d00000, 0x0000000083c00000| Complete 
|  61|0x0000000083d00000, 0x0000000083e00000, 0x0000000083e00000|100%| O|  |TAMS 0x0000000083e00000, 0x0000000083d00000| Untracked 
|  62|0x0000000083e00000, 0x0000000083f00000, 0x0000000083f00000|100%| O|  |TAMS 0x0000000083f00000, 0x0000000083e00000| Untracked 
|  63|0x0000000083f00000, 0x0000000084000000, 0x0000000084000000|100%| O|  |TAMS 0x0000000084000000, 0x0000000083f00000| Untracked 
|  64|0x0000000084000000, 0x0000000084100000, 0x0000000084100000|100%| O|  |TAMS 0x0000000084100000, 0x0000000084000000| Untracked 
|  65|0x0000000084100000, 0x0000000084200000, 0x0000000084200000|100%| O|  |TAMS 0x0000000084200000, 0x0000000084100000| Untracked 
|  66|0x0000000084200000, 0x0000000084300000, 0x0000000084300000|100%| O|  |TAMS 0x0000000084300000, 0x0000000084200000| Untracked 
|  67|0x0000000084300000, 0x0000000084400000, 0x0000000084400000|100%| O|  |TAMS 0x0000000084400000, 0x0000000084300000| Complete 
|  68|0x0000000084400000, 0x0000000084500000, 0x0000000084500000|100%| O|  |TAMS 0x0000000084500000, 0x0000000084400000| Complete 
|  69|0x0000000084500000, 0x0000000084600000, 0x0000000084600000|100%| O|  |TAMS 0x0000000084600000, 0x0000000084500000| Untracked 
|  70|0x0000000084600000, 0x0000000084700000, 0x0000000084700000|100%| O|  |TAMS 0x0000000084700000, 0x0000000084600000| Untracked 
|  71|0x0000000084700000, 0x0000000084800000, 0x0000000084800000|100%| O|  |TAMS 0x0000000084800000, 0x0000000084700000| Untracked 
|  72|0x0000000084800000, 0x0000000084900000, 0x0000000084900000|100%| O|  |TAMS 0x0000000084900000, 0x0000000084800000| Untracked 
|  73|0x0000000084900000, 0x0000000084a00000, 0x0000000084a00000|100%| O|  |TAMS 0x0000000084a00000, 0x0000000084900000| Untracked 
|  74|0x0000000084a00000, 0x0000000084b00000, 0x0000000084b00000|100%| O|  |TAMS 0x0000000084b00000, 0x0000000084a00000| Untracked 
|  75|0x0000000084b00000, 0x0000000084c00000, 0x0000000084c00000|100%| O|  |TAMS 0x0000000084c00000, 0x0000000084b00000| Untracked 
|  76|0x0000000084c00000, 0x0000000084d00000, 0x0000000084d00000|100%| O|  |TAMS 0x0000000084d00000, 0x0000000084c00000| Untracked 
|  77|0x0000000084d00000, 0x0000000084e00000, 0x0000000084e00000|100%| O|  |TAMS 0x0000000084e00000, 0x0000000084d00000| Complete 
|  78|0x0000000084e00000, 0x0000000084f00000, 0x0000000084f00000|100%| O|  |TAMS 0x0000000084f00000, 0x0000000084e00000| Complete 
|  79|0x0000000084f00000, 0x0000000085000000, 0x0000000085000000|100%| O|  |TAMS 0x0000000085000000, 0x0000000084f00000| Untracked 
|  80|0x0000000085000000, 0x0000000085100000, 0x0000000085100000|100%| O|  |TAMS 0x0000000085100000, 0x0000000085000000| Complete 
|  81|0x0000000085100000, 0x0000000085200000, 0x0000000085200000|100%| O|  |TAMS 0x0000000085200000, 0x0000000085100000| Untracked 
|  82|0x0000000085200000, 0x0000000085300000, 0x0000000085300000|100%| O|  |TAMS 0x0000000085300000, 0x0000000085200000| Untracked 
|  83|0x0000000085300000, 0x0000000085400000, 0x0000000085400000|100%| O|  |TAMS 0x0000000085400000, 0x0000000085300000| Complete 
|  84|0x0000000085400000, 0x0000000085500000, 0x0000000085500000|100%| O|  |TAMS 0x0000000085500000, 0x0000000085400000| Complete 
|  85|0x0000000085500000, 0x0000000085600000, 0x0000000085600000|100%| O|  |TAMS 0x0000000085600000, 0x0000000085500000| Complete 
|  86|0x0000000085600000, 0x0000000085700000, 0x0000000085700000|100%| O|  |TAMS 0x0000000085700000, 0x0000000085600000| Untracked 
|  87|0x0000000085700000, 0x0000000085800000, 0x0000000085800000|100%| O|  |TAMS 0x0000000085800000, 0x0000000085700000| Untracked 
|  88|0x0000000085800000, 0x0000000085900000, 0x0000000085900000|100%| O|  |TAMS 0x0000000085900000, 0x0000000085800000| Untracked 
|  89|0x0000000085900000, 0x0000000085a00000, 0x0000000085a00000|100%| O|  |TAMS 0x0000000085a00000, 0x0000000085900000| Complete 
|  90|0x0000000085a00000, 0x0000000085b00000, 0x0000000085b00000|100%| O|  |TAMS 0x0000000085b00000, 0x0000000085a00000| Complete 
|  91|0x0000000085b00000, 0x0000000085c00000, 0x0000000085c00000|100%| O|  |TAMS 0x0000000085c00000, 0x0000000085b00000| Untracked 
|  92|0x0000000085c00000, 0x0000000085d00000, 0x0000000085d00000|100%| O|  |TAMS 0x0000000085d00000, 0x0000000085c00000| Untracked 
|  93|0x0000000085d00000, 0x0000000085e00000, 0x0000000085e00000|100%| O|  |TAMS 0x0000000085e00000, 0x0000000085d00000| Untracked 
|  94|0x0000000085e00000, 0x0000000085f00000, 0x0000000085f00000|100%| O|  |TAMS 0x0000000085f00000, 0x0000000085e00000| Untracked 
|  95|0x0000000085f00000, 0x0000000086000000, 0x0000000086000000|100%| O|  |TAMS 0x0000000086000000, 0x0000000085f00000| Complete 
|  96|0x0000000086000000, 0x0000000086100000, 0x0000000086100000|100%| O|  |TAMS 0x0000000086100000, 0x0000000086000000| Complete 
|  97|0x0000000086100000, 0x0000000086200000, 0x0000000086200000|100%| O|  |TAMS 0x0000000086200000, 0x0000000086100000| Complete 
|  98|0x0000000086200000, 0x0000000086300000, 0x0000000086300000|100%| O|  |TAMS 0x0000000086300000, 0x0000000086200000| Complete 
|  99|0x0000000086300000, 0x0000000086400000, 0x0000000086400000|100%| O|  |TAMS 0x0000000086400000, 0x0000000086300000| Untracked 
| 100|0x0000000086400000, 0x0000000086500000, 0x0000000086500000|100%| O|  |TAMS 0x0000000086500000, 0x0000000086400000| Untracked 
| 101|0x0000000086500000, 0x0000000086600000, 0x0000000086600000|100%| O|  |TAMS 0x0000000086600000, 0x0000000086500000| Complete 
| 102|0x0000000086600000, 0x0000000086700000, 0x0000000086700000|100%| O|  |TAMS 0x0000000086700000, 0x0000000086600000| Untracked 
| 103|0x0000000086700000, 0x0000000086800000, 0x0000000086800000|100%| O|  |TAMS 0x0000000086800000, 0x0000000086700000| Complete 
| 104|0x0000000086800000, 0x0000000086900000, 0x0000000086900000|100%|HS|  |TAMS 0x0000000086900000, 0x0000000086800000| Complete 
| 105|0x0000000086900000, 0x0000000086a00000, 0x0000000086a00000|100%| O|  |TAMS 0x0000000086a00000, 0x0000000086900000| Complete 
| 106|0x0000000086a00000, 0x0000000086b00000, 0x0000000086b00000|100%| O|  |TAMS 0x0000000086b00000, 0x0000000086a00000| Complete 
| 107|0x0000000086b00000, 0x0000000086c00000, 0x0000000086c00000|100%| O|  |TAMS 0x0000000086c00000, 0x0000000086b00000| Untracked 
| 108|0x0000000086c00000, 0x0000000086d00000, 0x0000000086d00000|100%| O|  |TAMS 0x0000000086d00000, 0x0000000086c00000| Complete 
| 109|0x0000000086d00000, 0x0000000086e00000, 0x0000000086e00000|100%| O|  |TAMS 0x0000000086e00000, 0x0000000086d00000| Untracked 
| 110|0x0000000086e00000, 0x0000000086f00000, 0x0000000086f00000|100%| O|  |TAMS 0x0000000086f00000, 0x0000000086e00000| Untracked 
| 111|0x0000000086f00000, 0x0000000087000000, 0x0000000087000000|100%| O|  |TAMS 0x0000000087000000, 0x0000000086f00000| Complete 
| 112|0x0000000087000000, 0x0000000087100000, 0x0000000087100000|100%| O|  |TAMS 0x0000000087100000, 0x0000000087000000| Untracked 
| 113|0x0000000087100000, 0x0000000087200000, 0x0000000087200000|100%| O|  |TAMS 0x0000000087200000, 0x0000000087100000| Untracked 
| 114|0x0000000087200000, 0x0000000087300000, 0x0000000087300000|100%| O|  |TAMS 0x0000000087300000, 0x0000000087200000| Untracked 
| 115|0x0000000087300000, 0x0000000087400000, 0x0000000087400000|100%| O|  |TAMS 0x0000000087400000, 0x0000000087300000| Untracked 
| 116|0x0000000087400000, 0x0000000087500000, 0x0000000087500000|100%| O|  |TAMS 0x0000000087500000, 0x0000000087400000| Untracked 
| 117|0x0000000087500000, 0x0000000087600000, 0x0000000087600000|100%| O|  |TAMS 0x0000000087600000, 0x0000000087500000| Untracked 
| 118|0x0000000087600000, 0x0000000087700000, 0x0000000087700000|100%| O|  |TAMS 0x0000000087700000, 0x0000000087600000| Complete 
| 119|0x0000000087700000, 0x0000000087800000, 0x0000000087800000|100%| O|  |TAMS 0x0000000087800000, 0x0000000087700000| Complete 
| 120|0x0000000087800000, 0x0000000087900000, 0x0000000087900000|100%| O|  |TAMS 0x0000000087900000, 0x0000000087800000| Untracked 
| 121|0x0000000087900000, 0x0000000087a00000, 0x0000000087a00000|100%| O|  |TAMS 0x0000000087a00000, 0x0000000087900000| Untracked 
| 122|0x0000000087a00000, 0x0000000087b00000, 0x0000000087b00000|100%| O|  |TAMS 0x0000000087b00000, 0x0000000087a00000| Untracked 
| 123|0x0000000087b00000, 0x0000000087c00000, 0x0000000087c00000|100%| O|  |TAMS 0x0000000087c00000, 0x0000000087b00000| Complete 
| 124|0x0000000087c00000, 0x0000000087d00000, 0x0000000087d00000|100%| O|  |TAMS 0x0000000087d00000, 0x0000000087c00000| Complete 
| 125|0x0000000087d00000, 0x0000000087e00000, 0x0000000087e00000|100%| O|  |TAMS 0x0000000087e00000, 0x0000000087d00000| Untracked 
| 126|0x0000000087e00000, 0x0000000087f00000, 0x0000000087f00000|100%| O|  |TAMS 0x0000000087f00000, 0x0000000087e00000| Untracked 
| 127|0x0000000087f00000, 0x0000000088000000, 0x0000000088000000|100%| O|  |TAMS 0x0000000088000000, 0x0000000087f00000| Complete 
| 128|0x0000000088000000, 0x0000000088100000, 0x0000000088100000|100%| O|  |TAMS 0x0000000088100000, 0x0000000088000000| Untracked 
| 129|0x0000000088100000, 0x0000000088200000, 0x0000000088200000|100%| O|  |TAMS 0x0000000088200000, 0x0000000088100000| Untracked 
| 130|0x0000000088200000, 0x0000000088300000, 0x0000000088300000|100%| O|  |TAMS 0x0000000088300000, 0x0000000088200000| Untracked 
| 131|0x0000000088300000, 0x0000000088400000, 0x0000000088400000|100%| O|  |TAMS 0x0000000088400000, 0x0000000088300000| Untracked 
| 132|0x0000000088400000, 0x0000000088500000, 0x0000000088500000|100%| O|  |TAMS 0x0000000088500000, 0x0000000088400000| Untracked 
| 133|0x0000000088500000, 0x0000000088600000, 0x0000000088600000|100%| O|  |TAMS 0x0000000088600000, 0x0000000088500000| Untracked 
| 134|0x0000000088600000, 0x0000000088700000, 0x0000000088700000|100%| O|  |TAMS 0x0000000088700000, 0x0000000088600000| Complete 
| 135|0x0000000088700000, 0x0000000088800000, 0x0000000088800000|100%| O|  |TAMS 0x0000000088800000, 0x0000000088700000| Untracked 
| 136|0x0000000088800000, 0x0000000088900000, 0x0000000088900000|100%| O|  |TAMS 0x0000000088900000, 0x0000000088800000| Untracked 
| 137|0x0000000088900000, 0x0000000088a00000, 0x0000000088a00000|100%| O|  |TAMS 0x0000000088a00000, 0x0000000088900000| Untracked 
| 138|0x0000000088a00000, 0x0000000088b00000, 0x0000000088b00000|100%| O|  |TAMS 0x0000000088b00000, 0x0000000088a00000| Complete 
| 139|0x0000000088b00000, 0x0000000088c00000, 0x0000000088c00000|100%| O|  |TAMS 0x0000000088c00000, 0x0000000088b00000| Untracked 
| 140|0x0000000088c00000, 0x0000000088d00000, 0x0000000088d00000|100%| O|  |TAMS 0x0000000088d00000, 0x0000000088c00000| Untracked 
| 141|0x0000000088d00000, 0x0000000088e00000, 0x0000000088e00000|100%| O|  |TAMS 0x0000000088e00000, 0x0000000088d00000| Complete 
| 142|0x0000000088e00000, 0x0000000088f00000, 0x0000000088f00000|100%| O|  |TAMS 0x0000000088f00000, 0x0000000088e00000| Untracked 
| 143|0x0000000088f00000, 0x0000000089000000, 0x0000000089000000|100%| O|  |TAMS 0x0000000089000000, 0x0000000088f00000| Untracked 
| 144|0x0000000089000000, 0x0000000089100000, 0x0000000089100000|100%| O|  |TAMS 0x0000000089100000, 0x0000000089000000| Complete 
| 145|0x0000000089100000, 0x0000000089200000, 0x0000000089200000|100%| O|  |TAMS 0x0000000089200000, 0x0000000089100000| Untracked 
| 146|0x0000000089200000, 0x0000000089300000, 0x0000000089300000|100%| O|  |TAMS 0x0000000089300000, 0x0000000089200000| Complete 
| 147|0x0000000089300000, 0x0000000089400000, 0x0000000089400000|100%| O|  |TAMS 0x0000000089400000, 0x0000000089300000| Untracked 
| 148|0x0000000089400000, 0x0000000089500000, 0x0000000089500000|100%| O|  |TAMS 0x0000000089500000, 0x0000000089400000| Untracked 
| 149|0x0000000089500000, 0x0000000089600000, 0x0000000089600000|100%| O|  |TAMS 0x0000000089600000, 0x0000000089500000| Complete 
| 150|0x0000000089600000, 0x0000000089700000, 0x0000000089700000|100%| O|  |TAMS 0x0000000089700000, 0x0000000089600000| Complete 
| 151|0x0000000089700000, 0x0000000089714c00, 0x0000000089800000|  8%| O|  |TAMS 0x0000000089700000, 0x0000000089700000| Untracked 
| 152|0x0000000089800000, 0x0000000089900000, 0x0000000089900000|100%| O|  |TAMS 0x0000000089900000, 0x0000000089800000| Untracked 
| 153|0x0000000089900000, 0x0000000089a00000, 0x0000000089a00000|100%| O|  |TAMS 0x0000000089973600, 0x0000000089900000| Untracked 
| 154|0x0000000089a00000, 0x0000000089b00000, 0x0000000089b00000|100%|HS|  |TAMS 0x0000000089a00000, 0x0000000089a00000| Complete 
| 155|0x0000000089b00000, 0x0000000089c00000, 0x0000000089c00000|100%|HC|  |TAMS 0x0000000089b00000, 0x0000000089b00000| Complete 
| 156|0x0000000089c00000, 0x0000000089c00000, 0x0000000089d00000|  0%| F|  |TAMS 0x0000000089c00000, 0x0000000089c00000| Untracked 
| 157|0x0000000089d00000, 0x0000000089d00000, 0x0000000089e00000|  0%| F|  |TAMS 0x0000000089d00000, 0x0000000089d00000| Untracked 
| 158|0x0000000089e00000, 0x0000000089e00000, 0x0000000089f00000|  0%| F|  |TAMS 0x0000000089e00000, 0x0000000089e00000| Untracked 
| 159|0x0000000089f00000, 0x0000000089f00000, 0x000000008a000000|  0%| F|  |TAMS 0x0000000089f00000, 0x0000000089f00000| Untracked 
| 160|0x000000008a000000, 0x000000008a000000, 0x000000008a100000|  0%| F|  |TAMS 0x000000008a000000, 0x000000008a000000| Untracked 
| 161|0x000000008a100000, 0x000000008a100000, 0x000000008a200000|  0%| F|  |TAMS 0x000000008a100000, 0x000000008a100000| Untracked 
| 162|0x000000008a200000, 0x000000008a200000, 0x000000008a300000|  0%| F|  |TAMS 0x000000008a200000, 0x000000008a200000| Untracked 
| 163|0x000000008a300000, 0x000000008a300000, 0x000000008a400000|  0%| F|  |TAMS 0x000000008a300000, 0x000000008a300000| Untracked 
| 164|0x000000008a400000, 0x000000008a400000, 0x000000008a500000|  0%| F|  |TAMS 0x000000008a400000, 0x000000008a400000| Untracked 
| 165|0x000000008a500000, 0x000000008a500000, 0x000000008a600000|  0%| F|  |TAMS 0x000000008a500000, 0x000000008a500000| Untracked 
| 166|0x000000008a600000, 0x000000008a600000, 0x000000008a700000|  0%| F|  |TAMS 0x000000008a600000, 0x000000008a600000| Untracked 
| 167|0x000000008a700000, 0x000000008a700000, 0x000000008a800000|  0%| F|  |TAMS 0x000000008a700000, 0x000000008a700000| Untracked 
| 168|0x000000008a800000, 0x000000008a800000, 0x000000008a900000|  0%| F|  |TAMS 0x000000008a800000, 0x000000008a800000| Untracked 
| 169|0x000000008a900000, 0x000000008a900000, 0x000000008aa00000|  0%| F|  |TAMS 0x000000008a900000, 0x000000008a900000| Untracked 
| 170|0x000000008aa00000, 0x000000008aa00000, 0x000000008ab00000|  0%| F|  |TAMS 0x000000008aa00000, 0x000000008aa00000| Untracked 
| 171|0x000000008ab00000, 0x000000008ab00000, 0x000000008ac00000|  0%| F|  |TAMS 0x000000008ab00000, 0x000000008ab00000| Untracked 
| 172|0x000000008ac00000, 0x000000008ac00000, 0x000000008ad00000|  0%| F|  |TAMS 0x000000008ac00000, 0x000000008ac00000| Untracked 
| 173|0x000000008ad00000, 0x000000008ad00000, 0x000000008ae00000|  0%| F|  |TAMS 0x000000008ad00000, 0x000000008ad00000| Untracked 
| 174|0x000000008ae00000, 0x000000008ae00000, 0x000000008af00000|  0%| F|  |TAMS 0x000000008ae00000, 0x000000008ae00000| Untracked 
| 175|0x000000008af00000, 0x000000008af00000, 0x000000008b000000|  0%| F|  |TAMS 0x000000008af00000, 0x000000008af00000| Untracked 
| 176|0x000000008b000000, 0x000000008b000000, 0x000000008b100000|  0%| F|  |TAMS 0x000000008b000000, 0x000000008b000000| Untracked 
| 177|0x000000008b100000, 0x000000008b100000, 0x000000008b200000|  0%| F|  |TAMS 0x000000008b100000, 0x000000008b100000| Untracked 
| 178|0x000000008b200000, 0x000000008b200000, 0x000000008b300000|  0%| F|  |TAMS 0x000000008b200000, 0x000000008b200000| Untracked 
| 179|0x000000008b300000, 0x000000008b300000, 0x000000008b400000|  0%| F|  |TAMS 0x000000008b300000, 0x000000008b300000| Untracked 
| 180|0x000000008b400000, 0x000000008b400000, 0x000000008b500000|  0%| F|  |TAMS 0x000000008b400000, 0x000000008b400000| Untracked 
| 181|0x000000008b500000, 0x000000008b500000, 0x000000008b600000|  0%| F|  |TAMS 0x000000008b500000, 0x000000008b500000| Untracked 
| 182|0x000000008b600000, 0x000000008b600000, 0x000000008b700000|  0%| F|  |TAMS 0x000000008b600000, 0x000000008b600000| Untracked 
| 183|0x000000008b700000, 0x000000008b700000, 0x000000008b800000|  0%| F|  |TAMS 0x000000008b700000, 0x000000008b700000| Untracked 
| 184|0x000000008b800000, 0x000000008b800000, 0x000000008b900000|  0%| F|  |TAMS 0x000000008b800000, 0x000000008b800000| Untracked 
| 185|0x000000008b900000, 0x000000008b900000, 0x000000008ba00000|  0%| F|  |TAMS 0x000000008b900000, 0x000000008b900000| Untracked 
| 186|0x000000008ba00000, 0x000000008ba00000, 0x000000008bb00000|  0%| F|  |TAMS 0x000000008ba00000, 0x000000008ba00000| Untracked 
| 187|0x000000008bb00000, 0x000000008bb00000, 0x000000008bc00000|  0%| F|  |TAMS 0x000000008bb00000, 0x000000008bb00000| Untracked 
| 188|0x000000008bc00000, 0x000000008bc00000, 0x000000008bd00000|  0%| F|  |TAMS 0x000000008bc00000, 0x000000008bc00000| Untracked 
| 189|0x000000008bd00000, 0x000000008bd00000, 0x000000008be00000|  0%| F|  |TAMS 0x000000008bd00000, 0x000000008bd00000| Untracked 
| 190|0x000000008be00000, 0x000000008be00000, 0x000000008bf00000|  0%| F|  |TAMS 0x000000008be00000, 0x000000008be00000| Untracked 
| 191|0x000000008bf00000, 0x000000008bf00000, 0x000000008c000000|  0%| F|  |TAMS 0x000000008bf00000, 0x000000008bf00000| Untracked 
| 192|0x000000008c000000, 0x000000008c000000, 0x000000008c100000|  0%| F|  |TAMS 0x000000008c000000, 0x000000008c000000| Untracked 
| 193|0x000000008c100000, 0x000000008c100000, 0x000000008c200000|  0%| F|  |TAMS 0x000000008c100000, 0x000000008c100000| Untracked 
| 194|0x000000008c200000, 0x000000008c200000, 0x000000008c300000|  0%| F|  |TAMS 0x000000008c200000, 0x000000008c200000| Untracked 
| 195|0x000000008c300000, 0x000000008c400000, 0x000000008c400000|100%| S|CS|TAMS 0x000000008c300000, 0x000000008c300000| Complete 
| 196|0x000000008c400000, 0x000000008c500000, 0x000000008c500000|100%| S|CS|TAMS 0x000000008c400000, 0x000000008c400000| Complete 
| 197|0x000000008c500000, 0x000000008c600000, 0x000000008c600000|100%| S|CS|TAMS 0x000000008c500000, 0x000000008c500000| Complete 
| 198|0x000000008c600000, 0x000000008c600000, 0x000000008c700000|  0%| F|  |TAMS 0x000000008c600000, 0x000000008c600000| Untracked 
| 199|0x000000008c700000, 0x000000008c700000, 0x000000008c800000|  0%| F|  |TAMS 0x000000008c700000, 0x000000008c700000| Untracked 
| 200|0x000000008c800000, 0x000000008c800000, 0x000000008c900000|  0%| F|  |TAMS 0x000000008c800000, 0x000000008c800000| Untracked 
| 201|0x000000008c900000, 0x000000008c900000, 0x000000008ca00000|  0%| F|  |TAMS 0x000000008c900000, 0x000000008c900000| Untracked 
| 202|0x000000008ca00000, 0x000000008ca00000, 0x000000008cb00000|  0%| F|  |TAMS 0x000000008ca00000, 0x000000008ca00000| Untracked 
| 203|0x000000008cb00000, 0x000000008cb00000, 0x000000008cc00000|  0%| F|  |TAMS 0x000000008cb00000, 0x000000008cb00000| Untracked 
| 204|0x000000008cc00000, 0x000000008cc00000, 0x000000008cd00000|  0%| F|  |TAMS 0x000000008cc00000, 0x000000008cc00000| Untracked 
| 205|0x000000008cd00000, 0x000000008cd00000, 0x000000008ce00000|  0%| F|  |TAMS 0x000000008cd00000, 0x000000008cd00000| Untracked 
| 206|0x000000008ce00000, 0x000000008ce00000, 0x000000008cf00000|  0%| F|  |TAMS 0x000000008ce00000, 0x000000008ce00000| Untracked 
| 207|0x000000008cf00000, 0x000000008cf00000, 0x000000008d000000|  0%| F|  |TAMS 0x000000008cf00000, 0x000000008cf00000| Untracked 
| 208|0x000000008d000000, 0x000000008d000000, 0x000000008d100000|  0%| F|  |TAMS 0x000000008d000000, 0x000000008d000000| Untracked 
| 209|0x000000008d100000, 0x000000008d100000, 0x000000008d200000|  0%| F|  |TAMS 0x000000008d100000, 0x000000008d100000| Untracked 
| 210|0x000000008d200000, 0x000000008d200000, 0x000000008d300000|  0%| F|  |TAMS 0x000000008d200000, 0x000000008d200000| Untracked 
| 211|0x000000008d300000, 0x000000008d300000, 0x000000008d400000|  0%| F|  |TAMS 0x000000008d300000, 0x000000008d300000| Untracked 
| 212|0x000000008d400000, 0x000000008d400000, 0x000000008d500000|  0%| F|  |TAMS 0x000000008d400000, 0x000000008d400000| Untracked 
| 213|0x000000008d500000, 0x000000008d500000, 0x000000008d600000|  0%| F|  |TAMS 0x000000008d500000, 0x000000008d500000| Untracked 
| 214|0x000000008d600000, 0x000000008d600000, 0x000000008d700000|  0%| F|  |TAMS 0x000000008d600000, 0x000000008d600000| Untracked 
| 215|0x000000008d700000, 0x000000008d700000, 0x000000008d800000|  0%| F|  |TAMS 0x000000008d700000, 0x000000008d700000| Untracked 
| 216|0x000000008d800000, 0x000000008d800000, 0x000000008d900000|  0%| F|  |TAMS 0x000000008d800000, 0x000000008d800000| Untracked 
| 217|0x000000008d900000, 0x000000008d900000, 0x000000008da00000|  0%| F|  |TAMS 0x000000008d900000, 0x000000008d900000| Untracked 
| 218|0x000000008da00000, 0x000000008da00000, 0x000000008db00000|  0%| F|  |TAMS 0x000000008da00000, 0x000000008da00000| Untracked 
| 219|0x000000008db00000, 0x000000008dba27b0, 0x000000008dc00000| 63%| E|  |TAMS 0x000000008db00000, 0x000000008db00000| Complete 

Card table byte_map: [0x000002dcd1310000,0x000002dcd1710000] _byte_map_base: 0x000002dcd0f10000

Marking Bits (Prev, Next): (CMBitMap*) 0x000002dcbe148cf0, (CMBitMap*) 0x000002dcbe148cb8
 Prev Bits: [0x000002dcd3b10000, 0x000002dcd5b10000)
 Next Bits: [0x000002dcd1b10000, 0x000002dcd3b10000)

Polling page: 0x000002dcbc270000

Metaspace:

Usage:
  Non-class:     97.35 MB capacity,    95.17 MB ( 98%) used,     1.84 MB (  2%) free+waste,   349.06 KB ( <1%) overhead. 
      Class:     14.76 MB capacity,    13.61 MB ( 92%) used,     1.00 MB (  7%) free+waste,   158.88 KB (  1%) overhead. 
       Both:    112.11 MB capacity,   108.78 MB ( 97%) used,     2.84 MB (  3%) free+waste,   507.94 KB ( <1%) overhead. 

Virtual space:
  Non-class space:       98.00 MB reserved,      97.45 MB (>99%) committed 
      Class space:        1.00 GB reserved,      14.88 MB (  1%) committed 
             Both:        1.10 GB reserved,     112.32 MB ( 10%) committed 

Chunk freelists:
   Non-Class:  35.00 KB
       Class:  20.00 KB
        Both:  55.00 KB

MaxMetaspaceSize: 17179869184.00 GB
CompressedClassSpaceSize: 1.00 GB

CodeHeap 'non-profiled nmethods': size=120000Kb used=9745Kb max_used=9745Kb free=110254Kb
 bounds [0x000002dcc96b0000, 0x000002dcca040000, 0x000002dcd0be0000]
CodeHeap 'profiled nmethods': size=120000Kb used=37786Kb max_used=37786Kb free=82213Kb
 bounds [0x000002dcc2180000, 0x000002dcc4670000, 0x000002dcc96b0000]
CodeHeap 'non-nmethods': size=5760Kb used=2400Kb max_used=2431Kb free=3359Kb
 bounds [0x000002dcc1be0000, 0x000002dcc1e50000, 0x000002dcc2180000]
 total_blobs=17624 nmethods=16573 adapters=961
 compilation: enabled
              stopped_count=0, restarted_count=0
 full_count=0

Compilation events (20 events):
Event: 105.242 Thread 0x000002dcd8de2800 nmethod 16898 0x000002dcca02f010 code [0x000002dcca02f280, 0x000002dcca030330]
Event: 105.242 Thread 0x000002dcd8de2800 17005       4       org.apache.xerces.dom.ElementImpl::getDefaultAttributes (48 bytes)
Event: 105.244 Thread 0x000002dcd8de2800 nmethod 17005 0x000002dcca030b90 code [0x000002dcca030d20, 0x000002dcca030e18]
Event: 105.244 Thread 0x000002dcd8de2800 17004       4       sun.nio.fs.WindowsPathParser::parse (384 bytes)
Event: 105.302 Thread 0x000002dcd8de2800 nmethod 17004 0x000002dcca030f10 code [0x000002dcca0311a0, 0x000002dcca032d50]
Event: 105.302 Thread 0x000002dcd8de2800 17036       4       com.android.utils.XmlUtils::append (647 bytes)
Event: 105.317 Thread 0x000002dcd8de5000 17037       2       java.util.Formatter$Conversion::isInteger (48 bytes)
Event: 105.317 Thread 0x000002dcd8de5000 nmethod 17037 0x000002dcc4660890 code [0x000002dcc4660a40, 0x000002dcc4660b58]
Event: 105.353 Thread 0x000002dcd8de5000 17038       2       sun.util.locale.provider.CalendarDataUtility::findRegionOverride (109 bytes)
Event: 105.354 Thread 0x000002dcd8de5000 nmethod 17038 0x000002dcc4660c10 code [0x000002dcc4660ee0, 0x000002dcc46618d8]
Event: 105.355 Thread 0x000002dcd8de5000 17039       2       com.google.common.cache.LocalCache$Segment::drainRecencyQueue (45 bytes)
Event: 105.356 Thread 0x000002dcd8de5000 nmethod 17039 0x000002dcc4661f90 code [0x000002dcc4662180, 0x000002dcc4662448]
Event: 105.362 Thread 0x000002dcd8de5000 17040       1       com.android.resources.ResourceFolderType::getName (5 bytes)
Event: 105.362 Thread 0x000002dcd8de5000 nmethod 17040 0x000002dcca033c10 code [0x000002dcca033dc0, 0x000002dcca033e78]
Event: 105.363 Thread 0x000002dcd8de5000 17041       2       com.google.common.collect.AbstractMapBasedMultimap$WrappedCollection::iterator (13 bytes)
Event: 105.364 Thread 0x000002dcd8de5000 nmethod 17041 0x000002dcc4662590 code [0x000002dcc4662780, 0x000002dcc4662b28]
Event: 105.411 Thread 0x000002dcd8de5000 17042   !   2       java.io.File::mkdirs (67 bytes)
Event: 105.412 Thread 0x000002dcd8de5000 nmethod 17042 0x000002dcc4662c90 code [0x000002dcc4662f80, 0x000002dcc46638c8]
Event: 105.484 Thread 0x000002dcd8de5000 17045       1       com.android.ide.common.resources.MergeWriter::getRootFolder (5 bytes)
Event: 105.485 Thread 0x000002dcd8de5000 nmethod 17045 0x000002dcca033f10 code [0x000002dcca0340c0, 0x000002dcca034178]

GC Heap History (20 events):
Event: 103.617 GC heap before
{Heap before GC invocations=85 (full 0):
 garbage-first heap   total 187392K, used 161298K [0x0000000080000000, 0x0000000100000000)
  region size 1024K, 30 young (30720K), 5 survivors (5120K)
 Metaspace       used 107989K, capacity 111351K, committed 111564K, reserved 1146880K
  class space    used 13601K, capacity 14785K, committed 14848K, reserved 1048576K
}
Event: 103.625 GC heap after
{Heap after GC invocations=86 (full 0):
 garbage-first heap   total 187392K, used 141263K [0x0000000080000000, 0x0000000100000000)
  region size 1024K, 4 young (4096K), 4 survivors (4096K)
 Metaspace       used 107989K, capacity 111351K, committed 111564K, reserved 1146880K
  class space    used 13601K, capacity 14785K, committed 14848K, reserved 1048576K
}
Event: 103.674 GC heap before
{Heap before GC invocations=86 (full 0):
 garbage-first heap   total 187392K, used 146383K [0x0000000080000000, 0x0000000100000000)
  region size 1024K, 9 young (9216K), 4 survivors (4096K)
 Metaspace       used 107989K, capacity 111351K, committed 111564K, reserved 1146880K
  class space    used 13601K, capacity 14785K, committed 14848K, reserved 1048576K
}
Event: 103.680 GC heap after
{Heap after GC invocations=87 (full 0):
 garbage-first heap   total 187392K, used 143264K [0x0000000080000000, 0x0000000100000000)
  region size 1024K, 2 young (2048K), 2 survivors (2048K)
 Metaspace       used 107989K, capacity 111351K, committed 111564K, reserved 1146880K
  class space    used 13601K, capacity 14785K, committed 14848K, reserved 1048576K
}
Event: 103.822 GC heap before
{Heap before GC invocations=87 (full 0):
 garbage-first heap   total 187392K, used 156576K [0x0000000080000000, 0x0000000100000000)
  region size 1024K, 15 young (15360K), 2 survivors (2048K)
 Metaspace       used 108002K, capacity 111416K, committed 111564K, reserved 1146880K
  class space    used 13601K, capacity 14785K, committed 14848K, reserved 1048576K
}
Event: 103.827 GC heap after
{Heap after GC invocations=88 (full 0):
 garbage-first heap   total 187392K, used 147456K [0x0000000080000000, 0x0000000100000000)
  region size 1024K, 2 young (2048K), 2 survivors (2048K)
 Metaspace       used 108002K, capacity 111416K, committed 111564K, reserved 1146880K
  class space    used 13601K, capacity 14785K, committed 14848K, reserved 1048576K
}
Event: 104.015 GC heap before
{Heap before GC invocations=88 (full 0):
 garbage-first heap   total 187392K, used 158720K [0x0000000080000000, 0x0000000100000000)
  region size 1024K, 13 young (13312K), 2 survivors (2048K)
 Metaspace       used 108002K, capacity 111416K, committed 111564K, reserved 1146880K
  class space    used 13601K, capacity 14785K, committed 14848K, reserved 1048576K
}
Event: 104.022 GC heap after
{Heap after GC invocations=89 (full 0):
 garbage-first heap   total 187392K, used 149794K [0x0000000080000000, 0x0000000100000000)
  region size 1024K, 2 young (2048K), 2 survivors (2048K)
 Metaspace       used 108002K, capacity 111416K, committed 111564K, reserved 1146880K
  class space    used 13601K, capacity 14785K, committed 14848K, reserved 1048576K
}
Event: 104.203 GC heap before
{Heap before GC invocations=90 (full 0):
 garbage-first heap   total 187392K, used 159010K [0x0000000080000000, 0x0000000100000000)
  region size 1024K, 11 young (11264K), 2 survivors (2048K)
 Metaspace       used 108089K, capacity 111497K, committed 111564K, reserved 1146880K
  class space    used 13608K, capacity 14787K, committed 14848K, reserved 1048576K
}
Event: 104.207 GC heap after
{Heap after GC invocations=91 (full 0):
 garbage-first heap   total 187392K, used 150500K [0x0000000080000000, 0x0000000100000000)
  region size 1024K, 1 young (1024K), 1 survivors (1024K)
 Metaspace       used 108089K, capacity 111497K, committed 111564K, reserved 1146880K
  class space    used 13608K, capacity 14787K, committed 14848K, reserved 1048576K
}
Event: 104.544 GC heap before
{Heap before GC invocations=91 (full 0):
 garbage-first heap   total 187392K, used 158692K [0x0000000080000000, 0x0000000100000000)
  region size 1024K, 9 young (9216K), 1 survivors (1024K)
 Metaspace       used 108239K, capacity 111564K, committed 111820K, reserved 1146880K
  class space    used 13620K, capacity 14788K, committed 14848K, reserved 1048576K
}
Event: 104.550 GC heap after
{Heap after GC invocations=92 (full 0):
 garbage-first heap   total 187392K, used 151850K [0x0000000080000000, 0x0000000100000000)
  region size 1024K, 2 young (2048K), 2 survivors (2048K)
 Metaspace       used 108239K, capacity 111564K, committed 111820K, reserved 1146880K
  class space    used 13620K, capacity 14788K, committed 14848K, reserved 1048576K
}
Event: 104.678 GC heap before
{Heap before GC invocations=92 (full 0):
 garbage-first heap   total 187392K, used 160042K [0x0000000080000000, 0x0000000100000000)
  region size 1024K, 10 young (10240K), 2 survivors (2048K)
 Metaspace       used 108855K, capacity 112246K, committed 112332K, reserved 1146880K
  class space    used 13677K, capacity 14843K, committed 14848K, reserved 1048576K
}
Event: 104.680 GC heap after
{Heap after GC invocations=93 (full 0):
 garbage-first heap   total 187392K, used 152027K [0x0000000080000000, 0x0000000100000000)
  region size 1024K, 1 young (1024K), 1 survivors (1024K)
 Metaspace       used 108855K, capacity 112246K, committed 112332K, reserved 1146880K
  class space    used 13677K, capacity 14843K, committed 14848K, reserved 1048576K
}
Event: 104.779 GC heap before
{Heap before GC invocations=93 (full 0):
 garbage-first heap   total 187392K, used 160219K [0x0000000080000000, 0x0000000100000000)
  region size 1024K, 10 young (10240K), 1 survivors (1024K)
 Metaspace       used 110611K, capacity 114082K, committed 114380K, reserved 1148928K
  class space    used 13857K, capacity 15048K, committed 15104K, reserved 1048576K
}
Event: 104.783 GC heap after
{Heap after GC invocations=94 (full 0):
 garbage-first heap   total 187392K, used 156056K [0x0000000080000000, 0x0000000100000000)
  region size 1024K, 2 young (2048K), 2 survivors (2048K)
 Metaspace       used 110611K, capacity 114082K, committed 114380K, reserved 1148928K
  class space    used 13857K, capacity 15048K, committed 15104K, reserved 1048576K
}
Event: 104.807 GC heap before
{Heap before GC invocations=94 (full 0):
 garbage-first heap   total 187392K, used 158104K [0x0000000080000000, 0x0000000100000000)
  region size 1024K, 5 young (5120K), 2 survivors (2048K)
 Metaspace       used 110927K, capacity 114434K, committed 114636K, reserved 1148928K
  class space    used 13900K, capacity 15080K, committed 15104K, reserved 1048576K
}
Event: 104.812 GC heap after
{Heap after GC invocations=95 (full 0):
 garbage-first heap   total 187392K, used 157665K [0x0000000080000000, 0x0000000100000000)
  region size 1024K, 1 young (1024K), 1 survivors (1024K)
 Metaspace       used 110927K, capacity 114434K, committed 114636K, reserved 1148928K
  class space    used 13900K, capacity 15080K, committed 15104K, reserved 1048576K
}
Event: 104.983 GC heap before
{Heap before GC invocations=95 (full 0):
 garbage-first heap   total 187392K, used 172001K [0x0000000080000000, 0x0000000100000000)
  region size 1024K, 10 young (10240K), 1 survivors (1024K)
 Metaspace       used 111369K, capacity 114805K, committed 115020K, reserved 1148928K
  class space    used 13932K, capacity 15116K, committed 15232K, reserved 1048576K
}
Event: 104.987 GC heap after
{Heap after GC invocations=96 (full 0):
 garbage-first heap   total 225280K, used 159205K [0x0000000080000000, 0x0000000100000000)
  region size 1024K, 2 young (2048K), 2 survivors (2048K)
 Metaspace       used 111369K, capacity 114805K, committed 115020K, reserved 1148928K
  class space    used 13932K, capacity 15116K, committed 15232K, reserved 1048576K
}

Deoptimization events (20 events):
Event: 105.067 Thread 0x000002dcde68f000 DEOPT PACKING pc=0x000002dcc4614a44 sp=0x000000e2f41f93f0
Event: 105.067 Thread 0x000002dcde68f000 DEOPT UNPACKING pc=0x000002dcc1c076ce sp=0x000000e2f41f8990 mode 0
Event: 105.071 Thread 0x000002dcde68f000 DEOPT PACKING pc=0x000002dcc4614a44 sp=0x000000e2f41f93f0
Event: 105.071 Thread 0x000002dcde68f000 DEOPT UNPACKING pc=0x000002dcc1c076ce sp=0x000000e2f41f8990 mode 0
Event: 105.072 Thread 0x000002dcde68f000 DEOPT PACKING pc=0x000002dcc4614a44 sp=0x000000e2f41f93f0
Event: 105.072 Thread 0x000002dcde68f000 DEOPT UNPACKING pc=0x000002dcc1c076ce sp=0x000000e2f41f8990 mode 0
Event: 105.080 Thread 0x000002dcde68f000 DEOPT PACKING pc=0x000002dcc4614a44 sp=0x000000e2f41f93f0
Event: 105.080 Thread 0x000002dcde68f000 DEOPT UNPACKING pc=0x000002dcc1c076ce sp=0x000000e2f41f8990 mode 0
Event: 105.081 Thread 0x000002dcde68f000 DEOPT PACKING pc=0x000002dcc4614a44 sp=0x000000e2f41f93f0
Event: 105.081 Thread 0x000002dcde68f000 DEOPT UNPACKING pc=0x000002dcc1c076ce sp=0x000000e2f41f8990 mode 0
Event: 105.085 Thread 0x000002dcde68f000 DEOPT PACKING pc=0x000002dcc4614a44 sp=0x000000e2f41f93f0
Event: 105.085 Thread 0x000002dcde68f000 DEOPT UNPACKING pc=0x000002dcc1c076ce sp=0x000000e2f41f8990 mode 0
Event: 105.089 Thread 0x000002dcdc48e800 DEOPT PACKING pc=0x000002dcc4614a44 sp=0x000000e2f22fedd0
Event: 105.089 Thread 0x000002dcdc48e800 DEOPT UNPACKING pc=0x000002dcc1c076ce sp=0x000000e2f22fe370 mode 0
Event: 105.090 Thread 0x000002dcde68f000 DEOPT PACKING pc=0x000002dcc4614a44 sp=0x000000e2f41f93f0
Event: 105.090 Thread 0x000002dcde68f000 DEOPT UNPACKING pc=0x000002dcc1c076ce sp=0x000000e2f41f8990 mode 0
Event: 105.091 Thread 0x000002dcde68f000 DEOPT PACKING pc=0x000002dcc4614a44 sp=0x000000e2f41f93f0
Event: 105.091 Thread 0x000002dcde68f000 DEOPT UNPACKING pc=0x000002dcc1c076ce sp=0x000000e2f41f8990 mode 0
Event: 105.166 Thread 0x000002dcde68f000 DEOPT PACKING pc=0x000002dcc461695e sp=0x000000e2f41f9690
Event: 105.166 Thread 0x000002dcde68f000 DEOPT UNPACKING pc=0x000002dcc1c076ce sp=0x000000e2f41f8b28 mode 0

Classes redefined (0 events):
No events

Internal exceptions (20 events):
Event: 104.579 Thread 0x000002dcde68f000 Exception <a 'java/lang/NoSuchMethodError'{0x000000008b6e8328}: <clinit>> (0x000000008b6e8328) thrown at [./src/hotspot/share/prims/jni.cpp, line 1362]
Event: 104.580 Thread 0x000002dcde68f000 Exception <a 'java/lang/NoSuchMethodError'{0x000000008b6f8908}: <clinit>> (0x000000008b6f8908) thrown at [./src/hotspot/share/prims/jni.cpp, line 1362]
Event: 104.587 Thread 0x000002dcde68f000 Exception <a 'java/lang/NoSuchMethodError'{0x000000008b568870}: <clinit>> (0x000000008b568870) thrown at [./src/hotspot/share/prims/jni.cpp, line 1362]
Event: 104.588 Thread 0x000002dcde68f000 Exception <a 'java/lang/NoSuchMethodError'{0x000000008b56b438}: <clinit>> (0x000000008b56b438) thrown at [./src/hotspot/share/prims/jni.cpp, line 1362]
Event: 104.588 Thread 0x000002dcde68f000 Exception <a 'java/lang/NoSuchMethodError'{0x000000008b56fe18}: <clinit>> (0x000000008b56fe18) thrown at [./src/hotspot/share/prims/jni.cpp, line 1362]
Event: 104.588 Thread 0x000002dcde68f000 Exception <a 'java/lang/NoSuchMethodError'{0x000000008b57b5b8}: <clinit>> (0x000000008b57b5b8) thrown at [./src/hotspot/share/prims/jni.cpp, line 1362]
Event: 104.595 Thread 0x000002dcde68f000 Exception <a 'java/lang/NoSuchMethodError'{0x000000008b5c81b8}: <clinit>> (0x000000008b5c81b8) thrown at [./src/hotspot/share/prims/jni.cpp, line 1362]
Event: 104.598 Thread 0x000002dcde68f000 Exception <a 'java/lang/NoSuchMethodError'{0x000000008b5fe0b0}: <clinit>> (0x000000008b5fe0b0) thrown at [./src/hotspot/share/prims/jni.cpp, line 1362]
Event: 104.602 Thread 0x000002dcde68f000 Exception <a 'java/lang/NoSuchMethodError'{0x000000008b430758}: <clinit>> (0x000000008b430758) thrown at [./src/hotspot/share/prims/jni.cpp, line 1362]
Event: 104.602 Thread 0x000002dcde68f000 Exception <a 'java/lang/NoSuchMethodError'{0x000000008b433bc0}: <clinit>> (0x000000008b433bc0) thrown at [./src/hotspot/share/prims/jni.cpp, line 1362]
Event: 104.602 Thread 0x000002dcde68f000 Exception <a 'java/lang/NoSuchMethodError'{0x000000008b436830}: <clinit>> (0x000000008b436830) thrown at [./src/hotspot/share/prims/jni.cpp, line 1362]
Event: 104.603 Thread 0x000002dcde68f000 Exception <a 'java/lang/NoSuchMethodError'{0x000000008b44e840}: <clinit>> (0x000000008b44e840) thrown at [./src/hotspot/share/prims/jni.cpp, line 1362]
Event: 104.605 Thread 0x000002dcde68f000 Exception <a 'java/lang/NoSuchMethodError'{0x000000008b465dd8}: <clinit>> (0x000000008b465dd8) thrown at [./src/hotspot/share/prims/jni.cpp, line 1362]
Event: 104.607 Thread 0x000002dcde68f000 Exception <a 'java/lang/NoSuchMethodError'{0x000000008b487ad8}: <clinit>> (0x000000008b487ad8) thrown at [./src/hotspot/share/prims/jni.cpp, line 1362]
Event: 104.608 Thread 0x000002dcde68f000 Exception <a 'java/lang/NoSuchMethodError'{0x000000008b49a558}: <clinit>> (0x000000008b49a558) thrown at [./src/hotspot/share/prims/jni.cpp, line 1362]
Event: 104.650 Thread 0x000002dcde68f000 Exception <a 'java/lang/NoSuchMethodError'{0x000000008b1e04b0}: <clinit>> (0x000000008b1e04b0) thrown at [./src/hotspot/share/prims/jni.cpp, line 1362]
Event: 104.687 Thread 0x000002dcdc48c800 Exception <a 'java/lang/ClassNotFoundException'{0x000000008b612298}: sun/awt/resources/spi/awtProvider> (0x000000008b612298) thrown at [./src/hotspot/share/classfile/systemDictionary.cpp, line 231]
Event: 104.693 Thread 0x000002dcdc48c800 Exception <a 'java/io/FileNotFoundException'{0x000000008b534da8}> (0x000000008b534da8) thrown at [./src/hotspot/share/prims/jni.cpp, line 615]
Event: 104.694 Thread 0x000002dcdc48c800 Exception <a 'java/io/FileNotFoundException'{0x000000008b538d58}> (0x000000008b538d58) thrown at [./src/hotspot/share/prims/jni.cpp, line 615]
Event: 104.741 Thread 0x000002dcde68f000 Implicit null exception at 0x000002dcc9fe3af5 to 0x000002dcc9fe3f2c

Events (20 events):
Event: 104.856 loading class javax/imageio/metadata/IIOMetadata done
Event: 104.856 loading class com/sun/imageio/plugins/png/PNGMetadata done
Event: 104.857 loading class com/sun/imageio/plugins/png/ChunkStream
Event: 104.858 loading class com/sun/imageio/plugins/png/ChunkStream done
Event: 104.858 loading class com/sun/imageio/plugins/png/CRC
Event: 104.858 loading class com/sun/imageio/plugins/png/CRC done
Event: 104.860 loading class com/sun/imageio/plugins/png/IDATOutputStream
Event: 104.861 loading class com/sun/imageio/plugins/png/IDATOutputStream done
Event: 104.861 loading class java/awt/image/PixelInterleavedSampleModel
Event: 104.862 loading class java/awt/image/ComponentSampleModel
Event: 104.862 loading class java/awt/image/ComponentSampleModel done
Event: 104.862 loading class java/awt/image/PixelInterleavedSampleModel done
Event: 104.982 Executing VM operation: G1CollectForAllocation
Event: 104.982 Executing VM operation: G1CollectForAllocation done
Event: 104.983 Executing VM operation: G1CollectForAllocation
Event: 104.987 Executing VM operation: G1CollectForAllocation done
Event: 104.993 Executing VM operation: CGC_Operation
Event: 105.003 Executing VM operation: CGC_Operation done
Event: 105.078 Executing VM operation: CGC_Operation
Event: 105.079 Executing VM operation: CGC_Operation done


Dynamic libraries:
0x00007ff6b1920000 - 0x00007ff6b192a000 	C:\Program Files\Android\Android Studio3\jre\bin\java.exe
0x00007ffae8900000 - 0x00007ffae8b0f000 	C:\WINDOWS\SYSTEM32\ntdll.dll
0x00007ffae7cf0000 - 0x00007ffae7dad000 	C:\WINDOWS\System32\KERNEL32.DLL
0x00007ffae62a0000 - 0x00007ffae6626000 	C:\WINDOWS\System32\KERNELBASE.dll
0x00007ffae2ec0000 - 0x00007ffae2f52000 	C:\WINDOWS\SYSTEM32\apphelp.dll
0x00007ffae6030000 - 0x00007ffae6141000 	C:\WINDOWS\System32\ucrtbase.dll
0x00007ffade550000 - 0x00007ffade569000 	C:\Program Files\Android\Android Studio3\jre\bin\jli.dll
0x00007ffadd7a0000 - 0x00007ffadd7b7000 	C:\Program Files\Android\Android Studio3\jre\bin\VCRUNTIME140.dll
0x00007ffae72d0000 - 0x00007ffae747b000 	C:\WINDOWS\System32\USER32.dll
0x00007ffae6000000 - 0x00007ffae6026000 	C:\WINDOWS\System32\win32u.dll
0x00007ffad3740000 - 0x00007ffad39e1000 	C:\WINDOWS\WinSxS\amd64_microsoft.windows.common-controls_6595b64144ccf1df_6.0.22468.1000_none_266f4f372a53a5e7\COMCTL32.dll
0x00007ffae7bb0000 - 0x00007ffae7bd9000 	C:\WINDOWS\System32\GDI32.dll
0x00007ffae7580000 - 0x00007ffae7624000 	C:\WINDOWS\System32\msvcrt.dll
0x00007ffae5dd0000 - 0x00007ffae5ee7000 	C:\WINDOWS\System32\gdi32full.dll
0x00007ffae5f60000 - 0x00007ffae5ffb000 	C:\WINDOWS\System32\msvcp_win.dll
0x00007ffae7540000 - 0x00007ffae7571000 	C:\WINDOWS\System32\IMM32.DLL
0x00007ffad40a0000 - 0x00007ffad413d000 	C:\Program Files\Android\Android Studio3\jre\bin\msvcp140.dll
0x00007ffaa8630000 - 0x00007ffaa90ff000 	C:\Program Files\Android\Android Studio3\jre\bin\server\jvm.dll
0x00007ffae7810000 - 0x00007ffae78be000 	C:\WINDOWS\System32\ADVAPI32.dll
0x00007ffae7770000 - 0x00007ffae780f000 	C:\WINDOWS\System32\sechost.dll
0x00007ffae7a90000 - 0x00007ffae7bb0000 	C:\WINDOWS\System32\RPCRT4.dll
0x00007ffae7a50000 - 0x00007ffae7a58000 	C:\WINDOWS\System32\PSAPI.DLL
0x00007ffae3810000 - 0x00007ffae3819000 	C:\WINDOWS\SYSTEM32\WSOCK32.dll
0x00007ffae20c0000 - 0x00007ffae20ca000 	C:\WINDOWS\SYSTEM32\VERSION.dll
0x00007ffadaa40000 - 0x00007ffadaa73000 	C:\WINDOWS\SYSTEM32\WINMM.dll
0x00007ffae7be0000 - 0x00007ffae7c51000 	C:\WINDOWS\System32\WS2_32.dll
0x00007ffae4f90000 - 0x00007ffae4fa8000 	C:\WINDOWS\SYSTEM32\kernel.appcore.dll
0x00007ffae2ab0000 - 0x00007ffae2ac1000 	C:\Program Files\Android\Android Studio3\jre\bin\verify.dll
0x00007ffade2c0000 - 0x00007ffade4e7000 	C:\WINDOWS\SYSTEM32\DBGHELP.DLL
0x00007ffae6f50000 - 0x00007ffae72cc000 	C:\WINDOWS\System32\combase.dll
0x00007ffade280000 - 0x00007ffade2b1000 	C:\WINDOWS\SYSTEM32\dbgcore.DLL
0x00007ffae6150000 - 0x00007ffae61d1000 	C:\WINDOWS\System32\bcryptPrimitives.dll
0x00007ffae2960000 - 0x00007ffae2989000 	C:\Program Files\Android\Android Studio3\jre\bin\java.dll
0x00007ffae3800000 - 0x00007ffae380b000 	C:\Program Files\Android\Android Studio3\jre\bin\jimage.dll
0x00007ffae2940000 - 0x00007ffae2958000 	C:\Program Files\Android\Android Studio3\jre\bin\zip.dll
0x00007ffae67a0000 - 0x00007ffae6f4b000 	C:\WINDOWS\System32\SHELL32.dll
0x00007ffae3e30000 - 0x00007ffae468c000 	C:\WINDOWS\SYSTEM32\windows.storage.dll
0x00007ffae3cc0000 - 0x00007ffae3e28000 	C:\WINDOWS\SYSTEM32\wintypes.dll
0x00007ffae86e0000 - 0x00007ffae87d0000 	C:\WINDOWS\System32\SHCORE.dll
0x00007ffae7c90000 - 0x00007ffae7ceb000 	C:\WINDOWS\System32\shlwapi.dll
0x00007ffae5d00000 - 0x00007ffae5d21000 	C:\WINDOWS\SYSTEM32\profapi.dll
0x00007ffae2920000 - 0x00007ffae293a000 	C:\Program Files\Android\Android Studio3\jre\bin\net.dll
0x00007ffadf020000 - 0x00007ffadf130000 	C:\WINDOWS\SYSTEM32\WINHTTP.dll
0x00007ffae53e0000 - 0x00007ffae5449000 	C:\WINDOWS\system32\mswsock.dll
0x00007ffae2900000 - 0x00007ffae2914000 	C:\Program Files\Android\Android Studio3\jre\bin\nio.dll
0x00007ffadb580000 - 0x00007ffadb5a7000 	C:\Users\xpmkm\.gradle\native\8bec1ad78214c89d9ad589b4d07fe93259594b29d510b10fafb7a158f7737e5d\windows-amd64\native-platform.dll
0x00007ffac1cd0000 - 0x00007ffac1e0d000 	C:\Users\xpmkm\.gradle\native\53dbd7edfb1c66fb8903c78663c9afc45aea4f116125fa6feffd364cf09443e8\windows-amd64\native-platform-file-events.dll
0x00007ffae37e0000 - 0x00007ffae37ea000 	C:\Program Files\Android\Android Studio3\jre\bin\management.dll
0x00007ffae28b0000 - 0x00007ffae28bc000 	C:\Program Files\Android\Android Studio3\jre\bin\management_ext.dll
0x00007ffae5630000 - 0x00007ffae5648000 	C:\WINDOWS\SYSTEM32\CRYPTSP.dll
0x00007ffae4ef0000 - 0x00007ffae4f25000 	C:\WINDOWS\system32\rsaenh.dll
0x00007ffae54e0000 - 0x00007ffae5509000 	C:\WINDOWS\SYSTEM32\USERENV.dll
0x00007ffae57b0000 - 0x00007ffae57d8000 	C:\WINDOWS\SYSTEM32\bcrypt.dll
0x00007ffae5650000 - 0x00007ffae565c000 	C:\WINDOWS\SYSTEM32\CRYPTBASE.dll
0x00007ffae4970000 - 0x00007ffae499d000 	C:\WINDOWS\SYSTEM32\IPHLPAPI.DLL
0x00007ffae7a60000 - 0x00007ffae7a69000 	C:\WINDOWS\System32\NSI.dll
0x00007ffae3130000 - 0x00007ffae3149000 	C:\WINDOWS\SYSTEM32\dhcpcsvc6.DLL
0x00007ffae3110000 - 0x00007ffae312e000 	C:\WINDOWS\SYSTEM32\dhcpcsvc.DLL
0x00007ffae49a0000 - 0x00007ffae4a91000 	C:\WINDOWS\SYSTEM32\DNSAPI.dll
0x00007ffae26c0000 - 0x00007ffae26e7000 	C:\Program Files\Android\Android Studio3\jre\bin\sunec.dll
0x00007ffae3100000 - 0x00007ffae310a000 	C:\Windows\System32\rasadhlp.dll
0x00007ffadf160000 - 0x00007ffadf1e1000 	C:\WINDOWS\System32\fwpuclnt.dll
0x00007ffae48d0000 - 0x00007ffae4904000 	C:\WINDOWS\SYSTEM32\ntmarta.dll
0x00007ffabc4c0000 - 0x00007ffabc664000 	C:\Program Files\Android\Android Studio3\jre\bin\awt.dll
0x00007ffae83e0000 - 0x00007ffae84b7000 	C:\WINDOWS\System32\OLEAUT32.dll
0x00007ffae39b0000 - 0x00007ffae39e0000 	C:\WINDOWS\SYSTEM32\dwmapi.dll
0x00007ffae3520000 - 0x00007ffae35cb000 	C:\WINDOWS\system32\uxtheme.dll

dbghelp: loaded successfully - version: 4.0.5 - missing functions: none
symbol engine: initialized successfully - sym options: 0x614 - pdb path: .;C:\Program Files\Android\Android Studio3\jre\bin;C:\WINDOWS\SYSTEM32;C:\WINDOWS\WinSxS\amd64_microsoft.windows.common-controls_6595b64144ccf1df_6.0.22468.1000_none_266f4f372a53a5e7;C:\Program Files\Android\Android Studio3\jre\bin\server;C:\Users\xpmkm\.gradle\native\8bec1ad78214c89d9ad589b4d07fe93259594b29d510b10fafb7a158f7737e5d\windows-amd64;C:\Users\xpmkm\.gradle\native\53dbd7edfb1c66fb8903c78663c9afc45aea4f116125fa6feffd364cf09443e8\windows-amd64

VM Arguments:
jvm_args: --add-opens=java.base/java.util=ALL-UNNAMED --add-opens=java.base/java.lang=ALL-UNNAMED --add-opens=java.base/java.lang.invoke=ALL-UNNAMED --add-opens=java.base/java.util=ALL-UNNAMED --add-opens=java.prefs/java.util.prefs=ALL-UNNAMED --add-opens=java.prefs/java.util.prefs=ALL-UNNAMED --add-opens=java.base/java.nio.charset=ALL-UNNAMED --add-opens=java.base/java.net=ALL-UNNAMED --add-opens=java.base/java.util.concurrent.atomic=ALL-UNNAMED -Xmx2048m -Dfile.encoding=UTF-8 -Duser.country=IN -Duser.language=en -Duser.variant 
java_command: org.gradle.launcher.daemon.bootstrap.GradleDaemon 7.0.2
java_class_path (initial): C:\Users\xpmkm\.gradle\wrapper\dists\gradle-7.0.2-bin\857tjihv64xamwrf0h14cai3r\gradle-7.0.2\lib\gradle-launcher-7.0.2.jar
Launcher Type: SUN_STANDARD

[Global flags]
     intx CICompilerCount                          = 4                                         {product} {ergonomic}
     uint ConcGCThreads                            = 2                                         {product} {ergonomic}
     uint G1ConcRefinementThreads                  = 8                                         {product} {ergonomic}
   size_t G1HeapRegionSize                         = 1048576                                   {product} {ergonomic}
    uintx GCDrainStackTargetSize                   = 64                                        {product} {ergonomic}
   size_t InitialHeapSize                          = 132120576                                 {product} {ergonomic}
   size_t MarkStackSize                            = 4194304                                   {product} {ergonomic}
   size_t MaxHeapSize                              = 2147483648                                {product} {command line}
   size_t MaxNewSize                               = 1287651328                                {product} {ergonomic}
   size_t MinHeapDeltaBytes                        = 1048576                                   {product} {ergonomic}
    uintx NonNMethodCodeHeapSize                   = 5836300                                {pd product} {ergonomic}
    uintx NonProfiledCodeHeapSize                  = 122910970                              {pd product} {ergonomic}
    uintx ProfiledCodeHeapSize                     = 122910970                              {pd product} {ergonomic}
    uintx ReservedCodeCacheSize                    = 251658240                              {pd product} {ergonomic}
     bool SegmentedCodeCache                       = true                                      {product} {ergonomic}
     bool UseCompressedClassPointers               = true                                 {lp64_product} {ergonomic}
     bool UseCompressedOops                        = true                                 {lp64_product} {ergonomic}
     bool UseG1GC                                  = true                                      {product} {ergonomic}
     bool UseLargePagesIndividualAllocation        = false                                  {pd product} {ergonomic}

Logging:
Log output configuration:
 #0: stdout all=warning uptime,level,tags
 #1: stderr all=off uptime,level,tags

Environment Variables:
PATH=C:\Program Files (x86)\Common Files\Oracle\Java\javapath;C:\WINDOWS\system32;C:\WINDOWS;C:\WINDOWS\System32\Wbem;C:\WINDOWS\System32\WindowsPowerShell\v1.0\;C:\WINDOWS\System32\OpenSSH\;C:\Program Files\Git\cmd;C:\Program Files\nodejs\;C:\xampp\php;C:\ProgramData\ComposerSetup\bin;C:\Users\xpmkm\AppData\Local\Android\Sdk\platform-tools;C:\Program Files\Java\jdk1.8.0_231\bin;C:\Program Files\opnsl\bin;C:\Users\xpmkm\AppData\Roaming\npm;C:\Users\xpmkm\AppData\Local\Programs\Microsoft VS Code\bin;C:\Program Files\flutter\bin;C:\Users\xpmkm\AppData\Roaming\Composer\vendor\bin;C:\Users\xpmkm\AppData\Local\Microsoft\WindowsApps;
USERNAME=xpmkm
OS=Windows_NT
PROCESSOR_IDENTIFIER=AMD64 Family 23 Model 24 Stepping 1, AuthenticAMD



---------------  S Y S T E M  ---------------

OS: Windows 10 , 64 bit Build 22468 (10.0.22468.1000)
OS uptime: 5 days 17:28 hours

CPU:total 8 (initial active 8) (8 cores per cpu, 2 threads per core) family 23 model 24 stepping 1 microcode 0x0, cmov, cx8, fxsr, mmx, sse, sse2, sse3, ssse3, sse4.1, sse4.2, popcnt, avx, avx2, aes, clmul, mmxext, 3dnowpref, lzcnt, sse4a, ht, tsc, tscinvbit, tscinv, bmi1, bmi2, adx, s

Memory: 4k page, system-wide physical 8002M (235M free)
TotalPageFile size 12098M (AvailPageFile size 6M)
current process WorkingSet (physical memory assigned to process): 523M, peak: 523M
current process commit charge ("private bytes"): 567M, peak: 569M

vm_info: OpenJDK 64-Bit Server VM (11.0.10+0-b96-7249189) for windows-amd64 JRE (11.0.10+0-b96-7249189), built on Mar 31 2021 21:44:00 by "builder" with MS VC++ 14.0 (VS2015)

END.
