#
# There is insufficient memory for the Java Runtime Environment to continue.
# Native memory allocation (mmap) failed to map 178257920 bytes for Failed to commit area from 0x0000000090800000 to 0x000000009b200000 of length 178257920.
# Possible reasons:
#   The system is out of physical RAM or swap space
#   The process is running with CompressedOops enabled, and the Java Heap may be blocking the growth of the native heap
# Possible solutions:
#   Reduce memory load on the system
#   Increase physical memory or swap space
#   Check if swap backing store is full
#   Decrease Java heap size (-Xmx/-Xms)
#   Decrease number of Java threads
#   Decrease Java thread stack sizes (-Xss)
#   Set larger code cache with -XX:ReservedCodeCacheSize=
#   JVM is running with Unscaled Compressed Oops mode in which the Java heap is
#     placed in the first 4GB address space. The Java Heap base address is the
#     maximum limit for the native heap growth. Please use -XX:HeapBaseMinAddress
#     to set the Java Heap base and to place the Java Heap above 4GB virtual address.
# This output file may be truncated or incomplete.
#
#  Out of Memory Error (./src/hotspot/os/windows/os_windows.cpp:3301), pid=3940, tid=12492
#
# JRE version: OpenJDK Runtime Environment (11.0.10) (build 11.0.10+0-b96-7249189)
# Java VM: OpenJDK 64-Bit Server VM (11.0.10+0-b96-7249189, mixed mode, tiered, compressed oops, g1 gc, windows-amd64)
# No core dump will be written. Minidumps are not enabled by default on client versions of Windows
#

---------------  S U M M A R Y ------------

Command Line: --add-opens=java.base/java.util=ALL-UNNAMED --add-opens=java.base/java.lang=ALL-UNNAMED --add-opens=java.base/java.lang.invoke=ALL-UNNAMED --add-opens=java.base/java.util=ALL-UNNAMED --add-opens=java.prefs/java.util.prefs=ALL-UNNAMED --add-opens=java.prefs/java.util.prefs=ALL-UNNAMED --add-opens=java.base/java.nio.charset=ALL-UNNAMED --add-opens=java.base/java.net=ALL-UNNAMED --add-opens=java.base/java.util.concurrent.atomic=ALL-UNNAMED -Xmx2048m -Dfile.encoding=UTF-8 -Duser.country=IN -Duser.language=en -Duser.variant org.gradle.launcher.daemon.bootstrap.GradleDaemon 7.0.2

Host: AMD Ryzen 5 3550H with Radeon Vega Mobile Gfx  , 8 cores, 7G,  Windows 10 , 64 bit Build 22468 (10.0.22468.1000)
Time: Wed Oct  6 11:59:17 2021 India Standard Time elapsed time: 21.487728 seconds (0d 0h 0m 21s)

---------------  T H R E A D  ---------------

Current thread (0x000001eb80946000):  VMThread "VM Thread" [stack: 0x0000007b5d300000,0x0000007b5d400000] [id=12492]

Stack: [0x0000007b5d300000,0x0000007b5d400000]
[error occurred during error reporting (printing stack bounds), id 0xc0000005, EXCEPTION_ACCESS_VIOLATION (0xc0000005) at pc=0x000001ebe9f20f2d]

Native frames: (J=compiled Java code, j=interpreted, Vv=VM code, C=native code)
V  [jvm.dll+0x5ecfaa]
V  [jvm.dll+0x722bd5]
V  [jvm.dll+0x72412d]
V  [jvm.dll+0x724745]
V  [jvm.dll+0x7246fb]
V  [jvm.dll+0x5ec348]
V  [jvm.dll+0x5ecad8]
C  [ntdll.dll+0xa623f]
C  [ntdll.dll+0x65ea9]
C  [ntdll.dll+0xa522e]
C  0x000001ebe9f20f2d

VM_Operation (0x0000007b609f9ef0): G1CollectForAllocation, mode: safepoint, requested by thread 0x000001eb84dd0800


---------------  P R O C E S S  ---------------

Threads class SMR info:
_java_thread_list=0x000001eb8ab14ab0, length=51, elements={
0x000001ebe6445000, 0x000001eb8095b800, 0x000001eb8095f800, 0x000001eb80965000,
0x000001eb80966000, 0x000001eb811b4800, 0x000001eb811b5800, 0x000001eb811c4000,
0x000001eb811d0000, 0x000001eb81317000, 0x000001eb82611000, 0x000001eb816b6800,
0x000001eb833d8000, 0x000001eb831f6000, 0x000001eb83f1f000, 0x000001eb825ee800,
0x000001eb83913800, 0x000001eb83e4a000, 0x000001eb84756800, 0x000001eb83fbe800,
0x000001eb83fb9800, 0x000001eb83fbd800, 0x000001eb83fbf000, 0x000001eb83fc0000,
0x000001eb83fbd000, 0x000001eb83fba800, 0x000001eb83fbc000, 0x000001eb83fbb000,
0x000001eb84cc6000, 0x000001eb84cc5000, 0x000001eb84ccb800, 0x000001eb84cca800,
0x000001eb84ccc800, 0x000001eb84cc8800, 0x000001eb84cc9000, 0x000001eb84cca000,
0x000001eb84cc6800, 0x000001eb84ccd000, 0x000001eb84cd3800, 0x000001eb8421f000,
0x000001eb84ccf000, 0x000001eb84cd0800, 0x000001eb84ccf800, 0x000001eb84cd3000,
0x000001eb84cd2000, 0x000001eb84dd0800, 0x000001eb84dd4000, 0x000001eb84dd7000,
0x000001eb84dd4800, 0x000001eb84dd1800, 0x000001eb84dd5800
}

Java Threads: ( => current thread )
  0x000001ebe6445000 JavaThread "main" [_thread_blocked, id=5212, stack(0x0000007b5cd00000,0x0000007b5ce00000)]
  0x000001eb8095b800 JavaThread "Reference Handler" daemon [_thread_blocked, id=14180, stack(0x0000007b5d400000,0x0000007b5d500000)]
  0x000001eb8095f800 JavaThread "Finalizer" daemon [_thread_blocked, id=12068, stack(0x0000007b5d500000,0x0000007b5d600000)]
  0x000001eb80965000 JavaThread "Signal Dispatcher" daemon [_thread_blocked, id=8876, stack(0x0000007b5d600000,0x0000007b5d700000)]
  0x000001eb80966000 JavaThread "Attach Listener" daemon [_thread_blocked, id=9072, stack(0x0000007b5d700000,0x0000007b5d800000)]
  0x000001eb811b4800 JavaThread "Service Thread" daemon [_thread_blocked, id=14020, stack(0x0000007b5d800000,0x0000007b5d900000)]
  0x000001eb811b5800 JavaThread "C2 CompilerThread0" daemon [_thread_in_native, id=8188, stack(0x0000007b5d900000,0x0000007b5da00000)]
  0x000001eb811c4000 JavaThread "C1 CompilerThread0" daemon [_thread_blocked, id=8436, stack(0x0000007b5da00000,0x0000007b5db00000)]
  0x000001eb811d0000 JavaThread "Sweeper thread" daemon [_thread_blocked, id=3240, stack(0x0000007b5db00000,0x0000007b5dc00000)]
  0x000001eb81317000 JavaThread "Common-Cleaner" daemon [_thread_blocked, id=18076, stack(0x0000007b5dc00000,0x0000007b5dd00000)]
  0x000001eb82611000 JavaThread "Daemon health stats" [_thread_blocked, id=564, stack(0x0000007b5e200000,0x0000007b5e300000)]
  0x000001eb816b6800 JavaThread "Incoming local TCP Connector on port 61825" [_thread_in_native, id=5852, stack(0x0000007b5de00000,0x0000007b5df00000)]
  0x000001eb833d8000 JavaThread "Daemon periodic checks" [_thread_blocked, id=6184, stack(0x0000007b5e100000,0x0000007b5e200000)]
  0x000001eb831f6000 JavaThread "Daemon" [_thread_blocked, id=3912, stack(0x0000007b5e300000,0x0000007b5e400000)]
  0x000001eb83f1f000 JavaThread "Handler for socket connection from /127.0.0.1:61825 to /127.0.0.1:61826" [_thread_in_native, id=9596, stack(0x0000007b5e400000,0x0000007b5e500000)]
  0x000001eb825ee800 JavaThread "Cancel handler" [_thread_blocked, id=16484, stack(0x0000007b5e500000,0x0000007b5e600000)]
  0x000001eb83913800 JavaThread "Daemon worker" [_thread_blocked, id=1648, stack(0x0000007b5e600000,0x0000007b5e700000)]
  0x000001eb83e4a000 JavaThread "Asynchronous log dispatcher for DefaultDaemonConnection: socket connection from /127.0.0.1:61825 to /127.0.0.1:61826" [_thread_blocked, id=15468, stack(0x0000007b5e700000,0x0000007b5e800000)]
  0x000001eb84756800 JavaThread "Stdin handler" [_thread_blocked, id=7972, stack(0x0000007b5e800000,0x0000007b5e900000)]
  0x000001eb83fbe800 JavaThread "Daemon client event forwarder" [_thread_blocked, id=11460, stack(0x0000007b5e900000,0x0000007b5ea00000)]
  0x000001eb83fb9800 JavaThread "Cache worker for file hash cache (C:\Users\xpmkm\.gradle\caches\7.0.2\fileHashes)" [_thread_blocked, id=16012, stack(0x0000007b5ef00000,0x0000007b5f000000)]
  0x000001eb83fbd800 JavaThread "File lock request listener" [_thread_in_native, id=6916, stack(0x0000007b5f000000,0x0000007b5f100000)]
  0x000001eb83fbf000 JavaThread "Cache worker for journal cache (C:\Users\xpmkm\.gradle\caches\journal-1)" [_thread_blocked, id=17452, stack(0x0000007b5f200000,0x0000007b5f300000)]
  0x000001eb83fc0000 JavaThread "Cache worker for file hash cache (C:\Users\xpmkm\Desktop\update_code_vezilla-server\codecanyon-L2GSbXtH-dairy-products-grocery-daily-milk-delivery-mobile-app-with-subscription-customer-app-delivery\test-vezilla-android-workspace\.gradle\7.0.2\fileHashes)" [_thread_blocked, id=14060, stack(0x0000007b5f400000,0x0000007b5f500000)]
  0x000001eb83fbd000 JavaThread "File watcher server" daemon [_thread_in_native, id=14208, stack(0x0000007b5f500000,0x0000007b5f600000)]
  0x000001eb83fba800 JavaThread "File watcher consumer" daemon [_thread_blocked, id=14428, stack(0x0000007b5f600000,0x0000007b5f700000)]
  0x000001eb83fbc000 JavaThread "jar transforms" [_thread_blocked, id=5300, stack(0x0000007b5f700000,0x0000007b5f800000)]
  0x000001eb83fbb000 JavaThread "jar transforms Thread 2" [_thread_blocked, id=16456, stack(0x0000007b5f800000,0x0000007b5f900000)]
  0x000001eb84cc6000 JavaThread "jar transforms Thread 3" [_thread_blocked, id=7180, stack(0x0000007b5f900000,0x0000007b5fa00000)]
  0x000001eb84cc5000 JavaThread "jar transforms Thread 4" [_thread_blocked, id=15896, stack(0x0000007b5fa00000,0x0000007b5fb00000)]
  0x000001eb84ccb800 JavaThread "jar transforms Thread 5" [_thread_blocked, id=8984, stack(0x0000007b5fb00000,0x0000007b5fc00000)]
  0x000001eb84cca800 JavaThread "jar transforms Thread 6" [_thread_blocked, id=10892, stack(0x0000007b5fc00000,0x0000007b5fd00000)]
  0x000001eb84ccc800 JavaThread "jar transforms Thread 7" [_thread_blocked, id=6944, stack(0x0000007b5fd00000,0x0000007b5fe00000)]
  0x000001eb84cc8800 JavaThread "jar transforms Thread 8" [_thread_blocked, id=1192, stack(0x0000007b5fe00000,0x0000007b5ff00000)]
  0x000001eb84cc9000 JavaThread "Cache worker for checksums cache (C:\Users\xpmkm\Desktop\update_code_vezilla-server\codecanyon-L2GSbXtH-dairy-products-grocery-daily-milk-delivery-mobile-app-with-subscription-customer-app-delivery\test-vezilla-android-workspace\.gradle\checksums)" [_thread_blocked, id=10132, stack(0x0000007b60000000,0x0000007b60100000)]
  0x000001eb84cca000 JavaThread "Cache worker for cache directory md-supplier (C:\Users\xpmkm\.gradle\caches\7.0.2\md-supplier)" [_thread_blocked, id=7672, stack(0x0000007b60100000,0x0000007b60200000)]
  0x000001eb84cc6800 JavaThread "Cache worker for cache directory md-rule (C:\Users\xpmkm\.gradle\caches\7.0.2\md-rule)" [_thread_blocked, id=18212, stack(0x0000007b60200000,0x0000007b60300000)]
  0x000001eb84ccd000 JavaThread "Cache worker for execution history cache (C:\Users\xpmkm\.gradle\caches\7.0.2\executionHistory)" [_thread_blocked, id=14420, stack(0x0000007b60300000,0x0000007b60400000)]
  0x000001eb84cd3800 JavaThread "Cache worker for file content cache (C:\Users\xpmkm\.gradle\caches\7.0.2\fileContent)" [_thread_blocked, id=11824, stack(0x0000007b5ff00000,0x0000007b60000000)]
  0x000001eb8421f000 JavaThread "C2 CompilerThread1" daemon [_thread_in_native, id=7384, stack(0x0000007b5f300000,0x0000007b5f400000)]
  0x000001eb84ccf000 JavaThread "Cache worker for dependencies-accessors (C:\Users\xpmkm\Desktop\update_code_vezilla-server\codecanyon-L2GSbXtH-dairy-products-grocery-daily-milk-delivery-mobile-app-with-subscription-customer-app-delivery\test-vezilla-android-workspace\.gradle\7.0.2\dependencies-accessors)" [_thread_blocked, id=15396, stack(0x0000007b60400000,0x0000007b60500000)]
  0x000001eb84cd0800 JavaThread "Cache worker for Build Output Cleanup Cache (C:\Users\xpmkm\Desktop\update_code_vezilla-server\codecanyon-L2GSbXtH-dairy-products-grocery-daily-milk-delivery-mobile-app-with-subscription-customer-app-delivery\test-vezilla-android-workspace\.gradle\buildOutputCleanup)" [_thread_blocked, id=17876, stack(0x0000007b60500000,0x0000007b60600000)]
  0x000001eb84ccf800 JavaThread "Build operations" [_thread_blocked, id=8676, stack(0x0000007b60600000,0x0000007b60700000)]
  0x000001eb84cd3000 JavaThread "Build operations Thread 2" [_thread_blocked, id=13848, stack(0x0000007b60700000,0x0000007b60800000)]
  0x000001eb84cd2000 JavaThread "Build operations Thread 3" [_thread_blocked, id=2144, stack(0x0000007b60800000,0x0000007b60900000)]
  0x000001eb84dd0800 JavaThread "Build operations Thread 4" [_thread_blocked, id=2384, stack(0x0000007b60900000,0x0000007b60a00000)]
  0x000001eb84dd4000 JavaThread "Build operations Thread 5" [_thread_blocked, id=12548, stack(0x0000007b60a00000,0x0000007b60b00000)]
  0x000001eb84dd7000 JavaThread "Build operations Thread 6" [_thread_blocked, id=14080, stack(0x0000007b60b00000,0x0000007b60c00000)]
  0x000001eb84dd4800 JavaThread "Build operations Thread 7" [_thread_blocked, id=17748, stack(0x0000007b60c00000,0x0000007b60d00000)]
  0x000001eb84dd1800 JavaThread "Build operations Thread 8" [_thread_blocked, id=16460, stack(0x0000007b60d00000,0x0000007b60e00000)]
  0x000001eb84dd5800 JavaThread "Memory manager" [_thread_blocked, id=15484, stack(0x0000007b60e00000,0x0000007b60f00000)]

Other Threads:
=>0x000001eb80946000 VMThread "VM Thread" [stack: 0x0000007b5d300000,0x0000007b5d400000] [id=12492]
  0x000001eb8133d000 WatcherThread [stack: 0x0000007b5dd00000,0x0000007b5de00000] [id=12128]
  0x000001ebe645e000 GCTaskThread "GC Thread#0" [stack: 0x0000007b5ce00000,0x0000007b5cf00000] [id=6668]
  0x000001eb81744800 GCTaskThread "GC Thread#1" [stack: 0x0000007b5df00000,0x0000007b5e000000] [id=18392]
  0x000001eb816f1800 GCTaskThread "GC Thread#2" [stack: 0x0000007b5e000000,0x0000007b5e100000] [id=1876]
  0x000001eb83cd3800 GCTaskThread "GC Thread#3" [stack: 0x0000007b5ea00000,0x0000007b5eb00000] [id=5888]
  0x000001eb83761000 GCTaskThread "GC Thread#4" [stack: 0x0000007b5eb00000,0x0000007b5ec00000] [id=6824]
  0x000001eb83761800 GCTaskThread "GC Thread#5" [stack: 0x0000007b5ec00000,0x0000007b5ed00000] [id=11192]
  0x000001eb83b81000 GCTaskThread "GC Thread#6" [stack: 0x0000007b5ed00000,0x0000007b5ee00000] [id=18188]
  0x000001eb83b81800 GCTaskThread "GC Thread#7" [stack: 0x0000007b5ee00000,0x0000007b5ef00000] [id=6148]
  0x000001ebe6491800 ConcurrentGCThread "G1 Main Marker" [stack: 0x0000007b5cf00000,0x0000007b5d000000] [id=18088]
  0x000001ebe6492800 ConcurrentGCThread "G1 Conc#0" [stack: 0x0000007b5d000000,0x0000007b5d100000] [id=10716]
  0x000001eb83b69000 ConcurrentGCThread "G1 Conc#1" [stack: 0x0000007b5f100000,0x0000007b5f200000] [id=6848]
  0x000001ebe650d800 ConcurrentGCThread "G1 Refine#0" [stack: 0x0000007b5d100000,0x0000007b5d200000] [id=17540]
  0x000001eb80796800 ConcurrentGCThread "G1 Young RemSet Sampling" [stack: 0x0000007b5d200000,0x0000007b5d300000] [id=17792]

Threads with active compile tasks:
C2 CompilerThread0  21502 11645       4       org.objectweb.asm.commons.MethodRemapper::remapFrameTypes (78 bytes)
C2 CompilerThread1  21502 11590       4       org.objectweb.asm.MethodWriter::visitFrame (787 bytes)

VM state:at safepoint (normal execution)

VM Mutex/Monitor currently owned by a thread:  ([mutex/lock_event])
[0x000001ebe6441960] Threads_lock - owner thread: 0x000001eb80946000
[0x000001ebe6441c30] Heap_lock - owner thread: 0x000001eb84dd0800

Heap address: 0x0000000080000000, size: 2048 MB, Compressed Oops mode: 32-bit
Narrow klass base: 0x0000000000000000, Narrow klass shift: 3
Compressed class space size: 1073741824 Address: 0x0000000100000000

Heap:
 garbage-first heap   total 444416K, used 145968K [0x0000000080000000, 0x0000000100000000)
  region size 1024K, 7 young (7168K), 7 survivors (7168K)
 Metaspace       used 89816K, capacity 92596K, committed 93568K, reserved 1130496K
  class space    used 11417K, capacity 12350K, committed 12672K, reserved 1048576K
Heap Regions: E=young(eden), S=young(survivor), O=old, HS=humongous(starts), HC=humongous(continues), CS=collection set, F=free, A=archive, TAMS=top-at-mark-start (previous, next)
|   0|0x0000000080000000, 0x0000000080100000, 0x0000000080100000|100%| O|  |TAMS 0x0000000080100000, 0x0000000080100000| Untracked 
|   1|0x0000000080100000, 0x0000000080200000, 0x0000000080200000|100%| O|  |TAMS 0x0000000080200000, 0x0000000080200000| Untracked 
|   2|0x0000000080200000, 0x0000000080300000, 0x0000000080300000|100%| O|  |TAMS 0x0000000080300000, 0x0000000080300000| Untracked 
|   3|0x0000000080300000, 0x0000000080400000, 0x0000000080400000|100%|HS|  |TAMS 0x0000000080400000, 0x0000000080400000| Complete 
|   4|0x0000000080400000, 0x0000000080500000, 0x0000000080500000|100%|HC|  |TAMS 0x0000000080500000, 0x0000000080500000| Complete 
|   5|0x0000000080500000, 0x0000000080600000, 0x0000000080600000|100%|HC|  |TAMS 0x0000000080600000, 0x0000000080600000| Complete 
|   6|0x0000000080600000, 0x0000000080700000, 0x0000000080700000|100%| O|  |TAMS 0x0000000080700000, 0x0000000080700000| Untracked 
|   7|0x0000000080700000, 0x0000000080800000, 0x0000000080800000|100%| O|  |TAMS 0x0000000080800000, 0x0000000080800000| Untracked 
|   8|0x0000000080800000, 0x0000000080900000, 0x0000000080900000|100%| O|  |TAMS 0x0000000080900000, 0x0000000080900000| Untracked 
|   9|0x0000000080900000, 0x0000000080a00000, 0x0000000080a00000|100%| O|  |TAMS 0x0000000080a00000, 0x0000000080a00000| Untracked 
|  10|0x0000000080a00000, 0x0000000080b00000, 0x0000000080b00000|100%| O|  |TAMS 0x0000000080b00000, 0x0000000080b00000| Untracked 
|  11|0x0000000080b00000, 0x0000000080c00000, 0x0000000080c00000|100%| O|  |TAMS 0x0000000080c00000, 0x0000000080c00000| Untracked 
|  12|0x0000000080c00000, 0x0000000080d00000, 0x0000000080d00000|100%| O|  |TAMS 0x0000000080d00000, 0x0000000080d00000| Untracked 
|  13|0x0000000080d00000, 0x0000000080e00000, 0x0000000080e00000|100%| O|  |TAMS 0x0000000080e00000, 0x0000000080e00000| Untracked 
|  14|0x0000000080e00000, 0x0000000080f00000, 0x0000000080f00000|100%| O|  |TAMS 0x0000000080f00000, 0x0000000080f00000| Untracked 
|  15|0x0000000080f00000, 0x0000000081000000, 0x0000000081000000|100%| O|  |TAMS 0x0000000081000000, 0x0000000081000000| Untracked 
|  16|0x0000000081000000, 0x0000000081100000, 0x0000000081100000|100%| O|  |TAMS 0x0000000081100000, 0x0000000081100000| Untracked 
|  17|0x0000000081100000, 0x0000000081200000, 0x0000000081200000|100%|HS|  |TAMS 0x0000000081200000, 0x0000000081200000| Complete 
|  18|0x0000000081200000, 0x0000000081300000, 0x0000000081300000|100%|HC|  |TAMS 0x0000000081300000, 0x0000000081300000| Complete 
|  19|0x0000000081300000, 0x0000000081400000, 0x0000000081400000|100%|HS|  |TAMS 0x0000000081400000, 0x0000000081400000| Complete 
|  20|0x0000000081400000, 0x0000000081500000, 0x0000000081500000|100%|HC|  |TAMS 0x0000000081500000, 0x0000000081500000| Complete 
|  21|0x0000000081500000, 0x0000000081600000, 0x0000000081600000|100%|HC|  |TAMS 0x0000000081600000, 0x0000000081600000| Complete 
|  22|0x0000000081600000, 0x0000000081700000, 0x0000000081700000|100%|HS|  |TAMS 0x0000000081700000, 0x0000000081700000| Complete 
|  23|0x0000000081700000, 0x0000000081800000, 0x0000000081800000|100%|HC|  |TAMS 0x0000000081800000, 0x0000000081800000| Complete 
|  24|0x0000000081800000, 0x0000000081900000, 0x0000000081900000|100%|HC|  |TAMS 0x0000000081900000, 0x0000000081900000| Complete 
|  25|0x0000000081900000, 0x0000000081a00000, 0x0000000081a00000|100%|HC|  |TAMS 0x0000000081a00000, 0x0000000081a00000| Complete 
|  26|0x0000000081a00000, 0x0000000081b00000, 0x0000000081b00000|100%|HC|  |TAMS 0x0000000081b00000, 0x0000000081b00000| Complete 
|  27|0x0000000081b00000, 0x0000000081c00000, 0x0000000081c00000|100%| O|  |TAMS 0x0000000081c00000, 0x0000000081c00000| Untracked 
|  28|0x0000000081c00000, 0x0000000081d00000, 0x0000000081d00000|100%| O|  |TAMS 0x0000000081d00000, 0x0000000081d00000| Untracked 
|  29|0x0000000081d00000, 0x0000000081e00000, 0x0000000081e00000|100%| O|  |TAMS 0x0000000081e00000, 0x0000000081e00000| Untracked 
|  30|0x0000000081e00000, 0x0000000081f00000, 0x0000000081f00000|100%| O|  |TAMS 0x0000000081f00000, 0x0000000081f00000| Untracked 
|  31|0x0000000081f00000, 0x0000000082000000, 0x0000000082000000|100%| O|  |TAMS 0x0000000082000000, 0x0000000082000000| Untracked 
|  32|0x0000000082000000, 0x0000000082100000, 0x0000000082100000|100%| O|  |TAMS 0x0000000082100000, 0x0000000082100000| Untracked 
|  33|0x0000000082100000, 0x0000000082200000, 0x0000000082200000|100%|HS|  |TAMS 0x0000000082200000, 0x0000000082200000| Complete 
|  34|0x0000000082200000, 0x0000000082300000, 0x0000000082300000|100%|HC|  |TAMS 0x0000000082300000, 0x0000000082300000| Complete 
|  35|0x0000000082300000, 0x0000000082400000, 0x0000000082400000|100%|HC|  |TAMS 0x0000000082400000, 0x0000000082400000| Complete 
|  36|0x0000000082400000, 0x0000000082500000, 0x0000000082500000|100%|HC|  |TAMS 0x0000000082500000, 0x0000000082500000| Complete 
|  37|0x0000000082500000, 0x0000000082600000, 0x0000000082600000|100%|HC|  |TAMS 0x0000000082600000, 0x0000000082600000| Complete 
|  38|0x0000000082600000, 0x0000000082700000, 0x0000000082700000|100%|HS|  |TAMS 0x0000000082700000, 0x0000000082700000| Complete 
|  39|0x0000000082700000, 0x0000000082800000, 0x0000000082800000|100%|HC|  |TAMS 0x0000000082800000, 0x0000000082800000| Complete 
|  40|0x0000000082800000, 0x0000000082900000, 0x0000000082900000|100%|HC|  |TAMS 0x0000000082900000, 0x0000000082900000| Complete 
|  41|0x0000000082900000, 0x0000000082a00000, 0x0000000082a00000|100%| O|  |TAMS 0x0000000082a00000, 0x0000000082a00000| Untracked 
|  42|0x0000000082a00000, 0x0000000082b00000, 0x0000000082b00000|100%| O|  |TAMS 0x0000000082b00000, 0x0000000082b00000| Untracked 
|  43|0x0000000082b00000, 0x0000000082c00000, 0x0000000082c00000|100%| O|  |TAMS 0x0000000082c00000, 0x0000000082c00000| Untracked 
|  44|0x0000000082c00000, 0x0000000082d00000, 0x0000000082d00000|100%|HS|  |TAMS 0x0000000082d00000, 0x0000000082d00000| Complete 
|  45|0x0000000082d00000, 0x0000000082e00000, 0x0000000082e00000|100%| O|  |TAMS 0x0000000082e00000, 0x0000000082e00000| Untracked 
|  46|0x0000000082e00000, 0x0000000082f00000, 0x0000000082f00000|100%| O|  |TAMS 0x0000000082f00000, 0x0000000082f00000| Untracked 
|  47|0x0000000082f00000, 0x0000000083000000, 0x0000000083000000|100%| O|  |TAMS 0x0000000083000000, 0x0000000083000000| Untracked 
|  48|0x0000000083000000, 0x0000000083100000, 0x0000000083100000|100%| O|  |TAMS 0x0000000083100000, 0x0000000083100000| Untracked 
|  49|0x0000000083100000, 0x0000000083200000, 0x0000000083200000|100%| O|  |TAMS 0x0000000083200000, 0x0000000083200000| Untracked 
|  50|0x0000000083200000, 0x0000000083300000, 0x0000000083300000|100%| O|  |TAMS 0x0000000083300000, 0x0000000083300000| Untracked 
|  51|0x0000000083300000, 0x0000000083400000, 0x0000000083400000|100%| O|  |TAMS 0x0000000083400000, 0x0000000083400000| Untracked 
|  52|0x0000000083400000, 0x0000000083500000, 0x0000000083500000|100%|HS|  |TAMS 0x0000000083500000, 0x0000000083500000| Complete 
|  53|0x0000000083500000, 0x0000000083600000, 0x0000000083600000|100%| O|  |TAMS 0x0000000083600000, 0x0000000083600000| Untracked 
|  54|0x0000000083600000, 0x0000000083700000, 0x0000000083700000|100%| O|  |TAMS 0x0000000083700000, 0x0000000083700000| Untracked 
|  55|0x0000000083700000, 0x0000000083800000, 0x0000000083800000|100%| O|  |TAMS 0x0000000083800000, 0x0000000083800000| Untracked 
|  56|0x0000000083800000, 0x0000000083900000, 0x0000000083900000|100%| O|  |TAMS 0x0000000083900000, 0x0000000083900000| Untracked 
|  57|0x0000000083900000, 0x0000000083a00000, 0x0000000083a00000|100%| O|  |TAMS 0x0000000083a00000, 0x0000000083a00000| Untracked 
|  58|0x0000000083a00000, 0x0000000083b00000, 0x0000000083b00000|100%| O|  |TAMS 0x0000000083b00000, 0x0000000083b00000| Untracked 
|  59|0x0000000083b00000, 0x0000000083c00000, 0x0000000083c00000|100%| O|  |TAMS 0x0000000083c00000, 0x0000000083c00000| Untracked 
|  60|0x0000000083c00000, 0x0000000083d00000, 0x0000000083d00000|100%| O|  |TAMS 0x0000000083d00000, 0x0000000083d00000| Untracked 
|  61|0x0000000083d00000, 0x0000000083e00000, 0x0000000083e00000|100%| O|  |TAMS 0x0000000083e00000, 0x0000000083e00000| Untracked 
|  62|0x0000000083e00000, 0x0000000083f00000, 0x0000000083f00000|100%|HS|  |TAMS 0x0000000083f00000, 0x0000000083f00000| Complete 
|  63|0x0000000083f00000, 0x0000000084000000, 0x0000000084000000|100%|HC|  |TAMS 0x0000000084000000, 0x0000000084000000| Complete 
|  64|0x0000000084000000, 0x0000000084100000, 0x0000000084100000|100%| O|  |TAMS 0x0000000084100000, 0x0000000084100000| Untracked 
|  65|0x0000000084100000, 0x0000000084200000, 0x0000000084200000|100%| O|  |TAMS 0x0000000084200000, 0x0000000084200000| Untracked 
|  66|0x0000000084200000, 0x0000000084300000, 0x0000000084300000|100%| O|  |TAMS 0x0000000084300000, 0x0000000084300000| Untracked 
|  67|0x0000000084300000, 0x0000000084400000, 0x0000000084400000|100%| O|  |TAMS 0x0000000084400000, 0x0000000084400000| Untracked 
|  68|0x0000000084400000, 0x0000000084500000, 0x0000000084500000|100%| O|  |TAMS 0x0000000084500000, 0x0000000084500000| Untracked 
|  69|0x0000000084500000, 0x0000000084600000, 0x0000000084600000|100%| O|  |TAMS 0x0000000084600000, 0x0000000084600000| Untracked 
|  70|0x0000000084600000, 0x0000000084700000, 0x0000000084700000|100%| O|  |TAMS 0x0000000084700000, 0x0000000084700000| Untracked 
|  71|0x0000000084700000, 0x0000000084800000, 0x0000000084800000|100%| O|  |TAMS 0x0000000084800000, 0x0000000084800000| Untracked 
|  72|0x0000000084800000, 0x0000000084900000, 0x0000000084900000|100%| O|  |TAMS 0x0000000084900000, 0x0000000084900000| Untracked 
|  73|0x0000000084900000, 0x0000000084a00000, 0x0000000084a00000|100%| O|  |TAMS 0x0000000084a00000, 0x0000000084a00000| Untracked 
|  74|0x0000000084a00000, 0x0000000084b00000, 0x0000000084b00000|100%| O|  |TAMS 0x0000000084b00000, 0x0000000084b00000| Untracked 
|  75|0x0000000084b00000, 0x0000000084c00000, 0x0000000084c00000|100%| O|  |TAMS 0x0000000084c00000, 0x0000000084c00000| Untracked 
|  76|0x0000000084c00000, 0x0000000084d00000, 0x0000000084d00000|100%| O|  |TAMS 0x0000000084d00000, 0x0000000084d00000| Untracked 
|  77|0x0000000084d00000, 0x0000000084e00000, 0x0000000084e00000|100%| O|  |TAMS 0x0000000084e00000, 0x0000000084e00000| Untracked 
|  78|0x0000000084e00000, 0x0000000084f00000, 0x0000000084f00000|100%| O|  |TAMS 0x0000000084f00000, 0x0000000084f00000| Untracked 
|  79|0x0000000084f00000, 0x0000000085000000, 0x0000000085000000|100%| O|  |TAMS 0x0000000085000000, 0x0000000085000000| Untracked 
|  80|0x0000000085000000, 0x0000000085100000, 0x0000000085100000|100%| O|  |TAMS 0x0000000085100000, 0x0000000085100000| Untracked 
|  81|0x0000000085100000, 0x0000000085200000, 0x0000000085200000|100%| O|  |TAMS 0x0000000085200000, 0x0000000085200000| Untracked 
|  82|0x0000000085200000, 0x0000000085300000, 0x0000000085300000|100%| O|  |TAMS 0x0000000085300000, 0x0000000085300000| Untracked 
|  83|0x0000000085300000, 0x0000000085400000, 0x0000000085400000|100%| O|  |TAMS 0x0000000085400000, 0x0000000085400000| Untracked 
|  84|0x0000000085400000, 0x0000000085500000, 0x0000000085500000|100%| O|  |TAMS 0x0000000085500000, 0x0000000085500000| Untracked 
|  85|0x0000000085500000, 0x0000000085600000, 0x0000000085600000|100%| O|  |TAMS 0x0000000085600000, 0x0000000085600000| Untracked 
|  86|0x0000000085600000, 0x0000000085700000, 0x0000000085700000|100%| O|  |TAMS 0x0000000085700000, 0x0000000085700000| Untracked 
|  87|0x0000000085700000, 0x0000000085800000, 0x0000000085800000|100%| O|  |TAMS 0x0000000085800000, 0x0000000085800000| Untracked 
|  88|0x0000000085800000, 0x0000000085900000, 0x0000000085900000|100%| O|  |TAMS 0x0000000085900000, 0x0000000085900000| Untracked 
|  89|0x0000000085900000, 0x0000000085a00000, 0x0000000085a00000|100%| O|  |TAMS 0x0000000085a00000, 0x0000000085a00000| Untracked 
|  90|0x0000000085a00000, 0x0000000085b00000, 0x0000000085b00000|100%| O|  |TAMS 0x0000000085b00000, 0x0000000085b00000| Untracked 
|  91|0x0000000085b00000, 0x0000000085c00000, 0x0000000085c00000|100%| O|  |TAMS 0x0000000085c00000, 0x0000000085c00000| Untracked 
|  92|0x0000000085c00000, 0x0000000085d00000, 0x0000000085d00000|100%| O|  |TAMS 0x0000000085d00000, 0x0000000085d00000| Untracked 
|  93|0x0000000085d00000, 0x0000000085e00000, 0x0000000085e00000|100%| O|  |TAMS 0x0000000085e00000, 0x0000000085e00000| Untracked 
|  94|0x0000000085e00000, 0x0000000085f00000, 0x0000000085f00000|100%| O|  |TAMS 0x0000000085f00000, 0x0000000085f00000| Untracked 
|  95|0x0000000085f00000, 0x0000000086000000, 0x0000000086000000|100%| O|  |TAMS 0x0000000086000000, 0x0000000086000000| Untracked 
|  96|0x0000000086000000, 0x0000000086100000, 0x0000000086100000|100%| O|  |TAMS 0x0000000086100000, 0x0000000086100000| Untracked 
|  97|0x0000000086100000, 0x0000000086200000, 0x0000000086200000|100%| O|  |TAMS 0x0000000086200000, 0x0000000086200000| Untracked 
|  98|0x0000000086200000, 0x0000000086300000, 0x0000000086300000|100%| O|  |TAMS 0x0000000086300000, 0x0000000086300000| Untracked 
|  99|0x0000000086300000, 0x0000000086400000, 0x0000000086400000|100%| O|  |TAMS 0x0000000086400000, 0x0000000086400000| Untracked 
| 100|0x0000000086400000, 0x0000000086500000, 0x0000000086500000|100%| O|  |TAMS 0x0000000086500000, 0x0000000086500000| Untracked 
| 101|0x0000000086500000, 0x0000000086600000, 0x0000000086600000|100%| O|  |TAMS 0x0000000086600000, 0x0000000086600000| Untracked 
| 102|0x0000000086600000, 0x0000000086700000, 0x0000000086700000|100%| O|  |TAMS 0x0000000086700000, 0x0000000086700000| Untracked 
| 103|0x0000000086700000, 0x0000000086800000, 0x0000000086800000|100%| O|  |TAMS 0x0000000086800000, 0x0000000086800000| Untracked 
| 104|0x0000000086800000, 0x0000000086900000, 0x0000000086900000|100%| O|  |TAMS 0x0000000086900000, 0x0000000086900000| Untracked 
| 105|0x0000000086900000, 0x0000000086a00000, 0x0000000086a00000|100%| O|  |TAMS 0x0000000086a00000, 0x0000000086a00000| Untracked 
| 106|0x0000000086a00000, 0x0000000086b00000, 0x0000000086b00000|100%| O|  |TAMS 0x0000000086b00000, 0x0000000086b00000| Untracked 
| 107|0x0000000086b00000, 0x0000000086c00000, 0x0000000086c00000|100%| O|  |TAMS 0x0000000086c00000, 0x0000000086c00000| Untracked 
| 108|0x0000000086c00000, 0x0000000086d00000, 0x0000000086d00000|100%| O|  |TAMS 0x0000000086d00000, 0x0000000086d00000| Untracked 
| 109|0x0000000086d00000, 0x0000000086e00000, 0x0000000086e00000|100%| O|  |TAMS 0x0000000086e00000, 0x0000000086e00000| Untracked 
| 110|0x0000000086e00000, 0x0000000086f00000, 0x0000000086f00000|100%| O|  |TAMS 0x0000000086f00000, 0x0000000086f00000| Untracked 
| 111|0x0000000086f00000, 0x0000000087000000, 0x0000000087000000|100%|HS|  |TAMS 0x0000000087000000, 0x0000000087000000| Complete 
| 112|0x0000000087000000, 0x0000000087100000, 0x0000000087100000|100%| O|  |TAMS 0x0000000087100000, 0x0000000087100000| Untracked 
| 113|0x0000000087100000, 0x0000000087200000, 0x0000000087200000|100%| O|  |TAMS 0x0000000087200000, 0x0000000087200000| Untracked 
| 114|0x0000000087200000, 0x0000000087300000, 0x0000000087300000|100%| O|  |TAMS 0x0000000087300000, 0x0000000087300000| Untracked 
| 115|0x0000000087300000, 0x0000000087400000, 0x0000000087400000|100%| O|  |TAMS 0x0000000087400000, 0x0000000087400000| Untracked 
| 116|0x0000000087400000, 0x0000000087500000, 0x0000000087500000|100%| O|  |TAMS 0x0000000087500000, 0x0000000087500000| Untracked 
| 117|0x0000000087500000, 0x0000000087600000, 0x0000000087600000|100%| O|  |TAMS 0x0000000087600000, 0x0000000087600000| Untracked 
| 118|0x0000000087600000, 0x0000000087700000, 0x0000000087700000|100%| O|  |TAMS 0x0000000087700000, 0x0000000087700000| Untracked 
| 119|0x0000000087700000, 0x0000000087800000, 0x0000000087800000|100%| O|  |TAMS 0x0000000087800000, 0x0000000087800000| Untracked 
| 120|0x0000000087800000, 0x0000000087900000, 0x0000000087900000|100%| O|  |TAMS 0x0000000087900000, 0x0000000087900000| Untracked 
| 121|0x0000000087900000, 0x0000000087a00000, 0x0000000087a00000|100%| O|  |TAMS 0x0000000087a00000, 0x0000000087a00000| Untracked 
| 122|0x0000000087a00000, 0x0000000087b00000, 0x0000000087b00000|100%| O|  |TAMS 0x0000000087b00000, 0x0000000087b00000| Untracked 
| 123|0x0000000087b00000, 0x0000000087c00000, 0x0000000087c00000|100%| O|  |TAMS 0x0000000087c00000, 0x0000000087c00000| Untracked 
| 124|0x0000000087c00000, 0x0000000087d00000, 0x0000000087d00000|100%| O|  |TAMS 0x0000000087d00000, 0x0000000087d00000| Untracked 
| 125|0x0000000087d00000, 0x0000000087e00000, 0x0000000087e00000|100%| O|  |TAMS 0x0000000087e00000, 0x0000000087e00000| Untracked 
| 126|0x0000000087e00000, 0x0000000087f00000, 0x0000000087f00000|100%| O|  |TAMS 0x0000000087f00000, 0x0000000087f00000| Untracked 
| 127|0x0000000087f00000, 0x0000000088000000, 0x0000000088000000|100%| O|  |TAMS 0x0000000088000000, 0x0000000088000000| Untracked 
| 128|0x0000000088000000, 0x0000000088100000, 0x0000000088100000|100%| O|  |TAMS 0x0000000088100000, 0x0000000088100000| Untracked 
| 129|0x0000000088100000, 0x0000000088200000, 0x0000000088200000|100%| O|  |TAMS 0x0000000088200000, 0x0000000088200000| Untracked 
| 130|0x0000000088200000, 0x0000000088300000, 0x0000000088300000|100%| O|  |TAMS 0x0000000088300000, 0x0000000088300000| Untracked 
| 131|0x0000000088300000, 0x0000000088400000, 0x0000000088400000|100%| O|  |TAMS 0x0000000088400000, 0x0000000088400000| Untracked 
| 132|0x0000000088400000, 0x0000000088500000, 0x0000000088500000|100%| O|  |TAMS 0x0000000088500000, 0x0000000088500000| Untracked 
| 133|0x0000000088500000, 0x0000000088600000, 0x0000000088600000|100%| O|  |TAMS 0x0000000088600000, 0x0000000088600000| Untracked 
| 134|0x0000000088600000, 0x0000000088700000, 0x0000000088700000|100%| O|  |TAMS 0x0000000088700000, 0x0000000088700000| Untracked 
| 135|0x0000000088700000, 0x0000000088800000, 0x0000000088800000|100%| O|  |TAMS 0x0000000088800000, 0x0000000088800000| Untracked 
| 136|0x0000000088800000, 0x0000000088825a00, 0x0000000088900000| 14%| O|  |TAMS 0x0000000088825a00, 0x0000000088825a00| Untracked 
| 137|0x0000000088900000, 0x0000000088900000, 0x0000000088a00000|  0%| F|  |TAMS 0x0000000088900000, 0x0000000088900000| Untracked 
| 138|0x0000000088a00000, 0x0000000088a00000, 0x0000000088b00000|  0%| F|  |TAMS 0x0000000088a00000, 0x0000000088a00000| Untracked 
| 139|0x0000000088b00000, 0x0000000088b00000, 0x0000000088c00000|  0%| F|  |TAMS 0x0000000088b00000, 0x0000000088b00000| Untracked 
| 140|0x0000000088c00000, 0x0000000088c00000, 0x0000000088d00000|  0%| F|  |TAMS 0x0000000088c00000, 0x0000000088c00000| Untracked 
| 141|0x0000000088d00000, 0x0000000088d00000, 0x0000000088e00000|  0%| F|  |TAMS 0x0000000088d00000, 0x0000000088d00000| Untracked 
| 142|0x0000000088e00000, 0x0000000088e00000, 0x0000000088f00000|  0%| F|  |TAMS 0x0000000088e00000, 0x0000000088e00000| Untracked 
| 143|0x0000000088f00000, 0x0000000088f00000, 0x0000000089000000|  0%| F|  |TAMS 0x0000000088f00000, 0x0000000088f00000| Untracked 
| 144|0x0000000089000000, 0x0000000089000000, 0x0000000089100000|  0%| F|  |TAMS 0x0000000089000000, 0x0000000089000000| Untracked 
| 145|0x0000000089100000, 0x0000000089100000, 0x0000000089200000|  0%| F|  |TAMS 0x0000000089100000, 0x0000000089100000| Untracked 
| 146|0x0000000089200000, 0x0000000089200000, 0x0000000089300000|  0%| F|  |TAMS 0x0000000089200000, 0x0000000089200000| Untracked 
| 147|0x0000000089300000, 0x0000000089300000, 0x0000000089400000|  0%| F|  |TAMS 0x0000000089300000, 0x0000000089300000| Untracked 
| 148|0x0000000089400000, 0x0000000089400000, 0x0000000089500000|  0%| F|  |TAMS 0x0000000089400000, 0x0000000089400000| Untracked 
| 149|0x0000000089500000, 0x0000000089500000, 0x0000000089600000|  0%| F|  |TAMS 0x0000000089500000, 0x0000000089500000| Untracked 
| 150|0x0000000089600000, 0x0000000089600000, 0x0000000089700000|  0%| F|  |TAMS 0x0000000089600000, 0x0000000089600000| Untracked 
| 151|0x0000000089700000, 0x0000000089700000, 0x0000000089800000|  0%| F|  |TAMS 0x0000000089700000, 0x0000000089700000| Untracked 
| 152|0x0000000089800000, 0x0000000089800000, 0x0000000089900000|  0%| F|  |TAMS 0x0000000089800000, 0x0000000089800000| Untracked 
| 153|0x0000000089900000, 0x0000000089900000, 0x0000000089a00000|  0%| F|  |TAMS 0x0000000089900000, 0x0000000089900000| Untracked 
| 154|0x0000000089a00000, 0x0000000089a00000, 0x0000000089b00000|  0%| F|  |TAMS 0x0000000089a00000, 0x0000000089a00000| Untracked 
| 155|0x0000000089b00000, 0x0000000089b00000, 0x0000000089c00000|  0%| F|  |TAMS 0x0000000089b00000, 0x0000000089b00000| Untracked 
| 156|0x0000000089c00000, 0x0000000089c00000, 0x0000000089d00000|  0%| F|  |TAMS 0x0000000089c00000, 0x0000000089c00000| Untracked 
| 157|0x0000000089d00000, 0x0000000089d00000, 0x0000000089e00000|  0%| F|  |TAMS 0x0000000089d00000, 0x0000000089d00000| Untracked 
| 158|0x0000000089e00000, 0x0000000089e00000, 0x0000000089f00000|  0%| F|  |TAMS 0x0000000089e00000, 0x0000000089e00000| Untracked 
| 159|0x0000000089f00000, 0x0000000089f00000, 0x000000008a000000|  0%| F|  |TAMS 0x0000000089f00000, 0x0000000089f00000| Untracked 
| 160|0x000000008a000000, 0x000000008a000000, 0x000000008a100000|  0%| F|  |TAMS 0x000000008a000000, 0x000000008a000000| Untracked 
| 161|0x000000008a100000, 0x000000008a100000, 0x000000008a200000|  0%| F|  |TAMS 0x000000008a100000, 0x000000008a100000| Untracked 
| 162|0x000000008a200000, 0x000000008a200000, 0x000000008a300000|  0%| F|  |TAMS 0x000000008a200000, 0x000000008a200000| Untracked 
| 163|0x000000008a300000, 0x000000008a300000, 0x000000008a400000|  0%| F|  |TAMS 0x000000008a300000, 0x000000008a300000| Untracked 
| 164|0x000000008a400000, 0x000000008a400000, 0x000000008a500000|  0%| F|  |TAMS 0x000000008a400000, 0x000000008a400000| Untracked 
| 165|0x000000008a500000, 0x000000008a500000, 0x000000008a600000|  0%| F|  |TAMS 0x000000008a500000, 0x000000008a500000| Untracked 
| 166|0x000000008a600000, 0x000000008a666860, 0x000000008a700000| 40%| S|CS|TAMS 0x000000008a600000, 0x000000008a600000| Complete 
| 167|0x000000008a700000, 0x000000008a800000, 0x000000008a800000|100%| S|CS|TAMS 0x000000008a700000, 0x000000008a700000| Complete 
| 168|0x000000008a800000, 0x000000008a800000, 0x000000008a900000|  0%| F|  |TAMS 0x000000008a800000, 0x000000008a800000| Untracked 
| 169|0x000000008a900000, 0x000000008a900000, 0x000000008aa00000|  0%| F|  |TAMS 0x000000008a900000, 0x000000008a900000| Untracked 
| 170|0x000000008aa00000, 0x000000008aa00000, 0x000000008ab00000|  0%| F|  |TAMS 0x000000008aa00000, 0x000000008aa00000| Untracked 
| 171|0x000000008ab00000, 0x000000008ab00000, 0x000000008ac00000|  0%| F|  |TAMS 0x000000008ab00000, 0x000000008ab00000| Untracked 
| 172|0x000000008ac00000, 0x000000008ac00000, 0x000000008ad00000|  0%| F|  |TAMS 0x000000008ac00000, 0x000000008ac00000| Untracked 
| 173|0x000000008ad00000, 0x000000008ad00000, 0x000000008ae00000|  0%| F|  |TAMS 0x000000008ad00000, 0x000000008ad00000| Untracked 
| 174|0x000000008ae00000, 0x000000008af00000, 0x000000008af00000|100%| S|CS|TAMS 0x000000008ae00000, 0x000000008ae00000| Complete 
| 175|0x000000008af00000, 0x000000008b000000, 0x000000008b000000|100%| S|CS|TAMS 0x000000008af00000, 0x000000008af00000| Complete 
| 176|0x000000008b000000, 0x000000008b100000, 0x000000008b100000|100%| S|CS|TAMS 0x000000008b000000, 0x000000008b000000| Complete 
| 177|0x000000008b100000, 0x000000008b200000, 0x000000008b200000|100%| S|CS|TAMS 0x000000008b100000, 0x000000008b100000| Complete 
| 178|0x000000008b200000, 0x000000008b300000, 0x000000008b300000|100%| S|CS|TAMS 0x000000008b200000, 0x000000008b200000| Complete 
| 179|0x000000008b300000, 0x000000008b300000, 0x000000008b400000|  0%| F|  |TAMS 0x000000008b300000, 0x000000008b300000| Untracked 
| 180|0x000000008b400000, 0x000000008b400000, 0x000000008b500000|  0%| F|  |TAMS 0x000000008b400000, 0x000000008b400000| Untracked 
| 181|0x000000008b500000, 0x000000008b500000, 0x000000008b600000|  0%| F|  |TAMS 0x000000008b500000, 0x000000008b500000| Untracked 
| 182|0x000000008b600000, 0x000000008b600000, 0x000000008b700000|  0%| F|  |TAMS 0x000000008b600000, 0x000000008b600000| Untracked 
| 183|0x000000008b700000, 0x000000008b700000, 0x000000008b800000|  0%| F|  |TAMS 0x000000008b700000, 0x000000008b700000| Untracked 
| 184|0x000000008b800000, 0x000000008b800000, 0x000000008b900000|  0%| F|  |TAMS 0x000000008b800000, 0x000000008b800000| Untracked 
| 185|0x000000008b900000, 0x000000008b900000, 0x000000008ba00000|  0%| F|  |TAMS 0x000000008b900000, 0x000000008b900000| Untracked 
| 186|0x000000008ba00000, 0x000000008ba00000, 0x000000008bb00000|  0%| F|  |TAMS 0x000000008ba00000, 0x000000008ba00000| Untracked 
| 187|0x000000008bb00000, 0x000000008bb00000, 0x000000008bc00000|  0%| F|  |TAMS 0x000000008bb00000, 0x000000008bb00000| Untracked 
| 188|0x000000008bc00000, 0x000000008bc00000, 0x000000008bd00000|  0%| F|  |TAMS 0x000000008bc00000, 0x000000008bc00000| Untracked 
| 189|0x000000008bd00000, 0x000000008bd00000, 0x000000008be00000|  0%| F|  |TAMS 0x000000008bd00000, 0x000000008bd00000| Untracked 
| 190|0x000000008be00000, 0x000000008be00000, 0x000000008bf00000|  0%| F|  |TAMS 0x000000008be00000, 0x000000008be00000| Untracked 
| 191|0x000000008bf00000, 0x000000008bf00000, 0x000000008c000000|  0%| F|  |TAMS 0x000000008bf00000, 0x000000008bf00000| Untracked 
| 192|0x000000008c000000, 0x000000008c000000, 0x000000008c100000|  0%| F|  |TAMS 0x000000008c000000, 0x000000008c000000| Untracked 
| 193|0x000000008c100000, 0x000000008c100000, 0x000000008c200000|  0%| F|  |TAMS 0x000000008c100000, 0x000000008c100000| Untracked 
| 194|0x000000008c200000, 0x000000008c200000, 0x000000008c300000|  0%| F|  |TAMS 0x000000008c200000, 0x000000008c200000| Untracked 
| 195|0x000000008c300000, 0x000000008c300000, 0x000000008c400000|  0%| F|  |TAMS 0x000000008c300000, 0x000000008c300000| Untracked 
| 196|0x000000008c400000, 0x000000008c400000, 0x000000008c500000|  0%| F|  |TAMS 0x000000008c400000, 0x000000008c400000| Untracked 
| 197|0x000000008c500000, 0x000000008c500000, 0x000000008c600000|  0%| F|  |TAMS 0x000000008c500000, 0x000000008c500000| Untracked 
| 198|0x000000008c600000, 0x000000008c600000, 0x000000008c700000|  0%| F|  |TAMS 0x000000008c600000, 0x000000008c600000| Untracked 
| 199|0x000000008c700000, 0x000000008c700000, 0x000000008c800000|  0%| F|  |TAMS 0x000000008c700000, 0x000000008c700000| Untracked 
| 200|0x000000008c800000, 0x000000008c800000, 0x000000008c900000|  0%| F|  |TAMS 0x000000008c800000, 0x000000008c800000| Untracked 
| 201|0x000000008c900000, 0x000000008c900000, 0x000000008ca00000|  0%| F|  |TAMS 0x000000008c900000, 0x000000008c900000| Untracked 
| 202|0x000000008ca00000, 0x000000008ca00000, 0x000000008cb00000|  0%| F|  |TAMS 0x000000008ca00000, 0x000000008ca00000| Untracked 
| 203|0x000000008cb00000, 0x000000008cb00000, 0x000000008cc00000|  0%| F|  |TAMS 0x000000008cb00000, 0x000000008cb00000| Untracked 
| 204|0x000000008cc00000, 0x000000008cc00000, 0x000000008cd00000|  0%| F|  |TAMS 0x000000008cc00000, 0x000000008cc00000| Untracked 
| 205|0x000000008cd00000, 0x000000008cd00000, 0x000000008ce00000|  0%| F|  |TAMS 0x000000008cd00000, 0x000000008cd00000| Untracked 
| 206|0x000000008ce00000, 0x000000008ce00000, 0x000000008cf00000|  0%| F|  |TAMS 0x000000008ce00000, 0x000000008ce00000| Untracked 
| 207|0x000000008cf00000, 0x000000008cf00000, 0x000000008d000000|  0%| F|  |TAMS 0x000000008cf00000, 0x000000008cf00000| Untracked 
| 208|0x000000008d000000, 0x000000008d000000, 0x000000008d100000|  0%| F|  |TAMS 0x000000008d000000, 0x000000008d000000| Untracked 
| 209|0x000000008d100000, 0x000000008d100000, 0x000000008d200000|  0%| F|  |TAMS 0x000000008d100000, 0x000000008d100000| Untracked 
| 210|0x000000008d200000, 0x000000008d200000, 0x000000008d300000|  0%| F|  |TAMS 0x000000008d200000, 0x000000008d200000| Untracked 
| 211|0x000000008d300000, 0x000000008d300000, 0x000000008d400000|  0%| F|  |TAMS 0x000000008d300000, 0x000000008d300000| Untracked 
| 212|0x000000008d400000, 0x000000008d400000, 0x000000008d500000|  0%| F|  |TAMS 0x000000008d400000, 0x000000008d400000| Untracked 
| 213|0x000000008d500000, 0x000000008d500000, 0x000000008d600000|  0%| F|  |TAMS 0x000000008d500000, 0x000000008d500000| Untracked 
| 214|0x000000008d600000, 0x000000008d600000, 0x000000008d700000|  0%| F|  |TAMS 0x000000008d600000, 0x000000008d600000| Untracked 
| 215|0x000000008d700000, 0x000000008d700000, 0x000000008d800000|  0%| F|  |TAMS 0x000000008d700000, 0x000000008d700000| Untracked 
| 216|0x000000008d800000, 0x000000008d800000, 0x000000008d900000|  0%| F|  |TAMS 0x000000008d800000, 0x000000008d800000| Untracked 
| 217|0x000000008d900000, 0x000000008d900000, 0x000000008da00000|  0%| F|  |TAMS 0x000000008d900000, 0x000000008d900000| Untracked 
| 218|0x000000008da00000, 0x000000008da00000, 0x000000008db00000|  0%| F|  |TAMS 0x000000008da00000, 0x000000008da00000| Untracked 
| 219|0x000000008db00000, 0x000000008db00000, 0x000000008dc00000|  0%| F|  |TAMS 0x000000008db00000, 0x000000008db00000| Untracked 
| 220|0x000000008dc00000, 0x000000008dc00000, 0x000000008dd00000|  0%| F|  |TAMS 0x000000008dc00000, 0x000000008dc00000| Untracked 
| 221|0x000000008dd00000, 0x000000008dd00000, 0x000000008de00000|  0%| F|  |TAMS 0x000000008dd00000, 0x000000008dd00000| Untracked 
| 222|0x000000008de00000, 0x000000008de00000, 0x000000008df00000|  0%| F|  |TAMS 0x000000008de00000, 0x000000008de00000| Untracked 
| 223|0x000000008df00000, 0x000000008df00000, 0x000000008e000000|  0%| F|  |TAMS 0x000000008df00000, 0x000000008df00000| Untracked 
| 224|0x000000008e000000, 0x000000008e000000, 0x000000008e100000|  0%| F|  |TAMS 0x000000008e000000, 0x000000008e000000| Untracked 
| 225|0x000000008e100000, 0x000000008e100000, 0x000000008e200000|  0%| F|  |TAMS 0x000000008e100000, 0x000000008e100000| Untracked 
| 226|0x000000008e200000, 0x000000008e200000, 0x000000008e300000|  0%| F|  |TAMS 0x000000008e200000, 0x000000008e200000| Untracked 
| 227|0x000000008e300000, 0x000000008e300000, 0x000000008e400000|  0%| F|  |TAMS 0x000000008e300000, 0x000000008e300000| Untracked 
| 228|0x000000008e400000, 0x000000008e400000, 0x000000008e500000|  0%| F|  |TAMS 0x000000008e400000, 0x000000008e400000| Untracked 
| 229|0x000000008e500000, 0x000000008e500000, 0x000000008e600000|  0%| F|  |TAMS 0x000000008e500000, 0x000000008e500000| Untracked 
| 230|0x000000008e600000, 0x000000008e600000, 0x000000008e700000|  0%| F|  |TAMS 0x000000008e600000, 0x000000008e600000| Untracked 
| 231|0x000000008e700000, 0x000000008e700000, 0x000000008e800000|  0%| F|  |TAMS 0x000000008e700000, 0x000000008e700000| Untracked 
| 232|0x000000008e800000, 0x000000008e800000, 0x000000008e900000|  0%| F|  |TAMS 0x000000008e800000, 0x000000008e800000| Untracked 
| 233|0x000000008e900000, 0x000000008e900000, 0x000000008ea00000|  0%| F|  |TAMS 0x000000008e900000, 0x000000008e900000| Untracked 
| 234|0x000000008ea00000, 0x000000008ea00000, 0x000000008eb00000|  0%| F|  |TAMS 0x000000008ea00000, 0x000000008ea00000| Untracked 
| 235|0x000000008eb00000, 0x000000008eb00000, 0x000000008ec00000|  0%| F|  |TAMS 0x000000008eb00000, 0x000000008eb00000| Untracked 
| 236|0x000000008ec00000, 0x000000008ec00000, 0x000000008ed00000|  0%| F|  |TAMS 0x000000008ec00000, 0x000000008ec00000| Untracked 
| 237|0x000000008ed00000, 0x000000008ed00000, 0x000000008ee00000|  0%| F|  |TAMS 0x000000008ed00000, 0x000000008ed00000| Untracked 
| 238|0x000000008ee00000, 0x000000008ee00000, 0x000000008ef00000|  0%| F|  |TAMS 0x000000008ee00000, 0x000000008ee00000| Untracked 
| 239|0x000000008ef00000, 0x000000008ef00000, 0x000000008f000000|  0%| F|  |TAMS 0x000000008ef00000, 0x000000008ef00000| Untracked 
| 240|0x000000008f000000, 0x000000008f000000, 0x000000008f100000|  0%| F|  |TAMS 0x000000008f000000, 0x000000008f000000| Untracked 
| 241|0x000000008f100000, 0x000000008f100000, 0x000000008f200000|  0%| F|  |TAMS 0x000000008f100000, 0x000000008f100000| Untracked 
| 242|0x000000008f200000, 0x000000008f200000, 0x000000008f300000|  0%| F|  |TAMS 0x000000008f200000, 0x000000008f200000| Untracked 
| 243|0x000000008f300000, 0x000000008f300000, 0x000000008f400000|  0%| F|  |TAMS 0x000000008f300000, 0x000000008f300000| Untracked 
| 244|0x000000008f400000, 0x000000008f400000, 0x000000008f500000|  0%| F|  |TAMS 0x000000008f400000, 0x000000008f400000| Untracked 
| 245|0x000000008f500000, 0x000000008f500000, 0x000000008f600000|  0%| F|  |TAMS 0x000000008f500000, 0x000000008f500000| Untracked 
| 246|0x000000008f600000, 0x000000008f600000, 0x000000008f700000|  0%| F|  |TAMS 0x000000008f600000, 0x000000008f600000| Untracked 
| 247|0x000000008f700000, 0x000000008f700000, 0x000000008f800000|  0%| F|  |TAMS 0x000000008f700000, 0x000000008f700000| Untracked 
| 248|0x000000008f800000, 0x000000008f800000, 0x000000008f900000|  0%| F|  |TAMS 0x000000008f800000, 0x000000008f800000| Untracked 
| 249|0x000000008f900000, 0x000000008f900000, 0x000000008fa00000|  0%| F|  |TAMS 0x000000008f900000, 0x000000008f900000| Untracked 
| 250|0x000000008fa00000, 0x000000008fa00000, 0x000000008fb00000|  0%| F|  |TAMS 0x000000008fa00000, 0x000000008fa00000| Untracked 
| 251|0x000000008fb00000, 0x000000008fb00000, 0x000000008fc00000|  0%| F|  |TAMS 0x000000008fb00000, 0x000000008fb00000| Untracked 
| 252|0x000000008fc00000, 0x000000008fc00000, 0x000000008fd00000|  0%| F|  |TAMS 0x000000008fc00000, 0x000000008fc00000| Untracked 
| 253|0x000000008fd00000, 0x000000008fd00000, 0x000000008fe00000|  0%| F|  |TAMS 0x000000008fd00000, 0x000000008fd00000| Untracked 
| 254|0x000000008fe00000, 0x000000008fe00000, 0x000000008ff00000|  0%| F|  |TAMS 0x000000008fe00000, 0x000000008fe00000| Untracked 
| 255|0x000000008ff00000, 0x000000008ff00000, 0x0000000090000000|  0%| F|  |TAMS 0x000000008ff00000, 0x000000008ff00000| Untracked 
| 256|0x0000000090000000, 0x0000000090000000, 0x0000000090100000|  0%| F|  |TAMS 0x0000000090000000, 0x0000000090000000| Untracked 
| 257|0x0000000090100000, 0x0000000090100000, 0x0000000090200000|  0%| F|  |TAMS 0x0000000090100000, 0x0000000090100000| Untracked 
| 258|0x0000000090200000, 0x0000000090200000, 0x0000000090300000|  0%| F|  |TAMS 0x0000000090200000, 0x0000000090200000| Untracked 
| 259|0x0000000090300000, 0x0000000090300000, 0x0000000090400000|  0%| F|  |TAMS 0x0000000090300000, 0x0000000090300000| Untracked 
| 260|0x0000000090400000, 0x0000000090400000, 0x0000000090500000|  0%| F|  |TAMS 0x0000000090400000, 0x0000000090400000| Untracked 
| 261|0x0000000090500000, 0x0000000090500000, 0x0000000090600000|  0%| F|  |TAMS 0x0000000090500000, 0x0000000090500000| Untracked 
| 262|0x0000000090600000, 0x0000000090600000, 0x0000000090700000|  0%| F|  |TAMS 0x0000000090600000, 0x0000000090600000| Untracked 
| 263|0x0000000090700000, 0x0000000090700000, 0x0000000090800000|  0%| F|  |TAMS 0x0000000090700000, 0x0000000090700000| Untracked 

Card table byte_map: [0x000001ebf9650000,0x000001ebf9a50000] _byte_map_base: 0x000001ebf9250000

Marking Bits (Prev, Next): (CMBitMap*) 0x000001ebe6488a50, (CMBitMap*) 0x000001ebe6488a18
 Prev Bits: [0x000001ebfbe50000, 0x000001ebfde50000)
 Next Bits: [0x000001ebf9e50000, 0x000001ebfbe50000)

Polling page: 0x000001ebe4430000

Metaspace:

Usage:
  Non-class:     78.37 MB capacity,    76.56 MB ( 98%) used,     1.55 MB (  2%) free+waste,   257.00 KB ( <1%) overhead. 
      Class:     12.06 MB capacity,    11.15 MB ( 92%) used,   816.77 KB (  7%) free+waste,   116.19 KB ( <1%) overhead. 
       Both:     90.43 MB capacity,    87.71 MB ( 97%) used,     2.35 MB (  3%) free+waste,   373.19 KB ( <1%) overhead. 

Virtual space:
  Non-class space:       80.00 MB reserved,      79.00 MB ( 99%) committed 
      Class space:        1.00 GB reserved,      12.38 MB (  1%) committed 
             Both:        1.08 GB reserved,      91.38 MB (  8%) committed 

Chunk freelists:
   Non-Class:  522.00 KB
       Class:  258.00 KB
        Both:  780.00 KB

MaxMetaspaceSize: 17179869184.00 GB
CompressedClassSpaceSize: 1.00 GB

CodeHeap 'non-profiled nmethods': size=120000Kb used=6033Kb max_used=6033Kb free=113967Kb
 bounds [0x000001ebf19f0000, 0x000001ebf1fe0000, 0x000001ebf8f20000]
CodeHeap 'profiled nmethods': size=120000Kb used=25011Kb max_used=25011Kb free=94988Kb
 bounds [0x000001ebea4c0000, 0x000001ebebd30000, 0x000001ebf19f0000]
CodeHeap 'non-nmethods': size=5760Kb used=2289Kb max_used=2366Kb free=3470Kb
 bounds [0x000001ebe9f20000, 0x000001ebea190000, 0x000001ebea4c0000]
 total_blobs=12422 nmethods=11530 adapters=803
 compilation: enabled
              stopped_count=0, restarted_count=0
 full_count=0

Compilation events (20 events):
Event: 21.350 Thread 0x000001eb811c4000 11755       3       org.objectweb.asm.ClassReader::readElementValue (1237 bytes)
Event: 21.357 Thread 0x000001eb811c4000 nmethod 11755 0x000001ebebd06210 code [0x000001ebebd069e0, 0x000001ebebd0b968]
Event: 21.364 Thread 0x000001eb811c4000 11756       3       org.objectweb.asm.ClassReader::readParameterAnnotations (106 bytes)
Event: 21.364 Thread 0x000001eb811c4000 nmethod 11756 0x000001ebebd0da90 code [0x000001ebebd0dcc0, 0x000001ebebd0e4b8]
Event: 21.398 Thread 0x000001eb8421f000 

Event: 21.398 Thread 0x000001eb8421f000 11590       4       org.objectweb.asm.MethodWriter::visitFrame (787 bytes)
Event: 21.410 Thread 0x000001eb811c4000 11758 %     3       org.objectweb.asm.ClassReader::readField @ 76 (667 bytes)
Event: 21.415 Thread 0x000001eb811c4000 nmethod 11758% 0x000001ebebd0e910 code [0x000001ebebd0eec0, 0x000001ebebd12238]
Event: 21.430 Thread 0x000001eb811c4000 11759 %     3       org.objectweb.asm.signature.SignatureReader::accept @ 153 (250 bytes)
Event: 21.433 Thread 0x000001eb811c4000 nmethod 11759% 0x000001ebebd13c10 code [0x000001ebebd14140, 0x000001ebebd16bb8]
Event: 21.433 Thread 0x000001eb811c4000 11760       3       org.objectweb.asm.ClassReader::readField (667 bytes)
Event: 21.437 Thread 0x000001eb811c4000 nmethod 11760 0x000001ebebd17b90 code [0x000001ebebd18120, 0x000001ebebd1b118]
Event: 21.437 Thread 0x000001eb811c4000 11762       3       org.objectweb.asm.signature.SignatureReader::accept (250 bytes)
Event: 21.440 Thread 0x000001eb811c4000 nmethod 11762 0x000001ebebd1c990 code [0x000001ebebd1cec0, 0x000001ebebd1f7d8]
Event: 21.457 Thread 0x000001eb811c4000 11763 %     3       kotlin.text.StringsKt__StringsKt::split$StringsKt__StringsKt @ 136 (246 bytes)
Event: 21.460 Thread 0x000001eb811c4000 nmethod 11763% 0x000001ebebd20690 code [0x000001ebebd20b20, 0x000001ebebd230b8]
Event: 21.466 Thread 0x000001eb811c4000 11764 %     3       org.objectweb.asm.ClassWriter::toByteArray @ 748 (1360 bytes)
Event: 21.472 Thread 0x000001eb811c4000 nmethod 11764% 0x000001ebebd23d90 code [0x000001ebebd24600, 0x000001ebebd27db8]
Event: 21.472 Thread 0x000001eb811c4000 11765       3       kotlin.text.StringsKt__StringsKt::split$StringsKt__StringsKt (246 bytes)
Event: 21.475 Thread 0x000001eb811c4000 nmethod 11765 0x000001ebebd29990 code [0x000001ebebd29e00, 0x000001ebebd2c118]

GC Heap History (20 events):
Event: 20.701 GC heap after
{Heap after GC invocations=51 (full 0):
 garbage-first heap   total 225280K, used 136813K [0x0000000080000000, 0x0000000100000000)
  region size 1024K, 5 young (5120K), 5 survivors (5120K)
 Metaspace       used 89550K, capacity 92209K, committed 93312K, reserved 1130496K
  class space    used 11389K, capacity 12306K, committed 12672K, reserved 1048576K
}
Event: 20.746 GC heap before
{Heap before GC invocations=51 (full 0):
 garbage-first heap   total 225280K, used 188013K [0x0000000080000000, 0x0000000100000000)
  region size 1024K, 55 young (56320K), 5 survivors (5120K)
 Metaspace       used 89559K, capacity 92209K, committed 93312K, reserved 1130496K
  class space    used 11389K, capacity 12306K, committed 12672K, reserved 1048576K
}
Event: 20.750 GC heap after
{Heap after GC invocations=52 (full 0):
 garbage-first heap   total 225280K, used 139597K [0x0000000080000000, 0x0000000100000000)
  region size 1024K, 6 young (6144K), 6 survivors (6144K)
 Metaspace       used 89559K, capacity 92209K, committed 93312K, reserved 1130496K
  class space    used 11389K, capacity 12306K, committed 12672K, reserved 1048576K
}
Event: 20.795 GC heap before
{Heap before GC invocations=52 (full 0):
 garbage-first heap   total 225280K, used 188749K [0x0000000080000000, 0x0000000100000000)
  region size 1024K, 54 young (55296K), 6 survivors (6144K)
 Metaspace       used 89596K, capacity 92273K, committed 93312K, reserved 1130496K
  class space    used 11389K, capacity 12306K, committed 12672K, reserved 1048576K
}
Event: 20.798 GC heap after
{Heap after GC invocations=53 (full 0):
 garbage-first heap   total 225280K, used 140449K [0x0000000080000000, 0x0000000100000000)
  region size 1024K, 4 young (4096K), 4 survivors (4096K)
 Metaspace       used 89596K, capacity 92273K, committed 93312K, reserved 1130496K
  class space    used 11389K, capacity 12306K, committed 12672K, reserved 1048576K
}
Event: 20.846 GC heap before
{Heap before GC invocations=53 (full 0):
 garbage-first heap   total 225280K, used 191649K [0x0000000080000000, 0x0000000100000000)
  region size 1024K, 54 young (55296K), 4 survivors (4096K)
 Metaspace       used 89603K, capacity 92273K, committed 93312K, reserved 1130496K
  class space    used 11389K, capacity 12306K, committed 12672K, reserved 1048576K
}
Event: 20.850 GC heap after
{Heap after GC invocations=54 (full 0):
 garbage-first heap   total 225280K, used 141462K [0x0000000080000000, 0x0000000100000000)
  region size 1024K, 2 young (2048K), 2 survivors (2048K)
 Metaspace       used 89603K, capacity 92273K, committed 93312K, reserved 1130496K
  class space    used 11389K, capacity 12306K, committed 12672K, reserved 1048576K
}
Event: 20.896 GC heap before
{Heap before GC invocations=54 (full 0):
 garbage-first heap   total 225280K, used 191638K [0x0000000080000000, 0x0000000100000000)
  region size 1024K, 52 young (53248K), 2 survivors (2048K)
 Metaspace       used 89681K, capacity 92337K, committed 93312K, reserved 1130496K
  class space    used 11394K, capacity 12306K, committed 12672K, reserved 1048576K
}
Event: 20.899 GC heap after
{Heap after GC invocations=55 (full 0):
 garbage-first heap   total 225280K, used 142792K [0x0000000080000000, 0x0000000100000000)
  region size 1024K, 4 young (4096K), 4 survivors (4096K)
 Metaspace       used 89681K, capacity 92337K, committed 93312K, reserved 1130496K
  class space    used 11394K, capacity 12306K, committed 12672K, reserved 1048576K
}
Event: 20.930 GC heap before
{Heap before GC invocations=56 (full 0):
 garbage-first heap   total 225280K, used 192968K [0x0000000080000000, 0x0000000100000000)
  region size 1024K, 53 young (54272K), 4 survivors (4096K)
 Metaspace       used 89698K, capacity 92337K, committed 93312K, reserved 1130496K
  class space    used 11394K, capacity 12306K, committed 12672K, reserved 1048576K
}
Event: 20.932 GC heap after
{Heap after GC invocations=57 (full 0):
 garbage-first heap   total 225280K, used 142857K [0x0000000080000000, 0x0000000100000000)
  region size 1024K, 4 young (4096K), 4 survivors (4096K)
 Metaspace       used 89698K, capacity 92337K, committed 93312K, reserved 1130496K
  class space    used 11394K, capacity 12306K, committed 12672K, reserved 1048576K
}
Event: 20.961 GC heap before
{Heap before GC invocations=57 (full 0):
 garbage-first heap   total 225280K, used 194057K [0x0000000080000000, 0x0000000100000000)
  region size 1024K, 54 young (55296K), 4 survivors (4096K)
 Metaspace       used 89703K, capacity 92337K, committed 93312K, reserved 1130496K
  class space    used 11394K, capacity 12306K, committed 12672K, reserved 1048576K
}
Event: 20.966 GC heap after
{Heap after GC invocations=58 (full 0):
 garbage-first heap   total 270336K, used 143970K [0x0000000080000000, 0x0000000100000000)
  region size 1024K, 5 young (5120K), 5 survivors (5120K)
 Metaspace       used 89703K, capacity 92337K, committed 93312K, reserved 1130496K
  class space    used 11394K, capacity 12306K, committed 12672K, reserved 1048576K
}
Event: 21.176 GC heap before
{Heap before GC invocations=58 (full 0):
 garbage-first heap   total 270336K, used 217698K [0x0000000080000000, 0x0000000100000000)
  region size 1024K, 77 young (78848K), 5 survivors (5120K)
 Metaspace       used 89718K, capacity 92401K, committed 93312K, reserved 1130496K
  class space    used 11394K, capacity 12306K, committed 12672K, reserved 1048576K
}
Event: 21.180 GC heap after
{Heap after GC invocations=59 (full 0):
 garbage-first heap   total 270336K, used 144597K [0x0000000080000000, 0x0000000100000000)
  region size 1024K, 6 young (6144K), 6 survivors (6144K)
 Metaspace       used 89718K, capacity 92401K, committed 93312K, reserved 1130496K
  class space    used 11394K, capacity 12306K, committed 12672K, reserved 1048576K
}
Event: 21.299 GC heap before
{Heap before GC invocations=60 (full 0):
 garbage-first heap   total 270336K, used 222421K [0x0000000080000000, 0x0000000100000000)
  region size 1024K, 82 young (83968K), 6 survivors (6144K)
 Metaspace       used 89726K, capacity 92401K, committed 93312K, reserved 1130496K
  class space    used 11394K, capacity 12306K, committed 12672K, reserved 1048576K
}
Event: 21.303 GC heap after
{Heap after GC invocations=61 (full 0):
 garbage-first heap   total 270336K, used 144809K [0x0000000080000000, 0x0000000100000000)
  region size 1024K, 6 young (6144K), 6 survivors (6144K)
 Metaspace       used 89726K, capacity 92401K, committed 93312K, reserved 1130496K
  class space    used 11394K, capacity 12306K, committed 12672K, reserved 1048576K
}
Event: 21.386 GC heap before
{Heap before GC invocations=61 (full 0):
 garbage-first heap   total 270336K, used 230825K [0x0000000080000000, 0x0000000100000000)
  region size 1024K, 90 young (92160K), 6 survivors (6144K)
 Metaspace       used 89765K, capacity 92486K, committed 93568K, reserved 1130496K
  class space    used 11404K, capacity 12313K, committed 12672K, reserved 1048576K
}
Event: 21.392 GC heap after
{Heap after GC invocations=62 (full 0):
 garbage-first heap   total 270336K, used 145286K [0x0000000080000000, 0x0000000100000000)
  region size 1024K, 6 young (6144K), 6 survivors (6144K)
 Metaspace       used 89765K, capacity 92486K, committed 93568K, reserved 1130496K
  class space    used 11404K, capacity 12313K, committed 12672K, reserved 1048576K
}
Event: 21.481 GC heap before
{Heap before GC invocations=62 (full 0):
 garbage-first heap   total 270336K, used 232326K [0x0000000080000000, 0x0000000100000000)
  region size 1024K, 91 young (93184K), 6 survivors (6144K)
 Metaspace       used 89816K, capacity 92596K, committed 93568K, reserved 1130496K
  class space    used 11417K, capacity 12350K, committed 12672K, reserved 1048576K
}

Deoptimization events (20 events):
Event: 20.877 Thread 0x000001eb84dd7000 DEOPT PACKING pc=0x000001ebf1a40870 sp=0x0000007b60bfa6d0
Event: 20.877 Thread 0x000001eb84dd7000 DEOPT UNPACKING pc=0x000001ebe9f478af sp=0x0000007b60bfa638 mode 2
Event: 20.877 Thread 0x000001eb84dd7000 Uncommon trap: trap_request=0xffffff4d fr.pc=0x000001ebf1aa1d94 relative=0x0000000000000554
Event: 20.877 Thread 0x000001eb84dd7000 Uncommon trap: reason=unstable_if action=reinterpret pc=0x000001ebf1aa1d94 method=java.lang.String.replace(CC)Ljava/lang/String; @ 9 c2
Event: 20.877 Thread 0x000001eb84dd7000 DEOPT PACKING pc=0x000001ebf1aa1d94 sp=0x0000007b60bfa560
Event: 20.877 Thread 0x000001eb84dd7000 DEOPT UNPACKING pc=0x000001ebe9f478af sp=0x0000007b60bfa518 mode 2
Event: 20.877 Thread 0x000001eb84dd7000 Uncommon trap: trap_request=0xffffff4d fr.pc=0x000001ebf1fc54f0 relative=0x0000000000000250
Event: 20.877 Thread 0x000001eb84dd7000 Uncommon trap: reason=unstable_if action=reinterpret pc=0x000001ebf1fc54f0 method=java.lang.String.indexOf(II)I @ 4 c2
Event: 20.877 Thread 0x000001eb84dd7000 DEOPT PACKING pc=0x000001ebf1fc54f0 sp=0x0000007b60bfa6e0
Event: 20.877 Thread 0x000001eb84dd7000 DEOPT UNPACKING pc=0x000001ebe9f478af sp=0x0000007b60bfa430 mode 2
Event: 20.877 Thread 0x000001eb84dd7000 Uncommon trap: trap_request=0xffffff4d fr.pc=0x000001ebf1fc4df0 relative=0x00000000000001b0
Event: 20.877 Thread 0x000001eb84dd7000 Uncommon trap: reason=unstable_if action=reinterpret pc=0x000001ebf1fc4df0 method=java.lang.String.indexOf(II)I @ 4 c2
Event: 20.877 Thread 0x000001eb84dd7000 DEOPT PACKING pc=0x000001ebf1fc4df0 sp=0x0000007b60bfa590
Event: 20.877 Thread 0x000001eb84dd7000 DEOPT UNPACKING pc=0x000001ebe9f478af sp=0x0000007b60bfa4a0 mode 2
Event: 21.028 Thread 0x000001eb84dd0800 Uncommon trap: trap_request=0xffffff4d fr.pc=0x000001ebf1fd1ad4 relative=0x00000000000028f4
Event: 21.028 Thread 0x000001eb84dd0800 Uncommon trap: reason=unstable_if action=reinterpret pc=0x000001ebf1fd1ad4 method=org.objectweb.asm.ClassReader.readVerificationTypeInfo(I[Ljava/lang/Object;I[C[Lorg/objectweb/asm/Label;)I @ 21 c2
Event: 21.028 Thread 0x000001eb84dd0800 DEOPT PACKING pc=0x000001ebf1fd1ad4 sp=0x0000007b609fa800
Event: 21.028 Thread 0x000001eb84dd0800 DEOPT UNPACKING pc=0x000001ebe9f478af sp=0x0000007b609fa720 mode 2
Event: 21.439 Thread 0x000001eb84dd1800 DEOPT PACKING pc=0x000001ebebc6ee5a sp=0x0000007b60dfab90
Event: 21.439 Thread 0x000001eb84dd1800 DEOPT UNPACKING pc=0x000001ebe9f476ce sp=0x0000007b60dfa0f0 mode 0

Classes redefined (0 events):
No events

Internal exceptions (20 events):
Event: 17.975 Thread 0x000001eb83913800 Implicit null exception at 0x000001ebf1dc7e8d to 0x000001ebf1dc853c
Event: 18.150 Thread 0x000001eb83913800 Exception <a 'java/lang/NoSuchMethodError'{0x0000000089955a10}: 'int java.lang.invoke.DirectMethodHandle$Holder.invokeStatic(java.lang.Object, java.lang.Object, int, java.lang.Object)'> (0x0000000089955a10) thrown at [./src/hotspot/share/interpreter/linkResolver.cpp, line 773]
Event: 18.208 Thread 0x000001eb83913800 Exception <a 'sun/nio/fs/WindowsException'{0x0000000089887c90}> (0x0000000089887c90) thrown at [./src/hotspot/share/prims/jni.cpp, line 615]
Event: 18.208 Thread 0x000001eb83913800 Exception <a 'sun/nio/fs/WindowsException'{0x0000000089889008}> (0x0000000089889008) thrown at [./src/hotspot/share/prims/jni.cpp, line 615]
Event: 18.208 Thread 0x000001eb83913800 Exception <a 'sun/nio/fs/WindowsException'{0x000000008988a3d0}> (0x000000008988a3d0) thrown at [./src/hotspot/share/prims/jni.cpp, line 615]
Event: 18.209 Thread 0x000001eb83913800 Exception <a 'sun/nio/fs/WindowsException'{0x000000008988b798}> (0x000000008988b798) thrown at [./src/hotspot/share/prims/jni.cpp, line 615]
Event: 18.478 Thread 0x000001eb83913800 Exception <a 'java/lang/reflect/InvocationTargetException'{0x0000000088290ff0}> (0x0000000088290ff0) thrown at [./src/hotspot/share/runtime/reflection.cpp, line 1247]
Event: 18.568 Thread 0x000001eb83913800 Implicit null exception at 0x000001ebf1eb6f99 to 0x000001ebf1eb861c
Event: 19.154 Thread 0x000001eb84ccf800 Exception <a 'java/lang/NoSuchMethodError'{0x0000000089223cc8}: 'java.lang.Object java.lang.invoke.DirectMethodHandle$Holder.invokeSpecialIFC(java.lang.Object, java.lang.Object, java.lang.Object)'> (0x0000000089223cc8) thrown at [./src/hotspot/share/interpreter/linkResolver.cpp, line 773]
Event: 19.154 Thread 0x000001eb84dd7000 Exception <a 'java/lang/NoSuchMethodError'{0x00000000892303e0}: 'java.lang.Object java.lang.invoke.DirectMethodHandle$Holder.invokeSpecialIFC(java.lang.Object, java.lang.Object, java.lang.Object)'> (0x00000000892303e0) thrown at [./src/hotspot/share/interpreter/linkResolver.cpp, line 773]
Event: 19.154 Thread 0x000001eb84cd3000 Exception <a 'java/lang/NoSuchMethodError'{0x00000000893fb388}: 'java.lang.Object java.lang.invoke.DirectMethodHandle$Holder.invokeSpecialIFC(java.lang.Object, java.lang.Object, java.lang.Object)'> (0x00000000893fb388) thrown at [./src/hotspot/share/interpreter/linkResolver.cpp, line 773]
Event: 19.154 Thread 0x000001eb84dd4800 Exception <a 'java/lang/NoSuchMethodError'{0x00000000893ec440}: 'java.lang.Object java.lang.invoke.DirectMethodHandle$Holder.invokeSpecialIFC(java.lang.Object, java.lang.Object, java.lang.Object)'> (0x00000000893ec440) thrown at [./src/hotspot/share/interpreter/linkResolver.cpp, line 773]
Event: 19.154 Thread 0x000001eb84dd0800 Exception <a 'java/lang/NoSuchMethodError'{0x000000008920afb0}: 'java.lang.Object java.lang.invoke.DirectMethodHandle$Holder.invokeSpecialIFC(java.lang.Object, java.lang.Object, java.lang.Object)'> (0x000000008920afb0) thrown at [./src/hotspot/share/interpreter/linkResolver.cpp, line 773]
Event: 19.154 Thread 0x000001eb84dd1800 Exception <a 'java/lang/NoSuchMethodError'{0x0000000089243b38}: 'java.lang.Object java.lang.invoke.DirectMethodHandle$Holder.invokeSpecialIFC(java.lang.Object, java.lang.Object, java.lang.Object)'> (0x0000000089243b38) thrown at [./src/hotspot/share/interpreter/linkResolver.cpp, line 773]
Event: 19.154 Thread 0x000001eb84dd4000 Exception <a 'java/lang/NoSuchMethodError'{0x000000008923c330}: 'java.lang.Object java.lang.invoke.DirectMethodHandle$Holder.invokeSpecialIFC(java.lang.Object, java.lang.Object, java.lang.Object)'> (0x000000008923c330) thrown at [./src/hotspot/share/interpreter/linkResolver.cpp, line 773]
Event: 19.210 Thread 0x000001eb84dd0800 Exception <a 'java/lang/NoSuchMethodError'{0x0000000088dc1e38}: 'int java.lang.invoke.DirectMethodHandle$Holder.invokeStaticInit(java.lang.Object, java.lang.Object, java.lang.Object, java.lang.Object, java.lang.Object)'> (0x0000000088dc1e38) thrown at [./src/hotspot/share/interpreter/linkResolver.cpp, line 773]
Event: 19.487 Thread 0x000001eb84dd4800 Exception <a 'java/lang/NoSuchMethodError'{0x0000000089a43c88}: 'void java.lang.invoke.DirectMethodHandle$Holder.invokeVirtual(java.lang.Object, java.lang.Object)'> (0x0000000089a43c88) thrown at [./src/hotspot/share/interpreter/linkResolver.cpp, line 773]
Event: 20.852 Thread 0x000001eb84dd7000 Implicit null exception at 0x000001ebf1fc96df to 0x000001ebf1fca6e4
Event: 21.350 Thread 0x000001eb84dd7000 Exception <a 'sun/nio/fs/WindowsException'{0x000000008da8ca60}> (0x000000008da8ca60) thrown at [./src/hotspot/share/prims/jni.cpp, line 615]
Event: 21.436 Thread 0x000001eb84dd7000 Exception <a 'java/lang/NoSuchMethodError'{0x000000008f2d85d0}: 'void java.lang.invoke.DirectMethodHandle$Holder.invokeStatic(java.lang.Object, java.lang.Object, java.lang.Object, java.lang.Object, java.lang.Object, java.lang.Object, java.lang.Object)'> (0x000000008f2d85d0) thrown at [./src/hotspot/share/interpreter/linkResolver.cpp, line 773]

Events (20 events):
Event: 21.439 loading class com/google/common/collect/Maps$TransformedEntriesNavigableMap done
Event: 21.440 loading class com/google/common/collect/Maps$TransformedEntriesSortedMap
Event: 21.440 loading class com/google/common/collect/Maps$TransformedEntriesSortedMap done
Event: 21.459 loading class com/google/common/collect/Maps$TransformedEntriesMap
Event: 21.459 loading class com/google/common/collect/Maps$TransformedEntriesMap done
Event: 21.460 loading class com/google/common/collect/Maps$IteratorBasedAbstractMap
Event: 21.460 loading class com/google/common/collect/Maps$IteratorBasedAbstractMap done
Event: 21.461 loading class com/google/common/collect/Maps$IteratorBasedAbstractMap$1
Event: 21.461 loading class com/google/common/collect/Maps$IteratorBasedAbstractMap$1 done
Event: 21.463 loading class com/google/common/collect/Maps$13
Event: 21.463 loading class com/google/common/collect/Maps$13 done
Event: 21.463 loading class com/google/common/collect/Maps$12
Event: 21.463 loading class com/google/common/collect/Maps$12 done
Event: 21.464 loading class org/gradle/internal/snapshot/FileSystemLocationSnapshot
Event: 21.464 loading class org/gradle/internal/snapshot/FileSystemLocationSnapshot done
Event: 21.464 loading class org/gradle/internal/snapshot/FileSystemLocationSnapshot
Event: 21.464 loading class org/gradle/internal/snapshot/FileSystemLocationSnapshot done
Event: 21.464 loading class org/gradle/internal/execution/history/impl/DefaultOutputFilesRepository
Event: 21.464 loading class org/gradle/internal/execution/history/impl/DefaultOutputFilesRepository done
Event: 21.480 Executing VM operation: G1CollectForAllocation


Dynamic libraries:
0x00007ff6b1920000 - 0x00007ff6b192a000 	C:\Program Files\Android\Android Studio3\jre\bin\java.exe
0x00007ffae8900000 - 0x00007ffae8b0f000 	C:\WINDOWS\SYSTEM32\ntdll.dll
0x00007ffae7cf0000 - 0x00007ffae7dad000 	C:\WINDOWS\System32\KERNEL32.DLL
0x00007ffae62a0000 - 0x00007ffae6626000 	C:\WINDOWS\System32\KERNELBASE.dll
0x00007ffae2ec0000 - 0x00007ffae2f52000 	C:\WINDOWS\SYSTEM32\apphelp.dll
0x00007ffae6030000 - 0x00007ffae6141000 	C:\WINDOWS\System32\ucrtbase.dll
0x00007ffada440000 - 0x00007ffada459000 	C:\Program Files\Android\Android Studio3\jre\bin\jli.dll
0x00007ffad45b0000 - 0x00007ffad45c7000 	C:\Program Files\Android\Android Studio3\jre\bin\VCRUNTIME140.dll
0x00007ffae72d0000 - 0x00007ffae747b000 	C:\WINDOWS\System32\USER32.dll
0x00007ffae6000000 - 0x00007ffae6026000 	C:\WINDOWS\System32\win32u.dll
0x00007ffad3740000 - 0x00007ffad39e1000 	C:\WINDOWS\WinSxS\amd64_microsoft.windows.common-controls_6595b64144ccf1df_6.0.22468.1000_none_266f4f372a53a5e7\COMCTL32.dll
0x00007ffae7bb0000 - 0x00007ffae7bd9000 	C:\WINDOWS\System32\GDI32.dll
0x00007ffae7580000 - 0x00007ffae7624000 	C:\WINDOWS\System32\msvcrt.dll
0x00007ffae5dd0000 - 0x00007ffae5ee7000 	C:\WINDOWS\System32\gdi32full.dll
0x00007ffae5f60000 - 0x00007ffae5ffb000 	C:\WINDOWS\System32\msvcp_win.dll
0x00007ffae7540000 - 0x00007ffae7571000 	C:\WINDOWS\System32\IMM32.DLL
0x00007ffad40a0000 - 0x00007ffad413d000 	C:\Program Files\Android\Android Studio3\jre\bin\msvcp140.dll
0x00007ffaa8630000 - 0x00007ffaa90ff000 	C:\Program Files\Android\Android Studio3\jre\bin\server\jvm.dll
0x00007ffae7810000 - 0x00007ffae78be000 	C:\WINDOWS\System32\ADVAPI32.dll
0x00007ffae7770000 - 0x00007ffae780f000 	C:\WINDOWS\System32\sechost.dll
0x00007ffae7a90000 - 0x00007ffae7bb0000 	C:\WINDOWS\System32\RPCRT4.dll
0x00007ffae7a50000 - 0x00007ffae7a58000 	C:\WINDOWS\System32\PSAPI.DLL
0x00007ffadaa40000 - 0x00007ffadaa73000 	C:\WINDOWS\SYSTEM32\WINMM.dll
0x00007ffae3810000 - 0x00007ffae3819000 	C:\WINDOWS\SYSTEM32\WSOCK32.dll
0x00007ffae20c0000 - 0x00007ffae20ca000 	C:\WINDOWS\SYSTEM32\VERSION.dll
0x00007ffae7be0000 - 0x00007ffae7c51000 	C:\WINDOWS\System32\WS2_32.dll
0x00007ffae4f90000 - 0x00007ffae4fa8000 	C:\WINDOWS\SYSTEM32\kernel.appcore.dll
0x00007ffae2ab0000 - 0x00007ffae2ac1000 	C:\Program Files\Android\Android Studio3\jre\bin\verify.dll
0x00007ffade2c0000 - 0x00007ffade4e7000 	C:\WINDOWS\SYSTEM32\DBGHELP.DLL
0x00007ffae6f50000 - 0x00007ffae72cc000 	C:\WINDOWS\System32\combase.dll
0x00007ffade280000 - 0x00007ffade2b1000 	C:\WINDOWS\SYSTEM32\dbgcore.DLL
0x00007ffae6150000 - 0x00007ffae61d1000 	C:\WINDOWS\System32\bcryptPrimitives.dll
0x00007ffae2960000 - 0x00007ffae2989000 	C:\Program Files\Android\Android Studio3\jre\bin\java.dll
0x00007ffae3800000 - 0x00007ffae380b000 	C:\Program Files\Android\Android Studio3\jre\bin\jimage.dll
0x00007ffae2940000 - 0x00007ffae2958000 	C:\Program Files\Android\Android Studio3\jre\bin\zip.dll
0x00007ffae67a0000 - 0x00007ffae6f4b000 	C:\WINDOWS\System32\SHELL32.dll
0x00007ffae3e30000 - 0x00007ffae468c000 	C:\WINDOWS\SYSTEM32\windows.storage.dll
0x00007ffae3cc0000 - 0x00007ffae3e28000 	C:\WINDOWS\SYSTEM32\wintypes.dll
0x00007ffae86e0000 - 0x00007ffae87d0000 	C:\WINDOWS\System32\SHCORE.dll
0x00007ffae7c90000 - 0x00007ffae7ceb000 	C:\WINDOWS\System32\shlwapi.dll
0x00007ffae5d00000 - 0x00007ffae5d21000 	C:\WINDOWS\SYSTEM32\profapi.dll
0x00007ffae2920000 - 0x00007ffae293a000 	C:\Program Files\Android\Android Studio3\jre\bin\net.dll
0x00007ffadf020000 - 0x00007ffadf130000 	C:\WINDOWS\SYSTEM32\WINHTTP.dll
0x00007ffae53e0000 - 0x00007ffae5449000 	C:\WINDOWS\system32\mswsock.dll
0x00007ffae2900000 - 0x00007ffae2914000 	C:\Program Files\Android\Android Studio3\jre\bin\nio.dll
0x00007ffadb580000 - 0x00007ffadb5a7000 	C:\Users\xpmkm\.gradle\native\8bec1ad78214c89d9ad589b4d07fe93259594b29d510b10fafb7a158f7737e5d\windows-amd64\native-platform.dll
0x00007ffac1cd0000 - 0x00007ffac1e0d000 	C:\Users\xpmkm\.gradle\native\53dbd7edfb1c66fb8903c78663c9afc45aea4f116125fa6feffd364cf09443e8\windows-amd64\native-platform-file-events.dll
0x00007ffae37e0000 - 0x00007ffae37ea000 	C:\Program Files\Android\Android Studio3\jre\bin\management.dll
0x00007ffae28b0000 - 0x00007ffae28bc000 	C:\Program Files\Android\Android Studio3\jre\bin\management_ext.dll
0x00007ffae5630000 - 0x00007ffae5648000 	C:\WINDOWS\SYSTEM32\CRYPTSP.dll
0x00007ffae4ef0000 - 0x00007ffae4f25000 	C:\WINDOWS\system32\rsaenh.dll
0x00007ffae54e0000 - 0x00007ffae5509000 	C:\WINDOWS\SYSTEM32\USERENV.dll
0x00007ffae57b0000 - 0x00007ffae57d8000 	C:\WINDOWS\SYSTEM32\bcrypt.dll
0x00007ffae5650000 - 0x00007ffae565c000 	C:\WINDOWS\SYSTEM32\CRYPTBASE.dll
0x00007ffae4970000 - 0x00007ffae499d000 	C:\WINDOWS\SYSTEM32\IPHLPAPI.DLL
0x00007ffae7a60000 - 0x00007ffae7a69000 	C:\WINDOWS\System32\NSI.dll
0x00007ffae3130000 - 0x00007ffae3149000 	C:\WINDOWS\SYSTEM32\dhcpcsvc6.DLL
0x00007ffae3110000 - 0x00007ffae312e000 	C:\WINDOWS\SYSTEM32\dhcpcsvc.DLL
0x00007ffae49a0000 - 0x00007ffae4a91000 	C:\WINDOWS\SYSTEM32\DNSAPI.dll
0x00007ffae48d0000 - 0x00007ffae4904000 	C:\WINDOWS\SYSTEM32\ntmarta.dll

dbghelp: loaded successfully - version: 4.0.5 - missing functions: none
symbol engine: initialized successfully - sym options: 0x614 - pdb path: .;C:\Program Files\Android\Android Studio3\jre\bin;C:\WINDOWS\SYSTEM32;C:\WINDOWS\WinSxS\amd64_microsoft.windows.common-controls_6595b64144ccf1df_6.0.22468.1000_none_266f4f372a53a5e7;C:\Program Files\Android\Android Studio3\jre\bin\server;C:\Users\xpmkm\.gradle\native\8bec1ad78214c89d9ad589b4d07fe93259594b29d510b10fafb7a158f7737e5d\windows-amd64;C:\Users\xpmkm\.gradle\native\53dbd7edfb1c66fb8903c78663c9afc45aea4f116125fa6feffd364cf09443e8\windows-amd64

VM Arguments:
jvm_args: --add-opens=java.base/java.util=ALL-UNNAMED --add-opens=java.base/java.lang=ALL-UNNAMED --add-opens=java.base/java.lang.invoke=ALL-UNNAMED --add-opens=java.base/java.util=ALL-UNNAMED --add-opens=java.prefs/java.util.prefs=ALL-UNNAMED --add-opens=java.prefs/java.util.prefs=ALL-UNNAMED --add-opens=java.base/java.nio.charset=ALL-UNNAMED --add-opens=java.base/java.net=ALL-UNNAMED --add-opens=java.base/java.util.concurrent.atomic=ALL-UNNAMED -Xmx2048m -Dfile.encoding=UTF-8 -Duser.country=IN -Duser.language=en -Duser.variant 
java_command: org.gradle.launcher.daemon.bootstrap.GradleDaemon 7.0.2
java_class_path (initial): C:\Users\xpmkm\.gradle\wrapper\dists\gradle-7.0.2-bin\857tjihv64xamwrf0h14cai3r\gradle-7.0.2\lib\gradle-launcher-7.0.2.jar
Launcher Type: SUN_STANDARD

[Global flags]
     intx CICompilerCount                          = 4                                         {product} {ergonomic}
     uint ConcGCThreads                            = 2                                         {product} {ergonomic}
     uint G1ConcRefinementThreads                  = 8                                         {product} {ergonomic}
   size_t G1HeapRegionSize                         = 1048576                                   {product} {ergonomic}
    uintx GCDrainStackTargetSize                   = 64                                        {product} {ergonomic}
   size_t InitialHeapSize                          = 132120576                                 {product} {ergonomic}
   size_t MarkStackSize                            = 4194304                                   {product} {ergonomic}
   size_t MaxHeapSize                              = 2147483648                                {product} {command line}
   size_t MaxNewSize                               = 1287651328                                {product} {ergonomic}
   size_t MinHeapDeltaBytes                        = 1048576                                   {product} {ergonomic}
    uintx NonNMethodCodeHeapSize                   = 5836300                                {pd product} {ergonomic}
    uintx NonProfiledCodeHeapSize                  = 122910970                              {pd product} {ergonomic}
    uintx ProfiledCodeHeapSize                     = 122910970                              {pd product} {ergonomic}
    uintx ReservedCodeCacheSize                    = 251658240                              {pd product} {ergonomic}
     bool SegmentedCodeCache                       = true                                      {product} {ergonomic}
     bool UseCompressedClassPointers               = true                                 {lp64_product} {ergonomic}
     bool UseCompressedOops                        = true                                 {lp64_product} {ergonomic}
     bool UseG1GC                                  = true                                      {product} {ergonomic}
     bool UseLargePagesIndividualAllocation        = false                                  {pd product} {ergonomic}

Logging:
Log output configuration:
 #0: stdout all=warning uptime,level,tags
 #1: stderr all=off uptime,level,tags

Environment Variables:
PATH=C:\Program Files (x86)\Common Files\Oracle\Java\javapath;C:\WINDOWS\system32;C:\WINDOWS;C:\WINDOWS\System32\Wbem;C:\WINDOWS\System32\WindowsPowerShell\v1.0\;C:\WINDOWS\System32\OpenSSH\;C:\Program Files\Git\cmd;C:\Program Files\nodejs\;C:\xampp\php;C:\ProgramData\ComposerSetup\bin;C:\Users\xpmkm\AppData\Local\Android\Sdk\platform-tools;C:\Program Files\Java\jdk1.8.0_231\bin;C:\Program Files\opnsl\bin;C:\Users\xpmkm\AppData\Roaming\npm;C:\Users\xpmkm\AppData\Local\Programs\Microsoft VS Code\bin;C:\Program Files\flutter\bin;C:\Users\xpmkm\AppData\Roaming\Composer\vendor\bin;C:\Users\xpmkm\AppData\Local\Microsoft\WindowsApps;
USERNAME=xpmkm
OS=Windows_NT
PROCESSOR_IDENTIFIER=AMD64 Family 23 Model 24 Stepping 1, AuthenticAMD



---------------  S Y S T E M  ---------------

OS: Windows 10 , 64 bit Build 22468 (10.0.22468.1000)
OS uptime: 5 days 17:25 hours

CPU:total 8 (initial active 8) (8 cores per cpu, 2 threads per core) family 23 model 24 stepping 1 microcode 0x0, cmov, cx8, fxsr, mmx, sse, sse2, sse3, ssse3, sse4.1, sse4.2, popcnt, avx, avx2, aes, clmul, mmxext, 3dnowpref, lzcnt, sse4a, ht, tsc, tscinvbit, tscinv, bmi1, bmi2, adx, s

Memory: 4k page, system-wide physical 8002M (295M free)
TotalPageFile size 12098M (AvailPageFile size 68M)
current process WorkingSet (physical memory assigned to process): 540M, peak: 541M
current process commit charge ("private bytes"): 578M, peak: 746M

vm_info: OpenJDK 64-Bit Server VM (11.0.10+0-b96-7249189) for windows-amd64 JRE (11.0.10+0-b96-7249189), built on Mar 31 2021 21:44:00 by "builder" with MS VC++ 14.0 (VS2015)

END.
