#
# There is insufficient memory for the Java Runtime Environment to continue.
# Native memory allocation (mmap) failed to map 111149056 bytes for Failed to commit area from 0x0000000091b00000 to 0x0000000098500000 of length 111149056.
# Possible reasons:
#   The system is out of physical RAM or swap space
#   The process is running with CompressedOops enabled, and the Java Heap may be blocking the growth of the native heap
# Possible solutions:
#   Reduce memory load on the system
#   Increase physical memory or swap space
#   Check if swap backing store is full
#   Decrease Java heap size (-Xmx/-Xms)
#   Decrease number of Java threads
#   Decrease Java thread stack sizes (-Xss)
#   Set larger code cache with -XX:ReservedCodeCacheSize=
#   JVM is running with Unscaled Compressed Oops mode in which the Java heap is
#     placed in the first 4GB address space. The Java Heap base address is the
#     maximum limit for the native heap growth. Please use -XX:HeapBaseMinAddress
#     to set the Java Heap base and to place the Java Heap above 4GB virtual address.
# This output file may be truncated or incomplete.
#
#  Out of Memory Error (./src/hotspot/os/windows/os_windows.cpp:3301), pid=7192, tid=15320
#
# JRE version: OpenJDK Runtime Environment (11.0.10) (build 11.0.10+0-b96-7249189)
# Java VM: OpenJDK 64-Bit Server VM (11.0.10+0-b96-7249189, mixed mode, tiered, compressed oops, g1 gc, windows-amd64)
# No core dump will be written. Minidumps are not enabled by default on client versions of Windows
#

---------------  S U M M A R Y ------------

Command Line: --add-opens=java.base/java.util=ALL-UNNAMED --add-opens=java.base/java.lang=ALL-UNNAMED --add-opens=java.base/java.lang.invoke=ALL-UNNAMED --add-opens=java.base/java.util=ALL-UNNAMED --add-opens=java.prefs/java.util.prefs=ALL-UNNAMED --add-opens=java.prefs/java.util.prefs=ALL-UNNAMED --add-opens=java.base/java.nio.charset=ALL-UNNAMED --add-opens=java.base/java.net=ALL-UNNAMED --add-opens=java.base/java.util.concurrent.atomic=ALL-UNNAMED -Xmx2048m -Dfile.encoding=UTF-8 -Duser.country=IN -Duser.language=en -Duser.variant org.gradle.launcher.daemon.bootstrap.GradleDaemon 7.0.2

Host: AMD Ryzen 5 3550H with Radeon Vega Mobile Gfx  , 8 cores, 7G,  Windows 10 , 64 bit Build 22489 (10.0.22489.1000)
Time: Mon Nov  8 17:50:11 2021 India Standard Time elapsed time: 19.232609 seconds (0d 0h 0m 19s)

---------------  T H R E A D  ---------------

Current thread (0x0000025fffb48000):  VMThread "VM Thread" [stack: 0x000000a5ae300000,0x000000a5ae400000] [id=15320]

Stack: [0x000000a5ae300000,0x000000a5ae400000]
[error occurred during error reporting (printing stack bounds), id 0xc0000005, EXCEPTION_ACCESS_VIOLATION (0xc0000005) at pc=0x0000025f80000f2d]

Native frames: (J=compiled Java code, j=interpreted, Vv=VM code, C=native code)
V  [jvm.dll+0x5ecfaa]
V  [jvm.dll+0x722bd5]
V  [jvm.dll+0x72412d]
V  [jvm.dll+0x724745]
V  [jvm.dll+0x7246fb]
V  [jvm.dll+0x5ec348]
V  [jvm.dll+0x5ecad8]
C  [ntdll.dll+0xa589f]
C  [ntdll.dll+0x13ac6]
C  [ntdll.dll+0xa488e]
C  0x0000025f80000f2d

VM_Operation (0x000000a5b36fdf20): G1CollectForAllocation, mode: safepoint, requested by thread 0x0000025fa03b9000


---------------  P R O C E S S  ---------------

Threads class SMR info:
_java_thread_list=0x0000025fa07c04b0, length=76, elements={
0x0000025ffa6e3800, 0x0000025fffb5f800, 0x0000025fffb51800, 0x0000025fffb67000,
0x0000025fffb68800, 0x0000025fffb69800, 0x0000025fffbb6800, 0x0000025fffbba000,
0x0000025fffbbd800, 0x0000025fffd51800, 0x0000025f97992000, 0x0000025fffe09800,
0x0000025f9807e800, 0x0000025f96ab7800, 0x0000025f97b10800, 0x0000025f98adb800,
0x0000025f97b80800, 0x0000025f97e8d800, 0x0000025f97e8e800, 0x0000025f984d6800,
0x0000025f984d8800, 0x0000025f984da800, 0x0000025f984d9000, 0x0000025f980a1800,
0x0000025f984da000, 0x0000025f984db800, 0x0000025f984d6000, 0x0000025f984dc800,
0x0000025f984d7800, 0x0000025f9ad79000, 0x0000025f9ad63000, 0x0000025f9ad62800,
0x0000025f9ad60800, 0x0000025f9ad5d800, 0x0000025f9ad60000, 0x0000025f9ad64000,
0x0000025f9ad65000, 0x0000025f9ad5f000, 0x0000025f9ad6b800, 0x0000025f9ad6a800,
0x0000025f9ad67000, 0x0000025f9ad65800, 0x0000025f9ad6c000, 0x0000025f9ad68000,
0x0000025f9ad66800, 0x0000025f9ad69000, 0x0000025f9ad69800, 0x0000025f96bc2800,
0x0000025f96bc6000, 0x0000025f96bc1000, 0x0000025f96bc3800, 0x0000025f96bc0000,
0x0000025f96bc5000, 0x0000025f96bc7800, 0x0000025f96bc2000, 0x0000025f96bcb000,
0x0000025f96bca000, 0x0000025f96bcc800, 0x0000025f96bc8800, 0x0000025f96bc9000,
0x0000025f96bcb800, 0x0000025f96bcf000, 0x0000025fa03b4800, 0x0000025fa03b3800,
0x0000025fa03b5000, 0x0000025fa03b6000, 0x0000025fa03b0000, 0x0000025fa03b7000,
0x0000025fa03b1000, 0x0000025fa03b2800, 0x0000025fa03b7800, 0x0000025fa03b2000,
0x0000025fa03bc800, 0x0000025fa03bd800, 0x0000025fa03b9000, 0x0000025fa03bb800
}

Java Threads: ( => current thread )
  0x0000025ffa6e3800 JavaThread "main" [_thread_blocked, id=12244, stack(0x000000a5add00000,0x000000a5ade00000)]
  0x0000025fffb5f800 JavaThread "Reference Handler" daemon [_thread_blocked, id=17252, stack(0x000000a5ae400000,0x000000a5ae500000)]
  0x0000025fffb51800 JavaThread "Finalizer" daemon [_thread_blocked, id=7856, stack(0x000000a5ae500000,0x000000a5ae600000)]
  0x0000025fffb67000 JavaThread "Signal Dispatcher" daemon [_thread_blocked, id=16468, stack(0x000000a5ae600000,0x000000a5ae700000)]
  0x0000025fffb68800 JavaThread "Attach Listener" daemon [_thread_blocked, id=5828, stack(0x000000a5ae700000,0x000000a5ae800000)]
  0x0000025fffb69800 JavaThread "Service Thread" daemon [_thread_blocked, id=14520, stack(0x000000a5ae800000,0x000000a5ae900000)]
  0x0000025fffbb6800 JavaThread "C2 CompilerThread0" daemon [_thread_in_native, id=5808, stack(0x000000a5ae900000,0x000000a5aea00000)]
  0x0000025fffbba000 JavaThread "C1 CompilerThread0" daemon [_thread_blocked, id=7280, stack(0x000000a5aea00000,0x000000a5aeb00000)]
  0x0000025fffbbd800 JavaThread "Sweeper thread" daemon [_thread_blocked, id=8344, stack(0x000000a5aeb00000,0x000000a5aec00000)]
  0x0000025fffd51800 JavaThread "Common-Cleaner" daemon [_thread_blocked, id=11476, stack(0x000000a5aec00000,0x000000a5aed00000)]
  0x0000025f97992000 JavaThread "Daemon health stats" [_thread_blocked, id=10484, stack(0x000000a5af200000,0x000000a5af300000)]
  0x0000025fffe09800 JavaThread "Incoming local TCP Connector on port 51988" [_thread_in_native, id=4352, stack(0x000000a5aee00000,0x000000a5aef00000)]
  0x0000025f9807e800 JavaThread "Daemon periodic checks" [_thread_blocked, id=14508, stack(0x000000a5aef00000,0x000000a5af000000)]
  0x0000025f96ab7800 JavaThread "Daemon" [_thread_blocked, id=13396, stack(0x000000a5af300000,0x000000a5af400000)]
  0x0000025f97b10800 JavaThread "Handler for socket connection from /127.0.0.1:51988 to /127.0.0.1:51989" [_thread_in_native, id=13088, stack(0x000000a5af400000,0x000000a5af500000)]
  0x0000025f98adb800 JavaThread "Cancel handler" [_thread_blocked, id=17100, stack(0x000000a5af500000,0x000000a5af600000)]
  0x0000025f97b80800 JavaThread "Daemon worker" [_thread_blocked, id=8512, stack(0x000000a5af600000,0x000000a5af700000)]
  0x0000025f97e8d800 JavaThread "Asynchronous log dispatcher for DefaultDaemonConnection: socket connection from /127.0.0.1:51988 to /127.0.0.1:51989" [_thread_blocked, id=16324, stack(0x000000a5af700000,0x000000a5af800000)]
  0x0000025f97e8e800 JavaThread "Stdin handler" [_thread_blocked, id=14824, stack(0x000000a5af800000,0x000000a5af900000)]
  0x0000025f984d6800 JavaThread "Daemon client event forwarder" [_thread_blocked, id=2392, stack(0x000000a5af900000,0x000000a5afa00000)]
  0x0000025f984d8800 JavaThread "Cache worker for file hash cache (C:\Users\xpmkm\.gradle\caches\7.0.2\fileHashes)" [_thread_blocked, id=2708, stack(0x000000a5aff00000,0x000000a5b0000000)]
  0x0000025f984da800 JavaThread "File lock request listener" [_thread_in_native, id=9300, stack(0x000000a5b0000000,0x000000a5b0100000)]
  0x0000025f984d9000 JavaThread "Cache worker for journal cache (C:\Users\xpmkm\.gradle\caches\journal-1)" [_thread_blocked, id=14260, stack(0x000000a5b0200000,0x000000a5b0300000)]
  0x0000025f980a1800 JavaThread "C2 CompilerThread1" daemon [_thread_in_native, id=14444, stack(0x000000a5b0300000,0x000000a5b0400000)]
  0x0000025f984da000 JavaThread "Cache worker for file hash cache (D:\marwari_mart_workspace\marwariMartUserApp\.gradle\7.0.2\fileHashes)" [_thread_blocked, id=9556, stack(0x000000a5b0400000,0x000000a5b0500000)]
  0x0000025f984db800 JavaThread "File watcher server" daemon [_thread_blocked, id=12148, stack(0x000000a5b0500000,0x000000a5b0600000)]
  0x0000025f984d6000 JavaThread "File watcher consumer" daemon [_thread_blocked, id=6944, stack(0x000000a5b0600000,0x000000a5b0700000)]
  0x0000025f984dc800 JavaThread "Cache worker for checksums cache (D:\marwari_mart_workspace\marwariMartUserApp\.gradle\checksums)" [_thread_blocked, id=4940, stack(0x000000a5b0700000,0x000000a5b0800000)]
  0x0000025f984d7800 JavaThread "Cache worker for cache directory md-supplier (C:\Users\xpmkm\.gradle\caches\7.0.2\md-supplier)" [_thread_blocked, id=17184, stack(0x000000a5b0800000,0x000000a5b0900000)]
  0x0000025f9ad79000 JavaThread "C2 CompilerThread2" daemon [_thread_blocked, id=15904, stack(0x000000a5b0900000,0x000000a5b0a00000)]
  0x0000025f9ad63000 JavaThread "Cache worker for cache directory md-rule (C:\Users\xpmkm\.gradle\caches\7.0.2\md-rule)" [_thread_blocked, id=14100, stack(0x000000a5b0a00000,0x000000a5b0b00000)]
  0x0000025f9ad62800 JavaThread "Cache worker for execution history cache (C:\Users\xpmkm\.gradle\caches\7.0.2\executionHistory)" [_thread_blocked, id=6912, stack(0x000000a5b0b00000,0x000000a5b0c00000)]
  0x0000025f9ad60800 JavaThread "jar transforms" [_thread_blocked, id=4036, stack(0x000000a5b0c00000,0x000000a5b0d00000)]
  0x0000025f9ad5d800 JavaThread "jar transforms Thread 2" [_thread_blocked, id=7996, stack(0x000000a5b0d00000,0x000000a5b0e00000)]
  0x0000025f9ad60000 JavaThread "Cache worker for file content cache (C:\Users\xpmkm\.gradle\caches\7.0.2\fileContent)" [_thread_blocked, id=12648, stack(0x000000a5b0e00000,0x000000a5b0f00000)]
  0x0000025f9ad64000 JavaThread "Cache worker for dependencies-accessors (D:\marwari_mart_workspace\marwariMartUserApp\.gradle\7.0.2\dependencies-accessors)" [_thread_blocked, id=11996, stack(0x000000a5b0f00000,0x000000a5b1000000)]
  0x0000025f9ad65000 JavaThread "jar transforms Thread 3" [_thread_blocked, id=11100, stack(0x000000a5b1000000,0x000000a5b1100000)]
  0x0000025f9ad5f000 JavaThread "Cache worker for Build Output Cleanup Cache (D:\marwari_mart_workspace\marwariMartUserApp\.gradle\buildOutputCleanup)" [_thread_blocked, id=2336, stack(0x000000a5b1100000,0x000000a5b1200000)]
  0x0000025f9ad6b800 JavaThread "Build operations" [_thread_blocked, id=5080, stack(0x000000a5b1200000,0x000000a5b1300000)]
  0x0000025f9ad6a800 JavaThread "Build operations Thread 2" [_thread_blocked, id=15728, stack(0x000000a5b1300000,0x000000a5b1400000)]
  0x0000025f9ad67000 JavaThread "Build operations Thread 3" [_thread_blocked, id=8948, stack(0x000000a5b1400000,0x000000a5b1500000)]
  0x0000025f9ad65800 JavaThread "Build operations Thread 4" [_thread_blocked, id=7712, stack(0x000000a5b1500000,0x000000a5b1600000)]
  0x0000025f9ad6c000 JavaThread "Build operations Thread 5" [_thread_blocked, id=9208, stack(0x000000a5b1600000,0x000000a5b1700000)]
  0x0000025f9ad68000 JavaThread "Build operations Thread 6" [_thread_blocked, id=7792, stack(0x000000a5b1700000,0x000000a5b1800000)]
  0x0000025f9ad66800 JavaThread "Build operations Thread 7" [_thread_blocked, id=14924, stack(0x000000a5b1800000,0x000000a5b1900000)]
  0x0000025f9ad69000 JavaThread "Build operations Thread 8" [_thread_blocked, id=10112, stack(0x000000a5b1900000,0x000000a5b1a00000)]
  0x0000025f9ad69800 JavaThread "jar transforms Thread 4" [_thread_blocked, id=15284, stack(0x000000a5b1a00000,0x000000a5b1b00000)]
  0x0000025f96bc2800 JavaThread "jar transforms Thread 5" [_thread_blocked, id=4456, stack(0x000000a5b1b00000,0x000000a5b1c00000)]
  0x0000025f96bc6000 JavaThread "jar transforms Thread 6" [_thread_blocked, id=16816, stack(0x000000a5b1c00000,0x000000a5b1d00000)]
  0x0000025f96bc1000 JavaThread "jar transforms Thread 7" [_thread_blocked, id=14664, stack(0x000000a5b1d00000,0x000000a5b1e00000)]
  0x0000025f96bc3800 JavaThread "jar transforms Thread 8" [_thread_blocked, id=14472, stack(0x000000a5b1e00000,0x000000a5b1f00000)]
  0x0000025f96bc0000 JavaThread "Memory manager" [_thread_blocked, id=14744, stack(0x000000a5b1f00000,0x000000a5b2000000)]
  0x0000025f96bc5000 JavaThread "build event listener" [_thread_blocked, id=7724, stack(0x000000a5b2000000,0x000000a5b2100000)]
  0x0000025f96bc7800 JavaThread "Execution worker for ':'" [_thread_blocked, id=9464, stack(0x000000a5b2100000,0x000000a5b2200000)]
  0x0000025f96bc2000 JavaThread "Execution worker for ':' Thread 2" [_thread_blocked, id=14032, stack(0x000000a5b2200000,0x000000a5b2300000)]
  0x0000025f96bcb000 JavaThread "Execution worker for ':' Thread 3" [_thread_blocked, id=16788, stack(0x000000a5b2300000,0x000000a5b2400000)]
  0x0000025f96bca000 JavaThread "Execution worker for ':' Thread 4" [_thread_blocked, id=6756, stack(0x000000a5b2400000,0x000000a5b2500000)]
  0x0000025f96bcc800 JavaThread "Execution worker for ':' Thread 5" [_thread_blocked, id=16832, stack(0x000000a5b2500000,0x000000a5b2600000)]
  0x0000025f96bc8800 JavaThread "Execution worker for ':' Thread 6" [_thread_blocked, id=15560, stack(0x000000a5b2600000,0x000000a5b2700000)]
  0x0000025f96bc9000 JavaThread "Execution worker for ':' Thread 7" [_thread_blocked, id=14628, stack(0x000000a5b2700000,0x000000a5b2800000)]
  0x0000025f96bcb800 JavaThread "Cache worker for execution history cache (D:\marwari_mart_workspace\marwariMartUserApp\.gradle\7.0.2\executionHistory)" [_thread_blocked, id=6996, stack(0x000000a5b2800000,0x000000a5b2900000)]
  0x0000025f96bcf000 JavaThread "WorkerExecutor Queue" [_thread_blocked, id=16244, stack(0x000000a5b2900000,0x000000a5b2a00000)]
  0x0000025fa03b4800 JavaThread "WorkerExecutor Queue Thread 2" [_thread_blocked, id=7924, stack(0x000000a5b2a00000,0x000000a5b2b00000)]
  0x0000025fa03b3800 JavaThread "WorkerExecutor Queue Thread 3" [_thread_blocked, id=11872, stack(0x000000a5b2b00000,0x000000a5b2c00000)]
  0x0000025fa03b5000 JavaThread "WorkerExecutor Queue Thread 4" [_thread_blocked, id=11992, stack(0x000000a5b2c00000,0x000000a5b2d00000)]
  0x0000025fa03b6000 JavaThread "pool-3-thread-1" [_thread_blocked, id=1472, stack(0x000000a5b2d00000,0x000000a5b2e00000)]
  0x0000025fa03b0000 JavaThread "stderr" [_thread_in_native, id=6004, stack(0x000000a5b2e00000,0x000000a5b2f00000)]
  0x0000025fa03b7000 JavaThread "stdout" [_thread_in_native, id=8576, stack(0x000000a5b2f00000,0x000000a5b3000000)]
  0x0000025fa03b1000 JavaThread "ForkJoinPool-1-worker-3" daemon [_thread_blocked, id=7516, stack(0x000000a5b3000000,0x000000a5b3100000)]
  0x0000025fa03b2800 JavaThread "ForkJoinPool-1-worker-5" daemon [_thread_blocked, id=1396, stack(0x000000a5b3100000,0x000000a5b3200000)]
  0x0000025fa03b7800 JavaThread "ForkJoinPool-1-worker-7" daemon [_thread_blocked, id=15688, stack(0x000000a5b3200000,0x000000a5b3300000)]
  0x0000025fa03b2000 JavaThread "ForkJoinPool-1-worker-9" daemon [_thread_blocked, id=3316, stack(0x000000a5b3300000,0x000000a5b3400000)]
  0x0000025fa03bc800 JavaThread "ForkJoinPool-1-worker-11" daemon [_thread_blocked, id=5972, stack(0x000000a5b3400000,0x000000a5b3500000)]
  0x0000025fa03bd800 JavaThread "ForkJoinPool-1-worker-13" daemon [_thread_blocked, id=7740, stack(0x000000a5b3500000,0x000000a5b3600000)]
  0x0000025fa03b9000 JavaThread "ForkJoinPool-1-worker-15" daemon [_thread_blocked, id=5100, stack(0x000000a5b3600000,0x000000a5b3700000)]
  0x0000025fa03bb800 JavaThread "ForkJoinPool-1-worker-1" daemon [_thread_blocked, id=11824, stack(0x000000a5b3700000,0x000000a5b3800000)]

Other Threads:
=>0x0000025fffb48000 VMThread "VM Thread" [stack: 0x000000a5ae300000,0x000000a5ae400000] [id=15320]
  0x0000025fffd65800 WatcherThread [stack: 0x000000a5aed00000,0x000000a5aee00000] [id=3812]
  0x0000025ffa6fd800 GCTaskThread "GC Thread#0" [stack: 0x000000a5ade00000,0x000000a5adf00000] [id=6644]
  0x0000025f9650d000 GCTaskThread "GC Thread#1" [stack: 0x000000a5af000000,0x000000a5af100000] [id=984]
  0x0000025f963db000 GCTaskThread "GC Thread#2" [stack: 0x000000a5af100000,0x000000a5af200000] [id=15936]
  0x0000025f974d6000 GCTaskThread "GC Thread#3" [stack: 0x000000a5afa00000,0x000000a5afb00000] [id=4488]
  0x0000025f978ae800 GCTaskThread "GC Thread#4" [stack: 0x000000a5afb00000,0x000000a5afc00000] [id=11808]
  0x0000025f98069000 GCTaskThread "GC Thread#5" [stack: 0x000000a5afc00000,0x000000a5afd00000] [id=16676]
  0x0000025f980cb800 GCTaskThread "GC Thread#6" [stack: 0x000000a5afd00000,0x000000a5afe00000] [id=5240]
  0x0000025f980cc000 GCTaskThread "GC Thread#7" [stack: 0x000000a5afe00000,0x000000a5aff00000] [id=11668]
  0x0000025ffa72f800 ConcurrentGCThread "G1 Main Marker" [stack: 0x000000a5adf00000,0x000000a5ae000000] [id=16536]
  0x0000025ffa730800 ConcurrentGCThread "G1 Conc#0" [stack: 0x000000a5ae000000,0x000000a5ae100000] [id=10632]
  0x0000025f97d40000 ConcurrentGCThread "G1 Conc#1" [stack: 0x000000a5b0100000,0x000000a5b0200000] [id=10372]
  0x0000025ffa7ad800 ConcurrentGCThread "G1 Refine#0" [stack: 0x000000a5ae100000,0x000000a5ae200000] [id=7644]
  0x0000025f9d974000 ConcurrentGCThread "G1 Refine#1" [stack: 0x000000a5b3800000,0x000000a5b3900000] [id=1072]
  0x0000025fff994800 ConcurrentGCThread "G1 Young RemSet Sampling" [stack: 0x000000a5ae200000,0x000000a5ae300000] [id=6664]

Threads with active compile tasks:
C2 CompilerThread0  19247 12527       4       com.android.tools.r8.dex.j::e (654 bytes)
C2 CompilerThread1  19247 12914 %     4       com.android.tools.r8.code.w1::a @ 20 (4137 bytes)
C2 CompilerThread2  19247 12832       4       com.android.tools.r8.dex.j::b (36 bytes)

VM state:at safepoint (normal execution)

VM Mutex/Monitor currently owned by a thread:  ([mutex/lock_event])
[0x0000025ffa6df730] Threads_lock - owner thread: 0x0000025fffb48000
[0x0000025ffa6df100] Heap_lock - owner thread: 0x0000025fa03b9000

Heap address: 0x0000000080000000, size: 2048 MB, Compressed Oops mode: 32-bit
Narrow klass base: 0x0000000000000000, Narrow klass shift: 3
Compressed class space size: 1073741824 Address: 0x0000000100000000

Heap:
 garbage-first heap   total 398336K, used 236053K [0x0000000080000000, 0x0000000100000000)
  region size 1024K, 3 young (3072K), 3 survivors (3072K)
 Metaspace       used 93027K, capacity 95764K, committed 95872K, reserved 1132544K
  class space    used 12169K, capacity 13206K, committed 13260K, reserved 1048576K
Heap Regions: E=young(eden), S=young(survivor), O=old, HS=humongous(starts), HC=humongous(continues), CS=collection set, F=free, A=archive, TAMS=top-at-mark-start (previous, next)
|   0|0x0000000080000000, 0x0000000080100000, 0x0000000080100000|100%| O|  |TAMS 0x0000000080100000, 0x0000000080100000| Untracked 
|   1|0x0000000080100000, 0x0000000080200000, 0x0000000080200000|100%| O|  |TAMS 0x0000000080200000, 0x0000000080200000| Untracked 
|   2|0x0000000080200000, 0x0000000080300000, 0x0000000080300000|100%| O|  |TAMS 0x0000000080300000, 0x0000000080300000| Untracked 
|   3|0x0000000080300000, 0x0000000080400000, 0x0000000080400000|100%|HS|  |TAMS 0x0000000080400000, 0x0000000080400000| Complete 
|   4|0x0000000080400000, 0x0000000080500000, 0x0000000080500000|100%|HC|  |TAMS 0x0000000080500000, 0x0000000080500000| Complete 
|   5|0x0000000080500000, 0x0000000080600000, 0x0000000080600000|100%|HC|  |TAMS 0x0000000080600000, 0x0000000080600000| Complete 
|   6|0x0000000080600000, 0x0000000080700000, 0x0000000080700000|100%| O|  |TAMS 0x0000000080700000, 0x0000000080700000| Untracked 
|   7|0x0000000080700000, 0x0000000080800000, 0x0000000080800000|100%| O|  |TAMS 0x0000000080800000, 0x0000000080800000| Untracked 
|   8|0x0000000080800000, 0x0000000080900000, 0x0000000080900000|100%| O|  |TAMS 0x0000000080900000, 0x0000000080900000| Untracked 
|   9|0x0000000080900000, 0x0000000080a00000, 0x0000000080a00000|100%| O|  |TAMS 0x0000000080a00000, 0x0000000080a00000| Untracked 
|  10|0x0000000080a00000, 0x0000000080b00000, 0x0000000080b00000|100%| O|  |TAMS 0x0000000080b00000, 0x0000000080b00000| Untracked 
|  11|0x0000000080b00000, 0x0000000080c00000, 0x0000000080c00000|100%| O|  |TAMS 0x0000000080c00000, 0x0000000080c00000| Untracked 
|  12|0x0000000080c00000, 0x0000000080d00000, 0x0000000080d00000|100%| O|  |TAMS 0x0000000080d00000, 0x0000000080d00000| Untracked 
|  13|0x0000000080d00000, 0x0000000080e00000, 0x0000000080e00000|100%| O|  |TAMS 0x0000000080e00000, 0x0000000080e00000| Untracked 
|  14|0x0000000080e00000, 0x0000000080f00000, 0x0000000080f00000|100%| O|  |TAMS 0x0000000080f00000, 0x0000000080f00000| Untracked 
|  15|0x0000000080f00000, 0x0000000081000000, 0x0000000081000000|100%| O|  |TAMS 0x0000000081000000, 0x0000000081000000| Untracked 
|  16|0x0000000081000000, 0x0000000081100000, 0x0000000081100000|100%| O|  |TAMS 0x0000000081100000, 0x0000000081100000| Untracked 
|  17|0x0000000081100000, 0x0000000081200000, 0x0000000081200000|100%| O|  |TAMS 0x0000000081200000, 0x0000000081200000| Untracked 
|  18|0x0000000081200000, 0x0000000081300000, 0x0000000081300000|100%|HS|  |TAMS 0x0000000081300000, 0x0000000081300000| Complete 
|  19|0x0000000081300000, 0x0000000081400000, 0x0000000081400000|100%| O|  |TAMS 0x0000000081400000, 0x0000000081400000| Untracked 
|  20|0x0000000081400000, 0x0000000081500000, 0x0000000081500000|100%| O|  |TAMS 0x0000000081500000, 0x0000000081500000| Untracked 
|  21|0x0000000081500000, 0x0000000081600000, 0x0000000081600000|100%| O|  |TAMS 0x0000000081600000, 0x0000000081600000| Untracked 
|  22|0x0000000081600000, 0x0000000081700000, 0x0000000081700000|100%| O|  |TAMS 0x0000000081700000, 0x0000000081700000| Untracked 
|  23|0x0000000081700000, 0x0000000081800000, 0x0000000081800000|100%|HS|  |TAMS 0x0000000081800000, 0x0000000081800000| Complete 
|  24|0x0000000081800000, 0x0000000081900000, 0x0000000081900000|100%|HS|  |TAMS 0x0000000081900000, 0x0000000081900000| Complete 
|  25|0x0000000081900000, 0x0000000081a00000, 0x0000000081a00000|100%|HC|  |TAMS 0x0000000081a00000, 0x0000000081a00000| Complete 
|  26|0x0000000081a00000, 0x0000000081b00000, 0x0000000081b00000|100%| O|  |TAMS 0x0000000081b00000, 0x0000000081b00000| Untracked 
|  27|0x0000000081b00000, 0x0000000081c00000, 0x0000000081c00000|100%| O|  |TAMS 0x0000000081c00000, 0x0000000081c00000| Untracked 
|  28|0x0000000081c00000, 0x0000000081d00000, 0x0000000081d00000|100%| O|  |TAMS 0x0000000081d00000, 0x0000000081d00000| Untracked 
|  29|0x0000000081d00000, 0x0000000081e00000, 0x0000000081e00000|100%| O|  |TAMS 0x0000000081e00000, 0x0000000081e00000| Untracked 
|  30|0x0000000081e00000, 0x0000000081f00000, 0x0000000081f00000|100%| O|  |TAMS 0x0000000081f00000, 0x0000000081f00000| Untracked 
|  31|0x0000000081f00000, 0x0000000082000000, 0x0000000082000000|100%| O|  |TAMS 0x0000000082000000, 0x0000000082000000| Untracked 
|  32|0x0000000082000000, 0x0000000082100000, 0x0000000082100000|100%| O|  |TAMS 0x0000000082100000, 0x0000000082100000| Untracked 
|  33|0x0000000082100000, 0x0000000082200000, 0x0000000082200000|100%| O|  |TAMS 0x0000000082200000, 0x0000000082200000| Untracked 
|  34|0x0000000082200000, 0x0000000082300000, 0x0000000082300000|100%| O|  |TAMS 0x0000000082300000, 0x0000000082300000| Untracked 
|  35|0x0000000082300000, 0x0000000082400000, 0x0000000082400000|100%| O|  |TAMS 0x0000000082400000, 0x0000000082400000| Untracked 
|  36|0x0000000082400000, 0x0000000082500000, 0x0000000082500000|100%| O|  |TAMS 0x0000000082500000, 0x0000000082500000| Untracked 
|  37|0x0000000082500000, 0x0000000082600000, 0x0000000082600000|100%| O|  |TAMS 0x0000000082600000, 0x0000000082600000| Untracked 
|  38|0x0000000082600000, 0x0000000082700000, 0x0000000082700000|100%| O|  |TAMS 0x0000000082700000, 0x0000000082700000| Untracked 
|  39|0x0000000082700000, 0x0000000082800000, 0x0000000082800000|100%| O|  |TAMS 0x0000000082800000, 0x0000000082800000| Untracked 
|  40|0x0000000082800000, 0x0000000082900000, 0x0000000082900000|100%| O|  |TAMS 0x0000000082900000, 0x0000000082900000| Untracked 
|  41|0x0000000082900000, 0x0000000082a00000, 0x0000000082a00000|100%| O|  |TAMS 0x0000000082a00000, 0x0000000082a00000| Untracked 
|  42|0x0000000082a00000, 0x0000000082b00000, 0x0000000082b00000|100%| O|  |TAMS 0x0000000082b00000, 0x0000000082b00000| Untracked 
|  43|0x0000000082b00000, 0x0000000082c00000, 0x0000000082c00000|100%| O|  |TAMS 0x0000000082c00000, 0x0000000082c00000| Untracked 
|  44|0x0000000082c00000, 0x0000000082d00000, 0x0000000082d00000|100%| O|  |TAMS 0x0000000082d00000, 0x0000000082d00000| Untracked 
|  45|0x0000000082d00000, 0x0000000082e00000, 0x0000000082e00000|100%| O|  |TAMS 0x0000000082e00000, 0x0000000082e00000| Untracked 
|  46|0x0000000082e00000, 0x0000000082f00000, 0x0000000082f00000|100%| O|  |TAMS 0x0000000082f00000, 0x0000000082f00000| Untracked 
|  47|0x0000000082f00000, 0x0000000083000000, 0x0000000083000000|100%| O|  |TAMS 0x0000000083000000, 0x0000000083000000| Untracked 
|  48|0x0000000083000000, 0x0000000083100000, 0x0000000083100000|100%| O|  |TAMS 0x0000000083100000, 0x0000000083100000| Untracked 
|  49|0x0000000083100000, 0x0000000083200000, 0x0000000083200000|100%| O|  |TAMS 0x0000000083200000, 0x0000000083200000| Untracked 
|  50|0x0000000083200000, 0x0000000083300000, 0x0000000083300000|100%| O|  |TAMS 0x0000000083300000, 0x0000000083300000| Untracked 
|  51|0x0000000083300000, 0x0000000083400000, 0x0000000083400000|100%| O|  |TAMS 0x0000000083400000, 0x0000000083400000| Untracked 
|  52|0x0000000083400000, 0x0000000083500000, 0x0000000083500000|100%| O|  |TAMS 0x0000000083500000, 0x0000000083500000| Untracked 
|  53|0x0000000083500000, 0x0000000083600000, 0x0000000083600000|100%| O|  |TAMS 0x0000000083600000, 0x0000000083600000| Untracked 
|  54|0x0000000083600000, 0x0000000083700000, 0x0000000083700000|100%| O|  |TAMS 0x0000000083700000, 0x0000000083700000| Untracked 
|  55|0x0000000083700000, 0x0000000083800000, 0x0000000083800000|100%| O|  |TAMS 0x0000000083800000, 0x0000000083800000| Untracked 
|  56|0x0000000083800000, 0x0000000083900000, 0x0000000083900000|100%| O|  |TAMS 0x0000000083900000, 0x0000000083900000| Untracked 
|  57|0x0000000083900000, 0x0000000083a00000, 0x0000000083a00000|100%| O|  |TAMS 0x0000000083a00000, 0x0000000083a00000| Untracked 
|  58|0x0000000083a00000, 0x0000000083b00000, 0x0000000083b00000|100%| O|  |TAMS 0x0000000083b00000, 0x0000000083b00000| Untracked 
|  59|0x0000000083b00000, 0x0000000083c00000, 0x0000000083c00000|100%| O|  |TAMS 0x0000000083c00000, 0x0000000083c00000| Untracked 
|  60|0x0000000083c00000, 0x0000000083d00000, 0x0000000083d00000|100%| O|  |TAMS 0x0000000083d00000, 0x0000000083d00000| Untracked 
|  61|0x0000000083d00000, 0x0000000083e00000, 0x0000000083e00000|100%| O|  |TAMS 0x0000000083e00000, 0x0000000083e00000| Untracked 
|  62|0x0000000083e00000, 0x0000000083f00000, 0x0000000083f00000|100%| O|  |TAMS 0x0000000083f00000, 0x0000000083f00000| Untracked 
|  63|0x0000000083f00000, 0x0000000084000000, 0x0000000084000000|100%| O|  |TAMS 0x0000000084000000, 0x0000000084000000| Untracked 
|  64|0x0000000084000000, 0x0000000084100000, 0x0000000084100000|100%| O|  |TAMS 0x0000000084100000, 0x0000000084100000| Untracked 
|  65|0x0000000084100000, 0x0000000084200000, 0x0000000084200000|100%| O|  |TAMS 0x0000000084200000, 0x0000000084200000| Untracked 
|  66|0x0000000084200000, 0x0000000084300000, 0x0000000084300000|100%| O|  |TAMS 0x0000000084300000, 0x0000000084300000| Untracked 
|  67|0x0000000084300000, 0x0000000084400000, 0x0000000084400000|100%| O|  |TAMS 0x0000000084400000, 0x0000000084400000| Untracked 
|  68|0x0000000084400000, 0x0000000084500000, 0x0000000084500000|100%| O|  |TAMS 0x0000000084500000, 0x0000000084500000| Untracked 
|  69|0x0000000084500000, 0x0000000084600000, 0x0000000084600000|100%| O|  |TAMS 0x0000000084600000, 0x0000000084600000| Untracked 
|  70|0x0000000084600000, 0x0000000084700000, 0x0000000084700000|100%| O|  |TAMS 0x0000000084700000, 0x0000000084700000| Untracked 
|  71|0x0000000084700000, 0x0000000084800000, 0x0000000084800000|100%| O|  |TAMS 0x0000000084800000, 0x0000000084800000| Untracked 
|  72|0x0000000084800000, 0x0000000084900000, 0x0000000084900000|100%| O|  |TAMS 0x0000000084900000, 0x0000000084900000| Untracked 
|  73|0x0000000084900000, 0x0000000084a00000, 0x0000000084a00000|100%| O|  |TAMS 0x0000000084a00000, 0x0000000084a00000| Untracked 
|  74|0x0000000084a00000, 0x0000000084b00000, 0x0000000084b00000|100%| O|  |TAMS 0x0000000084b00000, 0x0000000084b00000| Untracked 
|  75|0x0000000084b00000, 0x0000000084c00000, 0x0000000084c00000|100%| O|  |TAMS 0x0000000084c00000, 0x0000000084c00000| Untracked 
|  76|0x0000000084c00000, 0x0000000084d00000, 0x0000000084d00000|100%| O|  |TAMS 0x0000000084d00000, 0x0000000084d00000| Untracked 
|  77|0x0000000084d00000, 0x0000000084e00000, 0x0000000084e00000|100%| O|  |TAMS 0x0000000084e00000, 0x0000000084e00000| Untracked 
|  78|0x0000000084e00000, 0x0000000084f00000, 0x0000000084f00000|100%| O|  |TAMS 0x0000000084f00000, 0x0000000084f00000| Untracked 
|  79|0x0000000084f00000, 0x0000000085000000, 0x0000000085000000|100%| O|  |TAMS 0x0000000085000000, 0x0000000085000000| Untracked 
|  80|0x0000000085000000, 0x0000000085100000, 0x0000000085100000|100%| O|  |TAMS 0x0000000085100000, 0x0000000085100000| Untracked 
|  81|0x0000000085100000, 0x0000000085200000, 0x0000000085200000|100%| O|  |TAMS 0x0000000085200000, 0x0000000085200000| Untracked 
|  82|0x0000000085200000, 0x0000000085300000, 0x0000000085300000|100%| O|  |TAMS 0x0000000085300000, 0x0000000085300000| Untracked 
|  83|0x0000000085300000, 0x0000000085400000, 0x0000000085400000|100%| O|  |TAMS 0x0000000085400000, 0x0000000085400000| Untracked 
|  84|0x0000000085400000, 0x0000000085500000, 0x0000000085500000|100%|HS|  |TAMS 0x0000000085500000, 0x0000000085500000| Complete 
|  85|0x0000000085500000, 0x0000000085600000, 0x0000000085600000|100%|HC|  |TAMS 0x0000000085600000, 0x0000000085600000| Complete 
|  86|0x0000000085600000, 0x0000000085700000, 0x0000000085700000|100%|HS|  |TAMS 0x0000000085700000, 0x0000000085700000| Complete 
|  87|0x0000000085700000, 0x0000000085800000, 0x0000000085800000|100%|HS|  |TAMS 0x0000000085800000, 0x0000000085800000| Complete 
|  88|0x0000000085800000, 0x0000000085900000, 0x0000000085900000|100%|HS|  |TAMS 0x0000000085900000, 0x0000000085900000| Complete 
|  89|0x0000000085900000, 0x0000000085a00000, 0x0000000085a00000|100%|HS|  |TAMS 0x0000000085a00000, 0x0000000085a00000| Complete 
|  90|0x0000000085a00000, 0x0000000085b00000, 0x0000000085b00000|100%|HS|  |TAMS 0x0000000085b00000, 0x0000000085b00000| Complete 
|  91|0x0000000085b00000, 0x0000000085c00000, 0x0000000085c00000|100%|HS|  |TAMS 0x0000000085c00000, 0x0000000085c00000| Complete 
|  92|0x0000000085c00000, 0x0000000085d00000, 0x0000000085d00000|100%|HS|  |TAMS 0x0000000085d00000, 0x0000000085d00000| Complete 
|  93|0x0000000085d00000, 0x0000000085e00000, 0x0000000085e00000|100%|HC|  |TAMS 0x0000000085e00000, 0x0000000085e00000| Complete 
|  94|0x0000000085e00000, 0x0000000085f00000, 0x0000000085f00000|100%|HS|  |TAMS 0x0000000085f00000, 0x0000000085f00000| Complete 
|  95|0x0000000085f00000, 0x0000000086000000, 0x0000000086000000|100%|HC|  |TAMS 0x0000000086000000, 0x0000000086000000| Complete 
|  96|0x0000000086000000, 0x0000000086100000, 0x0000000086100000|100%|HS|  |TAMS 0x0000000086100000, 0x0000000086100000| Complete 
|  97|0x0000000086100000, 0x0000000086200000, 0x0000000086200000|100%|HS|  |TAMS 0x0000000086200000, 0x0000000086200000| Complete 
|  98|0x0000000086200000, 0x0000000086300000, 0x0000000086300000|100%| O|  |TAMS 0x0000000086300000, 0x0000000086300000| Untracked 
|  99|0x0000000086300000, 0x0000000086400000, 0x0000000086400000|100%| O|  |TAMS 0x0000000086400000, 0x0000000086400000| Untracked 
| 100|0x0000000086400000, 0x0000000086500000, 0x0000000086500000|100%| O|  |TAMS 0x0000000086500000, 0x0000000086500000| Untracked 
| 101|0x0000000086500000, 0x0000000086600000, 0x0000000086600000|100%| O|  |TAMS 0x0000000086600000, 0x0000000086600000| Untracked 
| 102|0x0000000086600000, 0x0000000086700000, 0x0000000086700000|100%| O|  |TAMS 0x0000000086700000, 0x0000000086700000| Untracked 
| 103|0x0000000086700000, 0x0000000086800000, 0x0000000086800000|100%|HS|  |TAMS 0x0000000086800000, 0x0000000086800000| Complete 
| 104|0x0000000086800000, 0x0000000086900000, 0x0000000086900000|100%|HC|  |TAMS 0x0000000086900000, 0x0000000086900000| Complete 
| 105|0x0000000086900000, 0x0000000086a00000, 0x0000000086a00000|100%| O|  |TAMS 0x0000000086a00000, 0x0000000086a00000| Untracked 
| 106|0x0000000086a00000, 0x0000000086b00000, 0x0000000086b00000|100%|HS|  |TAMS 0x0000000086b00000, 0x0000000086b00000| Complete 
| 107|0x0000000086b00000, 0x0000000086c00000, 0x0000000086c00000|100%| O|  |TAMS 0x0000000086c00000, 0x0000000086c00000| Untracked 
| 108|0x0000000086c00000, 0x0000000086d00000, 0x0000000086d00000|100%|HS|  |TAMS 0x0000000086d00000, 0x0000000086d00000| Complete 
| 109|0x0000000086d00000, 0x0000000086e00000, 0x0000000086e00000|100%| O|  |TAMS 0x0000000086e00000, 0x0000000086e00000| Untracked 
| 110|0x0000000086e00000, 0x0000000086f00000, 0x0000000086f00000|100%|HS|  |TAMS 0x0000000086f00000, 0x0000000086f00000| Complete 
| 111|0x0000000086f00000, 0x0000000087000000, 0x0000000087000000|100%| O|  |TAMS 0x0000000087000000, 0x0000000087000000| Untracked 
| 112|0x0000000087000000, 0x0000000087100000, 0x0000000087100000|100%|HS|  |TAMS 0x0000000087100000, 0x0000000087100000| Complete 
| 113|0x0000000087100000, 0x0000000087200000, 0x0000000087200000|100%| O|  |TAMS 0x0000000087200000, 0x0000000087200000| Untracked 
| 114|0x0000000087200000, 0x0000000087300000, 0x0000000087300000|100%|HS|  |TAMS 0x0000000087300000, 0x0000000087300000| Complete 
| 115|0x0000000087300000, 0x0000000087400000, 0x0000000087400000|100%| O|  |TAMS 0x0000000087400000, 0x0000000087400000| Untracked 
| 116|0x0000000087400000, 0x0000000087500000, 0x0000000087500000|100%|HS|  |TAMS 0x0000000087500000, 0x0000000087500000| Complete 
| 117|0x0000000087500000, 0x0000000087600000, 0x0000000087600000|100%| O|  |TAMS 0x0000000087600000, 0x0000000087600000| Untracked 
| 118|0x0000000087600000, 0x0000000087700000, 0x0000000087700000|100%| O|  |TAMS 0x0000000087700000, 0x0000000087700000| Untracked 
| 119|0x0000000087700000, 0x0000000087800000, 0x0000000087800000|100%|HS|  |TAMS 0x0000000087800000, 0x0000000087800000| Complete 
| 120|0x0000000087800000, 0x0000000087900000, 0x0000000087900000|100%|HC|  |TAMS 0x0000000087900000, 0x0000000087900000| Complete 
| 121|0x0000000087900000, 0x0000000087a00000, 0x0000000087a00000|100%| O|  |TAMS 0x0000000087a00000, 0x0000000087a00000| Untracked 
| 122|0x0000000087a00000, 0x0000000087b00000, 0x0000000087b00000|100%| O|  |TAMS 0x0000000087b00000, 0x0000000087b00000| Untracked 
| 123|0x0000000087b00000, 0x0000000087c00000, 0x0000000087c00000|100%|HS|  |TAMS 0x0000000087c00000, 0x0000000087c00000| Complete 
| 124|0x0000000087c00000, 0x0000000087d00000, 0x0000000087d00000|100%|HC|  |TAMS 0x0000000087d00000, 0x0000000087d00000| Complete 
| 125|0x0000000087d00000, 0x0000000087e00000, 0x0000000087e00000|100%| O|  |TAMS 0x0000000087e00000, 0x0000000087e00000| Untracked 
| 126|0x0000000087e00000, 0x0000000087f00000, 0x0000000087f00000|100%| O|  |TAMS 0x0000000087f00000, 0x0000000087f00000| Untracked 
| 127|0x0000000087f00000, 0x0000000088000000, 0x0000000088000000|100%| O|  |TAMS 0x0000000088000000, 0x0000000088000000| Untracked 
| 128|0x0000000088000000, 0x0000000088100000, 0x0000000088100000|100%| O|  |TAMS 0x0000000088100000, 0x0000000088100000| Untracked 
| 129|0x0000000088100000, 0x0000000088200000, 0x0000000088200000|100%| O|  |TAMS 0x0000000088200000, 0x0000000088200000| Untracked 
| 130|0x0000000088200000, 0x0000000088300000, 0x0000000088300000|100%| O|  |TAMS 0x0000000088300000, 0x0000000088300000| Untracked 
| 131|0x0000000088300000, 0x0000000088400000, 0x0000000088400000|100%| O|  |TAMS 0x0000000088400000, 0x0000000088400000| Untracked 
| 132|0x0000000088400000, 0x0000000088500000, 0x0000000088500000|100%| O|  |TAMS 0x0000000088500000, 0x0000000088500000| Untracked 
| 133|0x0000000088500000, 0x0000000088600000, 0x0000000088600000|100%| O|  |TAMS 0x0000000088600000, 0x0000000088600000| Untracked 
| 134|0x0000000088600000, 0x0000000088700000, 0x0000000088700000|100%| O|  |TAMS 0x0000000088700000, 0x0000000088700000| Untracked 
| 135|0x0000000088700000, 0x0000000088800000, 0x0000000088800000|100%| O|  |TAMS 0x0000000088800000, 0x0000000088800000| Untracked 
| 136|0x0000000088800000, 0x0000000088900000, 0x0000000088900000|100%| O|  |TAMS 0x0000000088900000, 0x0000000088900000| Untracked 
| 137|0x0000000088900000, 0x0000000088a00000, 0x0000000088a00000|100%| O|  |TAMS 0x0000000088a00000, 0x0000000088a00000| Untracked 
| 138|0x0000000088a00000, 0x0000000088b00000, 0x0000000088b00000|100%| O|  |TAMS 0x0000000088b00000, 0x0000000088b00000| Untracked 
| 139|0x0000000088b00000, 0x0000000088c00000, 0x0000000088c00000|100%| O|  |TAMS 0x0000000088c00000, 0x0000000088c00000| Untracked 
| 140|0x0000000088c00000, 0x0000000088d00000, 0x0000000088d00000|100%| O|  |TAMS 0x0000000088d00000, 0x0000000088d00000| Untracked 
| 141|0x0000000088d00000, 0x0000000088e00000, 0x0000000088e00000|100%| O|  |TAMS 0x0000000088e00000, 0x0000000088e00000| Untracked 
| 142|0x0000000088e00000, 0x0000000088f00000, 0x0000000088f00000|100%| O|  |TAMS 0x0000000088f00000, 0x0000000088f00000| Untracked 
| 143|0x0000000088f00000, 0x0000000089000000, 0x0000000089000000|100%| O|  |TAMS 0x0000000089000000, 0x0000000089000000| Untracked 
| 144|0x0000000089000000, 0x0000000089100000, 0x0000000089100000|100%| O|  |TAMS 0x0000000089100000, 0x0000000089100000| Untracked 
| 145|0x0000000089100000, 0x0000000089200000, 0x0000000089200000|100%| O|  |TAMS 0x0000000089200000, 0x0000000089200000| Untracked 
| 146|0x0000000089200000, 0x0000000089300000, 0x0000000089300000|100%| O|  |TAMS 0x0000000089300000, 0x0000000089300000| Untracked 
| 147|0x0000000089300000, 0x0000000089400000, 0x0000000089400000|100%| O|  |TAMS 0x0000000089400000, 0x0000000089400000| Untracked 
| 148|0x0000000089400000, 0x0000000089500000, 0x0000000089500000|100%| O|  |TAMS 0x0000000089500000, 0x0000000089500000| Untracked 
| 149|0x0000000089500000, 0x0000000089600000, 0x0000000089600000|100%| O|  |TAMS 0x0000000089600000, 0x0000000089600000| Untracked 
| 150|0x0000000089600000, 0x0000000089700000, 0x0000000089700000|100%| O|  |TAMS 0x0000000089700000, 0x0000000089700000| Untracked 
| 151|0x0000000089700000, 0x0000000089800000, 0x0000000089800000|100%| O|  |TAMS 0x0000000089800000, 0x0000000089800000| Untracked 
| 152|0x0000000089800000, 0x0000000089900000, 0x0000000089900000|100%| O|  |TAMS 0x0000000089900000, 0x0000000089900000| Untracked 
| 153|0x0000000089900000, 0x0000000089a00000, 0x0000000089a00000|100%| O|  |TAMS 0x0000000089a00000, 0x0000000089a00000| Untracked 
| 154|0x0000000089a00000, 0x0000000089b00000, 0x0000000089b00000|100%| O|  |TAMS 0x0000000089b00000, 0x0000000089b00000| Untracked 
| 155|0x0000000089b00000, 0x0000000089c00000, 0x0000000089c00000|100%| O|  |TAMS 0x0000000089c00000, 0x0000000089c00000| Untracked 
| 156|0x0000000089c00000, 0x0000000089d00000, 0x0000000089d00000|100%| O|  |TAMS 0x0000000089d00000, 0x0000000089d00000| Untracked 
| 157|0x0000000089d00000, 0x0000000089e00000, 0x0000000089e00000|100%| O|  |TAMS 0x0000000089e00000, 0x0000000089e00000| Untracked 
| 158|0x0000000089e00000, 0x0000000089f00000, 0x0000000089f00000|100%| O|  |TAMS 0x0000000089f00000, 0x0000000089f00000| Untracked 
| 159|0x0000000089f00000, 0x000000008a000000, 0x000000008a000000|100%| O|  |TAMS 0x000000008a000000, 0x000000008a000000| Untracked 
| 160|0x000000008a000000, 0x000000008a100000, 0x000000008a100000|100%| O|  |TAMS 0x000000008a100000, 0x000000008a100000| Untracked 
| 161|0x000000008a100000, 0x000000008a200000, 0x000000008a200000|100%| O|  |TAMS 0x000000008a200000, 0x000000008a200000| Untracked 
| 162|0x000000008a200000, 0x000000008a300000, 0x000000008a300000|100%| O|  |TAMS 0x000000008a300000, 0x000000008a300000| Untracked 
| 163|0x000000008a300000, 0x000000008a400000, 0x000000008a400000|100%| O|  |TAMS 0x000000008a400000, 0x000000008a400000| Untracked 
| 164|0x000000008a400000, 0x000000008a500000, 0x000000008a500000|100%| O|  |TAMS 0x000000008a48d000, 0x000000008a500000| Untracked 
| 165|0x000000008a500000, 0x000000008a600000, 0x000000008a600000|100%| O|  |TAMS 0x000000008a500000, 0x000000008a600000| Untracked 
| 166|0x000000008a600000, 0x000000008a700000, 0x000000008a700000|100%| O|  |TAMS 0x000000008a600000, 0x000000008a700000| Untracked 
| 167|0x000000008a700000, 0x000000008a800000, 0x000000008a800000|100%| O|  |TAMS 0x000000008a700000, 0x000000008a800000| Untracked 
| 168|0x000000008a800000, 0x000000008a900000, 0x000000008a900000|100%| O|  |TAMS 0x000000008a800000, 0x000000008a900000| Untracked 
| 169|0x000000008a900000, 0x000000008aa00000, 0x000000008aa00000|100%| O|  |TAMS 0x000000008a900000, 0x000000008aa00000| Untracked 
| 170|0x000000008aa00000, 0x000000008ab00000, 0x000000008ab00000|100%| O|  |TAMS 0x000000008aa00000, 0x000000008ab00000| Untracked 
| 171|0x000000008ab00000, 0x000000008ac00000, 0x000000008ac00000|100%| O|  |TAMS 0x000000008ab00000, 0x000000008ac00000| Untracked 
| 172|0x000000008ac00000, 0x000000008ad00000, 0x000000008ad00000|100%| O|  |TAMS 0x000000008ac00000, 0x000000008ad00000| Untracked 
| 173|0x000000008ad00000, 0x000000008ae00000, 0x000000008ae00000|100%| O|  |TAMS 0x000000008ad00000, 0x000000008ae00000| Untracked 
| 174|0x000000008ae00000, 0x000000008af00000, 0x000000008af00000|100%| O|  |TAMS 0x000000008ae00000, 0x000000008af00000| Untracked 
| 175|0x000000008af00000, 0x000000008b000000, 0x000000008b000000|100%| O|  |TAMS 0x000000008af00000, 0x000000008b000000| Untracked 
| 176|0x000000008b000000, 0x000000008b100000, 0x000000008b100000|100%| O|  |TAMS 0x000000008b000000, 0x000000008b100000| Untracked 
| 177|0x000000008b100000, 0x000000008b200000, 0x000000008b200000|100%| O|  |TAMS 0x000000008b100000, 0x000000008b200000| Untracked 
| 178|0x000000008b200000, 0x000000008b300000, 0x000000008b300000|100%| O|  |TAMS 0x000000008b200000, 0x000000008b300000| Untracked 
| 179|0x000000008b300000, 0x000000008b400000, 0x000000008b400000|100%| O|  |TAMS 0x000000008b300000, 0x000000008b400000| Untracked 
| 180|0x000000008b400000, 0x000000008b500000, 0x000000008b500000|100%| O|  |TAMS 0x000000008b400000, 0x000000008b500000| Untracked 
| 181|0x000000008b500000, 0x000000008b600000, 0x000000008b600000|100%| O|  |TAMS 0x000000008b500000, 0x000000008b600000| Untracked 
| 182|0x000000008b600000, 0x000000008b700000, 0x000000008b700000|100%| O|  |TAMS 0x000000008b600000, 0x000000008b700000| Untracked 
| 183|0x000000008b700000, 0x000000008b800000, 0x000000008b800000|100%| O|  |TAMS 0x000000008b700000, 0x000000008b800000| Untracked 
| 184|0x000000008b800000, 0x000000008b900000, 0x000000008b900000|100%| O|  |TAMS 0x000000008b800000, 0x000000008b900000| Untracked 
| 185|0x000000008b900000, 0x000000008ba00000, 0x000000008ba00000|100%| O|  |TAMS 0x000000008b900000, 0x000000008ba00000| Untracked 
| 186|0x000000008ba00000, 0x000000008bb00000, 0x000000008bb00000|100%| O|  |TAMS 0x000000008ba00000, 0x000000008bb00000| Untracked 
| 187|0x000000008bb00000, 0x000000008bc00000, 0x000000008bc00000|100%| O|  |TAMS 0x000000008bb00000, 0x000000008bc00000| Untracked 
| 188|0x000000008bc00000, 0x000000008bd00000, 0x000000008bd00000|100%| O|  |TAMS 0x000000008bc00000, 0x000000008bd00000| Untracked 
| 189|0x000000008bd00000, 0x000000008be00000, 0x000000008be00000|100%| O|  |TAMS 0x000000008bd00000, 0x000000008be00000| Untracked 
| 190|0x000000008be00000, 0x000000008bf00000, 0x000000008bf00000|100%| O|  |TAMS 0x000000008be00000, 0x000000008bf00000| Untracked 
| 191|0x000000008bf00000, 0x000000008c000000, 0x000000008c000000|100%| O|  |TAMS 0x000000008bf00000, 0x000000008c000000| Untracked 
| 192|0x000000008c000000, 0x000000008c100000, 0x000000008c100000|100%| O|  |TAMS 0x000000008c000000, 0x000000008c100000| Untracked 
| 193|0x000000008c100000, 0x000000008c200000, 0x000000008c200000|100%| O|  |TAMS 0x000000008c100000, 0x000000008c200000| Untracked 
| 194|0x000000008c200000, 0x000000008c300000, 0x000000008c300000|100%| O|  |TAMS 0x000000008c200000, 0x000000008c300000| Untracked 
| 195|0x000000008c300000, 0x000000008c400000, 0x000000008c400000|100%| O|  |TAMS 0x000000008c300000, 0x000000008c400000| Untracked 
| 196|0x000000008c400000, 0x000000008c500000, 0x000000008c500000|100%| O|  |TAMS 0x000000008c400000, 0x000000008c500000| Untracked 
| 197|0x000000008c500000, 0x000000008c600000, 0x000000008c600000|100%| O|  |TAMS 0x000000008c500000, 0x000000008c600000| Untracked 
| 198|0x000000008c600000, 0x000000008c700000, 0x000000008c700000|100%| O|  |TAMS 0x000000008c600000, 0x000000008c700000| Untracked 
| 199|0x000000008c700000, 0x000000008c800000, 0x000000008c800000|100%| O|  |TAMS 0x000000008c700000, 0x000000008c800000| Untracked 
| 200|0x000000008c800000, 0x000000008c900000, 0x000000008c900000|100%| O|  |TAMS 0x000000008c800000, 0x000000008c900000| Untracked 
| 201|0x000000008c900000, 0x000000008ca00000, 0x000000008ca00000|100%| O|  |TAMS 0x000000008c900000, 0x000000008ca00000| Untracked 
| 202|0x000000008ca00000, 0x000000008cb00000, 0x000000008cb00000|100%| O|  |TAMS 0x000000008ca00000, 0x000000008cb00000| Untracked 
| 203|0x000000008cb00000, 0x000000008cc00000, 0x000000008cc00000|100%| O|  |TAMS 0x000000008cb00000, 0x000000008cc00000| Untracked 
| 204|0x000000008cc00000, 0x000000008cd00000, 0x000000008cd00000|100%| O|  |TAMS 0x000000008cc00000, 0x000000008cd00000| Untracked 
| 205|0x000000008cd00000, 0x000000008ce00000, 0x000000008ce00000|100%| O|  |TAMS 0x000000008cd00000, 0x000000008ce00000| Untracked 
| 206|0x000000008ce00000, 0x000000008cf00000, 0x000000008cf00000|100%| O|  |TAMS 0x000000008ce00000, 0x000000008cf00000| Untracked 
| 207|0x000000008cf00000, 0x000000008d000000, 0x000000008d000000|100%| O|  |TAMS 0x000000008cf00000, 0x000000008d000000| Untracked 
| 208|0x000000008d000000, 0x000000008d100000, 0x000000008d100000|100%| O|  |TAMS 0x000000008d000000, 0x000000008d045000| Untracked 
| 209|0x000000008d100000, 0x000000008d200000, 0x000000008d200000|100%| O|  |TAMS 0x000000008d100000, 0x000000008d100000| Untracked 
| 210|0x000000008d200000, 0x000000008d300000, 0x000000008d300000|100%| O|  |TAMS 0x000000008d200000, 0x000000008d200000| Untracked 
| 211|0x000000008d300000, 0x000000008d400000, 0x000000008d400000|100%| O|  |TAMS 0x000000008d300000, 0x000000008d300000| Untracked 
| 212|0x000000008d400000, 0x000000008d500000, 0x000000008d500000|100%| O|  |TAMS 0x000000008d400000, 0x000000008d400000| Untracked 
| 213|0x000000008d500000, 0x000000008d600000, 0x000000008d600000|100%| O|  |TAMS 0x000000008d500000, 0x000000008d500000| Untracked 
| 214|0x000000008d600000, 0x000000008d700000, 0x000000008d700000|100%| O|  |TAMS 0x000000008d600000, 0x000000008d600000| Untracked 
| 215|0x000000008d700000, 0x000000008d800000, 0x000000008d800000|100%| O|  |TAMS 0x000000008d700000, 0x000000008d700000| Untracked 
| 216|0x000000008d800000, 0x000000008d900000, 0x000000008d900000|100%| O|  |TAMS 0x000000008d800000, 0x000000008d800000| Untracked 
| 217|0x000000008d900000, 0x000000008da00000, 0x000000008da00000|100%| O|  |TAMS 0x000000008d900000, 0x000000008d900000| Untracked 
| 218|0x000000008da00000, 0x000000008db00000, 0x000000008db00000|100%| O|  |TAMS 0x000000008da00000, 0x000000008da00000| Untracked 
| 219|0x000000008db00000, 0x000000008dc00000, 0x000000008dc00000|100%| O|  |TAMS 0x000000008db00000, 0x000000008db00000| Untracked 
| 220|0x000000008dc00000, 0x000000008dd00000, 0x000000008dd00000|100%| O|  |TAMS 0x000000008dd00000, 0x000000008dd00000| Untracked 
| 221|0x000000008dd00000, 0x000000008de00000, 0x000000008de00000|100%| O|  |TAMS 0x000000008dd00000, 0x000000008dd00000| Untracked 
| 222|0x000000008de00000, 0x000000008df00000, 0x000000008df00000|100%| O|  |TAMS 0x000000008de00000, 0x000000008de00000| Untracked 
| 223|0x000000008df00000, 0x000000008e000000, 0x000000008e000000|100%| O|  |TAMS 0x000000008df00000, 0x000000008df00000| Untracked 
| 224|0x000000008e000000, 0x000000008e100000, 0x000000008e100000|100%| O|  |TAMS 0x000000008e000000, 0x000000008e000000| Untracked 
| 225|0x000000008e100000, 0x000000008e200000, 0x000000008e200000|100%| O|  |TAMS 0x000000008e100000, 0x000000008e100000| Untracked 
| 226|0x000000008e200000, 0x000000008e300000, 0x000000008e300000|100%| O|  |TAMS 0x000000008e200000, 0x000000008e200000| Untracked 
| 227|0x000000008e300000, 0x000000008e385600, 0x000000008e400000| 52%| O|  |TAMS 0x000000008e300000, 0x000000008e300000| Untracked 
| 228|0x000000008e400000, 0x000000008e400000, 0x000000008e500000|  0%| F|  |TAMS 0x000000008e400000, 0x000000008e400000| Untracked 
| 229|0x000000008e500000, 0x000000008e500000, 0x000000008e600000|  0%| F|  |TAMS 0x000000008e500000, 0x000000008e500000| Untracked 
| 230|0x000000008e600000, 0x000000008e600000, 0x000000008e700000|  0%| F|  |TAMS 0x000000008e600000, 0x000000008e600000| Untracked 
| 231|0x000000008e700000, 0x000000008e700000, 0x000000008e800000|  0%| F|  |TAMS 0x000000008e700000, 0x000000008e700000| Untracked 
| 232|0x000000008e800000, 0x000000008e800000, 0x000000008e900000|  0%| F|  |TAMS 0x000000008e800000, 0x000000008e800000| Untracked 
| 233|0x000000008e900000, 0x000000008e900000, 0x000000008ea00000|  0%| F|  |TAMS 0x000000008e900000, 0x000000008e900000| Untracked 
| 234|0x000000008ea00000, 0x000000008ea00000, 0x000000008eb00000|  0%| F|  |TAMS 0x000000008ea00000, 0x000000008ea00000| Untracked 
| 235|0x000000008eb00000, 0x000000008eb00000, 0x000000008ec00000|  0%| F|  |TAMS 0x000000008eb00000, 0x000000008eb00000| Untracked 
| 236|0x000000008ec00000, 0x000000008ec00000, 0x000000008ed00000|  0%| F|  |TAMS 0x000000008ec00000, 0x000000008ec00000| Untracked 
| 237|0x000000008ed00000, 0x000000008ed00000, 0x000000008ee00000|  0%| F|  |TAMS 0x000000008ed00000, 0x000000008ed00000| Untracked 
| 238|0x000000008ee00000, 0x000000008ee00000, 0x000000008ef00000|  0%| F|  |TAMS 0x000000008ee00000, 0x000000008ee00000| Untracked 
| 239|0x000000008ef00000, 0x000000008ef00000, 0x000000008f000000|  0%| F|  |TAMS 0x000000008ef00000, 0x000000008ef00000| Untracked 
| 240|0x000000008f000000, 0x000000008f000000, 0x000000008f100000|  0%| F|  |TAMS 0x000000008f000000, 0x000000008f000000| Untracked 
| 241|0x000000008f100000, 0x000000008f100000, 0x000000008f200000|  0%| F|  |TAMS 0x000000008f100000, 0x000000008f100000| Untracked 
| 242|0x000000008f200000, 0x000000008f200000, 0x000000008f300000|  0%| F|  |TAMS 0x000000008f200000, 0x000000008f200000| Untracked 
| 243|0x000000008f300000, 0x000000008f300000, 0x000000008f400000|  0%| F|  |TAMS 0x000000008f300000, 0x000000008f300000| Untracked 
| 244|0x000000008f400000, 0x000000008f400000, 0x000000008f500000|  0%| F|  |TAMS 0x000000008f400000, 0x000000008f400000| Untracked 
| 245|0x000000008f500000, 0x000000008f500000, 0x000000008f600000|  0%| F|  |TAMS 0x000000008f500000, 0x000000008f500000| Untracked 
| 246|0x000000008f600000, 0x000000008f600000, 0x000000008f700000|  0%| F|  |TAMS 0x000000008f600000, 0x000000008f600000| Untracked 
| 247|0x000000008f700000, 0x000000008f700000, 0x000000008f800000|  0%| F|  |TAMS 0x000000008f700000, 0x000000008f700000| Untracked 
| 248|0x000000008f800000, 0x000000008f800000, 0x000000008f900000|  0%| F|  |TAMS 0x000000008f800000, 0x000000008f800000| Untracked 
| 249|0x000000008f900000, 0x000000008f900000, 0x000000008fa00000|  0%| F|  |TAMS 0x000000008f900000, 0x000000008f900000| Untracked 
| 250|0x000000008fa00000, 0x000000008fa00000, 0x000000008fb00000|  0%| F|  |TAMS 0x000000008fa00000, 0x000000008fa00000| Untracked 
| 251|0x000000008fb00000, 0x000000008fb00000, 0x000000008fc00000|  0%| F|  |TAMS 0x000000008fb00000, 0x000000008fb00000| Untracked 
| 252|0x000000008fc00000, 0x000000008fc00000, 0x000000008fd00000|  0%| F|  |TAMS 0x000000008fc00000, 0x000000008fc00000| Untracked 
| 253|0x000000008fd00000, 0x000000008fd00000, 0x000000008fe00000|  0%| F|  |TAMS 0x000000008fd00000, 0x000000008fd00000| Untracked 
| 254|0x000000008fe00000, 0x000000008fe00000, 0x000000008ff00000|  0%| F|  |TAMS 0x000000008fe00000, 0x000000008fe00000| Untracked 
| 255|0x000000008ff00000, 0x000000008ff00000, 0x0000000090000000|  0%| F|  |TAMS 0x000000008ff00000, 0x000000008ff00000| Untracked 
| 256|0x0000000090000000, 0x0000000090000000, 0x0000000090100000|  0%| F|  |TAMS 0x0000000090000000, 0x0000000090000000| Untracked 
| 257|0x0000000090100000, 0x0000000090100000, 0x0000000090200000|  0%| F|  |TAMS 0x0000000090100000, 0x0000000090100000| Untracked 
| 258|0x0000000090200000, 0x0000000090200000, 0x0000000090300000|  0%| F|  |TAMS 0x0000000090200000, 0x0000000090200000| Untracked 
| 259|0x0000000090300000, 0x0000000090300000, 0x0000000090400000|  0%| F|  |TAMS 0x0000000090300000, 0x0000000090300000| Untracked 
| 260|0x0000000090400000, 0x0000000090400000, 0x0000000090500000|  0%| F|  |TAMS 0x0000000090400000, 0x0000000090400000| Untracked 
| 261|0x0000000090500000, 0x0000000090500000, 0x0000000090600000|  0%| F|  |TAMS 0x0000000090500000, 0x0000000090500000| Untracked 
| 262|0x0000000090600000, 0x0000000090600000, 0x0000000090700000|  0%| F|  |TAMS 0x0000000090600000, 0x0000000090600000| Untracked 
| 263|0x0000000090700000, 0x0000000090700000, 0x0000000090800000|  0%| F|  |TAMS 0x0000000090700000, 0x0000000090700000| Untracked 
| 264|0x0000000090800000, 0x0000000090800000, 0x0000000090900000|  0%| F|  |TAMS 0x0000000090800000, 0x0000000090800000| Untracked 
| 265|0x0000000090900000, 0x0000000090900000, 0x0000000090a00000|  0%| F|  |TAMS 0x0000000090900000, 0x0000000090900000| Untracked 
| 266|0x0000000090a00000, 0x0000000090b00000, 0x0000000090b00000|100%| S|CS|TAMS 0x0000000090a00000, 0x0000000090a00000| Complete 
| 267|0x0000000090b00000, 0x0000000090c00000, 0x0000000090c00000|100%| S|CS|TAMS 0x0000000090b00000, 0x0000000090b00000| Complete 
| 268|0x0000000090c00000, 0x0000000090d00000, 0x0000000090d00000|100%| S|CS|TAMS 0x0000000090c00000, 0x0000000090c00000| Complete 
| 269|0x0000000090d00000, 0x0000000090d00000, 0x0000000090e00000|  0%| F|  |TAMS 0x0000000090d00000, 0x0000000090d00000| Untracked 
| 270|0x0000000090e00000, 0x0000000090e00000, 0x0000000090f00000|  0%| F|  |TAMS 0x0000000090e00000, 0x0000000090e00000| Untracked 
| 271|0x0000000090f00000, 0x0000000090f00000, 0x0000000091000000|  0%| F|  |TAMS 0x0000000090f00000, 0x0000000090f00000| Untracked 
| 272|0x0000000091000000, 0x0000000091000000, 0x0000000091100000|  0%| F|  |TAMS 0x0000000091000000, 0x0000000091000000| Untracked 
| 273|0x0000000091100000, 0x0000000091100000, 0x0000000091200000|  0%| F|  |TAMS 0x0000000091100000, 0x0000000091100000| Untracked 
| 274|0x0000000091200000, 0x0000000091200000, 0x0000000091300000|  0%| F|  |TAMS 0x0000000091200000, 0x0000000091200000| Untracked 
| 275|0x0000000091300000, 0x0000000091300000, 0x0000000091400000|  0%| F|  |TAMS 0x0000000091300000, 0x0000000091300000| Untracked 
| 276|0x0000000091400000, 0x0000000091400000, 0x0000000091500000|  0%| F|  |TAMS 0x0000000091400000, 0x0000000091400000| Untracked 
| 277|0x0000000091500000, 0x0000000091500000, 0x0000000091600000|  0%| F|  |TAMS 0x0000000091500000, 0x0000000091500000| Untracked 
| 278|0x0000000091600000, 0x0000000091600000, 0x0000000091700000|  0%| F|  |TAMS 0x0000000091600000, 0x0000000091600000| Untracked 
| 279|0x0000000091700000, 0x0000000091700000, 0x0000000091800000|  0%| F|  |TAMS 0x0000000091700000, 0x0000000091700000| Untracked 
| 280|0x0000000091800000, 0x0000000091800000, 0x0000000091900000|  0%| F|  |TAMS 0x0000000091800000, 0x0000000091800000| Untracked 
| 281|0x0000000091900000, 0x0000000091900000, 0x0000000091a00000|  0%| F|  |TAMS 0x0000000091900000, 0x0000000091900000| Untracked 
| 282|0x0000000091a00000, 0x0000000091a00000, 0x0000000091b00000|  0%| F|  |TAMS 0x0000000091a00000, 0x0000000091a00000| Untracked 

Card table byte_map: [0x0000025ffe8f0000,0x0000025ffecf0000] _byte_map_base: 0x0000025ffe4f0000

Marking Bits (Prev, Next): (CMBitMap*) 0x0000025ffa726730, (CMBitMap*) 0x0000025ffa7266f8
 Prev Bits: [0x0000025f91000000, 0x0000025f93000000)
 Next Bits: [0x0000025f8f000000, 0x0000025f91000000)

Polling page: 0x0000025ff8650000

Metaspace:

Usage:
  Non-class:     80.62 MB capacity,    78.96 MB ( 98%) used,     1.38 MB (  2%) free+waste,   284.13 KB ( <1%) overhead. 
      Class:     12.90 MB capacity,    11.88 MB ( 92%) used,   906.91 KB (  7%) free+waste,   129.31 KB ( <1%) overhead. 
       Both:     93.52 MB capacity,    90.85 MB ( 97%) used,     2.27 MB (  2%) free+waste,   413.44 KB ( <1%) overhead. 

Virtual space:
  Non-class space:       82.00 MB reserved,      80.68 MB ( 98%) committed 
      Class space:        1.00 GB reserved,      12.95 MB (  1%) committed 
             Both:        1.08 GB reserved,      93.63 MB (  8%) committed 

Chunk freelists:
   Non-Class:  54.00 KB
       Class:  42.00 KB
        Both:  96.00 KB

MaxMetaspaceSize: 17179869184.00 GB
CompressedClassSpaceSize: 1.00 GB

CodeHeap 'non-profiled nmethods': size=120000Kb used=8356Kb max_used=8356Kb free=111644Kb
 bounds [0x0000025f87ad0000, 0x0000025f88300000, 0x0000025f8f000000]
CodeHeap 'profiled nmethods': size=120000Kb used=27917Kb max_used=27917Kb free=92082Kb
 bounds [0x0000025f805a0000, 0x0000025f820f0000, 0x0000025f87ad0000]
CodeHeap 'non-nmethods': size=5760Kb used=2307Kb max_used=2360Kb free=3452Kb
 bounds [0x0000025f80000000, 0x0000025f80270000, 0x0000025f805a0000]
 total_blobs=13674 nmethods=12762 adapters=823
 compilation: enabled
              stopped_count=0, restarted_count=0
 full_count=0

Compilation events (20 events):
Event: 19.017 Thread 0x0000025fffbba000 12924       2       com.android.tools.r8.code.p0::<init> (7 bytes)
Event: 19.045 Thread 0x0000025fffbba000 nmethod 12924 0x0000025f820d7510 code [0x0000025f820d76e0, 0x0000025f820d7918]
Event: 19.045 Thread 0x0000025fffbba000 12925       2       com.android.tools.r8.dex.j::a (884 bytes)
Event: 19.050 Thread 0x0000025fffbba000 nmethod 12925 0x0000025f820d7b10 code [0x0000025f820d8040, 0x0000025f820da198]
Event: 19.059 Thread 0x0000025fffbba000 12927       2       com.android.tools.r8.code.w2::<init> (7 bytes)
Event: 19.060 Thread 0x0000025fffbba000 nmethod 12927 0x0000025f820dc790 code [0x0000025f820dc940, 0x0000025f820dca98]
Event: 19.062 Thread 0x0000025fffbba000 12928       2       java.lang.invoke.MemberName::getFactory (4 bytes)
Event: 19.062 Thread 0x0000025fffbba000 nmethod 12928 0x0000025f820dcb90 code [0x0000025f820dcd40, 0x0000025f820dce18]
Event: 19.072 Thread 0x0000025fffbba000 12930       2       com.android.tools.r8.code.S3::<init> (7 bytes)
Event: 19.072 Thread 0x0000025fffbba000 nmethod 12930 0x0000025f820dce90 code [0x0000025f820dd040, 0x0000025f820dd178]
Event: 19.072 Thread 0x0000025fffbba000 12931       2       com.android.tools.r8.code.t::<init> (7 bytes)
Event: 19.073 Thread 0x0000025fffbba000 nmethod 12931 0x0000025f820dd290 code [0x0000025f820dd460, 0x0000025f820dd628]
Event: 19.077 Thread 0x0000025fffbba000 12932       2       com.android.tools.r8.code.s::<init> (7 bytes)
Event: 19.078 Thread 0x0000025fffbba000 nmethod 12932 0x0000025f820dd790 code [0x0000025f820dd960, 0x0000025f820ddb98]
Event: 19.102 Thread 0x0000025fffbba000 12936       2       com.android.tools.r8.code.c4::<init> (7 bytes)
Event: 19.102 Thread 0x0000025fffbba000 nmethod 12936 0x0000025f820ddd90 code [0x0000025f820ddf60, 0x0000025f820de198]
Event: 19.131 Thread 0x0000025fffbba000 12937       2       com.android.tools.r8.code.N3::<init> (7 bytes)
Event: 19.131 Thread 0x0000025fffbba000 nmethod 12937 0x0000025f820de390 code [0x0000025f820de560, 0x0000025f820de798]
Event: 19.142 Thread 0x0000025fffbba000 12938 %     3       com.android.tools.r8.dex.j$c::<init> @ 49 (630 bytes)
Event: 19.146 Thread 0x0000025fffbba000 nmethod 12938% 0x0000025f820de990 code [0x0000025f820def40, 0x0000025f820e24d8]

GC Heap History (20 events):
Event: 16.961 GC heap after
{Heap after GC invocations=25 (full 0):
 garbage-first heap   total 225280K, used 94236K [0x0000000080000000, 0x0000000100000000)
  region size 1024K, 9 young (9216K), 9 survivors (9216K)
 Metaspace       used 87400K, capacity 90130K, committed 90368K, reserved 1128448K
  class space    used 11279K, capacity 12287K, committed 12364K, reserved 1048576K
}
Event: 17.480 GC heap before
{Heap before GC invocations=25 (full 0):
 garbage-first heap   total 225280K, used 136220K [0x0000000080000000, 0x0000000100000000)
  region size 1024K, 38 young (38912K), 9 survivors (9216K)
 Metaspace       used 90535K, capacity 93358K, committed 93696K, reserved 1130496K
  class space    used 11713K, capacity 12746K, committed 12876K, reserved 1048576K
}
Event: 17.494 GC heap after
{Heap after GC invocations=26 (full 0):
 garbage-first heap   total 225280K, used 117167K [0x0000000080000000, 0x0000000100000000)
  region size 1024K, 12 young (12288K), 12 survivors (12288K)
 Metaspace       used 90535K, capacity 93358K, committed 93696K, reserved 1130496K
  class space    used 11713K, capacity 12746K, committed 12876K, reserved 1048576K
}
Event: 17.881 GC heap before
{Heap before GC invocations=27 (full 0):
 garbage-first heap   total 225280K, used 189871K [0x0000000080000000, 0x0000000100000000)
  region size 1024K, 63 young (64512K), 12 survivors (12288K)
 Metaspace       used 90647K, capacity 93288K, committed 93952K, reserved 1130496K
  class space    used 11679K, capacity 12654K, committed 12876K, reserved 1048576K
}
Event: 17.956 GC heap after
{Heap after GC invocations=28 (full 0):
 garbage-first heap   total 226304K, used 149123K [0x0000000080000000, 0x0000000100000000)
  region size 1024K, 9 young (9216K), 9 survivors (9216K)
 Metaspace       used 90647K, capacity 93288K, committed 93952K, reserved 1130496K
  class space    used 11679K, capacity 12654K, committed 12876K, reserved 1048576K
}
Event: 18.284 GC heap before
{Heap before GC invocations=29 (full 0):
 garbage-first heap   total 226304K, used 182915K [0x0000000080000000, 0x0000000100000000)
  region size 1024K, 41 young (41984K), 9 survivors (9216K)
 Metaspace       used 92072K, capacity 94819K, committed 95360K, reserved 1132544K
  class space    used 12066K, capacity 13065K, committed 13260K, reserved 1048576K
}
Event: 18.310 GC heap after
{Heap after GC invocations=30 (full 0):
 garbage-first heap   total 226304K, used 161515K [0x0000000080000000, 0x0000000100000000)
  region size 1024K, 6 young (6144K), 6 survivors (6144K)
 Metaspace       used 92072K, capacity 94819K, committed 95360K, reserved 1132544K
  class space    used 12066K, capacity 13065K, committed 13260K, reserved 1048576K
}
Event: 18.498 GC heap before
{Heap before GC invocations=30 (full 0):
 garbage-first heap   total 226304K, used 185067K [0x0000000080000000, 0x0000000100000000)
  region size 1024K, 29 young (29696K), 6 survivors (6144K)
 Metaspace       used 92952K, capacity 95697K, committed 95872K, reserved 1132544K
  class space    used 12168K, capacity 13206K, committed 13260K, reserved 1048576K
}
Event: 18.518 GC heap after
{Heap after GC invocations=31 (full 0):
 garbage-first heap   total 226304K, used 173620K [0x0000000080000000, 0x0000000100000000)
  region size 1024K, 4 young (4096K), 4 survivors (4096K)
 Metaspace       used 92952K, capacity 95697K, committed 95872K, reserved 1132544K
  class space    used 12168K, capacity 13206K, committed 13260K, reserved 1048576K
}
Event: 18.596 GC heap before
{Heap before GC invocations=31 (full 0):
 garbage-first heap   total 226304K, used 188980K [0x0000000080000000, 0x0000000100000000)
  region size 1024K, 19 young (19456K), 4 survivors (4096K)
 Metaspace       used 92971K, capacity 95697K, committed 95872K, reserved 1132544K
  class space    used 12168K, capacity 13206K, committed 13260K, reserved 1048576K
}
Event: 18.608 GC heap after
{Heap after GC invocations=32 (full 0):
 garbage-first heap   total 226304K, used 181868K [0x0000000080000000, 0x0000000100000000)
  region size 1024K, 3 young (3072K), 3 survivors (3072K)
 Metaspace       used 92971K, capacity 95697K, committed 95872K, reserved 1132544K
  class space    used 12168K, capacity 13206K, committed 13260K, reserved 1048576K
}
Event: 18.665 GC heap before
{Heap before GC invocations=32 (full 0):
 garbage-first heap   total 226304K, used 192108K [0x0000000080000000, 0x0000000100000000)
  region size 1024K, 13 young (13312K), 3 survivors (3072K)
 Metaspace       used 92977K, capacity 95761K, committed 95872K, reserved 1132544K
  class space    used 12168K, capacity 13206K, committed 13260K, reserved 1048576K
}
Event: 18.681 GC heap after
{Heap after GC invocations=33 (full 0):
 garbage-first heap   total 289792K, used 188098K [0x0000000080000000, 0x0000000100000000)
  region size 1024K, 2 young (2048K), 2 survivors (2048K)
 Metaspace       used 92977K, capacity 95761K, committed 95872K, reserved 1132544K
  class space    used 12168K, capacity 13206K, committed 13260K, reserved 1048576K
}
Event: 18.918 GC heap before
{Heap before GC invocations=34 (full 0):
 garbage-first heap   total 289792K, used 219842K [0x0000000080000000, 0x0000000100000000)
  region size 1024K, 34 young (34816K), 2 survivors (2048K)
 Metaspace       used 92997K, capacity 95764K, committed 95872K, reserved 1132544K
  class space    used 12169K, capacity 13206K, committed 13260K, reserved 1048576K
}
Event: 18.938 GC heap after
{Heap after GC invocations=35 (full 0):
 garbage-first heap   total 289792K, used 204301K [0x0000000080000000, 0x0000000100000000)
  region size 1024K, 5 young (5120K), 5 survivors (5120K)
 Metaspace       used 92997K, capacity 95764K, committed 95872K, reserved 1132544K
  class space    used 12169K, capacity 13206K, committed 13260K, reserved 1048576K
}
Event: 19.018 GC heap before
{Heap before GC invocations=35 (full 0):
 garbage-first heap   total 289792K, used 228877K [0x0000000080000000, 0x0000000100000000)
  region size 1024K, 30 young (30720K), 5 survivors (5120K)
 Metaspace       used 93021K, capacity 95764K, committed 95872K, reserved 1132544K
  class space    used 12169K, capacity 13206K, committed 13260K, reserved 1048576K
}
Event: 19.039 GC heap after
{Heap after GC invocations=36 (full 0):
 garbage-first heap   total 289792K, used 218388K [0x0000000080000000, 0x0000000100000000)
  region size 1024K, 4 young (4096K), 4 survivors (4096K)
 Metaspace       used 93021K, capacity 95764K, committed 95872K, reserved 1132544K
  class space    used 12169K, capacity 13206K, committed 13260K, reserved 1048576K
}
Event: 19.105 GC heap before
{Heap before GC invocations=36 (full 0):
 garbage-first heap   total 289792K, used 236820K [0x0000000080000000, 0x0000000100000000)
  region size 1024K, 22 young (22528K), 4 survivors (4096K)
 Metaspace       used 93027K, capacity 95764K, committed 95872K, reserved 1132544K
  class space    used 12169K, capacity 13206K, committed 13260K, reserved 1048576K
}
Event: 19.123 GC heap after
{Heap after GC invocations=37 (full 0):
 garbage-first heap   total 289792K, used 228352K [0x0000000080000000, 0x0000000100000000)
  region size 1024K, 3 young (3072K), 3 survivors (3072K)
 Metaspace       used 93027K, capacity 95764K, committed 95872K, reserved 1132544K
  class space    used 12169K, capacity 13206K, committed 13260K, reserved 1048576K
}
Event: 19.200 GC heap before
{Heap before GC invocations=37 (full 0):
 garbage-first heap   total 289792K, used 241664K [0x0000000080000000, 0x0000000100000000)
  region size 1024K, 17 young (17408K), 3 survivors (3072K)
 Metaspace       used 93027K, capacity 95764K, committed 95872K, reserved 1132544K
  class space    used 12169K, capacity 13206K, committed 13260K, reserved 1048576K
}

Deoptimization events (20 events):
Event: 18.759 Thread 0x0000025fa03b2800 Uncommon trap: trap_request=0xffffffde fr.pc=0x0000025f882dcd90 relative=0x0000000000001130
Event: 18.759 Thread 0x0000025fa03b2800 Uncommon trap: reason=class_check action=maybe_recompile pc=0x0000025f882dcd90 method=java.util.Arrays$ArrayList.<init>([Ljava/lang/Object;)V @ 9 c2
Event: 18.759 Thread 0x0000025fa03b2800 DEOPT PACKING pc=0x0000025f882dcd90 sp=0x000000a5b31fedb0
Event: 18.759 Thread 0x0000025fa03b2800 DEOPT UNPACKING pc=0x0000025f800278af sp=0x000000a5b31fe6f0 mode 2
Event: 18.879 Thread 0x0000025fa03bb800 Uncommon trap: trap_request=0xffffff4d fr.pc=0x0000025f882d9ad0 relative=0x0000000000001470
Event: 18.879 Thread 0x0000025fa03bb800 Uncommon trap: reason=unstable_if action=reinterpret pc=0x0000025f882d9ad0 method=com.android.tools.r8.dex.j.i()Lcom/android/tools/r8/graph/f0; @ 38 c2
Event: 18.879 Thread 0x0000025fa03bb800 DEOPT PACKING pc=0x0000025f882d9ad0 sp=0x000000a5b37fecf0
Event: 18.879 Thread 0x0000025fa03bb800 DEOPT UNPACKING pc=0x0000025f800278af sp=0x000000a5b37fecd0 mode 2
Event: 18.952 Thread 0x0000025fa03bd800 Uncommon trap: trap_request=0xffffff4d fr.pc=0x0000025f882f06b4 relative=0x000000000000a214
Event: 18.952 Thread 0x0000025fa03bd800 Uncommon trap: reason=unstable_if action=reinterpret pc=0x0000025f882f06b4 method=com.android.tools.r8.code.w1.a(Ljava/nio/ShortBuffer;IILcom/android/tools/r8/internal/Yu;)[Lcom/android/tools/r8/code/v1; @ 541 c2
Event: 18.952 Thread 0x0000025fa03bd800 DEOPT PACKING pc=0x0000025f882f06b4 sp=0x000000a5b35fee50
Event: 18.952 Thread 0x0000025fa03bd800 DEOPT UNPACKING pc=0x0000025f800278af sp=0x000000a5b35fee60 mode 2
Event: 18.967 Thread 0x0000025fa03b2800 Uncommon trap: trap_request=0xffffff4d fr.pc=0x0000025f882f0318 relative=0x0000000000009e78
Event: 18.975 Thread 0x0000025fa03b2800 Uncommon trap: reason=unstable_if action=reinterpret pc=0x0000025f882f0318 method=com.android.tools.r8.code.w1.a(Ljava/nio/ShortBuffer;IILcom/android/tools/r8/internal/Yu;)[Lcom/android/tools/r8/code/v1; @ 301 c2
Event: 18.975 Thread 0x0000025fa03b2800 DEOPT PACKING pc=0x0000025f882f0318 sp=0x000000a5b31fedc0
Event: 18.975 Thread 0x0000025fa03b2800 DEOPT UNPACKING pc=0x0000025f800278af sp=0x000000a5b31fedd0 mode 2
Event: 18.993 Thread 0x0000025fa03bb800 Uncommon trap: trap_request=0xffffff4d fr.pc=0x0000025f882c8e44 relative=0x0000000000000f64
Event: 18.993 Thread 0x0000025fa03bb800 Uncommon trap: reason=unstable_if action=reinterpret pc=0x0000025f882c8e44 method=com.android.tools.r8.internal.zh.d(I)V @ 38 c2
Event: 18.993 Thread 0x0000025fa03bb800 DEOPT PACKING pc=0x0000025f882c8e44 sp=0x000000a5b37fe8c0
Event: 18.993 Thread 0x0000025fa03bb800 DEOPT UNPACKING pc=0x0000025f800278af sp=0x000000a5b37fe808 mode 2

Classes redefined (0 events):
No events

Internal exceptions (20 events):
Event: 15.960 Thread 0x0000025f96bc8800 Exception <a 'java/lang/NoSuchMethodError'{0x000000008b4e6a90}: <clinit>> (0x000000008b4e6a90) thrown at [./src/hotspot/share/prims/jni.cpp, line 1362]
Event: 15.964 Thread 0x0000025f96bc8800 Exception <a 'java/lang/NoSuchMethodError'{0x000000008b31da18}: <clinit>> (0x000000008b31da18) thrown at [./src/hotspot/share/prims/jni.cpp, line 1362]
Event: 15.968 Thread 0x0000025f96bc8800 Exception <a 'java/lang/NoSuchMethodError'{0x000000008b359578}: <clinit>> (0x000000008b359578) thrown at [./src/hotspot/share/prims/jni.cpp, line 1362]
Event: 15.970 Thread 0x0000025f96bc8800 Exception <a 'java/lang/NoSuchMethodError'{0x000000008b36c320}: <clinit>> (0x000000008b36c320) thrown at [./src/hotspot/share/prims/jni.cpp, line 1362]
Event: 16.244 Thread 0x0000025f9ad66800 Implicit null exception at 0x0000025f881d0dc7 to 0x0000025f881d1600
Event: 16.368 Thread 0x0000025f9ad66800 Implicit null exception at 0x0000025f881e87d2 to 0x0000025f881e8bd8
Event: 17.264 Thread 0x0000025fa03b5000 Exception <a 'sun/nio/fs/WindowsException'{0x000000008c6725b8}> (0x000000008c6725b8) thrown at [./src/hotspot/share/prims/jni.cpp, line 615]
Event: 17.392 Thread 0x0000025f96bcf000 Exception <a 'java/lang/NoSuchMethodError'{0x000000008c876010}: 'void java.lang.invoke.DirectMethodHandle$Holder.invokeStatic(java.lang.Object, long)'> (0x000000008c876010) thrown at [./src/hotspot/share/interpreter/linkResolver.cpp, line 773]
Event: 17.393 Thread 0x0000025f96bcf000 Exception <a 'java/lang/NoSuchMethodError'{0x000000008c87b228}: 'java.lang.Object java.lang.invoke.DirectMethodHandle$Holder.invokeStatic(java.lang.Object, long)'> (0x000000008c87b228) thrown at [./src/hotspot/share/interpreter/linkResolver.cpp, line 773]
Event: 17.395 Thread 0x0000025f96bcf000 Exception <a 'java/lang/NoSuchMethodError'{0x000000008c889590}: 'java.lang.Object java.lang.invoke.DirectMethodHandle$Holder.invokeStaticInit(java.lang.Object, java.lang.Object, long, java.lang.Object)'> (0x000000008c889590) thrown at [./src/hotspot/share/interpreter/linkResolver.cpp, line 773]
Event: 17.396 Thread 0x0000025f96bcf000 Exception <a 'java/lang/NoSuchMethodError'{0x000000008c163a60}: 'java.lang.Object java.lang.invoke.DirectMethodHandle$Holder.invokeStatic(java.lang.Object, java.lang.Object, long)'> (0x000000008c163a60) thrown at [./src/hotspot/share/interpreter/linkResolver.cpp, line 773]
Event: 17.396 Thread 0x0000025f96bcf000 Exception <a 'java/lang/NoSuchMethodError'{0x000000008c169fd8}: 'java.lang.Object java.lang.invoke.Invokers$Holder.linkToTargetMethod(java.lang.Object, long, java.lang.Object)'> (0x000000008c169fd8) thrown at [./src/hotspot/share/interpreter/linkResolver.cpp, line 773]
Event: 17.467 Thread 0x0000025fa03b5000 Exception <a 'java/lang/NoSuchMethodError'{0x000000008bf9a8b0}: 'java.lang.Object java.lang.invoke.DirectMethodHandle$Holder.invokeStatic(java.lang.Object, java.lang.Object, java.lang.Object, java.lang.Object, java.lang.Object, java.lang.Object, java.lang.Object, java.lang.Object, java.lang.Object, java.lang.Object, java.lang.Object, java.lang.Object, java.lang.Object, java.lang.Object, java.lang.Object, java.lang.Object, java.lang.Object, java.lang.Object, int, java.lang.Object)'> (0x000000008bf9a8b0) thr
Event: 17.468 Thread 0x0000025fa03b5000 Exception <a 'java/lang/NoSuchMethodError'{0x000000008bfa0140}: 'java.lang.Object java.lang.invoke.DirectMethodHandle$Holder.invokeStaticInit(java.lang.Object, java.lang.Object, java.lang.Object, java.lang.Object, java.lang.Object, java.lang.Object, java.lang.Object, java.lang.Object, java.lang.Object, java.lang.Object, java.lang.Object, java.lang.Object, java.lang.Object, java.lang.Object, java.lang.Object, java.lang.Object, java.lang.Object, java.lang.Object, int, java.lang.Object)'> (0x000000008bfa0140)
Event: 17.679 Thread 0x0000025f96bcf000 Exception <a 'java/lang/NoSuchMethodError'{0x000000008c850c88}: 'int java.lang.invoke.DirectMethodHandle$Holder.invokeSpecialIFC(java.lang.Object, java.lang.Object, java.lang.Object)'> (0x000000008c850c88) thrown at [./src/hotspot/share/interpreter/linkResolver.cpp, line 773]
Event: 18.214 Thread 0x0000025fa03b7800 Exception <a 'java/lang/IncompatibleClassChangeError'{0x000000008bfea7e8}: Found class java.lang.Object, but interface was expected> (0x000000008bfea7e8) thrown at [./src/hotspot/share/interpreter/linkResolver.cpp, line 839]
Event: 18.218 Thread 0x0000025fa03bc800 Exception <a 'java/lang/NoSuchMethodError'{0x000000008be100f0}: 'java.lang.Object java.lang.invoke.DirectMethodHandle$Holder.newInvokeSpecial(java.lang.Object, int)'> (0x000000008be100f0) thrown at [./src/hotspot/share/interpreter/linkResolver.cpp, line 773]
Event: 18.222 Thread 0x0000025fa03b7800 Exception <a 'java/lang/IncompatibleClassChangeError'{0x000000008be61d48}: Found class java.lang.Object, but interface was expected> (0x000000008be61d48) thrown at [./src/hotspot/share/interpreter/linkResolver.cpp, line 839]
Event: 18.224 Thread 0x0000025fa03b7800 Exception <a 'java/lang/IncompatibleClassChangeError'{0x000000008be66640}: Found class java.lang.Object, but interface was expected> (0x000000008be66640) thrown at [./src/hotspot/share/interpreter/linkResolver.cpp, line 839]
Event: 18.324 Thread 0x0000025fa03b9000 Exception <a 'java/lang/NoSuchMethodError'{0x000000008dbdb468}: 'long java.lang.invoke.DirectMethodHandle$Holder.invokeStatic(java.lang.Object, java.lang.Object, java.lang.Object)'> (0x000000008dbdb468) thrown at [./src/hotspot/share/interpreter/linkResolver.cpp, line 773]

Events (20 events):
Event: 18.518 Executing VM operation: G1CollectForAllocation done
Event: 18.595 Executing VM operation: G1CollectForAllocation
Event: 18.608 Executing VM operation: G1CollectForAllocation done
Event: 18.664 Executing VM operation: G1CollectForAllocation
Event: 18.681 Executing VM operation: G1CollectForAllocation done
Event: 18.703 loading class com/android/tools/r8/dex/j$a
Event: 18.703 loading class com/android/tools/r8/dex/j$a done
Event: 18.707 loading class com/android/tools/r8/graph/f0$a
Event: 18.707 loading class com/android/tools/r8/graph/f0$a done
Event: 18.762 Executing VM operation: CGC_Operation
Event: 18.773 Executing VM operation: CGC_Operation done
Event: 18.898 Executing VM operation: CGC_Operation
Event: 18.901 Executing VM operation: CGC_Operation done
Event: 18.917 Executing VM operation: G1CollectForAllocation
Event: 18.938 Executing VM operation: G1CollectForAllocation done
Event: 19.017 Executing VM operation: G1CollectForAllocation
Event: 19.039 Executing VM operation: G1CollectForAllocation done
Event: 19.105 Executing VM operation: G1CollectForAllocation
Event: 19.123 Executing VM operation: G1CollectForAllocation done
Event: 19.200 Executing VM operation: G1CollectForAllocation


Dynamic libraries:
0x00007ff7d8010000 - 0x00007ff7d801a000 	C:\Program Files\Android\Android Studio3\jre\bin\java.exe
0x00007ffd4ff40000 - 0x00007ffd5014f000 	C:\WINDOWS\SYSTEM32\ntdll.dll
0x00007ffd4f5f0000 - 0x00007ffd4f6ad000 	C:\WINDOWS\System32\KERNEL32.DLL
0x00007ffd4d4b0000 - 0x00007ffd4d83c000 	C:\WINDOWS\System32\KERNELBASE.dll
0x00007ffd4a530000 - 0x00007ffd4a5c2000 	C:\WINDOWS\SYSTEM32\apphelp.dll
0x00007ffd4d9a0000 - 0x00007ffd4dab1000 	C:\WINDOWS\System32\ucrtbase.dll
0x00007ffd39580000 - 0x00007ffd39597000 	C:\Program Files\Android\Android Studio3\jre\bin\VCRUNTIME140.dll
0x00007ffd3e600000 - 0x00007ffd3e619000 	C:\Program Files\Android\Android Studio3\jre\bin\jli.dll
0x00007ffd4e430000 - 0x00007ffd4e5d6000 	C:\WINDOWS\System32\USER32.dll
0x00007ffd4dd90000 - 0x00007ffd4ddb6000 	C:\WINDOWS\System32\win32u.dll
0x00007ffd3afc0000 - 0x00007ffd3b261000 	C:\WINDOWS\WinSxS\amd64_microsoft.windows.common-controls_6595b64144ccf1df_6.0.22489.1000_none_26b04fb444140a2e\COMCTL32.dll
0x00007ffd4de80000 - 0x00007ffd4df24000 	C:\WINDOWS\System32\msvcrt.dll
0x00007ffd4df30000 - 0x00007ffd4df59000 	C:\WINDOWS\System32\GDI32.dll
0x00007ffd4dc70000 - 0x00007ffd4dd87000 	C:\WINDOWS\System32\gdi32full.dll
0x00007ffd4d410000 - 0x00007ffd4d4aa000 	C:\WINDOWS\System32\msvcp_win.dll
0x00007ffd4f5b0000 - 0x00007ffd4f5e1000 	C:\WINDOWS\System32\IMM32.DLL
0x00007ffd22b60000 - 0x00007ffd22bfd000 	C:\Program Files\Android\Android Studio3\jre\bin\msvcp140.dll
0x00007ffd03e40000 - 0x00007ffd0490f000 	C:\Program Files\Android\Android Studio3\jre\bin\server\jvm.dll
0x00007ffd4f820000 - 0x00007ffd4f8ce000 	C:\WINDOWS\System32\ADVAPI32.dll
0x00007ffd4f8d0000 - 0x00007ffd4f971000 	C:\WINDOWS\System32\sechost.dll
0x00007ffd4f480000 - 0x00007ffd4f59f000 	C:\WINDOWS\System32\RPCRT4.dll
0x00007ffd4de70000 - 0x00007ffd4de78000 	C:\WINDOWS\System32\PSAPI.DLL
0x00007ffd43d60000 - 0x00007ffd43d69000 	C:\WINDOWS\SYSTEM32\WSOCK32.dll
0x00007ffd422c0000 - 0x00007ffd422f4000 	C:\WINDOWS\SYSTEM32\WINMM.dll
0x00007ffd4fce0000 - 0x00007ffd4fd51000 	C:\WINDOWS\System32\WS2_32.dll
0x00007ffd44dd0000 - 0x00007ffd44dda000 	C:\WINDOWS\SYSTEM32\VERSION.dll
0x00007ffd4c5e0000 - 0x00007ffd4c5f8000 	C:\WINDOWS\SYSTEM32\kernel.appcore.dll
0x00007ffd409a0000 - 0x00007ffd409b1000 	C:\Program Files\Android\Android Studio3\jre\bin\verify.dll
0x00007ffd45a50000 - 0x00007ffd45c76000 	C:\WINDOWS\SYSTEM32\DBGHELP.DLL
0x00007ffd4f100000 - 0x00007ffd4f47b000 	C:\WINDOWS\System32\combase.dll
0x00007ffd45a10000 - 0x00007ffd45a41000 	C:\WINDOWS\SYSTEM32\dbgcore.DLL
0x00007ffd4dbe0000 - 0x00007ffd4dc61000 	C:\WINDOWS\System32\bcryptPrimitives.dll
0x00007ffd40970000 - 0x00007ffd40999000 	C:\Program Files\Android\Android Studio3\jre\bin\java.dll
0x00007ffd4ad40000 - 0x00007ffd4ad4b000 	C:\Program Files\Android\Android Studio3\jre\bin\jimage.dll
0x00007ffd40950000 - 0x00007ffd40968000 	C:\Program Files\Android\Android Studio3\jre\bin\zip.dll
0x00007ffd4e780000 - 0x00007ffd4ef2d000 	C:\WINDOWS\System32\SHELL32.dll
0x00007ffd4b480000 - 0x00007ffd4bcd8000 	C:\WINDOWS\SYSTEM32\windows.storage.dll
0x00007ffd4b330000 - 0x00007ffd4b479000 	C:\WINDOWS\SYSTEM32\wintypes.dll
0x00007ffd4f6d0000 - 0x00007ffd4f7c0000 	C:\WINDOWS\System32\SHCORE.dll
0x00007ffd4ef30000 - 0x00007ffd4ef8b000 	C:\WINDOWS\System32\shlwapi.dll
0x00007ffd4d340000 - 0x00007ffd4d361000 	C:\WINDOWS\SYSTEM32\profapi.dll
0x00007ffd40930000 - 0x00007ffd4094a000 	C:\Program Files\Android\Android Studio3\jre\bin\net.dll
0x00007ffd468e0000 - 0x00007ffd469f1000 	C:\WINDOWS\SYSTEM32\WINHTTP.dll
0x00007ffd4ca20000 - 0x00007ffd4ca89000 	C:\WINDOWS\system32\mswsock.dll
0x00007ffd40910000 - 0x00007ffd40924000 	C:\Program Files\Android\Android Studio3\jre\bin\nio.dll
0x00007ffd395a0000 - 0x00007ffd395c7000 	C:\Users\xpmkm\.gradle\native\8bec1ad78214c89d9ad589b4d07fe93259594b29d510b10fafb7a158f7737e5d\windows-amd64\native-platform.dll
0x00007ffd22090000 - 0x00007ffd221cd000 	C:\Users\xpmkm\.gradle\native\53dbd7edfb1c66fb8903c78663c9afc45aea4f116125fa6feffd364cf09443e8\windows-amd64\native-platform-file-events.dll
0x00007ffd4ace0000 - 0x00007ffd4acea000 	C:\Program Files\Android\Android Studio3\jre\bin\management.dll
0x00007ffd4ac70000 - 0x00007ffd4ac7c000 	C:\Program Files\Android\Android Studio3\jre\bin\management_ext.dll
0x00007ffd4cc70000 - 0x00007ffd4cc88000 	C:\WINDOWS\SYSTEM32\CRYPTSP.dll
0x00007ffd4c540000 - 0x00007ffd4c575000 	C:\WINDOWS\system32\rsaenh.dll
0x00007ffd4cb20000 - 0x00007ffd4cb49000 	C:\WINDOWS\SYSTEM32\USERENV.dll
0x00007ffd4cdf0000 - 0x00007ffd4ce18000 	C:\WINDOWS\SYSTEM32\bcrypt.dll
0x00007ffd4cc90000 - 0x00007ffd4cc9c000 	C:\WINDOWS\SYSTEM32\CRYPTBASE.dll
0x00007ffd4c050000 - 0x00007ffd4c07d000 	C:\WINDOWS\SYSTEM32\IPHLPAPI.DLL
0x00007ffd4f5a0000 - 0x00007ffd4f5a9000 	C:\WINDOWS\System32\NSI.dll
0x00007ffd4a750000 - 0x00007ffd4a769000 	C:\WINDOWS\SYSTEM32\dhcpcsvc6.DLL
0x00007ffd4a6f0000 - 0x00007ffd4a70e000 	C:\WINDOWS\SYSTEM32\dhcpcsvc.DLL
0x00007ffd4c080000 - 0x00007ffd4c177000 	C:\WINDOWS\SYSTEM32\DNSAPI.dll

dbghelp: loaded successfully - version: 4.0.5 - missing functions: none
symbol engine: initialized successfully - sym options: 0x614 - pdb path: .;C:\Program Files\Android\Android Studio3\jre\bin;C:\WINDOWS\SYSTEM32;C:\WINDOWS\WinSxS\amd64_microsoft.windows.common-controls_6595b64144ccf1df_6.0.22489.1000_none_26b04fb444140a2e;C:\Program Files\Android\Android Studio3\jre\bin\server;C:\Users\xpmkm\.gradle\native\8bec1ad78214c89d9ad589b4d07fe93259594b29d510b10fafb7a158f7737e5d\windows-amd64;C:\Users\xpmkm\.gradle\native\53dbd7edfb1c66fb8903c78663c9afc45aea4f116125fa6feffd364cf09443e8\windows-amd64

VM Arguments:
jvm_args: --add-opens=java.base/java.util=ALL-UNNAMED --add-opens=java.base/java.lang=ALL-UNNAMED --add-opens=java.base/java.lang.invoke=ALL-UNNAMED --add-opens=java.base/java.util=ALL-UNNAMED --add-opens=java.prefs/java.util.prefs=ALL-UNNAMED --add-opens=java.prefs/java.util.prefs=ALL-UNNAMED --add-opens=java.base/java.nio.charset=ALL-UNNAMED --add-opens=java.base/java.net=ALL-UNNAMED --add-opens=java.base/java.util.concurrent.atomic=ALL-UNNAMED -Xmx2048m -Dfile.encoding=UTF-8 -Duser.country=IN -Duser.language=en -Duser.variant 
java_command: org.gradle.launcher.daemon.bootstrap.GradleDaemon 7.0.2
java_class_path (initial): C:\Users\xpmkm\.gradle\wrapper\dists\gradle-7.0.2-bin\857tjihv64xamwrf0h14cai3r\gradle-7.0.2\lib\gradle-launcher-7.0.2.jar
Launcher Type: SUN_STANDARD

[Global flags]
     intx CICompilerCount                          = 4                                         {product} {ergonomic}
     uint ConcGCThreads                            = 2                                         {product} {ergonomic}
     uint G1ConcRefinementThreads                  = 8                                         {product} {ergonomic}
   size_t G1HeapRegionSize                         = 1048576                                   {product} {ergonomic}
    uintx GCDrainStackTargetSize                   = 64                                        {product} {ergonomic}
   size_t InitialHeapSize                          = 132120576                                 {product} {ergonomic}
   size_t MarkStackSize                            = 4194304                                   {product} {ergonomic}
   size_t MaxHeapSize                              = 2147483648                                {product} {command line}
   size_t MaxNewSize                               = 1287651328                                {product} {ergonomic}
   size_t MinHeapDeltaBytes                        = 1048576                                   {product} {ergonomic}
    uintx NonNMethodCodeHeapSize                   = 5836300                                {pd product} {ergonomic}
    uintx NonProfiledCodeHeapSize                  = 122910970                              {pd product} {ergonomic}
    uintx ProfiledCodeHeapSize                     = 122910970                              {pd product} {ergonomic}
    uintx ReservedCodeCacheSize                    = 251658240                              {pd product} {ergonomic}
     bool SegmentedCodeCache                       = true                                      {product} {ergonomic}
     bool UseCompressedClassPointers               = true                                 {lp64_product} {ergonomic}
     bool UseCompressedOops                        = true                                 {lp64_product} {ergonomic}
     bool UseG1GC                                  = true                                      {product} {ergonomic}
     bool UseLargePagesIndividualAllocation        = false                                  {pd product} {ergonomic}

Logging:
Log output configuration:
 #0: stdout all=warning uptime,level,tags
 #1: stderr all=off uptime,level,tags

Environment Variables:
PATH=C:\Program Files (x86)\Common Files\Oracle\Java\javapath;C:\WINDOWS\system32;C:\WINDOWS;C:\WINDOWS\System32\Wbem;C:\WINDOWS\System32\WindowsPowerShell\v1.0\;C:\WINDOWS\System32\OpenSSH\;C:\Program Files\Git\cmd;C:\Program Files\nodejs\;C:\xampp\php;C:\ProgramData\ComposerSetup\bin;C:\Users\xpmkm\AppData\Local\Android\Sdk\platform-tools;C:\Program Files\Java\jdk1.8.0_231\bin;C:\Program Files\opnsl\bin;C:\Users\xpmkm\AppData\Roaming\npm;C:\Users\xpmkm\AppData\Local\Programs\Microsoft VS Code\bin;C:\Program Files\flutter\bin;C:\Users\xpmkm\AppData\Roaming\Composer\vendor\bin;C:\Users\xpmkm\AppData\Local\Microsoft\WindowsApps;
USERNAME=xpmkm
OS=Windows_NT
PROCESSOR_IDENTIFIER=AMD64 Family 23 Model 24 Stepping 1, AuthenticAMD



---------------  S Y S T E M  ---------------

OS: Windows 10 , 64 bit Build 22489 (10.0.22489.1000)
OS uptime: 8 days 1:29 hours

CPU:total 8 (initial active 8) (8 cores per cpu, 2 threads per core) family 23 model 24 stepping 1 microcode 0x0, cmov, cx8, fxsr, mmx, sse, sse2, sse3, ssse3, sse4.1, sse4.2, popcnt, avx, avx2, aes, clmul, mmxext, 3dnowpref, lzcnt, sse4a, ht, tsc, tscinvbit, tscinv, bmi1, bmi2, adx, s

Memory: 4k page, system-wide physical 8002M (297M free)
TotalPageFile size 12098M (AvailPageFile size 85M)
current process WorkingSet (physical memory assigned to process): 564M, peak: 564M
current process commit charge ("private bytes"): 617M, peak: 720M

vm_info: OpenJDK 64-Bit Server VM (11.0.10+0-b96-7249189) for windows-amd64 JRE (11.0.10+0-b96-7249189), built on Mar 31 2021 21:44:00 by "builder" with MS VC++ 14.0 (VS2015)

END.
