#
# There is insufficient memory for the Java Runtime Environment to continue.
# Native memory allocation (mmap) failed to map 38797312 bytes for Failed to commit area from 0x000000008b700000 to 0x000000008dc00000 of length 38797312.
# Possible reasons:
#   The system is out of physical RAM or swap space
#   The process is running with CompressedOops enabled, and the Java Heap may be blocking the growth of the native heap
# Possible solutions:
#   Reduce memory load on the system
#   Increase physical memory or swap space
#   Check if swap backing store is full
#   Decrease Java heap size (-Xmx/-Xms)
#   Decrease number of Java threads
#   Decrease Java thread stack sizes (-Xss)
#   Set larger code cache with -XX:ReservedCodeCacheSize=
#   JVM is running with Unscaled Compressed Oops mode in which the Java heap is
#     placed in the first 4GB address space. The Java Heap base address is the
#     maximum limit for the native heap growth. Please use -XX:HeapBaseMinAddress
#     to set the Java Heap base and to place the Java Heap above 4GB virtual address.
# This output file may be truncated or incomplete.
#
#  Out of Memory Error (./src/hotspot/os/windows/os_windows.cpp:3301), pid=12060, tid=14648
#
# JRE version: OpenJDK Runtime Environment (11.0.10) (build 11.0.10+0-b96-7249189)
# Java VM: OpenJDK 64-Bit Server VM (11.0.10+0-b96-7249189, mixed mode, tiered, compressed oops, g1 gc, windows-amd64)
# No core dump will be written. Minidumps are not enabled by default on client versions of Windows
#

---------------  S U M M A R Y ------------

Command Line: --add-opens=java.base/java.util=ALL-UNNAMED --add-opens=java.base/java.lang=ALL-UNNAMED --add-opens=java.base/java.lang.invoke=ALL-UNNAMED --add-opens=java.base/java.util=ALL-UNNAMED --add-opens=java.prefs/java.util.prefs=ALL-UNNAMED --add-opens=java.prefs/java.util.prefs=ALL-UNNAMED --add-opens=java.base/java.nio.charset=ALL-UNNAMED --add-opens=java.base/java.net=ALL-UNNAMED --add-opens=java.base/java.util.concurrent.atomic=ALL-UNNAMED -Xmx2048m -Dfile.encoding=UTF-8 -Duser.country=IN -Duser.language=en -Duser.variant org.gradle.launcher.daemon.bootstrap.GradleDaemon 7.0.2

Host: AMD Ryzen 5 3550H with Radeon Vega Mobile Gfx  , 8 cores, 7G,  Windows 10 , 64 bit Build 22471 (10.0.22471.1000)
Time: Fri Oct  8 13:16:27 2021 India Standard Time elapsed time: 13.522233 seconds (0d 0h 0m 13s)

---------------  T H R E A D  ---------------

Current thread (0x00000180de919800):  VMThread "VM Thread" [stack: 0x0000005b43300000,0x0000005b43400000] [id=14648]

Stack: [0x0000005b43300000,0x0000005b43400000]
[error occurred during error reporting (printing stack bounds), id 0xc0000005, EXCEPTION_ACCESS_VIOLATION (0xc0000005) at pc=0x00000180c77d0f2d]

Native frames: (J=compiled Java code, j=interpreted, Vv=VM code, C=native code)
V  [jvm.dll+0x5ecfaa]
V  [jvm.dll+0x722bd5]
V  [jvm.dll+0x72412d]
V  [jvm.dll+0x724745]
V  [jvm.dll+0x7246fb]
V  [jvm.dll+0x5ec348]
V  [jvm.dll+0x5ecad8]
C  [ntdll.dll+0xa623f]
C  [ntdll.dll+0x65ea9]
C  [ntdll.dll+0xa522e]
C  0x00000180c77d0f2d

VM_Operation (0x0000005b44ffd7f0): G1CollectForAllocation, mode: safepoint, requested by thread 0x00000180e0cde000


---------------  P R O C E S S  ---------------

Threads class SMR info:
_java_thread_list=0x00000180e7c70fb0, length=61, elements={
0x00000180c24e4800, 0x00000180de91f000, 0x00000180de928800, 0x00000180df294800,
0x00000180df295800, 0x00000180df296800, 0x00000180de938800, 0x00000180de939800,
0x00000180de940800, 0x00000180df407000, 0x00000180e066c000, 0x00000180df625000,
0x00000180e1765800, 0x00000180e097a000, 0x00000180e1b28000, 0x00000180e18c3800,
0x00000180e1ef4800, 0x00000180e0482000, 0x00000180e1bea800, 0x00000180e0cdc800,
0x00000180e0cde000, 0x00000180e0cdd000, 0x00000180e0cde800, 0x00000180e22d4000,
0x00000180e0cdf800, 0x00000180e0cda800, 0x00000180e0cdb800, 0x00000180e0ce0800,
0x00000180e0ce1000, 0x00000180e11d3800, 0x00000180e11d7000, 0x00000180e2ec9000,
0x00000180e11d4800, 0x00000180e11d8800, 0x00000180e11d8000, 0x00000180e11d3000,
0x00000180e11d9800, 0x00000180e1b4c800, 0x00000180e1b4b000, 0x00000180e1b4d800,
0x00000180e1b4f000, 0x00000180e1b4a000, 0x00000180e1b49800, 0x00000180e1b4e800,
0x00000180e1b50000, 0x00000180e1b51000, 0x00000180e1b51800, 0x00000180e1b4c000,
0x00000180e1b58000, 0x00000180e1b57800, 0x00000180e1b54000, 0x00000180e1b55000,
0x00000180e1b56800, 0x00000180e1b55800, 0x00000180e5cd9800, 0x00000180e5cdb800,
0x00000180e5cd7800, 0x00000180e5cd9000, 0x00000180e5cd8000, 0x00000180e5cdc000,
0x00000180e5cda800
}

Java Threads: ( => current thread )
  0x00000180c24e4800 JavaThread "main" [_thread_blocked, id=4224, stack(0x0000005b42d00000,0x0000005b42e00000)]
  0x00000180de91f000 JavaThread "Reference Handler" daemon [_thread_blocked, id=8720, stack(0x0000005b43400000,0x0000005b43500000)]
  0x00000180de928800 JavaThread "Finalizer" daemon [_thread_blocked, id=15348, stack(0x0000005b43500000,0x0000005b43600000)]
  0x00000180df294800 JavaThread "Signal Dispatcher" daemon [_thread_blocked, id=14588, stack(0x0000005b43600000,0x0000005b43700000)]
  0x00000180df295800 JavaThread "Attach Listener" daemon [_thread_blocked, id=6988, stack(0x0000005b43700000,0x0000005b43800000)]
  0x00000180df296800 JavaThread "Service Thread" daemon [_thread_blocked, id=10236, stack(0x0000005b43800000,0x0000005b43900000)]
  0x00000180de938800 JavaThread "C2 CompilerThread0" daemon [_thread_blocked, id=13428, stack(0x0000005b43900000,0x0000005b43a00000)]
  0x00000180de939800 JavaThread "C1 CompilerThread0" daemon [_thread_blocked, id=8504, stack(0x0000005b43a00000,0x0000005b43b00000)]
  0x00000180de940800 JavaThread "Sweeper thread" daemon [_thread_blocked, id=852, stack(0x0000005b43b00000,0x0000005b43c00000)]
  0x00000180df407000 JavaThread "Common-Cleaner" daemon [_thread_blocked, id=9788, stack(0x0000005b43c00000,0x0000005b43d00000)]
  0x00000180e066c000 JavaThread "Daemon health stats" [_thread_blocked, id=11400, stack(0x0000005b44200000,0x0000005b44300000)]
  0x00000180df625000 JavaThread "Incoming local TCP Connector on port 59239" [_thread_in_native, id=7404, stack(0x0000005b43e00000,0x0000005b43f00000)]
  0x00000180e1765800 JavaThread "Daemon periodic checks" [_thread_blocked, id=7964, stack(0x0000005b44100000,0x0000005b44200000)]
  0x00000180e097a000 JavaThread "Daemon" [_thread_blocked, id=13888, stack(0x0000005b44300000,0x0000005b44400000)]
  0x00000180e1b28000 JavaThread "Handler for socket connection from /127.0.0.1:59239 to /127.0.0.1:59240" [_thread_in_native, id=6444, stack(0x0000005b44400000,0x0000005b44500000)]
  0x00000180e18c3800 JavaThread "Cancel handler" [_thread_blocked, id=3168, stack(0x0000005b44500000,0x0000005b44600000)]
  0x00000180e1ef4800 JavaThread "Daemon worker" [_thread_blocked, id=13824, stack(0x0000005b44600000,0x0000005b44700000)]
  0x00000180e0482000 JavaThread "Asynchronous log dispatcher for DefaultDaemonConnection: socket connection from /127.0.0.1:59239 to /127.0.0.1:59240" [_thread_blocked, id=15816, stack(0x0000005b44700000,0x0000005b44800000)]
  0x00000180e1bea800 JavaThread "Stdin handler" [_thread_blocked, id=12396, stack(0x0000005b44800000,0x0000005b44900000)]
  0x00000180e0cdc800 JavaThread "Daemon client event forwarder" [_thread_blocked, id=11872, stack(0x0000005b44900000,0x0000005b44a00000)]
  0x00000180e0cde000 JavaThread "Cache worker for file hash cache (C:\Users\xpmkm\.gradle\caches\7.0.2\fileHashes)" [_thread_blocked, id=15288, stack(0x0000005b44f00000,0x0000005b45000000)]
  0x00000180e0cdd000 JavaThread "File lock request listener" [_thread_in_native, id=15852, stack(0x0000005b45000000,0x0000005b45100000)]
  0x00000180e0cde800 JavaThread "Cache worker for journal cache (C:\Users\xpmkm\.gradle\caches\journal-1)" [_thread_blocked, id=14280, stack(0x0000005b45200000,0x0000005b45300000)]
  0x00000180e22d4000 JavaThread "C2 CompilerThread1" daemon [_thread_in_native, id=14316, stack(0x0000005b45300000,0x0000005b45400000)]
  0x00000180e0cdf800 JavaThread "Cache worker for file hash cache (C:\Users\xpmkm\Desktop\update_code_vezilla-server\codecanyon-L2GSbXtH-dairy-products-grocery-daily-milk-delivery-mobile-app-with-subscription-customer-app-delivery\test-vezilla-android-workspace\.gradle\7.0.2\fileHashes)" [_thread_blocked, id=14888, stack(0x0000005b45400000,0x0000005b45500000)]
  0x00000180e0cda800 JavaThread "File watcher server" daemon [_thread_blocked, id=8596, stack(0x0000005b45500000,0x0000005b45600000)]
  0x00000180e0cdb800 JavaThread "File watcher consumer" daemon [_thread_blocked, id=1592, stack(0x0000005b45600000,0x0000005b45700000)]
  0x00000180e0ce0800 JavaThread "Cache worker for checksums cache (C:\Users\xpmkm\Desktop\update_code_vezilla-server\codecanyon-L2GSbXtH-dairy-products-grocery-daily-milk-delivery-mobile-app-with-subscription-customer-app-delivery\test-vezilla-android-workspace\.gradle\checksums)" [_thread_blocked, id=8928, stack(0x0000005b45700000,0x0000005b45800000)]
  0x00000180e0ce1000 JavaThread "Cache worker for cache directory md-supplier (C:\Users\xpmkm\.gradle\caches\7.0.2\md-supplier)" [_thread_blocked, id=15136, stack(0x0000005b45800000,0x0000005b45900000)]
  0x00000180e11d3800 JavaThread "Cache worker for cache directory md-rule (C:\Users\xpmkm\.gradle\caches\7.0.2\md-rule)" [_thread_blocked, id=3044, stack(0x0000005b45900000,0x0000005b45a00000)]
  0x00000180e11d7000 JavaThread "Cache worker for execution history cache (C:\Users\xpmkm\.gradle\caches\7.0.2\executionHistory)" [_thread_blocked, id=11780, stack(0x0000005b45a00000,0x0000005b45b00000)]
  0x00000180e2ec9000 JavaThread "C2 CompilerThread2" daemon [_thread_in_native, id=5252, stack(0x0000005b45b00000,0x0000005b45c00000)]
  0x00000180e11d4800 JavaThread "jar transforms" [_thread_blocked, id=2012, stack(0x0000005b45c00000,0x0000005b45d00000)]
  0x00000180e11d8800 JavaThread "jar transforms Thread 2" [_thread_blocked, id=14228, stack(0x0000005b45d00000,0x0000005b45e00000)]
  0x00000180e11d8000 JavaThread "Cache worker for file content cache (C:\Users\xpmkm\.gradle\caches\7.0.2\fileContent)" [_thread_blocked, id=9804, stack(0x0000005b45e00000,0x0000005b45f00000)]
  0x00000180e11d3000 JavaThread "Cache worker for dependencies-accessors (C:\Users\xpmkm\Desktop\update_code_vezilla-server\codecanyon-L2GSbXtH-dairy-products-grocery-daily-milk-delivery-mobile-app-with-subscription-customer-app-delivery\test-vezilla-android-workspace\.gradle\7.0.2\dependencies-accessors)" [_thread_blocked, id=9072, stack(0x0000005b45f00000,0x0000005b46000000)]
  0x00000180e11d9800 JavaThread "jar transforms Thread 3" [_thread_blocked, id=1508, stack(0x0000005b46000000,0x0000005b46100000)]
  0x00000180e1b4c800 JavaThread "Cache worker for Build Output Cleanup Cache (C:\Users\xpmkm\Desktop\update_code_vezilla-server\codecanyon-L2GSbXtH-dairy-products-grocery-daily-milk-delivery-mobile-app-with-subscription-customer-app-delivery\test-vezilla-android-workspace\.gradle\buildOutputCleanup)" [_thread_blocked, id=3212, stack(0x0000005b46100000,0x0000005b46200000)]
  0x00000180e1b4b000 JavaThread "Build operations" [_thread_blocked, id=6588, stack(0x0000005b46200000,0x0000005b46300000)]
  0x00000180e1b4d800 JavaThread "Build operations Thread 2" [_thread_blocked, id=10196, stack(0x0000005b46300000,0x0000005b46400000)]
  0x00000180e1b4f000 JavaThread "Build operations Thread 3" [_thread_blocked, id=4488, stack(0x0000005b46400000,0x0000005b46500000)]
  0x00000180e1b4a000 JavaThread "Build operations Thread 4" [_thread_blocked, id=14748, stack(0x0000005b46500000,0x0000005b46600000)]
  0x00000180e1b49800 JavaThread "Build operations Thread 5" [_thread_blocked, id=15796, stack(0x0000005b46600000,0x0000005b46700000)]
  0x00000180e1b4e800 JavaThread "Build operations Thread 6" [_thread_blocked, id=10124, stack(0x0000005b46700000,0x0000005b46800000)]
  0x00000180e1b50000 JavaThread "Build operations Thread 7" [_thread_blocked, id=12640, stack(0x0000005b46800000,0x0000005b46900000)]
  0x00000180e1b51000 JavaThread "Build operations Thread 8" [_thread_blocked, id=15076, stack(0x0000005b46900000,0x0000005b46a00000)]
  0x00000180e1b51800 JavaThread "jar transforms Thread 4" [_thread_blocked, id=6036, stack(0x0000005b46a00000,0x0000005b46b00000)]
  0x00000180e1b4c000 JavaThread "jar transforms Thread 5" [_thread_blocked, id=12796, stack(0x0000005b46b00000,0x0000005b46c00000)]
  0x00000180e1b58000 JavaThread "jar transforms Thread 6" [_thread_blocked, id=13192, stack(0x0000005b46c00000,0x0000005b46d00000)]
  0x00000180e1b57800 JavaThread "jar transforms Thread 7" [_thread_blocked, id=13728, stack(0x0000005b46d00000,0x0000005b46e00000)]
  0x00000180e1b54000 JavaThread "jar transforms Thread 8" [_thread_blocked, id=15844, stack(0x0000005b46e00000,0x0000005b46f00000)]
  0x00000180e1b55000 JavaThread "Memory manager" [_thread_blocked, id=10656, stack(0x0000005b46f00000,0x0000005b47000000)]
  0x00000180e1b56800 JavaThread "build event listener" [_thread_blocked, id=16220, stack(0x0000005b47000000,0x0000005b47100000)]
  0x00000180e1b55800 JavaThread "Execution worker for ':'" [_thread_blocked, id=7148, stack(0x0000005b47100000,0x0000005b47200000)]
  0x00000180e5cd9800 JavaThread "Execution worker for ':' Thread 2" [_thread_blocked, id=15964, stack(0x0000005b47200000,0x0000005b47300000)]
  0x00000180e5cdb800 JavaThread "Execution worker for ':' Thread 3" [_thread_blocked, id=6660, stack(0x0000005b47300000,0x0000005b47400000)]
  0x00000180e5cd7800 JavaThread "Execution worker for ':' Thread 4" [_thread_blocked, id=12852, stack(0x0000005b47400000,0x0000005b47500000)]
  0x00000180e5cd9000 JavaThread "Execution worker for ':' Thread 5" [_thread_blocked, id=8652, stack(0x0000005b47500000,0x0000005b47600000)]
  0x00000180e5cd8000 JavaThread "Execution worker for ':' Thread 6" [_thread_blocked, id=3500, stack(0x0000005b47600000,0x0000005b47700000)]
  0x00000180e5cdc000 JavaThread "Execution worker for ':' Thread 7" [_thread_blocked, id=7744, stack(0x0000005b47700000,0x0000005b47800000)]
  0x00000180e5cda800 JavaThread "Cache worker for execution history cache (C:\Users\xpmkm\Desktop\update_code_vezilla-server\codecanyon-L2GSbXtH-dairy-products-grocery-daily-milk-delivery-mobile-app-with-subscription-customer-app-delivery\test-vezilla-android-workspace\.gradle\7.0.2\executionHistory)" [_thread_blocked, id=1468, stack(0x0000005b47800000,0x0000005b47900000)]

Other Threads:
=>0x00000180de919800 VMThread "VM Thread" [stack: 0x0000005b43300000,0x0000005b43400000] [id=14648]
  0x00000180df43d000 WatcherThread [stack: 0x0000005b43d00000,0x0000005b43e00000] [id=2112]
  0x00000180c24ff000 GCTaskThread "GC Thread#0" [stack: 0x0000005b42e00000,0x0000005b42f00000] [id=12084]
  0x00000180df31f800 GCTaskThread "GC Thread#1" [stack: 0x0000005b43f00000,0x0000005b44000000] [id=15940]
  0x00000180df319800 GCTaskThread "GC Thread#2" [stack: 0x0000005b44000000,0x0000005b44100000] [id=6040]
  0x00000180df319000 GCTaskThread "GC Thread#3" [stack: 0x0000005b44a00000,0x0000005b44b00000] [id=13496]
  0x00000180df320000 GCTaskThread "GC Thread#4" [stack: 0x0000005b44b00000,0x0000005b44c00000] [id=2616]
  0x00000180df31a800 GCTaskThread "GC Thread#5" [stack: 0x0000005b44c00000,0x0000005b44d00000] [id=5304]
  0x00000180df31b000 GCTaskThread "GC Thread#6" [stack: 0x0000005b44d00000,0x0000005b44e00000] [id=14620]
  0x00000180df31c000 GCTaskThread "GC Thread#7" [stack: 0x0000005b44e00000,0x0000005b44f00000] [id=1256]
  0x00000180c2530800 ConcurrentGCThread "G1 Main Marker" [stack: 0x0000005b42f00000,0x0000005b43000000] [id=2780]
  0x00000180c2533000 ConcurrentGCThread "G1 Conc#0" [stack: 0x0000005b43000000,0x0000005b43100000] [id=6948]
  0x00000180df31c800 ConcurrentGCThread "G1 Conc#1" [stack: 0x0000005b45100000,0x0000005b45200000] [id=7768]
  0x00000180c25b9000 ConcurrentGCThread "G1 Refine#0" [stack: 0x0000005b43100000,0x0000005b43200000] [id=2096]
  0x00000180de770800 ConcurrentGCThread "G1 Young RemSet Sampling" [stack: 0x0000005b43200000,0x0000005b43300000] [id=7680]

Threads with active compile tasks:
C2 CompilerThread0  13535 10084   !   4       java.util.concurrent.ConcurrentHashMap::putVal (432 bytes)
C2 CompilerThread1  13535 10003       4       org.gradle.cache.internal.btree.FreeListBlockStore::read (12 bytes)
C2 CompilerThread2  13535 9985       4       org.gradle.cache.internal.btree.CachingBlockStore::read (56 bytes)

VM state:at safepoint (normal execution)

VM Mutex/Monitor currently owned by a thread:  ([mutex/lock_event])
[0x00000180c24e04f0] Threads_lock - owner thread: 0x00000180de919800
[0x00000180c24e0c40] Heap_lock - owner thread: 0x00000180e0cde000

Heap address: 0x0000000080000000, size: 2048 MB, Compressed Oops mode: 32-bit
Narrow klass base: 0x0000000000000000, Narrow klass shift: 3
Compressed class space size: 1073741824 Address: 0x0000000100000000

Heap:
 garbage-first heap   total 225280K, used 77839K [0x0000000080000000, 0x0000000100000000)
  region size 1024K, 10 young (10240K), 10 survivors (10240K)
 Metaspace       used 81607K, capacity 84283K, committed 84428K, reserved 1122304K
  class space    used 10612K, capacity 11601K, committed 11724K, reserved 1048576K
Heap Regions: E=young(eden), S=young(survivor), O=old, HS=humongous(starts), HC=humongous(continues), CS=collection set, F=free, A=archive, TAMS=top-at-mark-start (previous, next)
|   0|0x0000000080000000, 0x0000000080100000, 0x0000000080100000|100%| O|  |TAMS 0x0000000080100000, 0x0000000080000000| Untracked 
|   1|0x0000000080100000, 0x0000000080200000, 0x0000000080200000|100%| O|  |TAMS 0x0000000080200000, 0x0000000080100000| Untracked 
|   2|0x0000000080200000, 0x0000000080300000, 0x0000000080300000|100%| O|  |TAMS 0x0000000080300000, 0x0000000080200000| Untracked 
|   3|0x0000000080300000, 0x0000000080400000, 0x0000000080400000|100%|HS|  |TAMS 0x0000000080400000, 0x0000000080300000| Complete 
|   4|0x0000000080400000, 0x0000000080500000, 0x0000000080500000|100%|HC|  |TAMS 0x0000000080500000, 0x0000000080400000| Complete 
|   5|0x0000000080500000, 0x0000000080600000, 0x0000000080600000|100%|HC|  |TAMS 0x0000000080600000, 0x0000000080500000| Complete 
|   6|0x0000000080600000, 0x0000000080700000, 0x0000000080700000|100%| O|  |TAMS 0x0000000080700000, 0x0000000080600000| Untracked 
|   7|0x0000000080700000, 0x0000000080800000, 0x0000000080800000|100%| O|  |TAMS 0x0000000080800000, 0x0000000080700000| Untracked 
|   8|0x0000000080800000, 0x0000000080900000, 0x0000000080900000|100%| O|  |TAMS 0x0000000080900000, 0x0000000080800000| Untracked 
|   9|0x0000000080900000, 0x0000000080a00000, 0x0000000080a00000|100%| O|  |TAMS 0x0000000080a00000, 0x0000000080900000| Untracked 
|  10|0x0000000080a00000, 0x0000000080b00000, 0x0000000080b00000|100%| O|  |TAMS 0x0000000080b00000, 0x0000000080a00000| Untracked 
|  11|0x0000000080b00000, 0x0000000080c00000, 0x0000000080c00000|100%| O|  |TAMS 0x0000000080c00000, 0x0000000080b00000| Untracked 
|  12|0x0000000080c00000, 0x0000000080d00000, 0x0000000080d00000|100%| O|  |TAMS 0x0000000080d00000, 0x0000000080c00000| Untracked 
|  13|0x0000000080d00000, 0x0000000080e00000, 0x0000000080e00000|100%| O|  |TAMS 0x0000000080e00000, 0x0000000080d00000| Untracked 
|  14|0x0000000080e00000, 0x0000000080f00000, 0x0000000080f00000|100%| O|  |TAMS 0x0000000080f00000, 0x0000000080e00000| Untracked 
|  15|0x0000000080f00000, 0x0000000081000000, 0x0000000081000000|100%| O|  |TAMS 0x0000000081000000, 0x0000000080f00000| Untracked 
|  16|0x0000000081000000, 0x0000000081100000, 0x0000000081100000|100%| O|  |TAMS 0x0000000081100000, 0x0000000081000000| Untracked 
|  17|0x0000000081100000, 0x0000000081200000, 0x0000000081200000|100%| O|  |TAMS 0x0000000081200000, 0x0000000081100000| Untracked 
|  18|0x0000000081200000, 0x0000000081300000, 0x0000000081300000|100%| O|  |TAMS 0x0000000081300000, 0x0000000081200000| Untracked 
|  19|0x0000000081300000, 0x0000000081400000, 0x0000000081400000|100%|HS|  |TAMS 0x0000000081400000, 0x0000000081300000| Complete 
|  20|0x0000000081400000, 0x0000000081500000, 0x0000000081500000|100%| O|  |TAMS 0x0000000081500000, 0x0000000081400000| Untracked 
|  21|0x0000000081500000, 0x0000000081600000, 0x0000000081600000|100%| O|  |TAMS 0x0000000081600000, 0x0000000081500000| Untracked 
|  22|0x0000000081600000, 0x0000000081700000, 0x0000000081700000|100%| O|  |TAMS 0x0000000081700000, 0x0000000081600000| Untracked 
|  23|0x0000000081700000, 0x0000000081800000, 0x0000000081800000|100%|HS|  |TAMS 0x0000000081800000, 0x0000000081700000| Complete 
|  24|0x0000000081800000, 0x0000000081900000, 0x0000000081900000|100%|HS|  |TAMS 0x0000000081900000, 0x0000000081800000| Complete 
|  25|0x0000000081900000, 0x0000000081a00000, 0x0000000081a00000|100%|HC|  |TAMS 0x0000000081a00000, 0x0000000081900000| Complete 
|  26|0x0000000081a00000, 0x0000000081b00000, 0x0000000081b00000|100%| O|  |TAMS 0x0000000081b00000, 0x0000000081a00000| Untracked 
|  27|0x0000000081b00000, 0x0000000081c00000, 0x0000000081c00000|100%| O|  |TAMS 0x0000000081c00000, 0x0000000081b00000| Untracked 
|  28|0x0000000081c00000, 0x0000000081d00000, 0x0000000081d00000|100%| O|  |TAMS 0x0000000081d00000, 0x0000000081c00000| Untracked 
|  29|0x0000000081d00000, 0x0000000081e00000, 0x0000000081e00000|100%| O|  |TAMS 0x0000000081e00000, 0x0000000081d00000| Untracked 
|  30|0x0000000081e00000, 0x0000000081f00000, 0x0000000081f00000|100%| O|  |TAMS 0x0000000081f00000, 0x0000000081e00000| Untracked 
|  31|0x0000000081f00000, 0x0000000082000000, 0x0000000082000000|100%| O|  |TAMS 0x0000000082000000, 0x0000000081f00000| Untracked 
|  32|0x0000000082000000, 0x0000000082100000, 0x0000000082100000|100%| O|  |TAMS 0x0000000082100000, 0x0000000082000000| Untracked 
|  33|0x0000000082100000, 0x0000000082200000, 0x0000000082200000|100%| O|  |TAMS 0x0000000082200000, 0x0000000082100000| Untracked 
|  34|0x0000000082200000, 0x0000000082300000, 0x0000000082300000|100%| O|  |TAMS 0x0000000082300000, 0x0000000082200000| Untracked 
|  35|0x0000000082300000, 0x0000000082400000, 0x0000000082400000|100%| O|  |TAMS 0x0000000082400000, 0x0000000082300000| Untracked 
|  36|0x0000000082400000, 0x0000000082500000, 0x0000000082500000|100%| O|  |TAMS 0x0000000082500000, 0x0000000082400000| Untracked 
|  37|0x0000000082500000, 0x0000000082600000, 0x0000000082600000|100%| O|  |TAMS 0x0000000082600000, 0x0000000082500000| Untracked 
|  38|0x0000000082600000, 0x0000000082700000, 0x0000000082700000|100%| O|  |TAMS 0x0000000082700000, 0x0000000082600000| Untracked 
|  39|0x0000000082700000, 0x0000000082800000, 0x0000000082800000|100%| O|  |TAMS 0x0000000082800000, 0x0000000082700000| Untracked 
|  40|0x0000000082800000, 0x0000000082900000, 0x0000000082900000|100%| O|  |TAMS 0x0000000082900000, 0x0000000082800000| Untracked 
|  41|0x0000000082900000, 0x0000000082a00000, 0x0000000082a00000|100%| O|  |TAMS 0x0000000082a00000, 0x0000000082900000| Untracked 
|  42|0x0000000082a00000, 0x0000000082b00000, 0x0000000082b00000|100%| O|  |TAMS 0x0000000082b00000, 0x0000000082a00000| Untracked 
|  43|0x0000000082b00000, 0x0000000082c00000, 0x0000000082c00000|100%| O|  |TAMS 0x0000000082b69800, 0x0000000082b00000| Untracked 
|  44|0x0000000082c00000, 0x0000000082d00000, 0x0000000082d00000|100%| O|  |TAMS 0x0000000082c00000, 0x0000000082c00000| Untracked 
|  45|0x0000000082d00000, 0x0000000082e00000, 0x0000000082e00000|100%| O|  |TAMS 0x0000000082d00000, 0x0000000082d00000| Untracked 
|  46|0x0000000082e00000, 0x0000000082f00000, 0x0000000082f00000|100%| O|  |TAMS 0x0000000082e00000, 0x0000000082e00000| Untracked 
|  47|0x0000000082f00000, 0x0000000083000000, 0x0000000083000000|100%| O|  |TAMS 0x0000000082f00000, 0x0000000082f00000| Untracked 
|  48|0x0000000083000000, 0x0000000083100000, 0x0000000083100000|100%| O|  |TAMS 0x0000000083000000, 0x0000000083000000| Untracked 
|  49|0x0000000083100000, 0x0000000083200000, 0x0000000083200000|100%| O|  |TAMS 0x0000000083100000, 0x0000000083100000| Untracked 
|  50|0x0000000083200000, 0x0000000083300000, 0x0000000083300000|100%| O|  |TAMS 0x0000000083200000, 0x0000000083200000| Untracked 
|  51|0x0000000083300000, 0x0000000083400000, 0x0000000083400000|100%| O|  |TAMS 0x0000000083300000, 0x0000000083300000| Untracked 
|  52|0x0000000083400000, 0x0000000083500000, 0x0000000083500000|100%| O|  |TAMS 0x0000000083400000, 0x0000000083400000| Untracked 
|  53|0x0000000083500000, 0x0000000083600000, 0x0000000083600000|100%| O|  |TAMS 0x0000000083500000, 0x0000000083500000| Untracked 
|  54|0x0000000083600000, 0x0000000083700000, 0x0000000083700000|100%| O|  |TAMS 0x0000000083600000, 0x0000000083600000| Untracked 
|  55|0x0000000083700000, 0x0000000083800000, 0x0000000083800000|100%| O|  |TAMS 0x0000000083700000, 0x0000000083700000| Untracked 
|  56|0x0000000083800000, 0x0000000083900000, 0x0000000083900000|100%| O|  |TAMS 0x0000000083800000, 0x0000000083800000| Untracked 
|  57|0x0000000083900000, 0x0000000083a00000, 0x0000000083a00000|100%| O|  |TAMS 0x0000000083900000, 0x0000000083900000| Untracked 
|  58|0x0000000083a00000, 0x0000000083b00000, 0x0000000083b00000|100%| O|  |TAMS 0x0000000083a00000, 0x0000000083a00000| Untracked 
|  59|0x0000000083b00000, 0x0000000083c00000, 0x0000000083c00000|100%| O|  |TAMS 0x0000000083b00000, 0x0000000083b00000| Untracked 
|  60|0x0000000083c00000, 0x0000000083d00000, 0x0000000083d00000|100%| O|  |TAMS 0x0000000083c00000, 0x0000000083c00000| Untracked 
|  61|0x0000000083d00000, 0x0000000083e00000, 0x0000000083e00000|100%| O|  |TAMS 0x0000000083d00000, 0x0000000083d00000| Untracked 
|  62|0x0000000083e00000, 0x0000000083f00000, 0x0000000083f00000|100%| O|  |TAMS 0x0000000083e00000, 0x0000000083e00000| Untracked 
|  63|0x0000000083f00000, 0x0000000084000000, 0x0000000084000000|100%| O|  |TAMS 0x0000000083f00000, 0x0000000083f00000| Untracked 
|  64|0x0000000084000000, 0x0000000084100000, 0x0000000084100000|100%| O|  |TAMS 0x0000000084000000, 0x0000000084000000| Untracked 
|  65|0x0000000084100000, 0x0000000084200000, 0x0000000084200000|100%| O|  |TAMS 0x0000000084100000, 0x0000000084100000| Untracked 
|  66|0x0000000084200000, 0x000000008421fc00, 0x0000000084300000| 12%| O|  |TAMS 0x0000000084200000, 0x0000000084200000| Untracked 
|  67|0x0000000084300000, 0x0000000084300000, 0x0000000084400000|  0%| F|  |TAMS 0x0000000084300000, 0x0000000084300000| Untracked 
|  68|0x0000000084400000, 0x0000000084400000, 0x0000000084500000|  0%| F|  |TAMS 0x0000000084400000, 0x0000000084400000| Untracked 
|  69|0x0000000084500000, 0x0000000084500000, 0x0000000084600000|  0%| F|  |TAMS 0x0000000084500000, 0x0000000084500000| Untracked 
|  70|0x0000000084600000, 0x0000000084600000, 0x0000000084700000|  0%| F|  |TAMS 0x0000000084600000, 0x0000000084600000| Untracked 
|  71|0x0000000084700000, 0x0000000084700000, 0x0000000084800000|  0%| F|  |TAMS 0x0000000084700000, 0x0000000084700000| Untracked 
|  72|0x0000000084800000, 0x0000000084800000, 0x0000000084900000|  0%| F|  |TAMS 0x0000000084800000, 0x0000000084800000| Untracked 
|  73|0x0000000084900000, 0x0000000084900000, 0x0000000084a00000|  0%| F|  |TAMS 0x0000000084900000, 0x0000000084900000| Untracked 
|  74|0x0000000084a00000, 0x0000000084a00000, 0x0000000084b00000|  0%| F|  |TAMS 0x0000000084a00000, 0x0000000084a00000| Untracked 
|  75|0x0000000084b00000, 0x0000000084b00000, 0x0000000084c00000|  0%| F|  |TAMS 0x0000000084b00000, 0x0000000084b00000| Untracked 
|  76|0x0000000084c00000, 0x0000000084c00000, 0x0000000084d00000|  0%| F|  |TAMS 0x0000000084c00000, 0x0000000084c00000| Untracked 
|  77|0x0000000084d00000, 0x0000000084d00000, 0x0000000084e00000|  0%| F|  |TAMS 0x0000000084d00000, 0x0000000084d00000| Untracked 
|  78|0x0000000084e00000, 0x0000000084e00000, 0x0000000084f00000|  0%| F|  |TAMS 0x0000000084e00000, 0x0000000084e00000| Untracked 
|  79|0x0000000084f00000, 0x0000000084f00000, 0x0000000085000000|  0%| F|  |TAMS 0x0000000084f00000, 0x0000000084f00000| Untracked 
|  80|0x0000000085000000, 0x0000000085000000, 0x0000000085100000|  0%| F|  |TAMS 0x0000000085000000, 0x0000000085000000| Untracked 
|  81|0x0000000085100000, 0x0000000085100000, 0x0000000085200000|  0%| F|  |TAMS 0x0000000085100000, 0x0000000085100000| Untracked 
|  82|0x0000000085200000, 0x0000000085200000, 0x0000000085300000|  0%| F|  |TAMS 0x0000000085200000, 0x0000000085200000| Untracked 
|  83|0x0000000085300000, 0x0000000085300000, 0x0000000085400000|  0%| F|  |TAMS 0x0000000085300000, 0x0000000085300000| Untracked 
|  84|0x0000000085400000, 0x0000000085400000, 0x0000000085500000|  0%| F|  |TAMS 0x0000000085400000, 0x0000000085400000| Untracked 
|  85|0x0000000085500000, 0x0000000085500000, 0x0000000085600000|  0%| F|  |TAMS 0x0000000085500000, 0x0000000085500000| Untracked 
|  86|0x0000000085600000, 0x0000000085600000, 0x0000000085700000|  0%| F|  |TAMS 0x0000000085600000, 0x0000000085600000| Untracked 
|  87|0x0000000085700000, 0x0000000085700000, 0x0000000085800000|  0%| F|  |TAMS 0x0000000085700000, 0x0000000085700000| Untracked 
|  88|0x0000000085800000, 0x0000000085800000, 0x0000000085900000|  0%| F|  |TAMS 0x0000000085800000, 0x0000000085800000| Untracked 
|  89|0x0000000085900000, 0x0000000085900000, 0x0000000085a00000|  0%| F|  |TAMS 0x0000000085900000, 0x0000000085900000| Untracked 
|  90|0x0000000085a00000, 0x0000000085a00000, 0x0000000085b00000|  0%| F|  |TAMS 0x0000000085a00000, 0x0000000085a00000| Untracked 
|  91|0x0000000085b00000, 0x0000000085b00000, 0x0000000085c00000|  0%| F|  |TAMS 0x0000000085b00000, 0x0000000085b00000| Untracked 
|  92|0x0000000085c00000, 0x0000000085c00000, 0x0000000085d00000|  0%| F|  |TAMS 0x0000000085c00000, 0x0000000085c00000| Untracked 
|  93|0x0000000085d00000, 0x0000000085d00000, 0x0000000085e00000|  0%| F|  |TAMS 0x0000000085d00000, 0x0000000085d00000| Untracked 
|  94|0x0000000085e00000, 0x0000000085e00000, 0x0000000085f00000|  0%| F|  |TAMS 0x0000000085e00000, 0x0000000085e00000| Untracked 
|  95|0x0000000085f00000, 0x0000000085f00000, 0x0000000086000000|  0%| F|  |TAMS 0x0000000085f00000, 0x0000000085f00000| Untracked 
|  96|0x0000000086000000, 0x0000000086000000, 0x0000000086100000|  0%| F|  |TAMS 0x0000000086000000, 0x0000000086000000| Untracked 
|  97|0x0000000086100000, 0x0000000086100000, 0x0000000086200000|  0%| F|  |TAMS 0x0000000086100000, 0x0000000086100000| Untracked 
|  98|0x0000000086200000, 0x0000000086200000, 0x0000000086300000|  0%| F|  |TAMS 0x0000000086200000, 0x0000000086200000| Untracked 
|  99|0x0000000086300000, 0x0000000086300000, 0x0000000086400000|  0%| F|  |TAMS 0x0000000086300000, 0x0000000086300000| Untracked 
| 100|0x0000000086400000, 0x0000000086400000, 0x0000000086500000|  0%| F|  |TAMS 0x0000000086400000, 0x0000000086400000| Untracked 
| 101|0x0000000086500000, 0x0000000086500000, 0x0000000086600000|  0%| F|  |TAMS 0x0000000086500000, 0x0000000086500000| Untracked 
| 102|0x0000000086600000, 0x0000000086600000, 0x0000000086700000|  0%| F|  |TAMS 0x0000000086600000, 0x0000000086600000| Untracked 
| 103|0x0000000086700000, 0x0000000086700000, 0x0000000086800000|  0%| F|  |TAMS 0x0000000086700000, 0x0000000086700000| Untracked 
| 104|0x0000000086800000, 0x00000000868e4120, 0x0000000086900000| 89%| S|CS|TAMS 0x0000000086800000, 0x0000000086800000| Complete 
| 105|0x0000000086900000, 0x0000000086a00000, 0x0000000086a00000|100%| S|CS|TAMS 0x0000000086900000, 0x0000000086900000| Complete 
| 106|0x0000000086a00000, 0x0000000086b00000, 0x0000000086b00000|100%| S|CS|TAMS 0x0000000086a00000, 0x0000000086a00000| Complete 
| 107|0x0000000086b00000, 0x0000000086c00000, 0x0000000086c00000|100%| S|CS|TAMS 0x0000000086b00000, 0x0000000086b00000| Complete 
| 108|0x0000000086c00000, 0x0000000086d00000, 0x0000000086d00000|100%| S|CS|TAMS 0x0000000086c00000, 0x0000000086c00000| Complete 
| 109|0x0000000086d00000, 0x0000000086e00000, 0x0000000086e00000|100%| S|CS|TAMS 0x0000000086d00000, 0x0000000086d00000| Complete 
| 110|0x0000000086e00000, 0x0000000086f00000, 0x0000000086f00000|100%| S|CS|TAMS 0x0000000086e00000, 0x0000000086e00000| Complete 
| 111|0x0000000086f00000, 0x0000000087000000, 0x0000000087000000|100%| S|CS|TAMS 0x0000000086f00000, 0x0000000086f00000| Complete 
| 112|0x0000000087000000, 0x0000000087100000, 0x0000000087100000|100%| S|CS|TAMS 0x0000000087000000, 0x0000000087000000| Complete 
| 113|0x0000000087100000, 0x0000000087200000, 0x0000000087200000|100%| S|CS|TAMS 0x0000000087100000, 0x0000000087100000| Complete 
| 114|0x0000000087200000, 0x0000000087200000, 0x0000000087300000|  0%| F|  |TAMS 0x0000000087200000, 0x0000000087200000| Untracked 
| 115|0x0000000087300000, 0x0000000087300000, 0x0000000087400000|  0%| F|  |TAMS 0x0000000087300000, 0x0000000087300000| Untracked 
| 116|0x0000000087400000, 0x0000000087400000, 0x0000000087500000|  0%| F|  |TAMS 0x0000000087400000, 0x0000000087400000| Untracked 
| 117|0x0000000087500000, 0x0000000087500000, 0x0000000087600000|  0%| F|  |TAMS 0x0000000087500000, 0x0000000087500000| Untracked 
| 118|0x0000000087600000, 0x0000000087600000, 0x0000000087700000|  0%| F|  |TAMS 0x0000000087600000, 0x0000000087600000| Untracked 
| 119|0x0000000087700000, 0x0000000087700000, 0x0000000087800000|  0%| F|  |TAMS 0x0000000087700000, 0x0000000087700000| Untracked 
| 120|0x0000000087800000, 0x0000000087800000, 0x0000000087900000|  0%| F|  |TAMS 0x0000000087800000, 0x0000000087800000| Untracked 
| 121|0x0000000087900000, 0x0000000087900000, 0x0000000087a00000|  0%| F|  |TAMS 0x0000000087900000, 0x0000000087900000| Untracked 
| 122|0x0000000087a00000, 0x0000000087a00000, 0x0000000087b00000|  0%| F|  |TAMS 0x0000000087a00000, 0x0000000087a00000| Untracked 
| 123|0x0000000087b00000, 0x0000000087b00000, 0x0000000087c00000|  0%| F|  |TAMS 0x0000000087b00000, 0x0000000087b00000| Untracked 
| 124|0x0000000087c00000, 0x0000000087c00000, 0x0000000087d00000|  0%| F|  |TAMS 0x0000000087c00000, 0x0000000087c00000| Untracked 
| 125|0x0000000087d00000, 0x0000000087d00000, 0x0000000087e00000|  0%| F|  |TAMS 0x0000000087d00000, 0x0000000087d00000| Untracked 
| 126|0x0000000087e00000, 0x0000000087e00000, 0x0000000087f00000|  0%| F|  |TAMS 0x0000000087e00000, 0x0000000087e00000| Untracked 
| 127|0x0000000087f00000, 0x0000000087f00000, 0x0000000088000000|  0%| F|  |TAMS 0x0000000087f00000, 0x0000000087f00000| Untracked 
| 128|0x0000000088000000, 0x0000000088000000, 0x0000000088100000|  0%| F|  |TAMS 0x0000000088000000, 0x0000000088000000| Untracked 
| 129|0x0000000088100000, 0x0000000088100000, 0x0000000088200000|  0%| F|  |TAMS 0x0000000088100000, 0x0000000088100000| Untracked 
| 130|0x0000000088200000, 0x0000000088200000, 0x0000000088300000|  0%| F|  |TAMS 0x0000000088200000, 0x0000000088200000| Untracked 
| 131|0x0000000088300000, 0x0000000088300000, 0x0000000088400000|  0%| F|  |TAMS 0x0000000088300000, 0x0000000088300000| Untracked 
| 132|0x0000000088400000, 0x0000000088400000, 0x0000000088500000|  0%| F|  |TAMS 0x0000000088400000, 0x0000000088400000| Untracked 
| 133|0x0000000088500000, 0x0000000088500000, 0x0000000088600000|  0%| F|  |TAMS 0x0000000088500000, 0x0000000088500000| Untracked 
| 134|0x0000000088600000, 0x0000000088600000, 0x0000000088700000|  0%| F|  |TAMS 0x0000000088600000, 0x0000000088600000| Untracked 
| 135|0x0000000088700000, 0x0000000088700000, 0x0000000088800000|  0%| F|  |TAMS 0x0000000088700000, 0x0000000088700000| Untracked 
| 136|0x0000000088800000, 0x0000000088800000, 0x0000000088900000|  0%| F|  |TAMS 0x0000000088800000, 0x0000000088800000| Untracked 
| 137|0x0000000088900000, 0x0000000088900000, 0x0000000088a00000|  0%| F|  |TAMS 0x0000000088900000, 0x0000000088900000| Untracked 
| 138|0x0000000088a00000, 0x0000000088a00000, 0x0000000088b00000|  0%| F|  |TAMS 0x0000000088a00000, 0x0000000088a00000| Untracked 
| 139|0x0000000088b00000, 0x0000000088b00000, 0x0000000088c00000|  0%| F|  |TAMS 0x0000000088b00000, 0x0000000088b00000| Untracked 
| 140|0x0000000088c00000, 0x0000000088c00000, 0x0000000088d00000|  0%| F|  |TAMS 0x0000000088c00000, 0x0000000088c00000| Untracked 
| 141|0x0000000088d00000, 0x0000000088d00000, 0x0000000088e00000|  0%| F|  |TAMS 0x0000000088d00000, 0x0000000088d00000| Untracked 
| 142|0x0000000088e00000, 0x0000000088e00000, 0x0000000088f00000|  0%| F|  |TAMS 0x0000000088e00000, 0x0000000088e00000| Untracked 
| 143|0x0000000088f00000, 0x0000000088f00000, 0x0000000089000000|  0%| F|  |TAMS 0x0000000088f00000, 0x0000000088f00000| Untracked 
| 144|0x0000000089000000, 0x0000000089000000, 0x0000000089100000|  0%| F|  |TAMS 0x0000000089000000, 0x0000000089000000| Untracked 
| 145|0x0000000089100000, 0x0000000089100000, 0x0000000089200000|  0%| F|  |TAMS 0x0000000089100000, 0x0000000089100000| Untracked 
| 146|0x0000000089200000, 0x0000000089200000, 0x0000000089300000|  0%| F|  |TAMS 0x0000000089200000, 0x0000000089200000| Untracked 
| 147|0x0000000089300000, 0x0000000089300000, 0x0000000089400000|  0%| F|  |TAMS 0x0000000089300000, 0x0000000089300000| Untracked 
| 148|0x0000000089400000, 0x0000000089400000, 0x0000000089500000|  0%| F|  |TAMS 0x0000000089400000, 0x0000000089400000| Untracked 
| 149|0x0000000089500000, 0x0000000089500000, 0x0000000089600000|  0%| F|  |TAMS 0x0000000089500000, 0x0000000089500000| Untracked 
| 150|0x0000000089600000, 0x0000000089600000, 0x0000000089700000|  0%| F|  |TAMS 0x0000000089600000, 0x0000000089600000| Untracked 
| 151|0x0000000089700000, 0x0000000089700000, 0x0000000089800000|  0%| F|  |TAMS 0x0000000089700000, 0x0000000089700000| Untracked 
| 152|0x0000000089800000, 0x0000000089800000, 0x0000000089900000|  0%| F|  |TAMS 0x0000000089800000, 0x0000000089800000| Untracked 
| 153|0x0000000089900000, 0x0000000089900000, 0x0000000089a00000|  0%| F|  |TAMS 0x0000000089900000, 0x0000000089900000| Untracked 
| 154|0x0000000089a00000, 0x0000000089a00000, 0x0000000089b00000|  0%| F|  |TAMS 0x0000000089a00000, 0x0000000089a00000| Untracked 
| 155|0x0000000089b00000, 0x0000000089b00000, 0x0000000089c00000|  0%| F|  |TAMS 0x0000000089b00000, 0x0000000089b00000| Untracked 
| 156|0x0000000089c00000, 0x0000000089c00000, 0x0000000089d00000|  0%| F|  |TAMS 0x0000000089c00000, 0x0000000089c00000| Untracked 
| 157|0x0000000089d00000, 0x0000000089d00000, 0x0000000089e00000|  0%| F|  |TAMS 0x0000000089d00000, 0x0000000089d00000| Untracked 
| 158|0x0000000089e00000, 0x0000000089e00000, 0x0000000089f00000|  0%| F|  |TAMS 0x0000000089e00000, 0x0000000089e00000| Untracked 
| 159|0x0000000089f00000, 0x0000000089f00000, 0x000000008a000000|  0%| F|  |TAMS 0x0000000089f00000, 0x0000000089f00000| Untracked 
| 160|0x000000008a000000, 0x000000008a000000, 0x000000008a100000|  0%| F|  |TAMS 0x000000008a000000, 0x000000008a000000| Untracked 
| 161|0x000000008a100000, 0x000000008a100000, 0x000000008a200000|  0%| F|  |TAMS 0x000000008a100000, 0x000000008a100000| Untracked 
| 162|0x000000008a200000, 0x000000008a200000, 0x000000008a300000|  0%| F|  |TAMS 0x000000008a200000, 0x000000008a200000| Untracked 
| 163|0x000000008a300000, 0x000000008a300000, 0x000000008a400000|  0%| F|  |TAMS 0x000000008a300000, 0x000000008a300000| Untracked 
| 164|0x000000008a400000, 0x000000008a400000, 0x000000008a500000|  0%| F|  |TAMS 0x000000008a400000, 0x000000008a400000| Untracked 
| 165|0x000000008a500000, 0x000000008a500000, 0x000000008a600000|  0%| F|  |TAMS 0x000000008a500000, 0x000000008a500000| Untracked 
| 166|0x000000008a600000, 0x000000008a600000, 0x000000008a700000|  0%| F|  |TAMS 0x000000008a600000, 0x000000008a600000| Untracked 
| 167|0x000000008a700000, 0x000000008a700000, 0x000000008a800000|  0%| F|  |TAMS 0x000000008a700000, 0x000000008a700000| Untracked 
| 168|0x000000008a800000, 0x000000008a800000, 0x000000008a900000|  0%| F|  |TAMS 0x000000008a800000, 0x000000008a800000| Untracked 
| 169|0x000000008a900000, 0x000000008a900000, 0x000000008aa00000|  0%| F|  |TAMS 0x000000008a900000, 0x000000008a900000| Untracked 
| 170|0x000000008aa00000, 0x000000008aa00000, 0x000000008ab00000|  0%| F|  |TAMS 0x000000008aa00000, 0x000000008aa00000| Untracked 
| 171|0x000000008ab00000, 0x000000008ab00000, 0x000000008ac00000|  0%| F|  |TAMS 0x000000008ab00000, 0x000000008ab00000| Untracked 
| 172|0x000000008ac00000, 0x000000008ac00000, 0x000000008ad00000|  0%| F|  |TAMS 0x000000008ac00000, 0x000000008ac00000| Untracked 
| 173|0x000000008ad00000, 0x000000008ad00000, 0x000000008ae00000|  0%| F|  |TAMS 0x000000008ad00000, 0x000000008ad00000| Untracked 
| 174|0x000000008ae00000, 0x000000008ae00000, 0x000000008af00000|  0%| F|  |TAMS 0x000000008ae00000, 0x000000008ae00000| Untracked 
| 175|0x000000008af00000, 0x000000008af00000, 0x000000008b000000|  0%| F|  |TAMS 0x000000008af00000, 0x000000008af00000| Untracked 
| 176|0x000000008b000000, 0x000000008b000000, 0x000000008b100000|  0%| F|  |TAMS 0x000000008b000000, 0x000000008b000000| Untracked 
| 177|0x000000008b100000, 0x000000008b100000, 0x000000008b200000|  0%| F|  |TAMS 0x000000008b100000, 0x000000008b100000| Untracked 
| 178|0x000000008b200000, 0x000000008b200000, 0x000000008b300000|  0%| F|  |TAMS 0x000000008b200000, 0x000000008b200000| Untracked 
| 179|0x000000008b300000, 0x000000008b300000, 0x000000008b400000|  0%| F|  |TAMS 0x000000008b300000, 0x000000008b300000| Untracked 
| 180|0x000000008b400000, 0x000000008b400000, 0x000000008b500000|  0%| F|  |TAMS 0x000000008b400000, 0x000000008b400000| Untracked 
| 181|0x000000008b500000, 0x000000008b500000, 0x000000008b600000|  0%| F|  |TAMS 0x000000008b500000, 0x000000008b500000| Untracked 
| 182|0x000000008b600000, 0x000000008b600000, 0x000000008b700000|  0%| F|  |TAMS 0x000000008b600000, 0x000000008b600000| Untracked 

Card table byte_map: [0x00000180d7630000,0x00000180d7a30000] _byte_map_base: 0x00000180d7230000

Marking Bits (Prev, Next): (CMBitMap*) 0x00000180c2527c58, (CMBitMap*) 0x00000180c2527c90
 Prev Bits: [0x00000180d7e30000, 0x00000180d9e30000)
 Next Bits: [0x00000180d9e30000, 0x00000180dbe30000)

Polling page: 0x00000180c25c0000

Metaspace:

Usage:
  Non-class:     70.98 MB capacity,    69.33 MB ( 98%) used,     1.40 MB (  2%) free+waste,   253.94 KB ( <1%) overhead. 
      Class:     11.33 MB capacity,    10.36 MB ( 91%) used,   870.70 KB (  8%) free+waste,   118.13 KB (  1%) overhead. 
       Both:     82.31 MB capacity,    79.69 MB ( 97%) used,     2.25 MB (  3%) free+waste,   372.06 KB ( <1%) overhead. 

Virtual space:
  Non-class space:       72.00 MB reserved,      71.00 MB ( 99%) committed 
      Class space:        1.00 GB reserved,      11.45 MB (  1%) committed 
             Both:        1.07 GB reserved,      82.45 MB (  8%) committed 

Chunk freelists:
   Non-Class:  22.00 KB
       Class:  0 bytes
        Both:  22.00 KB

MaxMetaspaceSize: 17179869184.00 GB
CompressedClassSpaceSize: 1.00 GB

CodeHeap 'non-profiled nmethods': size=120000Kb used=6071Kb max_used=6071Kb free=113928Kb
 bounds [0x00000180cf2a0000, 0x00000180cf890000, 0x00000180d67d0000]
CodeHeap 'profiled nmethods': size=120000Kb used=22375Kb max_used=22375Kb free=97624Kb
 bounds [0x00000180c7d70000, 0x00000180c9350000, 0x00000180cf2a0000]
CodeHeap 'non-nmethods': size=5760Kb used=2275Kb max_used=2357Kb free=3484Kb
 bounds [0x00000180c77d0000, 0x00000180c7a40000, 0x00000180c7d70000]
 total_blobs=10983 nmethods=10107 adapters=787
 compilation: enabled
              stopped_count=0, restarted_count=0
 full_count=0

Compilation events (20 events):
Event: 13.499 Thread 0x00000180de939800 10198       3       org.gradle.internal.watch.registry.SnapshotCollectingDiffListener$$Lambda$314/0x00000001004de840::visitSnapshotRoot (11 bytes)
Event: 13.499 Thread 0x00000180de939800 nmethod 10198 0x00000180c9345010 code [0x00000180c93451c0, 0x00000180c9345388]
Event: 13.499 Thread 0x00000180de939800 10199       3       org.gradle.internal.watch.vfs.impl.WatchingVirtualFileSystem$$Lambda$316/0x00000001004de040::get$Lambda (11 bytes)
Event: 13.499 Thread 0x00000180de939800 nmethod 10199 0x00000180c9345490 code [0x00000180c9345660, 0x00000180c9345978]
Event: 13.499 Thread 0x00000180de939800 10200       3       org.gradle.internal.watch.vfs.impl.WatchingVirtualFileSystem$$Lambda$316/0x00000001004de040::<init> (20 bytes)
Event: 13.502 Thread 0x00000180de939800 nmethod 10200 0x00000180c9345a90 code [0x00000180c9345c40, 0x00000180c9345eb8]
Event: 13.502 Thread 0x00000180de939800 10201       3       org.gradle.internal.watch.vfs.impl.WatchingVirtualFileSystem::withWatcherChangeErrorHandling (13 bytes)
Event: 13.503 Thread 0x00000180de939800 nmethod 10201 0x00000180c9345f90 code [0x00000180c9346260, 0x00000180c9346fd8]
Event: 13.503 Thread 0x00000180de939800 10202       3       org.gradle.internal.watch.vfs.impl.WatchingVirtualFileSystem$$Lambda$317/0x00000001004de440::get$Lambda (10 bytes)
Event: 13.503 Thread 0x00000180de939800 nmethod 10202 0x00000180c9347510 code [0x00000180c93476e0, 0x00000180c9347998]
Event: 13.503 Thread 0x00000180de939800 10203       3       org.gradle.internal.watch.vfs.impl.WatchingVirtualFileSystem$$Lambda$317/0x00000001004de440::<init> (15 bytes)
Event: 13.504 Thread 0x00000180de939800 nmethod 10203 0x00000180c9347a90 code [0x00000180c9347c40, 0x00000180c9347e58]
Event: 13.504 Thread 0x00000180de939800 10204   !   3       org.gradle.internal.watch.vfs.impl.WatchingVirtualFileSystem::withWatcherChangeErrorHandling (24 bytes)
Event: 13.505 Thread 0x00000180de939800 nmethod 10204 0x00000180c9347f10 code [0x00000180c93481a0, 0x00000180c9348d18]
Event: 13.505 Thread 0x00000180de939800 10205       3       org.gradle.internal.watch.vfs.impl.WatchingVirtualFileSystem$$Lambda$317/0x00000001004de440::get (12 bytes)
Event: 13.505 Thread 0x00000180de939800 nmethod 10205 0x00000180c9349190 code [0x00000180c9349360, 0x00000180c9349588]
Event: 13.505 Thread 0x00000180de939800 10206       3       net.rubygrapefruit.platform.internal.WindowsFileStat::<init> (10 bytes)
Event: 13.505 Thread 0x00000180de939800 nmethod 10206 0x00000180c9349690 code [0x00000180c9349840, 0x00000180c93499f8]
Event: 13.506 Thread 0x00000180de939800 10207       3       org.gradle.internal.snapshot.SnapshotUtil$1::handleExactMatchWithChild (7 bytes)
Event: 13.506 Thread 0x00000180de939800 nmethod 10207 0x00000180c9349a90 code [0x00000180c9349c40, 0x00000180c9349e08]

GC Heap History (20 events):
Event: 3.845 GC heap after
{Heap after GC invocations=8 (full 0):
 garbage-first heap   total 129024K, used 22878K [0x0000000080000000, 0x0000000100000000)
  region size 1024K, 4 young (4096K), 4 survivors (4096K)
 Metaspace       used 35045K, capacity 35834K, committed 35840K, reserved 1081344K
  class space    used 4538K, capacity 4864K, committed 4864K, reserved 1048576K
}
Event: 4.595 GC heap before
{Heap before GC invocations=9 (full 0):
 garbage-first heap   total 129024K, used 88414K [0x0000000080000000, 0x0000000100000000)
  region size 1024K, 65 young (66560K), 4 survivors (4096K)
 Metaspace       used 40421K, capacity 41348K, committed 41548K, reserved 1085440K
  class space    used 5228K, capacity 5582K, committed 5708K, reserved 1048576K
}
Event: 4.604 GC heap after
{Heap after GC invocations=10 (full 0):
 garbage-first heap   total 155648K, used 26728K [0x0000000080000000, 0x0000000100000000)
  region size 1024K, 8 young (8192K), 8 survivors (8192K)
 Metaspace       used 40421K, capacity 41348K, committed 41548K, reserved 1085440K
  class space    used 5228K, capacity 5582K, committed 5708K, reserved 1048576K
}
Event: 5.503 GC heap before
{Heap before GC invocations=10 (full 0):
 garbage-first heap   total 155648K, used 96360K [0x0000000080000000, 0x0000000100000000)
  region size 1024K, 75 young (76800K), 8 survivors (8192K)
 Metaspace       used 45547K, capacity 46731K, committed 46796K, reserved 1089536K
  class space    used 5849K, capacity 6291K, committed 6348K, reserved 1048576K
}
Event: 5.513 GC heap after
{Heap after GC invocations=11 (full 0):
 garbage-first heap   total 155648K, used 29231K [0x0000000080000000, 0x0000000100000000)
  region size 1024K, 8 young (8192K), 8 survivors (8192K)
 Metaspace       used 45547K, capacity 46731K, committed 46796K, reserved 1089536K
  class space    used 5849K, capacity 6291K, committed 6348K, reserved 1048576K
}
Event: 6.847 GC heap before
{Heap before GC invocations=11 (full 0):
 garbage-first heap   total 155648K, used 114223K [0x0000000080000000, 0x0000000100000000)
  region size 1024K, 88 young (90112K), 8 survivors (8192K)
 Metaspace       used 51466K, capacity 52988K, committed 53324K, reserved 1095680K
  class space    used 6561K, capacity 7123K, committed 7244K, reserved 1048576K
}
Event: 6.858 GC heap after
{Heap after GC invocations=12 (full 0):
 garbage-first heap   total 155648K, used 44142K [0x0000000080000000, 0x0000000100000000)
  region size 1024K, 11 young (11264K), 11 survivors (11264K)
 Metaspace       used 51466K, capacity 52988K, committed 53324K, reserved 1095680K
  class space    used 6561K, capacity 7123K, committed 7244K, reserved 1048576K
}
Event: 7.554 GC heap before
{Heap before GC invocations=12 (full 0):
 garbage-first heap   total 155648K, used 88174K [0x0000000080000000, 0x0000000100000000)
  region size 1024K, 55 young (56320K), 11 survivors (11264K)
 Metaspace       used 58363K, capacity 60064K, committed 60288K, reserved 1101824K
  class space    used 7411K, capacity 8027K, committed 8140K, reserved 1048576K
}
Event: 7.571 GC heap after
{Heap after GC invocations=13 (full 0):
 garbage-first heap   total 155648K, used 47276K [0x0000000080000000, 0x0000000100000000)
  region size 1024K, 3 young (3072K), 3 survivors (3072K)
 Metaspace       used 58363K, capacity 60064K, committed 60288K, reserved 1101824K
  class space    used 7411K, capacity 8027K, committed 8140K, reserved 1048576K
}
Event: 8.340 GC heap before
{Heap before GC invocations=14 (full 0):
 garbage-first heap   total 155648K, used 105644K [0x0000000080000000, 0x0000000100000000)
  region size 1024K, 60 young (61440K), 3 survivors (3072K)
 Metaspace       used 63354K, capacity 65092K, committed 65356K, reserved 1105920K
  class space    used 8045K, capacity 8707K, committed 8780K, reserved 1048576K
}
Event: 8.349 GC heap after
{Heap after GC invocations=15 (full 0):
 garbage-first heap   total 187392K, used 51214K [0x0000000080000000, 0x0000000100000000)
  region size 1024K, 7 young (7168K), 7 survivors (7168K)
 Metaspace       used 63354K, capacity 65092K, committed 65356K, reserved 1105920K
  class space    used 8045K, capacity 8707K, committed 8780K, reserved 1048576K
}
Event: 9.205 GC heap before
{Heap before GC invocations=16 (full 0):
 garbage-first heap   total 187392K, used 122894K [0x0000000080000000, 0x0000000100000000)
  region size 1024K, 77 young (78848K), 7 survivors (7168K)
 Metaspace       used 67020K, capacity 68891K, committed 69068K, reserved 1110016K
  class space    used 8663K, capacity 9335K, committed 9420K, reserved 1048576K
}
Event: 9.218 GC heap after
{Heap after GC invocations=17 (full 0):
 garbage-first heap   total 187392K, used 56935K [0x0000000080000000, 0x0000000100000000)
  region size 1024K, 10 young (10240K), 10 survivors (10240K)
 Metaspace       used 67020K, capacity 68891K, committed 69068K, reserved 1110016K
  class space    used 8663K, capacity 9335K, committed 9420K, reserved 1048576K
}
Event: 9.907 GC heap before
{Heap before GC invocations=17 (full 0):
 garbage-first heap   total 187392K, used 129639K [0x0000000080000000, 0x0000000100000000)
  region size 1024K, 81 young (82944K), 10 survivors (10240K)
 Metaspace       used 69801K, capacity 71908K, committed 72140K, reserved 1112064K
  class space    used 9066K, capacity 9856K, committed 9932K, reserved 1048576K
}
Event: 9.920 GC heap after
{Heap after GC invocations=18 (full 0):
 garbage-first heap   total 187392K, used 62703K [0x0000000080000000, 0x0000000100000000)
  region size 1024K, 11 young (11264K), 11 survivors (11264K)
 Metaspace       used 69801K, capacity 71908K, committed 72140K, reserved 1112064K
  class space    used 9066K, capacity 9856K, committed 9932K, reserved 1048576K
}
Event: 11.374 GC heap before
{Heap before GC invocations=18 (full 0):
 garbage-first heap   total 187392K, used 134383K [0x0000000080000000, 0x0000000100000000)
  region size 1024K, 81 young (82944K), 11 survivors (11264K)
 Metaspace       used 72299K, capacity 74468K, committed 74700K, reserved 1114112K
  class space    used 9279K, capacity 10059K, committed 10188K, reserved 1048576K
}
Event: 11.386 GC heap after
{Heap after GC invocations=19 (full 0):
 garbage-first heap   total 187392K, used 67768K [0x0000000080000000, 0x0000000100000000)
  region size 1024K, 11 young (11264K), 11 survivors (11264K)
 Metaspace       used 72299K, capacity 74468K, committed 74700K, reserved 1114112K
  class space    used 9279K, capacity 10059K, committed 10188K, reserved 1048576K
}
Event: 12.480 GC heap before
{Heap before GC invocations=19 (full 0):
 garbage-first heap   total 187392K, used 139448K [0x0000000080000000, 0x0000000100000000)
  region size 1024K, 81 young (82944K), 11 survivors (11264K)
 Metaspace       used 79449K, capacity 81787K, committed 81868K, reserved 1120256K
  class space    used 10297K, capacity 11154K, committed 11212K, reserved 1048576K
}
Event: 12.496 GC heap after
{Heap after GC invocations=20 (full 0):
 garbage-first heap   total 187392K, used 73042K [0x0000000080000000, 0x0000000100000000)
  region size 1024K, 10 young (10240K), 10 survivors (10240K)
 Metaspace       used 79449K, capacity 81787K, committed 81868K, reserved 1120256K
  class space    used 10297K, capacity 11154K, committed 11212K, reserved 1048576K
}
Event: 13.509 GC heap before
{Heap before GC invocations=20 (full 0):
 garbage-first heap   total 187392K, used 142674K [0x0000000080000000, 0x0000000100000000)
  region size 1024K, 79 young (80896K), 10 survivors (10240K)
 Metaspace       used 81607K, capacity 84283K, committed 84428K, reserved 1122304K
  class space    used 10612K, capacity 11601K, committed 11724K, reserved 1048576K
}

Deoptimization events (20 events):
Event: 13.310 Thread 0x00000180e1b4d800 DEOPT PACKING pc=0x00000180c9270ee8 sp=0x0000005b463fb100
Event: 13.310 Thread 0x00000180e1b4d800 DEOPT UNPACKING pc=0x00000180c77f76ce sp=0x0000005b463fa618 mode 0
Event: 13.325 Thread 0x00000180e1b50000 DEOPT PACKING pc=0x00000180c90c74c4 sp=0x0000005b468fda50
Event: 13.325 Thread 0x00000180e1b50000 DEOPT UNPACKING pc=0x00000180c77f76ce sp=0x0000005b468fcff0 mode 0
Event: 13.335 Thread 0x00000180e1b50000 DEOPT PACKING pc=0x00000180c90ecab8 sp=0x0000005b468fda80
Event: 13.335 Thread 0x00000180e1b50000 DEOPT UNPACKING pc=0x00000180c77f76ce sp=0x0000005b468fcf88 mode 0
Event: 13.361 Thread 0x00000180e1b51000 DEOPT PACKING pc=0x00000180c90ecab8 sp=0x0000005b469fd8f0
Event: 13.361 Thread 0x00000180e1b51000 DEOPT UNPACKING pc=0x00000180c77f76ce sp=0x0000005b469fcdf8 mode 0
Event: 13.386 Thread 0x00000180e1b4f000 DEOPT PACKING pc=0x00000180c90ecab8 sp=0x0000005b464fb030
Event: 13.386 Thread 0x00000180e1b4f000 DEOPT UNPACKING pc=0x00000180c77f76ce sp=0x0000005b464fa538 mode 0
Event: 13.408 Thread 0x00000180e1b4f000 DEOPT PACKING pc=0x00000180c90ecab8 sp=0x0000005b464fb030
Event: 13.408 Thread 0x00000180e1b4f000 DEOPT UNPACKING pc=0x00000180c77f76ce sp=0x0000005b464fa538 mode 0
Event: 13.437 Thread 0x00000180e1b4a000 DEOPT PACKING pc=0x00000180c90c74c4 sp=0x0000005b465fb2e0
Event: 13.437 Thread 0x00000180e1b4a000 DEOPT UNPACKING pc=0x00000180c77f76ce sp=0x0000005b465fa880 mode 0
Event: 13.444 Thread 0x00000180e1b4d800 DEOPT PACKING pc=0x00000180c90ecab8 sp=0x0000005b463fd140
Event: 13.444 Thread 0x00000180e1b4d800 DEOPT UNPACKING pc=0x00000180c77f76ce sp=0x0000005b463fc648 mode 0
Event: 13.471 Thread 0x00000180e1b4b000 DEOPT PACKING pc=0x00000180c90ecab8 sp=0x0000005b462fb2c0
Event: 13.471 Thread 0x00000180e1b4b000 DEOPT UNPACKING pc=0x00000180c77f76ce sp=0x0000005b462fa7c8 mode 0
Event: 13.484 Thread 0x00000180e1b4d800 DEOPT PACKING pc=0x00000180c90c74c4 sp=0x0000005b463fb4e0
Event: 13.484 Thread 0x00000180e1b4d800 DEOPT UNPACKING pc=0x00000180c77f76ce sp=0x0000005b463faa80 mode 0

Classes redefined (0 events):
No events

Internal exceptions (20 events):
Event: 12.450 Thread 0x00000180e0cdc800 Exception <a 'java/lang/NoSuchMethodError'{0x0000000087208990}: <clinit>> (0x0000000087208990) thrown at [./src/hotspot/share/prims/jni.cpp, line 1362]
Event: 12.452 Thread 0x00000180e0cdc800 Exception <a 'java/lang/NoSuchMethodError'{0x000000008721a7a8}: <clinit>> (0x000000008721a7a8) thrown at [./src/hotspot/share/prims/jni.cpp, line 1362]
Event: 12.453 Thread 0x00000180e0cdc800 Exception <a 'java/lang/NoSuchMethodError'{0x000000008721ba80}: <clinit>> (0x000000008721ba80) thrown at [./src/hotspot/share/prims/jni.cpp, line 1362]
Event: 12.505 Thread 0x00000180e1b56800 Exception <a 'java/lang/NoSuchMethodError'{0x000000008b55b348}: <clinit>> (0x000000008b55b348) thrown at [./src/hotspot/share/prims/jni.cpp, line 1362]
Event: 12.508 Thread 0x00000180e1b56800 Exception <a 'java/lang/NoSuchMethodError'{0x000000008b593c80}: <clinit>> (0x000000008b593c80) thrown at [./src/hotspot/share/prims/jni.cpp, line 1362]
Event: 12.512 Thread 0x00000180e1b56800 Exception <a 'java/lang/NoSuchMethodError'{0x000000008b5d1ce0}: <clinit>> (0x000000008b5d1ce0) thrown at [./src/hotspot/share/prims/jni.cpp, line 1362]
Event: 12.538 Thread 0x00000180e0cdc800 Exception <a 'java/lang/NoSuchMethodError'{0x000000008b200000}: <clinit>> (0x000000008b200000) thrown at [./src/hotspot/share/prims/jni.cpp, line 1362]
Event: 12.585 Thread 0x00000180e5cd7800 Exception <a 'java/lang/NoSuchMethodError'{0x000000008b12a060}: 'java.lang.Object java.lang.invoke.Invokers$Holder.linkToTargetMethod(java.lang.Object, java.lang.Object, java.lang.Object, int, java.lang.Object, java.lang.Object)'> (0x000000008b12a060) thrown at [./src/hotspot/share/interpreter/linkResolver.cpp, line 773]
Event: 12.597 Thread 0x00000180e5cd7800 Exception <a 'java/lang/IncompatibleClassChangeError'{0x000000008b18c8b8}: Found class java.lang.Object, but interface was expected> (0x000000008b18c8b8) thrown at [./src/hotspot/share/interpreter/linkResolver.cpp, line 839]
Event: 12.617 Thread 0x00000180e5cd7800 Exception <a 'java/lang/NoSuchMethodError'{0x000000008af5c668}: 'int java.lang.invoke.DirectMethodHandle$Holder.invokeStaticInit(java.lang.Object, java.lang.Object, java.lang.Object, java.lang.Object, java.lang.Object)'> (0x000000008af5c668) thrown at [./src/hotspot/share/interpreter/linkResolver.cpp, line 773]
Event: 12.733 Thread 0x00000180e5cd7800 Exception <a 'java/lang/ClassNotFoundException'{0x000000008abfcf80}: java/lang/IntegerBeanInfo> (0x000000008abfcf80) thrown at [./src/hotspot/share/classfile/systemDictionary.cpp, line 231]
Event: 12.734 Thread 0x00000180e5cd7800 Exception <a 'java/lang/ClassNotFoundException'{0x000000008aa07ac8}: java/lang/NumberBeanInfo> (0x000000008aa07ac8) thrown at [./src/hotspot/share/classfile/systemDictionary.cpp, line 231]
Event: 12.734 Thread 0x00000180e5cd7800 Exception <a 'java/lang/ClassNotFoundException'{0x000000008aa12510}: java/lang/NumberCustomizer> (0x000000008aa12510) thrown at [./src/hotspot/share/classfile/systemDictionary.cpp, line 231]
Event: 12.735 Thread 0x00000180e5cd7800 Exception <a 'java/lang/ClassNotFoundException'{0x000000008aa1fe18}: java/lang/IntegerCustomizer> (0x000000008aa1fe18) thrown at [./src/hotspot/share/classfile/systemDictionary.cpp, line 231]
Event: 12.918 Thread 0x00000180e1b4f000 Exception <a 'java/lang/NoSuchMethodError'{0x000000008a264840}: 'java.lang.Object java.lang.invoke.DirectMethodHandle$Holder.invokeSpecialIFC(java.lang.Object, java.lang.Object, java.lang.Object)'> (0x000000008a264840) thrown at [./src/hotspot/share/interpreter/linkResolver.cpp, line 773]
Event: 12.918 Thread 0x00000180e1b4e800 Exception <a 'java/lang/NoSuchMethodError'{0x000000008a294790}: 'java.lang.Object java.lang.invoke.DirectMethodHandle$Holder.invokeSpecialIFC(java.lang.Object, java.lang.Object, java.lang.Object)'> (0x000000008a294790) thrown at [./src/hotspot/share/interpreter/linkResolver.cpp, line 773]
Event: 12.918 Thread 0x00000180e1b4d800 Exception <a 'java/lang/NoSuchMethodError'{0x000000008a256f70}: 'java.lang.Object java.lang.invoke.DirectMethodHandle$Holder.invokeSpecialIFC(java.lang.Object, java.lang.Object, java.lang.Object)'> (0x000000008a256f70) thrown at [./src/hotspot/share/interpreter/linkResolver.cpp, line 773]
Event: 12.918 Thread 0x00000180e1b50000 Exception <a 'java/lang/NoSuchMethodError'{0x000000008a223570}: 'java.lang.Object java.lang.invoke.DirectMethodHandle$Holder.invokeSpecialIFC(java.lang.Object, java.lang.Object, java.lang.Object)'> (0x000000008a223570) thrown at [./src/hotspot/share/interpreter/linkResolver.cpp, line 773]
Event: 12.918 Thread 0x00000180e1b4b000 Exception <a 'java/lang/NoSuchMethodError'{0x000000008a2a20d0}: 'java.lang.Object java.lang.invoke.DirectMethodHandle$Holder.invokeSpecialIFC(java.lang.Object, java.lang.Object, java.lang.Object)'> (0x000000008a2a20d0) thrown at [./src/hotspot/share/interpreter/linkResolver.cpp, line 773]
Event: 13.265 Thread 0x00000180e1b4d800 Exception <a 'java/lang/NoSuchMethodError'{0x00000000882ffc00}: 'void java.lang.invoke.DirectMethodHandle$Holder.invokeVirtual(java.lang.Object, java.lang.Object)'> (0x00000000882ffc00) thrown at [./src/hotspot/share/interpreter/linkResolver.cpp, line 773]

Events (20 events):
Event: 13.465 Executing VM operation: RevokeBias done
Event: 13.476 Executing VM operation: RevokeBias
Event: 13.476 Executing coalesced safepoint VM operation: RevokeBias
Event: 13.476 Executing coalesced safepoint VM operation: RevokeBias done
Event: 13.476 Executing coalesced safepoint VM operation: RevokeBias
Event: 13.476 Executing coalesced safepoint VM operation: RevokeBias done
Event: 13.476 Executing VM operation: RevokeBias done
Event: 13.480 Executing VM operation: RevokeBias
Event: 13.480 Executing coalesced safepoint VM operation: RevokeBias
Event: 13.480 Executing coalesced safepoint VM operation: RevokeBias done
Event: 13.480 Executing coalesced safepoint VM operation: RevokeBias
Event: 13.480 Executing coalesced safepoint VM operation: RevokeBias done
Event: 13.480 Executing VM operation: RevokeBias done
Event: 13.480 Executing VM operation: RevokeBias
Event: 13.480 Executing VM operation: RevokeBias done
Event: 13.497 Executing VM operation: RevokeBias
Event: 13.497 Executing VM operation: RevokeBias done
Event: 13.499 Executing VM operation: BulkRevokeBias
Event: 13.501 Executing VM operation: BulkRevokeBias done
Event: 13.509 Executing VM operation: G1CollectForAllocation


Dynamic libraries:
0x00007ff7bc6e0000 - 0x00007ff7bc6ea000 	C:\Program Files\Android\Android Studio3\jre\bin\java.exe
0x00007ffd703a0000 - 0x00007ffd705af000 	C:\WINDOWS\SYSTEM32\ntdll.dll
0x00007ffd6ed30000 - 0x00007ffd6eded000 	C:\WINDOWS\System32\KERNEL32.DLL
0x00007ffd6d860000 - 0x00007ffd6dbe6000 	C:\WINDOWS\System32\KERNELBASE.dll
0x00007ffd6e0d0000 - 0x00007ffd6e1e1000 	C:\WINDOWS\System32\ucrtbase.dll
0x00007ffd60510000 - 0x00007ffd60529000 	C:\Program Files\Android\Android Studio3\jre\bin\jli.dll
0x00007ffd60410000 - 0x00007ffd60427000 	C:\Program Files\Android\Android Studio3\jre\bin\VCRUNTIME140.dll
0x00007ffd6f140000 - 0x00007ffd6f2ea000 	C:\WINDOWS\System32\USER32.dll
0x00007ffd56840000 - 0x00007ffd56ae1000 	C:\WINDOWS\WinSxS\amd64_microsoft.windows.common-controls_6595b64144ccf1df_6.0.22471.1000_none_228bc6e77ad112f7\COMCTL32.dll
0x00007ffd6e1f0000 - 0x00007ffd6e216000 	C:\WINDOWS\System32\win32u.dll
0x00007ffd6e290000 - 0x00007ffd6e334000 	C:\WINDOWS\System32\msvcrt.dll
0x00007ffd6e580000 - 0x00007ffd6e5a9000 	C:\WINDOWS\System32\GDI32.dll
0x00007ffd6dfb0000 - 0x00007ffd6e0c7000 	C:\WINDOWS\System32\gdi32full.dll
0x00007ffd6de80000 - 0x00007ffd6df1b000 	C:\WINDOWS\System32\msvcp_win.dll
0x00007ffd6e540000 - 0x00007ffd6e571000 	C:\WINDOWS\System32\IMM32.DLL
0x00007ffd60190000 - 0x00007ffd6022d000 	C:\Program Files\Android\Android Studio3\jre\bin\msvcp140.dll
0x00007ffd431e0000 - 0x00007ffd43caf000 	C:\Program Files\Android\Android Studio3\jre\bin\server\jvm.dll
0x00007ffd6e5b0000 - 0x00007ffd6e65e000 	C:\WINDOWS\System32\ADVAPI32.dll
0x00007ffd6ec80000 - 0x00007ffd6ed21000 	C:\WINDOWS\System32\sechost.dll
0x00007ffd6e420000 - 0x00007ffd6e540000 	C:\WINDOWS\System32\RPCRT4.dll
0x00007ffd6e220000 - 0x00007ffd6e228000 	C:\WINDOWS\System32\PSAPI.DLL
0x00007ffd4a4b0000 - 0x00007ffd4a4b9000 	C:\WINDOWS\SYSTEM32\WSOCK32.dll
0x00007ffd678d0000 - 0x00007ffd67903000 	C:\WINDOWS\SYSTEM32\WINMM.dll
0x00007ffd6b550000 - 0x00007ffd6b55a000 	C:\WINDOWS\SYSTEM32\VERSION.dll
0x00007ffd6f2f0000 - 0x00007ffd6f361000 	C:\WINDOWS\System32\WS2_32.dll
0x00007ffd6c930000 - 0x00007ffd6c948000 	C:\WINDOWS\SYSTEM32\kernel.appcore.dll
0x00007ffd69cf0000 - 0x00007ffd69d01000 	C:\Program Files\Android\Android Studio3\jre\bin\verify.dll
0x00007ffd65500000 - 0x00007ffd65727000 	C:\WINDOWS\SYSTEM32\DBGHELP.DLL
0x00007ffd6e900000 - 0x00007ffd6ec7e000 	C:\WINDOWS\System32\combase.dll
0x00007ffd5d9f0000 - 0x00007ffd5da21000 	C:\WINDOWS\SYSTEM32\dbgcore.DLL
0x00007ffd6df20000 - 0x00007ffd6dfa1000 	C:\WINDOWS\System32\bcryptPrimitives.dll
0x00007ffd69b50000 - 0x00007ffd69b79000 	C:\Program Files\Android\Android Studio3\jre\bin\java.dll
0x00007ffd69310000 - 0x00007ffd6931b000 	C:\Program Files\Android\Android Studio3\jre\bin\jimage.dll
0x00007ffd60970000 - 0x00007ffd60988000 	C:\Program Files\Android\Android Studio3\jre\bin\zip.dll
0x00007ffd6f980000 - 0x00007ffd7012b000 	C:\WINDOWS\System32\SHELL32.dll
0x00007ffd6b900000 - 0x00007ffd6c15c000 	C:\WINDOWS\SYSTEM32\windows.storage.dll
0x00007ffd6b7b0000 - 0x00007ffd6b8f9000 	C:\WINDOWS\SYSTEM32\wintypes.dll
0x00007ffd6e7a0000 - 0x00007ffd6e890000 	C:\WINDOWS\System32\SHCORE.dll
0x00007ffd6e890000 - 0x00007ffd6e8eb000 	C:\WINDOWS\System32\shlwapi.dll
0x00007ffd6d790000 - 0x00007ffd6d7b1000 	C:\WINDOWS\SYSTEM32\profapi.dll
0x00007ffd60950000 - 0x00007ffd6096a000 	C:\Program Files\Android\Android Studio3\jre\bin\net.dll
0x00007ffd67910000 - 0x00007ffd67a20000 	C:\WINDOWS\SYSTEM32\WINHTTP.dll
0x00007ffd6cd80000 - 0x00007ffd6cde9000 	C:\WINDOWS\system32\mswsock.dll
0x00007ffd60930000 - 0x00007ffd60944000 	C:\Program Files\Android\Android Studio3\jre\bin\nio.dll
0x00007ffd60530000 - 0x00007ffd60557000 	C:\Users\xpmkm\.gradle\native\8bec1ad78214c89d9ad589b4d07fe93259594b29d510b10fafb7a158f7737e5d\windows-amd64\native-platform.dll
0x00007ffd60230000 - 0x00007ffd6036d000 	C:\Users\xpmkm\.gradle\native\53dbd7edfb1c66fb8903c78663c9afc45aea4f116125fa6feffd364cf09443e8\windows-amd64\native-platform-file-events.dll
0x00007ffd69300000 - 0x00007ffd6930a000 	C:\Program Files\Android\Android Studio3\jre\bin\management.dll
0x00007ffd69040000 - 0x00007ffd6904c000 	C:\Program Files\Android\Android Studio3\jre\bin\management_ext.dll
0x00007ffd6cfd0000 - 0x00007ffd6cfe8000 	C:\WINDOWS\SYSTEM32\CRYPTSP.dll
0x00007ffd6c890000 - 0x00007ffd6c8c5000 	C:\WINDOWS\system32\rsaenh.dll
0x00007ffd6ce80000 - 0x00007ffd6cea9000 	C:\WINDOWS\SYSTEM32\USERENV.dll
0x00007ffd6d1c0000 - 0x00007ffd6d1e8000 	C:\WINDOWS\SYSTEM32\bcrypt.dll
0x00007ffd6cff0000 - 0x00007ffd6cffc000 	C:\WINDOWS\SYSTEM32\CRYPTBASE.dll
0x00007ffd6c380000 - 0x00007ffd6c3ad000 	C:\WINDOWS\SYSTEM32\IPHLPAPI.DLL
0x00007ffd6e8f0000 - 0x00007ffd6e8f9000 	C:\WINDOWS\System32\NSI.dll
0x00007ffd67320000 - 0x00007ffd67339000 	C:\WINDOWS\SYSTEM32\dhcpcsvc6.DLL
0x00007ffd672e0000 - 0x00007ffd672fe000 	C:\WINDOWS\SYSTEM32\dhcpcsvc.DLL
0x00007ffd6c3b0000 - 0x00007ffd6c4a1000 	C:\WINDOWS\SYSTEM32\DNSAPI.dll

dbghelp: loaded successfully - version: 4.0.5 - missing functions: none
symbol engine: initialized successfully - sym options: 0x614 - pdb path: .;C:\Program Files\Android\Android Studio3\jre\bin;C:\WINDOWS\SYSTEM32;C:\WINDOWS\WinSxS\amd64_microsoft.windows.common-controls_6595b64144ccf1df_6.0.22471.1000_none_228bc6e77ad112f7;C:\Program Files\Android\Android Studio3\jre\bin\server;C:\Users\xpmkm\.gradle\native\8bec1ad78214c89d9ad589b4d07fe93259594b29d510b10fafb7a158f7737e5d\windows-amd64;C:\Users\xpmkm\.gradle\native\53dbd7edfb1c66fb8903c78663c9afc45aea4f116125fa6feffd364cf09443e8\windows-amd64

VM Arguments:
jvm_args: --add-opens=java.base/java.util=ALL-UNNAMED --add-opens=java.base/java.lang=ALL-UNNAMED --add-opens=java.base/java.lang.invoke=ALL-UNNAMED --add-opens=java.base/java.util=ALL-UNNAMED --add-opens=java.prefs/java.util.prefs=ALL-UNNAMED --add-opens=java.prefs/java.util.prefs=ALL-UNNAMED --add-opens=java.base/java.nio.charset=ALL-UNNAMED --add-opens=java.base/java.net=ALL-UNNAMED --add-opens=java.base/java.util.concurrent.atomic=ALL-UNNAMED -Xmx2048m -Dfile.encoding=UTF-8 -Duser.country=IN -Duser.language=en -Duser.variant 
java_command: org.gradle.launcher.daemon.bootstrap.GradleDaemon 7.0.2
java_class_path (initial): C:\Users\xpmkm\.gradle\wrapper\dists\gradle-7.0.2-bin\857tjihv64xamwrf0h14cai3r\gradle-7.0.2\lib\gradle-launcher-7.0.2.jar
Launcher Type: SUN_STANDARD

[Global flags]
     intx CICompilerCount                          = 4                                         {product} {ergonomic}
     uint ConcGCThreads                            = 2                                         {product} {ergonomic}
     uint G1ConcRefinementThreads                  = 8                                         {product} {ergonomic}
   size_t G1HeapRegionSize                         = 1048576                                   {product} {ergonomic}
    uintx GCDrainStackTargetSize                   = 64                                        {product} {ergonomic}
   size_t InitialHeapSize                          = 132120576                                 {product} {ergonomic}
   size_t MarkStackSize                            = 4194304                                   {product} {ergonomic}
   size_t MaxHeapSize                              = 2147483648                                {product} {command line}
   size_t MaxNewSize                               = 1287651328                                {product} {ergonomic}
   size_t MinHeapDeltaBytes                        = 1048576                                   {product} {ergonomic}
    uintx NonNMethodCodeHeapSize                   = 5836300                                {pd product} {ergonomic}
    uintx NonProfiledCodeHeapSize                  = 122910970                              {pd product} {ergonomic}
    uintx ProfiledCodeHeapSize                     = 122910970                              {pd product} {ergonomic}
    uintx ReservedCodeCacheSize                    = 251658240                              {pd product} {ergonomic}
     bool SegmentedCodeCache                       = true                                      {product} {ergonomic}
     bool UseCompressedClassPointers               = true                                 {lp64_product} {ergonomic}
     bool UseCompressedOops                        = true                                 {lp64_product} {ergonomic}
     bool UseG1GC                                  = true                                      {product} {ergonomic}
     bool UseLargePagesIndividualAllocation        = false                                  {pd product} {ergonomic}

Logging:
Log output configuration:
 #0: stdout all=warning uptime,level,tags
 #1: stderr all=off uptime,level,tags

Environment Variables:
PATH=C:\Program Files (x86)\Common Files\Oracle\Java\javapath;C:\WINDOWS\system32;C:\WINDOWS;C:\WINDOWS\System32\Wbem;C:\WINDOWS\System32\WindowsPowerShell\v1.0\;C:\WINDOWS\System32\OpenSSH\;C:\Program Files\Git\cmd;C:\Program Files\nodejs\;C:\xampp\php;C:\ProgramData\ComposerSetup\bin;C:\Users\xpmkm\AppData\Local\Android\Sdk\platform-tools;C:\Program Files\Java\jdk1.8.0_231\bin;C:\Program Files\opnsl\bin;C:\Users\xpmkm\AppData\Roaming\npm;C:\Users\xpmkm\AppData\Local\Programs\Microsoft VS Code\bin;C:\Program Files\flutter\bin;C:\Users\xpmkm\AppData\Roaming\Composer\vendor\bin;C:\Users\xpmkm\AppData\Local\Microsoft\WindowsApps;
USERNAME=xpmkm
OS=Windows_NT
PROCESSOR_IDENTIFIER=AMD64 Family 23 Model 24 Stepping 1, AuthenticAMD



---------------  S Y S T E M  ---------------

OS: Windows 10 , 64 bit Build 22471 (10.0.22471.1000)
OS uptime: 0 days 0:26 hours

CPU:total 8 (initial active 8) (8 cores per cpu, 2 threads per core) family 23 model 24 stepping 1 microcode 0x0, cmov, cx8, fxsr, mmx, sse, sse2, sse3, ssse3, sse4.1, sse4.2, popcnt, avx, avx2, aes, clmul, mmxext, 3dnowpref, lzcnt, sse4a, ht, tsc, tscinvbit, tscinv, bmi1, bmi2, adx, s

Memory: 4k page, system-wide physical 8002M (588M free)
TotalPageFile size 12098M (AvailPageFile size 39M)
current process WorkingSet (physical memory assigned to process): 455M, peak: 461M
current process commit charge ("private bytes"): 489M, peak: 525M

vm_info: OpenJDK 64-Bit Server VM (11.0.10+0-b96-7249189) for windows-amd64 JRE (11.0.10+0-b96-7249189), built on Mar 31 2021 21:44:00 by "builder" with MS VC++ 14.0 (VS2015)

END.
