#
# There is insufficient memory for the Java Runtime Environment to continue.
# Native memory allocation (mmap) failed to map 1048576 bytes for Failed to commit area from 0x000000008f100000 to 0x000000008f200000 of length 1048576.
# Possible reasons:
#   The system is out of physical RAM or swap space
#   The process is running with CompressedOops enabled, and the Java Heap may be blocking the growth of the native heap
# Possible solutions:
#   Reduce memory load on the system
#   Increase physical memory or swap space
#   Check if swap backing store is full
#   Decrease Java heap size (-Xmx/-Xms)
#   Decrease number of Java threads
#   Decrease Java thread stack sizes (-Xss)
#   Set larger code cache with -XX:ReservedCodeCacheSize=
#   JVM is running with Unscaled Compressed Oops mode in which the Java heap is
#     placed in the first 4GB address space. The Java Heap base address is the
#     maximum limit for the native heap growth. Please use -XX:HeapBaseMinAddress
#     to set the Java Heap base and to place the Java Heap above 4GB virtual address.
# This output file may be truncated or incomplete.
#
#  Out of Memory Error (./src/hotspot/os/windows/os_windows.cpp:3301), pid=10528, tid=9832
#
# JRE version: OpenJDK Runtime Environment (11.0.10) (build 11.0.10+0-b96-7249189)
# Java VM: OpenJDK 64-Bit Server VM (11.0.10+0-b96-7249189, mixed mode, tiered, compressed oops, g1 gc, windows-amd64)
# No core dump will be written. Minidumps are not enabled by default on client versions of Windows
#

---------------  S U M M A R Y ------------

Command Line: --add-opens=java.base/java.util=ALL-UNNAMED --add-opens=java.base/java.lang=ALL-UNNAMED --add-opens=java.base/java.lang.invoke=ALL-UNNAMED --add-opens=java.base/java.util=ALL-UNNAMED --add-opens=java.prefs/java.util.prefs=ALL-UNNAMED --add-opens=java.prefs/java.util.prefs=ALL-UNNAMED --add-opens=java.base/java.nio.charset=ALL-UNNAMED --add-opens=java.base/java.net=ALL-UNNAMED --add-opens=java.base/java.util.concurrent.atomic=ALL-UNNAMED -Xmx2048m -Dfile.encoding=UTF-8 -Duser.country=IN -Duser.language=en -Duser.variant org.gradle.launcher.daemon.bootstrap.GradleDaemon 7.0.2

Host: AMD Ryzen 5 3550H with Radeon Vega Mobile Gfx  , 8 cores, 7G,  Windows 10 , 64 bit Build 22471 (10.0.22471.1000)
Time: Fri Oct  8 13:31:59 2021 India Standard Time elapsed time: 47.317897 seconds (0d 0h 0m 47s)

---------------  T H R E A D  ---------------

Current thread (0x000001956eff2800):  GCTaskThread "GC Thread#4" [stack: 0x0000007c04500000,0x0000007c04600000] [id=9832]

Stack: [0x0000007c04500000,0x0000007c04600000]
[error occurred during error reporting (printing stack bounds), id 0xc0000005, EXCEPTION_ACCESS_VIOLATION (0xc0000005) at pc=0x0000019556ee0f2d]

Native frames: (J=compiled Java code, j=interpreted, Vv=VM code, C=native code)
V  [jvm.dll+0x5ecfaa]
V  [jvm.dll+0x722bd5]
V  [jvm.dll+0x72412d]
V  [jvm.dll+0x724745]
V  [jvm.dll+0x7246fb]
V  [jvm.dll+0x5ec348]
V  [jvm.dll+0x5ecad8]
C  [ntdll.dll+0xa623f]
C  [ntdll.dll+0x65ea9]
C  [ntdll.dll+0xa522e]
C  0x0000019556ee0f2d


---------------  P R O C E S S  ---------------

Threads class SMR info:
_java_thread_list=0x000001956e913260, length=68, elements={
0x00000195533f4800, 0x000001956d85a000, 0x000001956d868000, 0x000001956e1d2800,
0x000001956e1d5800, 0x000001956e1dd000, 0x000001956e1e3800, 0x000001956d87f800,
0x000001956e1de000, 0x000001956e1d9800, 0x000001956e1da800, 0x000001956e1db800,
0x000001956e1dc000, 0x000001956e1de800, 0x00000195705de000, 0x00000195705db800,
0x00000195705df000, 0x00000195705da800, 0x00000195705dd000, 0x00000195705e3000,
0x00000195705e8000, 0x00000195705e2000, 0x00000195705e8800, 0x00000195705e9800,
0x00000195705e7000, 0x00000195705e3800, 0x00000195705e4800, 0x00000195705e5800,
0x0000019574f08000, 0x0000019574f03800, 0x0000019574f10800, 0x0000019574f04000,
0x0000019574f0a800, 0x0000019574f05000, 0x0000019574f0b800, 0x0000019574f06000,
0x0000019573a16800, 0x0000019574f0c800, 0x00000195718de000, 0x0000019574f07800,
0x0000019574f06800, 0x0000019574f12000, 0x0000019574f0e000, 0x0000019574f0d000,
0x0000019574f0e800, 0x0000019574f0f800, 0x00000195705df800, 0x00000195705e0800,
0x00000195705e1000, 0x00000195705dc800, 0x00000195705e6000, 0x000001956e1d9000,
0x000001956e943800, 0x000001956e941800, 0x000001956e946000, 0x000001956e944800,
0x000001956e947000, 0x000001956e945800, 0x000001956e948000, 0x000001956e942000,
0x000001956e948800, 0x000001956e943000, 0x000001956e949800, 0x000001956e94f000,
0x000001956e950000, 0x000001956e94e800, 0x000001956e94a000, 0x000001956e94b000
}

Java Threads: ( => current thread )
  0x00000195533f4800 JavaThread "main" [_thread_blocked, id=13640, stack(0x0000007c02700000,0x0000007c02800000)]
  0x000001956d85a000 JavaThread "Reference Handler" daemon [_thread_blocked, id=9420, stack(0x0000007c02e00000,0x0000007c02f00000)]
  0x000001956d868000 JavaThread "Finalizer" daemon [_thread_blocked, id=3540, stack(0x0000007c02f00000,0x0000007c03000000)]
  0x000001956e1d2800 JavaThread "Signal Dispatcher" daemon [_thread_blocked, id=7796, stack(0x0000007c03000000,0x0000007c03100000)]
  0x000001956e1d5800 JavaThread "Attach Listener" daemon [_thread_blocked, id=15100, stack(0x0000007c03100000,0x0000007c03200000)]
  0x000001956e1dd000 JavaThread "Service Thread" daemon [_thread_blocked, id=4088, stack(0x0000007c03200000,0x0000007c03300000)]
  0x000001956e1e3800 JavaThread "C2 CompilerThread0" daemon [_thread_blocked, id=13336, stack(0x0000007c03300000,0x0000007c03400000)]
  0x000001956d87f800 JavaThread "C1 CompilerThread0" daemon [_thread_blocked, id=12804, stack(0x0000007c03400000,0x0000007c03500000)]
  0x000001956e1de000 JavaThread "Sweeper thread" daemon [_thread_blocked, id=6024, stack(0x0000007c03500000,0x0000007c03600000)]
  0x000001956e1d9800 JavaThread "Common-Cleaner" daemon [_thread_blocked, id=12884, stack(0x0000007c03600000,0x0000007c03700000)]
  0x000001956e1da800 JavaThread "Daemon health stats" [_thread_blocked, id=3392, stack(0x0000007c03c00000,0x0000007c03d00000)]
  0x000001956e1db800 JavaThread "Incoming local TCP Connector on port 54712" [_thread_in_native, id=5768, stack(0x0000007c03800000,0x0000007c03900000)]
  0x000001956e1dc000 JavaThread "Daemon periodic checks" [_thread_blocked, id=13800, stack(0x0000007c03900000,0x0000007c03a00000)]
  0x000001956e1de800 JavaThread "Daemon" [_thread_blocked, id=7084, stack(0x0000007c03d00000,0x0000007c03e00000)]
  0x00000195705de000 JavaThread "Daemon worker" [_thread_blocked, id=11716, stack(0x0000007c04000000,0x0000007c04100000)]
  0x00000195705db800 JavaThread "Cache worker for file hash cache (C:\Users\xpmkm\.gradle\caches\7.0.2\fileHashes)" [_thread_blocked, id=11700, stack(0x0000007c04900000,0x0000007c04a00000)]
  0x00000195705df000 JavaThread "File lock request listener" [_thread_in_native, id=3468, stack(0x0000007c04a00000,0x0000007c04b00000)]
  0x00000195705da800 JavaThread "Cache worker for journal cache (C:\Users\xpmkm\.gradle\caches\journal-1)" [_thread_blocked, id=1808, stack(0x0000007c04c00000,0x0000007c04d00000)]
  0x00000195705dd000 JavaThread "File watcher server" daemon [_thread_blocked, id=14600, stack(0x0000007c04f00000,0x0000007c05000000)]
  0x00000195705e3000 JavaThread "File watcher consumer" daemon [_thread_blocked, id=6948, stack(0x0000007c05000000,0x0000007c05100000)]
  0x00000195705e8000 JavaThread "jar transforms" [_thread_blocked, id=15848, stack(0x0000007c05100000,0x0000007c05200000)]
  0x00000195705e2000 JavaThread "jar transforms Thread 2" [_thread_blocked, id=1788, stack(0x0000007c05200000,0x0000007c05300000)]
  0x00000195705e8800 JavaThread "jar transforms Thread 3" [_thread_blocked, id=8100, stack(0x0000007c05300000,0x0000007c05400000)]
  0x00000195705e9800 JavaThread "jar transforms Thread 4" [_thread_blocked, id=13372, stack(0x0000007c05400000,0x0000007c05500000)]
  0x00000195705e7000 JavaThread "jar transforms Thread 5" [_thread_blocked, id=14484, stack(0x0000007c05500000,0x0000007c05600000)]
  0x00000195705e3800 JavaThread "jar transforms Thread 6" [_thread_blocked, id=10592, stack(0x0000007c05600000,0x0000007c05700000)]
  0x00000195705e4800 JavaThread "jar transforms Thread 7" [_thread_blocked, id=12044, stack(0x0000007c05800000,0x0000007c05900000)]
  0x00000195705e5800 JavaThread "jar transforms Thread 8" [_thread_blocked, id=14612, stack(0x0000007c05900000,0x0000007c05a00000)]
  0x0000019574f08000 JavaThread "Cache worker for execution history cache (C:\Users\xpmkm\.gradle\caches\7.0.2\executionHistory)" [_thread_blocked, id=7952, stack(0x0000007c05d00000,0x0000007c05e00000)]
  0x0000019574f03800 JavaThread "Cache worker for file content cache (C:\Users\xpmkm\.gradle\caches\7.0.2\fileContent)" [_thread_blocked, id=6732, stack(0x0000007c05e00000,0x0000007c05f00000)]
  0x0000019574f10800 JavaThread "Memory manager" [_thread_blocked, id=12636, stack(0x0000007c06900000,0x0000007c06a00000)]
  0x0000019574f04000 JavaThread "Handler for socket connection from /127.0.0.1:54712 to /127.0.0.1:54760" [_thread_in_native, id=5356, stack(0x0000007c04100000,0x0000007c04200000)]
  0x0000019574f0a800 JavaThread "Cancel handler" [_thread_blocked, id=1652, stack(0x0000007c04200000,0x0000007c04300000)]
  0x0000019574f05000 JavaThread "Asynchronous log dispatcher for DefaultDaemonConnection: socket connection from /127.0.0.1:54712 to /127.0.0.1:54760" [_thread_blocked, id=2348, stack(0x0000007c04300000,0x0000007c04400000)]
  0x0000019574f0b800 JavaThread "Stdin handler" [_thread_blocked, id=15688, stack(0x0000007c04d00000,0x0000007c04e00000)]
  0x0000019574f06000 JavaThread "Daemon client event forwarder" [_thread_blocked, id=11788, stack(0x0000007c04e00000,0x0000007c04f00000)]
  0x0000019573a16800 JavaThread "C2 CompilerThread1" daemon [_thread_blocked, id=9852, stack(0x0000007c05700000,0x0000007c05800000)]
  0x0000019574f0c800 JavaThread "Cache worker for file hash cache (C:\Users\xpmkm\Desktop\update_code_vezilla-server\codecanyon-L2GSbXtH-dairy-products-grocery-daily-milk-delivery-mobile-app-with-subscription-customer-app-delivery\test-vezilla-android-workspace\.gradle\7.0.2\fileHashes)" [_thread_blocked, id=14216, stack(0x0000007c05a00000,0x0000007c05b00000)]
  0x00000195718de000 JavaThread "C2 CompilerThread2" daemon [_thread_in_native, id=7776, stack(0x0000007c05b00000,0x0000007c05c00000)]
  0x0000019574f07800 JavaThread "Cache worker for checksums cache (C:\Users\xpmkm\Desktop\update_code_vezilla-server\codecanyon-L2GSbXtH-dairy-products-grocery-daily-milk-delivery-mobile-app-with-subscription-customer-app-delivery\test-vezilla-android-workspace\.gradle\checksums)" [_thread_blocked, id=7544, stack(0x0000007c05c00000,0x0000007c05d00000)]
  0x0000019574f06800 JavaThread "Cache worker for cache directory md-supplier (C:\Users\xpmkm\.gradle\caches\7.0.2\md-supplier)" [_thread_blocked, id=8592, stack(0x0000007c05f00000,0x0000007c06000000)]
  0x0000019574f12000 JavaThread "Cache worker for cache directory md-rule (C:\Users\xpmkm\.gradle\caches\7.0.2\md-rule)" [_thread_blocked, id=3888, stack(0x0000007c06000000,0x0000007c06100000)]
  0x0000019574f0e000 JavaThread "Cache worker for dependencies-accessors (C:\Users\xpmkm\Desktop\update_code_vezilla-server\codecanyon-L2GSbXtH-dairy-products-grocery-daily-milk-delivery-mobile-app-with-subscription-customer-app-delivery\test-vezilla-android-workspace\.gradle\7.0.2\dependencies-accessors)" [_thread_blocked, id=4128, stack(0x0000007c06100000,0x0000007c06200000)]
  0x0000019574f0d000 JavaThread "Cache worker for Build Output Cleanup Cache (C:\Users\xpmkm\Desktop\update_code_vezilla-server\codecanyon-L2GSbXtH-dairy-products-grocery-daily-milk-delivery-mobile-app-with-subscription-customer-app-delivery\test-vezilla-android-workspace\.gradle\buildOutputCleanup)" [_thread_blocked, id=5872, stack(0x0000007c06200000,0x0000007c06300000)]
  0x0000019574f0e800 JavaThread "Build operations" [_thread_blocked, id=4596, stack(0x0000007c06300000,0x0000007c06400000)]
  0x0000019574f0f800 JavaThread "Build operations Thread 2" [_thread_blocked, id=2536, stack(0x0000007c06400000,0x0000007c06500000)]
  0x00000195705df800 JavaThread "Build operations Thread 3" [_thread_blocked, id=7316, stack(0x0000007c06500000,0x0000007c06600000)]
  0x00000195705e0800 JavaThread "Build operations Thread 4" [_thread_blocked, id=11460, stack(0x0000007c06600000,0x0000007c06700000)]
  0x00000195705e1000 JavaThread "Build operations Thread 5" [_thread_blocked, id=2008, stack(0x0000007c06700000,0x0000007c06800000)]
  0x00000195705dc800 JavaThread "Build operations Thread 6" [_thread_blocked, id=14384, stack(0x0000007c06800000,0x0000007c06900000)]
  0x00000195705e6000 JavaThread "Build operations Thread 7" [_thread_blocked, id=8696, stack(0x0000007c06a00000,0x0000007c06b00000)]
  0x000001956e1d9000 JavaThread "Build operations Thread 8" [_thread_blocked, id=13556, stack(0x0000007c06b00000,0x0000007c06c00000)]
  0x000001956e943800 JavaThread "build event listener" [_thread_blocked, id=10016, stack(0x0000007c06c00000,0x0000007c06d00000)]
  0x000001956e941800 JavaThread "Execution worker for ':'" [_thread_blocked, id=6852, stack(0x0000007c06d00000,0x0000007c06e00000)]
  0x000001956e946000 JavaThread "Execution worker for ':' Thread 2" [_thread_blocked, id=9548, stack(0x0000007c06e00000,0x0000007c06f00000)]
  0x000001956e944800 JavaThread "Execution worker for ':' Thread 3" [_thread_blocked, id=13540, stack(0x0000007c06f00000,0x0000007c07000000)]
  0x000001956e947000 JavaThread "Execution worker for ':' Thread 4" [_thread_blocked, id=11932, stack(0x0000007c07000000,0x0000007c07100000)]
  0x000001956e945800 JavaThread "Execution worker for ':' Thread 5" [_thread_blocked, id=16212, stack(0x0000007c07100000,0x0000007c07200000)]
  0x000001956e948000 JavaThread "Execution worker for ':' Thread 6" [_thread_blocked, id=10324, stack(0x0000007c07200000,0x0000007c07300000)]
  0x000001956e942000 JavaThread "Execution worker for ':' Thread 7" [_thread_blocked, id=16172, stack(0x0000007c07300000,0x0000007c07400000)]
  0x000001956e948800 JavaThread "Cache worker for execution history cache (C:\Users\xpmkm\Desktop\update_code_vezilla-server\codecanyon-L2GSbXtH-dairy-products-grocery-daily-milk-delivery-mobile-app-with-subscription-customer-app-delivery\test-vezilla-android-workspace\.gradle\7.0.2\executionHistory)" [_thread_blocked, id=14680, stack(0x0000007c07400000,0x0000007c07500000)]
  0x000001956e943000 JavaThread "WorkerExecutor Queue" [_thread_blocked, id=8664, stack(0x0000007c07500000,0x0000007c07600000)]
  0x000001956e949800 JavaThread "WorkerExecutor Queue Thread 2" [_thread_blocked, id=7440, stack(0x0000007c07600000,0x0000007c07700000)]
  0x000001956e94f000 JavaThread "pool-4-thread-1" [_thread_blocked, id=8932, stack(0x0000007c07700000,0x0000007c07800000)]
  0x000001956e950000 JavaThread "WorkerExecutor Queue Thread 3" [_thread_blocked, id=2940, stack(0x0000007c07800000,0x0000007c07900000)]
  0x000001956e94e800 JavaThread "WorkerExecutor Queue Thread 4" [_thread_blocked, id=12116, stack(0x0000007c07900000,0x0000007c07a00000)]
  0x000001956e94a000 JavaThread "stderr" [_thread_in_native, id=1268, stack(0x0000007c07a00000,0x0000007c07b00000)]
  0x000001956e94b000 JavaThread "stdout" [_thread_in_native, id=5364, stack(0x0000007c07b00000,0x0000007c07c00000)]

Other Threads:
  0x000001956d858000 VMThread "VM Thread" [stack: 0x0000007c02d00000,0x0000007c02e00000] [id=9604]
  0x000001956e35b000 WatcherThread [stack: 0x0000007c03700000,0x0000007c03800000] [id=6744]
  0x000001955340f000 GCTaskThread "GC Thread#0" [stack: 0x0000007c02800000,0x0000007c02900000] [id=10060]
  0x000001956f0c1800 GCTaskThread "GC Thread#1" [stack: 0x0000007c03a00000,0x0000007c03b00000] [id=14488]
  0x000001956e9ef800 GCTaskThread "GC Thread#2" [stack: 0x0000007c03b00000,0x0000007c03c00000] [id=6668]
  0x0000019570448800 GCTaskThread "GC Thread#3" [stack: 0x0000007c04400000,0x0000007c04500000] [id=6576]
=>0x000001956eff2800 GCTaskThread "GC Thread#4" [stack: 0x0000007c04500000,0x0000007c04600000] [id=9832]
  0x0000019570139800 GCTaskThread "GC Thread#5" [stack: 0x0000007c04600000,0x0000007c04700000] [id=15088]
  0x00000195709c5800 GCTaskThread "GC Thread#6" [stack: 0x0000007c04700000,0x0000007c04800000] [id=12084]
  0x0000019570e9c000 GCTaskThread "GC Thread#7" [stack: 0x0000007c04800000,0x0000007c04900000] [id=8040]
  0x0000019553442000 ConcurrentGCThread "G1 Main Marker" [stack: 0x0000007c02900000,0x0000007c02a00000] [id=13488]
  0x0000019553443000 ConcurrentGCThread "G1 Conc#0" [stack: 0x0000007c02a00000,0x0000007c02b00000] [id=12324]
  0x000001956f78f800 ConcurrentGCThread "G1 Conc#1" [stack: 0x0000007c04b00000,0x0000007c04c00000] [id=7116]
  0x00000195534c7000 ConcurrentGCThread "G1 Refine#0" [stack: 0x0000007c02b00000,0x0000007c02c00000] [id=5444]
  0x000001956d6b0800 ConcurrentGCThread "G1 Young RemSet Sampling" [stack: 0x0000007c02c00000,0x0000007c02d00000] [id=2752]

Threads with active compile tasks:
C2 CompilerThread0  47332 14431       4       com.android.tools.r8.graph.T::a (23 bytes)
C2 CompilerThread1  47332 14428       4       com.android.tools.r8.internal.lp::a (286 bytes)
C2 CompilerThread2  47332 14418 %     4       com.android.tools.r8.dex.j::m @ 64 (2086 bytes)

VM state:at safepoint (normal execution)

VM Mutex/Monitor currently owned by a thread:  ([mutex/lock_event])
[0x00000195511eca20] FreeList_lock - owner thread: 0x000001956eff2800
[0x00000195533f0e70] Threads_lock - owner thread: 0x000001956d858000
[0x00000195533f2070] Heap_lock - owner thread: 0x000001956e950000

Heap address: 0x0000000080000000, size: 2048 MB, Compressed Oops mode: 32-bit
Narrow klass base: 0x0000000000000000, Narrow klass shift: 3
Compressed class space size: 1073741824 Address: 0x0000000100000000

Heap:
 garbage-first heap   total 247808K, used 224518K [0x0000000080000000, 0x0000000100000000)
  region size 1024K, 63 young (64512K), 8 survivors (8192K)
 Metaspace       used 104512K, capacity 107866K, committed 108032K, reserved 1142784K
  class space    used 13357K, capacity 14569K, committed 14592K, reserved 1048576K
Heap Regions: E=young(eden), S=young(survivor), O=old, HS=humongous(starts), HC=humongous(continues), CS=collection set, F=free, A=archive, TAMS=top-at-mark-start (previous, next)
|   0|0x0000000080000000, 0x0000000080100000, 0x0000000080100000|100%| O|  |TAMS 0x0000000080100000, 0x0000000080000000| Untracked 
|   1|0x0000000080100000, 0x0000000080200000, 0x0000000080200000|100%| O|  |TAMS 0x0000000080200000, 0x0000000080100000| Untracked 
|   2|0x0000000080200000, 0x0000000080300000, 0x0000000080300000|100%| O|  |TAMS 0x0000000080300000, 0x0000000080200000| Untracked 
|   3|0x0000000080300000, 0x0000000080400000, 0x0000000080400000|100%|HS|  |TAMS 0x0000000080400000, 0x0000000080300000| Complete 
|   4|0x0000000080400000, 0x0000000080500000, 0x0000000080500000|100%|HC|  |TAMS 0x0000000080500000, 0x0000000080400000| Complete 
|   5|0x0000000080500000, 0x0000000080600000, 0x0000000080600000|100%|HC|  |TAMS 0x0000000080600000, 0x0000000080500000| Complete 
|   6|0x0000000080600000, 0x0000000080700000, 0x0000000080700000|100%| O|  |TAMS 0x0000000080700000, 0x0000000080600000| Untracked 
|   7|0x0000000080700000, 0x0000000080800000, 0x0000000080800000|100%| O|  |TAMS 0x0000000080800000, 0x0000000080700000| Untracked 
|   8|0x0000000080800000, 0x0000000080900000, 0x0000000080900000|100%| O|  |TAMS 0x0000000080900000, 0x0000000080800000| Untracked 
|   9|0x0000000080900000, 0x0000000080a00000, 0x0000000080a00000|100%| O|  |TAMS 0x0000000080a00000, 0x0000000080900000| Untracked 
|  10|0x0000000080a00000, 0x0000000080b00000, 0x0000000080b00000|100%| O|  |TAMS 0x0000000080b00000, 0x0000000080a00000| Untracked 
|  11|0x0000000080b00000, 0x0000000080c00000, 0x0000000080c00000|100%| O|  |TAMS 0x0000000080c00000, 0x0000000080b00000| Untracked 
|  12|0x0000000080c00000, 0x0000000080d00000, 0x0000000080d00000|100%| O|  |TAMS 0x0000000080d00000, 0x0000000080c00000| Untracked 
|  13|0x0000000080d00000, 0x0000000080e00000, 0x0000000080e00000|100%| O|  |TAMS 0x0000000080e00000, 0x0000000080d00000| Untracked 
|  14|0x0000000080e00000, 0x0000000080f00000, 0x0000000080f00000|100%| O|  |TAMS 0x0000000080f00000, 0x0000000080e00000| Complete 
|  15|0x0000000080f00000, 0x0000000081000000, 0x0000000081000000|100%| O|  |TAMS 0x0000000081000000, 0x0000000080f00000| Untracked 
|  16|0x0000000081000000, 0x0000000081100000, 0x0000000081100000|100%|HS|  |TAMS 0x0000000081100000, 0x0000000081000000| Complete 
|  17|0x0000000081100000, 0x0000000081200000, 0x0000000081200000|100%|HC|  |TAMS 0x0000000081200000, 0x0000000081100000| Complete 
|  18|0x0000000081200000, 0x0000000081300000, 0x0000000081300000|100%|HS|  |TAMS 0x0000000081300000, 0x0000000081200000| Complete 
|  19|0x0000000081300000, 0x0000000081400000, 0x0000000081400000|100%|HC|  |TAMS 0x0000000081400000, 0x0000000081300000| Complete 
|  20|0x0000000081400000, 0x0000000081500000, 0x0000000081500000|100%|HC|  |TAMS 0x0000000081500000, 0x0000000081400000| Complete 
|  21|0x0000000081500000, 0x0000000081600000, 0x0000000081600000|100%|HS|  |TAMS 0x0000000081600000, 0x0000000081500000| Complete 
|  22|0x0000000081600000, 0x0000000081700000, 0x0000000081700000|100%|HC|  |TAMS 0x0000000081700000, 0x0000000081600000| Complete 
|  23|0x0000000081700000, 0x0000000081800000, 0x0000000081800000|100%|HC|  |TAMS 0x0000000081800000, 0x0000000081700000| Complete 
|  24|0x0000000081800000, 0x0000000081900000, 0x0000000081900000|100%|HC|  |TAMS 0x0000000081900000, 0x0000000081800000| Complete 
|  25|0x0000000081900000, 0x0000000081a00000, 0x0000000081a00000|100%|HC|  |TAMS 0x0000000081a00000, 0x0000000081900000| Complete 
|  26|0x0000000081a00000, 0x0000000081b00000, 0x0000000081b00000|100%| O|  |TAMS 0x0000000081b00000, 0x0000000081a00000| Untracked 
|  27|0x0000000081b00000, 0x0000000081c00000, 0x0000000081c00000|100%| O|  |TAMS 0x0000000081c00000, 0x0000000081b00000| Complete 
|  28|0x0000000081c00000, 0x0000000081d00000, 0x0000000081d00000|100%| O|  |TAMS 0x0000000081d00000, 0x0000000081c00000| Complete 
|  29|0x0000000081d00000, 0x0000000081e00000, 0x0000000081e00000|100%|HS|  |TAMS 0x0000000081e00000, 0x0000000081d00000| Complete 
|  30|0x0000000081e00000, 0x0000000081f00000, 0x0000000081f00000|100%|HC|  |TAMS 0x0000000081f00000, 0x0000000081e00000| Complete 
|  31|0x0000000081f00000, 0x0000000082000000, 0x0000000082000000|100%|HC|  |TAMS 0x0000000082000000, 0x0000000081f00000| Complete 
|  32|0x0000000082000000, 0x0000000082100000, 0x0000000082100000|100%| O|  |TAMS 0x0000000082100000, 0x0000000082000000| Untracked 
|  33|0x0000000082100000, 0x0000000082200000, 0x0000000082200000|100%| O|  |TAMS 0x0000000082200000, 0x0000000082100000| Untracked 
|  34|0x0000000082200000, 0x0000000082300000, 0x0000000082300000|100%| O|  |TAMS 0x0000000082300000, 0x0000000082200000| Untracked 
|  35|0x0000000082300000, 0x0000000082400000, 0x0000000082400000|100%| O|  |TAMS 0x0000000082400000, 0x0000000082300000| Complete 
|  36|0x0000000082400000, 0x0000000082500000, 0x0000000082500000|100%|HS|  |TAMS 0x0000000082500000, 0x0000000082400000| Complete 
|  37|0x0000000082500000, 0x0000000082600000, 0x0000000082600000|100%|HC|  |TAMS 0x0000000082600000, 0x0000000082500000| Complete 
|  38|0x0000000082600000, 0x0000000082700000, 0x0000000082700000|100%|HC|  |TAMS 0x0000000082700000, 0x0000000082600000| Complete 
|  39|0x0000000082700000, 0x0000000082800000, 0x0000000082800000|100%|HC|  |TAMS 0x0000000082800000, 0x0000000082700000| Complete 
|  40|0x0000000082800000, 0x0000000082900000, 0x0000000082900000|100%|HC|  |TAMS 0x0000000082900000, 0x0000000082800000| Complete 
|  41|0x0000000082900000, 0x0000000082a00000, 0x0000000082a00000|100%| O|  |TAMS 0x0000000082a00000, 0x0000000082900000| Untracked 
|  42|0x0000000082a00000, 0x0000000082b00000, 0x0000000082b00000|100%| O|  |TAMS 0x0000000082b00000, 0x0000000082a00000| Untracked 
|  43|0x0000000082b00000, 0x0000000082c00000, 0x0000000082c00000|100%| O|  |TAMS 0x0000000082c00000, 0x0000000082b00000| Complete 
|  44|0x0000000082c00000, 0x0000000082d00000, 0x0000000082d00000|100%| O|  |TAMS 0x0000000082d00000, 0x0000000082c00000| Untracked 
|  45|0x0000000082d00000, 0x0000000082e00000, 0x0000000082e00000|100%| O|  |TAMS 0x0000000082e00000, 0x0000000082d00000| Untracked 
|  46|0x0000000082e00000, 0x0000000082f00000, 0x0000000082f00000|100%| O|  |TAMS 0x0000000082f00000, 0x0000000082e00000| Untracked 
|  47|0x0000000082f00000, 0x0000000083000000, 0x0000000083000000|100%| O|  |TAMS 0x0000000083000000, 0x0000000082f00000| Untracked 
|  48|0x0000000083000000, 0x0000000083100000, 0x0000000083100000|100%| O|  |TAMS 0x0000000083100000, 0x0000000083000000| Untracked 
|  49|0x0000000083100000, 0x0000000083200000, 0x0000000083200000|100%| O|  |TAMS 0x0000000083200000, 0x0000000083100000| Untracked 
|  50|0x0000000083200000, 0x0000000083300000, 0x0000000083300000|100%| O|  |TAMS 0x0000000083300000, 0x0000000083200000| Untracked 
|  51|0x0000000083300000, 0x0000000083400000, 0x0000000083400000|100%| O|  |TAMS 0x0000000083400000, 0x0000000083300000| Complete 
|  52|0x0000000083400000, 0x0000000083500000, 0x0000000083500000|100%|HS|  |TAMS 0x0000000083500000, 0x0000000083400000| Complete 
|  53|0x0000000083500000, 0x0000000083600000, 0x0000000083600000|100%|HS|  |TAMS 0x0000000083600000, 0x0000000083500000| Complete 
|  54|0x0000000083600000, 0x0000000083700000, 0x0000000083700000|100%|HS|  |TAMS 0x0000000083700000, 0x0000000083600000| Complete 
|  55|0x0000000083700000, 0x0000000083800000, 0x0000000083800000|100%|HC|  |TAMS 0x0000000083800000, 0x0000000083700000| Complete 
|  56|0x0000000083800000, 0x0000000083900000, 0x0000000083900000|100%| O|  |TAMS 0x0000000083900000, 0x0000000083800000| Complete 
|  57|0x0000000083900000, 0x0000000083a00000, 0x0000000083a00000|100%| O|  |TAMS 0x0000000083a00000, 0x0000000083900000| Complete 
|  58|0x0000000083a00000, 0x0000000083b00000, 0x0000000083b00000|100%| O|  |TAMS 0x0000000083b00000, 0x0000000083a00000| Complete 
|  59|0x0000000083b00000, 0x0000000083c00000, 0x0000000083c00000|100%| O|  |TAMS 0x0000000083c00000, 0x0000000083b00000| Complete 
|  60|0x0000000083c00000, 0x0000000083d00000, 0x0000000083d00000|100%| O|  |TAMS 0x0000000083d00000, 0x0000000083c00000| Untracked 
|  61|0x0000000083d00000, 0x0000000083e00000, 0x0000000083e00000|100%| O|  |TAMS 0x0000000083e00000, 0x0000000083d00000| Complete 
|  62|0x0000000083e00000, 0x0000000083f00000, 0x0000000083f00000|100%| O|  |TAMS 0x0000000083f00000, 0x0000000083e00000| Complete 
|  63|0x0000000083f00000, 0x0000000084000000, 0x0000000084000000|100%| O|  |TAMS 0x0000000084000000, 0x0000000083f00000| Untracked 
|  64|0x0000000084000000, 0x0000000084100000, 0x0000000084100000|100%| O|  |TAMS 0x0000000084100000, 0x0000000084000000| Untracked 
|  65|0x0000000084100000, 0x0000000084200000, 0x0000000084200000|100%| O|  |TAMS 0x0000000084200000, 0x0000000084100000| Untracked 
|  66|0x0000000084200000, 0x0000000084300000, 0x0000000084300000|100%| O|  |TAMS 0x0000000084300000, 0x0000000084200000| Untracked 
|  67|0x0000000084300000, 0x0000000084400000, 0x0000000084400000|100%| O|  |TAMS 0x0000000084400000, 0x0000000084300000| Complete 
|  68|0x0000000084400000, 0x0000000084500000, 0x0000000084500000|100%| O|  |TAMS 0x0000000084500000, 0x0000000084400000| Complete 
|  69|0x0000000084500000, 0x0000000084600000, 0x0000000084600000|100%| O|  |TAMS 0x0000000084600000, 0x0000000084500000| Untracked 
|  70|0x0000000084600000, 0x0000000084700000, 0x0000000084700000|100%| O|  |TAMS 0x0000000084700000, 0x0000000084600000| Untracked 
|  71|0x0000000084700000, 0x0000000084800000, 0x0000000084800000|100%| O|  |TAMS 0x0000000084800000, 0x0000000084700000| Untracked 
|  72|0x0000000084800000, 0x0000000084900000, 0x0000000084900000|100%| O|  |TAMS 0x0000000084900000, 0x0000000084800000| Untracked 
|  73|0x0000000084900000, 0x0000000084a00000, 0x0000000084a00000|100%| O|  |TAMS 0x0000000084a00000, 0x0000000084900000| Untracked 
|  74|0x0000000084a00000, 0x0000000084b00000, 0x0000000084b00000|100%| O|  |TAMS 0x0000000084b00000, 0x0000000084a00000| Untracked 
|  75|0x0000000084b00000, 0x0000000084c00000, 0x0000000084c00000|100%| O|  |TAMS 0x0000000084c00000, 0x0000000084b00000| Complete 
|  76|0x0000000084c00000, 0x0000000084d00000, 0x0000000084d00000|100%| O|  |TAMS 0x0000000084d00000, 0x0000000084c00000| Complete 
|  77|0x0000000084d00000, 0x0000000084e00000, 0x0000000084e00000|100%| O|  |TAMS 0x0000000084e00000, 0x0000000084d00000| Complete 
|  78|0x0000000084e00000, 0x0000000084f00000, 0x0000000084f00000|100%| O|  |TAMS 0x0000000084f00000, 0x0000000084e00000| Untracked 
|  79|0x0000000084f00000, 0x0000000085000000, 0x0000000085000000|100%| O|  |TAMS 0x0000000085000000, 0x0000000084f00000| Untracked 
|  80|0x0000000085000000, 0x0000000085100000, 0x0000000085100000|100%| O|  |TAMS 0x0000000085100000, 0x0000000085000000| Complete 
|  81|0x0000000085100000, 0x0000000085200000, 0x0000000085200000|100%| O|  |TAMS 0x0000000085200000, 0x0000000085100000| Untracked 
|  82|0x0000000085200000, 0x0000000085300000, 0x0000000085300000|100%| O|  |TAMS 0x0000000085300000, 0x0000000085200000| Complete 
|  83|0x0000000085300000, 0x0000000085400000, 0x0000000085400000|100%| O|  |TAMS 0x0000000085400000, 0x0000000085300000| Complete 
|  84|0x0000000085400000, 0x0000000085500000, 0x0000000085500000|100%| O|  |TAMS 0x0000000085500000, 0x0000000085400000| Complete 
|  85|0x0000000085500000, 0x0000000085600000, 0x0000000085600000|100%| O|  |TAMS 0x0000000085600000, 0x0000000085500000| Untracked 
|  86|0x0000000085600000, 0x0000000085700000, 0x0000000085700000|100%| O|  |TAMS 0x0000000085700000, 0x0000000085600000| Complete 
|  87|0x0000000085700000, 0x0000000085800000, 0x0000000085800000|100%| O|  |TAMS 0x0000000085800000, 0x0000000085700000| Complete 
|  88|0x0000000085800000, 0x0000000085900000, 0x0000000085900000|100%| O|  |TAMS 0x0000000085900000, 0x0000000085800000| Untracked 
|  89|0x0000000085900000, 0x0000000085a00000, 0x0000000085a00000|100%| O|  |TAMS 0x0000000085a00000, 0x0000000085900000| Untracked 
|  90|0x0000000085a00000, 0x0000000085b00000, 0x0000000085b00000|100%| O|  |TAMS 0x0000000085b00000, 0x0000000085a00000| Complete 
|  91|0x0000000085b00000, 0x0000000085c00000, 0x0000000085c00000|100%| O|  |TAMS 0x0000000085c00000, 0x0000000085b00000| Untracked 
|  92|0x0000000085c00000, 0x0000000085d00000, 0x0000000085d00000|100%|HS|  |TAMS 0x0000000085c00000, 0x0000000085c00000| Complete 
|  93|0x0000000085d00000, 0x0000000085e00000, 0x0000000085e00000|100%| O|  |TAMS 0x0000000085e00000, 0x0000000085d00000| Untracked 
|  94|0x0000000085e00000, 0x0000000085f00000, 0x0000000085f00000|100%| O|  |TAMS 0x0000000085f00000, 0x0000000085e00000| Complete 
|  95|0x0000000085f00000, 0x0000000086000000, 0x0000000086000000|100%| O|  |TAMS 0x0000000086000000, 0x0000000085f00000| Untracked 
|  96|0x0000000086000000, 0x0000000086100000, 0x0000000086100000|100%| O|  |TAMS 0x0000000086100000, 0x0000000086000000| Complete 
|  97|0x0000000086100000, 0x0000000086200000, 0x0000000086200000|100%| O|  |TAMS 0x0000000086200000, 0x0000000086100000| Untracked 
|  98|0x0000000086200000, 0x0000000086300000, 0x0000000086300000|100%| O|  |TAMS 0x0000000086300000, 0x0000000086200000| Complete 
|  99|0x0000000086300000, 0x0000000086400000, 0x0000000086400000|100%| O|  |TAMS 0x0000000086400000, 0x0000000086300000| Complete 
| 100|0x0000000086400000, 0x0000000086500000, 0x0000000086500000|100%| O|  |TAMS 0x0000000086500000, 0x0000000086400000| Untracked 
| 101|0x0000000086500000, 0x0000000086600000, 0x0000000086600000|100%| O|  |TAMS 0x0000000086600000, 0x0000000086500000| Untracked 
| 102|0x0000000086600000, 0x0000000086700000, 0x0000000086700000|100%| O|  |TAMS 0x0000000086700000, 0x0000000086600000| Complete 
| 103|0x0000000086700000, 0x0000000086800000, 0x0000000086800000|100%| O|  |TAMS 0x0000000086800000, 0x0000000086700000| Complete 
| 104|0x0000000086800000, 0x0000000086900000, 0x0000000086900000|100%| O|  |TAMS 0x0000000086900000, 0x0000000086800000| Complete 
| 105|0x0000000086900000, 0x0000000086a00000, 0x0000000086a00000|100%| O|  |TAMS 0x0000000086a00000, 0x0000000086900000| Complete 
| 106|0x0000000086a00000, 0x0000000086b00000, 0x0000000086b00000|100%| O|  |TAMS 0x0000000086b00000, 0x0000000086a00000| Complete 
| 107|0x0000000086b00000, 0x0000000086c00000, 0x0000000086c00000|100%| O|  |TAMS 0x0000000086c00000, 0x0000000086b00000| Untracked 
| 108|0x0000000086c00000, 0x0000000086d00000, 0x0000000086d00000|100%| O|  |TAMS 0x0000000086d00000, 0x0000000086c00000| Untracked 
| 109|0x0000000086d00000, 0x0000000086e00000, 0x0000000086e00000|100%| O|  |TAMS 0x0000000086e00000, 0x0000000086d00000| Untracked 
| 110|0x0000000086e00000, 0x0000000086f00000, 0x0000000086f00000|100%| O|  |TAMS 0x0000000086f00000, 0x0000000086e00000| Untracked 
| 111|0x0000000086f00000, 0x0000000087000000, 0x0000000087000000|100%| O|  |TAMS 0x0000000087000000, 0x0000000086f00000| Untracked 
| 112|0x0000000087000000, 0x0000000087100000, 0x0000000087100000|100%| O|  |TAMS 0x0000000087100000, 0x0000000087000000| Complete 
| 113|0x0000000087100000, 0x0000000087200000, 0x0000000087200000|100%| O|  |TAMS 0x0000000087200000, 0x0000000087100000| Untracked 
| 114|0x0000000087200000, 0x0000000087300000, 0x0000000087300000|100%| O|  |TAMS 0x000000008725bc00, 0x0000000087200000| Untracked 
| 115|0x0000000087300000, 0x0000000087400000, 0x0000000087400000|100%|HS|  |TAMS 0x0000000087300000, 0x0000000087300000| Complete 
| 116|0x0000000087400000, 0x0000000087500000, 0x0000000087500000|100%| O|  |TAMS 0x0000000087500000, 0x0000000087400000| Untracked 
| 117|0x0000000087500000, 0x0000000087600000, 0x0000000087600000|100%| O|  |TAMS 0x0000000087600000, 0x0000000087500000| Complete 
| 118|0x0000000087600000, 0x0000000087700000, 0x0000000087700000|100%| O|  |TAMS 0x0000000087700000, 0x0000000087600000| Untracked 
| 119|0x0000000087700000, 0x0000000087800000, 0x0000000087800000|100%| O|  |TAMS 0x0000000087800000, 0x0000000087700000| Untracked 
| 120|0x0000000087800000, 0x0000000087900000, 0x0000000087900000|100%| O|  |TAMS 0x0000000087900000, 0x0000000087800000| Untracked 
| 121|0x0000000087900000, 0x0000000087a00000, 0x0000000087a00000|100%| O|  |TAMS 0x0000000087a00000, 0x0000000087900000| Complete 
| 122|0x0000000087a00000, 0x0000000087b00000, 0x0000000087b00000|100%| O|  |TAMS 0x0000000087b00000, 0x0000000087a00000| Untracked 
| 123|0x0000000087b00000, 0x0000000087c00000, 0x0000000087c00000|100%| O|  |TAMS 0x0000000087c00000, 0x0000000087b00000| Untracked 
| 124|0x0000000087c00000, 0x0000000087d00000, 0x0000000087d00000|100%| O|  |TAMS 0x0000000087d00000, 0x0000000087c00000| Untracked 
| 125|0x0000000087d00000, 0x0000000087e00000, 0x0000000087e00000|100%| O|  |TAMS 0x0000000087e00000, 0x0000000087d00000| Untracked 
| 126|0x0000000087e00000, 0x0000000087f00000, 0x0000000087f00000|100%| O|  |TAMS 0x0000000087f00000, 0x0000000087e00000| Complete 
| 127|0x0000000087f00000, 0x0000000088000000, 0x0000000088000000|100%|HS|  |TAMS 0x0000000087f00000, 0x0000000087f00000| Complete 
| 128|0x0000000088000000, 0x0000000088100000, 0x0000000088100000|100%|HC|  |TAMS 0x0000000088000000, 0x0000000088000000| Complete 
| 129|0x0000000088100000, 0x0000000088200000, 0x0000000088200000|100%|HS|  |TAMS 0x0000000088100000, 0x0000000088100000| Complete 
| 130|0x0000000088200000, 0x0000000088300000, 0x0000000088300000|100%|HS|  |TAMS 0x0000000088200000, 0x0000000088200000| Complete 
| 131|0x0000000088300000, 0x0000000088400000, 0x0000000088400000|100%|HS|  |TAMS 0x0000000088300000, 0x0000000088300000| Complete 
| 132|0x0000000088400000, 0x0000000088500000, 0x0000000088500000|100%|HS|  |TAMS 0x0000000088400000, 0x0000000088400000| Complete 
| 133|0x0000000088500000, 0x0000000088600000, 0x0000000088600000|100%|HS|  |TAMS 0x0000000088500000, 0x0000000088500000| Complete 
| 134|0x0000000088600000, 0x0000000088700000, 0x0000000088700000|100%|HC|  |TAMS 0x0000000088600000, 0x0000000088600000| Complete 
| 135|0x0000000088700000, 0x0000000088800000, 0x0000000088800000|100%|HS|  |TAMS 0x0000000088700000, 0x0000000088700000| Complete 
| 136|0x0000000088800000, 0x0000000088900000, 0x0000000088900000|100%|HC|  |TAMS 0x0000000088800000, 0x0000000088800000| Complete 
| 137|0x0000000088900000, 0x0000000088a00000, 0x0000000088a00000|100%|HS|  |TAMS 0x0000000088900000, 0x0000000088900000| Complete 
| 138|0x0000000088a00000, 0x0000000088b00000, 0x0000000088b00000|100%|HC|  |TAMS 0x0000000088a00000, 0x0000000088a00000| Complete 
| 139|0x0000000088b00000, 0x0000000088c00000, 0x0000000088c00000|100%|HS|  |TAMS 0x0000000088b00000, 0x0000000088b00000| Complete 
| 140|0x0000000088c00000, 0x0000000088d00000, 0x0000000088d00000|100%|HC|  |TAMS 0x0000000088c00000, 0x0000000088c00000| Complete 
| 141|0x0000000088d00000, 0x0000000088e00000, 0x0000000088e00000|100%|HS|  |TAMS 0x0000000088d00000, 0x0000000088d00000| Complete 
| 142|0x0000000088e00000, 0x0000000088f00000, 0x0000000088f00000|100%|HS|  |TAMS 0x0000000088e00000, 0x0000000088e00000| Complete 
| 143|0x0000000088f00000, 0x0000000089000000, 0x0000000089000000|100%|HS|  |TAMS 0x0000000088f00000, 0x0000000088f00000| Complete 
| 144|0x0000000089000000, 0x0000000089100000, 0x0000000089100000|100%|HS|  |TAMS 0x0000000089000000, 0x0000000089000000| Complete 
| 145|0x0000000089100000, 0x0000000089200000, 0x0000000089200000|100%|HS|  |TAMS 0x0000000089100000, 0x0000000089100000| Complete 
| 146|0x0000000089200000, 0x0000000089300000, 0x0000000089300000|100%|HS|  |TAMS 0x0000000089200000, 0x0000000089200000| Complete 
| 147|0x0000000089300000, 0x0000000089400000, 0x0000000089400000|100%|HS|  |TAMS 0x0000000089300000, 0x0000000089300000| Complete 
| 148|0x0000000089400000, 0x0000000089500000, 0x0000000089500000|100%|HS|  |TAMS 0x0000000089400000, 0x0000000089400000| Complete 
| 149|0x0000000089500000, 0x0000000089600000, 0x0000000089600000|100%|HS|  |TAMS 0x0000000089500000, 0x0000000089500000| Complete 
| 150|0x0000000089600000, 0x0000000089700000, 0x0000000089700000|100%|HS|  |TAMS 0x0000000089600000, 0x0000000089600000| Complete 
| 151|0x0000000089700000, 0x0000000089800000, 0x0000000089800000|100%|HS|  |TAMS 0x0000000089700000, 0x0000000089700000| Complete 
| 152|0x0000000089800000, 0x0000000089900000, 0x0000000089900000|100%|HS|  |TAMS 0x0000000089800000, 0x0000000089800000| Complete 
| 153|0x0000000089900000, 0x0000000089a00000, 0x0000000089a00000|100%|HS|  |TAMS 0x0000000089900000, 0x0000000089900000| Complete 
| 154|0x0000000089a00000, 0x0000000089b00000, 0x0000000089b00000|100%|HC|  |TAMS 0x0000000089a00000, 0x0000000089a00000| Complete 
| 155|0x0000000089b00000, 0x0000000089c00000, 0x0000000089c00000|100%|HS|  |TAMS 0x0000000089b00000, 0x0000000089b00000| Complete 
| 156|0x0000000089c00000, 0x0000000089d00000, 0x0000000089d00000|100%|HC|  |TAMS 0x0000000089c00000, 0x0000000089c00000| Complete 
| 157|0x0000000089d00000, 0x0000000089e00000, 0x0000000089e00000|100%| E|CS|TAMS 0x0000000089d00000, 0x0000000089d00000| Complete 
| 158|0x0000000089e00000, 0x0000000089ee5c78, 0x0000000089f00000| 89%| E|CS|TAMS 0x0000000089e00000, 0x0000000089e00000| Complete 
| 159|0x0000000089f00000, 0x000000008a000000, 0x000000008a000000|100%| E|CS|TAMS 0x0000000089f00000, 0x0000000089f00000| Complete 
| 160|0x000000008a000000, 0x000000008a100000, 0x000000008a100000|100%| E|CS|TAMS 0x000000008a000000, 0x000000008a000000| Complete 
| 161|0x000000008a100000, 0x000000008a200000, 0x000000008a200000|100%| E|CS|TAMS 0x000000008a100000, 0x000000008a100000| Complete 
| 162|0x000000008a200000, 0x000000008a300000, 0x000000008a300000|100%|HS|  |TAMS 0x000000008a200000, 0x000000008a200000| Complete 
| 163|0x000000008a300000, 0x000000008a400000, 0x000000008a400000|100%|HC|  |TAMS 0x000000008a300000, 0x000000008a300000| Complete 
| 164|0x000000008a400000, 0x000000008a500000, 0x000000008a500000|100%|HS|  |TAMS 0x000000008a400000, 0x000000008a400000| Complete 
| 165|0x000000008a500000, 0x000000008a600000, 0x000000008a600000|100%|HC|  |TAMS 0x000000008a500000, 0x000000008a500000| Complete 
| 166|0x000000008a600000, 0x000000008a700000, 0x000000008a700000|100%| E|CS|TAMS 0x000000008a600000, 0x000000008a600000| Complete 
| 167|0x000000008a700000, 0x000000008a800000, 0x000000008a800000|100%| E|CS|TAMS 0x000000008a700000, 0x000000008a700000| Complete 
| 168|0x000000008a800000, 0x000000008a900000, 0x000000008a900000|100%| E|CS|TAMS 0x000000008a800000, 0x000000008a800000| Complete 
| 169|0x000000008a900000, 0x000000008aa00000, 0x000000008aa00000|100%| E|CS|TAMS 0x000000008a900000, 0x000000008a900000| Complete 
| 170|0x000000008aa00000, 0x000000008ab00000, 0x000000008ab00000|100%| E|CS|TAMS 0x000000008aa00000, 0x000000008aa00000| Complete 
| 171|0x000000008ab00000, 0x000000008ac00000, 0x000000008ac00000|100%| E|CS|TAMS 0x000000008ab00000, 0x000000008ab00000| Complete 
| 172|0x000000008ac00000, 0x000000008ad00000, 0x000000008ad00000|100%| E|CS|TAMS 0x000000008ac00000, 0x000000008ac00000| Complete 
| 173|0x000000008ad00000, 0x000000008ae00000, 0x000000008ae00000|100%| E|CS|TAMS 0x000000008ad00000, 0x000000008ad00000| Complete 
| 174|0x000000008ae00000, 0x000000008af00000, 0x000000008af00000|100%| E|CS|TAMS 0x000000008ae00000, 0x000000008ae00000| Complete 
| 175|0x000000008af00000, 0x000000008b000000, 0x000000008b000000|100%| E|CS|TAMS 0x000000008af00000, 0x000000008af00000| Complete 
| 176|0x000000008b000000, 0x000000008b100000, 0x000000008b100000|100%| E|CS|TAMS 0x000000008b000000, 0x000000008b000000| Complete 
| 177|0x000000008b100000, 0x000000008b200000, 0x000000008b200000|100%| E|CS|TAMS 0x000000008b100000, 0x000000008b100000| Complete 
| 178|0x000000008b200000, 0x000000008b300000, 0x000000008b300000|100%| E|CS|TAMS 0x000000008b200000, 0x000000008b200000| Complete 
| 179|0x000000008b300000, 0x000000008b400000, 0x000000008b400000|100%| E|CS|TAMS 0x000000008b300000, 0x000000008b300000| Complete 
| 180|0x000000008b400000, 0x000000008b500000, 0x000000008b500000|100%| E|CS|TAMS 0x000000008b400000, 0x000000008b400000| Complete 
| 181|0x000000008b500000, 0x000000008b600000, 0x000000008b600000|100%| E|CS|TAMS 0x000000008b500000, 0x000000008b500000| Complete 
| 182|0x000000008b600000, 0x000000008b700000, 0x000000008b700000|100%| E|CS|TAMS 0x000000008b600000, 0x000000008b600000| Complete 
| 183|0x000000008b700000, 0x000000008b800000, 0x000000008b800000|100%| E|CS|TAMS 0x000000008b700000, 0x000000008b700000| Complete 
| 184|0x000000008b800000, 0x000000008b900000, 0x000000008b900000|100%| E|CS|TAMS 0x000000008b800000, 0x000000008b800000| Complete 
| 185|0x000000008b900000, 0x000000008ba00000, 0x000000008ba00000|100%| E|CS|TAMS 0x000000008b900000, 0x000000008b900000| Complete 
| 186|0x000000008ba00000, 0x000000008bb00000, 0x000000008bb00000|100%| E|CS|TAMS 0x000000008ba00000, 0x000000008ba00000| Complete 
| 187|0x000000008bb00000, 0x000000008bc00000, 0x000000008bc00000|100%| E|CS|TAMS 0x000000008bb00000, 0x000000008bb00000| Complete 
| 188|0x000000008bc00000, 0x000000008bd00000, 0x000000008bd00000|100%| E|CS|TAMS 0x000000008bc00000, 0x000000008bc00000| Complete 
| 189|0x000000008bd00000, 0x000000008be00000, 0x000000008be00000|100%| E|CS|TAMS 0x000000008bd00000, 0x000000008bd00000| Complete 
| 190|0x000000008be00000, 0x000000008bf00000, 0x000000008bf00000|100%| E|CS|TAMS 0x000000008be00000, 0x000000008be00000| Complete 
| 191|0x000000008bf00000, 0x000000008c000000, 0x000000008c000000|100%| E|CS|TAMS 0x000000008bf00000, 0x000000008bf00000| Complete 
| 192|0x000000008c000000, 0x000000008c100000, 0x000000008c100000|100%| E|CS|TAMS 0x000000008c000000, 0x000000008c000000| Complete 
| 193|0x000000008c100000, 0x000000008c200000, 0x000000008c200000|100%| E|CS|TAMS 0x000000008c100000, 0x000000008c100000| Complete 
| 194|0x000000008c200000, 0x000000008c300000, 0x000000008c300000|100%| E|CS|TAMS 0x000000008c200000, 0x000000008c200000| Complete 
| 195|0x000000008c300000, 0x000000008c400000, 0x000000008c400000|100%| E|CS|TAMS 0x000000008c300000, 0x000000008c300000| Complete 
| 196|0x000000008c400000, 0x000000008c500000, 0x000000008c500000|100%| E|CS|TAMS 0x000000008c400000, 0x000000008c400000| Complete 
| 197|0x000000008c500000, 0x000000008c600000, 0x000000008c600000|100%| E|CS|TAMS 0x000000008c500000, 0x000000008c500000| Complete 
| 198|0x000000008c600000, 0x000000008c700000, 0x000000008c700000|100%| E|CS|TAMS 0x000000008c600000, 0x000000008c600000| Complete 
| 199|0x000000008c700000, 0x000000008c800000, 0x000000008c800000|100%| E|CS|TAMS 0x000000008c700000, 0x000000008c700000| Complete 
| 200|0x000000008c800000, 0x000000008c900000, 0x000000008c900000|100%| E|CS|TAMS 0x000000008c800000, 0x000000008c800000| Complete 
| 201|0x000000008c900000, 0x000000008ca00000, 0x000000008ca00000|100%| E|CS|TAMS 0x000000008c900000, 0x000000008c900000| Complete 
| 202|0x000000008ca00000, 0x000000008cb00000, 0x000000008cb00000|100%| E|CS|TAMS 0x000000008ca00000, 0x000000008ca00000| Complete 
| 203|0x000000008cb00000, 0x000000008cc00000, 0x000000008cc00000|100%| E|CS|TAMS 0x000000008cb00000, 0x000000008cb00000| Complete 
| 204|0x000000008cc00000, 0x000000008cd00000, 0x000000008cd00000|100%| E|CS|TAMS 0x000000008cc00000, 0x000000008cc00000| Complete 
| 205|0x000000008cd00000, 0x000000008ce00000, 0x000000008ce00000|100%| E|CS|TAMS 0x000000008cd00000, 0x000000008cd00000| Complete 
| 206|0x000000008ce00000, 0x000000008cf00000, 0x000000008cf00000|100%| E|CS|TAMS 0x000000008ce00000, 0x000000008ce00000| Complete 
| 207|0x000000008cf00000, 0x000000008d000000, 0x000000008d000000|100%| E|CS|TAMS 0x000000008cf00000, 0x000000008cf00000| Complete 
| 208|0x000000008d000000, 0x000000008d100000, 0x000000008d100000|100%| E|CS|TAMS 0x000000008d000000, 0x000000008d000000| Complete 
| 209|0x000000008d100000, 0x000000008d200000, 0x000000008d200000|100%| E|CS|TAMS 0x000000008d100000, 0x000000008d100000| Complete 
| 210|0x000000008d200000, 0x000000008d300000, 0x000000008d300000|100%| E|CS|TAMS 0x000000008d200000, 0x000000008d200000| Complete 
| 211|0x000000008d300000, 0x000000008d400000, 0x000000008d400000|100%| E|CS|TAMS 0x000000008d300000, 0x000000008d300000| Complete 
| 212|0x000000008d400000, 0x000000008d500000, 0x000000008d500000|100%| E|CS|TAMS 0x000000008d400000, 0x000000008d400000| Complete 
| 213|0x000000008d500000, 0x000000008d600000, 0x000000008d600000|100%| E|CS|TAMS 0x000000008d500000, 0x000000008d500000| Complete 
| 214|0x000000008d600000, 0x000000008d700000, 0x000000008d700000|100%| E|CS|TAMS 0x000000008d600000, 0x000000008d600000| Complete 
| 215|0x000000008d700000, 0x000000008d800000, 0x000000008d800000|100%| E|CS|TAMS 0x000000008d700000, 0x000000008d700000| Complete 
| 216|0x000000008d800000, 0x000000008d900000, 0x000000008d900000|100%| E|CS|TAMS 0x000000008d800000, 0x000000008d800000| Complete 
| 217|0x000000008d900000, 0x000000008da00000, 0x000000008da00000|100%| E|CS|TAMS 0x000000008d900000, 0x000000008d900000| Complete 
| 218|0x000000008da00000, 0x000000008db00000, 0x000000008db00000|100%| E|CS|TAMS 0x000000008da00000, 0x000000008da00000| Complete 
| 219|0x000000008db00000, 0x000000008dc00000, 0x000000008dc00000|100%| E|CS|TAMS 0x000000008db00000, 0x000000008db00000| Complete 
| 220|0x000000008dc00000, 0x000000008dd00000, 0x000000008dd00000|100%| S|  |TAMS 0x000000008dc00000, 0x000000008dc00000| Complete 
| 221|0x000000008dd00000, 0x000000008de00000, 0x000000008de00000|100%| S|  |TAMS 0x000000008dd00000, 0x000000008dd00000| Complete 
| 222|0x000000008de00000, 0x000000008df00000, 0x000000008df00000|100%| S|  |TAMS 0x000000008de00000, 0x000000008de00000| Complete 
| 223|0x000000008df00000, 0x000000008e000000, 0x000000008e000000|100%| S|  |TAMS 0x000000008df00000, 0x000000008df00000| Complete 
| 224|0x000000008e000000, 0x000000008e100000, 0x000000008e100000|100%| S|  |TAMS 0x000000008e000000, 0x000000008e000000| Complete 
| 225|0x000000008e100000, 0x000000008e200000, 0x000000008e200000|100%| S|  |TAMS 0x000000008e100000, 0x000000008e100000| Complete 
| 226|0x000000008e200000, 0x000000008e300000, 0x000000008e300000|100%| S|  |TAMS 0x000000008e200000, 0x000000008e200000| Complete 
| 227|0x000000008e300000, 0x000000008e400000, 0x000000008e400000|100%| S|  |TAMS 0x000000008e300000, 0x000000008e300000| Complete 
| 228|0x000000008e400000, 0x000000008e500000, 0x000000008e500000|100%| O|  |TAMS 0x000000008e400000, 0x000000008e400000| Untracked 
| 229|0x000000008e500000, 0x000000008e600000, 0x000000008e600000|100%| O|  |TAMS 0x000000008e500000, 0x000000008e500000| Untracked 
| 230|0x000000008e600000, 0x000000008e700000, 0x000000008e700000|100%| O|  |TAMS 0x000000008e600000, 0x000000008e600000| Untracked 
| 231|0x000000008e700000, 0x000000008e800000, 0x000000008e800000|100%| O|  |TAMS 0x000000008e700000, 0x000000008e700000| Untracked 
| 232|0x000000008e800000, 0x000000008e900000, 0x000000008e900000|100%| O|  |TAMS 0x000000008e800000, 0x000000008e800000| Untracked 
| 233|0x000000008e900000, 0x000000008ea00000, 0x000000008ea00000|100%| O|  |TAMS 0x000000008e900000, 0x000000008e900000| Untracked 
| 234|0x000000008ea00000, 0x000000008eb00000, 0x000000008eb00000|100%| O|  |TAMS 0x000000008ea00000, 0x000000008ea00000| Untracked 
| 235|0x000000008eb00000, 0x000000008ec00000, 0x000000008ec00000|100%| O|  |TAMS 0x000000008eb00000, 0x000000008eb00000| Untracked 
| 236|0x000000008ec00000, 0x000000008ed00000, 0x000000008ed00000|100%| O|  |TAMS 0x000000008ec00000, 0x000000008ec00000| Untracked 
| 237|0x000000008ed00000, 0x000000008ee00000, 0x000000008ee00000|100%| O|  |TAMS 0x000000008ed00000, 0x000000008ed00000| Untracked 
| 238|0x000000008ee00000, 0x000000008ef00000, 0x000000008ef00000|100%| O|  |TAMS 0x000000008ee00000, 0x000000008ee00000| Untracked 
| 239|0x000000008ef00000, 0x000000008f000000, 0x000000008f000000|100%| O|  |TAMS 0x000000008ef00000, 0x000000008ef00000| Untracked 
| 240|0x000000008f000000, 0x000000008f100000, 0x000000008f100000|100%| O|  |TAMS 0x000000008f000000, 0x000000008f000000| Untracked 

Card table byte_map: [0x0000019566610000,0x0000019566a10000] _byte_map_base: 0x0000019566210000

Marking Bits (Prev, Next): (CMBitMap*) 0x0000019553438fc0, (CMBitMap*) 0x0000019553438f88
 Prev Bits: [0x0000019568e10000, 0x000001956ae10000)
 Next Bits: [0x0000019566e10000, 0x0000019568e10000)

Polling page: 0x0000019551380000

Metaspace:

Usage:
  Non-class:     91.11 MB capacity,    89.02 MB ( 98%) used,     1.77 MB (  2%) free+waste,   329.44 KB ( <1%) overhead. 
      Class:     14.23 MB capacity,    13.04 MB ( 92%) used,     1.04 MB (  7%) free+waste,   151.81 KB (  1%) overhead. 
       Both:    105.34 MB capacity,   102.06 MB ( 97%) used,     2.80 MB (  3%) free+waste,   481.25 KB ( <1%) overhead. 

Virtual space:
  Non-class space:       92.00 MB reserved,      91.25 MB (>99%) committed 
      Class space:        1.00 GB reserved,      14.25 MB (  1%) committed 
             Both:        1.09 GB reserved,     105.50 MB (  9%) committed 

Chunk freelists:
   Non-Class:  15.00 KB
       Class:  23.00 KB
        Both:  38.00 KB

MaxMetaspaceSize: 17179869184.00 GB
CompressedClassSpaceSize: 1.00 GB

CodeHeap 'non-profiled nmethods': size=120000Kb used=10327Kb max_used=10327Kb free=109672Kb
 bounds [0x000001955e9b0000, 0x000001955f3d0000, 0x0000019565ee0000]
CodeHeap 'profiled nmethods': size=120000Kb used=31794Kb max_used=31794Kb free=88205Kb
 bounds [0x0000019557480000, 0x0000019559390000, 0x000001955e9b0000]
CodeHeap 'non-nmethods': size=5760Kb used=2327Kb max_used=2388Kb free=3432Kb
 bounds [0x0000019556ee0000, 0x0000019557150000, 0x0000019557480000]
 total_blobs=15169 nmethods=14236 adapters=841
 compilation: enabled
              stopped_count=0, restarted_count=0
 full_count=0

Compilation events (20 events):
Event: 47.252 Thread 0x000001956d87f800 14433       2       com.android.tools.r8.dex.j$$Lambda$1445/0x0000000100e1f440::get$Lambda (9 bytes)
Event: 47.252 Thread 0x000001956d87f800 nmethod 14433 0x0000019559389a10 code [0x0000019559389bc0, 0x0000019559389d38]
Event: 47.252 Thread 0x000001956d87f800 14434       2       com.android.tools.r8.dex.j$$Lambda$1445/0x0000000100e1f440::<init> (10 bytes)
Event: 47.252 Thread 0x000001956d87f800 nmethod 14434 0x0000019559389e10 code [0x0000019559389fc0, 0x000001955938a0f8]
Event: 47.252 Thread 0x000001956d87f800 14435       2       com.android.tools.r8.dex.j::h (23 bytes)
Event: 47.253 Thread 0x000001956d87f800 nmethod 14435 0x000001955938a190 code [0x000001955938a360, 0x000001955938a588]
Event: 47.253 Thread 0x000001956d87f800 14436       2       com.android.tools.r8.internal.Yu::a (34 bytes)
Event: 47.253 Thread 0x000001956d87f800 nmethod 14436 0x000001955938a690 code [0x000001955938a840, 0x000001955938aa18]
Event: 47.260 Thread 0x000001956d87f800 14442       3       com.android.tools.r8.internal.Zj::a (159 bytes)
Event: 47.260 Thread 0x000001956d87f800 nmethod 14442 0x000001955938ab10 code [0x000001955938ad00, 0x000001955938b2b8]
Event: 47.261 Thread 0x000001956e1e3800 nmethod 14417 0x000001955f3c1010 code [0x000001955f3c11c0, 0x000001955f3c1998]
Event: 47.261 Thread 0x000001956e1e3800 14441   !   4       com.android.tools.r8.graph.c0::L (91 bytes)
Event: 47.268 Thread 0x0000019573a16800 nmethod 14427 0x000001955f3c1f10 code [0x000001955f3c2200, 0x000001955f3c2fe0]
Event: 47.268 Thread 0x0000019573a16800 14428       4       com.android.tools.r8.internal.lp::a (286 bytes)
Event: 47.286 Thread 0x000001956d87f800 14443       3       com.android.tools.r8.internal.ue::a (73 bytes)
Event: 47.287 Thread 0x000001956e1e3800 nmethod 14441 0x000001955f3c3b10 code [0x000001955f3c3d00, 0x000001955f3c4b48]
Event: 47.287 Thread 0x000001956e1e3800 14440       4       com.android.tools.r8.graph.T::a (35 bytes)
Event: 47.287 Thread 0x000001956d87f800 nmethod 14443 0x000001955938b410 code [0x000001955938b740, 0x000001955938c4f8]
Event: 47.292 Thread 0x000001956e1e3800 nmethod 14440 0x000001955f3c5390 code [0x000001955f3c5560, 0x000001955f3c5a38]
Event: 47.292 Thread 0x000001956e1e3800 14431       4       com.android.tools.r8.graph.T::a (23 bytes)

GC Heap History (20 events):
Event: 16.950 GC heap after
{Heap after GC invocations=36 (full 0):
 garbage-first heap   total 225280K, used 110170K [0x0000000080000000, 0x0000000100000000)
  region size 1024K, 5 young (5120K), 5 survivors (5120K)
 Metaspace       used 92582K, capacity 95772K, committed 95872K, reserved 1132544K
  class space    used 11936K, capacity 13134K, committed 13184K, reserved 1048576K
}
Event: 18.120 GC heap before
{Heap before GC invocations=36 (full 0):
 garbage-first heap   total 225280K, used 172634K [0x0000000080000000, 0x0000000100000000)
  region size 1024K, 66 young (67584K), 5 survivors (5120K)
 Metaspace       used 95841K, capacity 99121K, committed 99328K, reserved 1134592K
  class space    used 12351K, capacity 13546K, committed 13568K, reserved 1048576K
}
Event: 18.130 GC heap after
{Heap after GC invocations=37 (full 0):
 garbage-first heap   total 225280K, used 113933K [0x0000000080000000, 0x0000000100000000)
  region size 1024K, 9 young (9216K), 9 survivors (9216K)
 Metaspace       used 95841K, capacity 99121K, committed 99328K, reserved 1134592K
  class space    used 12351K, capacity 13546K, committed 13568K, reserved 1048576K
}
Event: 43.228 GC heap before
{Heap before GC invocations=38 (full 0):
 garbage-first heap   total 225280K, used 176397K [0x0000000080000000, 0x0000000100000000)
  region size 1024K, 70 young (71680K), 9 survivors (9216K)
 Metaspace       used 96162K, capacity 99258K, committed 99712K, reserved 1134592K
  class space    used 12301K, capacity 13436K, committed 13696K, reserved 1048576K
}
Event: 43.241 GC heap after
{Heap after GC invocations=39 (full 0):
 garbage-first heap   total 225280K, used 118734K [0x0000000080000000, 0x0000000100000000)
  region size 1024K, 9 young (9216K), 9 survivors (9216K)
 Metaspace       used 96162K, capacity 99258K, committed 99712K, reserved 1134592K
  class space    used 12301K, capacity 13436K, committed 13696K, reserved 1048576K
}
Event: 44.101 GC heap before
{Heap before GC invocations=39 (full 0):
 garbage-first heap   total 225280K, used 180174K [0x0000000080000000, 0x0000000100000000)
  region size 1024K, 69 young (70656K), 9 survivors (9216K)
 Metaspace       used 98171K, capacity 101353K, committed 101632K, reserved 1136640K
  class space    used 12586K, capacity 13747K, committed 13824K, reserved 1048576K
}
Event: 44.115 GC heap after
{Heap after GC invocations=40 (full 0):
 garbage-first heap   total 225280K, used 124354K [0x0000000080000000, 0x0000000100000000)
  region size 1024K, 6 young (6144K), 6 survivors (6144K)
 Metaspace       used 98171K, capacity 101353K, committed 101632K, reserved 1136640K
  class space    used 12586K, capacity 13747K, committed 13824K, reserved 1048576K
}
Event: 44.804 GC heap before
{Heap before GC invocations=41 (full 0):
 garbage-first heap   total 225280K, used 183746K [0x0000000080000000, 0x0000000100000000)
  region size 1024K, 64 young (65536K), 6 survivors (6144K)
 Metaspace       used 98429K, capacity 101701K, committed 102016K, reserved 1136640K
  class space    used 12619K, capacity 13793K, committed 13952K, reserved 1048576K
}
Event: 44.816 GC heap after
{Heap after GC invocations=42 (full 0):
 garbage-first heap   total 225280K, used 128721K [0x0000000080000000, 0x0000000100000000)
  region size 1024K, 5 young (5120K), 5 survivors (5120K)
 Metaspace       used 98429K, capacity 101701K, committed 102016K, reserved 1136640K
  class space    used 12619K, capacity 13793K, committed 13952K, reserved 1048576K
}
Event: 44.847 GC heap before
{Heap before GC invocations=42 (full 0):
 garbage-first heap   total 225280K, used 133841K [0x0000000080000000, 0x0000000100000000)
  region size 1024K, 11 young (11264K), 5 survivors (5120K)
 Metaspace       used 98430K, capacity 101701K, committed 102016K, reserved 1136640K
  class space    used 12619K, capacity 13793K, committed 13952K, reserved 1048576K
}
Event: 44.856 GC heap after
{Heap after GC invocations=43 (full 0):
 garbage-first heap   total 225280K, used 124222K [0x0000000080000000, 0x0000000100000000)
  region size 1024K, 1 young (1024K), 1 survivors (1024K)
 Metaspace       used 98430K, capacity 101701K, committed 102016K, reserved 1136640K
  class space    used 12619K, capacity 13793K, committed 13952K, reserved 1048576K
}
Event: 45.501 GC heap before
{Heap before GC invocations=43 (full 0):
 garbage-first heap   total 225280K, used 182590K [0x0000000080000000, 0x0000000100000000)
  region size 1024K, 59 young (60416K), 1 survivors (1024K)
 Metaspace       used 99969K, capacity 103295K, committed 103424K, reserved 1138688K
  class space    used 12785K, capacity 13988K, committed 14080K, reserved 1048576K
}
Event: 45.509 GC heap after
{Heap after GC invocations=44 (full 0):
 garbage-first heap   total 225280K, used 126571K [0x0000000080000000, 0x0000000100000000)
  region size 1024K, 3 young (3072K), 3 survivors (3072K)
 Metaspace       used 99969K, capacity 103295K, committed 103424K, reserved 1138688K
  class space    used 12785K, capacity 13988K, committed 14080K, reserved 1048576K
}
Event: 46.086 GC heap before
{Heap before GC invocations=45 (full 0):
 garbage-first heap   total 225280K, used 184939K [0x0000000080000000, 0x0000000100000000)
  region size 1024K, 61 young (62464K), 3 survivors (3072K)
 Metaspace       used 101760K, capacity 105060K, committed 105216K, reserved 1140736K
  class space    used 13020K, capacity 14212K, committed 14336K, reserved 1048576K
}
Event: 46.095 GC heap after
{Heap after GC invocations=46 (full 0):
 garbage-first heap   total 225280K, used 128642K [0x0000000080000000, 0x0000000100000000)
  region size 1024K, 5 young (5120K), 5 survivors (5120K)
 Metaspace       used 101760K, capacity 105060K, committed 105216K, reserved 1140736K
  class space    used 13020K, capacity 14212K, committed 14336K, reserved 1048576K
}
Event: 46.132 GC heap before
{Heap before GC invocations=46 (full 0):
 garbage-first heap   total 225280K, used 134786K [0x0000000080000000, 0x0000000100000000)
  region size 1024K, 11 young (11264K), 5 survivors (5120K)
 Metaspace       used 101921K, capacity 105284K, committed 105472K, reserved 1140736K
  class space    used 13037K, capacity 14244K, committed 14336K, reserved 1048576K
}
Event: 46.138 GC heap after
{Heap after GC invocations=47 (full 0):
 garbage-first heap   total 225280K, used 128089K [0x0000000080000000, 0x0000000100000000)
  region size 1024K, 1 young (1024K), 1 survivors (1024K)
 Metaspace       used 101921K, capacity 105284K, committed 105472K, reserved 1140736K
  class space    used 13037K, capacity 14244K, committed 14336K, reserved 1048576K
}
Event: 46.676 GC heap before
{Heap before GC invocations=47 (full 0):
 garbage-first heap   total 225280K, used 184409K [0x0000000080000000, 0x0000000100000000)
  region size 1024K, 58 young (59392K), 1 survivors (1024K)
 Metaspace       used 103307K, capacity 106702K, committed 106880K, reserved 1142784K
  class space    used 13186K, capacity 14395K, committed 14464K, reserved 1048576K
}
Event: 46.686 GC heap after
{Heap after GC invocations=48 (full 0):
 garbage-first heap   total 225280K, used 131334K [0x0000000080000000, 0x0000000100000000)
  region size 1024K, 4 young (4096K), 4 survivors (4096K)
 Metaspace       used 103307K, capacity 106702K, committed 106880K, reserved 1142784K
  class space    used 13186K, capacity 14395K, committed 14464K, reserved 1048576K
}
Event: 47.298 GC heap before
{Heap before GC invocations=49 (full 0):
 garbage-first heap   total 225280K, used 223494K [0x0000000080000000, 0x0000000100000000)
  region size 1024K, 59 young (60416K), 4 survivors (4096K)
 Metaspace       used 104512K, capacity 107866K, committed 108032K, reserved 1142784K
  class space    used 13357K, capacity 14569K, committed 14592K, reserved 1048576K
}

Deoptimization events (20 events):
Event: 47.224 Thread 0x000001956e950000 DEOPT PACKING pc=0x0000019559366478 sp=0x0000007c078fd610
Event: 47.224 Thread 0x000001956e950000 DEOPT UNPACKING pc=0x0000019556f076ce sp=0x0000007c078fcb68 mode 0
Event: 47.226 Thread 0x000001956e950000 DEOPT PACKING pc=0x0000019559386118 sp=0x0000007c078fd540
Event: 47.226 Thread 0x000001956e950000 DEOPT UNPACKING pc=0x0000019556f076ce sp=0x0000007c078fca40 mode 0
Event: 47.236 Thread 0x000001956e950000 Uncommon trap: trap_request=0xffffff4d fr.pc=0x000001955f3b01f8 relative=0x0000000000000c58
Event: 47.236 Thread 0x000001956e950000 Uncommon trap: reason=unstable_if action=reinterpret pc=0x000001955f3b01f8 method=com.android.tools.r8.internal.Xe.d(I)Z @ 45 c2
Event: 47.236 Thread 0x000001956e950000 DEOPT PACKING pc=0x000001955f3b01f8 sp=0x0000007c078fd7a0
Event: 47.236 Thread 0x000001956e950000 DEOPT UNPACKING pc=0x0000019556f078af sp=0x0000007c078fd6b0 mode 2
Event: 47.238 Thread 0x000001956e950000 Uncommon trap: trap_request=0xffffff4d fr.pc=0x000001955f3a6b24 relative=0x0000000000000084
Event: 47.238 Thread 0x000001956e950000 Uncommon trap: reason=unstable_if action=reinterpret pc=0x000001955f3a6b24 method=com.android.tools.r8.internal.Xe.d(I)Z @ 45 c2
Event: 47.238 Thread 0x000001956e950000 DEOPT PACKING pc=0x000001955f3a6b24 sp=0x0000007c078fd700
Event: 47.238 Thread 0x000001956e950000 DEOPT UNPACKING pc=0x0000019556f078af sp=0x0000007c078fd690 mode 2
Event: 47.252 Thread 0x000001956e950000 DEOPT PACKING pc=0x000001955934689c sp=0x0000007c078fd870
Event: 47.252 Thread 0x000001956e950000 DEOPT UNPACKING pc=0x0000019556f076ce sp=0x0000007c078fcf38 mode 0
Event: 47.252 Thread 0x000001956e950000 DEOPT PACKING pc=0x00000195593860f7 sp=0x0000007c078fd720
Event: 47.252 Thread 0x000001956e950000 DEOPT UNPACKING pc=0x0000019556f076ce sp=0x0000007c078fcc20 mode 0
Event: 47.270 Thread 0x000001956e950000 DEOPT PACKING pc=0x0000019559386118 sp=0x0000007c078fd5c0
Event: 47.270 Thread 0x000001956e950000 DEOPT UNPACKING pc=0x0000019556f076ce sp=0x0000007c078fcac0 mode 0
Event: 47.272 Thread 0x000001956e950000 DEOPT PACKING pc=0x000001955934689c sp=0x0000007c078fd870
Event: 47.272 Thread 0x000001956e950000 DEOPT UNPACKING pc=0x0000019556f076ce sp=0x0000007c078fcf38 mode 0

Classes redefined (0 events):
No events

Internal exceptions (20 events):
Event: 45.202 Thread 0x000001956e942000 Exception <a 'java/lang/NoSuchMethodError'{0x000000008bc931b8}: <clinit>> (0x000000008bc931b8) thrown at [./src/hotspot/share/prims/jni.cpp, line 1362]
Event: 45.204 Thread 0x000001956e942000 Exception <a 'java/lang/NoSuchMethodError'{0x000000008bcac5c0}: <clinit>> (0x000000008bcac5c0) thrown at [./src/hotspot/share/prims/jni.cpp, line 1362]
Event: 45.204 Thread 0x000001956e942000 Exception <a 'java/lang/NoSuchMethodError'{0x000000008bcadaa0}: <clinit>> (0x000000008bcadaa0) thrown at [./src/hotspot/share/prims/jni.cpp, line 1362]
Event: 45.267 Thread 0x000001956e942000 Exception <a 'sun/nio/fs/WindowsException'{0x000000008b8475b0}> (0x000000008b8475b0) thrown at [./src/hotspot/share/prims/jni.cpp, line 615]
Event: 45.267 Thread 0x000001956e942000 Exception <a 'sun/nio/fs/WindowsException'{0x000000008b8485a0}> (0x000000008b8485a0) thrown at [./src/hotspot/share/prims/jni.cpp, line 615]
Event: 45.272 Thread 0x000001956e942000 Exception <a 'sun/nio/fs/WindowsException'{0x000000008b84c1e8}> (0x000000008b84c1e8) thrown at [./src/hotspot/share/prims/jni.cpp, line 615]
Event: 45.272 Thread 0x000001956e942000 Exception <a 'sun/nio/fs/WindowsException'{0x000000008b84d1d0}> (0x000000008b84d1d0) thrown at [./src/hotspot/share/prims/jni.cpp, line 615]
Event: 45.291 Thread 0x000001956e942000 Exception <a 'java/lang/NoSuchMethodError'{0x000000008b62b518}: <clinit>> (0x000000008b62b518) thrown at [./src/hotspot/share/prims/jni.cpp, line 1362]
Event: 45.294 Thread 0x000001956e942000 Exception <a 'java/lang/NoSuchMethodError'{0x000000008b661708}: <clinit>> (0x000000008b661708) thrown at [./src/hotspot/share/prims/jni.cpp, line 1362]
Event: 45.297 Thread 0x000001956e942000 Exception <a 'java/lang/NoSuchMethodError'{0x000000008b69cb20}: <clinit>> (0x000000008b69cb20) thrown at [./src/hotspot/share/prims/jni.cpp, line 1362]
Event: 45.298 Thread 0x000001956e942000 Exception <a 'java/lang/NoSuchMethodError'{0x000000008b6af690}: <clinit>> (0x000000008b6af690) thrown at [./src/hotspot/share/prims/jni.cpp, line 1362]
Event: 45.353 Thread 0x00000195705df800 Implicit null exception at 0x000001955f305903 to 0x000001955f306d40
Event: 45.366 Thread 0x00000195705df800 Implicit null exception at 0x000001955f309c1e to 0x000001955f30a4d8
Event: 46.002 Thread 0x00000195705de000 Implicit null exception at 0x000001955f0ca46f to 0x000001955f0ca900
Event: 46.626 Thread 0x000001956e943000 Exception <a 'java/lang/NoSuchMethodError'{0x000000008abc7378}: 'void java.lang.invoke.DirectMethodHandle$Holder.invokeStatic(java.lang.Object, long)'> (0x000000008abc7378) thrown at [./src/hotspot/share/interpreter/linkResolver.cpp, line 773]
Event: 46.626 Thread 0x000001956e943000 Exception <a 'java/lang/NoSuchMethodError'{0x000000008abcc590}: 'java.lang.Object java.lang.invoke.DirectMethodHandle$Holder.invokeStatic(java.lang.Object, long)'> (0x000000008abcc590) thrown at [./src/hotspot/share/interpreter/linkResolver.cpp, line 773]
Event: 46.630 Thread 0x000001956e943000 Exception <a 'java/lang/NoSuchMethodError'{0x000000008abda8f8}: 'java.lang.Object java.lang.invoke.DirectMethodHandle$Holder.invokeStaticInit(java.lang.Object, java.lang.Object, long, java.lang.Object)'> (0x000000008abda8f8) thrown at [./src/hotspot/share/interpreter/linkResolver.cpp, line 773]
Event: 46.630 Thread 0x000001956e943000 Exception <a 'java/lang/NoSuchMethodError'{0x000000008abe0a90}: 'java.lang.Object java.lang.invoke.DirectMethodHandle$Holder.invokeStatic(java.lang.Object, java.lang.Object, long)'> (0x000000008abe0a90) thrown at [./src/hotspot/share/interpreter/linkResolver.cpp, line 773]
Event: 46.632 Thread 0x000001956e943000 Exception <a 'java/lang/NoSuchMethodError'{0x000000008abe7008}: 'java.lang.Object java.lang.invoke.Invokers$Holder.linkToTargetMethod(java.lang.Object, long, java.lang.Object)'> (0x000000008abe7008) thrown at [./src/hotspot/share/interpreter/linkResolver.cpp, line 773]
Event: 47.025 Thread 0x000001956e950000 Exception <a 'sun/nio/fs/WindowsException'{0x000000008d3f2540}> (0x000000008d3f2540) thrown at [./src/hotspot/share/prims/jni.cpp, line 615]

Events (20 events):
Event: 47.102 loading class com/google/common/collect/FluentIterable$1 done
Event: 47.103 loading class com/google/common/collect/FluentIterable$3
Event: 47.103 loading class com/google/common/collect/FluentIterable$3 done
Event: 47.103 loading class com/google/common/base/Optional
Event: 47.103 loading class com/google/common/base/Optional done
Event: 47.103 loading class com/google/common/base/Present
Event: 47.103 loading class com/google/common/base/Present done
Event: 47.104 loading class com/google/common/base/Absent
Event: 47.104 loading class com/google/common/base/Absent done
Event: 47.104 loading class com/google/common/collect/AbstractIterator$State
Event: 47.104 loading class com/google/common/collect/AbstractIterator$State done
Event: 47.105 loading class com/google/common/collect/AbstractIterator$1
Event: 47.105 loading class com/google/common/collect/AbstractIterator$1 done
Event: 47.182 loading class java/util/concurrent/ConcurrentHashMap$TreeNode
Event: 47.182 loading class java/util/concurrent/ConcurrentHashMap$TreeNode done
Event: 47.183 loading class java/util/concurrent/ConcurrentHashMap$TreeBin
Event: 47.183 loading class java/util/concurrent/ConcurrentHashMap$TreeBin done
Event: 47.222 Executing VM operation: RevokeBias
Event: 47.222 Executing VM operation: RevokeBias done
Event: 47.297 Executing VM operation: G1CollectForAllocation


Dynamic libraries:
0x00007ff7bc6e0000 - 0x00007ff7bc6ea000 	C:\Program Files\Android\Android Studio3\jre\bin\java.exe
0x00007ffd703a0000 - 0x00007ffd705af000 	C:\WINDOWS\SYSTEM32\ntdll.dll
0x00007ffd6ed30000 - 0x00007ffd6eded000 	C:\WINDOWS\System32\KERNEL32.DLL
0x00007ffd6d860000 - 0x00007ffd6dbe6000 	C:\WINDOWS\System32\KERNELBASE.dll
0x00007ffd6e0d0000 - 0x00007ffd6e1e1000 	C:\WINDOWS\System32\ucrtbase.dll
0x00007ffd60510000 - 0x00007ffd60527000 	C:\Program Files\Android\Android Studio3\jre\bin\VCRUNTIME140.dll
0x00007ffd603d0000 - 0x00007ffd603e9000 	C:\Program Files\Android\Android Studio3\jre\bin\jli.dll
0x00007ffd6f140000 - 0x00007ffd6f2ea000 	C:\WINDOWS\System32\USER32.dll
0x00007ffd56840000 - 0x00007ffd56ae1000 	C:\WINDOWS\WinSxS\amd64_microsoft.windows.common-controls_6595b64144ccf1df_6.0.22471.1000_none_228bc6e77ad112f7\COMCTL32.dll
0x00007ffd6e1f0000 - 0x00007ffd6e216000 	C:\WINDOWS\System32\win32u.dll
0x00007ffd6e290000 - 0x00007ffd6e334000 	C:\WINDOWS\System32\msvcrt.dll
0x00007ffd6e580000 - 0x00007ffd6e5a9000 	C:\WINDOWS\System32\GDI32.dll
0x00007ffd6dfb0000 - 0x00007ffd6e0c7000 	C:\WINDOWS\System32\gdi32full.dll
0x00007ffd6de80000 - 0x00007ffd6df1b000 	C:\WINDOWS\System32\msvcp_win.dll
0x00007ffd6e540000 - 0x00007ffd6e571000 	C:\WINDOWS\System32\IMM32.DLL
0x00007ffd5d870000 - 0x00007ffd5d90d000 	C:\Program Files\Android\Android Studio3\jre\bin\msvcp140.dll
0x00007ffd431e0000 - 0x00007ffd43caf000 	C:\Program Files\Android\Android Studio3\jre\bin\server\jvm.dll
0x00007ffd6e5b0000 - 0x00007ffd6e65e000 	C:\WINDOWS\System32\ADVAPI32.dll
0x00007ffd6ec80000 - 0x00007ffd6ed21000 	C:\WINDOWS\System32\sechost.dll
0x00007ffd6e420000 - 0x00007ffd6e540000 	C:\WINDOWS\System32\RPCRT4.dll
0x00007ffd6e220000 - 0x00007ffd6e228000 	C:\WINDOWS\System32\PSAPI.DLL
0x00007ffd678d0000 - 0x00007ffd67903000 	C:\WINDOWS\SYSTEM32\WINMM.dll
0x00007ffd4a4b0000 - 0x00007ffd4a4b9000 	C:\WINDOWS\SYSTEM32\WSOCK32.dll
0x00007ffd6b550000 - 0x00007ffd6b55a000 	C:\WINDOWS\SYSTEM32\VERSION.dll
0x00007ffd6f2f0000 - 0x00007ffd6f361000 	C:\WINDOWS\System32\WS2_32.dll
0x00007ffd6c930000 - 0x00007ffd6c948000 	C:\WINDOWS\SYSTEM32\kernel.appcore.dll
0x00007ffd69cf0000 - 0x00007ffd69d01000 	C:\Program Files\Android\Android Studio3\jre\bin\verify.dll
0x00007ffd65500000 - 0x00007ffd65727000 	C:\WINDOWS\SYSTEM32\DBGHELP.DLL
0x00007ffd6e900000 - 0x00007ffd6ec7e000 	C:\WINDOWS\System32\combase.dll
0x00007ffd5d9f0000 - 0x00007ffd5da21000 	C:\WINDOWS\SYSTEM32\dbgcore.DLL
0x00007ffd6df20000 - 0x00007ffd6dfa1000 	C:\WINDOWS\System32\bcryptPrimitives.dll
0x00007ffd69b50000 - 0x00007ffd69b79000 	C:\Program Files\Android\Android Studio3\jre\bin\java.dll
0x00007ffd69310000 - 0x00007ffd6931b000 	C:\Program Files\Android\Android Studio3\jre\bin\jimage.dll
0x00007ffd60970000 - 0x00007ffd60988000 	C:\Program Files\Android\Android Studio3\jre\bin\zip.dll
0x00007ffd6f980000 - 0x00007ffd7012b000 	C:\WINDOWS\System32\SHELL32.dll
0x00007ffd6b900000 - 0x00007ffd6c15c000 	C:\WINDOWS\SYSTEM32\windows.storage.dll
0x00007ffd6b7b0000 - 0x00007ffd6b8f9000 	C:\WINDOWS\SYSTEM32\wintypes.dll
0x00007ffd6e7a0000 - 0x00007ffd6e890000 	C:\WINDOWS\System32\SHCORE.dll
0x00007ffd6e890000 - 0x00007ffd6e8eb000 	C:\WINDOWS\System32\shlwapi.dll
0x00007ffd6d790000 - 0x00007ffd6d7b1000 	C:\WINDOWS\SYSTEM32\profapi.dll
0x00007ffd60950000 - 0x00007ffd6096a000 	C:\Program Files\Android\Android Studio3\jre\bin\net.dll
0x00007ffd67910000 - 0x00007ffd67a20000 	C:\WINDOWS\SYSTEM32\WINHTTP.dll
0x00007ffd6cd80000 - 0x00007ffd6cde9000 	C:\WINDOWS\system32\mswsock.dll
0x00007ffd60930000 - 0x00007ffd60944000 	C:\Program Files\Android\Android Studio3\jre\bin\nio.dll
0x00007ffd60530000 - 0x00007ffd60557000 	C:\Users\xpmkm\.gradle\native\8bec1ad78214c89d9ad589b4d07fe93259594b29d510b10fafb7a158f7737e5d\windows-amd64\native-platform.dll
0x00007ffd60180000 - 0x00007ffd602bd000 	C:\Users\xpmkm\.gradle\native\53dbd7edfb1c66fb8903c78663c9afc45aea4f116125fa6feffd364cf09443e8\windows-amd64\native-platform-file-events.dll
0x00007ffd69300000 - 0x00007ffd6930a000 	C:\Program Files\Android\Android Studio3\jre\bin\management.dll
0x00007ffd69040000 - 0x00007ffd6904c000 	C:\Program Files\Android\Android Studio3\jre\bin\management_ext.dll
0x00007ffd6cfd0000 - 0x00007ffd6cfe8000 	C:\WINDOWS\SYSTEM32\CRYPTSP.dll
0x00007ffd6c890000 - 0x00007ffd6c8c5000 	C:\WINDOWS\system32\rsaenh.dll
0x00007ffd6ce80000 - 0x00007ffd6cea9000 	C:\WINDOWS\SYSTEM32\USERENV.dll
0x00007ffd6d1c0000 - 0x00007ffd6d1e8000 	C:\WINDOWS\SYSTEM32\bcrypt.dll
0x00007ffd6cff0000 - 0x00007ffd6cffc000 	C:\WINDOWS\SYSTEM32\CRYPTBASE.dll
0x00007ffd6c380000 - 0x00007ffd6c3ad000 	C:\WINDOWS\SYSTEM32\IPHLPAPI.DLL
0x00007ffd6e8f0000 - 0x00007ffd6e8f9000 	C:\WINDOWS\System32\NSI.dll
0x00007ffd67320000 - 0x00007ffd67339000 	C:\WINDOWS\SYSTEM32\dhcpcsvc6.DLL
0x00007ffd672e0000 - 0x00007ffd672fe000 	C:\WINDOWS\SYSTEM32\dhcpcsvc.DLL
0x00007ffd6c3b0000 - 0x00007ffd6c4a1000 	C:\WINDOWS\SYSTEM32\DNSAPI.dll

dbghelp: loaded successfully - version: 4.0.5 - missing functions: none
symbol engine: initialized successfully - sym options: 0x614 - pdb path: .;C:\Program Files\Android\Android Studio3\jre\bin;C:\WINDOWS\SYSTEM32;C:\WINDOWS\WinSxS\amd64_microsoft.windows.common-controls_6595b64144ccf1df_6.0.22471.1000_none_228bc6e77ad112f7;C:\Program Files\Android\Android Studio3\jre\bin\server;C:\Users\xpmkm\.gradle\native\8bec1ad78214c89d9ad589b4d07fe93259594b29d510b10fafb7a158f7737e5d\windows-amd64;C:\Users\xpmkm\.gradle\native\53dbd7edfb1c66fb8903c78663c9afc45aea4f116125fa6feffd364cf09443e8\windows-amd64

VM Arguments:
jvm_args: --add-opens=java.base/java.util=ALL-UNNAMED --add-opens=java.base/java.lang=ALL-UNNAMED --add-opens=java.base/java.lang.invoke=ALL-UNNAMED --add-opens=java.base/java.util=ALL-UNNAMED --add-opens=java.prefs/java.util.prefs=ALL-UNNAMED --add-opens=java.prefs/java.util.prefs=ALL-UNNAMED --add-opens=java.base/java.nio.charset=ALL-UNNAMED --add-opens=java.base/java.net=ALL-UNNAMED --add-opens=java.base/java.util.concurrent.atomic=ALL-UNNAMED -Xmx2048m -Dfile.encoding=UTF-8 -Duser.country=IN -Duser.language=en -Duser.variant 
java_command: org.gradle.launcher.daemon.bootstrap.GradleDaemon 7.0.2
java_class_path (initial): C:\Users\xpmkm\.gradle\wrapper\dists\gradle-7.0.2-bin\857tjihv64xamwrf0h14cai3r\gradle-7.0.2\lib\gradle-launcher-7.0.2.jar
Launcher Type: SUN_STANDARD

[Global flags]
     intx CICompilerCount                          = 4                                         {product} {ergonomic}
     uint ConcGCThreads                            = 2                                         {product} {ergonomic}
     uint G1ConcRefinementThreads                  = 8                                         {product} {ergonomic}
   size_t G1HeapRegionSize                         = 1048576                                   {product} {ergonomic}
    uintx GCDrainStackTargetSize                   = 64                                        {product} {ergonomic}
   size_t InitialHeapSize                          = 132120576                                 {product} {ergonomic}
   size_t MarkStackSize                            = 4194304                                   {product} {ergonomic}
   size_t MaxHeapSize                              = 2147483648                                {product} {command line}
   size_t MaxNewSize                               = 1287651328                                {product} {ergonomic}
   size_t MinHeapDeltaBytes                        = 1048576                                   {product} {ergonomic}
    uintx NonNMethodCodeHeapSize                   = 5836300                                {pd product} {ergonomic}
    uintx NonProfiledCodeHeapSize                  = 122910970                              {pd product} {ergonomic}
    uintx ProfiledCodeHeapSize                     = 122910970                              {pd product} {ergonomic}
    uintx ReservedCodeCacheSize                    = 251658240                              {pd product} {ergonomic}
     bool SegmentedCodeCache                       = true                                      {product} {ergonomic}
     bool UseCompressedClassPointers               = true                                 {lp64_product} {ergonomic}
     bool UseCompressedOops                        = true                                 {lp64_product} {ergonomic}
     bool UseG1GC                                  = true                                      {product} {ergonomic}
     bool UseLargePagesIndividualAllocation        = false                                  {pd product} {ergonomic}

Logging:
Log output configuration:
 #0: stdout all=warning uptime,level,tags
 #1: stderr all=off uptime,level,tags

Environment Variables:
PATH=C:\Program Files (x86)\Common Files\Oracle\Java\javapath;C:\WINDOWS\system32;C:\WINDOWS;C:\WINDOWS\System32\Wbem;C:\WINDOWS\System32\WindowsPowerShell\v1.0\;C:\WINDOWS\System32\OpenSSH\;C:\Program Files\Git\cmd;C:\Program Files\nodejs\;C:\xampp\php;C:\ProgramData\ComposerSetup\bin;C:\Users\xpmkm\AppData\Local\Android\Sdk\platform-tools;C:\Program Files\Java\jdk1.8.0_231\bin;C:\Program Files\opnsl\bin;C:\Users\xpmkm\AppData\Roaming\npm;C:\Users\xpmkm\AppData\Local\Programs\Microsoft VS Code\bin;C:\Program Files\flutter\bin;C:\Users\xpmkm\AppData\Roaming\Composer\vendor\bin;C:\Users\xpmkm\AppData\Local\Microsoft\WindowsApps;
USERNAME=xpmkm
OS=Windows_NT
PROCESSOR_IDENTIFIER=AMD64 Family 23 Model 24 Stepping 1, AuthenticAMD



---------------  S Y S T E M  ---------------

OS: Windows 10 , 64 bit Build 22471 (10.0.22471.1000)
OS uptime: 0 days 0:41 hours

CPU:total 8 (initial active 8) (8 cores per cpu, 2 threads per core) family 23 model 24 stepping 1 microcode 0x0, cmov, cx8, fxsr, mmx, sse, sse2, sse3, ssse3, sse4.1, sse4.2, popcnt, avx, avx2, aes, clmul, mmxext, 3dnowpref, lzcnt, sse4a, ht, tsc, tscinvbit, tscinv, bmi1, bmi2, adx, s

Memory: 4k page, system-wide physical 8002M (817M free)
TotalPageFile size 12098M (AvailPageFile size 5M)
current process WorkingSet (physical memory assigned to process): 544M, peak: 596M
current process commit charge ("private bytes"): 582M, peak: 637M

vm_info: OpenJDK 64-Bit Server VM (11.0.10+0-b96-7249189) for windows-amd64 JRE (11.0.10+0-b96-7249189), built on Mar 31 2021 21:44:00 by "builder" with MS VC++ 14.0 (VS2015)

END.
