#
# There is insufficient memory for the Java Runtime Environment to continue.
# Native memory allocation (mmap) failed to map 32505856 bytes for Failed to commit area from 0x0000000089800000 to 0x000000008b700000 of length 32505856.
# Possible reasons:
#   The system is out of physical RAM or swap space
#   The process is running with CompressedOops enabled, and the Java Heap may be blocking the growth of the native heap
# Possible solutions:
#   Reduce memory load on the system
#   Increase physical memory or swap space
#   Check if swap backing store is full
#   Decrease Java heap size (-Xmx/-Xms)
#   Decrease number of Java threads
#   Decrease Java thread stack sizes (-Xss)
#   Set larger code cache with -XX:ReservedCodeCacheSize=
#   JVM is running with Unscaled Compressed Oops mode in which the Java heap is
#     placed in the first 4GB address space. The Java Heap base address is the
#     maximum limit for the native heap growth. Please use -XX:HeapBaseMinAddress
#     to set the Java Heap base and to place the Java Heap above 4GB virtual address.
# This output file may be truncated or incomplete.
#
#  Out of Memory Error (./src/hotspot/os/windows/os_windows.cpp:3301), pid=16000, tid=13216
#
# JRE version: OpenJDK Runtime Environment (11.0.10) (build 11.0.10+0-b96-7249189)
# Java VM: OpenJDK 64-Bit Server VM (11.0.10+0-b96-7249189, mixed mode, tiered, compressed oops, g1 gc, windows-amd64)
# No core dump will be written. Minidumps are not enabled by default on client versions of Windows
#

---------------  S U M M A R Y ------------

Command Line: --add-opens=java.base/java.util=ALL-UNNAMED --add-opens=java.base/java.lang=ALL-UNNAMED --add-opens=java.base/java.lang.invoke=ALL-UNNAMED --add-opens=java.prefs/java.util.prefs=ALL-UNNAMED -Xmx2048m -Dfile.encoding=UTF-8 -Duser.country=IN -Duser.language=en -Duser.variant org.gradle.launcher.daemon.bootstrap.GradleDaemon 6.5

Host: AMD Ryzen 5 3550H with Radeon Vega Mobile Gfx  , 8 cores, 7G,  Windows 10 , 64 bit Build 22468 (10.0.22468.1000)
Time: Fri Oct  1 14:55:26 2021 India Standard Time elapsed time: 13.151550 seconds (0d 0h 0m 13s)

---------------  T H R E A D  ---------------

Current thread (0x000001f9f4bd8800):  VMThread "VM Thread" [stack: 0x0000004654d00000,0x0000004654e00000] [id=13216]

Stack: [0x0000004654d00000,0x0000004654e00000]
[error occurred during error reporting (printing stack bounds), id 0xc0000005, EXCEPTION_ACCESS_VIOLATION (0xc0000005) at pc=0x000001f9de260f2d]

Native frames: (J=compiled Java code, j=interpreted, Vv=VM code, C=native code)
V  [jvm.dll+0x5ecfaa]
V  [jvm.dll+0x722bd5]
V  [jvm.dll+0x72412d]
V  [jvm.dll+0x724745]
V  [jvm.dll+0x7246fb]
V  [jvm.dll+0x5ec348]
V  [jvm.dll+0x5ecad8]
C  [ntdll.dll+0xa623f]
C  [ntdll.dll+0x65ea9]
C  [ntdll.dll+0xa522e]
C  0x000001f9de260f2d

VM_Operation (0x00000046563f53f0): G1CollectForAllocation, mode: safepoint, requested by thread 0x000001f9f73bc800


---------------  P R O C E S S  ---------------

Threads class SMR info:
_java_thread_list=0x000001f9f78cb3d0, length=136, elements={
0x000001f9da773000, 0x000001f9f4bdb800, 0x000001f9f4be7000, 0x000001f9f5564800,
0x000001f9f5565800, 0x000001f9f5566800, 0x000001f9f556a000, 0x000001f9f4bf5000,
0x000001f9f5573800, 0x000001f9f56bd800, 0x000001f9f7439000, 0x000001f9f6c9b800,
0x000001f9f70d1000, 0x000001f9f73d5800, 0x000001f9f674b800, 0x000001f9f73c3000,
0x000001f9f73bc000, 0x000001f9f73bc800, 0x000001f9f6e67800, 0x000001f9f6b2b800,
0x000001f9f6c98000, 0x000001f9f6c95800, 0x000001f9f6c96800, 0x000001f9f6c97000,
0x000001f9fa152000, 0x000001f9fa153000, 0x000001f9fa155800, 0x000001f9fa153800,
0x000001f9fa154800, 0x000001f9fa156000, 0x000001f9fa151000, 0x000001f9fa15c800,
0x000001f9fa157000, 0x000001f9fa15d800, 0x000001f9fa15e800, 0x000001f9fa159800,
0x000001f9fa158800, 0x000001f9fa15a000, 0x000001f9fa15b000, 0x000001f9fa15f000,
0x000001f9fb63f000, 0x000001f9fb640000, 0x000001f9fb640800, 0x000001f9fb641800,
0x000001f9fb642800, 0x000001f9fb63c800, 0x000001f9fb643000, 0x000001f9fb63d800,
0x000001f9fb644000, 0x000001f9fb63e800, 0x000001f9fb648000, 0x000001f9fb64a800,
0x000001f9fb649000, 0x000001f9fb649800, 0x000001f9fb645000, 0x000001f9fb647800,
0x000001f9fb64b800, 0x000001f9fb645800, 0x000001f9fb646800, 0x000001f9f7ad7000,
0x000001f9f7ad8000, 0x000001f9f7ad9000, 0x000001f9f7ad6800, 0x000001f9f7ad9800,
0x000001f9f7ada800, 0x000001f9f7adb000, 0x000001f9f7ad5800, 0x000001f9f7ade800,
0x000001f9f7adf800, 0x000001f9f7ae1800, 0x000001f9f7ae1000, 0x000001f9f7add000,
0x000001f9f7ae0000, 0x000001f9f7adc000, 0x000001f9f7ae2800, 0x000001f9f7ae3800,
0x000001f9f7add800, 0x000001f9f7ae4000, 0x000001f9fb89e800, 0x000001f9fb89e000,
0x000001f9fb89d000, 0x000001f9fb89f800, 0x000001f9fb8a5000, 0x000001f9fb8a2000,
0x000001f9fb8a2800, 0x000001f9fb8a3800, 0x000001f9fb8a4800, 0x000001f9fb8a6000,
0x000001f9fb8a0000, 0x000001f9fb8a6800, 0x000001f9fb8a1000, 0x000001f9fb8ab800,
0x000001f9fb8a7800, 0x000001f9fb8a8800, 0x000001f9fb8aa000, 0x000001f9fb8a9000,
0x000001f9fb8ab000, 0x000001f9f7921000, 0x000001f9f7921800, 0x000001f9f7920000,
0x000001f9f7922800, 0x000001f9f791f800, 0x000001f9f7923800, 0x000001f9f7929000,
0x000001f9f7924000, 0x000001f9f7927800, 0x000001f9f7928800, 0x000001f9f792a000,
0x000001f9f792a800, 0x000001f9f7925000, 0x000001f9f792b800, 0x000001f9f7926000,
0x000001f9f792c800, 0x000001f9f7926800, 0x000001f9f792d000, 0x000001f9f792e000,
0x000001f9f9d2f800, 0x000001f9f9d31000, 0x000001f9f9d2e800, 0x000001f9f9d30000,
0x000001f9f9d31800, 0x000001f9f9d2c000, 0x000001f9f9d32800, 0x000001f9f9d2d000,
0x000001f9f9d33800, 0x000001f9f9d2d800, 0x000001f9f9d3a000, 0x000001f9f9d35000,
0x000001f9f9d36000, 0x000001f9f9d38800, 0x000001f9f9d39000, 0x000001f9f9d37800,
0x000001f9f9d36800, 0x000001f9fcde1800, 0x000001f9f9d34000, 0x000001f9f9d3a800
}

Java Threads: ( => current thread )
  0x000001f9da773000 JavaThread "main" [_thread_blocked, id=9804, stack(0x0000004654700000,0x0000004654800000)]
  0x000001f9f4bdb800 JavaThread "Reference Handler" daemon [_thread_blocked, id=5912, stack(0x0000004654e00000,0x0000004654f00000)]
  0x000001f9f4be7000 JavaThread "Finalizer" daemon [_thread_blocked, id=11260, stack(0x0000004654f00000,0x0000004655000000)]
  0x000001f9f5564800 JavaThread "Signal Dispatcher" daemon [_thread_blocked, id=5212, stack(0x0000004655000000,0x0000004655100000)]
  0x000001f9f5565800 JavaThread "Attach Listener" daemon [_thread_blocked, id=16188, stack(0x0000004655100000,0x0000004655200000)]
  0x000001f9f5566800 JavaThread "Service Thread" daemon [_thread_blocked, id=13848, stack(0x0000004655200000,0x0000004655300000)]
  0x000001f9f556a000 JavaThread "C2 CompilerThread0" daemon [_thread_in_native, id=2336, stack(0x0000004655300000,0x0000004655400000)]
  0x000001f9f4bf5000 JavaThread "C1 CompilerThread0" daemon [_thread_blocked, id=7872, stack(0x0000004655400000,0x0000004655500000)]
  0x000001f9f5573800 JavaThread "Sweeper thread" daemon [_thread_blocked, id=11668, stack(0x0000004655500000,0x0000004655600000)]
  0x000001f9f56bd800 JavaThread "Common-Cleaner" daemon [_thread_blocked, id=9556, stack(0x0000004655600000,0x0000004655700000)]
  0x000001f9f7439000 JavaThread "Daemon health stats" [_thread_blocked, id=13884, stack(0x0000004655b00000,0x0000004655c00000)]
  0x000001f9f6c9b800 JavaThread "Incoming local TCP Connector on port 61583" [_thread_in_native, id=15808, stack(0x0000004655d00000,0x0000004655e00000)]
  0x000001f9f70d1000 JavaThread "Daemon periodic checks" [_thread_blocked, id=304, stack(0x0000004655e00000,0x0000004655f00000)]
  0x000001f9f73d5800 JavaThread "Daemon" [_thread_blocked, id=4924, stack(0x0000004655f00000,0x0000004656000000)]
  0x000001f9f674b800 JavaThread "Handler for socket connection from /127.0.0.1:61583 to /127.0.0.1:61584" [_thread_in_native, id=5524, stack(0x0000004656000000,0x0000004656100000)]
  0x000001f9f73c3000 JavaThread "C2 CompilerThread1" daemon [_thread_in_native, id=4888, stack(0x0000004656100000,0x0000004656200000)]
  0x000001f9f73bc000 JavaThread "Cancel handler" [_thread_blocked, id=14984, stack(0x0000004656200000,0x0000004656300000)]
  0x000001f9f73bc800 JavaThread "Daemon worker" [_thread_blocked, id=13568, stack(0x0000004656300000,0x0000004656400000)]
  0x000001f9f6e67800 JavaThread "Asynchronous log dispatcher for DefaultDaemonConnection: socket connection from /127.0.0.1:61583 to /127.0.0.1:61584" [_thread_blocked, id=14420, stack(0x0000004656400000,0x0000004656500000)]
  0x000001f9f6b2b800 JavaThread "Stdin handler" [_thread_blocked, id=5072, stack(0x0000004656500000,0x0000004656600000)]
  0x000001f9f6c98000 JavaThread "Thread-8" [_thread_blocked, id=5540, stack(0x0000004656600000,0x0000004656700000)]
  0x000001f9f6c95800 JavaThread "Cache worker for journal cache (C:\Users\xpmkm\.gradle\caches\journal-1)" [_thread_blocked, id=15352, stack(0x0000004656700000,0x0000004656800000)]
  0x000001f9f6c96800 JavaThread "File lock request listener" [_thread_in_native, id=4424, stack(0x0000004656d00000,0x0000004656e00000)]
  0x000001f9f6c97000 JavaThread "Cache worker for file hash cache (C:\Users\xpmkm\.gradle\caches\6.5\fileHashes)" [_thread_blocked, id=556, stack(0x0000004656e00000,0x0000004656f00000)]
  0x000001f9fa152000 JavaThread "Cache worker for file hash cache (C:\Users\xpmkm\Desktop\update_code_vezilla-server\codecanyon-L2GSbXtH-dairy-products-grocery-daily-milk-delivery-mobile-app-with-subscription-customer-app-delivery\test-vezilla-android-workspace\.gradle\6.5\fileHashes)" [_thread_blocked, id=1356, stack(0x0000004657000000,0x0000004657100000)]
  0x000001f9fa153000 JavaThread "Cache worker for checksums cache (C:\Users\xpmkm\Desktop\update_code_vezilla-server\codecanyon-L2GSbXtH-dairy-products-grocery-daily-milk-delivery-mobile-app-with-subscription-customer-app-delivery\test-vezilla-android-workspace\.gradle\checksums)" [_thread_blocked, id=3952, stack(0x0000004657100000,0x0000004657200000)]
  0x000001f9fa155800 JavaThread "Cache worker for cache directory md-supplier (C:\Users\xpmkm\.gradle\caches\6.5\md-supplier)" [_thread_blocked, id=6648, stack(0x0000004657200000,0x0000004657300000)]
  0x000001f9fa153800 JavaThread "Cache worker for cache directory md-rule (C:\Users\xpmkm\.gradle\caches\6.5\md-rule)" [_thread_blocked, id=9664, stack(0x0000004657300000,0x0000004657400000)]
  0x000001f9fa154800 JavaThread "Cache worker for execution history cache (C:\Users\xpmkm\.gradle\caches\6.5\executionHistory)" [_thread_blocked, id=13140, stack(0x0000004657400000,0x0000004657500000)]
  0x000001f9fa156000 JavaThread "jar transforms" [_thread_blocked, id=16268, stack(0x0000004657500000,0x0000004657600000)]
  0x000001f9fa151000 JavaThread "Cache worker for file content cache (C:\Users\xpmkm\.gradle\caches\6.5\fileContent)" [_thread_blocked, id=9948, stack(0x0000004657600000,0x0000004657700000)]
  0x000001f9fa15c800 JavaThread "Build operations" [_thread_blocked, id=16288, stack(0x0000004657800000,0x0000004657900000)]
  0x000001f9fa157000 JavaThread "Build operations Thread 2" [_thread_blocked, id=11080, stack(0x0000004657900000,0x0000004657a00000)]
  0x000001f9fa15d800 JavaThread "Build operations Thread 3" [_thread_blocked, id=6632, stack(0x0000004657a00000,0x0000004657b00000)]
  0x000001f9fa15e800 JavaThread "Build operations Thread 4" [_thread_blocked, id=7420, stack(0x0000004657b00000,0x0000004657c00000)]
  0x000001f9fa159800 JavaThread "Build operations Thread 5" [_thread_blocked, id=15688, stack(0x0000004657c00000,0x0000004657d00000)]
  0x000001f9fa158800 JavaThread "Build operations Thread 6" [_thread_blocked, id=11152, stack(0x0000004657d00000,0x0000004657e00000)]
  0x000001f9fa15a000 JavaThread "Build operations Thread 7" [_thread_blocked, id=13332, stack(0x0000004657e00000,0x0000004657f00000)]
  0x000001f9fa15b000 JavaThread "Build operations Thread 8" [_thread_blocked, id=9084, stack(0x0000004657f00000,0x0000004658000000)]
  0x000001f9fa15f000 JavaThread "jar transforms Thread 2" [_thread_blocked, id=13272, stack(0x0000004658000000,0x0000004658100000)]
  0x000001f9fb63f000 JavaThread "jar transforms Thread 3" [_thread_blocked, id=3620, stack(0x0000004658100000,0x0000004658200000)]
  0x000001f9fb640000 JavaThread "jar transforms Thread 4" [_thread_blocked, id=8720, stack(0x0000004658200000,0x0000004658300000)]
  0x000001f9fb640800 JavaThread "jar transforms Thread 5" [_thread_blocked, id=11060, stack(0x0000004658300000,0x0000004658400000)]
  0x000001f9fb641800 JavaThread "jar transforms Thread 6" [_thread_blocked, id=9276, stack(0x0000004658400000,0x0000004658500000)]
  0x000001f9fb642800 JavaThread "jar transforms Thread 7" [_thread_blocked, id=16204, stack(0x0000004658500000,0x0000004658600000)]
  0x000001f9fb63c800 JavaThread "jar transforms Thread 8" [_thread_blocked, id=11664, stack(0x0000004658600000,0x0000004658700000)]
  0x000001f9fb643000 JavaThread "jar transforms Thread 9" [_thread_blocked, id=9124, stack(0x0000004658700000,0x0000004658800000)]
  0x000001f9fb63d800 JavaThread "jar transforms Thread 10" [_thread_blocked, id=13800, stack(0x0000004658800000,0x0000004658900000)]
  0x000001f9fb644000 JavaThread "jar transforms Thread 11" [_thread_blocked, id=3528, stack(0x0000004658900000,0x0000004658a00000)]
  0x000001f9fb63e800 JavaThread "jar transforms Thread 12" [_thread_blocked, id=3868, stack(0x0000004658a00000,0x0000004658b00000)]
  0x000001f9fb648000 JavaThread "jar transforms Thread 13" [_thread_blocked, id=8948, stack(0x0000004658b00000,0x0000004658c00000)]
  0x000001f9fb64a800 JavaThread "jar transforms Thread 14" [_thread_blocked, id=628, stack(0x0000004658c00000,0x0000004658d00000)]
  0x000001f9fb649000 JavaThread "jar transforms Thread 15" [_thread_blocked, id=10560, stack(0x0000004658d00000,0x0000004658e00000)]
  0x000001f9fb649800 JavaThread "jar transforms Thread 16" [_thread_blocked, id=1944, stack(0x0000004658e00000,0x0000004658f00000)]
  0x000001f9fb645000 JavaThread "jar transforms Thread 17" [_thread_blocked, id=544, stack(0x0000004658f00000,0x0000004659000000)]
  0x000001f9fb647800 JavaThread "jar transforms Thread 18" [_thread_blocked, id=9080, stack(0x0000004659000000,0x0000004659100000)]
  0x000001f9fb64b800 JavaThread "jar transforms Thread 19" [_thread_blocked, id=1148, stack(0x0000004659100000,0x0000004659200000)]
  0x000001f9fb645800 JavaThread "jar transforms Thread 20" [_thread_blocked, id=6304, stack(0x0000004659200000,0x0000004659300000)]
  0x000001f9fb646800 JavaThread "jar transforms Thread 21" [_thread_blocked, id=6988, stack(0x0000004659300000,0x0000004659400000)]
  0x000001f9f7ad7000 JavaThread "jar transforms Thread 22" [_thread_blocked, id=13228, stack(0x0000004659400000,0x0000004659500000)]
  0x000001f9f7ad8000 JavaThread "jar transforms Thread 23" [_thread_blocked, id=13084, stack(0x0000004659500000,0x0000004659600000)]
  0x000001f9f7ad9000 JavaThread "jar transforms Thread 24" [_thread_blocked, id=9100, stack(0x0000004659600000,0x0000004659700000)]
  0x000001f9f7ad6800 JavaThread "jar transforms Thread 25" [_thread_blocked, id=9636, stack(0x0000004659700000,0x0000004659800000)]
  0x000001f9f7ad9800 JavaThread "jar transforms Thread 26" [_thread_blocked, id=8764, stack(0x0000004659800000,0x0000004659900000)]
  0x000001f9f7ada800 JavaThread "jar transforms Thread 27" [_thread_blocked, id=1472, stack(0x0000004659900000,0x0000004659a00000)]
  0x000001f9f7adb000 JavaThread "jar transforms Thread 28" [_thread_blocked, id=7684, stack(0x0000004659a00000,0x0000004659b00000)]
  0x000001f9f7ad5800 JavaThread "jar transforms Thread 29" [_thread_blocked, id=4716, stack(0x0000004659b00000,0x0000004659c00000)]
  0x000001f9f7ade800 JavaThread "jar transforms Thread 30" [_thread_blocked, id=11916, stack(0x0000004659c00000,0x0000004659d00000)]
  0x000001f9f7adf800 JavaThread "jar transforms Thread 31" [_thread_blocked, id=12976, stack(0x0000004659d00000,0x0000004659e00000)]
  0x000001f9f7ae1800 JavaThread "jar transforms Thread 32" [_thread_blocked, id=11896, stack(0x0000004659e00000,0x0000004659f00000)]
  0x000001f9f7ae1000 JavaThread "jar transforms Thread 33" [_thread_blocked, id=1020, stack(0x0000004659f00000,0x000000465a000000)]
  0x000001f9f7add000 JavaThread "jar transforms Thread 34" [_thread_blocked, id=2944, stack(0x000000465a000000,0x000000465a100000)]
  0x000001f9f7ae0000 JavaThread "jar transforms Thread 35" [_thread_blocked, id=14544, stack(0x000000465a100000,0x000000465a200000)]
  0x000001f9f7adc000 JavaThread "jar transforms Thread 36" [_thread_blocked, id=14448, stack(0x000000465a200000,0x000000465a300000)]
  0x000001f9f7ae2800 JavaThread "jar transforms Thread 37" [_thread_blocked, id=16020, stack(0x000000465a300000,0x000000465a400000)]
  0x000001f9f7ae3800 JavaThread "jar transforms Thread 38" [_thread_blocked, id=7616, stack(0x000000465a400000,0x000000465a500000)]
  0x000001f9f7add800 JavaThread "jar transforms Thread 39" [_thread_blocked, id=1368, stack(0x000000465a500000,0x000000465a600000)]
  0x000001f9f7ae4000 JavaThread "jar transforms Thread 40" [_thread_blocked, id=4744, stack(0x000000465a600000,0x000000465a700000)]
  0x000001f9fb89e800 JavaThread "jar transforms Thread 41" [_thread_blocked, id=14068, stack(0x000000465a700000,0x000000465a800000)]
  0x000001f9fb89e000 JavaThread "jar transforms Thread 42" [_thread_blocked, id=11012, stack(0x000000465a800000,0x000000465a900000)]
  0x000001f9fb89d000 JavaThread "jar transforms Thread 43" [_thread_blocked, id=14888, stack(0x000000465a900000,0x000000465aa00000)]
  0x000001f9fb89f800 JavaThread "jar transforms Thread 44" [_thread_blocked, id=7012, stack(0x000000465aa00000,0x000000465ab00000)]
  0x000001f9fb8a5000 JavaThread "jar transforms Thread 45" [_thread_blocked, id=14956, stack(0x000000465ab00000,0x000000465ac00000)]
  0x000001f9fb8a2000 JavaThread "jar transforms Thread 46" [_thread_blocked, id=14788, stack(0x000000465ac00000,0x000000465ad00000)]
  0x000001f9fb8a2800 JavaThread "jar transforms Thread 47" [_thread_blocked, id=2376, stack(0x000000465ad00000,0x000000465ae00000)]
  0x000001f9fb8a3800 JavaThread "jar transforms Thread 48" [_thread_blocked, id=15448, stack(0x000000465ae00000,0x000000465af00000)]
  0x000001f9fb8a4800 JavaThread "jar transforms Thread 49" [_thread_blocked, id=13352, stack(0x000000465af00000,0x000000465b000000)]
  0x000001f9fb8a6000 JavaThread "jar transforms Thread 50" [_thread_blocked, id=16084, stack(0x000000465b000000,0x000000465b100000)]
  0x000001f9fb8a0000 JavaThread "jar transforms Thread 51" [_thread_blocked, id=6096, stack(0x000000465b100000,0x000000465b200000)]
  0x000001f9fb8a6800 JavaThread "jar transforms Thread 52" [_thread_blocked, id=816, stack(0x000000465b200000,0x000000465b300000)]
  0x000001f9fb8a1000 JavaThread "jar transforms Thread 53" [_thread_blocked, id=10764, stack(0x000000465b300000,0x000000465b400000)]
  0x000001f9fb8ab800 JavaThread "jar transforms Thread 54" [_thread_blocked, id=15884, stack(0x000000465b400000,0x000000465b500000)]
  0x000001f9fb8a7800 JavaThread "jar transforms Thread 55" [_thread_blocked, id=4652, stack(0x000000465b500000,0x000000465b600000)]
  0x000001f9fb8a8800 JavaThread "jar transforms Thread 56" [_thread_blocked, id=9088, stack(0x000000465b600000,0x000000465b700000)]
  0x000001f9fb8aa000 JavaThread "jar transforms Thread 57" [_thread_blocked, id=10956, stack(0x000000465b700000,0x000000465b800000)]
  0x000001f9fb8a9000 JavaThread "jar transforms Thread 58" [_thread_blocked, id=13324, stack(0x000000465b800000,0x000000465b900000)]
  0x000001f9fb8ab000 JavaThread "jar transforms Thread 59" [_thread_blocked, id=5972, stack(0x000000465b900000,0x000000465ba00000)]
  0x000001f9f7921000 JavaThread "jar transforms Thread 60" [_thread_blocked, id=4780, stack(0x000000465ba00000,0x000000465bb00000)]
  0x000001f9f7921800 JavaThread "jar transforms Thread 61" [_thread_blocked, id=4148, stack(0x000000465bb00000,0x000000465bc00000)]
  0x000001f9f7920000 JavaThread "jar transforms Thread 62" [_thread_blocked, id=5740, stack(0x000000465bc00000,0x000000465bd00000)]
  0x000001f9f7922800 JavaThread "jar transforms Thread 63" [_thread_blocked, id=10904, stack(0x000000465bd00000,0x000000465be00000)]
  0x000001f9f791f800 JavaThread "jar transforms Thread 64" [_thread_blocked, id=6780, stack(0x000000465be00000,0x000000465bf00000)]
  0x000001f9f7923800 JavaThread "jar transforms Thread 65" [_thread_blocked, id=11508, stack(0x000000465bf00000,0x000000465c000000)]
  0x000001f9f7929000 JavaThread "jar transforms Thread 66" [_thread_blocked, id=8116, stack(0x000000465c000000,0x000000465c100000)]
  0x000001f9f7924000 JavaThread "jar transforms Thread 67" [_thread_blocked, id=14244, stack(0x000000465c100000,0x000000465c200000)]
  0x000001f9f7927800 JavaThread "jar transforms Thread 68" [_thread_blocked, id=6076, stack(0x000000465c200000,0x000000465c300000)]
  0x000001f9f7928800 JavaThread "jar transforms Thread 69" [_thread_blocked, id=5784, stack(0x000000465c300000,0x000000465c400000)]
  0x000001f9f792a000 JavaThread "jar transforms Thread 70" [_thread_blocked, id=7116, stack(0x000000465c400000,0x000000465c500000)]
  0x000001f9f792a800 JavaThread "jar transforms Thread 71" [_thread_blocked, id=8016, stack(0x000000465c500000,0x000000465c600000)]
  0x000001f9f7925000 JavaThread "jar transforms Thread 72" [_thread_blocked, id=6672, stack(0x000000465c600000,0x000000465c700000)]
  0x000001f9f792b800 JavaThread "jar transforms Thread 73" [_thread_blocked, id=2316, stack(0x000000465c700000,0x000000465c800000)]
  0x000001f9f7926000 JavaThread "jar transforms Thread 74" [_thread_blocked, id=16168, stack(0x000000465c800000,0x000000465c900000)]
  0x000001f9f792c800 JavaThread "jar transforms Thread 75" [_thread_blocked, id=15984, stack(0x000000465c900000,0x000000465ca00000)]
  0x000001f9f7926800 JavaThread "jar transforms Thread 76" [_thread_blocked, id=10044, stack(0x000000465ca00000,0x000000465cb00000)]
  0x000001f9f792d000 JavaThread "jar transforms Thread 77" [_thread_blocked, id=13656, stack(0x000000465cb00000,0x000000465cc00000)]
  0x000001f9f792e000 JavaThread "jar transforms Thread 78" [_thread_blocked, id=6948, stack(0x000000465cc00000,0x000000465cd00000)]
  0x000001f9f9d2f800 JavaThread "jar transforms Thread 79" [_thread_blocked, id=13852, stack(0x000000465cd00000,0x000000465ce00000)]
  0x000001f9f9d31000 JavaThread "jar transforms Thread 80" [_thread_blocked, id=3244, stack(0x000000465ce00000,0x000000465cf00000)]
  0x000001f9f9d2e800 JavaThread "jar transforms Thread 81" [_thread_blocked, id=2368, stack(0x000000465cf00000,0x000000465d000000)]
  0x000001f9f9d30000 JavaThread "jar transforms Thread 82" [_thread_blocked, id=9728, stack(0x000000465d000000,0x000000465d100000)]
  0x000001f9f9d31800 JavaThread "jar transforms Thread 83" [_thread_blocked, id=12388, stack(0x000000465d100000,0x000000465d200000)]
  0x000001f9f9d2c000 JavaThread "jar transforms Thread 84" [_thread_blocked, id=4452, stack(0x000000465d200000,0x000000465d300000)]
  0x000001f9f9d32800 JavaThread "jar transforms Thread 85" [_thread_blocked, id=7368, stack(0x000000465d300000,0x000000465d400000)]
  0x000001f9f9d2d000 JavaThread "jar transforms Thread 86" [_thread_blocked, id=1488, stack(0x000000465d400000,0x000000465d500000)]
  0x000001f9f9d33800 JavaThread "jar transforms Thread 87" [_thread_blocked, id=14012, stack(0x000000465d500000,0x000000465d600000)]
  0x000001f9f9d2d800 JavaThread "jar transforms Thread 88" [_thread_blocked, id=7620, stack(0x000000465d600000,0x000000465d700000)]
  0x000001f9f9d3a000 JavaThread "jar transforms Thread 89" [_thread_blocked, id=7768, stack(0x000000465d700000,0x000000465d800000)]
  0x000001f9f9d35000 JavaThread "jar transforms Thread 90" [_thread_blocked, id=13032, stack(0x000000465d800000,0x000000465d900000)]
  0x000001f9f9d36000 JavaThread "jar transforms Thread 91" [_thread_blocked, id=16280, stack(0x000000465d900000,0x000000465da00000)]
  0x000001f9f9d38800 JavaThread "jar transforms Thread 92" [_thread_blocked, id=12352, stack(0x000000465da00000,0x000000465db00000)]
  0x000001f9f9d39000 JavaThread "jar transforms Thread 93" [_thread_blocked, id=12200, stack(0x000000465db00000,0x000000465dc00000)]
  0x000001f9f9d37800 JavaThread "jar transforms Thread 94" [_thread_blocked, id=13088, stack(0x000000465dc00000,0x000000465dd00000)]
  0x000001f9f9d36800 JavaThread "Cache worker for Build Output Cleanup Cache (C:\Users\xpmkm\Desktop\update_code_vezilla-server\codecanyon-L2GSbXtH-dairy-products-grocery-daily-milk-delivery-mobile-app-with-subscription-customer-app-delivery\test-vezilla-android-workspace\.gradle\buildOutputCleanup)" [_thread_blocked, id=1832, stack(0x0000004657700000,0x0000004657800000)]
  0x000001f9fcde1800 JavaThread "C2 CompilerThread2" daemon [_thread_in_native, id=11308, stack(0x000000465dd00000,0x000000465de00000)]
  0x000001f9f9d34000 JavaThread "Memory manager" [_thread_blocked, id=2424, stack(0x000000465de00000,0x000000465df00000)]
  0x000001f9f9d3a800 JavaThread "Cache worker for file content cache (C:\Users\xpmkm\Desktop\update_code_vezilla-server\codecanyon-L2GSbXtH-dairy-products-grocery-daily-milk-delivery-mobile-app-with-subscription-customer-app-delivery\test-vezilla-android-workspace\.gradle\6.5\fileContent)" [_thread_blocked, id=6488, stack(0x000000465df00000,0x000000465e000000)]

Other Threads:
=>0x000001f9f4bd8800 VMThread "VM Thread" [stack: 0x0000004654d00000,0x0000004654e00000] [id=13216]
  0x000001f9f56f1800 WatcherThread [stack: 0x0000004655700000,0x0000004655800000] [id=2016]
  0x000001f9da78d800 GCTaskThread "GC Thread#0" [stack: 0x0000004654800000,0x0000004654900000] [id=15472]
  0x000001f9f631b000 GCTaskThread "GC Thread#1" [stack: 0x0000004655900000,0x0000004655a00000] [id=1584]
  0x000001f9f5f3a800 GCTaskThread "GC Thread#2" [stack: 0x0000004655a00000,0x0000004655b00000] [id=1180]
  0x000001f9f775c800 GCTaskThread "GC Thread#3" [stack: 0x0000004656800000,0x0000004656900000] [id=10076]
  0x000001f9f7713800 GCTaskThread "GC Thread#4" [stack: 0x0000004656900000,0x0000004656a00000] [id=13668]
  0x000001f9f6ffe000 GCTaskThread "GC Thread#5" [stack: 0x0000004656a00000,0x0000004656b00000] [id=2312]
  0x000001f9f773d800 GCTaskThread "GC Thread#6" [stack: 0x0000004656b00000,0x0000004656c00000] [id=6336]
  0x000001f9f7740800 GCTaskThread "GC Thread#7" [stack: 0x0000004656c00000,0x0000004656d00000] [id=6428]
  0x000001f9da7c0800 ConcurrentGCThread "G1 Main Marker" [stack: 0x0000004654900000,0x0000004654a00000] [id=9848]
  0x000001f9da7c1800 ConcurrentGCThread "G1 Conc#0" [stack: 0x0000004654a00000,0x0000004654b00000] [id=11904]
  0x000001f9f74b8000 ConcurrentGCThread "G1 Conc#1" [stack: 0x0000004656f00000,0x0000004657000000] [id=13856]
  0x000001f9f4a26800 ConcurrentGCThread "G1 Refine#0" [stack: 0x0000004654b00000,0x0000004654c00000] [id=8108]
  0x000001f9f4a29000 ConcurrentGCThread "G1 Young RemSet Sampling" [stack: 0x0000004654c00000,0x0000004654d00000] [id=12156]

Threads with active compile tasks:
C2 CompilerThread0  13167 7887   !   4       jdk.internal.loader.Resource::getBytes (242 bytes)
C2 CompilerThread1  13167 7841       4       sun.reflect.generics.parser.SignatureParser::parseClassTypeSignature (118 bytes)
C2 CompilerThread2  13167 7837       4       sun.reflect.generics.parser.SignatureParser::parsePackageNameAndSimpleClassTypeSignature (119 bytes)

VM state:at safepoint (normal execution)

VM Mutex/Monitor currently owned by a thread:  ([mutex/lock_event])
[0x000001f9da76f8b0] Threads_lock - owner thread: 0x000001f9f4bd8800
[0x000001f9da770240] Heap_lock - owner thread: 0x000001f9f73bc800

Heap address: 0x0000000080000000, size: 2048 MB, Compressed Oops mode: 32-bit
Narrow klass base: 0x0000000000000000, Narrow klass shift: 3
Compressed class space size: 1073741824 Address: 0x0000000100000000

Heap:
 garbage-first heap   total 187392K, used 60995K [0x0000000080000000, 0x0000000100000000)
  region size 1024K, 5 young (5120K), 5 survivors (5120K)
 Metaspace       used 68641K, capacity 70631K, committed 70864K, reserved 1110016K
  class space    used 8791K, capacity 9492K, committed 9600K, reserved 1048576K
Heap Regions: E=young(eden), S=young(survivor), O=old, HS=humongous(starts), HC=humongous(continues), CS=collection set, F=free, A=archive, TAMS=top-at-mark-start (previous, next)
|   0|0x0000000080000000, 0x0000000080100000, 0x0000000080100000|100%|HS|  |TAMS 0x0000000080100000, 0x0000000080000000| Complete 
|   1|0x0000000080100000, 0x0000000080200000, 0x0000000080200000|100%| O|  |TAMS 0x0000000080200000, 0x0000000080100000| Untracked 
|   2|0x0000000080200000, 0x0000000080300000, 0x0000000080300000|100%| O|  |TAMS 0x0000000080300000, 0x0000000080200000| Untracked 
|   3|0x0000000080300000, 0x0000000080400000, 0x0000000080400000|100%|HS|  |TAMS 0x0000000080400000, 0x0000000080300000| Complete 
|   4|0x0000000080400000, 0x0000000080500000, 0x0000000080500000|100%|HC|  |TAMS 0x0000000080500000, 0x0000000080400000| Complete 
|   5|0x0000000080500000, 0x0000000080600000, 0x0000000080600000|100%|HC|  |TAMS 0x0000000080600000, 0x0000000080500000| Complete 
|   6|0x0000000080600000, 0x0000000080700000, 0x0000000080700000|100%| O|  |TAMS 0x0000000080700000, 0x0000000080600000| Untracked 
|   7|0x0000000080700000, 0x0000000080800000, 0x0000000080800000|100%| O|  |TAMS 0x0000000080800000, 0x0000000080700000| Untracked 
|   8|0x0000000080800000, 0x0000000080900000, 0x0000000080900000|100%| O|  |TAMS 0x0000000080900000, 0x0000000080800000| Untracked 
|   9|0x0000000080900000, 0x0000000080a00000, 0x0000000080a00000|100%| O|  |TAMS 0x0000000080a00000, 0x0000000080900000| Untracked 
|  10|0x0000000080a00000, 0x0000000080b00000, 0x0000000080b00000|100%| O|  |TAMS 0x0000000080b00000, 0x0000000080a00000| Untracked 
|  11|0x0000000080b00000, 0x0000000080c00000, 0x0000000080c00000|100%| O|  |TAMS 0x0000000080c00000, 0x0000000080b00000| Untracked 
|  12|0x0000000080c00000, 0x0000000080d00000, 0x0000000080d00000|100%| O|  |TAMS 0x0000000080d00000, 0x0000000080c00000| Untracked 
|  13|0x0000000080d00000, 0x0000000080e00000, 0x0000000080e00000|100%| O|  |TAMS 0x0000000080e00000, 0x0000000080d00000| Untracked 
|  14|0x0000000080e00000, 0x0000000080f00000, 0x0000000080f00000|100%| O|  |TAMS 0x0000000080f00000, 0x0000000080e00000| Untracked 
|  15|0x0000000080f00000, 0x0000000081000000, 0x0000000081000000|100%| O|  |TAMS 0x0000000081000000, 0x0000000080f00000| Untracked 
|  16|0x0000000081000000, 0x0000000081100000, 0x0000000081100000|100%| O|  |TAMS 0x0000000081100000, 0x0000000081000000| Untracked 
|  17|0x0000000081100000, 0x0000000081200000, 0x0000000081200000|100%| O|  |TAMS 0x0000000081200000, 0x0000000081100000| Untracked 
|  18|0x0000000081200000, 0x0000000081300000, 0x0000000081300000|100%| O|  |TAMS 0x0000000081300000, 0x0000000081200000| Untracked 
|  19|0x0000000081300000, 0x0000000081400000, 0x0000000081400000|100%| O|  |TAMS 0x0000000081400000, 0x0000000081300000| Untracked 
|  20|0x0000000081400000, 0x0000000081500000, 0x0000000081500000|100%| O|  |TAMS 0x0000000081500000, 0x0000000081400000| Untracked 
|  21|0x0000000081500000, 0x0000000081600000, 0x0000000081600000|100%| O|  |TAMS 0x0000000081600000, 0x0000000081500000| Untracked 
|  22|0x0000000081600000, 0x0000000081700000, 0x0000000081700000|100%| O|  |TAMS 0x0000000081700000, 0x0000000081600000| Untracked 
|  23|0x0000000081700000, 0x0000000081800000, 0x0000000081800000|100%|HS|  |TAMS 0x0000000081800000, 0x0000000081700000| Complete 
|  24|0x0000000081800000, 0x0000000081900000, 0x0000000081900000|100%|HC|  |TAMS 0x0000000081900000, 0x0000000081800000| Complete 
|  25|0x0000000081900000, 0x0000000081a00000, 0x0000000081a00000|100%| O|  |TAMS 0x0000000081a00000, 0x0000000081900000| Untracked 
|  26|0x0000000081a00000, 0x0000000081b00000, 0x0000000081b00000|100%| O|  |TAMS 0x0000000081b00000, 0x0000000081a00000| Untracked 
|  27|0x0000000081b00000, 0x0000000081c00000, 0x0000000081c00000|100%| O|  |TAMS 0x0000000081c00000, 0x0000000081b00000| Untracked 
|  28|0x0000000081c00000, 0x0000000081d00000, 0x0000000081d00000|100%| O|  |TAMS 0x0000000081d00000, 0x0000000081c00000| Untracked 
|  29|0x0000000081d00000, 0x0000000081e00000, 0x0000000081e00000|100%| O|  |TAMS 0x0000000081e00000, 0x0000000081d00000| Untracked 
|  30|0x0000000081e00000, 0x0000000081f00000, 0x0000000081f00000|100%| O|  |TAMS 0x0000000081f00000, 0x0000000081e00000| Untracked 
|  31|0x0000000081f00000, 0x0000000082000000, 0x0000000082000000|100%| O|  |TAMS 0x0000000082000000, 0x0000000081f00000| Untracked 
|  32|0x0000000082000000, 0x0000000082100000, 0x0000000082100000|100%| O|  |TAMS 0x0000000082100000, 0x0000000082000000| Untracked 
|  33|0x0000000082100000, 0x0000000082200000, 0x0000000082200000|100%| O|  |TAMS 0x00000000821c6400, 0x0000000082100000| Untracked 
|  34|0x0000000082200000, 0x0000000082300000, 0x0000000082300000|100%| O|  |TAMS 0x0000000082200000, 0x0000000082200000| Untracked 
|  35|0x0000000082300000, 0x0000000082400000, 0x0000000082400000|100%| O|  |TAMS 0x0000000082300000, 0x0000000082300000| Untracked 
|  36|0x0000000082400000, 0x0000000082500000, 0x0000000082500000|100%| O|  |TAMS 0x0000000082400000, 0x0000000082400000| Untracked 
|  37|0x0000000082500000, 0x0000000082600000, 0x0000000082600000|100%| O|  |TAMS 0x0000000082500000, 0x0000000082500000| Untracked 
|  38|0x0000000082600000, 0x0000000082700000, 0x0000000082700000|100%| O|  |TAMS 0x0000000082600000, 0x0000000082600000| Untracked 
|  39|0x0000000082700000, 0x0000000082800000, 0x0000000082800000|100%| O|  |TAMS 0x0000000082700000, 0x0000000082700000| Untracked 
|  40|0x0000000082800000, 0x0000000082900000, 0x0000000082900000|100%| O|  |TAMS 0x0000000082800000, 0x0000000082800000| Untracked 
|  41|0x0000000082900000, 0x0000000082a00000, 0x0000000082a00000|100%| O|  |TAMS 0x0000000082900000, 0x0000000082900000| Untracked 
|  42|0x0000000082a00000, 0x0000000082b00000, 0x0000000082b00000|100%| O|  |TAMS 0x0000000082a00000, 0x0000000082a00000| Untracked 
|  43|0x0000000082b00000, 0x0000000082c00000, 0x0000000082c00000|100%| O|  |TAMS 0x0000000082b00000, 0x0000000082b00000| Untracked 
|  44|0x0000000082c00000, 0x0000000082d00000, 0x0000000082d00000|100%| O|  |TAMS 0x0000000082c00000, 0x0000000082c00000| Untracked 
|  45|0x0000000082d00000, 0x0000000082e00000, 0x0000000082e00000|100%| O|  |TAMS 0x0000000082d00000, 0x0000000082d00000| Untracked 
|  46|0x0000000082e00000, 0x0000000082f00000, 0x0000000082f00000|100%| O|  |TAMS 0x0000000082e00000, 0x0000000082e00000| Untracked 
|  47|0x0000000082f00000, 0x0000000083000000, 0x0000000083000000|100%| O|  |TAMS 0x0000000082f00000, 0x0000000082f00000| Untracked 
|  48|0x0000000083000000, 0x0000000083100000, 0x0000000083100000|100%| O|  |TAMS 0x0000000083000000, 0x0000000083000000| Untracked 
|  49|0x0000000083100000, 0x0000000083200000, 0x0000000083200000|100%| O|  |TAMS 0x0000000083100000, 0x0000000083100000| Untracked 
|  50|0x0000000083200000, 0x0000000083300000, 0x0000000083300000|100%| O|  |TAMS 0x0000000083200000, 0x0000000083200000| Untracked 
|  51|0x0000000083300000, 0x0000000083400000, 0x0000000083400000|100%| O|  |TAMS 0x0000000083300000, 0x0000000083300000| Untracked 
|  52|0x0000000083400000, 0x0000000083500000, 0x0000000083500000|100%| O|  |TAMS 0x0000000083400000, 0x0000000083400000| Untracked 
|  53|0x0000000083500000, 0x0000000083600000, 0x0000000083600000|100%| O|  |TAMS 0x0000000083500000, 0x0000000083500000| Untracked 
|  54|0x0000000083600000, 0x0000000083700000, 0x0000000083700000|100%| O|  |TAMS 0x0000000083600000, 0x0000000083600000| Untracked 
|  55|0x0000000083700000, 0x0000000083765c00, 0x0000000083800000| 39%| O|  |TAMS 0x0000000083700000, 0x0000000083700000| Untracked 
|  56|0x0000000083800000, 0x0000000083800000, 0x0000000083900000|  0%| F|  |TAMS 0x0000000083800000, 0x0000000083800000| Untracked 
|  57|0x0000000083900000, 0x0000000083900000, 0x0000000083a00000|  0%| F|  |TAMS 0x0000000083900000, 0x0000000083900000| Untracked 
|  58|0x0000000083a00000, 0x0000000083a00000, 0x0000000083b00000|  0%| F|  |TAMS 0x0000000083a00000, 0x0000000083a00000| Untracked 
|  59|0x0000000083b00000, 0x0000000083b00000, 0x0000000083c00000|  0%| F|  |TAMS 0x0000000083b00000, 0x0000000083b00000| Untracked 
|  60|0x0000000083c00000, 0x0000000083c00000, 0x0000000083d00000|  0%| F|  |TAMS 0x0000000083c00000, 0x0000000083c00000| Untracked 
|  61|0x0000000083d00000, 0x0000000083d00000, 0x0000000083e00000|  0%| F|  |TAMS 0x0000000083d00000, 0x0000000083d00000| Untracked 
|  62|0x0000000083e00000, 0x0000000083e00000, 0x0000000083f00000|  0%| F|  |TAMS 0x0000000083e00000, 0x0000000083e00000| Untracked 
|  63|0x0000000083f00000, 0x0000000083f00000, 0x0000000084000000|  0%| F|  |TAMS 0x0000000083f00000, 0x0000000083f00000| Untracked 
|  64|0x0000000084000000, 0x0000000084000000, 0x0000000084100000|  0%| F|  |TAMS 0x0000000084000000, 0x0000000084000000| Untracked 
|  65|0x0000000084100000, 0x0000000084100000, 0x0000000084200000|  0%| F|  |TAMS 0x0000000084100000, 0x0000000084100000| Untracked 
|  66|0x0000000084200000, 0x0000000084200000, 0x0000000084300000|  0%| F|  |TAMS 0x0000000084200000, 0x0000000084200000| Untracked 
|  67|0x0000000084300000, 0x0000000084300000, 0x0000000084400000|  0%| F|  |TAMS 0x0000000084300000, 0x0000000084300000| Untracked 
|  68|0x0000000084400000, 0x0000000084400000, 0x0000000084500000|  0%| F|  |TAMS 0x0000000084400000, 0x0000000084400000| Untracked 
|  69|0x0000000084500000, 0x0000000084500000, 0x0000000084600000|  0%| F|  |TAMS 0x0000000084500000, 0x0000000084500000| Untracked 
|  70|0x0000000084600000, 0x0000000084600000, 0x0000000084700000|  0%| F|  |TAMS 0x0000000084600000, 0x0000000084600000| Untracked 
|  71|0x0000000084700000, 0x0000000084700000, 0x0000000084800000|  0%| F|  |TAMS 0x0000000084700000, 0x0000000084700000| Untracked 
|  72|0x0000000084800000, 0x0000000084800000, 0x0000000084900000|  0%| F|  |TAMS 0x0000000084800000, 0x0000000084800000| Untracked 
|  73|0x0000000084900000, 0x0000000084900000, 0x0000000084a00000|  0%| F|  |TAMS 0x0000000084900000, 0x0000000084900000| Untracked 
|  74|0x0000000084a00000, 0x0000000084a00000, 0x0000000084b00000|  0%| F|  |TAMS 0x0000000084a00000, 0x0000000084a00000| Untracked 
|  75|0x0000000084b00000, 0x0000000084b00000, 0x0000000084c00000|  0%| F|  |TAMS 0x0000000084b00000, 0x0000000084b00000| Untracked 
|  76|0x0000000084c00000, 0x0000000084c00000, 0x0000000084d00000|  0%| F|  |TAMS 0x0000000084c00000, 0x0000000084c00000| Untracked 
|  77|0x0000000084d00000, 0x0000000084d00000, 0x0000000084e00000|  0%| F|  |TAMS 0x0000000084d00000, 0x0000000084d00000| Untracked 
|  78|0x0000000084e00000, 0x0000000084e00000, 0x0000000084f00000|  0%| F|  |TAMS 0x0000000084e00000, 0x0000000084e00000| Untracked 
|  79|0x0000000084f00000, 0x0000000084f00000, 0x0000000085000000|  0%| F|  |TAMS 0x0000000084f00000, 0x0000000084f00000| Untracked 
|  80|0x0000000085000000, 0x000000008502b0b8, 0x0000000085100000| 16%| S|CS|TAMS 0x0000000085000000, 0x0000000085000000| Complete 
|  81|0x0000000085100000, 0x0000000085100000, 0x0000000085200000|  0%| F|  |TAMS 0x0000000085100000, 0x0000000085100000| Untracked 
|  82|0x0000000085200000, 0x0000000085200000, 0x0000000085300000|  0%| F|  |TAMS 0x0000000085200000, 0x0000000085200000| Untracked 
|  83|0x0000000085300000, 0x0000000085300000, 0x0000000085400000|  0%| F|  |TAMS 0x0000000085300000, 0x0000000085300000| Untracked 
|  84|0x0000000085400000, 0x0000000085400000, 0x0000000085500000|  0%| F|  |TAMS 0x0000000085400000, 0x0000000085400000| Untracked 
|  85|0x0000000085500000, 0x0000000085500000, 0x0000000085600000|  0%| F|  |TAMS 0x0000000085500000, 0x0000000085500000| Untracked 
|  86|0x0000000085600000, 0x0000000085600000, 0x0000000085700000|  0%| F|  |TAMS 0x0000000085600000, 0x0000000085600000| Untracked 
|  87|0x0000000085700000, 0x0000000085700000, 0x0000000085800000|  0%| F|  |TAMS 0x0000000085700000, 0x0000000085700000| Untracked 
|  88|0x0000000085800000, 0x0000000085900000, 0x0000000085900000|100%| S|CS|TAMS 0x0000000085800000, 0x0000000085800000| Complete 
|  89|0x0000000085900000, 0x0000000085a00000, 0x0000000085a00000|100%| S|CS|TAMS 0x0000000085900000, 0x0000000085900000| Complete 
|  90|0x0000000085a00000, 0x0000000085b00000, 0x0000000085b00000|100%| S|CS|TAMS 0x0000000085a00000, 0x0000000085a00000| Complete 
|  91|0x0000000085b00000, 0x0000000085c00000, 0x0000000085c00000|100%| S|CS|TAMS 0x0000000085b00000, 0x0000000085b00000| Complete 
|  92|0x0000000085c00000, 0x0000000085c00000, 0x0000000085d00000|  0%| F|  |TAMS 0x0000000085c00000, 0x0000000085c00000| Untracked 
|  93|0x0000000085d00000, 0x0000000085d00000, 0x0000000085e00000|  0%| F|  |TAMS 0x0000000085d00000, 0x0000000085d00000| Untracked 
|  94|0x0000000085e00000, 0x0000000085e00000, 0x0000000085f00000|  0%| F|  |TAMS 0x0000000085e00000, 0x0000000085e00000| Untracked 
|  95|0x0000000085f00000, 0x0000000085f00000, 0x0000000086000000|  0%| F|  |TAMS 0x0000000085f00000, 0x0000000085f00000| Untracked 
|  96|0x0000000086000000, 0x0000000086000000, 0x0000000086100000|  0%| F|  |TAMS 0x0000000086000000, 0x0000000086000000| Untracked 
|  97|0x0000000086100000, 0x0000000086100000, 0x0000000086200000|  0%| F|  |TAMS 0x0000000086100000, 0x0000000086100000| Untracked 
|  98|0x0000000086200000, 0x0000000086200000, 0x0000000086300000|  0%| F|  |TAMS 0x0000000086200000, 0x0000000086200000| Untracked 
|  99|0x0000000086300000, 0x0000000086300000, 0x0000000086400000|  0%| F|  |TAMS 0x0000000086300000, 0x0000000086300000| Untracked 
| 100|0x0000000086400000, 0x0000000086400000, 0x0000000086500000|  0%| F|  |TAMS 0x0000000086400000, 0x0000000086400000| Untracked 
| 101|0x0000000086500000, 0x0000000086500000, 0x0000000086600000|  0%| F|  |TAMS 0x0000000086500000, 0x0000000086500000| Untracked 
| 102|0x0000000086600000, 0x0000000086600000, 0x0000000086700000|  0%| F|  |TAMS 0x0000000086600000, 0x0000000086600000| Untracked 
| 103|0x0000000086700000, 0x0000000086700000, 0x0000000086800000|  0%| F|  |TAMS 0x0000000086700000, 0x0000000086700000| Untracked 
| 104|0x0000000086800000, 0x0000000086800000, 0x0000000086900000|  0%| F|  |TAMS 0x0000000086800000, 0x0000000086800000| Untracked 
| 105|0x0000000086900000, 0x0000000086900000, 0x0000000086a00000|  0%| F|  |TAMS 0x0000000086900000, 0x0000000086900000| Untracked 
| 106|0x0000000086a00000, 0x0000000086a00000, 0x0000000086b00000|  0%| F|  |TAMS 0x0000000086a00000, 0x0000000086a00000| Untracked 
| 107|0x0000000086b00000, 0x0000000086b00000, 0x0000000086c00000|  0%| F|  |TAMS 0x0000000086b00000, 0x0000000086b00000| Untracked 
| 108|0x0000000086c00000, 0x0000000086c00000, 0x0000000086d00000|  0%| F|  |TAMS 0x0000000086c00000, 0x0000000086c00000| Untracked 
| 109|0x0000000086d00000, 0x0000000086d00000, 0x0000000086e00000|  0%| F|  |TAMS 0x0000000086d00000, 0x0000000086d00000| Untracked 
| 110|0x0000000086e00000, 0x0000000086e00000, 0x0000000086f00000|  0%| F|  |TAMS 0x0000000086e00000, 0x0000000086e00000| Untracked 
| 111|0x0000000086f00000, 0x0000000086f00000, 0x0000000087000000|  0%| F|  |TAMS 0x0000000086f00000, 0x0000000086f00000| Untracked 
| 112|0x0000000087000000, 0x0000000087000000, 0x0000000087100000|  0%| F|  |TAMS 0x0000000087000000, 0x0000000087000000| Untracked 
| 113|0x0000000087100000, 0x0000000087100000, 0x0000000087200000|  0%| F|  |TAMS 0x0000000087100000, 0x0000000087100000| Untracked 
| 114|0x0000000087200000, 0x0000000087200000, 0x0000000087300000|  0%| F|  |TAMS 0x0000000087200000, 0x0000000087200000| Untracked 
| 115|0x0000000087300000, 0x0000000087300000, 0x0000000087400000|  0%| F|  |TAMS 0x0000000087300000, 0x0000000087300000| Untracked 
| 116|0x0000000087400000, 0x0000000087400000, 0x0000000087500000|  0%| F|  |TAMS 0x0000000087400000, 0x0000000087400000| Untracked 
| 117|0x0000000087500000, 0x0000000087500000, 0x0000000087600000|  0%| F|  |TAMS 0x0000000087500000, 0x0000000087500000| Untracked 
| 118|0x0000000087600000, 0x0000000087600000, 0x0000000087700000|  0%| F|  |TAMS 0x0000000087600000, 0x0000000087600000| Untracked 
| 119|0x0000000087700000, 0x0000000087700000, 0x0000000087800000|  0%| F|  |TAMS 0x0000000087700000, 0x0000000087700000| Untracked 
| 120|0x0000000087800000, 0x0000000087800000, 0x0000000087900000|  0%| F|  |TAMS 0x0000000087800000, 0x0000000087800000| Untracked 
| 121|0x0000000087900000, 0x0000000087900000, 0x0000000087a00000|  0%| F|  |TAMS 0x0000000087900000, 0x0000000087900000| Untracked 
| 122|0x0000000087a00000, 0x0000000087a00000, 0x0000000087b00000|  0%| F|  |TAMS 0x0000000087a00000, 0x0000000087a00000| Untracked 
| 123|0x0000000087b00000, 0x0000000087b00000, 0x0000000087c00000|  0%| F|  |TAMS 0x0000000087b00000, 0x0000000087b00000| Untracked 
| 124|0x0000000087c00000, 0x0000000087c00000, 0x0000000087d00000|  0%| F|  |TAMS 0x0000000087c00000, 0x0000000087c00000| Untracked 
| 125|0x0000000087d00000, 0x0000000087d00000, 0x0000000087e00000|  0%| F|  |TAMS 0x0000000087d00000, 0x0000000087d00000| Untracked 
| 126|0x0000000087e00000, 0x0000000087e00000, 0x0000000087f00000|  0%| F|  |TAMS 0x0000000087e00000, 0x0000000087e00000| Untracked 
| 127|0x0000000087f00000, 0x0000000087f00000, 0x0000000088000000|  0%| F|  |TAMS 0x0000000087f00000, 0x0000000087f00000| Untracked 
| 128|0x0000000088000000, 0x0000000088000000, 0x0000000088100000|  0%| F|  |TAMS 0x0000000088000000, 0x0000000088000000| Untracked 
| 129|0x0000000088100000, 0x0000000088100000, 0x0000000088200000|  0%| F|  |TAMS 0x0000000088100000, 0x0000000088100000| Untracked 
| 130|0x0000000088200000, 0x0000000088200000, 0x0000000088300000|  0%| F|  |TAMS 0x0000000088200000, 0x0000000088200000| Untracked 
| 131|0x0000000088300000, 0x0000000088300000, 0x0000000088400000|  0%| F|  |TAMS 0x0000000088300000, 0x0000000088300000| Untracked 
| 132|0x0000000088400000, 0x0000000088400000, 0x0000000088500000|  0%| F|  |TAMS 0x0000000088400000, 0x0000000088400000| Untracked 
| 133|0x0000000088500000, 0x0000000088500000, 0x0000000088600000|  0%| F|  |TAMS 0x0000000088500000, 0x0000000088500000| Untracked 
| 134|0x0000000088600000, 0x0000000088600000, 0x0000000088700000|  0%| F|  |TAMS 0x0000000088600000, 0x0000000088600000| Untracked 
| 135|0x0000000088700000, 0x0000000088700000, 0x0000000088800000|  0%| F|  |TAMS 0x0000000088700000, 0x0000000088700000| Untracked 
| 136|0x0000000088800000, 0x0000000088800000, 0x0000000088900000|  0%| F|  |TAMS 0x0000000088800000, 0x0000000088800000| Untracked 
| 137|0x0000000088900000, 0x0000000088900000, 0x0000000088a00000|  0%| F|  |TAMS 0x0000000088900000, 0x0000000088900000| Untracked 
| 138|0x0000000088a00000, 0x0000000088a00000, 0x0000000088b00000|  0%| F|  |TAMS 0x0000000088a00000, 0x0000000088a00000| Untracked 
| 139|0x0000000088b00000, 0x0000000088b00000, 0x0000000088c00000|  0%| F|  |TAMS 0x0000000088b00000, 0x0000000088b00000| Untracked 
| 140|0x0000000088c00000, 0x0000000088c00000, 0x0000000088d00000|  0%| F|  |TAMS 0x0000000088c00000, 0x0000000088c00000| Untracked 
| 141|0x0000000088d00000, 0x0000000088d00000, 0x0000000088e00000|  0%| F|  |TAMS 0x0000000088d00000, 0x0000000088d00000| Untracked 
| 142|0x0000000088e00000, 0x0000000088e00000, 0x0000000088f00000|  0%| F|  |TAMS 0x0000000088e00000, 0x0000000088e00000| Untracked 
| 143|0x0000000088f00000, 0x0000000088f00000, 0x0000000089000000|  0%| F|  |TAMS 0x0000000088f00000, 0x0000000088f00000| Untracked 
| 144|0x0000000089000000, 0x0000000089000000, 0x0000000089100000|  0%| F|  |TAMS 0x0000000089000000, 0x0000000089000000| Untracked 
| 145|0x0000000089100000, 0x0000000089100000, 0x0000000089200000|  0%| F|  |TAMS 0x0000000089100000, 0x0000000089100000| Untracked 
| 146|0x0000000089200000, 0x0000000089200000, 0x0000000089300000|  0%| F|  |TAMS 0x0000000089200000, 0x0000000089200000| Untracked 
| 147|0x0000000089300000, 0x0000000089300000, 0x0000000089400000|  0%| F|  |TAMS 0x0000000089300000, 0x0000000089300000| Untracked 
| 148|0x0000000089400000, 0x0000000089400000, 0x0000000089500000|  0%| F|  |TAMS 0x0000000089400000, 0x0000000089400000| Untracked 
| 149|0x0000000089500000, 0x0000000089500000, 0x0000000089600000|  0%| F|  |TAMS 0x0000000089500000, 0x0000000089500000| Untracked 
| 150|0x0000000089600000, 0x0000000089600000, 0x0000000089700000|  0%| F|  |TAMS 0x0000000089600000, 0x0000000089600000| Untracked 
| 151|0x0000000089700000, 0x0000000089700000, 0x0000000089800000|  0%| F|  |TAMS 0x0000000089700000, 0x0000000089700000| Untracked 

Card table byte_map: [0x000001f9ed990000,0x000001f9edd90000] _byte_map_base: 0x000001f9ed590000

Marking Bits (Prev, Next): (CMBitMap*) 0x000001f9da7b7860, (CMBitMap*) 0x000001f9da7b7828
 Prev Bits: [0x000001f9f0190000, 0x000001f9f2190000)
 Next Bits: [0x000001f9ee190000, 0x000001f9f0190000)

Polling page: 0x000001f9d9f50000

Metaspace:

Usage:
  Non-class:     59.71 MB capacity,    58.45 MB ( 98%) used,     1.09 MB (  2%) free+waste,   168.50 KB ( <1%) overhead. 
      Class:      9.27 MB capacity,     8.59 MB ( 93%) used,   620.72 KB (  7%) free+waste,    79.38 KB ( <1%) overhead. 
       Both:     68.98 MB capacity,    67.03 MB ( 97%) used,     1.70 MB (  2%) free+waste,   247.88 KB ( <1%) overhead. 

Virtual space:
  Non-class space:       60.00 MB reserved,      59.83 MB (>99%) committed 
      Class space:        1.00 GB reserved,       9.38 MB ( <1%) committed 
             Both:        1.06 GB reserved,      69.20 MB (  6%) committed 

Chunk freelists:
   Non-Class:  61.00 KB
       Class:  12.00 KB
        Both:  73.00 KB

MaxMetaspaceSize: 17179869184.00 GB
CompressedClassSpaceSize: 1.00 GB

CodeHeap 'non-profiled nmethods': size=120000Kb used=4532Kb max_used=4532Kb free=115467Kb
 bounds [0x000001f9e5d30000, 0x000001f9e61a0000, 0x000001f9ed260000]
CodeHeap 'profiled nmethods': size=120000Kb used=17772Kb max_used=17772Kb free=102228Kb
 bounds [0x000001f9de800000, 0x000001f9df960000, 0x000001f9e5d30000]
CodeHeap 'non-nmethods': size=5760Kb used=2242Kb max_used=2291Kb free=3517Kb
 bounds [0x000001f9de260000, 0x000001f9de4d0000, 0x000001f9de800000]
 total_blobs=8694 nmethods=7869 adapters=736
 compilation: enabled
              stopped_count=0, restarted_count=0
 full_count=0

Compilation events (20 events):
Event: 13.057 Thread 0x000001f9f4bf5000 7897       3       org.gradle.internal.reflect.annotations.impl.DefaultTypeAnnotationMetadataStore::collectRelevantAnnotations (88 bytes)
Event: 13.057 Thread 0x000001f9f4bf5000 nmethod 7897 0x000001f9df951f90 code [0x000001f9df952200, 0x000001f9df952c68]
Event: 13.057 Thread 0x000001f9f4bf5000 7895       3       com.google.common.collect.ImmutableMap::values (23 bytes)
Event: 13.058 Thread 0x000001f9f4bf5000 nmethod 7895 0x000001f9df953010 code [0x000001f9df9531e0, 0x000001f9df953448]
Event: 13.058 Thread 0x000001f9f4bf5000 7898       3       com.google.common.collect.CompactHashMap$Itr::next (53 bytes)
Event: 13.058 Thread 0x000001f9f4bf5000 nmethod 7898 0x000001f9df953510 code [0x000001f9df953720, 0x000001f9df953d78]
Event: 13.058 Thread 0x000001f9f4bf5000 7899       1       org.gradle.api.internal.tasks.properties.DefaultTypeMetadataStore$DefaultPropertyMetadata::getPropertyType (5 bytes)
Event: 13.058 Thread 0x000001f9f4bf5000 nmethod 7899 0x000001f9e619d090 code [0x000001f9e619d240, 0x000001f9e619d2f8]
Event: 13.064 Thread 0x000001f9f4bf5000 7901       3       sun.reflect.annotation.AnnotationParser::parseConst (208 bytes)
Event: 13.068 Thread 0x000001f9f4bf5000 nmethod 7901 0x000001f9df953f90 code [0x000001f9df9543e0, 0x000001f9df955f18]
Event: 13.072 Thread 0x000001f9f4bf5000 7902       3       sun.reflect.generics.parser.SignatureParser::parseTypeArguments (109 bytes)
Event: 13.075 Thread 0x000001f9f4bf5000 nmethod 7902 0x000001f9df956990 code [0x000001f9df956ca0, 0x000001f9df957ea8]
Event: 13.084 Thread 0x000001f9f4bf5000 7903       3       java.io.ObjectStreamField::getPrimitiveSignature (98 bytes)
Event: 13.084 Thread 0x000001f9f4bf5000 nmethod 7903 0x000001f9df958490 code [0x000001f9df9586a0, 0x000001f9df958b88]
Event: 13.085 Thread 0x000001f9f4bf5000 7904       3       java.io.ObjectInputStream$PeekInputStream::read (47 bytes)
Event: 13.085 Thread 0x000001f9f4bf5000 nmethod 7904 0x000001f9df958c90 code [0x000001f9df958e60, 0x000001f9df9590e8]
Event: 13.094 Thread 0x000001f9f4bf5000 7905       3       sun.reflect.annotation.AnnotationInvocationHandler::cloneArray (143 bytes)
Event: 13.106 Thread 0x000001f9f4bf5000 nmethod 7905 0x000001f9df959190 code [0x000001f9df959460, 0x000001f9df95a708]
Event: 13.121 Thread 0x000001f9f4bf5000 7906       3       java.lang.String::replaceAll (13 bytes)
Event: 13.122 Thread 0x000001f9f4bf5000 nmethod 7906 0x000001f9df95aa10 code [0x000001f9df95ac00, 0x000001f9df95ae88]

GC Heap History (20 events):
Event: 2.743 GC heap after
{Heap after GC invocations=2 (full 0):
 garbage-first heap   total 129024K, used 15392K [0x0000000080000000, 0x0000000100000000)
  region size 1024K, 10 young (10240K), 10 survivors (10240K)
 Metaspace       used 19339K, capacity 19749K, committed 19968K, reserved 1067008K
  class space    used 2346K, capacity 2470K, committed 2560K, reserved 1048576K
}
Event: 2.815 GC heap before
{Heap before GC invocations=2 (full 0):
 garbage-first heap   total 129024K, used 20512K [0x0000000080000000, 0x0000000100000000)
  region size 1024K, 15 young (15360K), 10 survivors (10240K)
 Metaspace       used 20630K, capacity 21108K, committed 21296K, reserved 1069056K
  class space    used 2430K, capacity 2607K, committed 2688K, reserved 1048576K
}
Event: 2.825 GC heap after
{Heap after GC invocations=3 (full 0):
 garbage-first heap   total 129024K, used 15950K [0x0000000080000000, 0x0000000100000000)
  region size 1024K, 1 young (1024K), 1 survivors (1024K)
 Metaspace       used 20630K, capacity 21108K, committed 21296K, reserved 1069056K
  class space    used 2430K, capacity 2607K, committed 2688K, reserved 1048576K
}
Event: 3.640 GC heap before
{Heap before GC invocations=4 (full 0):
 garbage-first heap   total 129024K, used 64078K [0x0000000080000000, 0x0000000100000000)
  region size 1024K, 48 young (49152K), 1 survivors (1024K)
 Metaspace       used 26357K, capacity 26911K, committed 27184K, reserved 1073152K
  class space    used 3371K, capacity 3587K, committed 3712K, reserved 1048576K
}
Event: 3.643 GC heap after
{Heap after GC invocations=5 (full 0):
 garbage-first heap   total 129024K, used 17316K [0x0000000080000000, 0x0000000100000000)
  region size 1024K, 3 young (3072K), 3 survivors (3072K)
 Metaspace       used 26357K, capacity 26911K, committed 27184K, reserved 1073152K
  class space    used 3371K, capacity 3587K, committed 3712K, reserved 1048576K
}
Event: 4.528 GC heap before
{Heap before GC invocations=5 (full 0):
 garbage-first heap   total 129024K, used 64420K [0x0000000080000000, 0x0000000100000000)
  region size 1024K, 50 young (51200K), 3 survivors (3072K)
 Metaspace       used 35079K, capacity 35743K, committed 35920K, reserved 1081344K
  class space    used 4484K, capacity 4745K, committed 4864K, reserved 1048576K
}
Event: 4.539 GC heap after
{Heap after GC invocations=6 (full 0):
 garbage-first heap   total 129024K, used 20505K [0x0000000080000000, 0x0000000100000000)
  region size 1024K, 6 young (6144K), 6 survivors (6144K)
 Metaspace       used 35079K, capacity 35743K, committed 35920K, reserved 1081344K
  class space    used 4484K, capacity 4745K, committed 4864K, reserved 1048576K
}
Event: 5.544 GC heap before
{Heap before GC invocations=7 (full 0):
 garbage-first heap   total 129024K, used 81945K [0x0000000080000000, 0x0000000100000000)
  region size 1024K, 63 young (64512K), 6 survivors (6144K)
 Metaspace       used 40356K, capacity 41203K, committed 41424K, reserved 1085440K
  class space    used 5176K, capacity 5491K, committed 5504K, reserved 1048576K
}
Event: 5.551 GC heap after
{Heap after GC invocations=8 (full 0):
 garbage-first heap   total 129024K, used 23964K [0x0000000080000000, 0x0000000100000000)
  region size 1024K, 7 young (7168K), 7 survivors (7168K)
 Metaspace       used 40356K, capacity 41203K, committed 41424K, reserved 1085440K
  class space    used 5176K, capacity 5491K, committed 5504K, reserved 1048576K
}
Event: 6.688 GC heap before
{Heap before GC invocations=8 (full 0):
 garbage-first heap   total 129024K, used 84380K [0x0000000080000000, 0x0000000100000000)
  region size 1024K, 66 young (67584K), 7 survivors (7168K)
 Metaspace       used 43327K, capacity 44284K, committed 44496K, reserved 1087488K
  class space    used 5554K, capacity 5898K, committed 6016K, reserved 1048576K
}
Event: 6.700 GC heap after
{Heap after GC invocations=9 (full 0):
 garbage-first heap   total 129024K, used 32466K [0x0000000080000000, 0x0000000100000000)
  region size 1024K, 9 young (9216K), 9 survivors (9216K)
 Metaspace       used 43327K, capacity 44284K, committed 44496K, reserved 1087488K
  class space    used 5554K, capacity 5898K, committed 6016K, reserved 1048576K
}
Event: 7.615 GC heap before
{Heap before GC invocations=9 (full 0):
 garbage-first heap   total 129024K, used 88786K [0x0000000080000000, 0x0000000100000000)
  region size 1024K, 63 young (64512K), 9 survivors (9216K)
 Metaspace       used 50723K, capacity 52066K, committed 52432K, reserved 1095680K
  class space    used 6478K, capacity 6928K, committed 7040K, reserved 1048576K
}
Event: 7.627 GC heap after
{Heap after GC invocations=10 (full 0):
 garbage-first heap   total 155648K, used 39650K [0x0000000080000000, 0x0000000100000000)
  region size 1024K, 5 young (5120K), 5 survivors (5120K)
 Metaspace       used 50723K, capacity 52066K, committed 52432K, reserved 1095680K
  class space    used 6478K, capacity 6928K, committed 7040K, reserved 1048576K
}
Event: 8.968 GC heap before
{Heap before GC invocations=10 (full 0):
 garbage-first heap   total 155648K, used 103138K [0x0000000080000000, 0x0000000100000000)
  region size 1024K, 67 young (68608K), 5 survivors (5120K)
 Metaspace       used 58814K, capacity 60176K, committed 60240K, reserved 1101824K
  class space    used 7421K, capacity 7917K, committed 7936K, reserved 1048576K
}
Event: 8.986 GC heap after
{Heap after GC invocations=11 (full 0):
 garbage-first heap   total 155648K, used 44249K [0x0000000080000000, 0x0000000100000000)
  region size 1024K, 10 young (10240K), 10 survivors (10240K)
 Metaspace       used 58814K, capacity 60176K, committed 60240K, reserved 1101824K
  class space    used 7421K, capacity 7917K, committed 7936K, reserved 1048576K
}
Event: 10.169 GC heap before
{Heap before GC invocations=12 (full 0):
 garbage-first heap   total 155648K, used 111833K [0x0000000080000000, 0x0000000100000000)
  region size 1024K, 76 young (77824K), 10 survivors (10240K)
 Metaspace       used 62728K, capacity 64341K, committed 64464K, reserved 1105920K
  class space    used 8017K, capacity 8564K, committed 8576K, reserved 1048576K
}
Event: 10.184 GC heap after
{Heap after GC invocations=13 (full 0):
 garbage-first heap   total 155648K, used 50001K [0x0000000080000000, 0x0000000100000000)
  region size 1024K, 10 young (10240K), 10 survivors (10240K)
 Metaspace       used 62728K, capacity 64341K, committed 64464K, reserved 1105920K
  class space    used 8017K, capacity 8564K, committed 8576K, reserved 1048576K
}
Event: 11.421 GC heap before
{Heap before GC invocations=13 (full 0):
 garbage-first heap   total 155648K, used 115537K [0x0000000080000000, 0x0000000100000000)
  region size 1024K, 74 young (75776K), 10 survivors (10240K)
 Metaspace       used 66126K, capacity 67993K, committed 68176K, reserved 1107968K
  class space    used 8528K, capacity 9205K, committed 9216K, reserved 1048576K
}
Event: 11.437 GC heap after
{Heap after GC invocations=14 (full 0):
 garbage-first heap   total 155648K, used 57054K [0x0000000080000000, 0x0000000100000000)
  region size 1024K, 7 young (7168K), 7 survivors (7168K)
 Metaspace       used 66126K, capacity 67993K, committed 68176K, reserved 1107968K
  class space    used 8528K, capacity 9205K, committed 9216K, reserved 1048576K
}
Event: 13.137 GC heap before
{Heap before GC invocations=14 (full 0):
 garbage-first heap   total 155648K, used 118494K [0x0000000080000000, 0x0000000100000000)
  region size 1024K, 67 young (68608K), 7 survivors (7168K)
 Metaspace       used 68641K, capacity 70631K, committed 70864K, reserved 1110016K
  class space    used 8791K, capacity 9492K, committed 9600K, reserved 1048576K
}

Deoptimization events (20 events):
Event: 12.879 Thread 0x000001f9f73bc800 Uncommon trap: trap_request=0xffffff4d fr.pc=0x000001f9e6089478 relative=0x00000000000002b8
Event: 12.879 Thread 0x000001f9f73bc800 Uncommon trap: reason=unstable_if action=reinterpret pc=0x000001f9e6089478 method=java.util.HashMap.getNode(ILjava/lang/Object;)Ljava/util/HashMap$Node; @ 84 c2
Event: 12.879 Thread 0x000001f9f73bc800 DEOPT PACKING pc=0x000001f9e6089478 sp=0x00000046563f9150
Event: 12.879 Thread 0x000001f9f73bc800 DEOPT UNPACKING pc=0x000001f9de2878af sp=0x00000046563f9070 mode 2
Event: 12.879 Thread 0x000001f9f73bc800 Uncommon trap: trap_request=0xffffff4d fr.pc=0x000001f9e5eb7de0 relative=0x00000000000001a0
Event: 12.879 Thread 0x000001f9f73bc800 Uncommon trap: reason=unstable_if action=reinterpret pc=0x000001f9e5eb7de0 method=java.util.HashMap.getNode(ILjava/lang/Object;)Ljava/util/HashMap$Node; @ 84 c2
Event: 12.879 Thread 0x000001f9f73bc800 DEOPT PACKING pc=0x000001f9e5eb7de0 sp=0x00000046563f90f0
Event: 12.879 Thread 0x000001f9f73bc800 DEOPT UNPACKING pc=0x000001f9de2878af sp=0x00000046563f9078 mode 2
Event: 12.909 Thread 0x000001f9f73bc800 Uncommon trap: trap_request=0xffffff4d fr.pc=0x000001f9e5ef059c relative=0x00000000000000fc
Event: 12.909 Thread 0x000001f9f73bc800 Uncommon trap: reason=unstable_if action=reinterpret pc=0x000001f9e5ef059c method=java.io.WinNTFileSystem.normalize(Ljava/lang/String;)Ljava/lang/String; @ 74 c2
Event: 12.909 Thread 0x000001f9f73bc800 DEOPT PACKING pc=0x000001f9e5ef059c sp=0x00000046563f92a0
Event: 12.909 Thread 0x000001f9f73bc800 DEOPT UNPACKING pc=0x000001f9de2878af sp=0x00000046563f9278 mode 2
Event: 12.909 Thread 0x000001f9f73bc800 Uncommon trap: trap_request=0xffffff4d fr.pc=0x000001f9e5f13484 relative=0x0000000000001724
Event: 12.909 Thread 0x000001f9f73bc800 Uncommon trap: reason=unstable_if action=reinterpret pc=0x000001f9e5f13484 method=java.io.WinNTFileSystem.normalize(Ljava/lang/String;II)Ljava/lang/String; @ 100 c2
Event: 12.909 Thread 0x000001f9f73bc800 DEOPT PACKING pc=0x000001f9e5f13484 sp=0x00000046563f91d0
Event: 12.909 Thread 0x000001f9f73bc800 DEOPT UNPACKING pc=0x000001f9de2878af sp=0x00000046563f91d8 mode 2
Event: 12.918 Thread 0x000001f9f73bc800 Uncommon trap: trap_request=0xffffff4d fr.pc=0x000001f9e6125130 relative=0x00000000000005b0
Event: 12.918 Thread 0x000001f9f73bc800 Uncommon trap: reason=unstable_if action=reinterpret pc=0x000001f9e6125130 method=java.lang.reflect.AccessibleObject.verifyAccess(Ljava/lang/Class;Ljava/lang/Class;Ljava/lang/Class;I)Z @ 14 c2
Event: 12.918 Thread 0x000001f9f73bc800 DEOPT PACKING pc=0x000001f9e6125130 sp=0x00000046563fb930
Event: 12.918 Thread 0x000001f9f73bc800 DEOPT UNPACKING pc=0x000001f9de2878af sp=0x00000046563fb820 mode 2

Classes redefined (0 events):
No events

Internal exceptions (20 events):
Event: 12.661 Thread 0x000001f9f73bc800 Implicit null exception at 0x000001f9df55c5af to 0x000001f9df55cbfb
Event: 12.661 Thread 0x000001f9f73bc800 Exception <a 'java/lang/NullPointerException'{0x0000000086c49de0}> (0x0000000086c49de0) thrown at [./src/hotspot/share/runtime/sharedRuntime.cpp, line 585]
Event: 12.661 Thread 0x000001f9f73bc800 Implicit null exception at 0x000001f9df55c5af to 0x000001f9df55cbfb
Event: 12.661 Thread 0x000001f9f73bc800 Exception <a 'java/lang/NullPointerException'{0x0000000086c4bd18}> (0x0000000086c4bd18) thrown at [./src/hotspot/share/runtime/sharedRuntime.cpp, line 585]
Event: 12.661 Thread 0x000001f9f73bc800 Implicit null exception at 0x000001f9df55c5af to 0x000001f9df55cbfb
Event: 12.661 Thread 0x000001f9f73bc800 Exception <a 'java/lang/NullPointerException'{0x0000000086c4dc58}> (0x0000000086c4dc58) thrown at [./src/hotspot/share/runtime/sharedRuntime.cpp, line 585]
Event: 12.661 Thread 0x000001f9f73bc800 Implicit null exception at 0x000001f9df55c5af to 0x000001f9df55cbfb
Event: 12.661 Thread 0x000001f9f73bc800 Exception <a 'java/lang/NullPointerException'{0x0000000086c4fc18}> (0x0000000086c4fc18) thrown at [./src/hotspot/share/runtime/sharedRuntime.cpp, line 585]
Event: 12.661 Thread 0x000001f9f73bc800 Implicit null exception at 0x000001f9df55c5af to 0x000001f9df55cbfb
Event: 12.661 Thread 0x000001f9f73bc800 Exception <a 'java/lang/NullPointerException'{0x0000000086c51bd8}> (0x0000000086c51bd8) thrown at [./src/hotspot/share/runtime/sharedRuntime.cpp, line 585]
Event: 12.661 Thread 0x000001f9f73bc800 Implicit null exception at 0x000001f9df55c5af to 0x000001f9df55cbfb
Event: 12.662 Thread 0x000001f9f73bc800 Exception <a 'java/lang/NullPointerException'{0x0000000086c53af0}> (0x0000000086c53af0) thrown at [./src/hotspot/share/runtime/sharedRuntime.cpp, line 585]
Event: 12.662 Thread 0x000001f9f73bc800 Implicit null exception at 0x000001f9df55c5af to 0x000001f9df55cbfb
Event: 12.662 Thread 0x000001f9f73bc800 Exception <a 'java/lang/NullPointerException'{0x0000000086c559b0}> (0x0000000086c559b0) thrown at [./src/hotspot/share/runtime/sharedRuntime.cpp, line 585]
Event: 12.662 Thread 0x000001f9f73bc800 Implicit null exception at 0x000001f9df55c5af to 0x000001f9df55cbfb
Event: 12.662 Thread 0x000001f9f73bc800 Exception <a 'java/lang/NullPointerException'{0x0000000086c57900}> (0x0000000086c57900) thrown at [./src/hotspot/share/runtime/sharedRuntime.cpp, line 585]
Event: 12.708 Thread 0x000001f9f73bc800 Implicit null exception at 0x000001f9df55c5af to 0x000001f9df55cbfb
Event: 12.708 Thread 0x000001f9f73bc800 Exception <a 'java/lang/NullPointerException'{0x0000000086b45d08}> (0x0000000086b45d08) thrown at [./src/hotspot/share/runtime/sharedRuntime.cpp, line 585]
Event: 12.708 Thread 0x000001f9f73bc800 Implicit null exception at 0x000001f9df55c5af to 0x000001f9df55cbfb
Event: 12.708 Thread 0x000001f9f73bc800 Exception <a 'java/lang/NullPointerException'{0x0000000086b47c58}> (0x0000000086b47c58) thrown at [./src/hotspot/share/runtime/sharedRuntime.cpp, line 585]

Events (20 events):
Event: 13.123 loading class com/android/builder/model/SyncIssue done
Event: 13.125 loading class com/android/builder/sdk/SdkLibData
Event: 13.125 loading class com/android/builder/sdk/SdkLibData done
Event: 13.126 loading class com/android/build/gradle/internal/SdkLibDataFactory
Event: 13.126 loading class com/android/build/gradle/internal/SdkLibDataFactory done
Event: 13.127 loading class com/android/repository/impl/downloader/LocalFileAwareDownloader
Event: 13.127 loading class com/android/repository/impl/downloader/LocalFileAwareDownloader done
Event: 13.128 loading class com/android/repository/api/Downloader
Event: 13.128 loading class com/android/repository/api/Downloader done
Event: 13.129 loading class com/android/sdklib/repository/legacy/LegacyDownloader
Event: 13.129 loading class com/android/sdklib/repository/legacy/LegacyDownloader done
Event: 13.131 loading class com/android/repository/io/FileOpUtils
Event: 13.131 loading class com/android/repository/io/FileOpUtils done
Event: 13.132 loading class com/android/repository/io/FileOp
Event: 13.132 loading class com/android/repository/io/FileOp done
Event: 13.134 loading class com/android/repository/io/impl/FileOpImpl
Event: 13.134 loading class com/android/repository/io/impl/FileOpImpl done
Event: 13.136 loading class com/android/repository/io/impl/FileSystemFileOp
Event: 13.136 loading class com/android/repository/io/impl/FileSystemFileOp done
Event: 13.136 Executing VM operation: G1CollectForAllocation


Dynamic libraries:
0x00007ff6b1a40000 - 0x00007ff6b1a4a000 	C:\Program Files\Android\Android Studio3\jre\bin\java.exe
0x00007ffae8900000 - 0x00007ffae8b0f000 	C:\WINDOWS\SYSTEM32\ntdll.dll
0x00007ffae7cf0000 - 0x00007ffae7dad000 	C:\WINDOWS\System32\KERNEL32.DLL
0x00007ffae62a0000 - 0x00007ffae6626000 	C:\WINDOWS\System32\KERNELBASE.dll
0x00007ffae6030000 - 0x00007ffae6141000 	C:\WINDOWS\System32\ucrtbase.dll
0x00007ffae3550000 - 0x00007ffae3569000 	C:\Program Files\Android\Android Studio3\jre\bin\jli.dll
0x00007ffae34d0000 - 0x00007ffae34e7000 	C:\Program Files\Android\Android Studio3\jre\bin\VCRUNTIME140.dll
0x00007ffae72d0000 - 0x00007ffae747b000 	C:\WINDOWS\System32\USER32.dll
0x00007ffad3740000 - 0x00007ffad39e1000 	C:\WINDOWS\WinSxS\amd64_microsoft.windows.common-controls_6595b64144ccf1df_6.0.22468.1000_none_266f4f372a53a5e7\COMCTL32.dll
0x00007ffae6000000 - 0x00007ffae6026000 	C:\WINDOWS\System32\win32u.dll
0x00007ffae7580000 - 0x00007ffae7624000 	C:\WINDOWS\System32\msvcrt.dll
0x00007ffae7bb0000 - 0x00007ffae7bd9000 	C:\WINDOWS\System32\GDI32.dll
0x00007ffae5dd0000 - 0x00007ffae5ee7000 	C:\WINDOWS\System32\gdi32full.dll
0x00007ffae5f60000 - 0x00007ffae5ffb000 	C:\WINDOWS\System32\msvcp_win.dll
0x00007ffae7540000 - 0x00007ffae7571000 	C:\WINDOWS\System32\IMM32.DLL
0x00007ffad40f0000 - 0x00007ffad418d000 	C:\Program Files\Android\Android Studio3\jre\bin\msvcp140.dll
0x00007ffa81be0000 - 0x00007ffa826af000 	C:\Program Files\Android\Android Studio3\jre\bin\server\jvm.dll
0x00007ffae7810000 - 0x00007ffae78be000 	C:\WINDOWS\System32\ADVAPI32.dll
0x00007ffae7770000 - 0x00007ffae780f000 	C:\WINDOWS\System32\sechost.dll
0x00007ffae7a90000 - 0x00007ffae7bb0000 	C:\WINDOWS\System32\RPCRT4.dll
0x00007ffae7a50000 - 0x00007ffae7a58000 	C:\WINDOWS\System32\PSAPI.DLL
0x00007ffadaa40000 - 0x00007ffadaa73000 	C:\WINDOWS\SYSTEM32\WINMM.dll
0x00007ffad0ef0000 - 0x00007ffad0ef9000 	C:\WINDOWS\SYSTEM32\WSOCK32.dll
0x00007ffae20c0000 - 0x00007ffae20ca000 	C:\WINDOWS\SYSTEM32\VERSION.dll
0x00007ffae7be0000 - 0x00007ffae7c51000 	C:\WINDOWS\System32\WS2_32.dll
0x00007ffae4f90000 - 0x00007ffae4fa8000 	C:\WINDOWS\SYSTEM32\kernel.appcore.dll
0x00007ffae3740000 - 0x00007ffae3751000 	C:\Program Files\Android\Android Studio3\jre\bin\verify.dll
0x00007ffade2c0000 - 0x00007ffade4e7000 	C:\WINDOWS\SYSTEM32\DBGHELP.DLL
0x00007ffae6f50000 - 0x00007ffae72cc000 	C:\WINDOWS\System32\combase.dll
0x00007ffade280000 - 0x00007ffade2b1000 	C:\WINDOWS\SYSTEM32\dbgcore.DLL
0x00007ffae6150000 - 0x00007ffae61d1000 	C:\WINDOWS\System32\bcryptPrimitives.dll
0x00007ffae2f80000 - 0x00007ffae2fa9000 	C:\Program Files\Android\Android Studio3\jre\bin\java.dll
0x00007ffae36f0000 - 0x00007ffae36fb000 	C:\Program Files\Android\Android Studio3\jre\bin\jimage.dll
0x00007ffae3690000 - 0x00007ffae36a8000 	C:\Program Files\Android\Android Studio3\jre\bin\zip.dll
0x00007ffae67a0000 - 0x00007ffae6f4b000 	C:\WINDOWS\System32\SHELL32.dll
0x00007ffae3e30000 - 0x00007ffae468c000 	C:\WINDOWS\SYSTEM32\windows.storage.dll
0x00007ffae3cc0000 - 0x00007ffae3e28000 	C:\WINDOWS\SYSTEM32\wintypes.dll
0x00007ffae86e0000 - 0x00007ffae87d0000 	C:\WINDOWS\System32\SHCORE.dll
0x00007ffae7c90000 - 0x00007ffae7ceb000 	C:\WINDOWS\System32\shlwapi.dll
0x00007ffae5d00000 - 0x00007ffae5d21000 	C:\WINDOWS\SYSTEM32\profapi.dll
0x00007ffade230000 - 0x00007ffade24a000 	C:\Program Files\Android\Android Studio3\jre\bin\net.dll
0x00007ffadf020000 - 0x00007ffadf130000 	C:\WINDOWS\SYSTEM32\WINHTTP.dll
0x00007ffae53e0000 - 0x00007ffae5449000 	C:\WINDOWS\system32\mswsock.dll
0x00007ffade210000 - 0x00007ffade224000 	C:\Program Files\Android\Android Studio3\jre\bin\nio.dll
0x00007ffac53e0000 - 0x00007ffac5407000 	C:\Users\xpmkm\.gradle\native\f6784746aeab05261644944871eae4fe03e0ef1612fff0a4a95f87b438bc6780\windows-amd64\native-platform.dll
0x00007ffae3670000 - 0x00007ffae367a000 	C:\Program Files\Android\Android Studio3\jre\bin\management.dll
0x00007ffae2f70000 - 0x00007ffae2f7c000 	C:\Program Files\Android\Android Studio3\jre\bin\management_ext.dll
0x00007ffae5630000 - 0x00007ffae5648000 	C:\WINDOWS\SYSTEM32\CRYPTSP.dll
0x00007ffae4ef0000 - 0x00007ffae4f25000 	C:\WINDOWS\system32\rsaenh.dll
0x00007ffae54e0000 - 0x00007ffae5509000 	C:\WINDOWS\SYSTEM32\USERENV.dll
0x00007ffae57b0000 - 0x00007ffae57d8000 	C:\WINDOWS\SYSTEM32\bcrypt.dll
0x00007ffae5650000 - 0x00007ffae565c000 	C:\WINDOWS\SYSTEM32\CRYPTBASE.dll
0x00007ffae4970000 - 0x00007ffae499d000 	C:\WINDOWS\SYSTEM32\IPHLPAPI.DLL
0x00007ffae7a60000 - 0x00007ffae7a69000 	C:\WINDOWS\System32\NSI.dll
0x00007ffae3130000 - 0x00007ffae3149000 	C:\WINDOWS\SYSTEM32\dhcpcsvc6.DLL
0x00007ffae3110000 - 0x00007ffae312e000 	C:\WINDOWS\SYSTEM32\dhcpcsvc.DLL
0x00007ffae49a0000 - 0x00007ffae4a91000 	C:\WINDOWS\SYSTEM32\DNSAPI.dll
0x00007ffae31c0000 - 0x00007ffae31cc000 	C:\WINDOWS\SYSTEM32\WINNSI.DLL

dbghelp: loaded successfully - version: 4.0.5 - missing functions: none
symbol engine: initialized successfully - sym options: 0x614 - pdb path: .;C:\Program Files\Android\Android Studio3\jre\bin;C:\WINDOWS\SYSTEM32;C:\WINDOWS\WinSxS\amd64_microsoft.windows.common-controls_6595b64144ccf1df_6.0.22468.1000_none_266f4f372a53a5e7;C:\Program Files\Android\Android Studio3\jre\bin\server;C:\Users\xpmkm\.gradle\native\f6784746aeab05261644944871eae4fe03e0ef1612fff0a4a95f87b438bc6780\windows-amd64

VM Arguments:
jvm_args: --add-opens=java.base/java.util=ALL-UNNAMED --add-opens=java.base/java.lang=ALL-UNNAMED --add-opens=java.base/java.lang.invoke=ALL-UNNAMED --add-opens=java.prefs/java.util.prefs=ALL-UNNAMED -Xmx2048m -Dfile.encoding=UTF-8 -Duser.country=IN -Duser.language=en -Duser.variant 
java_command: org.gradle.launcher.daemon.bootstrap.GradleDaemon 6.5
java_class_path (initial): C:\Users\xpmkm\.gradle\wrapper\dists\gradle-6.5-bin\6nifqtx7604sqp1q6g8wikw7p\gradle-6.5\lib\gradle-launcher-6.5.jar
Launcher Type: SUN_STANDARD

[Global flags]
     intx CICompilerCount                          = 4                                         {product} {ergonomic}
     uint ConcGCThreads                            = 2                                         {product} {ergonomic}
     uint G1ConcRefinementThreads                  = 8                                         {product} {ergonomic}
   size_t G1HeapRegionSize                         = 1048576                                   {product} {ergonomic}
    uintx GCDrainStackTargetSize                   = 64                                        {product} {ergonomic}
   size_t InitialHeapSize                          = 132120576                                 {product} {ergonomic}
   size_t MarkStackSize                            = 4194304                                   {product} {ergonomic}
   size_t MaxHeapSize                              = 2147483648                                {product} {command line}
   size_t MaxNewSize                               = 1287651328                                {product} {ergonomic}
   size_t MinHeapDeltaBytes                        = 1048576                                   {product} {ergonomic}
    uintx NonNMethodCodeHeapSize                   = 5836300                                {pd product} {ergonomic}
    uintx NonProfiledCodeHeapSize                  = 122910970                              {pd product} {ergonomic}
    uintx ProfiledCodeHeapSize                     = 122910970                              {pd product} {ergonomic}
    uintx ReservedCodeCacheSize                    = 251658240                              {pd product} {ergonomic}
     bool SegmentedCodeCache                       = true                                      {product} {ergonomic}
     bool UseCompressedClassPointers               = true                                 {lp64_product} {ergonomic}
     bool UseCompressedOops                        = true                                 {lp64_product} {ergonomic}
     bool UseG1GC                                  = true                                      {product} {ergonomic}
     bool UseLargePagesIndividualAllocation        = false                                  {pd product} {ergonomic}

Logging:
Log output configuration:
 #0: stdout all=warning uptime,level,tags
 #1: stderr all=off uptime,level,tags

Environment Variables:
PATH=C:\Program Files (x86)\Common Files\Oracle\Java\javapath;C:\WINDOWS\system32;C:\WINDOWS;C:\WINDOWS\System32\Wbem;C:\WINDOWS\System32\WindowsPowerShell\v1.0\;C:\WINDOWS\System32\OpenSSH\;C:\Program Files\Git\cmd;C:\Program Files\nodejs\;C:\xampp\php;C:\ProgramData\ComposerSetup\bin;C:\Users\xpmkm\AppData\Local\Android\Sdk\platform-tools;C:\Program Files\Java\jdk1.8.0_231\bin;C:\Program Files\opnsl\bin;C:\Users\xpmkm\AppData\Roaming\npm;C:\Users\xpmkm\AppData\Local\Programs\Microsoft VS Code\bin;C:\Program Files\flutter\bin;C:\Users\xpmkm\AppData\Roaming\Composer\vendor\bin;C:\Users\xpmkm\AppData\Local\Microsoft\WindowsApps;
USERNAME=xpmkm
OS=Windows_NT
PROCESSOR_IDENTIFIER=AMD64 Family 23 Model 24 Stepping 1, AuthenticAMD



---------------  S Y S T E M  ---------------

OS: Windows 10 , 64 bit Build 22468 (10.0.22468.1000)
OS uptime: 0 days 20:21 hours

CPU:total 8 (initial active 8) (8 cores per cpu, 2 threads per core) family 23 model 24 stepping 1 microcode 0x0, cmov, cx8, fxsr, mmx, sse, sse2, sse3, ssse3, sse4.1, sse4.2, popcnt, avx, avx2, aes, clmul, mmxext, 3dnowpref, lzcnt, sse4a, ht, tsc, tscinvbit, tscinv, bmi1, bmi2, adx, s

Memory: 4k page, system-wide physical 8002M (830M free)
TotalPageFile size 12098M (AvailPageFile size 26M)
current process WorkingSet (physical memory assigned to process): 393M, peak: 395M
current process commit charge ("private bytes"): 430M, peak: 459M

vm_info: OpenJDK 64-Bit Server VM (11.0.10+0-b96-7249189) for windows-amd64 JRE (11.0.10+0-b96-7249189), built on Mar 31 2021 21:44:00 by "builder" with MS VC++ 14.0 (VS2015)

END.
