#
# There is insufficient memory for the Java Runtime Environment to continue.
# Native memory allocation (mmap) failed to map 58720256 bytes for Failed to commit area from 0x0000000091400000 to 0x0000000094c00000 of length 58720256.
# Possible reasons:
#   The system is out of physical RAM or swap space
#   The process is running with CompressedOops enabled, and the Java Heap may be blocking the growth of the native heap
# Possible solutions:
#   Reduce memory load on the system
#   Increase physical memory or swap space
#   Check if swap backing store is full
#   Decrease Java heap size (-Xmx/-Xms)
#   Decrease number of Java threads
#   Decrease Java thread stack sizes (-Xss)
#   Set larger code cache with -XX:ReservedCodeCacheSize=
#   JVM is running with Unscaled Compressed Oops mode in which the Java heap is
#     placed in the first 4GB address space. The Java Heap base address is the
#     maximum limit for the native heap growth. Please use -XX:HeapBaseMinAddress
#     to set the Java Heap base and to place the Java Heap above 4GB virtual address.
# This output file may be truncated or incomplete.
#
#  Out of Memory Error (./src/hotspot/os/windows/os_windows.cpp:3301), pid=8372, tid=16508
#
# JRE version: OpenJDK Runtime Environment (11.0.10) (build 11.0.10+0-b96-7249189)
# Java VM: OpenJDK 64-Bit Server VM (11.0.10+0-b96-7249189, mixed mode, tiered, compressed oops, g1 gc, windows-amd64)
# No core dump will be written. Minidumps are not enabled by default on client versions of Windows
#

---------------  S U M M A R Y ------------

Command Line: --add-opens=java.base/java.util=ALL-UNNAMED --add-opens=java.base/java.lang=ALL-UNNAMED --add-opens=java.base/java.lang.invoke=ALL-UNNAMED --add-opens=java.base/java.util=ALL-UNNAMED --add-opens=java.prefs/java.util.prefs=ALL-UNNAMED --add-opens=java.prefs/java.util.prefs=ALL-UNNAMED --add-opens=java.base/java.nio.charset=ALL-UNNAMED --add-opens=java.base/java.net=ALL-UNNAMED --add-opens=java.base/java.util.concurrent.atomic=ALL-UNNAMED -Xmx2048m -Dfile.encoding=UTF-8 -Duser.country=IN -Duser.language=en -Duser.variant org.gradle.launcher.daemon.bootstrap.GradleDaemon 7.0.2

Host: AMD Ryzen 5 3550H with Radeon Vega Mobile Gfx  , 8 cores, 7G,  Windows 10 , 64 bit Build 22468 (10.0.22468.1000)
Time: Wed Oct  6 11:55:03 2021 India Standard Time elapsed time: 31.554633 seconds (0d 0h 0m 31s)

---------------  T H R E A D  ---------------

Current thread (0x0000021ca41f7800):  VMThread "VM Thread" [stack: 0x0000007f7b200000,0x0000007f7b300000] [id=16508]

Stack: [0x0000007f7b200000,0x0000007f7b300000]
[error occurred during error reporting (printing stack bounds), id 0xc0000005, EXCEPTION_ACCESS_VIOLATION (0xc0000005) at pc=0x0000021c8d870f2d]

Native frames: (J=compiled Java code, j=interpreted, Vv=VM code, C=native code)
V  [jvm.dll+0x5ecfaa]
V  [jvm.dll+0x722bd5]
V  [jvm.dll+0x72412d]
V  [jvm.dll+0x724745]
V  [jvm.dll+0x7246fb]
V  [jvm.dll+0x5ec348]
V  [jvm.dll+0x5ecad8]
C  [ntdll.dll+0xa623f]
C  [ntdll.dll+0x65ea9]
C  [ntdll.dll+0xa522e]
C  0x0000021c8d870f2d

VM_Operation (0x0000007f7e6f9f10): G1CollectForAllocation, mode: safepoint, requested by thread 0x0000021ca86c2000


---------------  P R O C E S S  ---------------

Threads class SMR info:
_java_thread_list=0x0000021ca857f0a0, length=50, elements={
0x0000021c89d95000, 0x0000021ca41fc800, 0x0000021ca4208000, 0x0000021ca4217800,
0x0000021ca421a800, 0x0000021ca421c000, 0x0000021ca4b62800, 0x0000021ca4b70800,
0x0000021ca4b7b000, 0x0000021ca4cda800, 0x0000021ca7007000, 0x0000021ca7854800,
0x0000021ca4dee800, 0x0000021ca72da800, 0x0000021ca6ad7800, 0x0000021ca6ba4000,
0x0000021ca6ba5000, 0x0000021ca74ed800, 0x0000021ca6f31800, 0x0000021ca73f4800,
0x0000021ca73f2000, 0x0000021ca73f3800, 0x0000021ca73f2800, 0x0000021ca7c12800,
0x0000021ca7c0e000, 0x0000021ca7c13000, 0x0000021ca7c0f000, 0x0000021ca7c0d800,
0x0000021ca7c10000, 0x0000021ca7c14000, 0x0000021ca7c16800, 0x0000021ca7c11800,
0x0000021ca7c14800, 0x0000021ca7c15800, 0x0000021ca7c10800, 0x0000021ca7c1c000,
0x0000021ca7c17000, 0x0000021ca7c18000, 0x0000021ca7c1a800, 0x0000021ca7c1b000,
0x0000021ca86c3800, 0x0000021ca86c1000, 0x0000021ca86c2000, 0x0000021ca86be800,
0x0000021ca86c5000, 0x0000021ca86bf800, 0x0000021ca86c4800, 0x0000021ca86c6000,
0x0000021ca86c0000, 0x0000021ca86c2800
}

Java Threads: ( => current thread )
  0x0000021c89d95000 JavaThread "main" [_thread_blocked, id=4336, stack(0x0000007f7ac00000,0x0000007f7ad00000)]
  0x0000021ca41fc800 JavaThread "Reference Handler" daemon [_thread_blocked, id=7916, stack(0x0000007f7b300000,0x0000007f7b400000)]
  0x0000021ca4208000 JavaThread "Finalizer" daemon [_thread_blocked, id=9904, stack(0x0000007f7b400000,0x0000007f7b500000)]
  0x0000021ca4217800 JavaThread "Signal Dispatcher" daemon [_thread_blocked, id=3140, stack(0x0000007f7b500000,0x0000007f7b600000)]
  0x0000021ca421a800 JavaThread "Attach Listener" daemon [_thread_blocked, id=18304, stack(0x0000007f7b600000,0x0000007f7b700000)]
  0x0000021ca421c000 JavaThread "Service Thread" daemon [_thread_blocked, id=13380, stack(0x0000007f7b700000,0x0000007f7b800000)]
  0x0000021ca4b62800 JavaThread "C2 CompilerThread0" daemon [_thread_in_native, id=4028, stack(0x0000007f7b800000,0x0000007f7b900000)]
  0x0000021ca4b70800 JavaThread "C1 CompilerThread0" daemon [_thread_blocked, id=4592, stack(0x0000007f7b900000,0x0000007f7ba00000)]
  0x0000021ca4b7b000 JavaThread "Sweeper thread" daemon [_thread_blocked, id=5712, stack(0x0000007f7ba00000,0x0000007f7bb00000)]
  0x0000021ca4cda800 JavaThread "Common-Cleaner" daemon [_thread_blocked, id=5864, stack(0x0000007f7bb00000,0x0000007f7bc00000)]
  0x0000021ca7007000 JavaThread "Daemon health stats" [_thread_blocked, id=10740, stack(0x0000007f7c100000,0x0000007f7c200000)]
  0x0000021ca7854800 JavaThread "Incoming local TCP Connector on port 60509" [_thread_in_native, id=8760, stack(0x0000007f7bd00000,0x0000007f7be00000)]
  0x0000021ca4dee800 JavaThread "Daemon periodic checks" [_thread_blocked, id=8436, stack(0x0000007f7c000000,0x0000007f7c100000)]
  0x0000021ca72da800 JavaThread "Daemon" [_thread_blocked, id=8588, stack(0x0000007f7c200000,0x0000007f7c300000)]
  0x0000021ca6ad7800 JavaThread "Handler for socket connection from /127.0.0.1:60509 to /127.0.0.1:60510" [_thread_in_native, id=11752, stack(0x0000007f7c300000,0x0000007f7c400000)]
  0x0000021ca6ba4000 JavaThread "Cancel handler" [_thread_blocked, id=11992, stack(0x0000007f7c400000,0x0000007f7c500000)]
  0x0000021ca6ba5000 JavaThread "Daemon worker" [_thread_blocked, id=8228, stack(0x0000007f7c500000,0x0000007f7c600000)]
  0x0000021ca74ed800 JavaThread "Asynchronous log dispatcher for DefaultDaemonConnection: socket connection from /127.0.0.1:60509 to /127.0.0.1:60510" [_thread_blocked, id=16392, stack(0x0000007f7c600000,0x0000007f7c700000)]
  0x0000021ca6f31800 JavaThread "Stdin handler" [_thread_blocked, id=15732, stack(0x0000007f7c700000,0x0000007f7c800000)]
  0x0000021ca73f4800 JavaThread "Daemon client event forwarder" [_thread_blocked, id=12624, stack(0x0000007f7c800000,0x0000007f7c900000)]
  0x0000021ca73f2000 JavaThread "Cache worker for file hash cache (C:\Users\xpmkm\.gradle\caches\7.0.2\fileHashes)" [_thread_blocked, id=1876, stack(0x0000007f7ce00000,0x0000007f7cf00000)]
  0x0000021ca73f3800 JavaThread "File lock request listener" [_thread_in_native, id=18392, stack(0x0000007f7cf00000,0x0000007f7d000000)]
  0x0000021ca73f2800 JavaThread "Cache worker for journal cache (C:\Users\xpmkm\.gradle\caches\journal-1)" [_thread_blocked, id=8188, stack(0x0000007f7d100000,0x0000007f7d200000)]
  0x0000021ca7c12800 JavaThread "Cache worker for file hash cache (C:\Users\xpmkm\Desktop\update_code_vezilla-server\codecanyon-L2GSbXtH-dairy-products-grocery-daily-milk-delivery-mobile-app-with-subscription-customer-app-delivery\test-vezilla-android-workspace\.gradle\7.0.2\fileHashes)" [_thread_blocked, id=12128, stack(0x0000007f7d300000,0x0000007f7d400000)]
  0x0000021ca7c0e000 JavaThread "File watcher server" daemon [_thread_in_native, id=16912, stack(0x0000007f7d400000,0x0000007f7d500000)]
  0x0000021ca7c13000 JavaThread "File watcher consumer" daemon [_thread_blocked, id=18076, stack(0x0000007f7d500000,0x0000007f7d600000)]
  0x0000021ca7c0f000 JavaThread "jar transforms" [_thread_blocked, id=3240, stack(0x0000007f7d600000,0x0000007f7d700000)]
  0x0000021ca7c0d800 JavaThread "jar transforms Thread 2" [_thread_blocked, id=452, stack(0x0000007f7d700000,0x0000007f7d800000)]
  0x0000021ca7c10000 JavaThread "jar transforms Thread 3" [_thread_blocked, id=7820, stack(0x0000007f7d800000,0x0000007f7d900000)]
  0x0000021ca7c14000 JavaThread "jar transforms Thread 4" [_thread_blocked, id=4808, stack(0x0000007f7d900000,0x0000007f7da00000)]
  0x0000021ca7c16800 JavaThread "jar transforms Thread 5" [_thread_blocked, id=9596, stack(0x0000007f7da00000,0x0000007f7db00000)]
  0x0000021ca7c11800 JavaThread "jar transforms Thread 6" [_thread_blocked, id=16728, stack(0x0000007f7db00000,0x0000007f7dc00000)]
  0x0000021ca7c14800 JavaThread "jar transforms Thread 7" [_thread_blocked, id=6616, stack(0x0000007f7dc00000,0x0000007f7dd00000)]
  0x0000021ca7c15800 JavaThread "jar transforms Thread 8" [_thread_blocked, id=4196, stack(0x0000007f7dd00000,0x0000007f7de00000)]
  0x0000021ca7c10800 JavaThread "Cache worker for checksums cache (C:\Users\xpmkm\Desktop\update_code_vezilla-server\codecanyon-L2GSbXtH-dairy-products-grocery-daily-milk-delivery-mobile-app-with-subscription-customer-app-delivery\test-vezilla-android-workspace\.gradle\checksums)" [_thread_blocked, id=8304, stack(0x0000007f7de00000,0x0000007f7df00000)]
  0x0000021ca7c1c000 JavaThread "Cache worker for cache directory md-supplier (C:\Users\xpmkm\.gradle\caches\7.0.2\md-supplier)" [_thread_blocked, id=11328, stack(0x0000007f7df00000,0x0000007f7e000000)]
  0x0000021ca7c17000 JavaThread "Cache worker for cache directory md-rule (C:\Users\xpmkm\.gradle\caches\7.0.2\md-rule)" [_thread_blocked, id=10924, stack(0x0000007f7e000000,0x0000007f7e100000)]
  0x0000021ca7c18000 JavaThread "Cache worker for execution history cache (C:\Users\xpmkm\.gradle\caches\7.0.2\executionHistory)" [_thread_blocked, id=2032, stack(0x0000007f7e100000,0x0000007f7e200000)]
  0x0000021ca7c1a800 JavaThread "Cache worker for file content cache (C:\Users\xpmkm\.gradle\caches\7.0.2\fileContent)" [_thread_blocked, id=12740, stack(0x0000007f7e200000,0x0000007f7e300000)]
  0x0000021ca7c1b000 JavaThread "Cache worker for dependencies-accessors (C:\Users\xpmkm\Desktop\update_code_vezilla-server\codecanyon-L2GSbXtH-dairy-products-grocery-daily-milk-delivery-mobile-app-with-subscription-customer-app-delivery\test-vezilla-android-workspace\.gradle\7.0.2\dependencies-accessors)" [_thread_blocked, id=14096, stack(0x0000007f7e300000,0x0000007f7e400000)]
  0x0000021ca86c3800 JavaThread "Cache worker for Build Output Cleanup Cache (C:\Users\xpmkm\Desktop\update_code_vezilla-server\codecanyon-L2GSbXtH-dairy-products-grocery-daily-milk-delivery-mobile-app-with-subscription-customer-app-delivery\test-vezilla-android-workspace\.gradle\buildOutputCleanup)" [_thread_blocked, id=13368, stack(0x0000007f7e400000,0x0000007f7e500000)]
  0x0000021ca86c1000 JavaThread "Build operations" [_thread_blocked, id=16804, stack(0x0000007f7e500000,0x0000007f7e600000)]
  0x0000021ca86c2000 JavaThread "Build operations Thread 2" [_thread_blocked, id=5316, stack(0x0000007f7e600000,0x0000007f7e700000)]
  0x0000021ca86be800 JavaThread "Build operations Thread 3" [_thread_blocked, id=13744, stack(0x0000007f7e700000,0x0000007f7e800000)]
  0x0000021ca86c5000 JavaThread "Build operations Thread 4" [_thread_blocked, id=13284, stack(0x0000007f7e800000,0x0000007f7e900000)]
  0x0000021ca86bf800 JavaThread "Build operations Thread 5" [_thread_blocked, id=2400, stack(0x0000007f7e900000,0x0000007f7ea00000)]
  0x0000021ca86c4800 JavaThread "Build operations Thread 6" [_thread_blocked, id=11404, stack(0x0000007f7ea00000,0x0000007f7eb00000)]
  0x0000021ca86c6000 JavaThread "Build operations Thread 7" [_thread_blocked, id=1412, stack(0x0000007f7eb00000,0x0000007f7ec00000)]
  0x0000021ca86c0000 JavaThread "Build operations Thread 8" [_thread_blocked, id=1696, stack(0x0000007f7ec00000,0x0000007f7ed00000)]
  0x0000021ca86c2800 JavaThread "Memory manager" [_thread_blocked, id=18216, stack(0x0000007f7ed00000,0x0000007f7ee00000)]

Other Threads:
=>0x0000021ca41f7800 VMThread "VM Thread" [stack: 0x0000007f7b200000,0x0000007f7b300000] [id=16508]
  0x0000021ca4cfe000 WatcherThread [stack: 0x0000007f7bc00000,0x0000007f7bd00000] [id=15684]
  0x0000021c89daf000 GCTaskThread "GC Thread#0" [stack: 0x0000007f7ad00000,0x0000007f7ae00000] [id=14080]
  0x0000021ca4e38000 GCTaskThread "GC Thread#1" [stack: 0x0000007f7be00000,0x0000007f7bf00000] [id=5728]
  0x0000021ca58b1000 GCTaskThread "GC Thread#2" [stack: 0x0000007f7bf00000,0x0000007f7c000000] [id=5196]
  0x0000021ca7b54000 GCTaskThread "GC Thread#3" [stack: 0x0000007f7c900000,0x0000007f7ca00000] [id=564]
  0x0000021ca6073000 GCTaskThread "GC Thread#4" [stack: 0x0000007f7ca00000,0x0000007f7cb00000] [id=18132]
  0x0000021ca70be800 GCTaskThread "GC Thread#5" [stack: 0x0000007f7cb00000,0x0000007f7cc00000] [id=17796]
  0x0000021ca606f800 GCTaskThread "GC Thread#6" [stack: 0x0000007f7cc00000,0x0000007f7cd00000] [id=10160]
  0x0000021ca772d800 GCTaskThread "GC Thread#7" [stack: 0x0000007f7cd00000,0x0000007f7ce00000] [id=17196]
  0x0000021c89de0800 ConcurrentGCThread "G1 Main Marker" [stack: 0x0000007f7ae00000,0x0000007f7af00000] [id=3912]
  0x0000021c89de2000 ConcurrentGCThread "G1 Conc#0" [stack: 0x0000007f7af00000,0x0000007f7b000000] [id=13964]
  0x0000021ca71d1800 ConcurrentGCThread "G1 Conc#1" [stack: 0x0000007f7d000000,0x0000007f7d100000] [id=14020]
  0x0000021c89e5d800 ConcurrentGCThread "G1 Refine#0" [stack: 0x0000007f7b000000,0x0000007f7b100000] [id=14272]
  0x0000021c89e5e800 ConcurrentGCThread "G1 Young RemSet Sampling" [stack: 0x0000007f7b100000,0x0000007f7b200000] [id=7064]

Threads with active compile tasks:
C2 CompilerThread0  31568 13420       4       org.objectweb.asm.ClassReader::readCode (5089 bytes)
C1 CompilerThread0  31569 13706 %     3       org.jdom2.Verifier::checkCharacterData @ 19 (209 bytes)

VM state:at safepoint (normal execution)

VM Mutex/Monitor currently owned by a thread:  ([mutex/lock_event])
[0x0000021c89d91a30] Threads_lock - owner thread: 0x0000021ca41f7800
[0x0000021c89d91520] Heap_lock - owner thread: 0x0000021ca86c2000

Heap address: 0x0000000080000000, size: 2048 MB, Compressed Oops mode: 32-bit
Narrow klass base: 0x0000000000000000, Narrow klass shift: 3
Compressed class space size: 1073741824 Address: 0x0000000100000000

Heap:
 garbage-first heap   total 339968K, used 150269K [0x0000000080000000, 0x0000000100000000)
  region size 1024K, 8 young (8192K), 8 survivors (8192K)
 Metaspace       used 97423K, capacity 100227K, committed 100352K, reserved 1136640K
  class space    used 12254K, capacity 13196K, committed 13312K, reserved 1048576K
Heap Regions: E=young(eden), S=young(survivor), O=old, HS=humongous(starts), HC=humongous(continues), CS=collection set, F=free, A=archive, TAMS=top-at-mark-start (previous, next)
|   0|0x0000000080000000, 0x0000000080100000, 0x0000000080100000|100%| O|  |TAMS 0x0000000080100000, 0x0000000080000000| Updating 
|   1|0x0000000080100000, 0x0000000080200000, 0x0000000080200000|100%| O|  |TAMS 0x0000000080200000, 0x0000000080100000| Updating 
|   2|0x0000000080200000, 0x0000000080300000, 0x0000000080300000|100%| O|  |TAMS 0x0000000080300000, 0x0000000080200000| Updating 
|   3|0x0000000080300000, 0x0000000080400000, 0x0000000080400000|100%|HS|  |TAMS 0x0000000080400000, 0x0000000080300000| Complete 
|   4|0x0000000080400000, 0x0000000080500000, 0x0000000080500000|100%|HC|  |TAMS 0x0000000080500000, 0x0000000080400000| Complete 
|   5|0x0000000080500000, 0x0000000080600000, 0x0000000080600000|100%|HC|  |TAMS 0x0000000080600000, 0x0000000080500000| Complete 
|   6|0x0000000080600000, 0x0000000080700000, 0x0000000080700000|100%| O|  |TAMS 0x0000000080700000, 0x0000000080600000| Updating 
|   7|0x0000000080700000, 0x0000000080800000, 0x0000000080800000|100%| O|  |TAMS 0x0000000080800000, 0x0000000080700000| Updating 
|   8|0x0000000080800000, 0x0000000080900000, 0x0000000080900000|100%| O|  |TAMS 0x0000000080900000, 0x0000000080800000| Updating 
|   9|0x0000000080900000, 0x0000000080a00000, 0x0000000080a00000|100%| O|  |TAMS 0x0000000080a00000, 0x0000000080900000| Updating 
|  10|0x0000000080a00000, 0x0000000080b00000, 0x0000000080b00000|100%| O|  |TAMS 0x0000000080b00000, 0x0000000080a00000| Updating 
|  11|0x0000000080b00000, 0x0000000080c00000, 0x0000000080c00000|100%| O|  |TAMS 0x0000000080c00000, 0x0000000080b00000| Updating 
|  12|0x0000000080c00000, 0x0000000080d00000, 0x0000000080d00000|100%| O|  |TAMS 0x0000000080d00000, 0x0000000080c00000| Updating 
|  13|0x0000000080d00000, 0x0000000080e00000, 0x0000000080e00000|100%| O|  |TAMS 0x0000000080e00000, 0x0000000080d00000| Updating 
|  14|0x0000000080e00000, 0x0000000080f00000, 0x0000000080f00000|100%| O|  |TAMS 0x0000000080f00000, 0x0000000080e00000| Updating 
|  15|0x0000000080f00000, 0x0000000081000000, 0x0000000081000000|100%| O|  |TAMS 0x0000000081000000, 0x0000000080f00000| Updating 
|  16|0x0000000081000000, 0x0000000081100000, 0x0000000081100000|100%|HS|  |TAMS 0x0000000081100000, 0x0000000081000000| Complete 
|  17|0x0000000081100000, 0x0000000081200000, 0x0000000081200000|100%|HC|  |TAMS 0x0000000081200000, 0x0000000081100000| Complete 
|  18|0x0000000081200000, 0x0000000081300000, 0x0000000081300000|100%|HS|  |TAMS 0x0000000081300000, 0x0000000081200000| Complete 
|  19|0x0000000081300000, 0x0000000081400000, 0x0000000081400000|100%|HC|  |TAMS 0x0000000081400000, 0x0000000081300000| Complete 
|  20|0x0000000081400000, 0x0000000081500000, 0x0000000081500000|100%|HC|  |TAMS 0x0000000081500000, 0x0000000081400000| Complete 
|  21|0x0000000081500000, 0x0000000081600000, 0x0000000081600000|100%|HS|  |TAMS 0x0000000081600000, 0x0000000081500000| Complete 
|  22|0x0000000081600000, 0x0000000081700000, 0x0000000081700000|100%|HC|  |TAMS 0x0000000081700000, 0x0000000081600000| Complete 
|  23|0x0000000081700000, 0x0000000081800000, 0x0000000081800000|100%|HC|  |TAMS 0x0000000081800000, 0x0000000081700000| Complete 
|  24|0x0000000081800000, 0x0000000081900000, 0x0000000081900000|100%|HC|  |TAMS 0x0000000081900000, 0x0000000081800000| Complete 
|  25|0x0000000081900000, 0x0000000081a00000, 0x0000000081a00000|100%|HC|  |TAMS 0x0000000081a00000, 0x0000000081900000| Complete 
|  26|0x0000000081a00000, 0x0000000081b00000, 0x0000000081b00000|100%| O|  |TAMS 0x0000000081b00000, 0x0000000081a00000| Updating 
|  27|0x0000000081b00000, 0x0000000081c00000, 0x0000000081c00000|100%| O|  |TAMS 0x0000000081c00000, 0x0000000081b00000| Updating 
|  28|0x0000000081c00000, 0x0000000081d00000, 0x0000000081d00000|100%| O|  |TAMS 0x0000000081d00000, 0x0000000081c00000| Updating 
|  29|0x0000000081d00000, 0x0000000081e00000, 0x0000000081e00000|100%| O|  |TAMS 0x0000000081e00000, 0x0000000081d00000| Updating 
|  30|0x0000000081e00000, 0x0000000081f00000, 0x0000000081f00000|100%| O|  |TAMS 0x0000000081f00000, 0x0000000081e00000| Updating 
|  31|0x0000000081f00000, 0x0000000082000000, 0x0000000082000000|100%| O|  |TAMS 0x0000000082000000, 0x0000000081f00000| Updating 
|  32|0x0000000082000000, 0x0000000082100000, 0x0000000082100000|100%| O|  |TAMS 0x0000000082100000, 0x0000000082000000| Updating 
|  33|0x0000000082100000, 0x0000000082200000, 0x0000000082200000|100%|HS|  |TAMS 0x0000000082200000, 0x0000000082100000| Complete 
|  34|0x0000000082200000, 0x0000000082300000, 0x0000000082300000|100%|HC|  |TAMS 0x0000000082300000, 0x0000000082200000| Complete 
|  35|0x0000000082300000, 0x0000000082400000, 0x0000000082400000|100%|HC|  |TAMS 0x0000000082400000, 0x0000000082300000| Complete 
|  36|0x0000000082400000, 0x0000000082500000, 0x0000000082500000|100%|HC|  |TAMS 0x0000000082500000, 0x0000000082400000| Complete 
|  37|0x0000000082500000, 0x0000000082600000, 0x0000000082600000|100%|HC|  |TAMS 0x0000000082600000, 0x0000000082500000| Complete 
|  38|0x0000000082600000, 0x0000000082700000, 0x0000000082700000|100%|HS|  |TAMS 0x0000000082700000, 0x0000000082600000| Complete 
|  39|0x0000000082700000, 0x0000000082800000, 0x0000000082800000|100%|HC|  |TAMS 0x0000000082800000, 0x0000000082700000| Complete 
|  40|0x0000000082800000, 0x0000000082900000, 0x0000000082900000|100%|HC|  |TAMS 0x0000000082900000, 0x0000000082800000| Complete 
|  41|0x0000000082900000, 0x0000000082a00000, 0x0000000082a00000|100%| O|  |TAMS 0x0000000082a00000, 0x0000000082900000| Updating 
|  42|0x0000000082a00000, 0x0000000082b00000, 0x0000000082b00000|100%| O|  |TAMS 0x0000000082b00000, 0x0000000082a00000| Updating 
|  43|0x0000000082b00000, 0x0000000082c00000, 0x0000000082c00000|100%| O|  |TAMS 0x0000000082c00000, 0x0000000082b00000| Updating 
|  44|0x0000000082c00000, 0x0000000082d00000, 0x0000000082d00000|100%| O|  |TAMS 0x0000000082d00000, 0x0000000082c00000| Updating 
|  45|0x0000000082d00000, 0x0000000082e00000, 0x0000000082e00000|100%| O|  |TAMS 0x0000000082e00000, 0x0000000082d00000| Updating 
|  46|0x0000000082e00000, 0x0000000082f00000, 0x0000000082f00000|100%| O|  |TAMS 0x0000000082f00000, 0x0000000082e00000| Updating 
|  47|0x0000000082f00000, 0x0000000083000000, 0x0000000083000000|100%| O|  |TAMS 0x0000000083000000, 0x0000000082f00000| Updating 
|  48|0x0000000083000000, 0x0000000083100000, 0x0000000083100000|100%| O|  |TAMS 0x0000000083100000, 0x0000000083000000| Updating 
|  49|0x0000000083100000, 0x0000000083200000, 0x0000000083200000|100%| O|  |TAMS 0x0000000083200000, 0x0000000083100000| Updating 
|  50|0x0000000083200000, 0x0000000083300000, 0x0000000083300000|100%| O|  |TAMS 0x0000000083300000, 0x0000000083200000| Updating 
|  51|0x0000000083300000, 0x0000000083400000, 0x0000000083400000|100%|HS|  |TAMS 0x0000000083400000, 0x0000000083300000| Complete 
|  52|0x0000000083400000, 0x0000000083500000, 0x0000000083500000|100%|HS|  |TAMS 0x0000000083500000, 0x0000000083400000| Complete 
|  53|0x0000000083500000, 0x0000000083600000, 0x0000000083600000|100%|HS|  |TAMS 0x0000000083600000, 0x0000000083500000| Complete 
|  54|0x0000000083600000, 0x0000000083700000, 0x0000000083700000|100%|HC|  |TAMS 0x0000000083700000, 0x0000000083600000| Complete 
|  55|0x0000000083700000, 0x0000000083800000, 0x0000000083800000|100%| O|  |TAMS 0x0000000083800000, 0x0000000083700000| Updating 
|  56|0x0000000083800000, 0x0000000083900000, 0x0000000083900000|100%| O|  |TAMS 0x0000000083900000, 0x0000000083800000| Updating 
|  57|0x0000000083900000, 0x0000000083a00000, 0x0000000083a00000|100%| O|  |TAMS 0x0000000083a00000, 0x0000000083900000| Updating 
|  58|0x0000000083a00000, 0x0000000083b00000, 0x0000000083b00000|100%| O|  |TAMS 0x0000000083b00000, 0x0000000083a00000| Updating 
|  59|0x0000000083b00000, 0x0000000083c00000, 0x0000000083c00000|100%| O|  |TAMS 0x0000000083c00000, 0x0000000083b00000| Updating 
|  60|0x0000000083c00000, 0x0000000083d00000, 0x0000000083d00000|100%| O|  |TAMS 0x0000000083d00000, 0x0000000083c00000| Updating 
|  61|0x0000000083d00000, 0x0000000083e00000, 0x0000000083e00000|100%| O|  |TAMS 0x0000000083e00000, 0x0000000083d00000| Updating 
|  62|0x0000000083e00000, 0x0000000083f00000, 0x0000000083f00000|100%| O|  |TAMS 0x0000000083f00000, 0x0000000083e00000| Updating 
|  63|0x0000000083f00000, 0x0000000084000000, 0x0000000084000000|100%| O|  |TAMS 0x0000000084000000, 0x0000000083f00000| Updating 
|  64|0x0000000084000000, 0x0000000084100000, 0x0000000084100000|100%| O|  |TAMS 0x0000000084100000, 0x0000000084000000| Updating 
|  65|0x0000000084100000, 0x0000000084200000, 0x0000000084200000|100%| O|  |TAMS 0x0000000084200000, 0x0000000084100000| Updating 
|  66|0x0000000084200000, 0x0000000084300000, 0x0000000084300000|100%| O|  |TAMS 0x0000000084300000, 0x0000000084200000| Updating 
|  67|0x0000000084300000, 0x0000000084400000, 0x0000000084400000|100%| O|  |TAMS 0x0000000084400000, 0x0000000084300000| Updating 
|  68|0x0000000084400000, 0x0000000084500000, 0x0000000084500000|100%| O|  |TAMS 0x0000000084500000, 0x0000000084400000| Updating 
|  69|0x0000000084500000, 0x0000000084600000, 0x0000000084600000|100%| O|  |TAMS 0x0000000084600000, 0x0000000084500000| Updating 
|  70|0x0000000084600000, 0x0000000084700000, 0x0000000084700000|100%| O|  |TAMS 0x0000000084700000, 0x0000000084600000| Updating 
|  71|0x0000000084700000, 0x0000000084800000, 0x0000000084800000|100%| O|  |TAMS 0x0000000084800000, 0x0000000084700000| Updating 
|  72|0x0000000084800000, 0x0000000084900000, 0x0000000084900000|100%| O|  |TAMS 0x0000000084900000, 0x0000000084800000| Updating 
|  73|0x0000000084900000, 0x0000000084a00000, 0x0000000084a00000|100%| O|  |TAMS 0x0000000084a00000, 0x0000000084900000| Updating 
|  74|0x0000000084a00000, 0x0000000084b00000, 0x0000000084b00000|100%| O|  |TAMS 0x0000000084b00000, 0x0000000084a00000| Updating 
|  75|0x0000000084b00000, 0x0000000084c00000, 0x0000000084c00000|100%| O|  |TAMS 0x0000000084c00000, 0x0000000084b00000| Updating 
|  76|0x0000000084c00000, 0x0000000084d00000, 0x0000000084d00000|100%| O|  |TAMS 0x0000000084d00000, 0x0000000084c00000| Updating 
|  77|0x0000000084d00000, 0x0000000084e00000, 0x0000000084e00000|100%| O|  |TAMS 0x0000000084e00000, 0x0000000084d00000| Updating 
|  78|0x0000000084e00000, 0x0000000084f00000, 0x0000000084f00000|100%| O|  |TAMS 0x0000000084f00000, 0x0000000084e00000| Updating 
|  79|0x0000000084f00000, 0x0000000085000000, 0x0000000085000000|100%| O|  |TAMS 0x0000000085000000, 0x0000000084f00000| Updating 
|  80|0x0000000085000000, 0x0000000085100000, 0x0000000085100000|100%| O|  |TAMS 0x0000000085100000, 0x0000000085000000| Updating 
|  81|0x0000000085100000, 0x0000000085200000, 0x0000000085200000|100%| O|  |TAMS 0x0000000085200000, 0x0000000085100000| Updating 
|  82|0x0000000085200000, 0x0000000085300000, 0x0000000085300000|100%| O|  |TAMS 0x0000000085300000, 0x0000000085200000| Updating 
|  83|0x0000000085300000, 0x0000000085400000, 0x0000000085400000|100%| O|  |TAMS 0x0000000085400000, 0x0000000085300000| Updating 
|  84|0x0000000085400000, 0x0000000085500000, 0x0000000085500000|100%| O|  |TAMS 0x0000000085500000, 0x0000000085400000| Updating 
|  85|0x0000000085500000, 0x0000000085600000, 0x0000000085600000|100%| O|  |TAMS 0x0000000085600000, 0x0000000085500000| Updating 
|  86|0x0000000085600000, 0x0000000085700000, 0x0000000085700000|100%| O|  |TAMS 0x0000000085700000, 0x0000000085600000| Updating 
|  87|0x0000000085700000, 0x0000000085800000, 0x0000000085800000|100%| O|  |TAMS 0x0000000085800000, 0x0000000085700000| Updating 
|  88|0x0000000085800000, 0x0000000085900000, 0x0000000085900000|100%| O|  |TAMS 0x0000000085900000, 0x0000000085800000| Updating 
|  89|0x0000000085900000, 0x0000000085a00000, 0x0000000085a00000|100%| O|  |TAMS 0x0000000085a00000, 0x0000000085900000| Updating 
|  90|0x0000000085a00000, 0x0000000085b00000, 0x0000000085b00000|100%| O|  |TAMS 0x0000000085b00000, 0x0000000085a00000| Updating 
|  91|0x0000000085b00000, 0x0000000085c00000, 0x0000000085c00000|100%| O|  |TAMS 0x0000000085c00000, 0x0000000085b00000| Updating 
|  92|0x0000000085c00000, 0x0000000085d00000, 0x0000000085d00000|100%| O|  |TAMS 0x0000000085d00000, 0x0000000085c00000| Updating 
|  93|0x0000000085d00000, 0x0000000085e00000, 0x0000000085e00000|100%| O|  |TAMS 0x0000000085e00000, 0x0000000085d00000| Updating 
|  94|0x0000000085e00000, 0x0000000085f00000, 0x0000000085f00000|100%| O|  |TAMS 0x0000000085f00000, 0x0000000085e00000| Updating 
|  95|0x0000000085f00000, 0x0000000086000000, 0x0000000086000000|100%| O|  |TAMS 0x0000000086000000, 0x0000000085f00000| Updating 
|  96|0x0000000086000000, 0x0000000086100000, 0x0000000086100000|100%| O|  |TAMS 0x0000000086100000, 0x0000000086000000| Updating 
|  97|0x0000000086100000, 0x0000000086200000, 0x0000000086200000|100%| O|  |TAMS 0x0000000086200000, 0x0000000086100000| Updating 
|  98|0x0000000086200000, 0x0000000086300000, 0x0000000086300000|100%| O|  |TAMS 0x0000000086300000, 0x0000000086200000| Updating 
|  99|0x0000000086300000, 0x0000000086400000, 0x0000000086400000|100%| O|  |TAMS 0x0000000086400000, 0x0000000086300000| Updating 
| 100|0x0000000086400000, 0x0000000086500000, 0x0000000086500000|100%| O|  |TAMS 0x0000000086500000, 0x0000000086400000| Updating 
| 101|0x0000000086500000, 0x0000000086600000, 0x0000000086600000|100%| O|  |TAMS 0x0000000086600000, 0x0000000086500000| Updating 
| 102|0x0000000086600000, 0x0000000086700000, 0x0000000086700000|100%| O|  |TAMS 0x0000000086700000, 0x0000000086600000| Updating 
| 103|0x0000000086700000, 0x0000000086800000, 0x0000000086800000|100%| O|  |TAMS 0x0000000086800000, 0x0000000086700000| Updating 
| 104|0x0000000086800000, 0x0000000086900000, 0x0000000086900000|100%| O|  |TAMS 0x0000000086900000, 0x0000000086800000| Updating 
| 105|0x0000000086900000, 0x0000000086a00000, 0x0000000086a00000|100%| O|  |TAMS 0x0000000086a00000, 0x0000000086900000| Updating 
| 106|0x0000000086a00000, 0x0000000086b00000, 0x0000000086b00000|100%| O|  |TAMS 0x0000000086b00000, 0x0000000086a00000| Updating 
| 107|0x0000000086b00000, 0x0000000086c00000, 0x0000000086c00000|100%| O|  |TAMS 0x0000000086c00000, 0x0000000086b00000| Updating 
| 108|0x0000000086c00000, 0x0000000086d00000, 0x0000000086d00000|100%| O|  |TAMS 0x0000000086d00000, 0x0000000086c00000| Updating 
| 109|0x0000000086d00000, 0x0000000086e00000, 0x0000000086e00000|100%| O|  |TAMS 0x0000000086e00000, 0x0000000086d00000| Updating 
| 110|0x0000000086e00000, 0x0000000086f00000, 0x0000000086f00000|100%| O|  |TAMS 0x0000000086f00000, 0x0000000086e00000| Updating 
| 111|0x0000000086f00000, 0x0000000087000000, 0x0000000087000000|100%| O|  |TAMS 0x0000000087000000, 0x0000000086f00000| Updating 
| 112|0x0000000087000000, 0x0000000087100000, 0x0000000087100000|100%| O|  |TAMS 0x0000000087100000, 0x0000000087000000| Updating 
| 113|0x0000000087100000, 0x0000000087200000, 0x0000000087200000|100%| O|  |TAMS 0x0000000087200000, 0x0000000087100000| Updating 
| 114|0x0000000087200000, 0x0000000087300000, 0x0000000087300000|100%| O|  |TAMS 0x0000000087300000, 0x0000000087200000| Updating 
| 115|0x0000000087300000, 0x0000000087400000, 0x0000000087400000|100%| O|  |TAMS 0x0000000087400000, 0x0000000087300000| Updating 
| 116|0x0000000087400000, 0x0000000087500000, 0x0000000087500000|100%| O|  |TAMS 0x0000000087500000, 0x0000000087400000| Updating 
| 117|0x0000000087500000, 0x0000000087600000, 0x0000000087600000|100%| O|  |TAMS 0x0000000087600000, 0x0000000087500000| Updating 
| 118|0x0000000087600000, 0x0000000087700000, 0x0000000087700000|100%| O|  |TAMS 0x0000000087700000, 0x0000000087600000| Updating 
| 119|0x0000000087700000, 0x0000000087800000, 0x0000000087800000|100%| O|  |TAMS 0x0000000087800000, 0x0000000087700000| Updating 
| 120|0x0000000087800000, 0x0000000087900000, 0x0000000087900000|100%| O|  |TAMS 0x0000000087900000, 0x0000000087800000| Updating 
| 121|0x0000000087900000, 0x0000000087a00000, 0x0000000087a00000|100%| O|  |TAMS 0x0000000087a00000, 0x0000000087900000| Updating 
| 122|0x0000000087a00000, 0x0000000087b00000, 0x0000000087b00000|100%| O|  |TAMS 0x0000000087b00000, 0x0000000087a00000| Updating 
| 123|0x0000000087b00000, 0x0000000087c00000, 0x0000000087c00000|100%| O|  |TAMS 0x0000000087c00000, 0x0000000087b00000| Updating 
| 124|0x0000000087c00000, 0x0000000087d00000, 0x0000000087d00000|100%| O|  |TAMS 0x0000000087d00000, 0x0000000087c00000| Updating 
| 125|0x0000000087d00000, 0x0000000087e00000, 0x0000000087e00000|100%| O|  |TAMS 0x0000000087e00000, 0x0000000087d00000| Updating 
| 126|0x0000000087e00000, 0x0000000087f00000, 0x0000000087f00000|100%| O|  |TAMS 0x0000000087f00000, 0x0000000087e00000| Updating 
| 127|0x0000000087f00000, 0x0000000088000000, 0x0000000088000000|100%| O|  |TAMS 0x0000000088000000, 0x0000000087f00000| Updating 
| 128|0x0000000088000000, 0x0000000088100000, 0x0000000088100000|100%| O|  |TAMS 0x0000000088100000, 0x0000000088000000| Updating 
| 129|0x0000000088100000, 0x0000000088200000, 0x0000000088200000|100%| O|  |TAMS 0x0000000088200000, 0x0000000088100000| Updating 
| 130|0x0000000088200000, 0x0000000088300000, 0x0000000088300000|100%| O|  |TAMS 0x0000000088300000, 0x0000000088200000| Updating 
| 131|0x0000000088300000, 0x0000000088400000, 0x0000000088400000|100%| O|  |TAMS 0x00000000883ef600, 0x0000000088300000| Updating 
| 132|0x0000000088400000, 0x0000000088500000, 0x0000000088500000|100%|HS|  |TAMS 0x0000000088500000, 0x0000000088400000| Complete 
| 133|0x0000000088500000, 0x0000000088600000, 0x0000000088600000|100%| O|  |TAMS 0x0000000088500000, 0x0000000088500000| Untracked 
| 134|0x0000000088600000, 0x00000000886cc200, 0x0000000088700000| 79%| O|  |TAMS 0x0000000088600000, 0x0000000088600000| Untracked 
| 135|0x0000000088700000, 0x0000000088700000, 0x0000000088800000|  0%| F|  |TAMS 0x0000000088700000, 0x0000000088700000| Untracked 
| 136|0x0000000088800000, 0x0000000088800000, 0x0000000088900000|  0%| F|  |TAMS 0x0000000088800000, 0x0000000088800000| Untracked 
| 137|0x0000000088900000, 0x0000000088900000, 0x0000000088a00000|  0%| F|  |TAMS 0x0000000088900000, 0x0000000088900000| Untracked 
| 138|0x0000000088a00000, 0x0000000088b00000, 0x0000000088b00000|100%| O|  |TAMS 0x0000000088b00000, 0x0000000088a00000| Updating 
| 139|0x0000000088b00000, 0x0000000088c00000, 0x0000000088c00000|100%| O|  |TAMS 0x0000000088c00000, 0x0000000088b00000| Updating 
| 140|0x0000000088c00000, 0x0000000088d00000, 0x0000000088d00000|100%| O|  |TAMS 0x0000000088d00000, 0x0000000088c00000| Updating 
| 141|0x0000000088d00000, 0x0000000088d00000, 0x0000000088e00000|  0%| F|  |TAMS 0x0000000088d00000, 0x0000000088d00000| Untracked 
| 142|0x0000000088e00000, 0x0000000088e00000, 0x0000000088f00000|  0%| F|  |TAMS 0x0000000088e00000, 0x0000000088e00000| Untracked 
| 143|0x0000000088f00000, 0x0000000088f00000, 0x0000000089000000|  0%| F|  |TAMS 0x0000000088f00000, 0x0000000088f00000| Untracked 
| 144|0x0000000089000000, 0x0000000089000000, 0x0000000089100000|  0%| F|  |TAMS 0x0000000089000000, 0x0000000089000000| Untracked 
| 145|0x0000000089100000, 0x0000000089100000, 0x0000000089200000|  0%| F|  |TAMS 0x0000000089100000, 0x0000000089100000| Untracked 
| 146|0x0000000089200000, 0x0000000089200000, 0x0000000089300000|  0%| F|  |TAMS 0x0000000089200000, 0x0000000089200000| Untracked 
| 147|0x0000000089300000, 0x0000000089300000, 0x0000000089400000|  0%| F|  |TAMS 0x0000000089300000, 0x0000000089300000| Untracked 
| 148|0x0000000089400000, 0x0000000089400000, 0x0000000089500000|  0%| F|  |TAMS 0x0000000089400000, 0x0000000089400000| Untracked 
| 149|0x0000000089500000, 0x0000000089500000, 0x0000000089600000|  0%| F|  |TAMS 0x0000000089500000, 0x0000000089500000| Untracked 
| 150|0x0000000089600000, 0x0000000089600000, 0x0000000089700000|  0%| F|  |TAMS 0x0000000089600000, 0x0000000089600000| Untracked 
| 151|0x0000000089700000, 0x0000000089700000, 0x0000000089800000|  0%| F|  |TAMS 0x0000000089700000, 0x0000000089700000| Untracked 
| 152|0x0000000089800000, 0x0000000089800000, 0x0000000089900000|  0%| F|  |TAMS 0x0000000089800000, 0x0000000089800000| Untracked 
| 153|0x0000000089900000, 0x0000000089900000, 0x0000000089a00000|  0%| F|  |TAMS 0x0000000089900000, 0x0000000089900000| Untracked 
| 154|0x0000000089a00000, 0x0000000089a00000, 0x0000000089b00000|  0%| F|  |TAMS 0x0000000089a00000, 0x0000000089a00000| Untracked 
| 155|0x0000000089b00000, 0x0000000089b00000, 0x0000000089c00000|  0%| F|  |TAMS 0x0000000089b00000, 0x0000000089b00000| Untracked 
| 156|0x0000000089c00000, 0x0000000089c00000, 0x0000000089d00000|  0%| F|  |TAMS 0x0000000089c00000, 0x0000000089c00000| Untracked 
| 157|0x0000000089d00000, 0x0000000089d00000, 0x0000000089e00000|  0%| F|  |TAMS 0x0000000089d00000, 0x0000000089d00000| Untracked 
| 158|0x0000000089e00000, 0x0000000089e00000, 0x0000000089f00000|  0%| F|  |TAMS 0x0000000089e00000, 0x0000000089e00000| Untracked 
| 159|0x0000000089f00000, 0x0000000089f00000, 0x000000008a000000|  0%| F|  |TAMS 0x0000000089f00000, 0x0000000089f00000| Untracked 
| 160|0x000000008a000000, 0x000000008a000000, 0x000000008a100000|  0%| F|  |TAMS 0x000000008a000000, 0x000000008a000000| Untracked 
| 161|0x000000008a100000, 0x000000008a100000, 0x000000008a200000|  0%| F|  |TAMS 0x000000008a100000, 0x000000008a100000| Untracked 
| 162|0x000000008a200000, 0x000000008a200000, 0x000000008a300000|  0%| F|  |TAMS 0x000000008a200000, 0x000000008a200000| Untracked 
| 163|0x000000008a300000, 0x000000008a300000, 0x000000008a400000|  0%| F|  |TAMS 0x000000008a300000, 0x000000008a300000| Untracked 
| 164|0x000000008a400000, 0x000000008a400000, 0x000000008a500000|  0%| F|  |TAMS 0x000000008a400000, 0x000000008a400000| Untracked 
| 165|0x000000008a500000, 0x000000008a500000, 0x000000008a600000|  0%| F|  |TAMS 0x000000008a500000, 0x000000008a500000| Untracked 
| 166|0x000000008a600000, 0x000000008a600000, 0x000000008a700000|  0%| F|  |TAMS 0x000000008a600000, 0x000000008a600000| Untracked 
| 167|0x000000008a700000, 0x000000008a700000, 0x000000008a800000|  0%| F|  |TAMS 0x000000008a700000, 0x000000008a700000| Untracked 
| 168|0x000000008a800000, 0x000000008a800000, 0x000000008a900000|  0%| F|  |TAMS 0x000000008a800000, 0x000000008a800000| Untracked 
| 169|0x000000008a900000, 0x000000008a900000, 0x000000008aa00000|  0%| F|  |TAMS 0x000000008a900000, 0x000000008a900000| Untracked 
| 170|0x000000008aa00000, 0x000000008aaf3240, 0x000000008ab00000| 94%| S|CS|TAMS 0x000000008aa00000, 0x000000008aa00000| Complete 
| 171|0x000000008ab00000, 0x000000008ac00000, 0x000000008ac00000|100%| S|CS|TAMS 0x000000008ab00000, 0x000000008ab00000| Complete 
| 172|0x000000008ac00000, 0x000000008ad00000, 0x000000008ad00000|100%| S|CS|TAMS 0x000000008ac00000, 0x000000008ac00000| Complete 
| 173|0x000000008ad00000, 0x000000008ae00000, 0x000000008ae00000|100%| S|CS|TAMS 0x000000008ad00000, 0x000000008ad00000| Complete 
| 174|0x000000008ae00000, 0x000000008af00000, 0x000000008af00000|100%| S|CS|TAMS 0x000000008ae00000, 0x000000008ae00000| Complete 
| 175|0x000000008af00000, 0x000000008b000000, 0x000000008b000000|100%| S|CS|TAMS 0x000000008af00000, 0x000000008af00000| Complete 
| 176|0x000000008b000000, 0x000000008b100000, 0x000000008b100000|100%| S|CS|TAMS 0x000000008b000000, 0x000000008b000000| Complete 
| 177|0x000000008b100000, 0x000000008b200000, 0x000000008b200000|100%| S|CS|TAMS 0x000000008b100000, 0x000000008b100000| Complete 
| 178|0x000000008b200000, 0x000000008b200000, 0x000000008b300000|  0%| F|  |TAMS 0x000000008b200000, 0x000000008b200000| Untracked 
| 179|0x000000008b300000, 0x000000008b300000, 0x000000008b400000|  0%| F|  |TAMS 0x000000008b300000, 0x000000008b300000| Untracked 
| 180|0x000000008b400000, 0x000000008b400000, 0x000000008b500000|  0%| F|  |TAMS 0x000000008b400000, 0x000000008b400000| Untracked 
| 181|0x000000008b500000, 0x000000008b500000, 0x000000008b600000|  0%| F|  |TAMS 0x000000008b500000, 0x000000008b500000| Untracked 
| 182|0x000000008b600000, 0x000000008b600000, 0x000000008b700000|  0%| F|  |TAMS 0x000000008b600000, 0x000000008b600000| Untracked 
| 183|0x000000008b700000, 0x000000008b700000, 0x000000008b800000|  0%| F|  |TAMS 0x000000008b700000, 0x000000008b700000| Untracked 
| 184|0x000000008b800000, 0x000000008b800000, 0x000000008b900000|  0%| F|  |TAMS 0x000000008b800000, 0x000000008b800000| Untracked 
| 185|0x000000008b900000, 0x000000008b900000, 0x000000008ba00000|  0%| F|  |TAMS 0x000000008b900000, 0x000000008b900000| Untracked 
| 186|0x000000008ba00000, 0x000000008ba00000, 0x000000008bb00000|  0%| F|  |TAMS 0x000000008ba00000, 0x000000008ba00000| Untracked 
| 187|0x000000008bb00000, 0x000000008bc00000, 0x000000008bc00000|100%| O|  |TAMS 0x000000008bc00000, 0x000000008bb00000| Updating 
| 188|0x000000008bc00000, 0x000000008bc00000, 0x000000008bd00000|  0%| F|  |TAMS 0x000000008bc00000, 0x000000008bc00000| Untracked 
| 189|0x000000008bd00000, 0x000000008bd00000, 0x000000008be00000|  0%| F|  |TAMS 0x000000008bd00000, 0x000000008bd00000| Untracked 
| 190|0x000000008be00000, 0x000000008be00000, 0x000000008bf00000|  0%| F|  |TAMS 0x000000008be00000, 0x000000008be00000| Untracked 
| 191|0x000000008bf00000, 0x000000008bf00000, 0x000000008c000000|  0%| F|  |TAMS 0x000000008bf00000, 0x000000008bf00000| Untracked 
| 192|0x000000008c000000, 0x000000008c000000, 0x000000008c100000|  0%| F|  |TAMS 0x000000008c000000, 0x000000008c000000| Untracked 
| 193|0x000000008c100000, 0x000000008c100000, 0x000000008c200000|  0%| F|  |TAMS 0x000000008c100000, 0x000000008c100000| Untracked 
| 194|0x000000008c200000, 0x000000008c200000, 0x000000008c300000|  0%| F|  |TAMS 0x000000008c200000, 0x000000008c200000| Untracked 
| 195|0x000000008c300000, 0x000000008c300000, 0x000000008c400000|  0%| F|  |TAMS 0x000000008c300000, 0x000000008c300000| Untracked 
| 196|0x000000008c400000, 0x000000008c400000, 0x000000008c500000|  0%| F|  |TAMS 0x000000008c400000, 0x000000008c400000| Untracked 
| 197|0x000000008c500000, 0x000000008c500000, 0x000000008c600000|  0%| F|  |TAMS 0x000000008c500000, 0x000000008c500000| Untracked 
| 198|0x000000008c600000, 0x000000008c600000, 0x000000008c700000|  0%| F|  |TAMS 0x000000008c600000, 0x000000008c600000| Untracked 
| 199|0x000000008c700000, 0x000000008c700000, 0x000000008c800000|  0%| F|  |TAMS 0x000000008c700000, 0x000000008c700000| Untracked 
| 200|0x000000008c800000, 0x000000008c800000, 0x000000008c900000|  0%| F|  |TAMS 0x000000008c800000, 0x000000008c800000| Untracked 
| 201|0x000000008c900000, 0x000000008c900000, 0x000000008ca00000|  0%| F|  |TAMS 0x000000008c900000, 0x000000008c900000| Untracked 
| 202|0x000000008ca00000, 0x000000008ca00000, 0x000000008cb00000|  0%| F|  |TAMS 0x000000008ca00000, 0x000000008ca00000| Untracked 
| 203|0x000000008cb00000, 0x000000008cb00000, 0x000000008cc00000|  0%| F|  |TAMS 0x000000008cb00000, 0x000000008cb00000| Untracked 
| 204|0x000000008cc00000, 0x000000008cc00000, 0x000000008cd00000|  0%| F|  |TAMS 0x000000008cc00000, 0x000000008cc00000| Untracked 
| 205|0x000000008cd00000, 0x000000008cd00000, 0x000000008ce00000|  0%| F|  |TAMS 0x000000008cd00000, 0x000000008cd00000| Untracked 
| 206|0x000000008ce00000, 0x000000008ce00000, 0x000000008cf00000|  0%| F|  |TAMS 0x000000008ce00000, 0x000000008ce00000| Untracked 
| 207|0x000000008cf00000, 0x000000008cf00000, 0x000000008d000000|  0%| F|  |TAMS 0x000000008cf00000, 0x000000008cf00000| Untracked 
| 208|0x000000008d000000, 0x000000008d000000, 0x000000008d100000|  0%| F|  |TAMS 0x000000008d000000, 0x000000008d000000| Untracked 
| 209|0x000000008d100000, 0x000000008d100000, 0x000000008d200000|  0%| F|  |TAMS 0x000000008d100000, 0x000000008d100000| Untracked 
| 210|0x000000008d200000, 0x000000008d200000, 0x000000008d300000|  0%| F|  |TAMS 0x000000008d200000, 0x000000008d200000| Untracked 
| 211|0x000000008d300000, 0x000000008d300000, 0x000000008d400000|  0%| F|  |TAMS 0x000000008d300000, 0x000000008d300000| Untracked 
| 212|0x000000008d400000, 0x000000008d400000, 0x000000008d500000|  0%| F|  |TAMS 0x000000008d400000, 0x000000008d400000| Untracked 
| 213|0x000000008d500000, 0x000000008d500000, 0x000000008d600000|  0%| F|  |TAMS 0x000000008d500000, 0x000000008d500000| Untracked 
| 214|0x000000008d600000, 0x000000008d600000, 0x000000008d700000|  0%| F|  |TAMS 0x000000008d600000, 0x000000008d600000| Untracked 
| 215|0x000000008d700000, 0x000000008d700000, 0x000000008d800000|  0%| F|  |TAMS 0x000000008d700000, 0x000000008d700000| Untracked 
| 216|0x000000008d800000, 0x000000008d800000, 0x000000008d900000|  0%| F|  |TAMS 0x000000008d800000, 0x000000008d800000| Untracked 
| 217|0x000000008d900000, 0x000000008d900000, 0x000000008da00000|  0%| F|  |TAMS 0x000000008d900000, 0x000000008d900000| Untracked 
| 218|0x000000008da00000, 0x000000008da00000, 0x000000008db00000|  0%| F|  |TAMS 0x000000008da00000, 0x000000008da00000| Untracked 
| 219|0x000000008db00000, 0x000000008db00000, 0x000000008dc00000|  0%| F|  |TAMS 0x000000008db00000, 0x000000008db00000| Untracked 
| 220|0x000000008dc00000, 0x000000008dc00000, 0x000000008dd00000|  0%| F|  |TAMS 0x000000008dc00000, 0x000000008dc00000| Untracked 
| 221|0x000000008dd00000, 0x000000008dd00000, 0x000000008de00000|  0%| F|  |TAMS 0x000000008dd00000, 0x000000008dd00000| Untracked 
| 222|0x000000008de00000, 0x000000008de00000, 0x000000008df00000|  0%| F|  |TAMS 0x000000008de00000, 0x000000008de00000| Untracked 
| 223|0x000000008df00000, 0x000000008df00000, 0x000000008e000000|  0%| F|  |TAMS 0x000000008df00000, 0x000000008df00000| Untracked 
| 224|0x000000008e000000, 0x000000008e000000, 0x000000008e100000|  0%| F|  |TAMS 0x000000008e000000, 0x000000008e000000| Untracked 
| 225|0x000000008e100000, 0x000000008e100000, 0x000000008e200000|  0%| F|  |TAMS 0x000000008e100000, 0x000000008e100000| Untracked 
| 226|0x000000008e200000, 0x000000008e200000, 0x000000008e300000|  0%| F|  |TAMS 0x000000008e200000, 0x000000008e200000| Untracked 
| 227|0x000000008e300000, 0x000000008e300000, 0x000000008e400000|  0%| F|  |TAMS 0x000000008e300000, 0x000000008e300000| Untracked 
| 228|0x000000008e400000, 0x000000008e400000, 0x000000008e500000|  0%| F|  |TAMS 0x000000008e400000, 0x000000008e400000| Untracked 
| 229|0x000000008e500000, 0x000000008e500000, 0x000000008e600000|  0%| F|  |TAMS 0x000000008e500000, 0x000000008e500000| Untracked 
| 230|0x000000008e600000, 0x000000008e600000, 0x000000008e700000|  0%| F|  |TAMS 0x000000008e600000, 0x000000008e600000| Untracked 
| 231|0x000000008e700000, 0x000000008e700000, 0x000000008e800000|  0%| F|  |TAMS 0x000000008e700000, 0x000000008e700000| Untracked 
| 232|0x000000008e800000, 0x000000008e800000, 0x000000008e900000|  0%| F|  |TAMS 0x000000008e800000, 0x000000008e800000| Untracked 
| 233|0x000000008e900000, 0x000000008e900000, 0x000000008ea00000|  0%| F|  |TAMS 0x000000008e900000, 0x000000008e900000| Untracked 
| 234|0x000000008ea00000, 0x000000008ea00000, 0x000000008eb00000|  0%| F|  |TAMS 0x000000008ea00000, 0x000000008ea00000| Untracked 
| 235|0x000000008eb00000, 0x000000008eb00000, 0x000000008ec00000|  0%| F|  |TAMS 0x000000008eb00000, 0x000000008eb00000| Untracked 
| 236|0x000000008ec00000, 0x000000008ec00000, 0x000000008ed00000|  0%| F|  |TAMS 0x000000008ec00000, 0x000000008ec00000| Untracked 
| 237|0x000000008ed00000, 0x000000008ed00000, 0x000000008ee00000|  0%| F|  |TAMS 0x000000008ed00000, 0x000000008ed00000| Untracked 
| 238|0x000000008ee00000, 0x000000008ee00000, 0x000000008ef00000|  0%| F|  |TAMS 0x000000008ee00000, 0x000000008ee00000| Untracked 
| 239|0x000000008ef00000, 0x000000008ef00000, 0x000000008f000000|  0%| F|  |TAMS 0x000000008ef00000, 0x000000008ef00000| Untracked 
| 240|0x000000008f000000, 0x000000008f000000, 0x000000008f100000|  0%| F|  |TAMS 0x000000008f000000, 0x000000008f000000| Untracked 
| 241|0x000000008f100000, 0x000000008f100000, 0x000000008f200000|  0%| F|  |TAMS 0x000000008f100000, 0x000000008f100000| Untracked 
| 242|0x000000008f200000, 0x000000008f200000, 0x000000008f300000|  0%| F|  |TAMS 0x000000008f200000, 0x000000008f200000| Untracked 
| 243|0x000000008f300000, 0x000000008f300000, 0x000000008f400000|  0%| F|  |TAMS 0x000000008f300000, 0x000000008f300000| Untracked 
| 244|0x000000008f400000, 0x000000008f400000, 0x000000008f500000|  0%| F|  |TAMS 0x000000008f400000, 0x000000008f400000| Untracked 
| 245|0x000000008f500000, 0x000000008f500000, 0x000000008f600000|  0%| F|  |TAMS 0x000000008f500000, 0x000000008f500000| Untracked 
| 246|0x000000008f600000, 0x000000008f600000, 0x000000008f700000|  0%| F|  |TAMS 0x000000008f600000, 0x000000008f600000| Untracked 
| 247|0x000000008f700000, 0x000000008f700000, 0x000000008f800000|  0%| F|  |TAMS 0x000000008f700000, 0x000000008f700000| Untracked 
| 248|0x000000008f800000, 0x000000008f800000, 0x000000008f900000|  0%| F|  |TAMS 0x000000008f800000, 0x000000008f800000| Untracked 
| 249|0x000000008f900000, 0x000000008f900000, 0x000000008fa00000|  0%| F|  |TAMS 0x000000008f900000, 0x000000008f900000| Untracked 
| 250|0x000000008fa00000, 0x000000008fa00000, 0x000000008fb00000|  0%| F|  |TAMS 0x000000008fa00000, 0x000000008fa00000| Untracked 
| 251|0x000000008fb00000, 0x000000008fb00000, 0x000000008fc00000|  0%| F|  |TAMS 0x000000008fb00000, 0x000000008fb00000| Untracked 
| 252|0x000000008fc00000, 0x000000008fc00000, 0x000000008fd00000|  0%| F|  |TAMS 0x000000008fc00000, 0x000000008fc00000| Untracked 
| 253|0x000000008fd00000, 0x000000008fd00000, 0x000000008fe00000|  0%| F|  |TAMS 0x000000008fd00000, 0x000000008fd00000| Untracked 
| 254|0x000000008fe00000, 0x000000008fe00000, 0x000000008ff00000|  0%| F|  |TAMS 0x000000008fe00000, 0x000000008fe00000| Untracked 
| 255|0x000000008ff00000, 0x000000008ff00000, 0x0000000090000000|  0%| F|  |TAMS 0x000000008ff00000, 0x000000008ff00000| Untracked 
| 256|0x0000000090000000, 0x0000000090000000, 0x0000000090100000|  0%| F|  |TAMS 0x0000000090000000, 0x0000000090000000| Untracked 
| 257|0x0000000090100000, 0x0000000090100000, 0x0000000090200000|  0%| F|  |TAMS 0x0000000090100000, 0x0000000090100000| Untracked 
| 258|0x0000000090200000, 0x0000000090200000, 0x0000000090300000|  0%| F|  |TAMS 0x0000000090200000, 0x0000000090200000| Untracked 
| 259|0x0000000090300000, 0x0000000090300000, 0x0000000090400000|  0%| F|  |TAMS 0x0000000090300000, 0x0000000090300000| Untracked 
| 260|0x0000000090400000, 0x0000000090400000, 0x0000000090500000|  0%| F|  |TAMS 0x0000000090400000, 0x0000000090400000| Untracked 
| 261|0x0000000090500000, 0x0000000090500000, 0x0000000090600000|  0%| F|  |TAMS 0x0000000090500000, 0x0000000090500000| Untracked 
| 262|0x0000000090600000, 0x0000000090600000, 0x0000000090700000|  0%| F|  |TAMS 0x0000000090600000, 0x0000000090600000| Untracked 
| 263|0x0000000090700000, 0x0000000090700000, 0x0000000090800000|  0%| F|  |TAMS 0x0000000090700000, 0x0000000090700000| Untracked 
| 264|0x0000000090800000, 0x0000000090800000, 0x0000000090900000|  0%| F|  |TAMS 0x0000000090800000, 0x0000000090800000| Untracked 
| 265|0x0000000090900000, 0x0000000090900000, 0x0000000090a00000|  0%| F|  |TAMS 0x0000000090900000, 0x0000000090900000| Untracked 
| 266|0x0000000090a00000, 0x0000000090a00000, 0x0000000090b00000|  0%| F|  |TAMS 0x0000000090a00000, 0x0000000090a00000| Untracked 
| 267|0x0000000090b00000, 0x0000000090b00000, 0x0000000090c00000|  0%| F|  |TAMS 0x0000000090b00000, 0x0000000090b00000| Untracked 
| 268|0x0000000090c00000, 0x0000000090c00000, 0x0000000090d00000|  0%| F|  |TAMS 0x0000000090c00000, 0x0000000090c00000| Untracked 
| 269|0x0000000090d00000, 0x0000000090d00000, 0x0000000090e00000|  0%| F|  |TAMS 0x0000000090d00000, 0x0000000090d00000| Untracked 
| 270|0x0000000090e00000, 0x0000000090e00000, 0x0000000090f00000|  0%| F|  |TAMS 0x0000000090e00000, 0x0000000090e00000| Untracked 
| 271|0x0000000090f00000, 0x0000000090f00000, 0x0000000091000000|  0%| F|  |TAMS 0x0000000090f00000, 0x0000000090f00000| Untracked 
| 272|0x0000000091000000, 0x0000000091000000, 0x0000000091100000|  0%| F|  |TAMS 0x0000000091000000, 0x0000000091000000| Untracked 
| 273|0x0000000091100000, 0x0000000091100000, 0x0000000091200000|  0%| F|  |TAMS 0x0000000091100000, 0x0000000091100000| Untracked 
| 274|0x0000000091200000, 0x0000000091200000, 0x0000000091300000|  0%| F|  |TAMS 0x0000000091200000, 0x0000000091200000| Untracked 
| 275|0x0000000091300000, 0x0000000091300000, 0x0000000091400000|  0%| F|  |TAMS 0x0000000091300000, 0x0000000091300000| Untracked 

Card table byte_map: [0x0000021c9cfa0000,0x0000021c9d3a0000] _byte_map_base: 0x0000021c9cba0000

Marking Bits (Prev, Next): (CMBitMap*) 0x0000021c89dd7bb0, (CMBitMap*) 0x0000021c89dd7b78
 Prev Bits: [0x0000021c9f7a0000, 0x0000021ca17a0000)
 Next Bits: [0x0000021c9d7a0000, 0x0000021c9f7a0000)

Polling page: 0x0000021c87d10000

Metaspace:

Usage:
  Non-class:     84.99 MB capacity,    83.17 MB ( 98%) used,     1.55 MB (  2%) free+waste,   271.19 KB ( <1%) overhead. 
      Class:     12.89 MB capacity,    11.97 MB ( 93%) used,   820.60 KB (  6%) free+waste,   120.63 KB ( <1%) overhead. 
       Both:     97.88 MB capacity,    95.14 MB ( 97%) used,     2.36 MB (  2%) free+waste,   391.81 KB ( <1%) overhead. 

Virtual space:
  Non-class space:       86.00 MB reserved,      85.00 MB ( 99%) committed 
      Class space:        1.00 GB reserved,      13.00 MB (  1%) committed 
             Both:        1.08 GB reserved,      98.00 MB (  9%) committed 

Chunk freelists:
   Non-Class:  9.00 KB
       Class:  52.00 KB
        Both:  61.00 KB

MaxMetaspaceSize: 17179869184.00 GB
CompressedClassSpaceSize: 1.00 GB

CodeHeap 'non-profiled nmethods': size=120000Kb used=6987Kb max_used=6987Kb free=113012Kb
 bounds [0x0000021c95340000, 0x0000021c95a20000, 0x0000021c9c870000]
CodeHeap 'profiled nmethods': size=120000Kb used=29315Kb max_used=29315Kb free=90684Kb
 bounds [0x0000021c8de10000, 0x0000021c8fac0000, 0x0000021c95340000]
CodeHeap 'non-nmethods': size=5760Kb used=2311Kb max_used=2356Kb free=3448Kb
 bounds [0x0000021c8d870000, 0x0000021c8dae0000, 0x0000021c8de10000]
 total_blobs=14240 nmethods=13319 adapters=831
 compilation: enabled
              stopped_count=0, restarted_count=0
 full_count=0

Compilation events (20 events):
Event: 31.427 Thread 0x0000021ca4b70800 nmethod 13683 0x0000021c8fa9c910 code [0x0000021c8fa9cac0, 0x0000021c8fa9cbf8]
Event: 31.427 Thread 0x0000021ca4b70800 13686       2       org.jdom2.DefaultJDOMFactory::element (11 bytes)
Event: 31.427 Thread 0x0000021ca4b70800 nmethod 13686 0x0000021c8fa9cc90 code [0x0000021c8fa9ce40, 0x0000021c8fa9cfc8]
Event: 31.454 Thread 0x0000021ca4b70800 13693 %     3       org.objectweb.asm.ClassWriter::toByteArray @ 17 (1360 bytes)
Event: 31.462 Thread 0x0000021ca4b70800 nmethod 13693% 0x0000021c8fa9d090 code [0x0000021c8fa9d900, 0x0000021c8faa1118]
Event: 31.479 Thread 0x0000021ca4b70800 13694 %     3       org.objectweb.asm.commons.Remapper::mapType @ 42 (123 bytes)
Event: 31.482 Thread 0x0000021ca4b70800 nmethod 13694% 0x0000021c8faa2c90 code [0x0000021c8faa3140, 0x0000021c8faa53c8]
Event: 31.484 Thread 0x0000021ca4b70800 13695       3       org.objectweb.asm.commons.Remapper::mapType (123 bytes)
Event: 31.486 Thread 0x0000021ca4b70800 nmethod 13695 0x0000021c8faa6110 code [0x0000021c8faa65a0, 0x0000021c8faa8748]
Event: 31.504 Thread 0x0000021ca4b70800 13696       3       org.objectweb.asm.ClassWriter::toByteArray (1360 bytes)
Event: 31.514 Thread 0x0000021ca4b70800 nmethod 13696 0x0000021c8faa9410 code [0x0000021c8faa9c80, 0x0000021c8faad2f8]
Event: 31.523 Thread 0x0000021ca4b70800 13697       2       sun.management.MemoryPoolImpl::getObjectName (10 bytes)
Event: 31.526 Thread 0x0000021ca4b70800 nmethod 13697 0x0000021c8faaee90 code [0x0000021c8faaf120, 0x0000021c8faaf828]
Event: 31.526 Thread 0x0000021ca4b70800 13698       2       sun.management.spi.PlatformMBeanProvider$PlatformComponent$$Lambda$65/0x0000000100185040::test (9 bytes)
Event: 31.526 Thread 0x0000021ca4b70800 nmethod 13698 0x0000021c8fab0090 code [0x0000021c8fab0240, 0x0000021c8fab0358]
Event: 31.526 Thread 0x0000021ca4b70800 13699       2       sun.management.spi.PlatformMBeanProvider$PlatformComponent$$Lambda$66/0x0000000100185440::apply (9 bytes)
Event: 31.527 Thread 0x0000021ca4b70800 nmethod 13699 0x0000021c8fab0410 code [0x0000021c8fab05e0, 0x0000021c8fab07f8]
Event: 31.543 Thread 0x0000021ca4b70800 13700       2       org.jdom2.Element::setName (28 bytes)
Event: 31.544 Thread 0x0000021ca4b70800 nmethod 13700 0x0000021c8fab0910 code [0x0000021c8fab0ae0, 0x0000021c8fab0d38]
Event: 31.544 Thread 0x0000021ca4b70800 13706 %     3       org.jdom2.Verifier::checkCharacterData @ 19 (209 bytes)

GC Heap History (20 events):
Event: 30.653 GC heap after
{Heap after GC invocations=87 (full 0):
 garbage-first heap   total 235520K, used 127439K [0x0000000080000000, 0x0000000100000000)
  region size 1024K, 5 young (5120K), 5 survivors (5120K)
 Metaspace       used 97338K, capacity 100178K, committed 100352K, reserved 1136640K
  class space    used 12258K, capacity 13202K, committed 13312K, reserved 1048576K
}
Event: 30.759 GC heap before
{Heap before GC invocations=87 (full 0):
 garbage-first heap   total 235520K, used 181711K [0x0000000080000000, 0x0000000100000000)
  region size 1024K, 59 young (60416K), 5 survivors (5120K)
 Metaspace       used 97341K, capacity 100178K, committed 100352K, reserved 1136640K
  class space    used 12258K, capacity 13202K, committed 13312K, reserved 1048576K
}
Event: 30.764 GC heap after
{Heap after GC invocations=88 (full 0):
 garbage-first heap   total 235520K, used 128298K [0x0000000080000000, 0x0000000100000000)
  region size 1024K, 1 young (1024K), 1 survivors (1024K)
 Metaspace       used 97341K, capacity 100178K, committed 100352K, reserved 1136640K
  class space    used 12258K, capacity 13202K, committed 13312K, reserved 1048576K
}
Event: 30.905 GC heap before
{Heap before GC invocations=88 (full 0):
 garbage-first heap   total 235520K, used 195882K [0x0000000080000000, 0x0000000100000000)
  region size 1024K, 59 young (60416K), 1 survivors (1024K)
 Metaspace       used 97344K, capacity 100178K, committed 100352K, reserved 1136640K
  class space    used 12258K, capacity 13202K, committed 13312K, reserved 1048576K
}
Event: 30.908 GC heap after
{Heap after GC invocations=89 (full 0):
 garbage-first heap   total 235520K, used 134185K [0x0000000080000000, 0x0000000100000000)
  region size 1024K, 6 young (6144K), 6 survivors (6144K)
 Metaspace       used 97344K, capacity 100178K, committed 100352K, reserved 1136640K
  class space    used 12258K, capacity 13202K, committed 13312K, reserved 1048576K
}
Event: 31.001 GC heap before
{Heap before GC invocations=90 (full 0):
 garbage-first heap   total 235520K, used 192553K [0x0000000080000000, 0x0000000100000000)
  region size 1024K, 64 young (65536K), 6 survivors (6144K)
 Metaspace       used 97348K, capacity 100163K, committed 100352K, reserved 1136640K
  class space    used 12254K, capacity 13196K, committed 13312K, reserved 1048576K
}
Event: 31.004 GC heap after
{Heap after GC invocations=91 (full 0):
 garbage-first heap   total 235520K, used 136971K [0x0000000080000000, 0x0000000100000000)
  region size 1024K, 4 young (4096K), 4 survivors (4096K)
 Metaspace       used 97348K, capacity 100163K, committed 100352K, reserved 1136640K
  class space    used 12254K, capacity 13196K, committed 13312K, reserved 1048576K
}
Event: 31.051 GC heap before
{Heap before GC invocations=91 (full 0):
 garbage-first heap   total 235520K, used 194315K [0x0000000080000000, 0x0000000100000000)
  region size 1024K, 60 young (61440K), 4 survivors (4096K)
 Metaspace       used 97352K, capacity 100163K, committed 100352K, reserved 1136640K
  class space    used 12254K, capacity 13196K, committed 13312K, reserved 1048576K
}
Event: 31.054 GC heap after
{Heap after GC invocations=92 (full 0):
 garbage-first heap   total 235520K, used 138066K [0x0000000080000000, 0x0000000100000000)
  region size 1024K, 5 young (5120K), 5 survivors (5120K)
 Metaspace       used 97352K, capacity 100163K, committed 100352K, reserved 1136640K
  class space    used 12254K, capacity 13196K, committed 13312K, reserved 1048576K
}
Event: 31.121 GC heap before
{Heap before GC invocations=92 (full 0):
 garbage-first heap   total 235520K, used 203602K [0x0000000080000000, 0x0000000100000000)
  region size 1024K, 62 young (63488K), 5 survivors (5120K)
 Metaspace       used 97353K, capacity 100163K, committed 100352K, reserved 1136640K
  class space    used 12254K, capacity 13196K, committed 13312K, reserved 1048576K
}
Event: 31.126 GC heap after
{Heap after GC invocations=93 (full 0):
 garbage-first heap   total 235520K, used 142559K [0x0000000080000000, 0x0000000100000000)
  region size 1024K, 6 young (6144K), 6 survivors (6144K)
 Metaspace       used 97353K, capacity 100163K, committed 100352K, reserved 1136640K
  class space    used 12254K, capacity 13196K, committed 13312K, reserved 1048576K
}
Event: 31.186 GC heap before
{Heap before GC invocations=93 (full 0):
 garbage-first heap   total 235520K, used 196831K [0x0000000080000000, 0x0000000100000000)
  region size 1024K, 60 young (61440K), 6 survivors (6144K)
 Metaspace       used 97353K, capacity 100163K, committed 100352K, reserved 1136640K
  class space    used 12254K, capacity 13196K, committed 13312K, reserved 1048576K
}
Event: 31.193 GC heap after
{Heap after GC invocations=94 (full 0):
 garbage-first heap   total 282624K, used 145105K [0x0000000080000000, 0x0000000100000000)
  region size 1024K, 8 young (8192K), 8 survivors (8192K)
 Metaspace       used 97353K, capacity 100163K, committed 100352K, reserved 1136640K
  class space    used 12254K, capacity 13196K, committed 13312K, reserved 1048576K
}
Event: 31.302 GC heap before
{Heap before GC invocations=95 (full 0):
 garbage-first heap   total 282624K, used 220881K [0x0000000080000000, 0x0000000100000000)
  region size 1024K, 82 young (83968K), 8 survivors (8192K)
 Metaspace       used 97355K, capacity 100163K, committed 100352K, reserved 1136640K
  class space    used 12254K, capacity 13196K, committed 13312K, reserved 1048576K
}
Event: 31.305 GC heap after
{Heap after GC invocations=96 (full 0):
 garbage-first heap   total 282624K, used 144042K [0x0000000080000000, 0x0000000100000000)
  region size 1024K, 4 young (4096K), 4 survivors (4096K)
 Metaspace       used 97355K, capacity 100163K, committed 100352K, reserved 1136640K
  class space    used 12254K, capacity 13196K, committed 13312K, reserved 1048576K
}
Event: 31.379 GC heap before
{Heap before GC invocations=96 (full 0):
 garbage-first heap   total 282624K, used 240298K [0x0000000080000000, 0x0000000100000000)
  region size 1024K, 100 young (102400K), 4 survivors (4096K)
 Metaspace       used 97356K, capacity 100163K, committed 100352K, reserved 1136640K
  class space    used 12254K, capacity 13196K, committed 13312K, reserved 1048576K
}
Event: 31.383 GC heap after
{Heap after GC invocations=97 (full 0):
 garbage-first heap   total 282624K, used 145888K [0x0000000080000000, 0x0000000100000000)
  region size 1024K, 6 young (6144K), 6 survivors (6144K)
 Metaspace       used 97356K, capacity 100163K, committed 100352K, reserved 1136640K
  class space    used 12254K, capacity 13196K, committed 13312K, reserved 1048576K
}
Event: 31.442 GC heap before
{Heap before GC invocations=97 (full 0):
 garbage-first heap   total 282624K, used 236000K [0x0000000080000000, 0x0000000100000000)
  region size 1024K, 95 young (97280K), 6 survivors (6144K)
 Metaspace       used 97417K, capacity 100227K, committed 100352K, reserved 1136640K
  class space    used 12254K, capacity 13196K, committed 13312K, reserved 1048576K
}
Event: 31.446 GC heap after
{Heap after GC invocations=98 (full 0):
 garbage-first heap   total 282624K, used 148141K [0x0000000080000000, 0x0000000100000000)
  region size 1024K, 8 young (8192K), 8 survivors (8192K)
 Metaspace       used 97417K, capacity 100227K, committed 100352K, reserved 1136640K
  class space    used 12254K, capacity 13196K, committed 13312K, reserved 1048576K
}
Event: 31.547 GC heap before
{Heap before GC invocations=98 (full 0):
 garbage-first heap   total 282624K, used 238253K [0x0000000080000000, 0x0000000100000000)
  region size 1024K, 97 young (99328K), 8 survivors (8192K)
 Metaspace       used 97423K, capacity 100227K, committed 100352K, reserved 1136640K
  class space    used 12254K, capacity 13196K, committed 13312K, reserved 1048576K
}

Deoptimization events (20 events):
Event: 31.496 Thread 0x0000021ca86c6000 DEOPT PACKING pc=0x0000021c8f7cad88 sp=0x0000007f7ebfa790
Event: 31.496 Thread 0x0000021ca86c6000 DEOPT UNPACKING pc=0x0000021c8d8976ce sp=0x0000007f7ebf9e00 mode 0
Event: 31.500 Thread 0x0000021ca86c4800 DEOPT PACKING pc=0x0000021c8fa5d8b7 sp=0x0000007f7eafab80
Event: 31.500 Thread 0x0000021ca86c4800 DEOPT UNPACKING pc=0x0000021c8d8976ce sp=0x0000007f7eafa0a8 mode 0
Event: 31.504 Thread 0x0000021ca86c6000 DEOPT PACKING pc=0x0000021c8fa5d8b7 sp=0x0000007f7ebfa650
Event: 31.504 Thread 0x0000021ca86c6000 DEOPT UNPACKING pc=0x0000021c8d8976ce sp=0x0000007f7ebf9b78 mode 0
Event: 31.504 Thread 0x0000021ca86c0000 DEOPT PACKING pc=0x0000021c8f7cad88 sp=0x0000007f7ecfa9e0
Event: 31.504 Thread 0x0000021ca86c0000 DEOPT UNPACKING pc=0x0000021c8d8976ce sp=0x0000007f7ecfa050 mode 0
Event: 31.511 Thread 0x0000021ca86c0000 DEOPT PACKING pc=0x0000021c8f7cad88 sp=0x0000007f7ecfa9e0
Event: 31.511 Thread 0x0000021ca86c0000 DEOPT UNPACKING pc=0x0000021c8d8976ce sp=0x0000007f7ecfa050 mode 0
Event: 31.515 Thread 0x0000021ca86c0000 DEOPT PACKING pc=0x0000021c8fa5d8b7 sp=0x0000007f7ecfa9c0
Event: 31.515 Thread 0x0000021ca86c0000 DEOPT UNPACKING pc=0x0000021c8d8976ce sp=0x0000007f7ecf9ee8 mode 0
Event: 31.516 Thread 0x0000021ca86c0000 DEOPT PACKING pc=0x0000021c8f7cad88 sp=0x0000007f7ecfa9e0
Event: 31.516 Thread 0x0000021ca86c0000 DEOPT UNPACKING pc=0x0000021c8d8976ce sp=0x0000007f7ecfa050 mode 0
Event: 31.520 Thread 0x0000021ca86c6000 DEOPT PACKING pc=0x0000021c8fa5d8b7 sp=0x0000007f7ebfa770
Event: 31.520 Thread 0x0000021ca86c6000 DEOPT UNPACKING pc=0x0000021c8d8976ce sp=0x0000007f7ebf9c98 mode 0
Event: 31.528 Thread 0x0000021ca86c2000 DEOPT PACKING pc=0x0000021c8f7cad88 sp=0x0000007f7e6fa9c0
Event: 31.528 Thread 0x0000021ca86c2000 DEOPT UNPACKING pc=0x0000021c8d8976ce sp=0x0000007f7e6fa030 mode 0
Event: 31.541 Thread 0x0000021ca86c4800 DEOPT PACKING pc=0x0000021c8fa5d8b7 sp=0x0000007f7eafab80
Event: 31.541 Thread 0x0000021ca86c4800 DEOPT UNPACKING pc=0x0000021c8d8976ce sp=0x0000007f7eafa0a8 mode 0

Classes redefined (0 events):
No events

Internal exceptions (20 events):
Event: 28.651 Thread 0x0000021ca86c1000 Exception <a 'sun/nio/fs/WindowsException'{0x000000008b9e8260}> (0x000000008b9e8260) thrown at [./src/hotspot/share/prims/jni.cpp, line 615]
Event: 30.380 Thread 0x0000021ca86bf800 Exception <a 'sun/nio/fs/WindowsException'{0x000000008c29dd38}> (0x000000008c29dd38) thrown at [./src/hotspot/share/prims/jni.cpp, line 615]
Event: 30.399 Thread 0x0000021ca86c1000 Exception <a 'sun/nio/fs/WindowsException'{0x000000008e5405c8}> (0x000000008e5405c8) thrown at [./src/hotspot/share/prims/jni.cpp, line 615]
Event: 30.458 Thread 0x0000021ca86c5000 Exception <a 'sun/nio/fs/WindowsException'{0x000000008c1299a8}> (0x000000008c1299a8) thrown at [./src/hotspot/share/prims/jni.cpp, line 615]
Event: 30.683 Thread 0x0000021ca86c2000 Exception <a 'sun/nio/fs/WindowsException'{0x000000008d14edc8}> (0x000000008d14edc8) thrown at [./src/hotspot/share/prims/jni.cpp, line 615]
Event: 30.738 Thread 0x0000021ca86bf800 Exception <a 'sun/nio/fs/WindowsException'{0x000000008b888210}> (0x000000008b888210) thrown at [./src/hotspot/share/prims/jni.cpp, line 615]
Event: 30.772 Thread 0x0000021ca86c2000 Exception <a 'sun/nio/fs/WindowsException'{0x000000008e035aa8}> (0x000000008e035aa8) thrown at [./src/hotspot/share/prims/jni.cpp, line 615]
Event: 30.773 Thread 0x0000021ca86c5000 Exception <a 'sun/nio/fs/WindowsException'{0x000000008df761e8}> (0x000000008df761e8) thrown at [./src/hotspot/share/prims/jni.cpp, line 615]
Event: 30.775 Thread 0x0000021ca86c4800 Exception <a 'sun/nio/fs/WindowsException'{0x000000008dd31180}> (0x000000008dd31180) thrown at [./src/hotspot/share/prims/jni.cpp, line 615]
Event: 30.840 Thread 0x0000021ca86c2000 Exception <a 'sun/nio/fs/WindowsException'{0x000000008c9d63a0}> (0x000000008c9d63a0) thrown at [./src/hotspot/share/prims/jni.cpp, line 615]
Event: 30.848 Thread 0x0000021ca86bf800 Exception <a 'sun/nio/fs/WindowsException'{0x000000008c505760}> (0x000000008c505760) thrown at [./src/hotspot/share/prims/jni.cpp, line 615]
Event: 30.883 Thread 0x0000021ca86bf800 Exception <a 'sun/nio/fs/WindowsException'{0x000000008b4d69c8}> (0x000000008b4d69c8) thrown at [./src/hotspot/share/prims/jni.cpp, line 615]
Event: 30.968 Thread 0x0000021ca86bf800 Exception <a 'sun/nio/fs/WindowsException'{0x000000008c34ee78}> (0x000000008c34ee78) thrown at [./src/hotspot/share/prims/jni.cpp, line 615]
Event: 30.986 Thread 0x0000021ca86c2000 Exception <a 'sun/nio/fs/WindowsException'{0x000000008af1cd10}> (0x000000008af1cd10) thrown at [./src/hotspot/share/prims/jni.cpp, line 615]
Event: 31.028 Thread 0x0000021ca86bf800 Exception <a 'sun/nio/fs/WindowsException'{0x000000008c680cf8}> (0x000000008c680cf8) thrown at [./src/hotspot/share/prims/jni.cpp, line 615]
Event: 31.117 Thread 0x0000021ca86c2000 Exception <a 'sun/nio/fs/WindowsException'{0x000000008ae56168}> (0x000000008ae56168) thrown at [./src/hotspot/share/prims/jni.cpp, line 615]
Event: 31.285 Thread 0x0000021ca86c5000 Exception <a 'sun/nio/fs/WindowsException'{0x000000008e0c7090}> (0x000000008e0c7090) thrown at [./src/hotspot/share/prims/jni.cpp, line 615]
Event: 31.362 Thread 0x0000021ca86c5000 Exception <a 'sun/nio/fs/WindowsException'{0x000000008ce48ea0}> (0x000000008ce48ea0) thrown at [./src/hotspot/share/prims/jni.cpp, line 615]
Event: 31.397 Thread 0x0000021ca86c5000 Exception <a 'sun/nio/fs/WindowsException'{0x000000009084c680}> (0x000000009084c680) thrown at [./src/hotspot/share/prims/jni.cpp, line 615]
Event: 31.483 Thread 0x0000021ca86c2000 Exception <a 'sun/nio/fs/WindowsException'{0x000000008e4db338}> (0x000000008e4db338) thrown at [./src/hotspot/share/prims/jni.cpp, line 615]

Events (20 events):
Event: 31.054 Executing VM operation: G1CollectForAllocation done
Event: 31.121 Executing VM operation: G1CollectForAllocation
Event: 31.126 Executing VM operation: G1CollectForAllocation done
Event: 31.185 Executing VM operation: G1CollectForAllocation
Event: 31.193 Executing VM operation: G1CollectForAllocation done
Event: 31.201 Executing VM operation: CGC_Operation
Event: 31.213 Executing VM operation: CGC_Operation done
Event: 31.278 Executing VM operation: CGC_Operation
Event: 31.280 Executing VM operation: CGC_Operation done
Event: 31.302 Executing VM operation: G1CollectForAllocation
Event: 31.305 Executing VM operation: G1CollectForAllocation done
Event: 31.377 Executing VM operation: G1CollectForAllocation
Event: 31.378 Executing VM operation: G1CollectForAllocation done
Event: 31.379 Executing VM operation: G1CollectForAllocation
Event: 31.383 Executing VM operation: G1CollectForAllocation done
Event: 31.441 Executing VM operation: G1CollectForAllocation
Event: 31.446 Executing VM operation: G1CollectForAllocation done
Event: 31.529 Executing VM operation: CGC_Operation
Event: 31.538 Executing VM operation: CGC_Operation done
Event: 31.546 Executing VM operation: G1CollectForAllocation


Dynamic libraries:
0x00007ff6b72a0000 - 0x00007ff6b72aa000 	C:\Program Files\Android\Android Studio3\jre\bin\java.exe
0x00007ffae8900000 - 0x00007ffae8b0f000 	C:\WINDOWS\SYSTEM32\ntdll.dll
0x00007ffae7cf0000 - 0x00007ffae7dad000 	C:\WINDOWS\System32\KERNEL32.DLL
0x00007ffae62a0000 - 0x00007ffae6626000 	C:\WINDOWS\System32\KERNELBASE.dll
0x00007ffae2ec0000 - 0x00007ffae2f52000 	C:\WINDOWS\SYSTEM32\apphelp.dll
0x00007ffae6030000 - 0x00007ffae6141000 	C:\WINDOWS\System32\ucrtbase.dll
0x00007ffad0bd0000 - 0x00007ffad0be7000 	C:\Program Files\Android\Android Studio3\jre\bin\VCRUNTIME140.dll
0x00007ffacf670000 - 0x00007ffacf689000 	C:\Program Files\Android\Android Studio3\jre\bin\jli.dll
0x00007ffae72d0000 - 0x00007ffae747b000 	C:\WINDOWS\System32\USER32.dll
0x00007ffae6000000 - 0x00007ffae6026000 	C:\WINDOWS\System32\win32u.dll
0x00007ffad3740000 - 0x00007ffad39e1000 	C:\WINDOWS\WinSxS\amd64_microsoft.windows.common-controls_6595b64144ccf1df_6.0.22468.1000_none_266f4f372a53a5e7\COMCTL32.dll
0x00007ffae7bb0000 - 0x00007ffae7bd9000 	C:\WINDOWS\System32\GDI32.dll
0x00007ffae7580000 - 0x00007ffae7624000 	C:\WINDOWS\System32\msvcrt.dll
0x00007ffae5dd0000 - 0x00007ffae5ee7000 	C:\WINDOWS\System32\gdi32full.dll
0x00007ffae5f60000 - 0x00007ffae5ffb000 	C:\WINDOWS\System32\msvcp_win.dll
0x00007ffae7540000 - 0x00007ffae7571000 	C:\WINDOWS\System32\IMM32.DLL
0x00007ffabe960000 - 0x00007ffabe9fd000 	C:\Program Files\Android\Android Studio3\jre\bin\msvcp140.dll
0x00007ffaa8630000 - 0x00007ffaa90ff000 	C:\Program Files\Android\Android Studio3\jre\bin\server\jvm.dll
0x00007ffae7810000 - 0x00007ffae78be000 	C:\WINDOWS\System32\ADVAPI32.dll
0x00007ffae7770000 - 0x00007ffae780f000 	C:\WINDOWS\System32\sechost.dll
0x00007ffae7a90000 - 0x00007ffae7bb0000 	C:\WINDOWS\System32\RPCRT4.dll
0x00007ffae7a50000 - 0x00007ffae7a58000 	C:\WINDOWS\System32\PSAPI.DLL
0x00007ffadaa40000 - 0x00007ffadaa73000 	C:\WINDOWS\SYSTEM32\WINMM.dll
0x00007ffae20c0000 - 0x00007ffae20ca000 	C:\WINDOWS\SYSTEM32\VERSION.dll
0x00007ffae3810000 - 0x00007ffae3819000 	C:\WINDOWS\SYSTEM32\WSOCK32.dll
0x00007ffae7be0000 - 0x00007ffae7c51000 	C:\WINDOWS\System32\WS2_32.dll
0x00007ffae4f90000 - 0x00007ffae4fa8000 	C:\WINDOWS\SYSTEM32\kernel.appcore.dll
0x00007ffae2970000 - 0x00007ffae2981000 	C:\Program Files\Android\Android Studio3\jre\bin\verify.dll
0x00007ffade2c0000 - 0x00007ffade4e7000 	C:\WINDOWS\SYSTEM32\DBGHELP.DLL
0x00007ffae6f50000 - 0x00007ffae72cc000 	C:\WINDOWS\System32\combase.dll
0x00007ffade280000 - 0x00007ffade2b1000 	C:\WINDOWS\SYSTEM32\dbgcore.DLL
0x00007ffae6150000 - 0x00007ffae61d1000 	C:\WINDOWS\System32\bcryptPrimitives.dll
0x00007ffae2940000 - 0x00007ffae2969000 	C:\Program Files\Android\Android Studio3\jre\bin\java.dll
0x00007ffae3800000 - 0x00007ffae380b000 	C:\Program Files\Android\Android Studio3\jre\bin\jimage.dll
0x00007ffae2920000 - 0x00007ffae2938000 	C:\Program Files\Android\Android Studio3\jre\bin\zip.dll
0x00007ffae67a0000 - 0x00007ffae6f4b000 	C:\WINDOWS\System32\SHELL32.dll
0x00007ffae3e30000 - 0x00007ffae468c000 	C:\WINDOWS\SYSTEM32\windows.storage.dll
0x00007ffae3cc0000 - 0x00007ffae3e28000 	C:\WINDOWS\SYSTEM32\wintypes.dll
0x00007ffae86e0000 - 0x00007ffae87d0000 	C:\WINDOWS\System32\SHCORE.dll
0x00007ffae7c90000 - 0x00007ffae7ceb000 	C:\WINDOWS\System32\shlwapi.dll
0x00007ffae5d00000 - 0x00007ffae5d21000 	C:\WINDOWS\SYSTEM32\profapi.dll
0x00007ffae12e0000 - 0x00007ffae12fa000 	C:\Program Files\Android\Android Studio3\jre\bin\net.dll
0x00007ffadf020000 - 0x00007ffadf130000 	C:\WINDOWS\SYSTEM32\WINHTTP.dll
0x00007ffae53e0000 - 0x00007ffae5449000 	C:\WINDOWS\system32\mswsock.dll
0x00007ffadd7a0000 - 0x00007ffadd7b4000 	C:\Program Files\Android\Android Studio3\jre\bin\nio.dll
0x00007ffaceca0000 - 0x00007ffacecc7000 	C:\Users\xpmkm\.gradle\native\8bec1ad78214c89d9ad589b4d07fe93259594b29d510b10fafb7a158f7737e5d\windows-amd64\native-platform.dll
0x00007ffab99d0000 - 0x00007ffab9b0d000 	C:\Users\xpmkm\.gradle\native\53dbd7edfb1c66fb8903c78663c9afc45aea4f116125fa6feffd364cf09443e8\windows-amd64\native-platform-file-events.dll
0x00007ffae37e0000 - 0x00007ffae37ea000 	C:\Program Files\Android\Android Studio3\jre\bin\management.dll
0x00007ffae2ac0000 - 0x00007ffae2acc000 	C:\Program Files\Android\Android Studio3\jre\bin\management_ext.dll
0x00007ffae5630000 - 0x00007ffae5648000 	C:\WINDOWS\SYSTEM32\CRYPTSP.dll
0x00007ffae4ef0000 - 0x00007ffae4f25000 	C:\WINDOWS\system32\rsaenh.dll
0x00007ffae54e0000 - 0x00007ffae5509000 	C:\WINDOWS\SYSTEM32\USERENV.dll
0x00007ffae57b0000 - 0x00007ffae57d8000 	C:\WINDOWS\SYSTEM32\bcrypt.dll
0x00007ffae5650000 - 0x00007ffae565c000 	C:\WINDOWS\SYSTEM32\CRYPTBASE.dll
0x00007ffae4970000 - 0x00007ffae499d000 	C:\WINDOWS\SYSTEM32\IPHLPAPI.DLL
0x00007ffae7a60000 - 0x00007ffae7a69000 	C:\WINDOWS\System32\NSI.dll
0x00007ffae3130000 - 0x00007ffae3149000 	C:\WINDOWS\SYSTEM32\dhcpcsvc6.DLL
0x00007ffae3110000 - 0x00007ffae312e000 	C:\WINDOWS\SYSTEM32\dhcpcsvc.DLL
0x00007ffae49a0000 - 0x00007ffae4a91000 	C:\WINDOWS\SYSTEM32\DNSAPI.dll
0x00007ffad0bf0000 - 0x00007ffad0c17000 	C:\Program Files\Android\Android Studio3\jre\bin\sunec.dll
0x00007ffae3100000 - 0x00007ffae310a000 	C:\Windows\System32\rasadhlp.dll
0x00007ffadf160000 - 0x00007ffadf1e1000 	C:\WINDOWS\System32\fwpuclnt.dll
0x00007ffae48d0000 - 0x00007ffae4904000 	C:\WINDOWS\SYSTEM32\ntmarta.dll

dbghelp: loaded successfully - version: 4.0.5 - missing functions: none
symbol engine: initialized successfully - sym options: 0x614 - pdb path: .;C:\Program Files\Android\Android Studio3\jre\bin;C:\WINDOWS\SYSTEM32;C:\WINDOWS\WinSxS\amd64_microsoft.windows.common-controls_6595b64144ccf1df_6.0.22468.1000_none_266f4f372a53a5e7;C:\Program Files\Android\Android Studio3\jre\bin\server;C:\Users\xpmkm\.gradle\native\8bec1ad78214c89d9ad589b4d07fe93259594b29d510b10fafb7a158f7737e5d\windows-amd64;C:\Users\xpmkm\.gradle\native\53dbd7edfb1c66fb8903c78663c9afc45aea4f116125fa6feffd364cf09443e8\windows-amd64

VM Arguments:
jvm_args: --add-opens=java.base/java.util=ALL-UNNAMED --add-opens=java.base/java.lang=ALL-UNNAMED --add-opens=java.base/java.lang.invoke=ALL-UNNAMED --add-opens=java.base/java.util=ALL-UNNAMED --add-opens=java.prefs/java.util.prefs=ALL-UNNAMED --add-opens=java.prefs/java.util.prefs=ALL-UNNAMED --add-opens=java.base/java.nio.charset=ALL-UNNAMED --add-opens=java.base/java.net=ALL-UNNAMED --add-opens=java.base/java.util.concurrent.atomic=ALL-UNNAMED -Xmx2048m -Dfile.encoding=UTF-8 -Duser.country=IN -Duser.language=en -Duser.variant 
java_command: org.gradle.launcher.daemon.bootstrap.GradleDaemon 7.0.2
java_class_path (initial): C:\Users\xpmkm\.gradle\wrapper\dists\gradle-7.0.2-bin\857tjihv64xamwrf0h14cai3r\gradle-7.0.2\lib\gradle-launcher-7.0.2.jar
Launcher Type: SUN_STANDARD

[Global flags]
     intx CICompilerCount                          = 4                                         {product} {ergonomic}
     uint ConcGCThreads                            = 2                                         {product} {ergonomic}
     uint G1ConcRefinementThreads                  = 8                                         {product} {ergonomic}
   size_t G1HeapRegionSize                         = 1048576                                   {product} {ergonomic}
    uintx GCDrainStackTargetSize                   = 64                                        {product} {ergonomic}
   size_t InitialHeapSize                          = 132120576                                 {product} {ergonomic}
   size_t MarkStackSize                            = 4194304                                   {product} {ergonomic}
   size_t MaxHeapSize                              = 2147483648                                {product} {command line}
   size_t MaxNewSize                               = 1287651328                                {product} {ergonomic}
   size_t MinHeapDeltaBytes                        = 1048576                                   {product} {ergonomic}
    uintx NonNMethodCodeHeapSize                   = 5836300                                {pd product} {ergonomic}
    uintx NonProfiledCodeHeapSize                  = 122910970                              {pd product} {ergonomic}
    uintx ProfiledCodeHeapSize                     = 122910970                              {pd product} {ergonomic}
    uintx ReservedCodeCacheSize                    = 251658240                              {pd product} {ergonomic}
     bool SegmentedCodeCache                       = true                                      {product} {ergonomic}
     bool UseCompressedClassPointers               = true                                 {lp64_product} {ergonomic}
     bool UseCompressedOops                        = true                                 {lp64_product} {ergonomic}
     bool UseG1GC                                  = true                                      {product} {ergonomic}
     bool UseLargePagesIndividualAllocation        = false                                  {pd product} {ergonomic}

Logging:
Log output configuration:
 #0: stdout all=warning uptime,level,tags
 #1: stderr all=off uptime,level,tags

Environment Variables:
PATH=C:\Program Files (x86)\Common Files\Oracle\Java\javapath;C:\WINDOWS\system32;C:\WINDOWS;C:\WINDOWS\System32\Wbem;C:\WINDOWS\System32\WindowsPowerShell\v1.0\;C:\WINDOWS\System32\OpenSSH\;C:\Program Files\Git\cmd;C:\Program Files\nodejs\;C:\xampp\php;C:\ProgramData\ComposerSetup\bin;C:\Users\xpmkm\AppData\Local\Android\Sdk\platform-tools;C:\Program Files\Java\jdk1.8.0_231\bin;C:\Program Files\opnsl\bin;C:\Users\xpmkm\AppData\Roaming\npm;C:\Users\xpmkm\AppData\Local\Programs\Microsoft VS Code\bin;C:\Program Files\flutter\bin;C:\Users\xpmkm\AppData\Roaming\Composer\vendor\bin;C:\Users\xpmkm\AppData\Local\Microsoft\WindowsApps;
USERNAME=xpmkm
OS=Windows_NT
PROCESSOR_IDENTIFIER=AMD64 Family 23 Model 24 Stepping 1, AuthenticAMD



---------------  S Y S T E M  ---------------

OS: Windows 10 , 64 bit Build 22468 (10.0.22468.1000)
OS uptime: 5 days 17:21 hours

CPU:total 8 (initial active 8) (8 cores per cpu, 2 threads per core) family 23 model 24 stepping 1 microcode 0x0, cmov, cx8, fxsr, mmx, sse, sse2, sse3, ssse3, sse4.1, sse4.2, popcnt, avx, avx2, aes, clmul, mmxext, 3dnowpref, lzcnt, sse4a, ht, tsc, tscinvbit, tscinv, bmi1, bmi2, adx, s

Memory: 4k page, system-wide physical 8002M (234M free)
TotalPageFile size 12098M (AvailPageFile size 29M)
current process WorkingSet (physical memory assigned to process): 557M, peak: 557M
current process commit charge ("private bytes"): 593M, peak: 648M

vm_info: OpenJDK 64-Bit Server VM (11.0.10+0-b96-7249189) for windows-amd64 JRE (11.0.10+0-b96-7249189), built on Mar 31 2021 21:44:00 by "builder" with MS VC++ 14.0 (VS2015)

END.
