#
# There is insufficient memory for the Java Runtime Environment to continue.
# Native memory allocation (malloc) failed to allocate 1361856 bytes for Chunk::new
# Possible reasons:
#   The system is out of physical RAM or swap space
#   The process is running with CompressedOops enabled, and the Java Heap may be blocking the growth of the native heap
# Possible solutions:
#   Reduce memory load on the system
#   Increase physical memory or swap space
#   Check if swap backing store is full
#   Decrease Java heap size (-Xmx/-Xms)
#   Decrease number of Java threads
#   Decrease Java thread stack sizes (-Xss)
#   Set larger code cache with -XX:ReservedCodeCacheSize=
#   JVM is running with Unscaled Compressed Oops mode in which the Java heap is
#     placed in the first 4GB address space. The Java Heap base address is the
#     maximum limit for the native heap growth. Please use -XX:HeapBaseMinAddress
#     to set the Java Heap base and to place the Java Heap above 4GB virtual address.
# This output file may be truncated or incomplete.
#
#  Out of Memory Error (./src/hotspot/share/memory/arena.cpp:197), pid=9820, tid=8460
#
# JRE version: OpenJDK Runtime Environment (11.0.10) (build 11.0.10+0-b96-7249189)
# Java VM: OpenJDK 64-Bit Server VM (11.0.10+0-b96-7249189, mixed mode, tiered, compressed oops, g1 gc, windows-amd64)
# No core dump will be written. Minidumps are not enabled by default on client versions of Windows
#

---------------  S U M M A R Y ------------

Command Line: --add-opens=java.base/java.util=ALL-UNNAMED --add-opens=java.base/java.lang=ALL-UNNAMED --add-opens=java.base/java.lang.invoke=ALL-UNNAMED --add-opens=java.base/java.util=ALL-UNNAMED --add-opens=java.prefs/java.util.prefs=ALL-UNNAMED --add-opens=java.prefs/java.util.prefs=ALL-UNNAMED --add-opens=java.base/java.nio.charset=ALL-UNNAMED --add-opens=java.base/java.net=ALL-UNNAMED --add-opens=java.base/java.util.concurrent.atomic=ALL-UNNAMED -Xmx2048m -Dfile.encoding=UTF-8 -Duser.country=IN -Duser.language=en -Duser.variant org.gradle.launcher.daemon.bootstrap.GradleDaemon 7.0.2

Host: AMD Ryzen 5 3550H with Radeon Vega Mobile Gfx  , 8 cores, 7G,  Windows 10 , 64 bit Build 22471 (10.0.22471.1000)
Time: Fri Oct  8 13:19:48 2021 India Standard Time elapsed time: 18.171762 seconds (0d 0h 0m 18s)

---------------  T H R E A D  ---------------

Current thread (0x0000014d08c71800):  JavaThread "C2 CompilerThread1" daemon [_thread_in_native, id=8460, stack(0x000000071fa00000,0x000000071fb00000)]


Current CompileTask:
C2:  18171 12713 %     4       org.gradle.internal.instantiation.generator.AbstractClassGenerator::inspectType @ 207 (560 bytes)

Stack: [0x000000071fa00000,0x000000071fb00000]
Native frames: (J=compiled Java code, j=interpreted, Vv=VM code, C=native code)
V  [jvm.dll+0x5ecfaa]
V  [jvm.dll+0x722bd5]
V  [jvm.dll+0x72412d]
V  [jvm.dll+0x7247e3]
V  [jvm.dll+0x242928]
V  [jvm.dll+0xbc4fc]
V  [jvm.dll+0xbca0c]
V  [jvm.dll+0x2b4fd4]
V  [jvm.dll+0x506028]
V  [jvm.dll+0x203253]
V  [jvm.dll+0x1fd07c]
V  [jvm.dll+0x1fa77f]
V  [jvm.dll+0x18354c]
V  [jvm.dll+0x208ee7]
V  [jvm.dll+0x207731]
V  [jvm.dll+0x6eb1cf]
V  [jvm.dll+0x6e3d45]
V  [jvm.dll+0x5ebe96]
C  [ucrtbase.dll+0x293cc]
C  [KERNEL32.DLL+0x16ab0]
C  [ntdll.dll+0x5c44b]


---------------  P R O C E S S  ---------------

Threads class SMR info:
_java_thread_list=0x0000014d0bd5e4a0, length=68, elements={
0x0000014d6bc37800, 0x0000014d08051800, 0x0000014d08052800, 0x0000014d089c5800,
0x0000014d089c7000, 0x0000014d089c9800, 0x0000014d089d0000, 0x0000014d089d1800,
0x0000014d089d3000, 0x0000014d08b2d800, 0x0000014d08b2f800, 0x0000014d08b32000,
0x0000014d08c71800, 0x0000014d08b30000, 0x0000014d08b31000, 0x0000014d08b32800,
0x0000014d08b33800, 0x0000014d08b34000, 0x0000014d08b2e800, 0x0000014d0adfa800,
0x0000014d0adfb000, 0x0000014d0adf7000, 0x0000014d0adfc000, 0x0000014d0adf8000,
0x0000014d0adf6800, 0x0000014d0adf9800, 0x0000014d0adfd000, 0x0000014d0adfd800,
0x0000014d0adfe800, 0x0000014d0adf8800, 0x0000014d0c855800, 0x0000014d0ae05000,
0x0000014d0ae02800, 0x0000014d0ae04000, 0x0000014d0ae01000, 0x0000014d0c53f000,
0x0000014d0c541800, 0x0000014d0c53e000, 0x0000014d0c544800, 0x0000014d0c544000,
0x0000014d0c545800, 0x0000014d0c540000, 0x0000014d0c546800, 0x0000014d0c540800,
0x0000014d0c547000, 0x0000014d0c548000, 0x0000014d0c542800, 0x0000014d0c549000,
0x0000014d0c543000, 0x0000014d0c549800, 0x0000014d0c54a800, 0x0000014d0c54b800,
0x0000014d0c54d000, 0x0000014d08c9d000, 0x0000014d08ca0000, 0x0000014d08ca1000,
0x0000014d08c9c000, 0x0000014d08c9b800, 0x0000014d08ca2000, 0x0000014d08ca2800,
0x0000014d08ca3800, 0x0000014d08c9e800, 0x0000014d08c9e000, 0x0000014d08ca4800,
0x0000014d08ca5000, 0x0000014d08c9f800, 0x0000014d08ca7800, 0x0000014d08ca6800
}

Java Threads: ( => current thread )
  0x0000014d6bc37800 JavaThread "main" [_thread_blocked, id=16232, stack(0x000000071e600000,0x000000071e700000)]
  0x0000014d08051800 JavaThread "Reference Handler" daemon [_thread_blocked, id=15624, stack(0x000000071ed00000,0x000000071ee00000)]
  0x0000014d08052800 JavaThread "Finalizer" daemon [_thread_blocked, id=5288, stack(0x000000071ee00000,0x000000071ef00000)]
  0x0000014d089c5800 JavaThread "Signal Dispatcher" daemon [_thread_blocked, id=13672, stack(0x000000071ef00000,0x000000071f000000)]
  0x0000014d089c7000 JavaThread "Attach Listener" daemon [_thread_blocked, id=15372, stack(0x000000071f000000,0x000000071f100000)]
  0x0000014d089c9800 JavaThread "Service Thread" daemon [_thread_blocked, id=14392, stack(0x000000071f100000,0x000000071f200000)]
  0x0000014d089d0000 JavaThread "C2 CompilerThread0" daemon [_thread_in_native, id=16340, stack(0x000000071f200000,0x000000071f300000)]
  0x0000014d089d1800 JavaThread "C1 CompilerThread0" daemon [_thread_in_native, id=1652, stack(0x000000071f300000,0x000000071f400000)]
  0x0000014d089d3000 JavaThread "Sweeper thread" daemon [_thread_blocked, id=8844, stack(0x000000071f400000,0x000000071f500000)]
  0x0000014d08b2d800 JavaThread "Common-Cleaner" daemon [_thread_blocked, id=8188, stack(0x000000071f500000,0x000000071f600000)]
  0x0000014d08b2f800 JavaThread "Daemon health stats" [_thread_blocked, id=15772, stack(0x000000071fb00000,0x000000071fc00000)]
  0x0000014d08b32000 JavaThread "Incoming local TCP Connector on port 52231" [_thread_in_native, id=15660, stack(0x000000071f700000,0x000000071f800000)]
=>0x0000014d08c71800 JavaThread "C2 CompilerThread1" daemon [_thread_in_native, id=8460, stack(0x000000071fa00000,0x000000071fb00000)]
  0x0000014d08b30000 JavaThread "Daemon periodic checks" [_thread_blocked, id=1896, stack(0x000000071fc00000,0x000000071fd00000)]
  0x0000014d08b31000 JavaThread "Daemon" [_thread_blocked, id=164, stack(0x000000071fd00000,0x000000071fe00000)]
  0x0000014d08b32800 JavaThread "Handler for socket connection from /127.0.0.1:52231 to /127.0.0.1:52232" [_thread_in_native, id=2348, stack(0x000000071fe00000,0x000000071ff00000)]
  0x0000014d08b33800 JavaThread "Cancel handler" [_thread_blocked, id=14844, stack(0x000000071ff00000,0x0000000720000000)]
  0x0000014d08b34000 JavaThread "Daemon worker" [_thread_blocked, id=12996, stack(0x0000000720000000,0x0000000720100000)]
  0x0000014d08b2e800 JavaThread "Asynchronous log dispatcher for DefaultDaemonConnection: socket connection from /127.0.0.1:52231 to /127.0.0.1:52232" [_thread_blocked, id=10624, stack(0x0000000720100000,0x0000000720200000)]
  0x0000014d0adfa800 JavaThread "Stdin handler" [_thread_blocked, id=640, stack(0x0000000720200000,0x0000000720300000)]
  0x0000014d0adfb000 JavaThread "Daemon client event forwarder" [_thread_blocked, id=5796, stack(0x0000000720300000,0x0000000720400000)]
  0x0000014d0adf7000 JavaThread "Cache worker for file hash cache (C:\Users\xpmkm\.gradle\caches\7.0.2\fileHashes)" [_thread_blocked, id=2308, stack(0x0000000720900000,0x0000000720a00000)]
  0x0000014d0adfc000 JavaThread "File lock request listener" [_thread_in_native, id=11180, stack(0x0000000720a00000,0x0000000720b00000)]
  0x0000014d0adf8000 JavaThread "Cache worker for journal cache (C:\Users\xpmkm\.gradle\caches\journal-1)" [_thread_blocked, id=12888, stack(0x0000000720c00000,0x0000000720d00000)]
  0x0000014d0adf6800 JavaThread "Cache worker for file hash cache (C:\Users\xpmkm\Desktop\update_code_vezilla-server\codecanyon-L2GSbXtH-dairy-products-grocery-daily-milk-delivery-mobile-app-with-subscription-customer-app-delivery\test-vezilla-android-workspace\.gradle\7.0.2\fileHashes)" [_thread_blocked, id=14416, stack(0x0000000720d00000,0x0000000720e00000)]
  0x0000014d0adf9800 JavaThread "File watcher server" daemon [_thread_in_native, id=15628, stack(0x0000000720e00000,0x0000000720f00000)]
  0x0000014d0adfd000 JavaThread "File watcher consumer" daemon [_thread_blocked, id=7640, stack(0x0000000720f00000,0x0000000721000000)]
  0x0000014d0adfd800 JavaThread "Cache worker for checksums cache (C:\Users\xpmkm\Desktop\update_code_vezilla-server\codecanyon-L2GSbXtH-dairy-products-grocery-daily-milk-delivery-mobile-app-with-subscription-customer-app-delivery\test-vezilla-android-workspace\.gradle\checksums)" [_thread_blocked, id=13972, stack(0x0000000721000000,0x0000000721100000)]
  0x0000014d0adfe800 JavaThread "Cache worker for cache directory md-supplier (C:\Users\xpmkm\.gradle\caches\7.0.2\md-supplier)" [_thread_blocked, id=14696, stack(0x0000000721100000,0x0000000721200000)]
  0x0000014d0adf8800 JavaThread "Cache worker for cache directory md-rule (C:\Users\xpmkm\.gradle\caches\7.0.2\md-rule)" [_thread_blocked, id=14092, stack(0x0000000721200000,0x0000000721300000)]
  0x0000014d0c855800 JavaThread "C2 CompilerThread2" daemon [_thread_blocked, id=10112, stack(0x0000000721300000,0x0000000721400000)]
  0x0000014d0ae05000 JavaThread "Cache worker for execution history cache (C:\Users\xpmkm\.gradle\caches\7.0.2\executionHistory)" [_thread_blocked, id=14988, stack(0x0000000721400000,0x0000000721500000)]
  0x0000014d0ae02800 JavaThread "jar transforms" [_thread_blocked, id=16192, stack(0x0000000721500000,0x0000000721600000)]
  0x0000014d0ae04000 JavaThread "jar transforms Thread 2" [_thread_blocked, id=3824, stack(0x0000000721600000,0x0000000721700000)]
  0x0000014d0ae01000 JavaThread "Cache worker for file content cache (C:\Users\xpmkm\.gradle\caches\7.0.2\fileContent)" [_thread_blocked, id=4308, stack(0x0000000721700000,0x0000000721800000)]
  0x0000014d0c53f000 JavaThread "Cache worker for dependencies-accessors (C:\Users\xpmkm\Desktop\update_code_vezilla-server\codecanyon-L2GSbXtH-dairy-products-grocery-daily-milk-delivery-mobile-app-with-subscription-customer-app-delivery\test-vezilla-android-workspace\.gradle\7.0.2\dependencies-accessors)" [_thread_blocked, id=5928, stack(0x0000000721800000,0x0000000721900000)]
  0x0000014d0c541800 JavaThread "jar transforms Thread 3" [_thread_blocked, id=2828, stack(0x0000000721900000,0x0000000721a00000)]
  0x0000014d0c53e000 JavaThread "Cache worker for Build Output Cleanup Cache (C:\Users\xpmkm\Desktop\update_code_vezilla-server\codecanyon-L2GSbXtH-dairy-products-grocery-daily-milk-delivery-mobile-app-with-subscription-customer-app-delivery\test-vezilla-android-workspace\.gradle\buildOutputCleanup)" [_thread_blocked, id=16040, stack(0x0000000721a00000,0x0000000721b00000)]
  0x0000014d0c544800 JavaThread "Build operations" [_thread_blocked, id=12984, stack(0x0000000721b00000,0x0000000721c00000)]
  0x0000014d0c544000 JavaThread "Build operations Thread 2" [_thread_blocked, id=8232, stack(0x0000000721c00000,0x0000000721d00000)]
  0x0000014d0c545800 JavaThread "Build operations Thread 3" [_thread_blocked, id=3808, stack(0x0000000721d00000,0x0000000721e00000)]
  0x0000014d0c540000 JavaThread "Build operations Thread 4" [_thread_blocked, id=9236, stack(0x0000000721e00000,0x0000000721f00000)]
  0x0000014d0c546800 JavaThread "Build operations Thread 5" [_thread_blocked, id=9416, stack(0x0000000721f00000,0x0000000722000000)]
  0x0000014d0c540800 JavaThread "Build operations Thread 6" [_thread_blocked, id=13524, stack(0x0000000722000000,0x0000000722100000)]
  0x0000014d0c547000 JavaThread "Build operations Thread 7" [_thread_blocked, id=14800, stack(0x0000000722100000,0x0000000722200000)]
  0x0000014d0c548000 JavaThread "Build operations Thread 8" [_thread_blocked, id=9244, stack(0x0000000722200000,0x0000000722300000)]
  0x0000014d0c542800 JavaThread "jar transforms Thread 4" [_thread_blocked, id=15120, stack(0x0000000722300000,0x0000000722400000)]
  0x0000014d0c549000 JavaThread "jar transforms Thread 5" [_thread_blocked, id=316, stack(0x0000000722400000,0x0000000722500000)]
  0x0000014d0c543000 JavaThread "jar transforms Thread 6" [_thread_blocked, id=7240, stack(0x0000000722500000,0x0000000722600000)]
  0x0000014d0c549800 JavaThread "jar transforms Thread 7" [_thread_blocked, id=10708, stack(0x0000000722600000,0x0000000722700000)]
  0x0000014d0c54a800 JavaThread "jar transforms Thread 8" [_thread_blocked, id=10056, stack(0x0000000722700000,0x0000000722800000)]
  0x0000014d0c54b800 JavaThread "Memory manager" [_thread_blocked, id=3224, stack(0x0000000722800000,0x0000000722900000)]
  0x0000014d0c54d000 JavaThread "build event listener" [_thread_blocked, id=11760, stack(0x0000000722900000,0x0000000722a00000)]
  0x0000014d08c9d000 JavaThread "Execution worker for ':'" [_thread_blocked, id=11808, stack(0x0000000722a00000,0x0000000722b00000)]
  0x0000014d08ca0000 JavaThread "Execution worker for ':' Thread 2" [_thread_blocked, id=15160, stack(0x0000000722b00000,0x0000000722c00000)]
  0x0000014d08ca1000 JavaThread "Execution worker for ':' Thread 3" [_thread_blocked, id=10264, stack(0x0000000722c00000,0x0000000722d00000)]
  0x0000014d08c9c000 JavaThread "Execution worker for ':' Thread 4" [_thread_blocked, id=11460, stack(0x0000000722d00000,0x0000000722e00000)]
  0x0000014d08c9b800 JavaThread "Execution worker for ':' Thread 5" [_thread_blocked, id=12956, stack(0x0000000722e00000,0x0000000722f00000)]
  0x0000014d08ca2000 JavaThread "Execution worker for ':' Thread 6" [_thread_blocked, id=8184, stack(0x0000000722f00000,0x0000000723000000)]
  0x0000014d08ca2800 JavaThread "Execution worker for ':' Thread 7" [_thread_blocked, id=15068, stack(0x0000000723000000,0x0000000723100000)]
  0x0000014d08ca3800 JavaThread "Cache worker for execution history cache (C:\Users\xpmkm\Desktop\update_code_vezilla-server\codecanyon-L2GSbXtH-dairy-products-grocery-daily-milk-delivery-mobile-app-with-subscription-customer-app-delivery\test-vezilla-android-workspace\.gradle\7.0.2\executionHistory)" [_thread_blocked, id=1408, stack(0x0000000723100000,0x0000000723200000)]
  0x0000014d08c9e800 JavaThread "WorkerExecutor Queue" [_thread_blocked, id=4492, stack(0x0000000723400000,0x0000000723500000)]
  0x0000014d08c9e000 JavaThread "WorkerExecutor Queue Thread 2" [_thread_blocked, id=8948, stack(0x0000000723500000,0x0000000723600000)]
  0x0000014d08ca4800 JavaThread "WorkerExecutor Queue Thread 3" [_thread_in_Java, id=16244, stack(0x0000000723600000,0x0000000723700000)]
  0x0000014d08ca5000 JavaThread "WorkerExecutor Queue Thread 4" [_thread_blocked, id=1844, stack(0x0000000723700000,0x0000000723800000)]
  0x0000014d08c9f800 JavaThread "pool-3-thread-1" [_thread_blocked, id=2284, stack(0x0000000723800000,0x0000000723900000)]
  0x0000014d08ca7800 JavaThread "stderr" [_thread_in_native, id=6168, stack(0x0000000723900000,0x0000000723a00000)]
  0x0000014d08ca6800 JavaThread "stdout" [_thread_in_native, id=4108, stack(0x0000000723a00000,0x0000000723b00000)]

Other Threads:
  0x0000014d0804f800 VMThread "VM Thread" [stack: 0x000000071ec00000,0x000000071ed00000] [id=12500]
  0x0000014d08b40000 WatcherThread [stack: 0x000000071f600000,0x000000071f700000] [id=2840]
  0x0000014d6bc50800 GCTaskThread "GC Thread#0" [stack: 0x000000071e700000,0x000000071e800000] [id=3228]
  0x0000014d094fc800 GCTaskThread "GC Thread#1" [stack: 0x000000071f800000,0x000000071f900000] [id=10192]
  0x0000014d08e1a800 GCTaskThread "GC Thread#2" [stack: 0x000000071f900000,0x000000071fa00000] [id=8168]
  0x0000014d0b114000 GCTaskThread "GC Thread#3" [stack: 0x0000000720400000,0x0000000720500000] [id=7868]
  0x0000014d0b714000 GCTaskThread "GC Thread#4" [stack: 0x0000000720500000,0x0000000720600000] [id=9920]
  0x0000014d09cb3800 GCTaskThread "GC Thread#5" [stack: 0x0000000720600000,0x0000000720700000] [id=6432]
  0x0000014d08c1d000 GCTaskThread "GC Thread#6" [stack: 0x0000000720700000,0x0000000720800000] [id=8780]
  0x0000014d0a067800 GCTaskThread "GC Thread#7" [stack: 0x0000000720800000,0x0000000720900000] [id=3004]
  0x0000014d6bc80000 ConcurrentGCThread "G1 Main Marker" [stack: 0x000000071e800000,0x000000071e900000] [id=8860]
  0x0000014d6bc81800 ConcurrentGCThread "G1 Conc#0" [stack: 0x000000071e900000,0x000000071ea00000] [id=16148]
  0x0000014d09a82800 ConcurrentGCThread "G1 Conc#1" [stack: 0x0000000720b00000,0x0000000720c00000] [id=15748]
  0x0000014d6bd07800 ConcurrentGCThread "G1 Refine#0" [stack: 0x000000071ea00000,0x000000071eb00000] [id=14964]
  0x0000014d13054800 ConcurrentGCThread "G1 Refine#1" [stack: 0x0000000723200000,0x0000000723300000] [id=10540]
  0x0000014d10f96800 ConcurrentGCThread "G1 Refine#2" [stack: 0x0000000723300000,0x0000000723400000] [id=3288]
  0x0000014d6bd08800 ConcurrentGCThread "G1 Young RemSet Sampling" [stack: 0x000000071eb00000,0x000000071ec00000] [id=11380]

Threads with active compile tasks:
C2 CompilerThread0  18199 12981       4       com.android.tools.r8.internal.No::b (75 bytes)
C1 CompilerThread0  18199 12979       3       com.android.tools.r8.dex.j::m (2086 bytes)
C2 CompilerThread1  18199 12713 %     4       org.gradle.internal.instantiation.generator.AbstractClassGenerator::inspectType @ 207 (560 bytes)
C2 CompilerThread2  18199 12982 %     4       com.android.tools.r8.graph.c0::a @ 8 (258 bytes)

VM state:not at safepoint (normal execution)

VM Mutex/Monitor currently owned by a thread: None

Heap address: 0x0000000080000000, size: 2048 MB, Compressed Oops mode: 32-bit
Narrow klass base: 0x0000000000000000, Narrow klass shift: 3
Compressed class space size: 1073741824 Address: 0x0000000100000000

Heap:
 garbage-first heap   total 225280K, used 168978K [0x0000000080000000, 0x0000000100000000)
  region size 1024K, 36 young (36864K), 8 survivors (8192K)
 Metaspace       used 91756K, capacity 94442K, committed 94720K, reserved 1130496K
  class space    used 11787K, capacity 12801K, committed 12876K, reserved 1048576K
Heap Regions: E=young(eden), S=young(survivor), O=old, HS=humongous(starts), HC=humongous(continues), CS=collection set, F=free, A=archive, TAMS=top-at-mark-start (previous, next)
|   0|0x0000000080000000, 0x0000000080100000, 0x0000000080100000|100%| O|  |TAMS 0x0000000080100000, 0x0000000080000000| Untracked 
|   1|0x0000000080100000, 0x0000000080200000, 0x0000000080200000|100%| O|  |TAMS 0x0000000080200000, 0x0000000080100000| Untracked 
|   2|0x0000000080200000, 0x0000000080300000, 0x0000000080300000|100%| O|  |TAMS 0x0000000080300000, 0x0000000080200000| Untracked 
|   3|0x0000000080300000, 0x0000000080400000, 0x0000000080400000|100%|HS|  |TAMS 0x0000000080400000, 0x0000000080300000| Complete 
|   4|0x0000000080400000, 0x0000000080500000, 0x0000000080500000|100%|HC|  |TAMS 0x0000000080500000, 0x0000000080400000| Complete 
|   5|0x0000000080500000, 0x0000000080600000, 0x0000000080600000|100%|HC|  |TAMS 0x0000000080600000, 0x0000000080500000| Complete 
|   6|0x0000000080600000, 0x0000000080700000, 0x0000000080700000|100%| O|  |TAMS 0x0000000080700000, 0x0000000080600000| Untracked 
|   7|0x0000000080700000, 0x0000000080800000, 0x0000000080800000|100%| O|  |TAMS 0x0000000080800000, 0x0000000080700000| Untracked 
|   8|0x0000000080800000, 0x0000000080900000, 0x0000000080900000|100%| O|  |TAMS 0x0000000080900000, 0x0000000080800000| Complete 
|   9|0x0000000080900000, 0x0000000080a00000, 0x0000000080a00000|100%| O|  |TAMS 0x0000000080a00000, 0x0000000080900000| Complete 
|  10|0x0000000080a00000, 0x0000000080b00000, 0x0000000080b00000|100%| O|  |TAMS 0x0000000080b00000, 0x0000000080a00000| Untracked 
|  11|0x0000000080b00000, 0x0000000080c00000, 0x0000000080c00000|100%| O|  |TAMS 0x0000000080c00000, 0x0000000080b00000| Complete 
|  12|0x0000000080c00000, 0x0000000080d00000, 0x0000000080d00000|100%| O|  |TAMS 0x0000000080d00000, 0x0000000080c00000| Untracked 
|  13|0x0000000080d00000, 0x0000000080e00000, 0x0000000080e00000|100%| O|  |TAMS 0x0000000080e00000, 0x0000000080d00000| Untracked 
|  14|0x0000000080e00000, 0x0000000080f00000, 0x0000000080f00000|100%| O|  |TAMS 0x0000000080f00000, 0x0000000080e00000| Untracked 
|  15|0x0000000080f00000, 0x0000000081000000, 0x0000000081000000|100%| O|  |TAMS 0x0000000081000000, 0x0000000080f00000| Untracked 
|  16|0x0000000081000000, 0x0000000081100000, 0x0000000081100000|100%| O|  |TAMS 0x0000000081100000, 0x0000000081000000| Untracked 
|  17|0x0000000081100000, 0x0000000081200000, 0x0000000081200000|100%| O|  |TAMS 0x0000000081200000, 0x0000000081100000| Untracked 
|  18|0x0000000081200000, 0x0000000081300000, 0x0000000081300000|100%| O|  |TAMS 0x0000000081300000, 0x0000000081200000| Complete 
|  19|0x0000000081300000, 0x0000000081400000, 0x0000000081400000|100%| O|  |TAMS 0x0000000081400000, 0x0000000081300000| Untracked 
|  20|0x0000000081400000, 0x0000000081500000, 0x0000000081500000|100%| O|  |TAMS 0x0000000081500000, 0x0000000081400000| Untracked 
|  21|0x0000000081500000, 0x0000000081600000, 0x0000000081600000|100%| O|  |TAMS 0x0000000081600000, 0x0000000081500000| Untracked 
|  22|0x0000000081600000, 0x0000000081700000, 0x0000000081700000|100%| O|  |TAMS 0x0000000081700000, 0x0000000081600000| Untracked 
|  23|0x0000000081700000, 0x0000000081800000, 0x0000000081800000|100%| O|  |TAMS 0x0000000081800000, 0x0000000081700000| Untracked 
|  24|0x0000000081800000, 0x0000000081900000, 0x0000000081900000|100%| O|  |TAMS 0x0000000081900000, 0x0000000081800000| Untracked 
|  25|0x0000000081900000, 0x0000000081a00000, 0x0000000081a00000|100%| O|  |TAMS 0x0000000081a00000, 0x0000000081900000| Complete 
|  26|0x0000000081a00000, 0x0000000081b00000, 0x0000000081b00000|100%|HS|  |TAMS 0x0000000081b00000, 0x0000000081a00000| Complete 
|  27|0x0000000081b00000, 0x0000000081c00000, 0x0000000081c00000|100%|HS|  |TAMS 0x0000000081c00000, 0x0000000081b00000| Complete 
|  28|0x0000000081c00000, 0x0000000081d00000, 0x0000000081d00000|100%|HS|  |TAMS 0x0000000081d00000, 0x0000000081c00000| Complete 
|  29|0x0000000081d00000, 0x0000000081e00000, 0x0000000081e00000|100%|HC|  |TAMS 0x0000000081e00000, 0x0000000081d00000| Complete 
|  30|0x0000000081e00000, 0x0000000081f00000, 0x0000000081f00000|100%| O|  |TAMS 0x0000000081f00000, 0x0000000081e00000| Untracked 
|  31|0x0000000081f00000, 0x0000000082000000, 0x0000000082000000|100%| O|  |TAMS 0x0000000082000000, 0x0000000081f00000| Untracked 
|  32|0x0000000082000000, 0x0000000082100000, 0x0000000082100000|100%| O|  |TAMS 0x0000000082100000, 0x0000000082000000| Untracked 
|  33|0x0000000082100000, 0x0000000082200000, 0x0000000082200000|100%| O|  |TAMS 0x0000000082200000, 0x0000000082100000| Untracked 
|  34|0x0000000082200000, 0x0000000082300000, 0x0000000082300000|100%| O|  |TAMS 0x0000000082300000, 0x0000000082200000| Complete 
|  35|0x0000000082300000, 0x0000000082400000, 0x0000000082400000|100%| O|  |TAMS 0x0000000082400000, 0x0000000082300000| Untracked 
|  36|0x0000000082400000, 0x0000000082500000, 0x0000000082500000|100%| O|  |TAMS 0x0000000082500000, 0x0000000082400000| Untracked 
|  37|0x0000000082500000, 0x0000000082600000, 0x0000000082600000|100%| O|  |TAMS 0x0000000082600000, 0x0000000082500000| Untracked 
|  38|0x0000000082600000, 0x0000000082700000, 0x0000000082700000|100%| O|  |TAMS 0x0000000082700000, 0x0000000082600000| Untracked 
|  39|0x0000000082700000, 0x0000000082800000, 0x0000000082800000|100%| O|  |TAMS 0x0000000082800000, 0x0000000082700000| Untracked 
|  40|0x0000000082800000, 0x0000000082900000, 0x0000000082900000|100%| O|  |TAMS 0x0000000082900000, 0x0000000082800000| Untracked 
|  41|0x0000000082900000, 0x0000000082a00000, 0x0000000082a00000|100%| O|  |TAMS 0x0000000082a00000, 0x0000000082900000| Untracked 
|  42|0x0000000082a00000, 0x0000000082b00000, 0x0000000082b00000|100%| O|  |TAMS 0x0000000082b00000, 0x0000000082a00000| Untracked 
|  43|0x0000000082b00000, 0x0000000082c00000, 0x0000000082c00000|100%| O|  |TAMS 0x0000000082c00000, 0x0000000082b00000| Complete 
|  44|0x0000000082c00000, 0x0000000082d00000, 0x0000000082d00000|100%| O|  |TAMS 0x0000000082d00000, 0x0000000082c00000| Complete 
|  45|0x0000000082d00000, 0x0000000082e00000, 0x0000000082e00000|100%| O|  |TAMS 0x0000000082e00000, 0x0000000082d00000| Untracked 
|  46|0x0000000082e00000, 0x0000000082f00000, 0x0000000082f00000|100%| O|  |TAMS 0x0000000082f00000, 0x0000000082e00000| Complete 
|  47|0x0000000082f00000, 0x0000000083000000, 0x0000000083000000|100%| O|  |TAMS 0x0000000083000000, 0x0000000082f00000| Untracked 
|  48|0x0000000083000000, 0x0000000083100000, 0x0000000083100000|100%| O|  |TAMS 0x0000000083100000, 0x0000000083000000| Untracked 
|  49|0x0000000083100000, 0x0000000083200000, 0x0000000083200000|100%| O|  |TAMS 0x0000000083200000, 0x0000000083100000| Untracked 
|  50|0x0000000083200000, 0x0000000083300000, 0x0000000083300000|100%| O|  |TAMS 0x0000000083300000, 0x0000000083200000| Untracked 
|  51|0x0000000083300000, 0x0000000083400000, 0x0000000083400000|100%| O|  |TAMS 0x0000000083400000, 0x0000000083300000| Untracked 
|  52|0x0000000083400000, 0x0000000083500000, 0x0000000083500000|100%| O|  |TAMS 0x0000000083500000, 0x0000000083400000| Untracked 
|  53|0x0000000083500000, 0x0000000083600000, 0x0000000083600000|100%| O|  |TAMS 0x0000000083600000, 0x0000000083500000| Untracked 
|  54|0x0000000083600000, 0x0000000083700000, 0x0000000083700000|100%| O|  |TAMS 0x0000000083700000, 0x0000000083600000| Untracked 
|  55|0x0000000083700000, 0x0000000083800000, 0x0000000083800000|100%| O|  |TAMS 0x0000000083800000, 0x0000000083700000| Complete 
|  56|0x0000000083800000, 0x0000000083900000, 0x0000000083900000|100%| O|  |TAMS 0x0000000083900000, 0x0000000083800000| Untracked 
|  57|0x0000000083900000, 0x0000000083a00000, 0x0000000083a00000|100%| O|  |TAMS 0x0000000083a00000, 0x0000000083900000| Untracked 
|  58|0x0000000083a00000, 0x0000000083b00000, 0x0000000083b00000|100%| O|  |TAMS 0x0000000083b00000, 0x0000000083a00000| Untracked 
|  59|0x0000000083b00000, 0x0000000083c00000, 0x0000000083c00000|100%| O|  |TAMS 0x0000000083c00000, 0x0000000083b00000| Complete 
|  60|0x0000000083c00000, 0x0000000083d00000, 0x0000000083d00000|100%| O|  |TAMS 0x0000000083d00000, 0x0000000083c00000| Complete 
|  61|0x0000000083d00000, 0x0000000083e00000, 0x0000000083e00000|100%| O|  |TAMS 0x0000000083e00000, 0x0000000083d00000| Complete 
|  62|0x0000000083e00000, 0x0000000083f00000, 0x0000000083f00000|100%| O|  |TAMS 0x0000000083f00000, 0x0000000083e00000| Untracked 
|  63|0x0000000083f00000, 0x0000000084000000, 0x0000000084000000|100%| O|  |TAMS 0x0000000084000000, 0x0000000083f00000| Untracked 
|  64|0x0000000084000000, 0x0000000084100000, 0x0000000084100000|100%| O|  |TAMS 0x0000000084100000, 0x0000000084000000| Untracked 
|  65|0x0000000084100000, 0x0000000084200000, 0x0000000084200000|100%| O|  |TAMS 0x0000000084200000, 0x0000000084100000| Untracked 
|  66|0x0000000084200000, 0x0000000084300000, 0x0000000084300000|100%| O|  |TAMS 0x0000000084300000, 0x0000000084200000| Untracked 
|  67|0x0000000084300000, 0x0000000084400000, 0x0000000084400000|100%| O|  |TAMS 0x0000000084400000, 0x0000000084300000| Untracked 
|  68|0x0000000084400000, 0x0000000084500000, 0x0000000084500000|100%| O|  |TAMS 0x0000000084500000, 0x0000000084400000| Untracked 
|  69|0x0000000084500000, 0x0000000084600000, 0x0000000084600000|100%| O|  |TAMS 0x0000000084600000, 0x0000000084500000| Untracked 
|  70|0x0000000084600000, 0x0000000084700000, 0x0000000084700000|100%| O|  |TAMS 0x0000000084700000, 0x0000000084600000| Untracked 
|  71|0x0000000084700000, 0x0000000084800000, 0x0000000084800000|100%| O|  |TAMS 0x0000000084800000, 0x0000000084700000| Untracked 
|  72|0x0000000084800000, 0x0000000084900000, 0x0000000084900000|100%| O|  |TAMS 0x0000000084900000, 0x0000000084800000| Complete 
|  73|0x0000000084900000, 0x0000000084a00000, 0x0000000084a00000|100%| O|  |TAMS 0x0000000084a00000, 0x0000000084900000| Untracked 
|  74|0x0000000084a00000, 0x0000000084b00000, 0x0000000084b00000|100%| O|  |TAMS 0x0000000084b00000, 0x0000000084a00000| Untracked 
|  75|0x0000000084b00000, 0x0000000084c00000, 0x0000000084c00000|100%|HS|  |TAMS 0x0000000084c00000, 0x0000000084b00000| Complete 
|  76|0x0000000084c00000, 0x0000000084d00000, 0x0000000084d00000|100%| O|  |TAMS 0x0000000084d00000, 0x0000000084c00000| Complete 
|  77|0x0000000084d00000, 0x0000000084e00000, 0x0000000084e00000|100%| O|  |TAMS 0x0000000084e00000, 0x0000000084d00000| Complete 
|  78|0x0000000084e00000, 0x0000000084f00000, 0x0000000084f00000|100%| O|  |TAMS 0x0000000084f00000, 0x0000000084e00000| Untracked 
|  79|0x0000000084f00000, 0x0000000085000000, 0x0000000085000000|100%|HS|  |TAMS 0x0000000085000000, 0x0000000084f00000| Complete 
|  80|0x0000000085000000, 0x0000000085100000, 0x0000000085100000|100%|HC|  |TAMS 0x0000000085100000, 0x0000000085000000| Complete 
|  81|0x0000000085100000, 0x0000000085200000, 0x0000000085200000|100%|HS|  |TAMS 0x0000000085200000, 0x0000000085100000| Complete 
|  82|0x0000000085200000, 0x0000000085300000, 0x0000000085300000|100%|HS|  |TAMS 0x0000000085300000, 0x0000000085200000| Complete 
|  83|0x0000000085300000, 0x0000000085400000, 0x0000000085400000|100%|HS|  |TAMS 0x0000000085400000, 0x0000000085300000| Complete 
|  84|0x0000000085400000, 0x0000000085500000, 0x0000000085500000|100%|HS|  |TAMS 0x0000000085500000, 0x0000000085400000| Complete 
|  85|0x0000000085500000, 0x0000000085600000, 0x0000000085600000|100%|HS|  |TAMS 0x0000000085600000, 0x0000000085500000| Complete 
|  86|0x0000000085600000, 0x0000000085700000, 0x0000000085700000|100%| O|  |TAMS 0x0000000085700000, 0x0000000085600000| Untracked 
|  87|0x0000000085700000, 0x0000000085800000, 0x0000000085800000|100%| O|  |TAMS 0x0000000085800000, 0x0000000085700000| Untracked 
|  88|0x0000000085800000, 0x0000000085900000, 0x0000000085900000|100%| O|  |TAMS 0x0000000085900000, 0x0000000085800000| Complete 
|  89|0x0000000085900000, 0x0000000085a00000, 0x0000000085a00000|100%| O|  |TAMS 0x0000000085a00000, 0x0000000085900000| Untracked 
|  90|0x0000000085a00000, 0x0000000085b00000, 0x0000000085b00000|100%| O|  |TAMS 0x0000000085b00000, 0x0000000085a00000| Complete 
|  91|0x0000000085b00000, 0x0000000085c00000, 0x0000000085c00000|100%| O|  |TAMS 0x0000000085c00000, 0x0000000085b00000| Untracked 
|  92|0x0000000085c00000, 0x0000000085d00000, 0x0000000085d00000|100%| O|  |TAMS 0x0000000085d00000, 0x0000000085c00000| Complete 
|  93|0x0000000085d00000, 0x0000000085e00000, 0x0000000085e00000|100%| O|  |TAMS 0x0000000085e00000, 0x0000000085d00000| Complete 
|  94|0x0000000085e00000, 0x0000000085f00000, 0x0000000085f00000|100%| O|  |TAMS 0x0000000085f00000, 0x0000000085e00000| Complete 
|  95|0x0000000085f00000, 0x0000000085f04a00, 0x0000000086000000|  1%| O|  |TAMS 0x0000000085f04a00, 0x0000000085f00000| Untracked 
|  96|0x0000000086000000, 0x0000000086100000, 0x0000000086100000|100%|HS|  |TAMS 0x0000000086000000, 0x0000000086000000| Complete 
|  97|0x0000000086100000, 0x0000000086200000, 0x0000000086200000|100%|HC|  |TAMS 0x0000000086100000, 0x0000000086100000| Complete 
|  98|0x0000000086200000, 0x0000000086300000, 0x0000000086300000|100%| O|  |TAMS 0x0000000086300000, 0x0000000086200000| Complete 
|  99|0x0000000086300000, 0x0000000086400000, 0x0000000086400000|100%| O|  |TAMS 0x0000000086400000, 0x0000000086300000| Complete 
| 100|0x0000000086400000, 0x0000000086500000, 0x0000000086500000|100%| O|  |TAMS 0x0000000086500000, 0x0000000086400000| Untracked 
| 101|0x0000000086500000, 0x0000000086600000, 0x0000000086600000|100%| O|  |TAMS 0x0000000086600000, 0x0000000086500000| Complete 
| 102|0x0000000086600000, 0x0000000086700000, 0x0000000086700000|100%| O|  |TAMS 0x0000000086700000, 0x0000000086600000| Complete 
| 103|0x0000000086700000, 0x0000000086800000, 0x0000000086800000|100%| O|  |TAMS 0x0000000086800000, 0x0000000086700000| Complete 
| 104|0x0000000086800000, 0x0000000086900000, 0x0000000086900000|100%|HS|  |TAMS 0x0000000086800000, 0x0000000086800000| Complete 
| 105|0x0000000086900000, 0x0000000086a00000, 0x0000000086a00000|100%|HC|  |TAMS 0x0000000086900000, 0x0000000086900000| Complete 
| 106|0x0000000086a00000, 0x0000000086b00000, 0x0000000086b00000|100%|HS|  |TAMS 0x0000000086a00000, 0x0000000086a00000| Complete 
| 107|0x0000000086b00000, 0x0000000086c00000, 0x0000000086c00000|100%|HC|  |TAMS 0x0000000086b00000, 0x0000000086b00000| Complete 
| 108|0x0000000086c00000, 0x0000000086d00000, 0x0000000086d00000|100%|HS|  |TAMS 0x0000000086c00000, 0x0000000086c00000| Complete 
| 109|0x0000000086d00000, 0x0000000086e00000, 0x0000000086e00000|100%|HC|  |TAMS 0x0000000086d00000, 0x0000000086d00000| Complete 
| 110|0x0000000086e00000, 0x0000000086f00000, 0x0000000086f00000|100%|HS|  |TAMS 0x0000000086e00000, 0x0000000086e00000| Complete 
| 111|0x0000000086f00000, 0x0000000087000000, 0x0000000087000000|100%|HS|  |TAMS 0x0000000086f00000, 0x0000000086f00000| Complete 
| 112|0x0000000087000000, 0x0000000087100000, 0x0000000087100000|100%| O|  |TAMS 0x0000000087100000, 0x0000000087000000| Complete 
| 113|0x0000000087100000, 0x0000000087200000, 0x0000000087200000|100%|HS|  |TAMS 0x0000000087100000, 0x0000000087100000| Complete 
| 114|0x0000000087200000, 0x0000000087300000, 0x0000000087300000|100%|HS|  |TAMS 0x0000000087200000, 0x0000000087200000| Complete 
| 115|0x0000000087300000, 0x0000000087400000, 0x0000000087400000|100%|HS|  |TAMS 0x0000000087300000, 0x0000000087300000| Complete 
| 116|0x0000000087400000, 0x0000000087500000, 0x0000000087500000|100%| O|  |TAMS 0x0000000087500000, 0x0000000087400000| Complete 
| 117|0x0000000087500000, 0x0000000087600000, 0x0000000087600000|100%|HS|  |TAMS 0x0000000087500000, 0x0000000087500000| Complete 
| 118|0x0000000087600000, 0x0000000087700000, 0x0000000087700000|100%|HS|  |TAMS 0x0000000087600000, 0x0000000087600000| Complete 
| 119|0x0000000087700000, 0x0000000087800000, 0x0000000087800000|100%|HS|  |TAMS 0x0000000087700000, 0x0000000087700000| Complete 
| 120|0x0000000087800000, 0x0000000087900000, 0x0000000087900000|100%|HS|  |TAMS 0x0000000087800000, 0x0000000087800000| Complete 
| 121|0x0000000087900000, 0x0000000087a00000, 0x0000000087a00000|100%|HS|  |TAMS 0x0000000087900000, 0x0000000087900000| Complete 
| 122|0x0000000087a00000, 0x0000000087b00000, 0x0000000087b00000|100%|HS|  |TAMS 0x0000000087a00000, 0x0000000087a00000| Complete 
| 123|0x0000000087b00000, 0x0000000087c00000, 0x0000000087c00000|100%|HS|  |TAMS 0x0000000087b00000, 0x0000000087b00000| Complete 
| 124|0x0000000087c00000, 0x0000000087d00000, 0x0000000087d00000|100%|HS|  |TAMS 0x0000000087c00000, 0x0000000087c00000| Complete 
| 125|0x0000000087d00000, 0x0000000087e00000, 0x0000000087e00000|100%|HC|  |TAMS 0x0000000087d00000, 0x0000000087d00000| Complete 
| 126|0x0000000087e00000, 0x0000000087f00000, 0x0000000087f00000|100%|HS|  |TAMS 0x0000000087e00000, 0x0000000087e00000| Complete 
| 127|0x0000000087f00000, 0x0000000088000000, 0x0000000088000000|100%|HC|  |TAMS 0x0000000087f00000, 0x0000000087f00000| Complete 
| 128|0x0000000088000000, 0x0000000088100000, 0x0000000088100000|100%|HS|  |TAMS 0x0000000088000000, 0x0000000088000000| Complete 
| 129|0x0000000088100000, 0x0000000088200000, 0x0000000088200000|100%|HC|  |TAMS 0x0000000088100000, 0x0000000088100000| Complete 
| 130|0x0000000088200000, 0x0000000088300000, 0x0000000088300000|100%|HS|  |TAMS 0x0000000088200000, 0x0000000088200000| Complete 
| 131|0x0000000088300000, 0x0000000088400000, 0x0000000088400000|100%|HC|  |TAMS 0x0000000088300000, 0x0000000088300000| Complete 
| 132|0x0000000088400000, 0x0000000088400000, 0x0000000088500000|  0%| F|  |TAMS 0x0000000088400000, 0x0000000088400000| Untracked 
| 133|0x0000000088500000, 0x0000000088500000, 0x0000000088600000|  0%| F|  |TAMS 0x0000000088500000, 0x0000000088500000| Untracked 
| 134|0x0000000088600000, 0x0000000088600000, 0x0000000088700000|  0%| F|  |TAMS 0x0000000088600000, 0x0000000088600000| Untracked 
| 135|0x0000000088700000, 0x0000000088700000, 0x0000000088800000|  0%| F|  |TAMS 0x0000000088700000, 0x0000000088700000| Untracked 
| 136|0x0000000088800000, 0x0000000088800000, 0x0000000088900000|  0%| F|  |TAMS 0x0000000088800000, 0x0000000088800000| Untracked 
| 137|0x0000000088900000, 0x0000000088900000, 0x0000000088a00000|  0%| F|  |TAMS 0x0000000088900000, 0x0000000088900000| Untracked 
| 138|0x0000000088a00000, 0x0000000088a00000, 0x0000000088b00000|  0%| F|  |TAMS 0x0000000088a00000, 0x0000000088a00000| Untracked 
| 139|0x0000000088b00000, 0x0000000088b00000, 0x0000000088c00000|  0%| F|  |TAMS 0x0000000088b00000, 0x0000000088b00000| Untracked 
| 140|0x0000000088c00000, 0x0000000088c00000, 0x0000000088d00000|  0%| F|  |TAMS 0x0000000088c00000, 0x0000000088c00000| Untracked 
| 141|0x0000000088d00000, 0x0000000088d00000, 0x0000000088e00000|  0%| F|  |TAMS 0x0000000088d00000, 0x0000000088d00000| Untracked 
| 142|0x0000000088e00000, 0x0000000088e00000, 0x0000000088f00000|  0%| F|  |TAMS 0x0000000088e00000, 0x0000000088e00000| Untracked 
| 143|0x0000000088f00000, 0x0000000088f00000, 0x0000000089000000|  0%| F|  |TAMS 0x0000000088f00000, 0x0000000088f00000| Untracked 
| 144|0x0000000089000000, 0x0000000089000000, 0x0000000089100000|  0%| F|  |TAMS 0x0000000089000000, 0x0000000089000000| Untracked 
| 145|0x0000000089100000, 0x0000000089100000, 0x0000000089200000|  0%| F|  |TAMS 0x0000000089100000, 0x0000000089100000| Untracked 
| 146|0x0000000089200000, 0x0000000089200000, 0x0000000089300000|  0%| F|  |TAMS 0x0000000089200000, 0x0000000089200000| Untracked 
| 147|0x0000000089300000, 0x0000000089300000, 0x0000000089400000|  0%| F|  |TAMS 0x0000000089300000, 0x0000000089300000| Untracked 
| 148|0x0000000089400000, 0x0000000089400000, 0x0000000089500000|  0%| F|  |TAMS 0x0000000089400000, 0x0000000089400000| Untracked 
| 149|0x0000000089500000, 0x0000000089500000, 0x0000000089600000|  0%| F|  |TAMS 0x0000000089500000, 0x0000000089500000| Untracked 
| 150|0x0000000089600000, 0x0000000089600000, 0x0000000089700000|  0%| F|  |TAMS 0x0000000089600000, 0x0000000089600000| Untracked 
| 151|0x0000000089700000, 0x0000000089700000, 0x0000000089800000|  0%| F|  |TAMS 0x0000000089700000, 0x0000000089700000| Untracked 
| 152|0x0000000089800000, 0x0000000089800000, 0x0000000089900000|  0%| F|  |TAMS 0x0000000089800000, 0x0000000089800000| Untracked 
| 153|0x0000000089900000, 0x0000000089900000, 0x0000000089a00000|  0%| F|  |TAMS 0x0000000089900000, 0x0000000089900000| Untracked 
| 154|0x0000000089a00000, 0x0000000089a00000, 0x0000000089b00000|  0%| F|  |TAMS 0x0000000089a00000, 0x0000000089a00000| Untracked 
| 155|0x0000000089b00000, 0x0000000089b00000, 0x0000000089c00000|  0%| F|  |TAMS 0x0000000089b00000, 0x0000000089b00000| Untracked 
| 156|0x0000000089c00000, 0x0000000089c00000, 0x0000000089d00000|  0%| F|  |TAMS 0x0000000089c00000, 0x0000000089c00000| Untracked 
| 157|0x0000000089d00000, 0x0000000089d00000, 0x0000000089e00000|  0%| F|  |TAMS 0x0000000089d00000, 0x0000000089d00000| Untracked 
| 158|0x0000000089e00000, 0x0000000089e00000, 0x0000000089f00000|  0%| F|  |TAMS 0x0000000089e00000, 0x0000000089e00000| Untracked 
| 159|0x0000000089f00000, 0x0000000089f00000, 0x000000008a000000|  0%| F|  |TAMS 0x0000000089f00000, 0x0000000089f00000| Untracked 
| 160|0x000000008a000000, 0x000000008a000000, 0x000000008a100000|  0%| F|  |TAMS 0x000000008a000000, 0x000000008a000000| Untracked 
| 161|0x000000008a100000, 0x000000008a100000, 0x000000008a200000|  0%| F|  |TAMS 0x000000008a100000, 0x000000008a100000| Untracked 
| 162|0x000000008a200000, 0x000000008a200000, 0x000000008a300000|  0%| F|  |TAMS 0x000000008a200000, 0x000000008a200000| Untracked 
| 163|0x000000008a300000, 0x000000008a300000, 0x000000008a400000|  0%| F|  |TAMS 0x000000008a300000, 0x000000008a300000| Untracked 
| 164|0x000000008a400000, 0x000000008a400000, 0x000000008a500000|  0%| F|  |TAMS 0x000000008a400000, 0x000000008a400000| Untracked 
| 165|0x000000008a500000, 0x000000008a500000, 0x000000008a600000|  0%| F|  |TAMS 0x000000008a500000, 0x000000008a500000| Untracked 
| 166|0x000000008a600000, 0x000000008a600000, 0x000000008a700000|  0%| F|  |TAMS 0x000000008a600000, 0x000000008a600000| Untracked 
| 167|0x000000008a700000, 0x000000008a800000, 0x000000008a800000|100%| S|CS|TAMS 0x000000008a700000, 0x000000008a700000| Complete 
| 168|0x000000008a800000, 0x000000008a900000, 0x000000008a900000|100%| S|CS|TAMS 0x000000008a800000, 0x000000008a800000| Complete 
| 169|0x000000008a900000, 0x000000008aa00000, 0x000000008aa00000|100%| S|CS|TAMS 0x000000008a900000, 0x000000008a900000| Complete 
| 170|0x000000008aa00000, 0x000000008ab00000, 0x000000008ab00000|100%| S|CS|TAMS 0x000000008aa00000, 0x000000008aa00000| Complete 
| 171|0x000000008ab00000, 0x000000008ac00000, 0x000000008ac00000|100%| S|CS|TAMS 0x000000008ab00000, 0x000000008ab00000| Complete 
| 172|0x000000008ac00000, 0x000000008ad00000, 0x000000008ad00000|100%| S|CS|TAMS 0x000000008ac00000, 0x000000008ac00000| Complete 
| 173|0x000000008ad00000, 0x000000008ae00000, 0x000000008ae00000|100%| S|CS|TAMS 0x000000008ad00000, 0x000000008ad00000| Complete 
| 174|0x000000008ae00000, 0x000000008af00000, 0x000000008af00000|100%| S|CS|TAMS 0x000000008ae00000, 0x000000008ae00000| Complete 
| 175|0x000000008af00000, 0x000000008af00000, 0x000000008b000000|  0%| F|  |TAMS 0x000000008af00000, 0x000000008af00000| Untracked 
| 176|0x000000008b000000, 0x000000008b000000, 0x000000008b100000|  0%| F|  |TAMS 0x000000008b000000, 0x000000008b000000| Untracked 
| 177|0x000000008b100000, 0x000000008b100000, 0x000000008b200000|  0%| F|  |TAMS 0x000000008b100000, 0x000000008b100000| Untracked 
| 178|0x000000008b200000, 0x000000008b200000, 0x000000008b300000|  0%| F|  |TAMS 0x000000008b200000, 0x000000008b200000| Untracked 
| 179|0x000000008b300000, 0x000000008b300000, 0x000000008b400000|  0%| F|  |TAMS 0x000000008b300000, 0x000000008b300000| Untracked 
| 180|0x000000008b400000, 0x000000008b400000, 0x000000008b500000|  0%| F|  |TAMS 0x000000008b400000, 0x000000008b400000| Untracked 
| 181|0x000000008b500000, 0x000000008b500000, 0x000000008b600000|  0%| F|  |TAMS 0x000000008b500000, 0x000000008b500000| Untracked 
| 182|0x000000008b600000, 0x000000008b600000, 0x000000008b700000|  0%| F|  |TAMS 0x000000008b600000, 0x000000008b600000| Untracked 
| 183|0x000000008b700000, 0x000000008b700000, 0x000000008b800000|  0%| F|  |TAMS 0x000000008b700000, 0x000000008b700000| Untracked 
| 184|0x000000008b800000, 0x000000008b800000, 0x000000008b900000|  0%| F|  |TAMS 0x000000008b800000, 0x000000008b800000| Untracked 
| 185|0x000000008b900000, 0x000000008b900000, 0x000000008ba00000|  0%| F|  |TAMS 0x000000008b900000, 0x000000008b900000| Untracked 
| 186|0x000000008ba00000, 0x000000008ba00000, 0x000000008bb00000|  0%| F|  |TAMS 0x000000008ba00000, 0x000000008ba00000| Untracked 
| 187|0x000000008bb00000, 0x000000008bb00000, 0x000000008bc00000|  0%| F|  |TAMS 0x000000008bb00000, 0x000000008bb00000| Untracked 
| 188|0x000000008bc00000, 0x000000008bc00000, 0x000000008bd00000|  0%| F|  |TAMS 0x000000008bc00000, 0x000000008bc00000| Untracked 
| 189|0x000000008bd00000, 0x000000008bd00000, 0x000000008be00000|  0%| F|  |TAMS 0x000000008bd00000, 0x000000008bd00000| Untracked 
| 190|0x000000008be00000, 0x000000008be00000, 0x000000008bf00000|  0%| F|  |TAMS 0x000000008be00000, 0x000000008be00000| Untracked 
| 191|0x000000008bf00000, 0x000000008bf27e08, 0x000000008c000000| 15%| E|  |TAMS 0x000000008bf00000, 0x000000008bf00000| Complete 
| 192|0x000000008c000000, 0x000000008c100000, 0x000000008c100000|100%| E|CS|TAMS 0x000000008c000000, 0x000000008c000000| Complete 
| 193|0x000000008c100000, 0x000000008c200000, 0x000000008c200000|100%| E|CS|TAMS 0x000000008c100000, 0x000000008c100000| Complete 
| 194|0x000000008c200000, 0x000000008c300000, 0x000000008c300000|100%| E|CS|TAMS 0x000000008c200000, 0x000000008c200000| Complete 
| 195|0x000000008c300000, 0x000000008c400000, 0x000000008c400000|100%| E|CS|TAMS 0x000000008c300000, 0x000000008c300000| Complete 
| 196|0x000000008c400000, 0x000000008c500000, 0x000000008c500000|100%| E|CS|TAMS 0x000000008c400000, 0x000000008c400000| Complete 
| 197|0x000000008c500000, 0x000000008c600000, 0x000000008c600000|100%| E|  |TAMS 0x000000008c500000, 0x000000008c500000| Complete 
| 198|0x000000008c600000, 0x000000008c700000, 0x000000008c700000|100%| E|CS|TAMS 0x000000008c600000, 0x000000008c600000| Complete 
| 199|0x000000008c700000, 0x000000008c800000, 0x000000008c800000|100%| E|CS|TAMS 0x000000008c700000, 0x000000008c700000| Complete 
| 200|0x000000008c800000, 0x000000008c900000, 0x000000008c900000|100%| E|CS|TAMS 0x000000008c800000, 0x000000008c800000| Complete 
| 201|0x000000008c900000, 0x000000008ca00000, 0x000000008ca00000|100%| E|CS|TAMS 0x000000008c900000, 0x000000008c900000| Complete 
| 202|0x000000008ca00000, 0x000000008cb00000, 0x000000008cb00000|100%| E|CS|TAMS 0x000000008ca00000, 0x000000008ca00000| Complete 
| 203|0x000000008cb00000, 0x000000008cc00000, 0x000000008cc00000|100%| E|CS|TAMS 0x000000008cb00000, 0x000000008cb00000| Complete 
| 204|0x000000008cc00000, 0x000000008cd00000, 0x000000008cd00000|100%| E|CS|TAMS 0x000000008cc00000, 0x000000008cc00000| Complete 
| 205|0x000000008cd00000, 0x000000008ce00000, 0x000000008ce00000|100%| E|CS|TAMS 0x000000008cd00000, 0x000000008cd00000| Complete 
| 206|0x000000008ce00000, 0x000000008cf00000, 0x000000008cf00000|100%| E|CS|TAMS 0x000000008ce00000, 0x000000008ce00000| Complete 
| 207|0x000000008cf00000, 0x000000008d000000, 0x000000008d000000|100%| E|CS|TAMS 0x000000008cf00000, 0x000000008cf00000| Complete 
| 208|0x000000008d000000, 0x000000008d100000, 0x000000008d100000|100%| E|CS|TAMS 0x000000008d000000, 0x000000008d000000| Complete 
| 209|0x000000008d100000, 0x000000008d200000, 0x000000008d200000|100%| E|CS|TAMS 0x000000008d100000, 0x000000008d100000| Complete 
| 210|0x000000008d200000, 0x000000008d300000, 0x000000008d300000|100%| E|CS|TAMS 0x000000008d200000, 0x000000008d200000| Complete 
| 211|0x000000008d300000, 0x000000008d400000, 0x000000008d400000|100%| E|CS|TAMS 0x000000008d300000, 0x000000008d300000| Complete 
| 212|0x000000008d400000, 0x000000008d500000, 0x000000008d500000|100%| E|CS|TAMS 0x000000008d400000, 0x000000008d400000| Complete 
| 213|0x000000008d500000, 0x000000008d600000, 0x000000008d600000|100%| E|CS|TAMS 0x000000008d500000, 0x000000008d500000| Complete 
| 214|0x000000008d600000, 0x000000008d700000, 0x000000008d700000|100%| E|CS|TAMS 0x000000008d600000, 0x000000008d600000| Complete 
| 215|0x000000008d700000, 0x000000008d800000, 0x000000008d800000|100%| E|CS|TAMS 0x000000008d700000, 0x000000008d700000| Complete 
| 216|0x000000008d800000, 0x000000008d900000, 0x000000008d900000|100%| E|CS|TAMS 0x000000008d800000, 0x000000008d800000| Complete 
| 217|0x000000008d900000, 0x000000008da00000, 0x000000008da00000|100%| E|CS|TAMS 0x000000008d900000, 0x000000008d900000| Complete 
| 218|0x000000008da00000, 0x000000008db00000, 0x000000008db00000|100%| E|CS|TAMS 0x000000008da00000, 0x000000008da00000| Complete 
| 219|0x000000008db00000, 0x000000008dc00000, 0x000000008dc00000|100%| E|CS|TAMS 0x000000008db00000, 0x000000008db00000| Complete 

Card table byte_map: [0x0000014d00d70000,0x0000014d01170000] _byte_map_base: 0x0000014d00970000

Marking Bits (Prev, Next): (CMBitMap*) 0x0000014d6bc774d0, (CMBitMap*) 0x0000014d6bc77498
 Prev Bits: [0x0000014d03570000, 0x0000014d05570000)
 Next Bits: [0x0000014d01570000, 0x0000014d03570000)

Polling page: 0x0000014d6bd10000

Metaspace:

Usage:
  Non-class:     79.79 MB capacity,    78.13 MB ( 98%) used,     1.40 MB (  2%) free+waste,   274.19 KB ( <1%) overhead. 
      Class:     12.50 MB capacity,    11.51 MB ( 92%) used,   889.80 KB (  7%) free+waste,   123.38 KB ( <1%) overhead. 
       Both:     92.29 MB capacity,    89.64 MB ( 97%) used,     2.26 MB (  2%) free+waste,   397.56 KB ( <1%) overhead. 

Virtual space:
  Non-class space:       80.00 MB reserved,      79.93 MB (>99%) committed 
      Class space:        1.00 GB reserved,      12.57 MB (  1%) committed 
             Both:        1.08 GB reserved,      92.50 MB (  8%) committed 

Chunk freelists:
   Non-Class:  10.00 KB
       Class:  31.00 KB
        Both:  41.00 KB

MaxMetaspaceSize: 17179869184.00 GB
CompressedClassSpaceSize: 1.00 GB

CodeHeap 'non-profiled nmethods': size=120000Kb used=8306Kb max_used=8306Kb free=111693Kb
 bounds [0x0000014d789e0000, 0x0000014d79200000, 0x0000014d7ff10000]
CodeHeap 'profiled nmethods': size=120000Kb used=27060Kb max_used=27060Kb free=92939Kb
 bounds [0x0000014d714b0000, 0x0000014d72f20000, 0x0000014d789e0000]
CodeHeap 'non-nmethods': size=5760Kb used=2305Kb max_used=2367Kb free=3454Kb
 bounds [0x0000014d70f10000, 0x0000014d71180000, 0x0000014d714b0000]
 total_blobs=13647 nmethods=12738 adapters=818
 compilation: enabled
              stopped_count=0, restarted_count=0
 full_count=0

Compilation events (20 events):
Event: 18.157 Thread 0x0000014d089d1800 12946       3       com.android.tools.r8.internal.m8::f (8 bytes)
Event: 18.158 Thread 0x0000014d089d1800 nmethod 12946 0x0000014d72ee6e10 code [0x0000014d72ee6fc0, 0x0000014d72ee7188]
Event: 18.158 Thread 0x0000014d0c855800 12947       4       com.android.tools.r8.internal.m8::f (8 bytes)
Event: 18.158 Thread 0x0000014d089d1800 12948       3       com.android.tools.r8.graph.T::a (20 bytes)
Event: 18.158 Thread 0x0000014d089d1800 nmethod 12948 0x0000014d72ee7290 code [0x0000014d72ee7480, 0x0000014d72ee7948]
Event: 18.158 Thread 0x0000014d089d1800 12949       3       com.android.tools.r8.graph.c0::<init> (15 bytes)
Event: 18.158 Thread 0x0000014d089d1800 nmethod 12949 0x0000014d72ee7b10 code [0x0000014d72ee7ce0, 0x0000014d72ee7fb8]
Event: 18.158 Thread 0x0000014d089d1800 12952       3       com.android.tools.r8.dex.c::a (8 bytes)
Event: 18.159 Thread 0x0000014d089d1800 nmethod 12952 0x0000014d72ee8110 code [0x0000014d72ee82e0, 0x0000014d72ee8508]
Event: 18.159 Thread 0x0000014d089d1800 12950       3       com.android.tools.r8.internal.No::b (75 bytes)
Event: 18.159 Thread 0x0000014d0c855800 nmethod 12947 0x0000014d791f6190 code [0x0000014d791f6320, 0x0000014d791f6418]
Event: 18.159 Thread 0x0000014d089d1800 nmethod 12950 0x0000014d72ee8610 code [0x0000014d72ee87e0, 0x0000014d72ee8be8]
Event: 18.159 Thread 0x0000014d0c855800 12954   !   4       java.util.concurrent.ConcurrentHashMap::transfer (828 bytes)
Event: 18.159 Thread 0x0000014d089d1800 12953       3       com.android.tools.r8.internal.Yu::a (34 bytes)
Event: 18.159 Thread 0x0000014d089d1800 nmethod 12953 0x0000014d72ee8d90 code [0x0000014d72ee8f60, 0x0000014d72ee91f8]
Event: 18.162 Thread 0x0000014d089d1800 12955       3       com.android.tools.r8.graph.c0::a (258 bytes)
Event: 18.163 Thread 0x0000014d089d1800 nmethod 12955 0x0000014d72ee9310 code [0x0000014d72ee9540, 0x0000014d72ee9e48]
Event: 18.167 Thread 0x0000014d089d0000 nmethod 12942% 0x0000014d791f6590 code [0x0000014d791f6740, 0x0000014d791f6e18]
Event: 18.167 Thread 0x0000014d089d0000 12951       4       java.io.ByteArrayOutputStream::<init> (43 bytes)
Event: 18.169 Thread 0x0000014d089d0000 nmethod 12951 0x0000014d791f7010 code [0x0000014d791f71a0, 0x0000014d791f73d8]

GC Heap History (20 events):
Event: 13.741 GC heap before
{Heap before GC invocations=21 (full 0):
 garbage-first heap   total 187392K, used 144025K [0x0000000080000000, 0x0000000100000000)
  region size 1024K, 76 young (77824K), 10 survivors (10240K)
 Metaspace       used 81900K, capacity 84611K, committed 84864K, reserved 1122304K
  class space    used 10629K, capacity 11608K, committed 11724K, reserved 1048576K
}
Event: 13.754 GC heap after
{Heap after GC invocations=22 (full 0):
 garbage-first heap   total 187392K, used 81406K [0x0000000080000000, 0x0000000100000000)
  region size 1024K, 6 young (6144K), 6 survivors (6144K)
 Metaspace       used 81900K, capacity 84611K, committed 84864K, reserved 1122304K
  class space    used 10629K, capacity 11608K, committed 11724K, reserved 1048576K
}
Event: 14.508 GC heap before
{Heap before GC invocations=22 (full 0):
 garbage-first heap   total 187392K, used 147966K [0x0000000080000000, 0x0000000100000000)
  region size 1024K, 70 young (71680K), 6 survivors (6144K)
 Metaspace       used 83857K, capacity 86524K, committed 86784K, reserved 1124352K
  class space    used 10815K, capacity 11797K, committed 11852K, reserved 1048576K
}
Event: 14.524 GC heap after
{Heap after GC invocations=23 (full 0):
 garbage-first heap   total 225280K, used 99697K [0x0000000080000000, 0x0000000100000000)
  region size 1024K, 9 young (9216K), 9 survivors (9216K)
 Metaspace       used 83857K, capacity 86524K, committed 86784K, reserved 1124352K
  class space    used 10815K, capacity 11797K, committed 11852K, reserved 1048576K
}
Event: 15.167 GC heap before
{Heap before GC invocations=23 (full 0):
 garbage-first heap   total 225280K, used 143729K [0x0000000080000000, 0x0000000100000000)
  region size 1024K, 44 young (45056K), 9 survivors (9216K)
 Metaspace       used 84061K, capacity 86726K, committed 86784K, reserved 1124352K
  class space    used 10831K, capacity 11800K, committed 11852K, reserved 1048576K
}
Event: 15.185 GC heap after
{Heap after GC invocations=24 (full 0):
 garbage-first heap   total 225280K, used 111511K [0x0000000080000000, 0x0000000100000000)
  region size 1024K, 10 young (10240K), 10 survivors (10240K)
 Metaspace       used 84061K, capacity 86726K, committed 86784K, reserved 1124352K
  class space    used 10831K, capacity 11800K, committed 11852K, reserved 1048576K
}
Event: 15.827 GC heap before
{Heap before GC invocations=25 (full 0):
 garbage-first heap   total 225280K, used 173975K [0x0000000080000000, 0x0000000100000000)
  region size 1024K, 62 young (63488K), 10 survivors (10240K)
 Metaspace       used 84295K, capacity 86889K, committed 87424K, reserved 1124352K
  class space    used 10819K, capacity 11794K, committed 11980K, reserved 1048576K
}
Event: 15.839 GC heap after
{Heap after GC invocations=26 (full 0):
 garbage-first heap   total 225280K, used 111616K [0x0000000080000000, 0x0000000100000000)
  region size 1024K, 4 young (4096K), 4 survivors (4096K)
 Metaspace       used 84295K, capacity 86889K, committed 87424K, reserved 1124352K
  class space    used 10819K, capacity 11794K, committed 11980K, reserved 1048576K
}
Event: 15.912 GC heap before
{Heap before GC invocations=26 (full 0):
 garbage-first heap   total 225280K, used 117760K [0x0000000080000000, 0x0000000100000000)
  region size 1024K, 11 young (11264K), 4 survivors (4096K)
 Metaspace       used 84307K, capacity 86889K, committed 87424K, reserved 1124352K
  class space    used 10820K, capacity 11794K, committed 11980K, reserved 1048576K
}
Event: 15.918 GC heap after
{Heap after GC invocations=27 (full 0):
 garbage-first heap   total 225280K, used 112321K [0x0000000080000000, 0x0000000100000000)
  region size 1024K, 1 young (1024K), 1 survivors (1024K)
 Metaspace       used 84307K, capacity 86889K, committed 87424K, reserved 1124352K
  class space    used 10820K, capacity 11794K, committed 11980K, reserved 1048576K
}
Event: 16.307 GC heap before
{Heap before GC invocations=28 (full 0):
 garbage-first heap   total 225280K, used 121537K [0x0000000080000000, 0x0000000100000000)
  region size 1024K, 21 young (21504K), 1 survivors (1024K)
 Metaspace       used 84994K, capacity 87668K, committed 87936K, reserved 1126400K
  class space    used 10892K, capacity 11847K, committed 11980K, reserved 1048576K
}
Event: 16.312 GC heap after
{Heap after GC invocations=29 (full 0):
 garbage-first heap   total 225280K, used 102914K [0x0000000080000000, 0x0000000100000000)
  region size 1024K, 2 young (2048K), 2 survivors (2048K)
 Metaspace       used 84994K, capacity 87668K, committed 87936K, reserved 1126400K
  class space    used 10892K, capacity 11847K, committed 11980K, reserved 1048576K
}
Event: 16.385 GC heap before
{Heap before GC invocations=29 (full 0):
 garbage-first heap   total 225280K, used 111106K [0x0000000080000000, 0x0000000100000000)
  region size 1024K, 11 young (11264K), 2 survivors (2048K)
 Metaspace       used 85275K, capacity 87956K, committed 88192K, reserved 1126400K
  class space    used 10926K, capacity 11879K, committed 11980K, reserved 1048576K
}
Event: 16.388 GC heap after
{Heap after GC invocations=30 (full 0):
 garbage-first heap   total 225280K, used 93204K [0x0000000080000000, 0x0000000100000000)
  region size 1024K, 1 young (1024K), 1 survivors (1024K)
 Metaspace       used 85275K, capacity 87956K, committed 88192K, reserved 1126400K
  class space    used 10926K, capacity 11879K, committed 11980K, reserved 1048576K
}
Event: 16.763 GC heap before
{Heap before GC invocations=30 (full 0):
 garbage-first heap   total 225280K, used 132116K [0x0000000080000000, 0x0000000100000000)
  region size 1024K, 40 young (40960K), 1 survivors (1024K)
 Metaspace       used 86257K, capacity 88855K, committed 89088K, reserved 1126400K
  class space    used 11070K, capacity 12007K, committed 12108K, reserved 1048576K
}
Event: 16.768 GC heap after
{Heap after GC invocations=31 (full 0):
 garbage-first heap   total 225280K, used 94537K [0x0000000080000000, 0x0000000100000000)
  region size 1024K, 2 young (2048K), 2 survivors (2048K)
 Metaspace       used 86257K, capacity 88855K, committed 89088K, reserved 1126400K
  class space    used 11070K, capacity 12007K, committed 12108K, reserved 1048576K
}
Event: 17.244 GC heap before
{Heap before GC invocations=31 (full 0):
 garbage-first heap   total 225280K, used 145737K [0x0000000080000000, 0x0000000100000000)
  region size 1024K, 53 young (54272K), 2 survivors (2048K)
 Metaspace       used 87942K, capacity 90557K, committed 90880K, reserved 1128448K
  class space    used 11281K, capacity 12231K, committed 12364K, reserved 1048576K
}
Event: 17.249 GC heap after
{Heap after GC invocations=32 (full 0):
 garbage-first heap   total 225280K, used 96490K [0x0000000080000000, 0x0000000100000000)
  region size 1024K, 4 young (4096K), 4 survivors (4096K)
 Metaspace       used 87942K, capacity 90557K, committed 90880K, reserved 1128448K
  class space    used 11281K, capacity 12231K, committed 12364K, reserved 1048576K
}
Event: 17.858 GC heap before
{Heap before GC invocations=32 (full 0):
 garbage-first heap   total 225280K, used 148714K [0x0000000080000000, 0x0000000100000000)
  region size 1024K, 49 young (50176K), 4 survivors (4096K)
 Metaspace       used 88940K, capacity 91533K, committed 91776K, reserved 1128448K
  class space    used 11377K, capacity 12319K, committed 12492K, reserved 1048576K
}
Event: 17.868 GC heap after
{Heap after GC invocations=33 (full 0):
 garbage-first heap   total 225280K, used 113682K [0x0000000080000000, 0x0000000100000000)
  region size 1024K, 8 young (8192K), 8 survivors (8192K)
 Metaspace       used 88940K, capacity 91533K, committed 91776K, reserved 1128448K
  class space    used 11377K, capacity 12319K, committed 12492K, reserved 1048576K
}

Deoptimization events (20 events):
Event: 18.039 Thread 0x0000014d08ca4800 Uncommon trap: trap_request=0xffffffc6 fr.pc=0x0000014d791e99fc relative=0x0000000000001a1c
Event: 18.039 Thread 0x0000014d08ca4800 Uncommon trap: reason=bimorphic_or_optimized_type_check action=maybe_recompile pc=0x0000014d791e99fc method=java.util.concurrent.ConcurrentHashMap.putVal(Ljava/lang/Object;Ljava/lang/Object;Z)Ljava/lang/Object; @ 159 c2
Event: 18.039 Thread 0x0000014d08ca4800 DEOPT PACKING pc=0x0000014d791e99fc sp=0x00000007236fd560
Event: 18.039 Thread 0x0000014d08ca4800 DEOPT UNPACKING pc=0x0000014d70f378af sp=0x00000007236fd500 mode 2
Event: 18.039 Thread 0x0000014d08ca4800 Uncommon trap: trap_request=0xffffffc6 fr.pc=0x0000014d791e99fc relative=0x0000000000001a1c
Event: 18.039 Thread 0x0000014d08ca4800 Uncommon trap: reason=bimorphic_or_optimized_type_check action=maybe_recompile pc=0x0000014d791e99fc method=java.util.concurrent.ConcurrentHashMap.putVal(Ljava/lang/Object;Ljava/lang/Object;Z)Ljava/lang/Object; @ 159 c2
Event: 18.039 Thread 0x0000014d08ca4800 DEOPT PACKING pc=0x0000014d791e99fc sp=0x00000007236fd5a0
Event: 18.039 Thread 0x0000014d08ca4800 DEOPT UNPACKING pc=0x0000014d70f378af sp=0x00000007236fd540 mode 2
Event: 18.041 Thread 0x0000014d08ca4800 Uncommon trap: trap_request=0xffffffc6 fr.pc=0x0000014d791e99fc relative=0x0000000000001a1c
Event: 18.041 Thread 0x0000014d08ca4800 Uncommon trap: reason=bimorphic_or_optimized_type_check action=maybe_recompile pc=0x0000014d791e99fc method=java.util.concurrent.ConcurrentHashMap.putVal(Ljava/lang/Object;Ljava/lang/Object;Z)Ljava/lang/Object; @ 159 c2
Event: 18.041 Thread 0x0000014d08ca4800 DEOPT PACKING pc=0x0000014d791e99fc sp=0x00000007236fd680
Event: 18.041 Thread 0x0000014d08ca4800 DEOPT UNPACKING pc=0x0000014d70f378af sp=0x00000007236fd620 mode 2
Event: 18.052 Thread 0x0000014d08ca4800 DEOPT PACKING pc=0x0000014d71a6ffb8 sp=0x00000007236fceb0
Event: 18.052 Thread 0x0000014d08ca4800 DEOPT UNPACKING pc=0x0000014d70f376ce sp=0x00000007236fc328 mode 0
Event: 18.140 Thread 0x0000014d08ca4800 Uncommon trap: trap_request=0xffffff4d fr.pc=0x0000014d78d5065c relative=0x00000000000000bc
Event: 18.140 Thread 0x0000014d08ca4800 Uncommon trap: reason=unstable_if action=reinterpret pc=0x0000014d78d5065c method=jdk.internal.misc.Unsafe.convEndian(ZS)S @ 4 c2
Event: 18.140 Thread 0x0000014d08ca4800 DEOPT PACKING pc=0x0000014d78d5065c sp=0x00000007236fd830
Event: 18.140 Thread 0x0000014d08ca4800 DEOPT UNPACKING pc=0x0000014d70f378af sp=0x00000007236fd6f0 mode 2
Event: 18.158 Thread 0x0000014d08ca4800 DEOPT PACKING pc=0x0000014d72b9ef76 sp=0x00000007236fd6b0
Event: 18.158 Thread 0x0000014d08ca4800 DEOPT UNPACKING pc=0x0000014d70f376ce sp=0x00000007236fcbd0 mode 0

Classes redefined (0 events):
No events

Internal exceptions (20 events):
Event: 16.169 Thread 0x0000014d08c9d000 Exception <a 'sun/nio/fs/WindowsException'{0x000000008d13d110}> (0x000000008d13d110) thrown at [./src/hotspot/share/prims/jni.cpp, line 615]
Event: 16.174 Thread 0x0000014d08c9d000 Exception <a 'sun/nio/fs/WindowsException'{0x000000008d140c80}> (0x000000008d140c80) thrown at [./src/hotspot/share/prims/jni.cpp, line 615]
Event: 16.174 Thread 0x0000014d08c9d000 Exception <a 'sun/nio/fs/WindowsException'{0x000000008d141c68}> (0x000000008d141c68) thrown at [./src/hotspot/share/prims/jni.cpp, line 615]
Event: 16.194 Thread 0x0000014d08c9d000 Exception <a 'java/lang/NoSuchMethodError'{0x000000008d0c83f0}: <clinit>> (0x000000008d0c83f0) thrown at [./src/hotspot/share/prims/jni.cpp, line 1362]
Event: 16.200 Thread 0x0000014d08c9d000 Exception <a 'java/lang/NoSuchMethodError'{0x000000008cf06340}: <clinit>> (0x000000008cf06340) thrown at [./src/hotspot/share/prims/jni.cpp, line 1362]
Event: 16.202 Thread 0x0000014d08c9d000 Exception <a 'java/lang/NoSuchMethodError'{0x000000008cf18e98}: <clinit>> (0x000000008cf18e98) thrown at [./src/hotspot/share/prims/jni.cpp, line 1362]
Event: 16.666 Thread 0x0000014d0c540800 Implicit null exception at 0x0000014d79170c81 to 0x0000014d79171470
Event: 16.666 Thread 0x0000014d0c547000 Implicit null exception at 0x0000014d79170c81 to 0x0000014d79171470
Event: 16.666 Thread 0x0000014d0c545800 Implicit null exception at 0x0000014d79170c81 to 0x0000014d79171470
Event: 16.666 Thread 0x0000014d0c546800 Implicit null exception at 0x0000014d79170c81 to 0x0000014d79171470
Event: 16.828 Thread 0x0000014d0c540800 Implicit null exception at 0x0000014d79178752 to 0x0000014d79178b58
Event: 17.756 Thread 0x0000014d08c9e800 Exception <a 'java/lang/NoSuchMethodError'{0x000000008bceaee0}: 'void java.lang.invoke.DirectMethodHandle$Holder.invokeStatic(java.lang.Object, long)'> (0x000000008bceaee0) thrown at [./src/hotspot/share/interpreter/linkResolver.cpp, line 773]
Event: 17.757 Thread 0x0000014d08c9e800 Exception <a 'java/lang/NoSuchMethodError'{0x000000008bcf00f8}: 'java.lang.Object java.lang.invoke.DirectMethodHandle$Holder.invokeStatic(java.lang.Object, long)'> (0x000000008bcf00f8) thrown at [./src/hotspot/share/interpreter/linkResolver.cpp, line 773]
Event: 17.761 Thread 0x0000014d08c9e800 Exception <a 'java/lang/NoSuchMethodError'{0x000000008bcfe460}: 'java.lang.Object java.lang.invoke.DirectMethodHandle$Holder.invokeStaticInit(java.lang.Object, java.lang.Object, long, java.lang.Object)'> (0x000000008bcfe460) thrown at [./src/hotspot/share/interpreter/linkResolver.cpp, line 773]
Event: 17.763 Thread 0x0000014d08c9e800 Exception <a 'java/lang/NoSuchMethodError'{0x000000008b34d4d8}: 'java.lang.Object java.lang.invoke.DirectMethodHandle$Holder.invokeStatic(java.lang.Object, java.lang.Object, long)'> (0x000000008b34d4d8) thrown at [./src/hotspot/share/interpreter/linkResolver.cpp, line 773]
Event: 17.764 Thread 0x0000014d08c9e800 Exception <a 'java/lang/NoSuchMethodError'{0x000000008b353a50}: 'java.lang.Object java.lang.invoke.Invokers$Holder.linkToTargetMethod(java.lang.Object, long, java.lang.Object)'> (0x000000008b353a50) thrown at [./src/hotspot/share/interpreter/linkResolver.cpp, line 773]
Event: 17.952 Thread 0x0000014d08ca4800 Exception <a 'sun/nio/fs/WindowsException'{0x000000008d830e40}> (0x000000008d830e40) thrown at [./src/hotspot/share/prims/jni.cpp, line 615]
Event: 18.072 Thread 0x0000014d08c9e800 Exception <a 'java/lang/NoSuchMethodError'{0x000000008d365280}: 'int java.lang.invoke.DirectMethodHandle$Holder.invokeSpecialIFC(java.lang.Object, java.lang.Object, java.lang.Object)'> (0x000000008d365280) thrown at [./src/hotspot/share/interpreter/linkResolver.cpp, line 773]
Event: 18.136 Thread 0x0000014d08ca4800 Exception <a 'java/lang/NoSuchMethodError'{0x000000008d05fbc8}: 'java.lang.Object java.lang.invoke.DirectMethodHandle$Holder.invokeStatic(java.lang.Object, java.lang.Object, java.lang.Object, java.lang.Object, java.lang.Object, java.lang.Object, java.lang.Object, java.lang.Object, java.lang.Object, java.lang.Object, java.lang.Object, java.lang.Object, java.lang.Object, java.lang.Object, java.lang.Object, java.lang.Object, java.lang.Object, java.lang.Object, int, java.lang.Object)'> (0x000000008d05fbc8) thr
Event: 18.137 Thread 0x0000014d08ca4800 Exception <a 'java/lang/NoSuchMethodError'{0x000000008d065458}: 'java.lang.Object java.lang.invoke.DirectMethodHandle$Holder.invokeStaticInit(java.lang.Object, java.lang.Object, java.lang.Object, java.lang.Object, java.lang.Object, java.lang.Object, java.lang.Object, java.lang.Object, java.lang.Object, java.lang.Object, java.lang.Object, java.lang.Object, java.lang.Object, java.lang.Object, java.lang.Object, java.lang.Object, java.lang.Object, java.lang.Object, int, java.lang.Object)'> (0x000000008d065458)

Events (20 events):
Event: 18.166 loading class com/android/tools/r8/internal/Uj
Event: 18.166 loading class com/android/tools/r8/internal/Uj done
Event: 18.166 loading class com/android/tools/r8/internal/bk
Event: 18.166 loading class com/android/tools/r8/internal/bk done
Event: 18.167 loading class com/android/tools/r8/internal/SF
Event: 18.167 loading class com/android/tools/r8/internal/SF done
Event: 18.167 loading class com/android/tools/r8/internal/QF
Event: 18.167 loading class com/android/tools/r8/internal/QF done
Event: 18.167 loading class com/android/tools/r8/internal/RF
Event: 18.167 loading class com/android/tools/r8/internal/RF done
Event: 18.168 loading class com/android/tools/r8/internal/Yj
Event: 18.168 loading class com/android/tools/r8/internal/Yj done
Event: 18.168 loading class com/android/tools/r8/internal/Fo
Event: 18.168 loading class com/android/tools/r8/internal/Fo done
Event: 18.168 loading class com/android/tools/r8/internal/Vj
Event: 18.168 loading class com/android/tools/r8/internal/Vj done
Event: 18.169 loading class com/android/tools/r8/internal/Rj
Event: 18.169 loading class com/android/tools/r8/internal/Rj done
Event: 18.169 loading class com/android/tools/r8/internal/lp
Event: 18.169 loading class com/android/tools/r8/internal/lp done


Dynamic libraries:
0x00007ff7bc6e0000 - 0x00007ff7bc6ea000 	C:\Program Files\Android\Android Studio3\jre\bin\java.exe
0x00007ffd703a0000 - 0x00007ffd705af000 	C:\WINDOWS\SYSTEM32\ntdll.dll
0x00007ffd6ed30000 - 0x00007ffd6eded000 	C:\WINDOWS\System32\KERNEL32.DLL
0x00007ffd6d860000 - 0x00007ffd6dbe6000 	C:\WINDOWS\System32\KERNELBASE.dll
0x00007ffd6e0d0000 - 0x00007ffd6e1e1000 	C:\WINDOWS\System32\ucrtbase.dll
0x00007ffd60510000 - 0x00007ffd60527000 	C:\Program Files\Android\Android Studio3\jre\bin\VCRUNTIME140.dll
0x00007ffd60410000 - 0x00007ffd60429000 	C:\Program Files\Android\Android Studio3\jre\bin\jli.dll
0x00007ffd6f140000 - 0x00007ffd6f2ea000 	C:\WINDOWS\System32\USER32.dll
0x00007ffd56840000 - 0x00007ffd56ae1000 	C:\WINDOWS\WinSxS\amd64_microsoft.windows.common-controls_6595b64144ccf1df_6.0.22471.1000_none_228bc6e77ad112f7\COMCTL32.dll
0x00007ffd6e1f0000 - 0x00007ffd6e216000 	C:\WINDOWS\System32\win32u.dll
0x00007ffd6e290000 - 0x00007ffd6e334000 	C:\WINDOWS\System32\msvcrt.dll
0x00007ffd6e580000 - 0x00007ffd6e5a9000 	C:\WINDOWS\System32\GDI32.dll
0x00007ffd6dfb0000 - 0x00007ffd6e0c7000 	C:\WINDOWS\System32\gdi32full.dll
0x00007ffd6de80000 - 0x00007ffd6df1b000 	C:\WINDOWS\System32\msvcp_win.dll
0x00007ffd6e540000 - 0x00007ffd6e571000 	C:\WINDOWS\System32\IMM32.DLL
0x00007ffd41520000 - 0x00007ffd415bd000 	C:\Program Files\Android\Android Studio3\jre\bin\msvcp140.dll
0x00007ffd431e0000 - 0x00007ffd43caf000 	C:\Program Files\Android\Android Studio3\jre\bin\server\jvm.dll
0x00007ffd6e5b0000 - 0x00007ffd6e65e000 	C:\WINDOWS\System32\ADVAPI32.dll
0x00007ffd6ec80000 - 0x00007ffd6ed21000 	C:\WINDOWS\System32\sechost.dll
0x00007ffd6e420000 - 0x00007ffd6e540000 	C:\WINDOWS\System32\RPCRT4.dll
0x00007ffd6e220000 - 0x00007ffd6e228000 	C:\WINDOWS\System32\PSAPI.DLL
0x00007ffd4a4b0000 - 0x00007ffd4a4b9000 	C:\WINDOWS\SYSTEM32\WSOCK32.dll
0x00007ffd678d0000 - 0x00007ffd67903000 	C:\WINDOWS\SYSTEM32\WINMM.dll
0x00007ffd6b550000 - 0x00007ffd6b55a000 	C:\WINDOWS\SYSTEM32\VERSION.dll
0x00007ffd6f2f0000 - 0x00007ffd6f361000 	C:\WINDOWS\System32\WS2_32.dll
0x00007ffd6c930000 - 0x00007ffd6c948000 	C:\WINDOWS\SYSTEM32\kernel.appcore.dll
0x00007ffd69cf0000 - 0x00007ffd69d01000 	C:\Program Files\Android\Android Studio3\jre\bin\verify.dll
0x00007ffd65500000 - 0x00007ffd65727000 	C:\WINDOWS\SYSTEM32\DBGHELP.DLL
0x00007ffd6e900000 - 0x00007ffd6ec7e000 	C:\WINDOWS\System32\combase.dll
0x00007ffd5d9f0000 - 0x00007ffd5da21000 	C:\WINDOWS\SYSTEM32\dbgcore.DLL
0x00007ffd6df20000 - 0x00007ffd6dfa1000 	C:\WINDOWS\System32\bcryptPrimitives.dll
0x00007ffd69b50000 - 0x00007ffd69b79000 	C:\Program Files\Android\Android Studio3\jre\bin\java.dll
0x00007ffd69310000 - 0x00007ffd6931b000 	C:\Program Files\Android\Android Studio3\jre\bin\jimage.dll
0x00007ffd60970000 - 0x00007ffd60988000 	C:\Program Files\Android\Android Studio3\jre\bin\zip.dll
0x00007ffd6f980000 - 0x00007ffd7012b000 	C:\WINDOWS\System32\SHELL32.dll
0x00007ffd6b900000 - 0x00007ffd6c15c000 	C:\WINDOWS\SYSTEM32\windows.storage.dll
0x00007ffd6b7b0000 - 0x00007ffd6b8f9000 	C:\WINDOWS\SYSTEM32\wintypes.dll
0x00007ffd6e7a0000 - 0x00007ffd6e890000 	C:\WINDOWS\System32\SHCORE.dll
0x00007ffd6e890000 - 0x00007ffd6e8eb000 	C:\WINDOWS\System32\shlwapi.dll
0x00007ffd6d790000 - 0x00007ffd6d7b1000 	C:\WINDOWS\SYSTEM32\profapi.dll
0x00007ffd60950000 - 0x00007ffd6096a000 	C:\Program Files\Android\Android Studio3\jre\bin\net.dll
0x00007ffd67910000 - 0x00007ffd67a20000 	C:\WINDOWS\SYSTEM32\WINHTTP.dll
0x00007ffd6cd80000 - 0x00007ffd6cde9000 	C:\WINDOWS\system32\mswsock.dll
0x00007ffd60930000 - 0x00007ffd60944000 	C:\Program Files\Android\Android Studio3\jre\bin\nio.dll
0x00007ffd60530000 - 0x00007ffd60557000 	C:\Users\xpmkm\.gradle\native\8bec1ad78214c89d9ad589b4d07fe93259594b29d510b10fafb7a158f7737e5d\windows-amd64\native-platform.dll
0x00007ffd60230000 - 0x00007ffd6036d000 	C:\Users\xpmkm\.gradle\native\53dbd7edfb1c66fb8903c78663c9afc45aea4f116125fa6feffd364cf09443e8\windows-amd64\native-platform-file-events.dll
0x00007ffd69300000 - 0x00007ffd6930a000 	C:\Program Files\Android\Android Studio3\jre\bin\management.dll
0x00007ffd69040000 - 0x00007ffd6904c000 	C:\Program Files\Android\Android Studio3\jre\bin\management_ext.dll
0x00007ffd6cfd0000 - 0x00007ffd6cfe8000 	C:\WINDOWS\SYSTEM32\CRYPTSP.dll
0x00007ffd6c890000 - 0x00007ffd6c8c5000 	C:\WINDOWS\system32\rsaenh.dll
0x00007ffd6ce80000 - 0x00007ffd6cea9000 	C:\WINDOWS\SYSTEM32\USERENV.dll
0x00007ffd6d1c0000 - 0x00007ffd6d1e8000 	C:\WINDOWS\SYSTEM32\bcrypt.dll
0x00007ffd6cff0000 - 0x00007ffd6cffc000 	C:\WINDOWS\SYSTEM32\CRYPTBASE.dll
0x00007ffd6c380000 - 0x00007ffd6c3ad000 	C:\WINDOWS\SYSTEM32\IPHLPAPI.DLL
0x00007ffd6e8f0000 - 0x00007ffd6e8f9000 	C:\WINDOWS\System32\NSI.dll
0x00007ffd67320000 - 0x00007ffd67339000 	C:\WINDOWS\SYSTEM32\dhcpcsvc6.DLL
0x00007ffd672e0000 - 0x00007ffd672fe000 	C:\WINDOWS\SYSTEM32\dhcpcsvc.DLL
0x00007ffd6c3b0000 - 0x00007ffd6c4a1000 	C:\WINDOWS\SYSTEM32\DNSAPI.dll

dbghelp: loaded successfully - version: 4.0.5 - missing functions: none
symbol engine: initialized successfully - sym options: 0x614 - pdb path: .;C:\Program Files\Android\Android Studio3\jre\bin;C:\WINDOWS\SYSTEM32;C:\WINDOWS\WinSxS\amd64_microsoft.windows.common-controls_6595b64144ccf1df_6.0.22471.1000_none_228bc6e77ad112f7;C:\Program Files\Android\Android Studio3\jre\bin\server;C:\Users\xpmkm\.gradle\native\8bec1ad78214c89d9ad589b4d07fe93259594b29d510b10fafb7a158f7737e5d\windows-amd64;C:\Users\xpmkm\.gradle\native\53dbd7edfb1c66fb8903c78663c9afc45aea4f116125fa6feffd364cf09443e8\windows-amd64

VM Arguments:
jvm_args: --add-opens=java.base/java.util=ALL-UNNAMED --add-opens=java.base/java.lang=ALL-UNNAMED --add-opens=java.base/java.lang.invoke=ALL-UNNAMED --add-opens=java.base/java.util=ALL-UNNAMED --add-opens=java.prefs/java.util.prefs=ALL-UNNAMED --add-opens=java.prefs/java.util.prefs=ALL-UNNAMED --add-opens=java.base/java.nio.charset=ALL-UNNAMED --add-opens=java.base/java.net=ALL-UNNAMED --add-opens=java.base/java.util.concurrent.atomic=ALL-UNNAMED -Xmx2048m -Dfile.encoding=UTF-8 -Duser.country=IN -Duser.language=en -Duser.variant 
java_command: org.gradle.launcher.daemon.bootstrap.GradleDaemon 7.0.2
java_class_path (initial): C:\Users\xpmkm\.gradle\wrapper\dists\gradle-7.0.2-bin\857tjihv64xamwrf0h14cai3r\gradle-7.0.2\lib\gradle-launcher-7.0.2.jar
Launcher Type: SUN_STANDARD

[Global flags]
     intx CICompilerCount                          = 4                                         {product} {ergonomic}
     uint ConcGCThreads                            = 2                                         {product} {ergonomic}
     uint G1ConcRefinementThreads                  = 8                                         {product} {ergonomic}
   size_t G1HeapRegionSize                         = 1048576                                   {product} {ergonomic}
    uintx GCDrainStackTargetSize                   = 64                                        {product} {ergonomic}
   size_t InitialHeapSize                          = 132120576                                 {product} {ergonomic}
   size_t MarkStackSize                            = 4194304                                   {product} {ergonomic}
   size_t MaxHeapSize                              = 2147483648                                {product} {command line}
   size_t MaxNewSize                               = 1287651328                                {product} {ergonomic}
   size_t MinHeapDeltaBytes                        = 1048576                                   {product} {ergonomic}
    uintx NonNMethodCodeHeapSize                   = 5836300                                {pd product} {ergonomic}
    uintx NonProfiledCodeHeapSize                  = 122910970                              {pd product} {ergonomic}
    uintx ProfiledCodeHeapSize                     = 122910970                              {pd product} {ergonomic}
    uintx ReservedCodeCacheSize                    = 251658240                              {pd product} {ergonomic}
     bool SegmentedCodeCache                       = true                                      {product} {ergonomic}
     bool UseCompressedClassPointers               = true                                 {lp64_product} {ergonomic}
     bool UseCompressedOops                        = true                                 {lp64_product} {ergonomic}
     bool UseG1GC                                  = true                                      {product} {ergonomic}
     bool UseLargePagesIndividualAllocation        = false                                  {pd product} {ergonomic}

Logging:
Log output configuration:
 #0: stdout all=warning uptime,level,tags
 #1: stderr all=off uptime,level,tags

Environment Variables:
PATH=C:\Program Files (x86)\Common Files\Oracle\Java\javapath;C:\WINDOWS\system32;C:\WINDOWS;C:\WINDOWS\System32\Wbem;C:\WINDOWS\System32\WindowsPowerShell\v1.0\;C:\WINDOWS\System32\OpenSSH\;C:\Program Files\Git\cmd;C:\Program Files\nodejs\;C:\xampp\php;C:\ProgramData\ComposerSetup\bin;C:\Users\xpmkm\AppData\Local\Android\Sdk\platform-tools;C:\Program Files\Java\jdk1.8.0_231\bin;C:\Program Files\opnsl\bin;C:\Users\xpmkm\AppData\Roaming\npm;C:\Users\xpmkm\AppData\Local\Programs\Microsoft VS Code\bin;C:\Program Files\flutter\bin;C:\Users\xpmkm\AppData\Roaming\Composer\vendor\bin;C:\Users\xpmkm\AppData\Local\Microsoft\WindowsApps;
USERNAME=xpmkm
OS=Windows_NT
PROCESSOR_IDENTIFIER=AMD64 Family 23 Model 24 Stepping 1, AuthenticAMD



---------------  S Y S T E M  ---------------

OS: Windows 10 , 64 bit Build 22471 (10.0.22471.1000)
OS uptime: 0 days 0:29 hours

CPU:total 8 (initial active 8) (8 cores per cpu, 2 threads per core) family 23 model 24 stepping 1 microcode 0x0, cmov, cx8, fxsr, mmx, sse, sse2, sse3, ssse3, sse4.1, sse4.2, popcnt, avx, avx2, aes, clmul, mmxext, 3dnowpref, lzcnt, sse4a, ht, tsc, tscinvbit, tscinv, bmi1, bmi2, adx, s

Memory: 4k page, system-wide physical 8002M (541M free)
TotalPageFile size 12098M (AvailPageFile size 5M)
current process WorkingSet (physical memory assigned to process): 508M, peak: 511M
current process commit charge ("private bytes"): 543M, peak: 547M

vm_info: OpenJDK 64-Bit Server VM (11.0.10+0-b96-7249189) for windows-amd64 JRE (11.0.10+0-b96-7249189), built on Mar 31 2021 21:44:00 by "builder" with MS VC++ 14.0 (VS2015)

END.
