#
# There is insufficient memory for the Java Runtime Environment to continue.
# Native memory allocation (malloc) failed to allocate 32744 bytes for ChunkPool::allocate
# Possible reasons:
#   The system is out of physical RAM or swap space
#   The process is running with CompressedOops enabled, and the Java Heap may be blocking the growth of the native heap
# Possible solutions:
#   Reduce memory load on the system
#   Increase physical memory or swap space
#   Check if swap backing store is full
#   Decrease Java heap size (-Xmx/-Xms)
#   Decrease number of Java threads
#   Decrease Java thread stack sizes (-Xss)
#   Set larger code cache with -XX:ReservedCodeCacheSize=
#   JVM is running with Unscaled Compressed Oops mode in which the Java heap is
#     placed in the first 4GB address space. The Java Heap base address is the
#     maximum limit for the native heap growth. Please use -XX:HeapBaseMinAddress
#     to set the Java Heap base and to place the Java Heap above 4GB virtual address.
# This output file may be truncated or incomplete.
#
#  Out of Memory Error (./src/hotspot/share/memory/arena.cpp:81), pid=12608, tid=18160
#
# JRE version: OpenJDK Runtime Environment (11.0.10) (build 11.0.10+0-b96-7249189)
# Java VM: OpenJDK 64-Bit Server VM (11.0.10+0-b96-7249189, mixed mode, tiered, compressed oops, g1 gc, windows-amd64)
# No core dump will be written. Minidumps are not enabled by default on client versions of Windows
#

---------------  S U M M A R Y ------------

Command Line: --add-opens=java.base/java.util=ALL-UNNAMED --add-opens=java.base/java.lang=ALL-UNNAMED --add-opens=java.base/java.lang.invoke=ALL-UNNAMED --add-opens=java.base/java.util=ALL-UNNAMED --add-opens=java.prefs/java.util.prefs=ALL-UNNAMED --add-opens=java.prefs/java.util.prefs=ALL-UNNAMED --add-opens=java.base/java.nio.charset=ALL-UNNAMED --add-opens=java.base/java.net=ALL-UNNAMED --add-opens=java.base/java.util.concurrent.atomic=ALL-UNNAMED -Xmx2048m -Dfile.encoding=UTF-8 -Duser.country=IN -Duser.language=en -Duser.variant org.gradle.launcher.daemon.bootstrap.GradleDaemon 7.0.2

Host: AMD Ryzen 5 3550H with Radeon Vega Mobile Gfx  , 8 cores, 7G,  Windows 10 , 64 bit Build 22468 (10.0.22468.1000)
Time: Wed Oct  6 11:53:58 2021 India Standard Time elapsed time: 38.077764 seconds (0d 0h 0m 38s)

---------------  T H R E A D  ---------------

Current thread (0x0000028d8f1d5800):  VMThread "VM Thread" [stack: 0x000000986be00000,0x000000986bf00000] [id=18160] _threads_hazard_ptr=0x0000028d95a4aa30

Stack: [0x000000986be00000,0x000000986bf00000]
[error occurred during error reporting (printing stack bounds), id 0xc0000005, EXCEPTION_ACCESS_VIOLATION (0xc0000005) at pc=0x0000028d80000f2d]

Native frames: (J=compiled Java code, j=interpreted, Vv=VM code, C=native code)
V  [jvm.dll+0x5ecfaa]
V  [jvm.dll+0x722bd5]
V  [jvm.dll+0x72412d]
V  [jvm.dll+0x724745]
V  [jvm.dll+0x7246fb]
V  [jvm.dll+0x5ec348]
V  [jvm.dll+0x5ecad8]
C  [ntdll.dll+0xa623f]
C  [ntdll.dll+0x65ea9]
C  [ntdll.dll+0xa522e]
C  0x0000028d80000f2d

VM_Operation (0x000000986d1f2330): BulkRevokeBias, mode: safepoint, requested by thread 0x0000028d90db7800


---------------  P R O C E S S  ---------------

Threads class SMR info:
_java_thread_list=0x0000028d95a4aa30, length=50, elements={
0x0000028df4bf4800, 0x0000028d8f1d9800, 0x0000028d8f1e8000, 0x0000028d8f1f7000,
0x0000028d8fa42800, 0x0000028d8fa44000, 0x0000028d8fa48800, 0x0000028d8fa4e800,
0x0000028d8fa51800, 0x0000028d8fbb6000, 0x0000028d91b3f800, 0x0000028d8fbd4800,
0x0000028d913ec800, 0x0000028d932ff800, 0x0000028d91368800, 0x0000028d910de800,
0x0000028d90db7800, 0x0000028d91407800, 0x0000028d91cff000, 0x0000028d920cf000,
0x0000028d920d1800, 0x0000028d920d3000, 0x0000028d920d4000, 0x0000028d920d1000,
0x0000028d920d2800, 0x0000028d920d0000, 0x0000028d920ce800, 0x0000028d920d5000,
0x0000028d91caf000, 0x0000028d91cb1800, 0x0000028d91cb2000, 0x0000028d91caf800,
0x0000028d91cb3000, 0x0000028d91cae000, 0x0000028d91cb4000, 0x0000028d91cb4800,
0x0000028d91cb5800, 0x0000028d91cb0800, 0x0000028d91cba800, 0x0000028d91cb8000,
0x0000028d91cbc000, 0x0000028d91cb9800, 0x0000028d91cb8800, 0x0000028d91cb6000,
0x0000028d91cbd000, 0x0000028d91b64800, 0x0000028d91b65000, 0x0000028d91b63000,
0x0000028d91b62000, 0x0000028d91b63800
}

Java Threads: ( => current thread )
  0x0000028df4bf4800 JavaThread "main" [_thread_blocked, id=1496, stack(0x000000986b800000,0x000000986b900000)]
  0x0000028d8f1d9800 JavaThread "Reference Handler" daemon [_thread_blocked, id=18116, stack(0x000000986bf00000,0x000000986c000000)]
  0x0000028d8f1e8000 JavaThread "Finalizer" daemon [_thread_blocked, id=15280, stack(0x000000986c000000,0x000000986c100000)]
  0x0000028d8f1f7000 JavaThread "Signal Dispatcher" daemon [_thread_blocked, id=13008, stack(0x000000986c100000,0x000000986c200000)]
  0x0000028d8fa42800 JavaThread "Attach Listener" daemon [_thread_blocked, id=2080, stack(0x000000986c200000,0x000000986c300000)]
  0x0000028d8fa44000 JavaThread "Service Thread" daemon [_thread_blocked, id=16072, stack(0x000000986c300000,0x000000986c400000)]
  0x0000028d8fa48800 JavaThread "C2 CompilerThread0" daemon [_thread_in_native, id=12604, stack(0x000000986c400000,0x000000986c500000)]
  0x0000028d8fa4e800 JavaThread "C1 CompilerThread0" daemon [_thread_blocked, id=15336, stack(0x000000986c500000,0x000000986c600000)]
  0x0000028d8fa51800 JavaThread "Sweeper thread" daemon [_thread_blocked, id=15612, stack(0x000000986c600000,0x000000986c700000)]
  0x0000028d8fbb6000 JavaThread "Common-Cleaner" daemon [_thread_blocked, id=14164, stack(0x000000986c700000,0x000000986c800000)]
  0x0000028d91b3f800 JavaThread "Daemon health stats" [_thread_blocked, id=17540, stack(0x000000986cd00000,0x000000986ce00000)]
  0x0000028d8fbd4800 JavaThread "Incoming local TCP Connector on port 56562" [_thread_in_native, id=12424, stack(0x000000986c900000,0x000000986ca00000)]
  0x0000028d913ec800 JavaThread "Daemon periodic checks" [_thread_blocked, id=7492, stack(0x000000986cc00000,0x000000986cd00000)]
  0x0000028d932ff800 JavaThread "Daemon" [_thread_blocked, id=9344, stack(0x000000986ce00000,0x000000986cf00000)]
  0x0000028d91368800 JavaThread "Handler for socket connection from /127.0.0.1:56562 to /127.0.0.1:56563" [_thread_in_native, id=17456, stack(0x000000986cf00000,0x000000986d000000)]
  0x0000028d910de800 JavaThread "Cancel handler" [_thread_blocked, id=18040, stack(0x000000986d000000,0x000000986d100000)]
  0x0000028d90db7800 JavaThread "Daemon worker" [_thread_blocked, id=16816, stack(0x000000986d100000,0x000000986d200000)]
  0x0000028d91407800 JavaThread "Asynchronous log dispatcher for DefaultDaemonConnection: socket connection from /127.0.0.1:56562 to /127.0.0.1:56563" [_thread_blocked, id=16036, stack(0x000000986d200000,0x000000986d300000)]
  0x0000028d91cff000 JavaThread "Stdin handler" [_thread_blocked, id=16524, stack(0x000000986d300000,0x000000986d400000)]
  0x0000028d920cf000 JavaThread "Daemon client event forwarder" [_thread_blocked, id=11900, stack(0x000000986d400000,0x000000986d500000)]
  0x0000028d920d1800 JavaThread "Cache worker for file hash cache (C:\Users\xpmkm\.gradle\caches\7.0.2\fileHashes)" [_thread_blocked, id=1464, stack(0x000000986da00000,0x000000986db00000)]
  0x0000028d920d3000 JavaThread "File lock request listener" [_thread_in_native, id=10308, stack(0x000000986db00000,0x000000986dc00000)]
  0x0000028d920d4000 JavaThread "Cache worker for journal cache (C:\Users\xpmkm\.gradle\caches\journal-1)" [_thread_blocked, id=1780, stack(0x000000986dd00000,0x000000986de00000)]
  0x0000028d920d1000 JavaThread "Cache worker for file hash cache (C:\Users\xpmkm\Desktop\update_code_vezilla-server\codecanyon-L2GSbXtH-dairy-products-grocery-daily-milk-delivery-mobile-app-with-subscription-customer-app-delivery\test-vezilla-android-workspace\.gradle\7.0.2\fileHashes)" [_thread_blocked, id=8200, stack(0x000000986df00000,0x000000986e000000)]
  0x0000028d920d2800 JavaThread "File watcher server" daemon [_thread_in_native, id=13384, stack(0x000000986e000000,0x000000986e100000)]
  0x0000028d920d0000 JavaThread "File watcher consumer" daemon [_thread_blocked, id=7364, stack(0x000000986e100000,0x000000986e200000)]
  0x0000028d920ce800 JavaThread "jar transforms" [_thread_blocked, id=17592, stack(0x000000986e200000,0x000000986e300000)]
  0x0000028d920d5000 JavaThread "jar transforms Thread 2" [_thread_blocked, id=17224, stack(0x000000986e300000,0x000000986e400000)]
  0x0000028d91caf000 JavaThread "jar transforms Thread 3" [_thread_blocked, id=7156, stack(0x000000986e400000,0x000000986e500000)]
  0x0000028d91cb1800 JavaThread "jar transforms Thread 4" [_thread_blocked, id=12732, stack(0x000000986e500000,0x000000986e600000)]
  0x0000028d91cb2000 JavaThread "jar transforms Thread 5" [_thread_blocked, id=17064, stack(0x000000986e600000,0x000000986e700000)]
  0x0000028d91caf800 JavaThread "jar transforms Thread 6" [_thread_blocked, id=17580, stack(0x000000986e700000,0x000000986e800000)]
  0x0000028d91cb3000 JavaThread "jar transforms Thread 7" [_thread_blocked, id=3460, stack(0x000000986e800000,0x000000986e900000)]
  0x0000028d91cae000 JavaThread "jar transforms Thread 8" [_thread_blocked, id=13836, stack(0x000000986e900000,0x000000986ea00000)]
  0x0000028d91cb4000 JavaThread "Cache worker for checksums cache (C:\Users\xpmkm\Desktop\update_code_vezilla-server\codecanyon-L2GSbXtH-dairy-products-grocery-daily-milk-delivery-mobile-app-with-subscription-customer-app-delivery\test-vezilla-android-workspace\.gradle\checksums)" [_thread_blocked, id=16908, stack(0x000000986ea00000,0x000000986eb00000)]
  0x0000028d91cb4800 JavaThread "Cache worker for cache directory md-supplier (C:\Users\xpmkm\.gradle\caches\7.0.2\md-supplier)" [_thread_blocked, id=12648, stack(0x000000986eb00000,0x000000986ec00000)]
  0x0000028d91cb5800 JavaThread "Cache worker for cache directory md-rule (C:\Users\xpmkm\.gradle\caches\7.0.2\md-rule)" [_thread_blocked, id=5292, stack(0x000000986ec00000,0x000000986ed00000)]
  0x0000028d91cb0800 JavaThread "Cache worker for execution history cache (C:\Users\xpmkm\.gradle\caches\7.0.2\executionHistory)" [_thread_blocked, id=14696, stack(0x000000986ed00000,0x000000986ee00000)]
  0x0000028d91cba800 JavaThread "Cache worker for file content cache (C:\Users\xpmkm\.gradle\caches\7.0.2\fileContent)" [_thread_blocked, id=1908, stack(0x000000986ee00000,0x000000986ef00000)]
  0x0000028d91cb8000 JavaThread "Cache worker for dependencies-accessors (C:\Users\xpmkm\Desktop\update_code_vezilla-server\codecanyon-L2GSbXtH-dairy-products-grocery-daily-milk-delivery-mobile-app-with-subscription-customer-app-delivery\test-vezilla-android-workspace\.gradle\7.0.2\dependencies-accessors)" [_thread_blocked, id=8692, stack(0x000000986ef00000,0x000000986f000000)]
  0x0000028d91cbc000 JavaThread "Cache worker for Build Output Cleanup Cache (C:\Users\xpmkm\Desktop\update_code_vezilla-server\codecanyon-L2GSbXtH-dairy-products-grocery-daily-milk-delivery-mobile-app-with-subscription-customer-app-delivery\test-vezilla-android-workspace\.gradle\buildOutputCleanup)" [_thread_blocked, id=4508, stack(0x000000986f000000,0x000000986f100000)]
  0x0000028d91cb9800 JavaThread "Build operations" [_thread_blocked, id=10000, stack(0x000000986f100000,0x000000986f200000)]
  0x0000028d91cb8800 JavaThread "Build operations Thread 2" [_thread_blocked, id=14900, stack(0x000000986f200000,0x000000986f300000)]
  0x0000028d91cb6000 JavaThread "Build operations Thread 3" [_thread_blocked, id=6184, stack(0x000000986f300000,0x000000986f400000)]
  0x0000028d91cbd000 JavaThread "Build operations Thread 4" [_thread_blocked, id=7576, stack(0x000000986f400000,0x000000986f500000)]
  0x0000028d91b64800 JavaThread "Build operations Thread 5" [_thread_blocked, id=14656, stack(0x000000986f500000,0x000000986f600000)]
  0x0000028d91b65000 JavaThread "Build operations Thread 6" [_thread_blocked, id=8264, stack(0x000000986f600000,0x000000986f700000)]
  0x0000028d91b63000 JavaThread "Build operations Thread 7" [_thread_blocked, id=16532, stack(0x000000986f700000,0x000000986f800000)]
  0x0000028d91b62000 JavaThread "Build operations Thread 8" [_thread_blocked, id=2628, stack(0x000000986f800000,0x000000986f900000)]
  0x0000028d91b63800 JavaThread "Memory manager" [_thread_blocked, id=16988, stack(0x000000986f900000,0x000000986fa00000)]

Other Threads:
=>0x0000028d8f1d5800 VMThread "VM Thread" [stack: 0x000000986be00000,0x000000986bf00000] [id=18160] _threads_hazard_ptr=0x0000028d95a4aa30
  0x0000028d8fbd2800 WatcherThread [stack: 0x000000986c800000,0x000000986c900000] [id=10688]
  0x0000028df4c0e800 GCTaskThread "GC Thread#0" [stack: 0x000000986b900000,0x000000986ba00000] [id=12328]
  0x0000028d9025a000 GCTaskThread "GC Thread#1" [stack: 0x000000986ca00000,0x000000986cb00000] [id=4712]
  0x0000028d90258800 GCTaskThread "GC Thread#2" [stack: 0x000000986cb00000,0x000000986cc00000] [id=64]
  0x0000028d91bde000 GCTaskThread "GC Thread#3" [stack: 0x000000986d500000,0x000000986d600000] [id=8700]
  0x0000028d92377800 GCTaskThread "GC Thread#4" [stack: 0x000000986d600000,0x000000986d700000] [id=18204]
  0x0000028d91ca1000 GCTaskThread "GC Thread#5" [stack: 0x000000986d700000,0x000000986d800000] [id=9692]
  0x0000028d92277000 GCTaskThread "GC Thread#6" [stack: 0x000000986d800000,0x000000986d900000] [id=1068]
  0x0000028d929a0800 GCTaskThread "GC Thread#7" [stack: 0x000000986d900000,0x000000986da00000] [id=12232]
  0x0000028df4c40800 ConcurrentGCThread "G1 Main Marker" [stack: 0x000000986ba00000,0x000000986bb00000] [id=9824]
  0x0000028df4c42000 ConcurrentGCThread "G1 Conc#0" [stack: 0x000000986bb00000,0x000000986bc00000] [id=5544]
  0x0000028d91d9e800 ConcurrentGCThread "G1 Conc#1" [stack: 0x000000986dc00000,0x000000986dd00000] [id=10144]
  0x0000028d8f024800 ConcurrentGCThread "G1 Refine#0" [stack: 0x000000986bc00000,0x000000986bd00000] [id=12400]
  0x0000028d8f025000 ConcurrentGCThread "G1 Young RemSet Sampling" [stack: 0x000000986bd00000,0x000000986be00000] [id=13148]

Threads with active compile tasks:
C2 CompilerThread0  38093 10532       4       java.lang.String::split (324 bytes)

VM state:at safepoint (normal execution)

VM Mutex/Monitor currently owned by a thread:  ([mutex/lock_event])
[0x0000028df4bf06f0] Threads_lock - owner thread: 0x0000028d8f1d5800

Heap address: 0x0000000080000000, size: 2048 MB, Compressed Oops mode: 32-bit
Narrow klass base: 0x0000000000000000, Narrow klass shift: 3
Compressed class space size: 1073741824 Address: 0x0000000100000000

Heap:
 garbage-first heap   total 155648K, used 126730K [0x0000000080000000, 0x0000000100000000)
  region size 1024K, 34 young (34816K), 4 survivors (4096K)
 Metaspace       used 85958K, capacity 88394K, committed 88704K, reserved 1126400K
  class space    used 10969K, capacity 11817K, committed 11904K, reserved 1048576K
Heap Regions: E=young(eden), S=young(survivor), O=old, HS=humongous(starts), HC=humongous(continues), CS=collection set, F=free, A=archive, TAMS=top-at-mark-start (previous, next)
|   0|0x0000000080000000, 0x0000000080100000, 0x0000000080100000|100%| O|  |TAMS 0x0000000080100000, 0x0000000080000000| Untracked 
|   1|0x0000000080100000, 0x0000000080200000, 0x0000000080200000|100%| O|  |TAMS 0x0000000080200000, 0x0000000080100000| Untracked 
|   2|0x0000000080200000, 0x0000000080300000, 0x0000000080300000|100%| O|  |TAMS 0x0000000080300000, 0x0000000080200000| Untracked 
|   3|0x0000000080300000, 0x0000000080400000, 0x0000000080400000|100%|HS|  |TAMS 0x0000000080400000, 0x0000000080300000| Complete 
|   4|0x0000000080400000, 0x0000000080500000, 0x0000000080500000|100%|HC|  |TAMS 0x0000000080500000, 0x0000000080400000| Complete 
|   5|0x0000000080500000, 0x0000000080600000, 0x0000000080600000|100%|HC|  |TAMS 0x0000000080600000, 0x0000000080500000| Complete 
|   6|0x0000000080600000, 0x0000000080700000, 0x0000000080700000|100%| O|  |TAMS 0x0000000080700000, 0x0000000080600000| Untracked 
|   7|0x0000000080700000, 0x0000000080800000, 0x0000000080800000|100%| O|  |TAMS 0x0000000080800000, 0x0000000080700000| Untracked 
|   8|0x0000000080800000, 0x0000000080900000, 0x0000000080900000|100%| O|  |TAMS 0x0000000080900000, 0x0000000080800000| Untracked 
|   9|0x0000000080900000, 0x0000000080a00000, 0x0000000080a00000|100%| O|  |TAMS 0x0000000080a00000, 0x0000000080900000| Untracked 
|  10|0x0000000080a00000, 0x0000000080b00000, 0x0000000080b00000|100%| O|  |TAMS 0x0000000080b00000, 0x0000000080a00000| Untracked 
|  11|0x0000000080b00000, 0x0000000080c00000, 0x0000000080c00000|100%| O|  |TAMS 0x0000000080c00000, 0x0000000080b00000| Untracked 
|  12|0x0000000080c00000, 0x0000000080d00000, 0x0000000080d00000|100%| O|  |TAMS 0x0000000080d00000, 0x0000000080c00000| Untracked 
|  13|0x0000000080d00000, 0x0000000080e00000, 0x0000000080e00000|100%| O|  |TAMS 0x0000000080e00000, 0x0000000080d00000| Untracked 
|  14|0x0000000080e00000, 0x0000000080f00000, 0x0000000080f00000|100%| O|  |TAMS 0x0000000080f00000, 0x0000000080e00000| Untracked 
|  15|0x0000000080f00000, 0x0000000081000000, 0x0000000081000000|100%| O|  |TAMS 0x0000000081000000, 0x0000000080f00000| Untracked 
|  16|0x0000000081000000, 0x0000000081100000, 0x0000000081100000|100%| O|  |TAMS 0x0000000081100000, 0x0000000081000000| Untracked 
|  17|0x0000000081100000, 0x0000000081200000, 0x0000000081200000|100%|HS|  |TAMS 0x0000000081200000, 0x0000000081100000| Complete 
|  18|0x0000000081200000, 0x0000000081300000, 0x0000000081300000|100%|HC|  |TAMS 0x0000000081300000, 0x0000000081200000| Complete 
|  19|0x0000000081300000, 0x0000000081400000, 0x0000000081400000|100%|HS|  |TAMS 0x0000000081400000, 0x0000000081300000| Complete 
|  20|0x0000000081400000, 0x0000000081500000, 0x0000000081500000|100%|HC|  |TAMS 0x0000000081500000, 0x0000000081400000| Complete 
|  21|0x0000000081500000, 0x0000000081600000, 0x0000000081600000|100%|HC|  |TAMS 0x0000000081600000, 0x0000000081500000| Complete 
|  22|0x0000000081600000, 0x0000000081700000, 0x0000000081700000|100%|HS|  |TAMS 0x0000000081700000, 0x0000000081600000| Complete 
|  23|0x0000000081700000, 0x0000000081800000, 0x0000000081800000|100%|HC|  |TAMS 0x0000000081800000, 0x0000000081700000| Complete 
|  24|0x0000000081800000, 0x0000000081900000, 0x0000000081900000|100%|HC|  |TAMS 0x0000000081900000, 0x0000000081800000| Complete 
|  25|0x0000000081900000, 0x0000000081a00000, 0x0000000081a00000|100%|HC|  |TAMS 0x0000000081a00000, 0x0000000081900000| Complete 
|  26|0x0000000081a00000, 0x0000000081b00000, 0x0000000081b00000|100%|HC|  |TAMS 0x0000000081b00000, 0x0000000081a00000| Complete 
|  27|0x0000000081b00000, 0x0000000081c00000, 0x0000000081c00000|100%| O|  |TAMS 0x0000000081c00000, 0x0000000081b00000| Untracked 
|  28|0x0000000081c00000, 0x0000000081d00000, 0x0000000081d00000|100%| O|  |TAMS 0x0000000081d00000, 0x0000000081c00000| Untracked 
|  29|0x0000000081d00000, 0x0000000081e00000, 0x0000000081e00000|100%| O|  |TAMS 0x0000000081e00000, 0x0000000081d00000| Untracked 
|  30|0x0000000081e00000, 0x0000000081f00000, 0x0000000081f00000|100%| O|  |TAMS 0x0000000081f00000, 0x0000000081e00000| Untracked 
|  31|0x0000000081f00000, 0x0000000081fffff8, 0x0000000082000000| 99%| O|  |TAMS 0x0000000081fffff8, 0x0000000081f00000| Untracked 
|  32|0x0000000082000000, 0x0000000082100000, 0x0000000082100000|100%| O|  |TAMS 0x0000000082100000, 0x0000000082000000| Untracked 
|  33|0x0000000082100000, 0x0000000082200000, 0x0000000082200000|100%| O|  |TAMS 0x0000000082200000, 0x0000000082100000| Untracked 
|  34|0x0000000082200000, 0x0000000082300000, 0x0000000082300000|100%|HS|  |TAMS 0x0000000082300000, 0x0000000082200000| Complete 
|  35|0x0000000082300000, 0x0000000082400000, 0x0000000082400000|100%|HC|  |TAMS 0x0000000082400000, 0x0000000082300000| Complete 
|  36|0x0000000082400000, 0x0000000082500000, 0x0000000082500000|100%|HC|  |TAMS 0x0000000082500000, 0x0000000082400000| Complete 
|  37|0x0000000082500000, 0x0000000082600000, 0x0000000082600000|100%|HC|  |TAMS 0x0000000082600000, 0x0000000082500000| Complete 
|  38|0x0000000082600000, 0x0000000082700000, 0x0000000082700000|100%|HC|  |TAMS 0x0000000082700000, 0x0000000082600000| Complete 
|  39|0x0000000082700000, 0x0000000082800000, 0x0000000082800000|100%|HS|  |TAMS 0x0000000082800000, 0x0000000082700000| Complete 
|  40|0x0000000082800000, 0x0000000082900000, 0x0000000082900000|100%|HC|  |TAMS 0x0000000082900000, 0x0000000082800000| Complete 
|  41|0x0000000082900000, 0x0000000082a00000, 0x0000000082a00000|100%|HC|  |TAMS 0x0000000082a00000, 0x0000000082900000| Complete 
|  42|0x0000000082a00000, 0x0000000082b00000, 0x0000000082b00000|100%| O|  |TAMS 0x0000000082b00000, 0x0000000082a00000| Untracked 
|  43|0x0000000082b00000, 0x0000000082c00000, 0x0000000082c00000|100%| O|  |TAMS 0x0000000082c00000, 0x0000000082b00000| Untracked 
|  44|0x0000000082c00000, 0x0000000082d00000, 0x0000000082d00000|100%| O|  |TAMS 0x0000000082d00000, 0x0000000082c00000| Untracked 
|  45|0x0000000082d00000, 0x0000000082e00000, 0x0000000082e00000|100%| O|  |TAMS 0x0000000082e00000, 0x0000000082d00000| Untracked 
|  46|0x0000000082e00000, 0x0000000082f00000, 0x0000000082f00000|100%| O|  |TAMS 0x0000000082f00000, 0x0000000082e00000| Untracked 
|  47|0x0000000082f00000, 0x0000000083000000, 0x0000000083000000|100%| O|  |TAMS 0x0000000083000000, 0x0000000082f00000| Untracked 
|  48|0x0000000083000000, 0x0000000083100000, 0x0000000083100000|100%| O|  |TAMS 0x0000000083100000, 0x0000000083000000| Untracked 
|  49|0x0000000083100000, 0x0000000083200000, 0x0000000083200000|100%| O|  |TAMS 0x0000000083200000, 0x0000000083100000| Untracked 
|  50|0x0000000083200000, 0x0000000083300000, 0x0000000083300000|100%| O|  |TAMS 0x0000000083300000, 0x0000000083200000| Untracked 
|  51|0x0000000083300000, 0x0000000083400000, 0x0000000083400000|100%| O|  |TAMS 0x0000000083400000, 0x0000000083300000| Untracked 
|  52|0x0000000083400000, 0x0000000083500000, 0x0000000083500000|100%|HS|  |TAMS 0x0000000083500000, 0x0000000083400000| Complete 
|  53|0x0000000083500000, 0x0000000083600000, 0x0000000083600000|100%|HS|  |TAMS 0x0000000083600000, 0x0000000083500000| Complete 
|  54|0x0000000083600000, 0x0000000083700000, 0x0000000083700000|100%|HS|  |TAMS 0x0000000083700000, 0x0000000083600000| Complete 
|  55|0x0000000083700000, 0x0000000083800000, 0x0000000083800000|100%|HC|  |TAMS 0x0000000083800000, 0x0000000083700000| Complete 
|  56|0x0000000083800000, 0x0000000083900000, 0x0000000083900000|100%| O|  |TAMS 0x0000000083900000, 0x0000000083800000| Untracked 
|  57|0x0000000083900000, 0x0000000083a00000, 0x0000000083a00000|100%| O|  |TAMS 0x0000000083a00000, 0x0000000083900000| Untracked 
|  58|0x0000000083a00000, 0x0000000083b00000, 0x0000000083b00000|100%| O|  |TAMS 0x0000000083b00000, 0x0000000083a00000| Untracked 
|  59|0x0000000083b00000, 0x0000000083c00000, 0x0000000083c00000|100%| O|  |TAMS 0x0000000083c00000, 0x0000000083b00000| Untracked 
|  60|0x0000000083c00000, 0x0000000083d00000, 0x0000000083d00000|100%| O|  |TAMS 0x0000000083d00000, 0x0000000083c00000| Untracked 
|  61|0x0000000083d00000, 0x0000000083e00000, 0x0000000083e00000|100%| O|  |TAMS 0x0000000083e00000, 0x0000000083d00000| Untracked 
|  62|0x0000000083e00000, 0x0000000083f00000, 0x0000000083f00000|100%| O|  |TAMS 0x0000000083f00000, 0x0000000083e00000| Untracked 
|  63|0x0000000083f00000, 0x0000000084000000, 0x0000000084000000|100%| O|  |TAMS 0x0000000084000000, 0x0000000083f00000| Untracked 
|  64|0x0000000084000000, 0x0000000084100000, 0x0000000084100000|100%| O|  |TAMS 0x0000000084100000, 0x0000000084000000| Untracked 
|  65|0x0000000084100000, 0x0000000084200000, 0x0000000084200000|100%| O|  |TAMS 0x0000000084200000, 0x0000000084100000| Untracked 
|  66|0x0000000084200000, 0x0000000084300000, 0x0000000084300000|100%| O|  |TAMS 0x0000000084300000, 0x0000000084200000| Untracked 
|  67|0x0000000084300000, 0x0000000084400000, 0x0000000084400000|100%| O|  |TAMS 0x0000000084400000, 0x0000000084300000| Untracked 
|  68|0x0000000084400000, 0x0000000084500000, 0x0000000084500000|100%| O|  |TAMS 0x0000000084500000, 0x0000000084400000| Untracked 
|  69|0x0000000084500000, 0x0000000084600000, 0x0000000084600000|100%| O|  |TAMS 0x0000000084600000, 0x0000000084500000| Untracked 
|  70|0x0000000084600000, 0x0000000084700000, 0x0000000084700000|100%| O|  |TAMS 0x0000000084700000, 0x0000000084600000| Untracked 
|  71|0x0000000084700000, 0x0000000084800000, 0x0000000084800000|100%| O|  |TAMS 0x0000000084800000, 0x0000000084700000| Untracked 
|  72|0x0000000084800000, 0x0000000084900000, 0x0000000084900000|100%| O|  |TAMS 0x0000000084900000, 0x0000000084800000| Untracked 
|  73|0x0000000084900000, 0x0000000084a00000, 0x0000000084a00000|100%| O|  |TAMS 0x0000000084a00000, 0x0000000084900000| Untracked 
|  74|0x0000000084a00000, 0x0000000084b00000, 0x0000000084b00000|100%| O|  |TAMS 0x0000000084b00000, 0x0000000084a00000| Untracked 
|  75|0x0000000084b00000, 0x0000000084c00000, 0x0000000084c00000|100%| O|  |TAMS 0x0000000084c00000, 0x0000000084b00000| Untracked 
|  76|0x0000000084c00000, 0x0000000084d00000, 0x0000000084d00000|100%| O|  |TAMS 0x0000000084d00000, 0x0000000084c00000| Untracked 
|  77|0x0000000084d00000, 0x0000000084e00000, 0x0000000084e00000|100%| O|  |TAMS 0x0000000084e00000, 0x0000000084d00000| Untracked 
|  78|0x0000000084e00000, 0x0000000084f00000, 0x0000000084f00000|100%| O|  |TAMS 0x0000000084f00000, 0x0000000084e00000| Untracked 
|  79|0x0000000084f00000, 0x0000000085000000, 0x0000000085000000|100%| O|  |TAMS 0x0000000085000000, 0x0000000084f00000| Untracked 
|  80|0x0000000085000000, 0x0000000085100000, 0x0000000085100000|100%| O|  |TAMS 0x0000000085100000, 0x0000000085000000| Untracked 
|  81|0x0000000085100000, 0x0000000085200000, 0x0000000085200000|100%| O|  |TAMS 0x0000000085200000, 0x0000000085100000| Untracked 
|  82|0x0000000085200000, 0x0000000085300000, 0x0000000085300000|100%| O|  |TAMS 0x0000000085300000, 0x0000000085200000| Untracked 
|  83|0x0000000085300000, 0x0000000085400000, 0x0000000085400000|100%| O|  |TAMS 0x0000000085400000, 0x0000000085300000| Untracked 
|  84|0x0000000085400000, 0x0000000085500000, 0x0000000085500000|100%| O|  |TAMS 0x0000000085500000, 0x0000000085400000| Untracked 
|  85|0x0000000085500000, 0x0000000085600000, 0x0000000085600000|100%| O|  |TAMS 0x0000000085600000, 0x0000000085500000| Untracked 
|  86|0x0000000085600000, 0x0000000085700000, 0x0000000085700000|100%| O|  |TAMS 0x0000000085700000, 0x0000000085600000| Untracked 
|  87|0x0000000085700000, 0x0000000085800000, 0x0000000085800000|100%| O|  |TAMS 0x0000000085800000, 0x0000000085700000| Untracked 
|  88|0x0000000085800000, 0x0000000085900000, 0x0000000085900000|100%| O|  |TAMS 0x0000000085900000, 0x0000000085800000| Untracked 
|  89|0x0000000085900000, 0x0000000085a00000, 0x0000000085a00000|100%| O|  |TAMS 0x0000000085a00000, 0x0000000085900000| Untracked 
|  90|0x0000000085a00000, 0x0000000085b00000, 0x0000000085b00000|100%| O|  |TAMS 0x0000000085b00000, 0x0000000085a00000| Untracked 
|  91|0x0000000085b00000, 0x0000000085b00000, 0x0000000085c00000|  0%| F|  |TAMS 0x0000000085b00000, 0x0000000085b00000| Untracked 
|  92|0x0000000085c00000, 0x0000000085c00000, 0x0000000085d00000|  0%| F|  |TAMS 0x0000000085c00000, 0x0000000085c00000| Untracked 
|  93|0x0000000085d00000, 0x0000000085d00000, 0x0000000085e00000|  0%| F|  |TAMS 0x0000000085d00000, 0x0000000085d00000| Untracked 
|  94|0x0000000085e00000, 0x0000000085e00000, 0x0000000085f00000|  0%| F|  |TAMS 0x0000000085e00000, 0x0000000085e00000| Untracked 
|  95|0x0000000085f00000, 0x0000000085f00000, 0x0000000086000000|  0%| F|  |TAMS 0x0000000085f00000, 0x0000000085f00000| Untracked 
|  96|0x0000000086000000, 0x0000000086000000, 0x0000000086100000|  0%| F|  |TAMS 0x0000000086000000, 0x0000000086000000| Untracked 
|  97|0x0000000086100000, 0x0000000086100000, 0x0000000086200000|  0%| F|  |TAMS 0x0000000086100000, 0x0000000086100000| Untracked 
|  98|0x0000000086200000, 0x0000000086200000, 0x0000000086300000|  0%| F|  |TAMS 0x0000000086200000, 0x0000000086200000| Untracked 
|  99|0x0000000086300000, 0x0000000086300000, 0x0000000086400000|  0%| F|  |TAMS 0x0000000086300000, 0x0000000086300000| Untracked 
| 100|0x0000000086400000, 0x0000000086400000, 0x0000000086500000|  0%| F|  |TAMS 0x0000000086400000, 0x0000000086400000| Untracked 
| 101|0x0000000086500000, 0x0000000086500000, 0x0000000086600000|  0%| F|  |TAMS 0x0000000086500000, 0x0000000086500000| Untracked 
| 102|0x0000000086600000, 0x0000000086600000, 0x0000000086700000|  0%| F|  |TAMS 0x0000000086600000, 0x0000000086600000| Untracked 
| 103|0x0000000086700000, 0x0000000086700000, 0x0000000086800000|  0%| F|  |TAMS 0x0000000086700000, 0x0000000086700000| Untracked 
| 104|0x0000000086800000, 0x0000000086800000, 0x0000000086900000|  0%| F|  |TAMS 0x0000000086800000, 0x0000000086800000| Untracked 
| 105|0x0000000086900000, 0x0000000086900000, 0x0000000086a00000|  0%| F|  |TAMS 0x0000000086900000, 0x0000000086900000| Untracked 
| 106|0x0000000086a00000, 0x0000000086a00000, 0x0000000086b00000|  0%| F|  |TAMS 0x0000000086a00000, 0x0000000086a00000| Untracked 
| 107|0x0000000086b00000, 0x0000000086b00000, 0x0000000086c00000|  0%| F|  |TAMS 0x0000000086b00000, 0x0000000086b00000| Untracked 
| 108|0x0000000086c00000, 0x0000000086c00000, 0x0000000086d00000|  0%| F|  |TAMS 0x0000000086c00000, 0x0000000086c00000| Untracked 
| 109|0x0000000086d00000, 0x0000000086d00000, 0x0000000086e00000|  0%| F|  |TAMS 0x0000000086d00000, 0x0000000086d00000| Untracked 
| 110|0x0000000086e00000, 0x0000000086e00000, 0x0000000086f00000|  0%| F|  |TAMS 0x0000000086e00000, 0x0000000086e00000| Untracked 
| 111|0x0000000086f00000, 0x0000000086fc2bc0, 0x0000000087000000| 76%| S|CS|TAMS 0x0000000086f00000, 0x0000000086f00000| Complete 
| 112|0x0000000087000000, 0x0000000087100000, 0x0000000087100000|100%| S|CS|TAMS 0x0000000087000000, 0x0000000087000000| Complete 
| 113|0x0000000087100000, 0x0000000087200000, 0x0000000087200000|100%| S|CS|TAMS 0x0000000087100000, 0x0000000087100000| Complete 
| 114|0x0000000087200000, 0x0000000087200000, 0x0000000087300000|  0%| F|  |TAMS 0x0000000087200000, 0x0000000087200000| Untracked 
| 115|0x0000000087300000, 0x0000000087300000, 0x0000000087400000|  0%| F|  |TAMS 0x0000000087300000, 0x0000000087300000| Untracked 
| 116|0x0000000087400000, 0x0000000087400000, 0x0000000087500000|  0%| F|  |TAMS 0x0000000087400000, 0x0000000087400000| Untracked 
| 117|0x0000000087500000, 0x0000000087600000, 0x0000000087600000|100%| S|CS|TAMS 0x0000000087500000, 0x0000000087500000| Complete 
| 118|0x0000000087600000, 0x0000000087600000, 0x0000000087700000|  0%| F|  |TAMS 0x0000000087600000, 0x0000000087600000| Untracked 
| 119|0x0000000087700000, 0x0000000087700000, 0x0000000087800000|  0%| F|  |TAMS 0x0000000087700000, 0x0000000087700000| Untracked 
| 120|0x0000000087800000, 0x0000000087800000, 0x0000000087900000|  0%| F|  |TAMS 0x0000000087800000, 0x0000000087800000| Untracked 
| 121|0x0000000087900000, 0x0000000087900000, 0x0000000087a00000|  0%| F|  |TAMS 0x0000000087900000, 0x0000000087900000| Untracked 
| 122|0x0000000087a00000, 0x0000000087b00000, 0x0000000087b00000|100%| E|  |TAMS 0x0000000087a00000, 0x0000000087a00000| Complete 
| 123|0x0000000087b00000, 0x0000000087c00000, 0x0000000087c00000|100%| E|CS|TAMS 0x0000000087b00000, 0x0000000087b00000| Complete 
| 124|0x0000000087c00000, 0x0000000087d00000, 0x0000000087d00000|100%| E|CS|TAMS 0x0000000087c00000, 0x0000000087c00000| Complete 
| 125|0x0000000087d00000, 0x0000000087e00000, 0x0000000087e00000|100%| E|CS|TAMS 0x0000000087d00000, 0x0000000087d00000| Complete 
| 126|0x0000000087e00000, 0x0000000087f00000, 0x0000000087f00000|100%| E|CS|TAMS 0x0000000087e00000, 0x0000000087e00000| Complete 
| 127|0x0000000087f00000, 0x0000000088000000, 0x0000000088000000|100%| E|CS|TAMS 0x0000000087f00000, 0x0000000087f00000| Complete 
| 128|0x0000000088000000, 0x0000000088100000, 0x0000000088100000|100%| E|CS|TAMS 0x0000000088000000, 0x0000000088000000| Complete 
| 129|0x0000000088100000, 0x0000000088200000, 0x0000000088200000|100%| E|CS|TAMS 0x0000000088100000, 0x0000000088100000| Complete 
| 130|0x0000000088200000, 0x0000000088300000, 0x0000000088300000|100%| E|CS|TAMS 0x0000000088200000, 0x0000000088200000| Complete 
| 131|0x0000000088300000, 0x0000000088400000, 0x0000000088400000|100%| E|CS|TAMS 0x0000000088300000, 0x0000000088300000| Complete 
| 132|0x0000000088400000, 0x0000000088500000, 0x0000000088500000|100%| E|CS|TAMS 0x0000000088400000, 0x0000000088400000| Complete 
| 133|0x0000000088500000, 0x0000000088600000, 0x0000000088600000|100%| E|CS|TAMS 0x0000000088500000, 0x0000000088500000| Complete 
| 134|0x0000000088600000, 0x0000000088700000, 0x0000000088700000|100%| E|CS|TAMS 0x0000000088600000, 0x0000000088600000| Complete 
| 135|0x0000000088700000, 0x0000000088800000, 0x0000000088800000|100%| E|CS|TAMS 0x0000000088700000, 0x0000000088700000| Complete 
| 136|0x0000000088800000, 0x0000000088900000, 0x0000000088900000|100%| E|CS|TAMS 0x0000000088800000, 0x0000000088800000| Complete 
| 137|0x0000000088900000, 0x0000000088a00000, 0x0000000088a00000|100%| E|CS|TAMS 0x0000000088900000, 0x0000000088900000| Complete 
| 138|0x0000000088a00000, 0x0000000088b00000, 0x0000000088b00000|100%| E|CS|TAMS 0x0000000088a00000, 0x0000000088a00000| Complete 
| 139|0x0000000088b00000, 0x0000000088c00000, 0x0000000088c00000|100%| E|CS|TAMS 0x0000000088b00000, 0x0000000088b00000| Complete 
| 140|0x0000000088c00000, 0x0000000088d00000, 0x0000000088d00000|100%| E|CS|TAMS 0x0000000088c00000, 0x0000000088c00000| Complete 
| 141|0x0000000088d00000, 0x0000000088e00000, 0x0000000088e00000|100%| E|CS|TAMS 0x0000000088d00000, 0x0000000088d00000| Complete 
| 142|0x0000000088e00000, 0x0000000088f00000, 0x0000000088f00000|100%| E|CS|TAMS 0x0000000088e00000, 0x0000000088e00000| Complete 
| 143|0x0000000088f00000, 0x0000000089000000, 0x0000000089000000|100%| E|CS|TAMS 0x0000000088f00000, 0x0000000088f00000| Complete 
| 144|0x0000000089000000, 0x0000000089100000, 0x0000000089100000|100%| E|CS|TAMS 0x0000000089000000, 0x0000000089000000| Complete 
| 145|0x0000000089100000, 0x0000000089200000, 0x0000000089200000|100%| E|CS|TAMS 0x0000000089100000, 0x0000000089100000| Complete 
| 146|0x0000000089200000, 0x0000000089300000, 0x0000000089300000|100%| E|CS|TAMS 0x0000000089200000, 0x0000000089200000| Complete 
| 147|0x0000000089300000, 0x0000000089400000, 0x0000000089400000|100%| E|CS|TAMS 0x0000000089300000, 0x0000000089300000| Complete 
| 148|0x0000000089400000, 0x0000000089500000, 0x0000000089500000|100%| E|CS|TAMS 0x0000000089400000, 0x0000000089400000| Complete 
| 149|0x0000000089500000, 0x0000000089600000, 0x0000000089600000|100%| E|CS|TAMS 0x0000000089500000, 0x0000000089500000| Complete 
| 150|0x0000000089600000, 0x0000000089700000, 0x0000000089700000|100%| E|CS|TAMS 0x0000000089600000, 0x0000000089600000| Complete 
| 151|0x0000000089700000, 0x0000000089800000, 0x0000000089800000|100%| E|CS|TAMS 0x0000000089700000, 0x0000000089700000| Complete 

Card table byte_map: [0x0000028df8e00000,0x0000028df9200000] _byte_map_base: 0x0000028df8a00000

Marking Bits (Prev, Next): (CMBitMap*) 0x0000028df4c37ef0, (CMBitMap*) 0x0000028df4c37eb8
 Prev Bits: [0x0000028dfb600000, 0x0000028dfd600000)
 Next Bits: [0x0000028df9600000, 0x0000028dfb600000)

Polling page: 0x0000028df2b50000

Metaspace:

Usage:
  Non-class:     74.78 MB capacity,    73.23 MB ( 98%) used,     1.33 MB (  2%) free+waste,   221.94 KB ( <1%) overhead. 
      Class:     11.54 MB capacity,    10.71 MB ( 93%) used,   745.24 KB (  6%) free+waste,   102.69 KB ( <1%) overhead. 
       Both:     86.32 MB capacity,    83.94 MB ( 97%) used,     2.06 MB (  2%) free+waste,   324.63 KB ( <1%) overhead. 

Virtual space:
  Non-class space:       76.00 MB reserved,      75.00 MB ( 99%) committed 
      Class space:        1.00 GB reserved,      11.63 MB (  1%) committed 
             Both:        1.07 GB reserved,      86.63 MB (  8%) committed 

Chunk freelists:
   Non-Class:  0 bytes
       Class:  1.00 KB
        Both:  1.00 KB

MaxMetaspaceSize: 17179869184.00 GB
CompressedClassSpaceSize: 1.00 GB

CodeHeap 'non-profiled nmethods': size=120000Kb used=6048Kb max_used=6048Kb free=113951Kb
 bounds [0x0000028d87ad0000, 0x0000028d880c0000, 0x0000028d8f000000]
CodeHeap 'profiled nmethods': size=120000Kb used=24013Kb max_used=24013Kb free=95987Kb
 bounds [0x0000028d805a0000, 0x0000028d81d20000, 0x0000028d87ad0000]
CodeHeap 'non-nmethods': size=5760Kb used=2300Kb max_used=2343Kb free=3459Kb
 bounds [0x0000028d80000000, 0x0000028d80270000, 0x0000028d805a0000]
 total_blobs=11482 nmethods=10573 adapters=820
 compilation: enabled
              stopped_count=0, restarted_count=0
 full_count=0

Compilation events (20 events):
Event: 38.067 Thread 0x0000028d8fa4e800 10724       3       org.gradle.api.internal.artifacts.ivyservice.projectmodule.ProjectDependencyResolver::resolve (70 bytes)
Event: 38.067 Thread 0x0000028d8fa4e800 nmethod 10724 0x0000028d81d0ea90 code [0x0000028d81d0ece0, 0x0000028d81d0f4b8]
Event: 38.069 Thread 0x0000028d8fa4e800 10725       3       org.gradle.api.internal.artifacts.ivyservice.resolveengine.ComponentResolversChain$ComponentMetaDataResolverChain::isFetchingMetadataCheap (46 bytes)
Event: 38.070 Thread 0x0000028d8fa4e800 nmethod 10725 0x0000028d81d0f790 code [0x0000028d81d0f9a0, 0x0000028d81d0ffb8]
Event: 38.070 Thread 0x0000028d8fa4e800 10726       3       org.gradle.api.internal.artifacts.ivyservice.resolveengine.VirtualComponentMetadataResolver::resolve (25 bytes)
Event: 38.070 Thread 0x0000028d8fa4e800 nmethod 10726 0x0000028d81d10190 code [0x0000028d81d10380, 0x0000028d81d108c8]
Event: 38.070 Thread 0x0000028d8fa4e800 10727       3       org.gradle.internal.extensibility.ExtraPropertiesDynamicObjectAdapter::tryGetProperty (31 bytes)
Event: 38.071 Thread 0x0000028d8fa4e800 nmethod 10727 0x0000028d81d10990 code [0x0000028d81d10c00, 0x0000028d81d11638]
Event: 38.071 Thread 0x0000028d8fa4e800 10728       3       org.gradle.api.internal.artifacts.ivyservice.resolveengine.graph.builder.ModuleResolveState::addSelector (61 bytes)
Event: 38.072 Thread 0x0000028d8fa4e800 nmethod 10728 0x0000028d81d11a10 code [0x0000028d81d11c00, 0x0000028d81d11f58]
Event: 38.072 Thread 0x0000028d8fa4e800 10729       3       org.gradle.internal.metaobject.BeanDynamicObject::access$700 (4 bytes)
Event: 38.072 Thread 0x0000028d8fa4e800 nmethod 10729 0x0000028d81d12110 code [0x0000028d81d122c0, 0x0000028d81d123b8]
Event: 38.072 Thread 0x0000028d8fa4e800 10731       3       org.gradle.api.internal.artifacts.DefaultModuleVersionSelector::getName (10 bytes)
Event: 38.072 Thread 0x0000028d8fa4e800 nmethod 10731 0x0000028d81d12490 code [0x0000028d81d12640, 0x0000028d81d12798]
Event: 38.072 Thread 0x0000028d8fa4e800 10730       3       org.gradle.internal.metaobject.BeanDynamicObject$MetaClassAdapter::getOpaqueProperty (4 bytes)
Event: 38.072 Thread 0x0000028d8fa4e800 nmethod 10730 0x0000028d81d12890 code [0x0000028d81d12a40, 0x0000028d81d12b98]
Event: 38.072 Thread 0x0000028d8fa4e800 10732       3       org.gradle.api.internal.artifacts.ivyservice.resolveengine.graph.builder.ModuleSelectors::first (23 bytes)
Event: 38.073 Thread 0x0000028d8fa4e800 nmethod 10732 0x0000028d81d12c90 code [0x0000028d81d12e80, 0x0000028d81d132b8]
Event: 38.073 Thread 0x0000028d8fa4e800 10733       1       org.gradle.api.internal.artifacts.ivyservice.resolveengine.graph.conflicts.VersionConflictResolutionDetails::hashCode (5 bytes)
Event: 38.073 Thread 0x0000028d8fa4e800 nmethod 10733 0x0000028d880b7e10 code [0x0000028d880b7fc0, 0x0000028d880b8078]

GC Heap History (20 events):
Event: 10.900 GC heap before
{Heap before GC invocations=14 (full 0):
 garbage-first heap   total 155648K, used 119258K [0x0000000080000000, 0x0000000100000000)
  region size 1024K, 50 young (51200K), 3 survivors (3072K)
 Metaspace       used 55583K, capacity 57467K, committed 57728K, reserved 1099776K
  class space    used 7165K, capacity 7774K, committed 7808K, reserved 1048576K
}
Event: 10.906 GC heap after
{Heap after GC invocations=15 (full 0):
 garbage-first heap   total 155648K, used 72562K [0x0000000080000000, 0x0000000100000000)
  region size 1024K, 5 young (5120K), 5 survivors (5120K)
 Metaspace       used 55583K, capacity 57467K, committed 57728K, reserved 1099776K
  class space    used 7165K, capacity 7774K, committed 7808K, reserved 1048576K
}
Event: 11.374 GC heap before
{Heap before GC invocations=15 (full 0):
 garbage-first heap   total 155648K, used 92018K [0x0000000080000000, 0x0000000100000000)
  region size 1024K, 25 young (25600K), 5 survivors (5120K)
 Metaspace       used 58153K, capacity 60079K, committed 60160K, reserved 1101824K
  class space    used 7477K, capacity 8111K, committed 8192K, reserved 1048576K
}
Event: 11.383 GC heap after
{Heap after GC invocations=16 (full 0):
 garbage-first heap   total 155648K, used 73054K [0x0000000080000000, 0x0000000100000000)
  region size 1024K, 3 young (3072K), 3 survivors (3072K)
 Metaspace       used 58153K, capacity 60079K, committed 60160K, reserved 1101824K
  class space    used 7477K, capacity 8111K, committed 8192K, reserved 1048576K
}
Event: 12.511 GC heap before
{Heap before GC invocations=17 (full 0):
 garbage-first heap   total 155648K, used 123230K [0x0000000080000000, 0x0000000100000000)
  region size 1024K, 52 young (53248K), 3 survivors (3072K)
 Metaspace       used 66181K, capacity 68292K, committed 68352K, reserved 1107968K
  class space    used 8466K, capacity 9162K, committed 9216K, reserved 1048576K
}
Event: 12.516 GC heap after
{Heap after GC invocations=18 (full 0):
 garbage-first heap   total 155648K, used 75821K [0x0000000080000000, 0x0000000100000000)
  region size 1024K, 6 young (6144K), 6 survivors (6144K)
 Metaspace       used 66181K, capacity 68292K, committed 68352K, reserved 1107968K
  class space    used 8466K, capacity 9162K, committed 9216K, reserved 1048576K
}
Event: 13.041 GC heap before
{Heap before GC invocations=18 (full 0):
 garbage-first heap   total 155648K, used 113709K [0x0000000080000000, 0x0000000100000000)
  region size 1024K, 45 young (46080K), 6 survivors (6144K)
 Metaspace       used 69334K, capacity 71473K, committed 71552K, reserved 1112064K
  class space    used 8863K, capacity 9532K, committed 9600K, reserved 1048576K
}
Event: 13.049 GC heap after
{Heap after GC invocations=19 (full 0):
 garbage-first heap   total 155648K, used 79061K [0x0000000080000000, 0x0000000100000000)
  region size 1024K, 7 young (7168K), 7 survivors (7168K)
 Metaspace       used 69334K, capacity 71473K, committed 71552K, reserved 1112064K
  class space    used 8863K, capacity 9532K, committed 9600K, reserved 1048576K
}
Event: 13.628 GC heap before
{Heap before GC invocations=20 (full 0):
 garbage-first heap   total 155648K, used 127189K [0x0000000080000000, 0x0000000100000000)
  region size 1024K, 53 young (54272K), 7 survivors (7168K)
 Metaspace       used 70473K, capacity 72700K, committed 72832K, reserved 1112064K
  class space    used 9038K, capacity 9746K, committed 9856K, reserved 1048576K
}
Event: 13.638 GC heap after
{Heap after GC invocations=21 (full 0):
 garbage-first heap   total 155648K, used 82453K [0x0000000080000000, 0x0000000100000000)
  region size 1024K, 7 young (7168K), 7 survivors (7168K)
 Metaspace       used 70473K, capacity 72700K, committed 72832K, reserved 1112064K
  class space    used 9038K, capacity 9746K, committed 9856K, reserved 1048576K
}
Event: 14.870 GC heap before
{Heap before GC invocations=21 (full 0):
 garbage-first heap   total 155648K, used 127509K [0x0000000080000000, 0x0000000100000000)
  region size 1024K, 51 young (52224K), 7 survivors (7168K)
 Metaspace       used 75262K, capacity 77567K, committed 77696K, reserved 1116160K
  class space    used 9788K, capacity 10510K, committed 10624K, reserved 1048576K
}
Event: 14.880 GC heap after
{Heap after GC invocations=22 (full 0):
 garbage-first heap   total 155648K, used 85911K [0x0000000080000000, 0x0000000100000000)
  region size 1024K, 4 young (4096K), 4 survivors (4096K)
 Metaspace       used 75262K, capacity 77567K, committed 77696K, reserved 1116160K
  class space    used 9788K, capacity 10510K, committed 10624K, reserved 1048576K
}
Event: 15.382 GC heap before
{Heap before GC invocations=23 (full 0):
 garbage-first heap   total 155648K, used 127895K [0x0000000080000000, 0x0000000100000000)
  region size 1024K, 45 young (46080K), 4 survivors (4096K)
 Metaspace       used 76232K, capacity 78478K, committed 78592K, reserved 1118208K
  class space    used 9932K, capacity 10702K, committed 10752K, reserved 1048576K
}
Event: 15.388 GC heap after
{Heap after GC invocations=24 (full 0):
 garbage-first heap   total 155648K, used 89373K [0x0000000080000000, 0x0000000100000000)
  region size 1024K, 6 young (6144K), 6 survivors (6144K)
 Metaspace       used 76232K, capacity 78478K, committed 78592K, reserved 1118208K
  class space    used 9932K, capacity 10702K, committed 10752K, reserved 1048576K
}
Event: 16.145 GC heap before
{Heap before GC invocations=24 (full 0):
 garbage-first heap   total 155648K, used 129309K [0x0000000080000000, 0x0000000100000000)
  region size 1024K, 45 young (46080K), 6 survivors (6144K)
 Metaspace       used 79088K, capacity 81500K, committed 81536K, reserved 1120256K
  class space    used 10306K, capacity 11127K, committed 11136K, reserved 1048576K
}
Event: 16.161 GC heap after
{Heap after GC invocations=25 (full 0):
 garbage-first heap   total 155648K, used 93239K [0x0000000080000000, 0x0000000100000000)
  region size 1024K, 4 young (4096K), 4 survivors (4096K)
 Metaspace       used 79088K, capacity 81500K, committed 81536K, reserved 1120256K
  class space    used 10306K, capacity 11127K, committed 11136K, reserved 1048576K
}
Event: 19.802 GC heap before
{Heap before GC invocations=26 (full 0):
 garbage-first heap   total 155648K, used 128055K [0x0000000080000000, 0x0000000100000000)
  region size 1024K, 39 young (39936K), 4 survivors (4096K)
 Metaspace       used 84253K, capacity 86769K, committed 87040K, reserved 1124352K
  class space    used 10903K, capacity 11755K, committed 11776K, reserved 1048576K
}
Event: 19.808 GC heap after
{Heap after GC invocations=27 (full 0):
 garbage-first heap   total 155648K, used 95924K [0x0000000080000000, 0x0000000100000000)
  region size 1024K, 3 young (3072K), 3 survivors (3072K)
 Metaspace       used 84253K, capacity 86769K, committed 87040K, reserved 1124352K
  class space    used 10903K, capacity 11755K, committed 11776K, reserved 1048576K
}
Event: 25.526 GC heap before
{Heap before GC invocations=27 (full 0):
 garbage-first heap   total 155648K, used 129716K [0x0000000080000000, 0x0000000100000000)
  region size 1024K, 37 young (37888K), 3 survivors (3072K)
 Metaspace       used 85013K, capacity 87536K, committed 87552K, reserved 1124352K
  class space    used 10928K, capacity 11765K, committed 11776K, reserved 1048576K
}
Event: 25.536 GC heap after
{Heap after GC invocations=28 (full 0):
 garbage-first heap   total 155648K, used 97034K [0x0000000080000000, 0x0000000100000000)
  region size 1024K, 4 young (4096K), 4 survivors (4096K)
 Metaspace       used 85013K, capacity 87536K, committed 87552K, reserved 1124352K
  class space    used 10928K, capacity 11765K, committed 11776K, reserved 1048576K
}

Deoptimization events (20 events):
Event: 32.098 Thread 0x0000028d91cbd000 Uncommon trap: trap_request=0xffffff4d fr.pc=0x0000028d88029578 relative=0x0000000000000578
Event: 32.098 Thread 0x0000028d91cbd000 Uncommon trap: reason=unstable_if action=reinterpret pc=0x0000028d88029578 method=java.util.regex.Pattern$CharPropertyGreedy.match(Ljava/util/regex/Matcher;ILjava/lang/CharSequence;)Z @ 70 c2
Event: 32.098 Thread 0x0000028d91cbd000 DEOPT PACKING pc=0x0000028d88029578 sp=0x000000986f4fce90
Event: 32.098 Thread 0x0000028d91cbd000 DEOPT UNPACKING pc=0x0000028d800278af sp=0x000000986f4fce20 mode 2
Event: 32.581 Thread 0x0000028d90db7800 Uncommon trap: trap_request=0xffffff4d fr.pc=0x0000028d88012134 relative=0x0000000000000094
Event: 32.581 Thread 0x0000028d90db7800 Uncommon trap: reason=unstable_if action=reinterpret pc=0x0000028d88012134 method=com.sun.org.apache.xerces.internal.impl.XMLEntityScanner.peekChar()I @ 14 c2
Event: 32.581 Thread 0x0000028d90db7800 DEOPT PACKING pc=0x0000028d88012134 sp=0x000000986d1f0fd0
Event: 32.581 Thread 0x0000028d90db7800 DEOPT UNPACKING pc=0x0000028d800278af sp=0x000000986d1f0f58 mode 2
Event: 33.176 Thread 0x0000028d90db7800 Uncommon trap: trap_request=0xffffff4d fr.pc=0x0000028d87f81f48 relative=0x0000000000001fe8
Event: 33.177 Thread 0x0000028d90db7800 Uncommon trap: reason=unstable_if action=reinterpret pc=0x0000028d87f81f48 method=java.io.BufferedReader.readLine(Z)Ljava/lang/String; @ 265 c2
Event: 33.177 Thread 0x0000028d90db7800 DEOPT PACKING pc=0x0000028d87f81f48 sp=0x000000986d1f16b0
Event: 33.177 Thread 0x0000028d90db7800 DEOPT UNPACKING pc=0x0000028d800278af sp=0x000000986d1f16a8 mode 2
Event: 33.491 Thread 0x0000028d90db7800 DEOPT PACKING pc=0x0000028d81745598 sp=0x000000986d1f2820
Event: 33.491 Thread 0x0000028d90db7800 DEOPT UNPACKING pc=0x0000028d800276ce sp=0x000000986d1f1d20 mode 0
Event: 33.660 Thread 0x0000028d90db7800 DEOPT PACKING pc=0x0000028d818d30b0 sp=0x000000986d1f16b0
Event: 33.660 Thread 0x0000028d90db7800 DEOPT UNPACKING pc=0x0000028d800276ce sp=0x000000986d1f0bd8 mode 0
Event: 37.839 Thread 0x0000028d90db7800 Uncommon trap: trap_request=0xffffff4d fr.pc=0x0000028d87d12374 relative=0x00000000000001b4
Event: 37.839 Thread 0x0000028d90db7800 Uncommon trap: reason=unstable_if action=reinterpret pc=0x0000028d87d12374 method=com.esotericsoftware.kryo.io.Input.require(I)I @ 65 c2
Event: 37.839 Thread 0x0000028d90db7800 DEOPT PACKING pc=0x0000028d87d12374 sp=0x000000986d1f3720
Event: 37.839 Thread 0x0000028d90db7800 DEOPT UNPACKING pc=0x0000028d800278af sp=0x000000986d1f36d0 mode 2

Classes redefined (0 events):
No events

Internal exceptions (20 events):
Event: 37.998 Thread 0x0000028d90db7800 Implicit null exception at 0x0000028d81c7b6af to 0x0000028d81c7bcfb
Event: 37.998 Thread 0x0000028d90db7800 Exception <a 'java/lang/NullPointerException'{0x0000000087b084e8}> (0x0000000087b084e8) thrown at [./src/hotspot/share/runtime/sharedRuntime.cpp, line 585]
Event: 37.998 Thread 0x0000028d90db7800 Implicit null exception at 0x0000028d81c7b6af to 0x0000028d81c7bcfb
Event: 37.998 Thread 0x0000028d90db7800 Exception <a 'java/lang/NullPointerException'{0x0000000087b0a6c0}> (0x0000000087b0a6c0) thrown at [./src/hotspot/share/runtime/sharedRuntime.cpp, line 585]
Event: 37.998 Thread 0x0000028d90db7800 Implicit null exception at 0x0000028d81c7b6af to 0x0000028d81c7bcfb
Event: 37.998 Thread 0x0000028d90db7800 Exception <a 'java/lang/NullPointerException'{0x0000000087b0c840}> (0x0000000087b0c840) thrown at [./src/hotspot/share/runtime/sharedRuntime.cpp, line 585]
Event: 37.998 Thread 0x0000028d90db7800 Implicit null exception at 0x0000028d81c7b6af to 0x0000028d81c7bcfb
Event: 37.998 Thread 0x0000028d90db7800 Exception <a 'java/lang/NullPointerException'{0x0000000087b0ea38}> (0x0000000087b0ea38) thrown at [./src/hotspot/share/runtime/sharedRuntime.cpp, line 585]
Event: 37.998 Thread 0x0000028d90db7800 Implicit null exception at 0x0000028d81c7b6af to 0x0000028d81c7bcfb
Event: 37.998 Thread 0x0000028d90db7800 Exception <a 'java/lang/NullPointerException'{0x0000000087b10c38}> (0x0000000087b10c38) thrown at [./src/hotspot/share/runtime/sharedRuntime.cpp, line 585]
Event: 37.998 Thread 0x0000028d90db7800 Implicit null exception at 0x0000028d81c7b6af to 0x0000028d81c7bcfb
Event: 37.999 Thread 0x0000028d90db7800 Exception <a 'java/lang/NullPointerException'{0x0000000087b12eb8}> (0x0000000087b12eb8) thrown at [./src/hotspot/share/runtime/sharedRuntime.cpp, line 585]
Event: 37.999 Thread 0x0000028d90db7800 Implicit null exception at 0x0000028d81c7b6af to 0x0000028d81c7bcfb
Event: 37.999 Thread 0x0000028d90db7800 Exception <a 'java/lang/NullPointerException'{0x0000000087b15138}> (0x0000000087b15138) thrown at [./src/hotspot/share/runtime/sharedRuntime.cpp, line 585]
Event: 37.999 Thread 0x0000028d90db7800 Implicit null exception at 0x0000028d81c7b6af to 0x0000028d81c7bcfb
Event: 37.999 Thread 0x0000028d90db7800 Exception <a 'java/lang/NullPointerException'{0x0000000087b17310}> (0x0000000087b17310) thrown at [./src/hotspot/share/runtime/sharedRuntime.cpp, line 585]
Event: 37.999 Thread 0x0000028d90db7800 Implicit null exception at 0x0000028d81c7b6af to 0x0000028d81c7bcfb
Event: 37.999 Thread 0x0000028d90db7800 Exception <a 'java/lang/NullPointerException'{0x0000000087b19490}> (0x0000000087b19490) thrown at [./src/hotspot/share/runtime/sharedRuntime.cpp, line 585]
Event: 37.999 Thread 0x0000028d90db7800 Implicit null exception at 0x0000028d81c7b6af to 0x0000028d81c7bcfb
Event: 37.999 Thread 0x0000028d90db7800 Exception <a 'java/lang/NullPointerException'{0x0000000087b1b6a0}> (0x0000000087b1b6a0) thrown at [./src/hotspot/share/runtime/sharedRuntime.cpp, line 585]

Events (20 events):
Event: 38.026 Executing VM operation: RevokeBias done
Event: 38.026 Executing VM operation: RevokeBias
Event: 38.026 Executing VM operation: RevokeBias done
Event: 38.027 Executing VM operation: RevokeBias
Event: 38.027 Executing VM operation: RevokeBias done
Event: 38.027 Executing VM operation: RevokeBias
Event: 38.027 Executing VM operation: RevokeBias done
Event: 38.028 Executing VM operation: RevokeBias
Event: 38.028 Executing VM operation: RevokeBias done
Event: 38.028 Executing VM operation: RevokeBias
Event: 38.028 Executing VM operation: RevokeBias done
Event: 38.042 Executing VM operation: RevokeBias
Event: 38.042 Executing VM operation: RevokeBias done
Event: 38.043 Executing VM operation: RevokeBias
Event: 38.043 Executing VM operation: RevokeBias done
Event: 38.060 Executing VM operation: RevokeBias
Event: 38.060 Executing VM operation: RevokeBias done
Event: 38.074 Executing VM operation: RevokeBias
Event: 38.074 Executing VM operation: RevokeBias done
Event: 38.074 Executing VM operation: BulkRevokeBias


Dynamic libraries:
0x00007ff6b72a0000 - 0x00007ff6b72aa000 	C:\Program Files\Android\Android Studio3\jre\bin\java.exe
0x00007ffae8900000 - 0x00007ffae8b0f000 	C:\WINDOWS\SYSTEM32\ntdll.dll
0x00007ffae7cf0000 - 0x00007ffae7dad000 	C:\WINDOWS\System32\KERNEL32.DLL
0x00007ffae62a0000 - 0x00007ffae6626000 	C:\WINDOWS\System32\KERNELBASE.dll
0x00007ffae2ec0000 - 0x00007ffae2f52000 	C:\WINDOWS\SYSTEM32\apphelp.dll
0x00007ffae6030000 - 0x00007ffae6141000 	C:\WINDOWS\System32\ucrtbase.dll
0x00007ffacf670000 - 0x00007ffacf689000 	C:\Program Files\Android\Android Studio3\jre\bin\jli.dll
0x00007ffad0bd0000 - 0x00007ffad0be7000 	C:\Program Files\Android\Android Studio3\jre\bin\VCRUNTIME140.dll
0x00007ffae72d0000 - 0x00007ffae747b000 	C:\WINDOWS\System32\USER32.dll
0x00007ffad3740000 - 0x00007ffad39e1000 	C:\WINDOWS\WinSxS\amd64_microsoft.windows.common-controls_6595b64144ccf1df_6.0.22468.1000_none_266f4f372a53a5e7\COMCTL32.dll
0x00007ffae6000000 - 0x00007ffae6026000 	C:\WINDOWS\System32\win32u.dll
0x00007ffae7580000 - 0x00007ffae7624000 	C:\WINDOWS\System32\msvcrt.dll
0x00007ffae7bb0000 - 0x00007ffae7bd9000 	C:\WINDOWS\System32\GDI32.dll
0x00007ffae5dd0000 - 0x00007ffae5ee7000 	C:\WINDOWS\System32\gdi32full.dll
0x00007ffae5f60000 - 0x00007ffae5ffb000 	C:\WINDOWS\System32\msvcp_win.dll
0x00007ffae7540000 - 0x00007ffae7571000 	C:\WINDOWS\System32\IMM32.DLL
0x00007ffacdb00000 - 0x00007ffacdb9d000 	C:\Program Files\Android\Android Studio3\jre\bin\msvcp140.dll
0x00007ffaa8630000 - 0x00007ffaa90ff000 	C:\Program Files\Android\Android Studio3\jre\bin\server\jvm.dll
0x00007ffae7810000 - 0x00007ffae78be000 	C:\WINDOWS\System32\ADVAPI32.dll
0x00007ffae7770000 - 0x00007ffae780f000 	C:\WINDOWS\System32\sechost.dll
0x00007ffae7a90000 - 0x00007ffae7bb0000 	C:\WINDOWS\System32\RPCRT4.dll
0x00007ffae7a50000 - 0x00007ffae7a58000 	C:\WINDOWS\System32\PSAPI.DLL
0x00007ffadaa40000 - 0x00007ffadaa73000 	C:\WINDOWS\SYSTEM32\WINMM.dll
0x00007ffae3810000 - 0x00007ffae3819000 	C:\WINDOWS\SYSTEM32\WSOCK32.dll
0x00007ffae20c0000 - 0x00007ffae20ca000 	C:\WINDOWS\SYSTEM32\VERSION.dll
0x00007ffae7be0000 - 0x00007ffae7c51000 	C:\WINDOWS\System32\WS2_32.dll
0x00007ffae4f90000 - 0x00007ffae4fa8000 	C:\WINDOWS\SYSTEM32\kernel.appcore.dll
0x00007ffae2970000 - 0x00007ffae2981000 	C:\Program Files\Android\Android Studio3\jre\bin\verify.dll
0x00007ffade2c0000 - 0x00007ffade4e7000 	C:\WINDOWS\SYSTEM32\DBGHELP.DLL
0x00007ffae6f50000 - 0x00007ffae72cc000 	C:\WINDOWS\System32\combase.dll
0x00007ffade280000 - 0x00007ffade2b1000 	C:\WINDOWS\SYSTEM32\dbgcore.DLL
0x00007ffae6150000 - 0x00007ffae61d1000 	C:\WINDOWS\System32\bcryptPrimitives.dll
0x00007ffae2940000 - 0x00007ffae2969000 	C:\Program Files\Android\Android Studio3\jre\bin\java.dll
0x00007ffae3800000 - 0x00007ffae380b000 	C:\Program Files\Android\Android Studio3\jre\bin\jimage.dll
0x00007ffae2920000 - 0x00007ffae2938000 	C:\Program Files\Android\Android Studio3\jre\bin\zip.dll
0x00007ffae67a0000 - 0x00007ffae6f4b000 	C:\WINDOWS\System32\SHELL32.dll
0x00007ffae3e30000 - 0x00007ffae468c000 	C:\WINDOWS\SYSTEM32\windows.storage.dll
0x00007ffae3cc0000 - 0x00007ffae3e28000 	C:\WINDOWS\SYSTEM32\wintypes.dll
0x00007ffae86e0000 - 0x00007ffae87d0000 	C:\WINDOWS\System32\SHCORE.dll
0x00007ffae7c90000 - 0x00007ffae7ceb000 	C:\WINDOWS\System32\shlwapi.dll
0x00007ffae5d00000 - 0x00007ffae5d21000 	C:\WINDOWS\SYSTEM32\profapi.dll
0x00007ffae12e0000 - 0x00007ffae12fa000 	C:\Program Files\Android\Android Studio3\jre\bin\net.dll
0x00007ffadf020000 - 0x00007ffadf130000 	C:\WINDOWS\SYSTEM32\WINHTTP.dll
0x00007ffae53e0000 - 0x00007ffae5449000 	C:\WINDOWS\system32\mswsock.dll
0x00007ffadd7a0000 - 0x00007ffadd7b4000 	C:\Program Files\Android\Android Studio3\jre\bin\nio.dll
0x00007ffaceca0000 - 0x00007ffacecc7000 	C:\Users\xpmkm\.gradle\native\8bec1ad78214c89d9ad589b4d07fe93259594b29d510b10fafb7a158f7737e5d\windows-amd64\native-platform.dll
0x00007ffab99d0000 - 0x00007ffab9b0d000 	C:\Users\xpmkm\.gradle\native\53dbd7edfb1c66fb8903c78663c9afc45aea4f116125fa6feffd364cf09443e8\windows-amd64\native-platform-file-events.dll
0x00007ffae37e0000 - 0x00007ffae37ea000 	C:\Program Files\Android\Android Studio3\jre\bin\management.dll
0x00007ffae2ac0000 - 0x00007ffae2acc000 	C:\Program Files\Android\Android Studio3\jre\bin\management_ext.dll
0x00007ffae5630000 - 0x00007ffae5648000 	C:\WINDOWS\SYSTEM32\CRYPTSP.dll
0x00007ffae4ef0000 - 0x00007ffae4f25000 	C:\WINDOWS\system32\rsaenh.dll
0x00007ffae54e0000 - 0x00007ffae5509000 	C:\WINDOWS\SYSTEM32\USERENV.dll
0x00007ffae57b0000 - 0x00007ffae57d8000 	C:\WINDOWS\SYSTEM32\bcrypt.dll
0x00007ffae5650000 - 0x00007ffae565c000 	C:\WINDOWS\SYSTEM32\CRYPTBASE.dll
0x00007ffae4970000 - 0x00007ffae499d000 	C:\WINDOWS\SYSTEM32\IPHLPAPI.DLL
0x00007ffae7a60000 - 0x00007ffae7a69000 	C:\WINDOWS\System32\NSI.dll
0x00007ffae3130000 - 0x00007ffae3149000 	C:\WINDOWS\SYSTEM32\dhcpcsvc6.DLL
0x00007ffae3110000 - 0x00007ffae312e000 	C:\WINDOWS\SYSTEM32\dhcpcsvc.DLL
0x00007ffae49a0000 - 0x00007ffae4a91000 	C:\WINDOWS\SYSTEM32\DNSAPI.dll
0x00007ffad0bf0000 - 0x00007ffad0c17000 	C:\Program Files\Android\Android Studio3\jre\bin\sunec.dll
0x00007ffae3100000 - 0x00007ffae310a000 	C:\Windows\System32\rasadhlp.dll
0x00007ffadf160000 - 0x00007ffadf1e1000 	C:\WINDOWS\System32\fwpuclnt.dll

dbghelp: loaded successfully - version: 4.0.5 - missing functions: none
symbol engine: initialized successfully - sym options: 0x614 - pdb path: .;C:\Program Files\Android\Android Studio3\jre\bin;C:\WINDOWS\SYSTEM32;C:\WINDOWS\WinSxS\amd64_microsoft.windows.common-controls_6595b64144ccf1df_6.0.22468.1000_none_266f4f372a53a5e7;C:\Program Files\Android\Android Studio3\jre\bin\server;C:\Users\xpmkm\.gradle\native\8bec1ad78214c89d9ad589b4d07fe93259594b29d510b10fafb7a158f7737e5d\windows-amd64;C:\Users\xpmkm\.gradle\native\53dbd7edfb1c66fb8903c78663c9afc45aea4f116125fa6feffd364cf09443e8\windows-amd64

VM Arguments:
jvm_args: --add-opens=java.base/java.util=ALL-UNNAMED --add-opens=java.base/java.lang=ALL-UNNAMED --add-opens=java.base/java.lang.invoke=ALL-UNNAMED --add-opens=java.base/java.util=ALL-UNNAMED --add-opens=java.prefs/java.util.prefs=ALL-UNNAMED --add-opens=java.prefs/java.util.prefs=ALL-UNNAMED --add-opens=java.base/java.nio.charset=ALL-UNNAMED --add-opens=java.base/java.net=ALL-UNNAMED --add-opens=java.base/java.util.concurrent.atomic=ALL-UNNAMED -Xmx2048m -Dfile.encoding=UTF-8 -Duser.country=IN -Duser.language=en -Duser.variant 
java_command: org.gradle.launcher.daemon.bootstrap.GradleDaemon 7.0.2
java_class_path (initial): C:\Users\xpmkm\.gradle\wrapper\dists\gradle-7.0.2-bin\857tjihv64xamwrf0h14cai3r\gradle-7.0.2\lib\gradle-launcher-7.0.2.jar
Launcher Type: SUN_STANDARD

[Global flags]
     intx CICompilerCount                          = 4                                         {product} {ergonomic}
     uint ConcGCThreads                            = 2                                         {product} {ergonomic}
     uint G1ConcRefinementThreads                  = 8                                         {product} {ergonomic}
   size_t G1HeapRegionSize                         = 1048576                                   {product} {ergonomic}
    uintx GCDrainStackTargetSize                   = 64                                        {product} {ergonomic}
   size_t InitialHeapSize                          = 132120576                                 {product} {ergonomic}
   size_t MarkStackSize                            = 4194304                                   {product} {ergonomic}
   size_t MaxHeapSize                              = 2147483648                                {product} {command line}
   size_t MaxNewSize                               = 1287651328                                {product} {ergonomic}
   size_t MinHeapDeltaBytes                        = 1048576                                   {product} {ergonomic}
    uintx NonNMethodCodeHeapSize                   = 5836300                                {pd product} {ergonomic}
    uintx NonProfiledCodeHeapSize                  = 122910970                              {pd product} {ergonomic}
    uintx ProfiledCodeHeapSize                     = 122910970                              {pd product} {ergonomic}
    uintx ReservedCodeCacheSize                    = 251658240                              {pd product} {ergonomic}
     bool SegmentedCodeCache                       = true                                      {product} {ergonomic}
     bool UseCompressedClassPointers               = true                                 {lp64_product} {ergonomic}
     bool UseCompressedOops                        = true                                 {lp64_product} {ergonomic}
     bool UseG1GC                                  = true                                      {product} {ergonomic}
     bool UseLargePagesIndividualAllocation        = false                                  {pd product} {ergonomic}

Logging:
Log output configuration:
 #0: stdout all=warning uptime,level,tags
 #1: stderr all=off uptime,level,tags

Environment Variables:
PATH=C:\Program Files (x86)\Common Files\Oracle\Java\javapath;C:\WINDOWS\system32;C:\WINDOWS;C:\WINDOWS\System32\Wbem;C:\WINDOWS\System32\WindowsPowerShell\v1.0\;C:\WINDOWS\System32\OpenSSH\;C:\Program Files\Git\cmd;C:\Program Files\nodejs\;C:\xampp\php;C:\ProgramData\ComposerSetup\bin;C:\Users\xpmkm\AppData\Local\Android\Sdk\platform-tools;C:\Program Files\Java\jdk1.8.0_231\bin;C:\Program Files\opnsl\bin;C:\Users\xpmkm\AppData\Roaming\npm;C:\Users\xpmkm\AppData\Local\Programs\Microsoft VS Code\bin;C:\Program Files\flutter\bin;C:\Users\xpmkm\AppData\Roaming\Composer\vendor\bin;C:\Users\xpmkm\AppData\Local\Microsoft\WindowsApps;
USERNAME=xpmkm
OS=Windows_NT
PROCESSOR_IDENTIFIER=AMD64 Family 23 Model 24 Stepping 1, AuthenticAMD



---------------  S Y S T E M  ---------------

OS: Windows 10 , 64 bit Build 22468 (10.0.22468.1000)
OS uptime: 5 days 17:20 hours

CPU:total 8 (initial active 8) (8 cores per cpu, 2 threads per core) family 23 model 24 stepping 1 microcode 0x0, cmov, cx8, fxsr, mmx, sse, sse2, sse3, ssse3, sse4.1, sse4.2, popcnt, avx, avx2, aes, clmul, mmxext, 3dnowpref, lzcnt, sse4a, ht, tsc, tscinvbit, tscinv, bmi1, bmi2, adx, s

Memory: 4k page, system-wide physical 8002M (342M free)
TotalPageFile size 12098M (AvailPageFile size 4M)
current process WorkingSet (physical memory assigned to process): 381M, peak: 397M
current process commit charge ("private bytes"): 416M, peak: 431M

vm_info: OpenJDK 64-Bit Server VM (11.0.10+0-b96-7249189) for windows-amd64 JRE (11.0.10+0-b96-7249189), built on Mar 31 2021 21:44:00 by "builder" with MS VC++ 14.0 (VS2015)

END.
