#
# There is insufficient memory for the Java Runtime Environment to continue.
# Native memory allocation (malloc) failed to allocate 1371696 bytes for Chunk::new
# Possible reasons:
#   The system is out of physical RAM or swap space
#   The process is running with CompressedOops enabled, and the Java Heap may be blocking the growth of the native heap
# Possible solutions:
#   Reduce memory load on the system
#   Increase physical memory or swap space
#   Check if swap backing store is full
#   Decrease Java heap size (-Xmx/-Xms)
#   Decrease number of Java threads
#   Decrease Java thread stack sizes (-Xss)
#   Set larger code cache with -XX:ReservedCodeCacheSize=
#   JVM is running with Unscaled Compressed Oops mode in which the Java heap is
#     placed in the first 4GB address space. The Java Heap base address is the
#     maximum limit for the native heap growth. Please use -XX:HeapBaseMinAddress
#     to set the Java Heap base and to place the Java Heap above 4GB virtual address.
# This output file may be truncated or incomplete.
#
#  Out of Memory Error (./src/hotspot/share/memory/arena.cpp:197), pid=13132, tid=10748
#
# JRE version: OpenJDK Runtime Environment (11.0.10) (build 11.0.10+0-b96-7249189)
# Java VM: OpenJDK 64-Bit Server VM (11.0.10+0-b96-7249189, mixed mode, tiered, compressed oops, g1 gc, windows-amd64)
# No core dump will be written. Minidumps are not enabled by default on client versions of Windows
#

---------------  S U M M A R Y ------------

Command Line: --add-opens=java.base/java.util=ALL-UNNAMED --add-opens=java.base/java.lang=ALL-UNNAMED --add-opens=java.base/java.lang.invoke=ALL-UNNAMED --add-opens=java.prefs/java.util.prefs=ALL-UNNAMED -Xmx2048m -Dfile.encoding=UTF-8 -Duser.country=IN -Duser.language=en -Duser.variant org.gradle.launcher.daemon.bootstrap.GradleDaemon 6.5

Host: AMD Ryzen 5 3550H with Radeon Vega Mobile Gfx  , 8 cores, 7G,  Windows 10 , 64 bit Build 22468 (10.0.22468.1000)
Time: Fri Oct  1 14:14:27 2021 India Standard Time elapsed time: 44.524908 seconds (0d 0h 0m 44s)

---------------  T H R E A D  ---------------

Current thread (0x00000175edc65000):  JavaThread "C2 CompilerThread2" daemon [_thread_in_native, id=10748, stack(0x0000004df6800000,0x0000004df6900000)]


Current CompileTask:
C2:  44526 14349 %     4       com.android.tools.r8.ir.conversion.N::a @ 153 (3065 bytes)

Stack: [0x0000004df6800000,0x0000004df6900000]
Native frames: (J=compiled Java code, j=interpreted, Vv=VM code, C=native code)
V  [jvm.dll+0x5ecfaa]
V  [jvm.dll+0x722bd5]
V  [jvm.dll+0x72412d]
V  [jvm.dll+0x7247e3]
V  [jvm.dll+0x242928]
V  [jvm.dll+0xbc4fc]
V  [jvm.dll+0xbca0c]
V  [jvm.dll+0x2b4fd4]
V  [jvm.dll+0x506028]
V  [jvm.dll+0x203253]
V  [jvm.dll+0x1fd07c]
V  [jvm.dll+0x1fa77f]
V  [jvm.dll+0x18354c]
V  [jvm.dll+0x208ee7]
V  [jvm.dll+0x207731]
V  [jvm.dll+0x6eb1cf]
V  [jvm.dll+0x6e3d45]
V  [jvm.dll+0x5ebe96]
C  [ucrtbase.dll+0x293cc]
C  [KERNEL32.DLL+0x16ab0]
C  [ntdll.dll+0x5c44b]


---------------  P R O C E S S  ---------------

Threads class SMR info:
_java_thread_list=0x00000175eaef6ce0, length=152, elements={
0x00000175ccba3000, 0x00000175e8fac800, 0x00000175e8fb5800, 0x00000175e8fc6000,
0x00000175e8fc7800, 0x00000175e8fc8800, 0x00000175e8fd3800, 0x00000175e9936000,
0x00000175e993f800, 0x00000175e9a9e000, 0x00000175eab38800, 0x00000175eb23a800,
0x00000175ead6d000, 0x00000175ebac5000, 0x00000175ebac1800, 0x00000175eac39800,
0x00000175eac3a000, 0x00000175ea977800, 0x00000175eb903000, 0x00000175ebc9d000,
0x00000175ebca0800, 0x00000175ebca1000, 0x00000175ebc9e000, 0x00000175ebc9f800,
0x00000175ebc9b800, 0x00000175ebc9f000, 0x00000175ebca2000, 0x00000175ebc9c800,
0x00000175ef1c6000, 0x00000175ef1c7000, 0x00000175ef1ca800, 0x00000175ef1c4800,
0x00000175ef1d0000, 0x00000175ef1cd800, 0x00000175ef1ce800, 0x00000175ef1cf000,
0x00000175ef1cc000, 0x00000175ef1cb000, 0x00000175ef1d1800, 0x00000175ef1d2800,
0x00000175ef1cc800, 0x00000175ef1d1000, 0x00000175ef1d3800, 0x00000175e9c1f800,
0x00000175e9c22000, 0x00000175e9c23800, 0x00000175e9c1e000, 0x00000175e9c20800,
0x00000175e9c22800, 0x00000175e9c21000, 0x00000175e9c24800, 0x00000175e9c1e800,
0x00000175e9c28800, 0x00000175e9c2b000, 0x00000175e9c29000, 0x00000175e9c2a000,
0x00000175e9c27000, 0x00000175e9c26000, 0x00000175e9c25000, 0x00000175e9c27800,
0x00000175e9c2c800, 0x00000175e9c2b800, 0x00000175ef217800, 0x00000175ef21a000,
0x00000175ef21c000, 0x00000175ef216000, 0x00000175ef219800, 0x00000175ef21b000,
0x00000175ef21c800, 0x00000175ef217000, 0x00000175ef21d800, 0x00000175ef218800,
0x00000175ef220800, 0x00000175ef224000, 0x00000175ef21e800, 0x00000175ef225000,
0x00000175ef21f000, 0x00000175ef220000, 0x00000175ef221800, 0x00000175ef222800,
0x00000175ef223000, 0x00000175ed8be800, 0x00000175ed8bd000, 0x00000175ed8b9800,
0x00000175ed8c0800, 0x00000175ed8bf800, 0x00000175ed8bc000, 0x00000175ed8bb800,
0x00000175ed8be000, 0x00000175ed8ba800, 0x00000175ed8c5000, 0x00000175ed8c2000,
0x00000175ed8c7000, 0x00000175ed8c1000, 0x00000175ed8c8800, 0x00000175ed8c6000,
0x00000175ed8c2800, 0x00000175ed8c7800, 0x00000175ed8c3800, 0x00000175ed8c4800,
0x00000175eb285000, 0x00000175eb284000, 0x00000175eb285800, 0x00000175eb288000,
0x00000175eb286800, 0x00000175eb289000, 0x00000175eb283000, 0x00000175eb28c000,
0x00000175eb28d000, 0x00000175eb289800, 0x00000175eb28a800, 0x00000175eb287000,
0x00000175eb28f800, 0x00000175eb290000, 0x00000175eb291000, 0x00000175eb28b800,
0x00000175eb292000, 0x00000175eb28e000, 0x00000175eb28e800, 0x00000175ef0ef000,
0x00000175ef0f0800, 0x00000175ef0f4800, 0x00000175ef0f3000, 0x00000175ef0f1800,
0x00000175ef0f5800, 0x00000175ef0f2000, 0x00000175ef0f3800, 0x00000175ef0ef800,
0x00000175ef0f6000, 0x00000175ef0f8000, 0x00000175ef0fa000, 0x00000175ef0f8800,
0x00000175ef0f9800, 0x00000175ef0fb000, 0x00000175ef0fd800, 0x00000175edc5d800,
0x00000175edc5d000, 0x00000175edc5c000, 0x00000175edc5b000, 0x00000175edc5e800,
0x00000175edc5f800, 0x00000175edc59800, 0x00000175edc5a800, 0x00000175edc62800,
0x00000175edc63800, 0x00000175edc66000, 0x00000175edc66800, 0x00000175edc64000,
0x00000175edc61800, 0x00000175edc68800, 0x00000175edc61000, 0x00000175edc65000
}

Java Threads: ( => current thread )
  0x00000175ccba3000 JavaThread "main" [_thread_blocked, id=10900, stack(0x0000004dec200000,0x0000004dec300000)]
  0x00000175e8fac800 JavaThread "Reference Handler" daemon [_thread_blocked, id=13072, stack(0x0000004dec900000,0x0000004deca00000)]
  0x00000175e8fb5800 JavaThread "Finalizer" daemon [_thread_blocked, id=6420, stack(0x0000004deca00000,0x0000004decb00000)]
  0x00000175e8fc6000 JavaThread "Signal Dispatcher" daemon [_thread_blocked, id=11760, stack(0x0000004decb00000,0x0000004decc00000)]
  0x00000175e8fc7800 JavaThread "Attach Listener" daemon [_thread_blocked, id=16080, stack(0x0000004decc00000,0x0000004decd00000)]
  0x00000175e8fc8800 JavaThread "Service Thread" daemon [_thread_blocked, id=8504, stack(0x0000004decd00000,0x0000004dece00000)]
  0x00000175e8fd3800 JavaThread "C2 CompilerThread0" daemon [_thread_in_native, id=9292, stack(0x0000004dece00000,0x0000004decf00000)]
  0x00000175e9936000 JavaThread "C1 CompilerThread0" daemon [_thread_blocked, id=16176, stack(0x0000004decf00000,0x0000004ded000000)]
  0x00000175e993f800 JavaThread "Sweeper thread" daemon [_thread_blocked, id=9848, stack(0x0000004ded000000,0x0000004ded100000)]
  0x00000175e9a9e000 JavaThread "Common-Cleaner" daemon [_thread_blocked, id=14956, stack(0x0000004ded100000,0x0000004ded200000)]
  0x00000175eab38800 JavaThread "Daemon health stats" [_thread_blocked, id=15912, stack(0x0000004ded600000,0x0000004ded700000)]
  0x00000175eb23a800 JavaThread "Incoming local TCP Connector on port 61898" [_thread_in_native, id=10268, stack(0x0000004ded800000,0x0000004ded900000)]
  0x00000175ead6d000 JavaThread "Daemon periodic checks" [_thread_blocked, id=6152, stack(0x0000004ded900000,0x0000004deda00000)]
  0x00000175ebac5000 JavaThread "Daemon" [_thread_blocked, id=11916, stack(0x0000004deda00000,0x0000004dedb00000)]
  0x00000175ebac1800 JavaThread "Handler for socket connection from /127.0.0.1:61898 to /127.0.0.1:61899" [_thread_in_native, id=15148, stack(0x0000004dedb00000,0x0000004dedc00000)]
  0x00000175eac39800 JavaThread "Cancel handler" [_thread_blocked, id=5588, stack(0x0000004dedc00000,0x0000004dedd00000)]
  0x00000175eac3a000 JavaThread "Daemon worker" [_thread_blocked, id=5252, stack(0x0000004dedd00000,0x0000004dede00000)]
  0x00000175ea977800 JavaThread "Asynchronous log dispatcher for DefaultDaemonConnection: socket connection from /127.0.0.1:61898 to /127.0.0.1:61899" [_thread_blocked, id=5848, stack(0x0000004dede00000,0x0000004dedf00000)]
  0x00000175eb903000 JavaThread "Stdin handler" [_thread_blocked, id=1712, stack(0x0000004dedf00000,0x0000004dee000000)]
  0x00000175ebc9d000 JavaThread "Thread-8" [_thread_blocked, id=2344, stack(0x0000004dee000000,0x0000004dee100000)]
  0x00000175ebca0800 JavaThread "Cache worker for journal cache (C:\Users\xpmkm\.gradle\caches\journal-1)" [_thread_blocked, id=7240, stack(0x0000004dee100000,0x0000004dee200000)]
  0x00000175ebca1000 JavaThread "File lock request listener" [_thread_in_native, id=15848, stack(0x0000004dee700000,0x0000004dee800000)]
  0x00000175ebc9e000 JavaThread "Cache worker for file hash cache (C:\Users\xpmkm\.gradle\caches\6.5\fileHashes)" [_thread_blocked, id=12124, stack(0x0000004dee800000,0x0000004dee900000)]
  0x00000175ebc9f800 JavaThread "Cache worker for file hash cache (C:\Users\xpmkm\Desktop\update_code_vezilla-server\codecanyon-L2GSbXtH-dairy-products-grocery-daily-milk-delivery-mobile-app-with-subscription-customer-app-delivery\test-vezilla-android-workspace\.gradle\6.5\fileHashes)" [_thread_blocked, id=11308, stack(0x0000004deec00000,0x0000004deed00000)]
  0x00000175ebc9b800 JavaThread "Cache worker for checksums cache (C:\Users\xpmkm\Desktop\update_code_vezilla-server\codecanyon-L2GSbXtH-dairy-products-grocery-daily-milk-delivery-mobile-app-with-subscription-customer-app-delivery\test-vezilla-android-workspace\.gradle\checksums)" [_thread_blocked, id=10096, stack(0x0000004deeb00000,0x0000004deec00000)]
  0x00000175ebc9f000 JavaThread "Cache worker for cache directory md-supplier (C:\Users\xpmkm\.gradle\caches\6.5\md-supplier)" [_thread_blocked, id=9280, stack(0x0000004deed00000,0x0000004deee00000)]
  0x00000175ebca2000 JavaThread "Cache worker for cache directory md-rule (C:\Users\xpmkm\.gradle\caches\6.5\md-rule)" [_thread_blocked, id=1740, stack(0x0000004deee00000,0x0000004deef00000)]
  0x00000175ebc9c800 JavaThread "Cache worker for execution history cache (C:\Users\xpmkm\.gradle\caches\6.5\executionHistory)" [_thread_blocked, id=1780, stack(0x0000004deef00000,0x0000004def000000)]
  0x00000175ef1c6000 JavaThread "jar transforms" [_thread_blocked, id=1400, stack(0x0000004def000000,0x0000004def100000)]
  0x00000175ef1c7000 JavaThread "Cache worker for file content cache (C:\Users\xpmkm\.gradle\caches\6.5\fileContent)" [_thread_blocked, id=10780, stack(0x0000004def100000,0x0000004def200000)]
  0x00000175ef1ca800 JavaThread "Build operations" [_thread_blocked, id=3028, stack(0x0000004def200000,0x0000004def300000)]
  0x00000175ef1c4800 JavaThread "Build operations Thread 2" [_thread_blocked, id=10856, stack(0x0000004def300000,0x0000004def400000)]
  0x00000175ef1d0000 JavaThread "Build operations Thread 3" [_thread_blocked, id=15684, stack(0x0000004def400000,0x0000004def500000)]
  0x00000175ef1cd800 JavaThread "Build operations Thread 4" [_thread_blocked, id=14788, stack(0x0000004def500000,0x0000004def600000)]
  0x00000175ef1ce800 JavaThread "Build operations Thread 5" [_thread_blocked, id=4804, stack(0x0000004def600000,0x0000004def700000)]
  0x00000175ef1cf000 JavaThread "Build operations Thread 6" [_thread_blocked, id=816, stack(0x0000004def700000,0x0000004def800000)]
  0x00000175ef1cc000 JavaThread "Build operations Thread 7" [_thread_blocked, id=8488, stack(0x0000004def800000,0x0000004def900000)]
  0x00000175ef1cb000 JavaThread "Build operations Thread 8" [_thread_blocked, id=8516, stack(0x0000004def900000,0x0000004defa00000)]
  0x00000175ef1d1800 JavaThread "jar transforms Thread 2" [_thread_blocked, id=8888, stack(0x0000004defb00000,0x0000004defc00000)]
  0x00000175ef1d2800 JavaThread "jar transforms Thread 3" [_thread_blocked, id=1124, stack(0x0000004defc00000,0x0000004defd00000)]
  0x00000175ef1cc800 JavaThread "jar transforms Thread 4" [_thread_blocked, id=16084, stack(0x0000004defd00000,0x0000004defe00000)]
  0x00000175ef1d1000 JavaThread "jar transforms Thread 5" [_thread_blocked, id=11124, stack(0x0000004defe00000,0x0000004deff00000)]
  0x00000175ef1d3800 JavaThread "jar transforms Thread 6" [_thread_blocked, id=3608, stack(0x0000004deff00000,0x0000004df0000000)]
  0x00000175e9c1f800 JavaThread "jar transforms Thread 7" [_thread_blocked, id=2364, stack(0x0000004df0000000,0x0000004df0100000)]
  0x00000175e9c22000 JavaThread "jar transforms Thread 8" [_thread_blocked, id=8776, stack(0x0000004df0100000,0x0000004df0200000)]
  0x00000175e9c23800 JavaThread "jar transforms Thread 9" [_thread_blocked, id=4076, stack(0x0000004df0200000,0x0000004df0300000)]
  0x00000175e9c1e000 JavaThread "jar transforms Thread 10" [_thread_blocked, id=944, stack(0x0000004df0300000,0x0000004df0400000)]
  0x00000175e9c20800 JavaThread "jar transforms Thread 11" [_thread_blocked, id=3672, stack(0x0000004df0400000,0x0000004df0500000)]
  0x00000175e9c22800 JavaThread "jar transforms Thread 12" [_thread_blocked, id=14128, stack(0x0000004df0500000,0x0000004df0600000)]
  0x00000175e9c21000 JavaThread "jar transforms Thread 13" [_thread_blocked, id=556, stack(0x0000004df0600000,0x0000004df0700000)]
  0x00000175e9c24800 JavaThread "jar transforms Thread 14" [_thread_blocked, id=9716, stack(0x0000004df0700000,0x0000004df0800000)]
  0x00000175e9c1e800 JavaThread "jar transforms Thread 15" [_thread_blocked, id=15004, stack(0x0000004df0800000,0x0000004df0900000)]
  0x00000175e9c28800 JavaThread "jar transforms Thread 16" [_thread_blocked, id=3612, stack(0x0000004df0900000,0x0000004df0a00000)]
  0x00000175e9c2b000 JavaThread "jar transforms Thread 17" [_thread_blocked, id=1996, stack(0x0000004df0a00000,0x0000004df0b00000)]
  0x00000175e9c29000 JavaThread "jar transforms Thread 18" [_thread_blocked, id=15760, stack(0x0000004df0b00000,0x0000004df0c00000)]
  0x00000175e9c2a000 JavaThread "jar transforms Thread 19" [_thread_blocked, id=7132, stack(0x0000004df0c00000,0x0000004df0d00000)]
  0x00000175e9c27000 JavaThread "jar transforms Thread 20" [_thread_blocked, id=6676, stack(0x0000004df0d00000,0x0000004df0e00000)]
  0x00000175e9c26000 JavaThread "jar transforms Thread 21" [_thread_blocked, id=6052, stack(0x0000004df0e00000,0x0000004df0f00000)]
  0x00000175e9c25000 JavaThread "jar transforms Thread 22" [_thread_blocked, id=7900, stack(0x0000004df0f00000,0x0000004df1000000)]
  0x00000175e9c27800 JavaThread "jar transforms Thread 23" [_thread_blocked, id=6304, stack(0x0000004df1000000,0x0000004df1100000)]
  0x00000175e9c2c800 JavaThread "jar transforms Thread 24" [_thread_blocked, id=10176, stack(0x0000004df1100000,0x0000004df1200000)]
  0x00000175e9c2b800 JavaThread "jar transforms Thread 25" [_thread_blocked, id=6472, stack(0x0000004df1200000,0x0000004df1300000)]
  0x00000175ef217800 JavaThread "jar transforms Thread 26" [_thread_blocked, id=3928, stack(0x0000004df1300000,0x0000004df1400000)]
  0x00000175ef21a000 JavaThread "jar transforms Thread 27" [_thread_blocked, id=6992, stack(0x0000004df1400000,0x0000004df1500000)]
  0x00000175ef21c000 JavaThread "jar transforms Thread 28" [_thread_blocked, id=14012, stack(0x0000004df1500000,0x0000004df1600000)]
  0x00000175ef216000 JavaThread "jar transforms Thread 29" [_thread_blocked, id=13096, stack(0x0000004df1600000,0x0000004df1700000)]
  0x00000175ef219800 JavaThread "jar transforms Thread 30" [_thread_blocked, id=6620, stack(0x0000004df1700000,0x0000004df1800000)]
  0x00000175ef21b000 JavaThread "jar transforms Thread 31" [_thread_blocked, id=8232, stack(0x0000004df1800000,0x0000004df1900000)]
  0x00000175ef21c800 JavaThread "jar transforms Thread 32" [_thread_blocked, id=13948, stack(0x0000004df1900000,0x0000004df1a00000)]
  0x00000175ef217000 JavaThread "jar transforms Thread 33" [_thread_blocked, id=15448, stack(0x0000004df1a00000,0x0000004df1b00000)]
  0x00000175ef21d800 JavaThread "jar transforms Thread 34" [_thread_blocked, id=12208, stack(0x0000004df1b00000,0x0000004df1c00000)]
  0x00000175ef218800 JavaThread "jar transforms Thread 35" [_thread_blocked, id=10852, stack(0x0000004df1c00000,0x0000004df1d00000)]
  0x00000175ef220800 JavaThread "jar transforms Thread 36" [_thread_blocked, id=14424, stack(0x0000004df1d00000,0x0000004df1e00000)]
  0x00000175ef224000 JavaThread "jar transforms Thread 37" [_thread_blocked, id=9124, stack(0x0000004df1e00000,0x0000004df1f00000)]
  0x00000175ef21e800 JavaThread "jar transforms Thread 38" [_thread_blocked, id=832, stack(0x0000004df1f00000,0x0000004df2000000)]
  0x00000175ef225000 JavaThread "jar transforms Thread 39" [_thread_blocked, id=15096, stack(0x0000004df2000000,0x0000004df2100000)]
  0x00000175ef21f000 JavaThread "jar transforms Thread 40" [_thread_blocked, id=13364, stack(0x0000004df2100000,0x0000004df2200000)]
  0x00000175ef220000 JavaThread "jar transforms Thread 41" [_thread_blocked, id=7352, stack(0x0000004df2200000,0x0000004df2300000)]
  0x00000175ef221800 JavaThread "jar transforms Thread 42" [_thread_blocked, id=3996, stack(0x0000004df2300000,0x0000004df2400000)]
  0x00000175ef222800 JavaThread "jar transforms Thread 43" [_thread_blocked, id=8968, stack(0x0000004df2400000,0x0000004df2500000)]
  0x00000175ef223000 JavaThread "jar transforms Thread 44" [_thread_blocked, id=6592, stack(0x0000004df2500000,0x0000004df2600000)]
  0x00000175ed8be800 JavaThread "jar transforms Thread 45" [_thread_blocked, id=16188, stack(0x0000004df2600000,0x0000004df2700000)]
  0x00000175ed8bd000 JavaThread "jar transforms Thread 46" [_thread_blocked, id=9520, stack(0x0000004df2700000,0x0000004df2800000)]
  0x00000175ed8b9800 JavaThread "jar transforms Thread 47" [_thread_blocked, id=11420, stack(0x0000004df2800000,0x0000004df2900000)]
  0x00000175ed8c0800 JavaThread "jar transforms Thread 48" [_thread_blocked, id=3876, stack(0x0000004df2900000,0x0000004df2a00000)]
  0x00000175ed8bf800 JavaThread "jar transforms Thread 49" [_thread_blocked, id=15256, stack(0x0000004df2a00000,0x0000004df2b00000)]
  0x00000175ed8bc000 JavaThread "jar transforms Thread 50" [_thread_blocked, id=13528, stack(0x0000004df2b00000,0x0000004df2c00000)]
  0x00000175ed8bb800 JavaThread "jar transforms Thread 51" [_thread_blocked, id=14792, stack(0x0000004df2c00000,0x0000004df2d00000)]
  0x00000175ed8be000 JavaThread "jar transforms Thread 52" [_thread_blocked, id=15688, stack(0x0000004df2d00000,0x0000004df2e00000)]
  0x00000175ed8ba800 JavaThread "jar transforms Thread 53" [_thread_blocked, id=10044, stack(0x0000004df2e00000,0x0000004df2f00000)]
  0x00000175ed8c5000 JavaThread "jar transforms Thread 54" [_thread_blocked, id=2368, stack(0x0000004df2f00000,0x0000004df3000000)]
  0x00000175ed8c2000 JavaThread "jar transforms Thread 55" [_thread_blocked, id=12280, stack(0x0000004df3000000,0x0000004df3100000)]
  0x00000175ed8c7000 JavaThread "jar transforms Thread 56" [_thread_blocked, id=2296, stack(0x0000004df3100000,0x0000004df3200000)]
  0x00000175ed8c1000 JavaThread "jar transforms Thread 57" [_thread_blocked, id=10492, stack(0x0000004df3200000,0x0000004df3300000)]
  0x00000175ed8c8800 JavaThread "jar transforms Thread 58" [_thread_blocked, id=13608, stack(0x0000004df3300000,0x0000004df3400000)]
  0x00000175ed8c6000 JavaThread "jar transforms Thread 59" [_thread_blocked, id=6252, stack(0x0000004df3400000,0x0000004df3500000)]
  0x00000175ed8c2800 JavaThread "jar transforms Thread 60" [_thread_blocked, id=5856, stack(0x0000004df3500000,0x0000004df3600000)]
  0x00000175ed8c7800 JavaThread "jar transforms Thread 61" [_thread_blocked, id=12436, stack(0x0000004df3600000,0x0000004df3700000)]
  0x00000175ed8c3800 JavaThread "jar transforms Thread 62" [_thread_blocked, id=5500, stack(0x0000004df3700000,0x0000004df3800000)]
  0x00000175ed8c4800 JavaThread "jar transforms Thread 63" [_thread_blocked, id=11036, stack(0x0000004df3800000,0x0000004df3900000)]
  0x00000175eb285000 JavaThread "jar transforms Thread 64" [_thread_blocked, id=1832, stack(0x0000004df3900000,0x0000004df3a00000)]
  0x00000175eb284000 JavaThread "jar transforms Thread 65" [_thread_blocked, id=7224, stack(0x0000004df3a00000,0x0000004df3b00000)]
  0x00000175eb285800 JavaThread "jar transforms Thread 66" [_thread_blocked, id=3040, stack(0x0000004df3b00000,0x0000004df3c00000)]
  0x00000175eb288000 JavaThread "jar transforms Thread 67" [_thread_blocked, id=8128, stack(0x0000004df3c00000,0x0000004df3d00000)]
  0x00000175eb286800 JavaThread "jar transforms Thread 68" [_thread_blocked, id=6428, stack(0x0000004df3d00000,0x0000004df3e00000)]
  0x00000175eb289000 JavaThread "jar transforms Thread 69" [_thread_blocked, id=15024, stack(0x0000004df3e00000,0x0000004df3f00000)]
  0x00000175eb283000 JavaThread "jar transforms Thread 70" [_thread_blocked, id=2448, stack(0x0000004df3f00000,0x0000004df4000000)]
  0x00000175eb28c000 JavaThread "jar transforms Thread 71" [_thread_blocked, id=2256, stack(0x0000004df4000000,0x0000004df4100000)]
  0x00000175eb28d000 JavaThread "jar transforms Thread 72" [_thread_blocked, id=6972, stack(0x0000004df4100000,0x0000004df4200000)]
  0x00000175eb289800 JavaThread "jar transforms Thread 73" [_thread_blocked, id=14420, stack(0x0000004df4200000,0x0000004df4300000)]
  0x00000175eb28a800 JavaThread "jar transforms Thread 74" [_thread_blocked, id=6076, stack(0x0000004df4300000,0x0000004df4400000)]
  0x00000175eb287000 JavaThread "jar transforms Thread 75" [_thread_blocked, id=1168, stack(0x0000004df4400000,0x0000004df4500000)]
  0x00000175eb28f800 JavaThread "jar transforms Thread 76" [_thread_blocked, id=10728, stack(0x0000004df4500000,0x0000004df4600000)]
  0x00000175eb290000 JavaThread "jar transforms Thread 77" [_thread_blocked, id=9084, stack(0x0000004df4600000,0x0000004df4700000)]
  0x00000175eb291000 JavaThread "jar transforms Thread 78" [_thread_blocked, id=8412, stack(0x0000004df4700000,0x0000004df4800000)]
  0x00000175eb28b800 JavaThread "jar transforms Thread 79" [_thread_blocked, id=11328, stack(0x0000004df4800000,0x0000004df4900000)]
  0x00000175eb292000 JavaThread "jar transforms Thread 80" [_thread_blocked, id=9680, stack(0x0000004df4900000,0x0000004df4a00000)]
  0x00000175eb28e000 JavaThread "jar transforms Thread 81" [_thread_blocked, id=11592, stack(0x0000004df4a00000,0x0000004df4b00000)]
  0x00000175eb28e800 JavaThread "jar transforms Thread 82" [_thread_blocked, id=14196, stack(0x0000004df4b00000,0x0000004df4c00000)]
  0x00000175ef0ef000 JavaThread "jar transforms Thread 83" [_thread_blocked, id=12092, stack(0x0000004df4c00000,0x0000004df4d00000)]
  0x00000175ef0f0800 JavaThread "jar transforms Thread 84" [_thread_blocked, id=6292, stack(0x0000004df4d00000,0x0000004df4e00000)]
  0x00000175ef0f4800 JavaThread "jar transforms Thread 85" [_thread_blocked, id=11372, stack(0x0000004df4e00000,0x0000004df4f00000)]
  0x00000175ef0f3000 JavaThread "jar transforms Thread 86" [_thread_blocked, id=15240, stack(0x0000004df4f00000,0x0000004df5000000)]
  0x00000175ef0f1800 JavaThread "jar transforms Thread 87" [_thread_blocked, id=8860, stack(0x0000004df5000000,0x0000004df5100000)]
  0x00000175ef0f5800 JavaThread "jar transforms Thread 88" [_thread_blocked, id=13352, stack(0x0000004df5100000,0x0000004df5200000)]
  0x00000175ef0f2000 JavaThread "jar transforms Thread 89" [_thread_blocked, id=1704, stack(0x0000004df5200000,0x0000004df5300000)]
  0x00000175ef0f3800 JavaThread "jar transforms Thread 90" [_thread_blocked, id=6724, stack(0x0000004df5300000,0x0000004df5400000)]
  0x00000175ef0ef800 JavaThread "jar transforms Thread 91" [_thread_blocked, id=10128, stack(0x0000004df5400000,0x0000004df5500000)]
  0x00000175ef0f6000 JavaThread "jar transforms Thread 92" [_thread_blocked, id=8880, stack(0x0000004df5500000,0x0000004df5600000)]
  0x00000175ef0f8000 JavaThread "jar transforms Thread 93" [_thread_blocked, id=15468, stack(0x0000004df5600000,0x0000004df5700000)]
  0x00000175ef0fa000 JavaThread "jar transforms Thread 94" [_thread_blocked, id=9088, stack(0x0000004df5700000,0x0000004df5800000)]
  0x00000175ef0f8800 JavaThread "Cache worker for Build Output Cleanup Cache (C:\Users\xpmkm\Desktop\update_code_vezilla-server\codecanyon-L2GSbXtH-dairy-products-grocery-daily-milk-delivery-mobile-app-with-subscription-customer-app-delivery\test-vezilla-android-workspace\.gradle\buildOutputCleanup)" [_thread_blocked, id=12508, stack(0x0000004deea00000,0x0000004deeb00000)]
  0x00000175ef0f9800 JavaThread "Memory manager" [_thread_blocked, id=1204, stack(0x0000004df5900000,0x0000004df5a00000)]
  0x00000175ef0fb000 JavaThread "Cache worker for file content cache (C:\Users\xpmkm\Desktop\update_code_vezilla-server\codecanyon-L2GSbXtH-dairy-products-grocery-daily-milk-delivery-mobile-app-with-subscription-customer-app-delivery\test-vezilla-android-workspace\.gradle\6.5\fileContent)" [_thread_blocked, id=15720, stack(0x0000004df5a00000,0x0000004df5b00000)]
  0x00000175ef0fd800 JavaThread "Execution worker for ':'" [_thread_blocked, id=3312, stack(0x0000004df5b00000,0x0000004df5c00000)]
  0x00000175edc5d800 JavaThread "Execution worker for ':' Thread 2" [_thread_blocked, id=4016, stack(0x0000004df5c00000,0x0000004df5d00000)]
  0x00000175edc5d000 JavaThread "Execution worker for ':' Thread 3" [_thread_blocked, id=15160, stack(0x0000004df5d00000,0x0000004df5e00000)]
  0x00000175edc5c000 JavaThread "Execution worker for ':' Thread 4" [_thread_blocked, id=13180, stack(0x0000004df5e00000,0x0000004df5f00000)]
  0x00000175edc5b000 JavaThread "Execution worker for ':' Thread 5" [_thread_blocked, id=7080, stack(0x0000004df5f00000,0x0000004df6000000)]
  0x00000175edc5e800 JavaThread "Execution worker for ':' Thread 6" [_thread_blocked, id=14656, stack(0x0000004df6000000,0x0000004df6100000)]
  0x00000175edc5f800 JavaThread "Execution worker for ':' Thread 7" [_thread_blocked, id=11428, stack(0x0000004df6100000,0x0000004df6200000)]
  0x00000175edc59800 JavaThread "Cache worker for execution history cache (C:\Users\xpmkm\Desktop\update_code_vezilla-server\codecanyon-L2GSbXtH-dairy-products-grocery-daily-milk-delivery-mobile-app-with-subscription-customer-app-delivery\test-vezilla-android-workspace\.gradle\6.5\executionHistory)" [_thread_blocked, id=4708, stack(0x0000004df6200000,0x0000004df6300000)]
  0x00000175edc5a800 JavaThread "WorkerExecutor Queue" [_thread_blocked, id=7660, stack(0x0000004defa00000,0x0000004defb00000)]
  0x00000175edc62800 JavaThread "WorkerExecutor Queue Thread 2" [_thread_blocked, id=11488, stack(0x0000004df5800000,0x0000004df5900000)]
  0x00000175edc63800 JavaThread "WorkerExecutor Queue Thread 3" [_thread_in_Java, id=9888, stack(0x0000004df6300000,0x0000004df6400000)]
  0x00000175edc66000 JavaThread "WorkerExecutor Queue Thread 4" [_thread_in_Java, id=7856, stack(0x0000004df6400000,0x0000004df6500000)]
  0x00000175edc66800 JavaThread "WorkerExecutor Queue Thread 5" [_thread_blocked, id=12944, stack(0x0000004df6500000,0x0000004df6600000)]
  0x00000175edc64000 JavaThread "WorkerExecutor Queue Thread 6" [_thread_blocked, id=12720, stack(0x0000004df6600000,0x0000004df6700000)]
  0x00000175edc61800 JavaThread "WorkerExecutor Queue Thread 8" [_thread_blocked, id=12644, stack(0x0000004df6a00000,0x0000004df6b00000)]
  0x00000175edc68800 JavaThread "WorkerExecutor Queue Thread 9" [_thread_blocked, id=10404, stack(0x0000004df6b00000,0x0000004df6c00000)]
  0x00000175edc61000 JavaThread "C2 CompilerThread1" daemon [_thread_in_native, id=8772, stack(0x0000004df6700000,0x0000004df6800000)]
=>0x00000175edc65000 JavaThread "C2 CompilerThread2" daemon [_thread_in_native, id=10748, stack(0x0000004df6800000,0x0000004df6900000)]

Other Threads:
  0x00000175e8fa8000 VMThread "VM Thread" [stack: 0x0000004dec800000,0x0000004dec900000] [id=5928]
  0x00000175e9aad800 WatcherThread [stack: 0x0000004ded200000,0x0000004ded300000] [id=14588]
  0x00000175ccbbb800 GCTaskThread "GC Thread#0" [stack: 0x0000004dec300000,0x0000004dec400000] [id=15408]
  0x00000175e99c6000 GCTaskThread "GC Thread#1" [stack: 0x0000004ded400000,0x0000004ded500000] [id=3104]
  0x00000175e99c5800 GCTaskThread "GC Thread#2" [stack: 0x0000004ded500000,0x0000004ded600000] [id=10840]
  0x00000175e99c1000 GCTaskThread "GC Thread#3" [stack: 0x0000004dee200000,0x0000004dee300000] [id=2636]
  0x00000175e99c4800 GCTaskThread "GC Thread#4" [stack: 0x0000004dee300000,0x0000004dee400000] [id=12352]
  0x00000175e99c1800 GCTaskThread "GC Thread#5" [stack: 0x0000004dee400000,0x0000004dee500000] [id=14784]
  0x00000175e99c2800 GCTaskThread "GC Thread#6" [stack: 0x0000004dee500000,0x0000004dee600000] [id=13448]
  0x00000175e99c3000 GCTaskThread "GC Thread#7" [stack: 0x0000004dee600000,0x0000004dee700000] [id=15944]
  0x00000175ccbee800 ConcurrentGCThread "G1 Main Marker" [stack: 0x0000004dec400000,0x0000004dec500000] [id=1728]
  0x00000175ccbf1000 ConcurrentGCThread "G1 Conc#0" [stack: 0x0000004dec500000,0x0000004dec600000] [id=16144]
  0x00000175e99c7000 ConcurrentGCThread "G1 Conc#1" [stack: 0x0000004dee900000,0x0000004deea00000] [id=9072]
  0x00000175ccc76000 ConcurrentGCThread "G1 Refine#0" [stack: 0x0000004dec600000,0x0000004dec700000] [id=8116]
  0x00000175f500b800 ConcurrentGCThread "G1 Refine#1" [stack: 0x0000004df6900000,0x0000004df6a00000] [id=9496]
  0x00000175ccc77000 ConcurrentGCThread "G1 Young RemSet Sampling" [stack: 0x0000004dec700000,0x0000004dec800000] [id=6096]

Threads with active compile tasks:
C2 CompilerThread0  44596 14398   !   4       com.android.tools.r8.utils.J::a (116 bytes)
C1 CompilerThread0  44596 14921       2       com.android.tools.r8.dex.r$$Lambda$1516/0x0000000100c68840::accept (12 bytes)
C2 CompilerThread1  44596 13726 %     4       com.android.tools.r8.z.a.a.f::a @ 2463 (3630 bytes)
C2 CompilerThread2  44596 14349 %     4       com.android.tools.r8.ir.conversion.N::a @ 153 (3065 bytes)

VM state:not at safepoint (normal execution)

VM Mutex/Monitor currently owned by a thread:  ([mutex/lock_event])
[0x00000175cc9adf40] CodeCache_lock - owner thread: 0x00000175e9936000
[0x00000175ccb9f240] Compile_lock - owner thread: 0x00000175e9936000

Heap address: 0x0000000080000000, size: 2048 MB, Compressed Oops mode: 32-bit
Narrow klass base: 0x0000000000000000, Narrow klass shift: 3
Compressed class space size: 1073741824 Address: 0x0000000100000000

Heap:
 garbage-first heap   total 278528K, used 161069K [0x0000000080000000, 0x0000000100000000)
  region size 1024K, 25 young (25600K), 6 survivors (6144K)
 Metaspace       used 89783K, capacity 92844K, committed 93136K, reserved 1130496K
  class space    used 11661K, capacity 12835K, committed 12928K, reserved 1048576K
Heap Regions: E=young(eden), S=young(survivor), O=old, HS=humongous(starts), HC=humongous(continues), CS=collection set, F=free, A=archive, TAMS=top-at-mark-start (previous, next)
|   0|0x0000000080000000, 0x0000000080100000, 0x0000000080100000|100%|HS|  |TAMS 0x0000000080100000, 0x0000000080000000| Complete 
|   1|0x0000000080100000, 0x0000000080200000, 0x0000000080200000|100%| O|  |TAMS 0x0000000080200000, 0x0000000080100000| Untracked 
|   2|0x0000000080200000, 0x0000000080300000, 0x0000000080300000|100%| O|  |TAMS 0x0000000080300000, 0x0000000080200000| Untracked 
|   3|0x0000000080300000, 0x0000000080400000, 0x0000000080400000|100%|HS|  |TAMS 0x0000000080400000, 0x0000000080300000| Complete 
|   4|0x0000000080400000, 0x0000000080500000, 0x0000000080500000|100%|HC|  |TAMS 0x0000000080500000, 0x0000000080400000| Complete 
|   5|0x0000000080500000, 0x0000000080600000, 0x0000000080600000|100%|HC|  |TAMS 0x0000000080600000, 0x0000000080500000| Complete 
|   6|0x0000000080600000, 0x0000000080700000, 0x0000000080700000|100%| O|  |TAMS 0x0000000080700000, 0x0000000080600000| Untracked 
|   7|0x0000000080700000, 0x0000000080800000, 0x0000000080800000|100%| O|  |TAMS 0x0000000080800000, 0x0000000080700000| Untracked 
|   8|0x0000000080800000, 0x0000000080900000, 0x0000000080900000|100%| O|  |TAMS 0x0000000080900000, 0x0000000080800000| Untracked 
|   9|0x0000000080900000, 0x0000000080a00000, 0x0000000080a00000|100%| O|  |TAMS 0x0000000080a00000, 0x0000000080900000| Untracked 
|  10|0x0000000080a00000, 0x0000000080b00000, 0x0000000080b00000|100%| O|  |TAMS 0x0000000080b00000, 0x0000000080a00000| Untracked 
|  11|0x0000000080b00000, 0x0000000080c00000, 0x0000000080c00000|100%| O|  |TAMS 0x0000000080c00000, 0x0000000080b00000| Untracked 
|  12|0x0000000080c00000, 0x0000000080d00000, 0x0000000080d00000|100%| O|  |TAMS 0x0000000080d00000, 0x0000000080c00000| Untracked 
|  13|0x0000000080d00000, 0x0000000080e00000, 0x0000000080e00000|100%| O|  |TAMS 0x0000000080e00000, 0x0000000080d00000| Untracked 
|  14|0x0000000080e00000, 0x0000000080f00000, 0x0000000080f00000|100%| O|  |TAMS 0x0000000080f00000, 0x0000000080e00000| Untracked 
|  15|0x0000000080f00000, 0x0000000081000000, 0x0000000081000000|100%| O|  |TAMS 0x0000000081000000, 0x0000000080f00000| Untracked 
|  16|0x0000000081000000, 0x0000000081100000, 0x0000000081100000|100%| O|  |TAMS 0x0000000081100000, 0x0000000081000000| Untracked 
|  17|0x0000000081100000, 0x0000000081200000, 0x0000000081200000|100%|HS|  |TAMS 0x0000000081200000, 0x0000000081100000| Complete 
|  18|0x0000000081200000, 0x0000000081300000, 0x0000000081300000|100%|HC|  |TAMS 0x0000000081300000, 0x0000000081200000| Complete 
|  19|0x0000000081300000, 0x0000000081400000, 0x0000000081400000|100%| O|  |TAMS 0x0000000081400000, 0x0000000081300000| Untracked 
|  20|0x0000000081400000, 0x0000000081500000, 0x0000000081500000|100%| O|  |TAMS 0x0000000081500000, 0x0000000081400000| Untracked 
|  21|0x0000000081500000, 0x0000000081600000, 0x0000000081600000|100%| O|  |TAMS 0x0000000081600000, 0x0000000081500000| Untracked 
|  22|0x0000000081600000, 0x0000000081700000, 0x0000000081700000|100%| O|  |TAMS 0x0000000081700000, 0x0000000081600000| Untracked 
|  23|0x0000000081700000, 0x0000000081800000, 0x0000000081800000|100%| O|  |TAMS 0x0000000081800000, 0x0000000081700000| Untracked 
|  24|0x0000000081800000, 0x0000000081900000, 0x0000000081900000|100%| O|  |TAMS 0x0000000081900000, 0x0000000081800000| Untracked 
|  25|0x0000000081900000, 0x0000000081a00000, 0x0000000081a00000|100%| O|  |TAMS 0x0000000081a00000, 0x0000000081900000| Untracked 
|  26|0x0000000081a00000, 0x0000000081b00000, 0x0000000081b00000|100%| O|  |TAMS 0x0000000081b00000, 0x0000000081a00000| Untracked 
|  27|0x0000000081b00000, 0x0000000081c00000, 0x0000000081c00000|100%| O|  |TAMS 0x0000000081c00000, 0x0000000081b00000| Untracked 
|  28|0x0000000081c00000, 0x0000000081d00000, 0x0000000081d00000|100%| O|  |TAMS 0x0000000081d00000, 0x0000000081c00000| Untracked 
|  29|0x0000000081d00000, 0x0000000081e00000, 0x0000000081e00000|100%| O|  |TAMS 0x0000000081e00000, 0x0000000081d00000| Untracked 
|  30|0x0000000081e00000, 0x0000000081f00000, 0x0000000081f00000|100%| O|  |TAMS 0x0000000081f00000, 0x0000000081e00000| Untracked 
|  31|0x0000000081f00000, 0x0000000082000000, 0x0000000082000000|100%| O|  |TAMS 0x0000000082000000, 0x0000000081f00000| Untracked 
|  32|0x0000000082000000, 0x0000000082100000, 0x0000000082100000|100%| O|  |TAMS 0x0000000082100000, 0x0000000082000000| Untracked 
|  33|0x0000000082100000, 0x0000000082200000, 0x0000000082200000|100%| O|  |TAMS 0x0000000082200000, 0x0000000082100000| Untracked 
|  34|0x0000000082200000, 0x0000000082300000, 0x0000000082300000|100%| O|  |TAMS 0x0000000082300000, 0x0000000082200000| Untracked 
|  35|0x0000000082300000, 0x0000000082400000, 0x0000000082400000|100%| O|  |TAMS 0x0000000082400000, 0x0000000082300000| Untracked 
|  36|0x0000000082400000, 0x0000000082500000, 0x0000000082500000|100%| O|  |TAMS 0x0000000082500000, 0x0000000082400000| Untracked 
|  37|0x0000000082500000, 0x0000000082600000, 0x0000000082600000|100%| O|  |TAMS 0x0000000082600000, 0x0000000082500000| Untracked 
|  38|0x0000000082600000, 0x0000000082700000, 0x0000000082700000|100%| O|  |TAMS 0x0000000082700000, 0x0000000082600000| Untracked 
|  39|0x0000000082700000, 0x0000000082800000, 0x0000000082800000|100%| O|  |TAMS 0x0000000082800000, 0x0000000082700000| Untracked 
|  40|0x0000000082800000, 0x0000000082900000, 0x0000000082900000|100%| O|  |TAMS 0x0000000082900000, 0x0000000082800000| Untracked 
|  41|0x0000000082900000, 0x0000000082a00000, 0x0000000082a00000|100%| O|  |TAMS 0x0000000082a00000, 0x0000000082900000| Untracked 
|  42|0x0000000082a00000, 0x0000000082b00000, 0x0000000082b00000|100%| O|  |TAMS 0x0000000082b00000, 0x0000000082a00000| Untracked 
|  43|0x0000000082b00000, 0x0000000082c00000, 0x0000000082c00000|100%| O|  |TAMS 0x0000000082c00000, 0x0000000082b00000| Untracked 
|  44|0x0000000082c00000, 0x0000000082d00000, 0x0000000082d00000|100%| O|  |TAMS 0x0000000082d00000, 0x0000000082c00000| Untracked 
|  45|0x0000000082d00000, 0x0000000082e00000, 0x0000000082e00000|100%| O|  |TAMS 0x0000000082e00000, 0x0000000082d00000| Untracked 
|  46|0x0000000082e00000, 0x0000000082f00000, 0x0000000082f00000|100%| O|  |TAMS 0x0000000082f00000, 0x0000000082e00000| Untracked 
|  47|0x0000000082f00000, 0x0000000083000000, 0x0000000083000000|100%| O|  |TAMS 0x0000000083000000, 0x0000000082f00000| Untracked 
|  48|0x0000000083000000, 0x0000000083100000, 0x0000000083100000|100%| O|  |TAMS 0x0000000083100000, 0x0000000083000000| Untracked 
|  49|0x0000000083100000, 0x0000000083200000, 0x0000000083200000|100%| O|  |TAMS 0x0000000083200000, 0x0000000083100000| Untracked 
|  50|0x0000000083200000, 0x0000000083300000, 0x0000000083300000|100%| O|  |TAMS 0x0000000083300000, 0x0000000083200000| Untracked 
|  51|0x0000000083300000, 0x0000000083400000, 0x0000000083400000|100%| O|  |TAMS 0x0000000083400000, 0x0000000083300000| Untracked 
|  52|0x0000000083400000, 0x0000000083500000, 0x0000000083500000|100%| O|  |TAMS 0x0000000083500000, 0x0000000083400000| Untracked 
|  53|0x0000000083500000, 0x0000000083600000, 0x0000000083600000|100%| O|  |TAMS 0x0000000083600000, 0x0000000083500000| Untracked 
|  54|0x0000000083600000, 0x0000000083700000, 0x0000000083700000|100%| O|  |TAMS 0x0000000083700000, 0x0000000083600000| Untracked 
|  55|0x0000000083700000, 0x0000000083800000, 0x0000000083800000|100%| O|  |TAMS 0x0000000083800000, 0x0000000083700000| Untracked 
|  56|0x0000000083800000, 0x0000000083900000, 0x0000000083900000|100%| O|  |TAMS 0x0000000083900000, 0x0000000083800000| Untracked 
|  57|0x0000000083900000, 0x0000000083a00000, 0x0000000083a00000|100%| O|  |TAMS 0x0000000083a00000, 0x0000000083900000| Untracked 
|  58|0x0000000083a00000, 0x0000000083b00000, 0x0000000083b00000|100%| O|  |TAMS 0x0000000083b00000, 0x0000000083a00000| Untracked 
|  59|0x0000000083b00000, 0x0000000083c00000, 0x0000000083c00000|100%| O|  |TAMS 0x0000000083c00000, 0x0000000083b00000| Untracked 
|  60|0x0000000083c00000, 0x0000000083d00000, 0x0000000083d00000|100%| O|  |TAMS 0x0000000083d00000, 0x0000000083c00000| Untracked 
|  61|0x0000000083d00000, 0x0000000083e00000, 0x0000000083e00000|100%| O|  |TAMS 0x0000000083e00000, 0x0000000083d00000| Untracked 
|  62|0x0000000083e00000, 0x0000000083f00000, 0x0000000083f00000|100%| O|  |TAMS 0x0000000083f00000, 0x0000000083e00000| Untracked 
|  63|0x0000000083f00000, 0x0000000084000000, 0x0000000084000000|100%| O|  |TAMS 0x0000000084000000, 0x0000000083f00000| Untracked 
|  64|0x0000000084000000, 0x0000000084100000, 0x0000000084100000|100%| O|  |TAMS 0x0000000084100000, 0x0000000084000000| Untracked 
|  65|0x0000000084100000, 0x0000000084200000, 0x0000000084200000|100%| O|  |TAMS 0x0000000084200000, 0x0000000084100000| Untracked 
|  66|0x0000000084200000, 0x0000000084300000, 0x0000000084300000|100%| O|  |TAMS 0x0000000084300000, 0x0000000084200000| Untracked 
|  67|0x0000000084300000, 0x0000000084400000, 0x0000000084400000|100%| O|  |TAMS 0x0000000084400000, 0x0000000084300000| Untracked 
|  68|0x0000000084400000, 0x0000000084500000, 0x0000000084500000|100%| O|  |TAMS 0x0000000084500000, 0x0000000084400000| Untracked 
|  69|0x0000000084500000, 0x0000000084600000, 0x0000000084600000|100%| O|  |TAMS 0x0000000084600000, 0x0000000084500000| Untracked 
|  70|0x0000000084600000, 0x0000000084700000, 0x0000000084700000|100%| O|  |TAMS 0x0000000084700000, 0x0000000084600000| Untracked 
|  71|0x0000000084700000, 0x0000000084800000, 0x0000000084800000|100%| O|  |TAMS 0x0000000084800000, 0x0000000084700000| Untracked 
|  72|0x0000000084800000, 0x0000000084900000, 0x0000000084900000|100%| O|  |TAMS 0x0000000084900000, 0x0000000084800000| Untracked 
|  73|0x0000000084900000, 0x0000000084a00000, 0x0000000084a00000|100%| O|  |TAMS 0x0000000084a00000, 0x0000000084900000| Untracked 
|  74|0x0000000084a00000, 0x0000000084b00000, 0x0000000084b00000|100%| O|  |TAMS 0x0000000084b00000, 0x0000000084a00000| Untracked 
|  75|0x0000000084b00000, 0x0000000084c00000, 0x0000000084c00000|100%| O|  |TAMS 0x0000000084c00000, 0x0000000084b00000| Untracked 
|  76|0x0000000084c00000, 0x0000000084d00000, 0x0000000084d00000|100%| O|  |TAMS 0x0000000084d00000, 0x0000000084c00000| Untracked 
|  77|0x0000000084d00000, 0x0000000084e00000, 0x0000000084e00000|100%| O|  |TAMS 0x0000000084e00000, 0x0000000084d00000| Untracked 
|  78|0x0000000084e00000, 0x0000000084f00000, 0x0000000084f00000|100%| O|  |TAMS 0x0000000084f00000, 0x0000000084e00000| Untracked 
|  79|0x0000000084f00000, 0x0000000085000000, 0x0000000085000000|100%| O|  |TAMS 0x0000000085000000, 0x0000000084f00000| Untracked 
|  80|0x0000000085000000, 0x0000000085100000, 0x0000000085100000|100%| O|  |TAMS 0x0000000085100000, 0x0000000085000000| Untracked 
|  81|0x0000000085100000, 0x0000000085200000, 0x0000000085200000|100%| O|  |TAMS 0x0000000085200000, 0x0000000085100000| Untracked 
|  82|0x0000000085200000, 0x0000000085300000, 0x0000000085300000|100%| O|  |TAMS 0x0000000085300000, 0x0000000085200000| Untracked 
|  83|0x0000000085300000, 0x0000000085400000, 0x0000000085400000|100%| O|  |TAMS 0x0000000085400000, 0x0000000085300000| Untracked 
|  84|0x0000000085400000, 0x0000000085500000, 0x0000000085500000|100%| O|  |TAMS 0x0000000085500000, 0x0000000085400000| Untracked 
|  85|0x0000000085500000, 0x0000000085600000, 0x0000000085600000|100%| O|  |TAMS 0x0000000085600000, 0x0000000085500000| Untracked 
|  86|0x0000000085600000, 0x0000000085700000, 0x0000000085700000|100%| O|  |TAMS 0x0000000085700000, 0x0000000085600000| Untracked 
|  87|0x0000000085700000, 0x0000000085800000, 0x0000000085800000|100%| O|  |TAMS 0x0000000085800000, 0x0000000085700000| Untracked 
|  88|0x0000000085800000, 0x0000000085900000, 0x0000000085900000|100%| O|  |TAMS 0x0000000085900000, 0x0000000085800000| Untracked 
|  89|0x0000000085900000, 0x0000000085a00000, 0x0000000085a00000|100%| O|  |TAMS 0x0000000085a00000, 0x0000000085900000| Untracked 
|  90|0x0000000085a00000, 0x0000000085b00000, 0x0000000085b00000|100%| O|  |TAMS 0x0000000085b00000, 0x0000000085a00000| Untracked 
|  91|0x0000000085b00000, 0x0000000085c00000, 0x0000000085c00000|100%| O|  |TAMS 0x0000000085c00000, 0x0000000085b00000| Untracked 
|  92|0x0000000085c00000, 0x0000000085d00000, 0x0000000085d00000|100%| O|  |TAMS 0x0000000085d00000, 0x0000000085c00000| Untracked 
|  93|0x0000000085d00000, 0x0000000085e00000, 0x0000000085e00000|100%| O|  |TAMS 0x0000000085e00000, 0x0000000085d00000| Untracked 
|  94|0x0000000085e00000, 0x0000000085f00000, 0x0000000085f00000|100%| O|  |TAMS 0x0000000085f00000, 0x0000000085e00000| Untracked 
|  95|0x0000000085f00000, 0x0000000086000000, 0x0000000086000000|100%| O|  |TAMS 0x0000000086000000, 0x0000000085f00000| Untracked 
|  96|0x0000000086000000, 0x0000000086100000, 0x0000000086100000|100%| O|  |TAMS 0x0000000086100000, 0x0000000086000000| Untracked 
|  97|0x0000000086100000, 0x0000000086200000, 0x0000000086200000|100%| O|  |TAMS 0x0000000086200000, 0x0000000086100000| Untracked 
|  98|0x0000000086200000, 0x0000000086300000, 0x0000000086300000|100%| O|  |TAMS 0x0000000086300000, 0x0000000086200000| Untracked 
|  99|0x0000000086300000, 0x0000000086400000, 0x0000000086400000|100%|HS|  |TAMS 0x0000000086400000, 0x0000000086300000| Complete 
| 100|0x0000000086400000, 0x0000000086500000, 0x0000000086500000|100%|HC|  |TAMS 0x0000000086500000, 0x0000000086400000| Complete 
| 101|0x0000000086500000, 0x0000000086600000, 0x0000000086600000|100%| O|  |TAMS 0x0000000086600000, 0x0000000086500000| Untracked 
| 102|0x0000000086600000, 0x0000000086700000, 0x0000000086700000|100%| O|  |TAMS 0x0000000086656c00, 0x0000000086600000| Untracked 
| 103|0x0000000086700000, 0x0000000086800000, 0x0000000086800000|100%| O|  |TAMS 0x0000000086700000, 0x0000000086700000| Untracked 
| 104|0x0000000086800000, 0x0000000086900000, 0x0000000086900000|100%| O|  |TAMS 0x0000000086800000, 0x0000000086800000| Untracked 
| 105|0x0000000086900000, 0x0000000086a00000, 0x0000000086a00000|100%| O|  |TAMS 0x0000000086900000, 0x0000000086900000| Untracked 
| 106|0x0000000086a00000, 0x0000000086b00000, 0x0000000086b00000|100%| O|  |TAMS 0x0000000086a00000, 0x0000000086a00000| Untracked 
| 107|0x0000000086b00000, 0x0000000086c00000, 0x0000000086c00000|100%| O|  |TAMS 0x0000000086b00000, 0x0000000086b00000| Untracked 
| 108|0x0000000086c00000, 0x0000000086d00000, 0x0000000086d00000|100%| O|  |TAMS 0x0000000086c00000, 0x0000000086c00000| Untracked 
| 109|0x0000000086d00000, 0x0000000086e00000, 0x0000000086e00000|100%| O|  |TAMS 0x0000000086d00000, 0x0000000086d00000| Untracked 
| 110|0x0000000086e00000, 0x0000000086f00000, 0x0000000086f00000|100%| O|  |TAMS 0x0000000086e00000, 0x0000000086e00000| Untracked 
| 111|0x0000000086f00000, 0x0000000087000000, 0x0000000087000000|100%| O|  |TAMS 0x0000000086f00000, 0x0000000086f00000| Untracked 
| 112|0x0000000087000000, 0x0000000087100000, 0x0000000087100000|100%| O|  |TAMS 0x0000000087000000, 0x0000000087000000| Untracked 
| 113|0x0000000087100000, 0x0000000087200000, 0x0000000087200000|100%| O|  |TAMS 0x0000000087100000, 0x0000000087100000| Untracked 
| 114|0x0000000087200000, 0x0000000087300000, 0x0000000087300000|100%| O|  |TAMS 0x0000000087200000, 0x0000000087200000| Untracked 
| 115|0x0000000087300000, 0x0000000087400000, 0x0000000087400000|100%| O|  |TAMS 0x0000000087300000, 0x0000000087300000| Untracked 
| 116|0x0000000087400000, 0x0000000087500000, 0x0000000087500000|100%| O|  |TAMS 0x0000000087400000, 0x0000000087400000| Untracked 
| 117|0x0000000087500000, 0x0000000087600000, 0x0000000087600000|100%| O|  |TAMS 0x0000000087500000, 0x0000000087500000| Untracked 
| 118|0x0000000087600000, 0x0000000087700000, 0x0000000087700000|100%| O|  |TAMS 0x0000000087600000, 0x0000000087600000| Untracked 
| 119|0x0000000087700000, 0x0000000087800000, 0x0000000087800000|100%| O|  |TAMS 0x0000000087700000, 0x0000000087700000| Untracked 
| 120|0x0000000087800000, 0x0000000087900000, 0x0000000087900000|100%| O|  |TAMS 0x0000000087800000, 0x0000000087800000| Untracked 
| 121|0x0000000087900000, 0x0000000087a00000, 0x0000000087a00000|100%| O|  |TAMS 0x0000000087900000, 0x0000000087900000| Untracked 
| 122|0x0000000087a00000, 0x0000000087b00000, 0x0000000087b00000|100%| O|  |TAMS 0x0000000087a00000, 0x0000000087a00000| Untracked 
| 123|0x0000000087b00000, 0x0000000087c00000, 0x0000000087c00000|100%| O|  |TAMS 0x0000000087b00000, 0x0000000087b00000| Untracked 
| 124|0x0000000087c00000, 0x0000000087d00000, 0x0000000087d00000|100%| O|  |TAMS 0x0000000087c00000, 0x0000000087c00000| Untracked 
| 125|0x0000000087d00000, 0x0000000087e00000, 0x0000000087e00000|100%| O|  |TAMS 0x0000000087d00000, 0x0000000087d00000| Untracked 
| 126|0x0000000087e00000, 0x0000000087f00000, 0x0000000087f00000|100%| O|  |TAMS 0x0000000087e00000, 0x0000000087e00000| Untracked 
| 127|0x0000000087f00000, 0x0000000088000000, 0x0000000088000000|100%| O|  |TAMS 0x0000000087f00000, 0x0000000087f00000| Untracked 
| 128|0x0000000088000000, 0x0000000088100000, 0x0000000088100000|100%| O|  |TAMS 0x0000000088000000, 0x0000000088000000| Untracked 
| 129|0x0000000088100000, 0x0000000088200000, 0x0000000088200000|100%| O|  |TAMS 0x0000000088100000, 0x0000000088100000| Untracked 
| 130|0x0000000088200000, 0x0000000088300000, 0x0000000088300000|100%| O|  |TAMS 0x0000000088200000, 0x0000000088200000| Untracked 
| 131|0x0000000088300000, 0x0000000088400000, 0x0000000088400000|100%| O|  |TAMS 0x0000000088300000, 0x0000000088300000| Untracked 
| 132|0x0000000088400000, 0x0000000088500000, 0x0000000088500000|100%| O|  |TAMS 0x0000000088400000, 0x0000000088400000| Untracked 
| 133|0x0000000088500000, 0x0000000088500000, 0x0000000088600000|  0%| F|  |TAMS 0x0000000088500000, 0x0000000088500000| Untracked 
| 134|0x0000000088600000, 0x0000000088700000, 0x0000000088700000|100%| O|  |TAMS 0x0000000088600000, 0x0000000088600000| Untracked 
| 135|0x0000000088700000, 0x00000000887ac800, 0x0000000088800000| 67%| O|  |TAMS 0x0000000088700000, 0x0000000088700000| Untracked 
| 136|0x0000000088800000, 0x0000000088800000, 0x0000000088900000|  0%| F|  |TAMS 0x0000000088800000, 0x0000000088800000| Untracked 
| 137|0x0000000088900000, 0x0000000088900000, 0x0000000088a00000|  0%| F|  |TAMS 0x0000000088900000, 0x0000000088900000| Untracked 
| 138|0x0000000088a00000, 0x0000000088a00000, 0x0000000088b00000|  0%| F|  |TAMS 0x0000000088a00000, 0x0000000088a00000| Untracked 
| 139|0x0000000088b00000, 0x0000000088b00000, 0x0000000088c00000|  0%| F|  |TAMS 0x0000000088b00000, 0x0000000088b00000| Untracked 
| 140|0x0000000088c00000, 0x0000000088c00000, 0x0000000088d00000|  0%| F|  |TAMS 0x0000000088c00000, 0x0000000088c00000| Untracked 
| 141|0x0000000088d00000, 0x0000000088d00000, 0x0000000088e00000|  0%| F|  |TAMS 0x0000000088d00000, 0x0000000088d00000| Untracked 
| 142|0x0000000088e00000, 0x0000000088e00000, 0x0000000088f00000|  0%| F|  |TAMS 0x0000000088e00000, 0x0000000088e00000| Untracked 
| 143|0x0000000088f00000, 0x0000000088f00000, 0x0000000089000000|  0%| F|  |TAMS 0x0000000088f00000, 0x0000000088f00000| Untracked 
| 144|0x0000000089000000, 0x0000000089000000, 0x0000000089100000|  0%| F|  |TAMS 0x0000000089000000, 0x0000000089000000| Untracked 
| 145|0x0000000089100000, 0x0000000089100000, 0x0000000089200000|  0%| F|  |TAMS 0x0000000089100000, 0x0000000089100000| Untracked 
| 146|0x0000000089200000, 0x0000000089200000, 0x0000000089300000|  0%| F|  |TAMS 0x0000000089200000, 0x0000000089200000| Untracked 
| 147|0x0000000089300000, 0x0000000089300000, 0x0000000089400000|  0%| F|  |TAMS 0x0000000089300000, 0x0000000089300000| Untracked 
| 148|0x0000000089400000, 0x0000000089400000, 0x0000000089500000|  0%| F|  |TAMS 0x0000000089400000, 0x0000000089400000| Untracked 
| 149|0x0000000089500000, 0x0000000089500000, 0x0000000089600000|  0%| F|  |TAMS 0x0000000089500000, 0x0000000089500000| Untracked 
| 150|0x0000000089600000, 0x0000000089600000, 0x0000000089700000|  0%| F|  |TAMS 0x0000000089600000, 0x0000000089600000| Untracked 
| 151|0x0000000089700000, 0x0000000089700000, 0x0000000089800000|  0%| F|  |TAMS 0x0000000089700000, 0x0000000089700000| Untracked 
| 152|0x0000000089800000, 0x0000000089800000, 0x0000000089900000|  0%| F|  |TAMS 0x0000000089800000, 0x0000000089800000| Untracked 
| 153|0x0000000089900000, 0x0000000089900000, 0x0000000089a00000|  0%| F|  |TAMS 0x0000000089900000, 0x0000000089900000| Untracked 
| 154|0x0000000089a00000, 0x0000000089a00000, 0x0000000089b00000|  0%| F|  |TAMS 0x0000000089a00000, 0x0000000089a00000| Untracked 
| 155|0x0000000089b00000, 0x0000000089b00000, 0x0000000089c00000|  0%| F|  |TAMS 0x0000000089b00000, 0x0000000089b00000| Untracked 
| 156|0x0000000089c00000, 0x0000000089c00000, 0x0000000089d00000|  0%| F|  |TAMS 0x0000000089c00000, 0x0000000089c00000| Untracked 
| 157|0x0000000089d00000, 0x0000000089d00000, 0x0000000089e00000|  0%| F|  |TAMS 0x0000000089d00000, 0x0000000089d00000| Untracked 
| 158|0x0000000089e00000, 0x0000000089e00000, 0x0000000089f00000|  0%| F|  |TAMS 0x0000000089e00000, 0x0000000089e00000| Untracked 
| 159|0x0000000089f00000, 0x0000000089f00000, 0x000000008a000000|  0%| F|  |TAMS 0x0000000089f00000, 0x0000000089f00000| Untracked 
| 160|0x000000008a000000, 0x000000008a000000, 0x000000008a100000|  0%| F|  |TAMS 0x000000008a000000, 0x000000008a000000| Untracked 
| 161|0x000000008a100000, 0x000000008a100000, 0x000000008a200000|  0%| F|  |TAMS 0x000000008a100000, 0x000000008a100000| Untracked 
| 162|0x000000008a200000, 0x000000008a200000, 0x000000008a300000|  0%| F|  |TAMS 0x000000008a200000, 0x000000008a200000| Untracked 
| 163|0x000000008a300000, 0x000000008a300000, 0x000000008a400000|  0%| F|  |TAMS 0x000000008a300000, 0x000000008a300000| Untracked 
| 164|0x000000008a400000, 0x000000008a400000, 0x000000008a500000|  0%| F|  |TAMS 0x000000008a400000, 0x000000008a400000| Untracked 
| 165|0x000000008a500000, 0x000000008a500000, 0x000000008a600000|  0%| F|  |TAMS 0x000000008a500000, 0x000000008a500000| Untracked 
| 166|0x000000008a600000, 0x000000008a600000, 0x000000008a700000|  0%| F|  |TAMS 0x000000008a600000, 0x000000008a600000| Untracked 
| 167|0x000000008a700000, 0x000000008a700000, 0x000000008a800000|  0%| F|  |TAMS 0x000000008a700000, 0x000000008a700000| Untracked 
| 168|0x000000008a800000, 0x000000008a800000, 0x000000008a900000|  0%| F|  |TAMS 0x000000008a800000, 0x000000008a800000| Untracked 
| 169|0x000000008a900000, 0x000000008a900000, 0x000000008aa00000|  0%| F|  |TAMS 0x000000008a900000, 0x000000008a900000| Untracked 
| 170|0x000000008aa00000, 0x000000008aa00000, 0x000000008ab00000|  0%| F|  |TAMS 0x000000008aa00000, 0x000000008aa00000| Untracked 
| 171|0x000000008ab00000, 0x000000008ab00000, 0x000000008ac00000|  0%| F|  |TAMS 0x000000008ab00000, 0x000000008ab00000| Untracked 
| 172|0x000000008ac00000, 0x000000008ac00000, 0x000000008ad00000|  0%| F|  |TAMS 0x000000008ac00000, 0x000000008ac00000| Untracked 
| 173|0x000000008ad00000, 0x000000008ad00000, 0x000000008ae00000|  0%| F|  |TAMS 0x000000008ad00000, 0x000000008ad00000| Untracked 
| 174|0x000000008ae00000, 0x000000008ae00000, 0x000000008af00000|  0%| F|  |TAMS 0x000000008ae00000, 0x000000008ae00000| Untracked 
| 175|0x000000008af00000, 0x000000008af00000, 0x000000008b000000|  0%| F|  |TAMS 0x000000008af00000, 0x000000008af00000| Untracked 
| 176|0x000000008b000000, 0x000000008b000000, 0x000000008b100000|  0%| F|  |TAMS 0x000000008b000000, 0x000000008b000000| Untracked 
| 177|0x000000008b100000, 0x000000008b100000, 0x000000008b200000|  0%| F|  |TAMS 0x000000008b100000, 0x000000008b100000| Untracked 
| 178|0x000000008b200000, 0x000000008b200000, 0x000000008b300000|  0%| F|  |TAMS 0x000000008b200000, 0x000000008b200000| Untracked 
| 179|0x000000008b300000, 0x000000008b300000, 0x000000008b400000|  0%| F|  |TAMS 0x000000008b300000, 0x000000008b300000| Untracked 
| 180|0x000000008b400000, 0x000000008b400000, 0x000000008b500000|  0%| F|  |TAMS 0x000000008b400000, 0x000000008b400000| Untracked 
| 181|0x000000008b500000, 0x000000008b500000, 0x000000008b600000|  0%| F|  |TAMS 0x000000008b500000, 0x000000008b500000| Untracked 
| 182|0x000000008b600000, 0x000000008b600000, 0x000000008b700000|  0%| F|  |TAMS 0x000000008b600000, 0x000000008b600000| Untracked 
| 183|0x000000008b700000, 0x000000008b700000, 0x000000008b800000|  0%| F|  |TAMS 0x000000008b700000, 0x000000008b700000| Untracked 
| 184|0x000000008b800000, 0x000000008b800000, 0x000000008b900000|  0%| F|  |TAMS 0x000000008b800000, 0x000000008b800000| Untracked 
| 185|0x000000008b900000, 0x000000008b900000, 0x000000008ba00000|  0%| F|  |TAMS 0x000000008b900000, 0x000000008b900000| Untracked 
| 186|0x000000008ba00000, 0x000000008ba00000, 0x000000008bb00000|  0%| F|  |TAMS 0x000000008ba00000, 0x000000008ba00000| Untracked 
| 187|0x000000008bb00000, 0x000000008bb00000, 0x000000008bc00000|  0%| F|  |TAMS 0x000000008bb00000, 0x000000008bb00000| Untracked 
| 188|0x000000008bc00000, 0x000000008bc00000, 0x000000008bd00000|  0%| F|  |TAMS 0x000000008bc00000, 0x000000008bc00000| Untracked 
| 189|0x000000008bd00000, 0x000000008bd00000, 0x000000008be00000|  0%| F|  |TAMS 0x000000008bd00000, 0x000000008bd00000| Untracked 
| 190|0x000000008be00000, 0x000000008be00000, 0x000000008bf00000|  0%| F|  |TAMS 0x000000008be00000, 0x000000008be00000| Untracked 
| 191|0x000000008bf00000, 0x000000008bf00000, 0x000000008c000000|  0%| F|  |TAMS 0x000000008bf00000, 0x000000008bf00000| Untracked 
| 192|0x000000008c000000, 0x000000008c000000, 0x000000008c100000|  0%| F|  |TAMS 0x000000008c000000, 0x000000008c000000| Untracked 
| 193|0x000000008c100000, 0x000000008c100000, 0x000000008c200000|  0%| F|  |TAMS 0x000000008c100000, 0x000000008c100000| Untracked 
| 194|0x000000008c200000, 0x000000008c200000, 0x000000008c300000|  0%| F|  |TAMS 0x000000008c200000, 0x000000008c200000| Untracked 
| 195|0x000000008c300000, 0x000000008c300000, 0x000000008c400000|  0%| F|  |TAMS 0x000000008c300000, 0x000000008c300000| Untracked 
| 196|0x000000008c400000, 0x000000008c400000, 0x000000008c500000|  0%| F|  |TAMS 0x000000008c400000, 0x000000008c400000| Untracked 
| 197|0x000000008c500000, 0x000000008c500000, 0x000000008c600000|  0%| F|  |TAMS 0x000000008c500000, 0x000000008c500000| Untracked 
| 198|0x000000008c600000, 0x000000008c69efd0, 0x000000008c700000| 62%| S|CS|TAMS 0x000000008c600000, 0x000000008c600000| Complete 
| 199|0x000000008c700000, 0x000000008c800000, 0x000000008c800000|100%| S|CS|TAMS 0x000000008c700000, 0x000000008c700000| Complete 
| 200|0x000000008c800000, 0x000000008c900000, 0x000000008c900000|100%| S|CS|TAMS 0x000000008c800000, 0x000000008c800000| Complete 
| 201|0x000000008c900000, 0x000000008ca00000, 0x000000008ca00000|100%| S|CS|TAMS 0x000000008c900000, 0x000000008c900000| Complete 
| 202|0x000000008ca00000, 0x000000008ca00000, 0x000000008cb00000|  0%| F|  |TAMS 0x000000008ca00000, 0x000000008ca00000| Untracked 
| 203|0x000000008cb00000, 0x000000008cb00000, 0x000000008cc00000|  0%| F|  |TAMS 0x000000008cb00000, 0x000000008cb00000| Untracked 
| 204|0x000000008cc00000, 0x000000008cc00000, 0x000000008cd00000|  0%| F|  |TAMS 0x000000008cc00000, 0x000000008cc00000| Untracked 
| 205|0x000000008cd00000, 0x000000008cd00000, 0x000000008ce00000|  0%| F|  |TAMS 0x000000008cd00000, 0x000000008cd00000| Untracked 
| 206|0x000000008ce00000, 0x000000008ce00000, 0x000000008cf00000|  0%| F|  |TAMS 0x000000008ce00000, 0x000000008ce00000| Untracked 
| 207|0x000000008cf00000, 0x000000008d000000, 0x000000008d000000|100%| S|CS|TAMS 0x000000008cf00000, 0x000000008cf00000| Complete 
| 208|0x000000008d000000, 0x000000008d100000, 0x000000008d100000|100%| S|CS|TAMS 0x000000008d000000, 0x000000008d000000| Complete 
| 209|0x000000008d100000, 0x000000008d100000, 0x000000008d200000|  0%| F|  |TAMS 0x000000008d100000, 0x000000008d100000| Untracked 
| 210|0x000000008d200000, 0x000000008d200000, 0x000000008d300000|  0%| F|  |TAMS 0x000000008d200000, 0x000000008d200000| Untracked 
| 211|0x000000008d300000, 0x000000008d300000, 0x000000008d400000|  0%| F|  |TAMS 0x000000008d300000, 0x000000008d300000| Untracked 
| 212|0x000000008d400000, 0x000000008d400000, 0x000000008d500000|  0%| F|  |TAMS 0x000000008d400000, 0x000000008d400000| Untracked 
| 213|0x000000008d500000, 0x000000008d500000, 0x000000008d600000|  0%| F|  |TAMS 0x000000008d500000, 0x000000008d500000| Untracked 
| 214|0x000000008d600000, 0x000000008d600000, 0x000000008d700000|  0%| F|  |TAMS 0x000000008d600000, 0x000000008d600000| Untracked 
| 215|0x000000008d700000, 0x000000008d700000, 0x000000008d800000|  0%| F|  |TAMS 0x000000008d700000, 0x000000008d700000| Untracked 
| 216|0x000000008d800000, 0x000000008d800000, 0x000000008d900000|  0%| F|  |TAMS 0x000000008d800000, 0x000000008d800000| Untracked 
| 217|0x000000008d900000, 0x000000008d900000, 0x000000008da00000|  0%| F|  |TAMS 0x000000008d900000, 0x000000008d900000| Untracked 
| 218|0x000000008da00000, 0x000000008da00000, 0x000000008db00000|  0%| F|  |TAMS 0x000000008da00000, 0x000000008da00000| Untracked 
| 219|0x000000008db00000, 0x000000008db00000, 0x000000008dc00000|  0%| F|  |TAMS 0x000000008db00000, 0x000000008db00000| Untracked 
| 220|0x000000008dc00000, 0x000000008dc00000, 0x000000008dd00000|  0%| F|  |TAMS 0x000000008dc00000, 0x000000008dc00000| Untracked 
| 221|0x000000008dd00000, 0x000000008dd00000, 0x000000008de00000|  0%| F|  |TAMS 0x000000008dd00000, 0x000000008dd00000| Untracked 
| 222|0x000000008de00000, 0x000000008de00000, 0x000000008df00000|  0%| F|  |TAMS 0x000000008de00000, 0x000000008de00000| Untracked 
| 223|0x000000008df00000, 0x000000008df00000, 0x000000008e000000|  0%| F|  |TAMS 0x000000008df00000, 0x000000008df00000| Untracked 
| 224|0x000000008e000000, 0x000000008e000000, 0x000000008e100000|  0%| F|  |TAMS 0x000000008e000000, 0x000000008e000000| Untracked 
| 225|0x000000008e100000, 0x000000008e100000, 0x000000008e200000|  0%| F|  |TAMS 0x000000008e100000, 0x000000008e100000| Untracked 
| 226|0x000000008e200000, 0x000000008e200000, 0x000000008e300000|  0%| F|  |TAMS 0x000000008e200000, 0x000000008e200000| Untracked 
| 227|0x000000008e300000, 0x000000008e300000, 0x000000008e400000|  0%| F|  |TAMS 0x000000008e300000, 0x000000008e300000| Untracked 
| 228|0x000000008e400000, 0x000000008e400000, 0x000000008e500000|  0%| F|  |TAMS 0x000000008e400000, 0x000000008e400000| Untracked 
| 229|0x000000008e500000, 0x000000008e500000, 0x000000008e600000|  0%| F|  |TAMS 0x000000008e500000, 0x000000008e500000| Untracked 
| 230|0x000000008e600000, 0x000000008e600000, 0x000000008e700000|  0%| F|  |TAMS 0x000000008e600000, 0x000000008e600000| Untracked 
| 231|0x000000008e700000, 0x000000008e700000, 0x000000008e800000|  0%| F|  |TAMS 0x000000008e700000, 0x000000008e700000| Untracked 
| 232|0x000000008e800000, 0x000000008e800000, 0x000000008e900000|  0%| F|  |TAMS 0x000000008e800000, 0x000000008e800000| Untracked 
| 233|0x000000008e900000, 0x000000008e900000, 0x000000008ea00000|  0%| F|  |TAMS 0x000000008e900000, 0x000000008e900000| Untracked 
| 234|0x000000008ea00000, 0x000000008ea00000, 0x000000008eb00000|  0%| F|  |TAMS 0x000000008ea00000, 0x000000008ea00000| Untracked 
| 235|0x000000008eb00000, 0x000000008eb00000, 0x000000008ec00000|  0%| F|  |TAMS 0x000000008eb00000, 0x000000008eb00000| Untracked 
| 236|0x000000008ec00000, 0x000000008ec00000, 0x000000008ed00000|  0%| F|  |TAMS 0x000000008ec00000, 0x000000008ec00000| Untracked 
| 237|0x000000008ed00000, 0x000000008ed00000, 0x000000008ee00000|  0%| F|  |TAMS 0x000000008ed00000, 0x000000008ed00000| Untracked 
| 238|0x000000008ee00000, 0x000000008ee00000, 0x000000008ef00000|  0%| F|  |TAMS 0x000000008ee00000, 0x000000008ee00000| Untracked 
| 239|0x000000008ef00000, 0x000000008ef00000, 0x000000008f000000|  0%| F|  |TAMS 0x000000008ef00000, 0x000000008ef00000| Untracked 
| 240|0x000000008f000000, 0x000000008f000000, 0x000000008f100000|  0%| F|  |TAMS 0x000000008f000000, 0x000000008f000000| Untracked 
| 241|0x000000008f100000, 0x000000008f100000, 0x000000008f200000|  0%| F|  |TAMS 0x000000008f100000, 0x000000008f100000| Untracked 
| 242|0x000000008f200000, 0x000000008f200000, 0x000000008f300000|  0%| F|  |TAMS 0x000000008f200000, 0x000000008f200000| Untracked 
| 243|0x000000008f300000, 0x000000008f300000, 0x000000008f400000|  0%| F|  |TAMS 0x000000008f300000, 0x000000008f300000| Untracked 
| 244|0x000000008f400000, 0x000000008f400000, 0x000000008f500000|  0%| F|  |TAMS 0x000000008f400000, 0x000000008f400000| Untracked 
| 245|0x000000008f500000, 0x000000008f500000, 0x000000008f600000|  0%| F|  |TAMS 0x000000008f500000, 0x000000008f500000| Untracked 
| 246|0x000000008f600000, 0x000000008f600000, 0x000000008f700000|  0%| F|  |TAMS 0x000000008f600000, 0x000000008f600000| Untracked 
| 247|0x000000008f700000, 0x000000008f700000, 0x000000008f800000|  0%| F|  |TAMS 0x000000008f700000, 0x000000008f700000| Untracked 
| 248|0x000000008f800000, 0x000000008f800000, 0x000000008f900000|  0%| F|  |TAMS 0x000000008f800000, 0x000000008f800000| Untracked 
| 249|0x000000008f900000, 0x000000008f900000, 0x000000008fa00000|  0%| F|  |TAMS 0x000000008f900000, 0x000000008f900000| Untracked 
| 250|0x000000008fa00000, 0x000000008fa00000, 0x000000008fb00000|  0%| F|  |TAMS 0x000000008fa00000, 0x000000008fa00000| Untracked 
| 251|0x000000008fb00000, 0x000000008fb00000, 0x000000008fc00000|  0%| F|  |TAMS 0x000000008fb00000, 0x000000008fb00000| Untracked 
| 252|0x000000008fc00000, 0x000000008fc40010, 0x000000008fd00000| 25%| E|  |TAMS 0x000000008fc00000, 0x000000008fc00000| Complete 
| 253|0x000000008fd00000, 0x000000008fe00000, 0x000000008fe00000|100%| E|  |TAMS 0x000000008fd00000, 0x000000008fd00000| Complete 
| 254|0x000000008fe00000, 0x000000008ff00000, 0x000000008ff00000|100%| E|CS|TAMS 0x000000008fe00000, 0x000000008fe00000| Complete 
| 255|0x000000008ff00000, 0x0000000090000000, 0x0000000090000000|100%| E|CS|TAMS 0x000000008ff00000, 0x000000008ff00000| Complete 
| 256|0x0000000090000000, 0x0000000090100000, 0x0000000090100000|100%| E|CS|TAMS 0x0000000090000000, 0x0000000090000000| Complete 
| 257|0x0000000090100000, 0x0000000090200000, 0x0000000090200000|100%| E|CS|TAMS 0x0000000090100000, 0x0000000090100000| Complete 
| 258|0x0000000090200000, 0x0000000090300000, 0x0000000090300000|100%| E|CS|TAMS 0x0000000090200000, 0x0000000090200000| Complete 
| 259|0x0000000090300000, 0x0000000090400000, 0x0000000090400000|100%| E|CS|TAMS 0x0000000090300000, 0x0000000090300000| Complete 
| 260|0x0000000090400000, 0x0000000090500000, 0x0000000090500000|100%| E|CS|TAMS 0x0000000090400000, 0x0000000090400000| Complete 
| 261|0x0000000090500000, 0x0000000090600000, 0x0000000090600000|100%| E|CS|TAMS 0x0000000090500000, 0x0000000090500000| Complete 
| 262|0x0000000090600000, 0x0000000090700000, 0x0000000090700000|100%| E|CS|TAMS 0x0000000090600000, 0x0000000090600000| Complete 
| 263|0x0000000090700000, 0x0000000090800000, 0x0000000090800000|100%| E|CS|TAMS 0x0000000090700000, 0x0000000090700000| Complete 
| 264|0x0000000090800000, 0x0000000090900000, 0x0000000090900000|100%| E|CS|TAMS 0x0000000090800000, 0x0000000090800000| Complete 
| 265|0x0000000090900000, 0x0000000090a00000, 0x0000000090a00000|100%| E|CS|TAMS 0x0000000090900000, 0x0000000090900000| Complete 
| 266|0x0000000090a00000, 0x0000000090b00000, 0x0000000090b00000|100%| E|CS|TAMS 0x0000000090a00000, 0x0000000090a00000| Complete 
| 267|0x0000000090b00000, 0x0000000090c00000, 0x0000000090c00000|100%| E|CS|TAMS 0x0000000090b00000, 0x0000000090b00000| Complete 
| 268|0x0000000090c00000, 0x0000000090d00000, 0x0000000090d00000|100%| E|CS|TAMS 0x0000000090c00000, 0x0000000090c00000| Complete 
| 269|0x0000000090d00000, 0x0000000090e00000, 0x0000000090e00000|100%| E|CS|TAMS 0x0000000090d00000, 0x0000000090d00000| Complete 
| 270|0x0000000090e00000, 0x0000000090f00000, 0x0000000090f00000|100%| E|CS|TAMS 0x0000000090e00000, 0x0000000090e00000| Complete 
| 271|0x0000000090f00000, 0x0000000091000000, 0x0000000091000000|100%| E|CS|TAMS 0x0000000090f00000, 0x0000000090f00000| Complete 

Card table byte_map: [0x00000175e1cd0000,0x00000175e20d0000] _byte_map_base: 0x00000175e18d0000

Marking Bits (Prev, Next): (CMBitMap*) 0x00000175ccbe5ec0, (CMBitMap*) 0x00000175ccbe5e88
 Prev Bits: [0x00000175e44d0000, 0x00000175e64d0000)
 Next Bits: [0x00000175e24d0000, 0x00000175e44d0000)

Polling page: 0x00000175ccc80000

Metaspace:

Usage:
  Non-class:     78.13 MB capacity,    76.29 MB ( 98%) used,     1.53 MB (  2%) free+waste,   319.25 KB ( <1%) overhead. 
      Class:     12.53 MB capacity,    11.39 MB ( 91%) used,  1020.74 KB (  8%) free+waste,   152.63 KB (  1%) overhead. 
       Both:     90.67 MB capacity,    87.68 MB ( 97%) used,     2.53 MB (  3%) free+waste,   471.88 KB ( <1%) overhead. 

Virtual space:
  Non-class space:       80.00 MB reserved,      78.33 MB ( 98%) committed 
      Class space:        1.00 GB reserved,      12.63 MB (  1%) committed 
             Both:        1.08 GB reserved,      90.95 MB (  8%) committed 

Chunk freelists:
   Non-Class:  7.00 KB
       Class:  0 bytes
        Both:  7.00 KB

MaxMetaspaceSize: 17179869184.00 GB
CompressedClassSpaceSize: 1.00 GB

CodeHeap 'non-profiled nmethods': size=120000Kb used=8421Kb max_used=8421Kb free=111578Kb
 bounds [0x00000175d9930000, 0x00000175da170000, 0x00000175e0e60000]
CodeHeap 'profiled nmethods': size=120000Kb used=33403Kb max_used=33403Kb free=86596Kb
 bounds [0x00000175d2400000, 0x00000175d44a0000, 0x00000175d9930000]
CodeHeap 'non-nmethods': size=5760Kb used=2275Kb max_used=2330Kb free=3484Kb
 bounds [0x00000175d1e60000, 0x00000175d20d0000, 0x00000175d2400000]
 total_blobs=14998 nmethods=14127 adapters=780
 compilation: enabled
              stopped_count=0, restarted_count=0
 full_count=0

Compilation events (20 events):
Event: 44.476 Thread 0x00000175e9936000 14891       2       com.android.tools.r8.ir.conversion.K::a (42 bytes)
Event: 44.478 Thread 0x00000175e9936000 nmethod 14891 0x00000175d4489890 code [0x00000175d4489aa0, 0x00000175d4489e68]
Event: 44.478 Thread 0x00000175e9936000 14892       2       com.android.tools.r8.graph.O0::a (231 bytes)
Event: 44.480 Thread 0x00000175e9936000 nmethod 14892 0x00000175d448a190 code [0x00000175d448a460, 0x00000175d448b138]
Event: 44.480 Thread 0x00000175e9936000 14893       2       com.android.tools.r8.ir.conversion.O$$Lambda$1171/0x0000000100b7b040::accept (12 bytes)
Event: 44.481 Thread 0x00000175e9936000 nmethod 14893 0x00000175d448b590 code [0x00000175d448b740, 0x00000175d448b888]
Event: 44.481 Thread 0x00000175e9936000 14894       2       com.android.tools.r8.graph.X0::g (8 bytes)
Event: 44.481 Thread 0x00000175e9936000 nmethod 14894 0x00000175d448b990 code [0x00000175d448bb40, 0x00000175d448bc68]
Event: 44.481 Thread 0x00000175e9936000 14890       2       com.android.tools.r8.q.a.a.b.Y::size (8 bytes)
Event: 44.481 Thread 0x00000175e9936000 nmethod 14890 0x00000175d448bd10 code [0x00000175d448bec0, 0x00000175d448bfe8]
Event: 44.484 Thread 0x00000175e9936000 14895       2       sun.security.jca.ProviderList::getProvider (22 bytes)
Event: 44.485 Thread 0x00000175e9936000 nmethod 14895 0x00000175d448c090 code [0x00000175d448c240, 0x00000175d448c3a8]
Event: 44.490 Thread 0x00000175e9936000 14896       2       com.android.tools.r8.p.n.j::a (42 bytes)
Event: 44.492 Thread 0x00000175e9936000 nmethod 14896 0x00000175d448c490 code [0x00000175d448c6a0, 0x00000175d448ca78]
Event: 44.492 Thread 0x00000175e9936000 14897       2       com.android.tools.r8.s.a.p.u::m (4 bytes)
Event: 44.492 Thread 0x00000175e9936000 nmethod 14897 0x00000175d448cd10 code [0x00000175d448cec0, 0x00000175d448cf98]
Event: 44.492 Thread 0x00000175e9936000 14898       2       com.android.tools.r8.s.a.p.o::S (4 bytes)
Event: 44.492 Thread 0x00000175e9936000 nmethod 14898 0x00000175d448d010 code [0x00000175d448d1c0, 0x00000175d448d298]
Event: 44.514 Thread 0x00000175e9936000 14899       2       com.android.tools.r8.references.ClassReference::<init> (10 bytes)
Event: 44.514 Thread 0x00000175e9936000 nmethod 14899 0x00000175d448d310 code [0x00000175d448d4c0, 0x00000175d448d5f8]

GC Heap History (20 events):
Event: 32.262 GC heap before
{Heap before GC invocations=35 (full 0):
 garbage-first heap   total 155648K, used 133898K [0x0000000080000000, 0x0000000100000000)
  region size 1024K, 35 young (35840K), 2 survivors (2048K)
 Metaspace       used 78079K, capacity 80389K, committed 80592K, reserved 1120256K
  class space    used 10062K, capacity 10875K, committed 10880K, reserved 1048576K
}
Event: 32.308 GC heap after
{Heap after GC invocations=36 (full 0):
 garbage-first heap   total 155648K, used 102046K [0x0000000080000000, 0x0000000100000000)
  region size 1024K, 5 young (5120K), 5 survivors (5120K)
 Metaspace       used 78079K, capacity 80389K, committed 80592K, reserved 1120256K
  class space    used 10062K, capacity 10875K, committed 10880K, reserved 1048576K
}
Event: 32.343 GC heap before
{Heap before GC invocations=36 (full 0):
 garbage-first heap   total 155648K, used 103070K [0x0000000080000000, 0x0000000100000000)
  region size 1024K, 7 young (7168K), 5 survivors (5120K)
 Metaspace       used 78089K, capacity 80392K, committed 80592K, reserved 1120256K
  class space    used 10062K, capacity 10875K, committed 10880K, reserved 1048576K
}
Event: 32.388 GC heap after
{Heap after GC invocations=37 (full 0):
 garbage-first heap   total 195584K, used 101609K [0x0000000080000000, 0x0000000100000000)
  region size 1024K, 1 young (1024K), 1 survivors (1024K)
 Metaspace       used 78089K, capacity 80392K, committed 80592K, reserved 1120256K
  class space    used 10062K, capacity 10875K, committed 10880K, reserved 1048576K
}
Event: 34.939 GC heap before
{Heap before GC invocations=37 (full 0):
 garbage-first heap   total 195584K, used 147689K [0x0000000080000000, 0x0000000100000000)
  region size 1024K, 47 young (48128K), 1 survivors (1024K)
 Metaspace       used 80595K, capacity 83035K, committed 83280K, reserved 1122304K
  class space    used 10405K, capacity 11250K, committed 11264K, reserved 1048576K
}
Event: 34.987 GC heap after
{Heap after GC invocations=38 (full 0):
 garbage-first heap   total 195584K, used 110939K [0x0000000080000000, 0x0000000100000000)
  region size 1024K, 6 young (6144K), 6 survivors (6144K)
 Metaspace       used 80595K, capacity 83035K, committed 83280K, reserved 1122304K
  class space    used 10405K, capacity 11250K, committed 11264K, reserved 1048576K
}
Event: 35.672 GC heap before
{Heap before GC invocations=39 (full 0):
 garbage-first heap   total 195584K, used 150875K [0x0000000080000000, 0x0000000100000000)
  region size 1024K, 46 young (47104K), 6 survivors (6144K)
 Metaspace       used 81231K, capacity 83619K, committed 83920K, reserved 1122304K
  class space    used 10486K, capacity 11332K, committed 11392K, reserved 1048576K
}
Event: 35.709 GC heap after
{Heap after GC invocations=40 (full 0):
 garbage-first heap   total 195584K, used 124423K [0x0000000080000000, 0x0000000100000000)
  region size 1024K, 6 young (6144K), 6 survivors (6144K)
 Metaspace       used 81231K, capacity 83619K, committed 83920K, reserved 1122304K
  class space    used 10486K, capacity 11332K, committed 11392K, reserved 1048576K
}
Event: 36.527 GC heap before
{Heap before GC invocations=40 (full 0):
 garbage-first heap   total 195584K, used 154119K [0x0000000080000000, 0x0000000100000000)
  region size 1024K, 36 young (36864K), 6 survivors (6144K)
 Metaspace       used 84533K, capacity 87317K, committed 87504K, reserved 1124352K
  class space    used 11102K, capacity 12134K, committed 12160K, reserved 1048576K
}
Event: 36.542 GC heap after
{Heap after GC invocations=41 (full 0):
 garbage-first heap   total 195584K, used 130549K [0x0000000080000000, 0x0000000100000000)
  region size 1024K, 5 young (5120K), 5 survivors (5120K)
 Metaspace       used 84533K, capacity 87317K, committed 87504K, reserved 1124352K
  class space    used 11102K, capacity 12134K, committed 12160K, reserved 1048576K
}
Event: 36.810 GC heap before
{Heap before GC invocations=41 (full 0):
 garbage-first heap   total 195584K, used 157173K [0x0000000080000000, 0x0000000100000000)
  region size 1024K, 31 young (31744K), 5 survivors (5120K)
 Metaspace       used 86151K, capacity 89038K, committed 89168K, reserved 1126400K
  class space    used 11354K, capacity 12457K, committed 12544K, reserved 1048576K
}
Event: 36.825 GC heap after
{Heap after GC invocations=42 (full 0):
 garbage-first heap   total 278528K, used 134121K [0x0000000080000000, 0x0000000100000000)
  region size 1024K, 3 young (3072K), 3 survivors (3072K)
 Metaspace       used 86151K, capacity 89038K, committed 89168K, reserved 1126400K
  class space    used 11354K, capacity 12457K, committed 12544K, reserved 1048576K
}
Event: 37.187 GC heap before
{Heap before GC invocations=42 (full 0):
 garbage-first heap   total 278528K, used 187369K [0x0000000080000000, 0x0000000100000000)
  region size 1024K, 55 young (56320K), 3 survivors (3072K)
 Metaspace       used 87057K, capacity 90009K, committed 90320K, reserved 1126400K
  class space    used 11425K, capacity 12545K, committed 12672K, reserved 1048576K
}
Event: 37.199 GC heap after
{Heap after GC invocations=43 (full 0):
 garbage-first heap   total 278528K, used 138243K [0x0000000080000000, 0x0000000100000000)
  region size 1024K, 7 young (7168K), 7 survivors (7168K)
 Metaspace       used 87057K, capacity 90009K, committed 90320K, reserved 1126400K
  class space    used 11425K, capacity 12545K, committed 12672K, reserved 1048576K
}
Event: 37.679 GC heap before
{Heap before GC invocations=43 (full 0):
 garbage-first heap   total 278528K, used 192515K [0x0000000080000000, 0x0000000100000000)
  region size 1024K, 61 young (62464K), 7 survivors (7168K)
 Metaspace       used 87871K, capacity 90866K, committed 91216K, reserved 1128448K
  class space    used 11515K, capacity 12675K, committed 12800K, reserved 1048576K
}
Event: 37.690 GC heap after
{Heap after GC invocations=44 (full 0):
 garbage-first heap   total 278528K, used 139408K [0x0000000080000000, 0x0000000100000000)
  region size 1024K, 4 young (4096K), 4 survivors (4096K)
 Metaspace       used 87871K, capacity 90866K, committed 91216K, reserved 1128448K
  class space    used 11515K, capacity 12675K, committed 12800K, reserved 1048576K
}
Event: 42.393 GC heap before
{Heap before GC invocations=44 (full 0):
 garbage-first heap   total 278528K, used 200848K [0x0000000080000000, 0x0000000100000000)
  region size 1024K, 63 young (64512K), 4 survivors (4096K)
 Metaspace       used 88977K, capacity 92018K, committed 92240K, reserved 1128448K
  class space    used 11638K, capacity 12796K, committed 12800K, reserved 1048576K
}
Event: 42.453 GC heap after
{Heap after GC invocations=45 (full 0):
 garbage-first heap   total 278528K, used 142562K [0x0000000080000000, 0x0000000100000000)
  region size 1024K, 7 young (7168K), 7 survivors (7168K)
 Metaspace       used 88977K, capacity 92018K, committed 92240K, reserved 1128448K
  class space    used 11638K, capacity 12796K, committed 12800K, reserved 1048576K
}
Event: 44.230 GC heap before
{Heap before GC invocations=45 (full 0):
 garbage-first heap   total 278528K, used 205026K [0x0000000080000000, 0x0000000100000000)
  region size 1024K, 68 young (69632K), 7 survivors (7168K)
 Metaspace       used 89700K, capacity 92766K, committed 92880K, reserved 1130496K
  class space    used 11658K, capacity 12832K, committed 12928K, reserved 1048576K
}
Event: 44.247 GC heap after
{Heap after GC invocations=46 (full 0):
 garbage-first heap   total 278528K, used 143661K [0x0000000080000000, 0x0000000100000000)
  region size 1024K, 6 young (6144K), 6 survivors (6144K)
 Metaspace       used 89700K, capacity 92766K, committed 92880K, reserved 1130496K
  class space    used 11658K, capacity 12832K, committed 12928K, reserved 1048576K
}

Deoptimization events (20 events):
Event: 43.829 Thread 0x00000175edc63800 Uncommon trap: trap_request=0xffffffc6 fr.pc=0x00000175da119ac0 relative=0x0000000000000100
Event: 43.829 Thread 0x00000175edc63800 Uncommon trap: reason=bimorphic_or_optimized_type_check action=maybe_recompile pc=0x00000175da119ac0 method=com.android.tools.r8.q.a.a.b.a.next()Ljava/lang/Object; @ 21 c2
Event: 43.829 Thread 0x00000175edc63800 DEOPT PACKING pc=0x00000175da119ac0 sp=0x0000004df63fb890
Event: 43.829 Thread 0x00000175edc63800 DEOPT UNPACKING pc=0x00000175d1e878af sp=0x0000004df63fb820 mode 2
Event: 43.829 Thread 0x00000175edc63800 Uncommon trap: trap_request=0xffffffc6 fr.pc=0x00000175da119ac0 relative=0x0000000000000100
Event: 43.829 Thread 0x00000175edc63800 Uncommon trap: reason=bimorphic_or_optimized_type_check action=maybe_recompile pc=0x00000175da119ac0 method=com.android.tools.r8.q.a.a.b.a.next()Ljava/lang/Object; @ 21 c2
Event: 43.829 Thread 0x00000175edc63800 DEOPT PACKING pc=0x00000175da119ac0 sp=0x0000004df63fb890
Event: 43.829 Thread 0x00000175edc63800 DEOPT UNPACKING pc=0x00000175d1e878af sp=0x0000004df63fb820 mode 2
Event: 43.829 Thread 0x00000175edc63800 Uncommon trap: trap_request=0xffffffc6 fr.pc=0x00000175da119ac0 relative=0x0000000000000100
Event: 43.829 Thread 0x00000175edc63800 Uncommon trap: reason=bimorphic_or_optimized_type_check action=maybe_recompile pc=0x00000175da119ac0 method=com.android.tools.r8.q.a.a.b.a.next()Ljava/lang/Object; @ 21 c2
Event: 43.829 Thread 0x00000175edc63800 DEOPT PACKING pc=0x00000175da119ac0 sp=0x0000004df63fb890
Event: 43.829 Thread 0x00000175edc63800 DEOPT UNPACKING pc=0x00000175d1e878af sp=0x0000004df63fb820 mode 2
Event: 43.829 Thread 0x00000175edc63800 Uncommon trap: trap_request=0xffffffc6 fr.pc=0x00000175da119ac0 relative=0x0000000000000100
Event: 43.829 Thread 0x00000175edc63800 Uncommon trap: reason=bimorphic_or_optimized_type_check action=maybe_recompile pc=0x00000175da119ac0 method=com.android.tools.r8.q.a.a.b.a.next()Ljava/lang/Object; @ 21 c2
Event: 43.829 Thread 0x00000175edc63800 DEOPT PACKING pc=0x00000175da119ac0 sp=0x0000004df63fb890
Event: 43.829 Thread 0x00000175edc63800 DEOPT UNPACKING pc=0x00000175d1e878af sp=0x0000004df63fb820 mode 2
Event: 43.913 Thread 0x00000175edc63800 Uncommon trap: trap_request=0xffffff4d fr.pc=0x00000175d9d2f4f0 relative=0x0000000000000670
Event: 43.913 Thread 0x00000175edc63800 Uncommon trap: reason=unstable_if action=reinterpret pc=0x00000175d9d2f4f0 method=java.util.HashMap$HashIterator.<init>(Ljava/util/HashMap;)V @ 45 c2
Event: 43.913 Thread 0x00000175edc63800 DEOPT PACKING pc=0x00000175d9d2f4f0 sp=0x0000004df63fbf00
Event: 43.913 Thread 0x00000175edc63800 DEOPT UNPACKING pc=0x00000175d1e878af sp=0x0000004df63fbd88 mode 2

Classes redefined (0 events):
No events

Internal exceptions (20 events):
Event: 44.161 Thread 0x00000175edc66000 Exception <a 'sun/nio/fs/WindowsException'{0x000000008d697898}> (0x000000008d697898) thrown at [./src/hotspot/share/prims/jni.cpp, line 615]
Event: 44.182 Thread 0x00000175edc66000 Exception <a 'sun/nio/fs/WindowsException'{0x000000008d5fd928}> (0x000000008d5fd928) thrown at [./src/hotspot/share/prims/jni.cpp, line 615]
Event: 44.195 Thread 0x00000175edc66000 Exception <a 'sun/nio/fs/WindowsException'{0x000000008d287ea8}> (0x000000008d287ea8) thrown at [./src/hotspot/share/prims/jni.cpp, line 615]
Event: 44.249 Thread 0x00000175edc66000 Exception <a 'sun/nio/fs/WindowsException'{0x0000000090f02470}> (0x0000000090f02470) thrown at [./src/hotspot/share/prims/jni.cpp, line 615]
Event: 44.274 Thread 0x00000175edc66000 Exception <a 'sun/nio/fs/WindowsException'{0x0000000090f0e518}> (0x0000000090f0e518) thrown at [./src/hotspot/share/prims/jni.cpp, line 615]
Event: 44.328 Thread 0x00000175edc66000 Exception <a 'sun/nio/fs/WindowsException'{0x0000000090f19718}> (0x0000000090f19718) thrown at [./src/hotspot/share/prims/jni.cpp, line 615]
Event: 44.338 Thread 0x00000175edc66000 Exception <a 'sun/nio/fs/WindowsException'{0x0000000090f21e80}> (0x0000000090f21e80) thrown at [./src/hotspot/share/prims/jni.cpp, line 615]
Event: 44.345 Thread 0x00000175edc66000 Exception <a 'sun/nio/fs/WindowsException'{0x0000000090cf3c80}> (0x0000000090cf3c80) thrown at [./src/hotspot/share/prims/jni.cpp, line 615]
Event: 44.351 Thread 0x00000175edc66000 Exception <a 'sun/nio/fs/WindowsException'{0x0000000090cfdd30}> (0x0000000090cfdd30) thrown at [./src/hotspot/share/prims/jni.cpp, line 615]
Event: 44.358 Thread 0x00000175edc66000 Exception <a 'sun/nio/fs/WindowsException'{0x0000000090bf6370}> (0x0000000090bf6370) thrown at [./src/hotspot/share/prims/jni.cpp, line 615]
Event: 44.363 Thread 0x00000175edc66000 Exception <a 'sun/nio/fs/WindowsException'{0x0000000090bfdd68}> (0x0000000090bfdd68) thrown at [./src/hotspot/share/prims/jni.cpp, line 615]
Event: 44.372 Thread 0x00000175edc66000 Exception <a 'sun/nio/fs/WindowsException'{0x000000009095edb0}> (0x000000009095edb0) thrown at [./src/hotspot/share/prims/jni.cpp, line 615]
Event: 44.378 Thread 0x00000175edc66000 Exception <a 'sun/nio/fs/WindowsException'{0x0000000090967938}> (0x0000000090967938) thrown at [./src/hotspot/share/prims/jni.cpp, line 615]
Event: 44.407 Thread 0x00000175edc66000 Exception <a 'sun/nio/fs/WindowsException'{0x0000000090970260}> (0x0000000090970260) thrown at [./src/hotspot/share/prims/jni.cpp, line 615]
Event: 44.421 Thread 0x00000175edc66000 Exception <a 'sun/nio/fs/WindowsException'{0x000000009097be10}> (0x000000009097be10) thrown at [./src/hotspot/share/prims/jni.cpp, line 615]
Event: 44.450 Thread 0x00000175edc66000 Exception <a 'sun/nio/fs/WindowsException'{0x0000000090572810}> (0x0000000090572810) thrown at [./src/hotspot/share/prims/jni.cpp, line 615]
Event: 44.461 Thread 0x00000175edc66000 Exception <a 'sun/nio/fs/WindowsException'{0x000000009057a4b8}> (0x000000009057a4b8) thrown at [./src/hotspot/share/prims/jni.cpp, line 615]
Event: 44.468 Thread 0x00000175edc66000 Exception <a 'sun/nio/fs/WindowsException'{0x00000000904f4670}> (0x00000000904f4670) thrown at [./src/hotspot/share/prims/jni.cpp, line 615]
Event: 44.475 Thread 0x00000175edc66000 Exception <a 'sun/nio/fs/WindowsException'{0x00000000903831a8}> (0x00000000903831a8) thrown at [./src/hotspot/share/prims/jni.cpp, line 615]
Event: 44.486 Thread 0x00000175edc66000 Exception <a 'sun/nio/fs/WindowsException'{0x000000009038cea0}> (0x000000009038cea0) thrown at [./src/hotspot/share/prims/jni.cpp, line 615]

Events (20 events):
Event: 43.818 loading class com/android/tools/r8/q/a/a/b/Z1
Event: 43.818 loading class com/android/tools/r8/q/a/a/b/Z1 done
Event: 43.821 loading class com/android/tools/r8/q/a/a/b/m2
Event: 43.821 loading class com/android/tools/r8/q/a/a/b/m2 done
Event: 43.822 loading class com/android/tools/r8/q/a/a/b/l2$a
Event: 43.822 loading class com/android/tools/r8/q/a/a/b/l2$a done
Event: 44.228 Executing VM operation: G1CollectForAllocation
Event: 44.247 Executing VM operation: G1CollectForAllocation done
Event: 44.337 Executing VM operation: RevokeBias
Event: 44.337 Executing VM operation: RevokeBias done
Event: 44.356 loading class com/android/tools/r8/ir/optimize/n0
Event: 44.356 loading class com/android/tools/r8/ir/optimize/n0 done
Event: 44.358 loading class java/util/function/IntPredicate
Event: 44.358 loading class java/util/function/IntPredicate done
Event: 44.360 loading class com/android/tools/r8/t/a/a/a/f/F0
Event: 44.360 loading class com/android/tools/r8/t/a/a/a/f/F0 done
Event: 44.443 loading class com/android/tools/r8/graph/Z0
Event: 44.443 loading class com/android/tools/r8/graph/Z0 done
Event: 44.445 loading class com/android/tools/r8/graph/Z0
Event: 44.445 loading class com/android/tools/r8/graph/Z0 done


Dynamic libraries:
0x00007ff6b1a40000 - 0x00007ff6b1a4a000 	C:\Program Files\Android\Android Studio3\jre\bin\java.exe
0x00007ffae8900000 - 0x00007ffae8b0f000 	C:\WINDOWS\SYSTEM32\ntdll.dll
0x00007ffae7cf0000 - 0x00007ffae7dad000 	C:\WINDOWS\System32\KERNEL32.DLL
0x00007ffae62a0000 - 0x00007ffae6626000 	C:\WINDOWS\System32\KERNELBASE.dll
0x00007ffae6030000 - 0x00007ffae6141000 	C:\WINDOWS\System32\ucrtbase.dll
0x00007ffae34d0000 - 0x00007ffae34e9000 	C:\Program Files\Android\Android Studio3\jre\bin\jli.dll
0x00007ffae1970000 - 0x00007ffae1987000 	C:\Program Files\Android\Android Studio3\jre\bin\VCRUNTIME140.dll
0x00007ffae72d0000 - 0x00007ffae747b000 	C:\WINDOWS\System32\USER32.dll
0x00007ffad3740000 - 0x00007ffad39e1000 	C:\WINDOWS\WinSxS\amd64_microsoft.windows.common-controls_6595b64144ccf1df_6.0.22468.1000_none_266f4f372a53a5e7\COMCTL32.dll
0x00007ffae6000000 - 0x00007ffae6026000 	C:\WINDOWS\System32\win32u.dll
0x00007ffae7580000 - 0x00007ffae7624000 	C:\WINDOWS\System32\msvcrt.dll
0x00007ffae7bb0000 - 0x00007ffae7bd9000 	C:\WINDOWS\System32\GDI32.dll
0x00007ffae5dd0000 - 0x00007ffae5ee7000 	C:\WINDOWS\System32\gdi32full.dll
0x00007ffae5f60000 - 0x00007ffae5ffb000 	C:\WINDOWS\System32\msvcp_win.dll
0x00007ffae7540000 - 0x00007ffae7571000 	C:\WINDOWS\System32\IMM32.DLL
0x00007ffacdb00000 - 0x00007ffacdb9d000 	C:\Program Files\Android\Android Studio3\jre\bin\msvcp140.dll
0x00007ffa81be0000 - 0x00007ffa826af000 	C:\Program Files\Android\Android Studio3\jre\bin\server\jvm.dll
0x00007ffae7810000 - 0x00007ffae78be000 	C:\WINDOWS\System32\ADVAPI32.dll
0x00007ffae7770000 - 0x00007ffae780f000 	C:\WINDOWS\System32\sechost.dll
0x00007ffae7a90000 - 0x00007ffae7bb0000 	C:\WINDOWS\System32\RPCRT4.dll
0x00007ffae7a50000 - 0x00007ffae7a58000 	C:\WINDOWS\System32\PSAPI.DLL
0x00007ffadaa40000 - 0x00007ffadaa73000 	C:\WINDOWS\SYSTEM32\WINMM.dll
0x00007ffae20c0000 - 0x00007ffae20ca000 	C:\WINDOWS\SYSTEM32\VERSION.dll
0x00007ffad0ef0000 - 0x00007ffad0ef9000 	C:\WINDOWS\SYSTEM32\WSOCK32.dll
0x00007ffae7be0000 - 0x00007ffae7c51000 	C:\WINDOWS\System32\WS2_32.dll
0x00007ffae4f90000 - 0x00007ffae4fa8000 	C:\WINDOWS\SYSTEM32\kernel.appcore.dll
0x00007ffae3740000 - 0x00007ffae3751000 	C:\Program Files\Android\Android Studio3\jre\bin\verify.dll
0x00007ffade2c0000 - 0x00007ffade4e7000 	C:\WINDOWS\SYSTEM32\DBGHELP.DLL
0x00007ffae6f50000 - 0x00007ffae72cc000 	C:\WINDOWS\System32\combase.dll
0x00007ffade280000 - 0x00007ffade2b1000 	C:\WINDOWS\SYSTEM32\dbgcore.DLL
0x00007ffae6150000 - 0x00007ffae61d1000 	C:\WINDOWS\System32\bcryptPrimitives.dll
0x00007ffae2f80000 - 0x00007ffae2fa9000 	C:\Program Files\Android\Android Studio3\jre\bin\java.dll
0x00007ffae36f0000 - 0x00007ffae36fb000 	C:\Program Files\Android\Android Studio3\jre\bin\jimage.dll
0x00007ffae3690000 - 0x00007ffae36a8000 	C:\Program Files\Android\Android Studio3\jre\bin\zip.dll
0x00007ffae67a0000 - 0x00007ffae6f4b000 	C:\WINDOWS\System32\SHELL32.dll
0x00007ffae3e30000 - 0x00007ffae468c000 	C:\WINDOWS\SYSTEM32\windows.storage.dll
0x00007ffae3cc0000 - 0x00007ffae3e28000 	C:\WINDOWS\SYSTEM32\wintypes.dll
0x00007ffae86e0000 - 0x00007ffae87d0000 	C:\WINDOWS\System32\SHCORE.dll
0x00007ffae7c90000 - 0x00007ffae7ceb000 	C:\WINDOWS\System32\shlwapi.dll
0x00007ffae5d00000 - 0x00007ffae5d21000 	C:\WINDOWS\SYSTEM32\profapi.dll
0x00007ffade230000 - 0x00007ffade24a000 	C:\Program Files\Android\Android Studio3\jre\bin\net.dll
0x00007ffadf020000 - 0x00007ffadf130000 	C:\WINDOWS\SYSTEM32\WINHTTP.dll
0x00007ffae53e0000 - 0x00007ffae5449000 	C:\WINDOWS\system32\mswsock.dll
0x00007ffade210000 - 0x00007ffade224000 	C:\Program Files\Android\Android Studio3\jre\bin\nio.dll
0x00007ffac53e0000 - 0x00007ffac5407000 	C:\Users\xpmkm\.gradle\native\f6784746aeab05261644944871eae4fe03e0ef1612fff0a4a95f87b438bc6780\windows-amd64\native-platform.dll
0x00007ffae3670000 - 0x00007ffae367a000 	C:\Program Files\Android\Android Studio3\jre\bin\management.dll
0x00007ffae2f70000 - 0x00007ffae2f7c000 	C:\Program Files\Android\Android Studio3\jre\bin\management_ext.dll
0x00007ffae5630000 - 0x00007ffae5648000 	C:\WINDOWS\SYSTEM32\CRYPTSP.dll
0x00007ffae4ef0000 - 0x00007ffae4f25000 	C:\WINDOWS\system32\rsaenh.dll
0x00007ffae54e0000 - 0x00007ffae5509000 	C:\WINDOWS\SYSTEM32\USERENV.dll
0x00007ffae57b0000 - 0x00007ffae57d8000 	C:\WINDOWS\SYSTEM32\bcrypt.dll
0x00007ffae5650000 - 0x00007ffae565c000 	C:\WINDOWS\SYSTEM32\CRYPTBASE.dll
0x00007ffae4970000 - 0x00007ffae499d000 	C:\WINDOWS\SYSTEM32\IPHLPAPI.DLL
0x00007ffae7a60000 - 0x00007ffae7a69000 	C:\WINDOWS\System32\NSI.dll
0x00007ffae3130000 - 0x00007ffae3149000 	C:\WINDOWS\SYSTEM32\dhcpcsvc6.DLL
0x00007ffae3110000 - 0x00007ffae312e000 	C:\WINDOWS\SYSTEM32\dhcpcsvc.DLL
0x00007ffae49a0000 - 0x00007ffae4a91000 	C:\WINDOWS\SYSTEM32\DNSAPI.dll
0x00007ffae31c0000 - 0x00007ffae31cc000 	C:\WINDOWS\SYSTEM32\WINNSI.DLL

dbghelp: loaded successfully - version: 4.0.5 - missing functions: none
symbol engine: initialized successfully - sym options: 0x614 - pdb path: .;C:\Program Files\Android\Android Studio3\jre\bin;C:\WINDOWS\SYSTEM32;C:\WINDOWS\WinSxS\amd64_microsoft.windows.common-controls_6595b64144ccf1df_6.0.22468.1000_none_266f4f372a53a5e7;C:\Program Files\Android\Android Studio3\jre\bin\server;C:\Users\xpmkm\.gradle\native\f6784746aeab05261644944871eae4fe03e0ef1612fff0a4a95f87b438bc6780\windows-amd64

VM Arguments:
jvm_args: --add-opens=java.base/java.util=ALL-UNNAMED --add-opens=java.base/java.lang=ALL-UNNAMED --add-opens=java.base/java.lang.invoke=ALL-UNNAMED --add-opens=java.prefs/java.util.prefs=ALL-UNNAMED -Xmx2048m -Dfile.encoding=UTF-8 -Duser.country=IN -Duser.language=en -Duser.variant 
java_command: org.gradle.launcher.daemon.bootstrap.GradleDaemon 6.5
java_class_path (initial): C:\Users\xpmkm\.gradle\wrapper\dists\gradle-6.5-bin\6nifqtx7604sqp1q6g8wikw7p\gradle-6.5\lib\gradle-launcher-6.5.jar
Launcher Type: SUN_STANDARD

[Global flags]
     intx CICompilerCount                          = 4                                         {product} {ergonomic}
     uint ConcGCThreads                            = 2                                         {product} {ergonomic}
     uint G1ConcRefinementThreads                  = 8                                         {product} {ergonomic}
   size_t G1HeapRegionSize                         = 1048576                                   {product} {ergonomic}
    uintx GCDrainStackTargetSize                   = 64                                        {product} {ergonomic}
   size_t InitialHeapSize                          = 132120576                                 {product} {ergonomic}
   size_t MarkStackSize                            = 4194304                                   {product} {ergonomic}
   size_t MaxHeapSize                              = 2147483648                                {product} {command line}
   size_t MaxNewSize                               = 1287651328                                {product} {ergonomic}
   size_t MinHeapDeltaBytes                        = 1048576                                   {product} {ergonomic}
    uintx NonNMethodCodeHeapSize                   = 5836300                                {pd product} {ergonomic}
    uintx NonProfiledCodeHeapSize                  = 122910970                              {pd product} {ergonomic}
    uintx ProfiledCodeHeapSize                     = 122910970                              {pd product} {ergonomic}
    uintx ReservedCodeCacheSize                    = 251658240                              {pd product} {ergonomic}
     bool SegmentedCodeCache                       = true                                      {product} {ergonomic}
     bool UseCompressedClassPointers               = true                                 {lp64_product} {ergonomic}
     bool UseCompressedOops                        = true                                 {lp64_product} {ergonomic}
     bool UseG1GC                                  = true                                      {product} {ergonomic}
     bool UseLargePagesIndividualAllocation        = false                                  {pd product} {ergonomic}

Logging:
Log output configuration:
 #0: stdout all=warning uptime,level,tags
 #1: stderr all=off uptime,level,tags

Environment Variables:
PATH=C:\Program Files (x86)\Common Files\Oracle\Java\javapath;C:\WINDOWS\system32;C:\WINDOWS;C:\WINDOWS\System32\Wbem;C:\WINDOWS\System32\WindowsPowerShell\v1.0\;C:\WINDOWS\System32\OpenSSH\;C:\Program Files\Git\cmd;C:\Program Files\nodejs\;C:\xampp\php;C:\ProgramData\ComposerSetup\bin;C:\Users\xpmkm\AppData\Local\Android\Sdk\platform-tools;C:\Program Files\Java\jdk1.8.0_231\bin;C:\Program Files\opnsl\bin;C:\Users\xpmkm\AppData\Roaming\npm;C:\Users\xpmkm\AppData\Local\Programs\Microsoft VS Code\bin;C:\Program Files\flutter\bin;C:\Users\xpmkm\AppData\Roaming\Composer\vendor\bin;C:\Users\xpmkm\AppData\Local\Microsoft\WindowsApps;
USERNAME=xpmkm
OS=Windows_NT
PROCESSOR_IDENTIFIER=AMD64 Family 23 Model 24 Stepping 1, AuthenticAMD



---------------  S Y S T E M  ---------------

OS: Windows 10 , 64 bit Build 22468 (10.0.22468.1000)
OS uptime: 0 days 19:40 hours

CPU:total 8 (initial active 8) (8 cores per cpu, 2 threads per core) family 23 model 24 stepping 1 microcode 0x0, cmov, cx8, fxsr, mmx, sse, sse2, sse3, ssse3, sse4.1, sse4.2, popcnt, avx, avx2, aes, clmul, mmxext, 3dnowpref, lzcnt, sse4a, ht, tsc, tscinvbit, tscinv, bmi1, bmi2, adx, s

Memory: 4k page, system-wide physical 8002M (695M free)
TotalPageFile size 12098M (AvailPageFile size 5M)
current process WorkingSet (physical memory assigned to process): 572M, peak: 572M
current process commit charge ("private bytes"): 620M, peak: 621M

vm_info: OpenJDK 64-Bit Server VM (11.0.10+0-b96-7249189) for windows-amd64 JRE (11.0.10+0-b96-7249189), built on Mar 31 2021 21:44:00 by "builder" with MS VC++ 14.0 (VS2015)

END.
