#
# There is insufficient memory for the Java Runtime Environment to continue.
# Native memory allocation (mmap) failed to map 38797312 bytes for Failed to commit area from 0x000000008b700000 to 0x000000008dc00000 of length 38797312.
# Possible reasons:
#   The system is out of physical RAM or swap space
#   The process is running with CompressedOops enabled, and the Java Heap may be blocking the growth of the native heap
# Possible solutions:
#   Reduce memory load on the system
#   Increase physical memory or swap space
#   Check if swap backing store is full
#   Decrease Java heap size (-Xmx/-Xms)
#   Decrease number of Java threads
#   Decrease Java thread stack sizes (-Xss)
#   Set larger code cache with -XX:ReservedCodeCacheSize=
#   JVM is running with Unscaled Compressed Oops mode in which the Java heap is
#     placed in the first 4GB address space. The Java Heap base address is the
#     maximum limit for the native heap growth. Please use -XX:HeapBaseMinAddress
#     to set the Java Heap base and to place the Java Heap above 4GB virtual address.
# This output file may be truncated or incomplete.
#
#  Out of Memory Error (./src/hotspot/os/windows/os_windows.cpp:3301), pid=12044, tid=14036
#
# JRE version: OpenJDK Runtime Environment (11.0.10) (build 11.0.10+0-b96-7249189)
# Java VM: OpenJDK 64-Bit Server VM (11.0.10+0-b96-7249189, mixed mode, tiered, compressed oops, g1 gc, windows-amd64)
# No core dump will be written. Minidumps are not enabled by default on client versions of Windows
#

---------------  S U M M A R Y ------------

Command Line: --add-opens=java.base/java.util=ALL-UNNAMED --add-opens=java.base/java.lang=ALL-UNNAMED --add-opens=java.base/java.lang.invoke=ALL-UNNAMED --add-opens=java.base/java.util=ALL-UNNAMED --add-opens=java.prefs/java.util.prefs=ALL-UNNAMED --add-opens=java.prefs/java.util.prefs=ALL-UNNAMED --add-opens=java.base/java.nio.charset=ALL-UNNAMED --add-opens=java.base/java.net=ALL-UNNAMED --add-opens=java.base/java.util.concurrent.atomic=ALL-UNNAMED -Xmx2048m -Dfile.encoding=UTF-8 -Duser.country=IN -Duser.language=en -Duser.variant org.gradle.launcher.daemon.bootstrap.GradleDaemon 7.0.2

Host: AMD Ryzen 5 3550H with Radeon Vega Mobile Gfx  , 8 cores, 7G,  Windows 10 , 64 bit Build 22471 (10.0.22471.1000)
Time: Fri Oct  8 13:19:07 2021 India Standard Time elapsed time: 18.455801 seconds (0d 0h 0m 18s)

---------------  T H R E A D  ---------------

Current thread (0x000002a176f76000):  VMThread "VM Thread" [stack: 0x000000e3e3900000,0x000000e3e3a00000] [id=14036]

Stack: [0x000000e3e3900000,0x000000e3e3a00000]
[error occurred during error reporting (printing stack bounds), id 0xc0000005, EXCEPTION_ACCESS_VIOLATION (0xc0000005) at pc=0x000002a160600f2d]

Native frames: (J=compiled Java code, j=interpreted, Vv=VM code, C=native code)
V  [jvm.dll+0x5ecfaa]
V  [jvm.dll+0x722bd5]
V  [jvm.dll+0x72412d]
V  [jvm.dll+0x724745]
V  [jvm.dll+0x7246fb]
V  [jvm.dll+0x5ec348]
V  [jvm.dll+0x5ecad8]
C  [ntdll.dll+0xa623f]
C  [ntdll.dll+0x65ea9]
C  [ntdll.dll+0xa522e]
C  0x000002a160600f2d

VM_Operation (0x000000e3e84fd260): G1CollectForAllocation, mode: safepoint, requested by thread 0x000002a1037ae800


---------------  P R O C E S S  ---------------

Threads class SMR info:
_java_thread_list=0x000002a17cfbacd0, length=68, elements={
0x000002a15cb15000, 0x000002a176f7c800, 0x000002a176f7f800, 0x000002a1778f3000,
0x000002a1778f6800, 0x000002a1778f8800, 0x000002a1778fe800, 0x000002a177902800,
0x000002a176f9d000, 0x000002a177a4e000, 0x000002a179b91000, 0x000002a17875a000,
0x000002a17982c000, 0x000002a177bfa000, 0x000002a17a433800, 0x000002a178f77800,
0x000002a179453800, 0x000002a179e54000, 0x000002a17a181800, 0x000002a179e51000,
0x000002a179e52000, 0x000002a179e4e800, 0x000002a179e4f800, 0x000002a179d83000,
0x000002a179e50000, 0x000002a179e4c000, 0x000002a179e4d000, 0x000002a179e4d800,
0x000002a179e52800, 0x000002a17b1dd000, 0x000002a17b1d9000, 0x000002a17b1db000,
0x000002a17b1d8800, 0x000002a17b1d7800, 0x000002a17b1e1800, 0x000002a17b1db800,
0x000002a17b1de000, 0x000002a17b1e2000, 0x000002a17b1dc800, 0x000002a17b1e3000,
0x000002a17b1e3800, 0x000002a17b1e4800, 0x000002a17b1df000, 0x000002a17b1e5800,
0x000002a17b1e6000, 0x000002a17a3ef800, 0x000002a17a3f0800, 0x000002a17a3ee800,
0x000002a17a3f2000, 0x000002a17a3f1000, 0x000002a17a3ec800, 0x000002a17a3ed000,
0x000002a17a3ee000, 0x000002a17a3f5800, 0x000002a17a3f8800, 0x000002a17a3f9800,
0x000002a17a3fa000, 0x000002a17a3f7800, 0x000002a17a3f6000, 0x000002a17a3f4800,
0x000002a17a3f7000, 0x000002a17a3fb000, 0x000002a1037ae000, 0x000002a1037ae800,
0x000002a1037af800, 0x000002a1037b0800, 0x000002a1037b1000, 0x000002a1037b2000
}

Java Threads: ( => current thread )
  0x000002a15cb15000 JavaThread "main" [_thread_blocked, id=15912, stack(0x000000e3e3300000,0x000000e3e3400000)]
  0x000002a176f7c800 JavaThread "Reference Handler" daemon [_thread_blocked, id=15340, stack(0x000000e3e3a00000,0x000000e3e3b00000)]
  0x000002a176f7f800 JavaThread "Finalizer" daemon [_thread_blocked, id=13000, stack(0x000000e3e3b00000,0x000000e3e3c00000)]
  0x000002a1778f3000 JavaThread "Signal Dispatcher" daemon [_thread_blocked, id=14640, stack(0x000000e3e3c00000,0x000000e3e3d00000)]
  0x000002a1778f6800 JavaThread "Attach Listener" daemon [_thread_blocked, id=12676, stack(0x000000e3e3d00000,0x000000e3e3e00000)]
  0x000002a1778f8800 JavaThread "Service Thread" daemon [_thread_blocked, id=11616, stack(0x000000e3e3e00000,0x000000e3e3f00000)]
  0x000002a1778fe800 JavaThread "C2 CompilerThread0" daemon [_thread_blocked, id=2304, stack(0x000000e3e3f00000,0x000000e3e4000000)]
  0x000002a177902800 JavaThread "C1 CompilerThread0" daemon [_thread_blocked, id=16240, stack(0x000000e3e4000000,0x000000e3e4100000)]
  0x000002a176f9d000 JavaThread "Sweeper thread" daemon [_thread_blocked, id=8700, stack(0x000000e3e4100000,0x000000e3e4200000)]
  0x000002a177a4e000 JavaThread "Common-Cleaner" daemon [_thread_blocked, id=5364, stack(0x000000e3e4200000,0x000000e3e4300000)]
  0x000002a179b91000 JavaThread "Daemon health stats" [_thread_blocked, id=3316, stack(0x000000e3e4800000,0x000000e3e4900000)]
  0x000002a17875a000 JavaThread "Incoming local TCP Connector on port 52184" [_thread_in_native, id=9492, stack(0x000000e3e4400000,0x000000e3e4500000)]
  0x000002a17982c000 JavaThread "Daemon periodic checks" [_thread_blocked, id=8584, stack(0x000000e3e4700000,0x000000e3e4800000)]
  0x000002a177bfa000 JavaThread "Daemon" [_thread_blocked, id=15124, stack(0x000000e3e4900000,0x000000e3e4a00000)]
  0x000002a17a433800 JavaThread "Handler for socket connection from /127.0.0.1:52184 to /127.0.0.1:52185" [_thread_in_native, id=6048, stack(0x000000e3e4a00000,0x000000e3e4b00000)]
  0x000002a178f77800 JavaThread "Cancel handler" [_thread_blocked, id=1888, stack(0x000000e3e4b00000,0x000000e3e4c00000)]
  0x000002a179453800 JavaThread "Daemon worker" [_thread_blocked, id=13408, stack(0x000000e3e4c00000,0x000000e3e4d00000)]
  0x000002a179e54000 JavaThread "Asynchronous log dispatcher for DefaultDaemonConnection: socket connection from /127.0.0.1:52184 to /127.0.0.1:52185" [_thread_blocked, id=9196, stack(0x000000e3e4d00000,0x000000e3e4e00000)]
  0x000002a17a181800 JavaThread "Stdin handler" [_thread_blocked, id=5720, stack(0x000000e3e4e00000,0x000000e3e4f00000)]
  0x000002a179e51000 JavaThread "Daemon client event forwarder" [_thread_blocked, id=12916, stack(0x000000e3e4f00000,0x000000e3e5000000)]
  0x000002a179e52000 JavaThread "Cache worker for file hash cache (C:\Users\xpmkm\.gradle\caches\7.0.2\fileHashes)" [_thread_blocked, id=10636, stack(0x000000e3e5500000,0x000000e3e5600000)]
  0x000002a179e4e800 JavaThread "File lock request listener" [_thread_in_native, id=9428, stack(0x000000e3e5600000,0x000000e3e5700000)]
  0x000002a179e4f800 JavaThread "Cache worker for journal cache (C:\Users\xpmkm\.gradle\caches\journal-1)" [_thread_blocked, id=9728, stack(0x000000e3e5800000,0x000000e3e5900000)]
  0x000002a179d83000 JavaThread "C2 CompilerThread1" daemon [_thread_blocked, id=8332, stack(0x000000e3e5900000,0x000000e3e5a00000)]
  0x000002a179e50000 JavaThread "Cache worker for file hash cache (C:\Users\xpmkm\Desktop\update_code_vezilla-server\codecanyon-L2GSbXtH-dairy-products-grocery-daily-milk-delivery-mobile-app-with-subscription-customer-app-delivery\test-vezilla-android-workspace\.gradle\7.0.2\fileHashes)" [_thread_blocked, id=4512, stack(0x000000e3e5a00000,0x000000e3e5b00000)]
  0x000002a179e4c000 JavaThread "File watcher server" daemon [_thread_blocked, id=2448, stack(0x000000e3e5b00000,0x000000e3e5c00000)]
  0x000002a179e4d000 JavaThread "File watcher consumer" daemon [_thread_blocked, id=2240, stack(0x000000e3e5c00000,0x000000e3e5d00000)]
  0x000002a179e4d800 JavaThread "Cache worker for checksums cache (C:\Users\xpmkm\Desktop\update_code_vezilla-server\codecanyon-L2GSbXtH-dairy-products-grocery-daily-milk-delivery-mobile-app-with-subscription-customer-app-delivery\test-vezilla-android-workspace\.gradle\checksums)" [_thread_blocked, id=1544, stack(0x000000e3e5d00000,0x000000e3e5e00000)]
  0x000002a179e52800 JavaThread "Cache worker for cache directory md-supplier (C:\Users\xpmkm\.gradle\caches\7.0.2\md-supplier)" [_thread_blocked, id=1308, stack(0x000000e3e5e00000,0x000000e3e5f00000)]
  0x000002a17b1dd000 JavaThread "Cache worker for cache directory md-rule (C:\Users\xpmkm\.gradle\caches\7.0.2\md-rule)" [_thread_blocked, id=6024, stack(0x000000e3e5f00000,0x000000e3e6000000)]
  0x000002a17b1d9000 JavaThread "Cache worker for execution history cache (C:\Users\xpmkm\.gradle\caches\7.0.2\executionHistory)" [_thread_blocked, id=13480, stack(0x000000e3e6100000,0x000000e3e6200000)]
  0x000002a17b1db000 JavaThread "jar transforms" [_thread_blocked, id=15324, stack(0x000000e3e6200000,0x000000e3e6300000)]
  0x000002a17b1d8800 JavaThread "jar transforms Thread 2" [_thread_blocked, id=13884, stack(0x000000e3e6300000,0x000000e3e6400000)]
  0x000002a17b1d7800 JavaThread "Cache worker for file content cache (C:\Users\xpmkm\.gradle\caches\7.0.2\fileContent)" [_thread_blocked, id=1528, stack(0x000000e3e6400000,0x000000e3e6500000)]
  0x000002a17b1e1800 JavaThread "Cache worker for dependencies-accessors (C:\Users\xpmkm\Desktop\update_code_vezilla-server\codecanyon-L2GSbXtH-dairy-products-grocery-daily-milk-delivery-mobile-app-with-subscription-customer-app-delivery\test-vezilla-android-workspace\.gradle\7.0.2\dependencies-accessors)" [_thread_blocked, id=13336, stack(0x000000e3e6500000,0x000000e3e6600000)]
  0x000002a17b1db800 JavaThread "jar transforms Thread 3" [_thread_blocked, id=9208, stack(0x000000e3e6600000,0x000000e3e6700000)]
  0x000002a17b1de000 JavaThread "Cache worker for Build Output Cleanup Cache (C:\Users\xpmkm\Desktop\update_code_vezilla-server\codecanyon-L2GSbXtH-dairy-products-grocery-daily-milk-delivery-mobile-app-with-subscription-customer-app-delivery\test-vezilla-android-workspace\.gradle\buildOutputCleanup)" [_thread_blocked, id=6796, stack(0x000000e3e6700000,0x000000e3e6800000)]
  0x000002a17b1e2000 JavaThread "Build operations" [_thread_blocked, id=9176, stack(0x000000e3e6800000,0x000000e3e6900000)]
  0x000002a17b1dc800 JavaThread "Build operations Thread 2" [_thread_blocked, id=10272, stack(0x000000e3e6900000,0x000000e3e6a00000)]
  0x000002a17b1e3000 JavaThread "Build operations Thread 3" [_thread_blocked, id=10936, stack(0x000000e3e6a00000,0x000000e3e6b00000)]
  0x000002a17b1e3800 JavaThread "Build operations Thread 4" [_thread_blocked, id=15104, stack(0x000000e3e6b00000,0x000000e3e6c00000)]
  0x000002a17b1e4800 JavaThread "Build operations Thread 5" [_thread_blocked, id=10216, stack(0x000000e3e6c00000,0x000000e3e6d00000)]
  0x000002a17b1df000 JavaThread "Build operations Thread 6" [_thread_blocked, id=11520, stack(0x000000e3e6d00000,0x000000e3e6e00000)]
  0x000002a17b1e5800 JavaThread "Build operations Thread 7" [_thread_blocked, id=6364, stack(0x000000e3e6e00000,0x000000e3e6f00000)]
  0x000002a17b1e6000 JavaThread "Build operations Thread 8" [_thread_blocked, id=2932, stack(0x000000e3e6f00000,0x000000e3e7000000)]
  0x000002a17a3ef800 JavaThread "jar transforms Thread 4" [_thread_blocked, id=8932, stack(0x000000e3e7000000,0x000000e3e7100000)]
  0x000002a17a3f0800 JavaThread "jar transforms Thread 5" [_thread_blocked, id=6300, stack(0x000000e3e7100000,0x000000e3e7200000)]
  0x000002a17a3ee800 JavaThread "jar transforms Thread 6" [_thread_blocked, id=14712, stack(0x000000e3e7200000,0x000000e3e7300000)]
  0x000002a17a3f2000 JavaThread "jar transforms Thread 7" [_thread_blocked, id=3852, stack(0x000000e3e7300000,0x000000e3e7400000)]
  0x000002a17a3f1000 JavaThread "jar transforms Thread 8" [_thread_blocked, id=12324, stack(0x000000e3e7400000,0x000000e3e7500000)]
  0x000002a17a3ec800 JavaThread "C2 CompilerThread2" daemon [_thread_blocked, id=1592, stack(0x000000e3e6000000,0x000000e3e6100000)]
  0x000002a17a3ed000 JavaThread "Memory manager" [_thread_blocked, id=8596, stack(0x000000e3e7800000,0x000000e3e7900000)]
  0x000002a17a3ee000 JavaThread "build event listener" [_thread_blocked, id=16180, stack(0x000000e3e7900000,0x000000e3e7a00000)]
  0x000002a17a3f5800 JavaThread "Execution worker for ':'" [_thread_blocked, id=14376, stack(0x000000e3e7a00000,0x000000e3e7b00000)]
  0x000002a17a3f8800 JavaThread "Execution worker for ':' Thread 2" [_thread_blocked, id=9420, stack(0x000000e3e7b00000,0x000000e3e7c00000)]
  0x000002a17a3f9800 JavaThread "Execution worker for ':' Thread 3" [_thread_blocked, id=14252, stack(0x000000e3e7c00000,0x000000e3e7d00000)]
  0x000002a17a3fa000 JavaThread "Execution worker for ':' Thread 4" [_thread_blocked, id=15320, stack(0x000000e3e7d00000,0x000000e3e7e00000)]
  0x000002a17a3f7800 JavaThread "Execution worker for ':' Thread 5" [_thread_blocked, id=5388, stack(0x000000e3e7e00000,0x000000e3e7f00000)]
  0x000002a17a3f6000 JavaThread "Execution worker for ':' Thread 6" [_thread_blocked, id=15252, stack(0x000000e3e7f00000,0x000000e3e8000000)]
  0x000002a17a3f4800 JavaThread "Execution worker for ':' Thread 7" [_thread_blocked, id=9272, stack(0x000000e3e8000000,0x000000e3e8100000)]
  0x000002a17a3f7000 JavaThread "Cache worker for execution history cache (C:\Users\xpmkm\Desktop\update_code_vezilla-server\codecanyon-L2GSbXtH-dairy-products-grocery-daily-milk-delivery-mobile-app-with-subscription-customer-app-delivery\test-vezilla-android-workspace\.gradle\7.0.2\executionHistory)" [_thread_blocked, id=9052, stack(0x000000e3e8100000,0x000000e3e8200000)]
  0x000002a17a3fb000 JavaThread "WorkerExecutor Queue" [_thread_blocked, id=5932, stack(0x000000e3e8200000,0x000000e3e8300000)]
  0x000002a1037ae000 JavaThread "WorkerExecutor Queue Thread 2" [_thread_blocked, id=11572, stack(0x000000e3e8300000,0x000000e3e8400000)]
  0x000002a1037ae800 JavaThread "WorkerExecutor Queue Thread 3" [_thread_blocked, id=440, stack(0x000000e3e8400000,0x000000e3e8500000)]
  0x000002a1037af800 JavaThread "WorkerExecutor Queue Thread 4" [_thread_blocked, id=10176, stack(0x000000e3e8500000,0x000000e3e8600000)]
  0x000002a1037b0800 JavaThread "pool-3-thread-1" [_thread_blocked, id=3348, stack(0x000000e3e8600000,0x000000e3e8700000)]
  0x000002a1037b1000 JavaThread "stderr" [_thread_in_native, id=11512, stack(0x000000e3e8700000,0x000000e3e8800000)]
  0x000002a1037b2000 JavaThread "stdout" [_thread_in_native, id=14256, stack(0x000000e3e8800000,0x000000e3e8900000)]

Other Threads:
=>0x000002a176f76000 VMThread "VM Thread" [stack: 0x000000e3e3900000,0x000000e3e3a00000] [id=14036]
  0x000002a177a51000 WatcherThread [stack: 0x000000e3e4300000,0x000000e3e4400000] [id=13224]
  0x000002a15cb30000 GCTaskThread "GC Thread#0" [stack: 0x000000e3e3400000,0x000000e3e3500000] [id=10500]
  0x000002a17866e800 GCTaskThread "GC Thread#1" [stack: 0x000000e3e4500000,0x000000e3e4600000] [id=16160]
  0x000002a178630000 GCTaskThread "GC Thread#2" [stack: 0x000000e3e4600000,0x000000e3e4700000] [id=6472]
  0x000002a179ea4000 GCTaskThread "GC Thread#3" [stack: 0x000000e3e5000000,0x000000e3e5100000] [id=10436]
  0x000002a1799c8800 GCTaskThread "GC Thread#4" [stack: 0x000000e3e5100000,0x000000e3e5200000] [id=7536]
  0x000002a179450800 GCTaskThread "GC Thread#5" [stack: 0x000000e3e5200000,0x000000e3e5300000] [id=12432]
  0x000002a179c51800 GCTaskThread "GC Thread#6" [stack: 0x000000e3e5300000,0x000000e3e5400000] [id=7424]
  0x000002a179c52000 GCTaskThread "GC Thread#7" [stack: 0x000000e3e5400000,0x000000e3e5500000] [id=14596]
  0x000002a15cb5f800 ConcurrentGCThread "G1 Main Marker" [stack: 0x000000e3e3500000,0x000000e3e3600000] [id=14892]
  0x000002a15cb61000 ConcurrentGCThread "G1 Conc#0" [stack: 0x000000e3e3600000,0x000000e3e3700000] [id=9912]
  0x000002a17a601800 ConcurrentGCThread "G1 Conc#1" [stack: 0x000000e3e5700000,0x000000e3e5800000] [id=8952]
  0x000002a15cbed800 ConcurrentGCThread "G1 Refine#0" [stack: 0x000000e3e3700000,0x000000e3e3800000] [id=9624]
  0x000002a17ca1b800 ConcurrentGCThread "G1 Refine#1" [stack: 0x000000e3e7500000,0x000000e3e7600000] [id=4224]
  0x000002a17cd74000 ConcurrentGCThread "G1 Refine#2" [stack: 0x000000e3e7600000,0x000000e3e7700000] [id=13888]
  0x000002a17cd75000 ConcurrentGCThread "G1 Refine#3" [stack: 0x000000e3e7700000,0x000000e3e7800000] [id=7404]
  0x000002a176dc6800 ConcurrentGCThread "G1 Young RemSet Sampling" [stack: 0x000000e3e3800000,0x000000e3e3900000] [id=11684]

Threads with active compile tasks:
C2 CompilerThread0  18469 12097       4       com.android.tools.r8.graph.Q::F (30 bytes)
C2 CompilerThread1  18469 12022 %     4       com.android.tools.r8.dex.j::m @ 64 (2086 bytes)
C2 CompilerThread2  18469 12105       4       com.android.tools.r8.graph.c0::G (24 bytes)

VM state:at safepoint (normal execution)

VM Mutex/Monitor currently owned by a thread:  ([mutex/lock_event])
[0x000002a15cb10ea0] Threads_lock - owner thread: 0x000002a176f76000
[0x000002a15cb12760] Heap_lock - owner thread: 0x000002a1037ae800

Heap address: 0x0000000080000000, size: 2048 MB, Compressed Oops mode: 32-bit
Narrow klass base: 0x0000000000000000, Narrow klass shift: 3
Compressed class space size: 1073741824 Address: 0x0000000100000000

Heap:
 garbage-first heap   total 225280K, used 139161K [0x0000000080000000, 0x0000000100000000)
  region size 1024K, 5 young (5120K), 5 survivors (5120K)
 Metaspace       used 90365K, capacity 93023K, committed 93260K, reserved 1130496K
  class space    used 11641K, capacity 12588K, committed 12620K, reserved 1048576K
Heap Regions: E=young(eden), S=young(survivor), O=old, HS=humongous(starts), HC=humongous(continues), CS=collection set, F=free, A=archive, TAMS=top-at-mark-start (previous, next)
|   0|0x0000000080000000, 0x0000000080100000, 0x0000000080100000|100%| O|  |TAMS 0x0000000080100000, 0x0000000080000000| Untracked 
|   1|0x0000000080100000, 0x0000000080200000, 0x0000000080200000|100%| O|  |TAMS 0x0000000080200000, 0x0000000080100000| Untracked 
|   2|0x0000000080200000, 0x0000000080300000, 0x0000000080300000|100%| O|  |TAMS 0x0000000080300000, 0x0000000080200000| Untracked 
|   3|0x0000000080300000, 0x0000000080400000, 0x0000000080400000|100%|HS|  |TAMS 0x0000000080400000, 0x0000000080300000| Complete 
|   4|0x0000000080400000, 0x0000000080500000, 0x0000000080500000|100%|HC|  |TAMS 0x0000000080500000, 0x0000000080400000| Complete 
|   5|0x0000000080500000, 0x0000000080600000, 0x0000000080600000|100%|HC|  |TAMS 0x0000000080600000, 0x0000000080500000| Complete 
|   6|0x0000000080600000, 0x0000000080700000, 0x0000000080700000|100%| O|  |TAMS 0x0000000080700000, 0x0000000080600000| Untracked 
|   7|0x0000000080700000, 0x0000000080800000, 0x0000000080800000|100%| O|  |TAMS 0x0000000080800000, 0x0000000080700000| Untracked 
|   8|0x0000000080800000, 0x0000000080900000, 0x0000000080900000|100%| O|  |TAMS 0x0000000080900000, 0x0000000080800000| Untracked 
|   9|0x0000000080900000, 0x0000000080a00000, 0x0000000080a00000|100%| O|  |TAMS 0x0000000080a00000, 0x0000000080900000| Untracked 
|  10|0x0000000080a00000, 0x0000000080b00000, 0x0000000080b00000|100%| O|  |TAMS 0x0000000080b00000, 0x0000000080a00000| Untracked 
|  11|0x0000000080b00000, 0x0000000080c00000, 0x0000000080c00000|100%| O|  |TAMS 0x0000000080c00000, 0x0000000080b00000| Untracked 
|  12|0x0000000080c00000, 0x0000000080d00000, 0x0000000080d00000|100%| O|  |TAMS 0x0000000080d00000, 0x0000000080c00000| Untracked 
|  13|0x0000000080d00000, 0x0000000080e00000, 0x0000000080e00000|100%| O|  |TAMS 0x0000000080e00000, 0x0000000080d00000| Untracked 
|  14|0x0000000080e00000, 0x0000000080f00000, 0x0000000080f00000|100%| O|  |TAMS 0x0000000080f00000, 0x0000000080e00000| Untracked 
|  15|0x0000000080f00000, 0x0000000081000000, 0x0000000081000000|100%| O|  |TAMS 0x0000000081000000, 0x0000000080f00000| Untracked 
|  16|0x0000000081000000, 0x0000000081100000, 0x0000000081100000|100%| O|  |TAMS 0x0000000081100000, 0x0000000081000000| Untracked 
|  17|0x0000000081100000, 0x0000000081200000, 0x0000000081200000|100%|HS|  |TAMS 0x0000000081200000, 0x0000000081100000| Complete 
|  18|0x0000000081200000, 0x0000000081300000, 0x0000000081300000|100%| O|  |TAMS 0x0000000081300000, 0x0000000081200000| Untracked 
|  19|0x0000000081300000, 0x0000000081400000, 0x0000000081400000|100%| O|  |TAMS 0x0000000081400000, 0x0000000081300000| Untracked 
|  20|0x0000000081400000, 0x0000000081500000, 0x0000000081500000|100%| O|  |TAMS 0x0000000081500000, 0x0000000081400000| Untracked 
|  21|0x0000000081500000, 0x0000000081600000, 0x0000000081600000|100%| O|  |TAMS 0x0000000081600000, 0x0000000081500000| Untracked 
|  22|0x0000000081600000, 0x0000000081700000, 0x0000000081700000|100%| O|  |TAMS 0x0000000081700000, 0x0000000081600000| Untracked 
|  23|0x0000000081700000, 0x0000000081800000, 0x0000000081800000|100%|HS|  |TAMS 0x0000000081800000, 0x0000000081700000| Complete 
|  24|0x0000000081800000, 0x0000000081900000, 0x0000000081900000|100%|HS|  |TAMS 0x0000000081900000, 0x0000000081800000| Complete 
|  25|0x0000000081900000, 0x0000000081a00000, 0x0000000081a00000|100%|HC|  |TAMS 0x0000000081a00000, 0x0000000081900000| Complete 
|  26|0x0000000081a00000, 0x0000000081b00000, 0x0000000081b00000|100%| O|  |TAMS 0x0000000081b00000, 0x0000000081a00000| Untracked 
|  27|0x0000000081b00000, 0x0000000081c00000, 0x0000000081c00000|100%| O|  |TAMS 0x0000000081c00000, 0x0000000081b00000| Untracked 
|  28|0x0000000081c00000, 0x0000000081d00000, 0x0000000081d00000|100%| O|  |TAMS 0x0000000081d00000, 0x0000000081c00000| Untracked 
|  29|0x0000000081d00000, 0x0000000081e00000, 0x0000000081e00000|100%| O|  |TAMS 0x0000000081e00000, 0x0000000081d00000| Untracked 
|  30|0x0000000081e00000, 0x0000000081f00000, 0x0000000081f00000|100%| O|  |TAMS 0x0000000081f00000, 0x0000000081e00000| Untracked 
|  31|0x0000000081f00000, 0x0000000082000000, 0x0000000082000000|100%| O|  |TAMS 0x0000000082000000, 0x0000000081f00000| Untracked 
|  32|0x0000000082000000, 0x0000000082100000, 0x0000000082100000|100%| O|  |TAMS 0x0000000082100000, 0x0000000082000000| Untracked 
|  33|0x0000000082100000, 0x0000000082200000, 0x0000000082200000|100%| O|  |TAMS 0x0000000082200000, 0x0000000082100000| Untracked 
|  34|0x0000000082200000, 0x0000000082300000, 0x0000000082300000|100%| O|  |TAMS 0x0000000082300000, 0x0000000082200000| Untracked 
|  35|0x0000000082300000, 0x0000000082400000, 0x0000000082400000|100%| O|  |TAMS 0x0000000082400000, 0x0000000082300000| Untracked 
|  36|0x0000000082400000, 0x0000000082500000, 0x0000000082500000|100%| O|  |TAMS 0x0000000082500000, 0x0000000082400000| Untracked 
|  37|0x0000000082500000, 0x0000000082600000, 0x0000000082600000|100%| O|  |TAMS 0x0000000082600000, 0x0000000082500000| Untracked 
|  38|0x0000000082600000, 0x0000000082700000, 0x0000000082700000|100%| O|  |TAMS 0x0000000082700000, 0x0000000082600000| Untracked 
|  39|0x0000000082700000, 0x0000000082800000, 0x0000000082800000|100%| O|  |TAMS 0x0000000082800000, 0x0000000082700000| Untracked 
|  40|0x0000000082800000, 0x0000000082900000, 0x0000000082900000|100%| O|  |TAMS 0x0000000082900000, 0x0000000082800000| Untracked 
|  41|0x0000000082900000, 0x0000000082a00000, 0x0000000082a00000|100%| O|  |TAMS 0x0000000082a00000, 0x0000000082900000| Untracked 
|  42|0x0000000082a00000, 0x0000000082b00000, 0x0000000082b00000|100%| O|  |TAMS 0x0000000082b00000, 0x0000000082a00000| Untracked 
|  43|0x0000000082b00000, 0x0000000082c00000, 0x0000000082c00000|100%| O|  |TAMS 0x0000000082c00000, 0x0000000082b00000| Untracked 
|  44|0x0000000082c00000, 0x0000000082d00000, 0x0000000082d00000|100%| O|  |TAMS 0x0000000082d00000, 0x0000000082c00000| Untracked 
|  45|0x0000000082d00000, 0x0000000082e00000, 0x0000000082e00000|100%| O|  |TAMS 0x0000000082e00000, 0x0000000082d00000| Untracked 
|  46|0x0000000082e00000, 0x0000000082f00000, 0x0000000082f00000|100%| O|  |TAMS 0x0000000082f00000, 0x0000000082e00000| Untracked 
|  47|0x0000000082f00000, 0x0000000083000000, 0x0000000083000000|100%| O|  |TAMS 0x0000000083000000, 0x0000000082f00000| Untracked 
|  48|0x0000000083000000, 0x0000000083100000, 0x0000000083100000|100%| O|  |TAMS 0x0000000083100000, 0x0000000083000000| Untracked 
|  49|0x0000000083100000, 0x0000000083200000, 0x0000000083200000|100%| O|  |TAMS 0x0000000083200000, 0x0000000083100000| Untracked 
|  50|0x0000000083200000, 0x0000000083300000, 0x0000000083300000|100%| O|  |TAMS 0x0000000083300000, 0x0000000083200000| Untracked 
|  51|0x0000000083300000, 0x0000000083400000, 0x0000000083400000|100%| O|  |TAMS 0x0000000083400000, 0x0000000083300000| Untracked 
|  52|0x0000000083400000, 0x0000000083500000, 0x0000000083500000|100%| O|  |TAMS 0x0000000083500000, 0x0000000083400000| Untracked 
|  53|0x0000000083500000, 0x0000000083600000, 0x0000000083600000|100%| O|  |TAMS 0x0000000083600000, 0x0000000083500000| Untracked 
|  54|0x0000000083600000, 0x0000000083700000, 0x0000000083700000|100%| O|  |TAMS 0x0000000083700000, 0x0000000083600000| Untracked 
|  55|0x0000000083700000, 0x0000000083800000, 0x0000000083800000|100%| O|  |TAMS 0x0000000083800000, 0x0000000083700000| Untracked 
|  56|0x0000000083800000, 0x0000000083900000, 0x0000000083900000|100%| O|  |TAMS 0x0000000083900000, 0x0000000083800000| Untracked 
|  57|0x0000000083900000, 0x0000000083a00000, 0x0000000083a00000|100%| O|  |TAMS 0x0000000083a00000, 0x0000000083900000| Untracked 
|  58|0x0000000083a00000, 0x0000000083b00000, 0x0000000083b00000|100%| O|  |TAMS 0x0000000083b00000, 0x0000000083a00000| Untracked 
|  59|0x0000000083b00000, 0x0000000083c00000, 0x0000000083c00000|100%| O|  |TAMS 0x0000000083c00000, 0x0000000083b00000| Untracked 
|  60|0x0000000083c00000, 0x0000000083d00000, 0x0000000083d00000|100%| O|  |TAMS 0x0000000083d00000, 0x0000000083c00000| Untracked 
|  61|0x0000000083d00000, 0x0000000083e00000, 0x0000000083e00000|100%| O|  |TAMS 0x0000000083e00000, 0x0000000083d00000| Untracked 
|  62|0x0000000083e00000, 0x0000000083f00000, 0x0000000083f00000|100%| O|  |TAMS 0x0000000083f00000, 0x0000000083e00000| Untracked 
|  63|0x0000000083f00000, 0x0000000084000000, 0x0000000084000000|100%| O|  |TAMS 0x0000000084000000, 0x0000000083f00000| Untracked 
|  64|0x0000000084000000, 0x0000000084100000, 0x0000000084100000|100%| O|  |TAMS 0x0000000084100000, 0x0000000084000000| Untracked 
|  65|0x0000000084100000, 0x0000000084200000, 0x0000000084200000|100%| O|  |TAMS 0x0000000084200000, 0x0000000084100000| Untracked 
|  66|0x0000000084200000, 0x0000000084300000, 0x0000000084300000|100%| O|  |TAMS 0x0000000084300000, 0x0000000084200000| Untracked 
|  67|0x0000000084300000, 0x0000000084400000, 0x0000000084400000|100%| O|  |TAMS 0x0000000084400000, 0x0000000084300000| Untracked 
|  68|0x0000000084400000, 0x0000000084500000, 0x0000000084500000|100%| O|  |TAMS 0x0000000084500000, 0x0000000084400000| Untracked 
|  69|0x0000000084500000, 0x0000000084600000, 0x0000000084600000|100%| O|  |TAMS 0x0000000084600000, 0x0000000084500000| Untracked 
|  70|0x0000000084600000, 0x0000000084700000, 0x0000000084700000|100%| O|  |TAMS 0x0000000084700000, 0x0000000084600000| Untracked 
|  71|0x0000000084700000, 0x0000000084800000, 0x0000000084800000|100%| O|  |TAMS 0x0000000084800000, 0x0000000084700000| Untracked 
|  72|0x0000000084800000, 0x0000000084900000, 0x0000000084900000|100%| O|  |TAMS 0x0000000084900000, 0x0000000084800000| Untracked 
|  73|0x0000000084900000, 0x0000000084a00000, 0x0000000084a00000|100%| O|  |TAMS 0x0000000084a00000, 0x0000000084900000| Untracked 
|  74|0x0000000084a00000, 0x0000000084b00000, 0x0000000084b00000|100%| O|  |TAMS 0x0000000084b00000, 0x0000000084a00000| Untracked 
|  75|0x0000000084b00000, 0x0000000084c00000, 0x0000000084c00000|100%| O|  |TAMS 0x0000000084c00000, 0x0000000084b00000| Untracked 
|  76|0x0000000084c00000, 0x0000000084d00000, 0x0000000084d00000|100%| O|  |TAMS 0x0000000084d00000, 0x0000000084c00000| Untracked 
|  77|0x0000000084d00000, 0x0000000084e00000, 0x0000000084e00000|100%| O|  |TAMS 0x0000000084e00000, 0x0000000084d00000| Untracked 
|  78|0x0000000084e00000, 0x0000000084f00000, 0x0000000084f00000|100%| O|  |TAMS 0x0000000084f00000, 0x0000000084e00000| Untracked 
|  79|0x0000000084f00000, 0x0000000085000000, 0x0000000085000000|100%| O|  |TAMS 0x0000000085000000, 0x0000000084f00000| Untracked 
|  80|0x0000000085000000, 0x0000000085100000, 0x0000000085100000|100%| O|  |TAMS 0x0000000085100000, 0x0000000085000000| Untracked 
|  81|0x0000000085100000, 0x0000000085200000, 0x0000000085200000|100%|HS|  |TAMS 0x0000000085200000, 0x0000000085100000| Complete 
|  82|0x0000000085200000, 0x0000000085300000, 0x0000000085300000|100%|HC|  |TAMS 0x0000000085300000, 0x0000000085200000| Complete 
|  83|0x0000000085300000, 0x0000000085400000, 0x0000000085400000|100%| O|  |TAMS 0x0000000085400000, 0x0000000085300000| Untracked 
|  84|0x0000000085400000, 0x0000000085500000, 0x0000000085500000|100%| O|  |TAMS 0x0000000085500000, 0x0000000085400000| Untracked 
|  85|0x0000000085500000, 0x0000000085600000, 0x0000000085600000|100%| O|  |TAMS 0x0000000085600000, 0x0000000085500000| Untracked 
|  86|0x0000000085600000, 0x0000000085700000, 0x0000000085700000|100%| O|  |TAMS 0x0000000085700000, 0x0000000085600000| Untracked 
|  87|0x0000000085700000, 0x0000000085800000, 0x0000000085800000|100%|HS|  |TAMS 0x0000000085800000, 0x0000000085700000| Complete 
|  88|0x0000000085800000, 0x0000000085900000, 0x0000000085900000|100%|HS|  |TAMS 0x0000000085900000, 0x0000000085800000| Complete 
|  89|0x0000000085900000, 0x0000000085a00000, 0x0000000085a00000|100%|HS|  |TAMS 0x0000000085a00000, 0x0000000085900000| Complete 
|  90|0x0000000085a00000, 0x0000000085b00000, 0x0000000085b00000|100%|HS|  |TAMS 0x0000000085b00000, 0x0000000085a00000| Complete 
|  91|0x0000000085b00000, 0x0000000085c00000, 0x0000000085c00000|100%|HS|  |TAMS 0x0000000085c00000, 0x0000000085b00000| Complete 
|  92|0x0000000085c00000, 0x0000000085d00000, 0x0000000085d00000|100%| O|  |TAMS 0x0000000085d00000, 0x0000000085c00000| Untracked 
|  93|0x0000000085d00000, 0x0000000085e00000, 0x0000000085e00000|100%| O|  |TAMS 0x0000000085e00000, 0x0000000085d00000| Untracked 
|  94|0x0000000085e00000, 0x0000000085f00000, 0x0000000085f00000|100%| O|  |TAMS 0x0000000085f00000, 0x0000000085e00000| Untracked 
|  95|0x0000000085f00000, 0x0000000086000000, 0x0000000086000000|100%|HS|  |TAMS 0x0000000086000000, 0x0000000085f00000| Complete 
|  96|0x0000000086000000, 0x0000000086100000, 0x0000000086100000|100%|HS|  |TAMS 0x0000000086100000, 0x0000000086000000| Complete 
|  97|0x0000000086100000, 0x0000000086200000, 0x0000000086200000|100%|HC|  |TAMS 0x0000000086200000, 0x0000000086100000| Complete 
|  98|0x0000000086200000, 0x0000000086300000, 0x0000000086300000|100%|HS|  |TAMS 0x0000000086300000, 0x0000000086200000| Complete 
|  99|0x0000000086300000, 0x0000000086400000, 0x0000000086400000|100%|HC|  |TAMS 0x0000000086400000, 0x0000000086300000| Complete 
| 100|0x0000000086400000, 0x0000000086500000, 0x0000000086500000|100%| O|  |TAMS 0x0000000086500000, 0x0000000086400000| Untracked 
| 101|0x0000000086500000, 0x0000000086600000, 0x0000000086600000|100%| O|  |TAMS 0x0000000086600000, 0x0000000086500000| Untracked 
| 102|0x0000000086600000, 0x0000000086700000, 0x0000000086700000|100%| O|  |TAMS 0x0000000086700000, 0x0000000086600000| Untracked 
| 103|0x0000000086700000, 0x0000000086800000, 0x0000000086800000|100%| O|  |TAMS 0x0000000086800000, 0x0000000086700000| Untracked 
| 104|0x0000000086800000, 0x0000000086900000, 0x0000000086900000|100%| O|  |TAMS 0x0000000086900000, 0x0000000086800000| Untracked 
| 105|0x0000000086900000, 0x0000000086a00000, 0x0000000086a00000|100%| O|  |TAMS 0x0000000086a00000, 0x0000000086900000| Untracked 
| 106|0x0000000086a00000, 0x0000000086b00000, 0x0000000086b00000|100%| O|  |TAMS 0x0000000086b00000, 0x0000000086a00000| Untracked 
| 107|0x0000000086b00000, 0x0000000086c00000, 0x0000000086c00000|100%| O|  |TAMS 0x0000000086be5200, 0x0000000086b00000| Untracked 
| 108|0x0000000086c00000, 0x0000000086c00000, 0x0000000086d00000|  0%| F|  |TAMS 0x0000000086c00000, 0x0000000086c00000| Untracked 
| 109|0x0000000086d00000, 0x0000000086d00000, 0x0000000086e00000|  0%| F|  |TAMS 0x0000000086d00000, 0x0000000086d00000| Untracked 
| 110|0x0000000086e00000, 0x0000000086f00000, 0x0000000086f00000|100%|HS|  |TAMS 0x0000000086e00000, 0x0000000086e00000| Complete 
| 111|0x0000000086f00000, 0x0000000087000000, 0x0000000087000000|100%|HC|  |TAMS 0x0000000086f00000, 0x0000000086f00000| Complete 
| 112|0x0000000087000000, 0x0000000087000000, 0x0000000087100000|  0%| F|  |TAMS 0x0000000087000000, 0x0000000087000000| Untracked 
| 113|0x0000000087100000, 0x0000000087200000, 0x0000000087200000|100%|HS|  |TAMS 0x0000000087100000, 0x0000000087100000| Complete 
| 114|0x0000000087200000, 0x0000000087200000, 0x0000000087300000|  0%| F|  |TAMS 0x0000000087200000, 0x0000000087200000| Untracked 
| 115|0x0000000087300000, 0x0000000087400000, 0x0000000087400000|100%|HS|  |TAMS 0x0000000087300000, 0x0000000087300000| Complete 
| 116|0x0000000087400000, 0x0000000087400000, 0x0000000087500000|  0%| F|  |TAMS 0x0000000087400000, 0x0000000087400000| Untracked 
| 117|0x0000000087500000, 0x0000000087600000, 0x0000000087600000|100%|HS|  |TAMS 0x0000000087500000, 0x0000000087500000| Complete 
| 118|0x0000000087600000, 0x0000000087600000, 0x0000000087700000|  0%| F|  |TAMS 0x0000000087600000, 0x0000000087600000| Untracked 
| 119|0x0000000087700000, 0x0000000087800000, 0x0000000087800000|100%|HS|  |TAMS 0x0000000087700000, 0x0000000087700000| Complete 
| 120|0x0000000087800000, 0x0000000087800000, 0x0000000087900000|  0%| F|  |TAMS 0x0000000087800000, 0x0000000087800000| Untracked 
| 121|0x0000000087900000, 0x0000000087a00000, 0x0000000087a00000|100%|HS|  |TAMS 0x0000000087900000, 0x0000000087900000| Complete 
| 122|0x0000000087a00000, 0x0000000087a00000, 0x0000000087b00000|  0%| F|  |TAMS 0x0000000087a00000, 0x0000000087a00000| Untracked 
| 123|0x0000000087b00000, 0x0000000087c00000, 0x0000000087c00000|100%|HS|  |TAMS 0x0000000087b00000, 0x0000000087b00000| Complete 
| 124|0x0000000087c00000, 0x0000000087c00000, 0x0000000087d00000|  0%| F|  |TAMS 0x0000000087c00000, 0x0000000087c00000| Untracked 
| 125|0x0000000087d00000, 0x0000000087d00000, 0x0000000087e00000|  0%| F|  |TAMS 0x0000000087d00000, 0x0000000087d00000| Untracked 
| 126|0x0000000087e00000, 0x0000000087f00000, 0x0000000087f00000|100%|HS|  |TAMS 0x0000000087e00000, 0x0000000087e00000| Complete 
| 127|0x0000000087f00000, 0x0000000088000000, 0x0000000088000000|100%|HC|  |TAMS 0x0000000087f00000, 0x0000000087f00000| Complete 
| 128|0x0000000088000000, 0x0000000088000000, 0x0000000088100000|  0%| F|  |TAMS 0x0000000088000000, 0x0000000088000000| Untracked 
| 129|0x0000000088100000, 0x0000000088100000, 0x0000000088200000|  0%| F|  |TAMS 0x0000000088100000, 0x0000000088100000| Untracked 
| 130|0x0000000088200000, 0x0000000088300000, 0x0000000088300000|100%|HS|  |TAMS 0x0000000088200000, 0x0000000088200000| Complete 
| 131|0x0000000088300000, 0x0000000088400000, 0x0000000088400000|100%|HC|  |TAMS 0x0000000088300000, 0x0000000088300000| Complete 
| 132|0x0000000088400000, 0x0000000088500000, 0x0000000088500000|100%| O|  |TAMS 0x0000000088400000, 0x0000000088400000| Untracked 
| 133|0x0000000088500000, 0x0000000088600000, 0x0000000088600000|100%| O|  |TAMS 0x0000000088500000, 0x0000000088500000| Untracked 
| 134|0x0000000088600000, 0x0000000088700000, 0x0000000088700000|100%| O|  |TAMS 0x0000000088600000, 0x0000000088600000| Untracked 
| 135|0x0000000088700000, 0x0000000088800000, 0x0000000088800000|100%| O|  |TAMS 0x0000000088700000, 0x0000000088700000| Untracked 
| 136|0x0000000088800000, 0x0000000088900000, 0x0000000088900000|100%| O|  |TAMS 0x0000000088800000, 0x0000000088800000| Untracked 
| 137|0x0000000088900000, 0x0000000088a00000, 0x0000000088a00000|100%| O|  |TAMS 0x0000000088900000, 0x0000000088900000| Untracked 
| 138|0x0000000088a00000, 0x0000000088b00000, 0x0000000088b00000|100%| O|  |TAMS 0x0000000088a00000, 0x0000000088a00000| Untracked 
| 139|0x0000000088b00000, 0x0000000088c00000, 0x0000000088c00000|100%| O|  |TAMS 0x0000000088b00000, 0x0000000088b00000| Untracked 
| 140|0x0000000088c00000, 0x0000000088d00000, 0x0000000088d00000|100%| O|  |TAMS 0x0000000088c00000, 0x0000000088c00000| Untracked 
| 141|0x0000000088d00000, 0x0000000088e00000, 0x0000000088e00000|100%| O|  |TAMS 0x0000000088d00000, 0x0000000088d00000| Untracked 
| 142|0x0000000088e00000, 0x0000000088ee6400, 0x0000000088f00000| 89%| O|  |TAMS 0x0000000088e00000, 0x0000000088e00000| Untracked 
| 143|0x0000000088f00000, 0x0000000089000000, 0x0000000089000000|100%| S|CS|TAMS 0x0000000088f00000, 0x0000000088f00000| Complete 
| 144|0x0000000089000000, 0x0000000089100000, 0x0000000089100000|100%| S|CS|TAMS 0x0000000089000000, 0x0000000089000000| Complete 
| 145|0x0000000089100000, 0x0000000089200000, 0x0000000089200000|100%| S|CS|TAMS 0x0000000089100000, 0x0000000089100000| Complete 
| 146|0x0000000089200000, 0x0000000089300000, 0x0000000089300000|100%| S|CS|TAMS 0x0000000089200000, 0x0000000089200000| Complete 
| 147|0x0000000089300000, 0x0000000089400000, 0x0000000089400000|100%| S|CS|TAMS 0x0000000089300000, 0x0000000089300000| Complete 
| 148|0x0000000089400000, 0x0000000089400000, 0x0000000089500000|  0%| F|  |TAMS 0x0000000089400000, 0x0000000089400000| Untracked 
| 149|0x0000000089500000, 0x0000000089500000, 0x0000000089600000|  0%| F|  |TAMS 0x0000000089500000, 0x0000000089500000| Untracked 
| 150|0x0000000089600000, 0x0000000089600000, 0x0000000089700000|  0%| F|  |TAMS 0x0000000089600000, 0x0000000089600000| Untracked 
| 151|0x0000000089700000, 0x0000000089700000, 0x0000000089800000|  0%| F|  |TAMS 0x0000000089700000, 0x0000000089700000| Untracked 
| 152|0x0000000089800000, 0x0000000089800000, 0x0000000089900000|  0%| F|  |TAMS 0x0000000089800000, 0x0000000089800000| Untracked 
| 153|0x0000000089900000, 0x0000000089900000, 0x0000000089a00000|  0%| F|  |TAMS 0x0000000089900000, 0x0000000089900000| Untracked 
| 154|0x0000000089a00000, 0x0000000089a00000, 0x0000000089b00000|  0%| F|  |TAMS 0x0000000089a00000, 0x0000000089a00000| Untracked 
| 155|0x0000000089b00000, 0x0000000089b00000, 0x0000000089c00000|  0%| F|  |TAMS 0x0000000089b00000, 0x0000000089b00000| Untracked 
| 156|0x0000000089c00000, 0x0000000089c00000, 0x0000000089d00000|  0%| F|  |TAMS 0x0000000089c00000, 0x0000000089c00000| Untracked 
| 157|0x0000000089d00000, 0x0000000089d00000, 0x0000000089e00000|  0%| F|  |TAMS 0x0000000089d00000, 0x0000000089d00000| Untracked 
| 158|0x0000000089e00000, 0x0000000089e00000, 0x0000000089f00000|  0%| F|  |TAMS 0x0000000089e00000, 0x0000000089e00000| Untracked 
| 159|0x0000000089f00000, 0x0000000089f00000, 0x000000008a000000|  0%| F|  |TAMS 0x0000000089f00000, 0x0000000089f00000| Untracked 
| 160|0x000000008a000000, 0x000000008a000000, 0x000000008a100000|  0%| F|  |TAMS 0x000000008a000000, 0x000000008a000000| Untracked 
| 161|0x000000008a100000, 0x000000008a100000, 0x000000008a200000|  0%| F|  |TAMS 0x000000008a100000, 0x000000008a100000| Untracked 
| 162|0x000000008a200000, 0x000000008a200000, 0x000000008a300000|  0%| F|  |TAMS 0x000000008a200000, 0x000000008a200000| Untracked 
| 163|0x000000008a300000, 0x000000008a300000, 0x000000008a400000|  0%| F|  |TAMS 0x000000008a300000, 0x000000008a300000| Untracked 
| 164|0x000000008a400000, 0x000000008a400000, 0x000000008a500000|  0%| F|  |TAMS 0x000000008a400000, 0x000000008a400000| Untracked 
| 165|0x000000008a500000, 0x000000008a500000, 0x000000008a600000|  0%| F|  |TAMS 0x000000008a500000, 0x000000008a500000| Untracked 
| 166|0x000000008a600000, 0x000000008a600000, 0x000000008a700000|  0%| F|  |TAMS 0x000000008a600000, 0x000000008a600000| Untracked 
| 167|0x000000008a700000, 0x000000008a700000, 0x000000008a800000|  0%| F|  |TAMS 0x000000008a700000, 0x000000008a700000| Untracked 
| 168|0x000000008a800000, 0x000000008a800000, 0x000000008a900000|  0%| F|  |TAMS 0x000000008a800000, 0x000000008a800000| Untracked 
| 169|0x000000008a900000, 0x000000008a900000, 0x000000008aa00000|  0%| F|  |TAMS 0x000000008a900000, 0x000000008a900000| Untracked 
| 170|0x000000008aa00000, 0x000000008aa00000, 0x000000008ab00000|  0%| F|  |TAMS 0x000000008aa00000, 0x000000008aa00000| Untracked 
| 171|0x000000008ab00000, 0x000000008ab00000, 0x000000008ac00000|  0%| F|  |TAMS 0x000000008ab00000, 0x000000008ab00000| Untracked 
| 172|0x000000008ac00000, 0x000000008ac00000, 0x000000008ad00000|  0%| F|  |TAMS 0x000000008ac00000, 0x000000008ac00000| Untracked 
| 173|0x000000008ad00000, 0x000000008ad00000, 0x000000008ae00000|  0%| F|  |TAMS 0x000000008ad00000, 0x000000008ad00000| Untracked 
| 174|0x000000008ae00000, 0x000000008ae00000, 0x000000008af00000|  0%| F|  |TAMS 0x000000008ae00000, 0x000000008ae00000| Untracked 
| 175|0x000000008af00000, 0x000000008af00000, 0x000000008b000000|  0%| F|  |TAMS 0x000000008af00000, 0x000000008af00000| Untracked 
| 176|0x000000008b000000, 0x000000008b000000, 0x000000008b100000|  0%| F|  |TAMS 0x000000008b000000, 0x000000008b000000| Untracked 
| 177|0x000000008b100000, 0x000000008b100000, 0x000000008b200000|  0%| F|  |TAMS 0x000000008b100000, 0x000000008b100000| Untracked 
| 178|0x000000008b200000, 0x000000008b200000, 0x000000008b300000|  0%| F|  |TAMS 0x000000008b200000, 0x000000008b200000| Untracked 
| 179|0x000000008b300000, 0x000000008b300000, 0x000000008b400000|  0%| F|  |TAMS 0x000000008b300000, 0x000000008b300000| Untracked 
| 180|0x000000008b400000, 0x000000008b400000, 0x000000008b500000|  0%| F|  |TAMS 0x000000008b400000, 0x000000008b400000| Untracked 
| 181|0x000000008b500000, 0x000000008b500000, 0x000000008b600000|  0%| F|  |TAMS 0x000000008b500000, 0x000000008b500000| Untracked 
| 182|0x000000008b600000, 0x000000008b600000, 0x000000008b700000|  0%| F|  |TAMS 0x000000008b600000, 0x000000008b600000| Untracked 

Card table byte_map: [0x000002a16fd30000,0x000002a170130000] _byte_map_base: 0x000002a16f930000

Marking Bits (Prev, Next): (CMBitMap*) 0x000002a15cb56b80, (CMBitMap*) 0x000002a15cb56b48
 Prev Bits: [0x000002a172530000, 0x000002a174530000)
 Next Bits: [0x000002a170530000, 0x000002a172530000)

Polling page: 0x000002a15c2f0000

Metaspace:

Usage:
  Non-class:     78.55 MB capacity,    76.88 MB ( 98%) used,     1.41 MB (  2%) free+waste,   269.75 KB ( <1%) overhead. 
      Class:     12.29 MB capacity,    11.37 MB ( 92%) used,   824.70 KB (  7%) free+waste,   121.69 KB ( <1%) overhead. 
       Both:     90.84 MB capacity,    88.25 MB ( 97%) used,     2.21 MB (  2%) free+waste,   391.44 KB ( <1%) overhead. 

Virtual space:
  Non-class space:       80.00 MB reserved,      78.75 MB ( 98%) committed 
      Class space:        1.00 GB reserved,      12.32 MB (  1%) committed 
             Both:        1.08 GB reserved,      91.07 MB (  8%) committed 

Chunk freelists:
   Non-Class:  13.00 KB
       Class:  20.00 KB
        Both:  33.00 KB

MaxMetaspaceSize: 17179869184.00 GB
CompressedClassSpaceSize: 1.00 GB

CodeHeap 'non-profiled nmethods': size=120000Kb used=7383Kb max_used=7383Kb free=112617Kb
 bounds [0x000002a1680d0000, 0x000002a168810000, 0x000002a16f600000]
CodeHeap 'profiled nmethods': size=120000Kb used=26330Kb max_used=26330Kb free=93669Kb
 bounds [0x000002a160ba0000, 0x000002a162560000, 0x000002a1680d0000]
CodeHeap 'non-nmethods': size=5760Kb used=2303Kb max_used=2346Kb free=3456Kb
 bounds [0x000002a160600000, 0x000002a160870000, 0x000002a160ba0000]
 total_blobs=12867 nmethods=11960 adapters=818
 compilation: enabled
              stopped_count=0, restarted_count=0
 full_count=0

Compilation events (20 events):
Event: 18.424 Thread 0x000002a1778fe800 nmethod 12088 0x000002a168800f90 code [0x000002a168801140, 0x000002a168801488]
Event: 18.424 Thread 0x000002a1778fe800 12097       4       com.android.tools.r8.graph.Q::F (30 bytes)
Event: 18.428 Thread 0x000002a17a3ec800 nmethod 12031 0x000002a168801590 code [0x000002a168801740, 0x000002a168801fd8]
Event: 18.429 Thread 0x000002a17a3ec800 12100       4       com.android.tools.r8.graph.c0::g (45 bytes)
Event: 18.429 Thread 0x000002a17a3ec800 nmethod 12100 0x000002a168802390 code [0x000002a168802520, 0x000002a1688026d8]
Event: 18.429 Thread 0x000002a17a3ec800 12101       4       java.util.Arrays::equals (43 bytes)
Event: 18.429 Thread 0x000002a179d83000 nmethod 12095 0x000002a168802790 code [0x000002a1688029c0, 0x000002a168804080]
Event: 18.430 Thread 0x000002a179d83000 12051       4       com.android.tools.r8.internal.Xe::c (23 bytes)
Event: 18.430 Thread 0x000002a179d83000 nmethod 12051 0x000002a168804c90 code [0x000002a168804e20, 0x000002a168804ed8]
Event: 18.430 Thread 0x000002a179d83000 12102       4       com.android.tools.r8.dex.c::b (9 bytes)
Event: 18.431 Thread 0x000002a179d83000 nmethod 12102 0x000002a168804f90 code [0x000002a168805140, 0x000002a168805238]
Event: 18.431 Thread 0x000002a179d83000 12022 %     4       com.android.tools.r8.dex.j::m @ 64 (2086 bytes)
Event: 18.432 Thread 0x000002a17a3ec800 nmethod 12101 0x000002a168805410 code [0x000002a1688055a0, 0x000002a168805778]
Event: 18.433 Thread 0x000002a17a3ec800 12103       4       com.android.tools.r8.internal.AA::get (16 bytes)
Event: 18.433 Thread 0x000002a17a3ec800 nmethod 12103 0x000002a168805910 code [0x000002a168805aa0, 0x000002a168805b38]
Event: 18.434 Thread 0x000002a177902800 12104   !   3       com.android.tools.r8.graph.c0::L (91 bytes)
Event: 18.434 Thread 0x000002a17a3ec800 12105       4       com.android.tools.r8.graph.c0::G (24 bytes)
Event: 18.435 Thread 0x000002a177902800 nmethod 12104 0x000002a162554690 code [0x000002a1625549a0, 0x000002a1625559d8]
Event: 18.435 Thread 0x000002a177902800 12106       3       com.android.tools.r8.internal.Xe::d (140 bytes)
Event: 18.435 Thread 0x000002a177902800 nmethod 12106 0x000002a162556110 code [0x000002a1625562e0, 0x000002a1625568b8]

GC Heap History (20 events):
Event: 10.689 GC heap after
{Heap after GC invocations=18 (full 0):
 garbage-first heap   total 187392K, used 62303K [0x0000000080000000, 0x0000000100000000)
  region size 1024K, 11 young (11264K), 11 survivors (11264K)
 Metaspace       used 69812K, capacity 71901K, committed 72140K, reserved 1112064K
  class space    used 9077K, capacity 9854K, committed 9932K, reserved 1048576K
}
Event: 12.315 GC heap before
{Heap before GC invocations=18 (full 0):
 garbage-first heap   total 187392K, used 138079K [0x0000000080000000, 0x0000000100000000)
  region size 1024K, 85 young (87040K), 11 survivors (11264K)
 Metaspace       used 72639K, capacity 74814K, committed 74956K, reserved 1114112K
  class space    used 9345K, capacity 10133K, committed 10188K, reserved 1048576K
}
Event: 12.327 GC heap after
{Heap after GC invocations=19 (full 0):
 garbage-first heap   total 187392K, used 67392K [0x0000000080000000, 0x0000000100000000)
  region size 1024K, 11 young (11264K), 11 survivors (11264K)
 Metaspace       used 72639K, capacity 74814K, committed 74956K, reserved 1114112K
  class space    used 9345K, capacity 10133K, committed 10188K, reserved 1048576K
}
Event: 13.568 GC heap before
{Heap before GC invocations=19 (full 0):
 garbage-first heap   total 187392K, used 142144K [0x0000000080000000, 0x0000000100000000)
  region size 1024K, 84 young (86016K), 11 survivors (11264K)
 Metaspace       used 80141K, capacity 82579K, committed 82764K, reserved 1120256K
  class space    used 10436K, capacity 11306K, committed 11340K, reserved 1048576K
}
Event: 13.589 GC heap after
{Heap after GC invocations=20 (full 0):
 garbage-first heap   total 187392K, used 72438K [0x0000000080000000, 0x0000000100000000)
  region size 1024K, 11 young (11264K), 11 survivors (11264K)
 Metaspace       used 80141K, capacity 82579K, committed 82764K, reserved 1120256K
  class space    used 10436K, capacity 11306K, committed 11340K, reserved 1048576K
}
Event: 15.163 GC heap before
{Heap before GC invocations=20 (full 0):
 garbage-first heap   total 187392K, used 144118K [0x0000000080000000, 0x0000000100000000)
  region size 1024K, 82 young (83968K), 11 survivors (11264K)
 Metaspace       used 81594K, capacity 84129K, committed 84300K, reserved 1122304K
  class space    used 10577K, capacity 11519K, committed 11596K, reserved 1048576K
}
Event: 15.174 GC heap after
{Heap after GC invocations=21 (full 0):
 garbage-first heap   total 187392K, used 77102K [0x0000000080000000, 0x0000000100000000)
  region size 1024K, 10 young (10240K), 10 survivors (10240K)
 Metaspace       used 81594K, capacity 84129K, committed 84300K, reserved 1122304K
  class space    used 10577K, capacity 11519K, committed 11596K, reserved 1048576K
}
Event: 15.768 GC heap before
{Heap before GC invocations=21 (full 0):
 garbage-first heap   total 187392K, used 148782K [0x0000000080000000, 0x0000000100000000)
  region size 1024K, 80 young (81920K), 10 survivors (10240K)
 Metaspace       used 82111K, capacity 84675K, committed 84812K, reserved 1122304K
  class space    used 10629K, capacity 11579K, committed 11596K, reserved 1048576K
}
Event: 15.782 GC heap after
{Heap after GC invocations=22 (full 0):
 garbage-first heap   total 187392K, used 82610K [0x0000000080000000, 0x0000000100000000)
  region size 1024K, 10 young (10240K), 10 survivors (10240K)
 Metaspace       used 82111K, capacity 84675K, committed 84812K, reserved 1122304K
  class space    used 10629K, capacity 11579K, committed 11596K, reserved 1048576K
}
Event: 16.544 GC heap before
{Heap before GC invocations=22 (full 0):
 garbage-first heap   total 187392K, used 149170K [0x0000000080000000, 0x0000000100000000)
  region size 1024K, 76 young (77824K), 10 survivors (10240K)
 Metaspace       used 84047K, capacity 86641K, committed 86860K, reserved 1124352K
  class space    used 10813K, capacity 11742K, committed 11852K, reserved 1048576K
}
Event: 16.557 GC heap after
{Heap after GC invocations=23 (full 0):
 garbage-first heap   total 187392K, used 86291K [0x0000000080000000, 0x0000000100000000)
  region size 1024K, 9 young (9216K), 9 survivors (9216K)
 Metaspace       used 84047K, capacity 86641K, committed 86860K, reserved 1124352K
  class space    used 10813K, capacity 11742K, committed 11852K, reserved 1048576K
}
Event: 17.098 GC heap before
{Heap before GC invocations=23 (full 0):
 garbage-first heap   total 187392K, used 151827K [0x0000000080000000, 0x0000000100000000)
  region size 1024K, 74 young (75776K), 9 survivors (9216K)
 Metaspace       used 85946K, capacity 88501K, committed 88652K, reserved 1126400K
  class space    used 11069K, capacity 11998K, committed 12108K, reserved 1048576K
}
Event: 17.106 GC heap after
{Heap after GC invocations=24 (full 0):
 garbage-first heap   total 187392K, used 88719K [0x0000000080000000, 0x0000000100000000)
  region size 1024K, 7 young (7168K), 7 survivors (7168K)
 Metaspace       used 85946K, capacity 88501K, committed 88652K, reserved 1126400K
  class space    used 11069K, capacity 11998K, committed 12108K, reserved 1048576K
}
Event: 17.602 GC heap before
{Heap before GC invocations=24 (full 0):
 garbage-first heap   total 187392K, used 144015K [0x0000000080000000, 0x0000000100000000)
  region size 1024K, 61 young (62464K), 7 survivors (7168K)
 Metaspace       used 87295K, capacity 89928K, committed 90060K, reserved 1126400K
  class space    used 11202K, capacity 12170K, committed 12236K, reserved 1048576K
}
Event: 17.619 GC heap after
{Heap after GC invocations=25 (full 0):
 garbage-first heap   total 187392K, used 95186K [0x0000000080000000, 0x0000000100000000)
  region size 1024K, 7 young (7168K), 7 survivors (7168K)
 Metaspace       used 87295K, capacity 89928K, committed 90060K, reserved 1126400K
  class space    used 11202K, capacity 12170K, committed 12236K, reserved 1048576K
}
Event: 17.839 GC heap before
{Heap before GC invocations=26 (full 0):
 garbage-first heap   total 187392K, used 105426K [0x0000000080000000, 0x0000000100000000)
  region size 1024K, 14 young (14336K), 7 survivors (7168K)
 Metaspace       used 87503K, capacity 90177K, committed 90316K, reserved 1128448K
  class space    used 11231K, capacity 12170K, committed 12236K, reserved 1048576K
}
Event: 17.848 GC heap after
{Heap after GC invocations=27 (full 0):
 garbage-first heap   total 187392K, used 105913K [0x0000000080000000, 0x0000000100000000)
  region size 1024K, 9 young (9216K), 9 survivors (9216K)
 Metaspace       used 87503K, capacity 90177K, committed 90316K, reserved 1128448K
  class space    used 11231K, capacity 12170K, committed 12236K, reserved 1048576K
}
Event: 18.189 GC heap before
{Heap before GC invocations=28 (full 0):
 garbage-first heap   total 187392K, used 121273K [0x0000000080000000, 0x0000000100000000)
  region size 1024K, 21 young (21504K), 9 survivors (9216K)
 Metaspace       used 90101K, capacity 92820K, committed 93004K, reserved 1130496K
  class space    used 11616K, capacity 12585K, committed 12620K, reserved 1048576K
}
Event: 18.200 GC heap after
{Heap after GC invocations=29 (full 0):
 garbage-first heap   total 187392K, used 112095K [0x0000000080000000, 0x0000000100000000)
  region size 1024K, 2 young (2048K), 2 survivors (2048K)
 Metaspace       used 90101K, capacity 92820K, committed 93004K, reserved 1130496K
  class space    used 11616K, capacity 12585K, committed 12620K, reserved 1048576K
}
Event: 18.437 GC heap before
{Heap before GC invocations=30 (full 0):
 garbage-first heap   total 187392K, used 169439K [0x0000000080000000, 0x0000000100000000)
  region size 1024K, 35 young (35840K), 2 survivors (2048K)
 Metaspace       used 90365K, capacity 93023K, committed 93260K, reserved 1130496K
  class space    used 11641K, capacity 12588K, committed 12620K, reserved 1048576K
}

Deoptimization events (20 events):
Event: 18.344 Thread 0x000002a1037ae800 DEOPT PACKING pc=0x000002a1624e8355 sp=0x000000e3e84fd400
Event: 18.344 Thread 0x000002a1037ae800 DEOPT UNPACKING pc=0x000002a1606276ce sp=0x000000e3e84fc920 mode 0
Event: 18.350 Thread 0x000002a1037ae800 DEOPT PACKING pc=0x000002a1624e8376 sp=0x000000e3e84fd3f0
Event: 18.350 Thread 0x000002a1037ae800 DEOPT UNPACKING pc=0x000002a1606276ce sp=0x000000e3e84fc910 mode 0
Event: 18.371 Thread 0x000002a1037ae800 Uncommon trap: trap_request=0xffffff4d fr.pc=0x000002a1687eee18 relative=0x0000000000001258
Event: 18.371 Thread 0x000002a1037ae800 Uncommon trap: reason=unstable_if action=reinterpret pc=0x000002a1687eee18 method=java.util.concurrent.ConcurrentHashMap.putVal(Ljava/lang/Object;Ljava/lang/Object;Z)Ljava/lang/Object; @ 401 c2
Event: 18.371 Thread 0x000002a1037ae800 DEOPT PACKING pc=0x000002a1687eee18 sp=0x000000e3e84fd590
Event: 18.371 Thread 0x000002a1037ae800 DEOPT UNPACKING pc=0x000002a1606278af sp=0x000000e3e84fd530 mode 2
Event: 18.417 Thread 0x000002a1037ae800 Uncommon trap: trap_request=0xffffff4d fr.pc=0x000002a1687f67ec relative=0x000000000000128c
Event: 18.417 Thread 0x000002a1037ae800 Uncommon trap: reason=unstable_if action=reinterpret pc=0x000002a1687f67ec method=java.util.concurrent.ConcurrentHashMap.transfer([Ljava/util/concurrent/ConcurrentHashMap$Node;[Ljava/util/concurrent/ConcurrentHashMap$Node;)V @ 352 c2
Event: 18.417 Thread 0x000002a1037ae800 DEOPT PACKING pc=0x000002a1687f67ec sp=0x000000e3e84fd3e0
Event: 18.417 Thread 0x000002a1037ae800 DEOPT UNPACKING pc=0x000002a1606278af sp=0x000000e3e84fd388 mode 2
Event: 18.433 Thread 0x000002a1037ae800 Uncommon trap: trap_request=0xffffff4d fr.pc=0x000002a1687f7f44 relative=0x0000000000000c24
Event: 18.433 Thread 0x000002a1037ae800 Uncommon trap: reason=unstable_if action=reinterpret pc=0x000002a1687f7f44 method=com.android.tools.r8.internal.Xe.d(I)Z @ 45 c2
Event: 18.433 Thread 0x000002a1037ae800 DEOPT PACKING pc=0x000002a1687f7f44 sp=0x000000e3e84fd5f0
Event: 18.433 Thread 0x000002a1037ae800 DEOPT UNPACKING pc=0x000002a1606278af sp=0x000000e3e84fd500 mode 2
Event: 18.435 Thread 0x000002a1037ae800 Uncommon trap: trap_request=0xffffff4d fr.pc=0x000002a1687ea624 relative=0x0000000000000084
Event: 18.435 Thread 0x000002a1037ae800 Uncommon trap: reason=unstable_if action=reinterpret pc=0x000002a1687ea624 method=com.android.tools.r8.internal.Xe.d(I)Z @ 45 c2
Event: 18.435 Thread 0x000002a1037ae800 DEOPT PACKING pc=0x000002a1687ea624 sp=0x000000e3e84fd550
Event: 18.435 Thread 0x000002a1037ae800 DEOPT UNPACKING pc=0x000002a1606278af sp=0x000000e3e84fd4e0 mode 2

Classes redefined (0 events):
No events

Internal exceptions (20 events):
Event: 16.213 Thread 0x000002a179453800 Exception <a 'java/lang/NoSuchMethodError'{0x00000000895ce718}: <clinit>> (0x00000000895ce718) thrown at [./src/hotspot/share/prims/jni.cpp, line 1362]
Event: 16.279 Thread 0x000002a179453800 Exception <a 'sun/nio/fs/WindowsException'{0x00000000891b3720}> (0x00000000891b3720) thrown at [./src/hotspot/share/prims/jni.cpp, line 615]
Event: 16.279 Thread 0x000002a179453800 Exception <a 'sun/nio/fs/WindowsException'{0x00000000891b4f08}> (0x00000000891b4f08) thrown at [./src/hotspot/share/prims/jni.cpp, line 615]
Event: 16.285 Thread 0x000002a179453800 Exception <a 'sun/nio/fs/WindowsException'{0x00000000891b8b50}> (0x00000000891b8b50) thrown at [./src/hotspot/share/prims/jni.cpp, line 615]
Event: 16.285 Thread 0x000002a179453800 Exception <a 'sun/nio/fs/WindowsException'{0x00000000891ba330}> (0x00000000891ba330) thrown at [./src/hotspot/share/prims/jni.cpp, line 615]
Event: 16.311 Thread 0x000002a179453800 Exception <a 'java/lang/NoSuchMethodError'{0x0000000088f74540}: <clinit>> (0x0000000088f74540) thrown at [./src/hotspot/share/prims/jni.cpp, line 1362]
Event: 16.318 Thread 0x000002a179453800 Exception <a 'java/lang/NoSuchMethodError'{0x0000000088fbf250}: <clinit>> (0x0000000088fbf250) thrown at [./src/hotspot/share/prims/jni.cpp, line 1362]
Event: 16.322 Thread 0x000002a179453800 Exception <a 'java/lang/NoSuchMethodError'{0x0000000088e05570}: <clinit>> (0x0000000088e05570) thrown at [./src/hotspot/share/prims/jni.cpp, line 1362]
Event: 16.324 Thread 0x000002a179453800 Exception <a 'java/lang/NoSuchMethodError'{0x0000000088e1e860}: <clinit>> (0x0000000088e1e860) thrown at [./src/hotspot/share/prims/jni.cpp, line 1362]
Event: 16.861 Thread 0x000002a17b1e4800 Implicit null exception at 0x000002a1687612d2 to 0x000002a1687616d8
Event: 16.903 Thread 0x000002a17b1e3800 Implicit null exception at 0x000002a168777d9c to 0x000002a168778620
Event: 17.742 Thread 0x000002a17a3fb000 Exception <a 'java/lang/NoSuchMethodError'{0x000000008b5d4358}: 'void java.lang.invoke.DirectMethodHandle$Holder.invokeStatic(java.lang.Object, long)'> (0x000000008b5d4358) thrown at [./src/hotspot/share/interpreter/linkResolver.cpp, line 773]
Event: 17.743 Thread 0x000002a17a3fb000 Exception <a 'java/lang/NoSuchMethodError'{0x000000008b5d9570}: 'java.lang.Object java.lang.invoke.DirectMethodHandle$Holder.invokeStatic(java.lang.Object, long)'> (0x000000008b5d9570) thrown at [./src/hotspot/share/interpreter/linkResolver.cpp, line 773]
Event: 17.746 Thread 0x000002a17a3fb000 Exception <a 'java/lang/NoSuchMethodError'{0x000000008b5e78d8}: 'java.lang.Object java.lang.invoke.DirectMethodHandle$Holder.invokeStaticInit(java.lang.Object, java.lang.Object, long, java.lang.Object)'> (0x000000008b5e78d8) thrown at [./src/hotspot/share/interpreter/linkResolver.cpp, line 773]
Event: 17.747 Thread 0x000002a17a3fb000 Exception <a 'java/lang/NoSuchMethodError'{0x000000008b5eda70}: 'java.lang.Object java.lang.invoke.DirectMethodHandle$Holder.invokeStatic(java.lang.Object, java.lang.Object, long)'> (0x000000008b5eda70) thrown at [./src/hotspot/share/interpreter/linkResolver.cpp, line 773]
Event: 17.748 Thread 0x000002a17a3fb000 Exception <a 'java/lang/NoSuchMethodError'{0x000000008b3df2e8}: 'java.lang.Object java.lang.invoke.Invokers$Holder.linkToTargetMethod(java.lang.Object, long, java.lang.Object)'> (0x000000008b3df2e8) thrown at [./src/hotspot/share/interpreter/linkResolver.cpp, line 773]
Event: 17.950 Thread 0x000002a1037ae800 Exception <a 'sun/nio/fs/WindowsException'{0x000000008b362b50}> (0x000000008b362b50) thrown at [./src/hotspot/share/prims/jni.cpp, line 615]
Event: 18.107 Thread 0x000002a17a3fb000 Exception <a 'java/lang/NoSuchMethodError'{0x000000008a6bdaf0}: 'int java.lang.invoke.DirectMethodHandle$Holder.invokeSpecialIFC(java.lang.Object, java.lang.Object, java.lang.Object)'> (0x000000008a6bdaf0) thrown at [./src/hotspot/share/interpreter/linkResolver.cpp, line 773]
Event: 18.185 Thread 0x000002a1037ae800 Exception <a 'java/lang/NoSuchMethodError'{0x000000008a26f400}: 'java.lang.Object java.lang.invoke.DirectMethodHandle$Holder.invokeStatic(java.lang.Object, java.lang.Object, java.lang.Object, java.lang.Object, java.lang.Object, java.lang.Object, java.lang.Object, java.lang.Object, java.lang.Object, java.lang.Object, java.lang.Object, java.lang.Object, java.lang.Object, java.lang.Object, java.lang.Object, java.lang.Object, java.lang.Object, java.lang.Object, int, java.lang.Object)'> (0x000000008a26f400) thr
Event: 18.186 Thread 0x000002a1037ae800 Exception <a 'java/lang/NoSuchMethodError'{0x000000008a274ee0}: 'java.lang.Object java.lang.invoke.DirectMethodHandle$Holder.invokeStaticInit(java.lang.Object, java.lang.Object, java.lang.Object, java.lang.Object, java.lang.Object, java.lang.Object, java.lang.Object, java.lang.Object, java.lang.Object, java.lang.Object, java.lang.Object, java.lang.Object, java.lang.Object, java.lang.Object, java.lang.Object, java.lang.Object, java.lang.Object, java.lang.Object, int, java.lang.Object)'> (0x000000008a274ee0)

Events (20 events):
Event: 18.236 loading class com/android/tools/r8/internal/uf$a done
Event: 18.237 loading class com/android/tools/r8/graph/e0
Event: 18.237 loading class com/android/tools/r8/graph/e0 done
Event: 18.238 loading class com/android/tools/r8/graph/e0
Event: 18.238 loading class com/android/tools/r8/graph/e0 done
Event: 18.238 loading class com/android/tools/r8/dex/j
Event: 18.238 loading class com/android/tools/r8/dex/j done
Event: 18.240 loading class com/android/tools/r8/graph/y
Event: 18.240 loading class com/android/tools/r8/graph/y done
Event: 18.325 Executing VM operation: CGC_Operation
Event: 18.336 Executing VM operation: CGC_Operation done
Event: 18.371 loading class java/util/concurrent/ConcurrentHashMap$TreeNode
Event: 18.371 loading class java/util/concurrent/ConcurrentHashMap$TreeNode done
Event: 18.371 loading class java/util/concurrent/ConcurrentHashMap$TreeBin
Event: 18.371 loading class java/util/concurrent/ConcurrentHashMap$TreeBin done
Event: 18.403 Executing VM operation: CGC_Operation
Event: 18.404 Executing VM operation: CGC_Operation done
Event: 18.417 Executing VM operation: RevokeBias
Event: 18.417 Executing VM operation: RevokeBias done
Event: 18.437 Executing VM operation: G1CollectForAllocation


Dynamic libraries:
0x00007ff7bc6e0000 - 0x00007ff7bc6ea000 	C:\Program Files\Android\Android Studio3\jre\bin\java.exe
0x00007ffd703a0000 - 0x00007ffd705af000 	C:\WINDOWS\SYSTEM32\ntdll.dll
0x00007ffd6ed30000 - 0x00007ffd6eded000 	C:\WINDOWS\System32\KERNEL32.DLL
0x00007ffd6d860000 - 0x00007ffd6dbe6000 	C:\WINDOWS\System32\KERNELBASE.dll
0x00007ffd6e0d0000 - 0x00007ffd6e1e1000 	C:\WINDOWS\System32\ucrtbase.dll
0x00007ffd60510000 - 0x00007ffd60529000 	C:\Program Files\Android\Android Studio3\jre\bin\jli.dll
0x00007ffd60410000 - 0x00007ffd60427000 	C:\Program Files\Android\Android Studio3\jre\bin\VCRUNTIME140.dll
0x00007ffd6f140000 - 0x00007ffd6f2ea000 	C:\WINDOWS\System32\USER32.dll
0x00007ffd6e1f0000 - 0x00007ffd6e216000 	C:\WINDOWS\System32\win32u.dll
0x00007ffd56840000 - 0x00007ffd56ae1000 	C:\WINDOWS\WinSxS\amd64_microsoft.windows.common-controls_6595b64144ccf1df_6.0.22471.1000_none_228bc6e77ad112f7\COMCTL32.dll
0x00007ffd6e580000 - 0x00007ffd6e5a9000 	C:\WINDOWS\System32\GDI32.dll
0x00007ffd6e290000 - 0x00007ffd6e334000 	C:\WINDOWS\System32\msvcrt.dll
0x00007ffd6dfb0000 - 0x00007ffd6e0c7000 	C:\WINDOWS\System32\gdi32full.dll
0x00007ffd6de80000 - 0x00007ffd6df1b000 	C:\WINDOWS\System32\msvcp_win.dll
0x00007ffd6e540000 - 0x00007ffd6e571000 	C:\WINDOWS\System32\IMM32.DLL
0x00007ffd60190000 - 0x00007ffd6022d000 	C:\Program Files\Android\Android Studio3\jre\bin\msvcp140.dll
0x00007ffd431e0000 - 0x00007ffd43caf000 	C:\Program Files\Android\Android Studio3\jre\bin\server\jvm.dll
0x00007ffd6e5b0000 - 0x00007ffd6e65e000 	C:\WINDOWS\System32\ADVAPI32.dll
0x00007ffd6ec80000 - 0x00007ffd6ed21000 	C:\WINDOWS\System32\sechost.dll
0x00007ffd6e420000 - 0x00007ffd6e540000 	C:\WINDOWS\System32\RPCRT4.dll
0x00007ffd6e220000 - 0x00007ffd6e228000 	C:\WINDOWS\System32\PSAPI.DLL
0x00007ffd6b550000 - 0x00007ffd6b55a000 	C:\WINDOWS\SYSTEM32\VERSION.dll
0x00007ffd678d0000 - 0x00007ffd67903000 	C:\WINDOWS\SYSTEM32\WINMM.dll
0x00007ffd4a4b0000 - 0x00007ffd4a4b9000 	C:\WINDOWS\SYSTEM32\WSOCK32.dll
0x00007ffd6f2f0000 - 0x00007ffd6f361000 	C:\WINDOWS\System32\WS2_32.dll
0x00007ffd6c930000 - 0x00007ffd6c948000 	C:\WINDOWS\SYSTEM32\kernel.appcore.dll
0x00007ffd69cf0000 - 0x00007ffd69d01000 	C:\Program Files\Android\Android Studio3\jre\bin\verify.dll
0x00007ffd65500000 - 0x00007ffd65727000 	C:\WINDOWS\SYSTEM32\DBGHELP.DLL
0x00007ffd6e900000 - 0x00007ffd6ec7e000 	C:\WINDOWS\System32\combase.dll
0x00007ffd5d9f0000 - 0x00007ffd5da21000 	C:\WINDOWS\SYSTEM32\dbgcore.DLL
0x00007ffd6df20000 - 0x00007ffd6dfa1000 	C:\WINDOWS\System32\bcryptPrimitives.dll
0x00007ffd69b50000 - 0x00007ffd69b79000 	C:\Program Files\Android\Android Studio3\jre\bin\java.dll
0x00007ffd69310000 - 0x00007ffd6931b000 	C:\Program Files\Android\Android Studio3\jre\bin\jimage.dll
0x00007ffd60970000 - 0x00007ffd60988000 	C:\Program Files\Android\Android Studio3\jre\bin\zip.dll
0x00007ffd6f980000 - 0x00007ffd7012b000 	C:\WINDOWS\System32\SHELL32.dll
0x00007ffd6b900000 - 0x00007ffd6c15c000 	C:\WINDOWS\SYSTEM32\windows.storage.dll
0x00007ffd6b7b0000 - 0x00007ffd6b8f9000 	C:\WINDOWS\SYSTEM32\wintypes.dll
0x00007ffd6e7a0000 - 0x00007ffd6e890000 	C:\WINDOWS\System32\SHCORE.dll
0x00007ffd6e890000 - 0x00007ffd6e8eb000 	C:\WINDOWS\System32\shlwapi.dll
0x00007ffd6d790000 - 0x00007ffd6d7b1000 	C:\WINDOWS\SYSTEM32\profapi.dll
0x00007ffd60950000 - 0x00007ffd6096a000 	C:\Program Files\Android\Android Studio3\jre\bin\net.dll
0x00007ffd67910000 - 0x00007ffd67a20000 	C:\WINDOWS\SYSTEM32\WINHTTP.dll
0x00007ffd6cd80000 - 0x00007ffd6cde9000 	C:\WINDOWS\system32\mswsock.dll
0x00007ffd60930000 - 0x00007ffd60944000 	C:\Program Files\Android\Android Studio3\jre\bin\nio.dll
0x00007ffd60530000 - 0x00007ffd60557000 	C:\Users\xpmkm\.gradle\native\8bec1ad78214c89d9ad589b4d07fe93259594b29d510b10fafb7a158f7737e5d\windows-amd64\native-platform.dll
0x00007ffd60230000 - 0x00007ffd6036d000 	C:\Users\xpmkm\.gradle\native\53dbd7edfb1c66fb8903c78663c9afc45aea4f116125fa6feffd364cf09443e8\windows-amd64\native-platform-file-events.dll
0x00007ffd69300000 - 0x00007ffd6930a000 	C:\Program Files\Android\Android Studio3\jre\bin\management.dll
0x00007ffd69040000 - 0x00007ffd6904c000 	C:\Program Files\Android\Android Studio3\jre\bin\management_ext.dll
0x00007ffd6cfd0000 - 0x00007ffd6cfe8000 	C:\WINDOWS\SYSTEM32\CRYPTSP.dll
0x00007ffd6c890000 - 0x00007ffd6c8c5000 	C:\WINDOWS\system32\rsaenh.dll
0x00007ffd6ce80000 - 0x00007ffd6cea9000 	C:\WINDOWS\SYSTEM32\USERENV.dll
0x00007ffd6d1c0000 - 0x00007ffd6d1e8000 	C:\WINDOWS\SYSTEM32\bcrypt.dll
0x00007ffd6cff0000 - 0x00007ffd6cffc000 	C:\WINDOWS\SYSTEM32\CRYPTBASE.dll
0x00007ffd6c380000 - 0x00007ffd6c3ad000 	C:\WINDOWS\SYSTEM32\IPHLPAPI.DLL
0x00007ffd6e8f0000 - 0x00007ffd6e8f9000 	C:\WINDOWS\System32\NSI.dll
0x00007ffd67320000 - 0x00007ffd67339000 	C:\WINDOWS\SYSTEM32\dhcpcsvc6.DLL
0x00007ffd672e0000 - 0x00007ffd672fe000 	C:\WINDOWS\SYSTEM32\dhcpcsvc.DLL
0x00007ffd6c3b0000 - 0x00007ffd6c4a1000 	C:\WINDOWS\SYSTEM32\DNSAPI.dll

dbghelp: loaded successfully - version: 4.0.5 - missing functions: none
symbol engine: initialized successfully - sym options: 0x614 - pdb path: .;C:\Program Files\Android\Android Studio3\jre\bin;C:\WINDOWS\SYSTEM32;C:\WINDOWS\WinSxS\amd64_microsoft.windows.common-controls_6595b64144ccf1df_6.0.22471.1000_none_228bc6e77ad112f7;C:\Program Files\Android\Android Studio3\jre\bin\server;C:\Users\xpmkm\.gradle\native\8bec1ad78214c89d9ad589b4d07fe93259594b29d510b10fafb7a158f7737e5d\windows-amd64;C:\Users\xpmkm\.gradle\native\53dbd7edfb1c66fb8903c78663c9afc45aea4f116125fa6feffd364cf09443e8\windows-amd64

VM Arguments:
jvm_args: --add-opens=java.base/java.util=ALL-UNNAMED --add-opens=java.base/java.lang=ALL-UNNAMED --add-opens=java.base/java.lang.invoke=ALL-UNNAMED --add-opens=java.base/java.util=ALL-UNNAMED --add-opens=java.prefs/java.util.prefs=ALL-UNNAMED --add-opens=java.prefs/java.util.prefs=ALL-UNNAMED --add-opens=java.base/java.nio.charset=ALL-UNNAMED --add-opens=java.base/java.net=ALL-UNNAMED --add-opens=java.base/java.util.concurrent.atomic=ALL-UNNAMED -Xmx2048m -Dfile.encoding=UTF-8 -Duser.country=IN -Duser.language=en -Duser.variant 
java_command: org.gradle.launcher.daemon.bootstrap.GradleDaemon 7.0.2
java_class_path (initial): C:\Users\xpmkm\.gradle\wrapper\dists\gradle-7.0.2-bin\857tjihv64xamwrf0h14cai3r\gradle-7.0.2\lib\gradle-launcher-7.0.2.jar
Launcher Type: SUN_STANDARD

[Global flags]
     intx CICompilerCount                          = 4                                         {product} {ergonomic}
     uint ConcGCThreads                            = 2                                         {product} {ergonomic}
     uint G1ConcRefinementThreads                  = 8                                         {product} {ergonomic}
   size_t G1HeapRegionSize                         = 1048576                                   {product} {ergonomic}
    uintx GCDrainStackTargetSize                   = 64                                        {product} {ergonomic}
   size_t InitialHeapSize                          = 132120576                                 {product} {ergonomic}
   size_t MarkStackSize                            = 4194304                                   {product} {ergonomic}
   size_t MaxHeapSize                              = 2147483648                                {product} {command line}
   size_t MaxNewSize                               = 1287651328                                {product} {ergonomic}
   size_t MinHeapDeltaBytes                        = 1048576                                   {product} {ergonomic}
    uintx NonNMethodCodeHeapSize                   = 5836300                                {pd product} {ergonomic}
    uintx NonProfiledCodeHeapSize                  = 122910970                              {pd product} {ergonomic}
    uintx ProfiledCodeHeapSize                     = 122910970                              {pd product} {ergonomic}
    uintx ReservedCodeCacheSize                    = 251658240                              {pd product} {ergonomic}
     bool SegmentedCodeCache                       = true                                      {product} {ergonomic}
     bool UseCompressedClassPointers               = true                                 {lp64_product} {ergonomic}
     bool UseCompressedOops                        = true                                 {lp64_product} {ergonomic}
     bool UseG1GC                                  = true                                      {product} {ergonomic}
     bool UseLargePagesIndividualAllocation        = false                                  {pd product} {ergonomic}

Logging:
Log output configuration:
 #0: stdout all=warning uptime,level,tags
 #1: stderr all=off uptime,level,tags

Environment Variables:
PATH=C:\Program Files (x86)\Common Files\Oracle\Java\javapath;C:\WINDOWS\system32;C:\WINDOWS;C:\WINDOWS\System32\Wbem;C:\WINDOWS\System32\WindowsPowerShell\v1.0\;C:\WINDOWS\System32\OpenSSH\;C:\Program Files\Git\cmd;C:\Program Files\nodejs\;C:\xampp\php;C:\ProgramData\ComposerSetup\bin;C:\Users\xpmkm\AppData\Local\Android\Sdk\platform-tools;C:\Program Files\Java\jdk1.8.0_231\bin;C:\Program Files\opnsl\bin;C:\Users\xpmkm\AppData\Roaming\npm;C:\Users\xpmkm\AppData\Local\Programs\Microsoft VS Code\bin;C:\Program Files\flutter\bin;C:\Users\xpmkm\AppData\Roaming\Composer\vendor\bin;C:\Users\xpmkm\AppData\Local\Microsoft\WindowsApps;
USERNAME=xpmkm
OS=Windows_NT
PROCESSOR_IDENTIFIER=AMD64 Family 23 Model 24 Stepping 1, AuthenticAMD



---------------  S Y S T E M  ---------------

OS: Windows 10 , 64 bit Build 22471 (10.0.22471.1000)
OS uptime: 0 days 0:29 hours

CPU:total 8 (initial active 8) (8 cores per cpu, 2 threads per core) family 23 model 24 stepping 1 microcode 0x0, cmov, cx8, fxsr, mmx, sse, sse2, sse3, ssse3, sse4.1, sse4.2, popcnt, avx, avx2, aes, clmul, mmxext, 3dnowpref, lzcnt, sse4a, ht, tsc, tscinvbit, tscinv, bmi1, bmi2, adx, s

Memory: 4k page, system-wide physical 8002M (591M free)
TotalPageFile size 12098M (AvailPageFile size 24M)
current process WorkingSet (physical memory assigned to process): 475M, peak: 477M
current process commit charge ("private bytes"): 509M, peak: 546M

vm_info: OpenJDK 64-Bit Server VM (11.0.10+0-b96-7249189) for windows-amd64 JRE (11.0.10+0-b96-7249189), built on Mar 31 2021 21:44:00 by "builder" with MS VC++ 14.0 (VS2015)

END.
