#
# There is insufficient memory for the Java Runtime Environment to continue.
# Native memory allocation (mmap) failed to map 52428800 bytes for Failed to commit area from 0x000000008bd00000 to 0x000000008ef00000 of length 52428800.
# Possible reasons:
#   The system is out of physical RAM or swap space
#   The process is running with CompressedOops enabled, and the Java Heap may be blocking the growth of the native heap
# Possible solutions:
#   Reduce memory load on the system
#   Increase physical memory or swap space
#   Check if swap backing store is full
#   Decrease Java heap size (-Xmx/-Xms)
#   Decrease number of Java threads
#   Decrease Java thread stack sizes (-Xss)
#   Set larger code cache with -XX:ReservedCodeCacheSize=
#   JVM is running with Unscaled Compressed Oops mode in which the Java heap is
#     placed in the first 4GB address space. The Java Heap base address is the
#     maximum limit for the native heap growth. Please use -XX:HeapBaseMinAddress
#     to set the Java Heap base and to place the Java Heap above 4GB virtual address.
# This output file may be truncated or incomplete.
#
#  Out of Memory Error (./src/hotspot/os/windows/os_windows.cpp:3301), pid=2732, tid=14068
#
# JRE version: OpenJDK Runtime Environment (11.0.10) (build 11.0.10+0-b96-7249189)
# Java VM: OpenJDK 64-Bit Server VM (11.0.10+0-b96-7249189, mixed mode, tiered, compressed oops, g1 gc, windows-amd64)
# No core dump will be written. Minidumps are not enabled by default on client versions of Windows
#

---------------  S U M M A R Y ------------

Command Line: --add-opens=java.base/java.util=ALL-UNNAMED --add-opens=java.base/java.lang=ALL-UNNAMED --add-opens=java.base/java.lang.invoke=ALL-UNNAMED --add-opens=java.base/java.util=ALL-UNNAMED --add-opens=java.prefs/java.util.prefs=ALL-UNNAMED --add-opens=java.prefs/java.util.prefs=ALL-UNNAMED --add-opens=java.base/java.nio.charset=ALL-UNNAMED --add-opens=java.base/java.net=ALL-UNNAMED --add-opens=java.base/java.util.concurrent.atomic=ALL-UNNAMED -Xmx2048m -Dfile.encoding=UTF-8 -Duser.country=IN -Duser.language=en -Duser.variant org.gradle.launcher.daemon.bootstrap.GradleDaemon 7.0.2

Host: AMD Ryzen 5 3550H with Radeon Vega Mobile Gfx  , 8 cores, 7G,  Windows 10 , 64 bit Build 22471 (10.0.22471.1000)
Time: Fri Oct  8 13:17:26 2021 India Standard Time elapsed time: 17.353850 seconds (0d 0h 0m 17s)

---------------  T H R E A D  ---------------

Current thread (0x0000022affbd9000):  VMThread "VM Thread" [stack: 0x000000d0af200000,0x000000d0af300000] [id=14068]

Stack: [0x000000d0af200000,0x000000d0af300000]
[error occurred during error reporting (printing stack bounds), id 0xc0000005, EXCEPTION_ACCESS_VIOLATION (0xc0000005) at pc=0x0000022aef240f2d]

Native frames: (J=compiled Java code, j=interpreted, Vv=VM code, C=native code)
V  [jvm.dll+0x5ecfaa]
V  [jvm.dll+0x722bd5]
V  [jvm.dll+0x72412d]
V  [jvm.dll+0x724745]
V  [jvm.dll+0x7246fb]
V  [jvm.dll+0x5ec348]
V  [jvm.dll+0x5ecad8]
C  [ntdll.dll+0xa623f]
C  [ntdll.dll+0x65ea9]
C  [ntdll.dll+0xa522e]
C  0x0000022aef240f2d

VM_Operation (0x000000d0b3afd060): G1CollectForAllocation, mode: safepoint, requested by thread 0x0000022a89f15800


---------------  P R O C E S S  ---------------

Threads class SMR info:
_java_thread_list=0x0000022a89a34550, length=68, elements={
0x0000022aeb754800, 0x0000022affbdd000, 0x0000022affbea000, 0x0000022a86842800,
0x0000022a86845800, 0x0000022a86846800, 0x0000022a8684e800, 0x0000022a8684f800,
0x0000022affc09800, 0x0000022a869b8000, 0x0000022a8822a800, 0x0000022a86bca000,
0x0000022a88ac3800, 0x0000022a89e81800, 0x0000022a87fef800, 0x0000022a896f9800,
0x0000022a88e08000, 0x0000022a88bff800, 0x0000022a8853c800, 0x0000022a88725000,
0x0000022a88726800, 0x0000022a88724800, 0x0000022a88726000, 0x0000022a885b3800,
0x0000022a88722800, 0x0000022a88723800, 0x0000022a88727800, 0x0000022a88722000,
0x0000022a88728800, 0x0000022a8ba1c800, 0x0000022a88372000, 0x0000022a8ba1d800,
0x0000022a8ba1a800, 0x0000022a8ba1f000, 0x0000022a8ba21000, 0x0000022a8ba1b000,
0x0000022a8ba21800, 0x0000022a8ba1c000, 0x0000022a8ba23000, 0x0000022a8ba26800,
0x0000022a8ba22800, 0x0000022a8ba28000, 0x0000022a8ba25000, 0x0000022a8ba24000,
0x0000022a8ba29000, 0x0000022a8ba25800, 0x0000022a8ba27800, 0x0000022a8bb85800,
0x0000022a8bb88000, 0x0000022a8bb86800, 0x0000022a8bb89000, 0x0000022a8bb84000,
0x0000022a8bb8a000, 0x0000022a8bb85000, 0x0000022a8bb8e800, 0x0000022a8bb8f800,
0x0000022a8bb8d000, 0x0000022a8bb90800, 0x0000022a8bb8c800, 0x0000022a8bb8a800,
0x0000022a8bb8e000, 0x0000022a8bb8b800, 0x0000022a89f16800, 0x0000022a89f15800,
0x0000022a89f17000, 0x0000022a89f18000, 0x0000022a89f14800, 0x0000022a89f14000
}

Java Threads: ( => current thread )
  0x0000022aeb754800 JavaThread "main" [_thread_blocked, id=11300, stack(0x000000d0aec00000,0x000000d0aed00000)]
  0x0000022affbdd000 JavaThread "Reference Handler" daemon [_thread_blocked, id=7528, stack(0x000000d0af300000,0x000000d0af400000)]
  0x0000022affbea000 JavaThread "Finalizer" daemon [_thread_blocked, id=11856, stack(0x000000d0af400000,0x000000d0af500000)]
  0x0000022a86842800 JavaThread "Signal Dispatcher" daemon [_thread_blocked, id=2780, stack(0x000000d0af500000,0x000000d0af600000)]
  0x0000022a86845800 JavaThread "Attach Listener" daemon [_thread_blocked, id=6948, stack(0x000000d0af600000,0x000000d0af700000)]
  0x0000022a86846800 JavaThread "Service Thread" daemon [_thread_blocked, id=2096, stack(0x000000d0af700000,0x000000d0af800000)]
  0x0000022a8684e800 JavaThread "C2 CompilerThread0" daemon [_thread_in_native, id=7680, stack(0x000000d0af800000,0x000000d0af900000)]
  0x0000022a8684f800 JavaThread "C1 CompilerThread0" daemon [_thread_blocked, id=8720, stack(0x000000d0af900000,0x000000d0afa00000)]
  0x0000022affc09800 JavaThread "Sweeper thread" daemon [_thread_blocked, id=15348, stack(0x000000d0afa00000,0x000000d0afb00000)]
  0x0000022a869b8000 JavaThread "Common-Cleaner" daemon [_thread_blocked, id=14588, stack(0x000000d0afb00000,0x000000d0afc00000)]
  0x0000022a8822a800 JavaThread "Daemon health stats" [_thread_blocked, id=14620, stack(0x000000d0b0100000,0x000000d0b0200000)]
  0x0000022a86bca000 JavaThread "Incoming local TCP Connector on port 61164" [_thread_in_native, id=5252, stack(0x000000d0afd00000,0x000000d0afe00000)]
  0x0000022a88ac3800 JavaThread "Daemon periodic checks" [_thread_blocked, id=13668, stack(0x000000d0b0000000,0x000000d0b0100000)]
  0x0000022a89e81800 JavaThread "Daemon" [_thread_blocked, id=2356, stack(0x000000d0b0200000,0x000000d0b0300000)]
  0x0000022a87fef800 JavaThread "Handler for socket connection from /127.0.0.1:61164 to /127.0.0.1:61165" [_thread_in_native, id=2012, stack(0x000000d0b0300000,0x000000d0b0400000)]
  0x0000022a896f9800 JavaThread "Cancel handler" [_thread_blocked, id=9804, stack(0x000000d0b0400000,0x000000d0b0500000)]
  0x0000022a88e08000 JavaThread "Daemon worker" [_thread_blocked, id=9072, stack(0x000000d0b0500000,0x000000d0b0600000)]
  0x0000022a88bff800 JavaThread "Asynchronous log dispatcher for DefaultDaemonConnection: socket connection from /127.0.0.1:61164 to /127.0.0.1:61165" [_thread_blocked, id=3212, stack(0x000000d0b0600000,0x000000d0b0700000)]
  0x0000022a8853c800 JavaThread "Stdin handler" [_thread_blocked, id=11784, stack(0x000000d0b0700000,0x000000d0b0800000)]
  0x0000022a88725000 JavaThread "Daemon client event forwarder" [_thread_blocked, id=6588, stack(0x000000d0b0800000,0x000000d0b0900000)]
  0x0000022a88726800 JavaThread "Cache worker for file hash cache (C:\Users\xpmkm\.gradle\caches\7.0.2\fileHashes)" [_thread_blocked, id=12640, stack(0x000000d0b0e00000,0x000000d0b0f00000)]
  0x0000022a88724800 JavaThread "File lock request listener" [_thread_in_native, id=15076, stack(0x000000d0b0f00000,0x000000d0b1000000)]
  0x0000022a88726000 JavaThread "Cache worker for journal cache (C:\Users\xpmkm\.gradle\caches\journal-1)" [_thread_blocked, id=14648, stack(0x000000d0b1100000,0x000000d0b1200000)]
  0x0000022a885b3800 JavaThread "C2 CompilerThread1" daemon [_thread_blocked, id=12060, stack(0x000000d0b1200000,0x000000d0b1300000)]
  0x0000022a88722800 JavaThread "Cache worker for file hash cache (C:\Users\xpmkm\Desktop\update_code_vezilla-server\codecanyon-L2GSbXtH-dairy-products-grocery-daily-milk-delivery-mobile-app-with-subscription-customer-app-delivery\test-vezilla-android-workspace\.gradle\7.0.2\fileHashes)" [_thread_blocked, id=4856, stack(0x000000d0b1300000,0x000000d0b1400000)]
  0x0000022a88723800 JavaThread "File watcher server" daemon [_thread_blocked, id=2228, stack(0x000000d0b1400000,0x000000d0b1500000)]
  0x0000022a88727800 JavaThread "File watcher consumer" daemon [_thread_blocked, id=8916, stack(0x000000d0b1500000,0x000000d0b1600000)]
  0x0000022a88722000 JavaThread "Cache worker for checksums cache (C:\Users\xpmkm\Desktop\update_code_vezilla-server\codecanyon-L2GSbXtH-dairy-products-grocery-daily-milk-delivery-mobile-app-with-subscription-customer-app-delivery\test-vezilla-android-workspace\.gradle\checksums)" [_thread_blocked, id=7052, stack(0x000000d0b1600000,0x000000d0b1700000)]
  0x0000022a88728800 JavaThread "Cache worker for cache directory md-supplier (C:\Users\xpmkm\.gradle\caches\7.0.2\md-supplier)" [_thread_blocked, id=5872, stack(0x000000d0b1700000,0x000000d0b1800000)]
  0x0000022a8ba1c800 JavaThread "Cache worker for cache directory md-rule (C:\Users\xpmkm\.gradle\caches\7.0.2\md-rule)" [_thread_blocked, id=13332, stack(0x000000d0b1800000,0x000000d0b1900000)]
  0x0000022a88372000 JavaThread "C2 CompilerThread2" daemon [_thread_blocked, id=7672, stack(0x000000d0b1900000,0x000000d0b1a00000)]
  0x0000022a8ba1d800 JavaThread "Cache worker for execution history cache (C:\Users\xpmkm\.gradle\caches\7.0.2\executionHistory)" [_thread_blocked, id=15044, stack(0x000000d0b1a00000,0x000000d0b1b00000)]
  0x0000022a8ba1a800 JavaThread "jar transforms" [_thread_blocked, id=9812, stack(0x000000d0b1b00000,0x000000d0b1c00000)]
  0x0000022a8ba1f000 JavaThread "jar transforms Thread 2" [_thread_blocked, id=9704, stack(0x000000d0b1c00000,0x000000d0b1d00000)]
  0x0000022a8ba21000 JavaThread "Cache worker for file content cache (C:\Users\xpmkm\.gradle\caches\7.0.2\fileContent)" [_thread_blocked, id=8996, stack(0x000000d0b1d00000,0x000000d0b1e00000)]
  0x0000022a8ba1b000 JavaThread "Cache worker for dependencies-accessors (C:\Users\xpmkm\Desktop\update_code_vezilla-server\codecanyon-L2GSbXtH-dairy-products-grocery-daily-milk-delivery-mobile-app-with-subscription-customer-app-delivery\test-vezilla-android-workspace\.gradle\7.0.2\dependencies-accessors)" [_thread_blocked, id=16128, stack(0x000000d0b1e00000,0x000000d0b1f00000)]
  0x0000022a8ba21800 JavaThread "jar transforms Thread 3" [_thread_blocked, id=8736, stack(0x000000d0b1f00000,0x000000d0b2000000)]
  0x0000022a8ba1c000 JavaThread "Cache worker for Build Output Cleanup Cache (C:\Users\xpmkm\Desktop\update_code_vezilla-server\codecanyon-L2GSbXtH-dairy-products-grocery-daily-milk-delivery-mobile-app-with-subscription-customer-app-delivery\test-vezilla-android-workspace\.gradle\buildOutputCleanup)" [_thread_blocked, id=15744, stack(0x000000d0b2000000,0x000000d0b2100000)]
  0x0000022a8ba23000 JavaThread "Build operations" [_thread_blocked, id=14764, stack(0x000000d0b2100000,0x000000d0b2200000)]
  0x0000022a8ba26800 JavaThread "Build operations Thread 2" [_thread_blocked, id=9564, stack(0x000000d0b2200000,0x000000d0b2300000)]
  0x0000022a8ba22800 JavaThread "Build operations Thread 3" [_thread_blocked, id=14836, stack(0x000000d0b2300000,0x000000d0b2400000)]
  0x0000022a8ba28000 JavaThread "Build operations Thread 4" [_thread_blocked, id=15884, stack(0x000000d0b2400000,0x000000d0b2500000)]
  0x0000022a8ba25000 JavaThread "Build operations Thread 5" [_thread_blocked, id=2600, stack(0x000000d0b2500000,0x000000d0b2600000)]
  0x0000022a8ba24000 JavaThread "Build operations Thread 6" [_thread_blocked, id=16056, stack(0x000000d0b2600000,0x000000d0b2700000)]
  0x0000022a8ba29000 JavaThread "Build operations Thread 7" [_thread_blocked, id=12120, stack(0x000000d0b2700000,0x000000d0b2800000)]
  0x0000022a8ba25800 JavaThread "Build operations Thread 8" [_thread_blocked, id=14904, stack(0x000000d0b2800000,0x000000d0b2900000)]
  0x0000022a8ba27800 JavaThread "jar transforms Thread 4" [_thread_blocked, id=6116, stack(0x000000d0b2900000,0x000000d0b2a00000)]
  0x0000022a8bb85800 JavaThread "jar transforms Thread 5" [_thread_blocked, id=14972, stack(0x000000d0b2a00000,0x000000d0b2b00000)]
  0x0000022a8bb88000 JavaThread "jar transforms Thread 6" [_thread_blocked, id=16024, stack(0x000000d0b2b00000,0x000000d0b2c00000)]
  0x0000022a8bb86800 JavaThread "jar transforms Thread 7" [_thread_blocked, id=8200, stack(0x000000d0b2c00000,0x000000d0b2d00000)]
  0x0000022a8bb89000 JavaThread "jar transforms Thread 8" [_thread_blocked, id=5840, stack(0x000000d0b2d00000,0x000000d0b2e00000)]
  0x0000022a8bb84000 JavaThread "Memory manager" [_thread_blocked, id=15584, stack(0x000000d0b2e00000,0x000000d0b2f00000)]
  0x0000022a8bb8a000 JavaThread "build event listener" [_thread_blocked, id=9924, stack(0x000000d0b2f00000,0x000000d0b3000000)]
  0x0000022a8bb85000 JavaThread "Execution worker for ':'" [_thread_blocked, id=13904, stack(0x000000d0b3000000,0x000000d0b3100000)]
  0x0000022a8bb8e800 JavaThread "Execution worker for ':' Thread 2" [_thread_blocked, id=13900, stack(0x000000d0b3100000,0x000000d0b3200000)]
  0x0000022a8bb8f800 JavaThread "Execution worker for ':' Thread 3" [_thread_blocked, id=8104, stack(0x000000d0b3200000,0x000000d0b3300000)]
  0x0000022a8bb8d000 JavaThread "Execution worker for ':' Thread 4" [_thread_blocked, id=14048, stack(0x000000d0b3300000,0x000000d0b3400000)]
  0x0000022a8bb90800 JavaThread "Execution worker for ':' Thread 5" [_thread_blocked, id=16020, stack(0x000000d0b3400000,0x000000d0b3500000)]
  0x0000022a8bb8c800 JavaThread "Execution worker for ':' Thread 6" [_thread_blocked, id=14428, stack(0x000000d0b3500000,0x000000d0b3600000)]
  0x0000022a8bb8a800 JavaThread "Execution worker for ':' Thread 7" [_thread_blocked, id=11624, stack(0x000000d0b3600000,0x000000d0b3700000)]
  0x0000022a8bb8e000 JavaThread "Cache worker for execution history cache (C:\Users\xpmkm\Desktop\update_code_vezilla-server\codecanyon-L2GSbXtH-dairy-products-grocery-daily-milk-delivery-mobile-app-with-subscription-customer-app-delivery\test-vezilla-android-workspace\.gradle\7.0.2\executionHistory)" [_thread_blocked, id=10128, stack(0x000000d0b3700000,0x000000d0b3800000)]
  0x0000022a8bb8b800 JavaThread "WorkerExecutor Queue" [_thread_blocked, id=12920, stack(0x000000d0b3800000,0x000000d0b3900000)]
  0x0000022a89f16800 JavaThread "WorkerExecutor Queue Thread 2" [_thread_blocked, id=8524, stack(0x000000d0b3900000,0x000000d0b3a00000)]
  0x0000022a89f15800 JavaThread "WorkerExecutor Queue Thread 3" [_thread_blocked, id=9840, stack(0x000000d0b3a00000,0x000000d0b3b00000)]
  0x0000022a89f17000 JavaThread "WorkerExecutor Queue Thread 4" [_thread_blocked, id=6876, stack(0x000000d0b3b00000,0x000000d0b3c00000)]
  0x0000022a89f18000 JavaThread "pool-3-thread-1" [_thread_blocked, id=5676, stack(0x000000d0b3c00000,0x000000d0b3d00000)]
  0x0000022a89f14800 JavaThread "stderr" [_thread_in_native, id=1068, stack(0x000000d0b3d00000,0x000000d0b3e00000)]
  0x0000022a89f14000 JavaThread "stdout" [_thread_in_native, id=7940, stack(0x000000d0b3e00000,0x000000d0b3f00000)]

Other Threads:
=>0x0000022affbd9000 VMThread "VM Thread" [stack: 0x000000d0af200000,0x000000d0af300000] [id=14068]
  0x0000022a869f7800 WatcherThread [stack: 0x000000d0afc00000,0x000000d0afd00000] [id=6988]
  0x0000022aeb76f000 GCTaskThread "GC Thread#0" [stack: 0x000000d0aed00000,0x000000d0aee00000] [id=12404]
  0x0000022a8747c000 GCTaskThread "GC Thread#1" [stack: 0x000000d0afe00000,0x000000d0aff00000] [id=12396]
  0x0000022a87980800 GCTaskThread "GC Thread#2" [stack: 0x000000d0aff00000,0x000000d0b0000000] [id=13496]
  0x0000022a88c00800 GCTaskThread "GC Thread#3" [stack: 0x000000d0b0900000,0x000000d0b0a00000] [id=10196]
  0x0000022a8853d000 GCTaskThread "GC Thread#4" [stack: 0x000000d0b0a00000,0x000000d0b0b00000] [id=4488]
  0x0000022a89f11800 GCTaskThread "GC Thread#5" [stack: 0x000000d0b0b00000,0x000000d0b0c00000] [id=14748]
  0x0000022a892ff800 GCTaskThread "GC Thread#6" [stack: 0x000000d0b0c00000,0x000000d0b0d00000] [id=15796]
  0x0000022a89f0e000 GCTaskThread "GC Thread#7" [stack: 0x000000d0b0d00000,0x000000d0b0e00000] [id=10124]
  0x0000022aeb7a2000 ConcurrentGCThread "G1 Main Marker" [stack: 0x000000d0aee00000,0x000000d0aef00000] [id=15188]
  0x0000022aeb7a3800 ConcurrentGCThread "G1 Conc#0" [stack: 0x000000d0aef00000,0x000000d0af000000] [id=2424]
  0x0000022a8894d000 ConcurrentGCThread "G1 Conc#1" [stack: 0x000000d0b1000000,0x000000d0b1100000] [id=1468]
  0x0000022affa27800 ConcurrentGCThread "G1 Refine#0" [stack: 0x000000d0af000000,0x000000d0af100000] [id=13868]
  0x0000022affa28000 ConcurrentGCThread "G1 Young RemSet Sampling" [stack: 0x000000d0af100000,0x000000d0af200000] [id=8920]

Threads with active compile tasks:
C2 CompilerThread0  17372 12162 %     4       com.android.tools.r8.dex.j::m @ 812 (2086 bytes)
C2 CompilerThread1  17372 12266       4       com.android.tools.r8.dex.j::a (83 bytes)

VM state:at safepoint (normal execution)

VM Mutex/Monitor currently owned by a thread:  ([mutex/lock_event])
[0x0000022aeb7518c0] Threads_lock - owner thread: 0x0000022affbd9000
[0x0000022aeb751c20] Heap_lock - owner thread: 0x0000022a89f15800

Heap address: 0x0000000080000000, size: 2048 MB, Compressed Oops mode: 32-bit
Narrow klass base: 0x0000000000000000, Narrow klass shift: 3
Compressed class space size: 1073741824 Address: 0x0000000100000000

Heap:
 garbage-first heap   total 244736K, used 158360K [0x0000000080000000, 0x0000000100000000)
  region size 1024K, 2 young (2048K), 2 survivors (2048K)
 Metaspace       used 90360K, capacity 93092K, committed 93568K, reserved 1130496K
  class space    used 11644K, capacity 12651K, committed 12748K, reserved 1048576K
Heap Regions: E=young(eden), S=young(survivor), O=old, HS=humongous(starts), HC=humongous(continues), CS=collection set, F=free, A=archive, TAMS=top-at-mark-start (previous, next)
|   0|0x0000000080000000, 0x0000000080100000, 0x0000000080100000|100%| O|  |TAMS 0x0000000080100000, 0x0000000080000000| Updating 
|   1|0x0000000080100000, 0x0000000080200000, 0x0000000080200000|100%| O|  |TAMS 0x0000000080200000, 0x0000000080100000| Updating 
|   2|0x0000000080200000, 0x0000000080300000, 0x0000000080300000|100%| O|  |TAMS 0x0000000080300000, 0x0000000080200000| Updating 
|   3|0x0000000080300000, 0x0000000080400000, 0x0000000080400000|100%|HS|  |TAMS 0x0000000080400000, 0x0000000080300000| Complete 
|   4|0x0000000080400000, 0x0000000080500000, 0x0000000080500000|100%|HC|  |TAMS 0x0000000080500000, 0x0000000080400000| Complete 
|   5|0x0000000080500000, 0x0000000080600000, 0x0000000080600000|100%|HC|  |TAMS 0x0000000080600000, 0x0000000080500000| Complete 
|   6|0x0000000080600000, 0x0000000080700000, 0x0000000080700000|100%| O|  |TAMS 0x0000000080700000, 0x0000000080600000| Updating 
|   7|0x0000000080700000, 0x0000000080800000, 0x0000000080800000|100%| O|  |TAMS 0x0000000080800000, 0x0000000080700000| Updating 
|   8|0x0000000080800000, 0x0000000080900000, 0x0000000080900000|100%| O|  |TAMS 0x0000000080900000, 0x0000000080800000| Updating 
|   9|0x0000000080900000, 0x0000000080a00000, 0x0000000080a00000|100%| O|  |TAMS 0x0000000080a00000, 0x0000000080900000| Updating 
|  10|0x0000000080a00000, 0x0000000080b00000, 0x0000000080b00000|100%| O|  |TAMS 0x0000000080b00000, 0x0000000080a00000| Updating 
|  11|0x0000000080b00000, 0x0000000080c00000, 0x0000000080c00000|100%| O|  |TAMS 0x0000000080c00000, 0x0000000080b00000| Updating 
|  12|0x0000000080c00000, 0x0000000080d00000, 0x0000000080d00000|100%| O|  |TAMS 0x0000000080d00000, 0x0000000080c00000| Updating 
|  13|0x0000000080d00000, 0x0000000080e00000, 0x0000000080e00000|100%| O|  |TAMS 0x0000000080e00000, 0x0000000080d00000| Updating 
|  14|0x0000000080e00000, 0x0000000080f00000, 0x0000000080f00000|100%| O|  |TAMS 0x0000000080f00000, 0x0000000080e00000| Updating 
|  15|0x0000000080f00000, 0x0000000081000000, 0x0000000081000000|100%| O|  |TAMS 0x0000000081000000, 0x0000000080f00000| Updating 
|  16|0x0000000081000000, 0x0000000081100000, 0x0000000081100000|100%| O|  |TAMS 0x0000000081100000, 0x0000000081000000| Updating 
|  17|0x0000000081100000, 0x0000000081200000, 0x0000000081200000|100%| O|  |TAMS 0x0000000081200000, 0x0000000081100000| Updating 
|  18|0x0000000081200000, 0x0000000081300000, 0x0000000081300000|100%| O|  |TAMS 0x0000000081300000, 0x0000000081200000| Updating 
|  19|0x0000000081300000, 0x0000000081400000, 0x0000000081400000|100%| O|  |TAMS 0x0000000081400000, 0x0000000081300000| Updating 
|  20|0x0000000081400000, 0x0000000081500000, 0x0000000081500000|100%| O|  |TAMS 0x0000000081500000, 0x0000000081400000| Updating 
|  21|0x0000000081500000, 0x0000000081600000, 0x0000000081600000|100%| O|  |TAMS 0x0000000081600000, 0x0000000081500000| Updating 
|  22|0x0000000081600000, 0x0000000081700000, 0x0000000081700000|100%|HS|  |TAMS 0x0000000081700000, 0x0000000081600000| Complete 
|  23|0x0000000081700000, 0x0000000081800000, 0x0000000081800000|100%|HS|  |TAMS 0x0000000081800000, 0x0000000081700000| Complete 
|  24|0x0000000081800000, 0x0000000081900000, 0x0000000081900000|100%|HS|  |TAMS 0x0000000081900000, 0x0000000081800000| Complete 
|  25|0x0000000081900000, 0x0000000081a00000, 0x0000000081a00000|100%|HC|  |TAMS 0x0000000081a00000, 0x0000000081900000| Complete 
|  26|0x0000000081a00000, 0x0000000081b00000, 0x0000000081b00000|100%| O|  |TAMS 0x0000000081b00000, 0x0000000081a00000| Updating 
|  27|0x0000000081b00000, 0x0000000081c00000, 0x0000000081c00000|100%| O|  |TAMS 0x0000000081c00000, 0x0000000081b00000| Updating 
|  28|0x0000000081c00000, 0x0000000081d00000, 0x0000000081d00000|100%| O|  |TAMS 0x0000000081d00000, 0x0000000081c00000| Updating 
|  29|0x0000000081d00000, 0x0000000081e00000, 0x0000000081e00000|100%| O|  |TAMS 0x0000000081e00000, 0x0000000081d00000| Updating 
|  30|0x0000000081e00000, 0x0000000081f00000, 0x0000000081f00000|100%| O|  |TAMS 0x0000000081f00000, 0x0000000081e00000| Updating 
|  31|0x0000000081f00000, 0x0000000082000000, 0x0000000082000000|100%| O|  |TAMS 0x0000000082000000, 0x0000000081f00000| Updating 
|  32|0x0000000082000000, 0x0000000082100000, 0x0000000082100000|100%| O|  |TAMS 0x0000000082100000, 0x0000000082000000| Updating 
|  33|0x0000000082100000, 0x0000000082200000, 0x0000000082200000|100%| O|  |TAMS 0x0000000082200000, 0x0000000082100000| Updating 
|  34|0x0000000082200000, 0x0000000082300000, 0x0000000082300000|100%| O|  |TAMS 0x0000000082300000, 0x0000000082200000| Updating 
|  35|0x0000000082300000, 0x0000000082400000, 0x0000000082400000|100%| O|  |TAMS 0x0000000082400000, 0x0000000082300000| Updating 
|  36|0x0000000082400000, 0x0000000082500000, 0x0000000082500000|100%| O|  |TAMS 0x0000000082500000, 0x0000000082400000| Updating 
|  37|0x0000000082500000, 0x0000000082600000, 0x0000000082600000|100%| O|  |TAMS 0x0000000082600000, 0x0000000082500000| Updating 
|  38|0x0000000082600000, 0x0000000082700000, 0x0000000082700000|100%| O|  |TAMS 0x0000000082700000, 0x0000000082600000| Updating 
|  39|0x0000000082700000, 0x0000000082800000, 0x0000000082800000|100%| O|  |TAMS 0x0000000082800000, 0x0000000082700000| Updating 
|  40|0x0000000082800000, 0x0000000082900000, 0x0000000082900000|100%| O|  |TAMS 0x0000000082900000, 0x0000000082800000| Updating 
|  41|0x0000000082900000, 0x0000000082a00000, 0x0000000082a00000|100%| O|  |TAMS 0x0000000082a00000, 0x0000000082900000| Updating 
|  42|0x0000000082a00000, 0x0000000082b00000, 0x0000000082b00000|100%| O|  |TAMS 0x0000000082b00000, 0x0000000082a00000| Updating 
|  43|0x0000000082b00000, 0x0000000082c00000, 0x0000000082c00000|100%| O|  |TAMS 0x0000000082c00000, 0x0000000082b00000| Updating 
|  44|0x0000000082c00000, 0x0000000082d00000, 0x0000000082d00000|100%| O|  |TAMS 0x0000000082d00000, 0x0000000082c00000| Updating 
|  45|0x0000000082d00000, 0x0000000082e00000, 0x0000000082e00000|100%| O|  |TAMS 0x0000000082e00000, 0x0000000082d00000| Updating 
|  46|0x0000000082e00000, 0x0000000082f00000, 0x0000000082f00000|100%| O|  |TAMS 0x0000000082f00000, 0x0000000082e00000| Updating 
|  47|0x0000000082f00000, 0x0000000083000000, 0x0000000083000000|100%| O|  |TAMS 0x0000000083000000, 0x0000000082f00000| Updating 
|  48|0x0000000083000000, 0x0000000083100000, 0x0000000083100000|100%| O|  |TAMS 0x0000000083100000, 0x0000000083000000| Updating 
|  49|0x0000000083100000, 0x0000000083200000, 0x0000000083200000|100%| O|  |TAMS 0x0000000083200000, 0x0000000083100000| Updating 
|  50|0x0000000083200000, 0x0000000083300000, 0x0000000083300000|100%| O|  |TAMS 0x0000000083300000, 0x0000000083200000| Updating 
|  51|0x0000000083300000, 0x0000000083400000, 0x0000000083400000|100%| O|  |TAMS 0x0000000083400000, 0x0000000083300000| Updating 
|  52|0x0000000083400000, 0x0000000083500000, 0x0000000083500000|100%| O|  |TAMS 0x0000000083500000, 0x0000000083400000| Updating 
|  53|0x0000000083500000, 0x0000000083600000, 0x0000000083600000|100%| O|  |TAMS 0x0000000083600000, 0x0000000083500000| Updating 
|  54|0x0000000083600000, 0x0000000083700000, 0x0000000083700000|100%| O|  |TAMS 0x0000000083700000, 0x0000000083600000| Updating 
|  55|0x0000000083700000, 0x0000000083800000, 0x0000000083800000|100%| O|  |TAMS 0x0000000083800000, 0x0000000083700000| Updating 
|  56|0x0000000083800000, 0x0000000083900000, 0x0000000083900000|100%| O|  |TAMS 0x0000000083900000, 0x0000000083800000| Updating 
|  57|0x0000000083900000, 0x0000000083a00000, 0x0000000083a00000|100%| O|  |TAMS 0x0000000083a00000, 0x0000000083900000| Updating 
|  58|0x0000000083a00000, 0x0000000083b00000, 0x0000000083b00000|100%| O|  |TAMS 0x0000000083b00000, 0x0000000083a00000| Updating 
|  59|0x0000000083b00000, 0x0000000083c00000, 0x0000000083c00000|100%| O|  |TAMS 0x0000000083c00000, 0x0000000083b00000| Updating 
|  60|0x0000000083c00000, 0x0000000083d00000, 0x0000000083d00000|100%| O|  |TAMS 0x0000000083d00000, 0x0000000083c00000| Updating 
|  61|0x0000000083d00000, 0x0000000083e00000, 0x0000000083e00000|100%| O|  |TAMS 0x0000000083e00000, 0x0000000083d00000| Updating 
|  62|0x0000000083e00000, 0x0000000083f00000, 0x0000000083f00000|100%| O|  |TAMS 0x0000000083f00000, 0x0000000083e00000| Updating 
|  63|0x0000000083f00000, 0x0000000084000000, 0x0000000084000000|100%| O|  |TAMS 0x0000000084000000, 0x0000000083f00000| Updating 
|  64|0x0000000084000000, 0x0000000084100000, 0x0000000084100000|100%| O|  |TAMS 0x0000000084100000, 0x0000000084000000| Updating 
|  65|0x0000000084100000, 0x0000000084200000, 0x0000000084200000|100%| O|  |TAMS 0x0000000084200000, 0x0000000084100000| Updating 
|  66|0x0000000084200000, 0x0000000084300000, 0x0000000084300000|100%| O|  |TAMS 0x0000000084300000, 0x0000000084200000| Updating 
|  67|0x0000000084300000, 0x0000000084400000, 0x0000000084400000|100%| O|  |TAMS 0x0000000084400000, 0x0000000084300000| Updating 
|  68|0x0000000084400000, 0x0000000084500000, 0x0000000084500000|100%| O|  |TAMS 0x0000000084500000, 0x0000000084400000| Updating 
|  69|0x0000000084500000, 0x0000000084600000, 0x0000000084600000|100%| O|  |TAMS 0x0000000084600000, 0x0000000084500000| Updating 
|  70|0x0000000084600000, 0x0000000084700000, 0x0000000084700000|100%| O|  |TAMS 0x0000000084700000, 0x0000000084600000| Updating 
|  71|0x0000000084700000, 0x0000000084800000, 0x0000000084800000|100%| O|  |TAMS 0x0000000084800000, 0x0000000084700000| Updating 
|  72|0x0000000084800000, 0x0000000084900000, 0x0000000084900000|100%| O|  |TAMS 0x0000000084900000, 0x0000000084800000| Updating 
|  73|0x0000000084900000, 0x0000000084a00000, 0x0000000084a00000|100%| O|  |TAMS 0x0000000084a00000, 0x0000000084900000| Updating 
|  74|0x0000000084a00000, 0x0000000084b00000, 0x0000000084b00000|100%| O|  |TAMS 0x0000000084b00000, 0x0000000084a00000| Updating 
|  75|0x0000000084b00000, 0x0000000084c00000, 0x0000000084c00000|100%| O|  |TAMS 0x0000000084c00000, 0x0000000084b00000| Updating 
|  76|0x0000000084c00000, 0x0000000084d00000, 0x0000000084d00000|100%| O|  |TAMS 0x0000000084d00000, 0x0000000084c00000| Updating 
|  77|0x0000000084d00000, 0x0000000084e00000, 0x0000000084e00000|100%| O|  |TAMS 0x0000000084e00000, 0x0000000084d00000| Updating 
|  78|0x0000000084e00000, 0x0000000084f00000, 0x0000000084f00000|100%| O|  |TAMS 0x0000000084f00000, 0x0000000084e00000| Updating 
|  79|0x0000000084f00000, 0x0000000085000000, 0x0000000085000000|100%| O|  |TAMS 0x0000000085000000, 0x0000000084f00000| Updating 
|  80|0x0000000085000000, 0x0000000085100000, 0x0000000085100000|100%| O|  |TAMS 0x0000000085100000, 0x0000000085000000| Updating 
|  81|0x0000000085100000, 0x0000000085200000, 0x0000000085200000|100%| O|  |TAMS 0x0000000085200000, 0x0000000085100000| Updating 
|  82|0x0000000085200000, 0x0000000085300000, 0x0000000085300000|100%| O|  |TAMS 0x0000000085300000, 0x0000000085200000| Updating 
|  83|0x0000000085300000, 0x0000000085400000, 0x0000000085400000|100%| O|  |TAMS 0x0000000085400000, 0x0000000085300000| Updating 
|  84|0x0000000085400000, 0x0000000085500000, 0x0000000085500000|100%| O|  |TAMS 0x0000000085500000, 0x0000000085400000| Updating 
|  85|0x0000000085500000, 0x0000000085600000, 0x0000000085600000|100%|HS|  |TAMS 0x0000000085600000, 0x0000000085500000| Complete 
|  86|0x0000000085600000, 0x0000000085700000, 0x0000000085700000|100%|HC|  |TAMS 0x0000000085700000, 0x0000000085600000| Complete 
|  87|0x0000000085700000, 0x0000000085800000, 0x0000000085800000|100%|HS|  |TAMS 0x0000000085800000, 0x0000000085700000| Complete 
|  88|0x0000000085800000, 0x0000000085900000, 0x0000000085900000|100%|HS|  |TAMS 0x0000000085900000, 0x0000000085800000| Complete 
|  89|0x0000000085900000, 0x0000000085a00000, 0x0000000085a00000|100%|HS|  |TAMS 0x0000000085a00000, 0x0000000085900000| Complete 
|  90|0x0000000085a00000, 0x0000000085b00000, 0x0000000085b00000|100%|HS|  |TAMS 0x0000000085b00000, 0x0000000085a00000| Complete 
|  91|0x0000000085b00000, 0x0000000085c00000, 0x0000000085c00000|100%| O|  |TAMS 0x0000000085c00000, 0x0000000085b00000| Updating 
|  92|0x0000000085c00000, 0x0000000085d00000, 0x0000000085d00000|100%| O|  |TAMS 0x0000000085d00000, 0x0000000085c00000| Updating 
|  93|0x0000000085d00000, 0x0000000085e00000, 0x0000000085e00000|100%| O|  |TAMS 0x0000000085e00000, 0x0000000085d00000| Updating 
|  94|0x0000000085e00000, 0x0000000085f00000, 0x0000000085f00000|100%| O|  |TAMS 0x0000000085f00000, 0x0000000085e00000| Updating 
|  95|0x0000000085f00000, 0x0000000086000000, 0x0000000086000000|100%|HS|  |TAMS 0x0000000086000000, 0x0000000085f00000| Complete 
|  96|0x0000000086000000, 0x0000000086100000, 0x0000000086100000|100%|HS|  |TAMS 0x0000000086100000, 0x0000000086000000| Complete 
|  97|0x0000000086100000, 0x0000000086200000, 0x0000000086200000|100%|HS|  |TAMS 0x0000000086200000, 0x0000000086100000| Complete 
|  98|0x0000000086200000, 0x0000000086300000, 0x0000000086300000|100%|HC|  |TAMS 0x0000000086300000, 0x0000000086200000| Complete 
|  99|0x0000000086300000, 0x0000000086400000, 0x0000000086400000|100%|HS|  |TAMS 0x0000000086400000, 0x0000000086300000| Complete 
| 100|0x0000000086400000, 0x0000000086500000, 0x0000000086500000|100%|HC|  |TAMS 0x0000000086500000, 0x0000000086400000| Complete 
| 101|0x0000000086500000, 0x0000000086600000, 0x0000000086600000|100%| O|  |TAMS 0x0000000086600000, 0x0000000086500000| Updating 
| 102|0x0000000086600000, 0x0000000086700000, 0x0000000086700000|100%| O|  |TAMS 0x0000000086700000, 0x0000000086600000| Updating 
| 103|0x0000000086700000, 0x0000000086800000, 0x0000000086800000|100%| O|  |TAMS 0x0000000086800000, 0x0000000086700000| Updating 
| 104|0x0000000086800000, 0x0000000086900000, 0x0000000086900000|100%| O|  |TAMS 0x0000000086900000, 0x0000000086800000| Updating 
| 105|0x0000000086900000, 0x0000000086a00000, 0x0000000086a00000|100%| O|  |TAMS 0x0000000086a00000, 0x0000000086900000| Updating 
| 106|0x0000000086a00000, 0x0000000086b00000, 0x0000000086b00000|100%| O|  |TAMS 0x0000000086b00000, 0x0000000086a00000| Updating 
| 107|0x0000000086b00000, 0x0000000086c00000, 0x0000000086c00000|100%| O|  |TAMS 0x0000000086c00000, 0x0000000086b00000| Updating 
| 108|0x0000000086c00000, 0x0000000086d00000, 0x0000000086d00000|100%| O|  |TAMS 0x0000000086d00000, 0x0000000086c00000| Updating 
| 109|0x0000000086d00000, 0x0000000086e00000, 0x0000000086e00000|100%|HS|  |TAMS 0x0000000086e00000, 0x0000000086d00000| Complete 
| 110|0x0000000086e00000, 0x0000000086f00000, 0x0000000086f00000|100%|HC|  |TAMS 0x0000000086f00000, 0x0000000086e00000| Complete 
| 111|0x0000000086f00000, 0x0000000087000000, 0x0000000087000000|100%| O|  |TAMS 0x0000000087000000, 0x0000000086f00000| Updating 
| 112|0x0000000087000000, 0x0000000087100000, 0x0000000087100000|100%|HS|  |TAMS 0x0000000087100000, 0x0000000087000000| Complete 
| 113|0x0000000087100000, 0x0000000087200000, 0x0000000087200000|100%| O|  |TAMS 0x0000000087200000, 0x0000000087100000| Updating 
| 114|0x0000000087200000, 0x0000000087300000, 0x0000000087300000|100%|HS|  |TAMS 0x0000000087300000, 0x0000000087200000| Complete 
| 115|0x0000000087300000, 0x0000000087400000, 0x0000000087400000|100%| O|  |TAMS 0x0000000087400000, 0x0000000087300000| Updating 
| 116|0x0000000087400000, 0x0000000087500000, 0x0000000087500000|100%|HS|  |TAMS 0x0000000087500000, 0x0000000087400000| Complete 
| 117|0x0000000087500000, 0x0000000087600000, 0x0000000087600000|100%| O|  |TAMS 0x00000000875f6400, 0x0000000087500000| Updating 
| 118|0x0000000087600000, 0x0000000087700000, 0x0000000087700000|100%|HS|  |TAMS 0x0000000087700000, 0x0000000087600000| Complete 
| 119|0x0000000087700000, 0x0000000087800000, 0x0000000087800000|100%|HS|  |TAMS 0x0000000087700000, 0x0000000087700000| Complete 
| 120|0x0000000087800000, 0x0000000087900000, 0x0000000087900000|100%|HS|  |TAMS 0x0000000087900000, 0x0000000087800000| Complete 
| 121|0x0000000087900000, 0x0000000087a00000, 0x0000000087a00000|100%|HS|  |TAMS 0x0000000087900000, 0x0000000087900000| Complete 
| 122|0x0000000087a00000, 0x0000000087b00000, 0x0000000087b00000|100%|HS|  |TAMS 0x0000000087b00000, 0x0000000087a00000| Complete 
| 123|0x0000000087b00000, 0x0000000087c00000, 0x0000000087c00000|100%| O|  |TAMS 0x0000000087b00000, 0x0000000087b00000| Untracked 
| 124|0x0000000087c00000, 0x0000000087d00000, 0x0000000087d00000|100%| O|  |TAMS 0x0000000087c00000, 0x0000000087c00000| Untracked 
| 125|0x0000000087d00000, 0x0000000087e00000, 0x0000000087e00000|100%|HS|  |TAMS 0x0000000087e00000, 0x0000000087d00000| Complete 
| 126|0x0000000087e00000, 0x0000000087f00000, 0x0000000087f00000|100%|HC|  |TAMS 0x0000000087f00000, 0x0000000087e00000| Complete 
| 127|0x0000000087f00000, 0x0000000088000000, 0x0000000088000000|100%| O|  |TAMS 0x0000000087f00000, 0x0000000087f00000| Untracked 
| 128|0x0000000088000000, 0x0000000088100000, 0x0000000088100000|100%| O|  |TAMS 0x0000000088000000, 0x0000000088000000| Untracked 
| 129|0x0000000088100000, 0x0000000088200000, 0x0000000088200000|100%|HS|  |TAMS 0x0000000088200000, 0x0000000088100000| Complete 
| 130|0x0000000088200000, 0x0000000088300000, 0x0000000088300000|100%|HC|  |TAMS 0x0000000088300000, 0x0000000088200000| Complete 
| 131|0x0000000088300000, 0x0000000088400000, 0x0000000088400000|100%| O|  |TAMS 0x0000000088400000, 0x0000000088300000| Updating 
| 132|0x0000000088400000, 0x0000000088500000, 0x0000000088500000|100%| O|  |TAMS 0x0000000088500000, 0x0000000088400000| Updating 
| 133|0x0000000088500000, 0x0000000088600000, 0x0000000088600000|100%| O|  |TAMS 0x0000000088600000, 0x0000000088500000| Updating 
| 134|0x0000000088600000, 0x0000000088700000, 0x0000000088700000|100%| O|  |TAMS 0x0000000088700000, 0x0000000088600000| Updating 
| 135|0x0000000088700000, 0x0000000088800000, 0x0000000088800000|100%| O|  |TAMS 0x0000000088800000, 0x0000000088700000| Updating 
| 136|0x0000000088800000, 0x0000000088900000, 0x0000000088900000|100%| O|  |TAMS 0x0000000088900000, 0x0000000088800000| Updating 
| 137|0x0000000088900000, 0x0000000088a00000, 0x0000000088a00000|100%| O|  |TAMS 0x0000000088a00000, 0x0000000088900000| Updating 
| 138|0x0000000088a00000, 0x0000000088b00000, 0x0000000088b00000|100%| O|  |TAMS 0x0000000088b00000, 0x0000000088a00000| Updating 
| 139|0x0000000088b00000, 0x0000000088c00000, 0x0000000088c00000|100%| O|  |TAMS 0x0000000088b00000, 0x0000000088b00000| Untracked 
| 140|0x0000000088c00000, 0x0000000088d00000, 0x0000000088d00000|100%| O|  |TAMS 0x0000000088c00000, 0x0000000088c00000| Untracked 
| 141|0x0000000088d00000, 0x0000000088e00000, 0x0000000088e00000|100%| O|  |TAMS 0x0000000088d00000, 0x0000000088d00000| Updating 
| 142|0x0000000088e00000, 0x0000000088f00000, 0x0000000088f00000|100%| O|  |TAMS 0x0000000088e00000, 0x0000000088e00000| Untracked 
| 143|0x0000000088f00000, 0x0000000089000000, 0x0000000089000000|100%| O|  |TAMS 0x0000000088f00000, 0x0000000088f00000| Untracked 
| 144|0x0000000089000000, 0x0000000089100000, 0x0000000089100000|100%| O|  |TAMS 0x0000000089000000, 0x0000000089000000| Untracked 
| 145|0x0000000089100000, 0x0000000089200000, 0x0000000089200000|100%| O|  |TAMS 0x0000000089100000, 0x0000000089100000| Untracked 
| 146|0x0000000089200000, 0x00000000892a6200, 0x0000000089300000| 64%| O|  |TAMS 0x0000000089200000, 0x0000000089200000| Untracked 
| 147|0x0000000089300000, 0x0000000089300000, 0x0000000089400000|  0%| F|  |TAMS 0x0000000089300000, 0x0000000089300000| Untracked 
| 148|0x0000000089400000, 0x0000000089400000, 0x0000000089500000|  0%| F|  |TAMS 0x0000000089400000, 0x0000000089400000| Untracked 
| 149|0x0000000089500000, 0x0000000089500000, 0x0000000089600000|  0%| F|  |TAMS 0x0000000089500000, 0x0000000089500000| Untracked 
| 150|0x0000000089600000, 0x0000000089600000, 0x0000000089700000|  0%| F|  |TAMS 0x0000000089600000, 0x0000000089600000| Untracked 
| 151|0x0000000089700000, 0x0000000089700000, 0x0000000089800000|  0%| F|  |TAMS 0x0000000089700000, 0x0000000089700000| Untracked 
| 152|0x0000000089800000, 0x0000000089800000, 0x0000000089900000|  0%| F|  |TAMS 0x0000000089800000, 0x0000000089800000| Untracked 
| 153|0x0000000089900000, 0x0000000089900000, 0x0000000089a00000|  0%| F|  |TAMS 0x0000000089900000, 0x0000000089900000| Untracked 
| 154|0x0000000089a00000, 0x0000000089a00000, 0x0000000089b00000|  0%| F|  |TAMS 0x0000000089a00000, 0x0000000089a00000| Untracked 
| 155|0x0000000089b00000, 0x0000000089b00000, 0x0000000089c00000|  0%| F|  |TAMS 0x0000000089b00000, 0x0000000089b00000| Untracked 
| 156|0x0000000089c00000, 0x0000000089c00000, 0x0000000089d00000|  0%| F|  |TAMS 0x0000000089c00000, 0x0000000089c00000| Untracked 
| 157|0x0000000089d00000, 0x0000000089d00000, 0x0000000089e00000|  0%| F|  |TAMS 0x0000000089d00000, 0x0000000089d00000| Untracked 
| 158|0x0000000089e00000, 0x0000000089e00000, 0x0000000089f00000|  0%| F|  |TAMS 0x0000000089e00000, 0x0000000089e00000| Untracked 
| 159|0x0000000089f00000, 0x0000000089f00000, 0x000000008a000000|  0%| F|  |TAMS 0x0000000089f00000, 0x0000000089f00000| Untracked 
| 160|0x000000008a000000, 0x000000008a000000, 0x000000008a100000|  0%| F|  |TAMS 0x000000008a000000, 0x000000008a000000| Untracked 
| 161|0x000000008a100000, 0x000000008a100000, 0x000000008a200000|  0%| F|  |TAMS 0x000000008a100000, 0x000000008a100000| Untracked 
| 162|0x000000008a200000, 0x000000008a200000, 0x000000008a300000|  0%| F|  |TAMS 0x000000008a200000, 0x000000008a200000| Untracked 
| 163|0x000000008a300000, 0x000000008a300000, 0x000000008a400000|  0%| F|  |TAMS 0x000000008a300000, 0x000000008a300000| Untracked 
| 164|0x000000008a400000, 0x000000008a400000, 0x000000008a500000|  0%| F|  |TAMS 0x000000008a400000, 0x000000008a400000| Untracked 
| 165|0x000000008a500000, 0x000000008a500000, 0x000000008a600000|  0%| F|  |TAMS 0x000000008a500000, 0x000000008a500000| Untracked 
| 166|0x000000008a600000, 0x000000008a600000, 0x000000008a700000|  0%| F|  |TAMS 0x000000008a600000, 0x000000008a600000| Untracked 
| 167|0x000000008a700000, 0x000000008a700000, 0x000000008a800000|  0%| F|  |TAMS 0x000000008a700000, 0x000000008a700000| Untracked 
| 168|0x000000008a800000, 0x000000008a800000, 0x000000008a900000|  0%| F|  |TAMS 0x000000008a800000, 0x000000008a800000| Untracked 
| 169|0x000000008a900000, 0x000000008a900000, 0x000000008aa00000|  0%| F|  |TAMS 0x000000008a900000, 0x000000008a900000| Untracked 
| 170|0x000000008aa00000, 0x000000008aa00000, 0x000000008ab00000|  0%| F|  |TAMS 0x000000008aa00000, 0x000000008aa00000| Untracked 
| 171|0x000000008ab00000, 0x000000008ac00000, 0x000000008ac00000|100%| S|CS|TAMS 0x000000008ab00000, 0x000000008ab00000| Complete 
| 172|0x000000008ac00000, 0x000000008ad00000, 0x000000008ad00000|100%| S|CS|TAMS 0x000000008ac00000, 0x000000008ac00000| Complete 
| 173|0x000000008ad00000, 0x000000008ad00000, 0x000000008ae00000|  0%| F|  |TAMS 0x000000008ad00000, 0x000000008ad00000| Untracked 
| 174|0x000000008ae00000, 0x000000008ae00000, 0x000000008af00000|  0%| F|  |TAMS 0x000000008ae00000, 0x000000008ae00000| Untracked 
| 175|0x000000008af00000, 0x000000008af00000, 0x000000008b000000|  0%| F|  |TAMS 0x000000008af00000, 0x000000008af00000| Untracked 
| 176|0x000000008b000000, 0x000000008b000000, 0x000000008b100000|  0%| F|  |TAMS 0x000000008b000000, 0x000000008b000000| Untracked 
| 177|0x000000008b100000, 0x000000008b100000, 0x000000008b200000|  0%| F|  |TAMS 0x000000008b100000, 0x000000008b100000| Untracked 
| 178|0x000000008b200000, 0x000000008b200000, 0x000000008b300000|  0%| F|  |TAMS 0x000000008b200000, 0x000000008b200000| Untracked 
| 179|0x000000008b300000, 0x000000008b300000, 0x000000008b400000|  0%| F|  |TAMS 0x000000008b300000, 0x000000008b300000| Untracked 
| 180|0x000000008b400000, 0x000000008b400000, 0x000000008b500000|  0%| F|  |TAMS 0x000000008b400000, 0x000000008b400000| Untracked 
| 181|0x000000008b500000, 0x000000008b500000, 0x000000008b600000|  0%| F|  |TAMS 0x000000008b500000, 0x000000008b500000| Untracked 
| 182|0x000000008b600000, 0x000000008b600000, 0x000000008b700000|  0%| F|  |TAMS 0x000000008b600000, 0x000000008b600000| Untracked 
| 183|0x000000008b700000, 0x000000008b800000, 0x000000008b800000|100%| O|  |TAMS 0x000000008b800000, 0x000000008b700000| Updating 
| 184|0x000000008b800000, 0x000000008b900000, 0x000000008b900000|100%| O|  |TAMS 0x000000008b900000, 0x000000008b800000| Updating 
| 185|0x000000008b900000, 0x000000008ba00000, 0x000000008ba00000|100%| O|  |TAMS 0x000000008ba00000, 0x000000008b900000| Updating 
| 186|0x000000008ba00000, 0x000000008bb00000, 0x000000008bb00000|100%| O|  |TAMS 0x000000008bb00000, 0x000000008ba00000| Updating 
| 187|0x000000008bb00000, 0x000000008bc00000, 0x000000008bc00000|100%| O|  |TAMS 0x000000008bc00000, 0x000000008bb00000| Updating 
| 188|0x000000008bc00000, 0x000000008bd00000, 0x000000008bd00000|100%| O|  |TAMS 0x000000008bd00000, 0x000000008bc00000| Updating 

Card table byte_map: [0x0000022afe980000,0x0000022afed80000] _byte_map_base: 0x0000022afe580000

Marking Bits (Prev, Next): (CMBitMap*) 0x0000022aeb7990a8, (CMBitMap*) 0x0000022aeb7990e0
 Prev Bits: [0x0000022a80000000, 0x0000022a82000000)
 Next Bits: [0x0000022a82000000, 0x0000022a84000000)

Polling page: 0x0000022ae9770000

Metaspace:

Usage:
  Non-class:     78.56 MB capacity,    76.87 MB ( 98%) used,     1.42 MB (  2%) free+waste,   269.75 KB ( <1%) overhead. 
      Class:     12.35 MB capacity,    11.37 MB ( 92%) used,   884.95 KB (  7%) free+waste,   121.75 KB ( <1%) overhead. 
       Both:     90.91 MB capacity,    88.24 MB ( 97%) used,     2.28 MB (  3%) free+waste,   391.50 KB ( <1%) overhead. 

Virtual space:
  Non-class space:       80.00 MB reserved,      78.93 MB ( 99%) committed 
      Class space:        1.00 GB reserved,      12.45 MB (  1%) committed 
             Both:        1.08 GB reserved,      91.38 MB (  8%) committed 

Chunk freelists:
   Non-Class:  187.00 KB
       Class:  85.00 KB
        Both:  272.00 KB

MaxMetaspaceSize: 17179869184.00 GB
CompressedClassSpaceSize: 1.00 GB

CodeHeap 'non-profiled nmethods': size=120000Kb used=7924Kb max_used=7924Kb free=112076Kb
 bounds [0x0000022af6d10000, 0x0000022af74d0000, 0x0000022afe240000]
CodeHeap 'profiled nmethods': size=120000Kb used=27047Kb max_used=27047Kb free=92953Kb
 bounds [0x0000022aef7e0000, 0x0000022af1250000, 0x0000022af6d10000]
CodeHeap 'non-nmethods': size=5760Kb used=2301Kb max_used=2356Kb free=3458Kb
 bounds [0x0000022aef240000, 0x0000022aef4b0000, 0x0000022aef7e0000]
 total_blobs=13054 nmethods=12147 adapters=818
 compilation: enabled
              stopped_count=0, restarted_count=0
 full_count=0

Compilation events (20 events):
Event: 17.287 Thread 0x0000022a8684f800 nmethod 12249 0x0000022af1244f10 code [0x0000022af12450e0, 0x0000022af1245498]
Event: 17.287 Thread 0x0000022a8684f800 12248       3       com.android.tools.r8.internal.lp::a (125 bytes)
Event: 17.288 Thread 0x0000022a885b3800 nmethod 12257 0x0000022af74caf10 code [0x0000022af74cb0c0, 0x0000022af74cb408]
Event: 17.288 Thread 0x0000022a8684f800 nmethod 12248 0x0000022af1245590 code [0x0000022af1245780, 0x0000022af1245d48]
Event: 17.288 Thread 0x0000022a8684f800 12258       3       com.android.tools.r8.graph.d0::F (8 bytes)
Event: 17.288 Thread 0x0000022a8684f800 nmethod 12258 0x0000022af1245f90 code [0x0000022af1246140, 0x0000022af1246268]
Event: 17.293 Thread 0x0000022a885b3800 12260       4       com.android.tools.r8.graph.Q::F (30 bytes)
Event: 17.293 Thread 0x0000022a8684f800 12261       3       com.android.tools.r8.graph.X::g (62 bytes)
Event: 17.294 Thread 0x0000022a8684f800 nmethod 12261 0x0000022af1246310 code [0x0000022af1246560, 0x0000022af1247008]
Event: 17.296 Thread 0x0000022a88372000 nmethod 12259 0x0000022af74cb510 code [0x0000022af74cb6e0, 0x0000022af74cbcb8]
Event: 17.307 Thread 0x0000022a885b3800 nmethod 12260 0x0000022af74cc190 code [0x0000022af74cc360, 0x0000022af74cc758]
Event: 17.330 Thread 0x0000022a8684f800 12262       3       com.android.tools.r8.internal.du::d (194 bytes)
Event: 17.332 Thread 0x0000022a8684f800 nmethod 12262 0x0000022af1247290 code [0x0000022af1247520, 0x0000022af12481d8]
Event: 17.334 Thread 0x0000022a8684f800 12263       3       com.android.tools.r8.graph.e0::equals (37 bytes)
Event: 17.335 Thread 0x0000022a8684f800 nmethod 12263 0x0000022af1248710 code [0x0000022af12488e0, 0x0000022af1248cc8]
Event: 17.335 Thread 0x0000022a8684f800 12264       3       com.android.tools.r8.graph.a0::g (62 bytes)
Event: 17.335 Thread 0x0000022a88372000 12265       4       com.android.tools.r8.internal.zh::get (106 bytes)
Event: 17.335 Thread 0x0000022a8684f800 nmethod 12264 0x0000022af1248d90 code [0x0000022af1248fe0, 0x0000022af1249968]
Event: 17.336 Thread 0x0000022a885b3800 12266       4       com.android.tools.r8.dex.j::a (83 bytes)
Event: 17.338 Thread 0x0000022a88372000 nmethod 12265 0x0000022af74cca90 code [0x0000022af74ccc40, 0x0000022af74cce18]

GC Heap History (20 events):
Event: 14.161 GC heap after
{Heap after GC invocations=22 (full 0):
 garbage-first heap   total 187392K, used 80810K [0x0000000080000000, 0x0000000100000000)
  region size 1024K, 10 young (10240K), 10 survivors (10240K)
 Metaspace       used 82099K, capacity 84867K, committed 85120K, reserved 1122304K
  class space    used 10674K, capacity 11674K, committed 11724K, reserved 1048576K
}
Event: 14.815 GC heap before
{Heap before GC invocations=22 (full 0):
 garbage-first heap   total 187392K, used 145322K [0x0000000080000000, 0x0000000100000000)
  region size 1024K, 74 young (75776K), 10 survivors (10240K)
 Metaspace       used 83276K, capacity 86049K, committed 86272K, reserved 1124352K
  class space    used 10750K, capacity 11769K, committed 11852K, reserved 1048576K
}
Event: 14.824 GC heap after
{Heap after GC invocations=23 (full 0):
 garbage-first heap   total 187392K, used 84649K [0x0000000080000000, 0x0000000100000000)
  region size 1024K, 9 young (9216K), 9 survivors (9216K)
 Metaspace       used 83276K, capacity 86049K, committed 86272K, reserved 1124352K
  class space    used 10750K, capacity 11769K, committed 11852K, reserved 1048576K
}
Event: 15.390 GC heap before
{Heap before GC invocations=23 (full 0):
 garbage-first heap   total 187392K, used 149161K [0x0000000080000000, 0x0000000100000000)
  region size 1024K, 73 young (74752K), 9 survivors (9216K)
 Metaspace       used 85269K, capacity 88042K, committed 88320K, reserved 1126400K
  class space    used 11024K, capacity 12039K, committed 12108K, reserved 1048576K
}
Event: 15.400 GC heap after
{Heap after GC invocations=24 (full 0):
 garbage-first heap   total 187392K, used 87194K [0x0000000080000000, 0x0000000100000000)
  region size 1024K, 7 young (7168K), 7 survivors (7168K)
 Metaspace       used 85269K, capacity 88042K, committed 88320K, reserved 1126400K
  class space    used 11024K, capacity 12039K, committed 12108K, reserved 1048576K
}
Event: 15.915 GC heap before
{Heap before GC invocations=24 (full 0):
 garbage-first heap   total 187392K, used 150682K [0x0000000080000000, 0x0000000100000000)
  region size 1024K, 70 young (71680K), 7 survivors (7168K)
 Metaspace       used 87102K, capacity 89957K, committed 90112K, reserved 1126400K
  class space    used 11231K, capacity 12269K, committed 12364K, reserved 1048576K
}
Event: 15.927 GC heap after
{Heap after GC invocations=25 (full 0):
 garbage-first heap   total 187392K, used 90329K [0x0000000080000000, 0x0000000100000000)
  region size 1024K, 6 young (6144K), 6 survivors (6144K)
 Metaspace       used 87102K, capacity 89957K, committed 90112K, reserved 1126400K
  class space    used 11231K, capacity 12269K, committed 12364K, reserved 1048576K
}
Event: 16.061 GC heap before
{Heap before GC invocations=25 (full 0):
 garbage-first heap   total 187392K, used 106713K [0x0000000080000000, 0x0000000100000000)
  region size 1024K, 23 young (23552K), 6 survivors (6144K)
 Metaspace       used 87449K, capacity 90269K, committed 90368K, reserved 1128448K
  class space    used 11263K, capacity 12305K, committed 12364K, reserved 1048576K
}
Event: 16.068 GC heap after
{Heap after GC invocations=26 (full 0):
 garbage-first heap   total 187392K, used 92120K [0x0000000080000000, 0x0000000100000000)
  region size 1024K, 6 young (6144K), 6 survivors (6144K)
 Metaspace       used 87449K, capacity 90269K, committed 90368K, reserved 1128448K
  class space    used 11263K, capacity 12305K, committed 12364K, reserved 1048576K
}
Event: 16.383 GC heap before
{Heap before GC invocations=27 (full 0):
 garbage-first heap   total 187392K, used 107480K [0x0000000080000000, 0x0000000100000000)
  region size 1024K, 17 young (17408K), 6 survivors (6144K)
 Metaspace       used 87462K, capacity 90086K, committed 90624K, reserved 1128448K
  class space    used 11233K, capacity 12201K, committed 12364K, reserved 1048576K
}
Event: 16.395 GC heap after
{Heap after GC invocations=28 (full 0):
 garbage-first heap   total 187392K, used 103296K [0x0000000080000000, 0x0000000100000000)
  region size 1024K, 7 young (7168K), 7 survivors (7168K)
 Metaspace       used 87462K, capacity 90086K, committed 90624K, reserved 1128448K
  class space    used 11233K, capacity 12201K, committed 12364K, reserved 1048576K
}
Event: 16.749 GC heap before
{Heap before GC invocations=29 (full 0):
 garbage-first heap   total 187392K, used 120704K [0x0000000080000000, 0x0000000100000000)
  region size 1024K, 20 young (20480K), 7 survivors (7168K)
 Metaspace       used 90098K, capacity 92793K, committed 93312K, reserved 1130496K
  class space    used 11618K, capacity 12616K, committed 12748K, reserved 1048576K
}
Event: 16.756 GC heap after
{Heap after GC invocations=30 (full 0):
 garbage-first heap   total 187392K, used 111955K [0x0000000080000000, 0x0000000100000000)
  region size 1024K, 3 young (3072K), 3 survivors (3072K)
 Metaspace       used 90098K, capacity 92793K, committed 93312K, reserved 1130496K
  class space    used 11618K, capacity 12616K, committed 12748K, reserved 1048576K
}
Event: 17.025 GC heap before
{Heap before GC invocations=31 (full 0):
 garbage-first heap   total 187392K, used 172371K [0x0000000080000000, 0x0000000100000000)
  region size 1024K, 39 young (39936K), 3 survivors (3072K)
 Metaspace       used 90360K, capacity 93092K, committed 93568K, reserved 1130496K
  class space    used 11644K, capacity 12651K, committed 12748K, reserved 1048576K
}
Event: 17.041 GC heap after
{Heap after GC invocations=32 (full 0):
 garbage-first heap   total 193536K, used 140881K [0x0000000080000000, 0x0000000100000000)
  region size 1024K, 5 young (5120K), 5 survivors (5120K)
 Metaspace       used 90360K, capacity 93092K, committed 93568K, reserved 1130496K
  class space    used 11644K, capacity 12651K, committed 12748K, reserved 1048576K
}
Event: 17.118 GC heap before
{Heap before GC invocations=32 (full 0):
 garbage-first heap   total 193536K, used 152145K [0x0000000080000000, 0x0000000100000000)
  region size 1024K, 18 young (18432K), 5 survivors (5120K)
 Metaspace       used 90360K, capacity 93092K, committed 93568K, reserved 1130496K
  class space    used 11644K, capacity 12651K, committed 12748K, reserved 1048576K
}
Event: 17.142 GC heap after
{Heap after GC invocations=33 (full 0):
 garbage-first heap   total 193536K, used 145369K [0x0000000080000000, 0x0000000100000000)
  region size 1024K, 3 young (3072K), 3 survivors (3072K)
 Metaspace       used 90360K, capacity 93092K, committed 93568K, reserved 1130496K
  class space    used 11644K, capacity 12651K, committed 12748K, reserved 1048576K
}
Event: 17.255 GC heap before
{Heap before GC invocations=33 (full 0):
 garbage-first heap   total 193536K, used 161753K [0x0000000080000000, 0x0000000100000000)
  region size 1024K, 18 young (18432K), 3 survivors (3072K)
 Metaspace       used 90360K, capacity 93092K, committed 93568K, reserved 1130496K
  class space    used 11644K, capacity 12651K, committed 12748K, reserved 1048576K
}
Event: 17.271 GC heap after
{Heap after GC invocations=34 (full 0):
 garbage-first heap   total 193536K, used 153868K [0x0000000080000000, 0x0000000100000000)
  region size 1024K, 3 young (3072K), 3 survivors (3072K)
 Metaspace       used 90360K, capacity 93092K, committed 93568K, reserved 1130496K
  class space    used 11644K, capacity 12651K, committed 12748K, reserved 1048576K
}
Event: 17.340 GC heap before
{Heap before GC invocations=34 (full 0):
 garbage-first heap   total 193536K, used 163084K [0x0000000080000000, 0x0000000100000000)
  region size 1024K, 13 young (13312K), 3 survivors (3072K)
 Metaspace       used 90360K, capacity 93092K, committed 93568K, reserved 1130496K
  class space    used 11644K, capacity 12651K, committed 12748K, reserved 1048576K
}

Deoptimization events (20 events):
Event: 16.918 Thread 0x0000022a89f15800 DEOPT PACKING pc=0x0000022af1100d42 sp=0x000000d0b3afd1d0
Event: 16.918 Thread 0x0000022a89f15800 DEOPT UNPACKING pc=0x0000022aef2676ce sp=0x000000d0b3afc6e0 mode 0
Event: 16.961 Thread 0x0000022a89f15800 DEOPT PACKING pc=0x0000022af11014f6 sp=0x000000d0b3afd1d0
Event: 16.961 Thread 0x0000022a89f15800 DEOPT UNPACKING pc=0x0000022aef2676ce sp=0x000000d0b3afc6f0 mode 0
Event: 16.973 Thread 0x0000022a89f15800 DEOPT PACKING pc=0x0000022af11014d5 sp=0x000000d0b3afd1d0
Event: 16.973 Thread 0x0000022a89f15800 DEOPT UNPACKING pc=0x0000022aef2676ce sp=0x000000d0b3afc6f0 mode 0
Event: 16.974 Thread 0x0000022a89f15800 Uncommon trap: trap_request=0xffffff4d fr.pc=0x0000022af749b264 relative=0x0000000000001004
Event: 16.974 Thread 0x0000022a89f15800 Uncommon trap: reason=unstable_if action=reinterpret pc=0x0000022af749b264 method=java.util.concurrent.ConcurrentHashMap.transfer([Ljava/util/concurrent/ConcurrentHashMap$Node;[Ljava/util/concurrent/ConcurrentHashMap$Node;)V @ 352 c2
Event: 16.975 Thread 0x0000022a89f15800 DEOPT PACKING pc=0x0000022af749b264 sp=0x000000d0b3afd270
Event: 16.975 Thread 0x0000022a89f15800 DEOPT UNPACKING pc=0x0000022aef2678af sp=0x000000d0b3afd1e8 mode 2
Event: 16.985 Thread 0x0000022a89f15800 DEOPT PACKING pc=0x0000022af1100d42 sp=0x000000d0b3afd1d0
Event: 16.985 Thread 0x0000022a89f15800 DEOPT UNPACKING pc=0x0000022aef2676ce sp=0x000000d0b3afc6e0 mode 0
Event: 17.017 Thread 0x0000022a89f15800 DEOPT PACKING pc=0x0000022af1100d42 sp=0x000000d0b3afd280
Event: 17.017 Thread 0x0000022a89f15800 DEOPT UNPACKING pc=0x0000022aef2676ce sp=0x000000d0b3afc790 mode 0
Event: 17.053 Thread 0x0000022a89f15800 DEOPT PACKING pc=0x0000022af11ecc71 sp=0x000000d0b3afd0e0
Event: 17.053 Thread 0x0000022a89f15800 DEOPT UNPACKING pc=0x0000022aef2676ce sp=0x000000d0b3afc638 mode 0
Event: 17.081 Thread 0x0000022a89f15800 DEOPT PACKING pc=0x0000022af1209e1b sp=0x000000d0b3afd170
Event: 17.081 Thread 0x0000022a89f15800 DEOPT UNPACKING pc=0x0000022aef2676ce sp=0x000000d0b3afc730 mode 0
Event: 17.142 Thread 0x0000022a89f15800 DEOPT PACKING pc=0x0000022af1100d42 sp=0x000000d0b3afd280
Event: 17.142 Thread 0x0000022a89f15800 DEOPT UNPACKING pc=0x0000022aef2676ce sp=0x000000d0b3afc790 mode 0

Classes redefined (0 events):
No events

Internal exceptions (20 events):
Event: 14.760 Thread 0x0000022a8bb8e800 Exception <a 'java/lang/NoSuchMethodError'{0x0000000087a73cf8}: <clinit>> (0x0000000087a73cf8) thrown at [./src/hotspot/share/prims/jni.cpp, line 1362]
Event: 14.825 Thread 0x0000022a8bb8e800 Exception <a 'sun/nio/fs/WindowsException'{0x000000008b60a9f8}> (0x000000008b60a9f8) thrown at [./src/hotspot/share/prims/jni.cpp, line 615]
Event: 14.826 Thread 0x0000022a8bb8e800 Exception <a 'sun/nio/fs/WindowsException'{0x000000008b60b9e8}> (0x000000008b60b9e8) thrown at [./src/hotspot/share/prims/jni.cpp, line 615]
Event: 14.829 Thread 0x0000022a8bb8e800 Exception <a 'sun/nio/fs/WindowsException'{0x000000008b60f630}> (0x000000008b60f630) thrown at [./src/hotspot/share/prims/jni.cpp, line 615]
Event: 14.829 Thread 0x0000022a8bb8e800 Exception <a 'sun/nio/fs/WindowsException'{0x000000008b610618}> (0x000000008b610618) thrown at [./src/hotspot/share/prims/jni.cpp, line 615]
Event: 14.841 Thread 0x0000022a8bb8e800 Exception <a 'java/lang/NoSuchMethodError'{0x000000008b441ae0}: <clinit>> (0x000000008b441ae0) thrown at [./src/hotspot/share/prims/jni.cpp, line 1362]
Event: 14.843 Thread 0x0000022a8bb8e800 Exception <a 'java/lang/NoSuchMethodError'{0x000000008b477ee0}: <clinit>> (0x000000008b477ee0) thrown at [./src/hotspot/share/prims/jni.cpp, line 1362]
Event: 14.845 Thread 0x0000022a8bb8e800 Exception <a 'java/lang/NoSuchMethodError'{0x000000008b4b30d0}: <clinit>> (0x000000008b4b30d0) thrown at [./src/hotspot/share/prims/jni.cpp, line 1362]
Event: 14.846 Thread 0x0000022a8bb8e800 Exception <a 'java/lang/NoSuchMethodError'{0x000000008b4c5c28}: <clinit>> (0x000000008b4c5c28) thrown at [./src/hotspot/share/prims/jni.cpp, line 1362]
Event: 15.020 Thread 0x0000022a8ba24000 Implicit null exception at 0x0000022af73f37d5 to 0x0000022af73f4060
Event: 15.045 Thread 0x0000022a8ba25800 Implicit null exception at 0x0000022af73fa3d2 to 0x0000022af73fa7d8
Event: 16.199 Thread 0x0000022a8bb8b800 Exception <a 'java/lang/NoSuchMethodError'{0x000000008b43de88}: 'void java.lang.invoke.DirectMethodHandle$Holder.invokeStatic(java.lang.Object, long)'> (0x000000008b43de88) thrown at [./src/hotspot/share/interpreter/linkResolver.cpp, line 773]
Event: 16.200 Thread 0x0000022a8bb8b800 Exception <a 'java/lang/NoSuchMethodError'{0x000000008b1ec598}: 'java.lang.Object java.lang.invoke.DirectMethodHandle$Holder.invokeStatic(java.lang.Object, long)'> (0x000000008b1ec598) thrown at [./src/hotspot/share/interpreter/linkResolver.cpp, line 773]
Event: 16.204 Thread 0x0000022a8bb8b800 Exception <a 'java/lang/NoSuchMethodError'{0x000000008b1fa900}: 'java.lang.Object java.lang.invoke.DirectMethodHandle$Holder.invokeStaticInit(java.lang.Object, java.lang.Object, long, java.lang.Object)'> (0x000000008b1fa900) thrown at [./src/hotspot/share/interpreter/linkResolver.cpp, line 773]
Event: 16.205 Thread 0x0000022a8bb8b800 Exception <a 'java/lang/NoSuchMethodError'{0x000000008b0010c0}: 'java.lang.Object java.lang.invoke.DirectMethodHandle$Holder.invokeStatic(java.lang.Object, java.lang.Object, long)'> (0x000000008b0010c0) thrown at [./src/hotspot/share/interpreter/linkResolver.cpp, line 773]
Event: 16.205 Thread 0x0000022a8bb8b800 Exception <a 'java/lang/NoSuchMethodError'{0x000000008b007638}: 'java.lang.Object java.lang.invoke.Invokers$Holder.linkToTargetMethod(java.lang.Object, long, java.lang.Object)'> (0x000000008b007638) thrown at [./src/hotspot/share/interpreter/linkResolver.cpp, line 773]
Event: 16.538 Thread 0x0000022a89f15800 Exception <a 'sun/nio/fs/WindowsException'{0x000000008b2730e0}> (0x000000008b2730e0) thrown at [./src/hotspot/share/prims/jni.cpp, line 615]
Event: 16.633 Thread 0x0000022a8bb8b800 Exception <a 'java/lang/NoSuchMethodError'{0x000000008ae44018}: 'int java.lang.invoke.DirectMethodHandle$Holder.invokeSpecialIFC(java.lang.Object, java.lang.Object, java.lang.Object)'> (0x000000008ae44018) thrown at [./src/hotspot/share/interpreter/linkResolver.cpp, line 773]
Event: 16.744 Thread 0x0000022a89f15800 Exception <a 'java/lang/NoSuchMethodError'{0x000000008a49e690}: 'java.lang.Object java.lang.invoke.DirectMethodHandle$Holder.invokeStatic(java.lang.Object, java.lang.Object, java.lang.Object, java.lang.Object, java.lang.Object, java.lang.Object, java.lang.Object, java.lang.Object, java.lang.Object, java.lang.Object, java.lang.Object, java.lang.Object, java.lang.Object, java.lang.Object, java.lang.Object, java.lang.Object, java.lang.Object, java.lang.Object, int, java.lang.Object)'> (0x000000008a49e690) thr
Event: 16.744 Thread 0x0000022a89f15800 Exception <a 'java/lang/NoSuchMethodError'{0x000000008a4a3f20}: 'java.lang.Object java.lang.invoke.DirectMethodHandle$Holder.invokeStaticInit(java.lang.Object, java.lang.Object, java.lang.Object, java.lang.Object, java.lang.Object, java.lang.Object, java.lang.Object, java.lang.Object, java.lang.Object, java.lang.Object, java.lang.Object, java.lang.Object, java.lang.Object, java.lang.Object, java.lang.Object, java.lang.Object, java.lang.Object, java.lang.Object, int, java.lang.Object)'> (0x000000008a4a3f20)

Events (20 events):
Event: 16.801 loading class com/android/tools/r8/graph/y done
Event: 16.892 Executing VM operation: CGC_Operation
Event: 16.900 Executing VM operation: CGC_Operation done
Event: 16.910 loading class java/util/concurrent/ConcurrentHashMap$TreeNode
Event: 16.911 loading class java/util/concurrent/ConcurrentHashMap$TreeNode done
Event: 16.911 loading class java/util/concurrent/ConcurrentHashMap$TreeBin
Event: 16.911 loading class java/util/concurrent/ConcurrentHashMap$TreeBin done
Event: 16.965 Executing VM operation: CGC_Operation
Event: 16.965 Executing VM operation: CGC_Operation done
Event: 16.974 Executing VM operation: RevokeBias
Event: 16.974 Executing VM operation: RevokeBias done
Event: 17.024 Executing VM operation: G1CollectForAllocation
Event: 17.041 Executing VM operation: G1CollectForAllocation done
Event: 17.117 Executing VM operation: G1CollectForAllocation
Event: 17.142 Executing VM operation: G1CollectForAllocation done
Event: 17.255 Executing VM operation: G1CollectForAllocation
Event: 17.271 Executing VM operation: G1CollectForAllocation done
Event: 17.297 Executing VM operation: CGC_Operation
Event: 17.306 Executing VM operation: CGC_Operation done
Event: 17.339 Executing VM operation: G1CollectForAllocation


Dynamic libraries:
0x00007ff7bc6e0000 - 0x00007ff7bc6ea000 	C:\Program Files\Android\Android Studio3\jre\bin\java.exe
0x00007ffd703a0000 - 0x00007ffd705af000 	C:\WINDOWS\SYSTEM32\ntdll.dll
0x00007ffd6ed30000 - 0x00007ffd6eded000 	C:\WINDOWS\System32\KERNEL32.DLL
0x00007ffd6d860000 - 0x00007ffd6dbe6000 	C:\WINDOWS\System32\KERNELBASE.dll
0x00007ffd6e0d0000 - 0x00007ffd6e1e1000 	C:\WINDOWS\System32\ucrtbase.dll
0x00007ffd60510000 - 0x00007ffd60529000 	C:\Program Files\Android\Android Studio3\jre\bin\jli.dll
0x00007ffd60410000 - 0x00007ffd60427000 	C:\Program Files\Android\Android Studio3\jre\bin\VCRUNTIME140.dll
0x00007ffd6f140000 - 0x00007ffd6f2ea000 	C:\WINDOWS\System32\USER32.dll
0x00007ffd6e1f0000 - 0x00007ffd6e216000 	C:\WINDOWS\System32\win32u.dll
0x00007ffd56840000 - 0x00007ffd56ae1000 	C:\WINDOWS\WinSxS\amd64_microsoft.windows.common-controls_6595b64144ccf1df_6.0.22471.1000_none_228bc6e77ad112f7\COMCTL32.dll
0x00007ffd6e580000 - 0x00007ffd6e5a9000 	C:\WINDOWS\System32\GDI32.dll
0x00007ffd6e290000 - 0x00007ffd6e334000 	C:\WINDOWS\System32\msvcrt.dll
0x00007ffd6dfb0000 - 0x00007ffd6e0c7000 	C:\WINDOWS\System32\gdi32full.dll
0x00007ffd6de80000 - 0x00007ffd6df1b000 	C:\WINDOWS\System32\msvcp_win.dll
0x00007ffd6e540000 - 0x00007ffd6e571000 	C:\WINDOWS\System32\IMM32.DLL
0x00007ffd60190000 - 0x00007ffd6022d000 	C:\Program Files\Android\Android Studio3\jre\bin\msvcp140.dll
0x00007ffd431e0000 - 0x00007ffd43caf000 	C:\Program Files\Android\Android Studio3\jre\bin\server\jvm.dll
0x00007ffd6e5b0000 - 0x00007ffd6e65e000 	C:\WINDOWS\System32\ADVAPI32.dll
0x00007ffd6ec80000 - 0x00007ffd6ed21000 	C:\WINDOWS\System32\sechost.dll
0x00007ffd6e420000 - 0x00007ffd6e540000 	C:\WINDOWS\System32\RPCRT4.dll
0x00007ffd6e220000 - 0x00007ffd6e228000 	C:\WINDOWS\System32\PSAPI.DLL
0x00007ffd678d0000 - 0x00007ffd67903000 	C:\WINDOWS\SYSTEM32\WINMM.dll
0x00007ffd6b550000 - 0x00007ffd6b55a000 	C:\WINDOWS\SYSTEM32\VERSION.dll
0x00007ffd4a4b0000 - 0x00007ffd4a4b9000 	C:\WINDOWS\SYSTEM32\WSOCK32.dll
0x00007ffd6f2f0000 - 0x00007ffd6f361000 	C:\WINDOWS\System32\WS2_32.dll
0x00007ffd6c930000 - 0x00007ffd6c948000 	C:\WINDOWS\SYSTEM32\kernel.appcore.dll
0x00007ffd69cf0000 - 0x00007ffd69d01000 	C:\Program Files\Android\Android Studio3\jre\bin\verify.dll
0x00007ffd65500000 - 0x00007ffd65727000 	C:\WINDOWS\SYSTEM32\DBGHELP.DLL
0x00007ffd6e900000 - 0x00007ffd6ec7e000 	C:\WINDOWS\System32\combase.dll
0x00007ffd5d9f0000 - 0x00007ffd5da21000 	C:\WINDOWS\SYSTEM32\dbgcore.DLL
0x00007ffd6df20000 - 0x00007ffd6dfa1000 	C:\WINDOWS\System32\bcryptPrimitives.dll
0x00007ffd69b50000 - 0x00007ffd69b79000 	C:\Program Files\Android\Android Studio3\jre\bin\java.dll
0x00007ffd69310000 - 0x00007ffd6931b000 	C:\Program Files\Android\Android Studio3\jre\bin\jimage.dll
0x00007ffd60970000 - 0x00007ffd60988000 	C:\Program Files\Android\Android Studio3\jre\bin\zip.dll
0x00007ffd6f980000 - 0x00007ffd7012b000 	C:\WINDOWS\System32\SHELL32.dll
0x00007ffd6b900000 - 0x00007ffd6c15c000 	C:\WINDOWS\SYSTEM32\windows.storage.dll
0x00007ffd6b7b0000 - 0x00007ffd6b8f9000 	C:\WINDOWS\SYSTEM32\wintypes.dll
0x00007ffd6e7a0000 - 0x00007ffd6e890000 	C:\WINDOWS\System32\SHCORE.dll
0x00007ffd6e890000 - 0x00007ffd6e8eb000 	C:\WINDOWS\System32\shlwapi.dll
0x00007ffd6d790000 - 0x00007ffd6d7b1000 	C:\WINDOWS\SYSTEM32\profapi.dll
0x00007ffd60950000 - 0x00007ffd6096a000 	C:\Program Files\Android\Android Studio3\jre\bin\net.dll
0x00007ffd67910000 - 0x00007ffd67a20000 	C:\WINDOWS\SYSTEM32\WINHTTP.dll
0x00007ffd6cd80000 - 0x00007ffd6cde9000 	C:\WINDOWS\system32\mswsock.dll
0x00007ffd60930000 - 0x00007ffd60944000 	C:\Program Files\Android\Android Studio3\jre\bin\nio.dll
0x00007ffd60530000 - 0x00007ffd60557000 	C:\Users\xpmkm\.gradle\native\8bec1ad78214c89d9ad589b4d07fe93259594b29d510b10fafb7a158f7737e5d\windows-amd64\native-platform.dll
0x00007ffd60230000 - 0x00007ffd6036d000 	C:\Users\xpmkm\.gradle\native\53dbd7edfb1c66fb8903c78663c9afc45aea4f116125fa6feffd364cf09443e8\windows-amd64\native-platform-file-events.dll
0x00007ffd69300000 - 0x00007ffd6930a000 	C:\Program Files\Android\Android Studio3\jre\bin\management.dll
0x00007ffd69040000 - 0x00007ffd6904c000 	C:\Program Files\Android\Android Studio3\jre\bin\management_ext.dll
0x00007ffd6cfd0000 - 0x00007ffd6cfe8000 	C:\WINDOWS\SYSTEM32\CRYPTSP.dll
0x00007ffd6c890000 - 0x00007ffd6c8c5000 	C:\WINDOWS\system32\rsaenh.dll
0x00007ffd6ce80000 - 0x00007ffd6cea9000 	C:\WINDOWS\SYSTEM32\USERENV.dll
0x00007ffd6d1c0000 - 0x00007ffd6d1e8000 	C:\WINDOWS\SYSTEM32\bcrypt.dll
0x00007ffd6cff0000 - 0x00007ffd6cffc000 	C:\WINDOWS\SYSTEM32\CRYPTBASE.dll
0x00007ffd6c380000 - 0x00007ffd6c3ad000 	C:\WINDOWS\SYSTEM32\IPHLPAPI.DLL
0x00007ffd6e8f0000 - 0x00007ffd6e8f9000 	C:\WINDOWS\System32\NSI.dll
0x00007ffd67320000 - 0x00007ffd67339000 	C:\WINDOWS\SYSTEM32\dhcpcsvc6.DLL
0x00007ffd672e0000 - 0x00007ffd672fe000 	C:\WINDOWS\SYSTEM32\dhcpcsvc.DLL
0x00007ffd6c3b0000 - 0x00007ffd6c4a1000 	C:\WINDOWS\SYSTEM32\DNSAPI.dll

dbghelp: loaded successfully - version: 4.0.5 - missing functions: none
symbol engine: initialized successfully - sym options: 0x614 - pdb path: .;C:\Program Files\Android\Android Studio3\jre\bin;C:\WINDOWS\SYSTEM32;C:\WINDOWS\WinSxS\amd64_microsoft.windows.common-controls_6595b64144ccf1df_6.0.22471.1000_none_228bc6e77ad112f7;C:\Program Files\Android\Android Studio3\jre\bin\server;C:\Users\xpmkm\.gradle\native\8bec1ad78214c89d9ad589b4d07fe93259594b29d510b10fafb7a158f7737e5d\windows-amd64;C:\Users\xpmkm\.gradle\native\53dbd7edfb1c66fb8903c78663c9afc45aea4f116125fa6feffd364cf09443e8\windows-amd64

VM Arguments:
jvm_args: --add-opens=java.base/java.util=ALL-UNNAMED --add-opens=java.base/java.lang=ALL-UNNAMED --add-opens=java.base/java.lang.invoke=ALL-UNNAMED --add-opens=java.base/java.util=ALL-UNNAMED --add-opens=java.prefs/java.util.prefs=ALL-UNNAMED --add-opens=java.prefs/java.util.prefs=ALL-UNNAMED --add-opens=java.base/java.nio.charset=ALL-UNNAMED --add-opens=java.base/java.net=ALL-UNNAMED --add-opens=java.base/java.util.concurrent.atomic=ALL-UNNAMED -Xmx2048m -Dfile.encoding=UTF-8 -Duser.country=IN -Duser.language=en -Duser.variant 
java_command: org.gradle.launcher.daemon.bootstrap.GradleDaemon 7.0.2
java_class_path (initial): C:\Users\xpmkm\.gradle\wrapper\dists\gradle-7.0.2-bin\857tjihv64xamwrf0h14cai3r\gradle-7.0.2\lib\gradle-launcher-7.0.2.jar
Launcher Type: SUN_STANDARD

[Global flags]
     intx CICompilerCount                          = 4                                         {product} {ergonomic}
     uint ConcGCThreads                            = 2                                         {product} {ergonomic}
     uint G1ConcRefinementThreads                  = 8                                         {product} {ergonomic}
   size_t G1HeapRegionSize                         = 1048576                                   {product} {ergonomic}
    uintx GCDrainStackTargetSize                   = 64                                        {product} {ergonomic}
   size_t InitialHeapSize                          = 132120576                                 {product} {ergonomic}
   size_t MarkStackSize                            = 4194304                                   {product} {ergonomic}
   size_t MaxHeapSize                              = 2147483648                                {product} {command line}
   size_t MaxNewSize                               = 1287651328                                {product} {ergonomic}
   size_t MinHeapDeltaBytes                        = 1048576                                   {product} {ergonomic}
    uintx NonNMethodCodeHeapSize                   = 5836300                                {pd product} {ergonomic}
    uintx NonProfiledCodeHeapSize                  = 122910970                              {pd product} {ergonomic}
    uintx ProfiledCodeHeapSize                     = 122910970                              {pd product} {ergonomic}
    uintx ReservedCodeCacheSize                    = 251658240                              {pd product} {ergonomic}
     bool SegmentedCodeCache                       = true                                      {product} {ergonomic}
     bool UseCompressedClassPointers               = true                                 {lp64_product} {ergonomic}
     bool UseCompressedOops                        = true                                 {lp64_product} {ergonomic}
     bool UseG1GC                                  = true                                      {product} {ergonomic}
     bool UseLargePagesIndividualAllocation        = false                                  {pd product} {ergonomic}

Logging:
Log output configuration:
 #0: stdout all=warning uptime,level,tags
 #1: stderr all=off uptime,level,tags

Environment Variables:
PATH=C:\Program Files (x86)\Common Files\Oracle\Java\javapath;C:\WINDOWS\system32;C:\WINDOWS;C:\WINDOWS\System32\Wbem;C:\WINDOWS\System32\WindowsPowerShell\v1.0\;C:\WINDOWS\System32\OpenSSH\;C:\Program Files\Git\cmd;C:\Program Files\nodejs\;C:\xampp\php;C:\ProgramData\ComposerSetup\bin;C:\Users\xpmkm\AppData\Local\Android\Sdk\platform-tools;C:\Program Files\Java\jdk1.8.0_231\bin;C:\Program Files\opnsl\bin;C:\Users\xpmkm\AppData\Roaming\npm;C:\Users\xpmkm\AppData\Local\Programs\Microsoft VS Code\bin;C:\Program Files\flutter\bin;C:\Users\xpmkm\AppData\Roaming\Composer\vendor\bin;C:\Users\xpmkm\AppData\Local\Microsoft\WindowsApps;
USERNAME=xpmkm
OS=Windows_NT
PROCESSOR_IDENTIFIER=AMD64 Family 23 Model 24 Stepping 1, AuthenticAMD



---------------  S Y S T E M  ---------------

OS: Windows 10 , 64 bit Build 22471 (10.0.22471.1000)
OS uptime: 0 days 0:27 hours

CPU:total 8 (initial active 8) (8 cores per cpu, 2 threads per core) family 23 model 24 stepping 1 microcode 0x0, cmov, cx8, fxsr, mmx, sse, sse2, sse3, ssse3, sse4.1, sse4.2, popcnt, avx, avx2, aes, clmul, mmxext, 3dnowpref, lzcnt, sse4a, ht, tsc, tscinvbit, tscinv, bmi1, bmi2, adx, s

Memory: 4k page, system-wide physical 8002M (561M free)
TotalPageFile size 12098M (AvailPageFile size 11M)
current process WorkingSet (physical memory assigned to process): 477M, peak: 485M
current process commit charge ("private bytes"): 514M, peak: 566M

vm_info: OpenJDK 64-Bit Server VM (11.0.10+0-b96-7249189) for windows-amd64 JRE (11.0.10+0-b96-7249189), built on Mar 31 2021 21:44:00 by "builder" with MS VC++ 14.0 (VS2015)

END.
