#
# There is insufficient memory for the Java Runtime Environment to continue.
# Native memory allocation (mmap) failed to map 40894464 bytes for Failed to commit area from 0x000000008c200000 to 0x000000008e900000 of length 40894464.
# Possible reasons:
#   The system is out of physical RAM or swap space
#   The process is running with CompressedOops enabled, and the Java Heap may be blocking the growth of the native heap
# Possible solutions:
#   Reduce memory load on the system
#   Increase physical memory or swap space
#   Check if swap backing store is full
#   Decrease Java heap size (-Xmx/-Xms)
#   Decrease number of Java threads
#   Decrease Java thread stack sizes (-Xss)
#   Set larger code cache with -XX:ReservedCodeCacheSize=
#   JVM is running with Unscaled Compressed Oops mode in which the Java heap is
#     placed in the first 4GB address space. The Java Heap base address is the
#     maximum limit for the native heap growth. Please use -XX:HeapBaseMinAddress
#     to set the Java Heap base and to place the Java Heap above 4GB virtual address.
# This output file may be truncated or incomplete.
#
#  Out of Memory Error (./src/hotspot/os/windows/os_windows.cpp:3301), pid=1544, tid=5928
#
# JRE version: OpenJDK Runtime Environment (11.0.10) (build 11.0.10+0-b96-7249189)
# Java VM: OpenJDK 64-Bit Server VM (11.0.10+0-b96-7249189, mixed mode, tiered, compressed oops, g1 gc, windows-amd64)
# No core dump will be written. Minidumps are not enabled by default on client versions of Windows
#

---------------  S U M M A R Y ------------

Command Line: --add-opens=java.base/java.util=ALL-UNNAMED --add-opens=java.base/java.lang=ALL-UNNAMED --add-opens=java.base/java.lang.invoke=ALL-UNNAMED --add-opens=java.base/java.util=ALL-UNNAMED --add-opens=java.prefs/java.util.prefs=ALL-UNNAMED --add-opens=java.prefs/java.util.prefs=ALL-UNNAMED --add-opens=java.base/java.nio.charset=ALL-UNNAMED --add-opens=java.base/java.net=ALL-UNNAMED --add-opens=java.base/java.util.concurrent.atomic=ALL-UNNAMED -Xmx2048m -Dfile.encoding=UTF-8 -Duser.country=IN -Duser.language=en -Duser.variant org.gradle.launcher.daemon.bootstrap.GradleDaemon 7.0.2

Host: AMD Ryzen 5 3550H with Radeon Vega Mobile Gfx  , 8 cores, 7G,  Windows 10 , 64 bit Build 22471 (10.0.22471.1000)
Time: Fri Oct  8 13:16:56 2021 India Standard Time elapsed time: 16.768621 seconds (0d 0h 0m 16s)

---------------  T H R E A D  ---------------

Current thread (0x0000029ec7150000):  VMThread "VM Thread" [stack: 0x000000fbf3700000,0x000000fbf3800000] [id=5928]

Stack: [0x000000fbf3700000,0x000000fbf3800000]
[error occurred during error reporting (printing stack bounds), id 0xc0000005, EXCEPTION_ACCESS_VIOLATION (0xc0000005) at pc=0x0000029eb07b0f2d]

Native frames: (J=compiled Java code, j=interpreted, Vv=VM code, C=native code)
V  [jvm.dll+0x5ecfaa]
V  [jvm.dll+0x722bd5]
V  [jvm.dll+0x72412d]
V  [jvm.dll+0x724745]
V  [jvm.dll+0x7246fb]
V  [jvm.dll+0x5ec348]
V  [jvm.dll+0x5ecad8]
C  [ntdll.dll+0xa623f]
C  [ntdll.dll+0x65ea9]
C  [ntdll.dll+0xa522e]
C  0x0000029eb07b0f2d

VM_Operation (0x000000fbf81fc970): G1CollectForAllocation, mode: safepoint, requested by thread 0x0000029ecd424000


---------------  P R O C E S S  ---------------

Threads class SMR info:
_java_thread_list=0x0000029ed095a100, length=68, elements={
0x0000029eaccc7000, 0x0000029ec7153800, 0x0000029ec7962800, 0x0000029ec79b8800,
0x0000029ec79bb800, 0x0000029ec79bc800, 0x0000029ec79bf800, 0x0000029ec79ce000,
0x0000029ec79d5800, 0x0000029ec7b23800, 0x0000029eca41e000, 0x0000029ec8688000,
0x0000029ec7d0d000, 0x0000029ec951f000, 0x0000029ec8f18800, 0x0000029ec9bde000,
0x0000029eca4f6000, 0x0000029ec954c000, 0x0000029ec88b7800, 0x0000029ecaada000,
0x0000029ecb51c000, 0x0000029ecb51d000, 0x0000029ecb51e000, 0x0000029ecb51e800,
0x0000029ecb51f800, 0x0000029ecb51a800, 0x0000029ecb51a000, 0x0000029ecb520800,
0x0000029ecb51b800, 0x0000029eccdb5800, 0x0000029ecab88000, 0x0000029ecab8a000,
0x0000029ecab8a800, 0x0000029ecab8b800, 0x0000029ecab86800, 0x0000029ecab8d000,
0x0000029ecab87800, 0x0000029ecab8e800, 0x0000029ecab8f800, 0x0000029ecab90800,
0x0000029ecab8e000, 0x0000029ecab94800, 0x0000029ecab92000, 0x0000029ecab95800,
0x0000029ecab91000, 0x0000029ecab93000, 0x0000029ecab93800, 0x0000029eccc7e800,
0x0000029eccc7c000, 0x0000029eccc80000, 0x0000029eccc82800, 0x0000029eccc7f000,
0x0000029eccc7c800, 0x0000029eccc83000, 0x0000029eccc7d800, 0x0000029eccc89800,
0x0000029eccc88000, 0x0000029eccc89000, 0x0000029eccc84000, 0x0000029eccc85800,
0x0000029eccc85000, 0x0000029eccc8a800, 0x0000029eccc86800, 0x0000029eccc87800,
0x0000029ecd427000, 0x0000029ecd424000, 0x0000029ecd425800, 0x0000029ecd424800
}

Java Threads: ( => current thread )
  0x0000029eaccc7000 JavaThread "main" [_thread_blocked, id=13856, stack(0x000000fbf3100000,0x000000fbf3200000)]
  0x0000029ec7153800 JavaThread "Reference Handler" daemon [_thread_blocked, id=6484, stack(0x000000fbf3800000,0x000000fbf3900000)]
  0x0000029ec7962800 JavaThread "Finalizer" daemon [_thread_blocked, id=10208, stack(0x000000fbf3900000,0x000000fbf3a00000)]
  0x0000029ec79b8800 JavaThread "Signal Dispatcher" daemon [_thread_blocked, id=14868, stack(0x000000fbf3a00000,0x000000fbf3b00000)]
  0x0000029ec79bb800 JavaThread "Attach Listener" daemon [_thread_blocked, id=1088, stack(0x000000fbf3b00000,0x000000fbf3c00000)]
  0x0000029ec79bc800 JavaThread "Service Thread" daemon [_thread_blocked, id=8460, stack(0x000000fbf3c00000,0x000000fbf3d00000)]
  0x0000029ec79bf800 JavaThread "C2 CompilerThread0" daemon [_thread_blocked, id=13520, stack(0x000000fbf3d00000,0x000000fbf3e00000)]
  0x0000029ec79ce000 JavaThread "C1 CompilerThread0" daemon [_thread_blocked, id=10924, stack(0x000000fbf3e00000,0x000000fbf3f00000)]
  0x0000029ec79d5800 JavaThread "Sweeper thread" daemon [_thread_blocked, id=2256, stack(0x000000fbf3f00000,0x000000fbf4000000)]
  0x0000029ec7b23800 JavaThread "Common-Cleaner" daemon [_thread_blocked, id=15036, stack(0x000000fbf4000000,0x000000fbf4100000)]
  0x0000029eca41e000 JavaThread "Daemon health stats" [_thread_blocked, id=9080, stack(0x000000fbf4600000,0x000000fbf4700000)]
  0x0000029ec8688000 JavaThread "Incoming local TCP Connector on port 59273" [_thread_in_native, id=12916, stack(0x000000fbf4200000,0x000000fbf4300000)]
  0x0000029ec7d0d000 JavaThread "C2 CompilerThread1" daemon [_thread_blocked, id=8332, stack(0x000000fbf4500000,0x000000fbf4600000)]
  0x0000029ec951f000 JavaThread "Daemon periodic checks" [_thread_blocked, id=11924, stack(0x000000fbf4700000,0x000000fbf4800000)]
  0x0000029ec8f18800 JavaThread "Daemon" [_thread_blocked, id=14844, stack(0x000000fbf4800000,0x000000fbf4900000)]
  0x0000029ec9bde000 JavaThread "Handler for socket connection from /127.0.0.1:59273 to /127.0.0.1:59274" [_thread_in_native, id=13252, stack(0x000000fbf4900000,0x000000fbf4a00000)]
  0x0000029eca4f6000 JavaThread "Cancel handler" [_thread_blocked, id=12996, stack(0x000000fbf4a00000,0x000000fbf4b00000)]
  0x0000029ec954c000 JavaThread "Daemon worker" [_thread_blocked, id=14628, stack(0x000000fbf4b00000,0x000000fbf4c00000)]
  0x0000029ec88b7800 JavaThread "Asynchronous log dispatcher for DefaultDaemonConnection: socket connection from /127.0.0.1:59273 to /127.0.0.1:59274" [_thread_blocked, id=13264, stack(0x000000fbf4c00000,0x000000fbf4d00000)]
  0x0000029ecaada000 JavaThread "Stdin handler" [_thread_blocked, id=4672, stack(0x000000fbf4d00000,0x000000fbf4e00000)]
  0x0000029ecb51c000 JavaThread "Daemon client event forwarder" [_thread_blocked, id=7572, stack(0x000000fbf4e00000,0x000000fbf4f00000)]
  0x0000029ecb51d000 JavaThread "Cache worker for file hash cache (C:\Users\xpmkm\.gradle\caches\7.0.2\fileHashes)" [_thread_blocked, id=6048, stack(0x000000fbf5400000,0x000000fbf5500000)]
  0x0000029ecb51e000 JavaThread "File lock request listener" [_thread_in_native, id=7476, stack(0x000000fbf5500000,0x000000fbf5600000)]
  0x0000029ecb51e800 JavaThread "Cache worker for journal cache (C:\Users\xpmkm\.gradle\caches\journal-1)" [_thread_blocked, id=1888, stack(0x000000fbf5700000,0x000000fbf5800000)]
  0x0000029ecb51f800 JavaThread "Cache worker for file hash cache (C:\Users\xpmkm\Desktop\update_code_vezilla-server\codecanyon-L2GSbXtH-dairy-products-grocery-daily-milk-delivery-mobile-app-with-subscription-customer-app-delivery\test-vezilla-android-workspace\.gradle\7.0.2\fileHashes)" [_thread_blocked, id=13408, stack(0x000000fbf5800000,0x000000fbf5900000)]
  0x0000029ecb51a800 JavaThread "File watcher server" daemon [_thread_blocked, id=14016, stack(0x000000fbf5900000,0x000000fbf5a00000)]
  0x0000029ecb51a000 JavaThread "File watcher consumer" daemon [_thread_blocked, id=4084, stack(0x000000fbf5a00000,0x000000fbf5b00000)]
  0x0000029ecb520800 JavaThread "Cache worker for checksums cache (C:\Users\xpmkm\Desktop\update_code_vezilla-server\codecanyon-L2GSbXtH-dairy-products-grocery-daily-milk-delivery-mobile-app-with-subscription-customer-app-delivery\test-vezilla-android-workspace\.gradle\checksums)" [_thread_blocked, id=8952, stack(0x000000fbf5b00000,0x000000fbf5c00000)]
  0x0000029ecb51b800 JavaThread "Cache worker for cache directory md-supplier (C:\Users\xpmkm\.gradle\caches\7.0.2\md-supplier)" [_thread_blocked, id=13032, stack(0x000000fbf5c00000,0x000000fbf5d00000)]
  0x0000029eccdb5800 JavaThread "C2 CompilerThread2" daemon [_thread_blocked, id=2040, stack(0x000000fbf5d00000,0x000000fbf5e00000)]
  0x0000029ecab88000 JavaThread "Cache worker for cache directory md-rule (C:\Users\xpmkm\.gradle\caches\7.0.2\md-rule)" [_thread_blocked, id=3932, stack(0x000000fbf5e00000,0x000000fbf5f00000)]
  0x0000029ecab8a000 JavaThread "Cache worker for execution history cache (C:\Users\xpmkm\.gradle\caches\7.0.2\executionHistory)" [_thread_blocked, id=9196, stack(0x000000fbf5f00000,0x000000fbf6000000)]
  0x0000029ecab8a800 JavaThread "jar transforms" [_thread_blocked, id=12976, stack(0x000000fbf6000000,0x000000fbf6100000)]
  0x0000029ecab8b800 JavaThread "jar transforms Thread 2" [_thread_blocked, id=5720, stack(0x000000fbf6100000,0x000000fbf6200000)]
  0x0000029ecab86800 JavaThread "Cache worker for file content cache (C:\Users\xpmkm\.gradle\caches\7.0.2\fileContent)" [_thread_blocked, id=9276, stack(0x000000fbf6200000,0x000000fbf6300000)]
  0x0000029ecab8d000 JavaThread "Cache worker for dependencies-accessors (C:\Users\xpmkm\Desktop\update_code_vezilla-server\codecanyon-L2GSbXtH-dairy-products-grocery-daily-milk-delivery-mobile-app-with-subscription-customer-app-delivery\test-vezilla-android-workspace\.gradle\7.0.2\dependencies-accessors)" [_thread_blocked, id=10436, stack(0x000000fbf6300000,0x000000fbf6400000)]
  0x0000029ecab87800 JavaThread "jar transforms Thread 3" [_thread_blocked, id=9728, stack(0x000000fbf6400000,0x000000fbf6500000)]
  0x0000029ecab8e800 JavaThread "Cache worker for Build Output Cleanup Cache (C:\Users\xpmkm\Desktop\update_code_vezilla-server\codecanyon-L2GSbXtH-dairy-products-grocery-daily-milk-delivery-mobile-app-with-subscription-customer-app-delivery\test-vezilla-android-workspace\.gradle\buildOutputCleanup)" [_thread_blocked, id=7536, stack(0x000000fbf6500000,0x000000fbf6600000)]
  0x0000029ecab8f800 JavaThread "Build operations" [_thread_blocked, id=12432, stack(0x000000fbf6600000,0x000000fbf6700000)]
  0x0000029ecab90800 JavaThread "Build operations Thread 2" [_thread_blocked, id=7424, stack(0x000000fbf6700000,0x000000fbf6800000)]
  0x0000029ecab8e000 JavaThread "Build operations Thread 3" [_thread_blocked, id=14596, stack(0x000000fbf6800000,0x000000fbf6900000)]
  0x0000029ecab94800 JavaThread "Build operations Thread 4" [_thread_blocked, id=9956, stack(0x000000fbf6900000,0x000000fbf6a00000)]
  0x0000029ecab92000 JavaThread "Build operations Thread 5" [_thread_blocked, id=9428, stack(0x000000fbf6a00000,0x000000fbf6b00000)]
  0x0000029ecab95800 JavaThread "Build operations Thread 6" [_thread_blocked, id=10636, stack(0x000000fbf6b00000,0x000000fbf6c00000)]
  0x0000029ecab91000 JavaThread "Build operations Thread 7" [_thread_blocked, id=13324, stack(0x000000fbf6c00000,0x000000fbf6d00000)]
  0x0000029ecab93000 JavaThread "Build operations Thread 8" [_thread_blocked, id=3416, stack(0x000000fbf6d00000,0x000000fbf6e00000)]
  0x0000029ecab93800 JavaThread "jar transforms Thread 4" [_thread_blocked, id=1884, stack(0x000000fbf6e00000,0x000000fbf6f00000)]
  0x0000029eccc7e800 JavaThread "jar transforms Thread 5" [_thread_blocked, id=1800, stack(0x000000fbf6f00000,0x000000fbf7000000)]
  0x0000029eccc7c000 JavaThread "jar transforms Thread 6" [_thread_blocked, id=6840, stack(0x000000fbf7000000,0x000000fbf7100000)]
  0x0000029eccc80000 JavaThread "jar transforms Thread 7" [_thread_blocked, id=15872, stack(0x000000fbf7100000,0x000000fbf7200000)]
  0x0000029eccc82800 JavaThread "jar transforms Thread 8" [_thread_blocked, id=13792, stack(0x000000fbf7200000,0x000000fbf7300000)]
  0x0000029eccc7f000 JavaThread "Memory manager" [_thread_blocked, id=16344, stack(0x000000fbf7300000,0x000000fbf7400000)]
  0x0000029eccc7c800 JavaThread "build event listener" [_thread_blocked, id=10960, stack(0x000000fbf7400000,0x000000fbf7500000)]
  0x0000029eccc83000 JavaThread "Execution worker for ':'" [_thread_blocked, id=12208, stack(0x000000fbf7500000,0x000000fbf7600000)]
  0x0000029eccc7d800 JavaThread "Execution worker for ':' Thread 2" [_thread_blocked, id=4072, stack(0x000000fbf7600000,0x000000fbf7700000)]
  0x0000029eccc89800 JavaThread "Execution worker for ':' Thread 3" [_thread_blocked, id=2480, stack(0x000000fbf7700000,0x000000fbf7800000)]
  0x0000029eccc88000 JavaThread "Execution worker for ':' Thread 4" [_thread_blocked, id=7584, stack(0x000000fbf7800000,0x000000fbf7900000)]
  0x0000029eccc89000 JavaThread "Execution worker for ':' Thread 5" [_thread_blocked, id=8908, stack(0x000000fbf7900000,0x000000fbf7a00000)]
  0x0000029eccc84000 JavaThread "Execution worker for ':' Thread 6" [_thread_blocked, id=6120, stack(0x000000fbf7a00000,0x000000fbf7b00000)]
  0x0000029eccc85800 JavaThread "Execution worker for ':' Thread 7" [_thread_blocked, id=2400, stack(0x000000fbf7b00000,0x000000fbf7c00000)]
  0x0000029eccc85000 JavaThread "Cache worker for execution history cache (C:\Users\xpmkm\Desktop\update_code_vezilla-server\codecanyon-L2GSbXtH-dairy-products-grocery-daily-milk-delivery-mobile-app-with-subscription-customer-app-delivery\test-vezilla-android-workspace\.gradle\7.0.2\executionHistory)" [_thread_blocked, id=7284, stack(0x000000fbf7c00000,0x000000fbf7d00000)]
  0x0000029eccc8a800 JavaThread "WorkerExecutor Queue" [_thread_blocked, id=10096, stack(0x000000fbf7d00000,0x000000fbf7e00000)]
  0x0000029eccc86800 JavaThread "WorkerExecutor Queue Thread 2" [_thread_blocked, id=6112, stack(0x000000fbf7e00000,0x000000fbf7f00000)]
  0x0000029eccc87800 JavaThread "pool-3-thread-1" [_thread_blocked, id=5968, stack(0x000000fbf7f00000,0x000000fbf8000000)]
  0x0000029ecd427000 JavaThread "WorkerExecutor Queue Thread 3" [_thread_blocked, id=16072, stack(0x000000fbf8000000,0x000000fbf8100000)]
  0x0000029ecd424000 JavaThread "WorkerExecutor Queue Thread 4" [_thread_blocked, id=7068, stack(0x000000fbf8100000,0x000000fbf8200000)]
  0x0000029ecd425800 JavaThread "stderr" [_thread_in_native, id=16264, stack(0x000000fbf8200000,0x000000fbf8300000)]
  0x0000029ecd424800 JavaThread "stdout" [_thread_in_native, id=10008, stack(0x000000fbf8300000,0x000000fbf8400000)]

Other Threads:
=>0x0000029ec7150000 VMThread "VM Thread" [stack: 0x000000fbf3700000,0x000000fbf3800000] [id=5928]
  0x0000029ec7b5b800 WatcherThread [stack: 0x000000fbf4100000,0x000000fbf4200000] [id=1456]
  0x0000029eacce1800 GCTaskThread "GC Thread#0" [stack: 0x000000fbf3200000,0x000000fbf3300000] [id=13456]
  0x0000029ec8599000 GCTaskThread "GC Thread#1" [stack: 0x000000fbf4300000,0x000000fbf4400000] [id=6500]
  0x0000029ec8781000 GCTaskThread "GC Thread#2" [stack: 0x000000fbf4400000,0x000000fbf4500000] [id=14184]
  0x0000029ec9d29000 GCTaskThread "GC Thread#3" [stack: 0x000000fbf4f00000,0x000000fbf5000000] [id=3004]
  0x0000029ec8ea5000 GCTaskThread "GC Thread#4" [stack: 0x000000fbf5000000,0x000000fbf5100000] [id=15164]
  0x0000029ec9eb9800 GCTaskThread "GC Thread#5" [stack: 0x000000fbf5100000,0x000000fbf5200000] [id=7316]
  0x0000029ecac8a000 GCTaskThread "GC Thread#6" [stack: 0x000000fbf5200000,0x000000fbf5300000] [id=10592]
  0x0000029ec9069800 GCTaskThread "GC Thread#7" [stack: 0x000000fbf5300000,0x000000fbf5400000] [id=15080]
  0x0000029eacd12000 ConcurrentGCThread "G1 Main Marker" [stack: 0x000000fbf3300000,0x000000fbf3400000] [id=12788]
  0x0000029eacd14800 ConcurrentGCThread "G1 Conc#0" [stack: 0x000000fbf3400000,0x000000fbf3500000] [id=15772]
  0x0000029ec9970800 ConcurrentGCThread "G1 Conc#1" [stack: 0x000000fbf5600000,0x000000fbf5700000] [id=2300]
  0x0000029ec6fa2800 ConcurrentGCThread "G1 Refine#0" [stack: 0x000000fbf3500000,0x000000fbf3600000] [id=10608]
  0x0000029ec6fa3800 ConcurrentGCThread "G1 Young RemSet Sampling" [stack: 0x000000fbf3600000,0x000000fbf3700000] [id=10192]

Threads with active compile tasks:
C2 CompilerThread0  16781 12057       4       com.android.tools.r8.graph.Q::F (30 bytes)
C2 CompilerThread1  16781 12056       4       com.android.tools.r8.graph.Q::<init> (62 bytes)
C2 CompilerThread2  16781 12061       4       com.android.tools.r8.dex.j::a (83 bytes)

VM state:at safepoint (normal execution)

VM Mutex/Monitor currently owned by a thread:  ([mutex/lock_event])
[0x0000029eaccc33d0] Threads_lock - owner thread: 0x0000029ec7150000
[0x0000029eaccc26e0] Heap_lock - owner thread: 0x0000029ecd424000

Heap address: 0x0000000080000000, size: 2048 MB, Compressed Oops mode: 32-bit
Narrow klass base: 0x0000000000000000, Narrow klass shift: 3
Compressed class space size: 1073741824 Address: 0x0000000100000000

Heap:
 garbage-first heap   total 238592K, used 144321K [0x0000000080000000, 0x0000000100000000)
  region size 1024K, 4 young (4096K), 4 survivors (4096K)
 Metaspace       used 90353K, capacity 93027K, committed 93312K, reserved 1130496K
  class space    used 11627K, capacity 12587K, committed 12748K, reserved 1048576K
Heap Regions: E=young(eden), S=young(survivor), O=old, HS=humongous(starts), HC=humongous(continues), CS=collection set, F=free, A=archive, TAMS=top-at-mark-start (previous, next)
|   0|0x0000000080000000, 0x0000000080100000, 0x0000000080100000|100%| O|  |TAMS 0x0000000080100000, 0x0000000080100000| Untracked 
|   1|0x0000000080100000, 0x0000000080200000, 0x0000000080200000|100%| O|  |TAMS 0x0000000080200000, 0x0000000080200000| Untracked 
|   2|0x0000000080200000, 0x0000000080300000, 0x0000000080300000|100%| O|  |TAMS 0x0000000080300000, 0x0000000080300000| Untracked 
|   3|0x0000000080300000, 0x0000000080400000, 0x0000000080400000|100%|HS|  |TAMS 0x0000000080400000, 0x0000000080400000| Complete 
|   4|0x0000000080400000, 0x0000000080500000, 0x0000000080500000|100%|HC|  |TAMS 0x0000000080500000, 0x0000000080500000| Complete 
|   5|0x0000000080500000, 0x0000000080600000, 0x0000000080600000|100%|HC|  |TAMS 0x0000000080600000, 0x0000000080600000| Complete 
|   6|0x0000000080600000, 0x0000000080700000, 0x0000000080700000|100%| O|  |TAMS 0x0000000080700000, 0x0000000080700000| Untracked 
|   7|0x0000000080700000, 0x0000000080800000, 0x0000000080800000|100%| O|  |TAMS 0x0000000080800000, 0x0000000080800000| Untracked 
|   8|0x0000000080800000, 0x0000000080900000, 0x0000000080900000|100%| O|  |TAMS 0x0000000080900000, 0x0000000080900000| Untracked 
|   9|0x0000000080900000, 0x0000000080a00000, 0x0000000080a00000|100%| O|  |TAMS 0x0000000080a00000, 0x0000000080a00000| Untracked 
|  10|0x0000000080a00000, 0x0000000080b00000, 0x0000000080b00000|100%| O|  |TAMS 0x0000000080b00000, 0x0000000080b00000| Untracked 
|  11|0x0000000080b00000, 0x0000000080c00000, 0x0000000080c00000|100%| O|  |TAMS 0x0000000080c00000, 0x0000000080c00000| Untracked 
|  12|0x0000000080c00000, 0x0000000080d00000, 0x0000000080d00000|100%| O|  |TAMS 0x0000000080d00000, 0x0000000080d00000| Untracked 
|  13|0x0000000080d00000, 0x0000000080e00000, 0x0000000080e00000|100%| O|  |TAMS 0x0000000080e00000, 0x0000000080e00000| Untracked 
|  14|0x0000000080e00000, 0x0000000080f00000, 0x0000000080f00000|100%| O|  |TAMS 0x0000000080f00000, 0x0000000080f00000| Untracked 
|  15|0x0000000080f00000, 0x0000000081000000, 0x0000000081000000|100%| O|  |TAMS 0x0000000081000000, 0x0000000081000000| Untracked 
|  16|0x0000000081000000, 0x0000000081100000, 0x0000000081100000|100%| O|  |TAMS 0x0000000081100000, 0x0000000081100000| Untracked 
|  17|0x0000000081100000, 0x0000000081200000, 0x0000000081200000|100%|HS|  |TAMS 0x0000000081200000, 0x0000000081200000| Complete 
|  18|0x0000000081200000, 0x0000000081300000, 0x0000000081300000|100%| O|  |TAMS 0x0000000081300000, 0x0000000081300000| Untracked 
|  19|0x0000000081300000, 0x0000000081400000, 0x0000000081400000|100%| O|  |TAMS 0x0000000081400000, 0x0000000081400000| Untracked 
|  20|0x0000000081400000, 0x0000000081500000, 0x0000000081500000|100%| O|  |TAMS 0x0000000081500000, 0x0000000081500000| Untracked 
|  21|0x0000000081500000, 0x0000000081600000, 0x0000000081600000|100%| O|  |TAMS 0x0000000081600000, 0x0000000081600000| Untracked 
|  22|0x0000000081600000, 0x0000000081700000, 0x0000000081700000|100%| O|  |TAMS 0x0000000081700000, 0x0000000081700000| Untracked 
|  23|0x0000000081700000, 0x0000000081800000, 0x0000000081800000|100%|HS|  |TAMS 0x0000000081800000, 0x0000000081800000| Complete 
|  24|0x0000000081800000, 0x0000000081900000, 0x0000000081900000|100%|HS|  |TAMS 0x0000000081900000, 0x0000000081900000| Complete 
|  25|0x0000000081900000, 0x0000000081a00000, 0x0000000081a00000|100%|HC|  |TAMS 0x0000000081a00000, 0x0000000081a00000| Complete 
|  26|0x0000000081a00000, 0x0000000081b00000, 0x0000000081b00000|100%| O|  |TAMS 0x0000000081b00000, 0x0000000081b00000| Untracked 
|  27|0x0000000081b00000, 0x0000000081c00000, 0x0000000081c00000|100%| O|  |TAMS 0x0000000081c00000, 0x0000000081c00000| Untracked 
|  28|0x0000000081c00000, 0x0000000081d00000, 0x0000000081d00000|100%| O|  |TAMS 0x0000000081d00000, 0x0000000081d00000| Untracked 
|  29|0x0000000081d00000, 0x0000000081e00000, 0x0000000081e00000|100%| O|  |TAMS 0x0000000081e00000, 0x0000000081e00000| Untracked 
|  30|0x0000000081e00000, 0x0000000081f00000, 0x0000000081f00000|100%| O|  |TAMS 0x0000000081f00000, 0x0000000081f00000| Untracked 
|  31|0x0000000081f00000, 0x0000000082000000, 0x0000000082000000|100%| O|  |TAMS 0x0000000082000000, 0x0000000082000000| Untracked 
|  32|0x0000000082000000, 0x0000000082100000, 0x0000000082100000|100%| O|  |TAMS 0x0000000082100000, 0x0000000082100000| Untracked 
|  33|0x0000000082100000, 0x0000000082200000, 0x0000000082200000|100%| O|  |TAMS 0x0000000082200000, 0x0000000082200000| Untracked 
|  34|0x0000000082200000, 0x0000000082300000, 0x0000000082300000|100%| O|  |TAMS 0x0000000082300000, 0x0000000082300000| Untracked 
|  35|0x0000000082300000, 0x0000000082400000, 0x0000000082400000|100%| O|  |TAMS 0x0000000082400000, 0x0000000082400000| Untracked 
|  36|0x0000000082400000, 0x0000000082500000, 0x0000000082500000|100%| O|  |TAMS 0x0000000082500000, 0x0000000082500000| Untracked 
|  37|0x0000000082500000, 0x0000000082600000, 0x0000000082600000|100%| O|  |TAMS 0x0000000082600000, 0x0000000082600000| Untracked 
|  38|0x0000000082600000, 0x0000000082700000, 0x0000000082700000|100%| O|  |TAMS 0x0000000082700000, 0x0000000082700000| Untracked 
|  39|0x0000000082700000, 0x0000000082800000, 0x0000000082800000|100%| O|  |TAMS 0x0000000082800000, 0x0000000082800000| Untracked 
|  40|0x0000000082800000, 0x0000000082900000, 0x0000000082900000|100%| O|  |TAMS 0x0000000082900000, 0x0000000082900000| Untracked 
|  41|0x0000000082900000, 0x0000000082a00000, 0x0000000082a00000|100%| O|  |TAMS 0x0000000082a00000, 0x0000000082a00000| Untracked 
|  42|0x0000000082a00000, 0x0000000082b00000, 0x0000000082b00000|100%| O|  |TAMS 0x0000000082b00000, 0x0000000082b00000| Untracked 
|  43|0x0000000082b00000, 0x0000000082c00000, 0x0000000082c00000|100%| O|  |TAMS 0x0000000082c00000, 0x0000000082c00000| Untracked 
|  44|0x0000000082c00000, 0x0000000082d00000, 0x0000000082d00000|100%| O|  |TAMS 0x0000000082d00000, 0x0000000082d00000| Untracked 
|  45|0x0000000082d00000, 0x0000000082e00000, 0x0000000082e00000|100%| O|  |TAMS 0x0000000082e00000, 0x0000000082e00000| Untracked 
|  46|0x0000000082e00000, 0x0000000082f00000, 0x0000000082f00000|100%| O|  |TAMS 0x0000000082f00000, 0x0000000082f00000| Untracked 
|  47|0x0000000082f00000, 0x0000000083000000, 0x0000000083000000|100%| O|  |TAMS 0x0000000083000000, 0x0000000083000000| Untracked 
|  48|0x0000000083000000, 0x0000000083100000, 0x0000000083100000|100%| O|  |TAMS 0x0000000083100000, 0x0000000083100000| Untracked 
|  49|0x0000000083100000, 0x0000000083200000, 0x0000000083200000|100%| O|  |TAMS 0x0000000083200000, 0x0000000083200000| Untracked 
|  50|0x0000000083200000, 0x0000000083300000, 0x0000000083300000|100%| O|  |TAMS 0x0000000083300000, 0x0000000083300000| Untracked 
|  51|0x0000000083300000, 0x0000000083400000, 0x0000000083400000|100%| O|  |TAMS 0x0000000083400000, 0x0000000083400000| Untracked 
|  52|0x0000000083400000, 0x0000000083500000, 0x0000000083500000|100%| O|  |TAMS 0x0000000083500000, 0x0000000083500000| Untracked 
|  53|0x0000000083500000, 0x0000000083600000, 0x0000000083600000|100%| O|  |TAMS 0x0000000083600000, 0x0000000083600000| Untracked 
|  54|0x0000000083600000, 0x0000000083700000, 0x0000000083700000|100%| O|  |TAMS 0x0000000083700000, 0x0000000083700000| Untracked 
|  55|0x0000000083700000, 0x0000000083800000, 0x0000000083800000|100%| O|  |TAMS 0x0000000083800000, 0x0000000083800000| Untracked 
|  56|0x0000000083800000, 0x0000000083900000, 0x0000000083900000|100%| O|  |TAMS 0x0000000083900000, 0x0000000083900000| Untracked 
|  57|0x0000000083900000, 0x0000000083a00000, 0x0000000083a00000|100%| O|  |TAMS 0x0000000083a00000, 0x0000000083a00000| Untracked 
|  58|0x0000000083a00000, 0x0000000083b00000, 0x0000000083b00000|100%| O|  |TAMS 0x0000000083b00000, 0x0000000083b00000| Untracked 
|  59|0x0000000083b00000, 0x0000000083c00000, 0x0000000083c00000|100%| O|  |TAMS 0x0000000083c00000, 0x0000000083c00000| Untracked 
|  60|0x0000000083c00000, 0x0000000083d00000, 0x0000000083d00000|100%| O|  |TAMS 0x0000000083d00000, 0x0000000083d00000| Untracked 
|  61|0x0000000083d00000, 0x0000000083e00000, 0x0000000083e00000|100%| O|  |TAMS 0x0000000083e00000, 0x0000000083e00000| Untracked 
|  62|0x0000000083e00000, 0x0000000083f00000, 0x0000000083f00000|100%| O|  |TAMS 0x0000000083f00000, 0x0000000083f00000| Untracked 
|  63|0x0000000083f00000, 0x0000000084000000, 0x0000000084000000|100%| O|  |TAMS 0x0000000084000000, 0x0000000084000000| Untracked 
|  64|0x0000000084000000, 0x0000000084100000, 0x0000000084100000|100%| O|  |TAMS 0x0000000084100000, 0x0000000084100000| Untracked 
|  65|0x0000000084100000, 0x0000000084200000, 0x0000000084200000|100%| O|  |TAMS 0x0000000084200000, 0x0000000084200000| Untracked 
|  66|0x0000000084200000, 0x0000000084300000, 0x0000000084300000|100%| O|  |TAMS 0x0000000084300000, 0x0000000084300000| Untracked 
|  67|0x0000000084300000, 0x0000000084400000, 0x0000000084400000|100%| O|  |TAMS 0x0000000084400000, 0x0000000084400000| Untracked 
|  68|0x0000000084400000, 0x0000000084500000, 0x0000000084500000|100%| O|  |TAMS 0x0000000084500000, 0x0000000084500000| Untracked 
|  69|0x0000000084500000, 0x0000000084600000, 0x0000000084600000|100%| O|  |TAMS 0x0000000084600000, 0x0000000084600000| Untracked 
|  70|0x0000000084600000, 0x0000000084700000, 0x0000000084700000|100%| O|  |TAMS 0x0000000084700000, 0x0000000084700000| Untracked 
|  71|0x0000000084700000, 0x0000000084800000, 0x0000000084800000|100%| O|  |TAMS 0x0000000084800000, 0x0000000084800000| Untracked 
|  72|0x0000000084800000, 0x0000000084900000, 0x0000000084900000|100%| O|  |TAMS 0x0000000084900000, 0x0000000084900000| Untracked 
|  73|0x0000000084900000, 0x0000000084a00000, 0x0000000084a00000|100%| O|  |TAMS 0x0000000084a00000, 0x0000000084a00000| Untracked 
|  74|0x0000000084a00000, 0x0000000084b00000, 0x0000000084b00000|100%| O|  |TAMS 0x0000000084b00000, 0x0000000084b00000| Untracked 
|  75|0x0000000084b00000, 0x0000000084c00000, 0x0000000084c00000|100%| O|  |TAMS 0x0000000084c00000, 0x0000000084c00000| Untracked 
|  76|0x0000000084c00000, 0x0000000084d00000, 0x0000000084d00000|100%| O|  |TAMS 0x0000000084d00000, 0x0000000084d00000| Untracked 
|  77|0x0000000084d00000, 0x0000000084e00000, 0x0000000084e00000|100%| O|  |TAMS 0x0000000084e00000, 0x0000000084e00000| Untracked 
|  78|0x0000000084e00000, 0x0000000084f00000, 0x0000000084f00000|100%| O|  |TAMS 0x0000000084f00000, 0x0000000084f00000| Untracked 
|  79|0x0000000084f00000, 0x0000000085000000, 0x0000000085000000|100%| O|  |TAMS 0x0000000085000000, 0x0000000085000000| Untracked 
|  80|0x0000000085000000, 0x0000000085100000, 0x0000000085100000|100%| O|  |TAMS 0x0000000085100000, 0x0000000085100000| Untracked 
|  81|0x0000000085100000, 0x0000000085200000, 0x0000000085200000|100%|HS|  |TAMS 0x0000000085200000, 0x0000000085200000| Complete 
|  82|0x0000000085200000, 0x0000000085300000, 0x0000000085300000|100%|HC|  |TAMS 0x0000000085300000, 0x0000000085300000| Complete 
|  83|0x0000000085300000, 0x0000000085400000, 0x0000000085400000|100%| O|  |TAMS 0x0000000085400000, 0x0000000085400000| Untracked 
|  84|0x0000000085400000, 0x0000000085500000, 0x0000000085500000|100%| O|  |TAMS 0x0000000085500000, 0x0000000085500000| Untracked 
|  85|0x0000000085500000, 0x0000000085600000, 0x0000000085600000|100%| O|  |TAMS 0x0000000085600000, 0x0000000085600000| Untracked 
|  86|0x0000000085600000, 0x0000000085700000, 0x0000000085700000|100%|HS|  |TAMS 0x0000000085700000, 0x0000000085700000| Complete 
|  87|0x0000000085700000, 0x0000000085800000, 0x0000000085800000|100%|HS|  |TAMS 0x0000000085800000, 0x0000000085800000| Complete 
|  88|0x0000000085800000, 0x0000000085900000, 0x0000000085900000|100%|HS|  |TAMS 0x0000000085900000, 0x0000000085900000| Complete 
|  89|0x0000000085900000, 0x0000000085a00000, 0x0000000085a00000|100%|HS|  |TAMS 0x0000000085a00000, 0x0000000085a00000| Complete 
|  90|0x0000000085a00000, 0x0000000085b00000, 0x0000000085b00000|100%|HS|  |TAMS 0x0000000085b00000, 0x0000000085b00000| Complete 
|  91|0x0000000085b00000, 0x0000000085c00000, 0x0000000085c00000|100%|HS|  |TAMS 0x0000000085c00000, 0x0000000085c00000| Complete 
|  92|0x0000000085c00000, 0x0000000085d00000, 0x0000000085d00000|100%|HS|  |TAMS 0x0000000085d00000, 0x0000000085d00000| Complete 
|  93|0x0000000085d00000, 0x0000000085e00000, 0x0000000085e00000|100%|HC|  |TAMS 0x0000000085e00000, 0x0000000085e00000| Complete 
|  94|0x0000000085e00000, 0x0000000085f00000, 0x0000000085f00000|100%|HS|  |TAMS 0x0000000085f00000, 0x0000000085f00000| Complete 
|  95|0x0000000085f00000, 0x0000000086000000, 0x0000000086000000|100%|HC|  |TAMS 0x0000000086000000, 0x0000000086000000| Complete 
|  96|0x0000000086000000, 0x0000000086100000, 0x0000000086100000|100%| O|  |TAMS 0x0000000086100000, 0x0000000086100000| Untracked 
|  97|0x0000000086100000, 0x0000000086200000, 0x0000000086200000|100%| O|  |TAMS 0x0000000086200000, 0x0000000086200000| Untracked 
|  98|0x0000000086200000, 0x0000000086300000, 0x0000000086300000|100%| O|  |TAMS 0x000000008629da00, 0x0000000086300000| Untracked 
|  99|0x0000000086300000, 0x0000000086400000, 0x0000000086400000|100%| O|  |TAMS 0x0000000086300000, 0x0000000086400000| Untracked 
| 100|0x0000000086400000, 0x0000000086500000, 0x0000000086500000|100%| O|  |TAMS 0x0000000086400000, 0x0000000086500000| Untracked 
| 101|0x0000000086500000, 0x0000000086600000, 0x0000000086600000|100%|HS|  |TAMS 0x0000000086500000, 0x0000000086600000| Complete 
| 102|0x0000000086600000, 0x0000000086700000, 0x0000000086700000|100%|HC|  |TAMS 0x0000000086600000, 0x0000000086700000| Complete 
| 103|0x0000000086700000, 0x0000000086800000, 0x0000000086800000|100%| O|  |TAMS 0x0000000086700000, 0x0000000086800000| Untracked 
| 104|0x0000000086800000, 0x0000000086900000, 0x0000000086900000|100%|HS|  |TAMS 0x0000000086800000, 0x0000000086900000| Complete 
| 105|0x0000000086900000, 0x0000000086a00000, 0x0000000086a00000|100%| O|  |TAMS 0x0000000086900000, 0x0000000086a00000| Untracked 
| 106|0x0000000086a00000, 0x0000000086b00000, 0x0000000086b00000|100%|HS|  |TAMS 0x0000000086a00000, 0x0000000086b00000| Complete 
| 107|0x0000000086b00000, 0x0000000086c00000, 0x0000000086c00000|100%| O|  |TAMS 0x0000000086b00000, 0x0000000086c00000| Untracked 
| 108|0x0000000086c00000, 0x0000000086d00000, 0x0000000086d00000|100%|HS|  |TAMS 0x0000000086c00000, 0x0000000086d00000| Complete 
| 109|0x0000000086d00000, 0x0000000086e00000, 0x0000000086e00000|100%| O|  |TAMS 0x0000000086d00000, 0x0000000086e00000| Untracked 
| 110|0x0000000086e00000, 0x0000000086f00000, 0x0000000086f00000|100%|HS|  |TAMS 0x0000000086e00000, 0x0000000086f00000| Complete 
| 111|0x0000000086f00000, 0x0000000086ff0400, 0x0000000087000000| 93%| O|  |TAMS 0x0000000086f00000, 0x0000000086ff0400| Untracked 
| 112|0x0000000087000000, 0x0000000087100000, 0x0000000087100000|100%|HS|  |TAMS 0x0000000087000000, 0x0000000087100000| Complete 
| 113|0x0000000087100000, 0x0000000087100000, 0x0000000087200000|  0%| F|  |TAMS 0x0000000087100000, 0x0000000087100000| Untracked 
| 114|0x0000000087200000, 0x0000000087300000, 0x0000000087300000|100%|HS|  |TAMS 0x0000000087200000, 0x0000000087300000| Complete 
| 115|0x0000000087300000, 0x0000000087300000, 0x0000000087400000|  0%| F|  |TAMS 0x0000000087300000, 0x0000000087300000| Untracked 
| 116|0x0000000087400000, 0x0000000087400000, 0x0000000087500000|  0%| F|  |TAMS 0x0000000087400000, 0x0000000087400000| Untracked 
| 117|0x0000000087500000, 0x0000000087600000, 0x0000000087600000|100%|HS|  |TAMS 0x0000000087500000, 0x0000000087600000| Complete 
| 118|0x0000000087600000, 0x0000000087700000, 0x0000000087700000|100%|HC|  |TAMS 0x0000000087600000, 0x0000000087700000| Complete 
| 119|0x0000000087700000, 0x0000000087700000, 0x0000000087800000|  0%| F|  |TAMS 0x0000000087700000, 0x0000000087700000| Untracked 
| 120|0x0000000087800000, 0x0000000087800000, 0x0000000087900000|  0%| F|  |TAMS 0x0000000087800000, 0x0000000087800000| Untracked 
| 121|0x0000000087900000, 0x0000000087a00000, 0x0000000087a00000|100%|HS|  |TAMS 0x0000000087900000, 0x0000000087a00000| Complete 
| 122|0x0000000087a00000, 0x0000000087b00000, 0x0000000087b00000|100%|HC|  |TAMS 0x0000000087a00000, 0x0000000087b00000| Complete 
| 123|0x0000000087b00000, 0x0000000087c00000, 0x0000000087c00000|100%| O|  |TAMS 0x0000000087b00000, 0x0000000087c00000| Untracked 
| 124|0x0000000087c00000, 0x0000000087d00000, 0x0000000087d00000|100%| O|  |TAMS 0x0000000087c00000, 0x0000000087d00000| Untracked 
| 125|0x0000000087d00000, 0x0000000087e00000, 0x0000000087e00000|100%| O|  |TAMS 0x0000000087d00000, 0x0000000087e00000| Untracked 
| 126|0x0000000087e00000, 0x0000000087f00000, 0x0000000087f00000|100%| O|  |TAMS 0x0000000087e00000, 0x0000000087f00000| Untracked 
| 127|0x0000000087f00000, 0x0000000088000000, 0x0000000088000000|100%| O|  |TAMS 0x0000000087f00000, 0x0000000088000000| Untracked 
| 128|0x0000000088000000, 0x0000000088100000, 0x0000000088100000|100%| O|  |TAMS 0x0000000088000000, 0x0000000088100000| Untracked 
| 129|0x0000000088100000, 0x0000000088200000, 0x0000000088200000|100%| O|  |TAMS 0x0000000088100000, 0x0000000088200000| Untracked 
| 130|0x0000000088200000, 0x0000000088300000, 0x0000000088300000|100%| O|  |TAMS 0x0000000088200000, 0x0000000088300000| Untracked 
| 131|0x0000000088300000, 0x0000000088300000, 0x0000000088400000|  0%| F|  |TAMS 0x0000000088300000, 0x0000000088300000| Untracked 
| 132|0x0000000088400000, 0x0000000088400000, 0x0000000088500000|  0%| F|  |TAMS 0x0000000088400000, 0x0000000088400000| Untracked 
| 133|0x0000000088500000, 0x0000000088500000, 0x0000000088600000|  0%| F|  |TAMS 0x0000000088500000, 0x0000000088500000| Untracked 
| 134|0x0000000088600000, 0x0000000088600000, 0x0000000088700000|  0%| F|  |TAMS 0x0000000088600000, 0x0000000088600000| Untracked 
| 135|0x0000000088700000, 0x0000000088700000, 0x0000000088800000|  0%| F|  |TAMS 0x0000000088700000, 0x0000000088700000| Untracked 
| 136|0x0000000088800000, 0x0000000088800000, 0x0000000088900000|  0%| F|  |TAMS 0x0000000088800000, 0x0000000088800000| Untracked 
| 137|0x0000000088900000, 0x0000000088900000, 0x0000000088a00000|  0%| F|  |TAMS 0x0000000088900000, 0x0000000088900000| Untracked 
| 138|0x0000000088a00000, 0x0000000088a00000, 0x0000000088b00000|  0%| F|  |TAMS 0x0000000088a00000, 0x0000000088a00000| Untracked 
| 139|0x0000000088b00000, 0x0000000088b00000, 0x0000000088c00000|  0%| F|  |TAMS 0x0000000088b00000, 0x0000000088b00000| Untracked 
| 140|0x0000000088c00000, 0x0000000088c00000, 0x0000000088d00000|  0%| F|  |TAMS 0x0000000088c00000, 0x0000000088c00000| Untracked 
| 141|0x0000000088d00000, 0x0000000088d00000, 0x0000000088e00000|  0%| F|  |TAMS 0x0000000088d00000, 0x0000000088d00000| Untracked 
| 142|0x0000000088e00000, 0x0000000088e00000, 0x0000000088f00000|  0%| F|  |TAMS 0x0000000088e00000, 0x0000000088e00000| Untracked 
| 143|0x0000000088f00000, 0x0000000088f00000, 0x0000000089000000|  0%| F|  |TAMS 0x0000000088f00000, 0x0000000088f00000| Untracked 
| 144|0x0000000089000000, 0x0000000089000000, 0x0000000089100000|  0%| F|  |TAMS 0x0000000089000000, 0x0000000089000000| Untracked 
| 145|0x0000000089100000, 0x0000000089100000, 0x0000000089200000|  0%| F|  |TAMS 0x0000000089100000, 0x0000000089100000| Untracked 
| 146|0x0000000089200000, 0x0000000089200000, 0x0000000089300000|  0%| F|  |TAMS 0x0000000089200000, 0x0000000089200000| Untracked 
| 147|0x0000000089300000, 0x0000000089300000, 0x0000000089400000|  0%| F|  |TAMS 0x0000000089300000, 0x0000000089300000| Untracked 
| 148|0x0000000089400000, 0x0000000089400000, 0x0000000089500000|  0%| F|  |TAMS 0x0000000089400000, 0x0000000089400000| Untracked 
| 149|0x0000000089500000, 0x0000000089500000, 0x0000000089600000|  0%| F|  |TAMS 0x0000000089500000, 0x0000000089500000| Untracked 
| 150|0x0000000089600000, 0x0000000089600000, 0x0000000089700000|  0%| F|  |TAMS 0x0000000089600000, 0x0000000089600000| Untracked 
| 151|0x0000000089700000, 0x0000000089700000, 0x0000000089800000|  0%| F|  |TAMS 0x0000000089700000, 0x0000000089700000| Untracked 
| 152|0x0000000089800000, 0x0000000089800000, 0x0000000089900000|  0%| F|  |TAMS 0x0000000089800000, 0x0000000089800000| Untracked 
| 153|0x0000000089900000, 0x0000000089900000, 0x0000000089a00000|  0%| F|  |TAMS 0x0000000089900000, 0x0000000089900000| Untracked 
| 154|0x0000000089a00000, 0x0000000089a00000, 0x0000000089b00000|  0%| F|  |TAMS 0x0000000089a00000, 0x0000000089a00000| Untracked 
| 155|0x0000000089b00000, 0x0000000089b00000, 0x0000000089c00000|  0%| F|  |TAMS 0x0000000089b00000, 0x0000000089b00000| Untracked 
| 156|0x0000000089c00000, 0x0000000089c00000, 0x0000000089d00000|  0%| F|  |TAMS 0x0000000089c00000, 0x0000000089c00000| Untracked 
| 157|0x0000000089d00000, 0x0000000089d00000, 0x0000000089e00000|  0%| F|  |TAMS 0x0000000089d00000, 0x0000000089d00000| Untracked 
| 158|0x0000000089e00000, 0x0000000089e00000, 0x0000000089f00000|  0%| F|  |TAMS 0x0000000089e00000, 0x0000000089e00000| Untracked 
| 159|0x0000000089f00000, 0x0000000089f00000, 0x000000008a000000|  0%| F|  |TAMS 0x0000000089f00000, 0x0000000089f00000| Untracked 
| 160|0x000000008a000000, 0x000000008a000000, 0x000000008a100000|  0%| F|  |TAMS 0x000000008a000000, 0x000000008a000000| Untracked 
| 161|0x000000008a100000, 0x000000008a100000, 0x000000008a200000|  0%| F|  |TAMS 0x000000008a100000, 0x000000008a100000| Untracked 
| 162|0x000000008a200000, 0x000000008a200000, 0x000000008a300000|  0%| F|  |TAMS 0x000000008a200000, 0x000000008a200000| Untracked 
| 163|0x000000008a300000, 0x000000008a300000, 0x000000008a400000|  0%| F|  |TAMS 0x000000008a300000, 0x000000008a300000| Untracked 
| 164|0x000000008a400000, 0x000000008a400000, 0x000000008a500000|  0%| F|  |TAMS 0x000000008a400000, 0x000000008a400000| Untracked 
| 165|0x000000008a500000, 0x000000008a500000, 0x000000008a600000|  0%| F|  |TAMS 0x000000008a500000, 0x000000008a500000| Untracked 
| 166|0x000000008a600000, 0x000000008a600000, 0x000000008a700000|  0%| F|  |TAMS 0x000000008a600000, 0x000000008a600000| Untracked 
| 167|0x000000008a700000, 0x000000008a800000, 0x000000008a800000|100%| S|CS|TAMS 0x000000008a700000, 0x000000008a700000| Complete 
| 168|0x000000008a800000, 0x000000008a900000, 0x000000008a900000|100%| S|CS|TAMS 0x000000008a800000, 0x000000008a800000| Complete 
| 169|0x000000008a900000, 0x000000008aa00000, 0x000000008aa00000|100%| S|CS|TAMS 0x000000008a900000, 0x000000008a900000| Complete 
| 170|0x000000008aa00000, 0x000000008ab00000, 0x000000008ab00000|100%| S|CS|TAMS 0x000000008aa00000, 0x000000008aa00000| Complete 
| 171|0x000000008ab00000, 0x000000008ab00000, 0x000000008ac00000|  0%| F|  |TAMS 0x000000008ab00000, 0x000000008ab00000| Untracked 
| 172|0x000000008ac00000, 0x000000008ac00000, 0x000000008ad00000|  0%| F|  |TAMS 0x000000008ac00000, 0x000000008ac00000| Untracked 
| 173|0x000000008ad00000, 0x000000008ad00000, 0x000000008ae00000|  0%| F|  |TAMS 0x000000008ad00000, 0x000000008ad00000| Untracked 
| 174|0x000000008ae00000, 0x000000008ae00000, 0x000000008af00000|  0%| F|  |TAMS 0x000000008ae00000, 0x000000008ae00000| Untracked 
| 175|0x000000008af00000, 0x000000008af00000, 0x000000008b000000|  0%| F|  |TAMS 0x000000008af00000, 0x000000008af00000| Untracked 
| 176|0x000000008b000000, 0x000000008b000000, 0x000000008b100000|  0%| F|  |TAMS 0x000000008b000000, 0x000000008b000000| Untracked 
| 177|0x000000008b100000, 0x000000008b100000, 0x000000008b200000|  0%| F|  |TAMS 0x000000008b100000, 0x000000008b100000| Untracked 
| 178|0x000000008b200000, 0x000000008b200000, 0x000000008b300000|  0%| F|  |TAMS 0x000000008b200000, 0x000000008b200000| Untracked 
| 179|0x000000008b300000, 0x000000008b300000, 0x000000008b400000|  0%| F|  |TAMS 0x000000008b300000, 0x000000008b300000| Untracked 
| 180|0x000000008b400000, 0x000000008b400000, 0x000000008b500000|  0%| F|  |TAMS 0x000000008b400000, 0x000000008b400000| Untracked 
| 181|0x000000008b500000, 0x000000008b500000, 0x000000008b600000|  0%| F|  |TAMS 0x000000008b500000, 0x000000008b500000| Untracked 
| 182|0x000000008b600000, 0x000000008b600000, 0x000000008b700000|  0%| F|  |TAMS 0x000000008b600000, 0x000000008b600000| Untracked 
| 183|0x000000008b700000, 0x000000008b800000, 0x000000008b800000|100%| O|  |TAMS 0x000000008b700000, 0x000000008b800000| Untracked 
| 184|0x000000008b800000, 0x000000008b900000, 0x000000008b900000|100%| O|  |TAMS 0x000000008b800000, 0x000000008b900000| Untracked 
| 185|0x000000008b900000, 0x000000008ba00000, 0x000000008ba00000|100%| O|  |TAMS 0x000000008b900000, 0x000000008ba00000| Untracked 
| 186|0x000000008ba00000, 0x000000008bb00000, 0x000000008bb00000|100%| O|  |TAMS 0x000000008ba00000, 0x000000008bb00000| Untracked 
| 187|0x000000008bb00000, 0x000000008bc00000, 0x000000008bc00000|100%| O|  |TAMS 0x000000008bb00000, 0x000000008bc00000| Untracked 
| 188|0x000000008bc00000, 0x000000008bd00000, 0x000000008bd00000|100%| O|  |TAMS 0x000000008bc00000, 0x000000008bd00000| Untracked 
| 189|0x000000008bd00000, 0x000000008be00000, 0x000000008be00000|100%| O|  |TAMS 0x000000008bd00000, 0x000000008be00000| Untracked 
| 190|0x000000008be00000, 0x000000008bf00000, 0x000000008bf00000|100%| O|  |TAMS 0x000000008be00000, 0x000000008bf00000| Untracked 
| 191|0x000000008bf00000, 0x000000008c000000, 0x000000008c000000|100%| O|  |TAMS 0x000000008bf00000, 0x000000008c000000| Untracked 
| 192|0x000000008c000000, 0x000000008c100000, 0x000000008c100000|100%| O|  |TAMS 0x000000008c000000, 0x000000008c100000| Untracked 
| 193|0x000000008c100000, 0x000000008c200000, 0x000000008c200000|100%| O|  |TAMS 0x000000008c100000, 0x000000008c200000| Untracked 

Card table byte_map: [0x0000029ebfee0000,0x0000029ec02e0000] _byte_map_base: 0x0000029ebfae0000

Marking Bits (Prev, Next): (CMBitMap*) 0x0000029eacd09548, (CMBitMap*) 0x0000029eacd09580
 Prev Bits: [0x0000029ec06e0000, 0x0000029ec26e0000)
 Next Bits: [0x0000029ec26e0000, 0x0000029ec46e0000)

Polling page: 0x0000029eaacd0000

Metaspace:

Usage:
  Non-class:     78.55 MB capacity,    76.88 MB ( 98%) used,     1.41 MB (  2%) free+waste,   269.88 KB ( <1%) overhead. 
      Class:     12.29 MB capacity,    11.35 MB ( 92%) used,   838.09 KB (  7%) free+waste,   121.63 KB ( <1%) overhead. 
       Both:     90.85 MB capacity,    88.24 MB ( 97%) used,     2.23 MB (  2%) free+waste,   391.50 KB ( <1%) overhead. 

Virtual space:
  Non-class space:       80.00 MB reserved,      78.68 MB ( 98%) committed 
      Class space:        1.00 GB reserved,      12.45 MB (  1%) committed 
             Both:        1.08 GB reserved,      91.13 MB (  8%) committed 

Chunk freelists:
   Non-Class:  124.00 KB
       Class:  53.00 KB
        Both:  177.00 KB

MaxMetaspaceSize: 17179869184.00 GB
CompressedClassSpaceSize: 1.00 GB

CodeHeap 'non-profiled nmethods': size=120000Kb used=7553Kb max_used=7553Kb free=112447Kb
 bounds [0x0000029eb8280000, 0x0000029eb89f0000, 0x0000029ebf7b0000]
CodeHeap 'profiled nmethods': size=120000Kb used=25939Kb max_used=25939Kb free=94060Kb
 bounds [0x0000029eb0d50000, 0x0000029eb26b0000, 0x0000029eb8280000]
CodeHeap 'non-nmethods': size=5760Kb used=2304Kb max_used=2353Kb free=3456Kb
 bounds [0x0000029eb07b0000, 0x0000029eb0a20000, 0x0000029eb0d50000]
 total_blobs=12810 nmethods=11903 adapters=818
 compilation: enabled
              stopped_count=0, restarted_count=0
 full_count=0

Compilation events (20 events):
Event: 16.721 Thread 0x0000029ec79bf800 nmethod 12054 0x0000029eb89d9190 code [0x0000029eb89d9320, 0x0000029eb89d9398]
Event: 16.721 Thread 0x0000029ec79bf800 12052       4       com.android.tools.r8.internal.AA::get (16 bytes)
Event: 16.722 Thread 0x0000029ec79bf800 nmethod 12052 0x0000029eb89d9490 code [0x0000029eb89d9620, 0x0000029eb89d96b8]
Event: 16.722 Thread 0x0000029ec79bf800 12053       4       java.nio.HeapByteBuffer::getInt (26 bytes)
Event: 16.723 Thread 0x0000029ec79bf800 nmethod 12053 0x0000029eb89d9790 code [0x0000029eb89d9920, 0x0000029eb89d99f8]
Event: 16.723 Thread 0x0000029ec79bf800 12035       4       com.android.tools.r8.internal.Zj::d (1438 bytes)
Event: 16.724 Thread 0x0000029eccdb5800 nmethod 12046 0x0000029eb89d9b10 code [0x0000029eb89d9d00, 0x0000029eb89dab48]
Event: 16.724 Thread 0x0000029eccdb5800 12039   !   4       com.android.tools.r8.graph.c0::K (89 bytes)
Event: 16.730 Thread 0x0000029ec7d0d000 nmethod 12037 0x0000029eb89db390 code [0x0000029eb89db580, 0x0000029eb89dc808]
Event: 16.730 Thread 0x0000029ec7d0d000 12056       4       com.android.tools.r8.graph.Q::<init> (62 bytes)
Event: 16.731 Thread 0x0000029ec79ce000 12058       3       com.android.tools.r8.graph.Q::g (62 bytes)
Event: 16.732 Thread 0x0000029ec79ce000 nmethod 12058 0x0000029eb26a2590 code [0x0000029eb26a2800, 0x0000029eb26a3548]
Event: 16.736 Thread 0x0000029ec79ce000 12059       3       com.android.tools.r8.internal.zh::d (188 bytes)
Event: 16.737 Thread 0x0000029ec79ce000 nmethod 12059 0x0000029eb26a3890 code [0x0000029eb26a3b20, 0x0000029eb26a47e8]
Event: 16.745 Thread 0x0000029eccdb5800 nmethod 12039 0x0000029eb89dcd10 code [0x0000029eb89dcf00, 0x0000029eb89ddb08]
Event: 16.746 Thread 0x0000029eccdb5800 12060       4       com.android.tools.r8.internal.zh::get (106 bytes)
Event: 16.747 Thread 0x0000029ec79bf800 nmethod 12035 0x0000029eb89de290 code [0x0000029eb89de580, 0x0000029eb89df360]
Event: 16.747 Thread 0x0000029ec79bf800 12057       4       com.android.tools.r8.graph.Q::F (30 bytes)
Event: 16.749 Thread 0x0000029eccdb5800 nmethod 12060 0x0000029eb89dfe90 code [0x0000029eb89e0040, 0x0000029eb89e0218]
Event: 16.749 Thread 0x0000029eccdb5800 12061       4       com.android.tools.r8.dex.j::a (83 bytes)

GC Heap History (20 events):
Event: 10.002 GC heap after
{Heap after GC invocations=18 (full 0):
 garbage-first heap   total 187392K, used 63891K [0x0000000080000000, 0x0000000100000000)
  region size 1024K, 7 young (7168K), 7 survivors (7168K)
 Metaspace       used 70401K, capacity 72488K, committed 72576K, reserved 1112064K
  class space    used 9110K, capacity 9901K, committed 9932K, reserved 1048576K
}
Event: 11.285 GC heap before
{Heap before GC invocations=18 (full 0):
 garbage-first heap   total 187392K, used 138643K [0x0000000080000000, 0x0000000100000000)
  region size 1024K, 80 young (81920K), 7 survivors (7168K)
 Metaspace       used 74240K, capacity 76394K, committed 76416K, reserved 1116160K
  class space    used 9595K, capacity 10427K, committed 10444K, reserved 1048576K
}
Event: 11.294 GC heap after
{Heap after GC invocations=19 (full 0):
 garbage-first heap   total 187392K, used 67761K [0x0000000080000000, 0x0000000100000000)
  region size 1024K, 5 young (5120K), 5 survivors (5120K)
 Metaspace       used 74240K, capacity 76394K, committed 76416K, reserved 1116160K
  class space    used 9595K, capacity 10427K, committed 10444K, reserved 1048576K
}
Event: 12.601 GC heap before
{Heap before GC invocations=19 (full 0):
 garbage-first heap   total 187392K, used 142513K [0x0000000080000000, 0x0000000100000000)
  region size 1024K, 78 young (79872K), 5 survivors (5120K)
 Metaspace       used 80947K, capacity 83436K, committed 83584K, reserved 1122304K
  class space    used 10530K, capacity 11452K, committed 11468K, reserved 1048576K
}
Event: 12.611 GC heap after
{Heap after GC invocations=20 (full 0):
 garbage-first heap   total 187392K, used 72640K [0x0000000080000000, 0x0000000100000000)
  region size 1024K, 10 young (10240K), 10 survivors (10240K)
 Metaspace       used 80947K, capacity 83436K, committed 83584K, reserved 1122304K
  class space    used 10530K, capacity 11452K, committed 11468K, reserved 1048576K
}
Event: 13.417 GC heap before
{Heap before GC invocations=20 (full 0):
 garbage-first heap   total 187392K, used 145344K [0x0000000080000000, 0x0000000100000000)
  region size 1024K, 81 young (82944K), 10 survivors (10240K)
 Metaspace       used 81823K, capacity 84562K, committed 84864K, reserved 1122304K
  class space    used 10612K, capacity 11597K, committed 11724K, reserved 1048576K
}
Event: 13.432 GC heap after
{Heap after GC invocations=21 (full 0):
 garbage-first heap   total 187392K, used 78305K [0x0000000080000000, 0x0000000100000000)
  region size 1024K, 11 young (11264K), 11 survivors (11264K)
 Metaspace       used 81823K, capacity 84562K, committed 84864K, reserved 1122304K
  class space    used 10612K, capacity 11597K, committed 11724K, reserved 1048576K
}
Event: 14.092 GC heap before
{Heap before GC invocations=21 (full 0):
 garbage-first heap   total 187392K, used 146913K [0x0000000080000000, 0x0000000100000000)
  region size 1024K, 79 young (80896K), 11 survivors (11264K)
 Metaspace       used 82266K, capacity 84955K, committed 85120K, reserved 1122304K
  class space    used 10654K, capacity 11648K, committed 11724K, reserved 1048576K
}
Event: 14.104 GC heap after
{Heap after GC invocations=22 (full 0):
 garbage-first heap   total 187392K, used 82975K [0x0000000080000000, 0x0000000100000000)
  region size 1024K, 5 young (5120K), 5 survivors (5120K)
 Metaspace       used 82266K, capacity 84955K, committed 85120K, reserved 1122304K
  class space    used 10654K, capacity 11648K, committed 11724K, reserved 1048576K
}
Event: 14.866 GC heap before
{Heap before GC invocations=22 (full 0):
 garbage-first heap   total 187392K, used 149535K [0x0000000080000000, 0x0000000100000000)
  region size 1024K, 71 young (72704K), 5 survivors (5120K)
 Metaspace       used 84478K, capacity 87232K, committed 87424K, reserved 1124352K
  class space    used 10884K, capacity 11875K, committed 11980K, reserved 1048576K
}
Event: 14.876 GC heap after
{Heap after GC invocations=23 (full 0):
 garbage-first heap   total 187392K, used 85561K [0x0000000080000000, 0x0000000100000000)
  region size 1024K, 8 young (8192K), 8 survivors (8192K)
 Metaspace       used 84478K, capacity 87232K, committed 87424K, reserved 1124352K
  class space    used 10884K, capacity 11875K, committed 11980K, reserved 1048576K
}
Event: 15.444 GC heap before
{Heap before GC invocations=23 (full 0):
 garbage-first heap   total 187392K, used 151097K [0x0000000080000000, 0x0000000100000000)
  region size 1024K, 73 young (74752K), 8 survivors (8192K)
 Metaspace       used 86493K, capacity 89218K, committed 89472K, reserved 1126400K
  class space    used 11147K, capacity 12131K, committed 12236K, reserved 1048576K
}
Event: 15.454 GC heap after
{Heap after GC invocations=24 (full 0):
 garbage-first heap   total 187392K, used 87744K [0x0000000080000000, 0x0000000100000000)
  region size 1024K, 6 young (6144K), 6 survivors (6144K)
 Metaspace       used 86493K, capacity 89218K, committed 89472K, reserved 1126400K
  class space    used 11147K, capacity 12131K, committed 12236K, reserved 1048576K
}
Event: 15.984 GC heap before
{Heap before GC invocations=24 (full 0):
 garbage-first heap   total 187392K, used 135872K [0x0000000080000000, 0x0000000100000000)
  region size 1024K, 53 young (54272K), 6 survivors (6144K)
 Metaspace       used 87607K, capacity 90292K, committed 90624K, reserved 1128448K
  class space    used 11261K, capacity 12251K, committed 12364K, reserved 1048576K
}
Event: 15.996 GC heap after
{Heap after GC invocations=25 (full 0):
 garbage-first heap   total 187392K, used 94384K [0x0000000080000000, 0x0000000100000000)
  region size 1024K, 7 young (7168K), 7 survivors (7168K)
 Metaspace       used 87607K, capacity 90292K, committed 90624K, reserved 1128448K
  class space    used 11261K, capacity 12251K, committed 12364K, reserved 1048576K
}
Event: 16.385 GC heap before
{Heap before GC invocations=26 (full 0):
 garbage-first heap   total 187392K, used 119984K [0x0000000080000000, 0x0000000100000000)
  region size 1024K, 24 young (24576K), 7 survivors (7168K)
 Metaspace       used 90089K, capacity 92824K, committed 93312K, reserved 1130496K
  class space    used 11601K, capacity 12584K, committed 12748K, reserved 1048576K
}
Event: 16.396 GC heap after
{Heap after GC invocations=27 (full 0):
 garbage-first heap   total 187392K, used 110198K [0x0000000080000000, 0x0000000100000000)
  region size 1024K, 9 young (9216K), 9 survivors (9216K)
 Metaspace       used 90089K, capacity 92824K, committed 93312K, reserved 1130496K
  class space    used 11601K, capacity 12584K, committed 12748K, reserved 1048576K
}
Event: 16.670 GC heap before
{Heap before GC invocations=28 (full 0):
 garbage-first heap   total 187392K, used 171638K [0x0000000080000000, 0x0000000100000000)
  region size 1024K, 46 young (47104K), 9 survivors (9216K)
 Metaspace       used 90353K, capacity 93027K, committed 93312K, reserved 1130496K
  class space    used 11627K, capacity 12587K, committed 12748K, reserved 1048576K
}
Event: 16.693 GC heap after
{Heap after GC invocations=29 (full 0):
 garbage-first heap   total 198656K, used 139086K [0x0000000080000000, 0x0000000100000000)
  region size 1024K, 6 young (6144K), 6 survivors (6144K)
 Metaspace       used 90353K, capacity 93027K, committed 93312K, reserved 1130496K
  class space    used 11627K, capacity 12587K, committed 12748K, reserved 1048576K
}
Event: 16.756 GC heap before
{Heap before GC invocations=29 (full 0):
 garbage-first heap   total 198656K, used 149326K [0x0000000080000000, 0x0000000100000000)
  region size 1024K, 18 young (18432K), 6 survivors (6144K)
 Metaspace       used 90353K, capacity 93027K, committed 93312K, reserved 1130496K
  class space    used 11627K, capacity 12587K, committed 12748K, reserved 1048576K
}

Deoptimization events (20 events):
Event: 16.643 Thread 0x0000029ecd424000 Uncommon trap: trap_request=0xffffff4d fr.pc=0x0000029eb89c19f4 relative=0x0000000000000a74
Event: 16.643 Thread 0x0000029ecd424000 Uncommon trap: reason=unstable_if action=reinterpret pc=0x0000029eb89c19f4 method=com.android.tools.r8.internal.Xe.d(I)Z @ 45 c2
Event: 16.643 Thread 0x0000029ecd424000 DEOPT PACKING pc=0x0000029eb89c19f4 sp=0x000000fbf81fd490
Event: 16.643 Thread 0x0000029ecd424000 DEOPT UNPACKING pc=0x0000029eb07d78af sp=0x000000fbf81fd3a0 mode 2
Event: 16.645 Thread 0x0000029ecd424000 Uncommon trap: trap_request=0xffffff4d fr.pc=0x0000029eb89c8524 relative=0x0000000000000084
Event: 16.645 Thread 0x0000029ecd424000 Uncommon trap: reason=unstable_if action=reinterpret pc=0x0000029eb89c8524 method=com.android.tools.r8.internal.Xe.d(I)Z @ 45 c2
Event: 16.645 Thread 0x0000029ecd424000 DEOPT PACKING pc=0x0000029eb89c8524 sp=0x000000fbf81fd3f0
Event: 16.645 Thread 0x0000029ecd424000 DEOPT UNPACKING pc=0x0000029eb07d78af sp=0x000000fbf81fd380 mode 2
Event: 16.659 Thread 0x0000029ecd424000 DEOPT PACKING pc=0x0000029eb26701f8 sp=0x000000fbf81fd300
Event: 16.659 Thread 0x0000029ecd424000 DEOPT UNPACKING pc=0x0000029eb07d76ce sp=0x000000fbf81fc858 mode 0
Event: 16.661 Thread 0x0000029ecd424000 DEOPT PACKING pc=0x0000029eb268e1f7 sp=0x000000fbf81fd230
Event: 16.661 Thread 0x0000029ecd424000 DEOPT UNPACKING pc=0x0000029eb07d76ce sp=0x000000fbf81fc730 mode 0
Event: 16.702 Thread 0x0000029ecd424000 DEOPT PACKING pc=0x0000029eb268e218 sp=0x000000fbf81fd2a0
Event: 16.702 Thread 0x0000029ecd424000 DEOPT UNPACKING pc=0x0000029eb07d76ce sp=0x000000fbf81fc7a0 mode 0
Event: 16.713 Thread 0x0000029ecd424000 DEOPT PACKING pc=0x0000029eb26701f8 sp=0x000000fbf81fd300
Event: 16.713 Thread 0x0000029ecd424000 DEOPT UNPACKING pc=0x0000029eb07d76ce sp=0x000000fbf81fc858 mode 0
Event: 16.721 Thread 0x0000029ecd424000 DEOPT PACKING pc=0x0000029eb26701f8 sp=0x000000fbf81fd300
Event: 16.721 Thread 0x0000029ecd424000 DEOPT UNPACKING pc=0x0000029eb07d76ce sp=0x000000fbf81fc858 mode 0
Event: 16.744 Thread 0x0000029ecd424000 DEOPT PACKING pc=0x0000029eb26701f8 sp=0x000000fbf81fd300
Event: 16.744 Thread 0x0000029ecd424000 DEOPT UNPACKING pc=0x0000029eb07d76ce sp=0x000000fbf81fc858 mode 0

Classes redefined (0 events):
No events

Internal exceptions (20 events):
Event: 14.514 Thread 0x0000029eccc89000 Exception <a 'java/lang/NoSuchMethodError'{0x0000000089758af0}: <clinit>> (0x0000000089758af0) thrown at [./src/hotspot/share/prims/jni.cpp, line 1362]
Event: 14.515 Thread 0x0000029eccc89000 Exception <a 'java/lang/NoSuchMethodError'{0x000000008976b8b8}: <clinit>> (0x000000008976b8b8) thrown at [./src/hotspot/share/prims/jni.cpp, line 1362]
Event: 15.295 Thread 0x0000029ecab91000 Implicit null exception at 0x0000029eb8937a65 to 0x0000029eb89382d8
Event: 15.295 Thread 0x0000029ecab8e000 Implicit null exception at 0x0000029eb8937a65 to 0x0000029eb89382d8
Event: 15.295 Thread 0x0000029ecab92000 Implicit null exception at 0x0000029eb8937a65 to 0x0000029eb89382d8
Event: 15.295 Thread 0x0000029ecab8f800 Implicit null exception at 0x0000029eb8937a65 to 0x0000029eb89382d8
Event: 15.295 Thread 0x0000029ecab95800 Implicit null exception at 0x0000029eb8937a65 to 0x0000029eb89382d8
Event: 15.295 Thread 0x0000029ecab94800 Implicit null exception at 0x0000029eb8937a65 to 0x0000029eb89382d8
Event: 15.295 Thread 0x0000029ecab90800 Implicit null exception at 0x0000029eb8937a65 to 0x0000029eb89382d8
Event: 15.866 Thread 0x0000029ecab91000 Implicit null exception at 0x0000029eb89837d2 to 0x0000029eb8983be0
Event: 15.866 Thread 0x0000029ecab92000 Implicit null exception at 0x0000029eb89837d2 to 0x0000029eb8983be0
Event: 15.950 Thread 0x0000029eccc8a800 Exception <a 'java/lang/NoSuchMethodError'{0x0000000088f70b30}: 'void java.lang.invoke.DirectMethodHandle$Holder.invokeStatic(java.lang.Object, long)'> (0x0000000088f70b30) thrown at [./src/hotspot/share/interpreter/linkResolver.cpp, line 773]
Event: 15.951 Thread 0x0000029eccc8a800 Exception <a 'java/lang/NoSuchMethodError'{0x0000000088f75d48}: 'java.lang.Object java.lang.invoke.DirectMethodHandle$Holder.invokeStatic(java.lang.Object, long)'> (0x0000000088f75d48) thrown at [./src/hotspot/share/interpreter/linkResolver.cpp, line 773]
Event: 15.954 Thread 0x0000029eccc8a800 Exception <a 'java/lang/NoSuchMethodError'{0x000000008898e120}: 'java.lang.Object java.lang.invoke.DirectMethodHandle$Holder.invokeStaticInit(java.lang.Object, java.lang.Object, long, java.lang.Object)'> (0x000000008898e120) thrown at [./src/hotspot/share/interpreter/linkResolver.cpp, line 773]
Event: 15.959 Thread 0x0000029eccc8a800 Exception <a 'java/lang/NoSuchMethodError'{0x00000000889942b8}: 'java.lang.Object java.lang.invoke.DirectMethodHandle$Holder.invokeStatic(java.lang.Object, java.lang.Object, long)'> (0x00000000889942b8) thrown at [./src/hotspot/share/interpreter/linkResolver.cpp, line 773]
Event: 15.959 Thread 0x0000029eccc8a800 Exception <a 'java/lang/NoSuchMethodError'{0x000000008899a830}: 'java.lang.Object java.lang.invoke.Invokers$Holder.linkToTargetMethod(java.lang.Object, long, java.lang.Object)'> (0x000000008899a830) thrown at [./src/hotspot/share/interpreter/linkResolver.cpp, line 773]
Event: 16.213 Thread 0x0000029ecd424000 Exception <a 'sun/nio/fs/WindowsException'{0x000000008ae93aa8}> (0x000000008ae93aa8) thrown at [./src/hotspot/share/prims/jni.cpp, line 615]
Event: 16.266 Thread 0x0000029eccc8a800 Exception <a 'java/lang/NoSuchMethodError'{0x000000008ab83b00}: 'int java.lang.invoke.DirectMethodHandle$Holder.invokeSpecialIFC(java.lang.Object, java.lang.Object, java.lang.Object)'> (0x000000008ab83b00) thrown at [./src/hotspot/share/interpreter/linkResolver.cpp, line 773]
Event: 16.381 Thread 0x0000029ecd424000 Exception <a 'java/lang/NoSuchMethodError'{0x000000008a664b20}: 'java.lang.Object java.lang.invoke.DirectMethodHandle$Holder.invokeStatic(java.lang.Object, java.lang.Object, java.lang.Object, java.lang.Object, java.lang.Object, java.lang.Object, java.lang.Object, java.lang.Object, java.lang.Object, java.lang.Object, java.lang.Object, java.lang.Object, java.lang.Object, java.lang.Object, java.lang.Object, java.lang.Object, java.lang.Object, java.lang.Object, int, java.lang.Object)'> (0x000000008a664b20) thr
Event: 16.381 Thread 0x0000029ecd424000 Exception <a 'java/lang/NoSuchMethodError'{0x000000008a66a600}: 'java.lang.Object java.lang.invoke.DirectMethodHandle$Holder.invokeStaticInit(java.lang.Object, java.lang.Object, java.lang.Object, java.lang.Object, java.lang.Object, java.lang.Object, java.lang.Object, java.lang.Object, java.lang.Object, java.lang.Object, java.lang.Object, java.lang.Object, java.lang.Object, java.lang.Object, java.lang.Object, java.lang.Object, java.lang.Object, java.lang.Object, int, java.lang.Object)'> (0x000000008a66a600)

Events (20 events):
Event: 16.457 loading class com/android/tools/r8/graph/e0 done
Event: 16.457 loading class com/android/tools/r8/graph/e0
Event: 16.457 loading class com/android/tools/r8/graph/e0 done
Event: 16.457 loading class com/android/tools/r8/dex/j
Event: 16.457 loading class com/android/tools/r8/dex/j done
Event: 16.459 loading class com/android/tools/r8/graph/y
Event: 16.459 loading class com/android/tools/r8/graph/y done
Event: 16.534 Executing VM operation: CGC_Operation
Event: 16.544 Executing VM operation: CGC_Operation done
Event: 16.577 loading class java/util/concurrent/ConcurrentHashMap$TreeNode
Event: 16.577 loading class java/util/concurrent/ConcurrentHashMap$TreeNode done
Event: 16.577 loading class java/util/concurrent/ConcurrentHashMap$TreeBin
Event: 16.578 loading class java/util/concurrent/ConcurrentHashMap$TreeBin done
Event: 16.603 Executing VM operation: CGC_Operation
Event: 16.603 Executing VM operation: CGC_Operation done
Event: 16.624 Executing VM operation: RevokeBias
Event: 16.624 Executing VM operation: RevokeBias done
Event: 16.670 Executing VM operation: G1CollectForAllocation
Event: 16.693 Executing VM operation: G1CollectForAllocation done
Event: 16.756 Executing VM operation: G1CollectForAllocation


Dynamic libraries:
0x00007ff7bc6e0000 - 0x00007ff7bc6ea000 	C:\Program Files\Android\Android Studio3\jre\bin\java.exe
0x00007ffd703a0000 - 0x00007ffd705af000 	C:\WINDOWS\SYSTEM32\ntdll.dll
0x00007ffd6ed30000 - 0x00007ffd6eded000 	C:\WINDOWS\System32\KERNEL32.DLL
0x00007ffd6d860000 - 0x00007ffd6dbe6000 	C:\WINDOWS\System32\KERNELBASE.dll
0x00007ffd6e0d0000 - 0x00007ffd6e1e1000 	C:\WINDOWS\System32\ucrtbase.dll
0x00007ffd60510000 - 0x00007ffd60529000 	C:\Program Files\Android\Android Studio3\jre\bin\jli.dll
0x00007ffd60410000 - 0x00007ffd60427000 	C:\Program Files\Android\Android Studio3\jre\bin\VCRUNTIME140.dll
0x00007ffd6f140000 - 0x00007ffd6f2ea000 	C:\WINDOWS\System32\USER32.dll
0x00007ffd6e1f0000 - 0x00007ffd6e216000 	C:\WINDOWS\System32\win32u.dll
0x00007ffd56840000 - 0x00007ffd56ae1000 	C:\WINDOWS\WinSxS\amd64_microsoft.windows.common-controls_6595b64144ccf1df_6.0.22471.1000_none_228bc6e77ad112f7\COMCTL32.dll
0x00007ffd6e580000 - 0x00007ffd6e5a9000 	C:\WINDOWS\System32\GDI32.dll
0x00007ffd6e290000 - 0x00007ffd6e334000 	C:\WINDOWS\System32\msvcrt.dll
0x00007ffd6dfb0000 - 0x00007ffd6e0c7000 	C:\WINDOWS\System32\gdi32full.dll
0x00007ffd6de80000 - 0x00007ffd6df1b000 	C:\WINDOWS\System32\msvcp_win.dll
0x00007ffd6e540000 - 0x00007ffd6e571000 	C:\WINDOWS\System32\IMM32.DLL
0x00007ffd60190000 - 0x00007ffd6022d000 	C:\Program Files\Android\Android Studio3\jre\bin\msvcp140.dll
0x00007ffd431e0000 - 0x00007ffd43caf000 	C:\Program Files\Android\Android Studio3\jre\bin\server\jvm.dll
0x00007ffd6e5b0000 - 0x00007ffd6e65e000 	C:\WINDOWS\System32\ADVAPI32.dll
0x00007ffd6ec80000 - 0x00007ffd6ed21000 	C:\WINDOWS\System32\sechost.dll
0x00007ffd6e420000 - 0x00007ffd6e540000 	C:\WINDOWS\System32\RPCRT4.dll
0x00007ffd6e220000 - 0x00007ffd6e228000 	C:\WINDOWS\System32\PSAPI.DLL
0x00007ffd4a4b0000 - 0x00007ffd4a4b9000 	C:\WINDOWS\SYSTEM32\WSOCK32.dll
0x00007ffd678d0000 - 0x00007ffd67903000 	C:\WINDOWS\SYSTEM32\WINMM.dll
0x00007ffd6b550000 - 0x00007ffd6b55a000 	C:\WINDOWS\SYSTEM32\VERSION.dll
0x00007ffd6f2f0000 - 0x00007ffd6f361000 	C:\WINDOWS\System32\WS2_32.dll
0x00007ffd6c930000 - 0x00007ffd6c948000 	C:\WINDOWS\SYSTEM32\kernel.appcore.dll
0x00007ffd69cf0000 - 0x00007ffd69d01000 	C:\Program Files\Android\Android Studio3\jre\bin\verify.dll
0x00007ffd65500000 - 0x00007ffd65727000 	C:\WINDOWS\SYSTEM32\DBGHELP.DLL
0x00007ffd6e900000 - 0x00007ffd6ec7e000 	C:\WINDOWS\System32\combase.dll
0x00007ffd5d9f0000 - 0x00007ffd5da21000 	C:\WINDOWS\SYSTEM32\dbgcore.DLL
0x00007ffd6df20000 - 0x00007ffd6dfa1000 	C:\WINDOWS\System32\bcryptPrimitives.dll
0x00007ffd69b50000 - 0x00007ffd69b79000 	C:\Program Files\Android\Android Studio3\jre\bin\java.dll
0x00007ffd69310000 - 0x00007ffd6931b000 	C:\Program Files\Android\Android Studio3\jre\bin\jimage.dll
0x00007ffd60970000 - 0x00007ffd60988000 	C:\Program Files\Android\Android Studio3\jre\bin\zip.dll
0x00007ffd6f980000 - 0x00007ffd7012b000 	C:\WINDOWS\System32\SHELL32.dll
0x00007ffd6b900000 - 0x00007ffd6c15c000 	C:\WINDOWS\SYSTEM32\windows.storage.dll
0x00007ffd6b7b0000 - 0x00007ffd6b8f9000 	C:\WINDOWS\SYSTEM32\wintypes.dll
0x00007ffd6e7a0000 - 0x00007ffd6e890000 	C:\WINDOWS\System32\SHCORE.dll
0x00007ffd6e890000 - 0x00007ffd6e8eb000 	C:\WINDOWS\System32\shlwapi.dll
0x00007ffd6d790000 - 0x00007ffd6d7b1000 	C:\WINDOWS\SYSTEM32\profapi.dll
0x00007ffd60950000 - 0x00007ffd6096a000 	C:\Program Files\Android\Android Studio3\jre\bin\net.dll
0x00007ffd67910000 - 0x00007ffd67a20000 	C:\WINDOWS\SYSTEM32\WINHTTP.dll
0x00007ffd6cd80000 - 0x00007ffd6cde9000 	C:\WINDOWS\system32\mswsock.dll
0x00007ffd60930000 - 0x00007ffd60944000 	C:\Program Files\Android\Android Studio3\jre\bin\nio.dll
0x00007ffd60530000 - 0x00007ffd60557000 	C:\Users\xpmkm\.gradle\native\8bec1ad78214c89d9ad589b4d07fe93259594b29d510b10fafb7a158f7737e5d\windows-amd64\native-platform.dll
0x00007ffd60230000 - 0x00007ffd6036d000 	C:\Users\xpmkm\.gradle\native\53dbd7edfb1c66fb8903c78663c9afc45aea4f116125fa6feffd364cf09443e8\windows-amd64\native-platform-file-events.dll
0x00007ffd69300000 - 0x00007ffd6930a000 	C:\Program Files\Android\Android Studio3\jre\bin\management.dll
0x00007ffd69040000 - 0x00007ffd6904c000 	C:\Program Files\Android\Android Studio3\jre\bin\management_ext.dll
0x00007ffd6cfd0000 - 0x00007ffd6cfe8000 	C:\WINDOWS\SYSTEM32\CRYPTSP.dll
0x00007ffd6c890000 - 0x00007ffd6c8c5000 	C:\WINDOWS\system32\rsaenh.dll
0x00007ffd6ce80000 - 0x00007ffd6cea9000 	C:\WINDOWS\SYSTEM32\USERENV.dll
0x00007ffd6d1c0000 - 0x00007ffd6d1e8000 	C:\WINDOWS\SYSTEM32\bcrypt.dll
0x00007ffd6cff0000 - 0x00007ffd6cffc000 	C:\WINDOWS\SYSTEM32\CRYPTBASE.dll
0x00007ffd6c380000 - 0x00007ffd6c3ad000 	C:\WINDOWS\SYSTEM32\IPHLPAPI.DLL
0x00007ffd6e8f0000 - 0x00007ffd6e8f9000 	C:\WINDOWS\System32\NSI.dll
0x00007ffd67320000 - 0x00007ffd67339000 	C:\WINDOWS\SYSTEM32\dhcpcsvc6.DLL
0x00007ffd672e0000 - 0x00007ffd672fe000 	C:\WINDOWS\SYSTEM32\dhcpcsvc.DLL
0x00007ffd6c3b0000 - 0x00007ffd6c4a1000 	C:\WINDOWS\SYSTEM32\DNSAPI.dll

dbghelp: loaded successfully - version: 4.0.5 - missing functions: none
symbol engine: initialized successfully - sym options: 0x614 - pdb path: .;C:\Program Files\Android\Android Studio3\jre\bin;C:\WINDOWS\SYSTEM32;C:\WINDOWS\WinSxS\amd64_microsoft.windows.common-controls_6595b64144ccf1df_6.0.22471.1000_none_228bc6e77ad112f7;C:\Program Files\Android\Android Studio3\jre\bin\server;C:\Users\xpmkm\.gradle\native\8bec1ad78214c89d9ad589b4d07fe93259594b29d510b10fafb7a158f7737e5d\windows-amd64;C:\Users\xpmkm\.gradle\native\53dbd7edfb1c66fb8903c78663c9afc45aea4f116125fa6feffd364cf09443e8\windows-amd64

VM Arguments:
jvm_args: --add-opens=java.base/java.util=ALL-UNNAMED --add-opens=java.base/java.lang=ALL-UNNAMED --add-opens=java.base/java.lang.invoke=ALL-UNNAMED --add-opens=java.base/java.util=ALL-UNNAMED --add-opens=java.prefs/java.util.prefs=ALL-UNNAMED --add-opens=java.prefs/java.util.prefs=ALL-UNNAMED --add-opens=java.base/java.nio.charset=ALL-UNNAMED --add-opens=java.base/java.net=ALL-UNNAMED --add-opens=java.base/java.util.concurrent.atomic=ALL-UNNAMED -Xmx2048m -Dfile.encoding=UTF-8 -Duser.country=IN -Duser.language=en -Duser.variant 
java_command: org.gradle.launcher.daemon.bootstrap.GradleDaemon 7.0.2
java_class_path (initial): C:\Users\xpmkm\.gradle\wrapper\dists\gradle-7.0.2-bin\857tjihv64xamwrf0h14cai3r\gradle-7.0.2\lib\gradle-launcher-7.0.2.jar
Launcher Type: SUN_STANDARD

[Global flags]
     intx CICompilerCount                          = 4                                         {product} {ergonomic}
     uint ConcGCThreads                            = 2                                         {product} {ergonomic}
     uint G1ConcRefinementThreads                  = 8                                         {product} {ergonomic}
   size_t G1HeapRegionSize                         = 1048576                                   {product} {ergonomic}
    uintx GCDrainStackTargetSize                   = 64                                        {product} {ergonomic}
   size_t InitialHeapSize                          = 132120576                                 {product} {ergonomic}
   size_t MarkStackSize                            = 4194304                                   {product} {ergonomic}
   size_t MaxHeapSize                              = 2147483648                                {product} {command line}
   size_t MaxNewSize                               = 1287651328                                {product} {ergonomic}
   size_t MinHeapDeltaBytes                        = 1048576                                   {product} {ergonomic}
    uintx NonNMethodCodeHeapSize                   = 5836300                                {pd product} {ergonomic}
    uintx NonProfiledCodeHeapSize                  = 122910970                              {pd product} {ergonomic}
    uintx ProfiledCodeHeapSize                     = 122910970                              {pd product} {ergonomic}
    uintx ReservedCodeCacheSize                    = 251658240                              {pd product} {ergonomic}
     bool SegmentedCodeCache                       = true                                      {product} {ergonomic}
     bool UseCompressedClassPointers               = true                                 {lp64_product} {ergonomic}
     bool UseCompressedOops                        = true                                 {lp64_product} {ergonomic}
     bool UseG1GC                                  = true                                      {product} {ergonomic}
     bool UseLargePagesIndividualAllocation        = false                                  {pd product} {ergonomic}

Logging:
Log output configuration:
 #0: stdout all=warning uptime,level,tags
 #1: stderr all=off uptime,level,tags

Environment Variables:
PATH=C:\Program Files (x86)\Common Files\Oracle\Java\javapath;C:\WINDOWS\system32;C:\WINDOWS;C:\WINDOWS\System32\Wbem;C:\WINDOWS\System32\WindowsPowerShell\v1.0\;C:\WINDOWS\System32\OpenSSH\;C:\Program Files\Git\cmd;C:\Program Files\nodejs\;C:\xampp\php;C:\ProgramData\ComposerSetup\bin;C:\Users\xpmkm\AppData\Local\Android\Sdk\platform-tools;C:\Program Files\Java\jdk1.8.0_231\bin;C:\Program Files\opnsl\bin;C:\Users\xpmkm\AppData\Roaming\npm;C:\Users\xpmkm\AppData\Local\Programs\Microsoft VS Code\bin;C:\Program Files\flutter\bin;C:\Users\xpmkm\AppData\Roaming\Composer\vendor\bin;C:\Users\xpmkm\AppData\Local\Microsoft\WindowsApps;
USERNAME=xpmkm
OS=Windows_NT
PROCESSOR_IDENTIFIER=AMD64 Family 23 Model 24 Stepping 1, AuthenticAMD



---------------  S Y S T E M  ---------------

OS: Windows 10 , 64 bit Build 22471 (10.0.22471.1000)
OS uptime: 0 days 0:26 hours

CPU:total 8 (initial active 8) (8 cores per cpu, 2 threads per core) family 23 model 24 stepping 1 microcode 0x0, cmov, cx8, fxsr, mmx, sse, sse2, sse3, ssse3, sse4.1, sse4.2, popcnt, avx, avx2, aes, clmul, mmxext, 3dnowpref, lzcnt, sse4a, ht, tsc, tscinvbit, tscinv, bmi1, bmi2, adx, s

Memory: 4k page, system-wide physical 8002M (549M free)
TotalPageFile size 12098M (AvailPageFile size 37M)
current process WorkingSet (physical memory assigned to process): 460M, peak: 460M
current process commit charge ("private bytes"): 495M, peak: 534M

vm_info: OpenJDK 64-Bit Server VM (11.0.10+0-b96-7249189) for windows-amd64 JRE (11.0.10+0-b96-7249189), built on Mar 31 2021 21:44:00 by "builder" with MS VC++ 14.0 (VS2015)

END.
