#
# There is insufficient memory for the Java Runtime Environment to continue.
# Native memory allocation (mmap) failed to map 147849216 bytes for Failed to commit area from 0x0000000090e00000 to 0x0000000099b00000 of length 147849216.
# Possible reasons:
#   The system is out of physical RAM or swap space
#   The process is running with CompressedOops enabled, and the Java Heap may be blocking the growth of the native heap
# Possible solutions:
#   Reduce memory load on the system
#   Increase physical memory or swap space
#   Check if swap backing store is full
#   Decrease Java heap size (-Xmx/-Xms)
#   Decrease number of Java threads
#   Decrease Java thread stack sizes (-Xss)
#   Set larger code cache with -XX:ReservedCodeCacheSize=
#   JVM is running with Unscaled Compressed Oops mode in which the Java heap is
#     placed in the first 4GB address space. The Java Heap base address is the
#     maximum limit for the native heap growth. Please use -XX:HeapBaseMinAddress
#     to set the Java Heap base and to place the Java Heap above 4GB virtual address.
# This output file may be truncated or incomplete.
#
#  Out of Memory Error (./src/hotspot/os/windows/os_windows.cpp:3301), pid=16020, tid=804
#
# JRE version: OpenJDK Runtime Environment (11.0.10) (build 11.0.10+0-b96-7249189)
# Java VM: OpenJDK 64-Bit Server VM (11.0.10+0-b96-7249189, mixed mode, tiered, compressed oops, g1 gc, windows-amd64)
# No core dump will be written. Minidumps are not enabled by default on client versions of Windows
#

---------------  S U M M A R Y ------------

Command Line: --add-opens=java.base/java.util=ALL-UNNAMED --add-opens=java.base/java.lang=ALL-UNNAMED --add-opens=java.base/java.lang.invoke=ALL-UNNAMED --add-opens=java.base/java.util=ALL-UNNAMED --add-opens=java.prefs/java.util.prefs=ALL-UNNAMED --add-opens=java.prefs/java.util.prefs=ALL-UNNAMED --add-opens=java.base/java.nio.charset=ALL-UNNAMED --add-opens=java.base/java.net=ALL-UNNAMED --add-opens=java.base/java.util.concurrent.atomic=ALL-UNNAMED -Xmx2048m -Dfile.encoding=UTF-8 -Duser.country=IN -Duser.language=en -Duser.variant org.gradle.launcher.daemon.bootstrap.GradleDaemon 7.0.2

Host: AMD Ryzen 5 3550H with Radeon Vega Mobile Gfx  , 8 cores, 7G,  Windows 10 , 64 bit Build 22471 (10.0.22471.1000)
Time: Fri Oct  8 13:23:16 2021 India Standard Time elapsed time: 18.478002 seconds (0d 0h 0m 18s)

---------------  T H R E A D  ---------------

Current thread (0x0000020082a58000):  VMThread "VM Thread" [stack: 0x0000003df6300000,0x0000003df6400000] [id=804]

Stack: [0x0000003df6300000,0x0000003df6400000]
[error occurred during error reporting (printing stack bounds), id 0xc0000005, EXCEPTION_ACCESS_VIOLATION (0xc0000005) at pc=0x00000200ec080f2d]

Native frames: (J=compiled Java code, j=interpreted, Vv=VM code, C=native code)
V  [jvm.dll+0x5ecfaa]
V  [jvm.dll+0x722bd5]
V  [jvm.dll+0x72412d]
V  [jvm.dll+0x724745]
V  [jvm.dll+0x7246fb]
V  [jvm.dll+0x5ec348]
V  [jvm.dll+0x5ecad8]
C  [ntdll.dll+0xa623f]
C  [ntdll.dll+0x65ea9]
C  [ntdll.dll+0xa522e]
C  0x00000200ec080f2d

VM_Operation (0x0000003dfb6fe7a0): G1CollectForAllocation, mode: safepoint, requested by thread 0x000002008c11b800


---------------  P R O C E S S  ---------------

Threads class SMR info:
_java_thread_list=0x000002008ea44ad0, length=81, elements={
0x00000200e8595000, 0x0000020082a5a000, 0x0000020082a5d000, 0x00000200833d2800,
0x00000200833d5800, 0x00000200833d7800, 0x00000200833dc000, 0x00000200833e1000,
0x0000020082a78800, 0x000002008353c800, 0x0000020085367800, 0x000002008447c800,
0x0000020085e9e800, 0x0000020084493800, 0x0000020084c39000, 0x0000020084c4c800,
0x00000200852aa000, 0x00000200848b7800, 0x00000200856e3800, 0x0000020085abc800,
0x0000020085abb000, 0x0000020085abc000, 0x0000020085abd800, 0x0000020085b82800,
0x0000020085b7c800, 0x0000020085b81800, 0x0000020085b83000, 0x0000020085b81000,
0x0000020085b7f000, 0x0000020085b7d800, 0x0000020085b85800, 0x0000020085b85000,
0x0000020085b80000, 0x0000020085b8a000, 0x0000020085b87800, 0x0000020085b89000,
0x0000020085b8a800, 0x0000020085b8b800, 0x000002008a03c800, 0x000002008a03a000,
0x000002008a03d000, 0x000002008a03e000, 0x000002008a039000, 0x000002008a03f000,
0x000002008a03b800, 0x000002008a03f800, 0x000002008a040800, 0x000002008a03a800,
0x000002008a043800, 0x000002008a044800, 0x000002008a047800, 0x000002008a042000,
0x000002008a043000, 0x000002008a045800, 0x000002008a046000, 0x000002008c115800,
0x000002008c115000, 0x000002008c116800, 0x000002008c114000, 0x00000200856f1800,
0x0000020088864800, 0x000002008c110800, 0x000002008c117000, 0x000002008c111800,
0x000002008c112800, 0x000002008c118000, 0x000002008c119000, 0x000002008c113000,
0x000002008c11e000, 0x000002008c11e800, 0x000002008c11f800, 0x000002008c11c000,
0x000002008c119800, 0x000002008c11a800, 0x000002008c11b800, 0x000002008c11d000,
0x000002008e3b6000, 0x000002008e3b2800, 0x000002008e3b4000, 0x000002008e3b5000,
0x000002008e3b0000
}

Java Threads: ( => current thread )
  0x00000200e8595000 JavaThread "main" [_thread_blocked, id=14192, stack(0x0000003df5d00000,0x0000003df5e00000)]
  0x0000020082a5a000 JavaThread "Reference Handler" daemon [_thread_blocked, id=16356, stack(0x0000003df6400000,0x0000003df6500000)]
  0x0000020082a5d000 JavaThread "Finalizer" daemon [_thread_blocked, id=7084, stack(0x0000003df6500000,0x0000003df6600000)]
  0x00000200833d2800 JavaThread "Signal Dispatcher" daemon [_thread_blocked, id=8808, stack(0x0000003df6600000,0x0000003df6700000)]
  0x00000200833d5800 JavaThread "Attach Listener" daemon [_thread_blocked, id=6876, stack(0x0000003df6700000,0x0000003df6800000)]
  0x00000200833d7800 JavaThread "Service Thread" daemon [_thread_blocked, id=6936, stack(0x0000003df6800000,0x0000003df6900000)]
  0x00000200833dc000 JavaThread "C2 CompilerThread0" daemon [_thread_in_native, id=9084, stack(0x0000003df6900000,0x0000003df6a00000)]
  0x00000200833e1000 JavaThread "C1 CompilerThread0" daemon [_thread_blocked, id=1868, stack(0x0000003df6a00000,0x0000003df6b00000)]
  0x0000020082a78800 JavaThread "Sweeper thread" daemon [_thread_blocked, id=6672, stack(0x0000003df6b00000,0x0000003df6c00000)]
  0x000002008353c800 JavaThread "Common-Cleaner" daemon [_thread_blocked, id=11624, stack(0x0000003df6c00000,0x0000003df6d00000)]
  0x0000020085367800 JavaThread "Daemon health stats" [_thread_blocked, id=2052, stack(0x0000003df7200000,0x0000003df7300000)]
  0x000002008447c800 JavaThread "Incoming local TCP Connector on port 60846" [_thread_in_native, id=2536, stack(0x0000003df6e00000,0x0000003df6f00000)]
  0x0000020085e9e800 JavaThread "Daemon periodic checks" [_thread_blocked, id=6852, stack(0x0000003df7300000,0x0000003df7400000)]
  0x0000020084493800 JavaThread "Daemon" [_thread_blocked, id=16032, stack(0x0000003df7400000,0x0000003df7500000)]
  0x0000020084c39000 JavaThread "Handler for socket connection from /127.0.0.1:60846 to /127.0.0.1:60847" [_thread_in_native, id=3216, stack(0x0000003df7500000,0x0000003df7600000)]
  0x0000020084c4c800 JavaThread "Cancel handler" [_thread_blocked, id=11720, stack(0x0000003df7600000,0x0000003df7700000)]
  0x00000200852aa000 JavaThread "Daemon worker" [_thread_blocked, id=15688, stack(0x0000003df7700000,0x0000003df7800000)]
  0x00000200848b7800 JavaThread "Asynchronous log dispatcher for DefaultDaemonConnection: socket connection from /127.0.0.1:60846 to /127.0.0.1:60847" [_thread_blocked, id=5800, stack(0x0000003df7800000,0x0000003df7900000)]
  0x00000200856e3800 JavaThread "Stdin handler" [_thread_blocked, id=11788, stack(0x0000003df7900000,0x0000003df7a00000)]
  0x0000020085abc800 JavaThread "Daemon client event forwarder" [_thread_blocked, id=3768, stack(0x0000003df7a00000,0x0000003df7b00000)]
  0x0000020085abb000 JavaThread "Cache worker for file hash cache (C:\Users\xpmkm\.gradle\caches\7.0.2\fileHashes)" [_thread_blocked, id=13116, stack(0x0000003df8000000,0x0000003df8100000)]
  0x0000020085abc000 JavaThread "File lock request listener" [_thread_in_native, id=14828, stack(0x0000003df8100000,0x0000003df8200000)]
  0x0000020085abd800 JavaThread "Cache worker for journal cache (C:\Users\xpmkm\.gradle\caches\journal-1)" [_thread_blocked, id=9852, stack(0x0000003df8300000,0x0000003df8400000)]
  0x0000020085b82800 JavaThread "Cache worker for file hash cache (C:\Users\xpmkm\Desktop\update_code_vezilla-server\codecanyon-L2GSbXtH-dairy-products-grocery-daily-milk-delivery-mobile-app-with-subscription-customer-app-delivery\test-vezilla-android-workspace\.gradle\7.0.2\fileHashes)" [_thread_blocked, id=14020, stack(0x0000003df8400000,0x0000003df8500000)]
  0x0000020085b7c800 JavaThread "File watcher server" daemon [_thread_blocked, id=5364, stack(0x0000003df8500000,0x0000003df8600000)]
  0x0000020085b81800 JavaThread "File watcher consumer" daemon [_thread_blocked, id=8700, stack(0x0000003df8600000,0x0000003df8700000)]
  0x0000020085b83000 JavaThread "Cache worker for checksums cache (C:\Users\xpmkm\Desktop\update_code_vezilla-server\codecanyon-L2GSbXtH-dairy-products-grocery-daily-milk-delivery-mobile-app-with-subscription-customer-app-delivery\test-vezilla-android-workspace\.gradle\checksums)" [_thread_blocked, id=8696, stack(0x0000003df8700000,0x0000003df8800000)]
  0x0000020085b81000 JavaThread "Cache worker for cache directory md-supplier (C:\Users\xpmkm\.gradle\caches\7.0.2\md-supplier)" [_thread_blocked, id=16240, stack(0x0000003df8800000,0x0000003df8900000)]
  0x0000020085b7f000 JavaThread "Cache worker for cache directory md-rule (C:\Users\xpmkm\.gradle\caches\7.0.2\md-rule)" [_thread_blocked, id=308, stack(0x0000003df8900000,0x0000003df8a00000)]
  0x0000020085b7d800 JavaThread "Cache worker for execution history cache (C:\Users\xpmkm\.gradle\caches\7.0.2\executionHistory)" [_thread_blocked, id=7116, stack(0x0000003df8b00000,0x0000003df8c00000)]
  0x0000020085b85800 JavaThread "jar transforms" [_thread_blocked, id=12196, stack(0x0000003df8c00000,0x0000003df8d00000)]
  0x0000020085b85000 JavaThread "jar transforms Thread 2" [_thread_blocked, id=11056, stack(0x0000003df8d00000,0x0000003df8e00000)]
  0x0000020085b80000 JavaThread "Cache worker for file content cache (C:\Users\xpmkm\.gradle\caches\7.0.2\fileContent)" [_thread_blocked, id=8516, stack(0x0000003df8e00000,0x0000003df8f00000)]
  0x0000020085b8a000 JavaThread "Cache worker for dependencies-accessors (C:\Users\xpmkm\Desktop\update_code_vezilla-server\codecanyon-L2GSbXtH-dairy-products-grocery-daily-milk-delivery-mobile-app-with-subscription-customer-app-delivery\test-vezilla-android-workspace\.gradle\7.0.2\dependencies-accessors)" [_thread_blocked, id=2252, stack(0x0000003df8f00000,0x0000003df9000000)]
  0x0000020085b87800 JavaThread "jar transforms Thread 3" [_thread_blocked, id=16264, stack(0x0000003df9000000,0x0000003df9100000)]
  0x0000020085b89000 JavaThread "Cache worker for Build Output Cleanup Cache (C:\Users\xpmkm\Desktop\update_code_vezilla-server\codecanyon-L2GSbXtH-dairy-products-grocery-daily-milk-delivery-mobile-app-with-subscription-customer-app-delivery\test-vezilla-android-workspace\.gradle\buildOutputCleanup)" [_thread_blocked, id=11636, stack(0x0000003df9100000,0x0000003df9200000)]
  0x0000020085b8a800 JavaThread "Build operations" [_thread_blocked, id=1952, stack(0x0000003df9200000,0x0000003df9300000)]
  0x0000020085b8b800 JavaThread "Build operations Thread 2" [_thread_blocked, id=8204, stack(0x0000003df9300000,0x0000003df9400000)]
  0x000002008a03c800 JavaThread "Build operations Thread 3" [_thread_blocked, id=2936, stack(0x0000003df9400000,0x0000003df9500000)]
  0x000002008a03a000 JavaThread "Build operations Thread 4" [_thread_blocked, id=7676, stack(0x0000003df9500000,0x0000003df9600000)]
  0x000002008a03d000 JavaThread "Build operations Thread 5" [_thread_blocked, id=14780, stack(0x0000003df9600000,0x0000003df9700000)]
  0x000002008a03e000 JavaThread "Build operations Thread 6" [_thread_blocked, id=15616, stack(0x0000003df9700000,0x0000003df9800000)]
  0x000002008a039000 JavaThread "Build operations Thread 7" [_thread_blocked, id=1968, stack(0x0000003df9800000,0x0000003df9900000)]
  0x000002008a03f000 JavaThread "Build operations Thread 8" [_thread_blocked, id=3052, stack(0x0000003df9900000,0x0000003df9a00000)]
  0x000002008a03b800 JavaThread "jar transforms Thread 4" [_thread_blocked, id=12892, stack(0x0000003df9a00000,0x0000003df9b00000)]
  0x000002008a03f800 JavaThread "jar transforms Thread 5" [_thread_blocked, id=16164, stack(0x0000003df9b00000,0x0000003df9c00000)]
  0x000002008a040800 JavaThread "jar transforms Thread 6" [_thread_blocked, id=7048, stack(0x0000003df9c00000,0x0000003df9d00000)]
  0x000002008a03a800 JavaThread "jar transforms Thread 7" [_thread_blocked, id=4624, stack(0x0000003df9d00000,0x0000003df9e00000)]
  0x000002008a043800 JavaThread "jar transforms Thread 8" [_thread_blocked, id=10324, stack(0x0000003df9e00000,0x0000003df9f00000)]
  0x000002008a044800 JavaThread "Memory manager" [_thread_blocked, id=15296, stack(0x0000003df9f00000,0x0000003dfa000000)]
  0x000002008a047800 JavaThread "build event listener" [_thread_blocked, id=1268, stack(0x0000003dfa000000,0x0000003dfa100000)]
  0x000002008a042000 JavaThread "Execution worker for ':'" [_thread_blocked, id=15164, stack(0x0000003dfa100000,0x0000003dfa200000)]
  0x000002008a043000 JavaThread "Execution worker for ':' Thread 2" [_thread_blocked, id=11124, stack(0x0000003dfa200000,0x0000003dfa300000)]
  0x000002008a045800 JavaThread "Execution worker for ':' Thread 3" [_thread_blocked, id=16320, stack(0x0000003dfa300000,0x0000003dfa400000)]
  0x000002008a046000 JavaThread "Execution worker for ':' Thread 4" [_thread_blocked, id=8408, stack(0x0000003dfa400000,0x0000003dfa500000)]
  0x000002008c115800 JavaThread "Execution worker for ':' Thread 5" [_thread_blocked, id=8664, stack(0x0000003dfa500000,0x0000003dfa600000)]
  0x000002008c115000 JavaThread "Execution worker for ':' Thread 6" [_thread_blocked, id=1616, stack(0x0000003dfa600000,0x0000003dfa700000)]
  0x000002008c116800 JavaThread "Execution worker for ':' Thread 7" [_thread_blocked, id=15980, stack(0x0000003dfa700000,0x0000003dfa800000)]
  0x000002008c114000 JavaThread "Cache worker for execution history cache (C:\Users\xpmkm\Desktop\update_code_vezilla-server\codecanyon-L2GSbXtH-dairy-products-grocery-daily-milk-delivery-mobile-app-with-subscription-customer-app-delivery\test-vezilla-android-workspace\.gradle\7.0.2\executionHistory)" [_thread_blocked, id=14732, stack(0x0000003dfa800000,0x0000003dfa900000)]
  0x00000200856f1800 JavaThread "C2 CompilerThread1" daemon [_thread_blocked, id=14132, stack(0x0000003df7100000,0x0000003df7200000)]
  0x0000020088864800 JavaThread "C2 CompilerThread2" daemon [_thread_blocked, id=14388, stack(0x0000003df8a00000,0x0000003df8b00000)]
  0x000002008c110800 JavaThread "WorkerExecutor Queue" [_thread_blocked, id=1864, stack(0x0000003dfa900000,0x0000003dfaa00000)]
  0x000002008c117000 JavaThread "WorkerExecutor Queue Thread 2" [_thread_blocked, id=6016, stack(0x0000003dfaa00000,0x0000003dfab00000)]
  0x000002008c111800 JavaThread "WorkerExecutor Queue Thread 3" [_thread_blocked, id=2960, stack(0x0000003dfab00000,0x0000003dfac00000)]
  0x000002008c112800 JavaThread "WorkerExecutor Queue Thread 4" [_thread_blocked, id=8376, stack(0x0000003dfac00000,0x0000003dfad00000)]
  0x000002008c118000 JavaThread "WorkerExecutor Queue Thread 5" [_thread_blocked, id=8748, stack(0x0000003dfad00000,0x0000003dfae00000)]
  0x000002008c119000 JavaThread "WorkerExecutor Queue Thread 6" [_thread_blocked, id=6388, stack(0x0000003dfae00000,0x0000003dfaf00000)]
  0x000002008c113000 JavaThread "WorkerExecutor Queue Thread 7" [_thread_blocked, id=10280, stack(0x0000003dfaf00000,0x0000003dfb000000)]
  0x000002008c11e000 JavaThread "WorkerExecutor Queue Thread 8" [_thread_blocked, id=2592, stack(0x0000003dfb000000,0x0000003dfb100000)]
  0x000002008c11e800 JavaThread "WorkerExecutor Queue Thread 9" [_thread_blocked, id=6856, stack(0x0000003dfb100000,0x0000003dfb200000)]
  0x000002008c11f800 JavaThread "pool-3-thread-1" [_thread_blocked, id=11860, stack(0x0000003dfb200000,0x0000003dfb300000)]
  0x000002008c11c000 JavaThread "stderr" [_thread_in_native, id=14128, stack(0x0000003dfb300000,0x0000003dfb400000)]
  0x000002008c119800 JavaThread "stdout" [_thread_in_native, id=6568, stack(0x0000003dfb400000,0x0000003dfb500000)]
  0x000002008c11a800 JavaThread "ForkJoinPool-1-worker-3" daemon [_thread_blocked, id=15956, stack(0x0000003dfb500000,0x0000003dfb600000)]
  0x000002008c11b800 JavaThread "ForkJoinPool-1-worker-5" daemon [_thread_blocked, id=8548, stack(0x0000003dfb600000,0x0000003dfb700000)]
  0x000002008c11d000 JavaThread "ForkJoinPool-1-worker-7" daemon [_thread_blocked, id=8804, stack(0x0000003dfb700000,0x0000003dfb800000)]
  0x000002008e3b6000 JavaThread "ForkJoinPool-1-worker-9" daemon [_thread_blocked, id=5676, stack(0x0000003dfb800000,0x0000003dfb900000)]
  0x000002008e3b2800 JavaThread "ForkJoinPool-1-worker-11" daemon [_thread_blocked, id=6292, stack(0x0000003dfb900000,0x0000003dfba00000)]
  0x000002008e3b4000 JavaThread "ForkJoinPool-1-worker-13" daemon [_thread_blocked, id=3244, stack(0x0000003dfba00000,0x0000003dfbb00000)]
  0x000002008e3b5000 JavaThread "ForkJoinPool-1-worker-15" daemon [_thread_blocked, id=15144, stack(0x0000003dfbb00000,0x0000003dfbc00000)]
  0x000002008e3b0000 JavaThread "ForkJoinPool-1-worker-1" daemon [_thread_blocked, id=1176, stack(0x0000003dfbc00000,0x0000003dfbd00000)]

Other Threads:
=>0x0000020082a58000 VMThread "VM Thread" [stack: 0x0000003df6300000,0x0000003df6400000] [id=804]
  0x0000020083550800 WatcherThread [stack: 0x0000003df6d00000,0x0000003df6e00000] [id=12308]
  0x00000200e85af800 GCTaskThread "GC Thread#0" [stack: 0x0000003df5e00000,0x0000003df5f00000] [id=7052]
  0x00000200835bf800 GCTaskThread "GC Thread#1" [stack: 0x0000003df6f00000,0x0000003df7000000] [id=8992]
  0x00000200835c3800 GCTaskThread "GC Thread#2" [stack: 0x0000003df7000000,0x0000003df7100000] [id=8612]
  0x00000200835bf000 GCTaskThread "GC Thread#3" [stack: 0x0000003df7b00000,0x0000003df7c00000] [id=8592]
  0x00000200835c1000 GCTaskThread "GC Thread#4" [stack: 0x0000003df7c00000,0x0000003df7d00000] [id=3888]
  0x00000200835c4000 GCTaskThread "GC Thread#5" [stack: 0x0000003df7d00000,0x0000003df7e00000] [id=15044]
  0x00000200835c0800 GCTaskThread "GC Thread#6" [stack: 0x0000003df7e00000,0x0000003df7f00000] [id=12244]
  0x00000200835c5000 GCTaskThread "GC Thread#7" [stack: 0x0000003df7f00000,0x0000003df8000000] [id=12656]
  0x00000200e85e2800 ConcurrentGCThread "G1 Main Marker" [stack: 0x0000003df5f00000,0x0000003df6000000] [id=12124]
  0x00000200e85e4800 ConcurrentGCThread "G1 Conc#0" [stack: 0x0000003df6000000,0x0000003df6100000] [id=5356]
  0x00000200835c2000 ConcurrentGCThread "G1 Conc#1" [stack: 0x0000003df8200000,0x0000003df8300000] [id=11804]
  0x00000200e866e800 ConcurrentGCThread "G1 Refine#0" [stack: 0x0000003df6100000,0x0000003df6200000] [id=6700]
  0x0000020084468000 ConcurrentGCThread "G1 Refine#1" [stack: 0x0000003dfbd00000,0x0000003dfbe00000] [id=2644]
  0x0000020084935000 ConcurrentGCThread "G1 Refine#2" [stack: 0x0000003dfbe00000,0x0000003dfbf00000] [id=2088]
  0x000002008a9b1800 ConcurrentGCThread "G1 Refine#3" [stack: 0x0000003dfbf00000,0x0000003dfc000000] [id=14680]
  0x0000020089171000 ConcurrentGCThread "G1 Refine#4" [stack: 0x0000003dfc000000,0x0000003dfc100000] [id=4248]
  0x00000200828a7800 ConcurrentGCThread "G1 Young RemSet Sampling" [stack: 0x0000003df6200000,0x0000003df6300000] [id=5036]

Threads with active compile tasks:
C2 CompilerThread0  18493 13271       4       com.android.tools.r8.code.w1::a (4137 bytes)
C1 CompilerThread0  18493 13615       2       com.android.tools.r8.code.t3::<init> (7 bytes)
C2 CompilerThread1  18493 13611       4       com.android.tools.r8.graph.X::g (62 bytes)
C2 CompilerThread2  18493 13356       4       com.android.tools.r8.code.V0::<init> (84 bytes)

VM state:at safepoint (normal execution)

VM Mutex/Monitor currently owned by a thread:  ([mutex/lock_event])
[0x00000200e8591f60] Threads_lock - owner thread: 0x0000020082a58000
[0x00000200e8590a90] Heap_lock - owner thread: 0x000002008c11b800

Heap address: 0x0000000080000000, size: 2048 MB, Compressed Oops mode: 32-bit
Narrow klass base: 0x0000000000000000, Narrow klass shift: 3
Compressed class space size: 1073741824 Address: 0x0000000100000000

Heap:
 garbage-first heap   total 420864K, used 212991K [0x0000000080000000, 0x0000000100000000)
  region size 1024K, 4 young (4096K), 4 survivors (4096K)
 Metaspace       used 95111K, capacity 97880K, committed 98176K, reserved 1134592K
  class space    used 12365K, capacity 13412K, committed 13516K, reserved 1048576K
Heap Regions: E=young(eden), S=young(survivor), O=old, HS=humongous(starts), HC=humongous(continues), CS=collection set, F=free, A=archive, TAMS=top-at-mark-start (previous, next)
|   0|0x0000000080000000, 0x0000000080100000, 0x0000000080100000|100%| O|  |TAMS 0x0000000080100000, 0x0000000080100000| Untracked 
|   1|0x0000000080100000, 0x0000000080200000, 0x0000000080200000|100%| O|  |TAMS 0x0000000080200000, 0x0000000080200000| Untracked 
|   2|0x0000000080200000, 0x0000000080300000, 0x0000000080300000|100%| O|  |TAMS 0x0000000080300000, 0x0000000080300000| Untracked 
|   3|0x0000000080300000, 0x0000000080400000, 0x0000000080400000|100%|HS|  |TAMS 0x0000000080400000, 0x0000000080400000| Complete 
|   4|0x0000000080400000, 0x0000000080500000, 0x0000000080500000|100%|HC|  |TAMS 0x0000000080500000, 0x0000000080500000| Complete 
|   5|0x0000000080500000, 0x0000000080600000, 0x0000000080600000|100%|HC|  |TAMS 0x0000000080600000, 0x0000000080600000| Complete 
|   6|0x0000000080600000, 0x0000000080700000, 0x0000000080700000|100%| O|  |TAMS 0x0000000080700000, 0x0000000080700000| Untracked 
|   7|0x0000000080700000, 0x0000000080800000, 0x0000000080800000|100%| O|  |TAMS 0x0000000080800000, 0x0000000080800000| Untracked 
|   8|0x0000000080800000, 0x0000000080900000, 0x0000000080900000|100%| O|  |TAMS 0x0000000080900000, 0x0000000080900000| Untracked 
|   9|0x0000000080900000, 0x0000000080a00000, 0x0000000080a00000|100%| O|  |TAMS 0x0000000080a00000, 0x0000000080a00000| Untracked 
|  10|0x0000000080a00000, 0x0000000080b00000, 0x0000000080b00000|100%| O|  |TAMS 0x0000000080b00000, 0x0000000080b00000| Untracked 
|  11|0x0000000080b00000, 0x0000000080c00000, 0x0000000080c00000|100%| O|  |TAMS 0x0000000080c00000, 0x0000000080c00000| Untracked 
|  12|0x0000000080c00000, 0x0000000080d00000, 0x0000000080d00000|100%| O|  |TAMS 0x0000000080d00000, 0x0000000080d00000| Untracked 
|  13|0x0000000080d00000, 0x0000000080e00000, 0x0000000080e00000|100%| O|  |TAMS 0x0000000080e00000, 0x0000000080e00000| Untracked 
|  14|0x0000000080e00000, 0x0000000080f00000, 0x0000000080f00000|100%| O|  |TAMS 0x0000000080f00000, 0x0000000080f00000| Untracked 
|  15|0x0000000080f00000, 0x0000000081000000, 0x0000000081000000|100%| O|  |TAMS 0x0000000081000000, 0x0000000081000000| Untracked 
|  16|0x0000000081000000, 0x0000000081100000, 0x0000000081100000|100%| O|  |TAMS 0x0000000081100000, 0x0000000081100000| Untracked 
|  17|0x0000000081100000, 0x0000000081200000, 0x0000000081200000|100%|HS|  |TAMS 0x0000000081200000, 0x0000000081200000| Complete 
|  18|0x0000000081200000, 0x0000000081300000, 0x0000000081300000|100%| O|  |TAMS 0x0000000081300000, 0x0000000081300000| Untracked 
|  19|0x0000000081300000, 0x0000000081400000, 0x0000000081400000|100%| O|  |TAMS 0x0000000081400000, 0x0000000081400000| Untracked 
|  20|0x0000000081400000, 0x0000000081500000, 0x0000000081500000|100%| O|  |TAMS 0x0000000081500000, 0x0000000081500000| Untracked 
|  21|0x0000000081500000, 0x0000000081600000, 0x0000000081600000|100%| O|  |TAMS 0x0000000081600000, 0x0000000081600000| Untracked 
|  22|0x0000000081600000, 0x0000000081700000, 0x0000000081700000|100%| O|  |TAMS 0x0000000081700000, 0x0000000081700000| Untracked 
|  23|0x0000000081700000, 0x0000000081800000, 0x0000000081800000|100%| O|  |TAMS 0x0000000081800000, 0x0000000081800000| Untracked 
|  24|0x0000000081800000, 0x0000000081900000, 0x0000000081900000|100%|HS|  |TAMS 0x0000000081900000, 0x0000000081900000| Complete 
|  25|0x0000000081900000, 0x0000000081a00000, 0x0000000081a00000|100%| O|  |TAMS 0x0000000081a00000, 0x0000000081a00000| Untracked 
|  26|0x0000000081a00000, 0x0000000081b00000, 0x0000000081b00000|100%| O|  |TAMS 0x0000000081b00000, 0x0000000081b00000| Untracked 
|  27|0x0000000081b00000, 0x0000000081c00000, 0x0000000081c00000|100%| O|  |TAMS 0x0000000081c00000, 0x0000000081c00000| Untracked 
|  28|0x0000000081c00000, 0x0000000081d00000, 0x0000000081d00000|100%| O|  |TAMS 0x0000000081d00000, 0x0000000081d00000| Untracked 
|  29|0x0000000081d00000, 0x0000000081e00000, 0x0000000081e00000|100%|HS|  |TAMS 0x0000000081e00000, 0x0000000081e00000| Complete 
|  30|0x0000000081e00000, 0x0000000081f00000, 0x0000000081f00000|100%|HC|  |TAMS 0x0000000081f00000, 0x0000000081f00000| Complete 
|  31|0x0000000081f00000, 0x0000000082000000, 0x0000000082000000|100%| O|  |TAMS 0x0000000082000000, 0x0000000082000000| Untracked 
|  32|0x0000000082000000, 0x0000000082100000, 0x0000000082100000|100%| O|  |TAMS 0x0000000082100000, 0x0000000082100000| Untracked 
|  33|0x0000000082100000, 0x0000000082200000, 0x0000000082200000|100%| O|  |TAMS 0x0000000082200000, 0x0000000082200000| Untracked 
|  34|0x0000000082200000, 0x0000000082300000, 0x0000000082300000|100%| O|  |TAMS 0x0000000082300000, 0x0000000082300000| Untracked 
|  35|0x0000000082300000, 0x0000000082400000, 0x0000000082400000|100%| O|  |TAMS 0x0000000082400000, 0x0000000082400000| Untracked 
|  36|0x0000000082400000, 0x0000000082500000, 0x0000000082500000|100%| O|  |TAMS 0x0000000082500000, 0x0000000082500000| Untracked 
|  37|0x0000000082500000, 0x0000000082600000, 0x0000000082600000|100%| O|  |TAMS 0x0000000082600000, 0x0000000082600000| Untracked 
|  38|0x0000000082600000, 0x0000000082700000, 0x0000000082700000|100%| O|  |TAMS 0x0000000082700000, 0x0000000082700000| Untracked 
|  39|0x0000000082700000, 0x0000000082800000, 0x0000000082800000|100%| O|  |TAMS 0x0000000082800000, 0x0000000082800000| Untracked 
|  40|0x0000000082800000, 0x0000000082900000, 0x0000000082900000|100%| O|  |TAMS 0x0000000082900000, 0x0000000082900000| Untracked 
|  41|0x0000000082900000, 0x0000000082a00000, 0x0000000082a00000|100%| O|  |TAMS 0x0000000082a00000, 0x0000000082a00000| Untracked 
|  42|0x0000000082a00000, 0x0000000082b00000, 0x0000000082b00000|100%| O|  |TAMS 0x0000000082b00000, 0x0000000082b00000| Untracked 
|  43|0x0000000082b00000, 0x0000000082c00000, 0x0000000082c00000|100%| O|  |TAMS 0x0000000082c00000, 0x0000000082c00000| Untracked 
|  44|0x0000000082c00000, 0x0000000082d00000, 0x0000000082d00000|100%| O|  |TAMS 0x0000000082d00000, 0x0000000082d00000| Untracked 
|  45|0x0000000082d00000, 0x0000000082e00000, 0x0000000082e00000|100%| O|  |TAMS 0x0000000082e00000, 0x0000000082e00000| Untracked 
|  46|0x0000000082e00000, 0x0000000082f00000, 0x0000000082f00000|100%| O|  |TAMS 0x0000000082f00000, 0x0000000082f00000| Untracked 
|  47|0x0000000082f00000, 0x0000000083000000, 0x0000000083000000|100%| O|  |TAMS 0x0000000083000000, 0x0000000083000000| Untracked 
|  48|0x0000000083000000, 0x0000000083100000, 0x0000000083100000|100%| O|  |TAMS 0x0000000083100000, 0x0000000083100000| Untracked 
|  49|0x0000000083100000, 0x0000000083200000, 0x0000000083200000|100%| O|  |TAMS 0x0000000083200000, 0x0000000083200000| Untracked 
|  50|0x0000000083200000, 0x0000000083300000, 0x0000000083300000|100%| O|  |TAMS 0x0000000083300000, 0x0000000083300000| Untracked 
|  51|0x0000000083300000, 0x0000000083400000, 0x0000000083400000|100%| O|  |TAMS 0x0000000083400000, 0x0000000083400000| Untracked 
|  52|0x0000000083400000, 0x0000000083500000, 0x0000000083500000|100%| O|  |TAMS 0x0000000083500000, 0x0000000083500000| Untracked 
|  53|0x0000000083500000, 0x0000000083600000, 0x0000000083600000|100%| O|  |TAMS 0x0000000083600000, 0x0000000083600000| Untracked 
|  54|0x0000000083600000, 0x0000000083700000, 0x0000000083700000|100%| O|  |TAMS 0x0000000083700000, 0x0000000083700000| Untracked 
|  55|0x0000000083700000, 0x0000000083800000, 0x0000000083800000|100%| O|  |TAMS 0x0000000083800000, 0x0000000083800000| Untracked 
|  56|0x0000000083800000, 0x0000000083900000, 0x0000000083900000|100%| O|  |TAMS 0x0000000083900000, 0x0000000083900000| Untracked 
|  57|0x0000000083900000, 0x0000000083a00000, 0x0000000083a00000|100%| O|  |TAMS 0x0000000083a00000, 0x0000000083a00000| Untracked 
|  58|0x0000000083a00000, 0x0000000083b00000, 0x0000000083b00000|100%| O|  |TAMS 0x0000000083b00000, 0x0000000083b00000| Untracked 
|  59|0x0000000083b00000, 0x0000000083c00000, 0x0000000083c00000|100%| O|  |TAMS 0x0000000083c00000, 0x0000000083c00000| Untracked 
|  60|0x0000000083c00000, 0x0000000083d00000, 0x0000000083d00000|100%| O|  |TAMS 0x0000000083d00000, 0x0000000083d00000| Untracked 
|  61|0x0000000083d00000, 0x0000000083e00000, 0x0000000083e00000|100%| O|  |TAMS 0x0000000083e00000, 0x0000000083e00000| Untracked 
|  62|0x0000000083e00000, 0x0000000083f00000, 0x0000000083f00000|100%| O|  |TAMS 0x0000000083f00000, 0x0000000083f00000| Untracked 
|  63|0x0000000083f00000, 0x0000000084000000, 0x0000000084000000|100%| O|  |TAMS 0x0000000084000000, 0x0000000084000000| Untracked 
|  64|0x0000000084000000, 0x0000000084100000, 0x0000000084100000|100%| O|  |TAMS 0x0000000084100000, 0x0000000084100000| Untracked 
|  65|0x0000000084100000, 0x0000000084200000, 0x0000000084200000|100%| O|  |TAMS 0x0000000084200000, 0x0000000084200000| Untracked 
|  66|0x0000000084200000, 0x0000000084300000, 0x0000000084300000|100%| O|  |TAMS 0x0000000084300000, 0x0000000084300000| Untracked 
|  67|0x0000000084300000, 0x0000000084400000, 0x0000000084400000|100%| O|  |TAMS 0x0000000084400000, 0x0000000084400000| Untracked 
|  68|0x0000000084400000, 0x0000000084500000, 0x0000000084500000|100%| O|  |TAMS 0x0000000084500000, 0x0000000084500000| Untracked 
|  69|0x0000000084500000, 0x0000000084600000, 0x0000000084600000|100%| O|  |TAMS 0x0000000084600000, 0x0000000084600000| Untracked 
|  70|0x0000000084600000, 0x0000000084700000, 0x0000000084700000|100%| O|  |TAMS 0x0000000084700000, 0x0000000084700000| Untracked 
|  71|0x0000000084700000, 0x0000000084800000, 0x0000000084800000|100%|HS|  |TAMS 0x0000000084800000, 0x0000000084800000| Complete 
|  72|0x0000000084800000, 0x0000000084900000, 0x0000000084900000|100%| O|  |TAMS 0x0000000084900000, 0x0000000084900000| Untracked 
|  73|0x0000000084900000, 0x0000000084a00000, 0x0000000084a00000|100%| O|  |TAMS 0x0000000084a00000, 0x0000000084a00000| Untracked 
|  74|0x0000000084a00000, 0x0000000084b00000, 0x0000000084b00000|100%| O|  |TAMS 0x0000000084b00000, 0x0000000084b00000| Untracked 
|  75|0x0000000084b00000, 0x0000000084c00000, 0x0000000084c00000|100%| O|  |TAMS 0x0000000084c00000, 0x0000000084c00000| Untracked 
|  76|0x0000000084c00000, 0x0000000084d00000, 0x0000000084d00000|100%| O|  |TAMS 0x0000000084d00000, 0x0000000084d00000| Untracked 
|  77|0x0000000084d00000, 0x0000000084e00000, 0x0000000084e00000|100%| O|  |TAMS 0x0000000084e00000, 0x0000000084e00000| Untracked 
|  78|0x0000000084e00000, 0x0000000084f00000, 0x0000000084f00000|100%| O|  |TAMS 0x0000000084f00000, 0x0000000084f00000| Untracked 
|  79|0x0000000084f00000, 0x0000000085000000, 0x0000000085000000|100%| O|  |TAMS 0x0000000085000000, 0x0000000085000000| Untracked 
|  80|0x0000000085000000, 0x0000000085100000, 0x0000000085100000|100%| O|  |TAMS 0x0000000085100000, 0x0000000085100000| Untracked 
|  81|0x0000000085100000, 0x0000000085200000, 0x0000000085200000|100%| O|  |TAMS 0x0000000085200000, 0x0000000085200000| Untracked 
|  82|0x0000000085200000, 0x0000000085300000, 0x0000000085300000|100%| O|  |TAMS 0x0000000085300000, 0x0000000085300000| Untracked 
|  83|0x0000000085300000, 0x0000000085400000, 0x0000000085400000|100%|HS|  |TAMS 0x0000000085400000, 0x0000000085400000| Complete 
|  84|0x0000000085400000, 0x0000000085500000, 0x0000000085500000|100%|HC|  |TAMS 0x0000000085500000, 0x0000000085500000| Complete 
|  85|0x0000000085500000, 0x0000000085600000, 0x0000000085600000|100%|HS|  |TAMS 0x0000000085600000, 0x0000000085600000| Complete 
|  86|0x0000000085600000, 0x0000000085700000, 0x0000000085700000|100%|HS|  |TAMS 0x0000000085700000, 0x0000000085700000| Complete 
|  87|0x0000000085700000, 0x0000000085800000, 0x0000000085800000|100%|HS|  |TAMS 0x0000000085800000, 0x0000000085800000| Complete 
|  88|0x0000000085800000, 0x0000000085900000, 0x0000000085900000|100%|HS|  |TAMS 0x0000000085800000, 0x0000000085900000| Complete 
|  89|0x0000000085900000, 0x0000000085a00000, 0x0000000085a00000|100%| O|  |TAMS 0x0000000085a00000, 0x0000000085a00000| Untracked 
|  90|0x0000000085a00000, 0x0000000085b00000, 0x0000000085b00000|100%| O|  |TAMS 0x0000000085a00000, 0x0000000085b00000| Untracked 
|  91|0x0000000085b00000, 0x0000000085c00000, 0x0000000085c00000|100%| O|  |TAMS 0x0000000085c00000, 0x0000000085c00000| Untracked 
|  92|0x0000000085c00000, 0x0000000085d00000, 0x0000000085d00000|100%| O|  |TAMS 0x0000000085d00000, 0x0000000085d00000| Untracked 
|  93|0x0000000085d00000, 0x0000000085e00000, 0x0000000085e00000|100%|HS|  |TAMS 0x0000000085e00000, 0x0000000085e00000| Complete 
|  94|0x0000000085e00000, 0x0000000085f00000, 0x0000000085f00000|100%|HS|  |TAMS 0x0000000085f00000, 0x0000000085f00000| Complete 
|  95|0x0000000085f00000, 0x0000000086000000, 0x0000000086000000|100%| O|  |TAMS 0x0000000086000000, 0x0000000086000000| Untracked 
|  96|0x0000000086000000, 0x0000000086100000, 0x0000000086100000|100%|HS|  |TAMS 0x0000000086000000, 0x0000000086100000| Complete 
|  97|0x0000000086100000, 0x0000000086200000, 0x0000000086200000|100%| O|  |TAMS 0x0000000086200000, 0x0000000086200000| Untracked 
|  98|0x0000000086200000, 0x0000000086300000, 0x0000000086300000|100%| O|  |TAMS 0x0000000086300000, 0x0000000086300000| Untracked 
|  99|0x0000000086300000, 0x0000000086400000, 0x0000000086400000|100%| O|  |TAMS 0x0000000086400000, 0x0000000086400000| Untracked 
| 100|0x0000000086400000, 0x0000000086500000, 0x0000000086500000|100%| O|  |TAMS 0x0000000086500000, 0x0000000086500000| Untracked 
| 101|0x0000000086500000, 0x0000000086600000, 0x0000000086600000|100%| O|  |TAMS 0x0000000086600000, 0x0000000086600000| Untracked 
| 102|0x0000000086600000, 0x0000000086700000, 0x0000000086700000|100%| O|  |TAMS 0x0000000086700000, 0x0000000086700000| Untracked 
| 103|0x0000000086700000, 0x0000000086800000, 0x0000000086800000|100%|HS|  |TAMS 0x0000000086800000, 0x0000000086800000| Complete 
| 104|0x0000000086800000, 0x0000000086900000, 0x0000000086900000|100%|HC|  |TAMS 0x0000000086900000, 0x0000000086900000| Complete 
| 105|0x0000000086900000, 0x0000000086a00000, 0x0000000086a00000|100%|HS|  |TAMS 0x0000000086a00000, 0x0000000086a00000| Complete 
| 106|0x0000000086a00000, 0x0000000086b00000, 0x0000000086b00000|100%|HC|  |TAMS 0x0000000086b00000, 0x0000000086b00000| Complete 
| 107|0x0000000086b00000, 0x0000000086c00000, 0x0000000086c00000|100%| O|  |TAMS 0x0000000086c00000, 0x0000000086c00000| Untracked 
| 108|0x0000000086c00000, 0x0000000086d00000, 0x0000000086d00000|100%| O|  |TAMS 0x0000000086d00000, 0x0000000086d00000| Untracked 
| 109|0x0000000086d00000, 0x0000000086e00000, 0x0000000086e00000|100%|HS|  |TAMS 0x0000000086e00000, 0x0000000086e00000| Complete 
| 110|0x0000000086e00000, 0x0000000086f00000, 0x0000000086f00000|100%|HC|  |TAMS 0x0000000086f00000, 0x0000000086f00000| Complete 
| 111|0x0000000086f00000, 0x0000000087000000, 0x0000000087000000|100%|HS|  |TAMS 0x0000000087000000, 0x0000000087000000| Complete 
| 112|0x0000000087000000, 0x0000000087100000, 0x0000000087100000|100%| O|  |TAMS 0x0000000087100000, 0x0000000087100000| Untracked 
| 113|0x0000000087100000, 0x0000000087200000, 0x0000000087200000|100%|HS|  |TAMS 0x0000000087200000, 0x0000000087200000| Complete 
| 114|0x0000000087200000, 0x0000000087300000, 0x0000000087300000|100%| O|  |TAMS 0x0000000087200000, 0x0000000087300000| Untracked 
| 115|0x0000000087300000, 0x0000000087400000, 0x0000000087400000|100%| O|  |TAMS 0x0000000087300000, 0x0000000087400000| Untracked 
| 116|0x0000000087400000, 0x0000000087500000, 0x0000000087500000|100%| O|  |TAMS 0x0000000087400000, 0x0000000087500000| Untracked 
| 117|0x0000000087500000, 0x0000000087600000, 0x0000000087600000|100%| O|  |TAMS 0x0000000087500000, 0x0000000087600000| Untracked 
| 118|0x0000000087600000, 0x0000000087700000, 0x0000000087700000|100%| O|  |TAMS 0x0000000087600000, 0x0000000087700000| Untracked 
| 119|0x0000000087700000, 0x0000000087800000, 0x0000000087800000|100%| O|  |TAMS 0x0000000087800000, 0x0000000087800000| Untracked 
| 120|0x0000000087800000, 0x0000000087900000, 0x0000000087900000|100%| O|  |TAMS 0x0000000087800000, 0x0000000087900000| Untracked 
| 121|0x0000000087900000, 0x0000000087a00000, 0x0000000087a00000|100%|HS|  |TAMS 0x0000000087a00000, 0x0000000087a00000| Complete 
| 122|0x0000000087a00000, 0x0000000087b00000, 0x0000000087b00000|100%| O|  |TAMS 0x0000000087b00000, 0x0000000087b00000| Untracked 
| 123|0x0000000087b00000, 0x0000000087c00000, 0x0000000087c00000|100%|HS|  |TAMS 0x0000000087c00000, 0x0000000087c00000| Complete 
| 124|0x0000000087c00000, 0x0000000087d00000, 0x0000000087d00000|100%| O|  |TAMS 0x0000000087d00000, 0x0000000087d00000| Untracked 
| 125|0x0000000087d00000, 0x0000000087e00000, 0x0000000087e00000|100%|HS|  |TAMS 0x0000000087e00000, 0x0000000087e00000| Complete 
| 126|0x0000000087e00000, 0x0000000087f00000, 0x0000000087f00000|100%| O|  |TAMS 0x0000000087f00000, 0x0000000087f00000| Untracked 
| 127|0x0000000087f00000, 0x0000000088000000, 0x0000000088000000|100%|HS|  |TAMS 0x0000000088000000, 0x0000000088000000| Complete 
| 128|0x0000000088000000, 0x0000000088100000, 0x0000000088100000|100%| O|  |TAMS 0x0000000088100000, 0x0000000088100000| Untracked 
| 129|0x0000000088100000, 0x0000000088200000, 0x0000000088200000|100%| O|  |TAMS 0x0000000088169c00, 0x0000000088200000| Untracked 
| 130|0x0000000088200000, 0x0000000088300000, 0x0000000088300000|100%|HS|  |TAMS 0x0000000088300000, 0x0000000088300000| Complete 
| 131|0x0000000088300000, 0x0000000088400000, 0x0000000088400000|100%|HC|  |TAMS 0x0000000088400000, 0x0000000088400000| Complete 
| 132|0x0000000088400000, 0x0000000088500000, 0x0000000088500000|100%| O|  |TAMS 0x0000000088400000, 0x0000000088500000| Untracked 
| 133|0x0000000088500000, 0x0000000088600000, 0x0000000088600000|100%| O|  |TAMS 0x0000000088500000, 0x0000000088600000| Untracked 
| 134|0x0000000088600000, 0x0000000088700000, 0x0000000088700000|100%|HS|  |TAMS 0x0000000088700000, 0x0000000088700000| Complete 
| 135|0x0000000088700000, 0x0000000088800000, 0x0000000088800000|100%|HC|  |TAMS 0x0000000088800000, 0x0000000088800000| Complete 
| 136|0x0000000088800000, 0x0000000088900000, 0x0000000088900000|100%| O|  |TAMS 0x0000000088900000, 0x0000000088900000| Untracked 
| 137|0x0000000088900000, 0x0000000088a00000, 0x0000000088a00000|100%| O|  |TAMS 0x0000000088a00000, 0x0000000088a00000| Untracked 
| 138|0x0000000088a00000, 0x0000000088b00000, 0x0000000088b00000|100%| O|  |TAMS 0x0000000088b00000, 0x0000000088b00000| Untracked 
| 139|0x0000000088b00000, 0x0000000088c00000, 0x0000000088c00000|100%| O|  |TAMS 0x0000000088c00000, 0x0000000088c00000| Untracked 
| 140|0x0000000088c00000, 0x0000000088d00000, 0x0000000088d00000|100%| O|  |TAMS 0x0000000088d00000, 0x0000000088d00000| Untracked 
| 141|0x0000000088d00000, 0x0000000088e00000, 0x0000000088e00000|100%| O|  |TAMS 0x0000000088e00000, 0x0000000088e00000| Untracked 
| 142|0x0000000088e00000, 0x0000000088f00000, 0x0000000088f00000|100%| O|  |TAMS 0x0000000088f00000, 0x0000000088f00000| Untracked 
| 143|0x0000000088f00000, 0x0000000089000000, 0x0000000089000000|100%| O|  |TAMS 0x0000000089000000, 0x0000000089000000| Untracked 
| 144|0x0000000089000000, 0x0000000089100000, 0x0000000089100000|100%| O|  |TAMS 0x0000000089100000, 0x0000000089100000| Untracked 
| 145|0x0000000089100000, 0x0000000089200000, 0x0000000089200000|100%| O|  |TAMS 0x0000000089200000, 0x0000000089200000| Untracked 
| 146|0x0000000089200000, 0x0000000089300000, 0x0000000089300000|100%| O|  |TAMS 0x0000000089300000, 0x0000000089300000| Untracked 
| 147|0x0000000089300000, 0x0000000089400000, 0x0000000089400000|100%| O|  |TAMS 0x0000000089400000, 0x0000000089400000| Untracked 
| 148|0x0000000089400000, 0x0000000089500000, 0x0000000089500000|100%| O|  |TAMS 0x0000000089500000, 0x0000000089500000| Untracked 
| 149|0x0000000089500000, 0x0000000089600000, 0x0000000089600000|100%| O|  |TAMS 0x0000000089600000, 0x0000000089600000| Untracked 
| 150|0x0000000089600000, 0x0000000089700000, 0x0000000089700000|100%| O|  |TAMS 0x0000000089700000, 0x0000000089700000| Untracked 
| 151|0x0000000089700000, 0x0000000089800000, 0x0000000089800000|100%| O|  |TAMS 0x0000000089700000, 0x0000000089800000| Untracked 
| 152|0x0000000089800000, 0x0000000089900000, 0x0000000089900000|100%| O|  |TAMS 0x0000000089800000, 0x0000000089900000| Untracked 
| 153|0x0000000089900000, 0x0000000089a00000, 0x0000000089a00000|100%| O|  |TAMS 0x0000000089900000, 0x0000000089a00000| Untracked 
| 154|0x0000000089a00000, 0x0000000089b00000, 0x0000000089b00000|100%| O|  |TAMS 0x0000000089a00000, 0x0000000089b00000| Untracked 
| 155|0x0000000089b00000, 0x0000000089c00000, 0x0000000089c00000|100%| O|  |TAMS 0x0000000089b00000, 0x0000000089c00000| Untracked 
| 156|0x0000000089c00000, 0x0000000089d00000, 0x0000000089d00000|100%| O|  |TAMS 0x0000000089c00000, 0x0000000089d00000| Untracked 
| 157|0x0000000089d00000, 0x0000000089e00000, 0x0000000089e00000|100%| O|  |TAMS 0x0000000089d00000, 0x0000000089e00000| Untracked 
| 158|0x0000000089e00000, 0x0000000089f00000, 0x0000000089f00000|100%| O|  |TAMS 0x0000000089e00000, 0x0000000089f00000| Untracked 
| 159|0x0000000089f00000, 0x000000008a000000, 0x000000008a000000|100%| O|  |TAMS 0x0000000089f00000, 0x000000008a000000| Untracked 
| 160|0x000000008a000000, 0x000000008a100000, 0x000000008a100000|100%| O|  |TAMS 0x000000008a000000, 0x000000008a100000| Untracked 
| 161|0x000000008a100000, 0x000000008a200000, 0x000000008a200000|100%| O|  |TAMS 0x000000008a100000, 0x000000008a200000| Untracked 
| 162|0x000000008a200000, 0x000000008a300000, 0x000000008a300000|100%| O|  |TAMS 0x000000008a200000, 0x000000008a300000| Untracked 
| 163|0x000000008a300000, 0x000000008a400000, 0x000000008a400000|100%| O|  |TAMS 0x000000008a300000, 0x000000008a400000| Untracked 
| 164|0x000000008a400000, 0x000000008a500000, 0x000000008a500000|100%| O|  |TAMS 0x000000008a400000, 0x000000008a500000| Untracked 
| 165|0x000000008a500000, 0x000000008a600000, 0x000000008a600000|100%| O|  |TAMS 0x000000008a500000, 0x000000008a600000| Untracked 
| 166|0x000000008a600000, 0x000000008a700000, 0x000000008a700000|100%| O|  |TAMS 0x000000008a600000, 0x000000008a700000| Untracked 
| 167|0x000000008a700000, 0x000000008a800000, 0x000000008a800000|100%| O|  |TAMS 0x000000008a700000, 0x000000008a800000| Untracked 
| 168|0x000000008a800000, 0x000000008a900000, 0x000000008a900000|100%| O|  |TAMS 0x000000008a800000, 0x000000008a900000| Untracked 
| 169|0x000000008a900000, 0x000000008aa00000, 0x000000008aa00000|100%| O|  |TAMS 0x000000008a900000, 0x000000008aa00000| Untracked 
| 170|0x000000008aa00000, 0x000000008ab00000, 0x000000008ab00000|100%| O|  |TAMS 0x000000008aa00000, 0x000000008ab00000| Untracked 
| 171|0x000000008ab00000, 0x000000008ac00000, 0x000000008ac00000|100%| O|  |TAMS 0x000000008ab00000, 0x000000008ac00000| Untracked 
| 172|0x000000008ac00000, 0x000000008ad00000, 0x000000008ad00000|100%| O|  |TAMS 0x000000008ac00000, 0x000000008ad00000| Untracked 
| 173|0x000000008ad00000, 0x000000008ae00000, 0x000000008ae00000|100%| O|  |TAMS 0x000000008ad00000, 0x000000008ae00000| Untracked 
| 174|0x000000008ae00000, 0x000000008af00000, 0x000000008af00000|100%| O|  |TAMS 0x000000008ae00000, 0x000000008af00000| Untracked 
| 175|0x000000008af00000, 0x000000008b000000, 0x000000008b000000|100%| O|  |TAMS 0x000000008af00000, 0x000000008b000000| Untracked 
| 176|0x000000008b000000, 0x000000008b100000, 0x000000008b100000|100%| O|  |TAMS 0x000000008b000000, 0x000000008b100000| Untracked 
| 177|0x000000008b100000, 0x000000008b200000, 0x000000008b200000|100%| O|  |TAMS 0x000000008b100000, 0x000000008b200000| Untracked 
| 178|0x000000008b200000, 0x000000008b300000, 0x000000008b300000|100%| O|  |TAMS 0x000000008b200000, 0x000000008b300000| Untracked 
| 179|0x000000008b300000, 0x000000008b400000, 0x000000008b400000|100%| O|  |TAMS 0x000000008b300000, 0x000000008b400000| Untracked 
| 180|0x000000008b400000, 0x000000008b500000, 0x000000008b500000|100%| O|  |TAMS 0x000000008b400000, 0x000000008b500000| Untracked 
| 181|0x000000008b500000, 0x000000008b600000, 0x000000008b600000|100%| O|  |TAMS 0x000000008b500000, 0x000000008b600000| Untracked 
| 182|0x000000008b600000, 0x000000008b700000, 0x000000008b700000|100%| O|  |TAMS 0x000000008b600000, 0x000000008b700000| Untracked 
| 183|0x000000008b700000, 0x000000008b800000, 0x000000008b800000|100%| O|  |TAMS 0x000000008b700000, 0x000000008b800000| Untracked 
| 184|0x000000008b800000, 0x000000008b900000, 0x000000008b900000|100%| O|  |TAMS 0x000000008b800000, 0x000000008b877400| Untracked 
| 185|0x000000008b900000, 0x000000008ba00000, 0x000000008ba00000|100%| O|  |TAMS 0x000000008b900000, 0x000000008b900000| Untracked 
| 186|0x000000008ba00000, 0x000000008bb00000, 0x000000008bb00000|100%| O|  |TAMS 0x000000008ba00000, 0x000000008ba00000| Untracked 
| 187|0x000000008bb00000, 0x000000008bc00000, 0x000000008bc00000|100%| O|  |TAMS 0x000000008bb00000, 0x000000008bb00000| Untracked 
| 188|0x000000008bc00000, 0x000000008bd00000, 0x000000008bd00000|100%| O|  |TAMS 0x000000008bc00000, 0x000000008bc00000| Untracked 
| 189|0x000000008bd00000, 0x000000008be00000, 0x000000008be00000|100%| O|  |TAMS 0x000000008bd00000, 0x000000008bd00000| Untracked 
| 190|0x000000008be00000, 0x000000008bf00000, 0x000000008bf00000|100%| O|  |TAMS 0x000000008be00000, 0x000000008be00000| Untracked 
| 191|0x000000008bf00000, 0x000000008c000000, 0x000000008c000000|100%| O|  |TAMS 0x000000008bf00000, 0x000000008bf00000| Untracked 
| 192|0x000000008c000000, 0x000000008c100000, 0x000000008c100000|100%| O|  |TAMS 0x000000008c000000, 0x000000008c000000| Untracked 
| 193|0x000000008c100000, 0x000000008c200000, 0x000000008c200000|100%| O|  |TAMS 0x000000008c100000, 0x000000008c100000| Untracked 
| 194|0x000000008c200000, 0x000000008c300000, 0x000000008c300000|100%| O|  |TAMS 0x000000008c200000, 0x000000008c200000| Untracked 
| 195|0x000000008c300000, 0x000000008c400000, 0x000000008c400000|100%| O|  |TAMS 0x000000008c300000, 0x000000008c300000| Untracked 
| 196|0x000000008c400000, 0x000000008c500000, 0x000000008c500000|100%| O|  |TAMS 0x000000008c400000, 0x000000008c400000| Untracked 
| 197|0x000000008c500000, 0x000000008c600000, 0x000000008c600000|100%| O|  |TAMS 0x000000008c500000, 0x000000008c500000| Untracked 
| 198|0x000000008c600000, 0x000000008c700000, 0x000000008c700000|100%| O|  |TAMS 0x000000008c600000, 0x000000008c600000| Untracked 
| 199|0x000000008c700000, 0x000000008c700000, 0x000000008c800000|  0%| F|  |TAMS 0x000000008c700000, 0x000000008c700000| Untracked 
| 200|0x000000008c800000, 0x000000008c800000, 0x000000008c900000|  0%| F|  |TAMS 0x000000008c800000, 0x000000008c800000| Untracked 
| 201|0x000000008c900000, 0x000000008c900000, 0x000000008ca00000|  0%| F|  |TAMS 0x000000008c900000, 0x000000008c900000| Untracked 
| 202|0x000000008ca00000, 0x000000008ca00000, 0x000000008cb00000|  0%| F|  |TAMS 0x000000008ca00000, 0x000000008ca00000| Untracked 
| 203|0x000000008cb00000, 0x000000008cb00000, 0x000000008cc00000|  0%| F|  |TAMS 0x000000008cb00000, 0x000000008cb00000| Untracked 
| 204|0x000000008cc00000, 0x000000008cc00000, 0x000000008cd00000|  0%| F|  |TAMS 0x000000008cc00000, 0x000000008cc00000| Untracked 
| 205|0x000000008cd00000, 0x000000008cd00000, 0x000000008ce00000|  0%| F|  |TAMS 0x000000008cd00000, 0x000000008cd00000| Untracked 
| 206|0x000000008ce00000, 0x000000008ce00000, 0x000000008cf00000|  0%| F|  |TAMS 0x000000008ce00000, 0x000000008ce00000| Untracked 
| 207|0x000000008cf00000, 0x000000008cf00000, 0x000000008d000000|  0%| F|  |TAMS 0x000000008cf00000, 0x000000008cf00000| Untracked 
| 208|0x000000008d000000, 0x000000008d000000, 0x000000008d100000|  0%| F|  |TAMS 0x000000008d000000, 0x000000008d000000| Untracked 
| 209|0x000000008d100000, 0x000000008d100000, 0x000000008d200000|  0%| F|  |TAMS 0x000000008d100000, 0x000000008d100000| Untracked 
| 210|0x000000008d200000, 0x000000008d200000, 0x000000008d300000|  0%| F|  |TAMS 0x000000008d200000, 0x000000008d200000| Untracked 
| 211|0x000000008d300000, 0x000000008d300000, 0x000000008d400000|  0%| F|  |TAMS 0x000000008d300000, 0x000000008d300000| Untracked 
| 212|0x000000008d400000, 0x000000008d400000, 0x000000008d500000|  0%| F|  |TAMS 0x000000008d400000, 0x000000008d400000| Untracked 
| 213|0x000000008d500000, 0x000000008d500000, 0x000000008d600000|  0%| F|  |TAMS 0x000000008d500000, 0x000000008d500000| Untracked 
| 214|0x000000008d600000, 0x000000008d600000, 0x000000008d700000|  0%| F|  |TAMS 0x000000008d600000, 0x000000008d600000| Untracked 
| 215|0x000000008d700000, 0x000000008d700000, 0x000000008d800000|  0%| F|  |TAMS 0x000000008d700000, 0x000000008d700000| Untracked 
| 216|0x000000008d800000, 0x000000008d800000, 0x000000008d900000|  0%| F|  |TAMS 0x000000008d800000, 0x000000008d800000| Untracked 
| 217|0x000000008d900000, 0x000000008d900000, 0x000000008da00000|  0%| F|  |TAMS 0x000000008d900000, 0x000000008d900000| Untracked 
| 218|0x000000008da00000, 0x000000008da00000, 0x000000008db00000|  0%| F|  |TAMS 0x000000008da00000, 0x000000008da00000| Untracked 
| 219|0x000000008db00000, 0x000000008db00000, 0x000000008dc00000|  0%| F|  |TAMS 0x000000008db00000, 0x000000008db00000| Untracked 
| 220|0x000000008dc00000, 0x000000008dd00000, 0x000000008dd00000|100%| O|  |TAMS 0x000000008dd00000, 0x000000008dd00000| Untracked 
| 221|0x000000008dd00000, 0x000000008de00000, 0x000000008de00000|100%| O|  |TAMS 0x000000008de00000, 0x000000008de00000| Untracked 
| 222|0x000000008de00000, 0x000000008deffff8, 0x000000008df00000| 99%| O|  |TAMS 0x000000008deffff8, 0x000000008deffff8| Untracked 
| 223|0x000000008df00000, 0x000000008e000000, 0x000000008e000000|100%| O|  |TAMS 0x000000008e000000, 0x000000008e000000| Untracked 
| 224|0x000000008e000000, 0x000000008e100000, 0x000000008e100000|100%| O|  |TAMS 0x000000008e100000, 0x000000008e100000| Untracked 
| 225|0x000000008e100000, 0x000000008e100000, 0x000000008e200000|  0%| F|  |TAMS 0x000000008e100000, 0x000000008e100000| Untracked 
| 226|0x000000008e200000, 0x000000008e200000, 0x000000008e300000|  0%| F|  |TAMS 0x000000008e200000, 0x000000008e200000| Untracked 
| 227|0x000000008e300000, 0x000000008e300000, 0x000000008e400000|  0%| F|  |TAMS 0x000000008e300000, 0x000000008e300000| Untracked 
| 228|0x000000008e400000, 0x000000008e400000, 0x000000008e500000|  0%| F|  |TAMS 0x000000008e400000, 0x000000008e400000| Untracked 
| 229|0x000000008e500000, 0x000000008e500000, 0x000000008e600000|  0%| F|  |TAMS 0x000000008e500000, 0x000000008e500000| Untracked 
| 230|0x000000008e600000, 0x000000008e600000, 0x000000008e700000|  0%| F|  |TAMS 0x000000008e600000, 0x000000008e600000| Untracked 
| 231|0x000000008e700000, 0x000000008e700000, 0x000000008e800000|  0%| F|  |TAMS 0x000000008e700000, 0x000000008e700000| Untracked 
| 232|0x000000008e800000, 0x000000008e800000, 0x000000008e900000|  0%| F|  |TAMS 0x000000008e800000, 0x000000008e800000| Untracked 
| 233|0x000000008e900000, 0x000000008e900000, 0x000000008ea00000|  0%| F|  |TAMS 0x000000008e900000, 0x000000008e900000| Untracked 
| 234|0x000000008ea00000, 0x000000008ea00000, 0x000000008eb00000|  0%| F|  |TAMS 0x000000008ea00000, 0x000000008ea00000| Untracked 
| 235|0x000000008eb00000, 0x000000008eb00000, 0x000000008ec00000|  0%| F|  |TAMS 0x000000008eb00000, 0x000000008eb00000| Untracked 
| 236|0x000000008ec00000, 0x000000008ec00000, 0x000000008ed00000|  0%| F|  |TAMS 0x000000008ec00000, 0x000000008ec00000| Untracked 
| 237|0x000000008ed00000, 0x000000008ed00000, 0x000000008ee00000|  0%| F|  |TAMS 0x000000008ed00000, 0x000000008ed00000| Untracked 
| 238|0x000000008ee00000, 0x000000008ee00000, 0x000000008ef00000|  0%| F|  |TAMS 0x000000008ee00000, 0x000000008ee00000| Untracked 
| 239|0x000000008ef00000, 0x000000008ef00000, 0x000000008f000000|  0%| F|  |TAMS 0x000000008ef00000, 0x000000008ef00000| Untracked 
| 240|0x000000008f000000, 0x000000008f000000, 0x000000008f100000|  0%| F|  |TAMS 0x000000008f000000, 0x000000008f000000| Untracked 
| 241|0x000000008f100000, 0x000000008f100000, 0x000000008f200000|  0%| F|  |TAMS 0x000000008f100000, 0x000000008f100000| Untracked 
| 242|0x000000008f200000, 0x000000008f300000, 0x000000008f300000|100%| S|CS|TAMS 0x000000008f200000, 0x000000008f200000| Complete 
| 243|0x000000008f300000, 0x000000008f400000, 0x000000008f400000|100%| S|CS|TAMS 0x000000008f300000, 0x000000008f300000| Complete 
| 244|0x000000008f400000, 0x000000008f500000, 0x000000008f500000|100%| S|CS|TAMS 0x000000008f400000, 0x000000008f400000| Complete 
| 245|0x000000008f500000, 0x000000008f600000, 0x000000008f600000|100%| S|CS|TAMS 0x000000008f500000, 0x000000008f500000| Complete 
| 246|0x000000008f600000, 0x000000008f600000, 0x000000008f700000|  0%| F|  |TAMS 0x000000008f600000, 0x000000008f600000| Untracked 
| 247|0x000000008f700000, 0x000000008f700000, 0x000000008f800000|  0%| F|  |TAMS 0x000000008f700000, 0x000000008f700000| Untracked 
| 248|0x000000008f800000, 0x000000008f800000, 0x000000008f900000|  0%| F|  |TAMS 0x000000008f800000, 0x000000008f800000| Untracked 
| 249|0x000000008f900000, 0x000000008f900000, 0x000000008fa00000|  0%| F|  |TAMS 0x000000008f900000, 0x000000008f900000| Untracked 
| 250|0x000000008fa00000, 0x000000008fa00000, 0x000000008fb00000|  0%| F|  |TAMS 0x000000008fa00000, 0x000000008fa00000| Untracked 
| 251|0x000000008fb00000, 0x000000008fb00000, 0x000000008fc00000|  0%| F|  |TAMS 0x000000008fb00000, 0x000000008fb00000| Untracked 
| 252|0x000000008fc00000, 0x000000008fc00000, 0x000000008fd00000|  0%| F|  |TAMS 0x000000008fc00000, 0x000000008fc00000| Untracked 
| 253|0x000000008fd00000, 0x000000008fd00000, 0x000000008fe00000|  0%| F|  |TAMS 0x000000008fd00000, 0x000000008fd00000| Untracked 
| 254|0x000000008fe00000, 0x000000008fe00000, 0x000000008ff00000|  0%| F|  |TAMS 0x000000008fe00000, 0x000000008fe00000| Untracked 
| 255|0x000000008ff00000, 0x000000008ff00000, 0x0000000090000000|  0%| F|  |TAMS 0x000000008ff00000, 0x000000008ff00000| Untracked 
| 256|0x0000000090000000, 0x0000000090000000, 0x0000000090100000|  0%| F|  |TAMS 0x0000000090000000, 0x0000000090000000| Untracked 
| 257|0x0000000090100000, 0x0000000090100000, 0x0000000090200000|  0%| F|  |TAMS 0x0000000090100000, 0x0000000090100000| Untracked 
| 258|0x0000000090200000, 0x0000000090200000, 0x0000000090300000|  0%| F|  |TAMS 0x0000000090200000, 0x0000000090200000| Untracked 
| 259|0x0000000090300000, 0x0000000090300000, 0x0000000090400000|  0%| F|  |TAMS 0x0000000090300000, 0x0000000090300000| Untracked 
| 260|0x0000000090400000, 0x0000000090400000, 0x0000000090500000|  0%| F|  |TAMS 0x0000000090400000, 0x0000000090400000| Untracked 
| 261|0x0000000090500000, 0x0000000090500000, 0x0000000090600000|  0%| F|  |TAMS 0x0000000090500000, 0x0000000090500000| Untracked 
| 262|0x0000000090600000, 0x0000000090600000, 0x0000000090700000|  0%| F|  |TAMS 0x0000000090600000, 0x0000000090600000| Untracked 
| 263|0x0000000090700000, 0x0000000090700000, 0x0000000090800000|  0%| F|  |TAMS 0x0000000090700000, 0x0000000090700000| Untracked 
| 264|0x0000000090800000, 0x0000000090800000, 0x0000000090900000|  0%| F|  |TAMS 0x0000000090800000, 0x0000000090800000| Untracked 
| 265|0x0000000090900000, 0x0000000090900000, 0x0000000090a00000|  0%| F|  |TAMS 0x0000000090900000, 0x0000000090900000| Untracked 
| 266|0x0000000090a00000, 0x0000000090a00000, 0x0000000090b00000|  0%| F|  |TAMS 0x0000000090a00000, 0x0000000090a00000| Untracked 
| 267|0x0000000090b00000, 0x0000000090b00000, 0x0000000090c00000|  0%| F|  |TAMS 0x0000000090b00000, 0x0000000090b00000| Untracked 
| 268|0x0000000090c00000, 0x0000000090c00000, 0x0000000090d00000|  0%| F|  |TAMS 0x0000000090c00000, 0x0000000090c00000| Untracked 
| 269|0x0000000090d00000, 0x0000000090d00000, 0x0000000090e00000|  0%| F|  |TAMS 0x0000000090d00000, 0x0000000090d00000| Untracked 

Card table byte_map: [0x00000200fb7b0000,0x00000200fbbb0000] _byte_map_base: 0x00000200fb3b0000

Marking Bits (Prev, Next): (CMBitMap*) 0x00000200e85d97d8, (CMBitMap*) 0x00000200e85d9810
 Prev Bits: [0x00000200fbfb0000, 0x00000200fdfb0000)
 Next Bits: [0x00000200fdfb0000, 0x00000200fffb0000)

Polling page: 0x00000200e6510000

Metaspace:

Usage:
  Non-class:     82.49 MB capacity,    80.81 MB ( 98%) used,     1.40 MB (  2%) free+waste,   288.19 KB ( <1%) overhead. 
      Class:     13.10 MB capacity,    12.08 MB ( 92%) used,   915.59 KB (  7%) free+waste,   130.56 KB ( <1%) overhead. 
       Both:     95.59 MB capacity,    92.88 MB ( 97%) used,     2.30 MB (  2%) free+waste,   418.75 KB ( <1%) overhead. 

Virtual space:
  Non-class space:       84.00 MB reserved,      82.68 MB ( 98%) committed 
      Class space:        1.00 GB reserved,      13.20 MB (  1%) committed 
             Both:        1.08 GB reserved,      95.88 MB (  9%) committed 

Chunk freelists:
   Non-Class:  0 bytes
       Class:  0 bytes
        Both:  0 bytes

MaxMetaspaceSize: 17179869184.00 GB
CompressedClassSpaceSize: 1.00 GB

CodeHeap 'non-profiled nmethods': size=120000Kb used=8587Kb max_used=8587Kb free=111412Kb
 bounds [0x00000200f3b50000, 0x00000200f43c0000, 0x00000200fb080000]
CodeHeap 'profiled nmethods': size=120000Kb used=29334Kb max_used=29334Kb free=90665Kb
 bounds [0x00000200ec620000, 0x00000200ee2d0000, 0x00000200f3b50000]
CodeHeap 'non-nmethods': size=5760Kb used=2318Kb max_used=2376Kb free=3441Kb
 bounds [0x00000200ec080000, 0x00000200ec2f0000, 0x00000200ec620000]
 total_blobs=14305 nmethods=13381 adapters=833
 compilation: enabled
              stopped_count=0, restarted_count=0
 full_count=0

Compilation events (20 events):
Event: 18.433 Thread 0x00000200833e1000 nmethod 13606 0x00000200ee2c1b10 code [0x00000200ee2c1ea0, 0x00000200ee2c3638]
Event: 18.439 Thread 0x00000200833e1000 13607       2       com.android.tools.r8.code.Z3::<init> (7 bytes)
Event: 18.440 Thread 0x00000200833e1000 nmethod 13607 0x00000200ee2c4210 code [0x00000200ee2c43c0, 0x00000200ee2c4518]
Event: 18.446 Thread 0x00000200833e1000 13609       2       com.android.tools.r8.internal.ku$e::iterator (12 bytes)
Event: 18.446 Thread 0x00000200833e1000 nmethod 13609 0x00000200ee2c4610 code [0x00000200ee2c47c0, 0x00000200ee2c49a8]
Event: 18.447 Thread 0x00000200833e1000 13610       2       com.android.tools.r8.internal.A0::iterator (5 bytes)
Event: 18.447 Thread 0x00000200833e1000 nmethod 13610 0x00000200ee2c4a90 code [0x00000200ee2c4c40, 0x00000200ee2c4e28]
Event: 18.449 Thread 0x00000200856f1800 nmethod 13594% 0x00000200f43ae790 code [0x00000200f43ae980, 0x00000200f43af438]
Event: 18.449 Thread 0x00000200856f1800 13605       4       com.android.tools.r8.internal.ib::d (61 bytes)
Event: 18.453 Thread 0x00000200833e1000 13612       2       com.android.tools.r8.code.M3::<init> (7 bytes)
Event: 18.453 Thread 0x00000200833e1000 nmethod 13612 0x00000200ee2c4f10 code [0x00000200ee2c50c0, 0x00000200ee2c5218]
Event: 18.456 Thread 0x00000200856f1800 nmethod 13605 0x00000200f43af990 code [0x00000200f43afb20, 0x00000200f43afd58]
Event: 18.456 Thread 0x00000200856f1800 13611       4       com.android.tools.r8.graph.X::g (62 bytes)
Event: 18.456 Thread 0x0000020088864800 nmethod 13531 0x00000200f43aff10 code [0x00000200f43b0260, 0x00000200f43b1cb8]
Event: 18.457 Thread 0x0000020088864800 13356       4       com.android.tools.r8.code.V0::<init> (84 bytes)
Event: 18.457 Thread 0x00000200833e1000 13613       2       com.android.tools.r8.graph.f0$x::<init> (5 bytes)
Event: 18.457 Thread 0x00000200833e1000 nmethod 13613 0x00000200ee2c5310 code [0x00000200ee2c54c0, 0x00000200ee2c55b8]
Event: 18.457 Thread 0x00000200833e1000 13614       2       com.android.tools.r8.graph.f0$x::<init> (5 bytes)
Event: 18.457 Thread 0x00000200833e1000 nmethod 13614 0x00000200ee2c5690 code [0x00000200ee2c5840, 0x00000200ee2c5938]
Event: 18.458 Thread 0x00000200833e1000 13615       2       com.android.tools.r8.code.t3::<init> (7 bytes)

GC Heap History (20 events):
Event: 15.649 GC heap after
{Heap after GC invocations=29 (full 0):
 garbage-first heap   total 225280K, used 101870K [0x0000000080000000, 0x0000000100000000)
  region size 1024K, 2 young (2048K), 2 survivors (2048K)
 Metaspace       used 85571K, capacity 88126K, committed 88576K, reserved 1126400K
  class space    used 10943K, capacity 11878K, committed 12108K, reserved 1048576K
}
Event: 16.247 GC heap before
{Heap before GC invocations=29 (full 0):
 garbage-first heap   total 225280K, used 152046K [0x0000000080000000, 0x0000000100000000)
  region size 1024K, 51 young (52224K), 2 survivors (2048K)
 Metaspace       used 86961K, capacity 89686K, committed 89984K, reserved 1126400K
  class space    used 11120K, capacity 12086K, committed 12236K, reserved 1048576K
}
Event: 16.252 GC heap after
{Heap after GC invocations=30 (full 0):
 garbage-first heap   total 225280K, used 103374K [0x0000000080000000, 0x0000000100000000)
  region size 1024K, 3 young (3072K), 3 survivors (3072K)
 Metaspace       used 86961K, capacity 89686K, committed 89984K, reserved 1126400K
  class space    used 11120K, capacity 12086K, committed 12236K, reserved 1048576K
}
Event: 16.597 GC heap before
{Heap before GC invocations=30 (full 0):
 garbage-first heap   total 225280K, used 156622K [0x0000000080000000, 0x0000000100000000)
  region size 1024K, 56 young (57344K), 3 survivors (3072K)
 Metaspace       used 88315K, capacity 91032K, committed 91520K, reserved 1128448K
  class space    used 11304K, capacity 12278K, committed 12492K, reserved 1048576K
}
Event: 16.602 GC heap after
{Heap after GC invocations=31 (full 0):
 garbage-first heap   total 225280K, used 105581K [0x0000000080000000, 0x0000000100000000)
  region size 1024K, 5 young (5120K), 5 survivors (5120K)
 Metaspace       used 88315K, capacity 91032K, committed 91520K, reserved 1128448K
  class space    used 11304K, capacity 12278K, committed 12492K, reserved 1048576K
}
Event: 16.974 GC heap before
{Heap before GC invocations=31 (full 0):
 garbage-first heap   total 225280K, used 150637K [0x0000000080000000, 0x0000000100000000)
  region size 1024K, 51 young (52224K), 5 survivors (5120K)
 Metaspace       used 89478K, capacity 92221K, committed 92672K, reserved 1130496K
  class space    used 11424K, capacity 12414K, committed 12620K, reserved 1048576K
}
Event: 16.988 GC heap after
{Heap after GC invocations=32 (full 0):
 garbage-first heap   total 225280K, used 108260K [0x0000000080000000, 0x0000000100000000)
  region size 1024K, 5 young (5120K), 5 survivors (5120K)
 Metaspace       used 89478K, capacity 92221K, committed 92672K, reserved 1130496K
  class space    used 11424K, capacity 12414K, committed 12620K, reserved 1048576K
}
Event: 17.698 GC heap before
{Heap before GC invocations=33 (full 0):
 garbage-first heap   total 225280K, used 200420K [0x0000000080000000, 0x0000000100000000)
  region size 1024K, 61 young (62464K), 5 survivors (5120K)
 Metaspace       used 92813K, capacity 95526K, committed 95872K, reserved 1132544K
  class space    used 11882K, capacity 12903K, committed 13004K, reserved 1048576K
}
Event: 17.715 GC heap after
{Heap after GC invocations=34 (full 0):
 garbage-first heap   total 230400K, used 155621K [0x0000000080000000, 0x0000000100000000)
  region size 1024K, 8 young (8192K), 8 survivors (8192K)
 Metaspace       used 92813K, capacity 95526K, committed 95872K, reserved 1132544K
  class space    used 11882K, capacity 12903K, committed 13004K, reserved 1048576K
}
Event: 17.727 GC heap before
{Heap before GC invocations=34 (full 0):
 garbage-first heap   total 230400K, used 158693K [0x0000000080000000, 0x0000000100000000)
  region size 1024K, 11 young (11264K), 8 survivors (8192K)
 Metaspace       used 92813K, capacity 95526K, committed 95872K, reserved 1132544K
  class space    used 11882K, capacity 12903K, committed 13004K, reserved 1048576K
}
Event: 17.735 GC heap after
{Heap after GC invocations=35 (full 0):
 garbage-first heap   total 230400K, used 150221K [0x0000000080000000, 0x0000000100000000)
  region size 1024K, 2 young (2048K), 2 survivors (2048K)
 Metaspace       used 92813K, capacity 95526K, committed 95872K, reserved 1132544K
  class space    used 11882K, capacity 12903K, committed 13004K, reserved 1048576K
}
Event: 17.790 GC heap before
{Heap before GC invocations=35 (full 0):
 garbage-first heap   total 230400K, used 161485K [0x0000000080000000, 0x0000000100000000)
  region size 1024K, 14 young (14336K), 2 survivors (2048K)
 Metaspace       used 92813K, capacity 95526K, committed 95872K, reserved 1132544K
  class space    used 11882K, capacity 12903K, committed 13004K, reserved 1048576K
}
Event: 17.802 GC heap after
{Heap after GC invocations=36 (full 0):
 garbage-first heap   total 276480K, used 154022K [0x0000000080000000, 0x0000000100000000)
  region size 1024K, 5 young (5120K), 5 survivors (5120K)
 Metaspace       used 92813K, capacity 95526K, committed 95872K, reserved 1132544K
  class space    used 11882K, capacity 12903K, committed 13004K, reserved 1048576K
}
Event: 18.228 GC heap before
{Heap before GC invocations=37 (full 0):
 garbage-first heap   total 276480K, used 210342K [0x0000000080000000, 0x0000000100000000)
  region size 1024K, 58 young (59392K), 5 survivors (5120K)
 Metaspace       used 94989K, capacity 97803K, committed 97920K, reserved 1134592K
  class space    used 12364K, capacity 13412K, committed 13516K, reserved 1048576K
}
Event: 18.258 GC heap after
{Heap after GC invocations=38 (full 0):
 garbage-first heap   total 276480K, used 177422K [0x0000000080000000, 0x0000000100000000)
  region size 1024K, 8 young (8192K), 8 survivors (8192K)
 Metaspace       used 94989K, capacity 97803K, committed 97920K, reserved 1134592K
  class space    used 12364K, capacity 13412K, committed 13516K, reserved 1048576K
}
Event: 18.278 GC heap before
{Heap before GC invocations=38 (full 0):
 garbage-first heap   total 276480K, used 182542K [0x0000000080000000, 0x0000000100000000)
  region size 1024K, 13 young (13312K), 8 survivors (8192K)
 Metaspace       used 95004K, capacity 97805K, committed 97920K, reserved 1134592K
  class space    used 12364K, capacity 13412K, committed 13516K, reserved 1048576K
}
Event: 18.297 GC heap after
{Heap after GC invocations=39 (full 0):
 garbage-first heap   total 276480K, used 179848K [0x0000000080000000, 0x0000000100000000)
  region size 1024K, 2 young (2048K), 2 survivors (2048K)
 Metaspace       used 95004K, capacity 97805K, committed 97920K, reserved 1134592K
  class space    used 12364K, capacity 13412K, committed 13516K, reserved 1048576K
}
Event: 18.380 GC heap before
{Heap before GC invocations=39 (full 0):
 garbage-first heap   total 276480K, used 216712K [0x0000000080000000, 0x0000000100000000)
  region size 1024K, 39 young (39936K), 2 survivors (2048K)
 Metaspace       used 95101K, capacity 97880K, committed 98176K, reserved 1134592K
  class space    used 12365K, capacity 13412K, committed 13516K, reserved 1048576K
}
Event: 18.400 GC heap after
{Heap after GC invocations=40 (full 0):
 garbage-first heap   total 276480K, used 199132K [0x0000000080000000, 0x0000000100000000)
  region size 1024K, 5 young (5120K), 5 survivors (5120K)
 Metaspace       used 95101K, capacity 97880K, committed 98176K, reserved 1134592K
  class space    used 12365K, capacity 13412K, committed 13516K, reserved 1048576K
}
Event: 18.458 GC heap before
{Heap before GC invocations=40 (full 0):
 garbage-first heap   total 276480K, used 223708K [0x0000000080000000, 0x0000000100000000)
  region size 1024K, 29 young (29696K), 5 survivors (5120K)
 Metaspace       used 95111K, capacity 97880K, committed 98176K, reserved 1134592K
  class space    used 12365K, capacity 13412K, committed 13516K, reserved 1048576K
}

Deoptimization events (20 events):
Event: 18.021 Thread 0x000002008c11b800 DEOPT PACKING pc=0x00000200f4363ec4 sp=0x0000003dfb6fe9f0
Event: 18.021 Thread 0x000002008c11b800 DEOPT UNPACKING pc=0x00000200ec0a78af sp=0x0000003dfb6fe9f0 mode 2
Event: 18.097 Thread 0x000002008c11a800 Uncommon trap: trap_request=0xffffff4d fr.pc=0x00000200f435db84 relative=0x0000000000000144
Event: 18.097 Thread 0x000002008c11a800 Uncommon trap: reason=unstable_if action=reinterpret pc=0x00000200f435db84 method=com.android.tools.r8.internal.zh.get(I)Ljava/lang/Object; @ 1 c2
Event: 18.097 Thread 0x000002008c11a800 DEOPT PACKING pc=0x00000200f435db84 sp=0x0000003dfb5feac0
Event: 18.097 Thread 0x000002008c11a800 DEOPT UNPACKING pc=0x00000200ec0a78af sp=0x0000003dfb5fea58 mode 2
Event: 18.098 Thread 0x000002008c11d000 Uncommon trap: trap_request=0xffffff4d fr.pc=0x00000200f4367ad4 relative=0x00000000000002d4
Event: 18.098 Thread 0x000002008c11d000 Uncommon trap: reason=unstable_if action=reinterpret pc=0x00000200f4367ad4 method=com.android.tools.r8.graph.X.g(Ljava/lang/Object;)Z @ 37 c2
Event: 18.098 Thread 0x000002008c11d000 DEOPT PACKING pc=0x00000200f4367ad4 sp=0x0000003dfb7fef00
Event: 18.098 Thread 0x000002008c11d000 DEOPT UNPACKING pc=0x00000200ec0a78af sp=0x0000003dfb7feea0 mode 2
Event: 18.101 Thread 0x000002008e3b2800 Uncommon trap: trap_request=0xffffff4d fr.pc=0x00000200f4362aa0 relative=0x0000000000000320
Event: 18.101 Thread 0x000002008e3b2800 Uncommon trap: reason=unstable_if action=reinterpret pc=0x00000200f4362aa0 method=com.android.tools.r8.internal.zh.a(ILjava/lang/Object;)Ljava/lang/Object; @ 1 c2
Event: 18.101 Thread 0x000002008e3b2800 DEOPT PACKING pc=0x00000200f4362aa0 sp=0x0000003dfb9fe5a0
Event: 18.102 Thread 0x000002008e3b2800 DEOPT UNPACKING pc=0x00000200ec0a78af sp=0x0000003dfb9fe568 mode 2
Event: 18.266 Thread 0x000002008e3b4000 DEOPT PACKING pc=0x00000200ee253f7e sp=0x0000003dfbafeb40
Event: 18.266 Thread 0x000002008e3b4000 DEOPT UNPACKING pc=0x00000200ec0a76ce sp=0x0000003dfbafe0c8 mode 0
Event: 18.333 Thread 0x000002008c11d000 Uncommon trap: trap_request=0xffffff4d fr.pc=0x00000200f43361a4 relative=0x0000000000000084
Event: 18.333 Thread 0x000002008c11d000 Uncommon trap: reason=unstable_if action=reinterpret pc=0x00000200f43361a4 method=com.android.tools.r8.internal.Xe.d(I)Z @ 45 c2
Event: 18.333 Thread 0x000002008c11d000 DEOPT PACKING pc=0x00000200f43361a4 sp=0x0000003dfb7fea40
Event: 18.333 Thread 0x000002008c11d000 DEOPT UNPACKING pc=0x00000200ec0a78af sp=0x0000003dfb7fe9d0 mode 2

Classes redefined (0 events):
No events

Internal exceptions (20 events):
Event: 15.821 Thread 0x000002008c115800 Exception <a 'sun/nio/fs/WindowsException'{0x000000008d6c5398}> (0x000000008d6c5398) thrown at [./src/hotspot/share/prims/jni.cpp, line 615]
Event: 15.835 Thread 0x000002008c115800 Exception <a 'java/lang/NoSuchMethodError'{0x000000008d5a8ad8}: <clinit>> (0x000000008d5a8ad8) thrown at [./src/hotspot/share/prims/jni.cpp, line 1362]
Event: 15.840 Thread 0x000002008c115800 Exception <a 'java/lang/NoSuchMethodError'{0x000000008d5e6780}: <clinit>> (0x000000008d5e6780) thrown at [./src/hotspot/share/prims/jni.cpp, line 1362]
Event: 15.842 Thread 0x000002008c115800 Exception <a 'java/lang/NoSuchMethodError'{0x000000008d5f9590}: <clinit>> (0x000000008d5f9590) thrown at [./src/hotspot/share/prims/jni.cpp, line 1362]
Event: 16.048 Thread 0x000002008a03d000 Implicit null exception at 0x00000200f42947ca to 0x00000200f4295074
Event: 16.048 Thread 0x000002008a03c800 Implicit null exception at 0x00000200f42947ca to 0x00000200f4295074
Event: 16.143 Thread 0x000002008a03a000 Implicit null exception at 0x00000200f4296d23 to 0x00000200f42977d0
Event: 17.265 Thread 0x000002008c118000 Exception <a 'java/lang/NoSuchMethodError'{0x000000008d4e2ed8}: 'void java.lang.invoke.DirectMethodHandle$Holder.invokeStatic(java.lang.Object, long)'> (0x000000008d4e2ed8) thrown at [./src/hotspot/share/interpreter/linkResolver.cpp, line 773]
Event: 17.266 Thread 0x000002008c118000 Exception <a 'java/lang/NoSuchMethodError'{0x000000008d4e80f0}: 'java.lang.Object java.lang.invoke.DirectMethodHandle$Holder.invokeStatic(java.lang.Object, long)'> (0x000000008d4e80f0) thrown at [./src/hotspot/share/interpreter/linkResolver.cpp, line 773]
Event: 17.269 Thread 0x000002008c118000 Exception <a 'java/lang/NoSuchMethodError'{0x000000008d4f6458}: 'java.lang.Object java.lang.invoke.DirectMethodHandle$Holder.invokeStaticInit(java.lang.Object, java.lang.Object, long, java.lang.Object)'> (0x000000008d4f6458) thrown at [./src/hotspot/share/interpreter/linkResolver.cpp, line 773]
Event: 17.269 Thread 0x000002008c118000 Exception <a 'java/lang/NoSuchMethodError'{0x000000008d4fc5f0}: 'java.lang.Object java.lang.invoke.DirectMethodHandle$Holder.invokeStatic(java.lang.Object, java.lang.Object, long)'> (0x000000008d4fc5f0) thrown at [./src/hotspot/share/interpreter/linkResolver.cpp, line 773]
Event: 17.270 Thread 0x000002008c118000 Exception <a 'java/lang/NoSuchMethodError'{0x000000008d2cdb28}: 'java.lang.Object java.lang.invoke.Invokers$Holder.linkToTargetMethod(java.lang.Object, long, java.lang.Object)'> (0x000000008d2cdb28) thrown at [./src/hotspot/share/interpreter/linkResolver.cpp, line 773]
Event: 17.340 Thread 0x000002008c112800 Exception <a 'sun/nio/fs/WindowsException'{0x000000008cf95650}> (0x000000008cf95650) thrown at [./src/hotspot/share/prims/jni.cpp, line 615]
Event: 17.505 Thread 0x000002008c118000 Exception <a 'java/lang/NoSuchMethodError'{0x000000008c60f138}: 'int java.lang.invoke.DirectMethodHandle$Holder.invokeSpecialIFC(java.lang.Object, java.lang.Object, java.lang.Object)'> (0x000000008c60f138) thrown at [./src/hotspot/share/interpreter/linkResolver.cpp, line 773]
Event: 17.506 Thread 0x000002008c112800 Exception <a 'java/lang/NoSuchMethodError'{0x000000008c657480}: 'java.lang.Object java.lang.invoke.DirectMethodHandle$Holder.invokeStatic(java.lang.Object, java.lang.Object, java.lang.Object, java.lang.Object, java.lang.Object, java.lang.Object, java.lang.Object, java.lang.Object, java.lang.Object, java.lang.Object, java.lang.Object, java.lang.Object, java.lang.Object, java.lang.Object, java.lang.Object, java.lang.Object, java.lang.Object, java.lang.Object, int, java.lang.Object)'> (0x000000008c657480) thr
Event: 17.507 Thread 0x000002008c112800 Exception <a 'java/lang/NoSuchMethodError'{0x000000008c65cf78}: 'java.lang.Object java.lang.invoke.DirectMethodHandle$Holder.invokeStaticInit(java.lang.Object, java.lang.Object, java.lang.Object, java.lang.Object, java.lang.Object, java.lang.Object, java.lang.Object, java.lang.Object, java.lang.Object, java.lang.Object, java.lang.Object, java.lang.Object, java.lang.Object, java.lang.Object, java.lang.Object, java.lang.Object, java.lang.Object, java.lang.Object, int, java.lang.Object)'> (0x000000008c65cf78)
Event: 18.000 Thread 0x000002008e3b0000 Exception <a 'java/lang/IncompatibleClassChangeError'{0x000000008f1eb458}: Found class java.lang.Object, but interface was expected> (0x000000008f1eb458) thrown at [./src/hotspot/share/interpreter/linkResolver.cpp, line 839]
Event: 18.026 Thread 0x000002008c11b800 Exception <a 'java/lang/IncompatibleClassChangeError'{0x000000008f0e5ce8}: Found class java.lang.Object, but interface was expected> (0x000000008f0e5ce8) thrown at [./src/hotspot/share/interpreter/linkResolver.cpp, line 839]
Event: 18.029 Thread 0x000002008c11b800 Exception <a 'java/lang/IncompatibleClassChangeError'{0x000000008f0ed100}: Found class java.lang.Object, but interface was expected> (0x000000008f0ed100) thrown at [./src/hotspot/share/interpreter/linkResolver.cpp, line 839]
Event: 18.029 Thread 0x000002008e3b4000 Exception <a 'java/lang/NoSuchMethodError'{0x000000008ef04d40}: 'java.lang.Object java.lang.invoke.DirectMethodHandle$Holder.newInvokeSpecial(java.lang.Object, int)'> (0x000000008ef04d40) thrown at [./src/hotspot/share/interpreter/linkResolver.cpp, line 773]

Events (20 events):
Event: 18.121 loading class com/android/tools/r8/internal/Rb$a done
Event: 18.121 loading class com/android/tools/r8/internal/mu
Event: 18.121 loading class com/android/tools/r8/internal/mu done
Event: 18.121 loading class com/android/tools/r8/internal/pr
Event: 18.121 loading class com/android/tools/r8/internal/pr done
Event: 18.122 loading class com/android/tools/r8/internal/ku$d
Event: 18.122 loading class com/android/tools/r8/internal/ku$d done
Event: 18.122 loading class com/android/tools/r8/internal/lu
Event: 18.122 loading class com/android/tools/r8/internal/lu done
Event: 18.228 Executing VM operation: G1CollectForAllocation
Event: 18.258 Executing VM operation: G1CollectForAllocation done
Event: 18.278 Executing VM operation: G1CollectForAllocation
Event: 18.297 Executing VM operation: G1CollectForAllocation done
Event: 18.328 loading class com/android/tools/r8/internal/f8
Event: 18.328 loading class com/android/tools/r8/internal/f8 done
Event: 18.379 Executing VM operation: G1CollectForAllocation
Event: 18.400 Executing VM operation: G1CollectForAllocation done
Event: 18.457 loading class com/android/tools/r8/graph/f0$a
Event: 18.457 loading class com/android/tools/r8/graph/f0$a done
Event: 18.458 Executing VM operation: G1CollectForAllocation


Dynamic libraries:
0x00007ff7bc6e0000 - 0x00007ff7bc6ea000 	C:\Program Files\Android\Android Studio3\jre\bin\java.exe
0x00007ffd703a0000 - 0x00007ffd705af000 	C:\WINDOWS\SYSTEM32\ntdll.dll
0x00007ffd6ed30000 - 0x00007ffd6eded000 	C:\WINDOWS\System32\KERNEL32.DLL
0x00007ffd6d860000 - 0x00007ffd6dbe6000 	C:\WINDOWS\System32\KERNELBASE.dll
0x00007ffd6e0d0000 - 0x00007ffd6e1e1000 	C:\WINDOWS\System32\ucrtbase.dll
0x00007ffd603b0000 - 0x00007ffd603c9000 	C:\Program Files\Android\Android Studio3\jre\bin\jli.dll
0x00007ffd603d0000 - 0x00007ffd603e7000 	C:\Program Files\Android\Android Studio3\jre\bin\VCRUNTIME140.dll
0x00007ffd6f140000 - 0x00007ffd6f2ea000 	C:\WINDOWS\System32\USER32.dll
0x00007ffd56840000 - 0x00007ffd56ae1000 	C:\WINDOWS\WinSxS\amd64_microsoft.windows.common-controls_6595b64144ccf1df_6.0.22471.1000_none_228bc6e77ad112f7\COMCTL32.dll
0x00007ffd6e1f0000 - 0x00007ffd6e216000 	C:\WINDOWS\System32\win32u.dll
0x00007ffd6e290000 - 0x00007ffd6e334000 	C:\WINDOWS\System32\msvcrt.dll
0x00007ffd6e580000 - 0x00007ffd6e5a9000 	C:\WINDOWS\System32\GDI32.dll
0x00007ffd6dfb0000 - 0x00007ffd6e0c7000 	C:\WINDOWS\System32\gdi32full.dll
0x00007ffd6de80000 - 0x00007ffd6df1b000 	C:\WINDOWS\System32\msvcp_win.dll
0x00007ffd6e540000 - 0x00007ffd6e571000 	C:\WINDOWS\System32\IMM32.DLL
0x00007ffd52010000 - 0x00007ffd520ad000 	C:\Program Files\Android\Android Studio3\jre\bin\msvcp140.dll
0x00007ffd431e0000 - 0x00007ffd43caf000 	C:\Program Files\Android\Android Studio3\jre\bin\server\jvm.dll
0x00007ffd6e5b0000 - 0x00007ffd6e65e000 	C:\WINDOWS\System32\ADVAPI32.dll
0x00007ffd6ec80000 - 0x00007ffd6ed21000 	C:\WINDOWS\System32\sechost.dll
0x00007ffd6e420000 - 0x00007ffd6e540000 	C:\WINDOWS\System32\RPCRT4.dll
0x00007ffd6e220000 - 0x00007ffd6e228000 	C:\WINDOWS\System32\PSAPI.DLL
0x00007ffd4a4b0000 - 0x00007ffd4a4b9000 	C:\WINDOWS\SYSTEM32\WSOCK32.dll
0x00007ffd678d0000 - 0x00007ffd67903000 	C:\WINDOWS\SYSTEM32\WINMM.dll
0x00007ffd6b550000 - 0x00007ffd6b55a000 	C:\WINDOWS\SYSTEM32\VERSION.dll
0x00007ffd6f2f0000 - 0x00007ffd6f361000 	C:\WINDOWS\System32\WS2_32.dll
0x00007ffd6c930000 - 0x00007ffd6c948000 	C:\WINDOWS\SYSTEM32\kernel.appcore.dll
0x00007ffd69cf0000 - 0x00007ffd69d01000 	C:\Program Files\Android\Android Studio3\jre\bin\verify.dll
0x00007ffd65500000 - 0x00007ffd65727000 	C:\WINDOWS\SYSTEM32\DBGHELP.DLL
0x00007ffd6e900000 - 0x00007ffd6ec7e000 	C:\WINDOWS\System32\combase.dll
0x00007ffd5d9f0000 - 0x00007ffd5da21000 	C:\WINDOWS\SYSTEM32\dbgcore.DLL
0x00007ffd6df20000 - 0x00007ffd6dfa1000 	C:\WINDOWS\System32\bcryptPrimitives.dll
0x00007ffd69b50000 - 0x00007ffd69b79000 	C:\Program Files\Android\Android Studio3\jre\bin\java.dll
0x00007ffd69310000 - 0x00007ffd6931b000 	C:\Program Files\Android\Android Studio3\jre\bin\jimage.dll
0x00007ffd60970000 - 0x00007ffd60988000 	C:\Program Files\Android\Android Studio3\jre\bin\zip.dll
0x00007ffd6f980000 - 0x00007ffd7012b000 	C:\WINDOWS\System32\SHELL32.dll
0x00007ffd6b900000 - 0x00007ffd6c15c000 	C:\WINDOWS\SYSTEM32\windows.storage.dll
0x00007ffd6b7b0000 - 0x00007ffd6b8f9000 	C:\WINDOWS\SYSTEM32\wintypes.dll
0x00007ffd6e7a0000 - 0x00007ffd6e890000 	C:\WINDOWS\System32\SHCORE.dll
0x00007ffd6e890000 - 0x00007ffd6e8eb000 	C:\WINDOWS\System32\shlwapi.dll
0x00007ffd6d790000 - 0x00007ffd6d7b1000 	C:\WINDOWS\SYSTEM32\profapi.dll
0x00007ffd60950000 - 0x00007ffd6096a000 	C:\Program Files\Android\Android Studio3\jre\bin\net.dll
0x00007ffd67910000 - 0x00007ffd67a20000 	C:\WINDOWS\SYSTEM32\WINHTTP.dll
0x00007ffd6cd80000 - 0x00007ffd6cde9000 	C:\WINDOWS\system32\mswsock.dll
0x00007ffd60930000 - 0x00007ffd60944000 	C:\Program Files\Android\Android Studio3\jre\bin\nio.dll
0x00007ffd60530000 - 0x00007ffd60557000 	C:\Users\xpmkm\.gradle\native\8bec1ad78214c89d9ad589b4d07fe93259594b29d510b10fafb7a158f7737e5d\windows-amd64\native-platform.dll
0x00007ffd60230000 - 0x00007ffd6036d000 	C:\Users\xpmkm\.gradle\native\53dbd7edfb1c66fb8903c78663c9afc45aea4f116125fa6feffd364cf09443e8\windows-amd64\native-platform-file-events.dll
0x00007ffd69300000 - 0x00007ffd6930a000 	C:\Program Files\Android\Android Studio3\jre\bin\management.dll
0x00007ffd69040000 - 0x00007ffd6904c000 	C:\Program Files\Android\Android Studio3\jre\bin\management_ext.dll
0x00007ffd6cfd0000 - 0x00007ffd6cfe8000 	C:\WINDOWS\SYSTEM32\CRYPTSP.dll
0x00007ffd6c890000 - 0x00007ffd6c8c5000 	C:\WINDOWS\system32\rsaenh.dll
0x00007ffd6ce80000 - 0x00007ffd6cea9000 	C:\WINDOWS\SYSTEM32\USERENV.dll
0x00007ffd6d1c0000 - 0x00007ffd6d1e8000 	C:\WINDOWS\SYSTEM32\bcrypt.dll
0x00007ffd6cff0000 - 0x00007ffd6cffc000 	C:\WINDOWS\SYSTEM32\CRYPTBASE.dll
0x00007ffd6c380000 - 0x00007ffd6c3ad000 	C:\WINDOWS\SYSTEM32\IPHLPAPI.DLL
0x00007ffd6e8f0000 - 0x00007ffd6e8f9000 	C:\WINDOWS\System32\NSI.dll
0x00007ffd67320000 - 0x00007ffd67339000 	C:\WINDOWS\SYSTEM32\dhcpcsvc6.DLL
0x00007ffd672e0000 - 0x00007ffd672fe000 	C:\WINDOWS\SYSTEM32\dhcpcsvc.DLL
0x00007ffd6c3b0000 - 0x00007ffd6c4a1000 	C:\WINDOWS\SYSTEM32\DNSAPI.dll

dbghelp: loaded successfully - version: 4.0.5 - missing functions: none
symbol engine: initialized successfully - sym options: 0x614 - pdb path: .;C:\Program Files\Android\Android Studio3\jre\bin;C:\WINDOWS\SYSTEM32;C:\WINDOWS\WinSxS\amd64_microsoft.windows.common-controls_6595b64144ccf1df_6.0.22471.1000_none_228bc6e77ad112f7;C:\Program Files\Android\Android Studio3\jre\bin\server;C:\Users\xpmkm\.gradle\native\8bec1ad78214c89d9ad589b4d07fe93259594b29d510b10fafb7a158f7737e5d\windows-amd64;C:\Users\xpmkm\.gradle\native\53dbd7edfb1c66fb8903c78663c9afc45aea4f116125fa6feffd364cf09443e8\windows-amd64

VM Arguments:
jvm_args: --add-opens=java.base/java.util=ALL-UNNAMED --add-opens=java.base/java.lang=ALL-UNNAMED --add-opens=java.base/java.lang.invoke=ALL-UNNAMED --add-opens=java.base/java.util=ALL-UNNAMED --add-opens=java.prefs/java.util.prefs=ALL-UNNAMED --add-opens=java.prefs/java.util.prefs=ALL-UNNAMED --add-opens=java.base/java.nio.charset=ALL-UNNAMED --add-opens=java.base/java.net=ALL-UNNAMED --add-opens=java.base/java.util.concurrent.atomic=ALL-UNNAMED -Xmx2048m -Dfile.encoding=UTF-8 -Duser.country=IN -Duser.language=en -Duser.variant 
java_command: org.gradle.launcher.daemon.bootstrap.GradleDaemon 7.0.2
java_class_path (initial): C:\Users\xpmkm\.gradle\wrapper\dists\gradle-7.0.2-bin\857tjihv64xamwrf0h14cai3r\gradle-7.0.2\lib\gradle-launcher-7.0.2.jar
Launcher Type: SUN_STANDARD

[Global flags]
     intx CICompilerCount                          = 4                                         {product} {ergonomic}
     uint ConcGCThreads                            = 2                                         {product} {ergonomic}
     uint G1ConcRefinementThreads                  = 8                                         {product} {ergonomic}
   size_t G1HeapRegionSize                         = 1048576                                   {product} {ergonomic}
    uintx GCDrainStackTargetSize                   = 64                                        {product} {ergonomic}
   size_t InitialHeapSize                          = 132120576                                 {product} {ergonomic}
   size_t MarkStackSize                            = 4194304                                   {product} {ergonomic}
   size_t MaxHeapSize                              = 2147483648                                {product} {command line}
   size_t MaxNewSize                               = 1287651328                                {product} {ergonomic}
   size_t MinHeapDeltaBytes                        = 1048576                                   {product} {ergonomic}
    uintx NonNMethodCodeHeapSize                   = 5836300                                {pd product} {ergonomic}
    uintx NonProfiledCodeHeapSize                  = 122910970                              {pd product} {ergonomic}
    uintx ProfiledCodeHeapSize                     = 122910970                              {pd product} {ergonomic}
    uintx ReservedCodeCacheSize                    = 251658240                              {pd product} {ergonomic}
     bool SegmentedCodeCache                       = true                                      {product} {ergonomic}
     bool UseCompressedClassPointers               = true                                 {lp64_product} {ergonomic}
     bool UseCompressedOops                        = true                                 {lp64_product} {ergonomic}
     bool UseG1GC                                  = true                                      {product} {ergonomic}
     bool UseLargePagesIndividualAllocation        = false                                  {pd product} {ergonomic}

Logging:
Log output configuration:
 #0: stdout all=warning uptime,level,tags
 #1: stderr all=off uptime,level,tags

Environment Variables:
PATH=C:\Program Files (x86)\Common Files\Oracle\Java\javapath;C:\WINDOWS\system32;C:\WINDOWS;C:\WINDOWS\System32\Wbem;C:\WINDOWS\System32\WindowsPowerShell\v1.0\;C:\WINDOWS\System32\OpenSSH\;C:\Program Files\Git\cmd;C:\Program Files\nodejs\;C:\xampp\php;C:\ProgramData\ComposerSetup\bin;C:\Users\xpmkm\AppData\Local\Android\Sdk\platform-tools;C:\Program Files\Java\jdk1.8.0_231\bin;C:\Program Files\opnsl\bin;C:\Users\xpmkm\AppData\Roaming\npm;C:\Users\xpmkm\AppData\Local\Programs\Microsoft VS Code\bin;C:\Program Files\flutter\bin;C:\Users\xpmkm\AppData\Roaming\Composer\vendor\bin;C:\Users\xpmkm\AppData\Local\Microsoft\WindowsApps;
USERNAME=xpmkm
OS=Windows_NT
PROCESSOR_IDENTIFIER=AMD64 Family 23 Model 24 Stepping 1, AuthenticAMD



---------------  S Y S T E M  ---------------

OS: Windows 10 , 64 bit Build 22471 (10.0.22471.1000)
OS uptime: 0 days 0:33 hours

CPU:total 8 (initial active 8) (8 cores per cpu, 2 threads per core) family 23 model 24 stepping 1 microcode 0x0, cmov, cx8, fxsr, mmx, sse, sse2, sse3, ssse3, sse4.1, sse4.2, popcnt, avx, avx2, aes, clmul, mmxext, 3dnowpref, lzcnt, sse4a, ht, tsc, tscinvbit, tscinv, bmi1, bmi2, adx, s

Memory: 4k page, system-wide physical 8002M (908M free)
TotalPageFile size 12098M (AvailPageFile size 51M)
current process WorkingSet (physical memory assigned to process): 561M, peak: 565M
current process commit charge ("private bytes"): 598M, peak: 738M

vm_info: OpenJDK 64-Bit Server VM (11.0.10+0-b96-7249189) for windows-amd64 JRE (11.0.10+0-b96-7249189), built on Mar 31 2021 21:44:00 by "builder" with MS VC++ 14.0 (VS2015)

END.
