#
# There is insufficient memory for the Java Runtime Environment to continue.
# Native memory allocation (mmap) failed to map 27262976 bytes for Failed to commit area from 0x0000000087e00000 to 0x0000000089800000 of length 27262976.
# Possible reasons:
#   The system is out of physical RAM or swap space
#   The process is running with CompressedOops enabled, and the Java Heap may be blocking the growth of the native heap
# Possible solutions:
#   Reduce memory load on the system
#   Increase physical memory or swap space
#   Check if swap backing store is full
#   Decrease Java heap size (-Xmx/-Xms)
#   Decrease number of Java threads
#   Decrease Java thread stack sizes (-Xss)
#   Set larger code cache with -XX:ReservedCodeCacheSize=
#   JVM is running with Unscaled Compressed Oops mode in which the Java heap is
#     placed in the first 4GB address space. The Java Heap base address is the
#     maximum limit for the native heap growth. Please use -XX:HeapBaseMinAddress
#     to set the Java Heap base and to place the Java Heap above 4GB virtual address.
# This output file may be truncated or incomplete.
#
#  Out of Memory Error (./src/hotspot/os/windows/os_windows.cpp:3301), pid=4060, tid=10732
#
# JRE version: OpenJDK Runtime Environment (11.0.10) (build 11.0.10+0-b96-7249189)
# Java VM: OpenJDK 64-Bit Server VM (11.0.10+0-b96-7249189, mixed mode, tiered, compressed oops, g1 gc, windows-amd64)
# No core dump will be written. Minidumps are not enabled by default on client versions of Windows
#

---------------  S U M M A R Y ------------

Command Line: --add-opens=java.base/java.util=ALL-UNNAMED --add-opens=java.base/java.lang=ALL-UNNAMED --add-opens=java.base/java.lang.invoke=ALL-UNNAMED --add-opens=java.base/java.util=ALL-UNNAMED --add-opens=java.prefs/java.util.prefs=ALL-UNNAMED --add-opens=java.prefs/java.util.prefs=ALL-UNNAMED --add-opens=java.base/java.nio.charset=ALL-UNNAMED --add-opens=java.base/java.net=ALL-UNNAMED --add-opens=java.base/java.util.concurrent.atomic=ALL-UNNAMED -Xmx2048m -Dfile.encoding=UTF-8 -Duser.country=IN -Duser.language=en -Duser.variant org.gradle.launcher.daemon.bootstrap.GradleDaemon 7.0.2

Host: AMD Ryzen 5 3550H with Radeon Vega Mobile Gfx  , 8 cores, 7G,  Windows 10 , 64 bit Build 22468 (10.0.22468.1000)
Time: Wed Oct  6 11:49:50 2021 India Standard Time elapsed time: 5.260510 seconds (0d 0h 0m 5s)

---------------  T H R E A D  ---------------

Current thread (0x0000019f376c7000):  VMThread "VM Thread" [stack: 0x0000005e9cf00000,0x0000005e9d000000] [id=10732]

Stack: [0x0000005e9cf00000,0x0000005e9d000000]
[error occurred during error reporting (printing stack bounds), id 0xc0000005, EXCEPTION_ACCESS_VIOLATION (0xc0000005) at pc=0x0000019f20d30f2d]

Native frames: (J=compiled Java code, j=interpreted, Vv=VM code, C=native code)
V  [jvm.dll+0x5ecfaa]
V  [jvm.dll+0x722bd5]
V  [jvm.dll+0x72412d]
V  [jvm.dll+0x724745]
V  [jvm.dll+0x7246fb]
V  [jvm.dll+0x5ec348]
V  [jvm.dll+0x5ecad8]
C  [ntdll.dll+0xa623f]
C  [ntdll.dll+0x65ea9]
C  [ntdll.dll+0xa522e]
C  0x0000019f20d30f2d

VM_Operation (0x0000005e9e2f8510): G1CollectForAllocation, mode: safepoint, requested by thread 0x0000019f380a8000


---------------  P R O C E S S  ---------------

Threads class SMR info:
_java_thread_list=0x0000019f3a5a6fe0, length=39, elements={
0x0000019f1d253800, 0x0000019f376de800, 0x0000019f376e1800, 0x0000019f376d9800,
0x0000019f376e8800, 0x0000019f37f34800, 0x0000019f37f35000, 0x0000019f37f41000,
0x0000019f37f57800, 0x0000019f380ac000, 0x0000019f380aa800, 0x0000019f380ab800,
0x0000019f380a9800, 0x0000019f380ad000, 0x0000019f380a7000, 0x0000019f380ad800,
0x0000019f380a8000, 0x0000019f380a9000, 0x0000019f399e5000, 0x0000019f399e2800,
0x0000019f399e4000, 0x0000019f399e1800, 0x0000019f399e3000, 0x0000019f399df000,
0x0000019f399e5800, 0x0000019f399e0000, 0x0000019f399e6800, 0x0000019f399e0800,
0x0000019f399e9800, 0x0000019f399ed000, 0x0000019f399e7800, 0x0000019f399e8000,
0x0000019f399e9000, 0x0000019f399ee000, 0x0000019f399ea800, 0x0000019f399eb800,
0x0000019f399ec000, 0x0000019f3bdbe000, 0x0000019f3bdbc000
}

Java Threads: ( => current thread )
  0x0000019f1d253800 JavaThread "main" [_thread_blocked, id=11292, stack(0x0000005e9c900000,0x0000005e9ca00000)]
  0x0000019f376de800 JavaThread "Reference Handler" daemon [_thread_blocked, id=6368, stack(0x0000005e9d000000,0x0000005e9d100000)]
  0x0000019f376e1800 JavaThread "Finalizer" daemon [_thread_blocked, id=16000, stack(0x0000005e9d100000,0x0000005e9d200000)]
  0x0000019f376d9800 JavaThread "Signal Dispatcher" daemon [_thread_blocked, id=4828, stack(0x0000005e9d200000,0x0000005e9d300000)]
  0x0000019f376e8800 JavaThread "Attach Listener" daemon [_thread_blocked, id=12544, stack(0x0000005e9d300000,0x0000005e9d400000)]
  0x0000019f37f34800 JavaThread "Service Thread" daemon [_thread_blocked, id=15712, stack(0x0000005e9d400000,0x0000005e9d500000)]
  0x0000019f37f35000 JavaThread "C2 CompilerThread0" daemon [_thread_in_native, id=17848, stack(0x0000005e9d500000,0x0000005e9d600000)]
  0x0000019f37f41000 JavaThread "C1 CompilerThread0" daemon [_thread_blocked, id=7188, stack(0x0000005e9d600000,0x0000005e9d700000)]
  0x0000019f37f57800 JavaThread "Sweeper thread" daemon [_thread_blocked, id=17444, stack(0x0000005e9d700000,0x0000005e9d800000)]
  0x0000019f380ac000 JavaThread "Common-Cleaner" daemon [_thread_blocked, id=9000, stack(0x0000005e9d800000,0x0000005e9d900000)]
  0x0000019f380aa800 JavaThread "Daemon health stats" [_thread_blocked, id=12464, stack(0x0000005e9dc00000,0x0000005e9dd00000)]
  0x0000019f380ab800 JavaThread "Incoming local TCP Connector on port 55271" [_thread_in_native, id=13180, stack(0x0000005e9dd00000,0x0000005e9de00000)]
  0x0000019f380a9800 JavaThread "Daemon periodic checks" [_thread_blocked, id=11904, stack(0x0000005e9de00000,0x0000005e9df00000)]
  0x0000019f380ad000 JavaThread "Daemon" [_thread_blocked, id=17208, stack(0x0000005e9df00000,0x0000005e9e000000)]
  0x0000019f380a7000 JavaThread "Handler for socket connection from /127.0.0.1:55271 to /127.0.0.1:55272" [_thread_in_native, id=15728, stack(0x0000005e9e000000,0x0000005e9e100000)]
  0x0000019f380ad800 JavaThread "Cancel handler" [_thread_blocked, id=10920, stack(0x0000005e9e100000,0x0000005e9e200000)]
  0x0000019f380a8000 JavaThread "Daemon worker" [_thread_blocked, id=7812, stack(0x0000005e9e200000,0x0000005e9e300000)]
  0x0000019f380a9000 JavaThread "Asynchronous log dispatcher for DefaultDaemonConnection: socket connection from /127.0.0.1:55271 to /127.0.0.1:55272" [_thread_blocked, id=15428, stack(0x0000005e9e300000,0x0000005e9e400000)]
  0x0000019f399e5000 JavaThread "Stdin handler" [_thread_blocked, id=16768, stack(0x0000005e9e400000,0x0000005e9e500000)]
  0x0000019f399e2800 JavaThread "Daemon client event forwarder" [_thread_blocked, id=15332, stack(0x0000005e9e500000,0x0000005e9e600000)]
  0x0000019f399e4000 JavaThread "Cache worker for file hash cache (C:\Users\xpmkm\.gradle\caches\7.0.2\fileHashes)" [_thread_blocked, id=5924, stack(0x0000005e9eb00000,0x0000005e9ec00000)]
  0x0000019f399e1800 JavaThread "File lock request listener" [_thread_in_native, id=15016, stack(0x0000005e9ec00000,0x0000005e9ed00000)]
  0x0000019f399e3000 JavaThread "Cache worker for journal cache (C:\Users\xpmkm\.gradle\caches\journal-1)" [_thread_blocked, id=8748, stack(0x0000005e9ee00000,0x0000005e9ef00000)]
  0x0000019f399df000 JavaThread "Cache worker for file hash cache (C:\Users\xpmkm\Desktop\update_code_vezilla-server\codecanyon-L2GSbXtH-dairy-products-grocery-daily-milk-delivery-mobile-app-with-subscription-customer-app-delivery\test-vezilla-android-workspace\.gradle\7.0.2\fileHashes)" [_thread_blocked, id=13464, stack(0x0000005e9ef00000,0x0000005e9f000000)]
  0x0000019f399e5800 JavaThread "File watcher server" daemon [_thread_in_native, id=15892, stack(0x0000005e9f000000,0x0000005e9f100000)]
  0x0000019f399e0000 JavaThread "File watcher consumer" daemon [_thread_blocked, id=15768, stack(0x0000005e9f100000,0x0000005e9f200000)]
  0x0000019f399e6800 JavaThread "jar transforms" [_thread_blocked, id=3952, stack(0x0000005e9f200000,0x0000005e9f300000)]
  0x0000019f399e0800 JavaThread "jar transforms Thread 2" [_thread_blocked, id=17296, stack(0x0000005e9f300000,0x0000005e9f400000)]
  0x0000019f399e9800 JavaThread "jar transforms Thread 3" [_thread_blocked, id=3448, stack(0x0000005e9f400000,0x0000005e9f500000)]
  0x0000019f399ed000 JavaThread "jar transforms Thread 4" [_thread_blocked, id=4240, stack(0x0000005e9f500000,0x0000005e9f600000)]
  0x0000019f399e7800 JavaThread "jar transforms Thread 5" [_thread_blocked, id=9860, stack(0x0000005e9f600000,0x0000005e9f700000)]
  0x0000019f399e8000 JavaThread "jar transforms Thread 6" [_thread_blocked, id=12444, stack(0x0000005e9f700000,0x0000005e9f800000)]
  0x0000019f399e9000 JavaThread "jar transforms Thread 7" [_thread_blocked, id=12976, stack(0x0000005e9f800000,0x0000005e9f900000)]
  0x0000019f399ee000 JavaThread "jar transforms Thread 8" [_thread_blocked, id=16136, stack(0x0000005e9f900000,0x0000005e9fa00000)]
  0x0000019f399ea800 JavaThread "Cache worker for checksums cache (C:\Users\xpmkm\Desktop\update_code_vezilla-server\codecanyon-L2GSbXtH-dairy-products-grocery-daily-milk-delivery-mobile-app-with-subscription-customer-app-delivery\test-vezilla-android-workspace\.gradle\checksums)" [_thread_blocked, id=18136, stack(0x0000005e9fa00000,0x0000005e9fb00000)]
  0x0000019f399eb800 JavaThread "Cache worker for cache directory md-supplier (C:\Users\xpmkm\.gradle\caches\7.0.2\md-supplier)" [_thread_blocked, id=14060, stack(0x0000005e9fb00000,0x0000005e9fc00000)]
  0x0000019f399ec000 JavaThread "Cache worker for cache directory md-rule (C:\Users\xpmkm\.gradle\caches\7.0.2\md-rule)" [_thread_blocked, id=8080, stack(0x0000005e9fc00000,0x0000005e9fd00000)]
  0x0000019f3bdbe000 JavaThread "Cache worker for execution history cache (C:\Users\xpmkm\.gradle\caches\7.0.2\executionHistory)" [_thread_blocked, id=15120, stack(0x0000005e9fd00000,0x0000005e9fe00000)]
  0x0000019f3bdbc000 JavaThread "Cache worker for file content cache (C:\Users\xpmkm\.gradle\caches\7.0.2\fileContent)" [_thread_blocked, id=15192, stack(0x0000005e9fe00000,0x0000005e9ff00000)]

Other Threads:
=>0x0000019f376c7000 VMThread "VM Thread" [stack: 0x0000005e9cf00000,0x0000005e9d000000] [id=10732]
  0x0000019f380cc000 WatcherThread [stack: 0x0000005e9d900000,0x0000005e9da00000] [id=18216]
  0x0000019f1d26d800 GCTaskThread "GC Thread#0" [stack: 0x0000005e9ca00000,0x0000005e9cb00000] [id=764]
  0x0000019f38ba1000 GCTaskThread "GC Thread#1" [stack: 0x0000005e9da00000,0x0000005e9db00000] [id=6292]
  0x0000019f38732800 GCTaskThread "GC Thread#2" [stack: 0x0000005e9db00000,0x0000005e9dc00000] [id=11436]
  0x0000019f399dc000 GCTaskThread "GC Thread#3" [stack: 0x0000005e9e600000,0x0000005e9e700000] [id=2376]
  0x0000019f3a25b800 GCTaskThread "GC Thread#4" [stack: 0x0000005e9e700000,0x0000005e9e800000] [id=16132]
  0x0000019f39993000 GCTaskThread "GC Thread#5" [stack: 0x0000005e9e800000,0x0000005e9e900000] [id=13352]
  0x0000019f39a3c800 GCTaskThread "GC Thread#6" [stack: 0x0000005e9e900000,0x0000005e9ea00000] [id=4876]
  0x0000019f39e6d800 GCTaskThread "GC Thread#7" [stack: 0x0000005e9ea00000,0x0000005e9eb00000] [id=14148]
  0x0000019f1d29f000 ConcurrentGCThread "G1 Main Marker" [stack: 0x0000005e9cb00000,0x0000005e9cc00000] [id=12804]
  0x0000019f1d2a0800 ConcurrentGCThread "G1 Conc#0" [stack: 0x0000005e9cc00000,0x0000005e9cd00000] [id=11240]
  0x0000019f3a07c000 ConcurrentGCThread "G1 Conc#1" [stack: 0x0000005e9ed00000,0x0000005e9ee00000] [id=2336]
  0x0000019f1d31d800 ConcurrentGCThread "G1 Refine#0" [stack: 0x0000005e9cd00000,0x0000005e9ce00000] [id=17784]
  0x0000019f37514800 ConcurrentGCThread "G1 Young RemSet Sampling" [stack: 0x0000005e9ce00000,0x0000005e9cf00000] [id=8916]

Threads with active compile tasks:
C2 CompilerThread0   5271 3480   !   4       jdk.internal.loader.URLClassPath$JarLoader::getResource (353 bytes)
C1 CompilerThread0   5271 3526       3       com.google.common.collect.ImmutableMap$Builder::put (17 bytes)

VM state:at safepoint (normal execution)

VM Mutex/Monitor currently owned by a thread:  ([mutex/lock_event])
[0x0000019f1d2503f0] Threads_lock - owner thread: 0x0000019f376c7000
[0x0000019f1d250ab0] Heap_lock - owner thread: 0x0000019f380a8000

Heap address: 0x0000000080000000, size: 2048 MB, Compressed Oops mode: 32-bit
Narrow klass base: 0x0000000000000000, Narrow klass shift: 3
Compressed class space size: 1073741824 Address: 0x0000000100000000

Heap:
 garbage-first heap   total 155648K, used 40220K [0x0000000080000000, 0x0000000100000000)
  region size 1024K, 6 young (6144K), 6 survivors (6144K)
 Metaspace       used 39471K, capacity 40538K, committed 40832K, reserved 1085440K
  class space    used 5041K, capacity 5433K, committed 5504K, reserved 1048576K
Heap Regions: E=young(eden), S=young(survivor), O=old, HS=humongous(starts), HC=humongous(continues), CS=collection set, F=free, A=archive, TAMS=top-at-mark-start (previous, next)
|   0|0x0000000080000000, 0x0000000080100000, 0x0000000080100000|100%| O|  |TAMS 0x0000000080100000, 0x0000000080100000| Untracked 
|   1|0x0000000080100000, 0x0000000080200000, 0x0000000080200000|100%| O|  |TAMS 0x0000000080200000, 0x0000000080200000| Untracked 
|   2|0x0000000080200000, 0x0000000080300000, 0x0000000080300000|100%| O|  |TAMS 0x0000000080300000, 0x0000000080300000| Untracked 
|   3|0x0000000080300000, 0x0000000080400000, 0x0000000080400000|100%|HS|  |TAMS 0x0000000080400000, 0x0000000080400000| Complete 
|   4|0x0000000080400000, 0x0000000080500000, 0x0000000080500000|100%|HC|  |TAMS 0x0000000080500000, 0x0000000080500000| Complete 
|   5|0x0000000080500000, 0x0000000080600000, 0x0000000080600000|100%|HC|  |TAMS 0x0000000080600000, 0x0000000080600000| Complete 
|   6|0x0000000080600000, 0x0000000080700000, 0x0000000080700000|100%| O|  |TAMS 0x0000000080700000, 0x0000000080700000| Untracked 
|   7|0x0000000080700000, 0x0000000080800000, 0x0000000080800000|100%| O|  |TAMS 0x0000000080800000, 0x0000000080800000| Untracked 
|   8|0x0000000080800000, 0x0000000080900000, 0x0000000080900000|100%| O|  |TAMS 0x0000000080900000, 0x0000000080900000| Untracked 
|   9|0x0000000080900000, 0x0000000080a00000, 0x0000000080a00000|100%| O|  |TAMS 0x0000000080a00000, 0x0000000080a00000| Untracked 
|  10|0x0000000080a00000, 0x0000000080b00000, 0x0000000080b00000|100%| O|  |TAMS 0x0000000080b00000, 0x0000000080b00000| Untracked 
|  11|0x0000000080b00000, 0x0000000080c00000, 0x0000000080c00000|100%| O|  |TAMS 0x0000000080c00000, 0x0000000080c00000| Untracked 
|  12|0x0000000080c00000, 0x0000000080d00000, 0x0000000080d00000|100%| O|  |TAMS 0x0000000080d00000, 0x0000000080d00000| Untracked 
|  13|0x0000000080d00000, 0x0000000080e00000, 0x0000000080e00000|100%| O|  |TAMS 0x0000000080e00000, 0x0000000080e00000| Untracked 
|  14|0x0000000080e00000, 0x0000000080f00000, 0x0000000080f00000|100%| O|  |TAMS 0x0000000080f00000, 0x0000000080f00000| Untracked 
|  15|0x0000000080f00000, 0x0000000081000000, 0x0000000081000000|100%| O|  |TAMS 0x0000000081000000, 0x0000000081000000| Untracked 
|  16|0x0000000081000000, 0x0000000081100000, 0x0000000081100000|100%| O|  |TAMS 0x0000000081100000, 0x0000000081100000| Untracked 
|  17|0x0000000081100000, 0x0000000081200000, 0x0000000081200000|100%|HS|  |TAMS 0x0000000081200000, 0x0000000081200000| Complete 
|  18|0x0000000081200000, 0x0000000081300000, 0x0000000081300000|100%|HC|  |TAMS 0x0000000081300000, 0x0000000081300000| Complete 
|  19|0x0000000081300000, 0x0000000081400000, 0x0000000081400000|100%|HS|  |TAMS 0x0000000081400000, 0x0000000081400000| Complete 
|  20|0x0000000081400000, 0x0000000081500000, 0x0000000081500000|100%|HC|  |TAMS 0x0000000081500000, 0x0000000081500000| Complete 
|  21|0x0000000081500000, 0x0000000081600000, 0x0000000081600000|100%|HC|  |TAMS 0x0000000081600000, 0x0000000081600000| Complete 
|  22|0x0000000081600000, 0x0000000081700000, 0x0000000081700000|100%|HS|  |TAMS 0x0000000081700000, 0x0000000081700000| Complete 
|  23|0x0000000081700000, 0x0000000081800000, 0x0000000081800000|100%|HC|  |TAMS 0x0000000081800000, 0x0000000081800000| Complete 
|  24|0x0000000081800000, 0x0000000081900000, 0x0000000081900000|100%|HC|  |TAMS 0x0000000081900000, 0x0000000081900000| Complete 
|  25|0x0000000081900000, 0x0000000081a00000, 0x0000000081a00000|100%|HC|  |TAMS 0x0000000081a00000, 0x0000000081a00000| Complete 
|  26|0x0000000081a00000, 0x0000000081b00000, 0x0000000081b00000|100%|HC|  |TAMS 0x0000000081b00000, 0x0000000081b00000| Complete 
|  27|0x0000000081b00000, 0x0000000081c00000, 0x0000000081c00000|100%| O|  |TAMS 0x0000000081c00000, 0x0000000081c00000| Untracked 
|  28|0x0000000081c00000, 0x0000000081d00000, 0x0000000081d00000|100%| O|  |TAMS 0x0000000081d00000, 0x0000000081d00000| Untracked 
|  29|0x0000000081d00000, 0x0000000081e00000, 0x0000000081e00000|100%| O|  |TAMS 0x0000000081e00000, 0x0000000081e00000| Untracked 
|  30|0x0000000081e00000, 0x0000000081f00000, 0x0000000081f00000|100%| O|  |TAMS 0x0000000081f00000, 0x0000000081f00000| Untracked 
|  31|0x0000000081f00000, 0x0000000082000000, 0x0000000082000000|100%| O|  |TAMS 0x0000000082000000, 0x0000000082000000| Untracked 
|  32|0x0000000082000000, 0x0000000082100000, 0x0000000082100000|100%| O|  |TAMS 0x0000000082100000, 0x0000000082100000| Untracked 
|  33|0x0000000082100000, 0x000000008215c000, 0x0000000082200000| 35%| O|  |TAMS 0x000000008215c000, 0x000000008215c000| Untracked 
|  34|0x0000000082200000, 0x0000000082200000, 0x0000000082300000|  0%| F|  |TAMS 0x0000000082200000, 0x0000000082200000| Untracked 
|  35|0x0000000082300000, 0x0000000082300000, 0x0000000082400000|  0%| F|  |TAMS 0x0000000082300000, 0x0000000082300000| Untracked 
|  36|0x0000000082400000, 0x0000000082400000, 0x0000000082500000|  0%| F|  |TAMS 0x0000000082400000, 0x0000000082400000| Untracked 
|  37|0x0000000082500000, 0x0000000082500000, 0x0000000082600000|  0%| F|  |TAMS 0x0000000082500000, 0x0000000082500000| Untracked 
|  38|0x0000000082600000, 0x0000000082600000, 0x0000000082700000|  0%| F|  |TAMS 0x0000000082600000, 0x0000000082600000| Untracked 
|  39|0x0000000082700000, 0x0000000082700000, 0x0000000082800000|  0%| F|  |TAMS 0x0000000082700000, 0x0000000082700000| Untracked 
|  40|0x0000000082800000, 0x0000000082800000, 0x0000000082900000|  0%| F|  |TAMS 0x0000000082800000, 0x0000000082800000| Untracked 
|  41|0x0000000082900000, 0x0000000082900000, 0x0000000082a00000|  0%| F|  |TAMS 0x0000000082900000, 0x0000000082900000| Untracked 
|  42|0x0000000082a00000, 0x0000000082a00000, 0x0000000082b00000|  0%| F|  |TAMS 0x0000000082a00000, 0x0000000082a00000| Untracked 
|  43|0x0000000082b00000, 0x0000000082b00000, 0x0000000082c00000|  0%| F|  |TAMS 0x0000000082b00000, 0x0000000082b00000| Untracked 
|  44|0x0000000082c00000, 0x0000000082c00000, 0x0000000082d00000|  0%| F|  |TAMS 0x0000000082c00000, 0x0000000082c00000| Untracked 
|  45|0x0000000082d00000, 0x0000000082d00000, 0x0000000082e00000|  0%| F|  |TAMS 0x0000000082d00000, 0x0000000082d00000| Untracked 
|  46|0x0000000082e00000, 0x0000000082e00000, 0x0000000082f00000|  0%| F|  |TAMS 0x0000000082e00000, 0x0000000082e00000| Untracked 
|  47|0x0000000082f00000, 0x0000000082f00000, 0x0000000083000000|  0%| F|  |TAMS 0x0000000082f00000, 0x0000000082f00000| Untracked 
|  48|0x0000000083000000, 0x0000000083000000, 0x0000000083100000|  0%| F|  |TAMS 0x0000000083000000, 0x0000000083000000| Untracked 
|  49|0x0000000083100000, 0x0000000083100000, 0x0000000083200000|  0%| F|  |TAMS 0x0000000083100000, 0x0000000083100000| Untracked 
|  50|0x0000000083200000, 0x0000000083200000, 0x0000000083300000|  0%| F|  |TAMS 0x0000000083200000, 0x0000000083200000| Untracked 
|  51|0x0000000083300000, 0x0000000083300000, 0x0000000083400000|  0%| F|  |TAMS 0x0000000083300000, 0x0000000083300000| Untracked 
|  52|0x0000000083400000, 0x0000000083400000, 0x0000000083500000|  0%| F|  |TAMS 0x0000000083400000, 0x0000000083400000| Untracked 
|  53|0x0000000083500000, 0x0000000083500000, 0x0000000083600000|  0%| F|  |TAMS 0x0000000083500000, 0x0000000083500000| Untracked 
|  54|0x0000000083600000, 0x0000000083600000, 0x0000000083700000|  0%| F|  |TAMS 0x0000000083600000, 0x0000000083600000| Untracked 
|  55|0x0000000083700000, 0x0000000083700000, 0x0000000083800000|  0%| F|  |TAMS 0x0000000083700000, 0x0000000083700000| Untracked 
|  56|0x0000000083800000, 0x0000000083800000, 0x0000000083900000|  0%| F|  |TAMS 0x0000000083800000, 0x0000000083800000| Untracked 
|  57|0x0000000083900000, 0x0000000083900000, 0x0000000083a00000|  0%| F|  |TAMS 0x0000000083900000, 0x0000000083900000| Untracked 
|  58|0x0000000083a00000, 0x0000000083a00000, 0x0000000083b00000|  0%| F|  |TAMS 0x0000000083a00000, 0x0000000083a00000| Untracked 
|  59|0x0000000083b00000, 0x0000000083b00000, 0x0000000083c00000|  0%| F|  |TAMS 0x0000000083b00000, 0x0000000083b00000| Untracked 
|  60|0x0000000083c00000, 0x0000000083c00000, 0x0000000083d00000|  0%| F|  |TAMS 0x0000000083c00000, 0x0000000083c00000| Untracked 
|  61|0x0000000083d00000, 0x0000000083d00000, 0x0000000083e00000|  0%| F|  |TAMS 0x0000000083d00000, 0x0000000083d00000| Untracked 
|  62|0x0000000083e00000, 0x0000000083e00000, 0x0000000083f00000|  0%| F|  |TAMS 0x0000000083e00000, 0x0000000083e00000| Untracked 
|  63|0x0000000083f00000, 0x0000000083f00000, 0x0000000084000000|  0%| F|  |TAMS 0x0000000083f00000, 0x0000000083f00000| Untracked 
|  64|0x0000000084000000, 0x0000000084000000, 0x0000000084100000|  0%| F|  |TAMS 0x0000000084000000, 0x0000000084000000| Untracked 
|  65|0x0000000084100000, 0x0000000084100000, 0x0000000084200000|  0%| F|  |TAMS 0x0000000084100000, 0x0000000084100000| Untracked 
|  66|0x0000000084200000, 0x0000000084200000, 0x0000000084300000|  0%| F|  |TAMS 0x0000000084200000, 0x0000000084200000| Untracked 
|  67|0x0000000084300000, 0x0000000084300000, 0x0000000084400000|  0%| F|  |TAMS 0x0000000084300000, 0x0000000084300000| Untracked 
|  68|0x0000000084400000, 0x0000000084400000, 0x0000000084500000|  0%| F|  |TAMS 0x0000000084400000, 0x0000000084400000| Untracked 
|  69|0x0000000084500000, 0x0000000084500000, 0x0000000084600000|  0%| F|  |TAMS 0x0000000084500000, 0x0000000084500000| Untracked 
|  70|0x0000000084600000, 0x0000000084600000, 0x0000000084700000|  0%| F|  |TAMS 0x0000000084600000, 0x0000000084600000| Untracked 
|  71|0x0000000084700000, 0x0000000084700000, 0x0000000084800000|  0%| F|  |TAMS 0x0000000084700000, 0x0000000084700000| Untracked 
|  72|0x0000000084800000, 0x0000000084800000, 0x0000000084900000|  0%| F|  |TAMS 0x0000000084800000, 0x0000000084800000| Untracked 
|  73|0x0000000084900000, 0x00000000849eb320, 0x0000000084a00000| 91%| S|CS|TAMS 0x0000000084900000, 0x0000000084900000| Complete 
|  74|0x0000000084a00000, 0x0000000084b00000, 0x0000000084b00000|100%| S|CS|TAMS 0x0000000084a00000, 0x0000000084a00000| Complete 
|  75|0x0000000084b00000, 0x0000000084c00000, 0x0000000084c00000|100%| S|CS|TAMS 0x0000000084b00000, 0x0000000084b00000| Complete 
|  76|0x0000000084c00000, 0x0000000084d00000, 0x0000000084d00000|100%| S|CS|TAMS 0x0000000084c00000, 0x0000000084c00000| Complete 
|  77|0x0000000084d00000, 0x0000000084e00000, 0x0000000084e00000|100%| S|CS|TAMS 0x0000000084d00000, 0x0000000084d00000| Complete 
|  78|0x0000000084e00000, 0x0000000084f00000, 0x0000000084f00000|100%| S|CS|TAMS 0x0000000084e00000, 0x0000000084e00000| Complete 
|  79|0x0000000084f00000, 0x0000000084f00000, 0x0000000085000000|  0%| F|  |TAMS 0x0000000084f00000, 0x0000000084f00000| Untracked 
|  80|0x0000000085000000, 0x0000000085000000, 0x0000000085100000|  0%| F|  |TAMS 0x0000000085000000, 0x0000000085000000| Untracked 
|  81|0x0000000085100000, 0x0000000085100000, 0x0000000085200000|  0%| F|  |TAMS 0x0000000085100000, 0x0000000085100000| Untracked 
|  82|0x0000000085200000, 0x0000000085200000, 0x0000000085300000|  0%| F|  |TAMS 0x0000000085200000, 0x0000000085200000| Untracked 
|  83|0x0000000085300000, 0x0000000085300000, 0x0000000085400000|  0%| F|  |TAMS 0x0000000085300000, 0x0000000085300000| Untracked 
|  84|0x0000000085400000, 0x0000000085400000, 0x0000000085500000|  0%| F|  |TAMS 0x0000000085400000, 0x0000000085400000| Untracked 
|  85|0x0000000085500000, 0x0000000085500000, 0x0000000085600000|  0%| F|  |TAMS 0x0000000085500000, 0x0000000085500000| Untracked 
|  86|0x0000000085600000, 0x0000000085600000, 0x0000000085700000|  0%| F|  |TAMS 0x0000000085600000, 0x0000000085600000| Untracked 
|  87|0x0000000085700000, 0x0000000085700000, 0x0000000085800000|  0%| F|  |TAMS 0x0000000085700000, 0x0000000085700000| Untracked 
|  88|0x0000000085800000, 0x0000000085800000, 0x0000000085900000|  0%| F|  |TAMS 0x0000000085800000, 0x0000000085800000| Untracked 
|  89|0x0000000085900000, 0x0000000085900000, 0x0000000085a00000|  0%| F|  |TAMS 0x0000000085900000, 0x0000000085900000| Untracked 
|  90|0x0000000085a00000, 0x0000000085a00000, 0x0000000085b00000|  0%| F|  |TAMS 0x0000000085a00000, 0x0000000085a00000| Untracked 
|  91|0x0000000085b00000, 0x0000000085b00000, 0x0000000085c00000|  0%| F|  |TAMS 0x0000000085b00000, 0x0000000085b00000| Untracked 
|  92|0x0000000085c00000, 0x0000000085c00000, 0x0000000085d00000|  0%| F|  |TAMS 0x0000000085c00000, 0x0000000085c00000| Untracked 
|  93|0x0000000085d00000, 0x0000000085d00000, 0x0000000085e00000|  0%| F|  |TAMS 0x0000000085d00000, 0x0000000085d00000| Untracked 
|  94|0x0000000085e00000, 0x0000000085e00000, 0x0000000085f00000|  0%| F|  |TAMS 0x0000000085e00000, 0x0000000085e00000| Untracked 
|  95|0x0000000085f00000, 0x0000000085f00000, 0x0000000086000000|  0%| F|  |TAMS 0x0000000085f00000, 0x0000000085f00000| Untracked 
|  96|0x0000000086000000, 0x0000000086000000, 0x0000000086100000|  0%| F|  |TAMS 0x0000000086000000, 0x0000000086000000| Untracked 
|  97|0x0000000086100000, 0x0000000086100000, 0x0000000086200000|  0%| F|  |TAMS 0x0000000086100000, 0x0000000086100000| Untracked 
|  98|0x0000000086200000, 0x0000000086200000, 0x0000000086300000|  0%| F|  |TAMS 0x0000000086200000, 0x0000000086200000| Untracked 
|  99|0x0000000086300000, 0x0000000086300000, 0x0000000086400000|  0%| F|  |TAMS 0x0000000086300000, 0x0000000086300000| Untracked 
| 100|0x0000000086400000, 0x0000000086400000, 0x0000000086500000|  0%| F|  |TAMS 0x0000000086400000, 0x0000000086400000| Untracked 
| 101|0x0000000086500000, 0x0000000086500000, 0x0000000086600000|  0%| F|  |TAMS 0x0000000086500000, 0x0000000086500000| Untracked 
| 102|0x0000000086600000, 0x0000000086600000, 0x0000000086700000|  0%| F|  |TAMS 0x0000000086600000, 0x0000000086600000| Untracked 
| 103|0x0000000086700000, 0x0000000086700000, 0x0000000086800000|  0%| F|  |TAMS 0x0000000086700000, 0x0000000086700000| Untracked 
| 104|0x0000000086800000, 0x0000000086800000, 0x0000000086900000|  0%| F|  |TAMS 0x0000000086800000, 0x0000000086800000| Untracked 
| 105|0x0000000086900000, 0x0000000086900000, 0x0000000086a00000|  0%| F|  |TAMS 0x0000000086900000, 0x0000000086900000| Untracked 
| 106|0x0000000086a00000, 0x0000000086a00000, 0x0000000086b00000|  0%| F|  |TAMS 0x0000000086a00000, 0x0000000086a00000| Untracked 
| 107|0x0000000086b00000, 0x0000000086b00000, 0x0000000086c00000|  0%| F|  |TAMS 0x0000000086b00000, 0x0000000086b00000| Untracked 
| 108|0x0000000086c00000, 0x0000000086c00000, 0x0000000086d00000|  0%| F|  |TAMS 0x0000000086c00000, 0x0000000086c00000| Untracked 
| 109|0x0000000086d00000, 0x0000000086d00000, 0x0000000086e00000|  0%| F|  |TAMS 0x0000000086d00000, 0x0000000086d00000| Untracked 
| 110|0x0000000086e00000, 0x0000000086e00000, 0x0000000086f00000|  0%| F|  |TAMS 0x0000000086e00000, 0x0000000086e00000| Untracked 
| 111|0x0000000086f00000, 0x0000000086f00000, 0x0000000087000000|  0%| F|  |TAMS 0x0000000086f00000, 0x0000000086f00000| Untracked 
| 112|0x0000000087000000, 0x0000000087000000, 0x0000000087100000|  0%| F|  |TAMS 0x0000000087000000, 0x0000000087000000| Untracked 
| 113|0x0000000087100000, 0x0000000087100000, 0x0000000087200000|  0%| F|  |TAMS 0x0000000087100000, 0x0000000087100000| Untracked 
| 114|0x0000000087200000, 0x0000000087200000, 0x0000000087300000|  0%| F|  |TAMS 0x0000000087200000, 0x0000000087200000| Untracked 
| 115|0x0000000087300000, 0x0000000087300000, 0x0000000087400000|  0%| F|  |TAMS 0x0000000087300000, 0x0000000087300000| Untracked 
| 116|0x0000000087400000, 0x0000000087400000, 0x0000000087500000|  0%| F|  |TAMS 0x0000000087400000, 0x0000000087400000| Untracked 
| 117|0x0000000087500000, 0x0000000087500000, 0x0000000087600000|  0%| F|  |TAMS 0x0000000087500000, 0x0000000087500000| Untracked 
| 118|0x0000000087600000, 0x0000000087600000, 0x0000000087700000|  0%| F|  |TAMS 0x0000000087600000, 0x0000000087600000| Untracked 
| 119|0x0000000087700000, 0x0000000087700000, 0x0000000087800000|  0%| F|  |TAMS 0x0000000087700000, 0x0000000087700000| Untracked 
| 120|0x0000000087800000, 0x0000000087800000, 0x0000000087900000|  0%| F|  |TAMS 0x0000000087800000, 0x0000000087800000| Untracked 
| 121|0x0000000087900000, 0x0000000087900000, 0x0000000087a00000|  0%| F|  |TAMS 0x0000000087900000, 0x0000000087900000| Untracked 
| 122|0x0000000087a00000, 0x0000000087a00000, 0x0000000087b00000|  0%| F|  |TAMS 0x0000000087a00000, 0x0000000087a00000| Untracked 
| 123|0x0000000087b00000, 0x0000000087b00000, 0x0000000087c00000|  0%| F|  |TAMS 0x0000000087b00000, 0x0000000087b00000| Untracked 
| 124|0x0000000087c00000, 0x0000000087c00000, 0x0000000087d00000|  0%| F|  |TAMS 0x0000000087c00000, 0x0000000087c00000| Untracked 
| 125|0x0000000087d00000, 0x0000000087d00000, 0x0000000087e00000|  0%| F|  |TAMS 0x0000000087d00000, 0x0000000087d00000| Untracked 

Card table byte_map: [0x0000019f30470000,0x0000019f30870000] _byte_map_base: 0x0000019f30070000

Marking Bits (Prev, Next): (CMBitMap*) 0x0000019f1d2965a8, (CMBitMap*) 0x0000019f1d2965e0
 Prev Bits: [0x0000019f30c70000, 0x0000019f32c70000)
 Next Bits: [0x0000019f32c70000, 0x0000019f34c70000)

Polling page: 0x0000019f1ca20000

Metaspace:

Usage:
  Non-class:     34.28 MB capacity,    33.62 MB ( 98%) used,   578.53 KB (  2%) free+waste,    95.75 KB ( <1%) overhead. 
      Class:      5.31 MB capacity,     4.92 MB ( 93%) used,   345.74 KB (  6%) free+waste,    46.25 KB ( <1%) overhead. 
       Both:     39.59 MB capacity,    38.55 MB ( 97%) used,   924.27 KB (  2%) free+waste,   142.00 KB ( <1%) overhead. 

Virtual space:
  Non-class space:       36.00 MB reserved,      34.50 MB ( 96%) committed 
      Class space:        1.00 GB reserved,       5.38 MB ( <1%) committed 
             Both:        1.04 GB reserved,      39.88 MB (  4%) committed 

Chunk freelists:
   Non-Class:  31.00 KB
       Class:  7.00 KB
        Both:  38.00 KB

MaxMetaspaceSize: 17179869184.00 GB
CompressedClassSpaceSize: 1.00 GB

CodeHeap 'non-profiled nmethods': size=120000Kb used=1432Kb max_used=1432Kb free=118568Kb
 bounds [0x0000019f28800000, 0x0000019f28a70000, 0x0000019f2fd30000]
CodeHeap 'profiled nmethods': size=120000Kb used=7157Kb max_used=7157Kb free=112842Kb
 bounds [0x0000019f212d0000, 0x0000019f219d0000, 0x0000019f28800000]
CodeHeap 'non-nmethods': size=5760Kb used=2200Kb max_used=2217Kb free=3559Kb
 bounds [0x0000019f20d30000, 0x0000019f20fa0000, 0x0000019f212d0000]
 total_blobs=4233 nmethods=3466 adapters=678
 compilation: enabled
              stopped_count=0, restarted_count=0
 full_count=0

Compilation events (20 events):
Event: 5.231 Thread 0x0000019f37f41000 nmethod 3515 0x0000019f219c7590 code [0x0000019f219c7740, 0x0000019f219c7958]
Event: 5.233 Thread 0x0000019f37f41000 3516       3       com.google.common.collect.ImmutableSet::chooseTableSize (61 bytes)
Event: 5.234 Thread 0x0000019f37f41000 nmethod 3516 0x0000019f219c7a10 code [0x0000019f219c7c40, 0x0000019f219c8238]
Event: 5.234 Thread 0x0000019f37f41000 3518       3       com.google.common.reflect.TypeResolver$TypeMappingIntrospector::visitClass (24 bytes)
Event: 5.235 Thread 0x0000019f37f41000 nmethod 3518 0x0000019f219c8490 code [0x0000019f219c8780, 0x0000019f219c9808]
Event: 5.235 Thread 0x0000019f37f41000 3517       3       com.google.common.collect.ImmutableCollection::<init> (5 bytes)
Event: 5.235 Thread 0x0000019f37f41000 nmethod 3517 0x0000019f219c9d10 code [0x0000019f219c9ec0, 0x0000019f219ca078]
Event: 5.235 Thread 0x0000019f37f41000 3519       3       com.google.common.collect.AbstractMapBasedMultimap$WrappedCollection::refreshIfEmpty (78 bytes)
Event: 5.235 Thread 0x0000019f37f41000 nmethod 3519 0x0000019f219ca190 code [0x0000019f219ca3a0, 0x0000019f219caab8]
Event: 5.244 Thread 0x0000019f37f41000 3520       3       org.gradle.internal.reflect.MutablePropertyDetails::getGetters (8 bytes)
Event: 5.245 Thread 0x0000019f37f41000 nmethod 3520 0x0000019f219cac90 code [0x0000019f219caea0, 0x0000019f219cb398]
Event: 5.245 Thread 0x0000019f37f41000 3521       3       org.gradle.internal.reflect.MutablePropertyDetails::getSetters (8 bytes)
Event: 5.245 Thread 0x0000019f37f41000 nmethod 3521 0x0000019f219cb590 code [0x0000019f219cb7a0, 0x0000019f219cbc98]
Event: 5.245 Thread 0x0000019f37f41000 3522       3       org.objectweb.asm.Frame::setLocal (65 bytes)
Event: 5.246 Thread 0x0000019f37f41000 nmethod 3522 0x0000019f219cbe90 code [0x0000019f219cc080, 0x0000019f219cc5a8]
Event: 5.246 Thread 0x0000019f37f41000 3523       3       com.google.common.collect.CompactHashMap::hashTableMask (8 bytes)
Event: 5.246 Thread 0x0000019f37f41000 nmethod 3523 0x0000019f219cc790 code [0x0000019f219cc940, 0x0000019f219cca58]
Event: 5.246 Thread 0x0000019f37f41000 3524       3       org.objectweb.asm.Handler::putExceptionTable (63 bytes)
Event: 5.246 Thread 0x0000019f37f41000 nmethod 3524 0x0000019f219ccb10 code [0x0000019f219ccd40, 0x0000019f219cd1a8]
Event: 5.250 Thread 0x0000019f37f41000 3526       3       com.google.common.collect.ImmutableMap$Builder::put (17 bytes)

GC Heap History (15 events):
Event: 0.833 GC heap before
{Heap before GC invocations=0 (full 0):
 garbage-first heap   total 129024K, used 29696K [0x0000000080000000, 0x0000000100000000)
  region size 1024K, 24 young (24576K), 0 survivors (0K)
 Metaspace       used 10189K, capacity 10363K, committed 10624K, reserved 1058816K
  class space    used 1064K, capacity 1141K, committed 1152K, reserved 1048576K
}
Event: 0.840 GC heap after
{Heap after GC invocations=1 (full 0):
 garbage-first heap   total 129024K, used 9153K [0x0000000080000000, 0x0000000100000000)
  region size 1024K, 3 young (3072K), 3 survivors (3072K)
 Metaspace       used 10189K, capacity 10363K, committed 10624K, reserved 1058816K
  class space    used 1064K, capacity 1141K, committed 1152K, reserved 1048576K
}
Event: 1.056 GC heap before
{Heap before GC invocations=1 (full 0):
 garbage-first heap   total 129024K, used 31681K [0x0000000080000000, 0x0000000100000000)
  region size 1024K, 25 young (25600K), 3 survivors (3072K)
 Metaspace       used 11104K, capacity 11380K, committed 11520K, reserved 1058816K
  class space    used 1165K, capacity 1245K, committed 1280K, reserved 1048576K
}
Event: 1.060 GC heap after
{Heap after GC invocations=2 (full 0):
 garbage-first heap   total 129024K, used 10288K [0x0000000080000000, 0x0000000100000000)
  region size 1024K, 1 young (1024K), 1 survivors (1024K)
 Metaspace       used 11104K, capacity 11380K, committed 11520K, reserved 1058816K
  class space    used 1165K, capacity 1245K, committed 1280K, reserved 1048576K
}
Event: 2.550 GC heap before
{Heap before GC invocations=2 (full 0):
 garbage-first heap   total 129024K, used 62512K [0x0000000080000000, 0x0000000100000000)
  region size 1024K, 52 young (53248K), 1 survivors (1024K)
 Metaspace       used 17772K, capacity 18219K, committed 18432K, reserved 1064960K
  class space    used 2098K, capacity 2249K, committed 2304K, reserved 1048576K
}
Event: 2.555 GC heap after
{Heap after GC invocations=3 (full 0):
 garbage-first heap   total 129024K, used 16771K [0x0000000080000000, 0x0000000100000000)
  region size 1024K, 7 young (7168K), 7 survivors (7168K)
 Metaspace       used 17772K, capacity 18219K, committed 18432K, reserved 1064960K
  class space    used 2098K, capacity 2249K, committed 2304K, reserved 1048576K
}
Event: 2.846 GC heap before
{Heap before GC invocations=3 (full 0):
 garbage-first heap   total 129024K, used 39299K [0x0000000080000000, 0x0000000100000000)
  region size 1024K, 30 young (30720K), 7 survivors (7168K)
 Metaspace       used 20615K, capacity 21091K, committed 21248K, reserved 1067008K
  class space    used 2515K, capacity 2701K, committed 2816K, reserved 1048576K
}
Event: 2.853 GC heap after
{Heap after GC invocations=4 (full 0):
 garbage-first heap   total 129024K, used 17406K [0x0000000080000000, 0x0000000100000000)
  region size 1024K, 1 young (1024K), 1 survivors (1024K)
 Metaspace       used 20615K, capacity 21091K, committed 21248K, reserved 1067008K
  class space    used 2515K, capacity 2701K, committed 2816K, reserved 1048576K
}
Event: 3.575 GC heap before
{Heap before GC invocations=5 (full 0):
 garbage-first heap   total 129024K, used 66558K [0x0000000080000000, 0x0000000100000000)
  region size 1024K, 50 young (51200K), 1 survivors (1024K)
 Metaspace       used 25927K, capacity 26570K, committed 26752K, reserved 1073152K
  class space    used 3397K, capacity 3639K, committed 3712K, reserved 1048576K
}
Event: 3.579 GC heap after
{Heap after GC invocations=6 (full 0):
 garbage-first heap   total 129024K, used 19182K [0x0000000080000000, 0x0000000100000000)
  region size 1024K, 3 young (3072K), 3 survivors (3072K)
 Metaspace       used 25927K, capacity 26570K, committed 26752K, reserved 1073152K
  class space    used 3397K, capacity 3639K, committed 3712K, reserved 1048576K
}
Event: 4.340 GC heap before
{Heap before GC invocations=6 (full 0):
 garbage-first heap   total 129024K, used 83694K [0x0000000080000000, 0x0000000100000000)
  region size 1024K, 56 young (57344K), 3 survivors (3072K)
 Metaspace       used 30579K, capacity 31448K, committed 31616K, reserved 1077248K
  class space    used 4141K, capacity 4453K, committed 4480K, reserved 1048576K
}
Event: 4.345 GC heap after
{Heap after GC invocations=7 (full 0):
 garbage-first heap   total 129024K, used 33763K [0x0000000080000000, 0x0000000100000000)
  region size 1024K, 7 young (7168K), 7 survivors (7168K)
 Metaspace       used 30579K, capacity 31448K, committed 31616K, reserved 1077248K
  class space    used 4141K, capacity 4453K, committed 4480K, reserved 1048576K
}
Event: 4.723 GC heap before
{Heap before GC invocations=7 (full 0):
 garbage-first heap   total 129024K, used 47075K [0x0000000080000000, 0x0000000100000000)
  region size 1024K, 22 young (22528K), 7 survivors (7168K)
 Metaspace       used 34819K, capacity 35726K, committed 35840K, reserved 1081344K
  class space    used 4556K, capacity 4899K, committed 4992K, reserved 1048576K
}
Event: 4.732 GC heap after
{Heap after GC invocations=8 (full 0):
 garbage-first heap   total 129024K, used 36900K [0x0000000080000000, 0x0000000100000000)
  region size 1024K, 3 young (3072K), 3 survivors (3072K)
 Metaspace       used 34819K, capacity 35726K, committed 35840K, reserved 1081344K
  class space    used 4556K, capacity 4899K, committed 4992K, reserved 1048576K
}
Event: 5.250 GC heap before
{Heap before GC invocations=9 (full 0):
 garbage-first heap   total 129024K, used 84004K [0x0000000080000000, 0x0000000100000000)
  region size 1024K, 47 young (48128K), 3 survivors (3072K)
 Metaspace       used 39471K, capacity 40538K, committed 40832K, reserved 1085440K
  class space    used 5041K, capacity 5433K, committed 5504K, reserved 1048576K
}

Deoptimization events (20 events):
Event: 4.898 Thread 0x0000019f380a8000 DEOPT PACKING pc=0x0000019f2886cdb8 sp=0x0000005e9e2f85c0
Event: 4.898 Thread 0x0000019f380a8000 DEOPT UNPACKING pc=0x0000019f20d578af sp=0x0000005e9e2f8550 mode 2
Event: 4.989 Thread 0x0000019f380a8000 DEOPT PACKING pc=0x0000019f21957d40 sp=0x0000005e9e2f8540
Event: 4.989 Thread 0x0000019f380a8000 DEOPT UNPACKING pc=0x0000019f20d576ce sp=0x0000005e9e2f7a58 mode 0
Event: 5.094 Thread 0x0000019f380a8000 Uncommon trap: trap_request=0xffffffde fr.pc=0x0000019f289594d0 relative=0x0000000000000690
Event: 5.094 Thread 0x0000019f380a8000 Uncommon trap: reason=class_check action=maybe_recompile pc=0x0000019f289594d0 method=java.util.regex.Pattern$Start.match(Ljava/util/regex/Matcher;ILjava/lang/CharSequence;)Z @ 44 c2
Event: 5.094 Thread 0x0000019f380a8000 DEOPT PACKING pc=0x0000019f289594d0 sp=0x0000005e9e2f8350
Event: 5.094 Thread 0x0000019f380a8000 DEOPT UNPACKING pc=0x0000019f20d578af sp=0x0000005e9e2f8290 mode 2
Event: 5.094 Thread 0x0000019f380a8000 Uncommon trap: trap_request=0xffffffde fr.pc=0x0000019f289594d0 relative=0x0000000000000690
Event: 5.094 Thread 0x0000019f380a8000 Uncommon trap: reason=class_check action=maybe_recompile pc=0x0000019f289594d0 method=java.util.regex.Pattern$Start.match(Ljava/util/regex/Matcher;ILjava/lang/CharSequence;)Z @ 44 c2
Event: 5.094 Thread 0x0000019f380a8000 DEOPT PACKING pc=0x0000019f289594d0 sp=0x0000005e9e2f8350
Event: 5.094 Thread 0x0000019f380a8000 DEOPT UNPACKING pc=0x0000019f20d578af sp=0x0000005e9e2f8290 mode 2
Event: 5.094 Thread 0x0000019f380a8000 Uncommon trap: trap_request=0xffffffde fr.pc=0x0000019f289594d0 relative=0x0000000000000690
Event: 5.094 Thread 0x0000019f380a8000 Uncommon trap: reason=class_check action=maybe_recompile pc=0x0000019f289594d0 method=java.util.regex.Pattern$Start.match(Ljava/util/regex/Matcher;ILjava/lang/CharSequence;)Z @ 44 c2
Event: 5.094 Thread 0x0000019f380a8000 DEOPT PACKING pc=0x0000019f289594d0 sp=0x0000005e9e2f8350
Event: 5.094 Thread 0x0000019f380a8000 DEOPT UNPACKING pc=0x0000019f20d578af sp=0x0000005e9e2f8290 mode 2
Event: 5.094 Thread 0x0000019f380a8000 Uncommon trap: trap_request=0xffffffde fr.pc=0x0000019f289594d0 relative=0x0000000000000690
Event: 5.094 Thread 0x0000019f380a8000 Uncommon trap: reason=class_check action=maybe_recompile pc=0x0000019f289594d0 method=java.util.regex.Pattern$Start.match(Ljava/util/regex/Matcher;ILjava/lang/CharSequence;)Z @ 44 c2
Event: 5.094 Thread 0x0000019f380a8000 DEOPT PACKING pc=0x0000019f289594d0 sp=0x0000005e9e2f8350
Event: 5.094 Thread 0x0000019f380a8000 DEOPT UNPACKING pc=0x0000019f20d578af sp=0x0000005e9e2f8290 mode 2

Classes redefined (0 events):
No events

Internal exceptions (20 events):
Event: 5.054 Thread 0x0000019f380a8000 Exception <a 'java/lang/ClassNotFoundException'{0x0000000085ce9260}: org/gradle/groovy/scripts/DefaultScriptBeanInfo> (0x0000000085ce9260) thrown at [./src/hotspot/share/classfile/systemDictionary.cpp, line 231]
Event: 5.054 Thread 0x0000019f380a8000 Exception <a 'java/lang/ClassNotFoundException'{0x0000000085cff108}: org/gradle/groovy/scripts/BasicScriptBeanInfo> (0x0000000085cff108) thrown at [./src/hotspot/share/classfile/systemDictionary.cpp, line 231]
Event: 5.054 Thread 0x0000019f380a8000 Exception <a 'java/lang/ClassNotFoundException'{0x0000000085b143c8}: org/gradle/groovy/scripts/ScriptBeanInfo> (0x0000000085b143c8) thrown at [./src/hotspot/share/classfile/systemDictionary.cpp, line 231]
Event: 5.055 Thread 0x0000019f380a8000 Exception <a 'java/lang/ClassNotFoundException'{0x0000000085b34d78}: groovy/lang/ScriptBeanInfo> (0x0000000085b34d78) thrown at [./src/hotspot/share/classfile/systemDictionary.cpp, line 231]
Event: 5.055 Thread 0x0000019f380a8000 Exception <a 'java/lang/ClassNotFoundException'{0x0000000085b55f18}: groovy/lang/ScriptCustomizer> (0x0000000085b55f18) thrown at [./src/hotspot/share/classfile/systemDictionary.cpp, line 231]
Event: 5.056 Thread 0x0000019f380a8000 Exception <a 'java/lang/ClassNotFoundException'{0x0000000085b72de8}: org/gradle/groovy/scripts/ScriptCustomizer> (0x0000000085b72de8) thrown at [./src/hotspot/share/classfile/systemDictionary.cpp, line 231]
Event: 5.057 Thread 0x0000019f380a8000 Exception <a 'java/lang/ClassNotFoundException'{0x0000000085b8fbd8}: org/gradle/groovy/scripts/BasicScriptCustomizer> (0x0000000085b8fbd8) thrown at [./src/hotspot/share/classfile/systemDictionary.cpp, line 231]
Event: 5.058 Thread 0x0000019f380a8000 Exception <a 'java/lang/ClassNotFoundException'{0x0000000085bb22d8}: org/gradle/groovy/scripts/DefaultScriptCustomizer> (0x0000000085bb22d8) thrown at [./src/hotspot/share/classfile/systemDictionary.cpp, line 231]
Event: 5.061 Thread 0x0000019f380a8000 Exception <a 'java/lang/ClassNotFoundException'{0x0000000085bfe268}: org/gradle/initialization/InitScriptCustomizer> (0x0000000085bfe268) thrown at [./src/hotspot/share/classfile/systemDictionary.cpp, line 231]
Event: 5.062 Thread 0x0000019f380a8000 Exception <a 'java/lang/ClassNotFoundException'{0x0000000085a13628}: sync_studio_tooling4_c3a4xzxj2aeoc0dgx8mgqza09Customizer> (0x0000000085a13628) thrown at [./src/hotspot/share/classfile/systemDictionary.cpp, line 231]
Event: 5.074 Thread 0x0000019f380a8000 Exception <a 'java/lang/ClassNotFoundException'{0x0000000085af43e0}: org/gradle/internal/extensibility/DefaultExtraPropertiesExtensionBeanInfo> (0x0000000085af43e0) thrown at [./src/hotspot/share/classfile/systemDictionary.cpp, line 231]
Event: 5.074 Thread 0x0000019f380a8000 Exception <a 'java/lang/ClassNotFoundException'{0x000000008590e2c8}: org/gradle/internal/extensibility/DefaultExtraPropertiesExtensionCustomizer> (0x000000008590e2c8) thrown at [./src/hotspot/share/classfile/systemDictionary.cpp, line 231]
Event: 5.091 Thread 0x0000019f380a8000 Exception <a 'java/lang/ClassNotFoundException'{0x0000000085812508}: groovy/lang/Closure$1BeanInfo> (0x0000000085812508) thrown at [./src/hotspot/share/classfile/systemDictionary.cpp, line 231]
Event: 5.092 Thread 0x0000019f380a8000 Exception <a 'java/lang/ClassNotFoundException'{0x00000000858464a8}: groovy/lang/ClosureBeanInfo> (0x00000000858464a8) thrown at [./src/hotspot/share/classfile/systemDictionary.cpp, line 231]
Event: 5.093 Thread 0x0000019f380a8000 Exception <a 'java/lang/ClassNotFoundException'{0x0000000085879fa0}: groovy/lang/ClosureCustomizer> (0x0000000085879fa0) thrown at [./src/hotspot/share/classfile/systemDictionary.cpp, line 231]
Event: 5.096 Thread 0x0000019f380a8000 Exception <a 'java/lang/ClassNotFoundException'{0x00000000858d06a8}: groovy/lang/Closure$1Customizer> (0x00000000858d06a8) thrown at [./src/hotspot/share/classfile/systemDictionary.cpp, line 231]
Event: 5.172 Thread 0x0000019f380a8000 Exception <a 'java/lang/ClassNotFoundException'{0x0000000085411530}: org/gradle/internal/metaobject/ConfigureDelegateBeanInfo> (0x0000000085411530) thrown at [./src/hotspot/share/classfile/systemDictionary.cpp, line 231]
Event: 5.172 Thread 0x0000019f380a8000 Exception <a 'java/lang/ClassNotFoundException'{0x00000000854382f0}: org/gradle/internal/metaobject/ConfigureDelegateCustomizer> (0x00000000854382f0) thrown at [./src/hotspot/share/classfile/systemDictionary.cpp, line 231]
Event: 5.179 Thread 0x0000019f380a8000 Exception <a 'java/lang/ClassNotFoundException'{0x00000000854b0560}: org/gradle/api/internal/initialization/DefaultScriptHandlerBeanInfo> (0x00000000854b0560) thrown at [./src/hotspot/share/classfile/systemDictionary.cpp, line 231]
Event: 5.179 Thread 0x0000019f380a8000 Exception <a 'java/lang/ClassNotFoundException'{0x00000000854db748}: org/gradle/api/internal/initialization/DefaultScriptHandlerCustomizer> (0x00000000854db748) thrown at [./src/hotspot/share/classfile/systemDictionary.cpp, line 231]

Events (20 events):
Event: 5.244 loading class org/gradle/api/internal/artifacts/configurations/DefaultConfigurationPublications$ConfigurationVariantFactory done
Event: 5.244 loading class org/gradle/api/artifacts/ConfigurationVariant
Event: 5.244 loading class org/gradle/api/artifacts/ConfigurationVariant done
Event: 5.247 loading class org/gradle/api/internal/artifacts/configurations/DefaultConfiguration$ResolveState$1
Event: 5.247 loading class org/gradle/api/internal/artifacts/configurations/DefaultConfiguration$ResolveState$1 done
Event: 5.247 loading class org/gradle/api/internal/initialization/RootScriptDomainObjectContext$CalculatedModelValueImpl
Event: 5.247 loading class org/gradle/api/internal/initialization/RootScriptDomainObjectContext$CalculatedModelValueImpl done
Event: 5.248 loading class org/gradle/api/internal/DefaultNamedDomainObjectCollection$ObjectBackedElementInfo
Event: 5.248 loading class org/gradle/api/internal/DefaultNamedDomainObjectCollection$ObjectBackedElementInfo done
Event: 5.248 loading class org/gradle/api/internal/DefaultNamedDomainObjectCollection$ElementInfo
Event: 5.248 loading class org/gradle/api/internal/DefaultNamedDomainObjectCollection$ElementInfo done
Event: 5.249 loading class org/gradle/internal/snapshot/impl/CoercingStringValueSnapshot
Event: 5.249 loading class org/gradle/internal/snapshot/impl/CoercingStringValueSnapshot done
Event: 5.249 loading class org/gradle/internal/snapshot/impl/StringValueSnapshot
Event: 5.249 loading class org/gradle/internal/snapshot/impl/StringValueSnapshot done
Event: 5.250 loading class org/gradle/api/internal/attributes/ImmutableAttributes
Event: 5.250 loading class org/gradle/api/internal/attributes/ImmutableAttributes done
Event: 5.250 loading class org/gradle/api/internal/attributes/ImmutableAttributes
Event: 5.250 loading class org/gradle/api/internal/attributes/ImmutableAttributes done
Event: 5.250 Executing VM operation: G1CollectForAllocation


Dynamic libraries:
0x00007ff7088c0000 - 0x00007ff7088ca000 	C:\Program Files\Android\Android Studio3\jre\bin\java.exe
0x00007ffae8900000 - 0x00007ffae8b0f000 	C:\WINDOWS\SYSTEM32\ntdll.dll
0x00007ffae7cf0000 - 0x00007ffae7dad000 	C:\WINDOWS\System32\KERNEL32.DLL
0x00007ffae62a0000 - 0x00007ffae6626000 	C:\WINDOWS\System32\KERNELBASE.dll
0x00007ffae2ec0000 - 0x00007ffae2f52000 	C:\WINDOWS\SYSTEM32\apphelp.dll
0x00007ffae6030000 - 0x00007ffae6141000 	C:\WINDOWS\System32\ucrtbase.dll
0x00007ffad0e70000 - 0x00007ffad0e89000 	C:\Program Files\Android\Android Studio3\jre\bin\jli.dll
0x00007ffacf670000 - 0x00007ffacf687000 	C:\Program Files\Android\Android Studio3\jre\bin\VCRUNTIME140.dll
0x00007ffae72d0000 - 0x00007ffae747b000 	C:\WINDOWS\System32\USER32.dll
0x00007ffae6000000 - 0x00007ffae6026000 	C:\WINDOWS\System32\win32u.dll
0x00007ffad3740000 - 0x00007ffad39e1000 	C:\WINDOWS\WinSxS\amd64_microsoft.windows.common-controls_6595b64144ccf1df_6.0.22468.1000_none_266f4f372a53a5e7\COMCTL32.dll
0x00007ffae7bb0000 - 0x00007ffae7bd9000 	C:\WINDOWS\System32\GDI32.dll
0x00007ffae7580000 - 0x00007ffae7624000 	C:\WINDOWS\System32\msvcrt.dll
0x00007ffae5dd0000 - 0x00007ffae5ee7000 	C:\WINDOWS\System32\gdi32full.dll
0x00007ffae5f60000 - 0x00007ffae5ffb000 	C:\WINDOWS\System32\msvcp_win.dll
0x00007ffae7540000 - 0x00007ffae7571000 	C:\WINDOWS\System32\IMM32.DLL
0x00007ffab8920000 - 0x00007ffab89bd000 	C:\Program Files\Android\Android Studio3\jre\bin\msvcp140.dll
0x00007ffa73600000 - 0x00007ffa740cf000 	C:\Program Files\Android\Android Studio3\jre\bin\server\jvm.dll
0x00007ffae7810000 - 0x00007ffae78be000 	C:\WINDOWS\System32\ADVAPI32.dll
0x00007ffae7770000 - 0x00007ffae780f000 	C:\WINDOWS\System32\sechost.dll
0x00007ffae7a90000 - 0x00007ffae7bb0000 	C:\WINDOWS\System32\RPCRT4.dll
0x00007ffae7a50000 - 0x00007ffae7a58000 	C:\WINDOWS\System32\PSAPI.DLL
0x00007ffae3810000 - 0x00007ffae3819000 	C:\WINDOWS\SYSTEM32\WSOCK32.dll
0x00007ffadaa40000 - 0x00007ffadaa73000 	C:\WINDOWS\SYSTEM32\WINMM.dll
0x00007ffae20c0000 - 0x00007ffae20ca000 	C:\WINDOWS\SYSTEM32\VERSION.dll
0x00007ffae7be0000 - 0x00007ffae7c51000 	C:\WINDOWS\System32\WS2_32.dll
0x00007ffae4f90000 - 0x00007ffae4fa8000 	C:\WINDOWS\SYSTEM32\kernel.appcore.dll
0x00007ffae2970000 - 0x00007ffae2981000 	C:\Program Files\Android\Android Studio3\jre\bin\verify.dll
0x00007ffade2c0000 - 0x00007ffade4e7000 	C:\WINDOWS\SYSTEM32\DBGHELP.DLL
0x00007ffae6f50000 - 0x00007ffae72cc000 	C:\WINDOWS\System32\combase.dll
0x00007ffade280000 - 0x00007ffade2b1000 	C:\WINDOWS\SYSTEM32\dbgcore.DLL
0x00007ffae6150000 - 0x00007ffae61d1000 	C:\WINDOWS\System32\bcryptPrimitives.dll
0x00007ffae2940000 - 0x00007ffae2969000 	C:\Program Files\Android\Android Studio3\jre\bin\java.dll
0x00007ffae3800000 - 0x00007ffae380b000 	C:\Program Files\Android\Android Studio3\jre\bin\jimage.dll
0x00007ffae2920000 - 0x00007ffae2938000 	C:\Program Files\Android\Android Studio3\jre\bin\zip.dll
0x00007ffae67a0000 - 0x00007ffae6f4b000 	C:\WINDOWS\System32\SHELL32.dll
0x00007ffae3e30000 - 0x00007ffae468c000 	C:\WINDOWS\SYSTEM32\windows.storage.dll
0x00007ffae3cc0000 - 0x00007ffae3e28000 	C:\WINDOWS\SYSTEM32\wintypes.dll
0x00007ffae86e0000 - 0x00007ffae87d0000 	C:\WINDOWS\System32\SHCORE.dll
0x00007ffae7c90000 - 0x00007ffae7ceb000 	C:\WINDOWS\System32\shlwapi.dll
0x00007ffae5d00000 - 0x00007ffae5d21000 	C:\WINDOWS\SYSTEM32\profapi.dll
0x00007ffae12e0000 - 0x00007ffae12fa000 	C:\Program Files\Android\Android Studio3\jre\bin\net.dll
0x00007ffadf020000 - 0x00007ffadf130000 	C:\WINDOWS\SYSTEM32\WINHTTP.dll
0x00007ffae53e0000 - 0x00007ffae5449000 	C:\WINDOWS\system32\mswsock.dll
0x00007ffadd7a0000 - 0x00007ffadd7b4000 	C:\Program Files\Android\Android Studio3\jre\bin\nio.dll
0x00007ffaceca0000 - 0x00007ffacecc7000 	C:\Users\xpmkm\.gradle\native\8bec1ad78214c89d9ad589b4d07fe93259594b29d510b10fafb7a158f7737e5d\windows-amd64\native-platform.dll
0x00007ffac1cd0000 - 0x00007ffac1e0d000 	C:\Users\xpmkm\.gradle\native\53dbd7edfb1c66fb8903c78663c9afc45aea4f116125fa6feffd364cf09443e8\windows-amd64\native-platform-file-events.dll
0x00007ffae2ac0000 - 0x00007ffae2aca000 	C:\Program Files\Android\Android Studio3\jre\bin\management.dll
0x00007ffae28b0000 - 0x00007ffae28bc000 	C:\Program Files\Android\Android Studio3\jre\bin\management_ext.dll
0x00007ffae5630000 - 0x00007ffae5648000 	C:\WINDOWS\SYSTEM32\CRYPTSP.dll
0x00007ffae4ef0000 - 0x00007ffae4f25000 	C:\WINDOWS\system32\rsaenh.dll
0x00007ffae54e0000 - 0x00007ffae5509000 	C:\WINDOWS\SYSTEM32\USERENV.dll
0x00007ffae57b0000 - 0x00007ffae57d8000 	C:\WINDOWS\SYSTEM32\bcrypt.dll
0x00007ffae5650000 - 0x00007ffae565c000 	C:\WINDOWS\SYSTEM32\CRYPTBASE.dll
0x00007ffae4970000 - 0x00007ffae499d000 	C:\WINDOWS\SYSTEM32\IPHLPAPI.DLL
0x00007ffae7a60000 - 0x00007ffae7a69000 	C:\WINDOWS\System32\NSI.dll
0x00007ffae3130000 - 0x00007ffae3149000 	C:\WINDOWS\SYSTEM32\dhcpcsvc6.DLL
0x00007ffae3110000 - 0x00007ffae312e000 	C:\WINDOWS\SYSTEM32\dhcpcsvc.DLL
0x00007ffae49a0000 - 0x00007ffae4a91000 	C:\WINDOWS\SYSTEM32\DNSAPI.dll

dbghelp: loaded successfully - version: 4.0.5 - missing functions: none
symbol engine: initialized successfully - sym options: 0x614 - pdb path: .;C:\Program Files\Android\Android Studio3\jre\bin;C:\WINDOWS\SYSTEM32;C:\WINDOWS\WinSxS\amd64_microsoft.windows.common-controls_6595b64144ccf1df_6.0.22468.1000_none_266f4f372a53a5e7;C:\Program Files\Android\Android Studio3\jre\bin\server;C:\Users\xpmkm\.gradle\native\8bec1ad78214c89d9ad589b4d07fe93259594b29d510b10fafb7a158f7737e5d\windows-amd64;C:\Users\xpmkm\.gradle\native\53dbd7edfb1c66fb8903c78663c9afc45aea4f116125fa6feffd364cf09443e8\windows-amd64

VM Arguments:
jvm_args: --add-opens=java.base/java.util=ALL-UNNAMED --add-opens=java.base/java.lang=ALL-UNNAMED --add-opens=java.base/java.lang.invoke=ALL-UNNAMED --add-opens=java.base/java.util=ALL-UNNAMED --add-opens=java.prefs/java.util.prefs=ALL-UNNAMED --add-opens=java.prefs/java.util.prefs=ALL-UNNAMED --add-opens=java.base/java.nio.charset=ALL-UNNAMED --add-opens=java.base/java.net=ALL-UNNAMED --add-opens=java.base/java.util.concurrent.atomic=ALL-UNNAMED -Xmx2048m -Dfile.encoding=UTF-8 -Duser.country=IN -Duser.language=en -Duser.variant 
java_command: org.gradle.launcher.daemon.bootstrap.GradleDaemon 7.0.2
java_class_path (initial): C:\Users\xpmkm\.gradle\wrapper\dists\gradle-7.0.2-bin\857tjihv64xamwrf0h14cai3r\gradle-7.0.2\lib\gradle-launcher-7.0.2.jar
Launcher Type: SUN_STANDARD

[Global flags]
     intx CICompilerCount                          = 4                                         {product} {ergonomic}
     uint ConcGCThreads                            = 2                                         {product} {ergonomic}
     uint G1ConcRefinementThreads                  = 8                                         {product} {ergonomic}
   size_t G1HeapRegionSize                         = 1048576                                   {product} {ergonomic}
    uintx GCDrainStackTargetSize                   = 64                                        {product} {ergonomic}
   size_t InitialHeapSize                          = 132120576                                 {product} {ergonomic}
   size_t MarkStackSize                            = 4194304                                   {product} {ergonomic}
   size_t MaxHeapSize                              = 2147483648                                {product} {command line}
   size_t MaxNewSize                               = 1287651328                                {product} {ergonomic}
   size_t MinHeapDeltaBytes                        = 1048576                                   {product} {ergonomic}
    uintx NonNMethodCodeHeapSize                   = 5836300                                {pd product} {ergonomic}
    uintx NonProfiledCodeHeapSize                  = 122910970                              {pd product} {ergonomic}
    uintx ProfiledCodeHeapSize                     = 122910970                              {pd product} {ergonomic}
    uintx ReservedCodeCacheSize                    = 251658240                              {pd product} {ergonomic}
     bool SegmentedCodeCache                       = true                                      {product} {ergonomic}
     bool UseCompressedClassPointers               = true                                 {lp64_product} {ergonomic}
     bool UseCompressedOops                        = true                                 {lp64_product} {ergonomic}
     bool UseG1GC                                  = true                                      {product} {ergonomic}
     bool UseLargePagesIndividualAllocation        = false                                  {pd product} {ergonomic}

Logging:
Log output configuration:
 #0: stdout all=warning uptime,level,tags
 #1: stderr all=off uptime,level,tags

Environment Variables:
PATH=C:\Program Files (x86)\Common Files\Oracle\Java\javapath;C:\WINDOWS\system32;C:\WINDOWS;C:\WINDOWS\System32\Wbem;C:\WINDOWS\System32\WindowsPowerShell\v1.0\;C:\WINDOWS\System32\OpenSSH\;C:\Program Files\Git\cmd;C:\Program Files\nodejs\;C:\xampp\php;C:\ProgramData\ComposerSetup\bin;C:\Users\xpmkm\AppData\Local\Android\Sdk\platform-tools;C:\Program Files\Java\jdk1.8.0_231\bin;C:\Program Files\opnsl\bin;C:\Users\xpmkm\AppData\Roaming\npm;C:\Users\xpmkm\AppData\Local\Programs\Microsoft VS Code\bin;C:\Program Files\flutter\bin;C:\Users\xpmkm\AppData\Roaming\Composer\vendor\bin;C:\Users\xpmkm\AppData\Local\Microsoft\WindowsApps;
USERNAME=xpmkm
OS=Windows_NT
PROCESSOR_IDENTIFIER=AMD64 Family 23 Model 24 Stepping 1, AuthenticAMD



---------------  S Y S T E M  ---------------

OS: Windows 10 , 64 bit Build 22468 (10.0.22468.1000)
OS uptime: 5 days 17:16 hours

CPU:total 8 (initial active 8) (8 cores per cpu, 2 threads per core) family 23 model 24 stepping 1 microcode 0x0, cmov, cx8, fxsr, mmx, sse, sse2, sse3, ssse3, sse4.1, sse4.2, popcnt, avx, avx2, aes, clmul, mmxext, 3dnowpref, lzcnt, sse4a, ht, tsc, tscinvbit, tscinv, bmi1, bmi2, adx, s

Memory: 4k page, system-wide physical 8002M (230M free)
TotalPageFile size 12098M (AvailPageFile size 15M)
current process WorkingSet (physical memory assigned to process): 226M, peak: 233M
current process commit charge ("private bytes"): 293M, peak: 318M

vm_info: OpenJDK 64-Bit Server VM (11.0.10+0-b96-7249189) for windows-amd64 JRE (11.0.10+0-b96-7249189), built on Mar 31 2021 21:44:00 by "builder" with MS VC++ 14.0 (VS2015)

END.
