#
# There is insufficient memory for the Java Runtime Environment to continue.
# Native memory allocation (malloc) failed to allocate 137456 bytes for Chunk::new
# Possible reasons:
#   The system is out of physical RAM or swap space
#   The process is running with CompressedOops enabled, and the Java Heap may be blocking the growth of the native heap
# Possible solutions:
#   Reduce memory load on the system
#   Increase physical memory or swap space
#   Check if swap backing store is full
#   Decrease Java heap size (-Xmx/-Xms)
#   Decrease number of Java threads
#   Decrease Java thread stack sizes (-Xss)
#   Set larger code cache with -XX:ReservedCodeCacheSize=
#   JVM is running with Unscaled Compressed Oops mode in which the Java heap is
#     placed in the first 4GB address space. The Java Heap base address is the
#     maximum limit for the native heap growth. Please use -XX:HeapBaseMinAddress
#     to set the Java Heap base and to place the Java Heap above 4GB virtual address.
# This output file may be truncated or incomplete.
#
#  Out of Memory Error (./src/hotspot/share/memory/arena.cpp:197), pid=2724, tid=6300
#
# JRE version: OpenJDK Runtime Environment (11.0.10) (build 11.0.10+0-b96-7249189)
# Java VM: OpenJDK 64-Bit Server VM (11.0.10+0-b96-7249189, mixed mode, tiered, compressed oops, g1 gc, windows-amd64)
# No core dump will be written. Minidumps are not enabled by default on client versions of Windows
#

---------------  S U M M A R Y ------------

Command Line: --add-opens=java.base/java.util=ALL-UNNAMED --add-opens=java.base/java.lang=ALL-UNNAMED --add-opens=java.base/java.lang.invoke=ALL-UNNAMED --add-opens=java.base/java.util=ALL-UNNAMED --add-opens=java.prefs/java.util.prefs=ALL-UNNAMED --add-opens=java.prefs/java.util.prefs=ALL-UNNAMED --add-opens=java.base/java.nio.charset=ALL-UNNAMED --add-opens=java.base/java.net=ALL-UNNAMED --add-opens=java.base/java.util.concurrent.atomic=ALL-UNNAMED -Xmx2048m -Dfile.encoding=UTF-8 -Duser.country=IN -Duser.language=en -Duser.variant org.gradle.launcher.daemon.bootstrap.GradleDaemon 7.0.2

Host: AMD Ryzen 5 3550H with Radeon Vega Mobile Gfx  , 8 cores, 7G,  Windows 10 , 64 bit Build 22471 (10.0.22471.1000)
Time: Fri Oct  8 13:11:08 2021 India Standard Time elapsed time: 6.066848 seconds (0d 0h 0m 6s)

---------------  T H R E A D  ---------------

Current thread (0x000001e93b2ec800):  JavaThread "C2 CompilerThread0" daemon [_thread_in_native, id=6300, stack(0x00000063cbc00000,0x00000063cbd00000)]


Current CompileTask:
C2:   6066 4249       4       org.gradle.util.internal.SimpleMapInterner::intern (9 bytes)

Stack: [0x00000063cbc00000,0x00000063cbd00000]
Native frames: (J=compiled Java code, j=interpreted, Vv=VM code, C=native code)
V  [jvm.dll+0x5ecfaa]
V  [jvm.dll+0x722bd5]
V  [jvm.dll+0x72412d]
V  [jvm.dll+0x7247e3]
V  [jvm.dll+0x242928]
V  [jvm.dll+0xbc4fc]
V  [jvm.dll+0xbca0c]
V  [jvm.dll+0x2b4fd4]
V  [jvm.dll+0x506028]
V  [jvm.dll+0x203253]
V  [jvm.dll+0x1fd07c]
V  [jvm.dll+0x1fa77f]
V  [jvm.dll+0x18354c]
V  [jvm.dll+0x208ee7]
V  [jvm.dll+0x207731]
V  [jvm.dll+0x6eb1cf]
V  [jvm.dll+0x6e3d45]
V  [jvm.dll+0x5ebe96]
C  [ucrtbase.dll+0x293cc]
C  [KERNEL32.DLL+0x16ab0]
C  [ntdll.dll+0x5c44b]


---------------  P R O C E S S  ---------------

Threads class SMR info:
_java_thread_list=0x000001e942ad4e70, length=38, elements={
0x000001e9204f5800, 0x000001e93a95a800, 0x000001e93a966000, 0x000001e93b2e4800,
0x000001e93b2e7800, 0x000001e93b2e9000, 0x000001e93b2ec800, 0x000001e93b2f2000,
0x000001e93a981000, 0x000001e93b442000, 0x000001e93d7d5000, 0x000001e93baf1800,
0x000001e93e97c800, 0x000001e93e03e800, 0x000001e93e3c4800, 0x000001e93e333800,
0x000001e93cdd5000, 0x000001e93d793800, 0x000001e93dfd5800, 0x000001e93e2d6000,
0x000001e93d5ee000, 0x000001e93d5f0000, 0x000001e93d5ed800, 0x000001e93d5f1800,
0x000001e93d5f0800, 0x000001e93d5ef000, 0x000001e93d5eb800, 0x000001e93d5f2800,
0x000001e93d5ec800, 0x000001e93fb40000, 0x000001e9400f9000, 0x000001e9400fd800,
0x000001e9400fa800, 0x000001e9400f8000, 0x000001e9400fe800, 0x000001e940102000,
0x000001e9400fc000, 0x000001e940102800
}

Java Threads: ( => current thread )
  0x000001e9204f5800 JavaThread "main" [_thread_blocked, id=12676, stack(0x00000063cb000000,0x00000063cb100000)]
  0x000001e93a95a800 JavaThread "Reference Handler" daemon [_thread_blocked, id=14280, stack(0x00000063cb700000,0x00000063cb800000)]
  0x000001e93a966000 JavaThread "Finalizer" daemon [_thread_blocked, id=5536, stack(0x00000063cb800000,0x00000063cb900000)]
  0x000001e93b2e4800 JavaThread "Signal Dispatcher" daemon [_thread_blocked, id=16260, stack(0x00000063cb900000,0x00000063cba00000)]
  0x000001e93b2e7800 JavaThread "Attach Listener" daemon [_thread_blocked, id=7596, stack(0x00000063cba00000,0x00000063cbb00000)]
  0x000001e93b2e9000 JavaThread "Service Thread" daemon [_thread_blocked, id=15852, stack(0x00000063cbb00000,0x00000063cbc00000)]
=>0x000001e93b2ec800 JavaThread "C2 CompilerThread0" daemon [_thread_in_native, id=6300, stack(0x00000063cbc00000,0x00000063cbd00000)]
  0x000001e93b2f2000 JavaThread "C1 CompilerThread0" daemon [_thread_in_native, id=11616, stack(0x00000063cbd00000,0x00000063cbe00000)]
  0x000001e93a981000 JavaThread "Sweeper thread" daemon [_thread_blocked, id=15168, stack(0x00000063cbe00000,0x00000063cbf00000)]
  0x000001e93b442000 JavaThread "Common-Cleaner" daemon [_thread_blocked, id=5252, stack(0x00000063cbf00000,0x00000063cc000000)]
  0x000001e93d7d5000 JavaThread "Daemon health stats" [_thread_blocked, id=2304, stack(0x00000063cc500000,0x00000063cc600000)]
  0x000001e93baf1800 JavaThread "Incoming local TCP Connector on port 51189" [_thread_in_native, id=15340, stack(0x00000063cc100000,0x00000063cc200000)]
  0x000001e93e97c800 JavaThread "Daemon periodic checks" [_thread_blocked, id=15288, stack(0x00000063cc400000,0x00000063cc500000)]
  0x000001e93e03e800 JavaThread "Daemon" [_thread_blocked, id=12120, stack(0x00000063cc600000,0x00000063cc700000)]
  0x000001e93e3c4800 JavaThread "Handler for socket connection from /127.0.0.1:51189 to /127.0.0.1:51190" [_thread_in_native, id=8320, stack(0x00000063cc700000,0x00000063cc800000)]
  0x000001e93e333800 JavaThread "C2 CompilerThread1" daemon [_thread_blocked, id=5792, stack(0x00000063cc800000,0x00000063cc900000)]
  0x000001e93cdd5000 JavaThread "Cancel handler" [_thread_blocked, id=1592, stack(0x00000063cc900000,0x00000063cca00000)]
  0x000001e93d793800 JavaThread "Daemon worker" [_thread_in_native, id=15096, stack(0x00000063cca00000,0x00000063ccb00000)]
  0x000001e93dfd5800 JavaThread "Asynchronous log dispatcher for DefaultDaemonConnection: socket connection from /127.0.0.1:51189 to /127.0.0.1:51190" [_thread_blocked, id=14912, stack(0x00000063ccb00000,0x00000063ccc00000)]
  0x000001e93e2d6000 JavaThread "Stdin handler" [_thread_blocked, id=7608, stack(0x00000063ccc00000,0x00000063ccd00000)]
  0x000001e93d5ee000 JavaThread "Daemon client event forwarder" [_thread_blocked, id=9604, stack(0x00000063ccd00000,0x00000063cce00000)]
  0x000001e93d5f0000 JavaThread "Cache worker for file hash cache (C:\Users\xpmkm\.gradle\caches\7.0.2\fileHashes)" [_thread_blocked, id=11932, stack(0x00000063cd400000,0x00000063cd500000)]
  0x000001e93d5ed800 JavaThread "File lock request listener" [_thread_in_native, id=14808, stack(0x00000063cd500000,0x00000063cd600000)]
  0x000001e93d5f1800 JavaThread "Cache worker for journal cache (C:\Users\xpmkm\.gradle\caches\journal-1)" [_thread_blocked, id=16272, stack(0x00000063cd700000,0x00000063cd800000)]
  0x000001e93d5f0800 JavaThread "Cache worker for file hash cache (C:\Users\xpmkm\Desktop\update_code_vezilla-server\codecanyon-L2GSbXtH-dairy-products-grocery-daily-milk-delivery-mobile-app-with-subscription-customer-app-delivery\test-vezilla-android-workspace\.gradle\7.0.2\fileHashes)" [_thread_blocked, id=8184, stack(0x00000063cd800000,0x00000063cd900000)]
  0x000001e93d5ef000 JavaThread "File watcher server" daemon [_thread_in_native, id=768, stack(0x00000063cd900000,0x00000063cda00000)]
  0x000001e93d5eb800 JavaThread "File watcher consumer" daemon [_thread_blocked, id=9268, stack(0x00000063cda00000,0x00000063cdb00000)]
  0x000001e93d5f2800 JavaThread "Cache worker for checksums cache (C:\Users\xpmkm\Desktop\update_code_vezilla-server\codecanyon-L2GSbXtH-dairy-products-grocery-daily-milk-delivery-mobile-app-with-subscription-customer-app-delivery\test-vezilla-android-workspace\.gradle\checksums)" [_thread_blocked, id=2216, stack(0x00000063cdb00000,0x00000063cdc00000)]
  0x000001e93d5ec800 JavaThread "Cache worker for cache directory md-supplier (C:\Users\xpmkm\.gradle\caches\7.0.2\md-supplier)" [_thread_blocked, id=12252, stack(0x00000063cdc00000,0x00000063cdd00000)]
  0x000001e93fb40000 JavaThread "C2 CompilerThread2" daemon [_thread_in_native, id=14816, stack(0x00000063cdd00000,0x00000063cde00000)]
  0x000001e9400f9000 JavaThread "Cache worker for cache directory md-rule (C:\Users\xpmkm\.gradle\caches\7.0.2\md-rule)" [_thread_blocked, id=11912, stack(0x00000063cde00000,0x00000063cdf00000)]
  0x000001e9400fd800 JavaThread "Cache worker for execution history cache (C:\Users\xpmkm\.gradle\caches\7.0.2\executionHistory)" [_thread_blocked, id=6952, stack(0x00000063cdf00000,0x00000063ce000000)]
  0x000001e9400fa800 JavaThread "jar transforms" [_thread_blocked, id=3152, stack(0x00000063ce000000,0x00000063ce100000)]
  0x000001e9400f8000 JavaThread "jar transforms Thread 2" [_thread_blocked, id=11488, stack(0x00000063ce100000,0x00000063ce200000)]
  0x000001e9400fe800 JavaThread "Cache worker for file content cache (C:\Users\xpmkm\.gradle\caches\7.0.2\fileContent)" [_thread_blocked, id=4704, stack(0x00000063ce200000,0x00000063ce300000)]
  0x000001e940102000 JavaThread "Cache worker for dependencies-accessors (C:\Users\xpmkm\Desktop\update_code_vezilla-server\codecanyon-L2GSbXtH-dairy-products-grocery-daily-milk-delivery-mobile-app-with-subscription-customer-app-delivery\test-vezilla-android-workspace\.gradle\7.0.2\dependencies-accessors)" [_thread_blocked, id=10736, stack(0x00000063ce300000,0x00000063ce400000)]
  0x000001e9400fc000 JavaThread "jar transforms Thread 3" [_thread_blocked, id=15740, stack(0x00000063ce400000,0x00000063ce500000)]
  0x000001e940102800 JavaThread "Cache worker for Build Output Cleanup Cache (C:\Users\xpmkm\Desktop\update_code_vezilla-server\codecanyon-L2GSbXtH-dairy-products-grocery-daily-milk-delivery-mobile-app-with-subscription-customer-app-delivery\test-vezilla-android-workspace\.gradle\buildOutputCleanup)" [_thread_blocked, id=16360, stack(0x00000063ce500000,0x00000063ce600000)]

Other Threads:
  0x000001e93a958000 VMThread "VM Thread" [stack: 0x00000063cb600000,0x00000063cb700000] [id=15136]
  0x000001e93b48d000 WatcherThread [stack: 0x00000063cc000000,0x00000063cc100000] [id=8644]
  0x000001e92050f800 GCTaskThread "GC Thread#0" [stack: 0x00000063cb100000,0x00000063cb200000] [id=11300]
  0x000001e93ba16800 GCTaskThread "GC Thread#1" [stack: 0x00000063cc200000,0x00000063cc300000] [id=16240]
  0x000001e93b80a000 GCTaskThread "GC Thread#2" [stack: 0x00000063cc300000,0x00000063cc400000] [id=13784]
  0x000001e93d794800 GCTaskThread "GC Thread#3" [stack: 0x00000063cce00000,0x00000063ccf00000] [id=12732]
  0x000001e93d9ef800 GCTaskThread "GC Thread#4" [stack: 0x00000063ccf00000,0x00000063cd000000] [id=6240]
  0x000001e93e2bc800 GCTaskThread "GC Thread#5" [stack: 0x00000063cd000000,0x00000063cd100000] [id=12268]
  0x000001e93e2bd800 GCTaskThread "GC Thread#6" [stack: 0x00000063cd100000,0x00000063cd200000] [id=6384]
  0x000001e93d71d000 GCTaskThread "GC Thread#7" [stack: 0x00000063cd200000,0x00000063cd300000] [id=13500]
  0x000001e920542800 ConcurrentGCThread "G1 Main Marker" [stack: 0x00000063cb200000,0x00000063cb300000] [id=6440]
  0x000001e920544000 ConcurrentGCThread "G1 Conc#0" [stack: 0x00000063cb300000,0x00000063cb400000] [id=7768]
  0x000001e93c731000 ConcurrentGCThread "G1 Conc#1" [stack: 0x00000063cd600000,0x00000063cd700000] [id=10860]
  0x000001e9205cd800 ConcurrentGCThread "G1 Refine#0" [stack: 0x00000063cb400000,0x00000063cb500000] [id=11780]
  0x000001e93bead800 ConcurrentGCThread "G1 Refine#1" [stack: 0x00000063cd300000,0x00000063cd400000] [id=10060]
  0x000001e93a7a9800 ConcurrentGCThread "G1 Young RemSet Sampling" [stack: 0x00000063cb500000,0x00000063cb600000] [id=15160]

Threads with active compile tasks:
C2 CompilerThread0   6104 4249       4       org.gradle.util.internal.SimpleMapInterner::intern (9 bytes)
C1 CompilerThread0   6104 4296       3       com.google.common.cache.LocalCache::getIfPresent (49 bytes)
C2 CompilerThread2   6105 4251       4       org.gradle.api.internal.artifacts.ivyservice.modulecache.StringDeduplicatingDecoder::readString (22 bytes)

VM state:not at safepoint (normal execution)

VM Mutex/Monitor currently owned by a thread: None

Heap address: 0x0000000080000000, size: 2048 MB, Compressed Oops mode: 32-bit
Narrow klass base: 0x0000000000000000, Narrow klass shift: 3
Compressed class space size: 1073741824 Address: 0x0000000100000000

Heap:
 garbage-first heap   total 155648K, used 64376K [0x0000000080000000, 0x0000000100000000)
  region size 1024K, 43 young (44032K), 7 survivors (7168K)
 Metaspace       used 45894K, capacity 47123K, committed 47308K, reserved 1089536K
  class space    used 5870K, capacity 6293K, committed 6348K, reserved 1048576K
Heap Regions: E=young(eden), S=young(survivor), O=old, HS=humongous(starts), HC=humongous(continues), CS=collection set, F=free, A=archive, TAMS=top-at-mark-start (previous, next)
|   0|0x0000000080000000, 0x0000000080100000, 0x0000000080100000|100%| O|  |TAMS 0x0000000080100000, 0x0000000080000000| Untracked 
|   1|0x0000000080100000, 0x0000000080200000, 0x0000000080200000|100%| O|  |TAMS 0x0000000080200000, 0x0000000080100000| Untracked 
|   2|0x0000000080200000, 0x0000000080300000, 0x0000000080300000|100%| O|  |TAMS 0x0000000080300000, 0x0000000080200000| Untracked 
|   3|0x0000000080300000, 0x0000000080400000, 0x0000000080400000|100%|HS|  |TAMS 0x0000000080400000, 0x0000000080300000| Complete 
|   4|0x0000000080400000, 0x0000000080500000, 0x0000000080500000|100%|HC|  |TAMS 0x0000000080500000, 0x0000000080400000| Complete 
|   5|0x0000000080500000, 0x0000000080600000, 0x0000000080600000|100%|HC|  |TAMS 0x0000000080600000, 0x0000000080500000| Complete 
|   6|0x0000000080600000, 0x0000000080700000, 0x0000000080700000|100%| O|  |TAMS 0x0000000080700000, 0x0000000080600000| Untracked 
|   7|0x0000000080700000, 0x0000000080800000, 0x0000000080800000|100%| O|  |TAMS 0x0000000080800000, 0x0000000080700000| Untracked 
|   8|0x0000000080800000, 0x0000000080900000, 0x0000000080900000|100%| O|  |TAMS 0x0000000080900000, 0x0000000080800000| Untracked 
|   9|0x0000000080900000, 0x0000000080a00000, 0x0000000080a00000|100%| O|  |TAMS 0x0000000080a00000, 0x0000000080900000| Untracked 
|  10|0x0000000080a00000, 0x0000000080b00000, 0x0000000080b00000|100%| O|  |TAMS 0x0000000080b00000, 0x0000000080a00000| Untracked 
|  11|0x0000000080b00000, 0x0000000080c00000, 0x0000000080c00000|100%| O|  |TAMS 0x0000000080c00000, 0x0000000080b00000| Untracked 
|  12|0x0000000080c00000, 0x0000000080d00000, 0x0000000080d00000|100%| O|  |TAMS 0x0000000080d00000, 0x0000000080c00000| Untracked 
|  13|0x0000000080d00000, 0x0000000080e00000, 0x0000000080e00000|100%| O|  |TAMS 0x0000000080e00000, 0x0000000080d00000| Untracked 
|  14|0x0000000080e00000, 0x0000000080f00000, 0x0000000080f00000|100%| O|  |TAMS 0x0000000080f00000, 0x0000000080e00000| Untracked 
|  15|0x0000000080f00000, 0x0000000081000000, 0x0000000081000000|100%| O|  |TAMS 0x0000000081000000, 0x0000000080f00000| Untracked 
|  16|0x0000000081000000, 0x0000000081100000, 0x0000000081100000|100%| O|  |TAMS 0x0000000081100000, 0x0000000081000000| Untracked 
|  17|0x0000000081100000, 0x0000000081200000, 0x0000000081200000|100%| O|  |TAMS 0x00000000811d7800, 0x0000000081100000| Untracked 
|  18|0x0000000081200000, 0x0000000081200000, 0x0000000081300000|  0%| F|  |TAMS 0x0000000081200000, 0x0000000081200000| Untracked 
|  19|0x0000000081300000, 0x0000000081400000, 0x0000000081400000|100%| O|  |TAMS 0x0000000081300000, 0x0000000081300000| Untracked 
|  20|0x0000000081400000, 0x0000000081500000, 0x0000000081500000|100%| O|  |TAMS 0x0000000081400000, 0x0000000081400000| Untracked 
|  21|0x0000000081500000, 0x0000000081600000, 0x0000000081600000|100%| O|  |TAMS 0x0000000081500000, 0x0000000081500000| Untracked 
|  22|0x0000000081600000, 0x0000000081694600, 0x0000000081700000| 57%| O|  |TAMS 0x0000000081600000, 0x0000000081600000| Untracked 
|  23|0x0000000081700000, 0x0000000081700000, 0x0000000081800000|  0%| F|  |TAMS 0x0000000081700000, 0x0000000081700000| Untracked 
|  24|0x0000000081800000, 0x0000000081800000, 0x0000000081900000|  0%| F|  |TAMS 0x0000000081800000, 0x0000000081800000| Untracked 
|  25|0x0000000081900000, 0x0000000081900000, 0x0000000081a00000|  0%| F|  |TAMS 0x0000000081900000, 0x0000000081900000| Untracked 
|  26|0x0000000081a00000, 0x0000000081a00000, 0x0000000081b00000|  0%| F|  |TAMS 0x0000000081a00000, 0x0000000081a00000| Untracked 
|  27|0x0000000081b00000, 0x0000000081b00000, 0x0000000081c00000|  0%| F|  |TAMS 0x0000000081b00000, 0x0000000081b00000| Untracked 
|  28|0x0000000081c00000, 0x0000000081c00000, 0x0000000081d00000|  0%| F|  |TAMS 0x0000000081c00000, 0x0000000081c00000| Untracked 
|  29|0x0000000081d00000, 0x0000000081d00000, 0x0000000081e00000|  0%| F|  |TAMS 0x0000000081d00000, 0x0000000081d00000| Untracked 
|  30|0x0000000081e00000, 0x0000000081e00000, 0x0000000081f00000|  0%| F|  |TAMS 0x0000000081e00000, 0x0000000081e00000| Untracked 
|  31|0x0000000081f00000, 0x0000000081f00000, 0x0000000082000000|  0%| F|  |TAMS 0x0000000081f00000, 0x0000000081f00000| Untracked 
|  32|0x0000000082000000, 0x0000000082000000, 0x0000000082100000|  0%| F|  |TAMS 0x0000000082000000, 0x0000000082000000| Untracked 
|  33|0x0000000082100000, 0x0000000082100000, 0x0000000082200000|  0%| F|  |TAMS 0x0000000082100000, 0x0000000082100000| Untracked 
|  34|0x0000000082200000, 0x0000000082200000, 0x0000000082300000|  0%| F|  |TAMS 0x0000000082200000, 0x0000000082200000| Untracked 
|  35|0x0000000082300000, 0x0000000082300000, 0x0000000082400000|  0%| F|  |TAMS 0x0000000082300000, 0x0000000082300000| Untracked 
|  36|0x0000000082400000, 0x0000000082400000, 0x0000000082500000|  0%| F|  |TAMS 0x0000000082400000, 0x0000000082400000| Untracked 
|  37|0x0000000082500000, 0x0000000082500000, 0x0000000082600000|  0%| F|  |TAMS 0x0000000082500000, 0x0000000082500000| Untracked 
|  38|0x0000000082600000, 0x0000000082600000, 0x0000000082700000|  0%| F|  |TAMS 0x0000000082600000, 0x0000000082600000| Untracked 
|  39|0x0000000082700000, 0x0000000082700000, 0x0000000082800000|  0%| F|  |TAMS 0x0000000082700000, 0x0000000082700000| Untracked 
|  40|0x0000000082800000, 0x0000000082800000, 0x0000000082900000|  0%| F|  |TAMS 0x0000000082800000, 0x0000000082800000| Untracked 
|  41|0x0000000082900000, 0x0000000082900000, 0x0000000082a00000|  0%| F|  |TAMS 0x0000000082900000, 0x0000000082900000| Untracked 
|  42|0x0000000082a00000, 0x0000000082a00000, 0x0000000082b00000|  0%| F|  |TAMS 0x0000000082a00000, 0x0000000082a00000| Untracked 
|  43|0x0000000082b00000, 0x0000000082b00000, 0x0000000082c00000|  0%| F|  |TAMS 0x0000000082b00000, 0x0000000082b00000| Untracked 
|  44|0x0000000082c00000, 0x0000000082c00000, 0x0000000082d00000|  0%| F|  |TAMS 0x0000000082c00000, 0x0000000082c00000| Untracked 
|  45|0x0000000082d00000, 0x0000000082d00000, 0x0000000082e00000|  0%| F|  |TAMS 0x0000000082d00000, 0x0000000082d00000| Untracked 
|  46|0x0000000082e00000, 0x0000000082e00000, 0x0000000082f00000|  0%| F|  |TAMS 0x0000000082e00000, 0x0000000082e00000| Untracked 
|  47|0x0000000082f00000, 0x0000000082f00000, 0x0000000083000000|  0%| F|  |TAMS 0x0000000082f00000, 0x0000000082f00000| Untracked 
|  48|0x0000000083000000, 0x0000000083000000, 0x0000000083100000|  0%| F|  |TAMS 0x0000000083000000, 0x0000000083000000| Untracked 
|  49|0x0000000083100000, 0x0000000083100000, 0x0000000083200000|  0%| F|  |TAMS 0x0000000083100000, 0x0000000083100000| Untracked 
|  50|0x0000000083200000, 0x0000000083200000, 0x0000000083300000|  0%| F|  |TAMS 0x0000000083200000, 0x0000000083200000| Untracked 
|  51|0x0000000083300000, 0x0000000083300000, 0x0000000083400000|  0%| F|  |TAMS 0x0000000083300000, 0x0000000083300000| Untracked 
|  52|0x0000000083400000, 0x0000000083400000, 0x0000000083500000|  0%| F|  |TAMS 0x0000000083400000, 0x0000000083400000| Untracked 
|  53|0x0000000083500000, 0x0000000083500000, 0x0000000083600000|  0%| F|  |TAMS 0x0000000083500000, 0x0000000083500000| Untracked 
|  54|0x0000000083600000, 0x0000000083600000, 0x0000000083700000|  0%| F|  |TAMS 0x0000000083600000, 0x0000000083600000| Untracked 
|  55|0x0000000083700000, 0x0000000083700000, 0x0000000083800000|  0%| F|  |TAMS 0x0000000083700000, 0x0000000083700000| Untracked 
|  56|0x0000000083800000, 0x0000000083800000, 0x0000000083900000|  0%| F|  |TAMS 0x0000000083800000, 0x0000000083800000| Untracked 
|  57|0x0000000083900000, 0x0000000083900000, 0x0000000083a00000|  0%| F|  |TAMS 0x0000000083900000, 0x0000000083900000| Untracked 
|  58|0x0000000083a00000, 0x0000000083a00000, 0x0000000083b00000|  0%| F|  |TAMS 0x0000000083a00000, 0x0000000083a00000| Untracked 
|  59|0x0000000083b00000, 0x0000000083b00000, 0x0000000083c00000|  0%| F|  |TAMS 0x0000000083b00000, 0x0000000083b00000| Untracked 
|  60|0x0000000083c00000, 0x0000000083c00000, 0x0000000083d00000|  0%| F|  |TAMS 0x0000000083c00000, 0x0000000083c00000| Untracked 
|  61|0x0000000083d00000, 0x0000000083d00000, 0x0000000083e00000|  0%| F|  |TAMS 0x0000000083d00000, 0x0000000083d00000| Untracked 
|  62|0x0000000083e00000, 0x0000000083e49ba0, 0x0000000083f00000| 28%| S|CS|TAMS 0x0000000083e00000, 0x0000000083e00000| Complete 
|  63|0x0000000083f00000, 0x0000000084000000, 0x0000000084000000|100%| S|CS|TAMS 0x0000000083f00000, 0x0000000083f00000| Complete 
|  64|0x0000000084000000, 0x0000000084100000, 0x0000000084100000|100%| S|CS|TAMS 0x0000000084000000, 0x0000000084000000| Complete 
|  65|0x0000000084100000, 0x0000000084200000, 0x0000000084200000|100%| S|CS|TAMS 0x0000000084100000, 0x0000000084100000| Complete 
|  66|0x0000000084200000, 0x0000000084200000, 0x0000000084300000|  0%| F|  |TAMS 0x0000000084200000, 0x0000000084200000| Untracked 
|  67|0x0000000084300000, 0x0000000084300000, 0x0000000084400000|  0%| F|  |TAMS 0x0000000084300000, 0x0000000084300000| Untracked 
|  68|0x0000000084400000, 0x0000000084400000, 0x0000000084500000|  0%| F|  |TAMS 0x0000000084400000, 0x0000000084400000| Untracked 
|  69|0x0000000084500000, 0x0000000084500000, 0x0000000084600000|  0%| F|  |TAMS 0x0000000084500000, 0x0000000084500000| Untracked 
|  70|0x0000000084600000, 0x0000000084600000, 0x0000000084700000|  0%| F|  |TAMS 0x0000000084600000, 0x0000000084600000| Untracked 
|  71|0x0000000084700000, 0x0000000084700000, 0x0000000084800000|  0%| F|  |TAMS 0x0000000084700000, 0x0000000084700000| Untracked 
|  72|0x0000000084800000, 0x0000000084800000, 0x0000000084900000|  0%| F|  |TAMS 0x0000000084800000, 0x0000000084800000| Untracked 
|  73|0x0000000084900000, 0x0000000084a00000, 0x0000000084a00000|100%| S|CS|TAMS 0x0000000084900000, 0x0000000084900000| Complete 
|  74|0x0000000084a00000, 0x0000000084b00000, 0x0000000084b00000|100%| S|CS|TAMS 0x0000000084a00000, 0x0000000084a00000| Complete 
|  75|0x0000000084b00000, 0x0000000084c00000, 0x0000000084c00000|100%| S|CS|TAMS 0x0000000084b00000, 0x0000000084b00000| Complete 
|  76|0x0000000084c00000, 0x0000000084c00000, 0x0000000084d00000|  0%| F|  |TAMS 0x0000000084c00000, 0x0000000084c00000| Untracked 
|  77|0x0000000084d00000, 0x0000000084d00000, 0x0000000084e00000|  0%| F|  |TAMS 0x0000000084d00000, 0x0000000084d00000| Untracked 
|  78|0x0000000084e00000, 0x0000000084e00000, 0x0000000084f00000|  0%| F|  |TAMS 0x0000000084e00000, 0x0000000084e00000| Untracked 
|  79|0x0000000084f00000, 0x0000000084f00000, 0x0000000085000000|  0%| F|  |TAMS 0x0000000084f00000, 0x0000000084f00000| Untracked 
|  80|0x0000000085000000, 0x0000000085000000, 0x0000000085100000|  0%| F|  |TAMS 0x0000000085000000, 0x0000000085000000| Untracked 
|  81|0x0000000085100000, 0x0000000085100000, 0x0000000085200000|  0%| F|  |TAMS 0x0000000085100000, 0x0000000085100000| Untracked 
|  82|0x0000000085200000, 0x0000000085200000, 0x0000000085300000|  0%| F|  |TAMS 0x0000000085200000, 0x0000000085200000| Untracked 
|  83|0x0000000085300000, 0x0000000085300000, 0x0000000085400000|  0%| F|  |TAMS 0x0000000085300000, 0x0000000085300000| Untracked 
|  84|0x0000000085400000, 0x0000000085400000, 0x0000000085500000|  0%| F|  |TAMS 0x0000000085400000, 0x0000000085400000| Untracked 
|  85|0x0000000085500000, 0x0000000085500000, 0x0000000085600000|  0%| F|  |TAMS 0x0000000085500000, 0x0000000085500000| Untracked 
|  86|0x0000000085600000, 0x0000000085600000, 0x0000000085700000|  0%| F|  |TAMS 0x0000000085600000, 0x0000000085600000| Untracked 
|  87|0x0000000085700000, 0x0000000085700000, 0x0000000085800000|  0%| F|  |TAMS 0x0000000085700000, 0x0000000085700000| Untracked 
|  88|0x0000000085800000, 0x0000000085800000, 0x0000000085900000|  0%| F|  |TAMS 0x0000000085800000, 0x0000000085800000| Untracked 
|  89|0x0000000085900000, 0x0000000085900000, 0x0000000085a00000|  0%| F|  |TAMS 0x0000000085900000, 0x0000000085900000| Untracked 
|  90|0x0000000085a00000, 0x0000000085a00000, 0x0000000085b00000|  0%| F|  |TAMS 0x0000000085a00000, 0x0000000085a00000| Untracked 
|  91|0x0000000085b00000, 0x0000000085b00000, 0x0000000085c00000|  0%| F|  |TAMS 0x0000000085b00000, 0x0000000085b00000| Untracked 
|  92|0x0000000085c00000, 0x0000000085c00000, 0x0000000085d00000|  0%| F|  |TAMS 0x0000000085c00000, 0x0000000085c00000| Untracked 
|  93|0x0000000085d00000, 0x0000000085d00000, 0x0000000085e00000|  0%| F|  |TAMS 0x0000000085d00000, 0x0000000085d00000| Untracked 
|  94|0x0000000085e00000, 0x0000000085e00000, 0x0000000085f00000|  0%| F|  |TAMS 0x0000000085e00000, 0x0000000085e00000| Untracked 
|  95|0x0000000085f00000, 0x0000000085f00000, 0x0000000086000000|  0%| F|  |TAMS 0x0000000085f00000, 0x0000000085f00000| Untracked 
|  96|0x0000000086000000, 0x0000000086000000, 0x0000000086100000|  0%| F|  |TAMS 0x0000000086000000, 0x0000000086000000| Untracked 
|  97|0x0000000086100000, 0x0000000086100000, 0x0000000086200000|  0%| F|  |TAMS 0x0000000086100000, 0x0000000086100000| Untracked 
|  98|0x0000000086200000, 0x0000000086200000, 0x0000000086300000|  0%| F|  |TAMS 0x0000000086200000, 0x0000000086200000| Untracked 
|  99|0x0000000086300000, 0x0000000086300000, 0x0000000086400000|  0%| F|  |TAMS 0x0000000086300000, 0x0000000086300000| Untracked 
| 100|0x0000000086400000, 0x0000000086400000, 0x0000000086500000|  0%| F|  |TAMS 0x0000000086400000, 0x0000000086400000| Untracked 
| 101|0x0000000086500000, 0x0000000086500000, 0x0000000086600000|  0%| F|  |TAMS 0x0000000086500000, 0x0000000086500000| Untracked 
| 102|0x0000000086600000, 0x0000000086600000, 0x0000000086700000|  0%| F|  |TAMS 0x0000000086600000, 0x0000000086600000| Untracked 
| 103|0x0000000086700000, 0x0000000086700000, 0x0000000086800000|  0%| F|  |TAMS 0x0000000086700000, 0x0000000086700000| Untracked 
| 104|0x0000000086800000, 0x0000000086800000, 0x0000000086900000|  0%| F|  |TAMS 0x0000000086800000, 0x0000000086800000| Untracked 
| 105|0x0000000086900000, 0x0000000086900000, 0x0000000086a00000|  0%| F|  |TAMS 0x0000000086900000, 0x0000000086900000| Untracked 
| 106|0x0000000086a00000, 0x0000000086a00000, 0x0000000086b00000|  0%| F|  |TAMS 0x0000000086a00000, 0x0000000086a00000| Untracked 
| 107|0x0000000086b00000, 0x0000000086b00000, 0x0000000086c00000|  0%| F|  |TAMS 0x0000000086b00000, 0x0000000086b00000| Untracked 
| 108|0x0000000086c00000, 0x0000000086c00000, 0x0000000086d00000|  0%| F|  |TAMS 0x0000000086c00000, 0x0000000086c00000| Untracked 
| 109|0x0000000086d00000, 0x0000000086d00000, 0x0000000086e00000|  0%| F|  |TAMS 0x0000000086d00000, 0x0000000086d00000| Untracked 
| 110|0x0000000086e00000, 0x0000000086e00000, 0x0000000086f00000|  0%| F|  |TAMS 0x0000000086e00000, 0x0000000086e00000| Untracked 
| 111|0x0000000086f00000, 0x0000000086f00000, 0x0000000087000000|  0%| F|  |TAMS 0x0000000086f00000, 0x0000000086f00000| Untracked 
| 112|0x0000000087000000, 0x0000000087000000, 0x0000000087100000|  0%| F|  |TAMS 0x0000000087000000, 0x0000000087000000| Untracked 
| 113|0x0000000087100000, 0x0000000087100000, 0x0000000087200000|  0%| F|  |TAMS 0x0000000087100000, 0x0000000087100000| Untracked 
| 114|0x0000000087200000, 0x0000000087200000, 0x0000000087300000|  0%| F|  |TAMS 0x0000000087200000, 0x0000000087200000| Untracked 
| 115|0x0000000087300000, 0x0000000087300000, 0x0000000087400000|  0%| F|  |TAMS 0x0000000087300000, 0x0000000087300000| Untracked 
| 116|0x0000000087400000, 0x0000000087500000, 0x0000000087500000|100%| E|  |TAMS 0x0000000087400000, 0x0000000087400000| Complete 
| 117|0x0000000087500000, 0x0000000087600000, 0x0000000087600000|100%| E|CS|TAMS 0x0000000087500000, 0x0000000087500000| Complete 
| 118|0x0000000087600000, 0x0000000087700000, 0x0000000087700000|100%| E|CS|TAMS 0x0000000087600000, 0x0000000087600000| Complete 
| 119|0x0000000087700000, 0x0000000087800000, 0x0000000087800000|100%| E|CS|TAMS 0x0000000087700000, 0x0000000087700000| Complete 
| 120|0x0000000087800000, 0x0000000087900000, 0x0000000087900000|100%| E|CS|TAMS 0x0000000087800000, 0x0000000087800000| Complete 
| 121|0x0000000087900000, 0x0000000087a00000, 0x0000000087a00000|100%| E|CS|TAMS 0x0000000087900000, 0x0000000087900000| Complete 
| 122|0x0000000087a00000, 0x0000000087b00000, 0x0000000087b00000|100%| E|CS|TAMS 0x0000000087a00000, 0x0000000087a00000| Complete 
| 123|0x0000000087b00000, 0x0000000087c00000, 0x0000000087c00000|100%| E|CS|TAMS 0x0000000087b00000, 0x0000000087b00000| Complete 
| 124|0x0000000087c00000, 0x0000000087d00000, 0x0000000087d00000|100%| E|CS|TAMS 0x0000000087c00000, 0x0000000087c00000| Complete 
| 125|0x0000000087d00000, 0x0000000087e00000, 0x0000000087e00000|100%| E|CS|TAMS 0x0000000087d00000, 0x0000000087d00000| Complete 
| 126|0x0000000087e00000, 0x0000000087f00000, 0x0000000087f00000|100%| E|CS|TAMS 0x0000000087e00000, 0x0000000087e00000| Complete 
| 127|0x0000000087f00000, 0x0000000088000000, 0x0000000088000000|100%| E|CS|TAMS 0x0000000087f00000, 0x0000000087f00000| Complete 
| 128|0x0000000088000000, 0x0000000088100000, 0x0000000088100000|100%| E|CS|TAMS 0x0000000088000000, 0x0000000088000000| Complete 
| 129|0x0000000088100000, 0x0000000088200000, 0x0000000088200000|100%| E|CS|TAMS 0x0000000088100000, 0x0000000088100000| Complete 
| 130|0x0000000088200000, 0x0000000088300000, 0x0000000088300000|100%| E|CS|TAMS 0x0000000088200000, 0x0000000088200000| Complete 
| 131|0x0000000088300000, 0x0000000088400000, 0x0000000088400000|100%| E|CS|TAMS 0x0000000088300000, 0x0000000088300000| Complete 
| 132|0x0000000088400000, 0x0000000088500000, 0x0000000088500000|100%| E|CS|TAMS 0x0000000088400000, 0x0000000088400000| Complete 
| 133|0x0000000088500000, 0x0000000088600000, 0x0000000088600000|100%| E|CS|TAMS 0x0000000088500000, 0x0000000088500000| Complete 
| 134|0x0000000088600000, 0x0000000088700000, 0x0000000088700000|100%| E|CS|TAMS 0x0000000088600000, 0x0000000088600000| Complete 
| 135|0x0000000088700000, 0x0000000088800000, 0x0000000088800000|100%| E|CS|TAMS 0x0000000088700000, 0x0000000088700000| Complete 
| 136|0x0000000088800000, 0x0000000088900000, 0x0000000088900000|100%| E|CS|TAMS 0x0000000088800000, 0x0000000088800000| Complete 
| 137|0x0000000088900000, 0x0000000088a00000, 0x0000000088a00000|100%| E|CS|TAMS 0x0000000088900000, 0x0000000088900000| Complete 
| 138|0x0000000088a00000, 0x0000000088b00000, 0x0000000088b00000|100%| E|CS|TAMS 0x0000000088a00000, 0x0000000088a00000| Complete 
| 139|0x0000000088b00000, 0x0000000088c00000, 0x0000000088c00000|100%| E|CS|TAMS 0x0000000088b00000, 0x0000000088b00000| Complete 
| 140|0x0000000088c00000, 0x0000000088d00000, 0x0000000088d00000|100%| E|CS|TAMS 0x0000000088c00000, 0x0000000088c00000| Complete 
| 141|0x0000000088d00000, 0x0000000088e00000, 0x0000000088e00000|100%| E|CS|TAMS 0x0000000088d00000, 0x0000000088d00000| Complete 
| 142|0x0000000088e00000, 0x0000000088f00000, 0x0000000088f00000|100%| E|CS|TAMS 0x0000000088e00000, 0x0000000088e00000| Complete 
| 143|0x0000000088f00000, 0x0000000089000000, 0x0000000089000000|100%| E|CS|TAMS 0x0000000088f00000, 0x0000000088f00000| Complete 
| 144|0x0000000089000000, 0x0000000089100000, 0x0000000089100000|100%| E|CS|TAMS 0x0000000089000000, 0x0000000089000000| Complete 
| 145|0x0000000089100000, 0x0000000089200000, 0x0000000089200000|100%| E|CS|TAMS 0x0000000089100000, 0x0000000089100000| Complete 
| 146|0x0000000089200000, 0x0000000089300000, 0x0000000089300000|100%| E|CS|TAMS 0x0000000089200000, 0x0000000089200000| Complete 
| 147|0x0000000089300000, 0x0000000089400000, 0x0000000089400000|100%| E|CS|TAMS 0x0000000089300000, 0x0000000089300000| Complete 
| 148|0x0000000089400000, 0x0000000089500000, 0x0000000089500000|100%| E|CS|TAMS 0x0000000089400000, 0x0000000089400000| Complete 
| 149|0x0000000089500000, 0x0000000089600000, 0x0000000089600000|100%| E|CS|TAMS 0x0000000089500000, 0x0000000089500000| Complete 
| 150|0x0000000089600000, 0x0000000089700000, 0x0000000089700000|100%| E|CS|TAMS 0x0000000089600000, 0x0000000089600000| Complete 
| 151|0x0000000089700000, 0x0000000089800000, 0x0000000089800000|100%| E|CS|TAMS 0x0000000089700000, 0x0000000089700000| Complete 

Card table byte_map: [0x000001e933710000,0x000001e933b10000] _byte_map_base: 0x000001e933310000

Marking Bits (Prev, Next): (CMBitMap*) 0x000001e920539ba8, (CMBitMap*) 0x000001e920539be0
 Prev Bits: [0x000001e933f10000, 0x000001e935f10000)
 Next Bits: [0x000001e935f10000, 0x000001e937f10000)

Polling page: 0x000001e91fcd0000

Metaspace:

Usage:
  Non-class:     39.87 MB capacity,    39.10 MB ( 98%) used,   680.38 KB (  2%) free+waste,   112.13 KB ( <1%) overhead. 
      Class:      6.15 MB capacity,     5.73 MB ( 93%) used,   369.13 KB (  6%) free+waste,    53.63 KB ( <1%) overhead. 
       Both:     46.02 MB capacity,    44.83 MB ( 97%) used,     1.02 MB (  2%) free+waste,   165.75 KB ( <1%) overhead. 

Virtual space:
  Non-class space:       40.00 MB reserved,      40.00 MB (100%) committed 
      Class space:        1.00 GB reserved,       6.20 MB ( <1%) committed 
             Both:        1.04 GB reserved,      46.20 MB (  4%) committed 

Chunk freelists:
   Non-Class:  2.00 KB
       Class:  11.00 KB
        Both:  13.00 KB

MaxMetaspaceSize: 17179869184.00 GB
CompressedClassSpaceSize: 1.00 GB

CodeHeap 'non-profiled nmethods': size=120000Kb used=2442Kb max_used=2442Kb free=117557Kb
 bounds [0x000001e92bab0000, 0x000001e92bd20000, 0x000001e932fe0000]
CodeHeap 'profiled nmethods': size=120000Kb used=8658Kb max_used=8658Kb free=111341Kb
 bounds [0x000001e924580000, 0x000001e924e00000, 0x000001e92bab0000]
CodeHeap 'non-nmethods': size=5760Kb used=2215Kb max_used=2274Kb free=3544Kb
 bounds [0x000001e923fe0000, 0x000001e924250000, 0x000001e924580000]
 total_blobs=5072 nmethods=4288 adapters=695
 compilation: enabled
              stopped_count=0, restarted_count=0
 full_count=0

Compilation events (20 events):
Event: 6.054 Thread 0x000001e93b2f2000 nmethod 4243 0x000001e924dd8c10 code [0x000001e924dd8dc0, 0x000001e924dd8f78]
Event: 6.054 Thread 0x000001e93b2f2000 4240       3       org.gradle.internal.component.model.MutableModuleSources::maybeCreateStore (16 bytes)
Event: 6.055 Thread 0x000001e93b2f2000 nmethod 4240 0x000001e924dd9010 code [0x000001e924dd9200, 0x000001e924dd95d8]
Event: 6.055 Thread 0x000001e93e333800 4247       4       java.util.LinkedHashMap::get (33 bytes)
Event: 6.055 Thread 0x000001e93b2f2000 4246       3       com.google.common.collect.Sets$ImprovedAbstractSet::<init> (5 bytes)
Event: 6.055 Thread 0x000001e93b2f2000 nmethod 4246 0x000001e924dd9790 code [0x000001e924dd9960, 0x000001e924dd9b78]
Event: 6.055 Thread 0x000001e93b2f2000 4248       3       com.google.common.collect.LinkedHashMultimap$ValueSet::<init> (55 bytes)
Event: 6.055 Thread 0x000001e93b2f2000 nmethod 4248 0x000001e924dd9c90 code [0x000001e924dd9ea0, 0x000001e924dda3c8]
Event: 6.055 Thread 0x000001e93b2f2000 4244       1       org.gradle.api.internal.artifacts.dependencies.DefaultResolvedVersionConstraint::getRejectedSelector (5 bytes)
Event: 6.055 Thread 0x000001e93b2f2000 nmethod 4244 0x000001e92bd00390 code [0x000001e92bd00540, 0x000001e92bd005f8]
Event: 6.055 Thread 0x000001e93b2f2000 4245       1       org.gradle.api.internal.artifacts.dependencies.DefaultResolvedVersionConstraint::getPreferredSelector (5 bytes)
Event: 6.055 Thread 0x000001e93b2f2000 nmethod 4245 0x000001e92bd00690 code [0x000001e92bd00840, 0x000001e92bd008f8]
Event: 6.056 Thread 0x000001e93b2ec800 nmethod 4242 0x000001e92bd00990 code [0x000001e92bd00b20, 0x000001e92bd00c58]
Event: 6.056 Thread 0x000001e93b2ec800 4249       4       org.gradle.util.internal.SimpleMapInterner::intern (9 bytes)
Event: 6.059 Thread 0x000001e93e333800 nmethod 4247 0x000001e92bd00d90 code [0x000001e92bd00f40, 0x000001e92bd01218]
Event: 6.060 Thread 0x000001e93e333800 4250       4       org.gradle.util.internal.SimpleMapInterner::intern (40 bytes)
Event: 6.060 Thread 0x000001e93b2f2000 4252       3       org.gradle.api.internal.artifacts.ivyservice.resolveengine.graph.builder.ComponentState::isSelected (16 bytes)
Event: 6.060 Thread 0x000001e93b2f2000 nmethod 4252 0x000001e924dda590 code [0x000001e924dda740, 0x000001e924dda8b8]
Event: 6.062 Thread 0x000001e93fb40000 nmethod 3765 0x000001e92bd01490 code [0x000001e92bd01c00, 0x000001e92bd0a270]
Event: 6.062 Thread 0x000001e93fb40000 4251       4       org.gradle.api.internal.artifacts.ivyservice.modulecache.StringDeduplicatingDecoder::readString (22 bytes)

GC Heap History (16 events):
Event: 0.654 GC heap before
{Heap before GC invocations=0 (full 0):
 garbage-first heap   total 129024K, used 29696K [0x0000000080000000, 0x0000000100000000)
  region size 1024K, 24 young (24576K), 0 survivors (0K)
 Metaspace       used 10175K, capacity 10363K, committed 10624K, reserved 1058816K
  class space    used 1065K, capacity 1141K, committed 1152K, reserved 1048576K
}
Event: 0.660 GC heap after
{Heap after GC invocations=1 (full 0):
 garbage-first heap   total 129024K, used 9098K [0x0000000080000000, 0x0000000100000000)
  region size 1024K, 3 young (3072K), 3 survivors (3072K)
 Metaspace       used 10175K, capacity 10363K, committed 10624K, reserved 1058816K
  class space    used 1065K, capacity 1141K, committed 1152K, reserved 1048576K
}
Event: 2.156 GC heap before
{Heap before GC invocations=1 (full 0):
 garbage-first heap   total 129024K, used 78730K [0x0000000080000000, 0x0000000100000000)
  region size 1024K, 71 young (72704K), 3 survivors (3072K)
 Metaspace       used 17465K, capacity 17836K, committed 18048K, reserved 1064960K
  class space    used 2040K, capacity 2174K, committed 2176K, reserved 1048576K
}
Event: 2.163 GC heap after
{Heap after GC invocations=2 (full 0):
 garbage-first heap   total 129024K, used 15768K [0x0000000080000000, 0x0000000100000000)
  region size 1024K, 9 young (9216K), 9 survivors (9216K)
 Metaspace       used 17465K, capacity 17836K, committed 18048K, reserved 1064960K
  class space    used 2040K, capacity 2174K, committed 2176K, reserved 1048576K
}
Event: 2.411 GC heap before
{Heap before GC invocations=2 (full 0):
 garbage-first heap   total 129024K, used 42392K [0x0000000080000000, 0x0000000100000000)
  region size 1024K, 36 young (36864K), 9 survivors (9216K)
 Metaspace       used 20644K, capacity 21124K, committed 21248K, reserved 1067008K
  class space    used 2522K, capacity 2722K, committed 2816K, reserved 1048576K
}
Event: 2.417 GC heap after
{Heap after GC invocations=3 (full 0):
 garbage-first heap   total 129024K, used 16799K [0x0000000080000000, 0x0000000100000000)
  region size 1024K, 2 young (2048K), 2 survivors (2048K)
 Metaspace       used 20644K, capacity 21124K, committed 21248K, reserved 1067008K
  class space    used 2522K, capacity 2722K, committed 2816K, reserved 1048576K
}
Event: 3.143 GC heap before
{Heap before GC invocations=4 (full 0):
 garbage-first heap   total 129024K, used 65951K [0x0000000080000000, 0x0000000100000000)
  region size 1024K, 51 young (52224K), 2 survivors (2048K)
 Metaspace       used 25716K, capacity 26296K, committed 26496K, reserved 1073152K
  class space    used 3362K, capacity 3600K, committed 3712K, reserved 1048576K
}
Event: 3.147 GC heap after
{Heap after GC invocations=5 (full 0):
 garbage-first heap   total 129024K, used 18412K [0x0000000080000000, 0x0000000100000000)
  region size 1024K, 3 young (3072K), 3 survivors (3072K)
 Metaspace       used 25716K, capacity 26296K, committed 26496K, reserved 1073152K
  class space    used 3362K, capacity 3600K, committed 3712K, reserved 1048576K
}
Event: 3.921 GC heap before
{Heap before GC invocations=5 (full 0):
 garbage-first heap   total 129024K, used 74732K [0x0000000080000000, 0x0000000100000000)
  region size 1024K, 58 young (59392K), 3 survivors (3072K)
 Metaspace       used 33973K, capacity 34800K, committed 34944K, reserved 1079296K
  class space    used 4415K, capacity 4712K, committed 4736K, reserved 1048576K
}
Event: 3.926 GC heap after
{Heap after GC invocations=6 (full 0):
 garbage-first heap   total 129024K, used 21746K [0x0000000080000000, 0x0000000100000000)
  region size 1024K, 6 young (6144K), 6 survivors (6144K)
 Metaspace       used 33973K, capacity 34800K, committed 34944K, reserved 1079296K
  class space    used 4415K, capacity 4712K, committed 4736K, reserved 1048576K
}
Event: 4.015 GC heap before
{Heap before GC invocations=6 (full 0):
 garbage-first heap   total 129024K, used 26866K [0x0000000080000000, 0x0000000100000000)
  region size 1024K, 12 young (12288K), 6 survivors (6144K)
 Metaspace       used 35044K, capacity 35830K, committed 35840K, reserved 1081344K
  class space    used 4540K, capacity 4864K, committed 4864K, reserved 1048576K
}
Event: 4.026 GC heap after
{Heap after GC invocations=7 (full 0):
 garbage-first heap   total 129024K, used 22181K [0x0000000080000000, 0x0000000100000000)
  region size 1024K, 4 young (4096K), 4 survivors (4096K)
 Metaspace       used 35044K, capacity 35830K, committed 35840K, reserved 1081344K
  class space    used 4540K, capacity 4864K, committed 4864K, reserved 1048576K
}
Event: 4.641 GC heap before
{Heap before GC invocations=8 (full 0):
 garbage-first heap   total 129024K, used 75429K [0x0000000080000000, 0x0000000100000000)
  region size 1024K, 53 young (54272K), 4 survivors (4096K)
 Metaspace       used 39279K, capacity 40215K, committed 40524K, reserved 1085440K
  class space    used 5040K, capacity 5376K, committed 5452K, reserved 1048576K
}
Event: 4.650 GC heap after
{Heap after GC invocations=9 (full 0):
 garbage-first heap   total 129024K, used 26067K [0x0000000080000000, 0x0000000100000000)
  region size 1024K, 7 young (7168K), 7 survivors (7168K)
 Metaspace       used 39279K, capacity 40215K, committed 40524K, reserved 1085440K
  class space    used 5040K, capacity 5376K, committed 5452K, reserved 1048576K
}
Event: 5.268 GC heap before
{Heap before GC invocations=9 (full 0):
 garbage-first heap   total 129024K, used 77267K [0x0000000080000000, 0x0000000100000000)
  region size 1024K, 57 young (58368K), 7 survivors (7168K)
 Metaspace       used 43290K, capacity 44406K, committed 44620K, reserved 1087488K
  class space    used 5526K, capacity 5921K, committed 5964K, reserved 1048576K
}
Event: 5.277 GC heap after
{Heap after GC invocations=10 (full 0):
 garbage-first heap   total 155648K, used 28536K [0x0000000080000000, 0x0000000100000000)
  region size 1024K, 7 young (7168K), 7 survivors (7168K)
 Metaspace       used 43290K, capacity 44406K, committed 44620K, reserved 1087488K
  class space    used 5526K, capacity 5921K, committed 5964K, reserved 1048576K
}

Deoptimization events (20 events):
Event: 4.990 Thread 0x000001e93d793800 Uncommon trap: trap_request=0xffffff4d fr.pc=0x000001e92bc06444 relative=0x0000000000000964
Event: 4.990 Thread 0x000001e93d793800 Uncommon trap: reason=unstable_if action=reinterpret pc=0x000001e92bc06444 method=java.util.WeakHashMap.eq(Ljava/lang/Object;Ljava/lang/Object;)Z @ 2 c2
Event: 4.990 Thread 0x000001e93d793800 DEOPT PACKING pc=0x000001e92bc06444 sp=0x00000063ccaf45c0
Event: 4.990 Thread 0x000001e93d793800 DEOPT UNPACKING pc=0x000001e9240078af sp=0x00000063ccaf4530 mode 2
Event: 5.250 Thread 0x000001e93d793800 Uncommon trap: trap_request=0xffffff4d fr.pc=0x000001e92bb08a80 relative=0x00000000000001c0
Event: 5.250 Thread 0x000001e93d793800 Uncommon trap: reason=unstable_if action=reinterpret pc=0x000001e92bb08a80 method=java.net.URI$Parser.scan(IILjava/lang/String;)I @ 26 c2
Event: 5.250 Thread 0x000001e93d793800 DEOPT PACKING pc=0x000001e92bb08a80 sp=0x00000063ccaf8a00
Event: 5.250 Thread 0x000001e93d793800 DEOPT UNPACKING pc=0x000001e9240078af sp=0x00000063ccaf8990 mode 2
Event: 5.250 Thread 0x000001e93d793800 Uncommon trap: trap_request=0xffffff4d fr.pc=0x000001e92bb0185c relative=0x000000000000011c
Event: 5.250 Thread 0x000001e93d793800 Uncommon trap: reason=unstable_if action=reinterpret pc=0x000001e92bb0185c method=java.net.URI.match(CJJ)Z @ 45 c2
Event: 5.250 Thread 0x000001e93d793800 DEOPT PACKING pc=0x000001e92bb0185c sp=0x00000063ccaf8770
Event: 5.250 Thread 0x000001e93d793800 DEOPT UNPACKING pc=0x000001e9240078af sp=0x00000063ccaf86a8 mode 2
Event: 5.250 Thread 0x000001e93d793800 Uncommon trap: trap_request=0xffffff4d fr.pc=0x000001e92bacc5e8 relative=0x0000000000000048
Event: 5.250 Thread 0x000001e93d793800 Uncommon trap: reason=unstable_if action=reinterpret pc=0x000001e92bacc5e8 method=java.net.URI.match(CJJ)Z @ 19 c2
Event: 5.250 Thread 0x000001e93d793800 DEOPT PACKING pc=0x000001e92bacc5e8 sp=0x00000063ccaf8780
Event: 5.250 Thread 0x000001e93d793800 DEOPT UNPACKING pc=0x000001e9240078af sp=0x00000063ccaf8730 mode 2
Event: 5.414 Thread 0x000001e93d793800 Uncommon trap: trap_request=0xffffff4d fr.pc=0x000001e92bb070d0 relative=0x00000000000001f0
Event: 5.414 Thread 0x000001e93d793800 Uncommon trap: reason=unstable_if action=reinterpret pc=0x000001e92bb070d0 method=java.net.URI$Parser.scan(IILjava/lang/String;)I @ 26 c2
Event: 5.414 Thread 0x000001e93d793800 DEOPT PACKING pc=0x000001e92bb070d0 sp=0x00000063ccaf84b0
Event: 5.415 Thread 0x000001e93d793800 DEOPT UNPACKING pc=0x000001e9240078af sp=0x00000063ccaf8460 mode 2

Classes redefined (0 events):
No events

Internal exceptions (20 events):
Event: 5.068 Thread 0x000001e93d793800 Exception <a 'java/lang/ClassNotFoundException'{0x000000008598e9a0}: org/gradle/api/internal/artifacts/repositories/AbstractArtifactRepositoryCustomizer> (0x000000008598e9a0) thrown at [./src/hotspot/share/classfile/systemDictionary.cpp, line 231]
Event: 5.073 Thread 0x000001e93d793800 Exception <a 'java/lang/ClassNotFoundException'{0x00000000859edfb8}: org/gradle/api/internal/artifacts/repositories/AbstractResolutionAwareArtifactRepositoryCustomizer> (0x00000000859edfb8) thrown at [./src/hotspot/share/classfile/systemDictionary.cpp, line 231]
Event: 5.076 Thread 0x000001e93d793800 Exception <a 'java/lang/ClassNotFoundException'{0x000000008583b480}: org/gradle/api/internal/artifacts/repositories/AbstractAuthenticationSupportedRepositoryCustomizer> (0x000000008583b480) thrown at [./src/hotspot/share/classfile/systemDictionary.cpp, line 231]
Event: 5.079 Thread 0x000001e93d793800 Exception <a 'java/lang/ClassNotFoundException'{0x000000008588cc50}: org/gradle/api/internal/artifacts/repositories/DefaultMavenArtifactRepositoryCustomizer> (0x000000008588cc50) thrown at [./src/hotspot/share/classfile/systemDictionary.cpp, line 231]
Event: 5.083 Thread 0x000001e93d793800 Exception <a 'java/lang/ClassNotFoundException'{0x00000000858ec548}: org/gradle/api/internal/artifacts/repositories/DefaultMavenArtifactRepository_DecoratedCustomizer> (0x00000000858ec548) thrown at [./src/hotspot/share/classfile/systemDictionary.cpp, line 231]
Event: 5.214 Thread 0x000001e93d793800 Exception <a 'java/lang/ClassNotFoundException'{0x0000000084f1b820}: org/gradle/api/internal/artifacts/dsl/dependencies/DefaultDependencyHandler_DecoratedBeanInfo> (0x0000000084f1b820) thrown at [./src/hotspot/share/classfile/systemDictionary.cpp, line 231]
Event: 5.215 Thread 0x000001e93d793800 Exception <a 'java/lang/ClassNotFoundException'{0x0000000084f598e0}: org/gradle/api/internal/artifacts/dsl/dependencies/DefaultDependencyHandlerBeanInfo> (0x0000000084f598e0) thrown at [./src/hotspot/share/classfile/systemDictionary.cpp, line 231]
Event: 5.217 Thread 0x000001e93d793800 Exception <a 'java/lang/ClassNotFoundException'{0x0000000084f98058}: org/gradle/api/internal/artifacts/dsl/dependencies/DefaultDependencyHandlerCustomizer> (0x0000000084f98058) thrown at [./src/hotspot/share/classfile/systemDictionary.cpp, line 231]
Event: 5.221 Thread 0x000001e93d793800 Exception <a 'java/lang/ClassNotFoundException'{0x0000000084fff438}: org/gradle/api/internal/artifacts/dsl/dependencies/DefaultDependencyHandler_DecoratedCustomizer> (0x0000000084fff438) thrown at [./src/hotspot/share/classfile/systemDictionary.cpp, line 231]
Event: 5.238 Thread 0x000001e93d793800 Exception <a 'java/lang/NoSuchMethodError'{0x0000000084d0e538}: 'java.lang.Object java.lang.invoke.DirectMethodHandle$Holder.invokeStatic(java.lang.Object, java.lang.Object, int, java.lang.Object)'> (0x0000000084d0e538) thrown at [./src/hotspot/share/interpreter/linkResolver.cpp, line 773]
Event: 5.239 Thread 0x000001e93d793800 Exception <a 'java/lang/NoSuchMethodError'{0x0000000084d157d0}: 'java.lang.Object java.lang.invoke.Invokers$Holder.linkToTargetMethod(java.lang.Object, int, java.lang.Object, java.lang.Object)'> (0x0000000084d157d0) thrown at [./src/hotspot/share/interpreter/linkResolver.cpp, line 773]
Event: 5.458 Thread 0x000001e93d793800 Exception <a 'java/lang/NoSuchMethodError'{0x00000000888ebb90}: 'java.lang.Object java.lang.invoke.DelegatingMethodHandle$Holder.reinvoke_L(java.lang.Object, java.lang.Object, java.lang.Object, java.lang.Object, java.lang.Object, java.lang.Object, java.lang.Object, java.lang.Object, java.lang.Object, java.lang.Object, java.lang.Object, java.lang.Object, java.lang.Object, java.lang.Object, java.lang.Object, java.lang.Object, java.lang.Object, java.lang.Object, java.lang.Object, java.lang.Object, java.lang.O
Event: 5.459 Thread 0x000001e93d793800 Exception <a 'java/lang/NoSuchMethodError'{0x00000000888f7598}: 'java.lang.Object java.lang.invoke.DirectMethodHandle$Holder.invokeSpecial(java.lang.Object, java.lang.Object, java.lang.Object, java.lang.Object, java.lang.Object, java.lang.Object, java.lang.Object, java.lang.Object, java.lang.Object, java.lang.Object, java.lang.Object, java.lang.Object, java.lang.Object, java.lang.Object, java.lang.Object, java.lang.Object, java.lang.Object, java.lang.Object, java.lang.Object, java.lang.Object, java.lang.Ob
Event: 5.459 Thread 0x000001e93d793800 Exception <a 'java/lang/NoSuchMethodError'{0x00000000888fd788}: 'java.lang.Object java.lang.invoke.Invokers$Holder.invoker(java.lang.Object, java.lang.Object, java.lang.Object, java.lang.Object, java.lang.Object, java.lang.Object, java.lang.Object, java.lang.Object, java.lang.Object, java.lang.Object, java.lang.Object, java.lang.Object, java.lang.Object, java.lang.Object, java.lang.Object, java.lang.Object, java.lang.Object, java.lang.Object, java.lang.Object, java.lang.Object, java.lang.Object)'> (0x00000
Event: 5.459 Thread 0x000001e93d793800 Exception <a 'java/lang/NoSuchMethodError'{0x0000000088705700}: 'java.lang.Object java.lang.invoke.DelegatingMethodHandle$Holder.delegate(java.lang.Object, java.lang.Object, java.lang.Object, java.lang.Object, java.lang.Object, java.lang.Object, java.lang.Object, java.lang.Object, java.lang.Object, java.lang.Object, java.lang.Object, java.lang.Object, java.lang.Object, java.lang.Object, java.lang.Object, java.lang.Object, java.lang.Object, java.lang.Object, java.lang.Object, java.lang.Object, java.lang.Obj
Event: 5.464 Thread 0x000001e93d793800 Exception <a 'java/lang/NoSuchMethodError'{0x000000008874e3f0}: 'java.lang.Object java.lang.invoke.DirectMethodHandle$Holder.invokeStatic(java.lang.Object, java.lang.Object, java.lang.Object, java.lang.Object, java.lang.Object, java.lang.Object, java.lang.Object, java.lang.Object, java.lang.Object, java.lang.Object, java.lang.Object, java.lang.Object, java.lang.Object, java.lang.Object, java.lang.Object)'> (0x000000008874e3f0) thrown at [./src/hotspot/share/interpreter/linkResolver.cpp, line 773]
Event: 5.466 Thread 0x000001e93d793800 Exception <a 'java/lang/NoSuchMethodError'{0x000000008875ea28}: 'java.lang.Object java.lang.invoke.DirectMethodHandle$Holder.invokeStatic(java.lang.Object, java.lang.Object, java.lang.Object, java.lang.Object, java.lang.Object, java.lang.Object, java.lang.Object, java.lang.Object, java.lang.Object, java.lang.Object, java.lang.Object, java.lang.Object, java.lang.Object, java.lang.Object, java.lang.Object, java.lang.Object)'> (0x000000008875ea28) thrown at [./src/hotspot/share/interpreter/linkResolver.cpp, l
Event: 5.467 Thread 0x000001e93d793800 Exception <a 'java/lang/NoSuchMethodError'{0x000000008876ef70}: 'java.lang.Object java.lang.invoke.DelegatingMethodHandle$Holder.reinvoke_L(java.lang.Object, java.lang.Object, java.lang.Object, java.lang.Object, java.lang.Object, java.lang.Object, java.lang.Object, java.lang.Object, java.lang.Object, java.lang.Object, java.lang.Object, java.lang.Object, java.lang.Object, java.lang.Object, java.lang.Object, java.lang.Object, java.lang.Object, java.lang.Object, java.lang.Object, java.lang.Object)'> (0x000000
Event: 5.533 Thread 0x000001e93d793800 Exception <a 'java/lang/IncompatibleClassChangeError'{0x00000000884ee778}: Found class java.lang.Object, but interface was expected> (0x00000000884ee778) thrown at [./src/hotspot/share/interpreter/linkResolver.cpp, line 839]
Event: 5.664 Thread 0x000001e93d793800 Exception <a 'java/lang/NoSuchMethodError'{0x0000000087b2afa0}: 'int java.lang.invoke.DirectMethodHandle$Holder.invokeStaticInit(java.lang.Object)'> (0x0000000087b2afa0) thrown at [./src/hotspot/share/interpreter/linkResolver.cpp, line 773]

Events (20 events):
Event: 5.794 loading class org/gradle/internal/component/external/model/ShadowedCapability
Event: 5.794 loading class org/gradle/internal/component/external/model/ShadowedCapability done
Event: 5.795 loading class org/gradle/api/internal/artifacts/repositories/metadata/DefaultMavenImmutableAttributesFactory$ComponentTypeEntry
Event: 5.795 loading class org/gradle/api/internal/artifacts/repositories/metadata/DefaultMavenImmutableAttributesFactory$ComponentTypeEntry done
Event: 5.823 loading class org/gradle/api/internal/artifacts/ivyservice/ivyresolve/strategy/LatestVersionSelector
Event: 5.823 loading class org/gradle/api/internal/artifacts/ivyservice/ivyresolve/strategy/LatestVersionSelector done
Event: 5.824 Executing VM operation: RevokeBias
Event: 5.824 Executing VM operation: RevokeBias done
Event: 5.825 loading class com/google/common/primitives/Longs$AsciiDigits
Event: 5.825 loading class com/google/common/primitives/Longs$AsciiDigits done
Event: 5.828 loading class org/gradle/api/internal/artifacts/ivyservice/resolveengine/graph/selectors/SelectorStateResolverResults$Registration
Event: 5.828 loading class org/gradle/api/internal/artifacts/ivyservice/resolveengine/graph/selectors/SelectorStateResolverResults$Registration done
Event: 5.832 loading class org/gradle/api/internal/artifacts/ivyservice/resolveengine/graph/conflicts/DefaultConflictResolverDetails
Event: 5.832 loading class org/gradle/api/internal/artifacts/ivyservice/resolveengine/graph/conflicts/DefaultConflictResolverDetails done
Event: 5.833 loading class org/gradle/api/internal/artifacts/ivyservice/resolveengine/graph/conflicts/CompositeConflictResolver$CompositeDetails
Event: 5.833 loading class org/gradle/api/internal/artifacts/ivyservice/resolveengine/graph/conflicts/CompositeConflictResolver$CompositeDetails done
Event: 5.835 loading class org/gradle/api/internal/artifacts/ivyservice/resolveengine/graph/conflicts/VersionConflictResolutionDetails
Event: 5.835 loading class org/gradle/api/internal/artifacts/ivyservice/resolveengine/graph/conflicts/VersionConflictResolutionDetails done
Event: 5.950 loading class org/gradle/internal/component/external/model/ConfigurationBoundExternalDependencyMetadata
Event: 5.950 loading class org/gradle/internal/component/external/model/ConfigurationBoundExternalDependencyMetadata done


Dynamic libraries:
0x00007ff7bc6e0000 - 0x00007ff7bc6ea000 	C:\Program Files\Android\Android Studio3\jre\bin\java.exe
0x00007ffd703a0000 - 0x00007ffd705af000 	C:\WINDOWS\SYSTEM32\ntdll.dll
0x00007ffd6ed30000 - 0x00007ffd6eded000 	C:\WINDOWS\System32\KERNEL32.DLL
0x00007ffd6d860000 - 0x00007ffd6dbe6000 	C:\WINDOWS\System32\KERNELBASE.dll
0x00007ffd6e0d0000 - 0x00007ffd6e1e1000 	C:\WINDOWS\System32\ucrtbase.dll
0x00007ffd69b60000 - 0x00007ffd69b79000 	C:\Program Files\Android\Android Studio3\jre\bin\jli.dll
0x00007ffd69300000 - 0x00007ffd69317000 	C:\Program Files\Android\Android Studio3\jre\bin\VCRUNTIME140.dll
0x00007ffd6f140000 - 0x00007ffd6f2ea000 	C:\WINDOWS\System32\USER32.dll
0x00007ffd6e1f0000 - 0x00007ffd6e216000 	C:\WINDOWS\System32\win32u.dll
0x00007ffd56840000 - 0x00007ffd56ae1000 	C:\WINDOWS\WinSxS\amd64_microsoft.windows.common-controls_6595b64144ccf1df_6.0.22471.1000_none_228bc6e77ad112f7\COMCTL32.dll
0x00007ffd6e580000 - 0x00007ffd6e5a9000 	C:\WINDOWS\System32\GDI32.dll
0x00007ffd6e290000 - 0x00007ffd6e334000 	C:\WINDOWS\System32\msvcrt.dll
0x00007ffd6dfb0000 - 0x00007ffd6e0c7000 	C:\WINDOWS\System32\gdi32full.dll
0x00007ffd6de80000 - 0x00007ffd6df1b000 	C:\WINDOWS\System32\msvcp_win.dll
0x00007ffd6e540000 - 0x00007ffd6e571000 	C:\WINDOWS\System32\IMM32.DLL
0x00007ffd52010000 - 0x00007ffd520ad000 	C:\Program Files\Android\Android Studio3\jre\bin\msvcp140.dll
0x00007ffce7c40000 - 0x00007ffce870f000 	C:\Program Files\Android\Android Studio3\jre\bin\server\jvm.dll
0x00007ffd6e5b0000 - 0x00007ffd6e65e000 	C:\WINDOWS\System32\ADVAPI32.dll
0x00007ffd6ec80000 - 0x00007ffd6ed21000 	C:\WINDOWS\System32\sechost.dll
0x00007ffd6e420000 - 0x00007ffd6e540000 	C:\WINDOWS\System32\RPCRT4.dll
0x00007ffd6e220000 - 0x00007ffd6e228000 	C:\WINDOWS\System32\PSAPI.DLL
0x00007ffd4a4b0000 - 0x00007ffd4a4b9000 	C:\WINDOWS\SYSTEM32\WSOCK32.dll
0x00007ffd6b550000 - 0x00007ffd6b55a000 	C:\WINDOWS\SYSTEM32\VERSION.dll
0x00007ffd678d0000 - 0x00007ffd67903000 	C:\WINDOWS\SYSTEM32\WINMM.dll
0x00007ffd6f2f0000 - 0x00007ffd6f361000 	C:\WINDOWS\System32\WS2_32.dll
0x00007ffd6c930000 - 0x00007ffd6c948000 	C:\WINDOWS\SYSTEM32\kernel.appcore.dll
0x00007ffd603b0000 - 0x00007ffd603c1000 	C:\Program Files\Android\Android Studio3\jre\bin\verify.dll
0x00007ffd65500000 - 0x00007ffd65727000 	C:\WINDOWS\SYSTEM32\DBGHELP.DLL
0x00007ffd6e900000 - 0x00007ffd6ec7e000 	C:\WINDOWS\System32\combase.dll
0x00007ffd5d9f0000 - 0x00007ffd5da21000 	C:\WINDOWS\SYSTEM32\dbgcore.DLL
0x00007ffd6df20000 - 0x00007ffd6dfa1000 	C:\WINDOWS\System32\bcryptPrimitives.dll
0x00007ffd60180000 - 0x00007ffd601a9000 	C:\Program Files\Android\Android Studio3\jre\bin\java.dll
0x00007ffd68bc0000 - 0x00007ffd68bcb000 	C:\Program Files\Android\Android Studio3\jre\bin\jimage.dll
0x00007ffd5fb40000 - 0x00007ffd5fb58000 	C:\Program Files\Android\Android Studio3\jre\bin\zip.dll
0x00007ffd6f980000 - 0x00007ffd7012b000 	C:\WINDOWS\System32\SHELL32.dll
0x00007ffd6b900000 - 0x00007ffd6c15c000 	C:\WINDOWS\SYSTEM32\windows.storage.dll
0x00007ffd6b7b0000 - 0x00007ffd6b8f9000 	C:\WINDOWS\SYSTEM32\wintypes.dll
0x00007ffd6e7a0000 - 0x00007ffd6e890000 	C:\WINDOWS\System32\SHCORE.dll
0x00007ffd6e890000 - 0x00007ffd6e8eb000 	C:\WINDOWS\System32\shlwapi.dll
0x00007ffd6d790000 - 0x00007ffd6d7b1000 	C:\WINDOWS\SYSTEM32\profapi.dll
0x00007ffd5f5e0000 - 0x00007ffd5f5fa000 	C:\Program Files\Android\Android Studio3\jre\bin\net.dll
0x00007ffd67910000 - 0x00007ffd67a20000 	C:\WINDOWS\SYSTEM32\WINHTTP.dll
0x00007ffd6cd80000 - 0x00007ffd6cde9000 	C:\WINDOWS\system32\mswsock.dll
0x00007ffd5f5c0000 - 0x00007ffd5f5d4000 	C:\Program Files\Android\Android Studio3\jre\bin\nio.dll
0x00007ffd60430000 - 0x00007ffd60457000 	C:\Users\xpmkm\.gradle\native\8bec1ad78214c89d9ad589b4d07fe93259594b29d510b10fafb7a158f7737e5d\windows-amd64\native-platform.dll
0x00007ffd43040000 - 0x00007ffd4317d000 	C:\Users\xpmkm\.gradle\native\53dbd7edfb1c66fb8903c78663c9afc45aea4f116125fa6feffd364cf09443e8\windows-amd64\native-platform-file-events.dll
0x00007ffd688a0000 - 0x00007ffd688aa000 	C:\Program Files\Android\Android Studio3\jre\bin\management.dll
0x00007ffd67ac0000 - 0x00007ffd67acc000 	C:\Program Files\Android\Android Studio3\jre\bin\management_ext.dll
0x00007ffd6cfd0000 - 0x00007ffd6cfe8000 	C:\WINDOWS\SYSTEM32\CRYPTSP.dll
0x00007ffd6c890000 - 0x00007ffd6c8c5000 	C:\WINDOWS\system32\rsaenh.dll
0x00007ffd6ce80000 - 0x00007ffd6cea9000 	C:\WINDOWS\SYSTEM32\USERENV.dll
0x00007ffd6d1c0000 - 0x00007ffd6d1e8000 	C:\WINDOWS\SYSTEM32\bcrypt.dll
0x00007ffd6cff0000 - 0x00007ffd6cffc000 	C:\WINDOWS\SYSTEM32\CRYPTBASE.dll
0x00007ffd6c380000 - 0x00007ffd6c3ad000 	C:\WINDOWS\SYSTEM32\IPHLPAPI.DLL
0x00007ffd6e8f0000 - 0x00007ffd6e8f9000 	C:\WINDOWS\System32\NSI.dll
0x00007ffd67320000 - 0x00007ffd67339000 	C:\WINDOWS\SYSTEM32\dhcpcsvc6.DLL
0x00007ffd672e0000 - 0x00007ffd672fe000 	C:\WINDOWS\SYSTEM32\dhcpcsvc.DLL
0x00007ffd6c3b0000 - 0x00007ffd6c4a1000 	C:\WINDOWS\SYSTEM32\DNSAPI.dll

dbghelp: loaded successfully - version: 4.0.5 - missing functions: none
symbol engine: initialized successfully - sym options: 0x614 - pdb path: .;C:\Program Files\Android\Android Studio3\jre\bin;C:\WINDOWS\SYSTEM32;C:\WINDOWS\WinSxS\amd64_microsoft.windows.common-controls_6595b64144ccf1df_6.0.22471.1000_none_228bc6e77ad112f7;C:\Program Files\Android\Android Studio3\jre\bin\server;C:\Users\xpmkm\.gradle\native\8bec1ad78214c89d9ad589b4d07fe93259594b29d510b10fafb7a158f7737e5d\windows-amd64;C:\Users\xpmkm\.gradle\native\53dbd7edfb1c66fb8903c78663c9afc45aea4f116125fa6feffd364cf09443e8\windows-amd64

VM Arguments:
jvm_args: --add-opens=java.base/java.util=ALL-UNNAMED --add-opens=java.base/java.lang=ALL-UNNAMED --add-opens=java.base/java.lang.invoke=ALL-UNNAMED --add-opens=java.base/java.util=ALL-UNNAMED --add-opens=java.prefs/java.util.prefs=ALL-UNNAMED --add-opens=java.prefs/java.util.prefs=ALL-UNNAMED --add-opens=java.base/java.nio.charset=ALL-UNNAMED --add-opens=java.base/java.net=ALL-UNNAMED --add-opens=java.base/java.util.concurrent.atomic=ALL-UNNAMED -Xmx2048m -Dfile.encoding=UTF-8 -Duser.country=IN -Duser.language=en -Duser.variant 
java_command: org.gradle.launcher.daemon.bootstrap.GradleDaemon 7.0.2
java_class_path (initial): C:\Users\xpmkm\.gradle\wrapper\dists\gradle-7.0.2-bin\857tjihv64xamwrf0h14cai3r\gradle-7.0.2\lib\gradle-launcher-7.0.2.jar
Launcher Type: SUN_STANDARD

[Global flags]
     intx CICompilerCount                          = 4                                         {product} {ergonomic}
     uint ConcGCThreads                            = 2                                         {product} {ergonomic}
     uint G1ConcRefinementThreads                  = 8                                         {product} {ergonomic}
   size_t G1HeapRegionSize                         = 1048576                                   {product} {ergonomic}
    uintx GCDrainStackTargetSize                   = 64                                        {product} {ergonomic}
   size_t InitialHeapSize                          = 132120576                                 {product} {ergonomic}
   size_t MarkStackSize                            = 4194304                                   {product} {ergonomic}
   size_t MaxHeapSize                              = 2147483648                                {product} {command line}
   size_t MaxNewSize                               = 1287651328                                {product} {ergonomic}
   size_t MinHeapDeltaBytes                        = 1048576                                   {product} {ergonomic}
    uintx NonNMethodCodeHeapSize                   = 5836300                                {pd product} {ergonomic}
    uintx NonProfiledCodeHeapSize                  = 122910970                              {pd product} {ergonomic}
    uintx ProfiledCodeHeapSize                     = 122910970                              {pd product} {ergonomic}
    uintx ReservedCodeCacheSize                    = 251658240                              {pd product} {ergonomic}
     bool SegmentedCodeCache                       = true                                      {product} {ergonomic}
     bool UseCompressedClassPointers               = true                                 {lp64_product} {ergonomic}
     bool UseCompressedOops                        = true                                 {lp64_product} {ergonomic}
     bool UseG1GC                                  = true                                      {product} {ergonomic}
     bool UseLargePagesIndividualAllocation        = false                                  {pd product} {ergonomic}

Logging:
Log output configuration:
 #0: stdout all=warning uptime,level,tags
 #1: stderr all=off uptime,level,tags

Environment Variables:
PATH=C:\Program Files (x86)\Common Files\Oracle\Java\javapath;C:\WINDOWS\system32;C:\WINDOWS;C:\WINDOWS\System32\Wbem;C:\WINDOWS\System32\WindowsPowerShell\v1.0\;C:\WINDOWS\System32\OpenSSH\;C:\Program Files\Git\cmd;C:\Program Files\nodejs\;C:\xampp\php;C:\ProgramData\ComposerSetup\bin;C:\Users\xpmkm\AppData\Local\Android\Sdk\platform-tools;C:\Program Files\Java\jdk1.8.0_231\bin;C:\Program Files\opnsl\bin;C:\Users\xpmkm\AppData\Roaming\npm;C:\Users\xpmkm\AppData\Local\Programs\Microsoft VS Code\bin;C:\Program Files\flutter\bin;C:\Users\xpmkm\AppData\Roaming\Composer\vendor\bin;C:\Users\xpmkm\AppData\Local\Microsoft\WindowsApps;
USERNAME=xpmkm
OS=Windows_NT
PROCESSOR_IDENTIFIER=AMD64 Family 23 Model 24 Stepping 1, AuthenticAMD



---------------  S Y S T E M  ---------------

OS: Windows 10 , 64 bit Build 22471 (10.0.22471.1000)
OS uptime: 0 days 0:21 hours

CPU:total 8 (initial active 8) (8 cores per cpu, 2 threads per core) family 23 model 24 stepping 1 microcode 0x0, cmov, cx8, fxsr, mmx, sse, sse2, sse3, ssse3, sse4.1, sse4.2, popcnt, avx, avx2, aes, clmul, mmxext, 3dnowpref, lzcnt, sse4a, ht, tsc, tscinvbit, tscinv, bmi1, bmi2, adx, s

Memory: 4k page, system-wide physical 8002M (518M free)
TotalPageFile size 12098M (AvailPageFile size 36M)
current process WorkingSet (physical memory assigned to process): 300M, peak: 315M
current process commit charge ("private bytes"): 361M, peak: 374M

vm_info: OpenJDK 64-Bit Server VM (11.0.10+0-b96-7249189) for windows-amd64 JRE (11.0.10+0-b96-7249189), built on Mar 31 2021 21:44:00 by "builder" with MS VC++ 14.0 (VS2015)

END.
