#
# There is insufficient memory for the Java Runtime Environment to continue.
# Native memory allocation (malloc) failed to allocate 1091616 bytes for Chunk::new
# Possible reasons:
#   The system is out of physical RAM or swap space
#   The process is running with CompressedOops enabled, and the Java Heap may be blocking the growth of the native heap
# Possible solutions:
#   Reduce memory load on the system
#   Increase physical memory or swap space
#   Check if swap backing store is full
#   Decrease Java heap size (-Xmx/-Xms)
#   Decrease number of Java threads
#   Decrease Java thread stack sizes (-Xss)
#   Set larger code cache with -XX:ReservedCodeCacheSize=
#   JVM is running with Unscaled Compressed Oops mode in which the Java heap is
#     placed in the first 4GB address space. The Java Heap base address is the
#     maximum limit for the native heap growth. Please use -XX:HeapBaseMinAddress
#     to set the Java Heap base and to place the Java Heap above 4GB virtual address.
# This output file may be truncated or incomplete.
#
#  Out of Memory Error (./src/hotspot/share/memory/arena.cpp:197), pid=13980, tid=10612
#
# JRE version: OpenJDK Runtime Environment (11.0.10) (build 11.0.10+0-b96-7249189)
# Java VM: OpenJDK 64-Bit Server VM (11.0.10+0-b96-7249189, mixed mode, tiered, compressed oops, g1 gc, windows-amd64)
# No core dump will be written. Minidumps are not enabled by default on client versions of Windows
#

---------------  S U M M A R Y ------------

Command Line: --add-opens=java.base/java.util=ALL-UNNAMED --add-opens=java.base/java.lang=ALL-UNNAMED --add-opens=java.base/java.lang.invoke=ALL-UNNAMED --add-opens=java.base/java.util=ALL-UNNAMED --add-opens=java.prefs/java.util.prefs=ALL-UNNAMED --add-opens=java.prefs/java.util.prefs=ALL-UNNAMED --add-opens=java.base/java.nio.charset=ALL-UNNAMED --add-opens=java.base/java.net=ALL-UNNAMED --add-opens=java.base/java.util.concurrent.atomic=ALL-UNNAMED -Xmx2048m -Dfile.encoding=UTF-8 -Duser.country=IN -Duser.language=en -Duser.variant org.gradle.launcher.daemon.bootstrap.GradleDaemon 7.0.2

Host: AMD Ryzen 5 3550H with Radeon Vega Mobile Gfx  , 8 cores, 7G,  Windows 10 , 64 bit Build 22471 (10.0.22471.1000)
Time: Fri Oct  8 13:11:37 2021 India Standard Time elapsed time: 10.689106 seconds (0d 0h 0m 10s)

---------------  T H R E A D  ---------------

Current thread (0x0000023af011e000):  JavaThread "C2 CompilerThread1" daemon [_thread_in_native, id=10612, stack(0x00000059b8700000,0x00000059b8800000)]


Current CompileTask:
C2:  10689 6837 %     4       groovy.lang.MetaClassImpl::inheritInterfaceNewMetaMethods @ 100 (195 bytes)

Stack: [0x00000059b8700000,0x00000059b8800000]
Native frames: (J=compiled Java code, j=interpreted, Vv=VM code, C=native code)
V  [jvm.dll+0x5ecfaa]
V  [jvm.dll+0x722bd5]
V  [jvm.dll+0x72412d]
V  [jvm.dll+0x7247e3]
V  [jvm.dll+0x242928]
V  [jvm.dll+0xbc4fc]
V  [jvm.dll+0xbca0c]
V  [jvm.dll+0x2b4fd4]
V  [jvm.dll+0x506028]
V  [jvm.dll+0x1fccf6]
V  [jvm.dll+0x1fa77f]
V  [jvm.dll+0x18354c]
V  [jvm.dll+0x208ee7]
V  [jvm.dll+0x207731]
V  [jvm.dll+0x6eb1cf]
V  [jvm.dll+0x6e3d45]
V  [jvm.dll+0x5ebe96]
C  [ucrtbase.dll+0x293cc]
C  [KERNEL32.DLL+0x16ab0]
C  [ntdll.dll+0x5c44b]


---------------  P R O C E S S  ---------------

Threads class SMR info:
_java_thread_list=0x0000023af39c3810, length=52, elements={
0x0000023ad2de6000, 0x0000023aed25e800, 0x0000023aed267800, 0x0000023aedbe4800,
0x0000023aedbe7800, 0x0000023aedbed000, 0x0000023aedbf3000, 0x0000023aed279800,
0x0000023aedbec000, 0x0000023aedbed800, 0x0000023aedbee800, 0x0000023aedbe9000,
0x0000023aedbe9800, 0x0000023aedbef800, 0x0000023aedbea800, 0x0000023aedbeb000,
0x0000023aefd50800, 0x0000023aefd4a800, 0x0000023aefd4f800, 0x0000023aefd51000,
0x0000023aefd4b800, 0x0000023aefd4e800, 0x0000023aefd4e000, 0x0000023af011e000,
0x0000023aefd4c800, 0x0000023aefd4d000, 0x0000023af0409000, 0x0000023af040b000,
0x0000023af040c800, 0x0000023af1618000, 0x0000023af0407800, 0x0000023af040b800,
0x0000023af040d800, 0x0000023af0408800, 0x0000023af0410800, 0x0000023af0413000,
0x0000023af0414000, 0x0000023af040f000, 0x0000023af0414800, 0x0000023af0415800,
0x0000023af0410000, 0x0000023af0416800, 0x0000023aeeb25000, 0x0000023aeeb26000,
0x0000023aeeb2a000, 0x0000023aeeb29800, 0x0000023aeeb27000, 0x0000023aeeb27800,
0x0000023aeeb24800, 0x0000023aeeb2c000, 0x0000023aeeb2b000, 0x0000023aeeb2d800
}

Java Threads: ( => current thread )
  0x0000023ad2de6000 JavaThread "main" [_thread_blocked, id=3528, stack(0x00000059b6000000,0x00000059b6100000)]
  0x0000023aed25e800 JavaThread "Reference Handler" daemon [_thread_blocked, id=2220, stack(0x00000059b6700000,0x00000059b6800000)]
  0x0000023aed267800 JavaThread "Finalizer" daemon [_thread_blocked, id=6632, stack(0x00000059b6800000,0x00000059b6900000)]
  0x0000023aedbe4800 JavaThread "Signal Dispatcher" daemon [_thread_blocked, id=14092, stack(0x00000059b6900000,0x00000059b6a00000)]
  0x0000023aedbe7800 JavaThread "Attach Listener" daemon [_thread_blocked, id=9164, stack(0x00000059b6a00000,0x00000059b6b00000)]
  0x0000023aedbed000 JavaThread "Service Thread" daemon [_thread_blocked, id=13524, stack(0x00000059b6b00000,0x00000059b6c00000)]
  0x0000023aedbf3000 JavaThread "C2 CompilerThread0" daemon [_thread_in_native, id=13936, stack(0x00000059b6c00000,0x00000059b6d00000)]
  0x0000023aed279800 JavaThread "C1 CompilerThread0" daemon [_thread_blocked, id=7908, stack(0x00000059b6d00000,0x00000059b6e00000)]
  0x0000023aedbec000 JavaThread "Sweeper thread" daemon [_thread_blocked, id=9196, stack(0x00000059b6e00000,0x00000059b6f00000)]
  0x0000023aedbed800 JavaThread "Common-Cleaner" daemon [_thread_blocked, id=15988, stack(0x00000059b6f00000,0x00000059b7000000)]
  0x0000023aedbee800 JavaThread "Daemon health stats" [_thread_blocked, id=5412, stack(0x00000059b7500000,0x00000059b7600000)]
  0x0000023aedbe9000 JavaThread "Incoming local TCP Connector on port 58720" [_thread_in_native, id=16060, stack(0x00000059b7100000,0x00000059b7200000)]
  0x0000023aedbe9800 JavaThread "Daemon periodic checks" [_thread_blocked, id=9680, stack(0x00000059b7200000,0x00000059b7300000)]
  0x0000023aedbef800 JavaThread "Daemon" [_thread_blocked, id=4848, stack(0x00000059b7600000,0x00000059b7700000)]
  0x0000023aedbea800 JavaThread "Handler for socket connection from /127.0.0.1:58720 to /127.0.0.1:58721" [_thread_in_native, id=14020, stack(0x00000059b7700000,0x00000059b7800000)]
  0x0000023aedbeb000 JavaThread "Cancel handler" [_thread_blocked, id=8196, stack(0x00000059b7800000,0x00000059b7900000)]
  0x0000023aefd50800 JavaThread "Daemon worker" [_thread_in_vm, id=9116, stack(0x00000059b7900000,0x00000059b7a00000)]
  0x0000023aefd4a800 JavaThread "Asynchronous log dispatcher for DefaultDaemonConnection: socket connection from /127.0.0.1:58720 to /127.0.0.1:58721" [_thread_blocked, id=15720, stack(0x00000059b7a00000,0x00000059b7b00000)]
  0x0000023aefd4f800 JavaThread "Stdin handler" [_thread_blocked, id=10260, stack(0x00000059b7b00000,0x00000059b7c00000)]
  0x0000023aefd51000 JavaThread "Daemon client event forwarder" [_thread_blocked, id=14544, stack(0x00000059b7c00000,0x00000059b7d00000)]
  0x0000023aefd4b800 JavaThread "Cache worker for file hash cache (C:\Users\xpmkm\.gradle\caches\7.0.2\fileHashes)" [_thread_blocked, id=11580, stack(0x00000059b8300000,0x00000059b8400000)]
  0x0000023aefd4e800 JavaThread "File lock request listener" [_thread_in_native, id=8420, stack(0x00000059b8400000,0x00000059b8500000)]
  0x0000023aefd4e000 JavaThread "Cache worker for journal cache (C:\Users\xpmkm\.gradle\caches\journal-1)" [_thread_blocked, id=6912, stack(0x00000059b8600000,0x00000059b8700000)]
=>0x0000023af011e000 JavaThread "C2 CompilerThread1" daemon [_thread_in_native, id=10612, stack(0x00000059b8700000,0x00000059b8800000)]
  0x0000023aefd4c800 JavaThread "Cache worker for file hash cache (C:\Users\xpmkm\Desktop\update_code_vezilla-server\codecanyon-L2GSbXtH-dairy-products-grocery-daily-milk-delivery-mobile-app-with-subscription-customer-app-delivery\test-vezilla-android-workspace\.gradle\7.0.2\fileHashes)" [_thread_blocked, id=9152, stack(0x00000059b8800000,0x00000059b8900000)]
  0x0000023aefd4d000 JavaThread "File watcher server" daemon [_thread_in_native, id=14224, stack(0x00000059b8900000,0x00000059b8a00000)]
  0x0000023af0409000 JavaThread "File watcher consumer" daemon [_thread_blocked, id=7528, stack(0x00000059b8a00000,0x00000059b8b00000)]
  0x0000023af040b000 JavaThread "Cache worker for checksums cache (C:\Users\xpmkm\Desktop\update_code_vezilla-server\codecanyon-L2GSbXtH-dairy-products-grocery-daily-milk-delivery-mobile-app-with-subscription-customer-app-delivery\test-vezilla-android-workspace\.gradle\checksums)" [_thread_blocked, id=3960, stack(0x00000059b8b00000,0x00000059b8c00000)]
  0x0000023af040c800 JavaThread "Cache worker for cache directory md-supplier (C:\Users\xpmkm\.gradle\caches\7.0.2\md-supplier)" [_thread_blocked, id=3164, stack(0x00000059b8c00000,0x00000059b8d00000)]
  0x0000023af1618000 JavaThread "C2 CompilerThread2" daemon [_thread_in_native, id=3388, stack(0x00000059b8d00000,0x00000059b8e00000)]
  0x0000023af0407800 JavaThread "Cache worker for cache directory md-rule (C:\Users\xpmkm\.gradle\caches\7.0.2\md-rule)" [_thread_blocked, id=5928, stack(0x00000059b8e00000,0x00000059b8f00000)]
  0x0000023af040b800 JavaThread "Cache worker for execution history cache (C:\Users\xpmkm\.gradle\caches\7.0.2\executionHistory)" [_thread_blocked, id=16340, stack(0x00000059b8f00000,0x00000059b9000000)]
  0x0000023af040d800 JavaThread "jar transforms" [_thread_blocked, id=9768, stack(0x00000059b9000000,0x00000059b9100000)]
  0x0000023af0408800 JavaThread "jar transforms Thread 2" [_thread_blocked, id=9308, stack(0x00000059b9100000,0x00000059b9200000)]
  0x0000023af0410800 JavaThread "Cache worker for file content cache (C:\Users\xpmkm\.gradle\caches\7.0.2\fileContent)" [_thread_blocked, id=14572, stack(0x00000059b9200000,0x00000059b9300000)]
  0x0000023af0413000 JavaThread "Cache worker for dependencies-accessors (C:\Users\xpmkm\Desktop\update_code_vezilla-server\codecanyon-L2GSbXtH-dairy-products-grocery-daily-milk-delivery-mobile-app-with-subscription-customer-app-delivery\test-vezilla-android-workspace\.gradle\7.0.2\dependencies-accessors)" [_thread_blocked, id=12852, stack(0x00000059b9300000,0x00000059b9400000)]
  0x0000023af0414000 JavaThread "jar transforms Thread 3" [_thread_blocked, id=5872, stack(0x00000059b9400000,0x00000059b9500000)]
  0x0000023af040f000 JavaThread "Cache worker for Build Output Cleanup Cache (C:\Users\xpmkm\Desktop\update_code_vezilla-server\codecanyon-L2GSbXtH-dairy-products-grocery-daily-milk-delivery-mobile-app-with-subscription-customer-app-delivery\test-vezilla-android-workspace\.gradle\buildOutputCleanup)" [_thread_blocked, id=11924, stack(0x00000059b9500000,0x00000059b9600000)]
  0x0000023af0414800 JavaThread "Build operations" [_thread_blocked, id=11104, stack(0x00000059b9600000,0x00000059b9700000)]
  0x0000023af0415800 JavaThread "Build operations Thread 2" [_thread_blocked, id=8232, stack(0x00000059b9700000,0x00000059b9800000)]
  0x0000023af0410000 JavaThread "Build operations Thread 3" [_thread_blocked, id=316, stack(0x00000059b9800000,0x00000059b9900000)]
  0x0000023af0416800 JavaThread "Build operations Thread 4" [_thread_blocked, id=4124, stack(0x00000059b9900000,0x00000059b9a00000)]
  0x0000023aeeb25000 JavaThread "Build operations Thread 5" [_thread_blocked, id=8748, stack(0x00000059b9a00000,0x00000059b9b00000)]
  0x0000023aeeb26000 JavaThread "Build operations Thread 6" [_thread_blocked, id=12224, stack(0x00000059b9b00000,0x00000059b9c00000)]
  0x0000023aeeb2a000 JavaThread "Build operations Thread 7" [_thread_blocked, id=2528, stack(0x00000059b9c00000,0x00000059b9d00000)]
  0x0000023aeeb29800 JavaThread "Build operations Thread 8" [_thread_blocked, id=12324, stack(0x00000059b9d00000,0x00000059b9e00000)]
  0x0000023aeeb27000 JavaThread "jar transforms Thread 4" [_thread_blocked, id=5984, stack(0x00000059b9e00000,0x00000059b9f00000)]
  0x0000023aeeb27800 JavaThread "jar transforms Thread 5" [_thread_blocked, id=10644, stack(0x00000059b9f00000,0x00000059ba000000)]
  0x0000023aeeb24800 JavaThread "jar transforms Thread 6" [_thread_blocked, id=16000, stack(0x00000059ba000000,0x00000059ba100000)]
  0x0000023aeeb2c000 JavaThread "jar transforms Thread 7" [_thread_blocked, id=13508, stack(0x00000059ba100000,0x00000059ba200000)]
  0x0000023aeeb2b000 JavaThread "jar transforms Thread 8" [_thread_blocked, id=9060, stack(0x00000059ba200000,0x00000059ba300000)]
  0x0000023aeeb2d800 JavaThread "Memory manager" [_thread_blocked, id=8932, stack(0x00000059ba300000,0x00000059ba400000)]

Other Threads:
  0x0000023aed25b000 VMThread "VM Thread" [stack: 0x00000059b6600000,0x00000059b6700000] [id=3244]
  0x0000023aedd59000 WatcherThread [stack: 0x00000059b7000000,0x00000059b7100000] [id=2308]
  0x0000023ad2e00000 GCTaskThread "GC Thread#0" [stack: 0x00000059b6100000,0x00000059b6200000] [id=11516]
  0x0000023aee527800 GCTaskThread "GC Thread#1" [stack: 0x00000059b7300000,0x00000059b7400000] [id=8908]
  0x0000023aee567000 GCTaskThread "GC Thread#2" [stack: 0x00000059b7400000,0x00000059b7500000] [id=8980]
  0x0000023aeeab8000 GCTaskThread "GC Thread#3" [stack: 0x00000059b7d00000,0x00000059b7e00000] [id=9120]
  0x0000023af0387000 GCTaskThread "GC Thread#4" [stack: 0x00000059b7e00000,0x00000059b7f00000] [id=7276]
  0x0000023af03a7000 GCTaskThread "GC Thread#5" [stack: 0x00000059b7f00000,0x00000059b8000000] [id=6580]
  0x0000023aef32c800 GCTaskThread "GC Thread#6" [stack: 0x00000059b8000000,0x00000059b8100000] [id=2704]
  0x0000023af03f4800 GCTaskThread "GC Thread#7" [stack: 0x00000059b8100000,0x00000059b8200000] [id=3004]
  0x0000023ad2e31000 ConcurrentGCThread "G1 Main Marker" [stack: 0x00000059b6200000,0x00000059b6300000] [id=1388]
  0x0000023ad2e32800 ConcurrentGCThread "G1 Conc#0" [stack: 0x00000059b6300000,0x00000059b6400000] [id=2372]
  0x0000023aefeff800 ConcurrentGCThread "G1 Conc#1" [stack: 0x00000059b8500000,0x00000059b8600000] [id=15796]
  0x0000023ad2eb6000 ConcurrentGCThread "G1 Refine#0" [stack: 0x00000059b6400000,0x00000059b6500000] [id=16284]
  0x0000023aefe9a800 ConcurrentGCThread "G1 Refine#1" [stack: 0x00000059b8200000,0x00000059b8300000] [id=15080]
  0x0000023ad2eb7000 ConcurrentGCThread "G1 Young RemSet Sampling" [stack: 0x00000059b6500000,0x00000059b6600000] [id=8004]

Threads with active compile tasks:
C2 CompilerThread0  10731 6843   !   4       java.lang.reflect.Executable::sharedToGenericString (321 bytes)
C1 CompilerThread0  10731 6855       3       groovy.lang.MetaClassImpl::checkInitalised (58 bytes)
C2 CompilerThread1  10731 6837 %     4       groovy.lang.MetaClassImpl::inheritInterfaceNewMetaMethods @ 100 (195 bytes)
C2 CompilerThread2  10731 6841       4       com.sun.beans.TypeResolver::resolve (37 bytes)

VM state:not at safepoint (normal execution)

VM Mutex/Monitor currently owned by a thread: None

Heap address: 0x0000000080000000, size: 2048 MB, Compressed Oops mode: 32-bit
Narrow klass base: 0x0000000000000000, Narrow klass shift: 3
Compressed class space size: 1073741824 Address: 0x0000000100000000

Heap:
 garbage-first heap   total 155648K, used 107863K [0x0000000080000000, 0x0000000100000000)
  region size 1024K, 57 young (58368K), 6 survivors (6144K)
 Metaspace       used 69273K, capacity 71272K, committed 71424K, reserved 1112064K
  class space    used 8982K, capacity 9694K, committed 9804K, reserved 1048576K
Heap Regions: E=young(eden), S=young(survivor), O=old, HS=humongous(starts), HC=humongous(continues), CS=collection set, F=free, A=archive, TAMS=top-at-mark-start (previous, next)
|   0|0x0000000080000000, 0x0000000080100000, 0x0000000080100000|100%| O|  |TAMS 0x0000000080100000, 0x0000000080000000| Untracked 
|   1|0x0000000080100000, 0x0000000080200000, 0x0000000080200000|100%| O|  |TAMS 0x0000000080200000, 0x0000000080100000| Untracked 
|   2|0x0000000080200000, 0x0000000080300000, 0x0000000080300000|100%| O|  |TAMS 0x0000000080300000, 0x0000000080200000| Untracked 
|   3|0x0000000080300000, 0x0000000080400000, 0x0000000080400000|100%|HS|  |TAMS 0x0000000080400000, 0x0000000080300000| Complete 
|   4|0x0000000080400000, 0x0000000080500000, 0x0000000080500000|100%|HC|  |TAMS 0x0000000080500000, 0x0000000080400000| Complete 
|   5|0x0000000080500000, 0x0000000080600000, 0x0000000080600000|100%|HC|  |TAMS 0x0000000080600000, 0x0000000080500000| Complete 
|   6|0x0000000080600000, 0x0000000080700000, 0x0000000080700000|100%| O|  |TAMS 0x0000000080700000, 0x0000000080600000| Untracked 
|   7|0x0000000080700000, 0x0000000080800000, 0x0000000080800000|100%| O|  |TAMS 0x0000000080800000, 0x0000000080700000| Untracked 
|   8|0x0000000080800000, 0x0000000080900000, 0x0000000080900000|100%| O|  |TAMS 0x0000000080900000, 0x0000000080800000| Untracked 
|   9|0x0000000080900000, 0x0000000080a00000, 0x0000000080a00000|100%| O|  |TAMS 0x0000000080a00000, 0x0000000080900000| Untracked 
|  10|0x0000000080a00000, 0x0000000080b00000, 0x0000000080b00000|100%| O|  |TAMS 0x0000000080b00000, 0x0000000080a00000| Untracked 
|  11|0x0000000080b00000, 0x0000000080c00000, 0x0000000080c00000|100%| O|  |TAMS 0x0000000080c00000, 0x0000000080b00000| Untracked 
|  12|0x0000000080c00000, 0x0000000080d00000, 0x0000000080d00000|100%| O|  |TAMS 0x0000000080d00000, 0x0000000080c00000| Untracked 
|  13|0x0000000080d00000, 0x0000000080e00000, 0x0000000080e00000|100%| O|  |TAMS 0x0000000080e00000, 0x0000000080d00000| Untracked 
|  14|0x0000000080e00000, 0x0000000080f00000, 0x0000000080f00000|100%| O|  |TAMS 0x0000000080f00000, 0x0000000080e00000| Untracked 
|  15|0x0000000080f00000, 0x0000000081000000, 0x0000000081000000|100%| O|  |TAMS 0x0000000081000000, 0x0000000080f00000| Untracked 
|  16|0x0000000081000000, 0x0000000081100000, 0x0000000081100000|100%|HS|  |TAMS 0x0000000081100000, 0x0000000081000000| Complete 
|  17|0x0000000081100000, 0x0000000081200000, 0x0000000081200000|100%| O|  |TAMS 0x0000000081200000, 0x0000000081100000| Untracked 
|  18|0x0000000081200000, 0x0000000081300000, 0x0000000081300000|100%| O|  |TAMS 0x0000000081300000, 0x0000000081200000| Untracked 
|  19|0x0000000081300000, 0x0000000081400000, 0x0000000081400000|100%| O|  |TAMS 0x0000000081400000, 0x0000000081300000| Untracked 
|  20|0x0000000081400000, 0x0000000081500000, 0x0000000081500000|100%| O|  |TAMS 0x0000000081500000, 0x0000000081400000| Untracked 
|  21|0x0000000081500000, 0x0000000081600000, 0x0000000081600000|100%| O|  |TAMS 0x0000000081600000, 0x0000000081500000| Untracked 
|  22|0x0000000081600000, 0x0000000081700000, 0x0000000081700000|100%| O|  |TAMS 0x0000000081700000, 0x0000000081600000| Untracked 
|  23|0x0000000081700000, 0x0000000081800000, 0x0000000081800000|100%|HS|  |TAMS 0x0000000081800000, 0x0000000081700000| Complete 
|  24|0x0000000081800000, 0x0000000081900000, 0x0000000081900000|100%|HS|  |TAMS 0x0000000081900000, 0x0000000081800000| Complete 
|  25|0x0000000081900000, 0x0000000081a00000, 0x0000000081a00000|100%|HC|  |TAMS 0x0000000081a00000, 0x0000000081900000| Complete 
|  26|0x0000000081a00000, 0x0000000081b00000, 0x0000000081b00000|100%| O|  |TAMS 0x0000000081b00000, 0x0000000081a00000| Untracked 
|  27|0x0000000081b00000, 0x0000000081c00000, 0x0000000081c00000|100%| O|  |TAMS 0x0000000081c00000, 0x0000000081b00000| Untracked 
|  28|0x0000000081c00000, 0x0000000081d00000, 0x0000000081d00000|100%| O|  |TAMS 0x0000000081d00000, 0x0000000081c00000| Untracked 
|  29|0x0000000081d00000, 0x0000000081e00000, 0x0000000081e00000|100%| O|  |TAMS 0x0000000081e00000, 0x0000000081d00000| Untracked 
|  30|0x0000000081e00000, 0x0000000081f00000, 0x0000000081f00000|100%| O|  |TAMS 0x0000000081f00000, 0x0000000081e00000| Untracked 
|  31|0x0000000081f00000, 0x0000000082000000, 0x0000000082000000|100%| O|  |TAMS 0x0000000082000000, 0x0000000081f00000| Untracked 
|  32|0x0000000082000000, 0x0000000082100000, 0x0000000082100000|100%| O|  |TAMS 0x0000000082100000, 0x0000000082000000| Untracked 
|  33|0x0000000082100000, 0x0000000082200000, 0x0000000082200000|100%| O|  |TAMS 0x0000000082200000, 0x0000000082100000| Untracked 
|  34|0x0000000082200000, 0x0000000082300000, 0x0000000082300000|100%| O|  |TAMS 0x0000000082300000, 0x0000000082200000| Untracked 
|  35|0x0000000082300000, 0x0000000082400000, 0x0000000082400000|100%| O|  |TAMS 0x0000000082400000, 0x0000000082300000| Untracked 
|  36|0x0000000082400000, 0x0000000082500000, 0x0000000082500000|100%| O|  |TAMS 0x0000000082500000, 0x0000000082400000| Untracked 
|  37|0x0000000082500000, 0x0000000082600000, 0x0000000082600000|100%| O|  |TAMS 0x0000000082600000, 0x0000000082500000| Untracked 
|  38|0x0000000082600000, 0x0000000082700000, 0x0000000082700000|100%| O|  |TAMS 0x0000000082700000, 0x0000000082600000| Untracked 
|  39|0x0000000082700000, 0x0000000082800000, 0x0000000082800000|100%| O|  |TAMS 0x0000000082800000, 0x0000000082700000| Untracked 
|  40|0x0000000082800000, 0x0000000082900000, 0x0000000082900000|100%| O|  |TAMS 0x0000000082900000, 0x0000000082800000| Untracked 
|  41|0x0000000082900000, 0x0000000082a00000, 0x0000000082a00000|100%| O|  |TAMS 0x0000000082a00000, 0x0000000082900000| Untracked 
|  42|0x0000000082a00000, 0x0000000082b00000, 0x0000000082b00000|100%| O|  |TAMS 0x0000000082a8f000, 0x0000000082a00000| Untracked 
|  43|0x0000000082b00000, 0x0000000082c00000, 0x0000000082c00000|100%| O|  |TAMS 0x0000000082b00000, 0x0000000082b00000| Untracked 
|  44|0x0000000082c00000, 0x0000000082d00000, 0x0000000082d00000|100%| O|  |TAMS 0x0000000082c00000, 0x0000000082c00000| Untracked 
|  45|0x0000000082d00000, 0x0000000082e00000, 0x0000000082e00000|100%| O|  |TAMS 0x0000000082d00000, 0x0000000082d00000| Untracked 
|  46|0x0000000082e00000, 0x0000000082f00000, 0x0000000082f00000|100%| O|  |TAMS 0x0000000082e00000, 0x0000000082e00000| Untracked 
|  47|0x0000000082f00000, 0x0000000083000000, 0x0000000083000000|100%| O|  |TAMS 0x0000000082f00000, 0x0000000082f00000| Untracked 
|  48|0x0000000083000000, 0x0000000083100000, 0x0000000083100000|100%| O|  |TAMS 0x0000000083000000, 0x0000000083000000| Untracked 
|  49|0x0000000083100000, 0x00000000831dea00, 0x0000000083200000| 86%| O|  |TAMS 0x0000000083100000, 0x0000000083100000| Untracked 
|  50|0x0000000083200000, 0x0000000083200000, 0x0000000083300000|  0%| F|  |TAMS 0x0000000083200000, 0x0000000083200000| Untracked 
|  51|0x0000000083300000, 0x0000000083300000, 0x0000000083400000|  0%| F|  |TAMS 0x0000000083300000, 0x0000000083300000| Untracked 
|  52|0x0000000083400000, 0x0000000083400000, 0x0000000083500000|  0%| F|  |TAMS 0x0000000083400000, 0x0000000083400000| Untracked 
|  53|0x0000000083500000, 0x0000000083500000, 0x0000000083600000|  0%| F|  |TAMS 0x0000000083500000, 0x0000000083500000| Untracked 
|  54|0x0000000083600000, 0x0000000083600000, 0x0000000083700000|  0%| F|  |TAMS 0x0000000083600000, 0x0000000083600000| Untracked 
|  55|0x0000000083700000, 0x0000000083700000, 0x0000000083800000|  0%| F|  |TAMS 0x0000000083700000, 0x0000000083700000| Untracked 
|  56|0x0000000083800000, 0x0000000083800000, 0x0000000083900000|  0%| F|  |TAMS 0x0000000083800000, 0x0000000083800000| Untracked 
|  57|0x0000000083900000, 0x0000000083900000, 0x0000000083a00000|  0%| F|  |TAMS 0x0000000083900000, 0x0000000083900000| Untracked 
|  58|0x0000000083a00000, 0x0000000083a00000, 0x0000000083b00000|  0%| F|  |TAMS 0x0000000083a00000, 0x0000000083a00000| Untracked 
|  59|0x0000000083b00000, 0x0000000083b00000, 0x0000000083c00000|  0%| F|  |TAMS 0x0000000083b00000, 0x0000000083b00000| Untracked 
|  60|0x0000000083c00000, 0x0000000083c00000, 0x0000000083d00000|  0%| F|  |TAMS 0x0000000083c00000, 0x0000000083c00000| Untracked 
|  61|0x0000000083d00000, 0x0000000083d00000, 0x0000000083e00000|  0%| F|  |TAMS 0x0000000083d00000, 0x0000000083d00000| Untracked 
|  62|0x0000000083e00000, 0x0000000083e00000, 0x0000000083f00000|  0%| F|  |TAMS 0x0000000083e00000, 0x0000000083e00000| Untracked 
|  63|0x0000000083f00000, 0x0000000083f00000, 0x0000000084000000|  0%| F|  |TAMS 0x0000000083f00000, 0x0000000083f00000| Untracked 
|  64|0x0000000084000000, 0x0000000084000000, 0x0000000084100000|  0%| F|  |TAMS 0x0000000084000000, 0x0000000084000000| Untracked 
|  65|0x0000000084100000, 0x0000000084100000, 0x0000000084200000|  0%| F|  |TAMS 0x0000000084100000, 0x0000000084100000| Untracked 
|  66|0x0000000084200000, 0x0000000084200000, 0x0000000084300000|  0%| F|  |TAMS 0x0000000084200000, 0x0000000084200000| Untracked 
|  67|0x0000000084300000, 0x0000000084300000, 0x0000000084400000|  0%| F|  |TAMS 0x0000000084300000, 0x0000000084300000| Untracked 
|  68|0x0000000084400000, 0x0000000084400000, 0x0000000084500000|  0%| F|  |TAMS 0x0000000084400000, 0x0000000084400000| Untracked 
|  69|0x0000000084500000, 0x0000000084500000, 0x0000000084600000|  0%| F|  |TAMS 0x0000000084500000, 0x0000000084500000| Untracked 
|  70|0x0000000084600000, 0x0000000084600000, 0x0000000084700000|  0%| F|  |TAMS 0x0000000084600000, 0x0000000084600000| Untracked 
|  71|0x0000000084700000, 0x0000000084700000, 0x0000000084800000|  0%| F|  |TAMS 0x0000000084700000, 0x0000000084700000| Untracked 
|  72|0x0000000084800000, 0x0000000084800000, 0x0000000084900000|  0%| F|  |TAMS 0x0000000084800000, 0x0000000084800000| Untracked 
|  73|0x0000000084900000, 0x0000000084900000, 0x0000000084a00000|  0%| F|  |TAMS 0x0000000084900000, 0x0000000084900000| Untracked 
|  74|0x0000000084a00000, 0x0000000084a00000, 0x0000000084b00000|  0%| F|  |TAMS 0x0000000084a00000, 0x0000000084a00000| Untracked 
|  75|0x0000000084b00000, 0x0000000084b00000, 0x0000000084c00000|  0%| F|  |TAMS 0x0000000084b00000, 0x0000000084b00000| Untracked 
|  76|0x0000000084c00000, 0x0000000084c773e8, 0x0000000084d00000| 46%| S|CS|TAMS 0x0000000084c00000, 0x0000000084c00000| Complete 
|  77|0x0000000084d00000, 0x0000000084e00000, 0x0000000084e00000|100%| S|CS|TAMS 0x0000000084d00000, 0x0000000084d00000| Complete 
|  78|0x0000000084e00000, 0x0000000084e00000, 0x0000000084f00000|  0%| F|  |TAMS 0x0000000084e00000, 0x0000000084e00000| Untracked 
|  79|0x0000000084f00000, 0x0000000084f00000, 0x0000000085000000|  0%| F|  |TAMS 0x0000000084f00000, 0x0000000084f00000| Untracked 
|  80|0x0000000085000000, 0x0000000085000000, 0x0000000085100000|  0%| F|  |TAMS 0x0000000085000000, 0x0000000085000000| Untracked 
|  81|0x0000000085100000, 0x0000000085100000, 0x0000000085200000|  0%| F|  |TAMS 0x0000000085100000, 0x0000000085100000| Untracked 
|  82|0x0000000085200000, 0x0000000085200000, 0x0000000085300000|  0%| F|  |TAMS 0x0000000085200000, 0x0000000085200000| Untracked 
|  83|0x0000000085300000, 0x0000000085300000, 0x0000000085400000|  0%| F|  |TAMS 0x0000000085300000, 0x0000000085300000| Untracked 
|  84|0x0000000085400000, 0x0000000085400000, 0x0000000085500000|  0%| F|  |TAMS 0x0000000085400000, 0x0000000085400000| Untracked 
|  85|0x0000000085500000, 0x0000000085500000, 0x0000000085600000|  0%| F|  |TAMS 0x0000000085500000, 0x0000000085500000| Untracked 
|  86|0x0000000085600000, 0x0000000085700000, 0x0000000085700000|100%| S|CS|TAMS 0x0000000085600000, 0x0000000085600000| Complete 
|  87|0x0000000085700000, 0x0000000085800000, 0x0000000085800000|100%| S|CS|TAMS 0x0000000085700000, 0x0000000085700000| Complete 
|  88|0x0000000085800000, 0x0000000085900000, 0x0000000085900000|100%| S|CS|TAMS 0x0000000085800000, 0x0000000085800000| Complete 
|  89|0x0000000085900000, 0x0000000085a00000, 0x0000000085a00000|100%| S|CS|TAMS 0x0000000085900000, 0x0000000085900000| Complete 
|  90|0x0000000085a00000, 0x0000000085a00000, 0x0000000085b00000|  0%| F|  |TAMS 0x0000000085a00000, 0x0000000085a00000| Untracked 
|  91|0x0000000085b00000, 0x0000000085b00000, 0x0000000085c00000|  0%| F|  |TAMS 0x0000000085b00000, 0x0000000085b00000| Untracked 
|  92|0x0000000085c00000, 0x0000000085c00000, 0x0000000085d00000|  0%| F|  |TAMS 0x0000000085c00000, 0x0000000085c00000| Untracked 
|  93|0x0000000085d00000, 0x0000000085d00000, 0x0000000085e00000|  0%| F|  |TAMS 0x0000000085d00000, 0x0000000085d00000| Untracked 
|  94|0x0000000085e00000, 0x0000000085e00000, 0x0000000085f00000|  0%| F|  |TAMS 0x0000000085e00000, 0x0000000085e00000| Untracked 
|  95|0x0000000085f00000, 0x0000000085f00000, 0x0000000086000000|  0%| F|  |TAMS 0x0000000085f00000, 0x0000000085f00000| Untracked 
|  96|0x0000000086000000, 0x0000000086000000, 0x0000000086100000|  0%| F|  |TAMS 0x0000000086000000, 0x0000000086000000| Untracked 
|  97|0x0000000086100000, 0x0000000086100000, 0x0000000086200000|  0%| F|  |TAMS 0x0000000086100000, 0x0000000086100000| Untracked 
|  98|0x0000000086200000, 0x0000000086200000, 0x0000000086300000|  0%| F|  |TAMS 0x0000000086200000, 0x0000000086200000| Untracked 
|  99|0x0000000086300000, 0x0000000086300000, 0x0000000086400000|  0%| F|  |TAMS 0x0000000086300000, 0x0000000086300000| Untracked 
| 100|0x0000000086400000, 0x0000000086480800, 0x0000000086500000| 50%| E|  |TAMS 0x0000000086400000, 0x0000000086400000| Complete 
| 101|0x0000000086500000, 0x0000000086600000, 0x0000000086600000|100%| E|CS|TAMS 0x0000000086500000, 0x0000000086500000| Complete 
| 102|0x0000000086600000, 0x0000000086700000, 0x0000000086700000|100%| E|CS|TAMS 0x0000000086600000, 0x0000000086600000| Complete 
| 103|0x0000000086700000, 0x0000000086800000, 0x0000000086800000|100%| E|CS|TAMS 0x0000000086700000, 0x0000000086700000| Complete 
| 104|0x0000000086800000, 0x0000000086900000, 0x0000000086900000|100%| E|CS|TAMS 0x0000000086800000, 0x0000000086800000| Complete 
| 105|0x0000000086900000, 0x0000000086a00000, 0x0000000086a00000|100%| E|CS|TAMS 0x0000000086900000, 0x0000000086900000| Complete 
| 106|0x0000000086a00000, 0x0000000086b00000, 0x0000000086b00000|100%| E|CS|TAMS 0x0000000086a00000, 0x0000000086a00000| Complete 
| 107|0x0000000086b00000, 0x0000000086c00000, 0x0000000086c00000|100%| E|CS|TAMS 0x0000000086b00000, 0x0000000086b00000| Complete 
| 108|0x0000000086c00000, 0x0000000086d00000, 0x0000000086d00000|100%| E|CS|TAMS 0x0000000086c00000, 0x0000000086c00000| Complete 
| 109|0x0000000086d00000, 0x0000000086e00000, 0x0000000086e00000|100%| E|CS|TAMS 0x0000000086d00000, 0x0000000086d00000| Complete 
| 110|0x0000000086e00000, 0x0000000086f00000, 0x0000000086f00000|100%| E|CS|TAMS 0x0000000086e00000, 0x0000000086e00000| Complete 
| 111|0x0000000086f00000, 0x0000000087000000, 0x0000000087000000|100%| E|CS|TAMS 0x0000000086f00000, 0x0000000086f00000| Complete 
| 112|0x0000000087000000, 0x0000000087100000, 0x0000000087100000|100%| E|CS|TAMS 0x0000000087000000, 0x0000000087000000| Complete 
| 113|0x0000000087100000, 0x0000000087200000, 0x0000000087200000|100%| E|CS|TAMS 0x0000000087100000, 0x0000000087100000| Complete 
| 114|0x0000000087200000, 0x0000000087300000, 0x0000000087300000|100%| E|CS|TAMS 0x0000000087200000, 0x0000000087200000| Complete 
| 115|0x0000000087300000, 0x0000000087400000, 0x0000000087400000|100%| E|CS|TAMS 0x0000000087300000, 0x0000000087300000| Complete 
| 116|0x0000000087400000, 0x0000000087500000, 0x0000000087500000|100%| E|CS|TAMS 0x0000000087400000, 0x0000000087400000| Complete 
| 117|0x0000000087500000, 0x0000000087600000, 0x0000000087600000|100%| E|CS|TAMS 0x0000000087500000, 0x0000000087500000| Complete 
| 118|0x0000000087600000, 0x0000000087700000, 0x0000000087700000|100%| E|CS|TAMS 0x0000000087600000, 0x0000000087600000| Complete 
| 119|0x0000000087700000, 0x0000000087800000, 0x0000000087800000|100%| E|CS|TAMS 0x0000000087700000, 0x0000000087700000| Complete 
| 120|0x0000000087800000, 0x0000000087900000, 0x0000000087900000|100%| E|CS|TAMS 0x0000000087800000, 0x0000000087800000| Complete 
| 121|0x0000000087900000, 0x0000000087a00000, 0x0000000087a00000|100%| E|CS|TAMS 0x0000000087900000, 0x0000000087900000| Complete 
| 122|0x0000000087a00000, 0x0000000087b00000, 0x0000000087b00000|100%| E|CS|TAMS 0x0000000087a00000, 0x0000000087a00000| Complete 
| 123|0x0000000087b00000, 0x0000000087c00000, 0x0000000087c00000|100%| E|CS|TAMS 0x0000000087b00000, 0x0000000087b00000| Complete 
| 124|0x0000000087c00000, 0x0000000087d00000, 0x0000000087d00000|100%| E|CS|TAMS 0x0000000087c00000, 0x0000000087c00000| Complete 
| 125|0x0000000087d00000, 0x0000000087e00000, 0x0000000087e00000|100%| E|CS|TAMS 0x0000000087d00000, 0x0000000087d00000| Complete 
| 126|0x0000000087e00000, 0x0000000087f00000, 0x0000000087f00000|100%| E|CS|TAMS 0x0000000087e00000, 0x0000000087e00000| Complete 
| 127|0x0000000087f00000, 0x0000000088000000, 0x0000000088000000|100%| E|CS|TAMS 0x0000000087f00000, 0x0000000087f00000| Complete 
| 128|0x0000000088000000, 0x0000000088100000, 0x0000000088100000|100%| E|CS|TAMS 0x0000000088000000, 0x0000000088000000| Complete 
| 129|0x0000000088100000, 0x0000000088200000, 0x0000000088200000|100%| E|CS|TAMS 0x0000000088100000, 0x0000000088100000| Complete 
| 130|0x0000000088200000, 0x0000000088300000, 0x0000000088300000|100%| E|CS|TAMS 0x0000000088200000, 0x0000000088200000| Complete 
| 131|0x0000000088300000, 0x0000000088400000, 0x0000000088400000|100%| E|CS|TAMS 0x0000000088300000, 0x0000000088300000| Complete 
| 132|0x0000000088400000, 0x0000000088500000, 0x0000000088500000|100%| E|CS|TAMS 0x0000000088400000, 0x0000000088400000| Complete 
| 133|0x0000000088500000, 0x0000000088600000, 0x0000000088600000|100%| E|CS|TAMS 0x0000000088500000, 0x0000000088500000| Complete 
| 134|0x0000000088600000, 0x0000000088700000, 0x0000000088700000|100%| E|CS|TAMS 0x0000000088600000, 0x0000000088600000| Complete 
| 135|0x0000000088700000, 0x0000000088800000, 0x0000000088800000|100%| E|CS|TAMS 0x0000000088700000, 0x0000000088700000| Complete 
| 136|0x0000000088800000, 0x0000000088900000, 0x0000000088900000|100%| E|CS|TAMS 0x0000000088800000, 0x0000000088800000| Complete 
| 137|0x0000000088900000, 0x0000000088a00000, 0x0000000088a00000|100%| E|CS|TAMS 0x0000000088900000, 0x0000000088900000| Complete 
| 138|0x0000000088a00000, 0x0000000088b00000, 0x0000000088b00000|100%| E|CS|TAMS 0x0000000088a00000, 0x0000000088a00000| Complete 
| 139|0x0000000088b00000, 0x0000000088c00000, 0x0000000088c00000|100%| E|CS|TAMS 0x0000000088b00000, 0x0000000088b00000| Complete 
| 140|0x0000000088c00000, 0x0000000088d00000, 0x0000000088d00000|100%| E|CS|TAMS 0x0000000088c00000, 0x0000000088c00000| Complete 
| 141|0x0000000088d00000, 0x0000000088e00000, 0x0000000088e00000|100%| E|CS|TAMS 0x0000000088d00000, 0x0000000088d00000| Complete 
| 142|0x0000000088e00000, 0x0000000088f00000, 0x0000000088f00000|100%| E|CS|TAMS 0x0000000088e00000, 0x0000000088e00000| Complete 
| 143|0x0000000088f00000, 0x0000000089000000, 0x0000000089000000|100%| E|CS|TAMS 0x0000000088f00000, 0x0000000088f00000| Complete 
| 144|0x0000000089000000, 0x0000000089100000, 0x0000000089100000|100%| E|CS|TAMS 0x0000000089000000, 0x0000000089000000| Complete 
| 145|0x0000000089100000, 0x0000000089200000, 0x0000000089200000|100%| E|CS|TAMS 0x0000000089100000, 0x0000000089100000| Complete 
| 146|0x0000000089200000, 0x0000000089300000, 0x0000000089300000|100%| E|CS|TAMS 0x0000000089200000, 0x0000000089200000| Complete 
| 147|0x0000000089300000, 0x0000000089400000, 0x0000000089400000|100%| E|CS|TAMS 0x0000000089300000, 0x0000000089300000| Complete 
| 148|0x0000000089400000, 0x0000000089500000, 0x0000000089500000|100%| E|CS|TAMS 0x0000000089400000, 0x0000000089400000| Complete 
| 149|0x0000000089500000, 0x0000000089600000, 0x0000000089600000|100%| E|CS|TAMS 0x0000000089500000, 0x0000000089500000| Complete 
| 150|0x0000000089600000, 0x0000000089700000, 0x0000000089700000|100%| E|CS|TAMS 0x0000000089600000, 0x0000000089600000| Complete 
| 151|0x0000000089700000, 0x0000000089800000, 0x0000000089800000|100%| E|CS|TAMS 0x0000000089700000, 0x0000000089700000| Complete 

Card table byte_map: [0x0000023ae6000000,0x0000023ae6400000] _byte_map_base: 0x0000023ae5c00000

Marking Bits (Prev, Next): (CMBitMap*) 0x0000023ad2e283b8, (CMBitMap*) 0x0000023ad2e283f0
 Prev Bits: [0x0000023ae6800000, 0x0000023ae8800000)
 Next Bits: [0x0000023ae8800000, 0x0000023aea800000)

Polling page: 0x0000023ad25c0000

Metaspace:

Usage:
  Non-class:     60.14 MB capacity,    58.88 MB ( 98%) used,     1.08 MB (  2%) free+waste,   171.25 KB ( <1%) overhead. 
      Class:      9.47 MB capacity,     8.77 MB ( 93%) used,   630.50 KB (  7%) free+waste,    81.13 KB ( <1%) overhead. 
       Both:     69.60 MB capacity,    67.66 MB ( 97%) used,     1.70 MB (  2%) free+waste,   252.38 KB ( <1%) overhead. 

Virtual space:
  Non-class space:       62.00 MB reserved,      60.18 MB ( 97%) committed 
      Class space:        1.00 GB reserved,       9.57 MB ( <1%) committed 
             Both:        1.06 GB reserved,      69.75 MB (  6%) committed 

Chunk freelists:
   Non-Class:  41.00 KB
       Class:  2.00 KB
        Both:  43.00 KB

MaxMetaspaceSize: 17179869184.00 GB
CompressedClassSpaceSize: 1.00 GB

CodeHeap 'non-profiled nmethods': size=120000Kb used=4352Kb max_used=4352Kb free=115647Kb
 bounds [0x0000023ade3a0000, 0x0000023ade7f0000, 0x0000023ae58d0000]
CodeHeap 'profiled nmethods': size=120000Kb used=14885Kb max_used=14885Kb free=105114Kb
 bounds [0x0000023ad6e70000, 0x0000023ad7d00000, 0x0000023ade3a0000]
CodeHeap 'non-nmethods': size=5760Kb used=2265Kb max_used=2310Kb free=3494Kb
 bounds [0x0000023ad68d0000, 0x0000023ad6b40000, 0x0000023ad6e70000]
 total_blobs=7676 nmethods=6818 adapters=769
 compilation: enabled
              stopped_count=0, restarted_count=0
 full_count=0

Compilation events (20 events):
Event: 10.440 Thread 0x0000023aed279800 6832       3       com.google.common.collect.Lists::newArrayListWithExpectedSize (12 bytes)
Event: 10.441 Thread 0x0000023aed279800 nmethod 6832 0x0000023ad7ce5910 code [0x0000023ad7ce5b00, 0x0000023ad7ce5e78]
Event: 10.441 Thread 0x0000023aed279800 6833       3       com.google.common.collect.Lists::computeArrayListCapacity (23 bytes)
Event: 10.441 Thread 0x0000023aed279800 nmethod 6833 0x0000023ad7ce6010 code [0x0000023ad7ce61e0, 0x0000023ad7ce6448]
Event: 10.444 Thread 0x0000023aed279800 6835       3       java.util.ComparableTimSort::gallopRight (327 bytes)
Event: 10.445 Thread 0x0000023aed279800 nmethod 6835 0x0000023ad7ce6590 code [0x0000023ad7ce67e0, 0x0000023ad7ce72d8]
Event: 10.453 Thread 0x0000023aed279800 6836       3       java.util.ComparableTimSort::gallopLeft (327 bytes)
Event: 10.454 Thread 0x0000023aed279800 nmethod 6836 0x0000023ad7ce7690 code [0x0000023ad7ce78e0, 0x0000023ad7ce8398]
Event: 10.475 Thread 0x0000023af011e000 nmethod 6501% 0x0000023ade7ba890 code [0x0000023ade7baf60, 0x0000023ade7c32d0]
Event: 10.476 Thread 0x0000023af011e000 6837 %     4       groovy.lang.MetaClassImpl::inheritInterfaceNewMetaMethods @ 100 (195 bytes)
Event: 10.521 Thread 0x0000023aed279800 6838       3       java.util.stream.ReferencePipeline$Head::forEach (26 bytes)
Event: 10.522 Thread 0x0000023aed279800 nmethod 6838 0x0000023ad7ce8710 code [0x0000023ad7ce8940, 0x0000023ad7ce9038]
Event: 10.522 Thread 0x0000023aed279800 6839       3       java.util.stream.AbstractPipeline::sourceStageSpliterator (112 bytes)
Event: 10.522 Thread 0x0000023aed279800 nmethod 6839 0x0000023ad7ce9310 code [0x0000023ad7ce9540, 0x0000023ad7ce9bf8]
Event: 10.523 Thread 0x0000023aed279800 6840       3       javax.management.ObjectName::construct (1135 bytes)
Event: 10.531 Thread 0x0000023aed279800 nmethod 6840 0x0000023ad7ce9e10 code [0x0000023ad7cea4a0, 0x0000023ad7cee628]
Event: 10.565 Thread 0x0000023af1618000 nmethod 6680 0x0000023ade7c8410 code [0x0000023ade7c8d20, 0x0000023ade7cf668]
Event: 10.624 Thread 0x0000023af1618000 6841       4       com.sun.beans.TypeResolver::resolve (37 bytes)
Event: 10.652 Thread 0x0000023aedbf3000 nmethod 6705 0x0000023ade7d3a10 code [0x0000023ade7d42e0, 0x0000023ade7db700]
Event: 10.652 Thread 0x0000023aedbf3000 6843   !   4       java.lang.reflect.Executable::sharedToGenericString (321 bytes)

GC Heap History (20 events):
Event: 2.343 GC heap before
{Heap before GC invocations=1 (full 0):
 garbage-first heap   total 129024K, used 83959K [0x0000000080000000, 0x0000000100000000)
  region size 1024K, 75 young (76800K), 3 survivors (3072K)
 Metaspace       used 17708K, capacity 18160K, committed 18432K, reserved 1064960K
  class space    used 2089K, capacity 2238K, committed 2304K, reserved 1048576K
}
Event: 2.349 GC heap after
{Heap after GC invocations=2 (full 0):
 garbage-first heap   total 129024K, used 15816K [0x0000000080000000, 0x0000000100000000)
  region size 1024K, 10 young (10240K), 10 survivors (10240K)
 Metaspace       used 17708K, capacity 18160K, committed 18432K, reserved 1064960K
  class space    used 2089K, capacity 2238K, committed 2304K, reserved 1048576K
}
Event: 2.598 GC heap before
{Heap before GC invocations=2 (full 0):
 garbage-first heap   total 129024K, used 38344K [0x0000000080000000, 0x0000000100000000)
  region size 1024K, 33 young (33792K), 10 survivors (10240K)
 Metaspace       used 20648K, capacity 21128K, committed 21248K, reserved 1067008K
  class space    used 2522K, capacity 2722K, committed 2816K, reserved 1048576K
}
Event: 2.605 GC heap after
{Heap after GC invocations=3 (full 0):
 garbage-first heap   total 129024K, used 16614K [0x0000000080000000, 0x0000000100000000)
  region size 1024K, 1 young (1024K), 1 survivors (1024K)
 Metaspace       used 20648K, capacity 21128K, committed 21248K, reserved 1067008K
  class space    used 2522K, capacity 2722K, committed 2816K, reserved 1048576K
}
Event: 3.232 GC heap before
{Heap before GC invocations=4 (full 0):
 garbage-first heap   total 129024K, used 74982K [0x0000000080000000, 0x0000000100000000)
  region size 1024K, 58 young (59392K), 1 survivors (1024K)
 Metaspace       used 26261K, capacity 26929K, committed 27008K, reserved 1073152K
  class space    used 3450K, capacity 3704K, committed 3712K, reserved 1048576K
}
Event: 3.236 GC heap after
{Heap after GC invocations=5 (full 0):
 garbage-first heap   total 129024K, used 18390K [0x0000000080000000, 0x0000000100000000)
  region size 1024K, 3 young (3072K), 3 survivors (3072K)
 Metaspace       used 26261K, capacity 26929K, committed 27008K, reserved 1073152K
  class space    used 3450K, capacity 3704K, committed 3712K, reserved 1048576K
}
Event: 4.105 GC heap before
{Heap before GC invocations=5 (full 0):
 garbage-first heap   total 129024K, used 71638K [0x0000000080000000, 0x0000000100000000)
  region size 1024K, 56 young (57344K), 3 survivors (3072K)
 Metaspace       used 35043K, capacity 35834K, committed 35840K, reserved 1081344K
  class space    used 4543K, capacity 4864K, committed 4864K, reserved 1048576K
}
Event: 4.115 GC heap after
{Heap after GC invocations=6 (full 0):
 garbage-first heap   total 129024K, used 21893K [0x0000000080000000, 0x0000000100000000)
  region size 1024K, 6 young (6144K), 6 survivors (6144K)
 Metaspace       used 35043K, capacity 35834K, committed 35840K, reserved 1081344K
  class space    used 4543K, capacity 4864K, committed 4864K, reserved 1048576K
}
Event: 4.904 GC heap before
{Heap before GC invocations=7 (full 0):
 garbage-first heap   total 129024K, used 88453K [0x0000000080000000, 0x0000000100000000)
  region size 1024K, 68 young (69632K), 6 survivors (6144K)
 Metaspace       used 40490K, capacity 41412K, committed 41548K, reserved 1085440K
  class space    used 5238K, capacity 5582K, committed 5708K, reserved 1048576K
}
Event: 4.913 GC heap after
{Heap after GC invocations=8 (full 0):
 garbage-first heap   total 129024K, used 26079K [0x0000000080000000, 0x0000000100000000)
  region size 1024K, 8 young (8192K), 8 survivors (8192K)
 Metaspace       used 40490K, capacity 41412K, committed 41548K, reserved 1085440K
  class space    used 5238K, capacity 5582K, committed 5708K, reserved 1048576K
}
Event: 5.672 GC heap before
{Heap before GC invocations=8 (full 0):
 garbage-first heap   total 129024K, used 88543K [0x0000000080000000, 0x0000000100000000)
  region size 1024K, 69 young (70656K), 8 survivors (8192K)
 Metaspace       used 45119K, capacity 46254K, committed 46540K, reserved 1089536K
  class space    used 5797K, capacity 6217K, committed 6348K, reserved 1048576K
}
Event: 5.681 GC heap after
{Heap after GC invocations=9 (full 0):
 garbage-first heap   total 155648K, used 28814K [0x0000000080000000, 0x0000000100000000)
  region size 1024K, 7 young (7168K), 7 survivors (7168K)
 Metaspace       used 45119K, capacity 46254K, committed 46540K, reserved 1089536K
  class space    used 5797K, capacity 6217K, committed 6348K, reserved 1048576K
}
Event: 6.999 GC heap before
{Heap before GC invocations=9 (full 0):
 garbage-first heap   total 155648K, used 106638K [0x0000000080000000, 0x0000000100000000)
  region size 1024K, 80 young (81920K), 7 survivors (7168K)
 Metaspace       used 49886K, capacity 51390K, committed 51532K, reserved 1093632K
  class space    used 6366K, capacity 6954K, committed 6988K, reserved 1048576K
}
Event: 7.011 GC heap after
{Heap after GC invocations=10 (full 0):
 garbage-first heap   total 155648K, used 43008K [0x0000000080000000, 0x0000000100000000)
  region size 1024K, 10 young (10240K), 10 survivors (10240K)
 Metaspace       used 49886K, capacity 51390K, committed 51532K, reserved 1093632K
  class space    used 6366K, capacity 6954K, committed 6988K, reserved 1048576K
}
Event: 7.972 GC heap before
{Heap before GC invocations=10 (full 0):
 garbage-first heap   total 155648K, used 99328K [0x0000000080000000, 0x0000000100000000)
  region size 1024K, 66 young (67584K), 10 survivors (10240K)
 Metaspace       used 58492K, capacity 60104K, committed 60288K, reserved 1101824K
  class space    used 7426K, capacity 8063K, committed 8140K, reserved 1048576K
}
Event: 7.993 GC heap after
{Heap after GC invocations=11 (full 0):
 garbage-first heap   total 155648K, used 46993K [0x0000000080000000, 0x0000000100000000)
  region size 1024K, 4 young (4096K), 4 survivors (4096K)
 Metaspace       used 58492K, capacity 60104K, committed 60288K, reserved 1101824K
  class space    used 7426K, capacity 8063K, committed 8140K, reserved 1048576K
}
Event: 8.779 GC heap before
{Heap before GC invocations=12 (full 0):
 garbage-first heap   total 155648K, used 110481K [0x0000000080000000, 0x0000000100000000)
  region size 1024K, 66 young (67584K), 4 survivors (4096K)
 Metaspace       used 63438K, capacity 65200K, committed 65280K, reserved 1105920K
  class space    used 8068K, capacity 8722K, committed 8780K, reserved 1048576K
}
Event: 8.788 GC heap after
{Heap after GC invocations=13 (full 0):
 garbage-first heap   total 155648K, used 51372K [0x0000000080000000, 0x0000000100000000)
  region size 1024K, 8 young (8192K), 8 survivors (8192K)
 Metaspace       used 63438K, capacity 65200K, committed 65280K, reserved 1105920K
  class space    used 8068K, capacity 8722K, committed 8780K, reserved 1048576K
}
Event: 9.688 GC heap before
{Heap before GC invocations=14 (full 0):
 garbage-first heap   total 155648K, used 114860K [0x0000000080000000, 0x0000000100000000)
  region size 1024K, 70 young (71680K), 8 survivors (8192K)
 Metaspace       used 66599K, capacity 68474K, committed 68608K, reserved 1107968K
  class space    used 8572K, capacity 9239K, committed 9292K, reserved 1048576K
}
Event: 9.698 GC heap after
{Heap after GC invocations=15 (full 0):
 garbage-first heap   total 155648K, used 56663K [0x0000000080000000, 0x0000000100000000)
  region size 1024K, 6 young (6144K), 6 survivors (6144K)
 Metaspace       used 66599K, capacity 68474K, committed 68608K, reserved 1107968K
  class space    used 8572K, capacity 9239K, committed 9292K, reserved 1048576K
}

Deoptimization events (20 events):
Event: 8.973 Thread 0x0000023aefd50800 Uncommon trap: trap_request=0xfffffff4 fr.pc=0x0000023ade764088 relative=0x0000000000000968
Event: 8.973 Thread 0x0000023aefd50800 Uncommon trap: reason=null_check action=make_not_entrant pc=0x0000023ade764088 method=com.sun.beans.introspect.MethodInfo$MethodOrder.compare(Ljava/lang/reflect/Method;Ljava/lang/reflect/Method;)I @ 133 c2
Event: 8.973 Thread 0x0000023aefd50800 DEOPT PACKING pc=0x0000023ade764088 sp=0x00000059b79f42f0
Event: 8.974 Thread 0x0000023aefd50800 DEOPT UNPACKING pc=0x0000023ad68f78af sp=0x00000059b79f4290 mode 2
Event: 9.033 Thread 0x0000023aefd50800 Uncommon trap: trap_request=0xffffff4d fr.pc=0x0000023ade4faf44 relative=0x0000000000000964
Event: 9.033 Thread 0x0000023aefd50800 Uncommon trap: reason=unstable_if action=reinterpret pc=0x0000023ade4faf44 method=java.util.WeakHashMap.eq(Ljava/lang/Object;Ljava/lang/Object;)Z @ 2 c2
Event: 9.033 Thread 0x0000023aefd50800 DEOPT PACKING pc=0x0000023ade4faf44 sp=0x00000059b79f4090
Event: 9.033 Thread 0x0000023aefd50800 DEOPT UNPACKING pc=0x0000023ad68f78af sp=0x00000059b79f4000 mode 2
Event: 9.188 Thread 0x0000023aefd50800 Uncommon trap: trap_request=0xffffff4d fr.pc=0x0000023ade769a48 relative=0x0000000000000e48
Event: 9.188 Thread 0x0000023aefd50800 Uncommon trap: reason=unstable_if action=reinterpret pc=0x0000023ade769a48 method=groovy.lang.MetaClassImpl.checkIfStdMethod(Lgroovy/lang/MetaMethod;)V @ 78 c2
Event: 9.188 Thread 0x0000023aefd50800 DEOPT PACKING pc=0x0000023ade769a48 sp=0x00000059b79f7ba0
Event: 9.188 Thread 0x0000023aefd50800 DEOPT UNPACKING pc=0x0000023ad68f78af sp=0x00000059b79f7b10 mode 2
Event: 9.188 Thread 0x0000023aefd50800 Uncommon trap: trap_request=0xffffff4d fr.pc=0x0000023ade76bbd0 relative=0x0000000000000b70
Event: 9.188 Thread 0x0000023aefd50800 Uncommon trap: reason=unstable_if action=reinterpret pc=0x0000023ade76bbd0 method=groovy.lang.MetaClassImpl.checkIfStdMethod(Lgroovy/lang/MetaMethod;)V @ 78 c2
Event: 9.188 Thread 0x0000023aefd50800 DEOPT PACKING pc=0x0000023ade76bbd0 sp=0x00000059b79f7b50
Event: 9.188 Thread 0x0000023aefd50800 DEOPT UNPACKING pc=0x0000023ad68f78af sp=0x00000059b79f7b18 mode 2
Event: 9.242 Thread 0x0000023aefd50800 DEOPT PACKING pc=0x0000023ad7110796 sp=0x00000059b79f8370
Event: 9.242 Thread 0x0000023aefd50800 DEOPT UNPACKING pc=0x0000023ad68f76ce sp=0x00000059b79f7888 mode 0
Event: 10.083 Thread 0x0000023aefd50800 DEOPT PACKING pc=0x0000023ad7a27d56 sp=0x00000059b79f9230
Event: 10.083 Thread 0x0000023aefd50800 DEOPT UNPACKING pc=0x0000023ad68f76ce sp=0x00000059b79f87d0 mode 0

Classes redefined (0 events):
No events

Internal exceptions (20 events):
Event: 10.257 Thread 0x0000023aefd50800 Exception <a 'java/lang/ClassNotFoundException'{0x0000000087076d78}: org/gradle/api/internal/file/collections/DefaultConfigurableFileCollectionCustomizer> (0x0000000087076d78) thrown at [./src/hotspot/share/classfile/systemDictionary.cpp, line 231]
Event: 10.265 Thread 0x0000023aefd50800 Exception <a 'java/lang/ClassNotFoundException'{0x0000000086f0c9d8}: org/gradle/api/internal/tasks/DefaultTaskContainer$TaskCreatingProvider_DecoratedBeanInfo> (0x0000000086f0c9d8) thrown at [./src/hotspot/share/classfile/systemDictionary.cpp, line 231]
Event: 10.265 Thread 0x0000023aefd50800 Exception <a 'java/lang/ClassNotFoundException'{0x0000000086f299f0}: org/gradle/api/internal/tasks/DefaultTaskContainer$TaskCreatingProviderBeanInfo> (0x0000000086f299f0) thrown at [./src/hotspot/share/classfile/systemDictionary.cpp, line 231]
Event: 10.266 Thread 0x0000023aefd50800 Exception <a 'java/lang/ClassNotFoundException'{0x0000000086f4a070}: org/gradle/api/internal/DefaultNamedDomainObjectCollection$AbstractDomainObjectCreatingProviderBeanInfo> (0x0000000086f4a070) thrown at [./src/hotspot/share/classfile/systemDictionary.cpp, line 231]
Event: 10.266 Thread 0x0000023aefd50800 Exception <a 'java/lang/ClassNotFoundException'{0x0000000086f6a4c8}: org/gradle/api/internal/DefaultNamedDomainObjectCollection$AbstractNamedDomainObjectProviderBeanInfo> (0x0000000086f6a4c8) thrown at [./src/hotspot/share/classfile/systemDictionary.cpp, line 231]
Event: 10.266 Thread 0x0000023aefd50800 Exception <a 'java/lang/ClassNotFoundException'{0x0000000086f8ad00}: org/gradle/api/internal/DefaultNamedDomainObjectCollection$AbstractNamedDomainObjectProviderCustomizer> (0x0000000086f8ad00) thrown at [./src/hotspot/share/classfile/systemDictionary.cpp, line 231]
Event: 10.268 Thread 0x0000023aefd50800 Exception <a 'java/lang/ClassNotFoundException'{0x0000000086fbe5c8}: org/gradle/api/internal/DefaultNamedDomainObjectCollection$AbstractDomainObjectCreatingProviderCustomizer> (0x0000000086fbe5c8) thrown at [./src/hotspot/share/classfile/systemDictionary.cpp, line 231]
Event: 10.268 Thread 0x0000023aefd50800 Exception <a 'java/lang/ClassNotFoundException'{0x0000000086fe5f48}: org/gradle/api/internal/tasks/DefaultTaskContainer$TaskCreatingProviderCustomizer> (0x0000000086fe5f48) thrown at [./src/hotspot/share/classfile/systemDictionary.cpp, line 231]
Event: 10.269 Thread 0x0000023aefd50800 Exception <a 'java/lang/ClassNotFoundException'{0x0000000086e0cbc0}: org/gradle/api/internal/tasks/DefaultTaskContainer$TaskCreatingProvider_DecoratedCustomizer> (0x0000000086e0cbc0) thrown at [./src/hotspot/share/classfile/systemDictionary.cpp, line 231]
Event: 10.280 Thread 0x0000023aefd50800 Exception <a 'java/lang/NoClassDefFoundError'{0x0000000086ecc7b8}: org/jetbrains/kotlin/gradle/plugin/KotlinBasePluginWrapper> (0x0000000086ecc7b8) thrown at [./src/hotspot/share/classfile/systemDictionary.cpp, line 220]
Event: 10.392 Thread 0x0000023aefd50800 Exception <a 'java/lang/ClassNotFoundException'{0x0000000086adcab8}: org/gradle/api/internal/artifacts/configurations/DefaultConfigurationContainer_DecoratedBeanInfo> (0x0000000086adcab8) thrown at [./src/hotspot/share/classfile/systemDictionary.cpp, line 231]
Event: 10.399 Thread 0x0000023aefd50800 Exception <a 'java/lang/ClassNotFoundException'{0x0000000086909e08}: org/gradle/api/internal/artifacts/configurations/DefaultConfigurationContainerBeanInfo> (0x0000000086909e08) thrown at [./src/hotspot/share/classfile/systemDictionary.cpp, line 231]
Event: 10.422 Thread 0x0000023aefd50800 Exception <a 'java/lang/ClassNotFoundException'{0x0000000086926a58}: org/gradle/api/internal/AbstractValidatingNamedDomainObjectContainerBeanInfo> (0x0000000086926a58) thrown at [./src/hotspot/share/classfile/systemDictionary.cpp, line 231]
Event: 10.422 Thread 0x0000023aefd50800 Exception <a 'java/lang/ClassNotFoundException'{0x0000000086943848}: org/gradle/api/internal/AbstractValidatingNamedDomainObjectContainerCustomizer> (0x0000000086943848) thrown at [./src/hotspot/share/classfile/systemDictionary.cpp, line 231]
Event: 10.431 Thread 0x0000023aefd50800 Exception <a 'java/lang/ClassNotFoundException'{0x000000008697b778}: org/gradle/api/internal/artifacts/configurations/DefaultConfigurationContainerCustomizer> (0x000000008697b778) thrown at [./src/hotspot/share/classfile/systemDictionary.cpp, line 231]
Event: 10.435 Thread 0x0000023aefd50800 Exception <a 'java/lang/ClassNotFoundException'{0x00000000869bed20}: org/gradle/api/internal/artifacts/configurations/DefaultConfigurationContainer_DecoratedCustomizer> (0x00000000869bed20) thrown at [./src/hotspot/share/classfile/systemDictionary.cpp, line 231]
Event: 10.469 Thread 0x0000023aefd50800 Exception <a 'java/lang/ClassNotFoundException'{0x0000000086615028}: org/gradle/api/internal/artifacts/configurations/DefaultConfiguration_DecoratedBeanInfo> (0x0000000086615028) thrown at [./src/hotspot/share/classfile/systemDictionary.cpp, line 231]
Event: 10.490 Thread 0x0000023aefd50800 Exception <a 'java/lang/ClassNotFoundException'{0x00000000866413e8}: org/gradle/api/internal/artifacts/configurations/DefaultConfigurationBeanInfo> (0x00000000866413e8) thrown at [./src/hotspot/share/classfile/systemDictionary.cpp, line 231]
Event: 10.620 Thread 0x0000023aefd50800 Exception <a 'java/lang/ClassNotFoundException'{0x000000008666db98}: org/gradle/api/internal/artifacts/configurations/DefaultConfigurationCustomizer> (0x000000008666db98) thrown at [./src/hotspot/share/classfile/systemDictionary.cpp, line 231]
Event: 10.639 Thread 0x0000023aefd50800 Exception <a 'java/lang/ClassNotFoundException'{0x00000000866f0cc0}: org/gradle/api/internal/artifacts/configurations/DefaultConfiguration_DecoratedCustomizer> (0x00000000866f0cc0) thrown at [./src/hotspot/share/classfile/systemDictionary.cpp, line 231]

Events (20 events):
Event: 10.469 loading class org/gradle/api/internal/artifacts/configurations/DefaultConfiguration_DecoratedBeanInfo
Event: 10.469 loading class org/gradle/api/internal/artifacts/configurations/DefaultConfiguration_DecoratedBeanInfo done
Event: 10.469 loading class org/gradle/api/internal/artifacts/configurations/DefaultConfigurationBeanInfo
Event: 10.469 loading class org/gradle/api/internal/artifacts/configurations/DefaultConfigurationBeanInfo done
Event: 10.490 loading class org/gradle/api/internal/artifacts/configurations/DefaultConfigurationBeanInfo
Event: 10.490 loading class org/gradle/api/internal/artifacts/configurations/DefaultConfigurationBeanInfo done
Event: 10.490 loading class org/gradle/api/internal/artifacts/configurations/DefaultConfigurationBeanInfo
Event: 10.490 loading class org/gradle/api/internal/artifacts/configurations/DefaultConfigurationBeanInfo done
Event: 10.491 loading class org/gradle/api/internal/artifacts/configurations/DefaultConfigurationCustomizer
Event: 10.491 loading class org/gradle/api/internal/artifacts/configurations/DefaultConfigurationCustomizer done
Event: 10.492 loading class org/gradle/api/internal/artifacts/configurations/DefaultConfigurationCustomizer
Event: 10.492 loading class org/gradle/api/internal/artifacts/configurations/DefaultConfigurationCustomizer done
Event: 10.620 loading class org/gradle/api/internal/artifacts/configurations/DefaultConfigurationCustomizer
Event: 10.620 loading class org/gradle/api/internal/artifacts/configurations/DefaultConfigurationCustomizer done
Event: 10.632 loading class org/gradle/api/internal/artifacts/configurations/DefaultConfiguration_DecoratedCustomizer
Event: 10.632 loading class org/gradle/api/internal/artifacts/configurations/DefaultConfiguration_DecoratedCustomizer done
Event: 10.638 loading class org/gradle/api/internal/artifacts/configurations/DefaultConfiguration_DecoratedCustomizer
Event: 10.638 loading class org/gradle/api/internal/artifacts/configurations/DefaultConfiguration_DecoratedCustomizer done
Event: 10.639 loading class org/gradle/api/internal/artifacts/configurations/DefaultConfiguration_DecoratedCustomizer
Event: 10.639 loading class org/gradle/api/internal/artifacts/configurations/DefaultConfiguration_DecoratedCustomizer done


Dynamic libraries:
0x00007ff7bc6e0000 - 0x00007ff7bc6ea000 	C:\Program Files\Android\Android Studio3\jre\bin\java.exe
0x00007ffd703a0000 - 0x00007ffd705af000 	C:\WINDOWS\SYSTEM32\ntdll.dll
0x00007ffd6ed30000 - 0x00007ffd6eded000 	C:\WINDOWS\System32\KERNEL32.DLL
0x00007ffd6d860000 - 0x00007ffd6dbe6000 	C:\WINDOWS\System32\KERNELBASE.dll
0x00007ffd6e0d0000 - 0x00007ffd6e1e1000 	C:\WINDOWS\System32\ucrtbase.dll
0x00007ffd69300000 - 0x00007ffd69319000 	C:\Program Files\Android\Android Studio3\jre\bin\jli.dll
0x00007ffd69b60000 - 0x00007ffd69b77000 	C:\Program Files\Android\Android Studio3\jre\bin\VCRUNTIME140.dll
0x00007ffd6f140000 - 0x00007ffd6f2ea000 	C:\WINDOWS\System32\USER32.dll
0x00007ffd56840000 - 0x00007ffd56ae1000 	C:\WINDOWS\WinSxS\amd64_microsoft.windows.common-controls_6595b64144ccf1df_6.0.22471.1000_none_228bc6e77ad112f7\COMCTL32.dll
0x00007ffd6e1f0000 - 0x00007ffd6e216000 	C:\WINDOWS\System32\win32u.dll
0x00007ffd6e290000 - 0x00007ffd6e334000 	C:\WINDOWS\System32\msvcrt.dll
0x00007ffd6e580000 - 0x00007ffd6e5a9000 	C:\WINDOWS\System32\GDI32.dll
0x00007ffd6dfb0000 - 0x00007ffd6e0c7000 	C:\WINDOWS\System32\gdi32full.dll
0x00007ffd6de80000 - 0x00007ffd6df1b000 	C:\WINDOWS\System32\msvcp_win.dll
0x00007ffd6e540000 - 0x00007ffd6e571000 	C:\WINDOWS\System32\IMM32.DLL
0x00007ffd52010000 - 0x00007ffd520ad000 	C:\Program Files\Android\Android Studio3\jre\bin\msvcp140.dll
0x00007ffce7c40000 - 0x00007ffce870f000 	C:\Program Files\Android\Android Studio3\jre\bin\server\jvm.dll
0x00007ffd6e5b0000 - 0x00007ffd6e65e000 	C:\WINDOWS\System32\ADVAPI32.dll
0x00007ffd6ec80000 - 0x00007ffd6ed21000 	C:\WINDOWS\System32\sechost.dll
0x00007ffd6e420000 - 0x00007ffd6e540000 	C:\WINDOWS\System32\RPCRT4.dll
0x00007ffd6e220000 - 0x00007ffd6e228000 	C:\WINDOWS\System32\PSAPI.DLL
0x00007ffd678d0000 - 0x00007ffd67903000 	C:\WINDOWS\SYSTEM32\WINMM.dll
0x00007ffd4a4b0000 - 0x00007ffd4a4b9000 	C:\WINDOWS\SYSTEM32\WSOCK32.dll
0x00007ffd6b550000 - 0x00007ffd6b55a000 	C:\WINDOWS\SYSTEM32\VERSION.dll
0x00007ffd6f2f0000 - 0x00007ffd6f361000 	C:\WINDOWS\System32\WS2_32.dll
0x00007ffd6c930000 - 0x00007ffd6c948000 	C:\WINDOWS\SYSTEM32\kernel.appcore.dll
0x00007ffd603b0000 - 0x00007ffd603c1000 	C:\Program Files\Android\Android Studio3\jre\bin\verify.dll
0x00007ffd65500000 - 0x00007ffd65727000 	C:\WINDOWS\SYSTEM32\DBGHELP.DLL
0x00007ffd6e900000 - 0x00007ffd6ec7e000 	C:\WINDOWS\System32\combase.dll
0x00007ffd5d9f0000 - 0x00007ffd5da21000 	C:\WINDOWS\SYSTEM32\dbgcore.DLL
0x00007ffd6df20000 - 0x00007ffd6dfa1000 	C:\WINDOWS\System32\bcryptPrimitives.dll
0x00007ffd60180000 - 0x00007ffd601a9000 	C:\Program Files\Android\Android Studio3\jre\bin\java.dll
0x00007ffd68bc0000 - 0x00007ffd68bcb000 	C:\Program Files\Android\Android Studio3\jre\bin\jimage.dll
0x00007ffd5fb40000 - 0x00007ffd5fb58000 	C:\Program Files\Android\Android Studio3\jre\bin\zip.dll
0x00007ffd6f980000 - 0x00007ffd7012b000 	C:\WINDOWS\System32\SHELL32.dll
0x00007ffd6b900000 - 0x00007ffd6c15c000 	C:\WINDOWS\SYSTEM32\windows.storage.dll
0x00007ffd6b7b0000 - 0x00007ffd6b8f9000 	C:\WINDOWS\SYSTEM32\wintypes.dll
0x00007ffd6e7a0000 - 0x00007ffd6e890000 	C:\WINDOWS\System32\SHCORE.dll
0x00007ffd6e890000 - 0x00007ffd6e8eb000 	C:\WINDOWS\System32\shlwapi.dll
0x00007ffd6d790000 - 0x00007ffd6d7b1000 	C:\WINDOWS\SYSTEM32\profapi.dll
0x00007ffd5f5e0000 - 0x00007ffd5f5fa000 	C:\Program Files\Android\Android Studio3\jre\bin\net.dll
0x00007ffd67910000 - 0x00007ffd67a20000 	C:\WINDOWS\SYSTEM32\WINHTTP.dll
0x00007ffd6cd80000 - 0x00007ffd6cde9000 	C:\WINDOWS\system32\mswsock.dll
0x00007ffd5f5c0000 - 0x00007ffd5f5d4000 	C:\Program Files\Android\Android Studio3\jre\bin\nio.dll
0x00007ffd60430000 - 0x00007ffd60457000 	C:\Users\xpmkm\.gradle\native\8bec1ad78214c89d9ad589b4d07fe93259594b29d510b10fafb7a158f7737e5d\windows-amd64\native-platform.dll
0x00007ffd43040000 - 0x00007ffd4317d000 	C:\Users\xpmkm\.gradle\native\53dbd7edfb1c66fb8903c78663c9afc45aea4f116125fa6feffd364cf09443e8\windows-amd64\native-platform-file-events.dll
0x00007ffd688a0000 - 0x00007ffd688aa000 	C:\Program Files\Android\Android Studio3\jre\bin\management.dll
0x00007ffd67ac0000 - 0x00007ffd67acc000 	C:\Program Files\Android\Android Studio3\jre\bin\management_ext.dll
0x00007ffd6cfd0000 - 0x00007ffd6cfe8000 	C:\WINDOWS\SYSTEM32\CRYPTSP.dll
0x00007ffd6c890000 - 0x00007ffd6c8c5000 	C:\WINDOWS\system32\rsaenh.dll
0x00007ffd6ce80000 - 0x00007ffd6cea9000 	C:\WINDOWS\SYSTEM32\USERENV.dll
0x00007ffd6d1c0000 - 0x00007ffd6d1e8000 	C:\WINDOWS\SYSTEM32\bcrypt.dll
0x00007ffd6cff0000 - 0x00007ffd6cffc000 	C:\WINDOWS\SYSTEM32\CRYPTBASE.dll
0x00007ffd6c380000 - 0x00007ffd6c3ad000 	C:\WINDOWS\SYSTEM32\IPHLPAPI.DLL
0x00007ffd6e8f0000 - 0x00007ffd6e8f9000 	C:\WINDOWS\System32\NSI.dll
0x00007ffd67320000 - 0x00007ffd67339000 	C:\WINDOWS\SYSTEM32\dhcpcsvc6.DLL
0x00007ffd672e0000 - 0x00007ffd672fe000 	C:\WINDOWS\SYSTEM32\dhcpcsvc.DLL
0x00007ffd6c3b0000 - 0x00007ffd6c4a1000 	C:\WINDOWS\SYSTEM32\DNSAPI.dll

dbghelp: loaded successfully - version: 4.0.5 - missing functions: none
symbol engine: initialized successfully - sym options: 0x614 - pdb path: .;C:\Program Files\Android\Android Studio3\jre\bin;C:\WINDOWS\SYSTEM32;C:\WINDOWS\WinSxS\amd64_microsoft.windows.common-controls_6595b64144ccf1df_6.0.22471.1000_none_228bc6e77ad112f7;C:\Program Files\Android\Android Studio3\jre\bin\server;C:\Users\xpmkm\.gradle\native\8bec1ad78214c89d9ad589b4d07fe93259594b29d510b10fafb7a158f7737e5d\windows-amd64;C:\Users\xpmkm\.gradle\native\53dbd7edfb1c66fb8903c78663c9afc45aea4f116125fa6feffd364cf09443e8\windows-amd64

VM Arguments:
jvm_args: --add-opens=java.base/java.util=ALL-UNNAMED --add-opens=java.base/java.lang=ALL-UNNAMED --add-opens=java.base/java.lang.invoke=ALL-UNNAMED --add-opens=java.base/java.util=ALL-UNNAMED --add-opens=java.prefs/java.util.prefs=ALL-UNNAMED --add-opens=java.prefs/java.util.prefs=ALL-UNNAMED --add-opens=java.base/java.nio.charset=ALL-UNNAMED --add-opens=java.base/java.net=ALL-UNNAMED --add-opens=java.base/java.util.concurrent.atomic=ALL-UNNAMED -Xmx2048m -Dfile.encoding=UTF-8 -Duser.country=IN -Duser.language=en -Duser.variant 
java_command: org.gradle.launcher.daemon.bootstrap.GradleDaemon 7.0.2
java_class_path (initial): C:\Users\xpmkm\.gradle\wrapper\dists\gradle-7.0.2-bin\857tjihv64xamwrf0h14cai3r\gradle-7.0.2\lib\gradle-launcher-7.0.2.jar
Launcher Type: SUN_STANDARD

[Global flags]
     intx CICompilerCount                          = 4                                         {product} {ergonomic}
     uint ConcGCThreads                            = 2                                         {product} {ergonomic}
     uint G1ConcRefinementThreads                  = 8                                         {product} {ergonomic}
   size_t G1HeapRegionSize                         = 1048576                                   {product} {ergonomic}
    uintx GCDrainStackTargetSize                   = 64                                        {product} {ergonomic}
   size_t InitialHeapSize                          = 132120576                                 {product} {ergonomic}
   size_t MarkStackSize                            = 4194304                                   {product} {ergonomic}
   size_t MaxHeapSize                              = 2147483648                                {product} {command line}
   size_t MaxNewSize                               = 1287651328                                {product} {ergonomic}
   size_t MinHeapDeltaBytes                        = 1048576                                   {product} {ergonomic}
    uintx NonNMethodCodeHeapSize                   = 5836300                                {pd product} {ergonomic}
    uintx NonProfiledCodeHeapSize                  = 122910970                              {pd product} {ergonomic}
    uintx ProfiledCodeHeapSize                     = 122910970                              {pd product} {ergonomic}
    uintx ReservedCodeCacheSize                    = 251658240                              {pd product} {ergonomic}
     bool SegmentedCodeCache                       = true                                      {product} {ergonomic}
     bool UseCompressedClassPointers               = true                                 {lp64_product} {ergonomic}
     bool UseCompressedOops                        = true                                 {lp64_product} {ergonomic}
     bool UseG1GC                                  = true                                      {product} {ergonomic}
     bool UseLargePagesIndividualAllocation        = false                                  {pd product} {ergonomic}

Logging:
Log output configuration:
 #0: stdout all=warning uptime,level,tags
 #1: stderr all=off uptime,level,tags

Environment Variables:
PATH=C:\Program Files (x86)\Common Files\Oracle\Java\javapath;C:\WINDOWS\system32;C:\WINDOWS;C:\WINDOWS\System32\Wbem;C:\WINDOWS\System32\WindowsPowerShell\v1.0\;C:\WINDOWS\System32\OpenSSH\;C:\Program Files\Git\cmd;C:\Program Files\nodejs\;C:\xampp\php;C:\ProgramData\ComposerSetup\bin;C:\Users\xpmkm\AppData\Local\Android\Sdk\platform-tools;C:\Program Files\Java\jdk1.8.0_231\bin;C:\Program Files\opnsl\bin;C:\Users\xpmkm\AppData\Roaming\npm;C:\Users\xpmkm\AppData\Local\Programs\Microsoft VS Code\bin;C:\Program Files\flutter\bin;C:\Users\xpmkm\AppData\Roaming\Composer\vendor\bin;C:\Users\xpmkm\AppData\Local\Microsoft\WindowsApps;
USERNAME=xpmkm
OS=Windows_NT
PROCESSOR_IDENTIFIER=AMD64 Family 23 Model 24 Stepping 1, AuthenticAMD



---------------  S Y S T E M  ---------------

OS: Windows 10 , 64 bit Build 22471 (10.0.22471.1000)
OS uptime: 0 days 0:21 hours

CPU:total 8 (initial active 8) (8 cores per cpu, 2 threads per core) family 23 model 24 stepping 1 microcode 0x0, cmov, cx8, fxsr, mmx, sse, sse2, sse3, ssse3, sse4.1, sse4.2, popcnt, avx, avx2, aes, clmul, mmxext, 3dnowpref, lzcnt, sse4a, ht, tsc, tscinvbit, tscinv, bmi1, bmi2, adx, s

Memory: 4k page, system-wide physical 8002M (489M free)
TotalPageFile size 12098M (AvailPageFile size 4M)
current process WorkingSet (physical memory assigned to process): 380M, peak: 393M
current process commit charge ("private bytes"): 416M, peak: 429M

vm_info: OpenJDK 64-Bit Server VM (11.0.10+0-b96-7249189) for windows-amd64 JRE (11.0.10+0-b96-7249189), built on Mar 31 2021 21:44:00 by "builder" with MS VC++ 14.0 (VS2015)

END.
