#
# A fatal error has been detected by the Java Runtime Environment:
#
#  EXCEPTION_UNCAUGHT_CXX_EXCEPTION (0xe06d7363) at pc=0x00007fff6023f29c, pid=9264, tid=8240
#
# JRE version:  (11.0.10) (build )
# Java VM: OpenJDK 64-Bit Server VM (11.0.10+0-b96-7249189, mixed mode, tiered, compressed oops, g1 gc, windows-amd64)
# Problematic frame:
# C  [KERNELBASE.dll+0x3f29c]
#
# No core dump will be written. Minidumps are not enabled by default on client versions of Windows
#
#

---------------  S U M M A R Y ------------

Command Line: org.jetbrains.git4idea.http.GitAskPassApp Username for 'https://gitlab.com': 

Host: AMD Ryzen 5 3550H with Radeon Vega Mobile Gfx  , 8 cores, 7G,  Windows 10 , 64 bit Build 22489 (10.0.22489.1000)
Time: Thu Nov 11 14:42:46 2021 India Standard Time elapsed time: 0.072862 seconds (0d 0h 0m 0s)

---------------  T H R E A D  ---------------

Current thread (0x000001eca4895000):  JavaThread "main" [_thread_in_vm, id=8240, stack(0x0000002d2f200000,0x0000002d2f300000)]

Stack: [0x0000002d2f200000,0x0000002d2f300000],  sp=0x0000002d2f2fe0f0,  free space=1016k
Native frames: (J=compiled Java code, j=interpreted, Vv=VM code, C=native code)
C  [KERNELBASE.dll+0x3f29c]
C  [VCRUNTIME140.dll+0x4462]
C  [jimage.dll+0x388f]

Java frames: (J=compiled Java code, j=interpreted, Vv=VM code)
j  java.lang.StringLatin1.newString([BII)Ljava/lang/String;+9 java.base
j  java.lang.StringBuilder.toString()Ljava/lang/String;+16 java.base
j  sun.nio.cs.StandardCharsets.toLower(Ljava/lang/String;)Ljava/lang/String;+121 java.base
j  sun.nio.cs.StandardCharsets.lookup(Ljava/lang/String;)Ljava/nio/charset/Charset;+48 java.base
j  sun.nio.cs.StandardCharsets.charsetForName(Ljava/lang/String;)Ljava/nio/charset/Charset;+6 java.base
j  java.nio.charset.Charset.lookup2(Ljava/lang/String;)Ljava/nio/charset/Charset;+39 java.base
j  java.nio.charset.Charset.lookup(Ljava/lang/String;)Ljava/nio/charset/Charset;+40 java.base
j  java.nio.charset.Charset.defaultCharset()Ljava/nio/charset/Charset;+18 java.base
j  java.io.OutputStreamWriter.<init>(Ljava/io/OutputStream;)V+8 java.base
j  java.io.PrintStream.<init>(ZLjava/io/OutputStream;)V+26 java.base
j  java.io.PrintStream.<init>(Ljava/io/OutputStream;Z)V+11 java.base
j  java.lang.System.newPrintStream(Ljava/io/FileOutputStream;Ljava/lang/String;)Ljava/io/PrintStream;+42 java.base
j  java.lang.System.initPhase1()V+96 java.base
v  ~StubRoutines::call_stub

siginfo: EXCEPTION_UNCAUGHT_CXX_EXCEPTION (0xe06d7363), ExceptionInformation=0x0000000019930520 0x0000002d2f2fe270 0x00007fff5ba74fc0 0x00007fff5ba70000 


Register to memory mapping:

RIP=0x00007fff6023f29c KERNELBASE.dll
RAX=0x00007fff00e2545f jvm.dll
RBX=0x000000000000f5d4 is an unknown value
RCX=0x0 is NULL
RDX=0x0 is NULL
RSP=0x0000002d2f2fe0f0 is pointing into the stack for thread: 0x000001eca4895000
RBP=0x0000002d2f2fe230 is pointing into the stack for thread: 0x000001eca4895000
RSI=0x00007fff5ba74fc0 jimage.dll
RDI=0x000001eca5b8cc15 points into unknown readable memory: fa fa fe
R8 =0x000001ec00000002 is an unknown value
R9 =0x0000986d1a7fce65 is an unknown value
R10=0x000001eca838c414 is at code_begin+180 in an Interpreter codelet
putstatic  179 putstatic  [0x000001eca838c360, 0x000001eca838c700]  928 bytes
R11=0x000001eca83c9c10 is at code_begin+-112 in an AdapterHandler
Adapter for signature: 0x000001eca83c9c10 is at code_begin+-112 in 
[CodeBlob (0x000001eca83c9c10)]
Framesize: 0
BufferBlob (0x000001eca83c9c10) used for I2C/C2I adapters
R12=0x000000000000f5d4 is an unknown value
R13=0x000001eca4893a50 points into unknown readable memory: 0x00007fff01142e08 | 08 2e 14 01 ff 7f 00 00
R14=0x0000002d2f2fe270 is pointing into the stack for thread: 0x000001eca4895000
R15=0x000001ecbeb8d730 points into unknown readable memory: 0x001b071200010500 | 00 05 01 00 12 07 1b 00


Registers:
RAX=0x00007fff00e2545f, RBX=0x000000000000f5d4, RCX=0x0000000000000000, RDX=0x0000000000000000
RSP=0x0000002d2f2fe0f0, RBP=0x0000002d2f2fe230, RSI=0x00007fff5ba74fc0, RDI=0x000001eca5b8cc15
R8 =0x000001ec00000002, R9 =0x0000986d1a7fce65, R10=0x000001eca838c414, R11=0x000001eca83c9c10
R12=0x000000000000f5d4, R13=0x000001eca4893a50, R14=0x0000002d2f2fe270, R15=0x000001ecbeb8d730
RIP=0x00007fff6023f29c, EFLAGS=0x0000000000000202

Top of Stack: (sp=0x0000002d2f2fe0f0)
0x0000002d2f2fe0f0:   000001eca26a0000 000000000000f5d4
0x0000002d2f2fe100:   00007fff5ba74fc0 0000000000000000
0x0000002d2f2fe110:   00000081e06d7363 0000000000000000
0x0000002d2f2fe120:   00007fff6023f29c 000001ec00000004
0x0000002d2f2fe130:   0000000019930520 0000002d2f2fe270
0x0000002d2f2fe140:   00007fff5ba74fc0 00007fff5ba70000
0x0000002d2f2fe150:   0000000000000000 0000000000000000
0x0000002d2f2fe160:   000001eca26a0000 00007fff62c2f59b
0x0000002d2f2fe170:   0000002d2f2fe270 00007fff62c79cff
0x0000002d2f2fe180:   0000002d2f2fe250 00007fff5ba77000
0x0000002d2f2fe190:   00007fff5ba74fc0 000001eca5b8cc15
0x0000002d2f2fe1a0:   00007fff5ba77000 00007fff5ba70000
0x0000002d2f2fe1b0:   0000ad57a887fb45 00007fff62c59760
0x0000002d2f2fe1c0:   000000000000f5d4 00007fff43814462
0x0000002d2f2fe1d0:   000000009a00118b 00007fff6022e5eb
0x0000002d2f2fe1e0:   00000000000000b3 00007fff62c59760 

Instructions: (pc=0x00007fff6023f29c)
0x00007fff6023f19c:   d7 48 83 c9 ff e8 5a 39 04 00 e9 08 ff ff ff 48
0x00007fff6023f1ac:   8b 0d 76 1c 30 00 e8 39 00 00 00 48 8b cf e8 91
0x00007fff6023f1bc:   f2 fe ff e9 f8 fe ff ff 49 8b ce e8 84 f2 fe ff
0x00007fff6023f1cc:   e9 f4 fe ff ff 48 8b ce e8 77 f2 fe ff e9 f0 fe
0x00007fff6023f1dc:   ff ff cc cc cc cc cc cc cc cc cc cc 71 9a 5e 10
0x00007fff6023f1ec:   36 06 e1 b2 48 83 ec 28 33 d2 48 ff 15 53 ca 20
0x00007fff6023f1fc:   00 0f 1f 44 00 00 85 c0 78 0b b8 01 00 00 00 48
0x00007fff6023f20c:   83 c4 28 c3 cc 8b c8 e8 e8 03 ff ff 33 c0 eb ef
0x00007fff6023f21c:   cc cc cc cc cc cc cc cc cc cc cc cc 71 18 d3 7a
0x00007fff6023f22c:   1a 87 89 f9 48 81 ec d8 00 00 00 48 8b 05 62 ed
0x00007fff6023f23c:   2f 00 48 33 c4 48 89 84 24 c0 00 00 00 48 83 64
0x00007fff6023f24c:   24 28 00 48 8d 05 da ff ff ff 83 e2 01 89 4c 24
0x00007fff6023f25c:   20 89 54 24 24 48 89 44 24 30 4d 85 c9 74 4f b8
0x00007fff6023f26c:   0f 00 00 00 48 8d 4c 24 40 44 3b c0 49 8b d1 41
0x00007fff6023f27c:   0f 46 c0 44 8b c0 44 89 44 24 38 49 c1 e0 03 e8
0x00007fff6023f28c:   97 01 08 00 48 8d 4c 24 20 48 ff 15 cc cf 20 00
0x00007fff6023f29c:   0f 1f 44 00 00 48 8b 8c 24 c0 00 00 00 48 33 cc
0x00007fff6023f2ac:   e8 7f 62 07 00 48 81 c4 d8 00 00 00 c3 cc 83 64
0x00007fff6023f2bc:   24 38 00 eb cf cc cc cc cc cc cc cc 71 a2 db 5e
0x00007fff6023f2cc:   60 b6 41 82 48 8b c4 48 89 58 10 48 89 70 18 57
0x00007fff6023f2dc:   48 83 ec 60 0f 57 c0 0f 11 40 b8 48 8d 35 42 18
0x00007fff6023f2ec:   22 00 33 db 48 85 c9 48 0f 45 f1 48 8b d6 48 8d
0x00007fff6023f2fc:   48 c8 48 ff 15 3b ce 20 00 0f 1f 44 00 00 8b f8
0x00007fff6023f30c:   89 44 24 70 85 c0 78 1f 41 b0 01 48 8d 54 24 30
0x00007fff6023f31c:   48 8d 4c 24 20 48 ff 15 30 c7 20 00 0f 1f 44 00
0x00007fff6023f32c:   00 8b f8 89 44 24 70 85 ff 0f 88 0d cb 09 00 48
0x00007fff6023f33c:   83 c8 ff 48 8b c8 48 ff c1 66 39 1c 4e 75 f7 48
0x00007fff6023f34c:   ff c1 48 89 4c 24 40 48 89 74 24 48 48 8b 4c 24
0x00007fff6023f35c:   28 48 ff c0 38 1c 01 75 f8 48 ff c0 48 89 44 24
0x00007fff6023f36c:   50 48 89 4c 24 58 4c 8d 4c 24 40 33 d2 b9 0a 00
0x00007fff6023f37c:   01 40 44 8d 42 04 e8 a9 fe ff ff eb 0e 48 8b 4c
0x00007fff6023f38c:   24 28 e8 dd fa ff ff 8b 7c 24 70 85 ff 78 11 48 


Stack slot to memory mapping:
stack at sp + 0 slots: 0x000001eca26a0000 points into unknown readable memory: 0x0000000000000000 | 00 00 00 00 00 00 00 00
stack at sp + 1 slots: 0x000000000000f5d4 is an unknown value
stack at sp + 2 slots: 0x00007fff5ba74fc0 jimage.dll
stack at sp + 3 slots: 0x0 is NULL
stack at sp + 4 slots: 0x00000081e06d7363 is an unknown value
stack at sp + 5 slots: 0x0 is NULL
stack at sp + 6 slots: 0x00007fff6023f29c KERNELBASE.dll
stack at sp + 7 slots: 0x000001ec00000004 is an unknown value


---------------  P R O C E S S  ---------------

Threads class SMR info:
_java_thread_list=0x000001eca26c9ae0, length=3, elements={
0x000001eca4895000, 0x000001ecbeb61800, 0x000001ecbf3aa800
}

Java Threads: ( => current thread )
=>0x000001eca4895000 JavaThread "main" [_thread_in_vm, id=8240, stack(0x0000002d2f200000,0x0000002d2f300000)]
  0x000001ecbeb61800 JavaThread "Reference Handler" daemon [_thread_blocked, id=3544, stack(0x0000002d2f900000,0x0000002d2fa00000)]
  0x000001ecbf3aa800 JavaThread "Finalizer" daemon [_thread_blocked, id=6924, stack(0x0000002d2fa00000,0x0000002d2fb00000)]

Other Threads:
  0x000001ecbeb60800 VMThread "VM Thread" [stack: 0x0000002d2f800000,0x0000002d2f900000] [id=12456]
  0x000001eca48ab800 GCTaskThread "GC Thread#0" [stack: 0x0000002d2f300000,0x0000002d2f400000] [id=3104]
  0x000001eca48de800 ConcurrentGCThread "G1 Main Marker" [stack: 0x0000002d2f400000,0x0000002d2f500000] [id=9112]
  0x000001eca48e0000 ConcurrentGCThread "G1 Conc#0" [stack: 0x0000002d2f500000,0x0000002d2f600000] [id=1532]
  0x000001ecbe9c4800 ConcurrentGCThread "G1 Refine#0" [stack: 0x0000002d2f600000,0x0000002d2f700000] [id=8528]
  0x000001ecbe9c5800 ConcurrentGCThread "G1 Young RemSet Sampling" [stack: 0x0000002d2f700000,0x0000002d2f800000] [id=1352]

Threads with active compile tasks:

VM state:not at safepoint (normal execution)

VM Mutex/Monitor currently owned by a thread: None

Heap address: 0x0000000082e00000, size: 2002 MB, Compressed Oops mode: 32-bit
Narrow klass base: 0x0000000000000000, Narrow klass shift: 3
Compressed class space size: 1073741824 Address: 0x0000000100000000

Heap:
 garbage-first heap   total 129024K, used 0K [0x0000000082e00000, 0x0000000100000000)
  region size 1024K, 1 young (1024K), 0 survivors (0K)
 Metaspace       used 1848K, capacity 4480K, committed 4480K, reserved 1056768K
  class space    used 150K, capacity 384K, committed 384K, reserved 1048576K
Heap Regions: E=young(eden), S=young(survivor), O=old, HS=humongous(starts), HC=humongous(continues), CS=collection set, F=free, A=archive, TAMS=top-at-mark-start (previous, next)
|   0|0x0000000082e00000, 0x0000000082e00000, 0x0000000082f00000|  0%| F|  |TAMS 0x0000000082e00000, 0x0000000082e00000| Untracked 
|   1|0x0000000082f00000, 0x0000000082f00000, 0x0000000083000000|  0%| F|  |TAMS 0x0000000082f00000, 0x0000000082f00000| Untracked 
|   2|0x0000000083000000, 0x0000000083000000, 0x0000000083100000|  0%| F|  |TAMS 0x0000000083000000, 0x0000000083000000| Untracked 
|   3|0x0000000083100000, 0x0000000083100000, 0x0000000083200000|  0%| F|  |TAMS 0x0000000083100000, 0x0000000083100000| Untracked 
|   4|0x0000000083200000, 0x0000000083200000, 0x0000000083300000|  0%| F|  |TAMS 0x0000000083200000, 0x0000000083200000| Untracked 
|   5|0x0000000083300000, 0x0000000083300000, 0x0000000083400000|  0%| F|  |TAMS 0x0000000083300000, 0x0000000083300000| Untracked 
|   6|0x0000000083400000, 0x0000000083400000, 0x0000000083500000|  0%| F|  |TAMS 0x0000000083400000, 0x0000000083400000| Untracked 
|   7|0x0000000083500000, 0x0000000083500000, 0x0000000083600000|  0%| F|  |TAMS 0x0000000083500000, 0x0000000083500000| Untracked 
|   8|0x0000000083600000, 0x0000000083600000, 0x0000000083700000|  0%| F|  |TAMS 0x0000000083600000, 0x0000000083600000| Untracked 
|   9|0x0000000083700000, 0x0000000083700000, 0x0000000083800000|  0%| F|  |TAMS 0x0000000083700000, 0x0000000083700000| Untracked 
|  10|0x0000000083800000, 0x0000000083800000, 0x0000000083900000|  0%| F|  |TAMS 0x0000000083800000, 0x0000000083800000| Untracked 
|  11|0x0000000083900000, 0x0000000083900000, 0x0000000083a00000|  0%| F|  |TAMS 0x0000000083900000, 0x0000000083900000| Untracked 
|  12|0x0000000083a00000, 0x0000000083a00000, 0x0000000083b00000|  0%| F|  |TAMS 0x0000000083a00000, 0x0000000083a00000| Untracked 
|  13|0x0000000083b00000, 0x0000000083b00000, 0x0000000083c00000|  0%| F|  |TAMS 0x0000000083b00000, 0x0000000083b00000| Untracked 
|  14|0x0000000083c00000, 0x0000000083c00000, 0x0000000083d00000|  0%| F|  |TAMS 0x0000000083c00000, 0x0000000083c00000| Untracked 
|  15|0x0000000083d00000, 0x0000000083d00000, 0x0000000083e00000|  0%| F|  |TAMS 0x0000000083d00000, 0x0000000083d00000| Untracked 
|  16|0x0000000083e00000, 0x0000000083e00000, 0x0000000083f00000|  0%| F|  |TAMS 0x0000000083e00000, 0x0000000083e00000| Untracked 
|  17|0x0000000083f00000, 0x0000000083f00000, 0x0000000084000000|  0%| F|  |TAMS 0x0000000083f00000, 0x0000000083f00000| Untracked 
|  18|0x0000000084000000, 0x0000000084000000, 0x0000000084100000|  0%| F|  |TAMS 0x0000000084000000, 0x0000000084000000| Untracked 
|  19|0x0000000084100000, 0x0000000084100000, 0x0000000084200000|  0%| F|  |TAMS 0x0000000084100000, 0x0000000084100000| Untracked 
|  20|0x0000000084200000, 0x0000000084200000, 0x0000000084300000|  0%| F|  |TAMS 0x0000000084200000, 0x0000000084200000| Untracked 
|  21|0x0000000084300000, 0x0000000084300000, 0x0000000084400000|  0%| F|  |TAMS 0x0000000084300000, 0x0000000084300000| Untracked 
|  22|0x0000000084400000, 0x0000000084400000, 0x0000000084500000|  0%| F|  |TAMS 0x0000000084400000, 0x0000000084400000| Untracked 
|  23|0x0000000084500000, 0x0000000084500000, 0x0000000084600000|  0%| F|  |TAMS 0x0000000084500000, 0x0000000084500000| Untracked 
|  24|0x0000000084600000, 0x0000000084600000, 0x0000000084700000|  0%| F|  |TAMS 0x0000000084600000, 0x0000000084600000| Untracked 
|  25|0x0000000084700000, 0x0000000084700000, 0x0000000084800000|  0%| F|  |TAMS 0x0000000084700000, 0x0000000084700000| Untracked 
|  26|0x0000000084800000, 0x0000000084800000, 0x0000000084900000|  0%| F|  |TAMS 0x0000000084800000, 0x0000000084800000| Untracked 
|  27|0x0000000084900000, 0x0000000084900000, 0x0000000084a00000|  0%| F|  |TAMS 0x0000000084900000, 0x0000000084900000| Untracked 
|  28|0x0000000084a00000, 0x0000000084a00000, 0x0000000084b00000|  0%| F|  |TAMS 0x0000000084a00000, 0x0000000084a00000| Untracked 
|  29|0x0000000084b00000, 0x0000000084b00000, 0x0000000084c00000|  0%| F|  |TAMS 0x0000000084b00000, 0x0000000084b00000| Untracked 
|  30|0x0000000084c00000, 0x0000000084c00000, 0x0000000084d00000|  0%| F|  |TAMS 0x0000000084c00000, 0x0000000084c00000| Untracked 
|  31|0x0000000084d00000, 0x0000000084d00000, 0x0000000084e00000|  0%| F|  |TAMS 0x0000000084d00000, 0x0000000084d00000| Untracked 
|  32|0x0000000084e00000, 0x0000000084e00000, 0x0000000084f00000|  0%| F|  |TAMS 0x0000000084e00000, 0x0000000084e00000| Untracked 
|  33|0x0000000084f00000, 0x0000000084f00000, 0x0000000085000000|  0%| F|  |TAMS 0x0000000084f00000, 0x0000000084f00000| Untracked 
|  34|0x0000000085000000, 0x0000000085000000, 0x0000000085100000|  0%| F|  |TAMS 0x0000000085000000, 0x0000000085000000| Untracked 
|  35|0x0000000085100000, 0x0000000085100000, 0x0000000085200000|  0%| F|  |TAMS 0x0000000085100000, 0x0000000085100000| Untracked 
|  36|0x0000000085200000, 0x0000000085200000, 0x0000000085300000|  0%| F|  |TAMS 0x0000000085200000, 0x0000000085200000| Untracked 
|  37|0x0000000085300000, 0x0000000085300000, 0x0000000085400000|  0%| F|  |TAMS 0x0000000085300000, 0x0000000085300000| Untracked 
|  38|0x0000000085400000, 0x0000000085400000, 0x0000000085500000|  0%| F|  |TAMS 0x0000000085400000, 0x0000000085400000| Untracked 
|  39|0x0000000085500000, 0x0000000085500000, 0x0000000085600000|  0%| F|  |TAMS 0x0000000085500000, 0x0000000085500000| Untracked 
|  40|0x0000000085600000, 0x0000000085600000, 0x0000000085700000|  0%| F|  |TAMS 0x0000000085600000, 0x0000000085600000| Untracked 
|  41|0x0000000085700000, 0x0000000085700000, 0x0000000085800000|  0%| F|  |TAMS 0x0000000085700000, 0x0000000085700000| Untracked 
|  42|0x0000000085800000, 0x0000000085800000, 0x0000000085900000|  0%| F|  |TAMS 0x0000000085800000, 0x0000000085800000| Untracked 
|  43|0x0000000085900000, 0x0000000085900000, 0x0000000085a00000|  0%| F|  |TAMS 0x0000000085900000, 0x0000000085900000| Untracked 
|  44|0x0000000085a00000, 0x0000000085a00000, 0x0000000085b00000|  0%| F|  |TAMS 0x0000000085a00000, 0x0000000085a00000| Untracked 
|  45|0x0000000085b00000, 0x0000000085b00000, 0x0000000085c00000|  0%| F|  |TAMS 0x0000000085b00000, 0x0000000085b00000| Untracked 
|  46|0x0000000085c00000, 0x0000000085c00000, 0x0000000085d00000|  0%| F|  |TAMS 0x0000000085c00000, 0x0000000085c00000| Untracked 
|  47|0x0000000085d00000, 0x0000000085d00000, 0x0000000085e00000|  0%| F|  |TAMS 0x0000000085d00000, 0x0000000085d00000| Untracked 
|  48|0x0000000085e00000, 0x0000000085e00000, 0x0000000085f00000|  0%| F|  |TAMS 0x0000000085e00000, 0x0000000085e00000| Untracked 
|  49|0x0000000085f00000, 0x0000000085f00000, 0x0000000086000000|  0%| F|  |TAMS 0x0000000085f00000, 0x0000000085f00000| Untracked 
|  50|0x0000000086000000, 0x0000000086000000, 0x0000000086100000|  0%| F|  |TAMS 0x0000000086000000, 0x0000000086000000| Untracked 
|  51|0x0000000086100000, 0x0000000086100000, 0x0000000086200000|  0%| F|  |TAMS 0x0000000086100000, 0x0000000086100000| Untracked 
|  52|0x0000000086200000, 0x0000000086200000, 0x0000000086300000|  0%| F|  |TAMS 0x0000000086200000, 0x0000000086200000| Untracked 
|  53|0x0000000086300000, 0x0000000086300000, 0x0000000086400000|  0%| F|  |TAMS 0x0000000086300000, 0x0000000086300000| Untracked 
|  54|0x0000000086400000, 0x0000000086400000, 0x0000000086500000|  0%| F|  |TAMS 0x0000000086400000, 0x0000000086400000| Untracked 
|  55|0x0000000086500000, 0x0000000086500000, 0x0000000086600000|  0%| F|  |TAMS 0x0000000086500000, 0x0000000086500000| Untracked 
|  56|0x0000000086600000, 0x0000000086600000, 0x0000000086700000|  0%| F|  |TAMS 0x0000000086600000, 0x0000000086600000| Untracked 
|  57|0x0000000086700000, 0x0000000086700000, 0x0000000086800000|  0%| F|  |TAMS 0x0000000086700000, 0x0000000086700000| Untracked 
|  58|0x0000000086800000, 0x0000000086800000, 0x0000000086900000|  0%| F|  |TAMS 0x0000000086800000, 0x0000000086800000| Untracked 
|  59|0x0000000086900000, 0x0000000086900000, 0x0000000086a00000|  0%| F|  |TAMS 0x0000000086900000, 0x0000000086900000| Untracked 
|  60|0x0000000086a00000, 0x0000000086a00000, 0x0000000086b00000|  0%| F|  |TAMS 0x0000000086a00000, 0x0000000086a00000| Untracked 
|  61|0x0000000086b00000, 0x0000000086b00000, 0x0000000086c00000|  0%| F|  |TAMS 0x0000000086b00000, 0x0000000086b00000| Untracked 
|  62|0x0000000086c00000, 0x0000000086c00000, 0x0000000086d00000|  0%| F|  |TAMS 0x0000000086c00000, 0x0000000086c00000| Untracked 
|  63|0x0000000086d00000, 0x0000000086d00000, 0x0000000086e00000|  0%| F|  |TAMS 0x0000000086d00000, 0x0000000086d00000| Untracked 
|  64|0x0000000086e00000, 0x0000000086e00000, 0x0000000086f00000|  0%| F|  |TAMS 0x0000000086e00000, 0x0000000086e00000| Untracked 
|  65|0x0000000086f00000, 0x0000000086f00000, 0x0000000087000000|  0%| F|  |TAMS 0x0000000086f00000, 0x0000000086f00000| Untracked 
|  66|0x0000000087000000, 0x0000000087000000, 0x0000000087100000|  0%| F|  |TAMS 0x0000000087000000, 0x0000000087000000| Untracked 
|  67|0x0000000087100000, 0x0000000087100000, 0x0000000087200000|  0%| F|  |TAMS 0x0000000087100000, 0x0000000087100000| Untracked 
|  68|0x0000000087200000, 0x0000000087200000, 0x0000000087300000|  0%| F|  |TAMS 0x0000000087200000, 0x0000000087200000| Untracked 
|  69|0x0000000087300000, 0x0000000087300000, 0x0000000087400000|  0%| F|  |TAMS 0x0000000087300000, 0x0000000087300000| Untracked 
|  70|0x0000000087400000, 0x0000000087400000, 0x0000000087500000|  0%| F|  |TAMS 0x0000000087400000, 0x0000000087400000| Untracked 
|  71|0x0000000087500000, 0x0000000087500000, 0x0000000087600000|  0%| F|  |TAMS 0x0000000087500000, 0x0000000087500000| Untracked 
|  72|0x0000000087600000, 0x0000000087600000, 0x0000000087700000|  0%| F|  |TAMS 0x0000000087600000, 0x0000000087600000| Untracked 
|  73|0x0000000087700000, 0x0000000087700000, 0x0000000087800000|  0%| F|  |TAMS 0x0000000087700000, 0x0000000087700000| Untracked 
|  74|0x0000000087800000, 0x0000000087800000, 0x0000000087900000|  0%| F|  |TAMS 0x0000000087800000, 0x0000000087800000| Untracked 
|  75|0x0000000087900000, 0x0000000087900000, 0x0000000087a00000|  0%| F|  |TAMS 0x0000000087900000, 0x0000000087900000| Untracked 
|  76|0x0000000087a00000, 0x0000000087a00000, 0x0000000087b00000|  0%| F|  |TAMS 0x0000000087a00000, 0x0000000087a00000| Untracked 
|  77|0x0000000087b00000, 0x0000000087b00000, 0x0000000087c00000|  0%| F|  |TAMS 0x0000000087b00000, 0x0000000087b00000| Untracked 
|  78|0x0000000087c00000, 0x0000000087c00000, 0x0000000087d00000|  0%| F|  |TAMS 0x0000000087c00000, 0x0000000087c00000| Untracked 
|  79|0x0000000087d00000, 0x0000000087d00000, 0x0000000087e00000|  0%| F|  |TAMS 0x0000000087d00000, 0x0000000087d00000| Untracked 
|  80|0x0000000087e00000, 0x0000000087e00000, 0x0000000087f00000|  0%| F|  |TAMS 0x0000000087e00000, 0x0000000087e00000| Untracked 
|  81|0x0000000087f00000, 0x0000000087f00000, 0x0000000088000000|  0%| F|  |TAMS 0x0000000087f00000, 0x0000000087f00000| Untracked 
|  82|0x0000000088000000, 0x0000000088000000, 0x0000000088100000|  0%| F|  |TAMS 0x0000000088000000, 0x0000000088000000| Untracked 
|  83|0x0000000088100000, 0x0000000088100000, 0x0000000088200000|  0%| F|  |TAMS 0x0000000088100000, 0x0000000088100000| Untracked 
|  84|0x0000000088200000, 0x0000000088200000, 0x0000000088300000|  0%| F|  |TAMS 0x0000000088200000, 0x0000000088200000| Untracked 
|  85|0x0000000088300000, 0x0000000088300000, 0x0000000088400000|  0%| F|  |TAMS 0x0000000088300000, 0x0000000088300000| Untracked 
|  86|0x0000000088400000, 0x0000000088400000, 0x0000000088500000|  0%| F|  |TAMS 0x0000000088400000, 0x0000000088400000| Untracked 
|  87|0x0000000088500000, 0x0000000088500000, 0x0000000088600000|  0%| F|  |TAMS 0x0000000088500000, 0x0000000088500000| Untracked 
|  88|0x0000000088600000, 0x0000000088600000, 0x0000000088700000|  0%| F|  |TAMS 0x0000000088600000, 0x0000000088600000| Untracked 
|  89|0x0000000088700000, 0x0000000088700000, 0x0000000088800000|  0%| F|  |TAMS 0x0000000088700000, 0x0000000088700000| Untracked 
|  90|0x0000000088800000, 0x0000000088800000, 0x0000000088900000|  0%| F|  |TAMS 0x0000000088800000, 0x0000000088800000| Untracked 
|  91|0x0000000088900000, 0x0000000088900000, 0x0000000088a00000|  0%| F|  |TAMS 0x0000000088900000, 0x0000000088900000| Untracked 
|  92|0x0000000088a00000, 0x0000000088a00000, 0x0000000088b00000|  0%| F|  |TAMS 0x0000000088a00000, 0x0000000088a00000| Untracked 
|  93|0x0000000088b00000, 0x0000000088b00000, 0x0000000088c00000|  0%| F|  |TAMS 0x0000000088b00000, 0x0000000088b00000| Untracked 
|  94|0x0000000088c00000, 0x0000000088c00000, 0x0000000088d00000|  0%| F|  |TAMS 0x0000000088c00000, 0x0000000088c00000| Untracked 
|  95|0x0000000088d00000, 0x0000000088d00000, 0x0000000088e00000|  0%| F|  |TAMS 0x0000000088d00000, 0x0000000088d00000| Untracked 
|  96|0x0000000088e00000, 0x0000000088e00000, 0x0000000088f00000|  0%| F|  |TAMS 0x0000000088e00000, 0x0000000088e00000| Untracked 
|  97|0x0000000088f00000, 0x0000000088f00000, 0x0000000089000000|  0%| F|  |TAMS 0x0000000088f00000, 0x0000000088f00000| Untracked 
|  98|0x0000000089000000, 0x0000000089000000, 0x0000000089100000|  0%| F|  |TAMS 0x0000000089000000, 0x0000000089000000| Untracked 
|  99|0x0000000089100000, 0x0000000089100000, 0x0000000089200000|  0%| F|  |TAMS 0x0000000089100000, 0x0000000089100000| Untracked 
| 100|0x0000000089200000, 0x0000000089200000, 0x0000000089300000|  0%| F|  |TAMS 0x0000000089200000, 0x0000000089200000| Untracked 
| 101|0x0000000089300000, 0x0000000089300000, 0x0000000089400000|  0%| F|  |TAMS 0x0000000089300000, 0x0000000089300000| Untracked 
| 102|0x0000000089400000, 0x0000000089400000, 0x0000000089500000|  0%| F|  |TAMS 0x0000000089400000, 0x0000000089400000| Untracked 
| 103|0x0000000089500000, 0x0000000089500000, 0x0000000089600000|  0%| F|  |TAMS 0x0000000089500000, 0x0000000089500000| Untracked 
| 104|0x0000000089600000, 0x0000000089600000, 0x0000000089700000|  0%| F|  |TAMS 0x0000000089600000, 0x0000000089600000| Untracked 
| 105|0x0000000089700000, 0x0000000089700000, 0x0000000089800000|  0%| F|  |TAMS 0x0000000089700000, 0x0000000089700000| Untracked 
| 106|0x0000000089800000, 0x0000000089800000, 0x0000000089900000|  0%| F|  |TAMS 0x0000000089800000, 0x0000000089800000| Untracked 
| 107|0x0000000089900000, 0x0000000089900000, 0x0000000089a00000|  0%| F|  |TAMS 0x0000000089900000, 0x0000000089900000| Untracked 
| 108|0x0000000089a00000, 0x0000000089a00000, 0x0000000089b00000|  0%| F|  |TAMS 0x0000000089a00000, 0x0000000089a00000| Untracked 
| 109|0x0000000089b00000, 0x0000000089b00000, 0x0000000089c00000|  0%| F|  |TAMS 0x0000000089b00000, 0x0000000089b00000| Untracked 
| 110|0x0000000089c00000, 0x0000000089c00000, 0x0000000089d00000|  0%| F|  |TAMS 0x0000000089c00000, 0x0000000089c00000| Untracked 
| 111|0x0000000089d00000, 0x0000000089d00000, 0x0000000089e00000|  0%| F|  |TAMS 0x0000000089d00000, 0x0000000089d00000| Untracked 
| 112|0x0000000089e00000, 0x0000000089e00000, 0x0000000089f00000|  0%| F|  |TAMS 0x0000000089e00000, 0x0000000089e00000| Untracked 
| 113|0x0000000089f00000, 0x0000000089f00000, 0x000000008a000000|  0%| F|  |TAMS 0x0000000089f00000, 0x0000000089f00000| Untracked 
| 114|0x000000008a000000, 0x000000008a000000, 0x000000008a100000|  0%| F|  |TAMS 0x000000008a000000, 0x000000008a000000| Untracked 
| 115|0x000000008a100000, 0x000000008a100000, 0x000000008a200000|  0%| F|  |TAMS 0x000000008a100000, 0x000000008a100000| Untracked 
| 116|0x000000008a200000, 0x000000008a200000, 0x000000008a300000|  0%| F|  |TAMS 0x000000008a200000, 0x000000008a200000| Untracked 
| 117|0x000000008a300000, 0x000000008a300000, 0x000000008a400000|  0%| F|  |TAMS 0x000000008a300000, 0x000000008a300000| Untracked 
| 118|0x000000008a400000, 0x000000008a400000, 0x000000008a500000|  0%| F|  |TAMS 0x000000008a400000, 0x000000008a400000| Untracked 
| 119|0x000000008a500000, 0x000000008a500000, 0x000000008a600000|  0%| F|  |TAMS 0x000000008a500000, 0x000000008a500000| Untracked 
| 120|0x000000008a600000, 0x000000008a600000, 0x000000008a700000|  0%| F|  |TAMS 0x000000008a600000, 0x000000008a600000| Untracked 
| 121|0x000000008a700000, 0x000000008a700000, 0x000000008a800000|  0%| F|  |TAMS 0x000000008a700000, 0x000000008a700000| Untracked 
| 122|0x000000008a800000, 0x000000008a800000, 0x000000008a900000|  0%| F|  |TAMS 0x000000008a800000, 0x000000008a800000| Untracked 
| 123|0x000000008a900000, 0x000000008a900000, 0x000000008aa00000|  0%| F|  |TAMS 0x000000008a900000, 0x000000008a900000| Untracked 
| 124|0x000000008aa00000, 0x000000008aa00000, 0x000000008ab00000|  0%| F|  |TAMS 0x000000008aa00000, 0x000000008aa00000| Untracked 
| 125|0x000000008ab00000, 0x000000008abf5cf0, 0x000000008ac00000| 96%| E|  |TAMS 0x000000008ab00000, 0x000000008ab00000| Complete 

Card table byte_map: [0x000001ecb7aa0000,0x000001ecb7e90000] _byte_map_base: 0x000001ecb7689000

Marking Bits (Prev, Next): (CMBitMap*) 0x000001eca48d5fb8, (CMBitMap*) 0x000001eca48d5ff0
 Prev Bits: [0x000001ecb8280000, 0x000001ecba1c8000)
 Next Bits: [0x000001ecba1d0000, 0x000001ecbc118000)

Polling page: 0x000001eca4060000

Metaspace:

Usage:
  Non-class:      4.00 MB capacity,     1.66 MB ( 41%) used,     2.34 MB ( 59%) free+waste,    64 bytes ( <1%) overhead. 
      Class:    384.00 KB capacity,   150.76 KB ( 39%) used,   233.18 KB ( 61%) free+waste,    64 bytes ( <1%) overhead. 
       Both:      4.38 MB capacity,     1.80 MB ( 41%) used,     2.57 MB ( 59%) free+waste,   128 bytes ( <1%) overhead. 

Virtual space:
  Non-class space:        8.00 MB reserved,       4.00 MB ( 50%) committed 
      Class space:        1.00 GB reserved,     384.00 KB ( <1%) committed 
             Both:        1.01 GB reserved,       4.38 MB ( <1%) committed 

Chunk freelists:
   Non-Class:  0 bytes
       Class:  0 bytes
        Both:  0 bytes

MaxMetaspaceSize: 17179869184.00 GB
CompressedClassSpaceSize: 1.00 GB

CodeHeap 'non-profiled nmethods': size=120000Kb used=0Kb max_used=0Kb free=120000Kb
 bounds [0x000001ecafe40000, 0x000001ecb00b0000, 0x000001ecb7370000]
CodeHeap 'profiled nmethods': size=120000Kb used=0Kb max_used=0Kb free=120000Kb
 bounds [0x000001eca8910000, 0x000001eca8b80000, 0x000001ecafe40000]
CodeHeap 'non-nmethods': size=5760Kb used=359Kb max_used=359Kb free=5400Kb
 bounds [0x000001eca8370000, 0x000001eca85e0000, 0x000001eca8910000]
 total_blobs=136 nmethods=0 adapters=108
 compilation: enabled
              stopped_count=0, restarted_count=0
 full_count=0

Compilation events (0 events):
No events

GC Heap History (0 events):
No events

Deoptimization events (0 events):
No events

Classes redefined (0 events):
No events

Internal exceptions (0 events):
No events

Events (20 events):
Event: 0.056 loading class java/io/PrintStream done
Event: 0.056 loading class java/io/BufferedOutputStream
Event: 0.056 loading class java/io/BufferedOutputStream done
Event: 0.056 loading class java/io/OutputStreamWriter
Event: 0.056 loading class java/io/Writer
Event: 0.056 loading class java/io/Writer done
Event: 0.056 loading class java/io/OutputStreamWriter done
Event: 0.056 loading class java/nio/charset/Charset
Event: 0.057 loading class java/nio/charset/Charset done
Event: 0.057 loading class sun/nio/cs/StandardCharsets
Event: 0.057 loading class java/nio/charset/spi/CharsetProvider
Event: 0.057 loading class java/nio/charset/spi/CharsetProvider done
Event: 0.057 loading class sun/nio/cs/StandardCharsets done
Event: 0.057 loading class java/lang/ThreadLocal
Event: 0.057 loading class java/lang/ThreadLocal done
Event: 0.057 loading class java/util/concurrent/atomic/AtomicInteger
Event: 0.057 loading class java/util/concurrent/atomic/AtomicInteger done
Event: 0.057 loading class sun/security/action/GetPropertyAction
Event: 0.057 loading class sun/security/action/GetPropertyAction done
Event: 0.057 loading class java/util/Arrays


Dynamic libraries:
0x00007ff7a8d60000 - 0x00007ff7a8d6a000 	C:\Program Files\Android\Android Studio3\jre\bin\java.exe
0x00007fff62c00000 - 0x00007fff62e0f000 	C:\WINDOWS\SYSTEM32\ntdll.dll
0x00007fff612a0000 - 0x00007fff6135d000 	C:\WINDOWS\System32\KERNEL32.DLL
0x00007fff60200000 - 0x00007fff6058c000 	C:\WINDOWS\System32\KERNELBASE.dll
0x00007fff5d5a0000 - 0x00007fff5d632000 	C:\WINDOWS\SYSTEM32\apphelp.dll
0x00007fff60770000 - 0x00007fff60881000 	C:\WINDOWS\System32\ucrtbase.dll
0x00007fff51410000 - 0x00007fff51429000 	C:\Program Files\Android\Android Studio3\jre\bin\jli.dll
0x00007fff43810000 - 0x00007fff43827000 	C:\Program Files\Android\Android Studio3\jre\bin\VCRUNTIME140.dll
0x00007fff61620000 - 0x00007fff617c6000 	C:\WINDOWS\System32\USER32.dll
0x00007fff608f0000 - 0x00007fff60916000 	C:\WINDOWS\System32\win32u.dll
0x00007fff47cc0000 - 0x00007fff47f61000 	C:\WINDOWS\WinSxS\amd64_microsoft.windows.common-controls_6595b64144ccf1df_6.0.22489.1000_none_26b04fb444140a2e\COMCTL32.dll
0x00007fff611f0000 - 0x00007fff61294000 	C:\WINDOWS\System32\msvcrt.dll
0x00007fff61460000 - 0x00007fff61489000 	C:\WINDOWS\System32\GDI32.dll
0x00007fff60650000 - 0x00007fff60767000 	C:\WINDOWS\System32\gdi32full.dll
0x00007fff60160000 - 0x00007fff601fa000 	C:\WINDOWS\System32\msvcp_win.dll
0x00007fff62370000 - 0x00007fff623a1000 	C:\WINDOWS\System32\IMM32.DLL
0x00007fff43770000 - 0x00007fff4380d000 	C:\Program Files\Android\Android Studio3\jre\bin\msvcp140.dll
0x00007fff00940000 - 0x00007fff0140f000 	C:\Program Files\Android\Android Studio3\jre\bin\server\jvm.dll
0x00007fff61e70000 - 0x00007fff61f1e000 	C:\WINDOWS\System32\ADVAPI32.dll
0x00007fff60a80000 - 0x00007fff60b21000 	C:\WINDOWS\System32\sechost.dll
0x00007fff620a0000 - 0x00007fff621bf000 	C:\WINDOWS\System32\RPCRT4.dll
0x00007fff611c0000 - 0x00007fff611c8000 	C:\WINDOWS\System32\PSAPI.DLL
0x00007fff5ac40000 - 0x00007fff5ac74000 	C:\WINDOWS\SYSTEM32\WINMM.dll
0x00007fff46070000 - 0x00007fff46079000 	C:\WINDOWS\SYSTEM32\WSOCK32.dll
0x00007fff5aad0000 - 0x00007fff5aada000 	C:\WINDOWS\SYSTEM32\VERSION.dll
0x00007fff61380000 - 0x00007fff613f1000 	C:\WINDOWS\System32\WS2_32.dll
0x00007fff5f1b0000 - 0x00007fff5f1c8000 	C:\WINDOWS\SYSTEM32\kernel.appcore.dll
0x00007fff51c80000 - 0x00007fff51c91000 	C:\Program Files\Android\Android Studio3\jre\bin\verify.dll
0x00007fff580f0000 - 0x00007fff58316000 	C:\WINDOWS\SYSTEM32\DBGHELP.DLL
0x00007fff60cf0000 - 0x00007fff6106b000 	C:\WINDOWS\System32\combase.dll
0x00007fff50800000 - 0x00007fff50831000 	C:\WINDOWS\SYSTEM32\dbgcore.DLL
0x00007fff600d0000 - 0x00007fff60151000 	C:\WINDOWS\System32\bcryptPrimitives.dll
0x00007fff47a40000 - 0x00007fff47a69000 	C:\Program Files\Android\Android Studio3\jre\bin\java.dll
0x00007fff5ba70000 - 0x00007fff5ba7b000 	C:\Program Files\Android\Android Studio3\jre\bin\jimage.dll
0x00007fff44e70000 - 0x00007fff44e88000 	C:\Program Files\Android\Android Studio3\jre\bin\zip.dll
0x00007fff623b0000 - 0x00007fff62b5d000 	C:\WINDOWS\System32\SHELL32.dll
0x00007fff5e180000 - 0x00007fff5e9d8000 	C:\WINDOWS\SYSTEM32\windows.storage.dll
0x00007fff5e030000 - 0x00007fff5e179000 	C:\WINDOWS\SYSTEM32\wintypes.dll
0x00007fff621d0000 - 0x00007fff622c0000 	C:\WINDOWS\System32\SHCORE.dll
0x00007fff62b60000 - 0x00007fff62bbb000 	C:\WINDOWS\System32\shlwapi.dll
0x00007fff60000000 - 0x00007fff60021000 	C:\WINDOWS\SYSTEM32\profapi.dll

dbghelp: loaded successfully - version: 4.0.5 - missing functions: none
symbol engine: initialized successfully - sym options: 0x614 - pdb path: .;C:\Program Files\Android\Android Studio3\jre\bin;C:\WINDOWS\SYSTEM32;C:\WINDOWS\WinSxS\amd64_microsoft.windows.common-controls_6595b64144ccf1df_6.0.22489.1000_none_26b04fb444140a2e;C:\Program Files\Android\Android Studio3\jre\bin\server

VM Arguments:
java_command: org.jetbrains.git4idea.http.GitAskPassApp Username for 'https://gitlab.com': 
java_class_path (initial): C:/Program Files/Android/Android Studio3/plugins/git4idea/lib/git4idea-rt.jar;C:/Program Files/Android/Android Studio3/lib/xmlrpc-2.0.1.jar;C:/Program Files/Android/Android Studio3/lib/commons-codec-1.14.jar
Launcher Type: SUN_STANDARD

[Global flags]
     intx CICompilerCount                          = 4                                         {product} {ergonomic}
     uint ConcGCThreads                            = 2                                         {product} {ergonomic}
     uint G1ConcRefinementThreads                  = 8                                         {product} {ergonomic}
   size_t G1HeapRegionSize                         = 1048576                                   {product} {ergonomic}
    uintx GCDrainStackTargetSize                   = 64                                        {product} {ergonomic}
   size_t InitialHeapSize                          = 132120576                                 {product} {ergonomic}
   size_t MarkStackSize                            = 4194304                                   {product} {ergonomic}
   size_t MaxHeapSize                              = 2099249152                                {product} {ergonomic}
   size_t MaxNewSize                               = 1259339776                                {product} {ergonomic}
   size_t MinHeapDeltaBytes                        = 1048576                                   {product} {ergonomic}
    uintx NonNMethodCodeHeapSize                   = 5836300                                {pd product} {ergonomic}
    uintx NonProfiledCodeHeapSize                  = 122910970                              {pd product} {ergonomic}
    uintx ProfiledCodeHeapSize                     = 122910970                              {pd product} {ergonomic}
    uintx ReservedCodeCacheSize                    = 251658240                              {pd product} {ergonomic}
     bool SegmentedCodeCache                       = true                                      {product} {ergonomic}
     bool UseCompressedClassPointers               = true                                 {lp64_product} {ergonomic}
     bool UseCompressedOops                        = true                                 {lp64_product} {ergonomic}
     bool UseG1GC                                  = true                                      {product} {ergonomic}
     bool UseLargePagesIndividualAllocation        = false                                  {pd product} {ergonomic}

Logging:
Log output configuration:
 #0: stdout all=warning uptime,level,tags
 #1: stderr all=off uptime,level,tags

Environment Variables:
PATH=C:\Program Files\Git\mingw64\libexec\git-core;C:\Program Files\Git\mingw64\libexec\git-core;C:\Program Files\Git\mingw64\bin;C:\Program Files\Git\usr\bin;C:\Users\xpmkm\bin;C:\Program Files (x86)\Common Files\Oracle\Java\javapath;C:\WINDOWS\system32;C:\WINDOWS;C:\WINDOWS\System32\Wbem;C:\WINDOWS\System32\WindowsPowerShell\v1.0;C:\WINDOWS\System32\OpenSSH;C:\Program Files\Git\cmd;C:\Program Files\nodejs;C:\xampp\php;C:\ProgramData\ComposerSetup\bin;C:\Users\xpmkm\AppData\Local\Android\Sdk\platform-tools;C:\Program Files\Java\jdk1.8.0_231\bin;C:\Program Files\opnsl\bin;C:\Users\xpmkm\AppData\Roaming\npm;C:\Users\xpmkm\AppData\Local\Programs\Microsoft VS Code\bin;C:\Program Files\flutter\bin;C:\Users\xpmkm\AppData\Roaming\Composer\vendor\bin;C:\Users\xpmkm\AppData\Local\Microsoft\WindowsApps
USERNAME=xpmkm
DISPLAY=:0.0
LC_ALL=en_US.UTF-8
OS=Windows_NT
PROCESSOR_IDENTIFIER=AMD64 Family 23 Model 24 Stepping 1, AuthenticAMD



---------------  S Y S T E M  ---------------

OS: Windows 10 , 64 bit Build 22489 (10.0.22489.1000)
OS uptime: 0 days 2:40 hours

CPU:total 8 (initial active 8) (8 cores per cpu, 2 threads per core) family 23 model 24 stepping 1 microcode 0x0, cmov, cx8, fxsr, mmx, sse, sse2, sse3, ssse3, sse4.1, sse4.2, popcnt, avx, avx2, aes, clmul, mmxext, 3dnowpref, lzcnt, sse4a, ht, tsc, tscinvbit, tscinv, bmi1, bmi2, adx, s

Memory: 4k page, system-wide physical 8002M (927M free)
TotalPageFile size 12098M (AvailPageFile size 1M)
current process WorkingSet (physical memory assigned to process): 26M, peak: 26M
current process commit charge ("private bytes"): 198M, peak: 198M

vm_info: OpenJDK 64-Bit Server VM (11.0.10+0-b96-7249189) for windows-amd64 JRE (11.0.10+0-b96-7249189), built on Mar 31 2021 21:44:00 by "builder" with MS VC++ 14.0 (VS2015)

END.
