#
# There is insufficient memory for the Java Runtime Environment to continue.
# Native memory allocation (mmap) failed to map 32505856 bytes for Failed to commit area from 0x0000000089800000 to 0x000000008b700000 of length 32505856.
# Possible reasons:
#   The system is out of physical RAM or swap space
#   The process is running with CompressedOops enabled, and the Java Heap may be blocking the growth of the native heap
# Possible solutions:
#   Reduce memory load on the system
#   Increase physical memory or swap space
#   Check if swap backing store is full
#   Decrease Java heap size (-Xmx/-Xms)
#   Decrease number of Java threads
#   Decrease Java thread stack sizes (-Xss)
#   Set larger code cache with -XX:ReservedCodeCacheSize=
#   JVM is running with Unscaled Compressed Oops mode in which the Java heap is
#     placed in the first 4GB address space. The Java Heap base address is the
#     maximum limit for the native heap growth. Please use -XX:HeapBaseMinAddress
#     to set the Java Heap base and to place the Java Heap above 4GB virtual address.
# This output file may be truncated or incomplete.
#
#  Out of Memory Error (./src/hotspot/os/windows/os_windows.cpp:3301), pid=14904, tid=15796
#
# JRE version: OpenJDK Runtime Environment (11.0.10) (build 11.0.10+0-b96-7249189)
# Java VM: OpenJDK 64-Bit Server VM (11.0.10+0-b96-7249189, mixed mode, tiered, compressed oops, g1 gc, windows-amd64)
# No core dump will be written. Minidumps are not enabled by default on client versions of Windows
#

---------------  S U M M A R Y ------------

Command Line: --add-opens=java.base/java.util=ALL-UNNAMED --add-opens=java.base/java.lang=ALL-UNNAMED --add-opens=java.base/java.lang.invoke=ALL-UNNAMED --add-opens=java.prefs/java.util.prefs=ALL-UNNAMED -Xmx2048m -Dfile.encoding=UTF-8 -Duser.country=IN -Duser.language=en -Duser.variant org.gradle.launcher.daemon.bootstrap.GradleDaemon 6.5

Host: AMD Ryzen 5 3550H with Radeon Vega Mobile Gfx  , 8 cores, 7G,  Windows 10 , 64 bit Build 22468 (10.0.22468.1000)
Time: Fri Oct  1 14:54:50 2021 India Standard Time elapsed time: 20.398087 seconds (0d 0h 0m 20s)

---------------  T H R E A D  ---------------

Current thread (0x000001eaf1d77800):  VMThread "VM Thread" [stack: 0x0000001084900000,0x0000001084a00000] [id=15796]

Stack: [0x0000001084900000,0x0000001084a00000]
[error occurred during error reporting (printing stack bounds), id 0xc0000005, EXCEPTION_ACCESS_VIOLATION (0xc0000005) at pc=0x000001eadb400f2d]

Native frames: (J=compiled Java code, j=interpreted, Vv=VM code, C=native code)
V  [jvm.dll+0x5ecfaa]
V  [jvm.dll+0x722bd5]
V  [jvm.dll+0x72412d]
V  [jvm.dll+0x724745]
V  [jvm.dll+0x7246fb]
V  [jvm.dll+0x5ec348]
V  [jvm.dll+0x5ecad8]
C  [ntdll.dll+0xa623f]
C  [ntdll.dll+0x65ea9]
C  [ntdll.dll+0xa522e]
C  0x000001eadb400f2d

VM_Operation (0x0000001087afbd10): G1CollectForAllocation, mode: safepoint, requested by thread 0x000001eaf81b7800


---------------  P R O C E S S  ---------------

Threads class SMR info:
_java_thread_list=0x000001eafc62e460, length=144, elements={
0x000001ead7914000, 0x000001eaf1d7b800, 0x000001eaf1d87000, 0x000001eaf26f3000,
0x000001eaf26f4000, 0x000001eaf26f5800, 0x000001eaf26fa000, 0x000001eaf26ff000,
0x000001eaf2703000, 0x000001eaf286e800, 0x000001eaf3fa8800, 0x000001eaf2941800,
0x000001eaf29c7000, 0x000001eaf3ff3800, 0x000001eaf3ff4800, 0x000001eaf46db000,
0x000001eaf3966800, 0x000001eaf46a6000, 0x000001eaf46f8800, 0x000001eaf4829000,
0x000001eaf482a000, 0x000001eaf482b000, 0x000001eaf4825000, 0x000001eaf4828800,
0x000001eaf482b800, 0x000001eaf4826000, 0x000001eaf4827800, 0x000001eaf4827000,
0x000001eaf81ba800, 0x000001eaf81ba000, 0x000001eaf81bb800, 0x000001eaf81b5800,
0x000001eaf81bc000, 0x000001eaf81b6800, 0x000001eaf81b8000, 0x000001eaf81bd000,
0x000001eaf81b7800, 0x000001eaf81c1000, 0x000001eaf81c3800, 0x000001eaf81be000,
0x000001eaf81be800, 0x000001eaf81bf800, 0x000001eaf81c2000, 0x000001eaf81c0800,
0x000001eaf81c2800, 0x000001eaf931e000, 0x000001eaf9318800, 0x000001eaf931f000,
0x000001eaf9319000, 0x000001eaf931a000, 0x000001eaf931a800, 0x000001eaf931b800,
0x000001eaf931c800, 0x000001eaf931d000, 0x000001eaf3477800, 0x000001eaf3472000,
0x000001eaf3477000, 0x000001eaf3478800, 0x000001eaf3473000, 0x000001eaf3473800,
0x000001eaf3479800, 0x000001eaf347a000, 0x000001eaf3474800, 0x000001eaf347b000,
0x000001eaf3475800, 0x000001eaf347c000, 0x000001eaf3476000, 0x000001eaf3480000,
0x000001eaf3480800, 0x000001eaf347f000, 0x000001eaf347c800, 0x000001eaf347d800,
0x000001eaf347e800, 0x000001eaf4d48800, 0x000001eaf4d46800, 0x000001eaf4d45000,
0x000001eaf4d47800, 0x000001eaf4d42800, 0x000001eaf4d49000, 0x000001eaf4d43800,
0x000001eaf4d46000, 0x000001eaf4d4a000, 0x000001eaf4d44000, 0x000001eaf4d4e000,
0x000001eaf4d4b800, 0x000001eaf4d4a800, 0x000001eaf4d4c800, 0x000001eaf4d4f800,
0x000001eaf4d4d000, 0x000001eaf4d4f000, 0x000001eaf4d50800, 0x000001eaf4d51800,
0x000001eaf2a8c000, 0x000001eaf2a88800, 0x000001eaf2a89800, 0x000001eaf2a8d800,
0x000001eaf2a90000, 0x000001eaf2a8c800, 0x000001eaf2a8e800, 0x000001eaf2a8f000,
0x000001eaf2a8a000, 0x000001eaf2a90800, 0x000001eaf2a8b000, 0x000001eaf2a96800,
0x000001eaf2a91800, 0x000001eaf2a94000, 0x000001eaf2a92800, 0x000001eaf2a97800,
0x000001eaf2a93000, 0x000001eaf2a95800, 0x000001eaf2a95000, 0x000001eaf6c21800,
0x000001eaf6c25800, 0x000001eaf6c23800, 0x000001eaf6c25000, 0x000001eaf6c26800,
0x000001eaf6c27800, 0x000001eaf6c24000, 0x000001eaf6c28000, 0x000001eaf6c22800,
0x000001eaf6c2a800, 0x000001eaf6c2a000, 0x000001eaf6c29000, 0x000001eaf6c2b800,
0x000001eaf6c2d000, 0x000001eaf6c2f800, 0x000001eaf6c2c800, 0x000001eaf6c2e000,
0x000001eaf6c30800, 0x000001eaf6c2e800, 0x000001eaf70ac800, 0x000001eaf70aa800,
0x000001eaf5072000, 0x000001eaf8c87800, 0x000001eaf70a7800, 0x000001eaf70ab800,
0x000001eaf70ad000, 0x000001eaf70ae000, 0x000001eaf70a8000, 0x000001eaf70af000,
0x000001eaf70a9000, 0x000001eaf70b5800, 0x000001eaf70af800, 0x000001eaf70b4800
}

Java Threads: ( => current thread )
  0x000001ead7914000 JavaThread "main" [_thread_blocked, id=1732, stack(0x0000001084300000,0x0000001084400000)]
  0x000001eaf1d7b800 JavaThread "Reference Handler" daemon [_thread_blocked, id=11592, stack(0x0000001084a00000,0x0000001084b00000)]
  0x000001eaf1d87000 JavaThread "Finalizer" daemon [_thread_blocked, id=10652, stack(0x0000001084b00000,0x0000001084c00000)]
  0x000001eaf26f3000 JavaThread "Signal Dispatcher" daemon [_thread_blocked, id=8128, stack(0x0000001084c00000,0x0000001084d00000)]
  0x000001eaf26f4000 JavaThread "Attach Listener" daemon [_thread_blocked, id=14488, stack(0x0000001084d00000,0x0000001084e00000)]
  0x000001eaf26f5800 JavaThread "Service Thread" daemon [_thread_blocked, id=1332, stack(0x0000001084e00000,0x0000001084f00000)]
  0x000001eaf26fa000 JavaThread "C2 CompilerThread0" daemon [_thread_blocked, id=10808, stack(0x0000001084f00000,0x0000001085000000)]
  0x000001eaf26ff000 JavaThread "C1 CompilerThread0" daemon [_thread_blocked, id=9508, stack(0x0000001085000000,0x0000001085100000)]
  0x000001eaf2703000 JavaThread "Sweeper thread" daemon [_thread_blocked, id=608, stack(0x0000001085100000,0x0000001085200000)]
  0x000001eaf286e800 JavaThread "Common-Cleaner" daemon [_thread_blocked, id=6608, stack(0x0000001085200000,0x0000001085300000)]
  0x000001eaf3fa8800 JavaThread "Daemon health stats" [_thread_blocked, id=4188, stack(0x0000001085800000,0x0000001085900000)]
  0x000001eaf2941800 JavaThread "Incoming local TCP Connector on port 59581" [_thread_in_native, id=12332, stack(0x0000001085900000,0x0000001085a00000)]
  0x000001eaf29c7000 JavaThread "Daemon periodic checks" [_thread_blocked, id=6440, stack(0x0000001085a00000,0x0000001085b00000)]
  0x000001eaf3ff3800 JavaThread "Daemon" [_thread_blocked, id=12852, stack(0x0000001085b00000,0x0000001085c00000)]
  0x000001eaf3ff4800 JavaThread "Handler for socket connection from /127.0.0.1:59581 to /127.0.0.1:59582" [_thread_in_native, id=12040, stack(0x0000001085c00000,0x0000001085d00000)]
  0x000001eaf46db000 JavaThread "Cancel handler" [_thread_blocked, id=9012, stack(0x0000001085d00000,0x0000001085e00000)]
  0x000001eaf3966800 JavaThread "Daemon worker" [_thread_blocked, id=1876, stack(0x0000001085e00000,0x0000001085f00000)]
  0x000001eaf46a6000 JavaThread "Asynchronous log dispatcher for DefaultDaemonConnection: socket connection from /127.0.0.1:59581 to /127.0.0.1:59582" [_thread_blocked, id=9608, stack(0x0000001085f00000,0x0000001086000000)]
  0x000001eaf46f8800 JavaThread "Stdin handler" [_thread_blocked, id=2332, stack(0x0000001086000000,0x0000001086100000)]
  0x000001eaf4829000 JavaThread "Thread-8" [_thread_blocked, id=10140, stack(0x0000001086100000,0x0000001086200000)]
  0x000001eaf482a000 JavaThread "Cache worker for journal cache (C:\Users\xpmkm\.gradle\caches\journal-1)" [_thread_blocked, id=14324, stack(0x0000001086200000,0x0000001086300000)]
  0x000001eaf482b000 JavaThread "File lock request listener" [_thread_in_native, id=15120, stack(0x0000001086800000,0x0000001086900000)]
  0x000001eaf4825000 JavaThread "Cache worker for file hash cache (C:\Users\xpmkm\.gradle\caches\6.5\fileHashes)" [_thread_blocked, id=7352, stack(0x0000001086900000,0x0000001086a00000)]
  0x000001eaf4828800 JavaThread "Cache worker for file hash cache (C:\Users\xpmkm\Desktop\update_code_vezilla-server\codecanyon-L2GSbXtH-dairy-products-grocery-daily-milk-delivery-mobile-app-with-subscription-customer-app-delivery\test-vezilla-android-workspace\.gradle\6.5\fileHashes)" [_thread_blocked, id=10420, stack(0x0000001086c00000,0x0000001086d00000)]
  0x000001eaf482b800 JavaThread "Cache worker for checksums cache (C:\Users\xpmkm\Desktop\update_code_vezilla-server\codecanyon-L2GSbXtH-dairy-products-grocery-daily-milk-delivery-mobile-app-with-subscription-customer-app-delivery\test-vezilla-android-workspace\.gradle\checksums)" [_thread_blocked, id=9756, stack(0x0000001086d00000,0x0000001086e00000)]
  0x000001eaf4826000 JavaThread "Cache worker for cache directory md-supplier (C:\Users\xpmkm\.gradle\caches\6.5\md-supplier)" [_thread_blocked, id=7024, stack(0x0000001086e00000,0x0000001086f00000)]
  0x000001eaf4827800 JavaThread "Cache worker for cache directory md-rule (C:\Users\xpmkm\.gradle\caches\6.5\md-rule)" [_thread_blocked, id=13328, stack(0x0000001086f00000,0x0000001087000000)]
  0x000001eaf4827000 JavaThread "Cache worker for execution history cache (C:\Users\xpmkm\.gradle\caches\6.5\executionHistory)" [_thread_blocked, id=12696, stack(0x0000001087100000,0x0000001087200000)]
  0x000001eaf81ba800 JavaThread "jar transforms" [_thread_blocked, id=7612, stack(0x0000001087200000,0x0000001087300000)]
  0x000001eaf81ba000 JavaThread "Cache worker for file content cache (C:\Users\xpmkm\.gradle\caches\6.5\fileContent)" [_thread_blocked, id=176, stack(0x0000001087300000,0x0000001087400000)]
  0x000001eaf81bb800 JavaThread "Build operations" [_thread_blocked, id=1688, stack(0x0000001087400000,0x0000001087500000)]
  0x000001eaf81b5800 JavaThread "Build operations Thread 2" [_thread_blocked, id=3992, stack(0x0000001087500000,0x0000001087600000)]
  0x000001eaf81bc000 JavaThread "Build operations Thread 3" [_thread_blocked, id=14228, stack(0x0000001087600000,0x0000001087700000)]
  0x000001eaf81b6800 JavaThread "Build operations Thread 4" [_thread_blocked, id=2220, stack(0x0000001087700000,0x0000001087800000)]
  0x000001eaf81b8000 JavaThread "Build operations Thread 5" [_thread_blocked, id=9064, stack(0x0000001087800000,0x0000001087900000)]
  0x000001eaf81bd000 JavaThread "Build operations Thread 6" [_thread_blocked, id=11756, stack(0x0000001087900000,0x0000001087a00000)]
  0x000001eaf81b7800 JavaThread "Build operations Thread 7" [_thread_blocked, id=12416, stack(0x0000001087a00000,0x0000001087b00000)]
  0x000001eaf81c1000 JavaThread "Build operations Thread 8" [_thread_blocked, id=4708, stack(0x0000001087b00000,0x0000001087c00000)]
  0x000001eaf81c3800 JavaThread "jar transforms Thread 2" [_thread_blocked, id=1848, stack(0x0000001087c00000,0x0000001087d00000)]
  0x000001eaf81be000 JavaThread "jar transforms Thread 3" [_thread_blocked, id=8332, stack(0x0000001087d00000,0x0000001087e00000)]
  0x000001eaf81be800 JavaThread "jar transforms Thread 4" [_thread_blocked, id=7136, stack(0x0000001087e00000,0x0000001087f00000)]
  0x000001eaf81bf800 JavaThread "jar transforms Thread 5" [_thread_blocked, id=4328, stack(0x0000001087f00000,0x0000001088000000)]
  0x000001eaf81c2000 JavaThread "jar transforms Thread 6" [_thread_blocked, id=2972, stack(0x0000001088000000,0x0000001088100000)]
  0x000001eaf81c0800 JavaThread "jar transforms Thread 7" [_thread_blocked, id=5948, stack(0x0000001088100000,0x0000001088200000)]
  0x000001eaf81c2800 JavaThread "jar transforms Thread 8" [_thread_blocked, id=200, stack(0x0000001088200000,0x0000001088300000)]
  0x000001eaf931e000 JavaThread "jar transforms Thread 9" [_thread_blocked, id=8304, stack(0x0000001088300000,0x0000001088400000)]
  0x000001eaf9318800 JavaThread "jar transforms Thread 10" [_thread_blocked, id=7324, stack(0x0000001088400000,0x0000001088500000)]
  0x000001eaf931f000 JavaThread "jar transforms Thread 11" [_thread_blocked, id=14236, stack(0x0000001088500000,0x0000001088600000)]
  0x000001eaf9319000 JavaThread "jar transforms Thread 12" [_thread_blocked, id=10912, stack(0x0000001088600000,0x0000001088700000)]
  0x000001eaf931a000 JavaThread "jar transforms Thread 13" [_thread_blocked, id=15468, stack(0x0000001088700000,0x0000001088800000)]
  0x000001eaf931a800 JavaThread "jar transforms Thread 14" [_thread_blocked, id=9612, stack(0x0000001088800000,0x0000001088900000)]
  0x000001eaf931b800 JavaThread "jar transforms Thread 15" [_thread_blocked, id=15096, stack(0x0000001088900000,0x0000001088a00000)]
  0x000001eaf931c800 JavaThread "jar transforms Thread 16" [_thread_blocked, id=8772, stack(0x0000001088a00000,0x0000001088b00000)]
  0x000001eaf931d000 JavaThread "jar transforms Thread 17" [_thread_blocked, id=3028, stack(0x0000001088b00000,0x0000001088c00000)]
  0x000001eaf3477800 JavaThread "jar transforms Thread 18" [_thread_blocked, id=8876, stack(0x0000001088c00000,0x0000001088d00000)]
  0x000001eaf3472000 JavaThread "jar transforms Thread 19" [_thread_blocked, id=11584, stack(0x0000001088d00000,0x0000001088e00000)]
  0x000001eaf3477000 JavaThread "jar transforms Thread 20" [_thread_blocked, id=16252, stack(0x0000001088e00000,0x0000001088f00000)]
  0x000001eaf3478800 JavaThread "jar transforms Thread 21" [_thread_blocked, id=14824, stack(0x0000001088f00000,0x0000001089000000)]
  0x000001eaf3473000 JavaThread "jar transforms Thread 22" [_thread_blocked, id=2584, stack(0x0000001089000000,0x0000001089100000)]
  0x000001eaf3473800 JavaThread "jar transforms Thread 23" [_thread_blocked, id=2732, stack(0x0000001089100000,0x0000001089200000)]
  0x000001eaf3479800 JavaThread "jar transforms Thread 24" [_thread_blocked, id=7588, stack(0x0000001089200000,0x0000001089300000)]
  0x000001eaf347a000 JavaThread "jar transforms Thread 25" [_thread_blocked, id=2492, stack(0x0000001089300000,0x0000001089400000)]
  0x000001eaf3474800 JavaThread "jar transforms Thread 26" [_thread_blocked, id=8808, stack(0x0000001089400000,0x0000001089500000)]
  0x000001eaf347b000 JavaThread "jar transforms Thread 27" [_thread_blocked, id=9380, stack(0x0000001089500000,0x0000001089600000)]
  0x000001eaf3475800 JavaThread "jar transforms Thread 28" [_thread_blocked, id=13200, stack(0x0000001089600000,0x0000001089700000)]
  0x000001eaf347c000 JavaThread "jar transforms Thread 29" [_thread_blocked, id=8032, stack(0x0000001089700000,0x0000001089800000)]
  0x000001eaf3476000 JavaThread "jar transforms Thread 30" [_thread_blocked, id=7544, stack(0x0000001089800000,0x0000001089900000)]
  0x000001eaf3480000 JavaThread "jar transforms Thread 31" [_thread_blocked, id=2232, stack(0x0000001089900000,0x0000001089a00000)]
  0x000001eaf3480800 JavaThread "jar transforms Thread 32" [_thread_blocked, id=15160, stack(0x0000001089a00000,0x0000001089b00000)]
  0x000001eaf347f000 JavaThread "jar transforms Thread 33" [_thread_blocked, id=7376, stack(0x0000001089b00000,0x0000001089c00000)]
  0x000001eaf347c800 JavaThread "jar transforms Thread 34" [_thread_blocked, id=8232, stack(0x0000001089c00000,0x0000001089d00000)]
  0x000001eaf347d800 JavaThread "jar transforms Thread 35" [_thread_blocked, id=1164, stack(0x0000001089d00000,0x0000001089e00000)]
  0x000001eaf347e800 JavaThread "jar transforms Thread 36" [_thread_blocked, id=9476, stack(0x0000001089e00000,0x0000001089f00000)]
  0x000001eaf4d48800 JavaThread "jar transforms Thread 37" [_thread_blocked, id=14020, stack(0x0000001089f00000,0x000000108a000000)]
  0x000001eaf4d46800 JavaThread "jar transforms Thread 38" [_thread_blocked, id=11484, stack(0x000000108a000000,0x000000108a100000)]
  0x000001eaf4d45000 JavaThread "jar transforms Thread 39" [_thread_blocked, id=13476, stack(0x000000108a100000,0x000000108a200000)]
  0x000001eaf4d47800 JavaThread "jar transforms Thread 40" [_thread_blocked, id=11860, stack(0x000000108a200000,0x000000108a300000)]
  0x000001eaf4d42800 JavaThread "jar transforms Thread 41" [_thread_blocked, id=14140, stack(0x000000108a300000,0x000000108a400000)]
  0x000001eaf4d49000 JavaThread "jar transforms Thread 42" [_thread_blocked, id=11784, stack(0x000000108a400000,0x000000108a500000)]
  0x000001eaf4d43800 JavaThread "jar transforms Thread 43" [_thread_blocked, id=11136, stack(0x000000108a500000,0x000000108a600000)]
  0x000001eaf4d46000 JavaThread "jar transforms Thread 44" [_thread_blocked, id=10836, stack(0x000000108a600000,0x000000108a700000)]
  0x000001eaf4d4a000 JavaThread "jar transforms Thread 45" [_thread_blocked, id=16036, stack(0x000000108a700000,0x000000108a800000)]
  0x000001eaf4d44000 JavaThread "jar transforms Thread 46" [_thread_blocked, id=11212, stack(0x000000108a800000,0x000000108a900000)]
  0x000001eaf4d4e000 JavaThread "jar transforms Thread 47" [_thread_blocked, id=8924, stack(0x000000108a900000,0x000000108aa00000)]
  0x000001eaf4d4b800 JavaThread "jar transforms Thread 48" [_thread_blocked, id=11400, stack(0x000000108aa00000,0x000000108ab00000)]
  0x000001eaf4d4a800 JavaThread "jar transforms Thread 49" [_thread_blocked, id=2568, stack(0x000000108ab00000,0x000000108ac00000)]
  0x000001eaf4d4c800 JavaThread "jar transforms Thread 50" [_thread_blocked, id=3440, stack(0x000000108ac00000,0x000000108ad00000)]
  0x000001eaf4d4f800 JavaThread "jar transforms Thread 51" [_thread_blocked, id=6924, stack(0x000000108ad00000,0x000000108ae00000)]
  0x000001eaf4d4d000 JavaThread "jar transforms Thread 52" [_thread_blocked, id=2428, stack(0x000000108ae00000,0x000000108af00000)]
  0x000001eaf4d4f000 JavaThread "jar transforms Thread 53" [_thread_blocked, id=7644, stack(0x000000108af00000,0x000000108b000000)]
  0x000001eaf4d50800 JavaThread "jar transforms Thread 54" [_thread_blocked, id=4308, stack(0x000000108b000000,0x000000108b100000)]
  0x000001eaf4d51800 JavaThread "jar transforms Thread 55" [_thread_blocked, id=2784, stack(0x000000108b100000,0x000000108b200000)]
  0x000001eaf2a8c000 JavaThread "jar transforms Thread 56" [_thread_blocked, id=13076, stack(0x000000108b200000,0x000000108b300000)]
  0x000001eaf2a88800 JavaThread "jar transforms Thread 57" [_thread_blocked, id=3420, stack(0x000000108b300000,0x000000108b400000)]
  0x000001eaf2a89800 JavaThread "jar transforms Thread 58" [_thread_blocked, id=11824, stack(0x000000108b400000,0x000000108b500000)]
  0x000001eaf2a8d800 JavaThread "jar transforms Thread 59" [_thread_blocked, id=15084, stack(0x000000108b500000,0x000000108b600000)]
  0x000001eaf2a90000 JavaThread "jar transforms Thread 60" [_thread_blocked, id=8696, stack(0x000000108b600000,0x000000108b700000)]
  0x000001eaf2a8c800 JavaThread "jar transforms Thread 61" [_thread_blocked, id=15668, stack(0x000000108b700000,0x000000108b800000)]
  0x000001eaf2a8e800 JavaThread "jar transforms Thread 62" [_thread_blocked, id=7268, stack(0x000000108b800000,0x000000108b900000)]
  0x000001eaf2a8f000 JavaThread "jar transforms Thread 63" [_thread_blocked, id=8588, stack(0x000000108b900000,0x000000108ba00000)]
  0x000001eaf2a8a000 JavaThread "jar transforms Thread 64" [_thread_blocked, id=12680, stack(0x000000108ba00000,0x000000108bb00000)]
  0x000001eaf2a90800 JavaThread "jar transforms Thread 65" [_thread_blocked, id=14308, stack(0x000000108bb00000,0x000000108bc00000)]
  0x000001eaf2a8b000 JavaThread "jar transforms Thread 66" [_thread_blocked, id=9208, stack(0x000000108bc00000,0x000000108bd00000)]
  0x000001eaf2a96800 JavaThread "jar transforms Thread 67" [_thread_blocked, id=15020, stack(0x000000108bd00000,0x000000108be00000)]
  0x000001eaf2a91800 JavaThread "jar transforms Thread 68" [_thread_blocked, id=14268, stack(0x000000108be00000,0x000000108bf00000)]
  0x000001eaf2a94000 JavaThread "jar transforms Thread 69" [_thread_blocked, id=15768, stack(0x000000108bf00000,0x000000108c000000)]
  0x000001eaf2a92800 JavaThread "jar transforms Thread 70" [_thread_blocked, id=8384, stack(0x000000108c000000,0x000000108c100000)]
  0x000001eaf2a97800 JavaThread "jar transforms Thread 71" [_thread_blocked, id=3876, stack(0x000000108c100000,0x000000108c200000)]
  0x000001eaf2a93000 JavaThread "jar transforms Thread 72" [_thread_blocked, id=8456, stack(0x000000108c200000,0x000000108c300000)]
  0x000001eaf2a95800 JavaThread "jar transforms Thread 73" [_thread_blocked, id=16124, stack(0x000000108c300000,0x000000108c400000)]
  0x000001eaf2a95000 JavaThread "jar transforms Thread 74" [_thread_blocked, id=16348, stack(0x000000108c400000,0x000000108c500000)]
  0x000001eaf6c21800 JavaThread "jar transforms Thread 75" [_thread_blocked, id=15356, stack(0x000000108c500000,0x000000108c600000)]
  0x000001eaf6c25800 JavaThread "jar transforms Thread 76" [_thread_blocked, id=8372, stack(0x000000108c600000,0x000000108c700000)]
  0x000001eaf6c23800 JavaThread "jar transforms Thread 77" [_thread_blocked, id=1436, stack(0x000000108c700000,0x000000108c800000)]
  0x000001eaf6c25000 JavaThread "jar transforms Thread 78" [_thread_blocked, id=9188, stack(0x000000108c800000,0x000000108c900000)]
  0x000001eaf6c26800 JavaThread "jar transforms Thread 79" [_thread_blocked, id=7808, stack(0x000000108c900000,0x000000108ca00000)]
  0x000001eaf6c27800 JavaThread "jar transforms Thread 80" [_thread_blocked, id=12052, stack(0x000000108ca00000,0x000000108cb00000)]
  0x000001eaf6c24000 JavaThread "jar transforms Thread 81" [_thread_blocked, id=10092, stack(0x000000108cb00000,0x000000108cc00000)]
  0x000001eaf6c28000 JavaThread "jar transforms Thread 82" [_thread_blocked, id=7936, stack(0x000000108cc00000,0x000000108cd00000)]
  0x000001eaf6c22800 JavaThread "jar transforms Thread 83" [_thread_blocked, id=15240, stack(0x000000108cd00000,0x000000108ce00000)]
  0x000001eaf6c2a800 JavaThread "jar transforms Thread 84" [_thread_blocked, id=12248, stack(0x000000108ce00000,0x000000108cf00000)]
  0x000001eaf6c2a000 JavaThread "jar transforms Thread 85" [_thread_blocked, id=8336, stack(0x000000108cf00000,0x000000108d000000)]
  0x000001eaf6c29000 JavaThread "jar transforms Thread 86" [_thread_blocked, id=5856, stack(0x000000108d000000,0x000000108d100000)]
  0x000001eaf6c2b800 JavaThread "jar transforms Thread 87" [_thread_blocked, id=12952, stack(0x000000108d100000,0x000000108d200000)]
  0x000001eaf6c2d000 JavaThread "jar transforms Thread 88" [_thread_blocked, id=14080, stack(0x000000108d200000,0x000000108d300000)]
  0x000001eaf6c2f800 JavaThread "jar transforms Thread 89" [_thread_blocked, id=4612, stack(0x000000108d300000,0x000000108d400000)]
  0x000001eaf6c2c800 JavaThread "jar transforms Thread 90" [_thread_blocked, id=10268, stack(0x000000108d400000,0x000000108d500000)]
  0x000001eaf6c2e000 JavaThread "jar transforms Thread 91" [_thread_blocked, id=11540, stack(0x000000108d500000,0x000000108d600000)]
  0x000001eaf6c30800 JavaThread "jar transforms Thread 92" [_thread_blocked, id=1712, stack(0x000000108d600000,0x000000108d700000)]
  0x000001eaf6c2e800 JavaThread "jar transforms Thread 93" [_thread_blocked, id=3104, stack(0x000000108d700000,0x000000108d800000)]
  0x000001eaf70ac800 JavaThread "jar transforms Thread 94" [_thread_blocked, id=12464, stack(0x000000108d800000,0x000000108d900000)]
  0x000001eaf70aa800 JavaThread "Cache worker for Build Output Cleanup Cache (C:\Users\xpmkm\Desktop\update_code_vezilla-server\codecanyon-L2GSbXtH-dairy-products-grocery-daily-milk-delivery-mobile-app-with-subscription-customer-app-delivery\test-vezilla-android-workspace\.gradle\buildOutputCleanup)" [_thread_blocked, id=14960, stack(0x000000108d900000,0x000000108da00000)]
  0x000001eaf5072000 JavaThread "C2 CompilerThread1" daemon [_thread_blocked, id=7688, stack(0x0000001086b00000,0x0000001086c00000)]
  0x000001eaf8c87800 JavaThread "C2 CompilerThread2" daemon [_thread_blocked, id=13508, stack(0x0000001087000000,0x0000001087100000)]
  0x000001eaf70a7800 JavaThread "Memory manager" [_thread_blocked, id=15628, stack(0x000000108da00000,0x000000108db00000)]
  0x000001eaf70ab800 JavaThread "Cache worker for file content cache (C:\Users\xpmkm\Desktop\update_code_vezilla-server\codecanyon-L2GSbXtH-dairy-products-grocery-daily-milk-delivery-mobile-app-with-subscription-customer-app-delivery\test-vezilla-android-workspace\.gradle\6.5\fileContent)" [_thread_blocked, id=14840, stack(0x000000108db00000,0x000000108dc00000)]
  0x000001eaf70ad000 JavaThread "Execution worker for ':'" [_thread_blocked, id=14096, stack(0x000000108dc00000,0x000000108dd00000)]
  0x000001eaf70ae000 JavaThread "Execution worker for ':' Thread 2" [_thread_blocked, id=14264, stack(0x000000108dd00000,0x000000108de00000)]
  0x000001eaf70a8000 JavaThread "Execution worker for ':' Thread 3" [_thread_blocked, id=14312, stack(0x000000108de00000,0x000000108df00000)]
  0x000001eaf70af000 JavaThread "Execution worker for ':' Thread 4" [_thread_blocked, id=8076, stack(0x000000108df00000,0x000000108e000000)]
  0x000001eaf70a9000 JavaThread "Execution worker for ':' Thread 5" [_thread_blocked, id=9292, stack(0x000000108e000000,0x000000108e100000)]
  0x000001eaf70b5800 JavaThread "Execution worker for ':' Thread 6" [_thread_blocked, id=7608, stack(0x000000108e100000,0x000000108e200000)]
  0x000001eaf70af800 JavaThread "Execution worker for ':' Thread 7" [_thread_blocked, id=14812, stack(0x000000108e200000,0x000000108e300000)]
  0x000001eaf70b4800 JavaThread "Cache worker for execution history cache (C:\Users\xpmkm\Desktop\update_code_vezilla-server\codecanyon-L2GSbXtH-dairy-products-grocery-daily-milk-delivery-mobile-app-with-subscription-customer-app-delivery\test-vezilla-android-workspace\.gradle\6.5\executionHistory)" [_thread_blocked, id=15876, stack(0x000000108e300000,0x000000108e400000)]

Other Threads:
=>0x000001eaf1d77800 VMThread "VM Thread" [stack: 0x0000001084900000,0x0000001084a00000] [id=15796]
  0x000001eaf2886000 WatcherThread [stack: 0x0000001085300000,0x0000001085400000] [id=6536]
  0x000001ead792c800 GCTaskThread "GC Thread#0" [stack: 0x0000001084400000,0x0000001084500000] [id=12960]
  0x000001eaf32e2800 GCTaskThread "GC Thread#1" [stack: 0x0000001085500000,0x0000001085600000] [id=1784]
  0x000001eaf3234800 GCTaskThread "GC Thread#2" [stack: 0x0000001085600000,0x0000001085700000] [id=6240]
  0x000001eaf46f7800 GCTaskThread "GC Thread#3" [stack: 0x0000001086300000,0x0000001086400000] [id=3668]
  0x000001eaf46cc000 GCTaskThread "GC Thread#4" [stack: 0x0000001086400000,0x0000001086500000] [id=1236]
  0x000001eaf40db000 GCTaskThread "GC Thread#5" [stack: 0x0000001086500000,0x0000001086600000] [id=14112]
  0x000001eaf3d87800 GCTaskThread "GC Thread#6" [stack: 0x0000001086600000,0x0000001086700000] [id=12228]
  0x000001eaf3d10000 GCTaskThread "GC Thread#7" [stack: 0x0000001086700000,0x0000001086800000] [id=4204]
  0x000001ead7960800 ConcurrentGCThread "G1 Main Marker" [stack: 0x0000001084500000,0x0000001084600000] [id=3336]
  0x000001ead7961800 ConcurrentGCThread "G1 Conc#0" [stack: 0x0000001084600000,0x0000001084700000] [id=1996]
  0x000001eaf3507800 ConcurrentGCThread "G1 Conc#1" [stack: 0x0000001086a00000,0x0000001086b00000] [id=5264]
  0x000001ead79ee800 ConcurrentGCThread "G1 Refine#0" [stack: 0x0000001084700000,0x0000001084800000] [id=8412]
  0x000001eaf1bc7800 ConcurrentGCThread "G1 Young RemSet Sampling" [stack: 0x0000001084800000,0x0000001084900000] [id=9268]

Threads with active compile tasks:
C2 CompilerThread0  20418 10768       4       org.gradle.internal.logging.console.BuildLogLevelFilterRenderer::onOutput (53 bytes)
C2 CompilerThread1  20418 10742   !   4       com.google.common.cache.LocalCache$Segment::storeLoadedValue (371 bytes)
C2 CompilerThread2  20418 10769       4       org.gradle.internal.logging.sink.ProgressLogEventGenerator::onOutput (72 bytes)

VM state:at safepoint (normal execution)

VM Mutex/Monitor currently owned by a thread:  ([mutex/lock_event])
[0x000001ead79101e0] Threads_lock - owner thread: 0x000001eaf1d77800
[0x000001ead79113e0] Heap_lock - owner thread: 0x000001eaf81b7800

Heap address: 0x0000000080000000, size: 2048 MB, Compressed Oops mode: 32-bit
Narrow klass base: 0x0000000000000000, Narrow klass shift: 3
Compressed class space size: 1073741824 Address: 0x0000000100000000

Heap:
 garbage-first heap   total 187392K, used 92328K [0x0000000080000000, 0x0000000100000000)
  region size 1024K, 1 young (1024K), 1 survivors (1024K)
 Metaspace       used 76793K, capacity 79004K, committed 79056K, reserved 1118208K
  class space    used 9827K, capacity 10579K, committed 10624K, reserved 1048576K
Heap Regions: E=young(eden), S=young(survivor), O=old, HS=humongous(starts), HC=humongous(continues), CS=collection set, F=free, A=archive, TAMS=top-at-mark-start (previous, next)
|   0|0x0000000080000000, 0x0000000080100000, 0x0000000080100000|100%|HS|  |TAMS 0x0000000080100000, 0x0000000080000000| Complete 
|   1|0x0000000080100000, 0x0000000080200000, 0x0000000080200000|100%| O|  |TAMS 0x0000000080200000, 0x0000000080100000| Untracked 
|   2|0x0000000080200000, 0x0000000080300000, 0x0000000080300000|100%| O|  |TAMS 0x0000000080300000, 0x0000000080200000| Untracked 
|   3|0x0000000080300000, 0x0000000080400000, 0x0000000080400000|100%|HS|  |TAMS 0x0000000080400000, 0x0000000080300000| Complete 
|   4|0x0000000080400000, 0x0000000080500000, 0x0000000080500000|100%|HC|  |TAMS 0x0000000080500000, 0x0000000080400000| Complete 
|   5|0x0000000080500000, 0x0000000080600000, 0x0000000080600000|100%|HC|  |TAMS 0x0000000080600000, 0x0000000080500000| Complete 
|   6|0x0000000080600000, 0x0000000080700000, 0x0000000080700000|100%| O|  |TAMS 0x0000000080700000, 0x0000000080600000| Untracked 
|   7|0x0000000080700000, 0x0000000080800000, 0x0000000080800000|100%| O|  |TAMS 0x0000000080800000, 0x0000000080700000| Untracked 
|   8|0x0000000080800000, 0x0000000080900000, 0x0000000080900000|100%| O|  |TAMS 0x0000000080900000, 0x0000000080800000| Untracked 
|   9|0x0000000080900000, 0x0000000080a00000, 0x0000000080a00000|100%| O|  |TAMS 0x0000000080a00000, 0x0000000080900000| Untracked 
|  10|0x0000000080a00000, 0x0000000080b00000, 0x0000000080b00000|100%| O|  |TAMS 0x0000000080b00000, 0x0000000080a00000| Complete 
|  11|0x0000000080b00000, 0x0000000080c00000, 0x0000000080c00000|100%| O|  |TAMS 0x0000000080c00000, 0x0000000080b00000| Untracked 
|  12|0x0000000080c00000, 0x0000000080d00000, 0x0000000080d00000|100%| O|  |TAMS 0x0000000080d00000, 0x0000000080c00000| Untracked 
|  13|0x0000000080d00000, 0x0000000080e00000, 0x0000000080e00000|100%| O|  |TAMS 0x0000000080e00000, 0x0000000080d00000| Untracked 
|  14|0x0000000080e00000, 0x0000000080f00000, 0x0000000080f00000|100%| O|  |TAMS 0x0000000080f00000, 0x0000000080e00000| Untracked 
|  15|0x0000000080f00000, 0x0000000081000000, 0x0000000081000000|100%| O|  |TAMS 0x0000000081000000, 0x0000000080f00000| Untracked 
|  16|0x0000000081000000, 0x0000000081100000, 0x0000000081100000|100%| O|  |TAMS 0x0000000081100000, 0x0000000081000000| Untracked 
|  17|0x0000000081100000, 0x0000000081200000, 0x0000000081200000|100%| O|  |TAMS 0x0000000081200000, 0x0000000081100000| Untracked 
|  18|0x0000000081200000, 0x0000000081300000, 0x0000000081300000|100%| O|  |TAMS 0x0000000081300000, 0x0000000081200000| Untracked 
|  19|0x0000000081300000, 0x0000000081400000, 0x0000000081400000|100%| O|  |TAMS 0x0000000081400000, 0x0000000081300000| Untracked 
|  20|0x0000000081400000, 0x0000000081500000, 0x0000000081500000|100%| O|  |TAMS 0x0000000081500000, 0x0000000081400000| Untracked 
|  21|0x0000000081500000, 0x0000000081600000, 0x0000000081600000|100%| O|  |TAMS 0x0000000081600000, 0x0000000081500000| Complete 
|  22|0x0000000081600000, 0x0000000081700000, 0x0000000081700000|100%| O|  |TAMS 0x0000000081700000, 0x0000000081600000| Complete 
|  23|0x0000000081700000, 0x0000000081800000, 0x0000000081800000|100%|HS|  |TAMS 0x0000000081800000, 0x0000000081700000| Complete 
|  24|0x0000000081800000, 0x0000000081900000, 0x0000000081900000|100%|HC|  |TAMS 0x0000000081900000, 0x0000000081800000| Complete 
|  25|0x0000000081900000, 0x0000000081a00000, 0x0000000081a00000|100%| O|  |TAMS 0x0000000081a00000, 0x0000000081900000| Untracked 
|  26|0x0000000081a00000, 0x0000000081b00000, 0x0000000081b00000|100%| O|  |TAMS 0x0000000081b00000, 0x0000000081a00000| Untracked 
|  27|0x0000000081b00000, 0x0000000081c00000, 0x0000000081c00000|100%| O|  |TAMS 0x0000000081c00000, 0x0000000081b00000| Untracked 
|  28|0x0000000081c00000, 0x0000000081d00000, 0x0000000081d00000|100%| O|  |TAMS 0x0000000081d00000, 0x0000000081c00000| Untracked 
|  29|0x0000000081d00000, 0x0000000081e00000, 0x0000000081e00000|100%| O|  |TAMS 0x0000000081e00000, 0x0000000081d00000| Untracked 
|  30|0x0000000081e00000, 0x0000000081f00000, 0x0000000081f00000|100%| O|  |TAMS 0x0000000081f00000, 0x0000000081e00000| Complete 
|  31|0x0000000081f00000, 0x0000000082000000, 0x0000000082000000|100%| O|  |TAMS 0x0000000082000000, 0x0000000081f00000| Complete 
|  32|0x0000000082000000, 0x0000000082100000, 0x0000000082100000|100%| O|  |TAMS 0x0000000082100000, 0x0000000082000000| Untracked 
|  33|0x0000000082100000, 0x0000000082200000, 0x0000000082200000|100%| O|  |TAMS 0x0000000082200000, 0x0000000082100000| Complete 
|  34|0x0000000082200000, 0x0000000082300000, 0x0000000082300000|100%| O|  |TAMS 0x0000000082300000, 0x0000000082200000| Untracked 
|  35|0x0000000082300000, 0x0000000082400000, 0x0000000082400000|100%| O|  |TAMS 0x0000000082400000, 0x0000000082300000| Untracked 
|  36|0x0000000082400000, 0x0000000082500000, 0x0000000082500000|100%| O|  |TAMS 0x0000000082500000, 0x0000000082400000| Untracked 
|  37|0x0000000082500000, 0x0000000082600000, 0x0000000082600000|100%| O|  |TAMS 0x0000000082600000, 0x0000000082500000| Untracked 
|  38|0x0000000082600000, 0x0000000082700000, 0x0000000082700000|100%| O|  |TAMS 0x0000000082700000, 0x0000000082600000| Complete 
|  39|0x0000000082700000, 0x0000000082800000, 0x0000000082800000|100%| O|  |TAMS 0x0000000082800000, 0x0000000082700000| Complete 
|  40|0x0000000082800000, 0x0000000082900000, 0x0000000082900000|100%| O|  |TAMS 0x0000000082900000, 0x0000000082800000| Untracked 
|  41|0x0000000082900000, 0x0000000082a00000, 0x0000000082a00000|100%| O|  |TAMS 0x0000000082a00000, 0x0000000082900000| Untracked 
|  42|0x0000000082a00000, 0x0000000082b00000, 0x0000000082b00000|100%| O|  |TAMS 0x0000000082b00000, 0x0000000082a00000| Complete 
|  43|0x0000000082b00000, 0x0000000082c00000, 0x0000000082c00000|100%| O|  |TAMS 0x0000000082c00000, 0x0000000082b00000| Untracked 
|  44|0x0000000082c00000, 0x0000000082d00000, 0x0000000082d00000|100%| O|  |TAMS 0x0000000082d00000, 0x0000000082c00000| Untracked 
|  45|0x0000000082d00000, 0x0000000082e00000, 0x0000000082e00000|100%| O|  |TAMS 0x0000000082e00000, 0x0000000082d00000| Untracked 
|  46|0x0000000082e00000, 0x0000000082f00000, 0x0000000082f00000|100%| O|  |TAMS 0x0000000082f00000, 0x0000000082e00000| Untracked 
|  47|0x0000000082f00000, 0x0000000083000000, 0x0000000083000000|100%| O|  |TAMS 0x0000000083000000, 0x0000000082f00000| Untracked 
|  48|0x0000000083000000, 0x0000000083100000, 0x0000000083100000|100%| O|  |TAMS 0x0000000083100000, 0x0000000083000000| Untracked 
|  49|0x0000000083100000, 0x0000000083200000, 0x0000000083200000|100%| O|  |TAMS 0x0000000083200000, 0x0000000083100000| Untracked 
|  50|0x0000000083200000, 0x0000000083300000, 0x0000000083300000|100%| O|  |TAMS 0x0000000083300000, 0x0000000083200000| Untracked 
|  51|0x0000000083300000, 0x0000000083400000, 0x0000000083400000|100%| O|  |TAMS 0x0000000083400000, 0x0000000083300000| Untracked 
|  52|0x0000000083400000, 0x0000000083500000, 0x0000000083500000|100%| O|  |TAMS 0x0000000083500000, 0x0000000083400000| Untracked 
|  53|0x0000000083500000, 0x0000000083600000, 0x0000000083600000|100%| O|  |TAMS 0x0000000083600000, 0x0000000083500000| Untracked 
|  54|0x0000000083600000, 0x0000000083700000, 0x0000000083700000|100%| O|  |TAMS 0x0000000083700000, 0x0000000083600000| Complete 
|  55|0x0000000083700000, 0x0000000083800000, 0x0000000083800000|100%| O|  |TAMS 0x0000000083800000, 0x0000000083700000| Untracked 
|  56|0x0000000083800000, 0x0000000083900000, 0x0000000083900000|100%| O|  |TAMS 0x0000000083900000, 0x0000000083800000| Untracked 
|  57|0x0000000083900000, 0x0000000083a00000, 0x0000000083a00000|100%| O|  |TAMS 0x0000000083a00000, 0x0000000083900000| Untracked 
|  58|0x0000000083a00000, 0x0000000083a00000, 0x0000000083b00000|  0%| F|  |TAMS 0x0000000083a00000, 0x0000000083a00000| Untracked 
|  59|0x0000000083b00000, 0x0000000083c00000, 0x0000000083c00000|100%| O|  |TAMS 0x0000000083b00000, 0x0000000083b00000| Untracked 
|  60|0x0000000083c00000, 0x0000000083d00000, 0x0000000083d00000|100%| O|  |TAMS 0x0000000083d00000, 0x0000000083c00000| Untracked 
|  61|0x0000000083d00000, 0x0000000083e00000, 0x0000000083e00000|100%| O|  |TAMS 0x0000000083e00000, 0x0000000083d00000| Untracked 
|  62|0x0000000083e00000, 0x0000000083f00000, 0x0000000083f00000|100%| O|  |TAMS 0x0000000083f00000, 0x0000000083e00000| Untracked 
|  63|0x0000000083f00000, 0x0000000084000000, 0x0000000084000000|100%| O|  |TAMS 0x0000000084000000, 0x0000000083f00000| Untracked 
|  64|0x0000000084000000, 0x0000000084100000, 0x0000000084100000|100%| O|  |TAMS 0x0000000084100000, 0x0000000084000000| Untracked 
|  65|0x0000000084100000, 0x0000000084200000, 0x0000000084200000|100%| O|  |TAMS 0x0000000084200000, 0x0000000084100000| Untracked 
|  66|0x0000000084200000, 0x0000000084300000, 0x0000000084300000|100%| O|  |TAMS 0x0000000084300000, 0x0000000084200000| Untracked 
|  67|0x0000000084300000, 0x0000000084400000, 0x0000000084400000|100%| O|  |TAMS 0x0000000084400000, 0x0000000084300000| Complete 
|  68|0x0000000084400000, 0x0000000084500000, 0x0000000084500000|100%| O|  |TAMS 0x0000000084500000, 0x0000000084400000| Complete 
|  69|0x0000000084500000, 0x0000000084600000, 0x0000000084600000|100%| O|  |TAMS 0x0000000084600000, 0x0000000084500000| Complete 
|  70|0x0000000084600000, 0x0000000084700000, 0x0000000084700000|100%| O|  |TAMS 0x0000000084700000, 0x0000000084600000| Complete 
|  71|0x0000000084700000, 0x0000000084800000, 0x0000000084800000|100%| O|  |TAMS 0x0000000084800000, 0x0000000084700000| Complete 
|  72|0x0000000084800000, 0x0000000084900000, 0x0000000084900000|100%| O|  |TAMS 0x0000000084900000, 0x0000000084800000| Complete 
|  73|0x0000000084900000, 0x0000000084a00000, 0x0000000084a00000|100%| O|  |TAMS 0x0000000084a00000, 0x0000000084900000| Untracked 
|  74|0x0000000084a00000, 0x0000000084b00000, 0x0000000084b00000|100%| O|  |TAMS 0x0000000084b00000, 0x0000000084a00000| Untracked 
|  75|0x0000000084b00000, 0x0000000084c00000, 0x0000000084c00000|100%| O|  |TAMS 0x0000000084c00000, 0x0000000084b00000| Complete 
|  76|0x0000000084c00000, 0x0000000084c00000, 0x0000000084d00000|  0%| F|  |TAMS 0x0000000084c00000, 0x0000000084c00000| Untracked 
|  77|0x0000000084d00000, 0x0000000084e00000, 0x0000000084e00000|100%| O|  |TAMS 0x0000000084e00000, 0x0000000084d00000| Untracked 
|  78|0x0000000084e00000, 0x0000000084f00000, 0x0000000084f00000|100%| O|  |TAMS 0x0000000084f00000, 0x0000000084e00000| Untracked 
|  79|0x0000000084f00000, 0x0000000085000000, 0x0000000085000000|100%| O|  |TAMS 0x0000000085000000, 0x0000000084f00000| Complete 
|  80|0x0000000085000000, 0x0000000085000000, 0x0000000085100000|  0%| F|  |TAMS 0x0000000085000000, 0x0000000085000000| Untracked 
|  81|0x0000000085100000, 0x0000000085200000, 0x0000000085200000|100%| O|  |TAMS 0x0000000085200000, 0x0000000085100000| Complete 
|  82|0x0000000085200000, 0x0000000085300000, 0x0000000085300000|100%| O|  |TAMS 0x0000000085300000, 0x0000000085200000| Untracked 
|  83|0x0000000085300000, 0x0000000085400000, 0x0000000085400000|100%| O|  |TAMS 0x0000000085400000, 0x0000000085300000| Complete 
|  84|0x0000000085400000, 0x0000000085500000, 0x0000000085500000|100%| O|  |TAMS 0x0000000085500000, 0x0000000085400000| Complete 
|  85|0x0000000085500000, 0x0000000085600000, 0x0000000085600000|100%| O|  |TAMS 0x0000000085600000, 0x0000000085500000| Complete 
|  86|0x0000000085600000, 0x0000000085700000, 0x0000000085700000|100%| O|  |TAMS 0x0000000085700000, 0x0000000085600000| Untracked 
|  87|0x0000000085700000, 0x0000000085800000, 0x0000000085800000|100%| O|  |TAMS 0x0000000085730200, 0x0000000085700000| Untracked 
|  88|0x0000000085800000, 0x0000000085900000, 0x0000000085900000|100%| O|  |TAMS 0x0000000085800000, 0x0000000085800000| Untracked 
|  89|0x0000000085900000, 0x0000000085a00000, 0x0000000085a00000|100%| O|  |TAMS 0x0000000085900000, 0x0000000085900000| Untracked 
|  90|0x0000000085a00000, 0x0000000085b00000, 0x0000000085b00000|100%| O|  |TAMS 0x0000000085a00000, 0x0000000085a00000| Untracked 
|  91|0x0000000085b00000, 0x0000000085c00000, 0x0000000085c00000|100%| O|  |TAMS 0x0000000085b00000, 0x0000000085b00000| Untracked 
|  92|0x0000000085c00000, 0x0000000085c84600, 0x0000000085d00000| 51%| O|  |TAMS 0x0000000085c00000, 0x0000000085c00000| Untracked 
|  93|0x0000000085d00000, 0x0000000085d00000, 0x0000000085e00000|  0%| F|  |TAMS 0x0000000085d00000, 0x0000000085d00000| Untracked 
|  94|0x0000000085e00000, 0x0000000085e00000, 0x0000000085f00000|  0%| F|  |TAMS 0x0000000085e00000, 0x0000000085e00000| Untracked 
|  95|0x0000000085f00000, 0x0000000085f00000, 0x0000000086000000|  0%| F|  |TAMS 0x0000000085f00000, 0x0000000085f00000| Untracked 
|  96|0x0000000086000000, 0x0000000086000000, 0x0000000086100000|  0%| F|  |TAMS 0x0000000086000000, 0x0000000086000000| Untracked 
|  97|0x0000000086100000, 0x0000000086100000, 0x0000000086200000|  0%| F|  |TAMS 0x0000000086100000, 0x0000000086100000| Untracked 
|  98|0x0000000086200000, 0x0000000086200000, 0x0000000086300000|  0%| F|  |TAMS 0x0000000086200000, 0x0000000086200000| Untracked 
|  99|0x0000000086300000, 0x0000000086300000, 0x0000000086400000|  0%| F|  |TAMS 0x0000000086300000, 0x0000000086300000| Untracked 
| 100|0x0000000086400000, 0x0000000086400000, 0x0000000086500000|  0%| F|  |TAMS 0x0000000086400000, 0x0000000086400000| Untracked 
| 101|0x0000000086500000, 0x0000000086500000, 0x0000000086600000|  0%| F|  |TAMS 0x0000000086500000, 0x0000000086500000| Untracked 
| 102|0x0000000086600000, 0x0000000086600000, 0x0000000086700000|  0%| F|  |TAMS 0x0000000086600000, 0x0000000086600000| Untracked 
| 103|0x0000000086700000, 0x0000000086700000, 0x0000000086800000|  0%| F|  |TAMS 0x0000000086700000, 0x0000000086700000| Untracked 
| 104|0x0000000086800000, 0x0000000086800000, 0x0000000086900000|  0%| F|  |TAMS 0x0000000086800000, 0x0000000086800000| Untracked 
| 105|0x0000000086900000, 0x0000000086900000, 0x0000000086a00000|  0%| F|  |TAMS 0x0000000086900000, 0x0000000086900000| Untracked 
| 106|0x0000000086a00000, 0x0000000086a00000, 0x0000000086b00000|  0%| F|  |TAMS 0x0000000086a00000, 0x0000000086a00000| Untracked 
| 107|0x0000000086b00000, 0x0000000086b00000, 0x0000000086c00000|  0%| F|  |TAMS 0x0000000086b00000, 0x0000000086b00000| Untracked 
| 108|0x0000000086c00000, 0x0000000086c00000, 0x0000000086d00000|  0%| F|  |TAMS 0x0000000086c00000, 0x0000000086c00000| Untracked 
| 109|0x0000000086d00000, 0x0000000086d00000, 0x0000000086e00000|  0%| F|  |TAMS 0x0000000086d00000, 0x0000000086d00000| Untracked 
| 110|0x0000000086e00000, 0x0000000086e00000, 0x0000000086f00000|  0%| F|  |TAMS 0x0000000086e00000, 0x0000000086e00000| Untracked 
| 111|0x0000000086f00000, 0x0000000086f00000, 0x0000000087000000|  0%| F|  |TAMS 0x0000000086f00000, 0x0000000086f00000| Untracked 
| 112|0x0000000087000000, 0x0000000087000000, 0x0000000087100000|  0%| F|  |TAMS 0x0000000087000000, 0x0000000087000000| Untracked 
| 113|0x0000000087100000, 0x0000000087100000, 0x0000000087200000|  0%| F|  |TAMS 0x0000000087100000, 0x0000000087100000| Untracked 
| 114|0x0000000087200000, 0x0000000087200000, 0x0000000087300000|  0%| F|  |TAMS 0x0000000087200000, 0x0000000087200000| Untracked 
| 115|0x0000000087300000, 0x0000000087300000, 0x0000000087400000|  0%| F|  |TAMS 0x0000000087300000, 0x0000000087300000| Untracked 
| 116|0x0000000087400000, 0x0000000087400000, 0x0000000087500000|  0%| F|  |TAMS 0x0000000087400000, 0x0000000087400000| Untracked 
| 117|0x0000000087500000, 0x0000000087500000, 0x0000000087600000|  0%| F|  |TAMS 0x0000000087500000, 0x0000000087500000| Untracked 
| 118|0x0000000087600000, 0x0000000087600000, 0x0000000087700000|  0%| F|  |TAMS 0x0000000087600000, 0x0000000087600000| Untracked 
| 119|0x0000000087700000, 0x0000000087700000, 0x0000000087800000|  0%| F|  |TAMS 0x0000000087700000, 0x0000000087700000| Untracked 
| 120|0x0000000087800000, 0x0000000087800000, 0x0000000087900000|  0%| F|  |TAMS 0x0000000087800000, 0x0000000087800000| Untracked 
| 121|0x0000000087900000, 0x0000000087900000, 0x0000000087a00000|  0%| F|  |TAMS 0x0000000087900000, 0x0000000087900000| Untracked 
| 122|0x0000000087a00000, 0x0000000087a00000, 0x0000000087b00000|  0%| F|  |TAMS 0x0000000087a00000, 0x0000000087a00000| Untracked 
| 123|0x0000000087b00000, 0x0000000087b00000, 0x0000000087c00000|  0%| F|  |TAMS 0x0000000087b00000, 0x0000000087b00000| Untracked 
| 124|0x0000000087c00000, 0x0000000087c00000, 0x0000000087d00000|  0%| F|  |TAMS 0x0000000087c00000, 0x0000000087c00000| Untracked 
| 125|0x0000000087d00000, 0x0000000087d00000, 0x0000000087e00000|  0%| F|  |TAMS 0x0000000087d00000, 0x0000000087d00000| Untracked 
| 126|0x0000000087e00000, 0x0000000087e00000, 0x0000000087f00000|  0%| F|  |TAMS 0x0000000087e00000, 0x0000000087e00000| Untracked 
| 127|0x0000000087f00000, 0x0000000087f00000, 0x0000000088000000|  0%| F|  |TAMS 0x0000000087f00000, 0x0000000087f00000| Untracked 
| 128|0x0000000088000000, 0x0000000088000000, 0x0000000088100000|  0%| F|  |TAMS 0x0000000088000000, 0x0000000088000000| Untracked 
| 129|0x0000000088100000, 0x0000000088100000, 0x0000000088200000|  0%| F|  |TAMS 0x0000000088100000, 0x0000000088100000| Untracked 
| 130|0x0000000088200000, 0x0000000088200000, 0x0000000088300000|  0%| F|  |TAMS 0x0000000088200000, 0x0000000088200000| Untracked 
| 131|0x0000000088300000, 0x0000000088300000, 0x0000000088400000|  0%| F|  |TAMS 0x0000000088300000, 0x0000000088300000| Untracked 
| 132|0x0000000088400000, 0x0000000088400000, 0x0000000088500000|  0%| F|  |TAMS 0x0000000088400000, 0x0000000088400000| Untracked 
| 133|0x0000000088500000, 0x0000000088500000, 0x0000000088600000|  0%| F|  |TAMS 0x0000000088500000, 0x0000000088500000| Untracked 
| 134|0x0000000088600000, 0x0000000088600000, 0x0000000088700000|  0%| F|  |TAMS 0x0000000088600000, 0x0000000088600000| Untracked 
| 135|0x0000000088700000, 0x0000000088700000, 0x0000000088800000|  0%| F|  |TAMS 0x0000000088700000, 0x0000000088700000| Untracked 
| 136|0x0000000088800000, 0x0000000088800000, 0x0000000088900000|  0%| F|  |TAMS 0x0000000088800000, 0x0000000088800000| Untracked 
| 137|0x0000000088900000, 0x0000000088900000, 0x0000000088a00000|  0%| F|  |TAMS 0x0000000088900000, 0x0000000088900000| Untracked 
| 138|0x0000000088a00000, 0x0000000088a00000, 0x0000000088b00000|  0%| F|  |TAMS 0x0000000088a00000, 0x0000000088a00000| Untracked 
| 139|0x0000000088b00000, 0x0000000088b00000, 0x0000000088c00000|  0%| F|  |TAMS 0x0000000088b00000, 0x0000000088b00000| Untracked 
| 140|0x0000000088c00000, 0x0000000088c00000, 0x0000000088d00000|  0%| F|  |TAMS 0x0000000088c00000, 0x0000000088c00000| Untracked 
| 141|0x0000000088d00000, 0x0000000088d00000, 0x0000000088e00000|  0%| F|  |TAMS 0x0000000088d00000, 0x0000000088d00000| Untracked 
| 142|0x0000000088e00000, 0x0000000088e00000, 0x0000000088f00000|  0%| F|  |TAMS 0x0000000088e00000, 0x0000000088e00000| Untracked 
| 143|0x0000000088f00000, 0x0000000088f00000, 0x0000000089000000|  0%| F|  |TAMS 0x0000000088f00000, 0x0000000088f00000| Untracked 
| 144|0x0000000089000000, 0x0000000089000000, 0x0000000089100000|  0%| F|  |TAMS 0x0000000089000000, 0x0000000089000000| Untracked 
| 145|0x0000000089100000, 0x0000000089100000, 0x0000000089200000|  0%| F|  |TAMS 0x0000000089100000, 0x0000000089100000| Untracked 
| 146|0x0000000089200000, 0x0000000089200000, 0x0000000089300000|  0%| F|  |TAMS 0x0000000089200000, 0x0000000089200000| Untracked 
| 147|0x0000000089300000, 0x00000000893a5dc0, 0x0000000089400000| 64%| S|CS|TAMS 0x0000000089300000, 0x0000000089300000| Complete 
| 148|0x0000000089400000, 0x0000000089400000, 0x0000000089500000|  0%| F|  |TAMS 0x0000000089400000, 0x0000000089400000| Untracked 
| 149|0x0000000089500000, 0x0000000089500000, 0x0000000089600000|  0%| F|  |TAMS 0x0000000089500000, 0x0000000089500000| Untracked 
| 150|0x0000000089600000, 0x0000000089600000, 0x0000000089700000|  0%| F|  |TAMS 0x0000000089600000, 0x0000000089600000| Untracked 
| 151|0x0000000089700000, 0x0000000089700000, 0x0000000089800000|  0%| F|  |TAMS 0x0000000089700000, 0x0000000089700000| Untracked 

Card table byte_map: [0x000001eaeab30000,0x000001eaeaf30000] _byte_map_base: 0x000001eaea730000

Marking Bits (Prev, Next): (CMBitMap*) 0x000001ead7957780, (CMBitMap*) 0x000001ead7957748
 Prev Bits: [0x000001eaed330000, 0x000001eaef330000)
 Next Bits: [0x000001eaeb330000, 0x000001eaed330000)

Polling page: 0x000001ead5900000

Metaspace:

Usage:
  Non-class:     66.82 MB capacity,    65.40 MB ( 98%) used,     1.22 MB (  2%) free+waste,   204.81 KB ( <1%) overhead. 
      Class:     10.33 MB capacity,     9.60 MB ( 93%) used,   658.64 KB (  6%) free+waste,    93.00 KB ( <1%) overhead. 
       Both:     77.15 MB capacity,    74.99 MB ( 97%) used,     1.87 MB (  2%) free+waste,   297.81 KB ( <1%) overhead. 

Virtual space:
  Non-class space:       68.00 MB reserved,      66.83 MB ( 98%) committed 
      Class space:        1.00 GB reserved,      10.38 MB (  1%) committed 
             Both:        1.07 GB reserved,      77.20 MB (  7%) committed 

Chunk freelists:
   Non-Class:  7.00 KB
       Class:  13.00 KB
        Both:  20.00 KB

MaxMetaspaceSize: 17179869184.00 GB
CompressedClassSpaceSize: 1.00 GB

CodeHeap 'non-profiled nmethods': size=120000Kb used=6696Kb max_used=6696Kb free=113303Kb
 bounds [0x000001eae2ed0000, 0x000001eae3560000, 0x000001eaea400000]
CodeHeap 'profiled nmethods': size=120000Kb used=23658Kb max_used=23658Kb free=96341Kb
 bounds [0x000001eadb9a0000, 0x000001eadd0c0000, 0x000001eae2ed0000]
CodeHeap 'non-nmethods': size=5760Kb used=2252Kb max_used=2337Kb free=3507Kb
 bounds [0x000001eadb400000, 0x000001eadb670000, 0x000001eadb9a0000]
 total_blobs=11486 nmethods=10646 adapters=751
 compilation: enabled
              stopped_count=0, restarted_count=0
 full_count=0

Compilation events (20 events):
Event: 20.326 Thread 0x000001eaf26fa000 nmethod 10744 0x000001eae3556090 code [0x000001eae3556240, 0x000001eae35562e8]
Event: 20.326 Thread 0x000001eaf26fa000 10746       4       java.nio.ByteBuffer::flip (7 bytes)
Event: 20.326 Thread 0x000001eaf26ff000 10765       3       java.util.concurrent.ConcurrentLinkedQueue$Node::casItem (10 bytes)
Event: 20.327 Thread 0x000001eaf26fa000 nmethod 10746 0x000001eae3556410 code [0x000001eae35565a0, 0x000001eae3556618]
Event: 20.327 Thread 0x000001eaf26fa000 10740       4       com.google.common.collect.ImmutableMultimap$EntryCollection::iterator (5 bytes)
Event: 20.327 Thread 0x000001eaf26ff000 nmethod 10765 0x000001eadd0b5190 code [0x000001eadd0b5420, 0x000001eadd0b5e78]
Event: 20.328 Thread 0x000001eaf26ff000 10766       3       java.util.concurrent.ConcurrentLinkedQueue::poll (84 bytes)
Event: 20.332 Thread 0x000001eaf8c87800 nmethod 10764 0x000001eae3556690 code [0x000001eae35568a0, 0x000001eae3557468]
Event: 20.332 Thread 0x000001eaf8c87800 10738       4       org.gradle.internal.Try$Success::map (14 bytes)
Event: 20.333 Thread 0x000001eaf26ff000 nmethod 10766 0x000001eadd0b6210 code [0x000001eadd0b6840, 0x000001eadd0b9ae8]
Event: 20.334 Thread 0x000001eaf8c87800 nmethod 10738 0x000001eae3557a90 code [0x000001eae3557c40, 0x000001eae3557e28]
Event: 20.334 Thread 0x000001eaf8c87800 10743       4       com.google.common.cache.LocalCache$LoadingValueReference::notifyNewValue (21 bytes)
Event: 20.343 Thread 0x000001eaf8c87800 nmethod 10743 0x000001eae3557f90 code [0x000001eae3558140, 0x000001eae3558588]
Event: 20.343 Thread 0x000001eaf8c87800 10767   !   4       sun.nio.ch.SocketChannelImpl::endWrite (49 bytes)
Event: 20.344 Thread 0x000001eaf8c87800 nmethod 10767 0x000001eae3558810 code [0x000001eae35589a0, 0x000001eae3558a18]
Event: 20.344 Thread 0x000001eaf8c87800 10734       4       org.gradle.internal.logging.events.ProgressStartEvent::<init> (74 bytes)
Event: 20.347 Thread 0x000001eaf26fa000 nmethod 10740 0x000001eae3558a90 code [0x000001eae3558c80, 0x000001eae3559538]
Event: 20.347 Thread 0x000001eaf26fa000 10768       4       org.gradle.internal.logging.console.BuildLogLevelFilterRenderer::onOutput (53 bytes)
Event: 20.360 Thread 0x000001eaf8c87800 nmethod 10734 0x000001eae3559910 code [0x000001eae3559aa0, 0x000001eae355a258]
Event: 20.360 Thread 0x000001eaf8c87800 10769       4       org.gradle.internal.logging.sink.ProgressLogEventGenerator::onOutput (72 bytes)

GC Heap History (20 events):
Event: 16.879 GC heap after
{Heap after GC invocations=19 (full 0):
 garbage-first heap   total 155648K, used 75277K [0x0000000080000000, 0x0000000100000000)
  region size 1024K, 6 young (6144K), 6 survivors (6144K)
 Metaspace       used 75995K, capacity 78129K, committed 78288K, reserved 1118208K
  class space    used 9776K, capacity 10533K, committed 10624K, reserved 1048576K
}
Event: 17.012 GC heap before
{Heap before GC invocations=19 (full 0):
 garbage-first heap   total 155648K, used 81421K [0x0000000080000000, 0x0000000100000000)
  region size 1024K, 13 young (13312K), 6 survivors (6144K)
 Metaspace       used 76052K, capacity 78143K, committed 78288K, reserved 1118208K
  class space    used 9777K, capacity 10534K, committed 10624K, reserved 1048576K
}
Event: 17.018 GC heap after
{Heap after GC invocations=20 (full 0):
 garbage-first heap   total 155648K, used 75605K [0x0000000080000000, 0x0000000100000000)
  region size 1024K, 2 young (2048K), 2 survivors (2048K)
 Metaspace       used 76052K, capacity 78143K, committed 78288K, reserved 1118208K
  class space    used 9777K, capacity 10534K, committed 10624K, reserved 1048576K
}
Event: 17.652 GC heap before
{Heap before GC invocations=21 (full 0):
 garbage-first heap   total 155648K, used 128853K [0x0000000080000000, 0x0000000100000000)
  region size 1024K, 51 young (52224K), 2 survivors (2048K)
 Metaspace       used 76168K, capacity 78245K, committed 78544K, reserved 1118208K
  class space    used 9770K, capacity 10514K, committed 10624K, reserved 1048576K
}
Event: 17.662 GC heap after
{Heap after GC invocations=22 (full 0):
 garbage-first heap   total 155648K, used 79606K [0x0000000080000000, 0x0000000100000000)
  region size 1024K, 6 young (6144K), 6 survivors (6144K)
 Metaspace       used 76168K, capacity 78245K, committed 78544K, reserved 1118208K
  class space    used 9770K, capacity 10514K, committed 10624K, reserved 1048576K
}
Event: 17.732 GC heap before
{Heap before GC invocations=22 (full 0):
 garbage-first heap   total 155648K, used 80630K [0x0000000080000000, 0x0000000100000000)
  region size 1024K, 9 young (9216K), 6 survivors (6144K)
 Metaspace       used 76205K, capacity 78390K, committed 78544K, reserved 1118208K
  class space    used 9772K, capacity 10517K, committed 10624K, reserved 1048576K
}
Event: 17.742 GC heap after
{Heap after GC invocations=23 (full 0):
 garbage-first heap   total 155648K, used 79955K [0x0000000080000000, 0x0000000100000000)
  region size 1024K, 1 young (1024K), 1 survivors (1024K)
 Metaspace       used 76205K, capacity 78390K, committed 78544K, reserved 1118208K
  class space    used 9772K, capacity 10517K, committed 10624K, reserved 1048576K
}
Event: 18.299 GC heap before
{Heap before GC invocations=24 (full 0):
 garbage-first heap   total 155648K, used 128083K [0x0000000080000000, 0x0000000100000000)
  region size 1024K, 48 young (49152K), 1 survivors (1024K)
 Metaspace       used 76312K, capacity 78505K, committed 78800K, reserved 1118208K
  class space    used 9777K, capacity 10523K, committed 10624K, reserved 1048576K
}
Event: 18.307 GC heap after
{Heap after GC invocations=25 (full 0):
 garbage-first heap   total 155648K, used 84825K [0x0000000080000000, 0x0000000100000000)
  region size 1024K, 6 young (6144K), 6 survivors (6144K)
 Metaspace       used 76312K, capacity 78505K, committed 78800K, reserved 1118208K
  class space    used 9777K, capacity 10523K, committed 10624K, reserved 1048576K
}
Event: 18.612 GC heap before
{Heap before GC invocations=25 (full 0):
 garbage-first heap   total 155648K, used 101209K [0x0000000080000000, 0x0000000100000000)
  region size 1024K, 24 young (24576K), 6 survivors (6144K)
 Metaspace       used 76470K, capacity 78646K, committed 78800K, reserved 1118208K
  class space    used 9784K, capacity 10525K, committed 10624K, reserved 1048576K
}
Event: 18.624 GC heap after
{Heap after GC invocations=26 (full 0):
 garbage-first heap   total 155648K, used 85884K [0x0000000080000000, 0x0000000100000000)
  region size 1024K, 2 young (2048K), 2 survivors (2048K)
 Metaspace       used 76470K, capacity 78646K, committed 78800K, reserved 1118208K
  class space    used 9784K, capacity 10525K, committed 10624K, reserved 1048576K
}
Event: 19.276 GC heap before
{Heap before GC invocations=27 (full 0):
 garbage-first heap   total 155648K, used 127868K [0x0000000080000000, 0x0000000100000000)
  region size 1024K, 43 young (44032K), 2 survivors (2048K)
 Metaspace       used 76753K, capacity 78937K, committed 79056K, reserved 1118208K
  class space    used 9826K, capacity 10579K, committed 10624K, reserved 1048576K
}
Event: 19.282 GC heap after
{Heap after GC invocations=28 (full 0):
 garbage-first heap   total 155648K, used 89186K [0x0000000080000000, 0x0000000100000000)
  region size 1024K, 6 young (6144K), 6 survivors (6144K)
 Metaspace       used 76753K, capacity 78937K, committed 79056K, reserved 1118208K
  class space    used 9826K, capacity 10579K, committed 10624K, reserved 1048576K
}
Event: 19.287 GC heap before
{Heap before GC invocations=28 (full 0):
 garbage-first heap   total 155648K, used 89186K [0x0000000080000000, 0x0000000100000000)
  region size 1024K, 7 young (7168K), 6 survivors (6144K)
 Metaspace       used 76753K, capacity 78937K, committed 79056K, reserved 1118208K
  class space    used 9826K, capacity 10579K, committed 10624K, reserved 1048576K
}
Event: 19.295 GC heap after
{Heap after GC invocations=29 (full 0):
 garbage-first heap   total 155648K, used 88999K [0x0000000080000000, 0x0000000100000000)
  region size 1024K, 1 young (1024K), 1 survivors (1024K)
 Metaspace       used 76753K, capacity 78937K, committed 79056K, reserved 1118208K
  class space    used 9826K, capacity 10579K, committed 10624K, reserved 1048576K
}
Event: 19.704 GC heap before
{Heap before GC invocations=29 (full 0):
 garbage-first heap   total 155648K, used 126887K [0x0000000080000000, 0x0000000100000000)
  region size 1024K, 39 young (39936K), 1 survivors (1024K)
 Metaspace       used 76786K, capacity 79002K, committed 79056K, reserved 1118208K
  class space    used 9827K, capacity 10579K, committed 10624K, reserved 1048576K
}
Event: 19.713 GC heap after
{Heap after GC invocations=30 (full 0):
 garbage-first heap   total 155648K, used 91764K [0x0000000080000000, 0x0000000100000000)
  region size 1024K, 4 young (4096K), 4 survivors (4096K)
 Metaspace       used 76786K, capacity 79002K, committed 79056K, reserved 1118208K
  class space    used 9827K, capacity 10579K, committed 10624K, reserved 1048576K
}
Event: 20.291 GC heap before
{Heap before GC invocations=31 (full 0):
 garbage-first heap   total 155648K, used 126580K [0x0000000080000000, 0x0000000100000000)
  region size 1024K, 39 young (39936K), 4 survivors (4096K)
 Metaspace       used 76793K, capacity 79004K, committed 79056K, reserved 1118208K
  class space    used 9827K, capacity 10579K, committed 10624K, reserved 1048576K
}
Event: 20.301 GC heap after
{Heap after GC invocations=32 (full 0):
 garbage-first heap   total 155648K, used 93617K [0x0000000080000000, 0x0000000100000000)
  region size 1024K, 3 young (3072K), 3 survivors (3072K)
 Metaspace       used 76793K, capacity 79004K, committed 79056K, reserved 1118208K
  class space    used 9827K, capacity 10579K, committed 10624K, reserved 1048576K
}
Event: 20.391 GC heap before
{Heap before GC invocations=32 (full 0):
 garbage-first heap   total 155648K, used 96689K [0x0000000080000000, 0x0000000100000000)
  region size 1024K, 7 young (7168K), 3 survivors (3072K)
 Metaspace       used 76793K, capacity 79004K, committed 79056K, reserved 1118208K
  class space    used 9827K, capacity 10579K, committed 10624K, reserved 1048576K
}

Deoptimization events (20 events):
Event: 19.079 Thread 0x000001eaf70a9000 DEOPT PACKING pc=0x000001eae34d704c sp=0x000000108e0fcb30
Event: 19.079 Thread 0x000001eaf70a9000 DEOPT UNPACKING pc=0x000001eadb4278af sp=0x000000108e0fcb50 mode 2
Event: 19.344 Thread 0x000001eaf81bb800 Uncommon trap: trap_request=0xffffff4d fr.pc=0x000001eae3443fc8 relative=0x0000000000000da8
Event: 19.344 Thread 0x000001eaf81bb800 Uncommon trap: reason=unstable_if action=reinterpret pc=0x000001eae3443fc8 method=java.util.concurrent.locks.AbstractQueuedSynchronizer.hasQueuedPredecessors()Z @ 34 c2
Event: 19.344 Thread 0x000001eaf81bb800 DEOPT PACKING pc=0x000001eae3443fc8 sp=0x00000010874fdb60
Event: 19.344 Thread 0x000001eaf81bb800 DEOPT UNPACKING pc=0x000001eadb4278af sp=0x00000010874fda00 mode 2
Event: 19.761 Thread 0x000001eaf81b6800 Uncommon trap: trap_request=0xfffffff4 fr.pc=0x000001eae3518d7c relative=0x00000000000009fc
Event: 19.761 Thread 0x000001eaf81b6800 Uncommon trap: reason=null_check action=make_not_entrant pc=0x000001eae3518d7c method=org.gradle.tooling.internal.provider.runner.SubtreeFilteringBuildOperationListener.started(Lorg/gradle/internal/operations/BuildOperationDescriptor;Lorg/gradle/internal/
Event: 19.761 Thread 0x000001eaf81b6800 DEOPT PACKING pc=0x000001eae3518d7c sp=0x00000010877fd660
Event: 19.761 Thread 0x000001eaf81b6800 DEOPT UNPACKING pc=0x000001eadb4278af sp=0x00000010877fd5f0 mode 2
Event: 20.180 Thread 0x000001eaf81b8000 Uncommon trap: trap_request=0xffffff4d fr.pc=0x000001eae3417208 relative=0x0000000000000988
Event: 20.180 Thread 0x000001eaf81b8000 Uncommon trap: reason=unstable_if action=reinterpret pc=0x000001eae3417208 method=java.util.concurrent.ConcurrentLinkedQueue.poll()Ljava/lang/Object; @ 24 c2
Event: 20.180 Thread 0x000001eaf81b8000 DEOPT PACKING pc=0x000001eae3417208 sp=0x00000010878fdbe0
Event: 20.180 Thread 0x000001eaf81b8000 DEOPT UNPACKING pc=0x000001eadb4278af sp=0x00000010878fdb38 mode 2
Event: 20.288 Thread 0x000001eaf81b8000 Uncommon trap: trap_request=0xffffff4d fr.pc=0x000001eae33c9754 relative=0x0000000000000494
Event: 20.288 Thread 0x000001eaf81b8000 Uncommon trap: reason=unstable_if action=reinterpret pc=0x000001eae33c9754 method=java.util.concurrent.ConcurrentLinkedQueue.poll()Ljava/lang/Object; @ 24 c2
Event: 20.288 Thread 0x000001eaf81b8000 DEOPT PACKING pc=0x000001eae33c9754 sp=0x00000010878fdb40
Event: 20.288 Thread 0x000001eaf81b8000 DEOPT UNPACKING pc=0x000001eadb4278af sp=0x00000010878fdaf8 mode 2
Event: 20.305 Thread 0x000001eaf81bd000 DEOPT PACKING pc=0x000001eadd01c8e9 sp=0x00000010879fc2f0
Event: 20.305 Thread 0x000001eaf81bd000 DEOPT UNPACKING pc=0x000001eadb4276ce sp=0x00000010879fb820 mode 0

Classes redefined (0 events):
No events

Internal exceptions (20 events):
Event: 15.513 Thread 0x000001eaf81b7800 Exception <a 'java/lang/NoSuchMethodError'{0x0000000087eaee40}: 'java.lang.Object java.lang.invoke.DirectMethodHandle$Holder.invokeSpecialIFC(java.lang.Object, java.lang.Object, java.lang.Object)'> (0x0000000087eaee40) thrown at [./src/hotspot/share/interpreter/linkResolver.cpp, line 773]
Event: 17.420 Thread 0x000001eaf70a9000 Exception <a 'java/lang/NoSuchMethodError'{0x00000000873d05f8}: <clinit>> (0x00000000873d05f8) thrown at [./src/hotspot/share/prims/jni.cpp, line 1362]
Event: 17.792 Thread 0x000001eaf70a9000 Exception <a 'java/lang/NoSuchMethodError'{0x00000000896c6678}: <clinit>> (0x00000000896c6678) thrown at [./src/hotspot/share/prims/jni.cpp, line 1362]
Event: 17.800 Thread 0x000001eaf70a9000 Exception <a 'java/lang/NoSuchMethodError'{0x00000000896c7d70}: <clinit>> (0x00000000896c7d70) thrown at [./src/hotspot/share/prims/jni.cpp, line 1362]
Event: 17.800 Thread 0x000001eaf70a9000 Exception <a 'java/lang/NoSuchMethodError'{0x00000000896ca9b8}: <clinit>> (0x00000000896ca9b8) thrown at [./src/hotspot/share/prims/jni.cpp, line 1362]
Event: 17.808 Thread 0x000001eaf70a9000 Exception <a 'java/lang/NoSuchMethodError'{0x00000000896e07e0}: <clinit>> (0x00000000896e07e0) thrown at [./src/hotspot/share/prims/jni.cpp, line 1362]
Event: 17.808 Thread 0x000001eaf70a9000 Exception <a 'java/lang/NoSuchMethodError'{0x00000000896e1a18}: <clinit>> (0x00000000896e1a18) thrown at [./src/hotspot/share/prims/jni.cpp, line 1362]
Event: 17.854 Thread 0x000001eaf81bd000 Implicit null exception at 0x000001eae3485d52 to 0x000001eae3486158
Event: 18.371 Thread 0x000001eaf81b5800 Implicit null exception at 0x000001eae344ed6f to 0x000001eae344f0c8
Event: 19.120 Thread 0x000001eaf70a9000 Exception <a 'sun/nio/fs/WindowsException'{0x000000008728ad60}> (0x000000008728ad60) thrown at [./src/hotspot/share/prims/jni.cpp, line 615]
Event: 19.121 Thread 0x000001eaf70a9000 Exception <a 'sun/nio/fs/WindowsException'{0x000000008728bd08}> (0x000000008728bd08) thrown at [./src/hotspot/share/prims/jni.cpp, line 615]
Event: 19.121 Thread 0x000001eaf70a9000 Exception <a 'java/lang/NoSuchMethodError'{0x000000008728ddb0}: 'int java.lang.invoke.DirectMethodHandle$Holder.invokeSpecial(java.lang.Object, java.lang.Object, java.lang.Object, java.lang.Object, java.lang.Object)'> (0x000000008728ddb0) thrown at [./src/hotspot/share/interpreter/linkResolver.cpp, line 773]
Event: 19.124 Thread 0x000001eaf70a9000 Exception <a 'sun/nio/fs/WindowsException'{0x00000000872b0f38}> (0x00000000872b0f38) thrown at [./src/hotspot/share/prims/jni.cpp, line 615]
Event: 19.125 Thread 0x000001eaf70a9000 Exception <a 'sun/nio/fs/WindowsException'{0x00000000872b1a40}> (0x00000000872b1a40) thrown at [./src/hotspot/share/prims/jni.cpp, line 615]
Event: 19.125 Thread 0x000001eaf70a9000 Exception <a 'sun/nio/fs/WindowsException'{0x00000000872b3ed0}> (0x00000000872b3ed0) thrown at [./src/hotspot/share/prims/jni.cpp, line 615]
Event: 19.125 Thread 0x000001eaf70a9000 Exception <a 'sun/nio/fs/WindowsException'{0x00000000872b49f0}> (0x00000000872b49f0) thrown at [./src/hotspot/share/prims/jni.cpp, line 615]
Event: 19.126 Thread 0x000001eaf70a9000 Exception <a 'java/lang/NoSuchMethodError'{0x00000000872d1af0}: 'void java.lang.invoke.DirectMethodHandle$Holder.invokeStatic(java.lang.Object, java.lang.Object, java.lang.Object, java.lang.Object, int, java.lang.Object)'> (0x00000000872d1af0) thrown at [./src/hotspot/share/interpreter/linkResolver.cpp, line 773]
Event: 19.629 Thread 0x000001eaf70b5800 Exception <a 'sun/nio/fs/WindowsException'{0x00000000878eae50}> (0x00000000878eae50) thrown at [./src/hotspot/share/prims/jni.cpp, line 615]
Event: 19.629 Thread 0x000001eaf70b5800 Exception <a 'sun/nio/fs/WindowsException'{0x00000000878eb948}> (0x00000000878eb948) thrown at [./src/hotspot/share/prims/jni.cpp, line 615]
Event: 19.761 Thread 0x000001eaf81b6800 Implicit null exception at 0x000001eae35184f3 to 0x000001eae3518d58

Events (20 events):
Event: 19.196 Executing VM operation: RevokeBias done
Event: 19.276 Executing VM operation: G1CollectForAllocation
Event: 19.282 Executing VM operation: G1CollectForAllocation done
Event: 19.287 Executing VM operation: G1CollectForAllocation
Event: 19.295 Executing VM operation: G1CollectForAllocation done
Event: 19.379 loading class org/gradle/api/specs/OrSpec
Event: 19.379 loading class org/gradle/api/specs/OrSpec done
Event: 19.627 Executing VM operation: RevokeBias
Event: 19.627 Executing VM operation: RevokeBias done
Event: 19.628 Executing VM operation: RevokeBias
Event: 19.628 Executing VM operation: RevokeBias done
Event: 19.703 Executing VM operation: G1CollectForAllocation
Event: 19.713 Executing VM operation: G1CollectForAllocation done
Event: 19.861 Executing VM operation: CGC_Operation
Event: 19.872 Executing VM operation: CGC_Operation done
Event: 19.940 Executing VM operation: CGC_Operation
Event: 19.940 Executing VM operation: CGC_Operation done
Event: 20.290 Executing VM operation: G1CollectForAllocation
Event: 20.301 Executing VM operation: G1CollectForAllocation done
Event: 20.390 Executing VM operation: G1CollectForAllocation


Dynamic libraries:
0x00007ff6b1a40000 - 0x00007ff6b1a4a000 	C:\Program Files\Android\Android Studio3\jre\bin\java.exe
0x00007ffae8900000 - 0x00007ffae8b0f000 	C:\WINDOWS\SYSTEM32\ntdll.dll
0x00007ffae7cf0000 - 0x00007ffae7dad000 	C:\WINDOWS\System32\KERNEL32.DLL
0x00007ffae62a0000 - 0x00007ffae6626000 	C:\WINDOWS\System32\KERNELBASE.dll
0x00007ffae6030000 - 0x00007ffae6141000 	C:\WINDOWS\System32\ucrtbase.dll
0x00007ffae3550000 - 0x00007ffae3567000 	C:\Program Files\Android\Android Studio3\jre\bin\VCRUNTIME140.dll
0x00007ffae34d0000 - 0x00007ffae34e9000 	C:\Program Files\Android\Android Studio3\jre\bin\jli.dll
0x00007ffae72d0000 - 0x00007ffae747b000 	C:\WINDOWS\System32\USER32.dll
0x00007ffae6000000 - 0x00007ffae6026000 	C:\WINDOWS\System32\win32u.dll
0x00007ffae7bb0000 - 0x00007ffae7bd9000 	C:\WINDOWS\System32\GDI32.dll
0x00007ffae5dd0000 - 0x00007ffae5ee7000 	C:\WINDOWS\System32\gdi32full.dll
0x00007ffad3740000 - 0x00007ffad39e1000 	C:\WINDOWS\WinSxS\amd64_microsoft.windows.common-controls_6595b64144ccf1df_6.0.22468.1000_none_266f4f372a53a5e7\COMCTL32.dll
0x00007ffae7580000 - 0x00007ffae7624000 	C:\WINDOWS\System32\msvcrt.dll
0x00007ffae5f60000 - 0x00007ffae5ffb000 	C:\WINDOWS\System32\msvcp_win.dll
0x00007ffae7540000 - 0x00007ffae7571000 	C:\WINDOWS\System32\IMM32.DLL
0x00007ffad40f0000 - 0x00007ffad418d000 	C:\Program Files\Android\Android Studio3\jre\bin\msvcp140.dll
0x00007ffa81be0000 - 0x00007ffa826af000 	C:\Program Files\Android\Android Studio3\jre\bin\server\jvm.dll
0x00007ffae7810000 - 0x00007ffae78be000 	C:\WINDOWS\System32\ADVAPI32.dll
0x00007ffae7770000 - 0x00007ffae780f000 	C:\WINDOWS\System32\sechost.dll
0x00007ffae7a90000 - 0x00007ffae7bb0000 	C:\WINDOWS\System32\RPCRT4.dll
0x00007ffae7a50000 - 0x00007ffae7a58000 	C:\WINDOWS\System32\PSAPI.DLL
0x00007ffadaa40000 - 0x00007ffadaa73000 	C:\WINDOWS\SYSTEM32\WINMM.dll
0x00007ffae20c0000 - 0x00007ffae20ca000 	C:\WINDOWS\SYSTEM32\VERSION.dll
0x00007ffad0ef0000 - 0x00007ffad0ef9000 	C:\WINDOWS\SYSTEM32\WSOCK32.dll
0x00007ffae7be0000 - 0x00007ffae7c51000 	C:\WINDOWS\System32\WS2_32.dll
0x00007ffae4f90000 - 0x00007ffae4fa8000 	C:\WINDOWS\SYSTEM32\kernel.appcore.dll
0x00007ffae3740000 - 0x00007ffae3751000 	C:\Program Files\Android\Android Studio3\jre\bin\verify.dll
0x00007ffade2c0000 - 0x00007ffade4e7000 	C:\WINDOWS\SYSTEM32\DBGHELP.DLL
0x00007ffae6f50000 - 0x00007ffae72cc000 	C:\WINDOWS\System32\combase.dll
0x00007ffade280000 - 0x00007ffade2b1000 	C:\WINDOWS\SYSTEM32\dbgcore.DLL
0x00007ffae6150000 - 0x00007ffae61d1000 	C:\WINDOWS\System32\bcryptPrimitives.dll
0x00007ffae2f80000 - 0x00007ffae2fa9000 	C:\Program Files\Android\Android Studio3\jre\bin\java.dll
0x00007ffae36f0000 - 0x00007ffae36fb000 	C:\Program Files\Android\Android Studio3\jre\bin\jimage.dll
0x00007ffae3690000 - 0x00007ffae36a8000 	C:\Program Files\Android\Android Studio3\jre\bin\zip.dll
0x00007ffae67a0000 - 0x00007ffae6f4b000 	C:\WINDOWS\System32\SHELL32.dll
0x00007ffae3e30000 - 0x00007ffae468c000 	C:\WINDOWS\SYSTEM32\windows.storage.dll
0x00007ffae3cc0000 - 0x00007ffae3e28000 	C:\WINDOWS\SYSTEM32\wintypes.dll
0x00007ffae86e0000 - 0x00007ffae87d0000 	C:\WINDOWS\System32\SHCORE.dll
0x00007ffae7c90000 - 0x00007ffae7ceb000 	C:\WINDOWS\System32\shlwapi.dll
0x00007ffae5d00000 - 0x00007ffae5d21000 	C:\WINDOWS\SYSTEM32\profapi.dll
0x00007ffade230000 - 0x00007ffade24a000 	C:\Program Files\Android\Android Studio3\jre\bin\net.dll
0x00007ffadf020000 - 0x00007ffadf130000 	C:\WINDOWS\SYSTEM32\WINHTTP.dll
0x00007ffae53e0000 - 0x00007ffae5449000 	C:\WINDOWS\system32\mswsock.dll
0x00007ffade210000 - 0x00007ffade224000 	C:\Program Files\Android\Android Studio3\jre\bin\nio.dll
0x00007ffac53e0000 - 0x00007ffac5407000 	C:\Users\xpmkm\.gradle\native\f6784746aeab05261644944871eae4fe03e0ef1612fff0a4a95f87b438bc6780\windows-amd64\native-platform.dll
0x00007ffae3670000 - 0x00007ffae367a000 	C:\Program Files\Android\Android Studio3\jre\bin\management.dll
0x00007ffae2f70000 - 0x00007ffae2f7c000 	C:\Program Files\Android\Android Studio3\jre\bin\management_ext.dll
0x00007ffae5630000 - 0x00007ffae5648000 	C:\WINDOWS\SYSTEM32\CRYPTSP.dll
0x00007ffae4ef0000 - 0x00007ffae4f25000 	C:\WINDOWS\system32\rsaenh.dll
0x00007ffae54e0000 - 0x00007ffae5509000 	C:\WINDOWS\SYSTEM32\USERENV.dll
0x00007ffae57b0000 - 0x00007ffae57d8000 	C:\WINDOWS\SYSTEM32\bcrypt.dll
0x00007ffae5650000 - 0x00007ffae565c000 	C:\WINDOWS\SYSTEM32\CRYPTBASE.dll
0x00007ffae4970000 - 0x00007ffae499d000 	C:\WINDOWS\SYSTEM32\IPHLPAPI.DLL
0x00007ffae7a60000 - 0x00007ffae7a69000 	C:\WINDOWS\System32\NSI.dll
0x00007ffae3130000 - 0x00007ffae3149000 	C:\WINDOWS\SYSTEM32\dhcpcsvc6.DLL
0x00007ffae3110000 - 0x00007ffae312e000 	C:\WINDOWS\SYSTEM32\dhcpcsvc.DLL
0x00007ffae49a0000 - 0x00007ffae4a91000 	C:\WINDOWS\SYSTEM32\DNSAPI.dll
0x00007ffae31c0000 - 0x00007ffae31cc000 	C:\WINDOWS\SYSTEM32\WINNSI.DLL

dbghelp: loaded successfully - version: 4.0.5 - missing functions: none
symbol engine: initialized successfully - sym options: 0x614 - pdb path: .;C:\Program Files\Android\Android Studio3\jre\bin;C:\WINDOWS\SYSTEM32;C:\WINDOWS\WinSxS\amd64_microsoft.windows.common-controls_6595b64144ccf1df_6.0.22468.1000_none_266f4f372a53a5e7;C:\Program Files\Android\Android Studio3\jre\bin\server;C:\Users\xpmkm\.gradle\native\f6784746aeab05261644944871eae4fe03e0ef1612fff0a4a95f87b438bc6780\windows-amd64

VM Arguments:
jvm_args: --add-opens=java.base/java.util=ALL-UNNAMED --add-opens=java.base/java.lang=ALL-UNNAMED --add-opens=java.base/java.lang.invoke=ALL-UNNAMED --add-opens=java.prefs/java.util.prefs=ALL-UNNAMED -Xmx2048m -Dfile.encoding=UTF-8 -Duser.country=IN -Duser.language=en -Duser.variant 
java_command: org.gradle.launcher.daemon.bootstrap.GradleDaemon 6.5
java_class_path (initial): C:\Users\xpmkm\.gradle\wrapper\dists\gradle-6.5-bin\6nifqtx7604sqp1q6g8wikw7p\gradle-6.5\lib\gradle-launcher-6.5.jar
Launcher Type: SUN_STANDARD

[Global flags]
     intx CICompilerCount                          = 4                                         {product} {ergonomic}
     uint ConcGCThreads                            = 2                                         {product} {ergonomic}
     uint G1ConcRefinementThreads                  = 8                                         {product} {ergonomic}
   size_t G1HeapRegionSize                         = 1048576                                   {product} {ergonomic}
    uintx GCDrainStackTargetSize                   = 64                                        {product} {ergonomic}
   size_t InitialHeapSize                          = 132120576                                 {product} {ergonomic}
   size_t MarkStackSize                            = 4194304                                   {product} {ergonomic}
   size_t MaxHeapSize                              = 2147483648                                {product} {command line}
   size_t MaxNewSize                               = 1287651328                                {product} {ergonomic}
   size_t MinHeapDeltaBytes                        = 1048576                                   {product} {ergonomic}
    uintx NonNMethodCodeHeapSize                   = 5836300                                {pd product} {ergonomic}
    uintx NonProfiledCodeHeapSize                  = 122910970                              {pd product} {ergonomic}
    uintx ProfiledCodeHeapSize                     = 122910970                              {pd product} {ergonomic}
    uintx ReservedCodeCacheSize                    = 251658240                              {pd product} {ergonomic}
     bool SegmentedCodeCache                       = true                                      {product} {ergonomic}
     bool UseCompressedClassPointers               = true                                 {lp64_product} {ergonomic}
     bool UseCompressedOops                        = true                                 {lp64_product} {ergonomic}
     bool UseG1GC                                  = true                                      {product} {ergonomic}
     bool UseLargePagesIndividualAllocation        = false                                  {pd product} {ergonomic}

Logging:
Log output configuration:
 #0: stdout all=warning uptime,level,tags
 #1: stderr all=off uptime,level,tags

Environment Variables:
PATH=C:\Program Files (x86)\Common Files\Oracle\Java\javapath;C:\WINDOWS\system32;C:\WINDOWS;C:\WINDOWS\System32\Wbem;C:\WINDOWS\System32\WindowsPowerShell\v1.0\;C:\WINDOWS\System32\OpenSSH\;C:\Program Files\Git\cmd;C:\Program Files\nodejs\;C:\xampp\php;C:\ProgramData\ComposerSetup\bin;C:\Users\xpmkm\AppData\Local\Android\Sdk\platform-tools;C:\Program Files\Java\jdk1.8.0_231\bin;C:\Program Files\opnsl\bin;C:\Users\xpmkm\AppData\Roaming\npm;C:\Users\xpmkm\AppData\Local\Programs\Microsoft VS Code\bin;C:\Program Files\flutter\bin;C:\Users\xpmkm\AppData\Roaming\Composer\vendor\bin;C:\Users\xpmkm\AppData\Local\Microsoft\WindowsApps;
USERNAME=xpmkm
OS=Windows_NT
PROCESSOR_IDENTIFIER=AMD64 Family 23 Model 24 Stepping 1, AuthenticAMD



---------------  S Y S T E M  ---------------

OS: Windows 10 , 64 bit Build 22468 (10.0.22468.1000)
OS uptime: 0 days 20:20 hours

CPU:total 8 (initial active 8) (8 cores per cpu, 2 threads per core) family 23 model 24 stepping 1 microcode 0x0, cmov, cx8, fxsr, mmx, sse, sse2, sse3, ssse3, sse4.1, sse4.2, popcnt, avx, avx2, aes, clmul, mmxext, 3dnowpref, lzcnt, sse4a, ht, tsc, tscinvbit, tscinv, bmi1, bmi2, adx, s

Memory: 4k page, system-wide physical 8002M (936M free)
TotalPageFile size 12098M (AvailPageFile size 28M)
current process WorkingSet (physical memory assigned to process): 409M, peak: 417M
current process commit charge ("private bytes"): 448M, peak: 479M

vm_info: OpenJDK 64-Bit Server VM (11.0.10+0-b96-7249189) for windows-amd64 JRE (11.0.10+0-b96-7249189), built on Mar 31 2021 21:44:00 by "builder" with MS VC++ 14.0 (VS2015)

END.
