#
# There is insufficient memory for the Java Runtime Environment to continue.
# Native memory allocation (mmap) failed to map 89128960 bytes for Failed to commit area from 0x000000008dc00000 to 0x0000000093100000 of length 89128960.
# Possible reasons:
#   The system is out of physical RAM or swap space
#   The process is running with CompressedOops enabled, and the Java Heap may be blocking the growth of the native heap
# Possible solutions:
#   Reduce memory load on the system
#   Increase physical memory or swap space
#   Check if swap backing store is full
#   Decrease Java heap size (-Xmx/-Xms)
#   Decrease number of Java threads
#   Decrease Java thread stack sizes (-Xss)
#   Set larger code cache with -XX:ReservedCodeCacheSize=
#   JVM is running with Unscaled Compressed Oops mode in which the Java heap is
#     placed in the first 4GB address space. The Java Heap base address is the
#     maximum limit for the native heap growth. Please use -XX:HeapBaseMinAddress
#     to set the Java Heap base and to place the Java Heap above 4GB virtual address.
# This output file may be truncated or incomplete.
#
#  Out of Memory Error (./src/hotspot/os/windows/os_windows.cpp:3301), pid=10600, tid=7584
#
# JRE version: OpenJDK Runtime Environment (11.0.10) (build 11.0.10+0-b96-7249189)
# Java VM: OpenJDK 64-Bit Server VM (11.0.10+0-b96-7249189, mixed mode, tiered, compressed oops, g1 gc, windows-amd64)
# No core dump will be written. Minidumps are not enabled by default on client versions of Windows
#

---------------  S U M M A R Y ------------

Command Line: --add-opens=java.base/java.util=ALL-UNNAMED --add-opens=java.base/java.lang=ALL-UNNAMED --add-opens=java.base/java.lang.invoke=ALL-UNNAMED --add-opens=java.base/java.util=ALL-UNNAMED --add-opens=java.prefs/java.util.prefs=ALL-UNNAMED --add-opens=java.prefs/java.util.prefs=ALL-UNNAMED --add-opens=java.base/java.nio.charset=ALL-UNNAMED --add-opens=java.base/java.net=ALL-UNNAMED --add-opens=java.base/java.util.concurrent.atomic=ALL-UNNAMED -Xmx2048m -Dfile.encoding=UTF-8 -Duser.country=IN -Duser.language=en -Duser.variant org.gradle.launcher.daemon.bootstrap.GradleDaemon 7.0.2

Host: AMD Ryzen 5 3550H with Radeon Vega Mobile Gfx  , 8 cores, 7G,  Windows 10 , 64 bit Build 22471 (10.0.22471.1000)
Time: Fri Oct  8 13:33:17 2021 India Standard Time elapsed time: 17.211928 seconds (0d 0h 0m 17s)

---------------  T H R E A D  ---------------

Current thread (0x000001faffb7f000):  VMThread "VM Thread" [stack: 0x0000006f8b100000,0x0000006f8b200000] [id=7584]

Stack: [0x0000006f8b100000,0x0000006f8b200000]
[error occurred during error reporting (printing stack bounds), id 0xc0000005, EXCEPTION_ACCESS_VIOLATION (0xc0000005) at pc=0x000001fae91f0f2d]

Native frames: (J=compiled Java code, j=interpreted, Vv=VM code, C=native code)
V  [jvm.dll+0x5ecfaa]
V  [jvm.dll+0x722bd5]
V  [jvm.dll+0x72412d]
V  [jvm.dll+0x724745]
V  [jvm.dll+0x7246fb]
V  [jvm.dll+0x5ec348]
V  [jvm.dll+0x5ecad8]
C  [ntdll.dll+0xa623f]
C  [ntdll.dll+0x65ea9]
C  [ntdll.dll+0xa522e]
C  0x000001fae91f0f2d

VM_Operation (0x0000006f906fe000): G1CollectForAllocation, mode: safepoint, requested by thread 0x000001fa8b180000


---------------  P R O C E S S  ---------------

Threads class SMR info:
_java_thread_list=0x000001fa87423d10, length=76, elements={
0x000001fae570e800, 0x000001faffb82800, 0x000001faffb8e000, 0x000001faffb9d000,
0x000001faffba0000, 0x000001faffba1800, 0x000001faffba5800, 0x000001fa8084a800,
0x000001fa80857000, 0x000001fa809c0800, 0x000001fa826e3800, 0x000001fa81c3f800,
0x000001fa820cb800, 0x000001fa82d4e000, 0x000001fa80be6000, 0x000001fa824a1800,
0x000001fa81e33800, 0x000001fa82e92800, 0x000001fa82e8e800, 0x000001fa82e95000,
0x000001fa82e90000, 0x000001fa82e91800, 0x000001fa82e93800, 0x000001fa82e8b800,
0x000001fa82e8f000, 0x000001fa82e94000, 0x000001fa82e91000, 0x000001fa85969800,
0x000001fa8596a000, 0x000001fa82519800, 0x000001fa85967000, 0x000001fa8596b000,
0x000001fa8596c000, 0x000001fa85966000, 0x000001fa85968800, 0x000001fa85972800,
0x000001fa85970800, 0x000001fa8596d800, 0x000001fa85970000, 0x000001fa8596c800,
0x000001fa85973000, 0x000001fa85974000, 0x000001fa85974800, 0x000001fa8596f000,
0x000001fa844cd000, 0x000001fa844ce000, 0x000001fa844c8800, 0x000001fa844c9000,
0x000001fa844cf000, 0x000001fa844cf800, 0x000001fa844ca000, 0x000001fa844ca800,
0x000001fa844d2000, 0x000001fa844cc800, 0x000001fa844d4800, 0x000001fa844d7000,
0x000001fa844d5800, 0x000001fa844d3000, 0x000001fa844d3800, 0x000001fa844d6000,
0x000001fa8b17a800, 0x000001fa8b17e800, 0x000001fa8b17d000, 0x000001fa8b17b000,
0x000001fa8b17d800, 0x000001fa8b179000, 0x000001fa8b17f800, 0x000001fa8b179800,
0x000001fa8b182000, 0x000001fa8b17c000, 0x000001fa8b184000, 0x000001fa8b186000,
0x000001fa8b181000, 0x000001fa8b182800, 0x000001fa8b183800, 0x000001fa8b180000
}

Java Threads: ( => current thread )
  0x000001fae570e800 JavaThread "main" [_thread_blocked, id=13952, stack(0x0000006f8ab00000,0x0000006f8ac00000)]
  0x000001faffb82800 JavaThread "Reference Handler" daemon [_thread_blocked, id=15768, stack(0x0000006f8b200000,0x0000006f8b300000)]
  0x000001faffb8e000 JavaThread "Finalizer" daemon [_thread_blocked, id=10448, stack(0x0000006f8b300000,0x0000006f8b400000)]
  0x000001faffb9d000 JavaThread "Signal Dispatcher" daemon [_thread_blocked, id=14240, stack(0x0000006f8b400000,0x0000006f8b500000)]
  0x000001faffba0000 JavaThread "Attach Listener" daemon [_thread_blocked, id=8612, stack(0x0000006f8b500000,0x0000006f8b600000)]
  0x000001faffba1800 JavaThread "Service Thread" daemon [_thread_blocked, id=4108, stack(0x0000006f8b600000,0x0000006f8b700000)]
  0x000001faffba5800 JavaThread "C2 CompilerThread0" daemon [_thread_blocked, id=840, stack(0x0000006f8b700000,0x0000006f8b800000)]
  0x000001fa8084a800 JavaThread "C1 CompilerThread0" daemon [_thread_blocked, id=10528, stack(0x0000006f8b800000,0x0000006f8b900000)]
  0x000001fa80857000 JavaThread "Sweeper thread" daemon [_thread_blocked, id=8712, stack(0x0000006f8b900000,0x0000006f8ba00000)]
  0x000001fa809c0800 JavaThread "Common-Cleaner" daemon [_thread_blocked, id=1088, stack(0x0000006f8ba00000,0x0000006f8bb00000)]
  0x000001fa826e3800 JavaThread "Daemon health stats" [_thread_blocked, id=16368, stack(0x0000006f8c000000,0x0000006f8c100000)]
  0x000001fa81c3f800 JavaThread "Incoming local TCP Connector on port 53224" [_thread_in_native, id=9204, stack(0x0000006f8bc00000,0x0000006f8bd00000)]
  0x000001fa820cb800 JavaThread "Daemon periodic checks" [_thread_blocked, id=14208, stack(0x0000006f8bf00000,0x0000006f8c000000)]
  0x000001fa82d4e000 JavaThread "Daemon" [_thread_blocked, id=6020, stack(0x0000006f8c100000,0x0000006f8c200000)]
  0x000001fa80be6000 JavaThread "Handler for socket connection from /127.0.0.1:53224 to /127.0.0.1:53225" [_thread_in_native, id=4804, stack(0x0000006f8c200000,0x0000006f8c300000)]
  0x000001fa824a1800 JavaThread "Cancel handler" [_thread_blocked, id=1680, stack(0x0000006f8c300000,0x0000006f8c400000)]
  0x000001fa81e33800 JavaThread "Daemon worker" [_thread_blocked, id=12672, stack(0x0000006f8c400000,0x0000006f8c500000)]
  0x000001fa82e92800 JavaThread "Asynchronous log dispatcher for DefaultDaemonConnection: socket connection from /127.0.0.1:53224 to /127.0.0.1:53225" [_thread_blocked, id=12028, stack(0x0000006f8c500000,0x0000006f8c600000)]
  0x000001fa82e8e800 JavaThread "Stdin handler" [_thread_blocked, id=9352, stack(0x0000006f8c600000,0x0000006f8c700000)]
  0x000001fa82e95000 JavaThread "Daemon client event forwarder" [_thread_blocked, id=14256, stack(0x0000006f8c700000,0x0000006f8c800000)]
  0x000001fa82e90000 JavaThread "Cache worker for file hash cache (C:\Users\xpmkm\.gradle\caches\7.0.2\fileHashes)" [_thread_blocked, id=5240, stack(0x0000006f8cd00000,0x0000006f8ce00000)]
  0x000001fa82e91800 JavaThread "File lock request listener" [_thread_in_native, id=2704, stack(0x0000006f8ce00000,0x0000006f8cf00000)]
  0x000001fa82e93800 JavaThread "Cache worker for journal cache (C:\Users\xpmkm\.gradle\caches\journal-1)" [_thread_blocked, id=2352, stack(0x0000006f8d000000,0x0000006f8d100000)]
  0x000001fa82e8b800 JavaThread "C2 CompilerThread1" daemon [_thread_blocked, id=9084, stack(0x0000006f8d100000,0x0000006f8d200000)]
  0x000001fa82e8f000 JavaThread "Cache worker for file hash cache (C:\Users\xpmkm\Desktop\update_code_vezilla-server\codecanyon-L2GSbXtH-dairy-products-grocery-daily-milk-delivery-mobile-app-with-subscription-customer-app-delivery\test-vezilla-android-workspace\.gradle\7.0.2\fileHashes)" [_thread_blocked, id=10328, stack(0x0000006f8d200000,0x0000006f8d300000)]
  0x000001fa82e94000 JavaThread "File watcher server" daemon [_thread_blocked, id=3052, stack(0x0000006f8d300000,0x0000006f8d400000)]
  0x000001fa82e91000 JavaThread "File watcher consumer" daemon [_thread_blocked, id=15332, stack(0x0000006f8d400000,0x0000006f8d500000)]
  0x000001fa85969800 JavaThread "Cache worker for checksums cache (C:\Users\xpmkm\Desktop\update_code_vezilla-server\codecanyon-L2GSbXtH-dairy-products-grocery-daily-milk-delivery-mobile-app-with-subscription-customer-app-delivery\test-vezilla-android-workspace\.gradle\checksums)" [_thread_blocked, id=9800, stack(0x0000006f8d500000,0x0000006f8d600000)]
  0x000001fa8596a000 JavaThread "Cache worker for cache directory md-supplier (C:\Users\xpmkm\.gradle\caches\7.0.2\md-supplier)" [_thread_blocked, id=1888, stack(0x0000006f8d600000,0x0000006f8d700000)]
  0x000001fa82519800 JavaThread "C2 CompilerThread2" daemon [_thread_blocked, id=8676, stack(0x0000006f8d700000,0x0000006f8d800000)]
  0x000001fa85967000 JavaThread "Cache worker for cache directory md-rule (C:\Users\xpmkm\.gradle\caches\7.0.2\md-rule)" [_thread_blocked, id=15252, stack(0x0000006f8d800000,0x0000006f8d900000)]
  0x000001fa8596b000 JavaThread "Cache worker for execution history cache (C:\Users\xpmkm\.gradle\caches\7.0.2\executionHistory)" [_thread_blocked, id=8652, stack(0x0000006f8d900000,0x0000006f8da00000)]
  0x000001fa8596c000 JavaThread "jar transforms" [_thread_blocked, id=5328, stack(0x0000006f8da00000,0x0000006f8db00000)]
  0x000001fa85966000 JavaThread "jar transforms Thread 2" [_thread_blocked, id=10620, stack(0x0000006f8db00000,0x0000006f8dc00000)]
  0x000001fa85968800 JavaThread "Cache worker for file content cache (C:\Users\xpmkm\.gradle\caches\7.0.2\fileContent)" [_thread_blocked, id=8296, stack(0x0000006f8dc00000,0x0000006f8dd00000)]
  0x000001fa85972800 JavaThread "Cache worker for dependencies-accessors (C:\Users\xpmkm\Desktop\update_code_vezilla-server\codecanyon-L2GSbXtH-dairy-products-grocery-daily-milk-delivery-mobile-app-with-subscription-customer-app-delivery\test-vezilla-android-workspace\.gradle\7.0.2\dependencies-accessors)" [_thread_blocked, id=7284, stack(0x0000006f8dd00000,0x0000006f8de00000)]
  0x000001fa85970800 JavaThread "jar transforms Thread 3" [_thread_blocked, id=16044, stack(0x0000006f8de00000,0x0000006f8df00000)]
  0x000001fa8596d800 JavaThread "Cache worker for Build Output Cleanup Cache (C:\Users\xpmkm\Desktop\update_code_vezilla-server\codecanyon-L2GSbXtH-dairy-products-grocery-daily-milk-delivery-mobile-app-with-subscription-customer-app-delivery\test-vezilla-android-workspace\.gradle\buildOutputCleanup)" [_thread_blocked, id=11792, stack(0x0000006f8df00000,0x0000006f8e000000)]
  0x000001fa85970000 JavaThread "Build operations" [_thread_blocked, id=15052, stack(0x0000006f8e000000,0x0000006f8e100000)]
  0x000001fa8596c800 JavaThread "Build operations Thread 2" [_thread_blocked, id=15372, stack(0x0000006f8e100000,0x0000006f8e200000)]
  0x000001fa85973000 JavaThread "Build operations Thread 3" [_thread_blocked, id=12132, stack(0x0000006f8e200000,0x0000006f8e300000)]
  0x000001fa85974000 JavaThread "Build operations Thread 4" [_thread_blocked, id=14428, stack(0x0000006f8e300000,0x0000006f8e400000)]
  0x000001fa85974800 JavaThread "Build operations Thread 5" [_thread_blocked, id=4780, stack(0x0000006f8e400000,0x0000006f8e500000)]
  0x000001fa8596f000 JavaThread "Build operations Thread 6" [_thread_blocked, id=15720, stack(0x0000006f8e500000,0x0000006f8e600000)]
  0x000001fa844cd000 JavaThread "Build operations Thread 7" [_thread_blocked, id=10652, stack(0x0000006f8e600000,0x0000006f8e700000)]
  0x000001fa844ce000 JavaThread "Build operations Thread 8" [_thread_blocked, id=11948, stack(0x0000006f8e700000,0x0000006f8e800000)]
  0x000001fa844c8800 JavaThread "jar transforms Thread 4" [_thread_blocked, id=12660, stack(0x0000006f8e800000,0x0000006f8e900000)]
  0x000001fa844c9000 JavaThread "jar transforms Thread 5" [_thread_blocked, id=14756, stack(0x0000006f8e900000,0x0000006f8ea00000)]
  0x000001fa844cf000 JavaThread "jar transforms Thread 6" [_thread_blocked, id=8968, stack(0x0000006f8ea00000,0x0000006f8eb00000)]
  0x000001fa844cf800 JavaThread "jar transforms Thread 7" [_thread_blocked, id=6244, stack(0x0000006f8eb00000,0x0000006f8ec00000)]
  0x000001fa844ca000 JavaThread "jar transforms Thread 8" [_thread_blocked, id=13388, stack(0x0000006f8ec00000,0x0000006f8ed00000)]
  0x000001fa844ca800 JavaThread "Memory manager" [_thread_blocked, id=852, stack(0x0000006f8ed00000,0x0000006f8ee00000)]
  0x000001fa844d2000 JavaThread "build event listener" [_thread_blocked, id=12960, stack(0x0000006f8ee00000,0x0000006f8ef00000)]
  0x000001fa844cc800 JavaThread "Execution worker for ':'" [_thread_blocked, id=1592, stack(0x0000006f8ef00000,0x0000006f8f000000)]
  0x000001fa844d4800 JavaThread "Execution worker for ':' Thread 2" [_thread_blocked, id=1352, stack(0x0000006f8f000000,0x0000006f8f100000)]
  0x000001fa844d7000 JavaThread "Execution worker for ':' Thread 3" [_thread_blocked, id=10656, stack(0x0000006f8f100000,0x0000006f8f200000)]
  0x000001fa844d5800 JavaThread "Execution worker for ':' Thread 4" [_thread_blocked, id=3852, stack(0x0000006f8f200000,0x0000006f8f300000)]
  0x000001fa844d3000 JavaThread "Execution worker for ':' Thread 5" [_thread_blocked, id=3768, stack(0x0000006f8f300000,0x0000006f8f400000)]
  0x000001fa844d3800 JavaThread "Execution worker for ':' Thread 6" [_thread_blocked, id=10108, stack(0x0000006f8f400000,0x0000006f8f500000)]
  0x000001fa844d6000 JavaThread "Execution worker for ':' Thread 7" [_thread_blocked, id=11912, stack(0x0000006f8f500000,0x0000006f8f600000)]
  0x000001fa8b17a800 JavaThread "Cache worker for execution history cache (C:\Users\xpmkm\Desktop\update_code_vezilla-server\codecanyon-L2GSbXtH-dairy-products-grocery-daily-milk-delivery-mobile-app-with-subscription-customer-app-delivery\test-vezilla-android-workspace\.gradle\7.0.2\executionHistory)" [_thread_blocked, id=11784, stack(0x0000006f8f600000,0x0000006f8f700000)]
  0x000001fa8b17e800 JavaThread "WorkerExecutor Queue" [_thread_blocked, id=12972, stack(0x0000006f8f700000,0x0000006f8f800000)]
  0x000001fa8b17d000 JavaThread "WorkerExecutor Queue Thread 2" [_thread_blocked, id=3824, stack(0x0000006f8f800000,0x0000006f8f900000)]
  0x000001fa8b17b000 JavaThread "WorkerExecutor Queue Thread 3" [_thread_blocked, id=7088, stack(0x0000006f8f900000,0x0000006f8fa00000)]
  0x000001fa8b17d800 JavaThread "WorkerExecutor Queue Thread 4" [_thread_blocked, id=10236, stack(0x0000006f8fa00000,0x0000006f8fb00000)]
  0x000001fa8b179000 JavaThread "pool-3-thread-1" [_thread_blocked, id=9404, stack(0x0000006f8fb00000,0x0000006f8fc00000)]
  0x000001fa8b17f800 JavaThread "stderr" [_thread_in_native, id=14416, stack(0x0000006f8fc00000,0x0000006f8fd00000)]
  0x000001fa8b179800 JavaThread "stdout" [_thread_in_native, id=12352, stack(0x0000006f8fd00000,0x0000006f8fe00000)]
  0x000001fa8b182000 JavaThread "ForkJoinPool-1-worker-3" daemon [_thread_blocked, id=9220, stack(0x0000006f8ff00000,0x0000006f90000000)]
  0x000001fa8b17c000 JavaThread "ForkJoinPool-1-worker-5" daemon [_thread_blocked, id=15336, stack(0x0000006f90000000,0x0000006f90100000)]
  0x000001fa8b184000 JavaThread "ForkJoinPool-1-worker-7" daemon [_thread_blocked, id=2528, stack(0x0000006f90100000,0x0000006f90200000)]
  0x000001fa8b186000 JavaThread "ForkJoinPool-1-worker-9" daemon [_thread_blocked, id=14320, stack(0x0000006f90200000,0x0000006f90300000)]
  0x000001fa8b181000 JavaThread "ForkJoinPool-1-worker-11" daemon [_thread_blocked, id=6604, stack(0x0000006f90300000,0x0000006f90400000)]
  0x000001fa8b182800 JavaThread "ForkJoinPool-1-worker-13" daemon [_thread_blocked, id=13892, stack(0x0000006f90400000,0x0000006f90500000)]
  0x000001fa8b183800 JavaThread "ForkJoinPool-1-worker-15" daemon [_thread_blocked, id=9064, stack(0x0000006f90500000,0x0000006f90600000)]
  0x000001fa8b180000 JavaThread "ForkJoinPool-1-worker-1" daemon [_thread_blocked, id=7528, stack(0x0000006f90600000,0x0000006f90700000)]

Other Threads:
=>0x000001faffb7f000 VMThread "VM Thread" [stack: 0x0000006f8b100000,0x0000006f8b200000] [id=7584]
  0x000001fa80a37000 WatcherThread [stack: 0x0000006f8bb00000,0x0000006f8bc00000] [id=648]
  0x000001fae357e000 GCTaskThread "GC Thread#0" [stack: 0x0000006f8ac00000,0x0000006f8ad00000] [id=820]
  0x000001fa80f41800 GCTaskThread "GC Thread#1" [stack: 0x0000006f8bd00000,0x0000006f8be00000] [id=3808]
  0x000001fa81283800 GCTaskThread "GC Thread#2" [stack: 0x0000006f8be00000,0x0000006f8bf00000] [id=4492]
  0x000001fa8200a800 GCTaskThread "GC Thread#3" [stack: 0x0000006f8c800000,0x0000006f8c900000] [id=15932]
  0x000001fa81c84000 GCTaskThread "GC Thread#4" [stack: 0x0000006f8c900000,0x0000006f8ca00000] [id=12540]
  0x000001fa828b9800 GCTaskThread "GC Thread#5" [stack: 0x0000006f8ca00000,0x0000006f8cb00000] [id=15180]
  0x000001fa82d45000 GCTaskThread "GC Thread#6" [stack: 0x0000006f8cb00000,0x0000006f8cc00000] [id=16240]
  0x000001fa83021800 GCTaskThread "GC Thread#7" [stack: 0x0000006f8cc00000,0x0000006f8cd00000] [id=3972]
  0x000001fae5757000 ConcurrentGCThread "G1 Main Marker" [stack: 0x0000006f8ad00000,0x0000006f8ae00000] [id=5984]
  0x000001fae5758800 ConcurrentGCThread "G1 Conc#0" [stack: 0x0000006f8ae00000,0x0000006f8af00000] [id=8716]
  0x000001fa82342800 ConcurrentGCThread "G1 Conc#1" [stack: 0x0000006f8cf00000,0x0000006f8d000000] [id=16072]
  0x000001fae57dd800 ConcurrentGCThread "G1 Refine#0" [stack: 0x0000006f8af00000,0x0000006f8b000000] [id=9300]
  0x000001fa872ce000 ConcurrentGCThread "G1 Refine#1" [stack: 0x0000006f8fe00000,0x0000006f8ff00000] [id=15740]
  0x000001faff9d0800 ConcurrentGCThread "G1 Young RemSet Sampling" [stack: 0x0000006f8b000000,0x0000006f8b100000] [id=14064]

Threads with active compile tasks:
C2 CompilerThread0  17227 12426       4       com.android.tools.r8.code.w1::a (4137 bytes)
C1 CompilerThread0  17227 12559   !   3       com.android.tools.r8.graph.c0::J (125 bytes)
C2 CompilerThread1  17227 12418       4       com.android.tools.r8.dex.j::a (83 bytes)
C2 CompilerThread2  17228 12083 %     4       com.android.tools.r8.dex.j::m @ 64 (2086 bytes)

VM state:at safepoint (normal execution)

VM Mutex/Monitor currently owned by a thread:  ([mutex/lock_event])
[0x000001fae570a570] Threads_lock - owner thread: 0x000001faffb7f000
[0x000001fae570a210] Heap_lock - owner thread: 0x000001fa8b180000

Heap address: 0x0000000080000000, size: 2048 MB, Compressed Oops mode: 32-bit
Narrow klass base: 0x0000000000000000, Narrow klass shift: 3
Compressed class space size: 1073741824 Address: 0x0000000100000000

Heap:
 garbage-first heap   total 312320K, used 174265K [0x0000000080000000, 0x0000000100000000)
  region size 1024K, 3 young (3072K), 3 survivors (3072K)
 Metaspace       used 92490K, capacity 95331K, committed 95564K, reserved 1132544K
  class space    used 12120K, capacity 13177K, committed 13208K, reserved 1048576K
Heap Regions: E=young(eden), S=young(survivor), O=old, HS=humongous(starts), HC=humongous(continues), CS=collection set, F=free, A=archive, TAMS=top-at-mark-start (previous, next)
|   0|0x0000000080000000, 0x0000000080100000, 0x0000000080100000|100%| O|  |TAMS 0x0000000080100000, 0x0000000080100000| Untracked 
|   1|0x0000000080100000, 0x0000000080200000, 0x0000000080200000|100%| O|  |TAMS 0x0000000080200000, 0x0000000080200000| Untracked 
|   2|0x0000000080200000, 0x0000000080300000, 0x0000000080300000|100%| O|  |TAMS 0x0000000080300000, 0x0000000080300000| Untracked 
|   3|0x0000000080300000, 0x0000000080400000, 0x0000000080400000|100%|HS|  |TAMS 0x0000000080400000, 0x0000000080400000| Complete 
|   4|0x0000000080400000, 0x0000000080500000, 0x0000000080500000|100%|HC|  |TAMS 0x0000000080500000, 0x0000000080500000| Complete 
|   5|0x0000000080500000, 0x0000000080600000, 0x0000000080600000|100%|HC|  |TAMS 0x0000000080600000, 0x0000000080600000| Complete 
|   6|0x0000000080600000, 0x0000000080700000, 0x0000000080700000|100%| O|  |TAMS 0x0000000080700000, 0x0000000080700000| Untracked 
|   7|0x0000000080700000, 0x0000000080800000, 0x0000000080800000|100%| O|  |TAMS 0x0000000080800000, 0x0000000080800000| Untracked 
|   8|0x0000000080800000, 0x0000000080900000, 0x0000000080900000|100%| O|  |TAMS 0x0000000080900000, 0x0000000080900000| Untracked 
|   9|0x0000000080900000, 0x0000000080a00000, 0x0000000080a00000|100%| O|  |TAMS 0x0000000080a00000, 0x0000000080a00000| Untracked 
|  10|0x0000000080a00000, 0x0000000080b00000, 0x0000000080b00000|100%| O|  |TAMS 0x0000000080b00000, 0x0000000080b00000| Untracked 
|  11|0x0000000080b00000, 0x0000000080c00000, 0x0000000080c00000|100%| O|  |TAMS 0x0000000080c00000, 0x0000000080c00000| Untracked 
|  12|0x0000000080c00000, 0x0000000080d00000, 0x0000000080d00000|100%| O|  |TAMS 0x0000000080d00000, 0x0000000080d00000| Untracked 
|  13|0x0000000080d00000, 0x0000000080e00000, 0x0000000080e00000|100%| O|  |TAMS 0x0000000080e00000, 0x0000000080e00000| Untracked 
|  14|0x0000000080e00000, 0x0000000080f00000, 0x0000000080f00000|100%| O|  |TAMS 0x0000000080f00000, 0x0000000080f00000| Untracked 
|  15|0x0000000080f00000, 0x0000000081000000, 0x0000000081000000|100%| O|  |TAMS 0x0000000081000000, 0x0000000081000000| Untracked 
|  16|0x0000000081000000, 0x0000000081100000, 0x0000000081100000|100%|HS|  |TAMS 0x0000000081100000, 0x0000000081100000| Complete 
|  17|0x0000000081100000, 0x0000000081200000, 0x0000000081200000|100%| O|  |TAMS 0x0000000081200000, 0x0000000081200000| Untracked 
|  18|0x0000000081200000, 0x0000000081300000, 0x0000000081300000|100%| O|  |TAMS 0x0000000081300000, 0x0000000081300000| Untracked 
|  19|0x0000000081300000, 0x0000000081400000, 0x0000000081400000|100%| O|  |TAMS 0x0000000081400000, 0x0000000081400000| Untracked 
|  20|0x0000000081400000, 0x0000000081500000, 0x0000000081500000|100%| O|  |TAMS 0x0000000081500000, 0x0000000081500000| Untracked 
|  21|0x0000000081500000, 0x0000000081600000, 0x0000000081600000|100%| O|  |TAMS 0x0000000081600000, 0x0000000081600000| Untracked 
|  22|0x0000000081600000, 0x0000000081700000, 0x0000000081700000|100%| O|  |TAMS 0x0000000081700000, 0x0000000081700000| Untracked 
|  23|0x0000000081700000, 0x0000000081800000, 0x0000000081800000|100%|HS|  |TAMS 0x0000000081800000, 0x0000000081800000| Complete 
|  24|0x0000000081800000, 0x0000000081900000, 0x0000000081900000|100%|HS|  |TAMS 0x0000000081900000, 0x0000000081900000| Complete 
|  25|0x0000000081900000, 0x0000000081a00000, 0x0000000081a00000|100%|HC|  |TAMS 0x0000000081a00000, 0x0000000081a00000| Complete 
|  26|0x0000000081a00000, 0x0000000081b00000, 0x0000000081b00000|100%| O|  |TAMS 0x0000000081b00000, 0x0000000081b00000| Untracked 
|  27|0x0000000081b00000, 0x0000000081c00000, 0x0000000081c00000|100%| O|  |TAMS 0x0000000081c00000, 0x0000000081c00000| Untracked 
|  28|0x0000000081c00000, 0x0000000081d00000, 0x0000000081d00000|100%| O|  |TAMS 0x0000000081d00000, 0x0000000081d00000| Untracked 
|  29|0x0000000081d00000, 0x0000000081e00000, 0x0000000081e00000|100%| O|  |TAMS 0x0000000081e00000, 0x0000000081e00000| Untracked 
|  30|0x0000000081e00000, 0x0000000081f00000, 0x0000000081f00000|100%| O|  |TAMS 0x0000000081f00000, 0x0000000081f00000| Untracked 
|  31|0x0000000081f00000, 0x0000000082000000, 0x0000000082000000|100%| O|  |TAMS 0x0000000082000000, 0x0000000082000000| Untracked 
|  32|0x0000000082000000, 0x0000000082100000, 0x0000000082100000|100%| O|  |TAMS 0x0000000082100000, 0x0000000082100000| Untracked 
|  33|0x0000000082100000, 0x0000000082200000, 0x0000000082200000|100%| O|  |TAMS 0x0000000082200000, 0x0000000082200000| Untracked 
|  34|0x0000000082200000, 0x0000000082300000, 0x0000000082300000|100%| O|  |TAMS 0x0000000082300000, 0x0000000082300000| Untracked 
|  35|0x0000000082300000, 0x0000000082400000, 0x0000000082400000|100%| O|  |TAMS 0x0000000082400000, 0x0000000082400000| Untracked 
|  36|0x0000000082400000, 0x0000000082500000, 0x0000000082500000|100%| O|  |TAMS 0x0000000082500000, 0x0000000082500000| Untracked 
|  37|0x0000000082500000, 0x0000000082600000, 0x0000000082600000|100%| O|  |TAMS 0x0000000082600000, 0x0000000082600000| Untracked 
|  38|0x0000000082600000, 0x0000000082700000, 0x0000000082700000|100%| O|  |TAMS 0x0000000082700000, 0x0000000082700000| Untracked 
|  39|0x0000000082700000, 0x0000000082800000, 0x0000000082800000|100%| O|  |TAMS 0x0000000082800000, 0x0000000082800000| Untracked 
|  40|0x0000000082800000, 0x0000000082900000, 0x0000000082900000|100%| O|  |TAMS 0x0000000082900000, 0x0000000082900000| Untracked 
|  41|0x0000000082900000, 0x0000000082a00000, 0x0000000082a00000|100%| O|  |TAMS 0x0000000082a00000, 0x0000000082a00000| Untracked 
|  42|0x0000000082a00000, 0x0000000082b00000, 0x0000000082b00000|100%| O|  |TAMS 0x0000000082b00000, 0x0000000082b00000| Untracked 
|  43|0x0000000082b00000, 0x0000000082c00000, 0x0000000082c00000|100%| O|  |TAMS 0x0000000082c00000, 0x0000000082c00000| Untracked 
|  44|0x0000000082c00000, 0x0000000082d00000, 0x0000000082d00000|100%| O|  |TAMS 0x0000000082d00000, 0x0000000082d00000| Untracked 
|  45|0x0000000082d00000, 0x0000000082e00000, 0x0000000082e00000|100%| O|  |TAMS 0x0000000082e00000, 0x0000000082e00000| Untracked 
|  46|0x0000000082e00000, 0x0000000082f00000, 0x0000000082f00000|100%| O|  |TAMS 0x0000000082f00000, 0x0000000082f00000| Untracked 
|  47|0x0000000082f00000, 0x0000000083000000, 0x0000000083000000|100%| O|  |TAMS 0x0000000083000000, 0x0000000083000000| Untracked 
|  48|0x0000000083000000, 0x0000000083100000, 0x0000000083100000|100%| O|  |TAMS 0x0000000083100000, 0x0000000083100000| Untracked 
|  49|0x0000000083100000, 0x0000000083200000, 0x0000000083200000|100%| O|  |TAMS 0x0000000083200000, 0x0000000083200000| Untracked 
|  50|0x0000000083200000, 0x0000000083300000, 0x0000000083300000|100%| O|  |TAMS 0x0000000083300000, 0x0000000083300000| Untracked 
|  51|0x0000000083300000, 0x0000000083400000, 0x0000000083400000|100%| O|  |TAMS 0x0000000083400000, 0x0000000083400000| Untracked 
|  52|0x0000000083400000, 0x0000000083500000, 0x0000000083500000|100%| O|  |TAMS 0x0000000083500000, 0x0000000083500000| Untracked 
|  53|0x0000000083500000, 0x0000000083600000, 0x0000000083600000|100%| O|  |TAMS 0x0000000083600000, 0x0000000083600000| Untracked 
|  54|0x0000000083600000, 0x0000000083700000, 0x0000000083700000|100%| O|  |TAMS 0x0000000083700000, 0x0000000083700000| Untracked 
|  55|0x0000000083700000, 0x0000000083800000, 0x0000000083800000|100%| O|  |TAMS 0x0000000083800000, 0x0000000083800000| Untracked 
|  56|0x0000000083800000, 0x0000000083900000, 0x0000000083900000|100%| O|  |TAMS 0x0000000083900000, 0x0000000083900000| Untracked 
|  57|0x0000000083900000, 0x0000000083a00000, 0x0000000083a00000|100%| O|  |TAMS 0x0000000083a00000, 0x0000000083a00000| Untracked 
|  58|0x0000000083a00000, 0x0000000083b00000, 0x0000000083b00000|100%| O|  |TAMS 0x0000000083b00000, 0x0000000083b00000| Untracked 
|  59|0x0000000083b00000, 0x0000000083c00000, 0x0000000083c00000|100%| O|  |TAMS 0x0000000083c00000, 0x0000000083c00000| Untracked 
|  60|0x0000000083c00000, 0x0000000083d00000, 0x0000000083d00000|100%| O|  |TAMS 0x0000000083d00000, 0x0000000083d00000| Untracked 
|  61|0x0000000083d00000, 0x0000000083e00000, 0x0000000083e00000|100%| O|  |TAMS 0x0000000083e00000, 0x0000000083e00000| Untracked 
|  62|0x0000000083e00000, 0x0000000083f00000, 0x0000000083f00000|100%| O|  |TAMS 0x0000000083f00000, 0x0000000083f00000| Untracked 
|  63|0x0000000083f00000, 0x0000000084000000, 0x0000000084000000|100%| O|  |TAMS 0x0000000084000000, 0x0000000084000000| Untracked 
|  64|0x0000000084000000, 0x0000000084100000, 0x0000000084100000|100%| O|  |TAMS 0x0000000084100000, 0x0000000084100000| Untracked 
|  65|0x0000000084100000, 0x0000000084200000, 0x0000000084200000|100%| O|  |TAMS 0x0000000084200000, 0x0000000084200000| Untracked 
|  66|0x0000000084200000, 0x0000000084300000, 0x0000000084300000|100%| O|  |TAMS 0x0000000084300000, 0x0000000084300000| Untracked 
|  67|0x0000000084300000, 0x0000000084400000, 0x0000000084400000|100%| O|  |TAMS 0x0000000084400000, 0x0000000084400000| Untracked 
|  68|0x0000000084400000, 0x0000000084500000, 0x0000000084500000|100%| O|  |TAMS 0x0000000084500000, 0x0000000084500000| Untracked 
|  69|0x0000000084500000, 0x0000000084600000, 0x0000000084600000|100%| O|  |TAMS 0x0000000084600000, 0x0000000084600000| Untracked 
|  70|0x0000000084600000, 0x0000000084700000, 0x0000000084700000|100%| O|  |TAMS 0x0000000084700000, 0x0000000084700000| Untracked 
|  71|0x0000000084700000, 0x0000000084800000, 0x0000000084800000|100%| O|  |TAMS 0x0000000084800000, 0x0000000084800000| Untracked 
|  72|0x0000000084800000, 0x0000000084900000, 0x0000000084900000|100%| O|  |TAMS 0x0000000084900000, 0x0000000084900000| Untracked 
|  73|0x0000000084900000, 0x0000000084a00000, 0x0000000084a00000|100%| O|  |TAMS 0x0000000084a00000, 0x0000000084a00000| Untracked 
|  74|0x0000000084a00000, 0x0000000084b00000, 0x0000000084b00000|100%| O|  |TAMS 0x0000000084b00000, 0x0000000084b00000| Untracked 
|  75|0x0000000084b00000, 0x0000000084c00000, 0x0000000084c00000|100%| O|  |TAMS 0x0000000084c00000, 0x0000000084c00000| Untracked 
|  76|0x0000000084c00000, 0x0000000084d00000, 0x0000000084d00000|100%| O|  |TAMS 0x0000000084d00000, 0x0000000084d00000| Untracked 
|  77|0x0000000084d00000, 0x0000000084e00000, 0x0000000084e00000|100%| O|  |TAMS 0x0000000084e00000, 0x0000000084e00000| Untracked 
|  78|0x0000000084e00000, 0x0000000084f00000, 0x0000000084f00000|100%| O|  |TAMS 0x0000000084f00000, 0x0000000084f00000| Untracked 
|  79|0x0000000084f00000, 0x0000000085000000, 0x0000000085000000|100%| O|  |TAMS 0x0000000085000000, 0x0000000085000000| Untracked 
|  80|0x0000000085000000, 0x0000000085100000, 0x0000000085100000|100%| O|  |TAMS 0x0000000085100000, 0x0000000085100000| Untracked 
|  81|0x0000000085100000, 0x0000000085200000, 0x0000000085200000|100%| O|  |TAMS 0x0000000085200000, 0x0000000085200000| Untracked 
|  82|0x0000000085200000, 0x0000000085300000, 0x0000000085300000|100%| O|  |TAMS 0x0000000085300000, 0x0000000085300000| Untracked 
|  83|0x0000000085300000, 0x0000000085400000, 0x0000000085400000|100%| O|  |TAMS 0x0000000085400000, 0x0000000085400000| Untracked 
|  84|0x0000000085400000, 0x0000000085500000, 0x0000000085500000|100%| O|  |TAMS 0x0000000085500000, 0x0000000085500000| Untracked 
|  85|0x0000000085500000, 0x0000000085600000, 0x0000000085600000|100%| O|  |TAMS 0x0000000085600000, 0x0000000085600000| Untracked 
|  86|0x0000000085600000, 0x0000000085700000, 0x0000000085700000|100%| O|  |TAMS 0x0000000085700000, 0x0000000085700000| Untracked 
|  87|0x0000000085700000, 0x0000000085800000, 0x0000000085800000|100%| O|  |TAMS 0x0000000085800000, 0x0000000085800000| Untracked 
|  88|0x0000000085800000, 0x0000000085900000, 0x0000000085900000|100%|HS|  |TAMS 0x0000000085900000, 0x0000000085900000| Complete 
|  89|0x0000000085900000, 0x0000000085a00000, 0x0000000085a00000|100%|HC|  |TAMS 0x0000000085a00000, 0x0000000085a00000| Complete 
|  90|0x0000000085a00000, 0x0000000085b00000, 0x0000000085b00000|100%|HS|  |TAMS 0x0000000085b00000, 0x0000000085b00000| Complete 
|  91|0x0000000085b00000, 0x0000000085c00000, 0x0000000085c00000|100%|HS|  |TAMS 0x0000000085c00000, 0x0000000085c00000| Complete 
|  92|0x0000000085c00000, 0x0000000085d00000, 0x0000000085d00000|100%|HS|  |TAMS 0x0000000085d00000, 0x0000000085d00000| Complete 
|  93|0x0000000085d00000, 0x0000000085e00000, 0x0000000085e00000|100%|HS|  |TAMS 0x0000000085e00000, 0x0000000085e00000| Complete 
|  94|0x0000000085e00000, 0x0000000085f00000, 0x0000000085f00000|100%|HS|  |TAMS 0x0000000085f00000, 0x0000000085f00000| Complete 
|  95|0x0000000085f00000, 0x0000000086000000, 0x0000000086000000|100%|HS|  |TAMS 0x0000000086000000, 0x0000000086000000| Complete 
|  96|0x0000000086000000, 0x0000000086100000, 0x0000000086100000|100%| O|  |TAMS 0x0000000086100000, 0x0000000086100000| Untracked 
|  97|0x0000000086100000, 0x0000000086200000, 0x0000000086200000|100%| O|  |TAMS 0x0000000086200000, 0x0000000086200000| Untracked 
|  98|0x0000000086200000, 0x0000000086300000, 0x0000000086300000|100%| O|  |TAMS 0x0000000086300000, 0x0000000086300000| Untracked 
|  99|0x0000000086300000, 0x0000000086400000, 0x0000000086400000|100%| O|  |TAMS 0x0000000086400000, 0x0000000086400000| Untracked 
| 100|0x0000000086400000, 0x0000000086500000, 0x0000000086500000|100%|HS|  |TAMS 0x0000000086500000, 0x0000000086500000| Complete 
| 101|0x0000000086500000, 0x0000000086600000, 0x0000000086600000|100%|HC|  |TAMS 0x0000000086600000, 0x0000000086600000| Complete 
| 102|0x0000000086600000, 0x0000000086700000, 0x0000000086700000|100%|HS|  |TAMS 0x0000000086700000, 0x0000000086700000| Complete 
| 103|0x0000000086700000, 0x0000000086800000, 0x0000000086800000|100%|HC|  |TAMS 0x0000000086800000, 0x0000000086800000| Complete 
| 104|0x0000000086800000, 0x0000000086900000, 0x0000000086900000|100%| O|  |TAMS 0x0000000086900000, 0x0000000086900000| Untracked 
| 105|0x0000000086900000, 0x0000000086a00000, 0x0000000086a00000|100%| O|  |TAMS 0x0000000086a00000, 0x0000000086a00000| Untracked 
| 106|0x0000000086a00000, 0x0000000086b00000, 0x0000000086b00000|100%| O|  |TAMS 0x0000000086b00000, 0x0000000086b00000| Untracked 
| 107|0x0000000086b00000, 0x0000000086c00000, 0x0000000086c00000|100%| O|  |TAMS 0x0000000086c00000, 0x0000000086c00000| Untracked 
| 108|0x0000000086c00000, 0x0000000086d00000, 0x0000000086d00000|100%| O|  |TAMS 0x0000000086d00000, 0x0000000086d00000| Untracked 
| 109|0x0000000086d00000, 0x0000000086e00000, 0x0000000086e00000|100%| O|  |TAMS 0x0000000086e00000, 0x0000000086e00000| Untracked 
| 110|0x0000000086e00000, 0x0000000086f00000, 0x0000000086f00000|100%| O|  |TAMS 0x0000000086f00000, 0x0000000086f00000| Untracked 
| 111|0x0000000086f00000, 0x0000000087000000, 0x0000000087000000|100%| O|  |TAMS 0x0000000087000000, 0x0000000087000000| Untracked 
| 112|0x0000000087000000, 0x0000000087100000, 0x0000000087100000|100%|HS|  |TAMS 0x0000000087100000, 0x0000000087100000| Complete 
| 113|0x0000000087100000, 0x0000000087200000, 0x0000000087200000|100%|HC|  |TAMS 0x0000000087200000, 0x0000000087200000| Complete 
| 114|0x0000000087200000, 0x0000000087300000, 0x0000000087300000|100%| O|  |TAMS 0x0000000087300000, 0x0000000087300000| Untracked 
| 115|0x0000000087300000, 0x0000000087400000, 0x0000000087400000|100%|HS|  |TAMS 0x0000000087400000, 0x0000000087400000| Complete 
| 116|0x0000000087400000, 0x0000000087500000, 0x0000000087500000|100%| O|  |TAMS 0x0000000087500000, 0x0000000087500000| Untracked 
| 117|0x0000000087500000, 0x0000000087600000, 0x0000000087600000|100%|HS|  |TAMS 0x0000000087600000, 0x0000000087600000| Complete 
| 118|0x0000000087600000, 0x0000000087700000, 0x0000000087700000|100%| O|  |TAMS 0x0000000087700000, 0x0000000087700000| Untracked 
| 119|0x0000000087700000, 0x0000000087800000, 0x0000000087800000|100%|HS|  |TAMS 0x0000000087800000, 0x0000000087800000| Complete 
| 120|0x0000000087800000, 0x0000000087900000, 0x0000000087900000|100%| O|  |TAMS 0x0000000087900000, 0x0000000087900000| Untracked 
| 121|0x0000000087900000, 0x0000000087a00000, 0x0000000087a00000|100%|HS|  |TAMS 0x0000000087a00000, 0x0000000087a00000| Complete 
| 122|0x0000000087a00000, 0x0000000087b00000, 0x0000000087b00000|100%| O|  |TAMS 0x0000000087b00000, 0x0000000087b00000| Untracked 
| 123|0x0000000087b00000, 0x0000000087c00000, 0x0000000087c00000|100%|HS|  |TAMS 0x0000000087c00000, 0x0000000087c00000| Complete 
| 124|0x0000000087c00000, 0x0000000087d00000, 0x0000000087d00000|100%| O|  |TAMS 0x0000000087d00000, 0x0000000087d00000| Untracked 
| 125|0x0000000087d00000, 0x0000000087e00000, 0x0000000087e00000|100%|HS|  |TAMS 0x0000000087e00000, 0x0000000087e00000| Complete 
| 126|0x0000000087e00000, 0x0000000087f00000, 0x0000000087f00000|100%| O|  |TAMS 0x0000000087f00000, 0x0000000087f00000| Untracked 
| 127|0x0000000087f00000, 0x0000000088000000, 0x0000000088000000|100%| O|  |TAMS 0x0000000087fbaa00, 0x0000000088000000| Untracked 
| 128|0x0000000088000000, 0x0000000088100000, 0x0000000088100000|100%|HS|  |TAMS 0x0000000088100000, 0x0000000088100000| Complete 
| 129|0x0000000088100000, 0x0000000088200000, 0x0000000088200000|100%|HC|  |TAMS 0x0000000088200000, 0x0000000088200000| Complete 
| 130|0x0000000088200000, 0x0000000088300000, 0x0000000088300000|100%|HS|  |TAMS 0x0000000088200000, 0x0000000088300000| Complete 
| 131|0x0000000088300000, 0x0000000088400000, 0x0000000088400000|100%|HS|  |TAMS 0x0000000088300000, 0x0000000088400000| Complete 
| 132|0x0000000088400000, 0x0000000088500000, 0x0000000088500000|100%|HS|  |TAMS 0x0000000088500000, 0x0000000088500000| Complete 
| 133|0x0000000088500000, 0x0000000088600000, 0x0000000088600000|100%|HC|  |TAMS 0x0000000088600000, 0x0000000088600000| Complete 
| 134|0x0000000088600000, 0x0000000088700000, 0x0000000088700000|100%| O|  |TAMS 0x0000000088700000, 0x0000000088700000| Untracked 
| 135|0x0000000088700000, 0x0000000088800000, 0x0000000088800000|100%| O|  |TAMS 0x0000000088800000, 0x0000000088800000| Untracked 
| 136|0x0000000088800000, 0x0000000088900000, 0x0000000088900000|100%| O|  |TAMS 0x0000000088900000, 0x0000000088900000| Untracked 
| 137|0x0000000088900000, 0x0000000088a00000, 0x0000000088a00000|100%| O|  |TAMS 0x0000000088a00000, 0x0000000088a00000| Untracked 
| 138|0x0000000088a00000, 0x0000000088b00000, 0x0000000088b00000|100%| O|  |TAMS 0x0000000088b00000, 0x0000000088b00000| Untracked 
| 139|0x0000000088b00000, 0x0000000088c00000, 0x0000000088c00000|100%| O|  |TAMS 0x0000000088c00000, 0x0000000088c00000| Untracked 
| 140|0x0000000088c00000, 0x0000000088d00000, 0x0000000088d00000|100%| O|  |TAMS 0x0000000088d00000, 0x0000000088d00000| Untracked 
| 141|0x0000000088d00000, 0x0000000088e00000, 0x0000000088e00000|100%| O|  |TAMS 0x0000000088e00000, 0x0000000088e00000| Untracked 
| 142|0x0000000088e00000, 0x0000000088f00000, 0x0000000088f00000|100%| O|  |TAMS 0x0000000088e00000, 0x0000000088f00000| Untracked 
| 143|0x0000000088f00000, 0x0000000089000000, 0x0000000089000000|100%| O|  |TAMS 0x0000000088f00000, 0x0000000089000000| Untracked 
| 144|0x0000000089000000, 0x0000000089100000, 0x0000000089100000|100%| O|  |TAMS 0x0000000089000000, 0x0000000089100000| Untracked 
| 145|0x0000000089100000, 0x0000000089200000, 0x0000000089200000|100%| O|  |TAMS 0x0000000089100000, 0x0000000089200000| Untracked 
| 146|0x0000000089200000, 0x0000000089300000, 0x0000000089300000|100%| O|  |TAMS 0x0000000089200000, 0x0000000089300000| Untracked 
| 147|0x0000000089300000, 0x0000000089400000, 0x0000000089400000|100%| O|  |TAMS 0x0000000089300000, 0x0000000089400000| Untracked 
| 148|0x0000000089400000, 0x0000000089500000, 0x0000000089500000|100%| O|  |TAMS 0x0000000089400000, 0x0000000089500000| Untracked 
| 149|0x0000000089500000, 0x0000000089600000, 0x0000000089600000|100%| O|  |TAMS 0x0000000089500000, 0x0000000089600000| Untracked 
| 150|0x0000000089600000, 0x0000000089700000, 0x0000000089700000|100%| O|  |TAMS 0x0000000089600000, 0x0000000089700000| Untracked 
| 151|0x0000000089700000, 0x0000000089800000, 0x0000000089800000|100%| O|  |TAMS 0x0000000089700000, 0x0000000089800000| Untracked 
| 152|0x0000000089800000, 0x0000000089900000, 0x0000000089900000|100%| O|  |TAMS 0x0000000089800000, 0x0000000089900000| Untracked 
| 153|0x0000000089900000, 0x0000000089a00000, 0x0000000089a00000|100%| O|  |TAMS 0x0000000089900000, 0x0000000089a00000| Untracked 
| 154|0x0000000089a00000, 0x0000000089b00000, 0x0000000089b00000|100%| O|  |TAMS 0x0000000089a00000, 0x0000000089b00000| Untracked 
| 155|0x0000000089b00000, 0x0000000089c00000, 0x0000000089c00000|100%| O|  |TAMS 0x0000000089b00000, 0x0000000089c00000| Untracked 
| 156|0x0000000089c00000, 0x0000000089d00000, 0x0000000089d00000|100%| O|  |TAMS 0x0000000089c00000, 0x0000000089d00000| Untracked 
| 157|0x0000000089d00000, 0x0000000089e00000, 0x0000000089e00000|100%| O|  |TAMS 0x0000000089d00000, 0x0000000089e00000| Untracked 
| 158|0x0000000089e00000, 0x0000000089f00000, 0x0000000089f00000|100%| O|  |TAMS 0x0000000089e00000, 0x0000000089f00000| Untracked 
| 159|0x0000000089f00000, 0x000000008a000000, 0x000000008a000000|100%| O|  |TAMS 0x0000000089f00000, 0x000000008a000000| Untracked 
| 160|0x000000008a000000, 0x000000008a100000, 0x000000008a100000|100%| O|  |TAMS 0x000000008a000000, 0x000000008a100000| Untracked 
| 161|0x000000008a100000, 0x000000008a200000, 0x000000008a200000|100%| O|  |TAMS 0x000000008a100000, 0x000000008a200000| Untracked 
| 162|0x000000008a200000, 0x000000008a300000, 0x000000008a300000|100%| O|  |TAMS 0x000000008a200000, 0x000000008a300000| Untracked 
| 163|0x000000008a300000, 0x000000008a400000, 0x000000008a400000|100%| O|  |TAMS 0x000000008a300000, 0x000000008a400000| Untracked 
| 164|0x000000008a400000, 0x000000008a500000, 0x000000008a500000|100%| O|  |TAMS 0x000000008a400000, 0x000000008a500000| Untracked 
| 165|0x000000008a500000, 0x000000008a600000, 0x000000008a600000|100%| O|  |TAMS 0x000000008a500000, 0x000000008a600000| Untracked 
| 166|0x000000008a600000, 0x000000008a700000, 0x000000008a700000|100%| O|  |TAMS 0x000000008a600000, 0x000000008a700000| Untracked 
| 167|0x000000008a700000, 0x000000008a72e400, 0x000000008a800000| 18%| O|  |TAMS 0x000000008a700000, 0x000000008a72e400| Untracked 
| 168|0x000000008a800000, 0x000000008a800000, 0x000000008a900000|  0%| F|  |TAMS 0x000000008a800000, 0x000000008a800000| Untracked 
| 169|0x000000008a900000, 0x000000008a900000, 0x000000008aa00000|  0%| F|  |TAMS 0x000000008a900000, 0x000000008a900000| Untracked 
| 170|0x000000008aa00000, 0x000000008aa00000, 0x000000008ab00000|  0%| F|  |TAMS 0x000000008aa00000, 0x000000008aa00000| Untracked 
| 171|0x000000008ab00000, 0x000000008ab00000, 0x000000008ac00000|  0%| F|  |TAMS 0x000000008ab00000, 0x000000008ab00000| Untracked 
| 172|0x000000008ac00000, 0x000000008ac00000, 0x000000008ad00000|  0%| F|  |TAMS 0x000000008ac00000, 0x000000008ac00000| Untracked 
| 173|0x000000008ad00000, 0x000000008ad00000, 0x000000008ae00000|  0%| F|  |TAMS 0x000000008ad00000, 0x000000008ad00000| Untracked 
| 174|0x000000008ae00000, 0x000000008ae00000, 0x000000008af00000|  0%| F|  |TAMS 0x000000008ae00000, 0x000000008ae00000| Untracked 
| 175|0x000000008af00000, 0x000000008af00000, 0x000000008b000000|  0%| F|  |TAMS 0x000000008af00000, 0x000000008af00000| Untracked 
| 176|0x000000008b000000, 0x000000008b000000, 0x000000008b100000|  0%| F|  |TAMS 0x000000008b000000, 0x000000008b000000| Untracked 
| 177|0x000000008b100000, 0x000000008b100000, 0x000000008b200000|  0%| F|  |TAMS 0x000000008b100000, 0x000000008b100000| Untracked 
| 178|0x000000008b200000, 0x000000008b200000, 0x000000008b300000|  0%| F|  |TAMS 0x000000008b200000, 0x000000008b200000| Untracked 
| 179|0x000000008b300000, 0x000000008b300000, 0x000000008b400000|  0%| F|  |TAMS 0x000000008b300000, 0x000000008b300000| Untracked 
| 180|0x000000008b400000, 0x000000008b400000, 0x000000008b500000|  0%| F|  |TAMS 0x000000008b400000, 0x000000008b400000| Untracked 
| 181|0x000000008b500000, 0x000000008b500000, 0x000000008b600000|  0%| F|  |TAMS 0x000000008b500000, 0x000000008b500000| Untracked 
| 182|0x000000008b600000, 0x000000008b600000, 0x000000008b700000|  0%| F|  |TAMS 0x000000008b600000, 0x000000008b600000| Untracked 
| 183|0x000000008b700000, 0x000000008b700000, 0x000000008b800000|  0%| F|  |TAMS 0x000000008b700000, 0x000000008b700000| Untracked 
| 184|0x000000008b800000, 0x000000008b800000, 0x000000008b900000|  0%| F|  |TAMS 0x000000008b800000, 0x000000008b800000| Untracked 
| 185|0x000000008b900000, 0x000000008b900000, 0x000000008ba00000|  0%| F|  |TAMS 0x000000008b900000, 0x000000008b900000| Untracked 
| 186|0x000000008ba00000, 0x000000008ba00000, 0x000000008bb00000|  0%| F|  |TAMS 0x000000008ba00000, 0x000000008ba00000| Untracked 
| 187|0x000000008bb00000, 0x000000008bb00000, 0x000000008bc00000|  0%| F|  |TAMS 0x000000008bb00000, 0x000000008bb00000| Untracked 
| 188|0x000000008bc00000, 0x000000008bc00000, 0x000000008bd00000|  0%| F|  |TAMS 0x000000008bc00000, 0x000000008bc00000| Untracked 
| 189|0x000000008bd00000, 0x000000008bd00000, 0x000000008be00000|  0%| F|  |TAMS 0x000000008bd00000, 0x000000008bd00000| Untracked 
| 190|0x000000008be00000, 0x000000008be00000, 0x000000008bf00000|  0%| F|  |TAMS 0x000000008be00000, 0x000000008be00000| Untracked 
| 191|0x000000008bf00000, 0x000000008bf00000, 0x000000008c000000|  0%| F|  |TAMS 0x000000008bf00000, 0x000000008bf00000| Untracked 
| 192|0x000000008c000000, 0x000000008c000000, 0x000000008c100000|  0%| F|  |TAMS 0x000000008c000000, 0x000000008c000000| Untracked 
| 193|0x000000008c100000, 0x000000008c100000, 0x000000008c200000|  0%| F|  |TAMS 0x000000008c100000, 0x000000008c100000| Untracked 
| 194|0x000000008c200000, 0x000000008c200000, 0x000000008c300000|  0%| F|  |TAMS 0x000000008c200000, 0x000000008c200000| Untracked 
| 195|0x000000008c300000, 0x000000008c300000, 0x000000008c400000|  0%| F|  |TAMS 0x000000008c300000, 0x000000008c300000| Untracked 
| 196|0x000000008c400000, 0x000000008c400000, 0x000000008c500000|  0%| F|  |TAMS 0x000000008c400000, 0x000000008c400000| Untracked 
| 197|0x000000008c500000, 0x000000008c500000, 0x000000008c600000|  0%| F|  |TAMS 0x000000008c500000, 0x000000008c500000| Untracked 
| 198|0x000000008c600000, 0x000000008c600000, 0x000000008c700000|  0%| F|  |TAMS 0x000000008c600000, 0x000000008c600000| Untracked 
| 199|0x000000008c700000, 0x000000008c700000, 0x000000008c800000|  0%| F|  |TAMS 0x000000008c700000, 0x000000008c700000| Untracked 
| 200|0x000000008c800000, 0x000000008c800000, 0x000000008c900000|  0%| F|  |TAMS 0x000000008c800000, 0x000000008c800000| Untracked 
| 201|0x000000008c900000, 0x000000008ca00000, 0x000000008ca00000|100%| S|CS|TAMS 0x000000008c900000, 0x000000008c900000| Complete 
| 202|0x000000008ca00000, 0x000000008cb00000, 0x000000008cb00000|100%| S|CS|TAMS 0x000000008ca00000, 0x000000008ca00000| Complete 
| 203|0x000000008cb00000, 0x000000008cc00000, 0x000000008cc00000|100%| S|CS|TAMS 0x000000008cb00000, 0x000000008cb00000| Complete 
| 204|0x000000008cc00000, 0x000000008cc00000, 0x000000008cd00000|  0%| F|  |TAMS 0x000000008cc00000, 0x000000008cc00000| Untracked 
| 205|0x000000008cd00000, 0x000000008cd00000, 0x000000008ce00000|  0%| F|  |TAMS 0x000000008cd00000, 0x000000008cd00000| Untracked 
| 206|0x000000008ce00000, 0x000000008ce00000, 0x000000008cf00000|  0%| F|  |TAMS 0x000000008ce00000, 0x000000008ce00000| Untracked 
| 207|0x000000008cf00000, 0x000000008cf00000, 0x000000008d000000|  0%| F|  |TAMS 0x000000008cf00000, 0x000000008cf00000| Untracked 
| 208|0x000000008d000000, 0x000000008d000000, 0x000000008d100000|  0%| F|  |TAMS 0x000000008d000000, 0x000000008d000000| Untracked 
| 209|0x000000008d100000, 0x000000008d100000, 0x000000008d200000|  0%| F|  |TAMS 0x000000008d100000, 0x000000008d100000| Untracked 
| 210|0x000000008d200000, 0x000000008d200000, 0x000000008d300000|  0%| F|  |TAMS 0x000000008d200000, 0x000000008d200000| Untracked 
| 211|0x000000008d300000, 0x000000008d300000, 0x000000008d400000|  0%| F|  |TAMS 0x000000008d300000, 0x000000008d300000| Untracked 
| 212|0x000000008d400000, 0x000000008d400000, 0x000000008d500000|  0%| F|  |TAMS 0x000000008d400000, 0x000000008d400000| Untracked 
| 213|0x000000008d500000, 0x000000008d500000, 0x000000008d600000|  0%| F|  |TAMS 0x000000008d500000, 0x000000008d500000| Untracked 
| 214|0x000000008d600000, 0x000000008d600000, 0x000000008d700000|  0%| F|  |TAMS 0x000000008d600000, 0x000000008d600000| Untracked 
| 215|0x000000008d700000, 0x000000008d700000, 0x000000008d800000|  0%| F|  |TAMS 0x000000008d700000, 0x000000008d700000| Untracked 
| 216|0x000000008d800000, 0x000000008d800000, 0x000000008d900000|  0%| F|  |TAMS 0x000000008d800000, 0x000000008d800000| Untracked 
| 217|0x000000008d900000, 0x000000008d900000, 0x000000008da00000|  0%| F|  |TAMS 0x000000008d900000, 0x000000008d900000| Untracked 
| 218|0x000000008da00000, 0x000000008da00000, 0x000000008db00000|  0%| F|  |TAMS 0x000000008da00000, 0x000000008da00000| Untracked 
| 219|0x000000008db00000, 0x000000008db00000, 0x000000008dc00000|  0%| F|  |TAMS 0x000000008db00000, 0x000000008db00000| Untracked 

Card table byte_map: [0x000001faf8920000,0x000001faf8d20000] _byte_map_base: 0x000001faf8520000

Marking Bits (Prev, Next): (CMBitMap*) 0x000001fae574e228, (CMBitMap*) 0x000001fae574e260
 Prev Bits: [0x000001faf9120000, 0x000001fafb120000)
 Next Bits: [0x000001fafb120000, 0x000001fafd120000)

Polling page: 0x000001fae3690000

Metaspace:

Usage:
  Non-class:     80.23 MB capacity,    78.49 MB ( 98%) used,     1.47 MB (  2%) free+waste,   282.50 KB ( <1%) overhead. 
      Class:     12.87 MB capacity,    11.84 MB ( 92%) used,   927.38 KB (  7%) free+waste,   129.44 KB ( <1%) overhead. 
       Both:     93.10 MB capacity,    90.32 MB ( 97%) used,     2.37 MB (  3%) free+waste,   411.94 KB ( <1%) overhead. 

Virtual space:
  Non-class space:       82.00 MB reserved,      80.43 MB ( 98%) committed 
      Class space:        1.00 GB reserved,      12.90 MB (  1%) committed 
             Both:        1.08 GB reserved,      93.32 MB (  8%) committed 

Chunk freelists:
   Non-Class:  10.00 KB
       Class:  7.00 KB
        Both:  17.00 KB

MaxMetaspaceSize: 17179869184.00 GB
CompressedClassSpaceSize: 1.00 GB

CodeHeap 'non-profiled nmethods': size=120000Kb used=7595Kb max_used=7595Kb free=112404Kb
 bounds [0x000001faf0cc0000, 0x000001faf1430000, 0x000001faf81f0000]
CodeHeap 'profiled nmethods': size=120000Kb used=27011Kb max_used=27011Kb free=92988Kb
 bounds [0x000001fae9790000, 0x000001faeb200000, 0x000001faf0cc0000]
CodeHeap 'non-nmethods': size=5760Kb used=2307Kb max_used=2363Kb free=3452Kb
 bounds [0x000001fae91f0000, 0x000001fae9460000, 0x000001fae9790000]
 total_blobs=13212 nmethods=12301 adapters=822
 compilation: enabled
              stopped_count=0, restarted_count=0
 full_count=0

Compilation events (20 events):
Event: 17.192 Thread 0x000001fa8084a800 nmethod 12502 0x000001faeb1ee810 code [0x000001faeb1ee9c0, 0x000001faeb1eeb78]
Event: 17.192 Thread 0x000001fa8084a800 12503       2       com.android.tools.r8.internal.Rb$a::<init> (21 bytes)
Event: 17.192 Thread 0x000001fa8084a800 nmethod 12503 0x000001faeb1eec90 code [0x000001faeb1eee40, 0x000001faeb1eeff8]
Event: 17.192 Thread 0x000001fa8084a800 12257       1       com.android.tools.r8.internal.Mi::B (5 bytes)
Event: 17.192 Thread 0x000001fa8084a800 nmethod 12257 0x000001faf142ac90 code [0x000001faf142ae40, 0x000001faf142aef8]
Event: 17.192 Thread 0x000001fa8084a800 12541       2       com.android.tools.r8.graph.d0::q0 (8 bytes)
Event: 17.193 Thread 0x000001fa8084a800 nmethod 12541 0x000001faeb1ef110 code [0x000001faeb1ef300, 0x000001faeb1ef678]
Event: 17.193 Thread 0x000001fa8084a800 12554       2       com.android.tools.r8.internal.ku$f::hasNext (14 bytes)
Event: 17.193 Thread 0x000001fa8084a800 nmethod 12554 0x000001faeb1ef910 code [0x000001faeb1efac0, 0x000001faeb1efbd8]
Event: 17.193 Thread 0x000001fa8084a800 12537       2       com.android.tools.r8.internal.te::a (15 bytes)
Event: 17.193 Thread 0x000001fa8084a800 nmethod 12537 0x000001faeb1efc90 code [0x000001faeb1efe40, 0x000001faeb1eff58]
Event: 17.193 Thread 0x000001fa8084a800 12545       2       java.util.Map::getOrDefault (28 bytes)
Event: 17.193 Thread 0x000001fa8084a800 nmethod 12545 0x000001faeb1f0010 code [0x000001faeb1f01e0, 0x000001faeb1f0378]
Event: 17.193 Thread 0x000001fa8084a800 12540       2       com.android.tools.r8.dex.j$$Lambda$1177/0x0000000100b4a040::<init> (10 bytes)
Event: 17.193 Thread 0x000001fa8084a800 nmethod 12540 0x000001faeb1f0490 code [0x000001faeb1f0640, 0x000001faeb1f0778]
Event: 17.194 Thread 0x000001fa8084a800 12542       2       com.android.tools.r8.graph.m::<init> (7 bytes)
Event: 17.194 Thread 0x000001fa8084a800 nmethod 12542 0x000001faeb1f0810 code [0x000001faeb1f09c0, 0x000001faeb1f0ab8]
Event: 17.194 Thread 0x000001fa8084a800 12558       2       com.android.tools.r8.code.O0::hashCode (21 bytes)
Event: 17.194 Thread 0x000001fa8084a800 nmethod 12558 0x000001faeb1f0b90 code [0x000001faeb1f0d40, 0x000001faeb1f0e88]
Event: 17.194 Thread 0x000001fa8084a800 12559   !   3       com.android.tools.r8.graph.c0::J (125 bytes)

GC Heap History (20 events):
Event: 15.144 GC heap after
{Heap after GC invocations=22 (full 0):
 garbage-first heap   total 187392K, used 89281K [0x0000000080000000, 0x0000000100000000)
  region size 1024K, 7 young (7168K), 7 survivors (7168K)
 Metaspace       used 85413K, capacity 88120K, committed 88268K, reserved 1126400K
  class space    used 11032K, capacity 12002K, committed 12056K, reserved 1048576K
}
Event: 15.609 GC heap before
{Heap before GC invocations=22 (full 0):
 garbage-first heap   total 187392K, used 153793K [0x0000000080000000, 0x0000000100000000)
  region size 1024K, 71 young (72704K), 7 survivors (7168K)
 Metaspace       used 87031K, capacity 89796K, committed 90060K, reserved 1126400K
  class space    used 11219K, capacity 12236K, committed 12312K, reserved 1048576K
}
Event: 15.623 GC heap after
{Heap after GC invocations=23 (full 0):
 garbage-first heap   total 187392K, used 92708K [0x0000000080000000, 0x0000000100000000)
  region size 1024K, 6 young (6144K), 6 survivors (6144K)
 Metaspace       used 87031K, capacity 89796K, committed 90060K, reserved 1126400K
  class space    used 11219K, capacity 12236K, committed 12312K, reserved 1048576K
}
Event: 15.655 GC heap before
{Heap before GC invocations=23 (full 0):
 garbage-first heap   total 187392K, used 93732K [0x0000000080000000, 0x0000000100000000)
  region size 1024K, 8 young (8192K), 6 survivors (6144K)
 Metaspace       used 87128K, capacity 89936K, committed 90060K, reserved 1126400K
  class space    used 11229K, capacity 12238K, committed 12312K, reserved 1048576K
}
Event: 15.667 GC heap after
{Heap after GC invocations=24 (full 0):
 garbage-first heap   total 187392K, used 93362K [0x0000000080000000, 0x0000000100000000)
  region size 1024K, 4 young (4096K), 4 survivors (4096K)
 Metaspace       used 87128K, capacity 89936K, committed 90060K, reserved 1126400K
  class space    used 11229K, capacity 12238K, committed 12312K, reserved 1048576K
}
Event: 15.884 GC heap before
{Heap before GC invocations=25 (full 0):
 garbage-first heap   total 187392K, used 109746K [0x0000000080000000, 0x0000000100000000)
  region size 1024K, 14 young (14336K), 4 survivors (4096K)
 Metaspace       used 87258K, capacity 89878K, committed 90316K, reserved 1128448K
  class space    used 11197K, capacity 12151K, committed 12312K, reserved 1048576K
}
Event: 15.890 GC heap after
{Heap after GC invocations=26 (full 0):
 garbage-first heap   total 187392K, used 108068K [0x0000000080000000, 0x0000000100000000)
  region size 1024K, 6 young (6144K), 6 survivors (6144K)
 Metaspace       used 87258K, capacity 89878K, committed 90316K, reserved 1128448K
  class space    used 11197K, capacity 12151K, committed 12312K, reserved 1048576K
}
Event: 16.247 GC heap before
{Heap before GC invocations=27 (full 0):
 garbage-first heap   total 187392K, used 123428K [0x0000000080000000, 0x0000000100000000)
  region size 1024K, 18 young (18432K), 6 survivors (6144K)
 Metaspace       used 89926K, capacity 92630K, committed 93004K, reserved 1130496K
  class space    used 11589K, capacity 12541K, committed 12696K, reserved 1048576K
}
Event: 16.252 GC heap after
{Heap after GC invocations=28 (full 0):
 garbage-first heap   total 187392K, used 113818K [0x0000000080000000, 0x0000000100000000)
  region size 1024K, 2 young (2048K), 2 survivors (2048K)
 Metaspace       used 89926K, capacity 92630K, committed 93004K, reserved 1130496K
  class space    used 11589K, capacity 12541K, committed 12696K, reserved 1048576K
}
Event: 16.427 GC heap before
{Heap before GC invocations=28 (full 0):
 garbage-first heap   total 187392K, used 161946K [0x0000000080000000, 0x0000000100000000)
  region size 1024K, 26 young (26624K), 2 survivors (2048K)
 Metaspace       used 90233K, capacity 92943K, committed 93260K, reserved 1130496K
  class space    used 11623K, capacity 12581K, committed 12696K, reserved 1048576K
}
Event: 16.435 GC heap after
{Heap after GC invocations=29 (full 0):
 garbage-first heap   total 187392K, used 136765K [0x0000000080000000, 0x0000000100000000)
  region size 1024K, 4 young (4096K), 4 survivors (4096K)
 Metaspace       used 90233K, capacity 92943K, committed 93260K, reserved 1130496K
  class space    used 11623K, capacity 12581K, committed 12696K, reserved 1048576K
}
Event: 16.527 GC heap before
{Heap before GC invocations=30 (full 0):
 garbage-first heap   total 187392K, used 151101K [0x0000000080000000, 0x0000000100000000)
  region size 1024K, 18 young (18432K), 4 survivors (4096K)
 Metaspace       used 90250K, capacity 92975K, committed 93388K, reserved 1130496K
  class space    used 11625K, capacity 12613K, committed 12824K, reserved 1048576K
}
Event: 16.539 GC heap after
{Heap after GC invocations=31 (full 0):
 garbage-first heap   total 225280K, used 142693K [0x0000000080000000, 0x0000000100000000)
  region size 1024K, 3 young (3072K), 3 survivors (3072K)
 Metaspace       used 90250K, capacity 92975K, committed 93388K, reserved 1130496K
  class space    used 11625K, capacity 12613K, committed 12824K, reserved 1048576K
}
Event: 16.611 GC heap before
{Heap before GC invocations=31 (full 0):
 garbage-first heap   total 225280K, used 152933K [0x0000000080000000, 0x0000000100000000)
  region size 1024K, 14 young (14336K), 3 survivors (3072K)
 Metaspace       used 90250K, capacity 92975K, committed 93388K, reserved 1130496K
  class space    used 11625K, capacity 12613K, committed 12824K, reserved 1048576K
}
Event: 16.622 GC heap after
{Heap after GC invocations=32 (full 0):
 garbage-first heap   total 225280K, used 147178K [0x0000000080000000, 0x0000000100000000)
  region size 1024K, 4 young (4096K), 4 survivors (4096K)
 Metaspace       used 90250K, capacity 92975K, committed 93388K, reserved 1130496K
  class space    used 11625K, capacity 12613K, committed 12824K, reserved 1048576K
}
Event: 16.831 GC heap before
{Heap before GC invocations=32 (full 0):
 garbage-first heap   total 225280K, used 170730K [0x0000000080000000, 0x0000000100000000)
  region size 1024K, 26 young (26624K), 4 survivors (4096K)
 Metaspace       used 90250K, capacity 92975K, committed 93388K, reserved 1130496K
  class space    used 11625K, capacity 12613K, committed 12824K, reserved 1048576K
}
Event: 16.849 GC heap after
{Heap after GC invocations=33 (full 0):
 garbage-first heap   total 225280K, used 158145K [0x0000000080000000, 0x0000000100000000)
  region size 1024K, 4 young (4096K), 4 survivors (4096K)
 Metaspace       used 90250K, capacity 92975K, committed 93388K, reserved 1130496K
  class space    used 11625K, capacity 12613K, committed 12824K, reserved 1048576K
}
Event: 17.088 GC heap before
{Heap before GC invocations=34 (full 0):
 garbage-first heap   total 225280K, used 176577K [0x0000000080000000, 0x0000000100000000)
  region size 1024K, 23 young (23552K), 4 survivors (4096K)
 Metaspace       used 92403K, capacity 95259K, committed 95308K, reserved 1132544K
  class space    used 12120K, capacity 13177K, committed 13208K, reserved 1048576K
}
Event: 17.103 GC heap after
{Heap after GC invocations=35 (full 0):
 garbage-first heap   total 225280K, used 165592K [0x0000000080000000, 0x0000000100000000)
  region size 1024K, 3 young (3072K), 3 survivors (3072K)
 Metaspace       used 92403K, capacity 95259K, committed 95308K, reserved 1132544K
  class space    used 12120K, capacity 13177K, committed 13208K, reserved 1048576K
}
Event: 17.197 GC heap before
{Heap before GC invocations=35 (full 0):
 garbage-first heap   total 225280K, used 181976K [0x0000000080000000, 0x0000000100000000)
  region size 1024K, 19 young (19456K), 3 survivors (3072K)
 Metaspace       used 92490K, capacity 95331K, committed 95564K, reserved 1132544K
  class space    used 12120K, capacity 13177K, committed 13208K, reserved 1048576K
}

Deoptimization events (20 events):
Event: 16.672 Thread 0x000001fa8b17d800 DEOPT PACKING pc=0x000001faeb113a18 sp=0x0000006f8fafd2d0
Event: 16.672 Thread 0x000001fa8b17d800 DEOPT UNPACKING pc=0x000001fae92176ce sp=0x0000006f8fafc7d0 mode 0
Event: 16.672 Thread 0x000001fa8b17d800 Uncommon trap: trap_request=0xffffff4d fr.pc=0x000001faf13d5468 relative=0x0000000000000f88
Event: 16.673 Thread 0x000001fa8b17d800 Uncommon trap: reason=unstable_if action=reinterpret pc=0x000001faf13d5468 method=java.util.concurrent.ConcurrentHashMap.transfer([Ljava/util/concurrent/ConcurrentHashMap$Node;[Ljava/util/concurrent/ConcurrentHashMap$Node;)V @ 352 c2
Event: 16.673 Thread 0x000001fa8b17d800 DEOPT PACKING pc=0x000001faf13d5468 sp=0x0000006f8fafd350
Event: 16.673 Thread 0x000001fa8b17d800 DEOPT UNPACKING pc=0x000001fae92178af sp=0x0000006f8fafd2c8 mode 2
Event: 16.875 Thread 0x000001fa8b17d800 Uncommon trap: trap_request=0xffffff4d fr.pc=0x000001faf13e0d68 relative=0x0000000000001208
Event: 16.875 Thread 0x000001fa8b17d800 Uncommon trap: reason=unstable_if action=reinterpret pc=0x000001faf13e0d68 method=java.util.concurrent.ConcurrentHashMap.putVal(Ljava/lang/Object;Ljava/lang/Object;Z)Ljava/lang/Object; @ 202 c2
Event: 16.875 Thread 0x000001fa8b17d800 DEOPT PACKING pc=0x000001faf13e0d68 sp=0x0000006f8fafd440
Event: 16.875 Thread 0x000001fa8b17d800 DEOPT UNPACKING pc=0x000001fae92178af sp=0x0000006f8fafd3d8 mode 2
Event: 17.137 Thread 0x000001fa8b182000 DEOPT PACKING pc=0x000001faeb198460 sp=0x0000006f8fffe5e0
Event: 17.137 Thread 0x000001fa8b182000 DEOPT UNPACKING pc=0x000001fae92176ce sp=0x0000006f8fffdc08 mode 0
Event: 17.139 Thread 0x000001fa8b182000 DEOPT PACKING pc=0x000001faeb1223d3 sp=0x0000006f8fffe350
Event: 17.139 Thread 0x000001fa8b182000 DEOPT UNPACKING pc=0x000001fae92176ce sp=0x0000006f8fffd8a8 mode 0
Event: 17.147 Thread 0x000001fa8b181000 DEOPT PACKING pc=0x000001faeb198460 sp=0x0000006f903ff000
Event: 17.147 Thread 0x000001fa8b181000 DEOPT UNPACKING pc=0x000001fae92176ce sp=0x0000006f903fe628 mode 0
Event: 17.153 Thread 0x000001fa8b181000 DEOPT PACKING pc=0x000001faeb198460 sp=0x0000006f903fefe0
Event: 17.153 Thread 0x000001fa8b181000 DEOPT UNPACKING pc=0x000001fae92176ce sp=0x0000006f903fe608 mode 0
Event: 17.194 Thread 0x000001fa8b184000 DEOPT PACKING pc=0x000001faeb1d18fe sp=0x0000006f901fe5a0
Event: 17.194 Thread 0x000001fa8b184000 DEOPT UNPACKING pc=0x000001fae92176ce sp=0x0000006f901fdb28 mode 0

Classes redefined (0 events):
No events

Internal exceptions (20 events):
Event: 14.472 Thread 0x000001fa844d5800 Exception <a 'sun/nio/fs/WindowsException'{0x00000000884e3950}> (0x00000000884e3950) thrown at [./src/hotspot/share/prims/jni.cpp, line 615]
Event: 14.488 Thread 0x000001fa844d5800 Exception <a 'java/lang/NoSuchMethodError'{0x00000000882689b0}: <clinit>> (0x00000000882689b0) thrown at [./src/hotspot/share/prims/jni.cpp, line 1362]
Event: 14.492 Thread 0x000001fa844d5800 Exception <a 'java/lang/NoSuchMethodError'{0x000000008829ee28}: <clinit>> (0x000000008829ee28) thrown at [./src/hotspot/share/prims/jni.cpp, line 1362]
Event: 14.495 Thread 0x000001fa844d5800 Exception <a 'java/lang/NoSuchMethodError'{0x00000000882d9fe0}: <clinit>> (0x00000000882d9fe0) thrown at [./src/hotspot/share/prims/jni.cpp, line 1362]
Event: 14.496 Thread 0x000001fa844d5800 Exception <a 'java/lang/NoSuchMethodError'{0x00000000882ecb38}: <clinit>> (0x00000000882ecb38) thrown at [./src/hotspot/share/prims/jni.cpp, line 1362]
Event: 14.941 Thread 0x000001fa8596f000 Implicit null exception at 0x000001faf134d8d2 to 0x000001faf134dcd8
Event: 15.080 Thread 0x000001fa844cd000 Implicit null exception at 0x000001faf136c255 to 0x000001faf136cae8
Event: 15.966 Thread 0x000001fa8b17e800 Exception <a 'java/lang/NoSuchMethodError'{0x000000008b616470}: 'void java.lang.invoke.DirectMethodHandle$Holder.invokeStatic(java.lang.Object, long)'> (0x000000008b616470) thrown at [./src/hotspot/share/interpreter/linkResolver.cpp, line 773]
Event: 15.967 Thread 0x000001fa8b17e800 Exception <a 'java/lang/NoSuchMethodError'{0x000000008b61b688}: 'java.lang.Object java.lang.invoke.DirectMethodHandle$Holder.invokeStatic(java.lang.Object, long)'> (0x000000008b61b688) thrown at [./src/hotspot/share/interpreter/linkResolver.cpp, line 773]
Event: 15.970 Thread 0x000001fa8b17e800 Exception <a 'java/lang/NoSuchMethodError'{0x000000008b5c4238}: 'java.lang.Object java.lang.invoke.DirectMethodHandle$Holder.invokeStaticInit(java.lang.Object, java.lang.Object, long, java.lang.Object)'> (0x000000008b5c4238) thrown at [./src/hotspot/share/interpreter/linkResolver.cpp, line 773]
Event: 15.971 Thread 0x000001fa8b17e800 Exception <a 'java/lang/NoSuchMethodError'{0x000000008b5ca3d0}: 'java.lang.Object java.lang.invoke.DirectMethodHandle$Holder.invokeStatic(java.lang.Object, java.lang.Object, long)'> (0x000000008b5ca3d0) thrown at [./src/hotspot/share/interpreter/linkResolver.cpp, line 773]
Event: 15.971 Thread 0x000001fa8b17e800 Exception <a 'java/lang/NoSuchMethodError'{0x000000008b5d0948}: 'java.lang.Object java.lang.invoke.Invokers$Holder.linkToTargetMethod(java.lang.Object, long, java.lang.Object)'> (0x000000008b5d0948) thrown at [./src/hotspot/share/interpreter/linkResolver.cpp, line 773]
Event: 16.033 Thread 0x000001fa8b17d800 Exception <a 'sun/nio/fs/WindowsException'{0x000000008b314368}> (0x000000008b314368) thrown at [./src/hotspot/share/prims/jni.cpp, line 615]
Event: 16.243 Thread 0x000001fa8b17d800 Exception <a 'java/lang/NoSuchMethodError'{0x000000008ab75e08}: 'java.lang.Object java.lang.invoke.DirectMethodHandle$Holder.invokeStatic(java.lang.Object, java.lang.Object, java.lang.Object, java.lang.Object, java.lang.Object, java.lang.Object, java.lang.Object, java.lang.Object, java.lang.Object, java.lang.Object, java.lang.Object, java.lang.Object, java.lang.Object, java.lang.Object, java.lang.Object, java.lang.Object, java.lang.Object, java.lang.Object, int, java.lang.Object)'> (0x000000008ab75e08) thr
Event: 16.243 Thread 0x000001fa8b17d800 Exception <a 'java/lang/NoSuchMethodError'{0x000000008ab7b8d8}: 'java.lang.Object java.lang.invoke.DirectMethodHandle$Holder.invokeStaticInit(java.lang.Object, java.lang.Object, java.lang.Object, java.lang.Object, java.lang.Object, java.lang.Object, java.lang.Object, java.lang.Object, java.lang.Object, java.lang.Object, java.lang.Object, java.lang.Object, java.lang.Object, java.lang.Object, java.lang.Object, java.lang.Object, java.lang.Object, java.lang.Object, int, java.lang.Object)'> (0x000000008ab7b8d8)
Event: 16.271 Thread 0x000001fa8b17e800 Exception <a 'java/lang/NoSuchMethodError'{0x000000008aff8350}: 'int java.lang.invoke.DirectMethodHandle$Holder.invokeSpecialIFC(java.lang.Object, java.lang.Object, java.lang.Object)'> (0x000000008aff8350) thrown at [./src/hotspot/share/interpreter/linkResolver.cpp, line 773]
Event: 16.911 Thread 0x000001fa8b180000 Exception <a 'java/lang/IncompatibleClassChangeError'{0x000000008d6d5bf0}: Found class java.lang.Object, but interface was expected> (0x000000008d6d5bf0) thrown at [./src/hotspot/share/interpreter/linkResolver.cpp, line 839]
Event: 16.933 Thread 0x000001fa8b17c000 Exception <a 'java/lang/IncompatibleClassChangeError'{0x000000008d58f080}: Found class java.lang.Object, but interface was expected> (0x000000008d58f080) thrown at [./src/hotspot/share/interpreter/linkResolver.cpp, line 839]
Event: 16.934 Thread 0x000001fa8b17c000 Exception <a 'java/lang/IncompatibleClassChangeError'{0x000000008d596498}: Found class java.lang.Object, but interface was expected> (0x000000008d596498) thrown at [./src/hotspot/share/interpreter/linkResolver.cpp, line 839]
Event: 16.935 Thread 0x000001fa8b181000 Exception <a 'java/lang/NoSuchMethodError'{0x000000008d5e65c8}: 'java.lang.Object java.lang.invoke.DirectMethodHandle$Holder.newInvokeSpecial(java.lang.Object, int)'> (0x000000008d5e65c8) thrown at [./src/hotspot/share/interpreter/linkResolver.cpp, line 773]

Events (20 events):
Event: 17.028 loading class com/android/tools/r8/internal/yu done
Event: 17.028 loading class com/android/tools/r8/internal/ku$a
Event: 17.028 loading class com/android/tools/r8/internal/ku$a done
Event: 17.029 loading class com/android/tools/r8/internal/Hu
Event: 17.029 loading class com/android/tools/r8/internal/Hu done
Event: 17.029 loading class com/android/tools/r8/internal/ku$f
Event: 17.029 loading class com/android/tools/r8/internal/ku$f done
Event: 17.030 loading class com/android/tools/r8/internal/Rb$a
Event: 17.030 loading class com/android/tools/r8/internal/Rb$a done
Event: 17.030 loading class com/android/tools/r8/internal/mu
Event: 17.030 loading class com/android/tools/r8/internal/mu done
Event: 17.030 loading class com/android/tools/r8/internal/pr
Event: 17.030 loading class com/android/tools/r8/internal/pr done
Event: 17.031 loading class com/android/tools/r8/internal/ku$d
Event: 17.031 loading class com/android/tools/r8/internal/ku$d done
Event: 17.031 loading class com/android/tools/r8/internal/lu
Event: 17.031 loading class com/android/tools/r8/internal/lu done
Event: 17.087 Executing VM operation: G1CollectForAllocation
Event: 17.103 Executing VM operation: G1CollectForAllocation done
Event: 17.195 Executing VM operation: G1CollectForAllocation


Dynamic libraries:
0x00007ff7bc6e0000 - 0x00007ff7bc6ea000 	C:\Program Files\Android\Android Studio3\jre\bin\java.exe
0x00007ffd703a0000 - 0x00007ffd705af000 	C:\WINDOWS\SYSTEM32\ntdll.dll
0x00007ffd6ed30000 - 0x00007ffd6eded000 	C:\WINDOWS\System32\KERNEL32.DLL
0x00007ffd6d860000 - 0x00007ffd6dbe6000 	C:\WINDOWS\System32\KERNELBASE.dll
0x00007ffd6e0d0000 - 0x00007ffd6e1e1000 	C:\WINDOWS\System32\ucrtbase.dll
0x00007ffd63970000 - 0x00007ffd63989000 	C:\Program Files\Android\Android Studio3\jre\bin\jli.dll
0x00007ffd63950000 - 0x00007ffd63967000 	C:\Program Files\Android\Android Studio3\jre\bin\VCRUNTIME140.dll
0x00007ffd6f140000 - 0x00007ffd6f2ea000 	C:\WINDOWS\System32\USER32.dll
0x00007ffd56840000 - 0x00007ffd56ae1000 	C:\WINDOWS\WinSxS\amd64_microsoft.windows.common-controls_6595b64144ccf1df_6.0.22471.1000_none_228bc6e77ad112f7\COMCTL32.dll
0x00007ffd6e1f0000 - 0x00007ffd6e216000 	C:\WINDOWS\System32\win32u.dll
0x00007ffd6e290000 - 0x00007ffd6e334000 	C:\WINDOWS\System32\msvcrt.dll
0x00007ffd6e580000 - 0x00007ffd6e5a9000 	C:\WINDOWS\System32\GDI32.dll
0x00007ffd6dfb0000 - 0x00007ffd6e0c7000 	C:\WINDOWS\System32\gdi32full.dll
0x00007ffd6de80000 - 0x00007ffd6df1b000 	C:\WINDOWS\System32\msvcp_win.dll
0x00007ffd6e540000 - 0x00007ffd6e571000 	C:\WINDOWS\System32\IMM32.DLL
0x00007ffd638b0000 - 0x00007ffd6394d000 	C:\Program Files\Android\Android Studio3\jre\bin\msvcp140.dll
0x00007ffd431e0000 - 0x00007ffd43caf000 	C:\Program Files\Android\Android Studio3\jre\bin\server\jvm.dll
0x00007ffd6e5b0000 - 0x00007ffd6e65e000 	C:\WINDOWS\System32\ADVAPI32.dll
0x00007ffd6ec80000 - 0x00007ffd6ed21000 	C:\WINDOWS\System32\sechost.dll
0x00007ffd6e420000 - 0x00007ffd6e540000 	C:\WINDOWS\System32\RPCRT4.dll
0x00007ffd6e220000 - 0x00007ffd6e228000 	C:\WINDOWS\System32\PSAPI.DLL
0x00007ffd4a4b0000 - 0x00007ffd4a4b9000 	C:\WINDOWS\SYSTEM32\WSOCK32.dll
0x00007ffd678d0000 - 0x00007ffd67903000 	C:\WINDOWS\SYSTEM32\WINMM.dll
0x00007ffd6f2f0000 - 0x00007ffd6f361000 	C:\WINDOWS\System32\WS2_32.dll
0x00007ffd6b550000 - 0x00007ffd6b55a000 	C:\WINDOWS\SYSTEM32\VERSION.dll
0x00007ffd6c930000 - 0x00007ffd6c948000 	C:\WINDOWS\SYSTEM32\kernel.appcore.dll
0x00007ffd69cf0000 - 0x00007ffd69d01000 	C:\Program Files\Android\Android Studio3\jre\bin\verify.dll
0x00007ffd65500000 - 0x00007ffd65727000 	C:\WINDOWS\SYSTEM32\DBGHELP.DLL
0x00007ffd6e900000 - 0x00007ffd6ec7e000 	C:\WINDOWS\System32\combase.dll
0x00007ffd5d9f0000 - 0x00007ffd5da21000 	C:\WINDOWS\SYSTEM32\dbgcore.DLL
0x00007ffd6df20000 - 0x00007ffd6dfa1000 	C:\WINDOWS\System32\bcryptPrimitives.dll
0x00007ffd69b50000 - 0x00007ffd69b79000 	C:\Program Files\Android\Android Studio3\jre\bin\java.dll
0x00007ffd69310000 - 0x00007ffd6931b000 	C:\Program Files\Android\Android Studio3\jre\bin\jimage.dll
0x00007ffd60970000 - 0x00007ffd60988000 	C:\Program Files\Android\Android Studio3\jre\bin\zip.dll
0x00007ffd6f980000 - 0x00007ffd7012b000 	C:\WINDOWS\System32\SHELL32.dll
0x00007ffd6b900000 - 0x00007ffd6c15c000 	C:\WINDOWS\SYSTEM32\windows.storage.dll
0x00007ffd6b7b0000 - 0x00007ffd6b8f9000 	C:\WINDOWS\SYSTEM32\wintypes.dll
0x00007ffd6e7a0000 - 0x00007ffd6e890000 	C:\WINDOWS\System32\SHCORE.dll
0x00007ffd6e890000 - 0x00007ffd6e8eb000 	C:\WINDOWS\System32\shlwapi.dll
0x00007ffd6d790000 - 0x00007ffd6d7b1000 	C:\WINDOWS\SYSTEM32\profapi.dll
0x00007ffd60950000 - 0x00007ffd6096a000 	C:\Program Files\Android\Android Studio3\jre\bin\net.dll
0x00007ffd67910000 - 0x00007ffd67a20000 	C:\WINDOWS\SYSTEM32\WINHTTP.dll
0x00007ffd6cd80000 - 0x00007ffd6cde9000 	C:\WINDOWS\system32\mswsock.dll
0x00007ffd60930000 - 0x00007ffd60944000 	C:\Program Files\Android\Android Studio3\jre\bin\nio.dll
0x00007ffd60530000 - 0x00007ffd60557000 	C:\Users\xpmkm\.gradle\native\8bec1ad78214c89d9ad589b4d07fe93259594b29d510b10fafb7a158f7737e5d\windows-amd64\native-platform.dll
0x00007ffd60180000 - 0x00007ffd602bd000 	C:\Users\xpmkm\.gradle\native\53dbd7edfb1c66fb8903c78663c9afc45aea4f116125fa6feffd364cf09443e8\windows-amd64\native-platform-file-events.dll
0x00007ffd69300000 - 0x00007ffd6930a000 	C:\Program Files\Android\Android Studio3\jre\bin\management.dll
0x00007ffd69040000 - 0x00007ffd6904c000 	C:\Program Files\Android\Android Studio3\jre\bin\management_ext.dll
0x00007ffd6cfd0000 - 0x00007ffd6cfe8000 	C:\WINDOWS\SYSTEM32\CRYPTSP.dll
0x00007ffd6c890000 - 0x00007ffd6c8c5000 	C:\WINDOWS\system32\rsaenh.dll
0x00007ffd6ce80000 - 0x00007ffd6cea9000 	C:\WINDOWS\SYSTEM32\USERENV.dll
0x00007ffd6d1c0000 - 0x00007ffd6d1e8000 	C:\WINDOWS\SYSTEM32\bcrypt.dll
0x00007ffd6cff0000 - 0x00007ffd6cffc000 	C:\WINDOWS\SYSTEM32\CRYPTBASE.dll
0x00007ffd6c380000 - 0x00007ffd6c3ad000 	C:\WINDOWS\SYSTEM32\IPHLPAPI.DLL
0x00007ffd6e8f0000 - 0x00007ffd6e8f9000 	C:\WINDOWS\System32\NSI.dll
0x00007ffd67320000 - 0x00007ffd67339000 	C:\WINDOWS\SYSTEM32\dhcpcsvc6.DLL
0x00007ffd672e0000 - 0x00007ffd672fe000 	C:\WINDOWS\SYSTEM32\dhcpcsvc.DLL
0x00007ffd6c3b0000 - 0x00007ffd6c4a1000 	C:\WINDOWS\SYSTEM32\DNSAPI.dll

dbghelp: loaded successfully - version: 4.0.5 - missing functions: none
symbol engine: initialized successfully - sym options: 0x614 - pdb path: .;C:\Program Files\Android\Android Studio3\jre\bin;C:\WINDOWS\SYSTEM32;C:\WINDOWS\WinSxS\amd64_microsoft.windows.common-controls_6595b64144ccf1df_6.0.22471.1000_none_228bc6e77ad112f7;C:\Program Files\Android\Android Studio3\jre\bin\server;C:\Users\xpmkm\.gradle\native\8bec1ad78214c89d9ad589b4d07fe93259594b29d510b10fafb7a158f7737e5d\windows-amd64;C:\Users\xpmkm\.gradle\native\53dbd7edfb1c66fb8903c78663c9afc45aea4f116125fa6feffd364cf09443e8\windows-amd64

VM Arguments:
jvm_args: --add-opens=java.base/java.util=ALL-UNNAMED --add-opens=java.base/java.lang=ALL-UNNAMED --add-opens=java.base/java.lang.invoke=ALL-UNNAMED --add-opens=java.base/java.util=ALL-UNNAMED --add-opens=java.prefs/java.util.prefs=ALL-UNNAMED --add-opens=java.prefs/java.util.prefs=ALL-UNNAMED --add-opens=java.base/java.nio.charset=ALL-UNNAMED --add-opens=java.base/java.net=ALL-UNNAMED --add-opens=java.base/java.util.concurrent.atomic=ALL-UNNAMED -Xmx2048m -Dfile.encoding=UTF-8 -Duser.country=IN -Duser.language=en -Duser.variant 
java_command: org.gradle.launcher.daemon.bootstrap.GradleDaemon 7.0.2
java_class_path (initial): C:\Users\xpmkm\.gradle\wrapper\dists\gradle-7.0.2-bin\857tjihv64xamwrf0h14cai3r\gradle-7.0.2\lib\gradle-launcher-7.0.2.jar
Launcher Type: SUN_STANDARD

[Global flags]
     intx CICompilerCount                          = 4                                         {product} {ergonomic}
     uint ConcGCThreads                            = 2                                         {product} {ergonomic}
     uint G1ConcRefinementThreads                  = 8                                         {product} {ergonomic}
   size_t G1HeapRegionSize                         = 1048576                                   {product} {ergonomic}
    uintx GCDrainStackTargetSize                   = 64                                        {product} {ergonomic}
   size_t InitialHeapSize                          = 132120576                                 {product} {ergonomic}
   size_t MarkStackSize                            = 4194304                                   {product} {ergonomic}
   size_t MaxHeapSize                              = 2147483648                                {product} {command line}
   size_t MaxNewSize                               = 1287651328                                {product} {ergonomic}
   size_t MinHeapDeltaBytes                        = 1048576                                   {product} {ergonomic}
    uintx NonNMethodCodeHeapSize                   = 5836300                                {pd product} {ergonomic}
    uintx NonProfiledCodeHeapSize                  = 122910970                              {pd product} {ergonomic}
    uintx ProfiledCodeHeapSize                     = 122910970                              {pd product} {ergonomic}
    uintx ReservedCodeCacheSize                    = 251658240                              {pd product} {ergonomic}
     bool SegmentedCodeCache                       = true                                      {product} {ergonomic}
     bool UseCompressedClassPointers               = true                                 {lp64_product} {ergonomic}
     bool UseCompressedOops                        = true                                 {lp64_product} {ergonomic}
     bool UseG1GC                                  = true                                      {product} {ergonomic}
     bool UseLargePagesIndividualAllocation        = false                                  {pd product} {ergonomic}

Logging:
Log output configuration:
 #0: stdout all=warning uptime,level,tags
 #1: stderr all=off uptime,level,tags

Environment Variables:
PATH=C:\Program Files (x86)\Common Files\Oracle\Java\javapath;C:\WINDOWS\system32;C:\WINDOWS;C:\WINDOWS\System32\Wbem;C:\WINDOWS\System32\WindowsPowerShell\v1.0\;C:\WINDOWS\System32\OpenSSH\;C:\Program Files\Git\cmd;C:\Program Files\nodejs\;C:\xampp\php;C:\ProgramData\ComposerSetup\bin;C:\Users\xpmkm\AppData\Local\Android\Sdk\platform-tools;C:\Program Files\Java\jdk1.8.0_231\bin;C:\Program Files\opnsl\bin;C:\Users\xpmkm\AppData\Roaming\npm;C:\Users\xpmkm\AppData\Local\Programs\Microsoft VS Code\bin;C:\Program Files\flutter\bin;C:\Users\xpmkm\AppData\Roaming\Composer\vendor\bin;C:\Users\xpmkm\AppData\Local\Microsoft\WindowsApps;
USERNAME=xpmkm
OS=Windows_NT
PROCESSOR_IDENTIFIER=AMD64 Family 23 Model 24 Stepping 1, AuthenticAMD



---------------  S Y S T E M  ---------------

OS: Windows 10 , 64 bit Build 22471 (10.0.22471.1000)
OS uptime: 0 days 0:43 hours

CPU:total 8 (initial active 8) (8 cores per cpu, 2 threads per core) family 23 model 24 stepping 1 microcode 0x0, cmov, cx8, fxsr, mmx, sse, sse2, sse3, ssse3, sse4.1, sse4.2, popcnt, avx, avx2, aes, clmul, mmxext, 3dnowpref, lzcnt, sse4a, ht, tsc, tscinvbit, tscinv, bmi1, bmi2, adx, s

Memory: 4k page, system-wide physical 8002M (910M free)
TotalPageFile size 12098M (AvailPageFile size 20M)
current process WorkingSet (physical memory assigned to process): 497M, peak: 499M
current process commit charge ("private bytes"): 539M, peak: 626M

vm_info: OpenJDK 64-Bit Server VM (11.0.10+0-b96-7249189) for windows-amd64 JRE (11.0.10+0-b96-7249189), built on Mar 31 2021 21:44:00 by "builder" with MS VC++ 14.0 (VS2015)

END.
