#
# There is insufficient memory for the Java Runtime Environment to continue.
# Native memory allocation (mmap) failed to map 132120576 bytes for Failed to commit area from 0x0000000082e00000 to 0x000000008ac00000 of length 132120576.
# Possible reasons:
#   The system is out of physical RAM or swap space
#   The process is running with CompressedOops enabled, and the Java Heap may be blocking the growth of the native heap
# Possible solutions:
#   Reduce memory load on the system
#   Increase physical memory or swap space
#   Check if swap backing store is full
#   Decrease Java heap size (-Xmx/-Xms)
#   Decrease number of Java threads
#   Decrease Java thread stack sizes (-Xss)
#   Set larger code cache with -XX:ReservedCodeCacheSize=
# This output file may be truncated or incomplete.
#
#  Out of Memory Error (./src/hotspot/os/windows/os_windows.cpp:3301), pid=34792, tid=27712
#
# JRE version:  (11.0.10) (build )
# Java VM: OpenJDK 64-Bit Server VM (11.0.10+0-b96-7249189, mixed mode, sharing, tiered, compressed oops, g1 gc, windows-amd64)
# No core dump will be written. Minidumps are not enabled by default on client versions of Windows
#

---------------  S U M M A R Y ------------

Command Line: org.jetbrains.git4idea.http.GitAskPassApp Username for 'https://gitlab.com': 

Host: AMD Ryzen 5 3550H with Radeon Vega Mobile Gfx  , 8 cores, 7G,  Windows 10 , 64 bit Build 22471 (10.0.22471.1000)
Time: Mon Oct 18 18:55:28 2021 India Standard Time elapsed time: 0.016091 seconds (0d 0h 0m 0s)

---------------  T H R E A D  ---------------

Current thread (0x0000023aec936800):  JavaThread "Unknown thread" [_thread_in_vm, id=27712, stack(0x00000057e3800000,0x00000057e3900000)]

Stack: [0x00000057e3800000,0x00000057e3900000]
Native frames: (J=compiled Java code, j=interpreted, Vv=VM code, C=native code)
V  [jvm.dll+0x5ecfaa]
V  [jvm.dll+0x722bd5]
V  [jvm.dll+0x72412d]
V  [jvm.dll+0x7247e3]
V  [jvm.dll+0x242928]
V  [jvm.dll+0x5ea374]
V  [jvm.dll+0x5df425]
V  [jvm.dll+0x2fdebb]
V  [jvm.dll+0x2fde2a]
V  [jvm.dll+0x2fdd02]
V  [jvm.dll+0x302bf6]
V  [jvm.dll+0x34b2a3]
V  [jvm.dll+0x34b9a6]
V  [jvm.dll+0x34b3a3]
V  [jvm.dll+0x2d8888]
V  [jvm.dll+0x2d9a37]
V  [jvm.dll+0x701737]
V  [jvm.dll+0x702f2c]
V  [jvm.dll+0x3587d9]
V  [jvm.dll+0x6e4fae]
V  [jvm.dll+0x3c0be3]
V  [jvm.dll+0x3c2e91]
C  [jli.dll+0x5373]
C  [ucrtbase.dll+0x293cc]
C  [KERNEL32.DLL+0x16ab0]
C  [ntdll.dll+0x5c44b]


---------------  P R O C E S S  ---------------

Threads class SMR info:
_java_thread_list=0x0000023aea68ce60, length=0, elements={
}

Java Threads: ( => current thread )

Other Threads:
  0x0000023aec94c800 GCTaskThread "GC Thread#0" [stack: 0x00000057e3900000,0x00000057e3a00000] [id=38928]
  0x0000023aec981800 ConcurrentGCThread "G1 Main Marker" [stack: 0x00000057e3a00000,0x00000057e3b00000] [id=40100]
  0x0000023aec983000 ConcurrentGCThread "G1 Conc#0" [stack: 0x00000057e3b00000,0x00000057e3c00000] [id=43412]

[error occurred during error reporting (printing all threads), id 0xc0000005, EXCEPTION_ACCESS_VIOLATION (0xc0000005) at pc=0x00007ffaddcf9107]

VM state:not at safepoint (not fully initialized)

VM Mutex/Monitor currently owned by a thread:  ([mutex/lock_event])
[0x0000023aec932f50] Heap_lock - owner thread: 0x0000023aec936800

Heap address: 0x0000000082e00000, size: 2002 MB, Compressed Oops mode: Non-zero based: 0x0000000082e00000
Narrow klass base: 0x0000000000000000, Narrow klass shift: 0

GC Heap History (0 events):
No events

Deoptimization events (0 events):
No events

Classes redefined (0 events):
No events

Internal exceptions (0 events):
No events

Events (1 events):
Event: 0.010 Loaded shared library C:\Program Files\Android\Android Studio3\jre\bin\zip.dll


Dynamic libraries:
0x00007ff650e30000 - 0x00007ff650e3a000 	C:\Program Files\Android\Android Studio3\jre\bin\java.exe
0x00007ffb423e0000 - 0x00007ffb425ef000 	C:\WINDOWS\SYSTEM32\ntdll.dll
0x00007ffb40ac0000 - 0x00007ffb40b7d000 	C:\WINDOWS\System32\KERNEL32.DLL
0x00007ffb3f9a0000 - 0x00007ffb3fd26000 	C:\WINDOWS\System32\KERNELBASE.dll
0x00007ffb3cd60000 - 0x00007ffb3cdf2000 	C:\WINDOWS\SYSTEM32\apphelp.dll
0x00007ffb40140000 - 0x00007ffb40251000 	C:\WINDOWS\System32\ucrtbase.dll
0x00007ffb3b470000 - 0x00007ffb3b489000 	C:\Program Files\Android\Android Studio3\jre\bin\jli.dll
0x00007ffb3ae00000 - 0x00007ffb3ae17000 	C:\Program Files\Android\Android Studio3\jre\bin\VCRUNTIME140.dll
0x00007ffb41700000 - 0x00007ffb418aa000 	C:\WINDOWS\System32\USER32.dll
0x00007ffb3ff50000 - 0x00007ffb3ff76000 	C:\WINDOWS\System32\win32u.dll
0x00007ffb31940000 - 0x00007ffb31be1000 	C:\WINDOWS\WinSxS\amd64_microsoft.windows.common-controls_6595b64144ccf1df_6.0.22471.1000_none_228bc6e77ad112f7\COMCTL32.dll
0x00007ffb40540000 - 0x00007ffb405e4000 	C:\WINDOWS\System32\msvcrt.dll
0x00007ffb40d60000 - 0x00007ffb40d89000 	C:\WINDOWS\System32\GDI32.dll
0x00007ffb40020000 - 0x00007ffb40137000 	C:\WINDOWS\System32\gdi32full.dll
0x00007ffb3ff80000 - 0x00007ffb4001b000 	C:\WINDOWS\System32\msvcp_win.dll
0x00007ffb40d90000 - 0x00007ffb40dc1000 	C:\WINDOWS\System32\IMM32.DLL
0x00007ffb30a80000 - 0x00007ffb30b1d000 	C:\Program Files\Android\Android Studio3\jre\bin\msvcp140.dll
0x00007ffadda10000 - 0x00007ffade4df000 	C:\Program Files\Android\Android Studio3\jre\bin\server\jvm.dll
0x00007ffb41570000 - 0x00007ffb4161e000 	C:\WINDOWS\System32\ADVAPI32.dll
0x00007ffb40ca0000 - 0x00007ffb40d41000 	C:\WINDOWS\System32\sechost.dll
0x00007ffb40b80000 - 0x00007ffb40ca0000 	C:\WINDOWS\System32\RPCRT4.dll
0x00007ffb41560000 - 0x00007ffb41568000 	C:\WINDOWS\System32\PSAPI.DLL
0x00007ffb38aa0000 - 0x00007ffb38aaa000 	C:\WINDOWS\SYSTEM32\VERSION.dll
0x00007ffb3ae90000 - 0x00007ffb3ae99000 	C:\WINDOWS\SYSTEM32\WSOCK32.dll
0x00007ffb3a970000 - 0x00007ffb3a9a3000 	C:\WINDOWS\SYSTEM32\WINMM.dll
0x00007ffb40f20000 - 0x00007ffb40f91000 	C:\WINDOWS\System32\WS2_32.dll
0x00007ffb3e970000 - 0x00007ffb3e988000 	C:\WINDOWS\SYSTEM32\kernel.appcore.dll
0x00007ffb23f90000 - 0x00007ffb23fa1000 	C:\Program Files\Android\Android Studio3\jre\bin\verify.dll
0x00007ffb37c70000 - 0x00007ffb37e97000 	C:\WINDOWS\SYSTEM32\DBGHELP.DLL
0x00007ffb40740000 - 0x00007ffb40abe000 	C:\WINDOWS\System32\combase.dll
0x00007ffb30520000 - 0x00007ffb30551000 	C:\WINDOWS\SYSTEM32\dbgcore.DLL
0x00007ffb3f8a0000 - 0x00007ffb3f921000 	C:\WINDOWS\System32\bcryptPrimitives.dll
0x00007ffb23040000 - 0x00007ffb23069000 	C:\Program Files\Android\Android Studio3\jre\bin\java.dll
0x00007ffb3adf0000 - 0x00007ffb3adfb000 	C:\Program Files\Android\Android Studio3\jre\bin\jimage.dll
0x00007ffb232d0000 - 0x00007ffb232e8000 	C:\Program Files\Android\Android Studio3\jre\bin\zip.dll

dbghelp: loaded successfully - version: 4.0.5 - missing functions: none
symbol engine: initialized successfully - sym options: 0x614 - pdb path: .;C:\Program Files\Android\Android Studio3\jre\bin;C:\WINDOWS\SYSTEM32;C:\WINDOWS\WinSxS\amd64_microsoft.windows.common-controls_6595b64144ccf1df_6.0.22471.1000_none_228bc6e77ad112f7;C:\Program Files\Android\Android Studio3\jre\bin\server

VM Arguments:
java_command: org.jetbrains.git4idea.http.GitAskPassApp Username for 'https://gitlab.com': 
java_class_path (initial): C:/Program Files/Android/Android Studio3/plugins/git4idea/lib/git4idea-rt.jar;C:/Program Files/Android/Android Studio3/lib/xmlrpc-2.0.1.jar;C:/Program Files/Android/Android Studio3/lib/commons-codec-1.14.jar
Launcher Type: SUN_STANDARD

[Global flags]
     intx CICompilerCount                          = 4                                         {product} {ergonomic}
     uint ConcGCThreads                            = 2                                         {product} {ergonomic}
     uint G1ConcRefinementThreads                  = 8                                         {product} {ergonomic}
   size_t G1HeapRegionSize                         = 1048576                                   {product} {ergonomic}
    uintx GCDrainStackTargetSize                   = 64                                        {product} {ergonomic}
   size_t InitialHeapSize                          = 132120576                                 {product} {ergonomic}
   size_t MarkStackSize                            = 4194304                                   {product} {ergonomic}
   size_t MaxHeapSize                              = 2099249152                                {product} {ergonomic}
   size_t MinHeapDeltaBytes                        = 1048576                                   {product} {ergonomic}
    uintx NonNMethodCodeHeapSize                   = 5836300                                {pd product} {ergonomic}
    uintx NonProfiledCodeHeapSize                  = 122910970                              {pd product} {ergonomic}
    uintx ProfiledCodeHeapSize                     = 122910970                              {pd product} {ergonomic}
    uintx ReservedCodeCacheSize                    = 251658240                              {pd product} {ergonomic}
     bool SegmentedCodeCache                       = true                                      {product} {ergonomic}
     bool UseCompressedClassPointers               = true                                 {lp64_product} {ergonomic}
     bool UseCompressedOops                        = true                                 {lp64_product} {ergonomic}
     bool UseG1GC                                  = true                                      {product} {ergonomic}
     bool UseLargePagesIndividualAllocation        = false                                  {pd product} {ergonomic}

Logging:
Log output configuration:
 #0: stdout all=warning uptime,level,tags
 #1: stderr all=off uptime,level,tags

Environment Variables:
PATH=C:\Program Files\Git\mingw64\libexec\git-core;C:\Program Files\Git\mingw64\libexec\git-core;C:\Program Files\Git\mingw64\bin;C:\Program Files\Git\usr\bin;C:\Users\xpmkm\bin;C:\Program Files (x86)\Common Files\Oracle\Java\javapath;C:\WINDOWS\system32;C:\WINDOWS;C:\WINDOWS\System32\Wbem;C:\WINDOWS\System32\WindowsPowerShell\v1.0;C:\WINDOWS\System32\OpenSSH;C:\Program Files\Git\cmd;C:\Program Files\nodejs;C:\xampp\php;C:\ProgramData\ComposerSetup\bin;C:\Users\xpmkm\AppData\Local\Android\Sdk\platform-tools;C:\Program Files\Java\jdk1.8.0_231\bin;C:\Program Files\opnsl\bin;C:\Users\xpmkm\AppData\Roaming\npm;C:\Users\xpmkm\AppData\Local\Programs\Microsoft VS Code\bin;C:\Program Files\flutter\bin;C:\Users\xpmkm\AppData\Roaming\Composer\vendor\bin;C:\Users\xpmkm\AppData\Local\Microsoft\WindowsApps
USERNAME=xpmkm
DISPLAY=:0.0
LC_ALL=en_US.UTF-8
OS=Windows_NT
PROCESSOR_IDENTIFIER=AMD64 Family 23 Model 24 Stepping 1, AuthenticAMD



---------------  S Y S T E M  ---------------

OS: Windows 10 , 64 bit Build 22471 (10.0.22471.1000)
OS uptime: 8 days 22:51 hours

CPU:total 8 (initial active 8) (8 cores per cpu, 2 threads per core) family 23 model 24 stepping 1 microcode 0x0, cmov, cx8, fxsr, mmx, sse, sse2, sse3, ssse3, sse4.1, sse4.2, popcnt, avx, avx2, aes, clmul, mmxext, 3dnowpref, lzcnt, sse4a, ht, tsc, tscinvbit, tscinv, bmi1, bmi2, adx, s

Memory: 4k page, system-wide physical 8002M (195M free)
TotalPageFile size 12098M (AvailPageFile size 42M)
current process WorkingSet (physical memory assigned to process): 11M, peak: 11M
current process commit charge ("private bytes"): 60M, peak: 186M

vm_info: OpenJDK 64-Bit Server VM (11.0.10+0-b96-7249189) for windows-amd64 JRE (11.0.10+0-b96-7249189), built on Mar 31 2021 21:44:00 by "builder" with MS VC++ 14.0 (VS2015)

END.
