#
# There is insufficient memory for the Java Runtime Environment to continue.
# Native memory allocation (malloc) failed to allocate 1401776 bytes for Chunk::new
# Possible reasons:
#   The system is out of physical RAM or swap space
#   The process is running with CompressedOops enabled, and the Java Heap may be blocking the growth of the native heap
# Possible solutions:
#   Reduce memory load on the system
#   Increase physical memory or swap space
#   Check if swap backing store is full
#   Decrease Java heap size (-Xmx/-Xms)
#   Decrease number of Java threads
#   Decrease Java thread stack sizes (-Xss)
#   Set larger code cache with -XX:ReservedCodeCacheSize=
#   JVM is running with Unscaled Compressed Oops mode in which the Java heap is
#     placed in the first 4GB address space. The Java Heap base address is the
#     maximum limit for the native heap growth. Please use -XX:HeapBaseMinAddress
#     to set the Java Heap base and to place the Java Heap above 4GB virtual address.
# This output file may be truncated or incomplete.
#
#  Out of Memory Error (./src/hotspot/share/memory/arena.cpp:197), pid=1696, tid=11404
#
# JRE version: OpenJDK Runtime Environment (11.0.10) (build 11.0.10+0-b96-7249189)
# Java VM: OpenJDK 64-Bit Server VM (11.0.10+0-b96-7249189, mixed mode, tiered, compressed oops, g1 gc, windows-amd64)
# No core dump will be written. Minidumps are not enabled by default on client versions of Windows
#

---------------  S U M M A R Y ------------

Command Line: --add-opens=java.base/java.util=ALL-UNNAMED --add-opens=java.base/java.lang=ALL-UNNAMED --add-opens=java.base/java.lang.invoke=ALL-UNNAMED --add-opens=java.base/java.util=ALL-UNNAMED --add-opens=java.prefs/java.util.prefs=ALL-UNNAMED --add-opens=java.prefs/java.util.prefs=ALL-UNNAMED --add-opens=java.base/java.nio.charset=ALL-UNNAMED --add-opens=java.base/java.net=ALL-UNNAMED --add-opens=java.base/java.util.concurrent.atomic=ALL-UNNAMED -Xmx2048m -Dfile.encoding=UTF-8 -Duser.country=IN -Duser.language=en -Duser.variant org.gradle.launcher.daemon.bootstrap.GradleDaemon 7.0.2

Host: AMD Ryzen 5 3550H with Radeon Vega Mobile Gfx  , 8 cores, 7G,  Windows 10 , 64 bit Build 22468 (10.0.22468.1000)
Time: Wed Oct  6 11:52:55 2021 India Standard Time elapsed time: 7.908061 seconds (0d 0h 0m 7s)

---------------  T H R E A D  ---------------

Current thread (0x0000025b399d8000):  JavaThread "C2 CompilerThread0" daemon [_thread_in_native, id=11404, stack(0x000000e87b900000,0x000000e87ba00000)]


Current CompileTask:
C2:   7908 4173       4       java.lang.invoke.LambdaForm$Name::replaceNames (174 bytes)

Stack: [0x000000e87b900000,0x000000e87ba00000]
Native frames: (J=compiled Java code, j=interpreted, Vv=VM code, C=native code)
V  [jvm.dll+0x5ecfaa]
V  [jvm.dll+0x722bd5]
V  [jvm.dll+0x72412d]
V  [jvm.dll+0x7247e3]
V  [jvm.dll+0x242928]
V  [jvm.dll+0xbc4fc]
V  [jvm.dll+0xbca0c]
V  [jvm.dll+0x352d7d]
V  [jvm.dll+0x197e0c]
V  [jvm.dll+0x1fb70e]
V  [jvm.dll+0x1fa7f4]
V  [jvm.dll+0x18354c]
V  [jvm.dll+0x208ee7]
V  [jvm.dll+0x207731]
V  [jvm.dll+0x6eb1cf]
V  [jvm.dll+0x6e3d45]
V  [jvm.dll+0x5ebe96]
C  [ucrtbase.dll+0x293cc]
C  [KERNEL32.DLL+0x16ab0]
C  [ntdll.dll+0x5c44b]


---------------  P R O C E S S  ---------------

Threads class SMR info:
_java_thread_list=0x0000025b3fbd8570, length=42, elements={
0x0000025b1eceb800, 0x0000025b3917d800, 0x0000025b39182000, 0x0000025b399d2800,
0x0000025b399d5000, 0x0000025b399d7000, 0x0000025b399d8000, 0x0000025b399e0800,
0x0000025b399eb800, 0x0000025b39b3f800, 0x0000025b3bf66000, 0x0000025b3c2d6000,
0x0000025b3bdcb000, 0x0000025b3b2da800, 0x0000025b3b3f6800, 0x0000025b3b3f7000,
0x0000025b3d10a800, 0x0000025b3d10b800, 0x0000025b3ba64000, 0x0000025b3ba65000,
0x0000025b3d1cd800, 0x0000025b3d1ce800, 0x0000025b3d1cf000, 0x0000025b3d1d0000,
0x0000025b3c2ee000, 0x0000025b3c2f4000, 0x0000025b3c2f1800, 0x0000025b3c2f0800,
0x0000025b3c2f2000, 0x0000025b3c2f3000, 0x0000025b3c2f0000, 0x0000025b3c2f4800,
0x0000025b3c2ef000, 0x0000025b3c2fa800, 0x0000025b3c2f6800, 0x0000025b3c2f7000,
0x0000025b3c2f8000, 0x0000025b3c2fb000, 0x0000025b3c2f9000, 0x0000025b3c2fc000,
0x0000025b3db04000, 0x0000025b3db08800
}

Java Threads: ( => current thread )
  0x0000025b1eceb800 JavaThread "main" [_thread_blocked, id=564, stack(0x000000e87ad00000,0x000000e87ae00000)]
  0x0000025b3917d800 JavaThread "Reference Handler" daemon [_thread_blocked, id=15076, stack(0x000000e87b400000,0x000000e87b500000)]
  0x0000025b39182000 JavaThread "Finalizer" daemon [_thread_blocked, id=8760, stack(0x000000e87b500000,0x000000e87b600000)]
  0x0000025b399d2800 JavaThread "Signal Dispatcher" daemon [_thread_blocked, id=8436, stack(0x000000e87b600000,0x000000e87b700000)]
  0x0000025b399d5000 JavaThread "Attach Listener" daemon [_thread_blocked, id=8588, stack(0x000000e87b700000,0x000000e87b800000)]
  0x0000025b399d7000 JavaThread "Service Thread" daemon [_thread_blocked, id=11752, stack(0x000000e87b800000,0x000000e87b900000)]
=>0x0000025b399d8000 JavaThread "C2 CompilerThread0" daemon [_thread_in_native, id=11404, stack(0x000000e87b900000,0x000000e87ba00000)]
  0x0000025b399e0800 JavaThread "C1 CompilerThread0" daemon [_thread_blocked, id=9356, stack(0x000000e87ba00000,0x000000e87bb00000)]
  0x0000025b399eb800 JavaThread "Sweeper thread" daemon [_thread_blocked, id=11992, stack(0x000000e87bb00000,0x000000e87bc00000)]
  0x0000025b39b3f800 JavaThread "Common-Cleaner" daemon [_thread_blocked, id=8228, stack(0x000000e87bc00000,0x000000e87bd00000)]
  0x0000025b3bf66000 JavaThread "Daemon health stats" [_thread_blocked, id=12624, stack(0x000000e87c100000,0x000000e87c200000)]
  0x0000025b3c2d6000 JavaThread "Incoming local TCP Connector on port 49603" [_thread_in_native, id=17796, stack(0x000000e87be00000,0x000000e87bf00000)]
  0x0000025b3bdcb000 JavaThread "Daemon periodic checks" [_thread_blocked, id=18132, stack(0x000000e87c200000,0x000000e87c300000)]
  0x0000025b3b2da800 JavaThread "Daemon" [_thread_blocked, id=10160, stack(0x000000e87c300000,0x000000e87c400000)]
  0x0000025b3b3f6800 JavaThread "Handler for socket connection from /127.0.0.1:49603 to /127.0.0.1:49604" [_thread_in_native, id=17196, stack(0x000000e87c400000,0x000000e87c500000)]
  0x0000025b3b3f7000 JavaThread "C2 CompilerThread1" daemon [_thread_in_native, id=1876, stack(0x000000e87c500000,0x000000e87c600000)]
  0x0000025b3d10a800 JavaThread "Cancel handler" [_thread_blocked, id=18392, stack(0x000000e87c600000,0x000000e87c700000)]
  0x0000025b3d10b800 JavaThread "Daemon worker" [_thread_in_Java, id=6188, stack(0x000000e87c700000,0x000000e87c800000)]
  0x0000025b3ba64000 JavaThread "Asynchronous log dispatcher for DefaultDaemonConnection: socket connection from /127.0.0.1:49603 to /127.0.0.1:49604" [_thread_blocked, id=4196, stack(0x000000e87c800000,0x000000e87c900000)]
  0x0000025b3ba65000 JavaThread "Stdin handler" [_thread_blocked, id=14020, stack(0x000000e87c900000,0x000000e87ca00000)]
  0x0000025b3d1cd800 JavaThread "Daemon client event forwarder" [_thread_blocked, id=8188, stack(0x000000e87ca00000,0x000000e87cb00000)]
  0x0000025b3d1ce800 JavaThread "Cache worker for file hash cache (C:\Users\xpmkm\.gradle\caches\7.0.2\fileHashes)" [_thread_blocked, id=452, stack(0x000000e87d000000,0x000000e87d100000)]
  0x0000025b3d1cf000 JavaThread "File lock request listener" [_thread_in_native, id=7820, stack(0x000000e87d100000,0x000000e87d200000)]
  0x0000025b3d1d0000 JavaThread "Cache worker for journal cache (C:\Users\xpmkm\.gradle\caches\journal-1)" [_thread_blocked, id=9596, stack(0x000000e87d300000,0x000000e87d400000)]
  0x0000025b3c2ee000 JavaThread "Cache worker for file hash cache (C:\Users\xpmkm\Desktop\update_code_vezilla-server\codecanyon-L2GSbXtH-dairy-products-grocery-daily-milk-delivery-mobile-app-with-subscription-customer-app-delivery\test-vezilla-android-workspace\.gradle\7.0.2\fileHashes)" [_thread_blocked, id=16728, stack(0x000000e87d400000,0x000000e87d500000)]
  0x0000025b3c2f4000 JavaThread "File watcher server" daemon [_thread_in_native, id=6616, stack(0x000000e87d500000,0x000000e87d600000)]
  0x0000025b3c2f1800 JavaThread "File watcher consumer" daemon [_thread_blocked, id=8460, stack(0x000000e87d600000,0x000000e87d700000)]
  0x0000025b3c2f0800 JavaThread "jar transforms" [_thread_blocked, id=8304, stack(0x000000e87d700000,0x000000e87d800000)]
  0x0000025b3c2f2000 JavaThread "jar transforms Thread 2" [_thread_blocked, id=7972, stack(0x000000e87d800000,0x000000e87d900000)]
  0x0000025b3c2f3000 JavaThread "jar transforms Thread 3" [_thread_blocked, id=17420, stack(0x000000e87d900000,0x000000e87da00000)]
  0x0000025b3c2f0000 JavaThread "jar transforms Thread 4" [_thread_blocked, id=10924, stack(0x000000e87da00000,0x000000e87db00000)]
  0x0000025b3c2f4800 JavaThread "jar transforms Thread 5" [_thread_blocked, id=2032, stack(0x000000e87db00000,0x000000e87dc00000)]
  0x0000025b3c2ef000 JavaThread "jar transforms Thread 6" [_thread_blocked, id=12740, stack(0x000000e87dc00000,0x000000e87dd00000)]
  0x0000025b3c2fa800 JavaThread "jar transforms Thread 7" [_thread_blocked, id=18220, stack(0x000000e87dd00000,0x000000e87de00000)]
  0x0000025b3c2f6800 JavaThread "jar transforms Thread 8" [_thread_blocked, id=16484, stack(0x000000e87de00000,0x000000e87df00000)]
  0x0000025b3c2f7000 JavaThread "Cache worker for checksums cache (C:\Users\xpmkm\Desktop\update_code_vezilla-server\codecanyon-L2GSbXtH-dairy-products-grocery-daily-milk-delivery-mobile-app-with-subscription-customer-app-delivery\test-vezilla-android-workspace\.gradle\checksums)" [_thread_blocked, id=14096, stack(0x000000e87df00000,0x000000e87e000000)]
  0x0000025b3c2f8000 JavaThread "Cache worker for cache directory md-supplier (C:\Users\xpmkm\.gradle\caches\7.0.2\md-supplier)" [_thread_blocked, id=7620, stack(0x000000e87e000000,0x000000e87e100000)]
  0x0000025b3c2fb000 JavaThread "Cache worker for cache directory md-rule (C:\Users\xpmkm\.gradle\caches\7.0.2\md-rule)" [_thread_blocked, id=14120, stack(0x000000e87e100000,0x000000e87e200000)]
  0x0000025b3c2f9000 JavaThread "Cache worker for execution history cache (C:\Users\xpmkm\.gradle\caches\7.0.2\executionHistory)" [_thread_blocked, id=16804, stack(0x000000e87e200000,0x000000e87e300000)]
  0x0000025b3c2fc000 JavaThread "Cache worker for file content cache (C:\Users\xpmkm\.gradle\caches\7.0.2\fileContent)" [_thread_blocked, id=13744, stack(0x000000e87e300000,0x000000e87e400000)]
  0x0000025b3db04000 JavaThread "Cache worker for dependencies-accessors (C:\Users\xpmkm\Desktop\update_code_vezilla-server\codecanyon-L2GSbXtH-dairy-products-grocery-daily-milk-delivery-mobile-app-with-subscription-customer-app-delivery\test-vezilla-android-workspace\.gradle\7.0.2\dependencies-accessors)" [_thread_blocked, id=13284, stack(0x000000e87e400000,0x000000e87e500000)]
  0x0000025b3db08800 JavaThread "Cache worker for Build Output Cleanup Cache (C:\Users\xpmkm\Desktop\update_code_vezilla-server\codecanyon-L2GSbXtH-dairy-products-grocery-daily-milk-delivery-mobile-app-with-subscription-customer-app-delivery\test-vezilla-android-workspace\.gradle\buildOutputCleanup)" [_thread_blocked, id=2400, stack(0x000000e87e500000,0x000000e87e600000)]

Other Threads:
  0x0000025b39168000 VMThread "VM Thread" [stack: 0x000000e87b300000,0x000000e87b400000] [id=10740]
  0x0000025b39b74800 WatcherThread [stack: 0x000000e87bd00000,0x000000e87be00000] [id=14744]
  0x0000025b1cced000 GCTaskThread "GC Thread#0" [stack: 0x000000e87ae00000,0x000000e87af00000] [id=11652]
  0x0000025b3a888800 GCTaskThread "GC Thread#1" [stack: 0x000000e87bf00000,0x000000e87c000000] [id=16392]
  0x0000025b39f44800 GCTaskThread "GC Thread#2" [stack: 0x000000e87c000000,0x000000e87c100000] [id=15732]
  0x0000025b3b5cf000 GCTaskThread "GC Thread#3" [stack: 0x000000e87cb00000,0x000000e87cc00000] [id=13864]
  0x0000025b3d1d1800 GCTaskThread "GC Thread#4" [stack: 0x000000e87cc00000,0x000000e87cd00000] [id=12128]
  0x0000025b3c08c800 GCTaskThread "GC Thread#5" [stack: 0x000000e87cd00000,0x000000e87ce00000] [id=16912]
  0x0000025b3bfdb800 GCTaskThread "GC Thread#6" [stack: 0x000000e87ce00000,0x000000e87cf00000] [id=18076]
  0x0000025b3b2db000 GCTaskThread "GC Thread#7" [stack: 0x000000e87cf00000,0x000000e87d000000] [id=3240]
  0x0000025b1ed33000 ConcurrentGCThread "G1 Main Marker" [stack: 0x000000e87af00000,0x000000e87b000000] [id=6924]
  0x0000025b1ed34000 ConcurrentGCThread "G1 Conc#0" [stack: 0x000000e87b000000,0x000000e87b100000] [id=15108]
  0x0000025b3b94a000 ConcurrentGCThread "G1 Conc#1" [stack: 0x000000e87d200000,0x000000e87d300000] [id=4808]
  0x0000025b1edad800 ConcurrentGCThread "G1 Refine#0" [stack: 0x000000e87b100000,0x000000e87b200000] [id=13880]
  0x0000025b38fb6800 ConcurrentGCThread "G1 Young RemSet Sampling" [stack: 0x000000e87b200000,0x000000e87b300000] [id=9188]

Threads with active compile tasks:
C2 CompilerThread0   7944 4173       4       java.lang.invoke.LambdaForm$Name::replaceNames (174 bytes)
C2 CompilerThread1   7944 4342   !   4       java.util.concurrent.ConcurrentHashMap::computeIfAbsent (576 bytes)

VM state:not at safepoint (normal execution)

VM Mutex/Monitor currently owned by a thread: None

Heap address: 0x0000000080000000, size: 2048 MB, Compressed Oops mode: 32-bit
Narrow klass base: 0x0000000000000000, Narrow klass shift: 3
Compressed class space size: 1073741824 Address: 0x0000000100000000

Heap:
 garbage-first heap   total 155648K, used 97008K [0x0000000080000000, 0x0000000100000000)
  region size 1024K, 52 young (53248K), 9 survivors (9216K)
 Metaspace       used 47410K, capacity 48831K, committed 49152K, reserved 1091584K
  class space    used 6092K, capacity 6551K, committed 6656K, reserved 1048576K
Heap Regions: E=young(eden), S=young(survivor), O=old, HS=humongous(starts), HC=humongous(continues), CS=collection set, F=free, A=archive, TAMS=top-at-mark-start (previous, next)
|   0|0x0000000080000000, 0x0000000080100000, 0x0000000080100000|100%| O|  |TAMS 0x0000000080100000, 0x0000000080000000| Untracked 
|   1|0x0000000080100000, 0x0000000080200000, 0x0000000080200000|100%| O|  |TAMS 0x0000000080200000, 0x0000000080100000| Untracked 
|   2|0x0000000080200000, 0x0000000080300000, 0x0000000080300000|100%| O|  |TAMS 0x0000000080300000, 0x0000000080200000| Untracked 
|   3|0x0000000080300000, 0x0000000080400000, 0x0000000080400000|100%|HS|  |TAMS 0x0000000080400000, 0x0000000080300000| Complete 
|   4|0x0000000080400000, 0x0000000080500000, 0x0000000080500000|100%|HC|  |TAMS 0x0000000080500000, 0x0000000080400000| Complete 
|   5|0x0000000080500000, 0x0000000080600000, 0x0000000080600000|100%|HC|  |TAMS 0x0000000080600000, 0x0000000080500000| Complete 
|   6|0x0000000080600000, 0x0000000080700000, 0x0000000080700000|100%| O|  |TAMS 0x0000000080700000, 0x0000000080600000| Untracked 
|   7|0x0000000080700000, 0x0000000080800000, 0x0000000080800000|100%| O|  |TAMS 0x0000000080800000, 0x0000000080700000| Untracked 
|   8|0x0000000080800000, 0x0000000080900000, 0x0000000080900000|100%| O|  |TAMS 0x0000000080900000, 0x0000000080800000| Untracked 
|   9|0x0000000080900000, 0x0000000080a00000, 0x0000000080a00000|100%| O|  |TAMS 0x0000000080a00000, 0x0000000080900000| Untracked 
|  10|0x0000000080a00000, 0x0000000080b00000, 0x0000000080b00000|100%| O|  |TAMS 0x0000000080b00000, 0x0000000080a00000| Untracked 
|  11|0x0000000080b00000, 0x0000000080c00000, 0x0000000080c00000|100%| O|  |TAMS 0x0000000080c00000, 0x0000000080b00000| Untracked 
|  12|0x0000000080c00000, 0x0000000080d00000, 0x0000000080d00000|100%| O|  |TAMS 0x0000000080d00000, 0x0000000080c00000| Untracked 
|  13|0x0000000080d00000, 0x0000000080e00000, 0x0000000080e00000|100%| O|  |TAMS 0x0000000080e00000, 0x0000000080d00000| Untracked 
|  14|0x0000000080e00000, 0x0000000080f00000, 0x0000000080f00000|100%|HS|  |TAMS 0x0000000080f00000, 0x0000000080e00000| Complete 
|  15|0x0000000080f00000, 0x0000000081000000, 0x0000000081000000|100%|HC|  |TAMS 0x0000000081000000, 0x0000000080f00000| Complete 
|  16|0x0000000081000000, 0x0000000081100000, 0x0000000081100000|100%|HS|  |TAMS 0x0000000081100000, 0x0000000081000000| Complete 
|  17|0x0000000081100000, 0x0000000081200000, 0x0000000081200000|100%|HC|  |TAMS 0x0000000081200000, 0x0000000081100000| Complete 
|  18|0x0000000081200000, 0x0000000081300000, 0x0000000081300000|100%|HC|  |TAMS 0x0000000081300000, 0x0000000081200000| Complete 
|  19|0x0000000081300000, 0x0000000081400000, 0x0000000081400000|100%|HS|  |TAMS 0x0000000081400000, 0x0000000081300000| Complete 
|  20|0x0000000081400000, 0x0000000081500000, 0x0000000081500000|100%|HC|  |TAMS 0x0000000081500000, 0x0000000081400000| Complete 
|  21|0x0000000081500000, 0x0000000081600000, 0x0000000081600000|100%|HC|  |TAMS 0x0000000081600000, 0x0000000081500000| Complete 
|  22|0x0000000081600000, 0x0000000081700000, 0x0000000081700000|100%|HC|  |TAMS 0x0000000081700000, 0x0000000081600000| Complete 
|  23|0x0000000081700000, 0x0000000081800000, 0x0000000081800000|100%|HC|  |TAMS 0x0000000081800000, 0x0000000081700000| Complete 
|  24|0x0000000081800000, 0x0000000081900000, 0x0000000081900000|100%| O|  |TAMS 0x0000000081900000, 0x0000000081800000| Untracked 
|  25|0x0000000081900000, 0x0000000081a00000, 0x0000000081a00000|100%| O|  |TAMS 0x0000000081a00000, 0x0000000081900000| Untracked 
|  26|0x0000000081a00000, 0x0000000081b00000, 0x0000000081b00000|100%| O|  |TAMS 0x0000000081b00000, 0x0000000081a00000| Untracked 
|  27|0x0000000081b00000, 0x0000000081c00000, 0x0000000081c00000|100%| O|  |TAMS 0x0000000081c00000, 0x0000000081b00000| Untracked 
|  28|0x0000000081c00000, 0x0000000081d00000, 0x0000000081d00000|100%| O|  |TAMS 0x0000000081d00000, 0x0000000081c00000| Untracked 
|  29|0x0000000081d00000, 0x0000000081e00000, 0x0000000081e00000|100%| O|  |TAMS 0x0000000081e00000, 0x0000000081d00000| Untracked 
|  30|0x0000000081e00000, 0x0000000081f00000, 0x0000000081f00000|100%| O|  |TAMS 0x0000000081f00000, 0x0000000081e00000| Untracked 
|  31|0x0000000081f00000, 0x0000000082000000, 0x0000000082000000|100%| O|  |TAMS 0x0000000082000000, 0x0000000081f00000| Untracked 
|  32|0x0000000082000000, 0x0000000082100000, 0x0000000082100000|100%| O|  |TAMS 0x0000000082100000, 0x0000000082000000| Untracked 
|  33|0x0000000082100000, 0x0000000082200000, 0x0000000082200000|100%| O|  |TAMS 0x0000000082200000, 0x0000000082100000| Untracked 
|  34|0x0000000082200000, 0x0000000082300000, 0x0000000082300000|100%| O|  |TAMS 0x0000000082272200, 0x0000000082200000| Untracked 
|  35|0x0000000082300000, 0x0000000082400000, 0x0000000082400000|100%|HS|  |TAMS 0x0000000082300000, 0x0000000082300000| Complete 
|  36|0x0000000082400000, 0x0000000082500000, 0x0000000082500000|100%|HC|  |TAMS 0x0000000082400000, 0x0000000082400000| Complete 
|  37|0x0000000082500000, 0x0000000082600000, 0x0000000082600000|100%|HC|  |TAMS 0x0000000082500000, 0x0000000082500000| Complete 
|  38|0x0000000082600000, 0x0000000082700000, 0x0000000082700000|100%|HC|  |TAMS 0x0000000082600000, 0x0000000082600000| Complete 
|  39|0x0000000082700000, 0x0000000082800000, 0x0000000082800000|100%|HC|  |TAMS 0x0000000082700000, 0x0000000082700000| Complete 
|  40|0x0000000082800000, 0x0000000082900000, 0x0000000082900000|100%|HS|  |TAMS 0x0000000082800000, 0x0000000082800000| Complete 
|  41|0x0000000082900000, 0x0000000082a00000, 0x0000000082a00000|100%|HC|  |TAMS 0x0000000082900000, 0x0000000082900000| Complete 
|  42|0x0000000082a00000, 0x0000000082b00000, 0x0000000082b00000|100%|HC|  |TAMS 0x0000000082a00000, 0x0000000082a00000| Complete 
|  43|0x0000000082b00000, 0x0000000082b00000, 0x0000000082c00000|  0%| F|  |TAMS 0x0000000082b00000, 0x0000000082b00000| Untracked 
|  44|0x0000000082c00000, 0x0000000082cbc200, 0x0000000082d00000| 73%| O|  |TAMS 0x0000000082c00000, 0x0000000082c00000| Untracked 
|  45|0x0000000082d00000, 0x0000000082d00000, 0x0000000082e00000|  0%| F|  |TAMS 0x0000000082d00000, 0x0000000082d00000| Untracked 
|  46|0x0000000082e00000, 0x0000000082e00000, 0x0000000082f00000|  0%| F|  |TAMS 0x0000000082e00000, 0x0000000082e00000| Untracked 
|  47|0x0000000082f00000, 0x0000000082f00000, 0x0000000083000000|  0%| F|  |TAMS 0x0000000082f00000, 0x0000000082f00000| Untracked 
|  48|0x0000000083000000, 0x0000000083000000, 0x0000000083100000|  0%| F|  |TAMS 0x0000000083000000, 0x0000000083000000| Untracked 
|  49|0x0000000083100000, 0x0000000083100000, 0x0000000083200000|  0%| F|  |TAMS 0x0000000083100000, 0x0000000083100000| Untracked 
|  50|0x0000000083200000, 0x0000000083200000, 0x0000000083300000|  0%| F|  |TAMS 0x0000000083200000, 0x0000000083200000| Untracked 
|  51|0x0000000083300000, 0x0000000083300000, 0x0000000083400000|  0%| F|  |TAMS 0x0000000083300000, 0x0000000083300000| Untracked 
|  52|0x0000000083400000, 0x0000000083400000, 0x0000000083500000|  0%| F|  |TAMS 0x0000000083400000, 0x0000000083400000| Untracked 
|  53|0x0000000083500000, 0x0000000083500000, 0x0000000083600000|  0%| F|  |TAMS 0x0000000083500000, 0x0000000083500000| Untracked 
|  54|0x0000000083600000, 0x0000000083600000, 0x0000000083700000|  0%| F|  |TAMS 0x0000000083600000, 0x0000000083600000| Untracked 
|  55|0x0000000083700000, 0x0000000083700000, 0x0000000083800000|  0%| F|  |TAMS 0x0000000083700000, 0x0000000083700000| Untracked 
|  56|0x0000000083800000, 0x0000000083800000, 0x0000000083900000|  0%| F|  |TAMS 0x0000000083800000, 0x0000000083800000| Untracked 
|  57|0x0000000083900000, 0x0000000083900000, 0x0000000083a00000|  0%| F|  |TAMS 0x0000000083900000, 0x0000000083900000| Untracked 
|  58|0x0000000083a00000, 0x0000000083a00000, 0x0000000083b00000|  0%| F|  |TAMS 0x0000000083a00000, 0x0000000083a00000| Untracked 
|  59|0x0000000083b00000, 0x0000000083b00000, 0x0000000083c00000|  0%| F|  |TAMS 0x0000000083b00000, 0x0000000083b00000| Untracked 
|  60|0x0000000083c00000, 0x0000000083c00000, 0x0000000083d00000|  0%| F|  |TAMS 0x0000000083c00000, 0x0000000083c00000| Untracked 
|  61|0x0000000083d00000, 0x0000000083d00000, 0x0000000083e00000|  0%| F|  |TAMS 0x0000000083d00000, 0x0000000083d00000| Untracked 
|  62|0x0000000083e00000, 0x0000000083e00000, 0x0000000083f00000|  0%| F|  |TAMS 0x0000000083e00000, 0x0000000083e00000| Untracked 
|  63|0x0000000083f00000, 0x0000000083f00000, 0x0000000084000000|  0%| F|  |TAMS 0x0000000083f00000, 0x0000000083f00000| Untracked 
|  64|0x0000000084000000, 0x0000000084000000, 0x0000000084100000|  0%| F|  |TAMS 0x0000000084000000, 0x0000000084000000| Untracked 
|  65|0x0000000084100000, 0x0000000084100000, 0x0000000084200000|  0%| F|  |TAMS 0x0000000084100000, 0x0000000084100000| Untracked 
|  66|0x0000000084200000, 0x0000000084200000, 0x0000000084300000|  0%| F|  |TAMS 0x0000000084200000, 0x0000000084200000| Untracked 
|  67|0x0000000084300000, 0x0000000084300000, 0x0000000084400000|  0%| F|  |TAMS 0x0000000084300000, 0x0000000084300000| Untracked 
|  68|0x0000000084400000, 0x0000000084400000, 0x0000000084500000|  0%| F|  |TAMS 0x0000000084400000, 0x0000000084400000| Untracked 
|  69|0x0000000084500000, 0x0000000084500000, 0x0000000084600000|  0%| F|  |TAMS 0x0000000084500000, 0x0000000084500000| Untracked 
|  70|0x0000000084600000, 0x0000000084600000, 0x0000000084700000|  0%| F|  |TAMS 0x0000000084600000, 0x0000000084600000| Untracked 
|  71|0x0000000084700000, 0x0000000084700000, 0x0000000084800000|  0%| F|  |TAMS 0x0000000084700000, 0x0000000084700000| Untracked 
|  72|0x0000000084800000, 0x0000000084800000, 0x0000000084900000|  0%| F|  |TAMS 0x0000000084800000, 0x0000000084800000| Untracked 
|  73|0x0000000084900000, 0x0000000084900000, 0x0000000084a00000|  0%| F|  |TAMS 0x0000000084900000, 0x0000000084900000| Untracked 
|  74|0x0000000084a00000, 0x0000000084a00000, 0x0000000084b00000|  0%| F|  |TAMS 0x0000000084a00000, 0x0000000084a00000| Untracked 
|  75|0x0000000084b00000, 0x0000000084b00000, 0x0000000084c00000|  0%| F|  |TAMS 0x0000000084b00000, 0x0000000084b00000| Untracked 
|  76|0x0000000084c00000, 0x0000000084c00000, 0x0000000084d00000|  0%| F|  |TAMS 0x0000000084c00000, 0x0000000084c00000| Untracked 
|  77|0x0000000084d00000, 0x0000000084d00000, 0x0000000084e00000|  0%| F|  |TAMS 0x0000000084d00000, 0x0000000084d00000| Untracked 
|  78|0x0000000084e00000, 0x0000000084e00000, 0x0000000084f00000|  0%| F|  |TAMS 0x0000000084e00000, 0x0000000084e00000| Untracked 
|  79|0x0000000084f00000, 0x0000000085000000, 0x0000000085000000|100%| S|CS|TAMS 0x0000000084f00000, 0x0000000084f00000| Complete 
|  80|0x0000000085000000, 0x0000000085100000, 0x0000000085100000|100%| S|CS|TAMS 0x0000000085000000, 0x0000000085000000| Complete 
|  81|0x0000000085100000, 0x0000000085200000, 0x0000000085200000|100%| S|CS|TAMS 0x0000000085100000, 0x0000000085100000| Complete 
|  82|0x0000000085200000, 0x0000000085300000, 0x0000000085300000|100%| S|CS|TAMS 0x0000000085200000, 0x0000000085200000| Complete 
|  83|0x0000000085300000, 0x0000000085400000, 0x0000000085400000|100%| S|CS|TAMS 0x0000000085300000, 0x0000000085300000| Complete 
|  84|0x0000000085400000, 0x0000000085500000, 0x0000000085500000|100%| S|CS|TAMS 0x0000000085400000, 0x0000000085400000| Complete 
|  85|0x0000000085500000, 0x0000000085600000, 0x0000000085600000|100%| S|CS|TAMS 0x0000000085500000, 0x0000000085500000| Complete 
|  86|0x0000000085600000, 0x0000000085700000, 0x0000000085700000|100%| S|CS|TAMS 0x0000000085600000, 0x0000000085600000| Complete 
|  87|0x0000000085700000, 0x0000000085800000, 0x0000000085800000|100%| S|CS|TAMS 0x0000000085700000, 0x0000000085700000| Complete 
|  88|0x0000000085800000, 0x0000000085800000, 0x0000000085900000|  0%| F|  |TAMS 0x0000000085800000, 0x0000000085800000| Untracked 
|  89|0x0000000085900000, 0x0000000085900000, 0x0000000085a00000|  0%| F|  |TAMS 0x0000000085900000, 0x0000000085900000| Untracked 
|  90|0x0000000085a00000, 0x0000000085a00000, 0x0000000085b00000|  0%| F|  |TAMS 0x0000000085a00000, 0x0000000085a00000| Untracked 
|  91|0x0000000085b00000, 0x0000000085b00000, 0x0000000085c00000|  0%| F|  |TAMS 0x0000000085b00000, 0x0000000085b00000| Untracked 
|  92|0x0000000085c00000, 0x0000000085c00000, 0x0000000085d00000|  0%| F|  |TAMS 0x0000000085c00000, 0x0000000085c00000| Untracked 
|  93|0x0000000085d00000, 0x0000000085d00000, 0x0000000085e00000|  0%| F|  |TAMS 0x0000000085d00000, 0x0000000085d00000| Untracked 
|  94|0x0000000085e00000, 0x0000000085e00000, 0x0000000085f00000|  0%| F|  |TAMS 0x0000000085e00000, 0x0000000085e00000| Untracked 
|  95|0x0000000085f00000, 0x0000000085f00000, 0x0000000086000000|  0%| F|  |TAMS 0x0000000085f00000, 0x0000000085f00000| Untracked 
|  96|0x0000000086000000, 0x0000000086000000, 0x0000000086100000|  0%| F|  |TAMS 0x0000000086000000, 0x0000000086000000| Untracked 
|  97|0x0000000086100000, 0x0000000086100000, 0x0000000086200000|  0%| F|  |TAMS 0x0000000086100000, 0x0000000086100000| Untracked 
|  98|0x0000000086200000, 0x0000000086200000, 0x0000000086300000|  0%| F|  |TAMS 0x0000000086200000, 0x0000000086200000| Untracked 
|  99|0x0000000086300000, 0x0000000086300000, 0x0000000086400000|  0%| F|  |TAMS 0x0000000086300000, 0x0000000086300000| Untracked 
| 100|0x0000000086400000, 0x0000000086400000, 0x0000000086500000|  0%| F|  |TAMS 0x0000000086400000, 0x0000000086400000| Untracked 
| 101|0x0000000086500000, 0x0000000086500000, 0x0000000086600000|  0%| F|  |TAMS 0x0000000086500000, 0x0000000086500000| Untracked 
| 102|0x0000000086600000, 0x0000000086600000, 0x0000000086700000|  0%| F|  |TAMS 0x0000000086600000, 0x0000000086600000| Untracked 
| 103|0x0000000086700000, 0x0000000086700000, 0x0000000086800000|  0%| F|  |TAMS 0x0000000086700000, 0x0000000086700000| Untracked 
| 104|0x0000000086800000, 0x0000000086800000, 0x0000000086900000|  0%| F|  |TAMS 0x0000000086800000, 0x0000000086800000| Untracked 
| 105|0x0000000086900000, 0x0000000086900000, 0x0000000086a00000|  0%| F|  |TAMS 0x0000000086900000, 0x0000000086900000| Untracked 
| 106|0x0000000086a00000, 0x0000000086a00000, 0x0000000086b00000|  0%| F|  |TAMS 0x0000000086a00000, 0x0000000086a00000| Untracked 
| 107|0x0000000086b00000, 0x0000000086b00000, 0x0000000086c00000|  0%| F|  |TAMS 0x0000000086b00000, 0x0000000086b00000| Untracked 
| 108|0x0000000086c00000, 0x0000000086c00000, 0x0000000086d00000|  0%| F|  |TAMS 0x0000000086c00000, 0x0000000086c00000| Untracked 
| 109|0x0000000086d00000, 0x0000000086e00000, 0x0000000086e00000|100%| E|  |TAMS 0x0000000086d00000, 0x0000000086d00000| Complete 
| 110|0x0000000086e00000, 0x0000000086f00000, 0x0000000086f00000|100%| E|CS|TAMS 0x0000000086e00000, 0x0000000086e00000| Complete 
| 111|0x0000000086f00000, 0x0000000087000000, 0x0000000087000000|100%| E|CS|TAMS 0x0000000086f00000, 0x0000000086f00000| Complete 
| 112|0x0000000087000000, 0x0000000087100000, 0x0000000087100000|100%| E|CS|TAMS 0x0000000087000000, 0x0000000087000000| Complete 
| 113|0x0000000087100000, 0x0000000087200000, 0x0000000087200000|100%| E|CS|TAMS 0x0000000087100000, 0x0000000087100000| Complete 
| 114|0x0000000087200000, 0x0000000087300000, 0x0000000087300000|100%| E|CS|TAMS 0x0000000087200000, 0x0000000087200000| Complete 
| 115|0x0000000087300000, 0x0000000087400000, 0x0000000087400000|100%| E|CS|TAMS 0x0000000087300000, 0x0000000087300000| Complete 
| 116|0x0000000087400000, 0x0000000087500000, 0x0000000087500000|100%| E|CS|TAMS 0x0000000087400000, 0x0000000087400000| Complete 
| 117|0x0000000087500000, 0x0000000087600000, 0x0000000087600000|100%| E|CS|TAMS 0x0000000087500000, 0x0000000087500000| Complete 
| 118|0x0000000087600000, 0x0000000087700000, 0x0000000087700000|100%| E|CS|TAMS 0x0000000087600000, 0x0000000087600000| Complete 
| 119|0x0000000087700000, 0x0000000087800000, 0x0000000087800000|100%| E|CS|TAMS 0x0000000087700000, 0x0000000087700000| Complete 
| 120|0x0000000087800000, 0x0000000087900000, 0x0000000087900000|100%| E|CS|TAMS 0x0000000087800000, 0x0000000087800000| Complete 
| 121|0x0000000087900000, 0x0000000087a00000, 0x0000000087a00000|100%| E|CS|TAMS 0x0000000087900000, 0x0000000087900000| Complete 
| 122|0x0000000087a00000, 0x0000000087b00000, 0x0000000087b00000|100%| E|CS|TAMS 0x0000000087a00000, 0x0000000087a00000| Complete 
| 123|0x0000000087b00000, 0x0000000087c00000, 0x0000000087c00000|100%| E|CS|TAMS 0x0000000087b00000, 0x0000000087b00000| Complete 
| 124|0x0000000087c00000, 0x0000000087d00000, 0x0000000087d00000|100%| E|CS|TAMS 0x0000000087c00000, 0x0000000087c00000| Complete 
| 125|0x0000000087d00000, 0x0000000087e00000, 0x0000000087e00000|100%| E|CS|TAMS 0x0000000087d00000, 0x0000000087d00000| Complete 
| 126|0x0000000087e00000, 0x0000000087f00000, 0x0000000087f00000|100%| E|CS|TAMS 0x0000000087e00000, 0x0000000087e00000| Complete 
| 127|0x0000000087f00000, 0x0000000088000000, 0x0000000088000000|100%| E|CS|TAMS 0x0000000087f00000, 0x0000000087f00000| Complete 
| 128|0x0000000088000000, 0x0000000088100000, 0x0000000088100000|100%| E|CS|TAMS 0x0000000088000000, 0x0000000088000000| Complete 
| 129|0x0000000088100000, 0x0000000088200000, 0x0000000088200000|100%| E|CS|TAMS 0x0000000088100000, 0x0000000088100000| Complete 
| 130|0x0000000088200000, 0x0000000088300000, 0x0000000088300000|100%| E|CS|TAMS 0x0000000088200000, 0x0000000088200000| Complete 
| 131|0x0000000088300000, 0x0000000088400000, 0x0000000088400000|100%| E|CS|TAMS 0x0000000088300000, 0x0000000088300000| Complete 
| 132|0x0000000088400000, 0x0000000088500000, 0x0000000088500000|100%| E|CS|TAMS 0x0000000088400000, 0x0000000088400000| Complete 
| 133|0x0000000088500000, 0x0000000088600000, 0x0000000088600000|100%| E|CS|TAMS 0x0000000088500000, 0x0000000088500000| Complete 
| 134|0x0000000088600000, 0x0000000088700000, 0x0000000088700000|100%| E|CS|TAMS 0x0000000088600000, 0x0000000088600000| Complete 
| 135|0x0000000088700000, 0x0000000088800000, 0x0000000088800000|100%| E|CS|TAMS 0x0000000088700000, 0x0000000088700000| Complete 
| 136|0x0000000088800000, 0x0000000088900000, 0x0000000088900000|100%| E|CS|TAMS 0x0000000088800000, 0x0000000088800000| Complete 
| 137|0x0000000088900000, 0x0000000088a00000, 0x0000000088a00000|100%| E|CS|TAMS 0x0000000088900000, 0x0000000088900000| Complete 
| 138|0x0000000088a00000, 0x0000000088b00000, 0x0000000088b00000|100%| E|CS|TAMS 0x0000000088a00000, 0x0000000088a00000| Complete 
| 139|0x0000000088b00000, 0x0000000088c00000, 0x0000000088c00000|100%| E|CS|TAMS 0x0000000088b00000, 0x0000000088b00000| Complete 
| 140|0x0000000088c00000, 0x0000000088d00000, 0x0000000088d00000|100%| E|CS|TAMS 0x0000000088c00000, 0x0000000088c00000| Complete 
| 141|0x0000000088d00000, 0x0000000088e00000, 0x0000000088e00000|100%| E|CS|TAMS 0x0000000088d00000, 0x0000000088d00000| Complete 
| 142|0x0000000088e00000, 0x0000000088f00000, 0x0000000088f00000|100%| E|CS|TAMS 0x0000000088e00000, 0x0000000088e00000| Complete 
| 143|0x0000000088f00000, 0x0000000089000000, 0x0000000089000000|100%| E|CS|TAMS 0x0000000088f00000, 0x0000000088f00000| Complete 
| 144|0x0000000089000000, 0x0000000089100000, 0x0000000089100000|100%| E|CS|TAMS 0x0000000089000000, 0x0000000089000000| Complete 
| 145|0x0000000089100000, 0x0000000089200000, 0x0000000089200000|100%| E|CS|TAMS 0x0000000089100000, 0x0000000089100000| Complete 
| 146|0x0000000089200000, 0x0000000089300000, 0x0000000089300000|100%| E|CS|TAMS 0x0000000089200000, 0x0000000089200000| Complete 
| 147|0x0000000089300000, 0x0000000089400000, 0x0000000089400000|100%| E|CS|TAMS 0x0000000089300000, 0x0000000089300000| Complete 
| 148|0x0000000089400000, 0x0000000089500000, 0x0000000089500000|100%| E|CS|TAMS 0x0000000089400000, 0x0000000089400000| Complete 
| 149|0x0000000089500000, 0x0000000089600000, 0x0000000089600000|100%| E|CS|TAMS 0x0000000089500000, 0x0000000089500000| Complete 
| 150|0x0000000089600000, 0x0000000089700000, 0x0000000089700000|100%| E|CS|TAMS 0x0000000089600000, 0x0000000089600000| Complete 
| 151|0x0000000089700000, 0x0000000089800000, 0x0000000089800000|100%| E|CS|TAMS 0x0000000089700000, 0x0000000089700000| Complete 

Card table byte_map: [0x0000025b31f00000,0x0000025b32300000] _byte_map_base: 0x0000025b31b00000

Marking Bits (Prev, Next): (CMBitMap*) 0x0000025b1ed2a210, (CMBitMap*) 0x0000025b1ed2a1d8
 Prev Bits: [0x0000025b34700000, 0x0000025b36700000)
 Next Bits: [0x0000025b32700000, 0x0000025b34700000)

Polling page: 0x0000025b1e4b0000

Metaspace:

Usage:
  Non-class:     41.29 MB capacity,    40.37 MB ( 98%) used,   825.45 KB (  2%) free+waste,   119.56 KB ( <1%) overhead. 
      Class:      6.40 MB capacity,     5.95 MB ( 93%) used,   397.82 KB (  6%) free+waste,    58.19 KB ( <1%) overhead. 
       Both:     47.69 MB capacity,    46.32 MB ( 97%) used,     1.19 MB (  3%) free+waste,   177.75 KB ( <1%) overhead. 

Virtual space:
  Non-class space:       42.00 MB reserved,      41.50 MB ( 99%) committed 
      Class space:        1.00 GB reserved,       6.50 MB ( <1%) committed 
             Both:        1.04 GB reserved,      48.00 MB (  5%) committed 

Chunk freelists:
   Non-Class:  23.00 KB
       Class:  8.00 KB
        Both:  31.00 KB

MaxMetaspaceSize: 17179869184.00 GB
CompressedClassSpaceSize: 1.00 GB

CodeHeap 'non-profiled nmethods': size=120000Kb used=2332Kb max_used=2332Kb free=117667Kb
 bounds [0x0000025b2a290000, 0x0000025b2a500000, 0x0000025b317c0000]
CodeHeap 'profiled nmethods': size=120000Kb used=9423Kb max_used=9423Kb free=110576Kb
 bounds [0x0000025b22d60000, 0x0000025b236a0000, 0x0000025b2a290000]
CodeHeap 'non-nmethods': size=5760Kb used=2212Kb max_used=2260Kb free=3547Kb
 bounds [0x0000025b227c0000, 0x0000025b22a30000, 0x0000025b22d60000]
 total_blobs=5098 nmethods=4316 adapters=693
 compilation: enabled
              stopped_count=0, restarted_count=0
 full_count=0

Compilation events (20 events):
Event: 7.860 Thread 0x0000025b399e0800 4327       1       com.google.common.collect.ImmutableEntry::getValue (5 bytes)
Event: 7.860 Thread 0x0000025b399e0800 nmethod 4327 0x0000025b2a4cfe10 code [0x0000025b2a4cffc0, 0x0000025b2a4d0078]
Event: 7.883 Thread 0x0000025b399e0800 4329       3       java.util.TreeMap::rotateRight (96 bytes)
Event: 7.884 Thread 0x0000025b399e0800 nmethod 4329 0x0000025b2368d190 code [0x0000025b2368d380, 0x0000025b2368d898]
Event: 7.891 Thread 0x0000025b399e0800 4330       3       java.util.HashMap::putMapEntries (154 bytes)
Event: 7.892 Thread 0x0000025b399e0800 nmethod 4330 0x0000025b2368da10 code [0x0000025b2368dce0, 0x0000025b2368ea08]
Event: 7.892 Thread 0x0000025b399e0800 4331       3       org.gradle.internal.instantiation.generator.AbstractClassGenerator$ClassGenerationHandler::hasFields (1 bytes)
Event: 7.892 Thread 0x0000025b399e0800 nmethod 4331 0x0000025b2368ed90 code [0x0000025b2368ef40, 0x0000025b2368f038]
Event: 7.892 Thread 0x0000025b399e0800 4332       3       com.google.common.collect.LinkedHashMultimap::get (6 bytes)
Event: 7.893 Thread 0x0000025b399e0800 nmethod 4332 0x0000025b2368f110 code [0x0000025b2368f340, 0x0000025b2368fb88]
Event: 7.893 Thread 0x0000025b399e0800 4333       3       com.google.common.collect.AbstractSetMultimap::get (9 bytes)
Event: 7.894 Thread 0x0000025b399e0800 nmethod 4333 0x0000025b2368fe10 code [0x0000025b23690020, 0x0000025b236907c8]
Event: 7.894 Thread 0x0000025b399e0800 4334       3       com.google.common.collect.LinkedHashMultimap$ValueSet$1::<init> (32 bytes)
Event: 7.894 Thread 0x0000025b399e0800 nmethod 4334 0x0000025b23690990 code [0x0000025b23690b60, 0x0000025b23690db8]
Event: 7.898 Thread 0x0000025b3b3f7000 nmethod 4291 0x0000025b2a4d0110 code [0x0000025b2a4d0380, 0x0000025b2a4d3058]
Event: 7.898 Thread 0x0000025b3b3f7000 4321       4       sun.reflect.generics.reflectiveObjects.TypeVariableImpl::getGenericDeclaration (71 bytes)
Event: 7.900 Thread 0x0000025b3b3f7000 nmethod 4321 0x0000025b2a4d4690 code [0x0000025b2a4d4840, 0x0000025b2a4d4948]
Event: 7.900 Thread 0x0000025b3b3f7000 4290       4       java.util.StringJoiner::<init> (56 bytes)
Event: 7.905 Thread 0x0000025b3b3f7000 nmethod 4290 0x0000025b2a4d4a90 code [0x0000025b2a4d4c40, 0x0000025b2a4d5018]
Event: 7.905 Thread 0x0000025b3b3f7000 4299       4       org.codehaus.groovy.reflection.CachedMethod::isStatic (8 bytes)

GC Heap History (18 events):
Event: 0.834 GC heap before
{Heap before GC invocations=0 (full 0):
 garbage-first heap   total 129024K, used 29696K [0x0000000080000000, 0x0000000100000000)
  region size 1024K, 24 young (24576K), 0 survivors (0K)
 Metaspace       used 10202K, capacity 10367K, committed 10624K, reserved 1058816K
  class space    used 1065K, capacity 1141K, committed 1152K, reserved 1048576K
}
Event: 0.841 GC heap after
{Heap after GC invocations=1 (full 0):
 garbage-first heap   total 129024K, used 9104K [0x0000000080000000, 0x0000000100000000)
  region size 1024K, 3 young (3072K), 3 survivors (3072K)
 Metaspace       used 10202K, capacity 10367K, committed 10624K, reserved 1058816K
  class space    used 1065K, capacity 1141K, committed 1152K, reserved 1048576K
}
Event: 1.257 GC heap before
{Heap before GC invocations=1 (full 0):
 garbage-first heap   total 129024K, used 46992K [0x0000000080000000, 0x0000000100000000)
  region size 1024K, 39 young (39936K), 3 survivors (3072K)
 Metaspace       used 11188K, capacity 11448K, committed 11520K, reserved 1058816K
  class space    used 1169K, capacity 1245K, committed 1280K, reserved 1048576K
}
Event: 1.262 GC heap after
{Heap after GC invocations=2 (full 0):
 garbage-first heap   total 129024K, used 13568K [0x0000000080000000, 0x0000000100000000)
  region size 1024K, 5 young (5120K), 5 survivors (5120K)
 Metaspace       used 11188K, capacity 11448K, committed 11520K, reserved 1058816K
  class space    used 1169K, capacity 1245K, committed 1280K, reserved 1048576K
}
Event: 2.593 GC heap before
{Heap before GC invocations=2 (full 0):
 garbage-first heap   total 129024K, used 62720K [0x0000000080000000, 0x0000000100000000)
  region size 1024K, 53 young (54272K), 5 survivors (5120K)
 Metaspace       used 19155K, capacity 19589K, committed 19712K, reserved 1067008K
  class space    used 2323K, capacity 2449K, committed 2560K, reserved 1048576K
}
Event: 2.598 GC heap after
{Heap after GC invocations=3 (full 0):
 garbage-first heap   total 129024K, used 17002K [0x0000000080000000, 0x0000000100000000)
  region size 1024K, 3 young (3072K), 3 survivors (3072K)
 Metaspace       used 19155K, capacity 19589K, committed 19712K, reserved 1067008K
  class space    used 2323K, capacity 2449K, committed 2560K, reserved 1048576K
}
Event: 2.744 GC heap before
{Heap before GC invocations=3 (full 0):
 garbage-first heap   total 129024K, used 27242K [0x0000000080000000, 0x0000000100000000)
  region size 1024K, 14 young (14336K), 3 survivors (3072K)
 Metaspace       used 20613K, capacity 21127K, committed 21248K, reserved 1067008K
  class space    used 2518K, capacity 2733K, committed 2816K, reserved 1048576K
}
Event: 2.747 GC heap after
{Heap after GC invocations=4 (full 0):
 garbage-first heap   total 129024K, used 17363K [0x0000000080000000, 0x0000000100000000)
  region size 1024K, 4 young (4096K), 4 survivors (4096K)
 Metaspace       used 20613K, capacity 21127K, committed 21248K, reserved 1067008K
  class space    used 2518K, capacity 2733K, committed 2816K, reserved 1048576K
}
Event: 3.528 GC heap before
{Heap before GC invocations=5 (full 0):
 garbage-first heap   total 129024K, used 68563K [0x0000000080000000, 0x0000000100000000)
  region size 1024K, 55 young (56320K), 4 survivors (4096K)
 Metaspace       used 25963K, capacity 26577K, committed 26752K, reserved 1073152K
  class space    used 3404K, capacity 3640K, committed 3712K, reserved 1048576K
}
Event: 3.533 GC heap after
{Heap after GC invocations=6 (full 0):
 garbage-first heap   total 129024K, used 19382K [0x0000000080000000, 0x0000000100000000)
  region size 1024K, 6 young (6144K), 6 survivors (6144K)
 Metaspace       used 25963K, capacity 26577K, committed 26752K, reserved 1073152K
  class space    used 3404K, capacity 3640K, committed 3712K, reserved 1048576K
}
Event: 4.478 GC heap before
{Heap before GC invocations=6 (full 0):
 garbage-first heap   total 129024K, used 92086K [0x0000000080000000, 0x0000000100000000)
  region size 1024K, 67 young (68608K), 6 survivors (6144K)
 Metaspace       used 32785K, capacity 33623K, committed 33920K, reserved 1079296K
  class space    used 4385K, capacity 4687K, committed 4736K, reserved 1048576K
}
Event: 4.486 GC heap after
{Heap after GC invocations=7 (full 0):
 garbage-first heap   total 129024K, used 35343K [0x0000000080000000, 0x0000000100000000)
  region size 1024K, 9 young (9216K), 9 survivors (9216K)
 Metaspace       used 32785K, capacity 33623K, committed 33920K, reserved 1079296K
  class space    used 4385K, capacity 4687K, committed 4736K, reserved 1048576K
}
Event: 4.622 GC heap before
{Heap before GC invocations=7 (full 0):
 garbage-first heap   total 129024K, used 40463K [0x0000000080000000, 0x0000000100000000)
  region size 1024K, 15 young (15360K), 9 survivors (9216K)
 Metaspace       used 34833K, capacity 35725K, committed 35840K, reserved 1081344K
  class space    used 4559K, capacity 4898K, committed 4992K, reserved 1048576K
}
Event: 4.631 GC heap after
{Heap after GC invocations=8 (full 0):
 garbage-first heap   total 129024K, used 37135K [0x0000000080000000, 0x0000000100000000)
  region size 1024K, 2 young (2048K), 2 survivors (2048K)
 Metaspace       used 34833K, capacity 35725K, committed 35840K, reserved 1081344K
  class space    used 4559K, capacity 4898K, committed 4992K, reserved 1048576K
}
Event: 5.419 GC heap before
{Heap before GC invocations=9 (full 0):
 garbage-first heap   total 129024K, used 92431K [0x0000000080000000, 0x0000000100000000)
  region size 1024K, 54 young (55296K), 2 survivors (2048K)
 Metaspace       used 40312K, capacity 41296K, committed 41472K, reserved 1085440K
  class space    used 5171K, capacity 5538K, committed 5632K, reserved 1048576K
}
Event: 5.430 GC heap after
{Heap after GC invocations=10 (full 0):
 garbage-first heap   total 155648K, used 40859K [0x0000000080000000, 0x0000000100000000)
  region size 1024K, 6 young (6144K), 6 survivors (6144K)
 Metaspace       used 40312K, capacity 41296K, committed 41472K, reserved 1085440K
  class space    used 5171K, capacity 5538K, committed 5632K, reserved 1048576K
}
Event: 7.132 GC heap before
{Heap before GC invocations=11 (full 0):
 garbage-first heap   total 155648K, used 115611K [0x0000000080000000, 0x0000000100000000)
  region size 1024K, 70 young (71680K), 6 survivors (6144K)
 Metaspace       used 45270K, capacity 46571K, committed 46720K, reserved 1089536K
  class space    used 5729K, capacity 6158K, committed 6272K, reserved 1048576K
}
Event: 7.141 GC heap after
{Heap after GC invocations=12 (full 0):
 garbage-first heap   total 155648K, used 54000K [0x0000000080000000, 0x0000000100000000)
  region size 1024K, 9 young (9216K), 9 survivors (9216K)
 Metaspace       used 45270K, capacity 46571K, committed 46720K, reserved 1089536K
  class space    used 5729K, capacity 6158K, committed 6272K, reserved 1048576K
}

Deoptimization events (20 events):
Event: 7.637 Thread 0x0000025b3d10b800 DEOPT PACKING pc=0x0000025b2a3f4dc8 sp=0x000000e87c7f90e0
Event: 7.637 Thread 0x0000025b3d10b800 DEOPT UNPACKING pc=0x0000025b227e78af sp=0x000000e87c7f9000 mode 2
Event: 7.637 Thread 0x0000025b3d10b800 Uncommon trap: trap_request=0xffffff4d fr.pc=0x0000025b2a2c9594 relative=0x00000000000000d4
Event: 7.637 Thread 0x0000025b3d10b800 Uncommon trap: reason=unstable_if action=reinterpret pc=0x0000025b2a2c9594 method=java.util.HashMap.hash(Ljava/lang/Object;)I @ 1 c2
Event: 7.637 Thread 0x0000025b3d10b800 DEOPT PACKING pc=0x0000025b2a2c9594 sp=0x000000e87c7f90e0
Event: 7.637 Thread 0x0000025b3d10b800 DEOPT UNPACKING pc=0x0000025b227e78af sp=0x000000e87c7f9020 mode 2
Event: 7.637 Thread 0x0000025b3d10b800 Uncommon trap: trap_request=0xffffff4d fr.pc=0x0000025b2a4c3644 relative=0x00000000000006c4
Event: 7.637 Thread 0x0000025b3d10b800 Uncommon trap: reason=unstable_if action=reinterpret pc=0x0000025b2a4c3644 method=java.util.HashMap.putVal(ILjava/lang/Object;Ljava/lang/Object;ZZ)Ljava/lang/Object; @ 85 c2
Event: 7.637 Thread 0x0000025b3d10b800 DEOPT PACKING pc=0x0000025b2a4c3644 sp=0x000000e87c7f9010
Event: 7.637 Thread 0x0000025b3d10b800 DEOPT UNPACKING pc=0x0000025b227e78af sp=0x000000e87c7f8fc8 mode 2
Event: 7.647 Thread 0x0000025b3d10b800 Uncommon trap: trap_request=0xffffff4d fr.pc=0x0000025b2a3f27e0 relative=0x0000000000000300
Event: 7.647 Thread 0x0000025b3d10b800 Uncommon trap: reason=unstable_if action=reinterpret pc=0x0000025b2a3f27e0 method=org.gradle.internal.reflect.PropertyAccessorType.isGetGetterName(Ljava/lang/String;)Z @ 14 c2
Event: 7.647 Thread 0x0000025b3d10b800 DEOPT PACKING pc=0x0000025b2a3f27e0 sp=0x000000e87c7f99a0
Event: 7.647 Thread 0x0000025b3d10b800 DEOPT UNPACKING pc=0x0000025b227e78af sp=0x000000e87c7f98f8 mode 2
Event: 7.713 Thread 0x0000025b3d10b800 DEOPT PACKING pc=0x0000025b22dfac34 sp=0x000000e87c7f8bb0
Event: 7.713 Thread 0x0000025b3d10b800 DEOPT UNPACKING pc=0x0000025b227e76ce sp=0x000000e87c7f8100 mode 0
Event: 7.837 Thread 0x0000025b3d10b800 Uncommon trap: trap_request=0xffffff4d fr.pc=0x0000025b2a4b5118 relative=0x0000000000005c38
Event: 7.837 Thread 0x0000025b3d10b800 Uncommon trap: reason=unstable_if action=reinterpret pc=0x0000025b2a4b5118 method=org.codehaus.groovy.reflection.CachedMethod.compareToMethod(Ljava/lang/reflect/Method;)I @ 43 c2
Event: 7.837 Thread 0x0000025b3d10b800 DEOPT PACKING pc=0x0000025b2a4b5118 sp=0x000000e87c7f6b40
Event: 7.837 Thread 0x0000025b3d10b800 DEOPT UNPACKING pc=0x0000025b227e78af sp=0x000000e87c7f6a48 mode 2

Classes redefined (0 events):
No events

Internal exceptions (20 events):
Event: 7.546 Thread 0x0000025b3d10b800 Exception <a 'java/lang/ClassNotFoundException'{0x000000008823de20}: java/util/ArrayListCustomizer> (0x000000008823de20) thrown at [./src/hotspot/share/classfile/systemDictionary.cpp, line 231]
Event: 7.551 Thread 0x0000025b3d10b800 Exception <a 'java/lang/ClassNotFoundException'{0x00000000882c2c08}: java/util/CollectionBeanInfo> (0x00000000882c2c08) thrown at [./src/hotspot/share/classfile/systemDictionary.cpp, line 231]
Event: 7.552 Thread 0x0000025b3d10b800 Exception <a 'java/lang/ClassNotFoundException'{0x00000000882cdc78}: java/util/CollectionCustomizer> (0x00000000882cdc78) thrown at [./src/hotspot/share/classfile/systemDictionary.cpp, line 231]
Event: 7.637 Thread 0x0000025b3d10b800 Implicit null exception at 0x0000025b2a2c94f8 to 0x0000025b2a2c958a
Event: 7.761 Thread 0x0000025b3d10b800 Exception <a 'java/lang/ClassNotFoundException'{0x0000000087a3b3e8}: build_6u7izmgge38s0u42q51g0b04cBeanInfo> (0x0000000087a3b3e8) thrown at [./src/hotspot/share/classfile/systemDictionary.cpp, line 231]
Event: 7.763 Thread 0x0000025b3d10b800 Exception <a 'java/lang/ClassNotFoundException'{0x0000000087a51230}: org/gradle/api/internal/project/ProjectScriptBeanInfo> (0x0000000087a51230) thrown at [./src/hotspot/share/classfile/systemDictionary.cpp, line 231]
Event: 7.766 Thread 0x0000025b3d10b800 Exception <a 'java/lang/ClassNotFoundException'{0x0000000087a67248}: org/gradle/api/internal/project/ProjectScriptCustomizer> (0x0000000087a67248) thrown at [./src/hotspot/share/classfile/systemDictionary.cpp, line 231]
Event: 7.768 Thread 0x0000025b3d10b800 Exception <a 'java/lang/ClassNotFoundException'{0x0000000087a82468}: build_6u7izmgge38s0u42q51g0b04cCustomizer> (0x0000000087a82468) thrown at [./src/hotspot/share/classfile/systemDictionary.cpp, line 231]
Event: 7.803 Thread 0x0000025b3d10b800 Exception <a 'java/lang/ClassNotFoundException'{0x00000000876e1798}: org/gradle/api/internal/artifacts/dsl/DefaultRepositoryHandler_DecoratedBeanInfo> (0x00000000876e1798) thrown at [./src/hotspot/share/classfile/systemDictionary.cpp, line 231]
Event: 7.807 Thread 0x0000025b3d10b800 Exception <a 'java/lang/ClassNotFoundException'{0x000000008751a948}: org/gradle/api/internal/artifacts/dsl/DefaultRepositoryHandlerBeanInfo> (0x000000008751a948) thrown at [./src/hotspot/share/classfile/systemDictionary.cpp, line 231]
Event: 7.809 Thread 0x0000025b3d10b800 Exception <a 'java/lang/ClassNotFoundException'{0x0000000087555b98}: org/gradle/api/internal/artifacts/DefaultArtifactRepositoryContainerBeanInfo> (0x0000000087555b98) thrown at [./src/hotspot/share/classfile/systemDictionary.cpp, line 231]
Event: 7.811 Thread 0x0000025b3d10b800 Exception <a 'java/lang/ClassNotFoundException'{0x000000008757f188}: org/gradle/api/internal/DefaultNamedDomainObjectListBeanInfo> (0x000000008757f188) thrown at [./src/hotspot/share/classfile/systemDictionary.cpp, line 231]
Event: 7.813 Thread 0x0000025b3d10b800 Exception <a 'java/lang/ClassNotFoundException'{0x00000000875a9cd8}: org/gradle/api/internal/DefaultNamedDomainObjectCollectionBeanInfo> (0x00000000875a9cd8) thrown at [./src/hotspot/share/classfile/systemDictionary.cpp, line 231]
Event: 7.815 Thread 0x0000025b3d10b800 Exception <a 'java/lang/ClassNotFoundException'{0x00000000875d33f8}: org/gradle/api/internal/DefaultDomainObjectCollectionBeanInfo> (0x00000000875d33f8) thrown at [./src/hotspot/share/classfile/systemDictionary.cpp, line 231]
Event: 7.816 Thread 0x0000025b3d10b800 Exception <a 'java/lang/ClassNotFoundException'{0x00000000875fcf08}: org/gradle/api/internal/DefaultDomainObjectCollectionCustomizer> (0x00000000875fcf08) thrown at [./src/hotspot/share/classfile/systemDictionary.cpp, line 231]
Event: 7.819 Thread 0x0000025b3d10b800 Exception <a 'java/lang/ClassNotFoundException'{0x00000000874451c8}: org/gradle/api/internal/DefaultNamedDomainObjectCollectionCustomizer> (0x00000000874451c8) thrown at [./src/hotspot/share/classfile/systemDictionary.cpp, line 231]
Event: 7.824 Thread 0x0000025b3d10b800 Exception <a 'java/lang/ClassNotFoundException'{0x000000008749b7e0}: org/gradle/api/internal/DefaultNamedDomainObjectListCustomizer> (0x000000008749b7e0) thrown at [./src/hotspot/share/classfile/systemDictionary.cpp, line 231]
Event: 7.827 Thread 0x0000025b3d10b800 Exception <a 'java/lang/ClassNotFoundException'{0x00000000874efd30}: org/gradle/api/internal/artifacts/DefaultArtifactRepositoryContainerCustomizer> (0x00000000874efd30) thrown at [./src/hotspot/share/classfile/systemDictionary.cpp, line 231]
Event: 7.830 Thread 0x0000025b3d10b800 Exception <a 'java/lang/ClassNotFoundException'{0x000000008733a428}: org/gradle/api/internal/artifacts/dsl/DefaultRepositoryHandlerCustomizer> (0x000000008733a428) thrown at [./src/hotspot/share/classfile/systemDictionary.cpp, line 231]
Event: 7.834 Thread 0x0000025b3d10b800 Exception <a 'java/lang/ClassNotFoundException'{0x0000000087397500}: org/gradle/api/internal/artifacts/dsl/DefaultRepositoryHandler_DecoratedCustomizer> (0x0000000087397500) thrown at [./src/hotspot/share/classfile/systemDictionary.cpp, line 231]

Events (20 events):
Event: 7.899 loading class org/gradle/api/internal/artifacts/repositories/DefaultMavenArtifactRepository
Event: 7.899 loading class org/gradle/api/internal/artifacts/repositories/DefaultMavenArtifactRepository done
Event: 7.900 loading class org/gradle/internal/deprecation/DeprecationMessageBuilder$DeprecateMethod
Event: 7.900 loading class org/gradle/internal/deprecation/DeprecationMessageBuilder$DeprecateMethod done
Event: 7.900 loading class org/gradle/internal/deprecation/DeprecationMessageBuilder$WithReplacement
Event: 7.900 loading class org/gradle/internal/deprecation/DeprecationMessageBuilder$WithReplacement done
Event: 7.901 loading class org/gradle/internal/deprecation/Documentation
Event: 7.901 loading class org/gradle/internal/deprecation/Documentation done
Event: 7.902 loading class org/gradle/internal/deprecation/Documentation$NullDocumentation
Event: 7.902 loading class org/gradle/internal/deprecation/Documentation$NullDocumentation done
Event: 7.902 loading class org/gradle/internal/deprecation/Documentation$UpgradeGuide
Event: 7.902 loading class org/gradle/internal/deprecation/Documentation$UpgradeGuide done
Event: 7.903 loading class org/gradle/internal/deprecation/Documentation$UserGuide
Event: 7.903 loading class org/gradle/internal/deprecation/Documentation$UserGuide done
Event: 7.903 loading class org/gradle/internal/deprecation/Documentation$DslReference
Event: 7.903 loading class org/gradle/internal/deprecation/Documentation$DslReference done
Event: 7.904 loading class org/gradle/internal/deprecation/DeprecatedFeatureUsage$Type
Event: 7.904 loading class org/gradle/internal/deprecation/DeprecatedFeatureUsage$Type done
Event: 7.905 loading class org/gradle/internal/deprecation/DeprecationTimeline
Event: 7.905 loading class org/gradle/internal/deprecation/DeprecationTimeline done


Dynamic libraries:
0x00007ff6b72a0000 - 0x00007ff6b72aa000 	C:\Program Files\Android\Android Studio3\jre\bin\java.exe
0x00007ffae8900000 - 0x00007ffae8b0f000 	C:\WINDOWS\SYSTEM32\ntdll.dll
0x00007ffae7cf0000 - 0x00007ffae7dad000 	C:\WINDOWS\System32\KERNEL32.DLL
0x00007ffae62a0000 - 0x00007ffae6626000 	C:\WINDOWS\System32\KERNELBASE.dll
0x00007ffae2ec0000 - 0x00007ffae2f52000 	C:\WINDOWS\SYSTEM32\apphelp.dll
0x00007ffae6030000 - 0x00007ffae6141000 	C:\WINDOWS\System32\ucrtbase.dll
0x00007ffad0bd0000 - 0x00007ffad0be9000 	C:\Program Files\Android\Android Studio3\jre\bin\jli.dll
0x00007ffacf670000 - 0x00007ffacf687000 	C:\Program Files\Android\Android Studio3\jre\bin\VCRUNTIME140.dll
0x00007ffae72d0000 - 0x00007ffae747b000 	C:\WINDOWS\System32\USER32.dll
0x00007ffad3740000 - 0x00007ffad39e1000 	C:\WINDOWS\WinSxS\amd64_microsoft.windows.common-controls_6595b64144ccf1df_6.0.22468.1000_none_266f4f372a53a5e7\COMCTL32.dll
0x00007ffae6000000 - 0x00007ffae6026000 	C:\WINDOWS\System32\win32u.dll
0x00007ffae7580000 - 0x00007ffae7624000 	C:\WINDOWS\System32\msvcrt.dll
0x00007ffae7bb0000 - 0x00007ffae7bd9000 	C:\WINDOWS\System32\GDI32.dll
0x00007ffae5dd0000 - 0x00007ffae5ee7000 	C:\WINDOWS\System32\gdi32full.dll
0x00007ffae5f60000 - 0x00007ffae5ffb000 	C:\WINDOWS\System32\msvcp_win.dll
0x00007ffae7540000 - 0x00007ffae7571000 	C:\WINDOWS\System32\IMM32.DLL
0x00007ffacdb00000 - 0x00007ffacdb9d000 	C:\Program Files\Android\Android Studio3\jre\bin\msvcp140.dll
0x00007ffaa8630000 - 0x00007ffaa90ff000 	C:\Program Files\Android\Android Studio3\jre\bin\server\jvm.dll
0x00007ffae7810000 - 0x00007ffae78be000 	C:\WINDOWS\System32\ADVAPI32.dll
0x00007ffae7770000 - 0x00007ffae780f000 	C:\WINDOWS\System32\sechost.dll
0x00007ffae7a90000 - 0x00007ffae7bb0000 	C:\WINDOWS\System32\RPCRT4.dll
0x00007ffae7a50000 - 0x00007ffae7a58000 	C:\WINDOWS\System32\PSAPI.DLL
0x00007ffae3810000 - 0x00007ffae3819000 	C:\WINDOWS\SYSTEM32\WSOCK32.dll
0x00007ffadaa40000 - 0x00007ffadaa73000 	C:\WINDOWS\SYSTEM32\WINMM.dll
0x00007ffae7be0000 - 0x00007ffae7c51000 	C:\WINDOWS\System32\WS2_32.dll
0x00007ffae20c0000 - 0x00007ffae20ca000 	C:\WINDOWS\SYSTEM32\VERSION.dll
0x00007ffae4f90000 - 0x00007ffae4fa8000 	C:\WINDOWS\SYSTEM32\kernel.appcore.dll
0x00007ffae2970000 - 0x00007ffae2981000 	C:\Program Files\Android\Android Studio3\jre\bin\verify.dll
0x00007ffade2c0000 - 0x00007ffade4e7000 	C:\WINDOWS\SYSTEM32\DBGHELP.DLL
0x00007ffae6f50000 - 0x00007ffae72cc000 	C:\WINDOWS\System32\combase.dll
0x00007ffade280000 - 0x00007ffade2b1000 	C:\WINDOWS\SYSTEM32\dbgcore.DLL
0x00007ffae6150000 - 0x00007ffae61d1000 	C:\WINDOWS\System32\bcryptPrimitives.dll
0x00007ffae2940000 - 0x00007ffae2969000 	C:\Program Files\Android\Android Studio3\jre\bin\java.dll
0x00007ffae3800000 - 0x00007ffae380b000 	C:\Program Files\Android\Android Studio3\jre\bin\jimage.dll
0x00007ffae2920000 - 0x00007ffae2938000 	C:\Program Files\Android\Android Studio3\jre\bin\zip.dll
0x00007ffae67a0000 - 0x00007ffae6f4b000 	C:\WINDOWS\System32\SHELL32.dll
0x00007ffae3e30000 - 0x00007ffae468c000 	C:\WINDOWS\SYSTEM32\windows.storage.dll
0x00007ffae3cc0000 - 0x00007ffae3e28000 	C:\WINDOWS\SYSTEM32\wintypes.dll
0x00007ffae86e0000 - 0x00007ffae87d0000 	C:\WINDOWS\System32\SHCORE.dll
0x00007ffae7c90000 - 0x00007ffae7ceb000 	C:\WINDOWS\System32\shlwapi.dll
0x00007ffae5d00000 - 0x00007ffae5d21000 	C:\WINDOWS\SYSTEM32\profapi.dll
0x00007ffae12e0000 - 0x00007ffae12fa000 	C:\Program Files\Android\Android Studio3\jre\bin\net.dll
0x00007ffadf020000 - 0x00007ffadf130000 	C:\WINDOWS\SYSTEM32\WINHTTP.dll
0x00007ffae53e0000 - 0x00007ffae5449000 	C:\WINDOWS\system32\mswsock.dll
0x00007ffadd7a0000 - 0x00007ffadd7b4000 	C:\Program Files\Android\Android Studio3\jre\bin\nio.dll
0x00007ffaceca0000 - 0x00007ffacecc7000 	C:\Users\xpmkm\.gradle\native\8bec1ad78214c89d9ad589b4d07fe93259594b29d510b10fafb7a158f7737e5d\windows-amd64\native-platform.dll
0x00007ffab99d0000 - 0x00007ffab9b0d000 	C:\Users\xpmkm\.gradle\native\53dbd7edfb1c66fb8903c78663c9afc45aea4f116125fa6feffd364cf09443e8\windows-amd64\native-platform-file-events.dll
0x00007ffae37e0000 - 0x00007ffae37ea000 	C:\Program Files\Android\Android Studio3\jre\bin\management.dll
0x00007ffae2ac0000 - 0x00007ffae2acc000 	C:\Program Files\Android\Android Studio3\jre\bin\management_ext.dll
0x00007ffae5630000 - 0x00007ffae5648000 	C:\WINDOWS\SYSTEM32\CRYPTSP.dll
0x00007ffae4ef0000 - 0x00007ffae4f25000 	C:\WINDOWS\system32\rsaenh.dll
0x00007ffae54e0000 - 0x00007ffae5509000 	C:\WINDOWS\SYSTEM32\USERENV.dll
0x00007ffae57b0000 - 0x00007ffae57d8000 	C:\WINDOWS\SYSTEM32\bcrypt.dll
0x00007ffae5650000 - 0x00007ffae565c000 	C:\WINDOWS\SYSTEM32\CRYPTBASE.dll
0x00007ffae4970000 - 0x00007ffae499d000 	C:\WINDOWS\SYSTEM32\IPHLPAPI.DLL
0x00007ffae7a60000 - 0x00007ffae7a69000 	C:\WINDOWS\System32\NSI.dll
0x00007ffae3130000 - 0x00007ffae3149000 	C:\WINDOWS\SYSTEM32\dhcpcsvc6.DLL
0x00007ffae3110000 - 0x00007ffae312e000 	C:\WINDOWS\SYSTEM32\dhcpcsvc.DLL
0x00007ffae49a0000 - 0x00007ffae4a91000 	C:\WINDOWS\SYSTEM32\DNSAPI.dll

dbghelp: loaded successfully - version: 4.0.5 - missing functions: none
symbol engine: initialized successfully - sym options: 0x614 - pdb path: .;C:\Program Files\Android\Android Studio3\jre\bin;C:\WINDOWS\SYSTEM32;C:\WINDOWS\WinSxS\amd64_microsoft.windows.common-controls_6595b64144ccf1df_6.0.22468.1000_none_266f4f372a53a5e7;C:\Program Files\Android\Android Studio3\jre\bin\server;C:\Users\xpmkm\.gradle\native\8bec1ad78214c89d9ad589b4d07fe93259594b29d510b10fafb7a158f7737e5d\windows-amd64;C:\Users\xpmkm\.gradle\native\53dbd7edfb1c66fb8903c78663c9afc45aea4f116125fa6feffd364cf09443e8\windows-amd64

VM Arguments:
jvm_args: --add-opens=java.base/java.util=ALL-UNNAMED --add-opens=java.base/java.lang=ALL-UNNAMED --add-opens=java.base/java.lang.invoke=ALL-UNNAMED --add-opens=java.base/java.util=ALL-UNNAMED --add-opens=java.prefs/java.util.prefs=ALL-UNNAMED --add-opens=java.prefs/java.util.prefs=ALL-UNNAMED --add-opens=java.base/java.nio.charset=ALL-UNNAMED --add-opens=java.base/java.net=ALL-UNNAMED --add-opens=java.base/java.util.concurrent.atomic=ALL-UNNAMED -Xmx2048m -Dfile.encoding=UTF-8 -Duser.country=IN -Duser.language=en -Duser.variant 
java_command: org.gradle.launcher.daemon.bootstrap.GradleDaemon 7.0.2
java_class_path (initial): C:\Users\xpmkm\.gradle\wrapper\dists\gradle-7.0.2-bin\857tjihv64xamwrf0h14cai3r\gradle-7.0.2\lib\gradle-launcher-7.0.2.jar
Launcher Type: SUN_STANDARD

[Global flags]
     intx CICompilerCount                          = 4                                         {product} {ergonomic}
     uint ConcGCThreads                            = 2                                         {product} {ergonomic}
     uint G1ConcRefinementThreads                  = 8                                         {product} {ergonomic}
   size_t G1HeapRegionSize                         = 1048576                                   {product} {ergonomic}
    uintx GCDrainStackTargetSize                   = 64                                        {product} {ergonomic}
   size_t InitialHeapSize                          = 132120576                                 {product} {ergonomic}
   size_t MarkStackSize                            = 4194304                                   {product} {ergonomic}
   size_t MaxHeapSize                              = 2147483648                                {product} {command line}
   size_t MaxNewSize                               = 1287651328                                {product} {ergonomic}
   size_t MinHeapDeltaBytes                        = 1048576                                   {product} {ergonomic}
    uintx NonNMethodCodeHeapSize                   = 5836300                                {pd product} {ergonomic}
    uintx NonProfiledCodeHeapSize                  = 122910970                              {pd product} {ergonomic}
    uintx ProfiledCodeHeapSize                     = 122910970                              {pd product} {ergonomic}
    uintx ReservedCodeCacheSize                    = 251658240                              {pd product} {ergonomic}
     bool SegmentedCodeCache                       = true                                      {product} {ergonomic}
     bool UseCompressedClassPointers               = true                                 {lp64_product} {ergonomic}
     bool UseCompressedOops                        = true                                 {lp64_product} {ergonomic}
     bool UseG1GC                                  = true                                      {product} {ergonomic}
     bool UseLargePagesIndividualAllocation        = false                                  {pd product} {ergonomic}

Logging:
Log output configuration:
 #0: stdout all=warning uptime,level,tags
 #1: stderr all=off uptime,level,tags

Environment Variables:
PATH=C:\Program Files (x86)\Common Files\Oracle\Java\javapath;C:\WINDOWS\system32;C:\WINDOWS;C:\WINDOWS\System32\Wbem;C:\WINDOWS\System32\WindowsPowerShell\v1.0\;C:\WINDOWS\System32\OpenSSH\;C:\Program Files\Git\cmd;C:\Program Files\nodejs\;C:\xampp\php;C:\ProgramData\ComposerSetup\bin;C:\Users\xpmkm\AppData\Local\Android\Sdk\platform-tools;C:\Program Files\Java\jdk1.8.0_231\bin;C:\Program Files\opnsl\bin;C:\Users\xpmkm\AppData\Roaming\npm;C:\Users\xpmkm\AppData\Local\Programs\Microsoft VS Code\bin;C:\Program Files\flutter\bin;C:\Users\xpmkm\AppData\Roaming\Composer\vendor\bin;C:\Users\xpmkm\AppData\Local\Microsoft\WindowsApps;
USERNAME=xpmkm
OS=Windows_NT
PROCESSOR_IDENTIFIER=AMD64 Family 23 Model 24 Stepping 1, AuthenticAMD



---------------  S Y S T E M  ---------------

OS: Windows 10 , 64 bit Build 22468 (10.0.22468.1000)
OS uptime: 5 days 17:19 hours

CPU:total 8 (initial active 8) (8 cores per cpu, 2 threads per core) family 23 model 24 stepping 1 microcode 0x0, cmov, cx8, fxsr, mmx, sse, sse2, sse3, ssse3, sse4.1, sse4.2, popcnt, avx, avx2, aes, clmul, mmxext, 3dnowpref, lzcnt, sse4a, ht, tsc, tscinvbit, tscinv, bmi1, bmi2, adx, s

Memory: 4k page, system-wide physical 8002M (290M free)
TotalPageFile size 12098M (AvailPageFile size 4M)
current process WorkingSet (physical memory assigned to process): 311M, peak: 314M
current process commit charge ("private bytes"): 356M, peak: 357M

vm_info: OpenJDK 64-Bit Server VM (11.0.10+0-b96-7249189) for windows-amd64 JRE (11.0.10+0-b96-7249189), built on Mar 31 2021 21:44:00 by "builder" with MS VC++ 14.0 (VS2015)

END.
