#
# There is insufficient memory for the Java Runtime Environment to continue.
# Native memory allocation (mmap) failed to map 530579456 bytes for Failed to commit area from 0x0000000097400000 to 0x00000000b6e00000 of length 530579456.
# Possible reasons:
#   The system is out of physical RAM or swap space
#   The process is running with CompressedOops enabled, and the Java Heap may be blocking the growth of the native heap
# Possible solutions:
#   Reduce memory load on the system
#   Increase physical memory or swap space
#   Check if swap backing store is full
#   Decrease Java heap size (-Xmx/-Xms)
#   Decrease number of Java threads
#   Decrease Java thread stack sizes (-Xss)
#   Set larger code cache with -XX:ReservedCodeCacheSize=
#   JVM is running with Unscaled Compressed Oops mode in which the Java heap is
#     placed in the first 4GB address space. The Java Heap base address is the
#     maximum limit for the native heap growth. Please use -XX:HeapBaseMinAddress
#     to set the Java Heap base and to place the Java Heap above 4GB virtual address.
# This output file may be truncated or incomplete.
#
#  Out of Memory Error (./src/hotspot/os/windows/os_windows.cpp:3301), pid=11412, tid=2104
#
# JRE version: OpenJDK Runtime Environment (11.0.10) (build 11.0.10+0-b96-7249189)
# Java VM: OpenJDK 64-Bit Server VM (11.0.10+0-b96-7249189, mixed mode, tiered, compressed oops, g1 gc, windows-amd64)
# No core dump will be written. Minidumps are not enabled by default on client versions of Windows
#

---------------  S U M M A R Y ------------

Command Line: --add-opens=java.base/java.util=ALL-UNNAMED --add-opens=java.base/java.lang=ALL-UNNAMED --add-opens=java.base/java.lang.invoke=ALL-UNNAMED --add-opens=java.base/java.util=ALL-UNNAMED --add-opens=java.prefs/java.util.prefs=ALL-UNNAMED --add-opens=java.prefs/java.util.prefs=ALL-UNNAMED --add-opens=java.base/java.nio.charset=ALL-UNNAMED --add-opens=java.base/java.net=ALL-UNNAMED --add-opens=java.base/java.util.concurrent.atomic=ALL-UNNAMED -Xmx2048m -Dfile.encoding=UTF-8 -Duser.country=IN -Duser.language=en -Duser.variant org.gradle.launcher.daemon.bootstrap.GradleDaemon 7.0.2

Host: AMD Ryzen 5 3550H with Radeon Vega Mobile Gfx  , 8 cores, 7G,  Windows 10 , 64 bit Build 22489 (10.0.22489.1000)
Time: Mon Nov  8 17:49:28 2021 India Standard Time elapsed time: 21.132201 seconds (0d 0h 0m 21s)

---------------  T H R E A D  ---------------

Current thread (0x000002785b8e7000):  VMThread "VM Thread" [stack: 0x0000009d72b00000,0x0000009d72c00000] [id=2104]

Stack: [0x0000009d72b00000,0x0000009d72c00000]
[error occurred during error reporting (printing stack bounds), id 0xc0000005, EXCEPTION_ACCESS_VIOLATION (0xc0000005) at pc=0x0000027844f60f2d]

Native frames: (J=compiled Java code, j=interpreted, Vv=VM code, C=native code)
V  [jvm.dll+0x5ecfaa]
V  [jvm.dll+0x722bd5]
V  [jvm.dll+0x72412d]
V  [jvm.dll+0x724745]
V  [jvm.dll+0x7246fb]
V  [jvm.dll+0x5ec348]
V  [jvm.dll+0x5ecad8]
C  [ntdll.dll+0xa589f]
C  [ntdll.dll+0x13ac6]
C  [ntdll.dll+0xa488e]
C  0x0000027844f60f2d

VM_Operation (0x0000009d772fc630): G1CollectForAllocation, mode: safepoint, requested by thread 0x0000027863bf3000


---------------  P R O C E S S  ---------------

Threads class SMR info:
_java_thread_list=0x000002786173b5f0, length=75, elements={
0x0000027841484800, 0x000002785b8fc800, 0x000002785b900000, 0x000002785b907800,
0x000002785b908800, 0x000002785b90c000, 0x000002785b90d000, 0x000002785b90e000,
0x000002785c15d000, 0x000002785c2c5800, 0x000002785eca1800, 0x000002785c3bc000,
0x000002785e9fb800, 0x000002785edc7800, 0x000002785edc3800, 0x000002785edc6800,
0x000002785edc2800, 0x000002785edc5000, 0x000002785edc8800, 0x000002785edc6000,
0x000002785edc9000, 0x000002785edc4000, 0x000002785eb91800, 0x000002785e4be800,
0x000002785eb93000, 0x000002785eb8f800, 0x000002785eb8f000, 0x000002785eb92000,
0x000002785eb8d800, 0x000002785eb94000, 0x000002785eb8e000, 0x000002785eb95800,
0x000002785eb96800, 0x000002785eb90800, 0x000002785eb9c000, 0x000002785eb98000,
0x000002785eb97000, 0x000002785eb98800, 0x000002785eb99800, 0x000002785eb9a800,
0x000002785e8f5000, 0x000002785e8f3000, 0x000002785e8f0800, 0x000002785e8f5800,
0x000002785e8f4000, 0x000002785e8f2800, 0x000002785e8f6800, 0x000002785e8f7000,
0x000002785e8f1800, 0x000002785e8fb800, 0x000002785e8f9800, 0x000002785e8fc000,
0x000002785e8fa800, 0x000002785e8fd000, 0x000002785e8fe000, 0x000002785e8f8000,
0x000002785e8fe800, 0x000002785e8f9000, 0x000002785e8ff800, 0x0000027863bf1800,
0x0000027863bf4000, 0x0000027863bf2000, 0x0000027863bf3000, 0x0000027863bf0800,
0x0000027863bee000, 0x0000027863bf4800, 0x0000027863bef000, 0x0000027863bef800,
0x000002786174e800, 0x000002786174f800, 0x0000027861755000, 0x0000027861750800,
0x0000027861751000, 0x0000027861757800, 0x0000027861752000
}

Java Threads: ( => current thread )
  0x0000027841484800 JavaThread "main" [_thread_blocked, id=11776, stack(0x0000009d72500000,0x0000009d72600000)]
  0x000002785b8fc800 JavaThread "Reference Handler" daemon [_thread_blocked, id=15884, stack(0x0000009d72c00000,0x0000009d72d00000)]
  0x000002785b900000 JavaThread "Finalizer" daemon [_thread_blocked, id=8188, stack(0x0000009d72d00000,0x0000009d72e00000)]
  0x000002785b907800 JavaThread "Signal Dispatcher" daemon [_thread_blocked, id=10648, stack(0x0000009d72e00000,0x0000009d72f00000)]
  0x000002785b908800 JavaThread "Attach Listener" daemon [_thread_blocked, id=7696, stack(0x0000009d72f00000,0x0000009d73000000)]
  0x000002785b90c000 JavaThread "Service Thread" daemon [_thread_blocked, id=6444, stack(0x0000009d73000000,0x0000009d73100000)]
  0x000002785b90d000 JavaThread "C2 CompilerThread0" daemon [_thread_blocked, id=2924, stack(0x0000009d73100000,0x0000009d73200000)]
  0x000002785b90e000 JavaThread "C1 CompilerThread0" daemon [_thread_blocked, id=15924, stack(0x0000009d73200000,0x0000009d73300000)]
  0x000002785c15d000 JavaThread "Sweeper thread" daemon [_thread_blocked, id=5896, stack(0x0000009d73300000,0x0000009d73400000)]
  0x000002785c2c5800 JavaThread "Common-Cleaner" daemon [_thread_blocked, id=8904, stack(0x0000009d73400000,0x0000009d73500000)]
  0x000002785eca1800 JavaThread "Daemon health stats" [_thread_blocked, id=10860, stack(0x0000009d73900000,0x0000009d73a00000)]
  0x000002785c3bc000 JavaThread "Incoming local TCP Connector on port 51973" [_thread_in_native, id=16512, stack(0x0000009d73600000,0x0000009d73700000)]
  0x000002785e9fb800 JavaThread "Daemon periodic checks" [_thread_blocked, id=3452, stack(0x0000009d73a00000,0x0000009d73b00000)]
  0x000002785edc7800 JavaThread "Daemon" [_thread_blocked, id=17152, stack(0x0000009d73b00000,0x0000009d73c00000)]
  0x000002785edc3800 JavaThread "Handler for socket connection from /127.0.0.1:51973 to /127.0.0.1:51974" [_thread_in_native, id=16988, stack(0x0000009d73c00000,0x0000009d73d00000)]
  0x000002785edc6800 JavaThread "Cancel handler" [_thread_blocked, id=4396, stack(0x0000009d73d00000,0x0000009d73e00000)]
  0x000002785edc2800 JavaThread "Daemon worker" [_thread_blocked, id=17368, stack(0x0000009d73e00000,0x0000009d73f00000)]
  0x000002785edc5000 JavaThread "Asynchronous log dispatcher for DefaultDaemonConnection: socket connection from /127.0.0.1:51973 to /127.0.0.1:51974" [_thread_blocked, id=17208, stack(0x0000009d73f00000,0x0000009d74000000)]
  0x000002785edc8800 JavaThread "Stdin handler" [_thread_blocked, id=3968, stack(0x0000009d74000000,0x0000009d74100000)]
  0x000002785edc6000 JavaThread "Daemon client event forwarder" [_thread_blocked, id=11564, stack(0x0000009d74100000,0x0000009d74200000)]
  0x000002785edc9000 JavaThread "Cache worker for file hash cache (C:\Users\xpmkm\.gradle\caches\7.0.2\fileHashes)" [_thread_blocked, id=16864, stack(0x0000009d74700000,0x0000009d74800000)]
  0x000002785edc4000 JavaThread "File lock request listener" [_thread_in_native, id=17024, stack(0x0000009d74800000,0x0000009d74900000)]
  0x000002785eb91800 JavaThread "Cache worker for journal cache (C:\Users\xpmkm\.gradle\caches\journal-1)" [_thread_blocked, id=14808, stack(0x0000009d74a00000,0x0000009d74b00000)]
  0x000002785e4be800 JavaThread "C2 CompilerThread1" daemon [_thread_blocked, id=12272, stack(0x0000009d74b00000,0x0000009d74c00000)]
  0x000002785eb93000 JavaThread "Cache worker for file hash cache (D:\marwari_mart_workspace\marwariMartUserApp\.gradle\7.0.2\fileHashes)" [_thread_blocked, id=12232, stack(0x0000009d74c00000,0x0000009d74d00000)]
  0x000002785eb8f800 JavaThread "File watcher server" daemon [_thread_blocked, id=3956, stack(0x0000009d74d00000,0x0000009d74e00000)]
  0x000002785eb8f000 JavaThread "File watcher consumer" daemon [_thread_blocked, id=1808, stack(0x0000009d74e00000,0x0000009d74f00000)]
  0x000002785eb92000 JavaThread "Cache worker for checksums cache (D:\marwari_mart_workspace\marwariMartUserApp\.gradle\checksums)" [_thread_blocked, id=12160, stack(0x0000009d74f00000,0x0000009d75000000)]
  0x000002785eb8d800 JavaThread "Cache worker for cache directory md-supplier (C:\Users\xpmkm\.gradle\caches\7.0.2\md-supplier)" [_thread_blocked, id=9656, stack(0x0000009d75000000,0x0000009d75100000)]
  0x000002785eb94000 JavaThread "Cache worker for cache directory md-rule (C:\Users\xpmkm\.gradle\caches\7.0.2\md-rule)" [_thread_blocked, id=14848, stack(0x0000009d75100000,0x0000009d75200000)]
  0x000002785eb8e000 JavaThread "Cache worker for execution history cache (C:\Users\xpmkm\.gradle\caches\7.0.2\executionHistory)" [_thread_blocked, id=12716, stack(0x0000009d75200000,0x0000009d75300000)]
  0x000002785eb95800 JavaThread "jar transforms" [_thread_blocked, id=9348, stack(0x0000009d75300000,0x0000009d75400000)]
  0x000002785eb96800 JavaThread "jar transforms Thread 2" [_thread_blocked, id=8584, stack(0x0000009d75400000,0x0000009d75500000)]
  0x000002785eb90800 JavaThread "Cache worker for file content cache (C:\Users\xpmkm\.gradle\caches\7.0.2\fileContent)" [_thread_blocked, id=212, stack(0x0000009d75500000,0x0000009d75600000)]
  0x000002785eb9c000 JavaThread "Cache worker for dependencies-accessors (D:\marwari_mart_workspace\marwariMartUserApp\.gradle\7.0.2\dependencies-accessors)" [_thread_blocked, id=15040, stack(0x0000009d75600000,0x0000009d75700000)]
  0x000002785eb98000 JavaThread "jar transforms Thread 3" [_thread_blocked, id=10000, stack(0x0000009d75700000,0x0000009d75800000)]
  0x000002785eb97000 JavaThread "Cache worker for Build Output Cleanup Cache (D:\marwari_mart_workspace\marwariMartUserApp\.gradle\buildOutputCleanup)" [_thread_blocked, id=10308, stack(0x0000009d75800000,0x0000009d75900000)]
  0x000002785eb98800 JavaThread "Build operations" [_thread_blocked, id=2440, stack(0x0000009d75900000,0x0000009d75a00000)]
  0x000002785eb99800 JavaThread "Build operations Thread 2" [_thread_blocked, id=8648, stack(0x0000009d75a00000,0x0000009d75b00000)]
  0x000002785eb9a800 JavaThread "Build operations Thread 3" [_thread_blocked, id=9972, stack(0x0000009d75b00000,0x0000009d75c00000)]
  0x000002785e8f5000 JavaThread "Build operations Thread 4" [_thread_blocked, id=12400, stack(0x0000009d75c00000,0x0000009d75d00000)]
  0x000002785e8f3000 JavaThread "Build operations Thread 5" [_thread_blocked, id=4232, stack(0x0000009d75d00000,0x0000009d75e00000)]
  0x000002785e8f0800 JavaThread "Build operations Thread 6" [_thread_blocked, id=13484, stack(0x0000009d75e00000,0x0000009d75f00000)]
  0x000002785e8f5800 JavaThread "Build operations Thread 7" [_thread_blocked, id=13840, stack(0x0000009d75f00000,0x0000009d76000000)]
  0x000002785e8f4000 JavaThread "Build operations Thread 8" [_thread_blocked, id=14572, stack(0x0000009d76000000,0x0000009d76100000)]
  0x000002785e8f2800 JavaThread "jar transforms Thread 4" [_thread_blocked, id=15012, stack(0x0000009d76100000,0x0000009d76200000)]
  0x000002785e8f6800 JavaThread "jar transforms Thread 5" [_thread_blocked, id=6708, stack(0x0000009d76200000,0x0000009d76300000)]
  0x000002785e8f7000 JavaThread "jar transforms Thread 6" [_thread_blocked, id=15132, stack(0x0000009d76300000,0x0000009d76400000)]
  0x000002785e8f1800 JavaThread "jar transforms Thread 7" [_thread_blocked, id=17172, stack(0x0000009d76400000,0x0000009d76500000)]
  0x000002785e8fb800 JavaThread "jar transforms Thread 8" [_thread_blocked, id=10268, stack(0x0000009d76500000,0x0000009d76600000)]
  0x000002785e8f9800 JavaThread "Memory manager" [_thread_blocked, id=14952, stack(0x0000009d76600000,0x0000009d76700000)]
  0x000002785e8fc000 JavaThread "build event listener" [_thread_blocked, id=10772, stack(0x0000009d76700000,0x0000009d76800000)]
  0x000002785e8fa800 JavaThread "Execution worker for ':'" [_thread_blocked, id=14176, stack(0x0000009d76800000,0x0000009d76900000)]
  0x000002785e8fd000 JavaThread "Execution worker for ':' Thread 2" [_thread_blocked, id=8236, stack(0x0000009d76900000,0x0000009d76a00000)]
  0x000002785e8fe000 JavaThread "Execution worker for ':' Thread 3" [_thread_blocked, id=3256, stack(0x0000009d76a00000,0x0000009d76b00000)]
  0x000002785e8f8000 JavaThread "Execution worker for ':' Thread 4" [_thread_blocked, id=11108, stack(0x0000009d76b00000,0x0000009d76c00000)]
  0x000002785e8fe800 JavaThread "Execution worker for ':' Thread 5" [_thread_blocked, id=4132, stack(0x0000009d76c00000,0x0000009d76d00000)]
  0x000002785e8f9000 JavaThread "Execution worker for ':' Thread 6" [_thread_blocked, id=8572, stack(0x0000009d76d00000,0x0000009d76e00000)]
  0x000002785e8ff800 JavaThread "Execution worker for ':' Thread 7" [_thread_blocked, id=16944, stack(0x0000009d76e00000,0x0000009d76f00000)]
  0x0000027863bf1800 JavaThread "Cache worker for execution history cache (D:\marwari_mart_workspace\marwariMartUserApp\.gradle\7.0.2\executionHistory)" [_thread_blocked, id=9964, stack(0x0000009d76f00000,0x0000009d77000000)]
  0x0000027863bf4000 JavaThread "WorkerExecutor Queue" [_thread_blocked, id=13144, stack(0x0000009d77000000,0x0000009d77100000)]
  0x0000027863bf2000 JavaThread "WorkerExecutor Queue Thread 2" [_thread_blocked, id=16956, stack(0x0000009d77100000,0x0000009d77200000)]
  0x0000027863bf3000 JavaThread "WorkerExecutor Queue Thread 3" [_thread_blocked, id=16524, stack(0x0000009d77200000,0x0000009d77300000)]
  0x0000027863bf0800 JavaThread "WorkerExecutor Queue Thread 4" [_thread_blocked, id=1800, stack(0x0000009d77300000,0x0000009d77400000)]
  0x0000027863bee000 JavaThread "pool-3-thread-1" [_thread_blocked, id=17000, stack(0x0000009d77400000,0x0000009d77500000)]
  0x0000027863bf4800 JavaThread "stderr" [_thread_in_native, id=15084, stack(0x0000009d77500000,0x0000009d77600000)]
  0x0000027863bef000 JavaThread "stdout" [_thread_in_native, id=2856, stack(0x0000009d77600000,0x0000009d77700000)]
  0x0000027863bef800 JavaThread "ForkJoinPool-1-worker-3" daemon [_thread_blocked, id=10260, stack(0x0000009d77700000,0x0000009d77800000)]
  0x000002786174e800 JavaThread "ForkJoinPool-1-worker-5" daemon [_thread_blocked, id=10172, stack(0x0000009d77800000,0x0000009d77900000)]
  0x000002786174f800 JavaThread "ForkJoinPool-1-worker-9" daemon [_thread_blocked, id=17160, stack(0x0000009d77900000,0x0000009d77a00000)]
  0x0000027861755000 JavaThread "ForkJoinPool-1-worker-7" daemon [_thread_blocked, id=3236, stack(0x0000009d77a00000,0x0000009d77b00000)]
  0x0000027861750800 JavaThread "ForkJoinPool-1-worker-11" daemon [_thread_blocked, id=13292, stack(0x0000009d77b00000,0x0000009d77c00000)]
  0x0000027861751000 JavaThread "ForkJoinPool-1-worker-13" daemon [_thread_blocked, id=7020, stack(0x0000009d77c00000,0x0000009d77d00000)]
  0x0000027861757800 JavaThread "ForkJoinPool-1-worker-15" daemon [_thread_blocked, id=13140, stack(0x0000009d77d00000,0x0000009d77e00000)]
  0x0000027861752000 JavaThread "ForkJoinPool-1-worker-1" daemon [_thread_blocked, id=9496, stack(0x0000009d77e00000,0x0000009d77f00000)]

Other Threads:
=>0x000002785b8e7000 VMThread "VM Thread" [stack: 0x0000009d72b00000,0x0000009d72c00000] [id=2104]
  0x000002785c2f1000 WatcherThread [stack: 0x0000009d73500000,0x0000009d73600000] [id=9232]
  0x000002784149e800 GCTaskThread "GC Thread#0" [stack: 0x0000009d72600000,0x0000009d72700000] [id=14268]
  0x000002785cae3000 GCTaskThread "GC Thread#1" [stack: 0x0000009d73700000,0x0000009d73800000] [id=16284]
  0x000002785cf60800 GCTaskThread "GC Thread#2" [stack: 0x0000009d73800000,0x0000009d73900000] [id=3116]
  0x000002785ebe3800 GCTaskThread "GC Thread#3" [stack: 0x0000009d74200000,0x0000009d74300000] [id=15764]
  0x000002785e93c000 GCTaskThread "GC Thread#4" [stack: 0x0000009d74300000,0x0000009d74400000] [id=5312]
  0x000002785e75a800 GCTaskThread "GC Thread#5" [stack: 0x0000009d74400000,0x0000009d74500000] [id=16396]
  0x000002785d8ca000 GCTaskThread "GC Thread#6" [stack: 0x0000009d74500000,0x0000009d74600000] [id=17224]
  0x000002785d7ae000 GCTaskThread "GC Thread#7" [stack: 0x0000009d74600000,0x0000009d74700000] [id=10384]
  0x00000278414d0000 ConcurrentGCThread "G1 Main Marker" [stack: 0x0000009d72700000,0x0000009d72800000] [id=12100]
  0x00000278414d3000 ConcurrentGCThread "G1 Conc#0" [stack: 0x0000009d72800000,0x0000009d72900000] [id=15772]
  0x000002785e051800 ConcurrentGCThread "G1 Conc#1" [stack: 0x0000009d74900000,0x0000009d74a00000] [id=4908]
  0x000002785b734800 ConcurrentGCThread "G1 Refine#0" [stack: 0x0000009d72900000,0x0000009d72a00000] [id=4228]
  0x000002785b735800 ConcurrentGCThread "G1 Young RemSet Sampling" [stack: 0x0000009d72a00000,0x0000009d72b00000] [id=2128]

Threads with active compile tasks:
C2 CompilerThread0  21143 12576 %     4       com.android.tools.r8.dex.j::a @ 315 (1038 bytes)
C2 CompilerThread1  21143 13501       4       java.util.IdentityHashMap::resize (153 bytes)

VM state:at safepoint (normal execution)

VM Mutex/Monitor currently owned by a thread:  ([mutex/lock_event])
[0x000002784147fd40] Threads_lock - owner thread: 0x000002785b8e7000
[0x000002784147ff80] Heap_lock - owner thread: 0x0000027863bf3000

Heap address: 0x0000000080000000, size: 2048 MB, Compressed Oops mode: 32-bit
Narrow klass base: 0x0000000000000000, Narrow klass shift: 3
Compressed class space size: 1073741824 Address: 0x0000000100000000

Heap:
 garbage-first heap   total 899072K, used 239143K [0x0000000080000000, 0x0000000100000000)
  region size 1024K, 5 young (5120K), 5 survivors (5120K)
 Metaspace       used 95761K, capacity 98720K, committed 98944K, reserved 1134592K
  class space    used 12554K, capacity 13661K, committed 13772K, reserved 1048576K
Heap Regions: E=young(eden), S=young(survivor), O=old, HS=humongous(starts), HC=humongous(continues), CS=collection set, F=free, A=archive, TAMS=top-at-mark-start (previous, next)
|   0|0x0000000080000000, 0x0000000080100000, 0x0000000080100000|100%| O|  |TAMS 0x0000000080100000, 0x0000000080000000| Updating 
|   1|0x0000000080100000, 0x0000000080200000, 0x0000000080200000|100%| O|  |TAMS 0x0000000080200000, 0x0000000080100000| Updating 
|   2|0x0000000080200000, 0x0000000080300000, 0x0000000080300000|100%| O|  |TAMS 0x0000000080300000, 0x0000000080200000| Updating 
|   3|0x0000000080300000, 0x0000000080400000, 0x0000000080400000|100%|HS|  |TAMS 0x0000000080400000, 0x0000000080300000| Complete 
|   4|0x0000000080400000, 0x0000000080500000, 0x0000000080500000|100%|HC|  |TAMS 0x0000000080500000, 0x0000000080400000| Complete 
|   5|0x0000000080500000, 0x0000000080600000, 0x0000000080600000|100%|HC|  |TAMS 0x0000000080600000, 0x0000000080500000| Complete 
|   6|0x0000000080600000, 0x0000000080700000, 0x0000000080700000|100%| O|  |TAMS 0x0000000080700000, 0x0000000080600000| Updating 
|   7|0x0000000080700000, 0x0000000080800000, 0x0000000080800000|100%| O|  |TAMS 0x0000000080800000, 0x0000000080700000| Updating 
|   8|0x0000000080800000, 0x0000000080900000, 0x0000000080900000|100%| O|  |TAMS 0x0000000080900000, 0x0000000080800000| Updating 
|   9|0x0000000080900000, 0x0000000080a00000, 0x0000000080a00000|100%| O|  |TAMS 0x0000000080a00000, 0x0000000080900000| Updating 
|  10|0x0000000080a00000, 0x0000000080b00000, 0x0000000080b00000|100%| O|  |TAMS 0x0000000080b00000, 0x0000000080a00000| Updating 
|  11|0x0000000080b00000, 0x0000000080c00000, 0x0000000080c00000|100%| O|  |TAMS 0x0000000080c00000, 0x0000000080b00000| Updating 
|  12|0x0000000080c00000, 0x0000000080d00000, 0x0000000080d00000|100%| O|  |TAMS 0x0000000080d00000, 0x0000000080c00000| Updating 
|  13|0x0000000080d00000, 0x0000000080e00000, 0x0000000080e00000|100%| O|  |TAMS 0x0000000080e00000, 0x0000000080d00000| Updating 
|  14|0x0000000080e00000, 0x0000000080f00000, 0x0000000080f00000|100%| O|  |TAMS 0x0000000080f00000, 0x0000000080e00000| Updating 
|  15|0x0000000080f00000, 0x0000000081000000, 0x0000000081000000|100%| O|  |TAMS 0x0000000081000000, 0x0000000080f00000| Updating 
|  16|0x0000000081000000, 0x0000000081100000, 0x0000000081100000|100%| O|  |TAMS 0x0000000081100000, 0x0000000081000000| Updating 
|  17|0x0000000081100000, 0x0000000081200000, 0x0000000081200000|100%| O|  |TAMS 0x0000000081200000, 0x0000000081100000| Updating 
|  18|0x0000000081200000, 0x0000000081300000, 0x0000000081300000|100%| O|  |TAMS 0x0000000081300000, 0x0000000081200000| Updating 
|  19|0x0000000081300000, 0x0000000081400000, 0x0000000081400000|100%|HS|  |TAMS 0x0000000081400000, 0x0000000081300000| Complete 
|  20|0x0000000081400000, 0x0000000081500000, 0x0000000081500000|100%| O|  |TAMS 0x0000000081500000, 0x0000000081400000| Updating 
|  21|0x0000000081500000, 0x0000000081600000, 0x0000000081600000|100%| O|  |TAMS 0x0000000081600000, 0x0000000081500000| Updating 
|  22|0x0000000081600000, 0x0000000081700000, 0x0000000081700000|100%| O|  |TAMS 0x0000000081700000, 0x0000000081600000| Updating 
|  23|0x0000000081700000, 0x0000000081800000, 0x0000000081800000|100%|HS|  |TAMS 0x0000000081800000, 0x0000000081700000| Complete 
|  24|0x0000000081800000, 0x0000000081900000, 0x0000000081900000|100%|HS|  |TAMS 0x0000000081900000, 0x0000000081800000| Complete 
|  25|0x0000000081900000, 0x0000000081a00000, 0x0000000081a00000|100%|HC|  |TAMS 0x0000000081a00000, 0x0000000081900000| Complete 
|  26|0x0000000081a00000, 0x0000000081b00000, 0x0000000081b00000|100%| O|  |TAMS 0x0000000081b00000, 0x0000000081a00000| Updating 
|  27|0x0000000081b00000, 0x0000000081c00000, 0x0000000081c00000|100%| O|  |TAMS 0x0000000081c00000, 0x0000000081b00000| Updating 
|  28|0x0000000081c00000, 0x0000000081d00000, 0x0000000081d00000|100%| O|  |TAMS 0x0000000081d00000, 0x0000000081c00000| Updating 
|  29|0x0000000081d00000, 0x0000000081e00000, 0x0000000081e00000|100%| O|  |TAMS 0x0000000081e00000, 0x0000000081d00000| Updating 
|  30|0x0000000081e00000, 0x0000000081f00000, 0x0000000081f00000|100%| O|  |TAMS 0x0000000081f00000, 0x0000000081e00000| Updating 
|  31|0x0000000081f00000, 0x0000000082000000, 0x0000000082000000|100%| O|  |TAMS 0x0000000082000000, 0x0000000081f00000| Updating 
|  32|0x0000000082000000, 0x0000000082100000, 0x0000000082100000|100%| O|  |TAMS 0x0000000082100000, 0x0000000082000000| Updating 
|  33|0x0000000082100000, 0x0000000082200000, 0x0000000082200000|100%| O|  |TAMS 0x0000000082200000, 0x0000000082100000| Updating 
|  34|0x0000000082200000, 0x0000000082300000, 0x0000000082300000|100%| O|  |TAMS 0x0000000082300000, 0x0000000082200000| Updating 
|  35|0x0000000082300000, 0x0000000082400000, 0x0000000082400000|100%| O|  |TAMS 0x0000000082400000, 0x0000000082300000| Updating 
|  36|0x0000000082400000, 0x0000000082500000, 0x0000000082500000|100%| O|  |TAMS 0x0000000082500000, 0x0000000082400000| Updating 
|  37|0x0000000082500000, 0x0000000082600000, 0x0000000082600000|100%| O|  |TAMS 0x0000000082600000, 0x0000000082500000| Updating 
|  38|0x0000000082600000, 0x0000000082700000, 0x0000000082700000|100%| O|  |TAMS 0x0000000082700000, 0x0000000082600000| Updating 
|  39|0x0000000082700000, 0x0000000082800000, 0x0000000082800000|100%| O|  |TAMS 0x0000000082800000, 0x0000000082700000| Updating 
|  40|0x0000000082800000, 0x0000000082900000, 0x0000000082900000|100%| O|  |TAMS 0x0000000082900000, 0x0000000082800000| Updating 
|  41|0x0000000082900000, 0x0000000082a00000, 0x0000000082a00000|100%| O|  |TAMS 0x0000000082a00000, 0x0000000082900000| Updating 
|  42|0x0000000082a00000, 0x0000000082b00000, 0x0000000082b00000|100%| O|  |TAMS 0x0000000082b00000, 0x0000000082a00000| Updating 
|  43|0x0000000082b00000, 0x0000000082c00000, 0x0000000082c00000|100%| O|  |TAMS 0x0000000082c00000, 0x0000000082b00000| Updating 
|  44|0x0000000082c00000, 0x0000000082d00000, 0x0000000082d00000|100%| O|  |TAMS 0x0000000082d00000, 0x0000000082c00000| Updating 
|  45|0x0000000082d00000, 0x0000000082e00000, 0x0000000082e00000|100%| O|  |TAMS 0x0000000082e00000, 0x0000000082d00000| Updating 
|  46|0x0000000082e00000, 0x0000000082f00000, 0x0000000082f00000|100%| O|  |TAMS 0x0000000082f00000, 0x0000000082e00000| Updating 
|  47|0x0000000082f00000, 0x0000000083000000, 0x0000000083000000|100%| O|  |TAMS 0x0000000083000000, 0x0000000082f00000| Updating 
|  48|0x0000000083000000, 0x0000000083100000, 0x0000000083100000|100%| O|  |TAMS 0x0000000083100000, 0x0000000083000000| Updating 
|  49|0x0000000083100000, 0x0000000083200000, 0x0000000083200000|100%| O|  |TAMS 0x0000000083200000, 0x0000000083100000| Updating 
|  50|0x0000000083200000, 0x0000000083300000, 0x0000000083300000|100%| O|  |TAMS 0x0000000083300000, 0x0000000083200000| Updating 
|  51|0x0000000083300000, 0x0000000083400000, 0x0000000083400000|100%| O|  |TAMS 0x0000000083400000, 0x0000000083300000| Updating 
|  52|0x0000000083400000, 0x0000000083500000, 0x0000000083500000|100%| O|  |TAMS 0x0000000083500000, 0x0000000083400000| Updating 
|  53|0x0000000083500000, 0x0000000083600000, 0x0000000083600000|100%| O|  |TAMS 0x0000000083600000, 0x0000000083500000| Updating 
|  54|0x0000000083600000, 0x0000000083700000, 0x0000000083700000|100%| O|  |TAMS 0x0000000083700000, 0x0000000083600000| Updating 
|  55|0x0000000083700000, 0x0000000083800000, 0x0000000083800000|100%| O|  |TAMS 0x0000000083800000, 0x0000000083700000| Updating 
|  56|0x0000000083800000, 0x0000000083900000, 0x0000000083900000|100%| O|  |TAMS 0x0000000083900000, 0x0000000083800000| Updating 
|  57|0x0000000083900000, 0x0000000083a00000, 0x0000000083a00000|100%| O|  |TAMS 0x0000000083a00000, 0x0000000083900000| Updating 
|  58|0x0000000083a00000, 0x0000000083b00000, 0x0000000083b00000|100%| O|  |TAMS 0x0000000083b00000, 0x0000000083a00000| Updating 
|  59|0x0000000083b00000, 0x0000000083c00000, 0x0000000083c00000|100%| O|  |TAMS 0x0000000083c00000, 0x0000000083b00000| Updating 
|  60|0x0000000083c00000, 0x0000000083d00000, 0x0000000083d00000|100%| O|  |TAMS 0x0000000083d00000, 0x0000000083c00000| Updating 
|  61|0x0000000083d00000, 0x0000000083e00000, 0x0000000083e00000|100%| O|  |TAMS 0x0000000083e00000, 0x0000000083d00000| Updating 
|  62|0x0000000083e00000, 0x0000000083f00000, 0x0000000083f00000|100%| O|  |TAMS 0x0000000083f00000, 0x0000000083e00000| Updating 
|  63|0x0000000083f00000, 0x0000000084000000, 0x0000000084000000|100%| O|  |TAMS 0x0000000084000000, 0x0000000083f00000| Updating 
|  64|0x0000000084000000, 0x0000000084100000, 0x0000000084100000|100%| O|  |TAMS 0x0000000084100000, 0x0000000084000000| Updating 
|  65|0x0000000084100000, 0x0000000084200000, 0x0000000084200000|100%| O|  |TAMS 0x0000000084200000, 0x0000000084100000| Updating 
|  66|0x0000000084200000, 0x0000000084300000, 0x0000000084300000|100%| O|  |TAMS 0x0000000084300000, 0x0000000084200000| Updating 
|  67|0x0000000084300000, 0x0000000084400000, 0x0000000084400000|100%| O|  |TAMS 0x0000000084400000, 0x0000000084300000| Updating 
|  68|0x0000000084400000, 0x0000000084500000, 0x0000000084500000|100%| O|  |TAMS 0x0000000084500000, 0x0000000084400000| Updating 
|  69|0x0000000084500000, 0x0000000084600000, 0x0000000084600000|100%| O|  |TAMS 0x0000000084600000, 0x0000000084500000| Updating 
|  70|0x0000000084600000, 0x0000000084700000, 0x0000000084700000|100%| O|  |TAMS 0x0000000084700000, 0x0000000084600000| Updating 
|  71|0x0000000084700000, 0x0000000084800000, 0x0000000084800000|100%| O|  |TAMS 0x0000000084800000, 0x0000000084700000| Updating 
|  72|0x0000000084800000, 0x0000000084900000, 0x0000000084900000|100%| O|  |TAMS 0x0000000084900000, 0x0000000084800000| Updating 
|  73|0x0000000084900000, 0x0000000084a00000, 0x0000000084a00000|100%| O|  |TAMS 0x0000000084a00000, 0x0000000084900000| Updating 
|  74|0x0000000084a00000, 0x0000000084b00000, 0x0000000084b00000|100%| O|  |TAMS 0x0000000084b00000, 0x0000000084a00000| Updating 
|  75|0x0000000084b00000, 0x0000000084c00000, 0x0000000084c00000|100%| O|  |TAMS 0x0000000084c00000, 0x0000000084b00000| Updating 
|  76|0x0000000084c00000, 0x0000000084d00000, 0x0000000084d00000|100%| O|  |TAMS 0x0000000084d00000, 0x0000000084c00000| Updating 
|  77|0x0000000084d00000, 0x0000000084e00000, 0x0000000084e00000|100%| O|  |TAMS 0x0000000084e00000, 0x0000000084d00000| Updating 
|  78|0x0000000084e00000, 0x0000000084f00000, 0x0000000084f00000|100%| O|  |TAMS 0x0000000084f00000, 0x0000000084e00000| Updating 
|  79|0x0000000084f00000, 0x0000000085000000, 0x0000000085000000|100%| O|  |TAMS 0x0000000085000000, 0x0000000084f00000| Updating 
|  80|0x0000000085000000, 0x0000000085100000, 0x0000000085100000|100%| O|  |TAMS 0x0000000085100000, 0x0000000085000000| Updating 
|  81|0x0000000085100000, 0x0000000085200000, 0x0000000085200000|100%| O|  |TAMS 0x0000000085200000, 0x0000000085100000| Updating 
|  82|0x0000000085200000, 0x0000000085300000, 0x0000000085300000|100%| O|  |TAMS 0x0000000085300000, 0x0000000085200000| Updating 
|  83|0x0000000085300000, 0x0000000085400000, 0x0000000085400000|100%| O|  |TAMS 0x0000000085400000, 0x0000000085300000| Updating 
|  84|0x0000000085400000, 0x0000000085500000, 0x0000000085500000|100%| O|  |TAMS 0x0000000085500000, 0x0000000085400000| Updating 
|  85|0x0000000085500000, 0x0000000085600000, 0x0000000085600000|100%| O|  |TAMS 0x0000000085600000, 0x0000000085500000| Updating 
|  86|0x0000000085600000, 0x0000000085700000, 0x0000000085700000|100%| O|  |TAMS 0x0000000085700000, 0x0000000085600000| Updating 
|  87|0x0000000085700000, 0x0000000085800000, 0x0000000085800000|100%| O|  |TAMS 0x0000000085800000, 0x0000000085700000| Updating 
|  88|0x0000000085800000, 0x0000000085900000, 0x0000000085900000|100%| O|  |TAMS 0x0000000085900000, 0x0000000085800000| Updating 
|  89|0x0000000085900000, 0x0000000085a00000, 0x0000000085a00000|100%| O|  |TAMS 0x0000000085a00000, 0x0000000085900000| Updating 
|  90|0x0000000085a00000, 0x0000000085b00000, 0x0000000085b00000|100%|HS|  |TAMS 0x0000000085b00000, 0x0000000085a00000| Complete 
|  91|0x0000000085b00000, 0x0000000085c00000, 0x0000000085c00000|100%|HC|  |TAMS 0x0000000085c00000, 0x0000000085b00000| Complete 
|  92|0x0000000085c00000, 0x0000000085d00000, 0x0000000085d00000|100%|HS|  |TAMS 0x0000000085d00000, 0x0000000085c00000| Complete 
|  93|0x0000000085d00000, 0x0000000085e00000, 0x0000000085e00000|100%|HS|  |TAMS 0x0000000085e00000, 0x0000000085d00000| Complete 
|  94|0x0000000085e00000, 0x0000000085f00000, 0x0000000085f00000|100%|HS|  |TAMS 0x0000000085f00000, 0x0000000085e00000| Complete 
|  95|0x0000000085f00000, 0x0000000086000000, 0x0000000086000000|100%|HS|  |TAMS 0x0000000086000000, 0x0000000085f00000| Complete 
|  96|0x0000000086000000, 0x0000000086100000, 0x0000000086100000|100%|HS|  |TAMS 0x0000000086100000, 0x0000000086000000| Complete 
|  97|0x0000000086100000, 0x0000000086200000, 0x0000000086200000|100%| O|  |TAMS 0x0000000086200000, 0x0000000086100000| Updating 
|  98|0x0000000086200000, 0x0000000086300000, 0x0000000086300000|100%| O|  |TAMS 0x0000000086300000, 0x0000000086200000| Updating 
|  99|0x0000000086300000, 0x0000000086400000, 0x0000000086400000|100%| O|  |TAMS 0x0000000086400000, 0x0000000086300000| Updating 
| 100|0x0000000086400000, 0x0000000086500000, 0x0000000086500000|100%|HS|  |TAMS 0x0000000086500000, 0x0000000086400000| Complete 
| 101|0x0000000086500000, 0x0000000086600000, 0x0000000086600000|100%|HS|  |TAMS 0x0000000086600000, 0x0000000086500000| Complete 
| 102|0x0000000086600000, 0x0000000086700000, 0x0000000086700000|100%|HC|  |TAMS 0x0000000086700000, 0x0000000086600000| Complete 
| 103|0x0000000086700000, 0x0000000086800000, 0x0000000086800000|100%|HS|  |TAMS 0x0000000086800000, 0x0000000086700000| Complete 
| 104|0x0000000086800000, 0x0000000086900000, 0x0000000086900000|100%|HC|  |TAMS 0x0000000086900000, 0x0000000086800000| Complete 
| 105|0x0000000086900000, 0x0000000086a00000, 0x0000000086a00000|100%| O|  |TAMS 0x0000000086a00000, 0x0000000086900000| Updating 
| 106|0x0000000086a00000, 0x0000000086b00000, 0x0000000086b00000|100%| O|  |TAMS 0x0000000086b00000, 0x0000000086a00000| Updating 
| 107|0x0000000086b00000, 0x0000000086c00000, 0x0000000086c00000|100%| O|  |TAMS 0x0000000086c00000, 0x0000000086b00000| Updating 
| 108|0x0000000086c00000, 0x0000000086d00000, 0x0000000086d00000|100%| O|  |TAMS 0x0000000086d00000, 0x0000000086c00000| Updating 
| 109|0x0000000086d00000, 0x0000000086e00000, 0x0000000086e00000|100%| O|  |TAMS 0x0000000086e00000, 0x0000000086d00000| Updating 
| 110|0x0000000086e00000, 0x0000000086f00000, 0x0000000086f00000|100%| O|  |TAMS 0x0000000086f00000, 0x0000000086e00000| Updating 
| 111|0x0000000086f00000, 0x0000000087000000, 0x0000000087000000|100%| O|  |TAMS 0x0000000087000000, 0x0000000086f00000| Updating 
| 112|0x0000000087000000, 0x0000000087100000, 0x0000000087100000|100%| O|  |TAMS 0x0000000087100000, 0x0000000087000000| Updating 
| 113|0x0000000087100000, 0x0000000087200000, 0x0000000087200000|100%| O|  |TAMS 0x0000000087200000, 0x0000000087100000| Updating 
| 114|0x0000000087200000, 0x0000000087300000, 0x0000000087300000|100%| O|  |TAMS 0x0000000087300000, 0x0000000087200000| Updating 
| 115|0x0000000087300000, 0x0000000087400000, 0x0000000087400000|100%| O|  |TAMS 0x0000000087300000, 0x0000000087300000| Untracked 
| 116|0x0000000087400000, 0x0000000087500000, 0x0000000087500000|100%| O|  |TAMS 0x0000000087400000, 0x0000000087400000| Untracked 
| 117|0x0000000087500000, 0x0000000087600000, 0x0000000087600000|100%| O|  |TAMS 0x0000000087600000, 0x0000000087500000| Updating 
| 118|0x0000000087600000, 0x0000000087700000, 0x0000000087700000|100%| O|  |TAMS 0x0000000087600000, 0x0000000087600000| Untracked 
| 119|0x0000000087700000, 0x0000000087800000, 0x0000000087800000|100%| O|  |TAMS 0x0000000087800000, 0x0000000087700000| Updating 
| 120|0x0000000087800000, 0x0000000087900000, 0x0000000087900000|100%| O|  |TAMS 0x0000000087800000, 0x0000000087800000| Untracked 
| 121|0x0000000087900000, 0x0000000087a00000, 0x0000000087a00000|100%| O|  |TAMS 0x0000000087a00000, 0x0000000087900000| Updating 
| 122|0x0000000087a00000, 0x0000000087b00000, 0x0000000087b00000|100%| O|  |TAMS 0x0000000087a00000, 0x0000000087a00000| Untracked 
| 123|0x0000000087b00000, 0x0000000087bba200, 0x0000000087c00000| 72%| O|  |TAMS 0x0000000087b00000, 0x0000000087b00000| Untracked 
| 124|0x0000000087c00000, 0x0000000087c00000, 0x0000000087d00000|  0%| F|  |TAMS 0x0000000087c00000, 0x0000000087c00000| Untracked 
| 125|0x0000000087d00000, 0x0000000087d00000, 0x0000000087e00000|  0%| F|  |TAMS 0x0000000087d00000, 0x0000000087d00000| Untracked 
| 126|0x0000000087e00000, 0x0000000087e00000, 0x0000000087f00000|  0%| F|  |TAMS 0x0000000087e00000, 0x0000000087e00000| Untracked 
| 127|0x0000000087f00000, 0x0000000088000000, 0x0000000088000000|100%| O|  |TAMS 0x0000000088000000, 0x0000000087f00000| Updating 
| 128|0x0000000088000000, 0x0000000088000000, 0x0000000088100000|  0%| F|  |TAMS 0x0000000088000000, 0x0000000088000000| Untracked 
| 129|0x0000000088100000, 0x0000000088200000, 0x0000000088200000|100%| O|  |TAMS 0x0000000088200000, 0x0000000088100000| Updating 
| 130|0x0000000088200000, 0x0000000088300000, 0x0000000088300000|100%|HS|  |TAMS 0x0000000088300000, 0x0000000088200000| Complete 
| 131|0x0000000088300000, 0x0000000088300000, 0x0000000088400000|  0%| F|  |TAMS 0x0000000088300000, 0x0000000088300000| Untracked 
| 132|0x0000000088400000, 0x0000000088400000, 0x0000000088500000|  0%| F|  |TAMS 0x0000000088400000, 0x0000000088400000| Untracked 
| 133|0x0000000088500000, 0x0000000088600000, 0x0000000088600000|100%|HS|  |TAMS 0x0000000088600000, 0x0000000088500000| Complete 
| 134|0x0000000088600000, 0x0000000088700000, 0x0000000088700000|100%| O|  |TAMS 0x0000000088700000, 0x0000000088600000| Updating 
| 135|0x0000000088700000, 0x0000000088700000, 0x0000000088800000|  0%| F|  |TAMS 0x0000000088700000, 0x0000000088700000| Untracked 
| 136|0x0000000088800000, 0x0000000088800000, 0x0000000088900000|  0%| F|  |TAMS 0x0000000088800000, 0x0000000088800000| Untracked 
| 137|0x0000000088900000, 0x0000000088a00000, 0x0000000088a00000|100%| O|  |TAMS 0x0000000088a00000, 0x0000000088900000| Updating 
| 138|0x0000000088a00000, 0x0000000088b00000, 0x0000000088b00000|100%| O|  |TAMS 0x0000000088b00000, 0x0000000088a00000| Updating 
| 139|0x0000000088b00000, 0x0000000088c00000, 0x0000000088c00000|100%| O|  |TAMS 0x0000000088c00000, 0x0000000088b00000| Updating 
| 140|0x0000000088c00000, 0x0000000088d00000, 0x0000000088d00000|100%| O|  |TAMS 0x0000000088d00000, 0x0000000088c00000| Updating 
| 141|0x0000000088d00000, 0x0000000088e00000, 0x0000000088e00000|100%| O|  |TAMS 0x0000000088e00000, 0x0000000088d00000| Updating 
| 142|0x0000000088e00000, 0x0000000088f00000, 0x0000000088f00000|100%| O|  |TAMS 0x0000000088f00000, 0x0000000088e00000| Updating 
| 143|0x0000000088f00000, 0x0000000089000000, 0x0000000089000000|100%| O|  |TAMS 0x0000000089000000, 0x0000000088f00000| Updating 
| 144|0x0000000089000000, 0x0000000089100000, 0x0000000089100000|100%| O|  |TAMS 0x0000000089100000, 0x0000000089000000| Updating 
| 145|0x0000000089100000, 0x0000000089200000, 0x0000000089200000|100%| O|  |TAMS 0x0000000089200000, 0x0000000089100000| Updating 
| 146|0x0000000089200000, 0x0000000089300000, 0x0000000089300000|100%| O|  |TAMS 0x0000000089300000, 0x0000000089200000| Updating 
| 147|0x0000000089300000, 0x0000000089400000, 0x0000000089400000|100%| O|  |TAMS 0x0000000089400000, 0x0000000089300000| Updating 
| 148|0x0000000089400000, 0x0000000089500000, 0x0000000089500000|100%| O|  |TAMS 0x0000000089500000, 0x0000000089400000| Updating 
| 149|0x0000000089500000, 0x0000000089600000, 0x0000000089600000|100%| O|  |TAMS 0x0000000089600000, 0x0000000089500000| Updating 
| 150|0x0000000089600000, 0x0000000089700000, 0x0000000089700000|100%| O|  |TAMS 0x0000000089700000, 0x0000000089600000| Updating 
| 151|0x0000000089700000, 0x0000000089800000, 0x0000000089800000|100%| O|  |TAMS 0x0000000089800000, 0x0000000089700000| Updating 
| 152|0x0000000089800000, 0x0000000089900000, 0x0000000089900000|100%| O|  |TAMS 0x0000000089900000, 0x0000000089800000| Updating 
| 153|0x0000000089900000, 0x0000000089a00000, 0x0000000089a00000|100%| O|  |TAMS 0x0000000089a00000, 0x0000000089900000| Updating 
| 154|0x0000000089a00000, 0x0000000089b00000, 0x0000000089b00000|100%| O|  |TAMS 0x0000000089b00000, 0x0000000089a00000| Updating 
| 155|0x0000000089b00000, 0x0000000089c00000, 0x0000000089c00000|100%| O|  |TAMS 0x0000000089c00000, 0x0000000089b00000| Updating 
| 156|0x0000000089c00000, 0x0000000089d00000, 0x0000000089d00000|100%| O|  |TAMS 0x0000000089d00000, 0x0000000089c00000| Updating 
| 157|0x0000000089d00000, 0x0000000089e00000, 0x0000000089e00000|100%| O|  |TAMS 0x0000000089e00000, 0x0000000089d00000| Updating 
| 158|0x0000000089e00000, 0x0000000089f00000, 0x0000000089f00000|100%| O|  |TAMS 0x0000000089f00000, 0x0000000089e00000| Updating 
| 159|0x0000000089f00000, 0x000000008a000000, 0x000000008a000000|100%| O|  |TAMS 0x000000008a000000, 0x0000000089f00000| Updating 
| 160|0x000000008a000000, 0x000000008a100000, 0x000000008a100000|100%| O|  |TAMS 0x000000008a100000, 0x000000008a000000| Updating 
| 161|0x000000008a100000, 0x000000008a200000, 0x000000008a200000|100%| O|  |TAMS 0x000000008a200000, 0x000000008a100000| Updating 
| 162|0x000000008a200000, 0x000000008a300000, 0x000000008a300000|100%| O|  |TAMS 0x000000008a300000, 0x000000008a200000| Updating 
| 163|0x000000008a300000, 0x000000008a400000, 0x000000008a400000|100%| O|  |TAMS 0x000000008a400000, 0x000000008a300000| Updating 
| 164|0x000000008a400000, 0x000000008a500000, 0x000000008a500000|100%| O|  |TAMS 0x000000008a500000, 0x000000008a400000| Updating 
| 165|0x000000008a500000, 0x000000008a600000, 0x000000008a600000|100%| O|  |TAMS 0x000000008a600000, 0x000000008a500000| Updating 
| 166|0x000000008a600000, 0x000000008a700000, 0x000000008a700000|100%| O|  |TAMS 0x000000008a700000, 0x000000008a600000| Updating 
| 167|0x000000008a700000, 0x000000008a800000, 0x000000008a800000|100%| O|  |TAMS 0x000000008a800000, 0x000000008a700000| Updating 
| 168|0x000000008a800000, 0x000000008a900000, 0x000000008a900000|100%| O|  |TAMS 0x000000008a900000, 0x000000008a800000| Updating 
| 169|0x000000008a900000, 0x000000008aa00000, 0x000000008aa00000|100%| O|  |TAMS 0x000000008aa00000, 0x000000008a900000| Updating 
| 170|0x000000008aa00000, 0x000000008ab00000, 0x000000008ab00000|100%| O|  |TAMS 0x000000008ab00000, 0x000000008aa00000| Updating 
| 171|0x000000008ab00000, 0x000000008ac00000, 0x000000008ac00000|100%| O|  |TAMS 0x000000008ac00000, 0x000000008ab00000| Updating 
| 172|0x000000008ac00000, 0x000000008ad00000, 0x000000008ad00000|100%| O|  |TAMS 0x000000008ad00000, 0x000000008ac00000| Updating 
| 173|0x000000008ad00000, 0x000000008ae00000, 0x000000008ae00000|100%| O|  |TAMS 0x000000008ae00000, 0x000000008ad00000| Updating 
| 174|0x000000008ae00000, 0x000000008af00000, 0x000000008af00000|100%| O|  |TAMS 0x000000008af00000, 0x000000008ae00000| Updating 
| 175|0x000000008af00000, 0x000000008b000000, 0x000000008b000000|100%| O|  |TAMS 0x000000008b000000, 0x000000008af00000| Updating 
| 176|0x000000008b000000, 0x000000008b100000, 0x000000008b100000|100%| O|  |TAMS 0x000000008b100000, 0x000000008b000000| Updating 
| 177|0x000000008b100000, 0x000000008b200000, 0x000000008b200000|100%| O|  |TAMS 0x000000008b200000, 0x000000008b100000| Updating 
| 178|0x000000008b200000, 0x000000008b300000, 0x000000008b300000|100%| O|  |TAMS 0x000000008b300000, 0x000000008b200000| Updating 
| 179|0x000000008b300000, 0x000000008b400000, 0x000000008b400000|100%| O|  |TAMS 0x000000008b400000, 0x000000008b300000| Updating 
| 180|0x000000008b400000, 0x000000008b500000, 0x000000008b500000|100%| O|  |TAMS 0x000000008b500000, 0x000000008b400000| Updating 
| 181|0x000000008b500000, 0x000000008b600000, 0x000000008b600000|100%| O|  |TAMS 0x000000008b600000, 0x000000008b500000| Updating 
| 182|0x000000008b600000, 0x000000008b700000, 0x000000008b700000|100%| O|  |TAMS 0x000000008b700000, 0x000000008b600000| Updating 
| 183|0x000000008b700000, 0x000000008b800000, 0x000000008b800000|100%| O|  |TAMS 0x000000008b800000, 0x000000008b700000| Updating 
| 184|0x000000008b800000, 0x000000008b900000, 0x000000008b900000|100%| O|  |TAMS 0x000000008b900000, 0x000000008b800000| Updating 
| 185|0x000000008b900000, 0x000000008ba00000, 0x000000008ba00000|100%| O|  |TAMS 0x000000008ba00000, 0x000000008b900000| Updating 
| 186|0x000000008ba00000, 0x000000008bb00000, 0x000000008bb00000|100%| O|  |TAMS 0x000000008bb00000, 0x000000008ba00000| Updating 
| 187|0x000000008bb00000, 0x000000008bc00000, 0x000000008bc00000|100%| O|  |TAMS 0x000000008bc00000, 0x000000008bb00000| Updating 
| 188|0x000000008bc00000, 0x000000008bd00000, 0x000000008bd00000|100%| O|  |TAMS 0x000000008bd00000, 0x000000008bc00000| Updating 
| 189|0x000000008bd00000, 0x000000008be00000, 0x000000008be00000|100%| O|  |TAMS 0x000000008be00000, 0x000000008bd00000| Updating 
| 190|0x000000008be00000, 0x000000008bf00000, 0x000000008bf00000|100%| O|  |TAMS 0x000000008bf00000, 0x000000008be00000| Updating 
| 191|0x000000008bf00000, 0x000000008c000000, 0x000000008c000000|100%| O|  |TAMS 0x000000008c000000, 0x000000008bf00000| Updating 
| 192|0x000000008c000000, 0x000000008c100000, 0x000000008c100000|100%| O|  |TAMS 0x000000008c100000, 0x000000008c000000| Updating 
| 193|0x000000008c100000, 0x000000008c200000, 0x000000008c200000|100%| O|  |TAMS 0x000000008c200000, 0x000000008c100000| Updating 
| 194|0x000000008c200000, 0x000000008c300000, 0x000000008c300000|100%| O|  |TAMS 0x000000008c300000, 0x000000008c200000| Updating 
| 195|0x000000008c300000, 0x000000008c400000, 0x000000008c400000|100%| O|  |TAMS 0x000000008c400000, 0x000000008c300000| Updating 
| 196|0x000000008c400000, 0x000000008c500000, 0x000000008c500000|100%| O|  |TAMS 0x000000008c500000, 0x000000008c400000| Updating 
| 197|0x000000008c500000, 0x000000008c600000, 0x000000008c600000|100%| O|  |TAMS 0x000000008c600000, 0x000000008c500000| Updating 
| 198|0x000000008c600000, 0x000000008c700000, 0x000000008c700000|100%| O|  |TAMS 0x000000008c700000, 0x000000008c600000| Updating 
| 199|0x000000008c700000, 0x000000008c800000, 0x000000008c800000|100%| O|  |TAMS 0x000000008c800000, 0x000000008c700000| Updating 
| 200|0x000000008c800000, 0x000000008c900000, 0x000000008c900000|100%| O|  |TAMS 0x000000008c900000, 0x000000008c800000| Updating 
| 201|0x000000008c900000, 0x000000008ca00000, 0x000000008ca00000|100%| O|  |TAMS 0x000000008ca00000, 0x000000008c900000| Updating 
| 202|0x000000008ca00000, 0x000000008cb00000, 0x000000008cb00000|100%| O|  |TAMS 0x000000008cb00000, 0x000000008ca00000| Updating 
| 203|0x000000008cb00000, 0x000000008cc00000, 0x000000008cc00000|100%| O|  |TAMS 0x000000008cc00000, 0x000000008cb00000| Updating 
| 204|0x000000008cc00000, 0x000000008cd00000, 0x000000008cd00000|100%| O|  |TAMS 0x000000008cd00000, 0x000000008cc00000| Updating 
| 205|0x000000008cd00000, 0x000000008ce00000, 0x000000008ce00000|100%| O|  |TAMS 0x000000008ce00000, 0x000000008cd00000| Updating 
| 206|0x000000008ce00000, 0x000000008cf00000, 0x000000008cf00000|100%| O|  |TAMS 0x000000008cf00000, 0x000000008ce00000| Updating 
| 207|0x000000008cf00000, 0x000000008d000000, 0x000000008d000000|100%| O|  |TAMS 0x000000008d000000, 0x000000008cf00000| Updating 
| 208|0x000000008d000000, 0x000000008d100000, 0x000000008d100000|100%| O|  |TAMS 0x000000008d100000, 0x000000008d000000| Updating 
| 209|0x000000008d100000, 0x000000008d200000, 0x000000008d200000|100%| O|  |TAMS 0x000000008d200000, 0x000000008d100000| Updating 
| 210|0x000000008d200000, 0x000000008d300000, 0x000000008d300000|100%| O|  |TAMS 0x000000008d300000, 0x000000008d200000| Updating 
| 211|0x000000008d300000, 0x000000008d400000, 0x000000008d400000|100%| O|  |TAMS 0x000000008d400000, 0x000000008d300000| Updating 
| 212|0x000000008d400000, 0x000000008d500000, 0x000000008d500000|100%| O|  |TAMS 0x000000008d500000, 0x000000008d400000| Updating 
| 213|0x000000008d500000, 0x000000008d600000, 0x000000008d600000|100%| O|  |TAMS 0x000000008d600000, 0x000000008d500000| Updating 
| 214|0x000000008d600000, 0x000000008d700000, 0x000000008d700000|100%| O|  |TAMS 0x000000008d700000, 0x000000008d600000| Updating 
| 215|0x000000008d700000, 0x000000008d800000, 0x000000008d800000|100%| O|  |TAMS 0x000000008d800000, 0x000000008d700000| Updating 
| 216|0x000000008d800000, 0x000000008d900000, 0x000000008d900000|100%| O|  |TAMS 0x000000008d900000, 0x000000008d800000| Updating 
| 217|0x000000008d900000, 0x000000008da00000, 0x000000008da00000|100%| O|  |TAMS 0x000000008da00000, 0x000000008d900000| Updating 
| 218|0x000000008da00000, 0x000000008db00000, 0x000000008db00000|100%| O|  |TAMS 0x000000008db00000, 0x000000008da00000| Updating 
| 219|0x000000008db00000, 0x000000008dc00000, 0x000000008dc00000|100%| O|  |TAMS 0x000000008dc00000, 0x000000008db00000| Updating 
| 220|0x000000008dc00000, 0x000000008dd00000, 0x000000008dd00000|100%| O|  |TAMS 0x000000008dd00000, 0x000000008dc00000| Updating 
| 221|0x000000008dd00000, 0x000000008de00000, 0x000000008de00000|100%| O|  |TAMS 0x000000008de00000, 0x000000008dd00000| Updating 
| 222|0x000000008de00000, 0x000000008df00000, 0x000000008df00000|100%| O|  |TAMS 0x000000008df00000, 0x000000008de00000| Updating 
| 223|0x000000008df00000, 0x000000008e000000, 0x000000008e000000|100%| O|  |TAMS 0x000000008e000000, 0x000000008df00000| Updating 
| 224|0x000000008e000000, 0x000000008e100000, 0x000000008e100000|100%| O|  |TAMS 0x000000008e100000, 0x000000008e000000| Updating 
| 225|0x000000008e100000, 0x000000008e200000, 0x000000008e200000|100%| O|  |TAMS 0x000000008e200000, 0x000000008e100000| Updating 
| 226|0x000000008e200000, 0x000000008e300000, 0x000000008e300000|100%| O|  |TAMS 0x000000008e300000, 0x000000008e200000| Updating 
| 227|0x000000008e300000, 0x000000008e400000, 0x000000008e400000|100%| O|  |TAMS 0x000000008e400000, 0x000000008e300000| Updating 
| 228|0x000000008e400000, 0x000000008e500000, 0x000000008e500000|100%| O|  |TAMS 0x000000008e500000, 0x000000008e400000| Updating 
| 229|0x000000008e500000, 0x000000008e600000, 0x000000008e600000|100%| O|  |TAMS 0x000000008e600000, 0x000000008e500000| Updating 
| 230|0x000000008e600000, 0x000000008e700000, 0x000000008e700000|100%| O|  |TAMS 0x000000008e700000, 0x000000008e600000| Updating 
| 231|0x000000008e700000, 0x000000008e800000, 0x000000008e800000|100%| O|  |TAMS 0x000000008e800000, 0x000000008e700000| Updating 
| 232|0x000000008e800000, 0x000000008e900000, 0x000000008e900000|100%| O|  |TAMS 0x000000008e900000, 0x000000008e800000| Updating 
| 233|0x000000008e900000, 0x000000008ea00000, 0x000000008ea00000|100%| O|  |TAMS 0x000000008ea00000, 0x000000008e900000| Updating 
| 234|0x000000008ea00000, 0x000000008eb00000, 0x000000008eb00000|100%| O|  |TAMS 0x000000008eb00000, 0x000000008ea00000| Updating 
| 235|0x000000008eb00000, 0x000000008ec00000, 0x000000008ec00000|100%| O|  |TAMS 0x000000008ec00000, 0x000000008eb00000| Updating 
| 236|0x000000008ec00000, 0x000000008ed00000, 0x000000008ed00000|100%| O|  |TAMS 0x000000008ed00000, 0x000000008ec00000| Updating 
| 237|0x000000008ed00000, 0x000000008ed00000, 0x000000008ee00000|  0%| F|  |TAMS 0x000000008ed00000, 0x000000008ed00000| Untracked 
| 238|0x000000008ee00000, 0x000000008ee00000, 0x000000008ef00000|  0%| F|  |TAMS 0x000000008ee00000, 0x000000008ee00000| Untracked 
| 239|0x000000008ef00000, 0x000000008ef00000, 0x000000008f000000|  0%| F|  |TAMS 0x000000008ef00000, 0x000000008ef00000| Untracked 
| 240|0x000000008f000000, 0x000000008f000000, 0x000000008f100000|  0%| F|  |TAMS 0x000000008f000000, 0x000000008f000000| Untracked 
| 241|0x000000008f100000, 0x000000008f100000, 0x000000008f200000|  0%| F|  |TAMS 0x000000008f100000, 0x000000008f100000| Untracked 
| 242|0x000000008f200000, 0x000000008f200000, 0x000000008f300000|  0%| F|  |TAMS 0x000000008f200000, 0x000000008f200000| Untracked 
| 243|0x000000008f300000, 0x000000008f300000, 0x000000008f400000|  0%| F|  |TAMS 0x000000008f300000, 0x000000008f300000| Untracked 
| 244|0x000000008f400000, 0x000000008f400000, 0x000000008f500000|  0%| F|  |TAMS 0x000000008f400000, 0x000000008f400000| Untracked 
| 245|0x000000008f500000, 0x000000008f500000, 0x000000008f600000|  0%| F|  |TAMS 0x000000008f500000, 0x000000008f500000| Untracked 
| 246|0x000000008f600000, 0x000000008f600000, 0x000000008f700000|  0%| F|  |TAMS 0x000000008f600000, 0x000000008f600000| Untracked 
| 247|0x000000008f700000, 0x000000008f700000, 0x000000008f800000|  0%| F|  |TAMS 0x000000008f700000, 0x000000008f700000| Untracked 
| 248|0x000000008f800000, 0x000000008f800000, 0x000000008f900000|  0%| F|  |TAMS 0x000000008f800000, 0x000000008f800000| Untracked 
| 249|0x000000008f900000, 0x000000008f900000, 0x000000008fa00000|  0%| F|  |TAMS 0x000000008f900000, 0x000000008f900000| Untracked 
| 250|0x000000008fa00000, 0x000000008fa00000, 0x000000008fb00000|  0%| F|  |TAMS 0x000000008fa00000, 0x000000008fa00000| Untracked 
| 251|0x000000008fb00000, 0x000000008fb00000, 0x000000008fc00000|  0%| F|  |TAMS 0x000000008fb00000, 0x000000008fb00000| Untracked 
| 252|0x000000008fc00000, 0x000000008fc00000, 0x000000008fd00000|  0%| F|  |TAMS 0x000000008fc00000, 0x000000008fc00000| Untracked 
| 253|0x000000008fd00000, 0x000000008fd00000, 0x000000008fe00000|  0%| F|  |TAMS 0x000000008fd00000, 0x000000008fd00000| Untracked 
| 254|0x000000008fe00000, 0x000000008fe00000, 0x000000008ff00000|  0%| F|  |TAMS 0x000000008fe00000, 0x000000008fe00000| Untracked 
| 255|0x000000008ff00000, 0x000000008ff00000, 0x0000000090000000|  0%| F|  |TAMS 0x000000008ff00000, 0x000000008ff00000| Untracked 
| 256|0x0000000090000000, 0x0000000090000000, 0x0000000090100000|  0%| F|  |TAMS 0x0000000090000000, 0x0000000090000000| Untracked 
| 257|0x0000000090100000, 0x0000000090100000, 0x0000000090200000|  0%| F|  |TAMS 0x0000000090100000, 0x0000000090100000| Untracked 
| 258|0x0000000090200000, 0x0000000090200000, 0x0000000090300000|  0%| F|  |TAMS 0x0000000090200000, 0x0000000090200000| Untracked 
| 259|0x0000000090300000, 0x0000000090300000, 0x0000000090400000|  0%| F|  |TAMS 0x0000000090300000, 0x0000000090300000| Untracked 
| 260|0x0000000090400000, 0x0000000090400000, 0x0000000090500000|  0%| F|  |TAMS 0x0000000090400000, 0x0000000090400000| Untracked 
| 261|0x0000000090500000, 0x0000000090500000, 0x0000000090600000|  0%| F|  |TAMS 0x0000000090500000, 0x0000000090500000| Untracked 
| 262|0x0000000090600000, 0x0000000090600000, 0x0000000090700000|  0%| F|  |TAMS 0x0000000090600000, 0x0000000090600000| Untracked 
| 263|0x0000000090700000, 0x0000000090700000, 0x0000000090800000|  0%| F|  |TAMS 0x0000000090700000, 0x0000000090700000| Untracked 
| 264|0x0000000090800000, 0x0000000090800000, 0x0000000090900000|  0%| F|  |TAMS 0x0000000090800000, 0x0000000090800000| Untracked 
| 265|0x0000000090900000, 0x0000000090900000, 0x0000000090a00000|  0%| F|  |TAMS 0x0000000090900000, 0x0000000090900000| Untracked 
| 266|0x0000000090a00000, 0x0000000090a00000, 0x0000000090b00000|  0%| F|  |TAMS 0x0000000090a00000, 0x0000000090a00000| Untracked 
| 267|0x0000000090b00000, 0x0000000090b00000, 0x0000000090c00000|  0%| F|  |TAMS 0x0000000090b00000, 0x0000000090b00000| Untracked 
| 268|0x0000000090c00000, 0x0000000090c00000, 0x0000000090d00000|  0%| F|  |TAMS 0x0000000090c00000, 0x0000000090c00000| Untracked 
| 269|0x0000000090d00000, 0x0000000090d00000, 0x0000000090e00000|  0%| F|  |TAMS 0x0000000090d00000, 0x0000000090d00000| Untracked 
| 270|0x0000000090e00000, 0x0000000090e00000, 0x0000000090f00000|  0%| F|  |TAMS 0x0000000090e00000, 0x0000000090e00000| Untracked 
| 271|0x0000000090f00000, 0x0000000090f00000, 0x0000000091000000|  0%| F|  |TAMS 0x0000000090f00000, 0x0000000090f00000| Untracked 
| 272|0x0000000091000000, 0x0000000091000000, 0x0000000091100000|  0%| F|  |TAMS 0x0000000091000000, 0x0000000091000000| Untracked 
| 273|0x0000000091100000, 0x0000000091100000, 0x0000000091200000|  0%| F|  |TAMS 0x0000000091100000, 0x0000000091100000| Untracked 
| 274|0x0000000091200000, 0x0000000091200000, 0x0000000091300000|  0%| F|  |TAMS 0x0000000091200000, 0x0000000091200000| Untracked 
| 275|0x0000000091300000, 0x0000000091300000, 0x0000000091400000|  0%| F|  |TAMS 0x0000000091300000, 0x0000000091300000| Untracked 
| 276|0x0000000091400000, 0x0000000091400000, 0x0000000091500000|  0%| F|  |TAMS 0x0000000091400000, 0x0000000091400000| Untracked 
| 277|0x0000000091500000, 0x0000000091500000, 0x0000000091600000|  0%| F|  |TAMS 0x0000000091500000, 0x0000000091500000| Untracked 
| 278|0x0000000091600000, 0x0000000091600000, 0x0000000091700000|  0%| F|  |TAMS 0x0000000091600000, 0x0000000091600000| Untracked 
| 279|0x0000000091700000, 0x0000000091700000, 0x0000000091800000|  0%| F|  |TAMS 0x0000000091700000, 0x0000000091700000| Untracked 
| 280|0x0000000091800000, 0x0000000091800000, 0x0000000091900000|  0%| F|  |TAMS 0x0000000091800000, 0x0000000091800000| Untracked 
| 281|0x0000000091900000, 0x0000000091900000, 0x0000000091a00000|  0%| F|  |TAMS 0x0000000091900000, 0x0000000091900000| Untracked 
| 282|0x0000000091a00000, 0x0000000091a00000, 0x0000000091b00000|  0%| F|  |TAMS 0x0000000091a00000, 0x0000000091a00000| Untracked 
| 283|0x0000000091b00000, 0x0000000091b00000, 0x0000000091c00000|  0%| F|  |TAMS 0x0000000091b00000, 0x0000000091b00000| Untracked 
| 284|0x0000000091c00000, 0x0000000091c00000, 0x0000000091d00000|  0%| F|  |TAMS 0x0000000091c00000, 0x0000000091c00000| Untracked 
| 285|0x0000000091d00000, 0x0000000091d00000, 0x0000000091e00000|  0%| F|  |TAMS 0x0000000091d00000, 0x0000000091d00000| Untracked 
| 286|0x0000000091e00000, 0x0000000091e00000, 0x0000000091f00000|  0%| F|  |TAMS 0x0000000091e00000, 0x0000000091e00000| Untracked 
| 287|0x0000000091f00000, 0x0000000091f00000, 0x0000000092000000|  0%| F|  |TAMS 0x0000000091f00000, 0x0000000091f00000| Untracked 
| 288|0x0000000092000000, 0x0000000092000000, 0x0000000092100000|  0%| F|  |TAMS 0x0000000092000000, 0x0000000092000000| Untracked 
| 289|0x0000000092100000, 0x0000000092100000, 0x0000000092200000|  0%| F|  |TAMS 0x0000000092100000, 0x0000000092100000| Untracked 
| 290|0x0000000092200000, 0x0000000092200000, 0x0000000092300000|  0%| F|  |TAMS 0x0000000092200000, 0x0000000092200000| Untracked 
| 291|0x0000000092300000, 0x0000000092300000, 0x0000000092400000|  0%| F|  |TAMS 0x0000000092300000, 0x0000000092300000| Untracked 
| 292|0x0000000092400000, 0x0000000092400000, 0x0000000092500000|  0%| F|  |TAMS 0x0000000092400000, 0x0000000092400000| Untracked 
| 293|0x0000000092500000, 0x0000000092500000, 0x0000000092600000|  0%| F|  |TAMS 0x0000000092500000, 0x0000000092500000| Untracked 
| 294|0x0000000092600000, 0x0000000092600000, 0x0000000092700000|  0%| F|  |TAMS 0x0000000092600000, 0x0000000092600000| Untracked 
| 295|0x0000000092700000, 0x0000000092700000, 0x0000000092800000|  0%| F|  |TAMS 0x0000000092700000, 0x0000000092700000| Untracked 
| 296|0x0000000092800000, 0x0000000092800000, 0x0000000092900000|  0%| F|  |TAMS 0x0000000092800000, 0x0000000092800000| Untracked 
| 297|0x0000000092900000, 0x0000000092900000, 0x0000000092a00000|  0%| F|  |TAMS 0x0000000092900000, 0x0000000092900000| Untracked 
| 298|0x0000000092a00000, 0x0000000092a00000, 0x0000000092b00000|  0%| F|  |TAMS 0x0000000092a00000, 0x0000000092a00000| Untracked 
| 299|0x0000000092b00000, 0x0000000092b00000, 0x0000000092c00000|  0%| F|  |TAMS 0x0000000092b00000, 0x0000000092b00000| Untracked 
| 300|0x0000000092c00000, 0x0000000092c00000, 0x0000000092d00000|  0%| F|  |TAMS 0x0000000092c00000, 0x0000000092c00000| Untracked 
| 301|0x0000000092d00000, 0x0000000092d00000, 0x0000000092e00000|  0%| F|  |TAMS 0x0000000092d00000, 0x0000000092d00000| Untracked 
| 302|0x0000000092e00000, 0x0000000092e00000, 0x0000000092f00000|  0%| F|  |TAMS 0x0000000092e00000, 0x0000000092e00000| Untracked 
| 303|0x0000000092f00000, 0x0000000092f00000, 0x0000000093000000|  0%| F|  |TAMS 0x0000000092f00000, 0x0000000092f00000| Untracked 
| 304|0x0000000093000000, 0x0000000093000000, 0x0000000093100000|  0%| F|  |TAMS 0x0000000093000000, 0x0000000093000000| Untracked 
| 305|0x0000000093100000, 0x0000000093100000, 0x0000000093200000|  0%| F|  |TAMS 0x0000000093100000, 0x0000000093100000| Untracked 
| 306|0x0000000093200000, 0x0000000093200000, 0x0000000093300000|  0%| F|  |TAMS 0x0000000093200000, 0x0000000093200000| Untracked 
| 307|0x0000000093300000, 0x0000000093300000, 0x0000000093400000|  0%| F|  |TAMS 0x0000000093300000, 0x0000000093300000| Untracked 
| 308|0x0000000093400000, 0x0000000093400000, 0x0000000093500000|  0%| F|  |TAMS 0x0000000093400000, 0x0000000093400000| Untracked 
| 309|0x0000000093500000, 0x0000000093500000, 0x0000000093600000|  0%| F|  |TAMS 0x0000000093500000, 0x0000000093500000| Untracked 
| 310|0x0000000093600000, 0x0000000093600000, 0x0000000093700000|  0%| F|  |TAMS 0x0000000093600000, 0x0000000093600000| Untracked 
| 311|0x0000000093700000, 0x0000000093700000, 0x0000000093800000|  0%| F|  |TAMS 0x0000000093700000, 0x0000000093700000| Untracked 
| 312|0x0000000093800000, 0x0000000093800000, 0x0000000093900000|  0%| F|  |TAMS 0x0000000093800000, 0x0000000093800000| Untracked 
| 313|0x0000000093900000, 0x0000000093900000, 0x0000000093a00000|  0%| F|  |TAMS 0x0000000093900000, 0x0000000093900000| Untracked 
| 314|0x0000000093a00000, 0x0000000093a00000, 0x0000000093b00000|  0%| F|  |TAMS 0x0000000093a00000, 0x0000000093a00000| Untracked 
| 315|0x0000000093b00000, 0x0000000093b00000, 0x0000000093c00000|  0%| F|  |TAMS 0x0000000093b00000, 0x0000000093b00000| Untracked 
| 316|0x0000000093c00000, 0x0000000093c00000, 0x0000000093d00000|  0%| F|  |TAMS 0x0000000093c00000, 0x0000000093c00000| Untracked 
| 317|0x0000000093d00000, 0x0000000093d00000, 0x0000000093e00000|  0%| F|  |TAMS 0x0000000093d00000, 0x0000000093d00000| Untracked 
| 318|0x0000000093e00000, 0x0000000093e00000, 0x0000000093f00000|  0%| F|  |TAMS 0x0000000093e00000, 0x0000000093e00000| Untracked 
| 319|0x0000000093f00000, 0x0000000093fcfb10, 0x0000000094000000| 81%| S|CS|TAMS 0x0000000093f00000, 0x0000000093f00000| Complete 
| 320|0x0000000094000000, 0x0000000094100000, 0x0000000094100000|100%| S|CS|TAMS 0x0000000094000000, 0x0000000094000000| Complete 
| 321|0x0000000094100000, 0x0000000094200000, 0x0000000094200000|100%| S|CS|TAMS 0x0000000094100000, 0x0000000094100000| Complete 
| 322|0x0000000094200000, 0x0000000094300000, 0x0000000094300000|100%| S|CS|TAMS 0x0000000094200000, 0x0000000094200000| Complete 
| 323|0x0000000094300000, 0x0000000094400000, 0x0000000094400000|100%| S|CS|TAMS 0x0000000094300000, 0x0000000094300000| Complete 
| 324|0x0000000094400000, 0x0000000094400000, 0x0000000094500000|  0%| F|  |TAMS 0x0000000094400000, 0x0000000094400000| Untracked 
| 325|0x0000000094500000, 0x0000000094500000, 0x0000000094600000|  0%| F|  |TAMS 0x0000000094500000, 0x0000000094500000| Untracked 
| 326|0x0000000094600000, 0x0000000094600000, 0x0000000094700000|  0%| F|  |TAMS 0x0000000094600000, 0x0000000094600000| Untracked 
| 327|0x0000000094700000, 0x0000000094700000, 0x0000000094800000|  0%| F|  |TAMS 0x0000000094700000, 0x0000000094700000| Untracked 
| 328|0x0000000094800000, 0x0000000094800000, 0x0000000094900000|  0%| F|  |TAMS 0x0000000094800000, 0x0000000094800000| Untracked 
| 329|0x0000000094900000, 0x0000000094900000, 0x0000000094a00000|  0%| F|  |TAMS 0x0000000094900000, 0x0000000094900000| Untracked 
| 330|0x0000000094a00000, 0x0000000094a00000, 0x0000000094b00000|  0%| F|  |TAMS 0x0000000094a00000, 0x0000000094a00000| Untracked 
| 331|0x0000000094b00000, 0x0000000094b00000, 0x0000000094c00000|  0%| F|  |TAMS 0x0000000094b00000, 0x0000000094b00000| Untracked 
| 332|0x0000000094c00000, 0x0000000094c00000, 0x0000000094d00000|  0%| F|  |TAMS 0x0000000094c00000, 0x0000000094c00000| Untracked 
| 333|0x0000000094d00000, 0x0000000094d00000, 0x0000000094e00000|  0%| F|  |TAMS 0x0000000094d00000, 0x0000000094d00000| Untracked 
| 334|0x0000000094e00000, 0x0000000094e00000, 0x0000000094f00000|  0%| F|  |TAMS 0x0000000094e00000, 0x0000000094e00000| Untracked 
| 335|0x0000000094f00000, 0x0000000094f00000, 0x0000000095000000|  0%| F|  |TAMS 0x0000000094f00000, 0x0000000094f00000| Untracked 
| 336|0x0000000095000000, 0x0000000095000000, 0x0000000095100000|  0%| F|  |TAMS 0x0000000095000000, 0x0000000095000000| Untracked 
| 337|0x0000000095100000, 0x0000000095100000, 0x0000000095200000|  0%| F|  |TAMS 0x0000000095100000, 0x0000000095100000| Untracked 
| 338|0x0000000095200000, 0x0000000095200000, 0x0000000095300000|  0%| F|  |TAMS 0x0000000095200000, 0x0000000095200000| Untracked 
| 339|0x0000000095300000, 0x0000000095300000, 0x0000000095400000|  0%| F|  |TAMS 0x0000000095300000, 0x0000000095300000| Untracked 
| 340|0x0000000095400000, 0x0000000095400000, 0x0000000095500000|  0%| F|  |TAMS 0x0000000095400000, 0x0000000095400000| Untracked 
| 341|0x0000000095500000, 0x0000000095500000, 0x0000000095600000|  0%| F|  |TAMS 0x0000000095500000, 0x0000000095500000| Untracked 
| 342|0x0000000095600000, 0x0000000095600000, 0x0000000095700000|  0%| F|  |TAMS 0x0000000095600000, 0x0000000095600000| Untracked 
| 343|0x0000000095700000, 0x0000000095700000, 0x0000000095800000|  0%| F|  |TAMS 0x0000000095700000, 0x0000000095700000| Untracked 
| 344|0x0000000095800000, 0x0000000095800000, 0x0000000095900000|  0%| F|  |TAMS 0x0000000095800000, 0x0000000095800000| Untracked 
| 345|0x0000000095900000, 0x0000000095900000, 0x0000000095a00000|  0%| F|  |TAMS 0x0000000095900000, 0x0000000095900000| Untracked 
| 346|0x0000000095a00000, 0x0000000095a00000, 0x0000000095b00000|  0%| F|  |TAMS 0x0000000095a00000, 0x0000000095a00000| Untracked 
| 347|0x0000000095b00000, 0x0000000095b00000, 0x0000000095c00000|  0%| F|  |TAMS 0x0000000095b00000, 0x0000000095b00000| Untracked 
| 348|0x0000000095c00000, 0x0000000095c00000, 0x0000000095d00000|  0%| F|  |TAMS 0x0000000095c00000, 0x0000000095c00000| Untracked 
| 349|0x0000000095d00000, 0x0000000095d00000, 0x0000000095e00000|  0%| F|  |TAMS 0x0000000095d00000, 0x0000000095d00000| Untracked 
| 350|0x0000000095e00000, 0x0000000095e00000, 0x0000000095f00000|  0%| F|  |TAMS 0x0000000095e00000, 0x0000000095e00000| Untracked 
| 351|0x0000000095f00000, 0x0000000095f00000, 0x0000000096000000|  0%| F|  |TAMS 0x0000000095f00000, 0x0000000095f00000| Untracked 
| 352|0x0000000096000000, 0x0000000096000000, 0x0000000096100000|  0%| F|  |TAMS 0x0000000096000000, 0x0000000096000000| Untracked 
| 353|0x0000000096100000, 0x0000000096100000, 0x0000000096200000|  0%| F|  |TAMS 0x0000000096100000, 0x0000000096100000| Untracked 
| 354|0x0000000096200000, 0x0000000096200000, 0x0000000096300000|  0%| F|  |TAMS 0x0000000096200000, 0x0000000096200000| Untracked 
| 355|0x0000000096300000, 0x0000000096300000, 0x0000000096400000|  0%| F|  |TAMS 0x0000000096300000, 0x0000000096300000| Untracked 
| 356|0x0000000096400000, 0x0000000096400000, 0x0000000096500000|  0%| F|  |TAMS 0x0000000096400000, 0x0000000096400000| Untracked 
| 357|0x0000000096500000, 0x0000000096500000, 0x0000000096600000|  0%| F|  |TAMS 0x0000000096500000, 0x0000000096500000| Untracked 
| 358|0x0000000096600000, 0x0000000096600000, 0x0000000096700000|  0%| F|  |TAMS 0x0000000096600000, 0x0000000096600000| Untracked 
| 359|0x0000000096700000, 0x0000000096700000, 0x0000000096800000|  0%| F|  |TAMS 0x0000000096700000, 0x0000000096700000| Untracked 
| 360|0x0000000096800000, 0x0000000096800000, 0x0000000096900000|  0%| F|  |TAMS 0x0000000096800000, 0x0000000096800000| Untracked 
| 361|0x0000000096900000, 0x0000000096900000, 0x0000000096a00000|  0%| F|  |TAMS 0x0000000096900000, 0x0000000096900000| Untracked 
| 362|0x0000000096a00000, 0x0000000096a00000, 0x0000000096b00000|  0%| F|  |TAMS 0x0000000096a00000, 0x0000000096a00000| Untracked 
| 363|0x0000000096b00000, 0x0000000096b00000, 0x0000000096c00000|  0%| F|  |TAMS 0x0000000096b00000, 0x0000000096b00000| Untracked 
| 364|0x0000000096c00000, 0x0000000096c00000, 0x0000000096d00000|  0%| F|  |TAMS 0x0000000096c00000, 0x0000000096c00000| Untracked 
| 365|0x0000000096d00000, 0x0000000096d00000, 0x0000000096e00000|  0%| F|  |TAMS 0x0000000096d00000, 0x0000000096d00000| Untracked 
| 366|0x0000000096e00000, 0x0000000096e00000, 0x0000000096f00000|  0%| F|  |TAMS 0x0000000096e00000, 0x0000000096e00000| Untracked 
| 367|0x0000000096f00000, 0x0000000096f00000, 0x0000000097000000|  0%| F|  |TAMS 0x0000000096f00000, 0x0000000096f00000| Untracked 
| 368|0x0000000097000000, 0x0000000097000000, 0x0000000097100000|  0%| F|  |TAMS 0x0000000097000000, 0x0000000097000000| Untracked 
| 369|0x0000000097100000, 0x0000000097100000, 0x0000000097200000|  0%| F|  |TAMS 0x0000000097100000, 0x0000000097100000| Untracked 
| 370|0x0000000097200000, 0x0000000097200000, 0x0000000097300000|  0%| F|  |TAMS 0x0000000097200000, 0x0000000097200000| Untracked 
| 371|0x0000000097300000, 0x0000000097300000, 0x0000000097400000|  0%| F|  |TAMS 0x0000000097300000, 0x0000000097300000| Untracked 

Card table byte_map: [0x0000027854690000,0x0000027854a90000] _byte_map_base: 0x0000027854290000

Marking Bits (Prev, Next): (CMBitMap*) 0x00000278414c71d0, (CMBitMap*) 0x00000278414c7198
 Prev Bits: [0x0000027856e90000, 0x0000027858e90000)
 Next Bits: [0x0000027854e90000, 0x0000027856e90000)

Polling page: 0x0000027840c50000

Metaspace:

Usage:
  Non-class:     83.07 MB capacity,    81.26 MB ( 98%) used,     1.50 MB (  2%) free+waste,   310.69 KB ( <1%) overhead. 
      Class:     13.34 MB capacity,    12.26 MB ( 92%) used,   966.69 KB (  7%) free+waste,   140.31 KB (  1%) overhead. 
       Both:     96.41 MB capacity,    93.52 MB ( 97%) used,     2.45 MB (  3%) free+waste,   451.00 KB ( <1%) overhead. 

Virtual space:
  Non-class space:       84.00 MB reserved,      83.18 MB (>99%) committed 
      Class space:        1.00 GB reserved,      13.45 MB (  1%) committed 
             Both:        1.08 GB reserved,      96.63 MB (  9%) committed 

Chunk freelists:
   Non-Class:  49.00 KB
       Class:  35.00 KB
        Both:  84.00 KB

MaxMetaspaceSize: 17179869184.00 GB
CompressedClassSpaceSize: 1.00 GB

CodeHeap 'non-profiled nmethods': size=120000Kb used=7560Kb max_used=7560Kb free=112439Kb
 bounds [0x000002784ca30000, 0x000002784d1a0000, 0x0000027853f60000]
CodeHeap 'profiled nmethods': size=120000Kb used=26791Kb max_used=26791Kb free=93208Kb
 bounds [0x0000027845500000, 0x0000027846f30000, 0x000002784ca30000]
CodeHeap 'non-nmethods': size=5760Kb used=2309Kb max_used=2385Kb free=3450Kb
 bounds [0x0000027844f60000, 0x00000278451d0000, 0x0000027845500000]
 total_blobs=14146 nmethods=13232 adapters=825
 compilation: enabled
              stopped_count=0, restarted_count=0
 full_count=0

Compilation events (20 events):
Event: 21.052 Thread 0x000002785b90e000 13513       3       com.android.tools.r8.graph.A::<init> (89 bytes)
Event: 21.052 Thread 0x000002785b90e000 nmethod 13513 0x0000027846f26410 code [0x0000027846f265c0, 0x0000027846f26728]
Event: 21.052 Thread 0x000002785b90e000 13514       3       com.android.tools.r8.graph.Z$$Lambda$1519/0x0000000100d55440::accept (12 bytes)
Event: 21.053 Thread 0x000002785b90e000 nmethod 13514 0x0000027846f26810 code [0x0000027846f269e0, 0x0000027846f26be8]
Event: 21.053 Thread 0x000002785b90e000 13515       3       com.android.tools.r8.graph.Z::a (53 bytes)
Event: 21.053 Thread 0x000002785b90e000 nmethod 13515 0x0000027846f26c90 code [0x0000027846f26ee0, 0x0000027846f27968]
Event: 21.053 Thread 0x000002785b90e000 13509       3       com.android.tools.r8.naming.K$b::c (5 bytes)
Event: 21.053 Thread 0x000002785b90e000 nmethod 13509 0x0000027846f27d10 code [0x0000027846f27ec0, 0x0000027846f27fb8]
Event: 21.055 Thread 0x000002785b90e000 13517       3       com.android.tools.r8.code.N0::a (1 bytes)
Event: 21.055 Thread 0x000002785b90e000 nmethod 13517 0x0000027846f28090 code [0x0000027846f28240, 0x0000027846f28338]
Event: 21.055 Thread 0x000002785b90e000 13518       3       com.android.tools.r8.graph.f0$u::a (20 bytes)
Event: 21.055 Thread 0x000002785b90e000 nmethod 13518 0x0000027846f28410 code [0x0000027846f285e0, 0x0000027846f288c8]
Event: 21.056 Thread 0x000002785b90e000 13519       3       com.android.tools.r8.graph.f0::a (1 bytes)
Event: 21.056 Thread 0x000002785b90e000 nmethod 13519 0x0000027846f28a10 code [0x0000027846f28bc0, 0x0000027846f28cb8]
Event: 21.057 Thread 0x000002785e4be800 nmethod 13387 0x000002784d191390 code [0x000002784d191560, 0x000002784d191d58]
Event: 21.057 Thread 0x000002785b90e000 13520       3       com.android.tools.r8.code.o3::a (13 bytes)
Event: 21.057 Thread 0x000002785e4be800 13501       4       java.util.IdentityHashMap::resize (153 bytes)
Event: 21.058 Thread 0x000002785b90e000 nmethod 13520 0x0000027846f28d90 code [0x0000027846f28fa0, 0x0000027846f297f8]
Event: 21.058 Thread 0x000002785b90e000 13521       3       com.android.tools.r8.code.o3::q (8 bytes)
Event: 21.059 Thread 0x000002785b90e000 nmethod 13521 0x0000027846f29a90 code [0x0000027846f29c40, 0x0000027846f29e38]

GC Heap History (20 events):
Event: 19.288 GC heap after
{Heap after GC invocations=35 (full 0):
 garbage-first heap   total 192512K, used 157817K [0x0000000080000000, 0x0000000100000000)
  region size 1024K, 2 young (2048K), 2 survivors (2048K)
 Metaspace       used 90702K, capacity 93321K, committed 93952K, reserved 1130496K
  class space    used 11671K, capacity 12621K, committed 12876K, reserved 1048576K
}
Event: 19.331 GC heap before
{Heap before GC invocations=35 (full 0):
 garbage-first heap   total 192512K, used 163961K [0x0000000080000000, 0x0000000100000000)
  region size 1024K, 9 young (9216K), 2 survivors (2048K)
 Metaspace       used 90702K, capacity 93321K, committed 93952K, reserved 1130496K
  class space    used 11671K, capacity 12621K, committed 12876K, reserved 1048576K
}
Event: 19.340 GC heap after
{Heap after GC invocations=36 (full 0):
 garbage-first heap   total 192512K, used 160892K [0x0000000080000000, 0x0000000100000000)
  region size 1024K, 2 young (2048K), 2 survivors (2048K)
 Metaspace       used 90702K, capacity 93321K, committed 93952K, reserved 1130496K
  class space    used 11671K, capacity 12621K, committed 12876K, reserved 1048576K
}
Event: 19.394 GC heap before
{Heap before GC invocations=36 (full 0):
 garbage-first heap   total 192512K, used 167036K [0x0000000080000000, 0x0000000100000000)
  region size 1024K, 9 young (9216K), 2 survivors (2048K)
 Metaspace       used 90702K, capacity 93321K, committed 93952K, reserved 1130496K
  class space    used 11671K, capacity 12621K, committed 12876K, reserved 1048576K
}
Event: 19.405 GC heap after
{Heap after GC invocations=37 (full 0):
 garbage-first heap   total 231424K, used 164033K [0x0000000080000000, 0x0000000100000000)
  region size 1024K, 2 young (2048K), 2 survivors (2048K)
 Metaspace       used 90702K, capacity 93321K, committed 93952K, reserved 1130496K
  class space    used 11671K, capacity 12621K, committed 12876K, reserved 1048576K
}
Event: 19.609 GC heap before
{Heap before GC invocations=38 (full 0):
 garbage-first heap   total 231424K, used 184513K [0x0000000080000000, 0x0000000100000000)
  region size 1024K, 22 young (22528K), 2 survivors (2048K)
 Metaspace       used 92921K, capacity 95719K, committed 95872K, reserved 1132544K
  class space    used 12150K, capacity 13188K, committed 13260K, reserved 1048576K
}
Event: 19.621 GC heap after
{Heap after GC invocations=39 (full 0):
 garbage-first heap   total 231424K, used 171721K [0x0000000080000000, 0x0000000100000000)
  region size 1024K, 3 young (3072K), 3 survivors (3072K)
 Metaspace       used 92921K, capacity 95719K, committed 95872K, reserved 1132544K
  class space    used 12150K, capacity 13188K, committed 13260K, reserved 1048576K
}
Event: 19.661 GC heap before
{Heap before GC invocations=39 (full 0):
 garbage-first heap   total 231424K, used 188105K [0x0000000080000000, 0x0000000100000000)
  region size 1024K, 20 young (20480K), 3 survivors (3072K)
 Metaspace       used 92948K, capacity 95719K, committed 95872K, reserved 1132544K
  class space    used 12151K, capacity 13188K, committed 13260K, reserved 1048576K
}
Event: 19.676 GC heap after
{Heap after GC invocations=40 (full 0):
 garbage-first heap   total 231424K, used 180898K [0x0000000080000000, 0x0000000100000000)
  region size 1024K, 3 young (3072K), 3 survivors (3072K)
 Metaspace       used 92948K, capacity 95719K, committed 95872K, reserved 1132544K
  class space    used 12151K, capacity 13188K, committed 13260K, reserved 1048576K
}
Event: 19.709 GC heap before
{Heap before GC invocations=40 (full 0):
 garbage-first heap   total 231424K, used 193186K [0x0000000080000000, 0x0000000100000000)
  region size 1024K, 15 young (15360K), 3 survivors (3072K)
 Metaspace       used 92983K, capacity 95723K, committed 95872K, reserved 1132544K
  class space    used 12151K, capacity 13188K, committed 13260K, reserved 1048576K
}
Event: 19.719 GC heap after
{Heap after GC invocations=41 (full 0):
 garbage-first heap   total 231424K, used 187587K [0x0000000080000000, 0x0000000100000000)
  region size 1024K, 2 young (2048K), 2 survivors (2048K)
 Metaspace       used 92983K, capacity 95723K, committed 95872K, reserved 1132544K
  class space    used 12151K, capacity 13188K, committed 13260K, reserved 1048576K
}
Event: 19.741 GC heap before
{Heap before GC invocations=41 (full 0):
 garbage-first heap   total 231424K, used 196803K [0x0000000080000000, 0x0000000100000000)
  region size 1024K, 11 young (11264K), 2 survivors (2048K)
 Metaspace       used 93002K, capacity 95790K, committed 96128K, reserved 1132544K
  class space    used 12151K, capacity 13188K, committed 13260K, reserved 1048576K
}
Event: 19.754 GC heap after
{Heap after GC invocations=42 (full 0):
 garbage-first heap   total 380928K, used 193234K [0x0000000080000000, 0x0000000100000000)
  region size 1024K, 2 young (2048K), 2 survivors (2048K)
 Metaspace       used 93002K, capacity 95790K, committed 96128K, reserved 1132544K
  class space    used 12151K, capacity 13188K, committed 13260K, reserved 1048576K
}
Event: 19.913 GC heap before
{Heap before GC invocations=42 (full 0):
 garbage-first heap   total 380928K, used 248530K [0x0000000080000000, 0x0000000100000000)
  region size 1024K, 56 young (57344K), 2 survivors (2048K)
 Metaspace       used 93018K, capacity 95790K, committed 96128K, reserved 1132544K
  class space    used 12151K, capacity 13188K, committed 13260K, reserved 1048576K
}
Event: 19.953 GC heap after
{Heap after GC invocations=43 (full 0):
 garbage-first heap   total 380928K, used 220966K [0x0000000080000000, 0x0000000100000000)
  region size 1024K, 7 young (7168K), 7 survivors (7168K)
 Metaspace       used 93018K, capacity 95790K, committed 96128K, reserved 1132544K
  class space    used 12151K, capacity 13188K, committed 13260K, reserved 1048576K
}
Event: 20.280 GC heap before
{Heap before GC invocations=44 (full 0):
 garbage-first heap   total 380928K, used 269094K [0x0000000080000000, 0x0000000100000000)
  region size 1024K, 54 young (55296K), 7 survivors (7168K)
 Metaspace       used 94839K, capacity 97682K, committed 97920K, reserved 1134592K
  class space    used 12430K, capacity 13498K, committed 13516K, reserved 1048576K
}
Event: 20.310 GC heap after
{Heap after GC invocations=45 (full 0):
 garbage-first heap   total 380928K, used 241086K [0x0000000080000000, 0x0000000100000000)
  region size 1024K, 7 young (7168K), 7 survivors (7168K)
 Metaspace       used 94839K, capacity 97682K, committed 97920K, reserved 1134592K
  class space    used 12430K, capacity 13498K, committed 13516K, reserved 1048576K
}
Event: 20.672 GC heap before
{Heap before GC invocations=45 (full 0):
 garbage-first heap   total 380928K, used 282046K [0x0000000080000000, 0x0000000100000000)
  region size 1024K, 48 young (49152K), 7 survivors (7168K)
 Metaspace       used 95320K, capacity 98316K, committed 98560K, reserved 1134592K
  class space    used 12513K, capacity 13623K, committed 13644K, reserved 1048576K
}
Event: 20.694 GC heap after
{Heap after GC invocations=46 (full 0):
 garbage-first heap   total 380928K, used 248832K [0x0000000080000000, 0x0000000100000000)
  region size 1024K, 6 young (6144K), 6 survivors (6144K)
 Metaspace       used 95320K, capacity 98316K, committed 98560K, reserved 1134592K
  class space    used 12513K, capacity 13623K, committed 13644K, reserved 1048576K
}
Event: 21.060 GC heap before
{Heap before GC invocations=46 (full 0):
 garbage-first heap   total 380928K, used 277504K [0x0000000080000000, 0x0000000100000000)
  region size 1024K, 48 young (49152K), 6 survivors (6144K)
 Metaspace       used 95761K, capacity 98720K, committed 98944K, reserved 1134592K
  class space    used 12554K, capacity 13661K, committed 13772K, reserved 1048576K
}

Deoptimization events (20 events):
Event: 20.886 Thread 0x0000027861752000 DEOPT UNPACKING pc=0x0000027844f876ce sp=0x0000009d77efe030 mode 0
Event: 20.887 Thread 0x0000027861755000 DEOPT PACKING pc=0x0000027846ee5abf sp=0x0000009d77afecc0
Event: 20.887 Thread 0x0000027861755000 DEOPT UNPACKING pc=0x0000027844f876ce sp=0x0000009d77afe180 mode 0
Event: 20.888 Thread 0x0000027861752000 DEOPT PACKING pc=0x0000027846ee5abf sp=0x0000009d77efeb70
Event: 20.888 Thread 0x0000027861752000 DEOPT UNPACKING pc=0x0000027844f876ce sp=0x0000009d77efe030 mode 0
Event: 20.888 Thread 0x0000027861751000 DEOPT PACKING pc=0x0000027846ee5abf sp=0x0000009d77cfec10
Event: 20.888 Thread 0x0000027863bef800 DEOPT PACKING pc=0x0000027846ee5abf sp=0x0000009d777fee90
Event: 20.888 Thread 0x0000027861751000 DEOPT UNPACKING pc=0x0000027844f876ce sp=0x0000009d77cfe0d0 mode 0
Event: 20.883 Thread 0x0000027861757800 DEOPT PACKING pc=0x0000027846ee5abf sp=0x0000009d77dfeb70
Event: 20.888 Thread 0x0000027861757800 DEOPT UNPACKING pc=0x0000027844f876ce sp=0x0000009d77dfe030 mode 0
Event: 20.888 Thread 0x0000027863bef800 DEOPT UNPACKING pc=0x0000027844f876ce sp=0x0000009d777fe350 mode 0
Event: 20.883 Thread 0x0000027861750800 DEOPT UNPACKING pc=0x0000027844f876ce sp=0x0000009d77bfe050 mode 0
Event: 20.901 Thread 0x0000027863bf3000 DEOPT PACKING pc=0x00000278467ffa6b sp=0x0000009d772fd710
Event: 20.901 Thread 0x0000027863bf3000 DEOPT UNPACKING pc=0x0000027844f876ce sp=0x0000009d772fcbe8 mode 0
Event: 21.041 Thread 0x0000027863bf3000 Uncommon trap: trap_request=0xffffffe4 fr.pc=0x000002784d11baec relative=0x000000000000022c
Event: 21.041 Thread 0x0000027863bf3000 Uncommon trap: reason=range_check action=make_not_entrant pc=0x000002784d11baec method=com.android.tools.r8.graph.c0.a(Lcom/android/tools/r8/graph/c0;)I @ 9 c2
Event: 21.041 Thread 0x0000027863bf3000 DEOPT PACKING pc=0x000002784d11baec sp=0x0000009d772fd0b0
Event: 21.041 Thread 0x0000027863bf3000 DEOPT UNPACKING pc=0x0000027844f878af sp=0x0000009d772fd038 mode 2
Event: 21.049 Thread 0x0000027863bf3000 DEOPT PACKING pc=0x0000027846ecf103 sp=0x0000009d772fd370
Event: 21.049 Thread 0x0000027863bf3000 DEOPT UNPACKING pc=0x0000027844f876ce sp=0x0000009d772fc828 mode 0

Classes redefined (0 events):
No events

Internal exceptions (20 events):
Event: 19.457 Thread 0x0000027861752000 Exception <a 'java/lang/NoSuchMethodError'{0x000000008dd6a800}: 'java.lang.Object java.lang.invoke.DirectMethodHandle$Holder.newInvokeSpecial(java.lang.Object, int)'> (0x000000008dd6a800) thrown at [./src/hotspot/share/interpreter/linkResolver.cpp, line 773]
Event: 19.458 Thread 0x000002786174f800 Exception <a 'java/lang/IncompatibleClassChangeError'{0x000000008dd5a148}: Found class java.lang.Object, but interface was expected> (0x000000008dd5a148) thrown at [./src/hotspot/share/interpreter/linkResolver.cpp, line 839]
Event: 19.460 Thread 0x000002786174f800 Exception <a 'java/lang/IncompatibleClassChangeError'{0x000000008dd61560}: Found class java.lang.Object, but interface was expected> (0x000000008dd61560) thrown at [./src/hotspot/share/interpreter/linkResolver.cpp, line 839]
Event: 20.088 Thread 0x0000027863bf3000 Exception <a 'java/lang/NoSuchMethodError'{0x00000000952a1e10}: 'int java.lang.invoke.DirectMethodHandle$Holder.invokeVirtual(java.lang.Object, java.lang.Object, java.lang.Object, java.lang.Object)'> (0x00000000952a1e10) thrown at [./src/hotspot/share/interpreter/linkResolver.cpp, line 773]
Event: 20.140 Thread 0x0000027863bf3000 Exception <a 'java/lang/NoSuchMethodError'{0x000000009504f068}: 'void java.lang.invoke.DirectMethodHandle$Holder.invokeStatic(java.lang.Object, java.lang.Object, java.lang.Object, int)'> (0x000000009504f068) thrown at [./src/hotspot/share/interpreter/linkResolver.cpp, line 773]
Event: 20.141 Thread 0x0000027863bf3000 Exception <a 'java/lang/IncompatibleClassChangeError'{0x0000000095056df8}: Found class java.lang.Object, but interface was expected> (0x0000000095056df8) thrown at [./src/hotspot/share/interpreter/linkResolver.cpp, line 839]
Event: 20.146 Thread 0x0000027861757800 Exception <a 'java/lang/NoSuchMethodError'{0x0000000095af11c0}: 'int java.lang.invoke.DirectMethodHandle$Holder.invokeVirtual(java.lang.Object, java.lang.Object, java.lang.Object)'> (0x0000000095af11c0) thrown at [./src/hotspot/share/interpreter/linkResolver.cpp, line 773]
Event: 20.146 Thread 0x000002786174e800 Exception <a 'java/lang/NoSuchMethodError'{0x00000000972ad188}: 'int java.lang.invoke.DirectMethodHandle$Holder.invokeVirtual(java.lang.Object, java.lang.Object, java.lang.Object)'> (0x00000000972ad188) thrown at [./src/hotspot/share/interpreter/linkResolver.cpp, line 773]
Event: 20.146 Thread 0x0000027861752000 Exception <a 'java/lang/NoSuchMethodError'{0x000000009508a758}: 'int java.lang.invoke.DirectMethodHandle$Holder.invokeVirtual(java.lang.Object, java.lang.Object, java.lang.Object)'> (0x000000009508a758) thrown at [./src/hotspot/share/interpreter/linkResolver.cpp, line 773]
Event: 20.146 Thread 0x0000027861751000 Exception <a 'java/lang/NoSuchMethodError'{0x0000000096e98598}: 'int java.lang.invoke.DirectMethodHandle$Holder.invokeVirtual(java.lang.Object, java.lang.Object, java.lang.Object)'> (0x0000000096e98598) thrown at [./src/hotspot/share/interpreter/linkResolver.cpp, line 773]
Event: 20.146 Thread 0x0000027861750800 Exception <a 'java/lang/NoSuchMethodError'{0x0000000095969188}: 'int java.lang.invoke.DirectMethodHandle$Holder.invokeVirtual(java.lang.Object, java.lang.Object, java.lang.Object)'> (0x0000000095969188) thrown at [./src/hotspot/share/interpreter/linkResolver.cpp, line 773]
Event: 20.147 Thread 0x0000027861755000 Exception <a 'java/lang/NoSuchMethodError'{0x0000000095718850}: 'int java.lang.invoke.DirectMethodHandle$Holder.invokeVirtual(java.lang.Object, java.lang.Object, java.lang.Object)'> (0x0000000095718850) thrown at [./src/hotspot/share/interpreter/linkResolver.cpp, line 773]
Event: 20.147 Thread 0x0000027863bef800 Exception <a 'java/lang/NoSuchMethodError'{0x0000000095f323b8}: 'int java.lang.invoke.DirectMethodHandle$Holder.invokeVirtual(java.lang.Object, java.lang.Object, java.lang.Object)'> (0x0000000095f323b8) thrown at [./src/hotspot/share/interpreter/linkResolver.cpp, line 773]
Event: 20.147 Thread 0x000002786174f800 Exception <a 'java/lang/NoSuchMethodError'{0x000000009604fc08}: 'int java.lang.invoke.DirectMethodHandle$Holder.invokeVirtual(java.lang.Object, java.lang.Object, java.lang.Object)'> (0x000000009604fc08) thrown at [./src/hotspot/share/interpreter/linkResolver.cpp, line 773]
Event: 20.413 Thread 0x0000027863bf3000 Implicit null exception at 0x000002784d1039a9 to 0x000002784d1043ce
Event: 20.452 Thread 0x0000027863bf3000 Exception <a 'java/lang/NoSuchMethodError'{0x0000000095feac88}: 'java.lang.Object java.lang.invoke.Invokers$Holder.linkToTargetMethod(java.lang.Object, int, java.lang.Object, java.lang.Object, java.lang.Object, java.lang.Object)'> (0x0000000095feac88) thrown at [./src/hotspot/share/interpreter/linkResolver.cpp, line 773]
Event: 20.453 Thread 0x0000027863bf3000 Exception <a 'java/lang/NoSuchMethodError'{0x0000000095fee940}: 'void java.lang.invoke.DirectMethodHandle$Holder.invokeSpecial(java.lang.Object, java.lang.Object, java.lang.Object, java.lang.Object, java.lang.Object, java.lang.Object, java.lang.Object, java.lang.Object, java.lang.Object)'> (0x0000000095fee940) thrown at [./src/hotspot/share/interpreter/linkResolver.cpp, line 773]
Event: 20.453 Thread 0x0000027863bf3000 Exception <a 'java/lang/NoSuchMethodError'{0x0000000095ff7b38}: 'java.lang.Object java.lang.invoke.Invokers$Holder.linkToTargetMethod(java.lang.Object, java.lang.Object, java.lang.Object, java.lang.Object, java.lang.Object, java.lang.Object, java.lang.Object)'> (0x0000000095ff7b38) thrown at [./src/hotspot/share/interpreter/linkResolver.cpp, line 773]
Event: 20.461 Thread 0x0000027863bf3000 Exception <a 'java/lang/IncompatibleClassChangeError'{0x0000000095e1c680}: Found class java.lang.Object, but interface was expected> (0x0000000095e1c680) thrown at [./src/hotspot/share/interpreter/linkResolver.cpp, line 839]
Event: 20.484 Thread 0x0000027863bf3000 Exception <a 'java/lang/NoSuchMethodError'{0x0000000095ec9a18}: 'void java.lang.invoke.DirectMethodHandle$Holder.invokeStatic(java.lang.Object, java.lang.Object, java.lang.Object, java.lang.Object, java.lang.Object, java.lang.Object, java.lang.Object, java.lang.Object)'> (0x0000000095ec9a18) thrown at [./src/hotspot/share/interpreter/linkResolver.cpp, line 773]

Events (20 events):
Event: 20.993 loading class com/android/tools/r8/graph/v0$d done
Event: 20.993 loading class com/android/tools/r8/graph/v0$f
Event: 20.993 loading class com/android/tools/r8/graph/v0$f done
Event: 20.993 loading class com/android/tools/r8/graph/v0$f
Event: 20.993 loading class com/android/tools/r8/graph/v0$f done
Event: 20.994 loading class com/android/tools/r8/graph/v0$d
Event: 20.994 loading class com/android/tools/r8/graph/v0$d done
Event: 20.994 loading class com/android/tools/r8/graph/v0$f
Event: 20.994 loading class com/android/tools/r8/graph/v0$f done
Event: 20.994 loading class com/android/tools/r8/graph/v0$j
Event: 20.994 loading class com/android/tools/r8/graph/v0$j done
Event: 20.994 loading class com/android/tools/r8/graph/d0
Event: 20.994 loading class com/android/tools/r8/graph/d0 done
Event: 20.994 loading class com/android/tools/r8/graph/d0
Event: 20.994 loading class com/android/tools/r8/graph/d0 done
Event: 20.994 loading class com/android/tools/r8/graph/S0
Event: 20.994 loading class com/android/tools/r8/graph/S0 done
Event: 21.010 Executing VM operation: CGC_Operation
Event: 21.027 Executing VM operation: CGC_Operation done
Event: 21.060 Executing VM operation: G1CollectForAllocation


Dynamic libraries:
0x00007ff7d8010000 - 0x00007ff7d801a000 	C:\Program Files\Android\Android Studio3\jre\bin\java.exe
0x00007ffd4ff40000 - 0x00007ffd5014f000 	C:\WINDOWS\SYSTEM32\ntdll.dll
0x00007ffd4f5f0000 - 0x00007ffd4f6ad000 	C:\WINDOWS\System32\KERNEL32.DLL
0x00007ffd4d4b0000 - 0x00007ffd4d83c000 	C:\WINDOWS\System32\KERNELBASE.dll
0x00007ffd4a530000 - 0x00007ffd4a5c2000 	C:\WINDOWS\SYSTEM32\apphelp.dll
0x00007ffd4d9a0000 - 0x00007ffd4dab1000 	C:\WINDOWS\System32\ucrtbase.dll
0x00007ffd39580000 - 0x00007ffd39597000 	C:\Program Files\Android\Android Studio3\jre\bin\VCRUNTIME140.dll
0x00007ffd3e600000 - 0x00007ffd3e619000 	C:\Program Files\Android\Android Studio3\jre\bin\jli.dll
0x00007ffd4e430000 - 0x00007ffd4e5d6000 	C:\WINDOWS\System32\USER32.dll
0x00007ffd3afc0000 - 0x00007ffd3b261000 	C:\WINDOWS\WinSxS\amd64_microsoft.windows.common-controls_6595b64144ccf1df_6.0.22489.1000_none_26b04fb444140a2e\COMCTL32.dll
0x00007ffd4dd90000 - 0x00007ffd4ddb6000 	C:\WINDOWS\System32\win32u.dll
0x00007ffd4de80000 - 0x00007ffd4df24000 	C:\WINDOWS\System32\msvcrt.dll
0x00007ffd4df30000 - 0x00007ffd4df59000 	C:\WINDOWS\System32\GDI32.dll
0x00007ffd4dc70000 - 0x00007ffd4dd87000 	C:\WINDOWS\System32\gdi32full.dll
0x00007ffd4d410000 - 0x00007ffd4d4aa000 	C:\WINDOWS\System32\msvcp_win.dll
0x00007ffd4f5b0000 - 0x00007ffd4f5e1000 	C:\WINDOWS\System32\IMM32.DLL
0x00007ffd22b60000 - 0x00007ffd22bfd000 	C:\Program Files\Android\Android Studio3\jre\bin\msvcp140.dll
0x00007ffd03e40000 - 0x00007ffd0490f000 	C:\Program Files\Android\Android Studio3\jre\bin\server\jvm.dll
0x00007ffd4f820000 - 0x00007ffd4f8ce000 	C:\WINDOWS\System32\ADVAPI32.dll
0x00007ffd4f8d0000 - 0x00007ffd4f971000 	C:\WINDOWS\System32\sechost.dll
0x00007ffd4f480000 - 0x00007ffd4f59f000 	C:\WINDOWS\System32\RPCRT4.dll
0x00007ffd4de70000 - 0x00007ffd4de78000 	C:\WINDOWS\System32\PSAPI.DLL
0x00007ffd43d60000 - 0x00007ffd43d69000 	C:\WINDOWS\SYSTEM32\WSOCK32.dll
0x00007ffd422c0000 - 0x00007ffd422f4000 	C:\WINDOWS\SYSTEM32\WINMM.dll
0x00007ffd44dd0000 - 0x00007ffd44dda000 	C:\WINDOWS\SYSTEM32\VERSION.dll
0x00007ffd4fce0000 - 0x00007ffd4fd51000 	C:\WINDOWS\System32\WS2_32.dll
0x00007ffd4c5e0000 - 0x00007ffd4c5f8000 	C:\WINDOWS\SYSTEM32\kernel.appcore.dll
0x00007ffd409a0000 - 0x00007ffd409b1000 	C:\Program Files\Android\Android Studio3\jre\bin\verify.dll
0x00007ffd45a50000 - 0x00007ffd45c76000 	C:\WINDOWS\SYSTEM32\DBGHELP.DLL
0x00007ffd4f100000 - 0x00007ffd4f47b000 	C:\WINDOWS\System32\combase.dll
0x00007ffd45a10000 - 0x00007ffd45a41000 	C:\WINDOWS\SYSTEM32\dbgcore.DLL
0x00007ffd4dbe0000 - 0x00007ffd4dc61000 	C:\WINDOWS\System32\bcryptPrimitives.dll
0x00007ffd40970000 - 0x00007ffd40999000 	C:\Program Files\Android\Android Studio3\jre\bin\java.dll
0x00007ffd4ad40000 - 0x00007ffd4ad4b000 	C:\Program Files\Android\Android Studio3\jre\bin\jimage.dll
0x00007ffd40950000 - 0x00007ffd40968000 	C:\Program Files\Android\Android Studio3\jre\bin\zip.dll
0x00007ffd4e780000 - 0x00007ffd4ef2d000 	C:\WINDOWS\System32\SHELL32.dll
0x00007ffd4b480000 - 0x00007ffd4bcd8000 	C:\WINDOWS\SYSTEM32\windows.storage.dll
0x00007ffd4b330000 - 0x00007ffd4b479000 	C:\WINDOWS\SYSTEM32\wintypes.dll
0x00007ffd4f6d0000 - 0x00007ffd4f7c0000 	C:\WINDOWS\System32\SHCORE.dll
0x00007ffd4ef30000 - 0x00007ffd4ef8b000 	C:\WINDOWS\System32\shlwapi.dll
0x00007ffd4d340000 - 0x00007ffd4d361000 	C:\WINDOWS\SYSTEM32\profapi.dll
0x00007ffd40930000 - 0x00007ffd4094a000 	C:\Program Files\Android\Android Studio3\jre\bin\net.dll
0x00007ffd468e0000 - 0x00007ffd469f1000 	C:\WINDOWS\SYSTEM32\WINHTTP.dll
0x00007ffd4ca20000 - 0x00007ffd4ca89000 	C:\WINDOWS\system32\mswsock.dll
0x00007ffd40910000 - 0x00007ffd40924000 	C:\Program Files\Android\Android Studio3\jre\bin\nio.dll
0x00007ffd395a0000 - 0x00007ffd395c7000 	C:\Users\xpmkm\.gradle\native\8bec1ad78214c89d9ad589b4d07fe93259594b29d510b10fafb7a158f7737e5d\windows-amd64\native-platform.dll
0x00007ffd22090000 - 0x00007ffd221cd000 	C:\Users\xpmkm\.gradle\native\53dbd7edfb1c66fb8903c78663c9afc45aea4f116125fa6feffd364cf09443e8\windows-amd64\native-platform-file-events.dll
0x00007ffd4ace0000 - 0x00007ffd4acea000 	C:\Program Files\Android\Android Studio3\jre\bin\management.dll
0x00007ffd4ac70000 - 0x00007ffd4ac7c000 	C:\Program Files\Android\Android Studio3\jre\bin\management_ext.dll
0x00007ffd4cc70000 - 0x00007ffd4cc88000 	C:\WINDOWS\SYSTEM32\CRYPTSP.dll
0x00007ffd4c540000 - 0x00007ffd4c575000 	C:\WINDOWS\system32\rsaenh.dll
0x00007ffd4cb20000 - 0x00007ffd4cb49000 	C:\WINDOWS\SYSTEM32\USERENV.dll
0x00007ffd4cdf0000 - 0x00007ffd4ce18000 	C:\WINDOWS\SYSTEM32\bcrypt.dll
0x00007ffd4cc90000 - 0x00007ffd4cc9c000 	C:\WINDOWS\SYSTEM32\CRYPTBASE.dll
0x00007ffd4c050000 - 0x00007ffd4c07d000 	C:\WINDOWS\SYSTEM32\IPHLPAPI.DLL
0x00007ffd4f5a0000 - 0x00007ffd4f5a9000 	C:\WINDOWS\System32\NSI.dll
0x00007ffd4a750000 - 0x00007ffd4a769000 	C:\WINDOWS\SYSTEM32\dhcpcsvc6.DLL
0x00007ffd4a6f0000 - 0x00007ffd4a70e000 	C:\WINDOWS\SYSTEM32\dhcpcsvc.DLL
0x00007ffd4c080000 - 0x00007ffd4c177000 	C:\WINDOWS\SYSTEM32\DNSAPI.dll

dbghelp: loaded successfully - version: 4.0.5 - missing functions: none
symbol engine: initialized successfully - sym options: 0x614 - pdb path: .;C:\Program Files\Android\Android Studio3\jre\bin;C:\WINDOWS\SYSTEM32;C:\WINDOWS\WinSxS\amd64_microsoft.windows.common-controls_6595b64144ccf1df_6.0.22489.1000_none_26b04fb444140a2e;C:\Program Files\Android\Android Studio3\jre\bin\server;C:\Users\xpmkm\.gradle\native\8bec1ad78214c89d9ad589b4d07fe93259594b29d510b10fafb7a158f7737e5d\windows-amd64;C:\Users\xpmkm\.gradle\native\53dbd7edfb1c66fb8903c78663c9afc45aea4f116125fa6feffd364cf09443e8\windows-amd64

VM Arguments:
jvm_args: --add-opens=java.base/java.util=ALL-UNNAMED --add-opens=java.base/java.lang=ALL-UNNAMED --add-opens=java.base/java.lang.invoke=ALL-UNNAMED --add-opens=java.base/java.util=ALL-UNNAMED --add-opens=java.prefs/java.util.prefs=ALL-UNNAMED --add-opens=java.prefs/java.util.prefs=ALL-UNNAMED --add-opens=java.base/java.nio.charset=ALL-UNNAMED --add-opens=java.base/java.net=ALL-UNNAMED --add-opens=java.base/java.util.concurrent.atomic=ALL-UNNAMED -Xmx2048m -Dfile.encoding=UTF-8 -Duser.country=IN -Duser.language=en -Duser.variant 
java_command: org.gradle.launcher.daemon.bootstrap.GradleDaemon 7.0.2
java_class_path (initial): C:\Users\xpmkm\.gradle\wrapper\dists\gradle-7.0.2-bin\857tjihv64xamwrf0h14cai3r\gradle-7.0.2\lib\gradle-launcher-7.0.2.jar
Launcher Type: SUN_STANDARD

[Global flags]
     intx CICompilerCount                          = 4                                         {product} {ergonomic}
     uint ConcGCThreads                            = 2                                         {product} {ergonomic}
     uint G1ConcRefinementThreads                  = 8                                         {product} {ergonomic}
   size_t G1HeapRegionSize                         = 1048576                                   {product} {ergonomic}
    uintx GCDrainStackTargetSize                   = 64                                        {product} {ergonomic}
   size_t InitialHeapSize                          = 132120576                                 {product} {ergonomic}
   size_t MarkStackSize                            = 4194304                                   {product} {ergonomic}
   size_t MaxHeapSize                              = 2147483648                                {product} {command line}
   size_t MaxNewSize                               = 1287651328                                {product} {ergonomic}
   size_t MinHeapDeltaBytes                        = 1048576                                   {product} {ergonomic}
    uintx NonNMethodCodeHeapSize                   = 5836300                                {pd product} {ergonomic}
    uintx NonProfiledCodeHeapSize                  = 122910970                              {pd product} {ergonomic}
    uintx ProfiledCodeHeapSize                     = 122910970                              {pd product} {ergonomic}
    uintx ReservedCodeCacheSize                    = 251658240                              {pd product} {ergonomic}
     bool SegmentedCodeCache                       = true                                      {product} {ergonomic}
     bool UseCompressedClassPointers               = true                                 {lp64_product} {ergonomic}
     bool UseCompressedOops                        = true                                 {lp64_product} {ergonomic}
     bool UseG1GC                                  = true                                      {product} {ergonomic}
     bool UseLargePagesIndividualAllocation        = false                                  {pd product} {ergonomic}

Logging:
Log output configuration:
 #0: stdout all=warning uptime,level,tags
 #1: stderr all=off uptime,level,tags

Environment Variables:
PATH=C:\Program Files (x86)\Common Files\Oracle\Java\javapath;C:\WINDOWS\system32;C:\WINDOWS;C:\WINDOWS\System32\Wbem;C:\WINDOWS\System32\WindowsPowerShell\v1.0\;C:\WINDOWS\System32\OpenSSH\;C:\Program Files\Git\cmd;C:\Program Files\nodejs\;C:\xampp\php;C:\ProgramData\ComposerSetup\bin;C:\Users\xpmkm\AppData\Local\Android\Sdk\platform-tools;C:\Program Files\Java\jdk1.8.0_231\bin;C:\Program Files\opnsl\bin;C:\Users\xpmkm\AppData\Roaming\npm;C:\Users\xpmkm\AppData\Local\Programs\Microsoft VS Code\bin;C:\Program Files\flutter\bin;C:\Users\xpmkm\AppData\Roaming\Composer\vendor\bin;C:\Users\xpmkm\AppData\Local\Microsoft\WindowsApps;
USERNAME=xpmkm
OS=Windows_NT
PROCESSOR_IDENTIFIER=AMD64 Family 23 Model 24 Stepping 1, AuthenticAMD



---------------  S Y S T E M  ---------------

OS: Windows 10 , 64 bit Build 22489 (10.0.22489.1000)
OS uptime: 8 days 1:29 hours

CPU:total 8 (initial active 8) (8 cores per cpu, 2 threads per core) family 23 model 24 stepping 1 microcode 0x0, cmov, cx8, fxsr, mmx, sse, sse2, sse3, ssse3, sse4.1, sse4.2, popcnt, avx, avx2, aes, clmul, mmxext, 3dnowpref, lzcnt, sse4a, ht, tsc, tscinvbit, tscinv, bmi1, bmi2, adx, s

Memory: 4k page, system-wide physical 8002M (314M free)
TotalPageFile size 12098M (AvailPageFile size 21M)
current process WorkingSet (physical memory assigned to process): 584M, peak: 584M
current process commit charge ("private bytes"): 695M, peak: 1201M

vm_info: OpenJDK 64-Bit Server VM (11.0.10+0-b96-7249189) for windows-amd64 JRE (11.0.10+0-b96-7249189), built on Mar 31 2021 21:44:00 by "builder" with MS VC++ 14.0 (VS2015)

END.
