#
# There is insufficient memory for the Java Runtime Environment to continue.
# Native memory allocation (mmap) failed to map 27262976 bytes for Failed to commit area from 0x0000000087e00000 to 0x0000000089800000 of length 27262976.
# Possible reasons:
#   The system is out of physical RAM or swap space
#   The process is running with CompressedOops enabled, and the Java Heap may be blocking the growth of the native heap
# Possible solutions:
#   Reduce memory load on the system
#   Increase physical memory or swap space
#   Check if swap backing store is full
#   Decrease Java heap size (-Xmx/-Xms)
#   Decrease number of Java threads
#   Decrease Java thread stack sizes (-Xss)
#   Set larger code cache with -XX:ReservedCodeCacheSize=
#   JVM is running with Unscaled Compressed Oops mode in which the Java heap is
#     placed in the first 4GB address space. The Java Heap base address is the
#     maximum limit for the native heap growth. Please use -XX:HeapBaseMinAddress
#     to set the Java Heap base and to place the Java Heap above 4GB virtual address.
# This output file may be truncated or incomplete.
#
#  Out of Memory Error (./src/hotspot/os/windows/os_windows.cpp:3301), pid=7588, tid=2376
#
# JRE version: OpenJDK Runtime Environment (11.0.10) (build 11.0.10+0-b96-7249189)
# Java VM: OpenJDK 64-Bit Server VM (11.0.10+0-b96-7249189, mixed mode, tiered, compressed oops, g1 gc, windows-amd64)
# No core dump will be written. Minidumps are not enabled by default on client versions of Windows
#

---------------  S U M M A R Y ------------

Command Line: --add-opens=java.base/java.util=ALL-UNNAMED --add-opens=java.base/java.lang=ALL-UNNAMED --add-opens=java.base/java.lang.invoke=ALL-UNNAMED --add-opens=java.base/java.util=ALL-UNNAMED --add-opens=java.prefs/java.util.prefs=ALL-UNNAMED --add-opens=java.prefs/java.util.prefs=ALL-UNNAMED --add-opens=java.base/java.nio.charset=ALL-UNNAMED --add-opens=java.base/java.net=ALL-UNNAMED --add-opens=java.base/java.util.concurrent.atomic=ALL-UNNAMED -Xmx2048m -Dfile.encoding=UTF-8 -Duser.country=IN -Duser.language=en -Duser.variant org.gradle.launcher.daemon.bootstrap.GradleDaemon 7.0.2

Host: AMD Ryzen 5 3550H with Radeon Vega Mobile Gfx  , 8 cores, 7G,  Windows 10 , 64 bit Build 22468 (10.0.22468.1000)
Time: Wed Oct  6 11:58:25 2021 India Standard Time elapsed time: 17.596559 seconds (0d 0h 0m 17s)

---------------  T H R E A D  ---------------

Current thread (0x0000022c30728800):  VMThread "VM Thread" [stack: 0x000000b2d6a00000,0x000000b2d6b00000] [id=2376]

Stack: [0x000000b2d6a00000,0x000000b2d6b00000]
[error occurred during error reporting (printing stack bounds), id 0xc0000005, EXCEPTION_ACCESS_VIOLATION (0xc0000005) at pc=0x0000022c19da0f2d]

Native frames: (J=compiled Java code, j=interpreted, Vv=VM code, C=native code)
V  [jvm.dll+0x5ecfaa]
V  [jvm.dll+0x722bd5]
V  [jvm.dll+0x72412d]
V  [jvm.dll+0x724745]
V  [jvm.dll+0x7246fb]
V  [jvm.dll+0x5ec348]
V  [jvm.dll+0x5ecad8]
C  [ntdll.dll+0xa623f]
C  [ntdll.dll+0x65ea9]
C  [ntdll.dll+0xa522e]
C  0x0000022c19da0f2d

VM_Operation (0x000000b2d82f0a20): G1CollectForAllocation, mode: safepoint, requested by thread 0x0000022c31c5c800


---------------  P R O C E S S  ---------------

Threads class SMR info:
_java_thread_list=0x0000022c348747f0, length=51, elements={
0x0000022c162c4800, 0x0000022c3073e000, 0x0000022c30741800, 0x0000022c30746800,
0x0000022c30f94800, 0x0000022c30f95000, 0x0000022c30f98000, 0x0000022c30f9e800,
0x0000022c30fa7800, 0x0000022c310fc000, 0x0000022c34106800, 0x0000022c311db000,
0x0000022c33711800, 0x0000022c32c11000, 0x0000022c343fe000, 0x0000022c31c2d800,
0x0000022c31c5c800, 0x0000022c34750800, 0x0000022c32601800, 0x0000022c33a47800,
0x0000022c33a4c800, 0x0000022c33a4b000, 0x0000022c33a4b800, 0x0000022c33a4d800,
0x0000022c33a4e000, 0x0000022c33a49000, 0x0000022c33a48800, 0x0000022c33a4a000,
0x0000022c34fa6000, 0x0000022c34fab000, 0x0000022c34faa000, 0x0000022c34fa7000,
0x0000022c34fa5000, 0x0000022c34fac800, 0x0000022c34fa9000, 0x0000022c34fad800,
0x0000022c34fa8800, 0x0000022c34fab800, 0x0000022c34fb3000, 0x0000022c34fae000,
0x0000022c34fb1800, 0x0000022c34faf000, 0x0000022c34fb0800, 0x0000022c34fb2000,
0x0000022c34faf800, 0x0000022c33299800, 0x0000022c33296800, 0x0000022c33297000,
0x0000022c33295000, 0x0000022c33295800, 0x0000022c33298000
}

Java Threads: ( => current thread )
  0x0000022c162c4800 JavaThread "main" [_thread_blocked, id=12468, stack(0x000000b2d6400000,0x000000b2d6500000)]
  0x0000022c3073e000 JavaThread "Reference Handler" daemon [_thread_blocked, id=13880, stack(0x000000b2d6b00000,0x000000b2d6c00000)]
  0x0000022c30741800 JavaThread "Finalizer" daemon [_thread_blocked, id=9188, stack(0x000000b2d6c00000,0x000000b2d6d00000)]
  0x0000022c30746800 JavaThread "Signal Dispatcher" daemon [_thread_blocked, id=8924, stack(0x000000b2d6d00000,0x000000b2d6e00000)]
  0x0000022c30f94800 JavaThread "Attach Listener" daemon [_thread_blocked, id=3360, stack(0x000000b2d6e00000,0x000000b2d6f00000)]
  0x0000022c30f95000 JavaThread "Service Thread" daemon [_thread_blocked, id=11652, stack(0x000000b2d6f00000,0x000000b2d7000000)]
  0x0000022c30f98000 JavaThread "C2 CompilerThread0" daemon [_thread_blocked, id=6708, stack(0x000000b2d7000000,0x000000b2d7100000)]
  0x0000022c30f9e800 JavaThread "C1 CompilerThread0" daemon [_thread_blocked, id=10956, stack(0x000000b2d7100000,0x000000b2d7200000)]
  0x0000022c30fa7800 JavaThread "Sweeper thread" daemon [_thread_blocked, id=15544, stack(0x000000b2d7200000,0x000000b2d7300000)]
  0x0000022c310fc000 JavaThread "Common-Cleaner" daemon [_thread_blocked, id=9832, stack(0x000000b2d7300000,0x000000b2d7400000)]
  0x0000022c34106800 JavaThread "Daemon health stats" [_thread_blocked, id=13492, stack(0x000000b2d7900000,0x000000b2d7a00000)]
  0x0000022c311db000 JavaThread "Incoming local TCP Connector on port 64971" [_thread_in_native, id=8736, stack(0x000000b2d7500000,0x000000b2d7600000)]
  0x0000022c33711800 JavaThread "Daemon periodic checks" [_thread_blocked, id=2336, stack(0x000000b2d7800000,0x000000b2d7900000)]
  0x0000022c32c11000 JavaThread "Daemon" [_thread_blocked, id=11292, stack(0x000000b2d7a00000,0x000000b2d7b00000)]
  0x0000022c343fe000 JavaThread "Handler for socket connection from /127.0.0.1:64971 to /127.0.0.1:64972" [_thread_in_native, id=17468, stack(0x000000b2d7b00000,0x000000b2d7c00000)]
  0x0000022c31c2d800 JavaThread "Cancel handler" [_thread_blocked, id=10996, stack(0x000000b2d8100000,0x000000b2d8200000)]
  0x0000022c31c5c800 JavaThread "Daemon worker" [_thread_blocked, id=1588, stack(0x000000b2d8200000,0x000000b2d8300000)]
  0x0000022c34750800 JavaThread "Asynchronous log dispatcher for DefaultDaemonConnection: socket connection from /127.0.0.1:64971 to /127.0.0.1:64972" [_thread_blocked, id=16984, stack(0x000000b2d8300000,0x000000b2d8400000)]
  0x0000022c32601800 JavaThread "Stdin handler" [_thread_blocked, id=6352, stack(0x000000b2d8400000,0x000000b2d8500000)]
  0x0000022c33a47800 JavaThread "Daemon client event forwarder" [_thread_blocked, id=7856, stack(0x000000b2d8500000,0x000000b2d8600000)]
  0x0000022c33a4c800 JavaThread "Cache worker for file hash cache (C:\Users\xpmkm\.gradle\caches\7.0.2\fileHashes)" [_thread_blocked, id=10340, stack(0x000000b2d8600000,0x000000b2d8700000)]
  0x0000022c33a4b000 JavaThread "File lock request listener" [_thread_in_native, id=1356, stack(0x000000b2d8700000,0x000000b2d8800000)]
  0x0000022c33a4b800 JavaThread "Cache worker for journal cache (C:\Users\xpmkm\.gradle\caches\journal-1)" [_thread_blocked, id=12160, stack(0x000000b2d8900000,0x000000b2d8a00000)]
  0x0000022c33a4d800 JavaThread "Cache worker for file hash cache (C:\Users\xpmkm\Desktop\update_code_vezilla-server\codecanyon-L2GSbXtH-dairy-products-grocery-daily-milk-delivery-mobile-app-with-subscription-customer-app-delivery\test-vezilla-android-workspace\.gradle\7.0.2\fileHashes)" [_thread_blocked, id=10848, stack(0x000000b2d8b00000,0x000000b2d8c00000)]
  0x0000022c33a4e000 JavaThread "File watcher server" daemon [_thread_in_native, id=13608, stack(0x000000b2d8c00000,0x000000b2d8d00000)]
  0x0000022c33a49000 JavaThread "File watcher consumer" daemon [_thread_blocked, id=18064, stack(0x000000b2d8d00000,0x000000b2d8e00000)]
  0x0000022c33a48800 JavaThread "jar transforms" [_thread_blocked, id=5588, stack(0x000000b2d8e00000,0x000000b2d8f00000)]
  0x0000022c33a4a000 JavaThread "jar transforms Thread 2" [_thread_blocked, id=7704, stack(0x000000b2d8f00000,0x000000b2d9000000)]
  0x0000022c34fa6000 JavaThread "jar transforms Thread 3" [_thread_blocked, id=13860, stack(0x000000b2d9000000,0x000000b2d9100000)]
  0x0000022c34fab000 JavaThread "jar transforms Thread 4" [_thread_blocked, id=17244, stack(0x000000b2d9100000,0x000000b2d9200000)]
  0x0000022c34faa000 JavaThread "jar transforms Thread 5" [_thread_blocked, id=11032, stack(0x000000b2d9200000,0x000000b2d9300000)]
  0x0000022c34fa7000 JavaThread "jar transforms Thread 6" [_thread_blocked, id=8752, stack(0x000000b2d9300000,0x000000b2d9400000)]
  0x0000022c34fa5000 JavaThread "jar transforms Thread 7" [_thread_blocked, id=16176, stack(0x000000b2d9400000,0x000000b2d9500000)]
  0x0000022c34fac800 JavaThread "jar transforms Thread 8" [_thread_blocked, id=13652, stack(0x000000b2d9600000,0x000000b2d9700000)]
  0x0000022c34fa9000 JavaThread "Cache worker for checksums cache (C:\Users\xpmkm\Desktop\update_code_vezilla-server\codecanyon-L2GSbXtH-dairy-products-grocery-daily-milk-delivery-mobile-app-with-subscription-customer-app-delivery\test-vezilla-android-workspace\.gradle\checksums)" [_thread_blocked, id=17928, stack(0x000000b2d9700000,0x000000b2d9800000)]
  0x0000022c34fad800 JavaThread "Cache worker for cache directory md-supplier (C:\Users\xpmkm\.gradle\caches\7.0.2\md-supplier)" [_thread_blocked, id=9996, stack(0x000000b2d9800000,0x000000b2d9900000)]
  0x0000022c34fa8800 JavaThread "Cache worker for cache directory md-rule (C:\Users\xpmkm\.gradle\caches\7.0.2\md-rule)" [_thread_blocked, id=5696, stack(0x000000b2d9900000,0x000000b2d9a00000)]
  0x0000022c34fab800 JavaThread "Cache worker for execution history cache (C:\Users\xpmkm\.gradle\caches\7.0.2\executionHistory)" [_thread_blocked, id=13124, stack(0x000000b2d9a00000,0x000000b2d9b00000)]
  0x0000022c34fb3000 JavaThread "Cache worker for file content cache (C:\Users\xpmkm\.gradle\caches\7.0.2\fileContent)" [_thread_blocked, id=9732, stack(0x000000b2d9500000,0x000000b2d9600000)]
  0x0000022c34fae000 JavaThread "Cache worker for dependencies-accessors (C:\Users\xpmkm\Desktop\update_code_vezilla-server\codecanyon-L2GSbXtH-dairy-products-grocery-daily-milk-delivery-mobile-app-with-subscription-customer-app-delivery\test-vezilla-android-workspace\.gradle\7.0.2\dependencies-accessors)" [_thread_blocked, id=13080, stack(0x000000b2d9b00000,0x000000b2d9c00000)]
  0x0000022c34fb1800 JavaThread "Cache worker for Build Output Cleanup Cache (C:\Users\xpmkm\Desktop\update_code_vezilla-server\codecanyon-L2GSbXtH-dairy-products-grocery-daily-milk-delivery-mobile-app-with-subscription-customer-app-delivery\test-vezilla-android-workspace\.gradle\buildOutputCleanup)" [_thread_blocked, id=7984, stack(0x000000b2d9c00000,0x000000b2d9d00000)]
  0x0000022c34faf000 JavaThread "Build operations" [_thread_blocked, id=18084, stack(0x000000b2d9d00000,0x000000b2d9e00000)]
  0x0000022c34fb0800 JavaThread "Build operations Thread 2" [_thread_blocked, id=11224, stack(0x000000b2d9e00000,0x000000b2d9f00000)]
  0x0000022c34fb2000 JavaThread "Build operations Thread 3" [_thread_blocked, id=13044, stack(0x000000b2d9f00000,0x000000b2da000000)]
  0x0000022c34faf800 JavaThread "Build operations Thread 4" [_thread_blocked, id=12764, stack(0x000000b2da000000,0x000000b2da100000)]
  0x0000022c33299800 JavaThread "Build operations Thread 5" [_thread_blocked, id=1924, stack(0x000000b2da100000,0x000000b2da200000)]
  0x0000022c33296800 JavaThread "Build operations Thread 6" [_thread_blocked, id=5344, stack(0x000000b2da200000,0x000000b2da300000)]
  0x0000022c33297000 JavaThread "Build operations Thread 7" [_thread_blocked, id=16952, stack(0x000000b2da300000,0x000000b2da400000)]
  0x0000022c33295000 JavaThread "Build operations Thread 8" [_thread_blocked, id=456, stack(0x000000b2da400000,0x000000b2da500000)]
  0x0000022c33295800 JavaThread "File lock release action executor" [_thread_blocked, id=6612, stack(0x000000b2da500000,0x000000b2da600000)]
  0x0000022c33298000 JavaThread "Memory manager" [_thread_blocked, id=10188, stack(0x000000b2d8a00000,0x000000b2d8b00000)]

Other Threads:
=>0x0000022c30728800 VMThread "VM Thread" [stack: 0x000000b2d6a00000,0x000000b2d6b00000] [id=2376]
  0x0000022c31107000 WatcherThread [stack: 0x000000b2d7400000,0x000000b2d7500000] [id=14808]
  0x0000022c162de000 GCTaskThread "GC Thread#0" [stack: 0x000000b2d6500000,0x000000b2d6600000] [id=9048]
  0x0000022c31500800 GCTaskThread "GC Thread#1" [stack: 0x000000b2d7600000,0x000000b2d7700000] [id=15876]
  0x0000022c31d73000 GCTaskThread "GC Thread#2" [stack: 0x000000b2d7700000,0x000000b2d7800000] [id=10952]
  0x0000022c331d4000 GCTaskThread "GC Thread#3" [stack: 0x000000b2d7c00000,0x000000b2d7d00000] [id=9964]
  0x0000022c33ac1800 GCTaskThread "GC Thread#4" [stack: 0x000000b2d7d00000,0x000000b2d7e00000] [id=11904]
  0x0000022c32b01800 GCTaskThread "GC Thread#5" [stack: 0x000000b2d7e00000,0x000000b2d7f00000] [id=15692]
  0x0000022c32834800 GCTaskThread "GC Thread#6" [stack: 0x000000b2d7f00000,0x000000b2d8000000] [id=15508]
  0x0000022c3378f000 GCTaskThread "GC Thread#7" [stack: 0x000000b2d8000000,0x000000b2d8100000] [id=3448]
  0x0000022c16310000 ConcurrentGCThread "G1 Main Marker" [stack: 0x000000b2d6600000,0x000000b2d6700000] [id=7200]
  0x0000022c16311800 ConcurrentGCThread "G1 Conc#0" [stack: 0x000000b2d6700000,0x000000b2d6800000] [id=11472]
  0x0000022c31e3b800 ConcurrentGCThread "G1 Conc#1" [stack: 0x000000b2d8800000,0x000000b2d8900000] [id=10944]
  0x0000022c1638e000 ConcurrentGCThread "G1 Refine#0" [stack: 0x000000b2d6800000,0x000000b2d6900000] [id=11436]
  0x0000022c30574800 ConcurrentGCThread "G1 Young RemSet Sampling" [stack: 0x000000b2d6900000,0x000000b2d6a00000] [id=13572]

Threads with active compile tasks:
C2 CompilerThread0  17613 8055       4       java.util.Arrays$ArrayItr::next (36 bytes)

VM state:at safepoint (normal execution)

VM Mutex/Monitor currently owned by a thread:  ([mutex/lock_event])
[0x0000022c162c16c0] Threads_lock - owner thread: 0x0000022c30728800
[0x0000022c162bfe00] Heap_lock - owner thread: 0x0000022c31c5c800

Heap address: 0x0000000080000000, size: 2048 MB, Compressed Oops mode: 32-bit
Narrow klass base: 0x0000000000000000, Narrow klass shift: 3
Compressed class space size: 1073741824 Address: 0x0000000100000000

Heap:
 garbage-first heap   total 155648K, used 89169K [0x0000000080000000, 0x0000000100000000)
  region size 1024K, 3 young (3072K), 3 survivors (3072K)
 Metaspace       used 72266K, capacity 74603K, committed 74752K, reserved 1114112K
  class space    used 9329K, capacity 10122K, committed 10240K, reserved 1048576K
Heap Regions: E=young(eden), S=young(survivor), O=old, HS=humongous(starts), HC=humongous(continues), CS=collection set, F=free, A=archive, TAMS=top-at-mark-start (previous, next)
|   0|0x0000000080000000, 0x0000000080100000, 0x0000000080100000|100%| O|  |TAMS 0x0000000080100000, 0x0000000080100000| Untracked 
|   1|0x0000000080100000, 0x0000000080200000, 0x0000000080200000|100%| O|  |TAMS 0x0000000080200000, 0x0000000080200000| Untracked 
|   2|0x0000000080200000, 0x0000000080300000, 0x0000000080300000|100%| O|  |TAMS 0x0000000080300000, 0x0000000080300000| Untracked 
|   3|0x0000000080300000, 0x0000000080400000, 0x0000000080400000|100%|HS|  |TAMS 0x0000000080400000, 0x0000000080400000| Complete 
|   4|0x0000000080400000, 0x0000000080500000, 0x0000000080500000|100%|HC|  |TAMS 0x0000000080500000, 0x0000000080500000| Complete 
|   5|0x0000000080500000, 0x0000000080600000, 0x0000000080600000|100%|HC|  |TAMS 0x0000000080600000, 0x0000000080600000| Complete 
|   6|0x0000000080600000, 0x0000000080700000, 0x0000000080700000|100%| O|  |TAMS 0x0000000080700000, 0x0000000080700000| Untracked 
|   7|0x0000000080700000, 0x0000000080800000, 0x0000000080800000|100%| O|  |TAMS 0x0000000080800000, 0x0000000080800000| Untracked 
|   8|0x0000000080800000, 0x0000000080900000, 0x0000000080900000|100%| O|  |TAMS 0x0000000080900000, 0x0000000080900000| Untracked 
|   9|0x0000000080900000, 0x0000000080a00000, 0x0000000080a00000|100%| O|  |TAMS 0x0000000080a00000, 0x0000000080a00000| Untracked 
|  10|0x0000000080a00000, 0x0000000080b00000, 0x0000000080b00000|100%| O|  |TAMS 0x0000000080b00000, 0x0000000080b00000| Untracked 
|  11|0x0000000080b00000, 0x0000000080c00000, 0x0000000080c00000|100%| O|  |TAMS 0x0000000080c00000, 0x0000000080c00000| Untracked 
|  12|0x0000000080c00000, 0x0000000080d00000, 0x0000000080d00000|100%| O|  |TAMS 0x0000000080d00000, 0x0000000080d00000| Untracked 
|  13|0x0000000080d00000, 0x0000000080e00000, 0x0000000080e00000|100%| O|  |TAMS 0x0000000080e00000, 0x0000000080e00000| Untracked 
|  14|0x0000000080e00000, 0x0000000080f00000, 0x0000000080f00000|100%| O|  |TAMS 0x0000000080f00000, 0x0000000080f00000| Untracked 
|  15|0x0000000080f00000, 0x0000000081000000, 0x0000000081000000|100%| O|  |TAMS 0x0000000081000000, 0x0000000081000000| Untracked 
|  16|0x0000000081000000, 0x0000000081100000, 0x0000000081100000|100%|HS|  |TAMS 0x0000000081100000, 0x0000000081100000| Complete 
|  17|0x0000000081100000, 0x0000000081200000, 0x0000000081200000|100%|HC|  |TAMS 0x0000000081200000, 0x0000000081200000| Complete 
|  18|0x0000000081200000, 0x0000000081300000, 0x0000000081300000|100%|HS|  |TAMS 0x0000000081300000, 0x0000000081300000| Complete 
|  19|0x0000000081300000, 0x0000000081400000, 0x0000000081400000|100%|HC|  |TAMS 0x0000000081400000, 0x0000000081400000| Complete 
|  20|0x0000000081400000, 0x0000000081500000, 0x0000000081500000|100%|HC|  |TAMS 0x0000000081500000, 0x0000000081500000| Complete 
|  21|0x0000000081500000, 0x0000000081600000, 0x0000000081600000|100%|HS|  |TAMS 0x0000000081600000, 0x0000000081600000| Complete 
|  22|0x0000000081600000, 0x0000000081700000, 0x0000000081700000|100%|HC|  |TAMS 0x0000000081700000, 0x0000000081700000| Complete 
|  23|0x0000000081700000, 0x0000000081800000, 0x0000000081800000|100%|HC|  |TAMS 0x0000000081800000, 0x0000000081800000| Complete 
|  24|0x0000000081800000, 0x0000000081900000, 0x0000000081900000|100%|HC|  |TAMS 0x0000000081900000, 0x0000000081900000| Complete 
|  25|0x0000000081900000, 0x0000000081a00000, 0x0000000081a00000|100%|HC|  |TAMS 0x0000000081a00000, 0x0000000081a00000| Complete 
|  26|0x0000000081a00000, 0x0000000081b00000, 0x0000000081b00000|100%| O|  |TAMS 0x0000000081b00000, 0x0000000081b00000| Untracked 
|  27|0x0000000081b00000, 0x0000000081c00000, 0x0000000081c00000|100%| O|  |TAMS 0x0000000081c00000, 0x0000000081c00000| Untracked 
|  28|0x0000000081c00000, 0x0000000081d00000, 0x0000000081d00000|100%| O|  |TAMS 0x0000000081d00000, 0x0000000081d00000| Untracked 
|  29|0x0000000081d00000, 0x0000000081e00000, 0x0000000081e00000|100%| O|  |TAMS 0x0000000081e00000, 0x0000000081e00000| Untracked 
|  30|0x0000000081e00000, 0x0000000081f00000, 0x0000000081f00000|100%| O|  |TAMS 0x0000000081f00000, 0x0000000081f00000| Untracked 
|  31|0x0000000081f00000, 0x0000000082000000, 0x0000000082000000|100%| O|  |TAMS 0x0000000082000000, 0x0000000082000000| Untracked 
|  32|0x0000000082000000, 0x0000000082100000, 0x0000000082100000|100%| O|  |TAMS 0x0000000082100000, 0x0000000082100000| Untracked 
|  33|0x0000000082100000, 0x0000000082200000, 0x0000000082200000|100%| O|  |TAMS 0x0000000082200000, 0x0000000082200000| Untracked 
|  34|0x0000000082200000, 0x0000000082300000, 0x0000000082300000|100%|HS|  |TAMS 0x0000000082300000, 0x0000000082300000| Complete 
|  35|0x0000000082300000, 0x0000000082400000, 0x0000000082400000|100%|HC|  |TAMS 0x0000000082400000, 0x0000000082400000| Complete 
|  36|0x0000000082400000, 0x0000000082500000, 0x0000000082500000|100%|HC|  |TAMS 0x0000000082500000, 0x0000000082500000| Complete 
|  37|0x0000000082500000, 0x0000000082600000, 0x0000000082600000|100%|HS|  |TAMS 0x0000000082600000, 0x0000000082600000| Complete 
|  38|0x0000000082600000, 0x0000000082700000, 0x0000000082700000|100%|HC|  |TAMS 0x0000000082700000, 0x0000000082700000| Complete 
|  39|0x0000000082700000, 0x0000000082800000, 0x0000000082800000|100%|HC|  |TAMS 0x0000000082800000, 0x0000000082800000| Complete 
|  40|0x0000000082800000, 0x0000000082900000, 0x0000000082900000|100%|HC|  |TAMS 0x0000000082900000, 0x0000000082900000| Complete 
|  41|0x0000000082900000, 0x0000000082a00000, 0x0000000082a00000|100%|HC|  |TAMS 0x0000000082a00000, 0x0000000082a00000| Complete 
|  42|0x0000000082a00000, 0x0000000082b00000, 0x0000000082b00000|100%| O|  |TAMS 0x0000000082b00000, 0x0000000082b00000| Untracked 
|  43|0x0000000082b00000, 0x0000000082c00000, 0x0000000082c00000|100%| O|  |TAMS 0x0000000082c00000, 0x0000000082c00000| Untracked 
|  44|0x0000000082c00000, 0x0000000082d00000, 0x0000000082d00000|100%| O|  |TAMS 0x0000000082d00000, 0x0000000082d00000| Untracked 
|  45|0x0000000082d00000, 0x0000000082e00000, 0x0000000082e00000|100%| O|  |TAMS 0x0000000082e00000, 0x0000000082e00000| Untracked 
|  46|0x0000000082e00000, 0x0000000082f00000, 0x0000000082f00000|100%| O|  |TAMS 0x0000000082f00000, 0x0000000082f00000| Untracked 
|  47|0x0000000082f00000, 0x0000000083000000, 0x0000000083000000|100%| O|  |TAMS 0x0000000083000000, 0x0000000083000000| Untracked 
|  48|0x0000000083000000, 0x0000000083100000, 0x0000000083100000|100%| O|  |TAMS 0x0000000083100000, 0x0000000083100000| Untracked 
|  49|0x0000000083100000, 0x0000000083200000, 0x0000000083200000|100%| O|  |TAMS 0x0000000083200000, 0x0000000083200000| Untracked 
|  50|0x0000000083200000, 0x0000000083300000, 0x0000000083300000|100%| O|  |TAMS 0x0000000083300000, 0x0000000083300000| Untracked 
|  51|0x0000000083300000, 0x0000000083400000, 0x0000000083400000|100%| O|  |TAMS 0x0000000083400000, 0x0000000083400000| Untracked 
|  52|0x0000000083400000, 0x0000000083500000, 0x0000000083500000|100%| O|  |TAMS 0x0000000083500000, 0x0000000083500000| Untracked 
|  53|0x0000000083500000, 0x0000000083600000, 0x0000000083600000|100%|HS|  |TAMS 0x0000000083600000, 0x0000000083600000| Complete 
|  54|0x0000000083600000, 0x0000000083700000, 0x0000000083700000|100%|HS|  |TAMS 0x0000000083700000, 0x0000000083700000| Complete 
|  55|0x0000000083700000, 0x0000000083800000, 0x0000000083800000|100%|HS|  |TAMS 0x0000000083800000, 0x0000000083800000| Complete 
|  56|0x0000000083800000, 0x0000000083900000, 0x0000000083900000|100%|HC|  |TAMS 0x0000000083900000, 0x0000000083900000| Complete 
|  57|0x0000000083900000, 0x0000000083a00000, 0x0000000083a00000|100%| O|  |TAMS 0x0000000083a00000, 0x0000000083a00000| Untracked 
|  58|0x0000000083a00000, 0x0000000083b00000, 0x0000000083b00000|100%| O|  |TAMS 0x0000000083b00000, 0x0000000083b00000| Untracked 
|  59|0x0000000083b00000, 0x0000000083c00000, 0x0000000083c00000|100%| O|  |TAMS 0x0000000083c00000, 0x0000000083c00000| Untracked 
|  60|0x0000000083c00000, 0x0000000083d00000, 0x0000000083d00000|100%| O|  |TAMS 0x0000000083d00000, 0x0000000083d00000| Untracked 
|  61|0x0000000083d00000, 0x0000000083e00000, 0x0000000083e00000|100%| O|  |TAMS 0x0000000083e00000, 0x0000000083e00000| Untracked 
|  62|0x0000000083e00000, 0x0000000083f00000, 0x0000000083f00000|100%| O|  |TAMS 0x0000000083f00000, 0x0000000083f00000| Untracked 
|  63|0x0000000083f00000, 0x0000000084000000, 0x0000000084000000|100%| O|  |TAMS 0x0000000084000000, 0x0000000084000000| Untracked 
|  64|0x0000000084000000, 0x0000000084100000, 0x0000000084100000|100%| O|  |TAMS 0x0000000084100000, 0x0000000084100000| Untracked 
|  65|0x0000000084100000, 0x0000000084200000, 0x0000000084200000|100%| O|  |TAMS 0x0000000084200000, 0x0000000084200000| Untracked 
|  66|0x0000000084200000, 0x0000000084300000, 0x0000000084300000|100%| O|  |TAMS 0x0000000084300000, 0x0000000084300000| Untracked 
|  67|0x0000000084300000, 0x0000000084400000, 0x0000000084400000|100%| O|  |TAMS 0x0000000084400000, 0x0000000084400000| Untracked 
|  68|0x0000000084400000, 0x0000000084500000, 0x0000000084500000|100%| O|  |TAMS 0x0000000084500000, 0x0000000084500000| Untracked 
|  69|0x0000000084500000, 0x0000000084600000, 0x0000000084600000|100%| O|  |TAMS 0x0000000084600000, 0x0000000084600000| Untracked 
|  70|0x0000000084600000, 0x0000000084700000, 0x0000000084700000|100%| O|  |TAMS 0x0000000084700000, 0x0000000084700000| Untracked 
|  71|0x0000000084700000, 0x0000000084800000, 0x0000000084800000|100%| O|  |TAMS 0x0000000084800000, 0x0000000084800000| Untracked 
|  72|0x0000000084800000, 0x0000000084900000, 0x0000000084900000|100%| O|  |TAMS 0x0000000084900000, 0x0000000084900000| Untracked 
|  73|0x0000000084900000, 0x0000000084a00000, 0x0000000084a00000|100%| O|  |TAMS 0x0000000084a00000, 0x0000000084a00000| Untracked 
|  74|0x0000000084a00000, 0x0000000084b00000, 0x0000000084b00000|100%| O|  |TAMS 0x0000000084b00000, 0x0000000084b00000| Untracked 
|  75|0x0000000084b00000, 0x0000000084c00000, 0x0000000084c00000|100%| O|  |TAMS 0x0000000084c00000, 0x0000000084c00000| Untracked 
|  76|0x0000000084c00000, 0x0000000084d00000, 0x0000000084d00000|100%| O|  |TAMS 0x0000000084d00000, 0x0000000084d00000| Untracked 
|  77|0x0000000084d00000, 0x0000000084e00000, 0x0000000084e00000|100%| O|  |TAMS 0x0000000084e00000, 0x0000000084e00000| Untracked 
|  78|0x0000000084e00000, 0x0000000084f00000, 0x0000000084f00000|100%| O|  |TAMS 0x0000000084f00000, 0x0000000084f00000| Untracked 
|  79|0x0000000084f00000, 0x0000000085000000, 0x0000000085000000|100%| O|  |TAMS 0x0000000085000000, 0x0000000085000000| Untracked 
|  80|0x0000000085000000, 0x0000000085100000, 0x0000000085100000|100%| O|  |TAMS 0x00000000850da400, 0x0000000085100000| Untracked 
|  81|0x0000000085100000, 0x0000000085200000, 0x0000000085200000|100%| O|  |TAMS 0x0000000085100000, 0x0000000085200000| Untracked 
|  82|0x0000000085200000, 0x0000000085300000, 0x0000000085300000|100%| O|  |TAMS 0x0000000085200000, 0x0000000085300000| Untracked 
|  83|0x0000000085300000, 0x0000000085400000, 0x0000000085400000|100%| O|  |TAMS 0x0000000085300000, 0x0000000085400000| Untracked 
|  84|0x0000000085400000, 0x00000000854b1a00, 0x0000000085500000| 69%| O|  |TAMS 0x0000000085400000, 0x00000000854b1a00| Untracked 
|  85|0x0000000085500000, 0x0000000085500000, 0x0000000085600000|  0%| F|  |TAMS 0x0000000085500000, 0x0000000085500000| Untracked 
|  86|0x0000000085600000, 0x0000000085600000, 0x0000000085700000|  0%| F|  |TAMS 0x0000000085600000, 0x0000000085600000| Untracked 
|  87|0x0000000085700000, 0x0000000085700000, 0x0000000085800000|  0%| F|  |TAMS 0x0000000085700000, 0x0000000085700000| Untracked 
|  88|0x0000000085800000, 0x0000000085800000, 0x0000000085900000|  0%| F|  |TAMS 0x0000000085800000, 0x0000000085800000| Untracked 
|  89|0x0000000085900000, 0x0000000085900000, 0x0000000085a00000|  0%| F|  |TAMS 0x0000000085900000, 0x0000000085900000| Untracked 
|  90|0x0000000085a00000, 0x0000000085a00000, 0x0000000085b00000|  0%| F|  |TAMS 0x0000000085a00000, 0x0000000085a00000| Untracked 
|  91|0x0000000085b00000, 0x0000000085b00000, 0x0000000085c00000|  0%| F|  |TAMS 0x0000000085b00000, 0x0000000085b00000| Untracked 
|  92|0x0000000085c00000, 0x0000000085c00000, 0x0000000085d00000|  0%| F|  |TAMS 0x0000000085c00000, 0x0000000085c00000| Untracked 
|  93|0x0000000085d00000, 0x0000000085d00000, 0x0000000085e00000|  0%| F|  |TAMS 0x0000000085d00000, 0x0000000085d00000| Untracked 
|  94|0x0000000085e00000, 0x0000000085e00000, 0x0000000085f00000|  0%| F|  |TAMS 0x0000000085e00000, 0x0000000085e00000| Untracked 
|  95|0x0000000085f00000, 0x0000000085f00000, 0x0000000086000000|  0%| F|  |TAMS 0x0000000085f00000, 0x0000000085f00000| Untracked 
|  96|0x0000000086000000, 0x0000000086000000, 0x0000000086100000|  0%| F|  |TAMS 0x0000000086000000, 0x0000000086000000| Untracked 
|  97|0x0000000086100000, 0x0000000086100000, 0x0000000086200000|  0%| F|  |TAMS 0x0000000086100000, 0x0000000086100000| Untracked 
|  98|0x0000000086200000, 0x0000000086200000, 0x0000000086300000|  0%| F|  |TAMS 0x0000000086200000, 0x0000000086200000| Untracked 
|  99|0x0000000086300000, 0x0000000086300000, 0x0000000086400000|  0%| F|  |TAMS 0x0000000086300000, 0x0000000086300000| Untracked 
| 100|0x0000000086400000, 0x0000000086400000, 0x0000000086500000|  0%| F|  |TAMS 0x0000000086400000, 0x0000000086400000| Untracked 
| 101|0x0000000086500000, 0x0000000086500000, 0x0000000086600000|  0%| F|  |TAMS 0x0000000086500000, 0x0000000086500000| Untracked 
| 102|0x0000000086600000, 0x0000000086662d40, 0x0000000086700000| 38%| S|CS|TAMS 0x0000000086600000, 0x0000000086600000| Complete 
| 103|0x0000000086700000, 0x0000000086800000, 0x0000000086800000|100%| S|CS|TAMS 0x0000000086700000, 0x0000000086700000| Complete 
| 104|0x0000000086800000, 0x0000000086800000, 0x0000000086900000|  0%| F|  |TAMS 0x0000000086800000, 0x0000000086800000| Untracked 
| 105|0x0000000086900000, 0x0000000086a00000, 0x0000000086a00000|100%| S|CS|TAMS 0x0000000086900000, 0x0000000086900000| Complete 
| 106|0x0000000086a00000, 0x0000000086a00000, 0x0000000086b00000|  0%| F|  |TAMS 0x0000000086a00000, 0x0000000086a00000| Untracked 
| 107|0x0000000086b00000, 0x0000000086b00000, 0x0000000086c00000|  0%| F|  |TAMS 0x0000000086b00000, 0x0000000086b00000| Untracked 
| 108|0x0000000086c00000, 0x0000000086c00000, 0x0000000086d00000|  0%| F|  |TAMS 0x0000000086c00000, 0x0000000086c00000| Untracked 
| 109|0x0000000086d00000, 0x0000000086d00000, 0x0000000086e00000|  0%| F|  |TAMS 0x0000000086d00000, 0x0000000086d00000| Untracked 
| 110|0x0000000086e00000, 0x0000000086e00000, 0x0000000086f00000|  0%| F|  |TAMS 0x0000000086e00000, 0x0000000086e00000| Untracked 
| 111|0x0000000086f00000, 0x0000000086f00000, 0x0000000087000000|  0%| F|  |TAMS 0x0000000086f00000, 0x0000000086f00000| Untracked 
| 112|0x0000000087000000, 0x0000000087000000, 0x0000000087100000|  0%| F|  |TAMS 0x0000000087000000, 0x0000000087000000| Untracked 
| 113|0x0000000087100000, 0x0000000087100000, 0x0000000087200000|  0%| F|  |TAMS 0x0000000087100000, 0x0000000087100000| Untracked 
| 114|0x0000000087200000, 0x0000000087200000, 0x0000000087300000|  0%| F|  |TAMS 0x0000000087200000, 0x0000000087200000| Untracked 
| 115|0x0000000087300000, 0x0000000087300000, 0x0000000087400000|  0%| F|  |TAMS 0x0000000087300000, 0x0000000087300000| Untracked 
| 116|0x0000000087400000, 0x0000000087400000, 0x0000000087500000|  0%| F|  |TAMS 0x0000000087400000, 0x0000000087400000| Untracked 
| 117|0x0000000087500000, 0x0000000087500000, 0x0000000087600000|  0%| F|  |TAMS 0x0000000087500000, 0x0000000087500000| Untracked 
| 118|0x0000000087600000, 0x0000000087600000, 0x0000000087700000|  0%| F|  |TAMS 0x0000000087600000, 0x0000000087600000| Untracked 
| 119|0x0000000087700000, 0x0000000087700000, 0x0000000087800000|  0%| F|  |TAMS 0x0000000087700000, 0x0000000087700000| Untracked 
| 120|0x0000000087800000, 0x0000000087800000, 0x0000000087900000|  0%| F|  |TAMS 0x0000000087800000, 0x0000000087800000| Untracked 
| 121|0x0000000087900000, 0x0000000087900000, 0x0000000087a00000|  0%| F|  |TAMS 0x0000000087900000, 0x0000000087900000| Untracked 
| 122|0x0000000087a00000, 0x0000000087a00000, 0x0000000087b00000|  0%| F|  |TAMS 0x0000000087a00000, 0x0000000087a00000| Untracked 
| 123|0x0000000087b00000, 0x0000000087b00000, 0x0000000087c00000|  0%| F|  |TAMS 0x0000000087b00000, 0x0000000087b00000| Untracked 
| 124|0x0000000087c00000, 0x0000000087c00000, 0x0000000087d00000|  0%| F|  |TAMS 0x0000000087c00000, 0x0000000087c00000| Untracked 
| 125|0x0000000087d00000, 0x0000000087d00000, 0x0000000087e00000|  0%| F|  |TAMS 0x0000000087d00000, 0x0000000087d00000| Untracked 

Card table byte_map: [0x0000022c294d0000,0x0000022c298d0000] _byte_map_base: 0x0000022c290d0000

Marking Bits (Prev, Next): (CMBitMap*) 0x0000022c163071b8, (CMBitMap*) 0x0000022c163071f0
 Prev Bits: [0x0000022c29cd0000, 0x0000022c2bcd0000)
 Next Bits: [0x0000022c2bcd0000, 0x0000022c2dcd0000)

Polling page: 0x0000022c142b0000

Metaspace:

Usage:
  Non-class:     62.97 MB capacity,    61.46 MB ( 98%) used,     1.32 MB (  2%) free+waste,   189.88 KB ( <1%) overhead. 
      Class:      9.88 MB capacity,     9.11 MB ( 92%) used,   702.88 KB (  7%) free+waste,    89.81 KB ( <1%) overhead. 
       Both:     72.85 MB capacity,    70.57 MB ( 97%) used,     2.01 MB (  3%) free+waste,   279.69 KB ( <1%) overhead. 

Virtual space:
  Non-class space:       64.00 MB reserved,      63.00 MB ( 98%) committed 
      Class space:        1.00 GB reserved,      10.00 MB ( <1%) committed 
             Both:        1.06 GB reserved,      73.00 MB (  7%) committed 

Chunk freelists:
   Non-Class:  31.00 KB
       Class:  0 bytes
        Both:  31.00 KB

MaxMetaspaceSize: 17179869184.00 GB
CompressedClassSpaceSize: 1.00 GB

CodeHeap 'non-profiled nmethods': size=120000Kb used=4121Kb max_used=4121Kb free=115879Kb
 bounds [0x0000022c21870000, 0x0000022c21c80000, 0x0000022c28da0000]
CodeHeap 'profiled nmethods': size=120000Kb used=17586Kb max_used=17586Kb free=102414Kb
 bounds [0x0000022c1a340000, 0x0000022c1b470000, 0x0000022c21870000]
CodeHeap 'non-nmethods': size=5760Kb used=2269Kb max_used=2310Kb free=3490Kb
 bounds [0x0000022c19da0000, 0x0000022c1a010000, 0x0000022c1a340000]
 total_blobs=8923 nmethods=8061 adapters=771
 compilation: enabled
              stopped_count=0, restarted_count=0
 full_count=0

Compilation events (20 events):
Event: 17.572 Thread 0x0000022c30f9e800 8138       1       groovy.lang.Reference::get (5 bytes)
Event: 17.572 Thread 0x0000022c30f9e800 nmethod 8138 0x0000022c21c71690 code [0x0000022c21c71840, 0x0000022c21c718f8]
Event: 17.573 Thread 0x0000022c30f9e800 8140       3       com.onesignal.androidsdk.GradleProjectPlugin$_updateVersionModuleAligns_closure20::$getCallSiteArray (40 bytes)
Event: 17.574 Thread 0x0000022c30f9e800 nmethod 8140 0x0000022c1b465410 code [0x0000022c1b4656a0, 0x0000022c1b466548]
Event: 17.574 Thread 0x0000022c30f9e800 8141       3       org.codehaus.groovy.runtime.typehandling.DefaultTypeTransformation::castToNumber (121 bytes)
Event: 17.576 Thread 0x0000022c30f9e800 nmethod 8141 0x0000022c1b466890 code [0x0000022c1b466c80, 0x0000022c1b468c78]
Event: 17.576 Thread 0x0000022c30f9e800 8142       3       groovy.lang.Reference::<init> (10 bytes)
Event: 17.577 Thread 0x0000022c30f9e800 nmethod 8142 0x0000022c1b469590 code [0x0000022c1b4697a0, 0x0000022c1b469db8]
Event: 17.577 Thread 0x0000022c30f9e800 8143   !   3       groovy.lang.GString::toString (36 bytes)
Event: 17.577 Thread 0x0000022c30f9e800 nmethod 8143 0x0000022c1b46a010 code [0x0000022c1b46a240, 0x0000022c1b46a908]
Event: 17.577 Thread 0x0000022c30f9e800 8144       3       org.apache.groovy.io.StringBuilderWriter::<init> (17 bytes)
Event: 17.578 Thread 0x0000022c30f9e800 nmethod 8144 0x0000022c1b46ac10 code [0x0000022c1b46ade0, 0x0000022c1b46b148]
Event: 17.578 Thread 0x0000022c30f9e800 8145       3       org.apache.groovy.io.StringBuilderWriter::toString (8 bytes)
Event: 17.578 Thread 0x0000022c30f9e800 nmethod 8145 0x0000022c1b46b290 code [0x0000022c1b46b4a0, 0x0000022c1b46b998]
Event: 17.578 Thread 0x0000022c30f9e800 8146       3       org.codehaus.groovy.runtime.callsite.PogoMetaMethodSite::createNonAwareCallSite (64 bytes)
Event: 17.579 Thread 0x0000022c30f9e800 nmethod 8146 0x0000022c1b46bb90 code [0x0000022c1b46bdc0, 0x0000022c1b46c568]
Event: 17.580 Thread 0x0000022c30f98000 nmethod 7974 0x0000022c21c71990 code [0x0000022c21c71cc0, 0x0000022c21c74ae8]
Event: 17.580 Thread 0x0000022c30f98000 7981       4       java.util.Arrays$ArrayItr::hasNext (18 bytes)
Event: 17.581 Thread 0x0000022c30f98000 nmethod 7981 0x0000022c21c76110 code [0x0000022c21c762a0, 0x0000022c21c76338]
Event: 17.581 Thread 0x0000022c30f98000 8055       4       java.util.Arrays$ArrayItr::next (36 bytes)

GC Heap History (20 events):
Event: 12.854 GC heap after
{Heap after GC invocations=17 (full 0):
 garbage-first heap   total 129024K, used 71643K [0x0000000080000000, 0x0000000100000000)
  region size 1024K, 3 young (3072K), 3 survivors (3072K)
 Metaspace       used 59089K, capacity 60919K, committed 61184K, reserved 1101824K
  class space    used 7553K, capacity 8177K, committed 8192K, reserved 1048576K
}
Event: 13.498 GC heap before
{Heap before GC invocations=17 (full 0):
 garbage-first heap   total 129024K, used 101339K [0x0000000080000000, 0x0000000100000000)
  region size 1024K, 33 young (33792K), 3 survivors (3072K)
 Metaspace       used 62300K, capacity 64159K, committed 64384K, reserved 1105920K
  class space    used 7928K, capacity 8549K, committed 8576K, reserved 1048576K
}
Event: 13.505 GC heap after
{Heap after GC invocations=18 (full 0):
 garbage-first heap   total 129024K, used 74588K [0x0000000080000000, 0x0000000100000000)
  region size 1024K, 5 young (5120K), 5 survivors (5120K)
 Metaspace       used 62300K, capacity 64159K, committed 64384K, reserved 1105920K
  class space    used 7928K, capacity 8549K, committed 8576K, reserved 1048576K
}
Event: 13.814 GC heap before
{Heap before GC invocations=19 (full 0):
 garbage-first heap   total 129024K, used 90972K [0x0000000080000000, 0x0000000100000000)
  region size 1024K, 22 young (22528K), 5 survivors (5120K)
 Metaspace       used 63763K, capacity 65609K, committed 65920K, reserved 1105920K
  class space    used 8114K, capacity 8731K, committed 8832K, reserved 1048576K
}
Event: 13.820 GC heap after
{Heap after GC invocations=20 (full 0):
 garbage-first heap   total 129024K, used 76286K [0x0000000080000000, 0x0000000100000000)
  region size 1024K, 2 young (2048K), 2 survivors (2048K)
 Metaspace       used 63763K, capacity 65609K, committed 65920K, reserved 1105920K
  class space    used 8114K, capacity 8731K, committed 8832K, reserved 1048576K
}
Event: 14.196 GC heap before
{Heap before GC invocations=21 (full 0):
 garbage-first heap   total 129024K, used 101886K [0x0000000080000000, 0x0000000100000000)
  region size 1024K, 26 young (26624K), 2 survivors (2048K)
 Metaspace       used 64677K, capacity 66622K, committed 66816K, reserved 1107968K
  class space    used 8240K, capacity 8892K, committed 8960K, reserved 1048576K
}
Event: 14.200 GC heap after
{Heap after GC invocations=22 (full 0):
 garbage-first heap   total 129024K, used 77359K [0x0000000080000000, 0x0000000100000000)
  region size 1024K, 3 young (3072K), 3 survivors (3072K)
 Metaspace       used 64677K, capacity 66622K, committed 66816K, reserved 1107968K
  class space    used 8240K, capacity 8892K, committed 8960K, reserved 1048576K
}
Event: 14.423 GC heap before
{Heap before GC invocations=22 (full 0):
 garbage-first heap   total 129024K, used 101935K [0x0000000080000000, 0x0000000100000000)
  region size 1024K, 27 young (27648K), 3 survivors (3072K)
 Metaspace       used 64911K, capacity 66959K, committed 67072K, reserved 1107968K
  class space    used 8289K, capacity 8944K, committed 8960K, reserved 1048576K
}
Event: 14.433 GC heap after
{Heap after GC invocations=23 (full 0):
 garbage-first heap   total 129024K, used 79804K [0x0000000080000000, 0x0000000100000000)
  region size 1024K, 4 young (4096K), 4 survivors (4096K)
 Metaspace       used 64911K, capacity 66959K, committed 67072K, reserved 1107968K
  class space    used 8289K, capacity 8944K, committed 8960K, reserved 1048576K
}
Event: 14.954 GC heap before
{Heap before GC invocations=24 (full 0):
 garbage-first heap   total 129024K, used 103356K [0x0000000080000000, 0x0000000100000000)
  region size 1024K, 28 young (28672K), 4 survivors (4096K)
 Metaspace       used 67174K, capacity 69191K, committed 69504K, reserved 1110016K
  class space    used 8628K, capacity 9281K, committed 9344K, reserved 1048576K
}
Event: 14.960 GC heap after
{Heap after GC invocations=25 (full 0):
 garbage-first heap   total 129024K, used 81623K [0x0000000080000000, 0x0000000100000000)
  region size 1024K, 2 young (2048K), 2 survivors (2048K)
 Metaspace       used 67174K, capacity 69191K, committed 69504K, reserved 1110016K
  class space    used 8628K, capacity 9281K, committed 9344K, reserved 1048576K
}
Event: 15.585 GC heap before
{Heap before GC invocations=25 (full 0):
 garbage-first heap   total 129024K, used 105175K [0x0000000080000000, 0x0000000100000000)
  region size 1024K, 25 young (25600K), 2 survivors (2048K)
 Metaspace       used 70178K, capacity 72308K, committed 72576K, reserved 1112064K
  class space    used 9107K, capacity 9782K, committed 9856K, reserved 1048576K
}
Event: 15.591 GC heap after
{Heap after GC invocations=26 (full 0):
 garbage-first heap   total 129024K, used 82894K [0x0000000080000000, 0x0000000100000000)
  region size 1024K, 4 young (4096K), 4 survivors (4096K)
 Metaspace       used 70178K, capacity 72308K, committed 72576K, reserved 1112064K
  class space    used 9107K, capacity 9782K, committed 9856K, reserved 1048576K
}
Event: 15.762 GC heap before
{Heap before GC invocations=27 (full 0):
 garbage-first heap   total 129024K, used 106446K [0x0000000080000000, 0x0000000100000000)
  region size 1024K, 27 young (27648K), 4 survivors (4096K)
 Metaspace       used 70402K, capacity 72509K, committed 72576K, reserved 1112064K
  class space    used 9146K, capacity 9826K, committed 9856K, reserved 1048576K
}
Event: 15.766 GC heap after
{Heap after GC invocations=28 (full 0):
 garbage-first heap   total 129024K, used 84692K [0x0000000080000000, 0x0000000100000000)
  region size 1024K, 4 young (4096K), 4 survivors (4096K)
 Metaspace       used 70402K, capacity 72509K, committed 72576K, reserved 1112064K
  class space    used 9146K, capacity 9826K, committed 9856K, reserved 1048576K
}
Event: 15.991 GC heap before
{Heap before GC invocations=28 (full 0):
 garbage-first heap   total 129024K, used 107220K [0x0000000080000000, 0x0000000100000000)
  region size 1024K, 26 young (26624K), 4 survivors (4096K)
 Metaspace       used 70959K, capacity 73238K, committed 73344K, reserved 1112064K
  class space    used 9236K, capacity 10020K, committed 10112K, reserved 1048576K
}
Event: 16.001 GC heap after
{Heap after GC invocations=29 (full 0):
 garbage-first heap   total 129024K, used 86757K [0x0000000080000000, 0x0000000100000000)
  region size 1024K, 4 young (4096K), 4 survivors (4096K)
 Metaspace       used 70959K, capacity 73238K, committed 73344K, reserved 1112064K
  class space    used 9236K, capacity 10020K, committed 10112K, reserved 1048576K
}
Event: 16.641 GC heap before
{Heap before GC invocations=30 (full 0):
 garbage-first heap   total 129024K, used 108261K [0x0000000080000000, 0x0000000100000000)
  region size 1024K, 25 young (25600K), 4 survivors (4096K)
 Metaspace       used 71677K, capacity 73976K, committed 74112K, reserved 1114112K
  class space    used 9311K, capacity 10103K, committed 10112K, reserved 1048576K
}
Event: 16.647 GC heap after
{Heap after GC invocations=31 (full 0):
 garbage-first heap   total 129024K, used 88104K [0x0000000080000000, 0x0000000100000000)
  region size 1024K, 4 young (4096K), 4 survivors (4096K)
 Metaspace       used 71677K, capacity 73976K, committed 74112K, reserved 1114112K
  class space    used 9311K, capacity 10103K, committed 10112K, reserved 1048576K
}
Event: 17.582 GC heap before
{Heap before GC invocations=31 (full 0):
 garbage-first heap   total 129024K, used 108584K [0x0000000080000000, 0x0000000100000000)
  region size 1024K, 24 young (24576K), 4 survivors (4096K)
 Metaspace       used 72266K, capacity 74603K, committed 74752K, reserved 1114112K
  class space    used 9329K, capacity 10122K, committed 10240K, reserved 1048576K
}

Deoptimization events (20 events):
Event: 15.395 Thread 0x0000022c31c5c800 DEOPT PACKING pc=0x0000022c219d96d4 sp=0x000000b2d82f8e50
Event: 15.395 Thread 0x0000022c31c5c800 DEOPT UNPACKING pc=0x0000022c19dc78af sp=0x000000b2d82f8e00 mode 2
Event: 15.923 Thread 0x0000022c31c5c800 Uncommon trap: trap_request=0xffffff4d fr.pc=0x0000022c21ae82a0 relative=0x0000000000000c20
Event: 15.923 Thread 0x0000022c31c5c800 Uncommon trap: reason=unstable_if action=reinterpret pc=0x0000022c21ae82a0 method=com.esotericsoftware.kryo.io.Input.readString()Ljava/lang/String; @ 28 c2
Event: 15.923 Thread 0x0000022c31c5c800 DEOPT PACKING pc=0x0000022c21ae82a0 sp=0x000000b2d82f1bb0
Event: 15.923 Thread 0x0000022c31c5c800 DEOPT UNPACKING pc=0x0000022c19dc78af sp=0x000000b2d82f1b88 mode 2
Event: 16.155 Thread 0x0000022c31c5c800 Uncommon trap: trap_request=0xfffffff4 fr.pc=0x0000022c21c14c00 relative=0x0000000000000960
Event: 16.155 Thread 0x0000022c31c5c800 Uncommon trap: reason=null_check action=make_not_entrant pc=0x0000022c21c14c00 method=com.sun.beans.introspect.MethodInfo$MethodOrder.compare(Ljava/lang/reflect/Method;Ljava/lang/reflect/Method;)I @ 133 c2
Event: 16.155 Thread 0x0000022c31c5c800 DEOPT PACKING pc=0x0000022c21c14c00 sp=0x000000b2d82ed5e0
Event: 16.155 Thread 0x0000022c31c5c800 DEOPT UNPACKING pc=0x0000022c19dc78af sp=0x000000b2d82ed580 mode 2
Event: 16.305 Thread 0x0000022c31c5c800 DEOPT PACKING pc=0x0000022c1ae0c2f1 sp=0x000000b2d82f2340
Event: 16.305 Thread 0x0000022c31c5c800 DEOPT UNPACKING pc=0x0000022c19dc76ce sp=0x000000b2d82f1858 mode 0
Event: 16.890 Thread 0x0000022c31c5c800 Uncommon trap: trap_request=0xffffff4d fr.pc=0x0000022c21aca3b8 relative=0x00000000000004f8
Event: 16.890 Thread 0x0000022c31c5c800 Uncommon trap: reason=unstable_if action=reinterpret pc=0x0000022c21aca3b8 method=com.esotericsoftware.kryo.io.Input.readUtf8(I)V @ 79 c2
Event: 16.890 Thread 0x0000022c31c5c800 DEOPT PACKING pc=0x0000022c21aca3b8 sp=0x000000b2d82f2120
Event: 16.890 Thread 0x0000022c31c5c800 DEOPT UNPACKING pc=0x0000022c19dc78af sp=0x000000b2d82f20b8 mode 2
Event: 17.455 Thread 0x0000022c31c5c800 Uncommon trap: trap_request=0xffffff4d fr.pc=0x0000022c21acabf4 relative=0x00000000000001b4
Event: 17.455 Thread 0x0000022c31c5c800 Uncommon trap: reason=unstable_if action=reinterpret pc=0x0000022c21acabf4 method=com.esotericsoftware.kryo.io.Input.require(I)I @ 65 c2
Event: 17.455 Thread 0x0000022c31c5c800 DEOPT PACKING pc=0x0000022c21acabf4 sp=0x000000b2d82f3500
Event: 17.455 Thread 0x0000022c31c5c800 DEOPT UNPACKING pc=0x0000022c19dc78af sp=0x000000b2d82f34b0 mode 2

Classes redefined (0 events):
No events

Internal exceptions (20 events):
Event: 17.577 Thread 0x0000022c31c5c800 Exception <a 'java/lang/NullPointerException'{0x0000000086aea150}> (0x0000000086aea150) thrown at [./src/hotspot/share/runtime/sharedRuntime.cpp, line 585]
Event: 17.577 Thread 0x0000022c31c5c800 Implicit null exception at 0x0000022c1b42aaaf to 0x0000022c1b42b0fb
Event: 17.577 Thread 0x0000022c31c5c800 Exception <a 'java/lang/NullPointerException'{0x0000000086aec3e0}> (0x0000000086aec3e0) thrown at [./src/hotspot/share/runtime/sharedRuntime.cpp, line 585]
Event: 17.577 Thread 0x0000022c31c5c800 Implicit null exception at 0x0000022c1b42aaaf to 0x0000022c1b42b0fb
Event: 17.578 Thread 0x0000022c31c5c800 Exception <a 'java/lang/NullPointerException'{0x0000000086aee5c8}> (0x0000000086aee5c8) thrown at [./src/hotspot/share/runtime/sharedRuntime.cpp, line 585]
Event: 17.578 Thread 0x0000022c31c5c800 Implicit null exception at 0x0000022c1b42aaaf to 0x0000022c1b42b0fb
Event: 17.579 Thread 0x0000022c31c5c800 Exception <a 'java/lang/NullPointerException'{0x0000000086af0790}> (0x0000000086af0790) thrown at [./src/hotspot/share/runtime/sharedRuntime.cpp, line 585]
Event: 17.579 Thread 0x0000022c31c5c800 Implicit null exception at 0x0000022c1b42aaaf to 0x0000022c1b42b0fb
Event: 17.579 Thread 0x0000022c31c5c800 Exception <a 'java/lang/NullPointerException'{0x0000000086af2970}> (0x0000000086af2970) thrown at [./src/hotspot/share/runtime/sharedRuntime.cpp, line 585]
Event: 17.579 Thread 0x0000022c31c5c800 Implicit null exception at 0x0000022c1b42aaaf to 0x0000022c1b42b0fb
Event: 17.579 Thread 0x0000022c31c5c800 Exception <a 'java/lang/NullPointerException'{0x0000000086af4bf8}> (0x0000000086af4bf8) thrown at [./src/hotspot/share/runtime/sharedRuntime.cpp, line 585]
Event: 17.579 Thread 0x0000022c31c5c800 Implicit null exception at 0x0000022c1b42aaaf to 0x0000022c1b42b0fb
Event: 17.580 Thread 0x0000022c31c5c800 Exception <a 'java/lang/NullPointerException'{0x0000000086af6e60}> (0x0000000086af6e60) thrown at [./src/hotspot/share/runtime/sharedRuntime.cpp, line 585]
Event: 17.580 Thread 0x0000022c31c5c800 Implicit null exception at 0x0000022c1b42aaaf to 0x0000022c1b42b0fb
Event: 17.580 Thread 0x0000022c31c5c800 Exception <a 'java/lang/NullPointerException'{0x0000000086af90d0}> (0x0000000086af90d0) thrown at [./src/hotspot/share/runtime/sharedRuntime.cpp, line 585]
Event: 17.581 Thread 0x0000022c31c5c800 Implicit null exception at 0x0000022c1b42aaaf to 0x0000022c1b42b0fb
Event: 17.581 Thread 0x0000022c31c5c800 Exception <a 'java/lang/NullPointerException'{0x0000000086afb290}> (0x0000000086afb290) thrown at [./src/hotspot/share/runtime/sharedRuntime.cpp, line 585]
Event: 17.581 Thread 0x0000022c31c5c800 Implicit null exception at 0x0000022c1b42aaaf to 0x0000022c1b42b0fb
Event: 17.581 Thread 0x0000022c31c5c800 Exception <a 'java/lang/NullPointerException'{0x0000000086afd450}> (0x0000000086afd450) thrown at [./src/hotspot/share/runtime/sharedRuntime.cpp, line 585]
Event: 17.582 Thread 0x0000022c31c5c800 Implicit null exception at 0x0000022c1b42aaaf to 0x0000022c1b42b0fb

Events (20 events):
Event: 17.529 loading class java/util/LinkedHashMap$EntryBeanInfo done
Event: 17.529 loading class java/util/LinkedHashMap$EntryBeanInfo
Event: 17.529 loading class java/util/LinkedHashMap$EntryBeanInfo done
Event: 17.529 loading class java/util/HashMap$NodeBeanInfo
Event: 17.529 loading class java/util/HashMap$NodeBeanInfo done
Event: 17.530 loading class java/util/HashMap$NodeBeanInfo
Event: 17.530 loading class java/util/HashMap$NodeBeanInfo done
Event: 17.530 loading class java/util/HashMap$NodeCustomizer
Event: 17.530 loading class java/util/HashMap$NodeCustomizer done
Event: 17.530 loading class java/util/HashMap$NodeCustomizer
Event: 17.530 loading class java/util/HashMap$NodeCustomizer done
Event: 17.532 loading class java/util/LinkedHashMap$EntryCustomizer
Event: 17.532 loading class java/util/LinkedHashMap$EntryCustomizer done
Event: 17.533 loading class java/util/LinkedHashMap$EntryCustomizer
Event: 17.533 loading class java/util/LinkedHashMap$EntryCustomizer done
Event: 17.540 loading class com/onesignal/androidsdk/GradleProjectPlugin$_updateVersionModuleAligns_closure20$_closure28
Event: 17.540 loading class com/onesignal/androidsdk/GradleProjectPlugin$_updateVersionModuleAligns_closure20$_closure28 done
Event: 17.541 loading class groovy/runtime/metaclass/com/onesignal/androidsdk/GradleProjectPlugin$_updateVersionModuleAligns_closure20$_closure28MetaClass
Event: 17.541 loading class groovy/runtime/metaclass/com/onesignal/androidsdk/GradleProjectPlugin$_updateVersionModuleAligns_closure20$_closure28MetaClass done
Event: 17.582 Executing VM operation: G1CollectForAllocation


Dynamic libraries:
0x00007ff6b1920000 - 0x00007ff6b192a000 	C:\Program Files\Android\Android Studio3\jre\bin\java.exe
0x00007ffae8900000 - 0x00007ffae8b0f000 	C:\WINDOWS\SYSTEM32\ntdll.dll
0x00007ffae7cf0000 - 0x00007ffae7dad000 	C:\WINDOWS\System32\KERNEL32.DLL
0x00007ffae62a0000 - 0x00007ffae6626000 	C:\WINDOWS\System32\KERNELBASE.dll
0x00007ffae2ec0000 - 0x00007ffae2f52000 	C:\WINDOWS\SYSTEM32\apphelp.dll
0x00007ffae6030000 - 0x00007ffae6141000 	C:\WINDOWS\System32\ucrtbase.dll
0x00007ffad45b0000 - 0x00007ffad45c9000 	C:\Program Files\Android\Android Studio3\jre\bin\jli.dll
0x00007ffada440000 - 0x00007ffada457000 	C:\Program Files\Android\Android Studio3\jre\bin\VCRUNTIME140.dll
0x00007ffae72d0000 - 0x00007ffae747b000 	C:\WINDOWS\System32\USER32.dll
0x00007ffae6000000 - 0x00007ffae6026000 	C:\WINDOWS\System32\win32u.dll
0x00007ffad3740000 - 0x00007ffad39e1000 	C:\WINDOWS\WinSxS\amd64_microsoft.windows.common-controls_6595b64144ccf1df_6.0.22468.1000_none_266f4f372a53a5e7\COMCTL32.dll
0x00007ffae7580000 - 0x00007ffae7624000 	C:\WINDOWS\System32\msvcrt.dll
0x00007ffae7bb0000 - 0x00007ffae7bd9000 	C:\WINDOWS\System32\GDI32.dll
0x00007ffae5dd0000 - 0x00007ffae5ee7000 	C:\WINDOWS\System32\gdi32full.dll
0x00007ffae5f60000 - 0x00007ffae5ffb000 	C:\WINDOWS\System32\msvcp_win.dll
0x00007ffae7540000 - 0x00007ffae7571000 	C:\WINDOWS\System32\IMM32.DLL
0x00007ffad40a0000 - 0x00007ffad413d000 	C:\Program Files\Android\Android Studio3\jre\bin\msvcp140.dll
0x00007ffaa8630000 - 0x00007ffaa90ff000 	C:\Program Files\Android\Android Studio3\jre\bin\server\jvm.dll
0x00007ffae7810000 - 0x00007ffae78be000 	C:\WINDOWS\System32\ADVAPI32.dll
0x00007ffae7770000 - 0x00007ffae780f000 	C:\WINDOWS\System32\sechost.dll
0x00007ffae7a90000 - 0x00007ffae7bb0000 	C:\WINDOWS\System32\RPCRT4.dll
0x00007ffae7a50000 - 0x00007ffae7a58000 	C:\WINDOWS\System32\PSAPI.DLL
0x00007ffadaa40000 - 0x00007ffadaa73000 	C:\WINDOWS\SYSTEM32\WINMM.dll
0x00007ffae3810000 - 0x00007ffae3819000 	C:\WINDOWS\SYSTEM32\WSOCK32.dll
0x00007ffae20c0000 - 0x00007ffae20ca000 	C:\WINDOWS\SYSTEM32\VERSION.dll
0x00007ffae7be0000 - 0x00007ffae7c51000 	C:\WINDOWS\System32\WS2_32.dll
0x00007ffae4f90000 - 0x00007ffae4fa8000 	C:\WINDOWS\SYSTEM32\kernel.appcore.dll
0x00007ffae2ab0000 - 0x00007ffae2ac1000 	C:\Program Files\Android\Android Studio3\jre\bin\verify.dll
0x00007ffade2c0000 - 0x00007ffade4e7000 	C:\WINDOWS\SYSTEM32\DBGHELP.DLL
0x00007ffae6f50000 - 0x00007ffae72cc000 	C:\WINDOWS\System32\combase.dll
0x00007ffade280000 - 0x00007ffade2b1000 	C:\WINDOWS\SYSTEM32\dbgcore.DLL
0x00007ffae6150000 - 0x00007ffae61d1000 	C:\WINDOWS\System32\bcryptPrimitives.dll
0x00007ffae2960000 - 0x00007ffae2989000 	C:\Program Files\Android\Android Studio3\jre\bin\java.dll
0x00007ffae3800000 - 0x00007ffae380b000 	C:\Program Files\Android\Android Studio3\jre\bin\jimage.dll
0x00007ffae2940000 - 0x00007ffae2958000 	C:\Program Files\Android\Android Studio3\jre\bin\zip.dll
0x00007ffae67a0000 - 0x00007ffae6f4b000 	C:\WINDOWS\System32\SHELL32.dll
0x00007ffae3e30000 - 0x00007ffae468c000 	C:\WINDOWS\SYSTEM32\windows.storage.dll
0x00007ffae3cc0000 - 0x00007ffae3e28000 	C:\WINDOWS\SYSTEM32\wintypes.dll
0x00007ffae86e0000 - 0x00007ffae87d0000 	C:\WINDOWS\System32\SHCORE.dll
0x00007ffae7c90000 - 0x00007ffae7ceb000 	C:\WINDOWS\System32\shlwapi.dll
0x00007ffae5d00000 - 0x00007ffae5d21000 	C:\WINDOWS\SYSTEM32\profapi.dll
0x00007ffae2920000 - 0x00007ffae293a000 	C:\Program Files\Android\Android Studio3\jre\bin\net.dll
0x00007ffadf020000 - 0x00007ffadf130000 	C:\WINDOWS\SYSTEM32\WINHTTP.dll
0x00007ffae53e0000 - 0x00007ffae5449000 	C:\WINDOWS\system32\mswsock.dll
0x00007ffae2900000 - 0x00007ffae2914000 	C:\Program Files\Android\Android Studio3\jre\bin\nio.dll
0x00007ffadb580000 - 0x00007ffadb5a7000 	C:\Users\xpmkm\.gradle\native\8bec1ad78214c89d9ad589b4d07fe93259594b29d510b10fafb7a158f7737e5d\windows-amd64\native-platform.dll
0x00007ffac1cd0000 - 0x00007ffac1e0d000 	C:\Users\xpmkm\.gradle\native\53dbd7edfb1c66fb8903c78663c9afc45aea4f116125fa6feffd364cf09443e8\windows-amd64\native-platform-file-events.dll
0x00007ffae37e0000 - 0x00007ffae37ea000 	C:\Program Files\Android\Android Studio3\jre\bin\management.dll
0x00007ffae28b0000 - 0x00007ffae28bc000 	C:\Program Files\Android\Android Studio3\jre\bin\management_ext.dll
0x00007ffae5630000 - 0x00007ffae5648000 	C:\WINDOWS\SYSTEM32\CRYPTSP.dll
0x00007ffae4ef0000 - 0x00007ffae4f25000 	C:\WINDOWS\system32\rsaenh.dll
0x00007ffae54e0000 - 0x00007ffae5509000 	C:\WINDOWS\SYSTEM32\USERENV.dll
0x00007ffae57b0000 - 0x00007ffae57d8000 	C:\WINDOWS\SYSTEM32\bcrypt.dll
0x00007ffae5650000 - 0x00007ffae565c000 	C:\WINDOWS\SYSTEM32\CRYPTBASE.dll
0x00007ffae4970000 - 0x00007ffae499d000 	C:\WINDOWS\SYSTEM32\IPHLPAPI.DLL
0x00007ffae7a60000 - 0x00007ffae7a69000 	C:\WINDOWS\System32\NSI.dll
0x00007ffae3130000 - 0x00007ffae3149000 	C:\WINDOWS\SYSTEM32\dhcpcsvc6.DLL
0x00007ffae3110000 - 0x00007ffae312e000 	C:\WINDOWS\SYSTEM32\dhcpcsvc.DLL
0x00007ffae49a0000 - 0x00007ffae4a91000 	C:\WINDOWS\SYSTEM32\DNSAPI.dll

dbghelp: loaded successfully - version: 4.0.5 - missing functions: none
symbol engine: initialized successfully - sym options: 0x614 - pdb path: .;C:\Program Files\Android\Android Studio3\jre\bin;C:\WINDOWS\SYSTEM32;C:\WINDOWS\WinSxS\amd64_microsoft.windows.common-controls_6595b64144ccf1df_6.0.22468.1000_none_266f4f372a53a5e7;C:\Program Files\Android\Android Studio3\jre\bin\server;C:\Users\xpmkm\.gradle\native\8bec1ad78214c89d9ad589b4d07fe93259594b29d510b10fafb7a158f7737e5d\windows-amd64;C:\Users\xpmkm\.gradle\native\53dbd7edfb1c66fb8903c78663c9afc45aea4f116125fa6feffd364cf09443e8\windows-amd64

VM Arguments:
jvm_args: --add-opens=java.base/java.util=ALL-UNNAMED --add-opens=java.base/java.lang=ALL-UNNAMED --add-opens=java.base/java.lang.invoke=ALL-UNNAMED --add-opens=java.base/java.util=ALL-UNNAMED --add-opens=java.prefs/java.util.prefs=ALL-UNNAMED --add-opens=java.prefs/java.util.prefs=ALL-UNNAMED --add-opens=java.base/java.nio.charset=ALL-UNNAMED --add-opens=java.base/java.net=ALL-UNNAMED --add-opens=java.base/java.util.concurrent.atomic=ALL-UNNAMED -Xmx2048m -Dfile.encoding=UTF-8 -Duser.country=IN -Duser.language=en -Duser.variant 
java_command: org.gradle.launcher.daemon.bootstrap.GradleDaemon 7.0.2
java_class_path (initial): C:\Users\xpmkm\.gradle\wrapper\dists\gradle-7.0.2-bin\857tjihv64xamwrf0h14cai3r\gradle-7.0.2\lib\gradle-launcher-7.0.2.jar
Launcher Type: SUN_STANDARD

[Global flags]
     intx CICompilerCount                          = 4                                         {product} {ergonomic}
     uint ConcGCThreads                            = 2                                         {product} {ergonomic}
     uint G1ConcRefinementThreads                  = 8                                         {product} {ergonomic}
   size_t G1HeapRegionSize                         = 1048576                                   {product} {ergonomic}
    uintx GCDrainStackTargetSize                   = 64                                        {product} {ergonomic}
   size_t InitialHeapSize                          = 132120576                                 {product} {ergonomic}
   size_t MarkStackSize                            = 4194304                                   {product} {ergonomic}
   size_t MaxHeapSize                              = 2147483648                                {product} {command line}
   size_t MaxNewSize                               = 1287651328                                {product} {ergonomic}
   size_t MinHeapDeltaBytes                        = 1048576                                   {product} {ergonomic}
    uintx NonNMethodCodeHeapSize                   = 5836300                                {pd product} {ergonomic}
    uintx NonProfiledCodeHeapSize                  = 122910970                              {pd product} {ergonomic}
    uintx ProfiledCodeHeapSize                     = 122910970                              {pd product} {ergonomic}
    uintx ReservedCodeCacheSize                    = 251658240                              {pd product} {ergonomic}
     bool SegmentedCodeCache                       = true                                      {product} {ergonomic}
     bool UseCompressedClassPointers               = true                                 {lp64_product} {ergonomic}
     bool UseCompressedOops                        = true                                 {lp64_product} {ergonomic}
     bool UseG1GC                                  = true                                      {product} {ergonomic}
     bool UseLargePagesIndividualAllocation        = false                                  {pd product} {ergonomic}

Logging:
Log output configuration:
 #0: stdout all=warning uptime,level,tags
 #1: stderr all=off uptime,level,tags

Environment Variables:
PATH=C:\Program Files (x86)\Common Files\Oracle\Java\javapath;C:\WINDOWS\system32;C:\WINDOWS;C:\WINDOWS\System32\Wbem;C:\WINDOWS\System32\WindowsPowerShell\v1.0\;C:\WINDOWS\System32\OpenSSH\;C:\Program Files\Git\cmd;C:\Program Files\nodejs\;C:\xampp\php;C:\ProgramData\ComposerSetup\bin;C:\Users\xpmkm\AppData\Local\Android\Sdk\platform-tools;C:\Program Files\Java\jdk1.8.0_231\bin;C:\Program Files\opnsl\bin;C:\Users\xpmkm\AppData\Roaming\npm;C:\Users\xpmkm\AppData\Local\Programs\Microsoft VS Code\bin;C:\Program Files\flutter\bin;C:\Users\xpmkm\AppData\Roaming\Composer\vendor\bin;C:\Users\xpmkm\AppData\Local\Microsoft\WindowsApps;
USERNAME=xpmkm
OS=Windows_NT
PROCESSOR_IDENTIFIER=AMD64 Family 23 Model 24 Stepping 1, AuthenticAMD



---------------  S Y S T E M  ---------------

OS: Windows 10 , 64 bit Build 22468 (10.0.22468.1000)
OS uptime: 5 days 17:24 hours

CPU:total 8 (initial active 8) (8 cores per cpu, 2 threads per core) family 23 model 24 stepping 1 microcode 0x0, cmov, cx8, fxsr, mmx, sse, sse2, sse3, ssse3, sse4.1, sse4.2, popcnt, avx, avx2, aes, clmul, mmxext, 3dnowpref, lzcnt, sse4a, ht, tsc, tscinvbit, tscinv, bmi1, bmi2, adx, s

Memory: 4k page, system-wide physical 8002M (294M free)
TotalPageFile size 12098M (AvailPageFile size 18M)
current process WorkingSet (physical memory assigned to process): 332M, peak: 334M
current process commit charge ("private bytes"): 368M, peak: 394M

vm_info: OpenJDK 64-Bit Server VM (11.0.10+0-b96-7249189) for windows-amd64 JRE (11.0.10+0-b96-7249189), built on Mar 31 2021 21:44:00 by "builder" with MS VC++ 14.0 (VS2015)

END.
