#
# There is insufficient memory for the Java Runtime Environment to continue.
# Native memory allocation (mmap) failed to map 32505856 bytes for Failed to commit area from 0x0000000089800000 to 0x000000008b700000 of length 32505856.
# Possible reasons:
#   The system is out of physical RAM or swap space
#   The process is running with CompressedOops enabled, and the Java Heap may be blocking the growth of the native heap
# Possible solutions:
#   Reduce memory load on the system
#   Increase physical memory or swap space
#   Check if swap backing store is full
#   Decrease Java heap size (-Xmx/-Xms)
#   Decrease number of Java threads
#   Decrease Java thread stack sizes (-Xss)
#   Set larger code cache with -XX:ReservedCodeCacheSize=
#   JVM is running with Unscaled Compressed Oops mode in which the Java heap is
#     placed in the first 4GB address space. The Java Heap base address is the
#     maximum limit for the native heap growth. Please use -XX:HeapBaseMinAddress
#     to set the Java Heap base and to place the Java Heap above 4GB virtual address.
# This output file may be truncated or incomplete.
#
#  Out of Memory Error (./src/hotspot/os/windows/os_windows.cpp:3301), pid=8912, tid=12600
#
# JRE version: OpenJDK Runtime Environment (11.0.10) (build 11.0.10+0-b96-7249189)
# Java VM: OpenJDK 64-Bit Server VM (11.0.10+0-b96-7249189, mixed mode, tiered, compressed oops, g1 gc, windows-amd64)
# No core dump will be written. Minidumps are not enabled by default on client versions of Windows
#

---------------  S U M M A R Y ------------

Command Line: --add-opens=java.base/java.util=ALL-UNNAMED --add-opens=java.base/java.lang=ALL-UNNAMED --add-opens=java.base/java.lang.invoke=ALL-UNNAMED --add-opens=java.base/java.util=ALL-UNNAMED --add-opens=java.prefs/java.util.prefs=ALL-UNNAMED --add-opens=java.prefs/java.util.prefs=ALL-UNNAMED --add-opens=java.base/java.nio.charset=ALL-UNNAMED --add-opens=java.base/java.net=ALL-UNNAMED --add-opens=java.base/java.util.concurrent.atomic=ALL-UNNAMED -Xmx2048m -Dfile.encoding=UTF-8 -Duser.country=IN -Duser.language=en -Duser.variant org.gradle.launcher.daemon.bootstrap.GradleDaemon 7.0.2

Host: AMD Ryzen 5 3550H with Radeon Vega Mobile Gfx  , 8 cores, 7G,  Windows 10 , 64 bit Build 22471 (10.0.22471.1000)
Time: Fri Oct  8 13:10:05 2021 India Standard Time elapsed time: 9.243850 seconds (0d 0h 0m 9s)

---------------  T H R E A D  ---------------

Current thread (0x000002a2a4f4c000):  VMThread "VM Thread" [stack: 0x000000ba13f00000,0x000000ba14000000] [id=12600]

Stack: [0x000000ba13f00000,0x000000ba14000000]
[error occurred during error reporting (printing stack bounds), id 0xc0000005, EXCEPTION_ACCESS_VIOLATION (0xc0000005) at pc=0x000002a28dde0f2d]

Native frames: (J=compiled Java code, j=interpreted, Vv=VM code, C=native code)
V  [jvm.dll+0x5ecfaa]
V  [jvm.dll+0x722bd5]
V  [jvm.dll+0x72412d]
V  [jvm.dll+0x724745]
V  [jvm.dll+0x7246fb]
V  [jvm.dll+0x5ec348]
V  [jvm.dll+0x5ecad8]
C  [ntdll.dll+0xa623f]
C  [ntdll.dll+0x65ea9]
C  [ntdll.dll+0xa522e]
C  0x000002a28dde0f2d

VM_Operation (0x000000ba152f8b10): G1CollectForAllocation, mode: safepoint, requested by thread 0x000002a2a77b5000


---------------  P R O C E S S  ---------------

Threads class SMR info:
_java_thread_list=0x000002a2ab7f9060, length=51, elements={
0x000002a288b23800, 0x000002a2a4f4e000, 0x000002a2a4f50000, 0x000002a2a4f6b800,
0x000002a2a4f6c800, 0x000002a2a4f6d800, 0x000002a2a4f71000, 0x000002a2a4f75000,
0x000002a2a5909800, 0x000002a2a5a50000, 0x000002a2a8254000, 0x000002a2a8047800,
0x000002a2a5c8d800, 0x000002a2a7f26000, 0x000002a2a7e0e000, 0x000002a2a7bd0800,
0x000002a2a77b5000, 0x000002a2a77b5800, 0x000002a2a78a6000, 0x000002a2a7b5f800,
0x000002a2a7b61800, 0x000002a2a7b60000, 0x000002a2a7b5d800, 0x000002a2a8145800,
0x000002a2a7b61000, 0x000002a2a7b62800, 0x000002a2a7b5d000, 0x000002a2a7b5e800,
0x000002a2a7b63800, 0x000002a2a945b800, 0x000002a2a945e800, 0x000002a2a945c800,
0x000002a2a945e000, 0x000002a2a945d000, 0x000002a2a945a000, 0x000002a2a9466000,
0x000002a2a9460800, 0x000002a2a9467000, 0x000002a2a9461000, 0x000002a2a9465000,
0x000002a2a9467800, 0x000002a2a9462000, 0x000002a2a9463800, 0x000002a2a9468800,
0x000002a2a9463000, 0x000002a2a9464800, 0x000002a2a92ce800, 0x000002a2a92cd000,
0x000002a2a92cf800, 0x000002a2a92d3000, 0x000002a2a92ce000
}

Java Threads: ( => current thread )
  0x000002a288b23800 JavaThread "main" [_thread_blocked, id=11504, stack(0x000000ba13900000,0x000000ba13a00000)]
  0x000002a2a4f4e000 JavaThread "Reference Handler" daemon [_thread_blocked, id=13916, stack(0x000000ba14000000,0x000000ba14100000)]
  0x000002a2a4f50000 JavaThread "Finalizer" daemon [_thread_blocked, id=12572, stack(0x000000ba14100000,0x000000ba14200000)]
  0x000002a2a4f6b800 JavaThread "Signal Dispatcher" daemon [_thread_blocked, id=13892, stack(0x000000ba14200000,0x000000ba14300000)]
  0x000002a2a4f6c800 JavaThread "Attach Listener" daemon [_thread_blocked, id=1756, stack(0x000000ba14300000,0x000000ba14400000)]
  0x000002a2a4f6d800 JavaThread "Service Thread" daemon [_thread_blocked, id=8920, stack(0x000000ba14400000,0x000000ba14500000)]
  0x000002a2a4f71000 JavaThread "C2 CompilerThread0" daemon [_thread_blocked, id=1412, stack(0x000000ba14500000,0x000000ba14600000)]
  0x000002a2a4f75000 JavaThread "C1 CompilerThread0" daemon [_thread_blocked, id=3384, stack(0x000000ba14600000,0x000000ba14700000)]
  0x000002a2a5909800 JavaThread "Sweeper thread" daemon [_thread_blocked, id=6552, stack(0x000000ba14700000,0x000000ba14800000)]
  0x000002a2a5a50000 JavaThread "Common-Cleaner" daemon [_thread_blocked, id=16336, stack(0x000000ba14800000,0x000000ba14900000)]
  0x000002a2a8254000 JavaThread "Daemon health stats" [_thread_blocked, id=13184, stack(0x000000ba14e00000,0x000000ba14f00000)]
  0x000002a2a8047800 JavaThread "Incoming local TCP Connector on port 50457" [_thread_in_native, id=9308, stack(0x000000ba14a00000,0x000000ba14b00000)]
  0x000002a2a5c8d800 JavaThread "Daemon periodic checks" [_thread_blocked, id=5996, stack(0x000000ba14b00000,0x000000ba14c00000)]
  0x000002a2a7f26000 JavaThread "Daemon" [_thread_blocked, id=3108, stack(0x000000ba14f00000,0x000000ba15000000)]
  0x000002a2a7e0e000 JavaThread "Handler for socket connection from /127.0.0.1:50457 to /127.0.0.1:50458" [_thread_in_native, id=6192, stack(0x000000ba15000000,0x000000ba15100000)]
  0x000002a2a7bd0800 JavaThread "Cancel handler" [_thread_blocked, id=15476, stack(0x000000ba15100000,0x000000ba15200000)]
  0x000002a2a77b5000 JavaThread "Daemon worker" [_thread_blocked, id=11908, stack(0x000000ba15200000,0x000000ba15300000)]
  0x000002a2a77b5800 JavaThread "Asynchronous log dispatcher for DefaultDaemonConnection: socket connection from /127.0.0.1:50457 to /127.0.0.1:50458" [_thread_blocked, id=1612, stack(0x000000ba15300000,0x000000ba15400000)]
  0x000002a2a78a6000 JavaThread "Stdin handler" [_thread_blocked, id=6668, stack(0x000000ba15400000,0x000000ba15500000)]
  0x000002a2a7b5f800 JavaThread "Daemon client event forwarder" [_thread_blocked, id=10580, stack(0x000000ba15500000,0x000000ba15600000)]
  0x000002a2a7b61800 JavaThread "Cache worker for file hash cache (C:\Users\xpmkm\.gradle\caches\7.0.2\fileHashes)" [_thread_blocked, id=2648, stack(0x000000ba15b00000,0x000000ba15c00000)]
  0x000002a2a7b60000 JavaThread "File lock request listener" [_thread_in_native, id=8336, stack(0x000000ba15c00000,0x000000ba15d00000)]
  0x000002a2a7b5d800 JavaThread "Cache worker for journal cache (C:\Users\xpmkm\.gradle\caches\journal-1)" [_thread_blocked, id=2300, stack(0x000000ba15e00000,0x000000ba15f00000)]
  0x000002a2a8145800 JavaThread "C2 CompilerThread1" daemon [_thread_blocked, id=16220, stack(0x000000ba15f00000,0x000000ba16000000)]
  0x000002a2a7b61000 JavaThread "Cache worker for file hash cache (C:\Users\xpmkm\Desktop\update_code_vezilla-server\codecanyon-L2GSbXtH-dairy-products-grocery-daily-milk-delivery-mobile-app-with-subscription-customer-app-delivery\test-vezilla-android-workspace\.gradle\7.0.2\fileHashes)" [_thread_blocked, id=7776, stack(0x000000ba16000000,0x000000ba16100000)]
  0x000002a2a7b62800 JavaThread "File watcher server" daemon [_thread_in_native, id=9920, stack(0x000000ba16100000,0x000000ba16200000)]
  0x000002a2a7b5d000 JavaThread "File watcher consumer" daemon [_thread_blocked, id=6840, stack(0x000000ba16200000,0x000000ba16300000)]
  0x000002a2a7b5e800 JavaThread "Cache worker for checksums cache (C:\Users\xpmkm\Desktop\update_code_vezilla-server\codecanyon-L2GSbXtH-dairy-products-grocery-daily-milk-delivery-mobile-app-with-subscription-customer-app-delivery\test-vezilla-android-workspace\.gradle\checksums)" [_thread_blocked, id=12396, stack(0x000000ba16300000,0x000000ba16400000)]
  0x000002a2a7b63800 JavaThread "Cache worker for cache directory md-supplier (C:\Users\xpmkm\.gradle\caches\7.0.2\md-supplier)" [_thread_blocked, id=13460, stack(0x000000ba16400000,0x000000ba16500000)]
  0x000002a2a945b800 JavaThread "Cache worker for cache directory md-rule (C:\Users\xpmkm\.gradle\caches\7.0.2\md-rule)" [_thread_blocked, id=15708, stack(0x000000ba16500000,0x000000ba16600000)]
  0x000002a2a945e800 JavaThread "Cache worker for execution history cache (C:\Users\xpmkm\.gradle\caches\7.0.2\executionHistory)" [_thread_blocked, id=13824, stack(0x000000ba16600000,0x000000ba16700000)]
  0x000002a2a945c800 JavaThread "jar transforms" [_thread_blocked, id=12028, stack(0x000000ba16700000,0x000000ba16800000)]
  0x000002a2a945e000 JavaThread "jar transforms Thread 2" [_thread_blocked, id=1196, stack(0x000000ba16800000,0x000000ba16900000)]
  0x000002a2a945d000 JavaThread "Cache worker for file content cache (C:\Users\xpmkm\.gradle\caches\7.0.2\fileContent)" [_thread_blocked, id=14552, stack(0x000000ba16900000,0x000000ba16a00000)]
  0x000002a2a945a000 JavaThread "Cache worker for dependencies-accessors (C:\Users\xpmkm\Desktop\update_code_vezilla-server\codecanyon-L2GSbXtH-dairy-products-grocery-daily-milk-delivery-mobile-app-with-subscription-customer-app-delivery\test-vezilla-android-workspace\.gradle\7.0.2\dependencies-accessors)" [_thread_blocked, id=11252, stack(0x000000ba16a00000,0x000000ba16b00000)]
  0x000002a2a9466000 JavaThread "jar transforms Thread 3" [_thread_blocked, id=13272, stack(0x000000ba16b00000,0x000000ba16c00000)]
  0x000002a2a9460800 JavaThread "Cache worker for Build Output Cleanup Cache (C:\Users\xpmkm\Desktop\update_code_vezilla-server\codecanyon-L2GSbXtH-dairy-products-grocery-daily-milk-delivery-mobile-app-with-subscription-customer-app-delivery\test-vezilla-android-workspace\.gradle\buildOutputCleanup)" [_thread_blocked, id=7240, stack(0x000000ba16c00000,0x000000ba16d00000)]
  0x000002a2a9467000 JavaThread "Build operations" [_thread_blocked, id=10528, stack(0x000000ba16d00000,0x000000ba16e00000)]
  0x000002a2a9461000 JavaThread "Build operations Thread 2" [_thread_blocked, id=4084, stack(0x000000ba16e00000,0x000000ba16f00000)]
  0x000002a2a9465000 JavaThread "Build operations Thread 3" [_thread_blocked, id=2752, stack(0x000000ba16f00000,0x000000ba17000000)]
  0x000002a2a9467800 JavaThread "Build operations Thread 4" [_thread_blocked, id=11536, stack(0x000000ba17000000,0x000000ba17100000)]
  0x000002a2a9462000 JavaThread "Build operations Thread 5" [_thread_blocked, id=9872, stack(0x000000ba17100000,0x000000ba17200000)]
  0x000002a2a9463800 JavaThread "Build operations Thread 6" [_thread_blocked, id=12404, stack(0x000000ba17200000,0x000000ba17300000)]
  0x000002a2a9468800 JavaThread "Build operations Thread 7" [_thread_blocked, id=1792, stack(0x000000ba17300000,0x000000ba17400000)]
  0x000002a2a9463000 JavaThread "Build operations Thread 8" [_thread_blocked, id=1316, stack(0x000000ba17400000,0x000000ba17500000)]
  0x000002a2a9464800 JavaThread "jar transforms Thread 4" [_thread_blocked, id=4880, stack(0x000000ba17500000,0x000000ba17600000)]
  0x000002a2a92ce800 JavaThread "jar transforms Thread 5" [_thread_blocked, id=13780, stack(0x000000ba17600000,0x000000ba17700000)]
  0x000002a2a92cd000 JavaThread "jar transforms Thread 6" [_thread_blocked, id=14488, stack(0x000000ba17700000,0x000000ba17800000)]
  0x000002a2a92cf800 JavaThread "jar transforms Thread 7" [_thread_blocked, id=6232, stack(0x000000ba17800000,0x000000ba17900000)]
  0x000002a2a92d3000 JavaThread "jar transforms Thread 8" [_thread_blocked, id=10540, stack(0x000000ba17900000,0x000000ba17a00000)]
  0x000002a2a92ce000 JavaThread "Memory manager" [_thread_blocked, id=6160, stack(0x000000ba17a00000,0x000000ba17b00000)]

Other Threads:
=>0x000002a2a4f4c000 VMThread "VM Thread" [stack: 0x000000ba13f00000,0x000000ba14000000] [id=12600]
  0x000002a2a5a82800 WatcherThread [stack: 0x000000ba14900000,0x000000ba14a00000] [id=3220]
  0x000002a288b3e000 GCTaskThread "GC Thread#0" [stack: 0x000000ba13a00000,0x000000ba13b00000] [id=15744]
  0x000002a2a6746000 GCTaskThread "GC Thread#1" [stack: 0x000000ba14c00000,0x000000ba14d00000] [id=1020]
  0x000002a2a648e800 GCTaskThread "GC Thread#2" [stack: 0x000000ba14d00000,0x000000ba14e00000] [id=2840]
  0x000002a2a7e4a800 GCTaskThread "GC Thread#3" [stack: 0x000000ba15600000,0x000000ba15700000] [id=15144]
  0x000002a2a6cd6800 GCTaskThread "GC Thread#4" [stack: 0x000000ba15700000,0x000000ba15800000] [id=5356]
  0x000002a2a6c2e800 GCTaskThread "GC Thread#5" [stack: 0x000000ba15800000,0x000000ba15900000] [id=3548]
  0x000002a2a7720000 GCTaskThread "GC Thread#6" [stack: 0x000000ba15900000,0x000000ba15a00000] [id=2888]
  0x000002a2a7721000 GCTaskThread "GC Thread#7" [stack: 0x000000ba15a00000,0x000000ba15b00000] [id=6504]
  0x000002a288b71000 ConcurrentGCThread "G1 Main Marker" [stack: 0x000000ba13b00000,0x000000ba13c00000] [id=12840]
  0x000002a288b72800 ConcurrentGCThread "G1 Conc#0" [stack: 0x000000ba13c00000,0x000000ba13d00000] [id=10232]
  0x000002a2a65a7800 ConcurrentGCThread "G1 Conc#1" [stack: 0x000000ba15d00000,0x000000ba15e00000] [id=16068]
  0x000002a288bf7800 ConcurrentGCThread "G1 Refine#0" [stack: 0x000000ba13d00000,0x000000ba13e00000] [id=14672]
  0x000002a2a4da1800 ConcurrentGCThread "G1 Young RemSet Sampling" [stack: 0x000000ba13e00000,0x000000ba13f00000] [id=3156]

Threads with active compile tasks:
C2 CompilerThread0   9260 6105       4       java.util.regex.Pattern::compile (498 bytes)
C1 CompilerThread0   9260 6234       3       org.codehaus.groovy.reflection.CachedClass::<init> (247 bytes)
C2 CompilerThread1   9260 6210       4       java.util.StringJoiner::toString (181 bytes)

VM state:at safepoint (normal execution)

VM Mutex/Monitor currently owned by a thread:  ([mutex/lock_event])
[0x000002a288b20330] Threads_lock - owner thread: 0x000002a2a4f4c000
[0x000002a288b200f0] Heap_lock - owner thread: 0x000002a2a77b5000

Heap address: 0x0000000080000000, size: 2048 MB, Compressed Oops mode: 32-bit
Narrow klass base: 0x0000000000000000, Narrow klass shift: 3
Compressed class space size: 1073741824 Address: 0x0000000100000000

Heap:
 garbage-first heap   total 187392K, used 51405K [0x0000000080000000, 0x0000000100000000)
  region size 1024K, 8 young (8192K), 8 survivors (8192K)
 Metaspace       used 63385K, capacity 65194K, committed 65280K, reserved 1105920K
  class space    used 8058K, capacity 8718K, committed 8780K, reserved 1048576K
Heap Regions: E=young(eden), S=young(survivor), O=old, HS=humongous(starts), HC=humongous(continues), CS=collection set, F=free, A=archive, TAMS=top-at-mark-start (previous, next)
|   0|0x0000000080000000, 0x0000000080100000, 0x0000000080100000|100%| O|  |TAMS 0x0000000080100000, 0x0000000080100000| Untracked 
|   1|0x0000000080100000, 0x0000000080200000, 0x0000000080200000|100%| O|  |TAMS 0x0000000080200000, 0x0000000080200000| Untracked 
|   2|0x0000000080200000, 0x0000000080300000, 0x0000000080300000|100%| O|  |TAMS 0x0000000080300000, 0x0000000080300000| Untracked 
|   3|0x0000000080300000, 0x0000000080400000, 0x0000000080400000|100%|HS|  |TAMS 0x0000000080400000, 0x0000000080400000| Complete 
|   4|0x0000000080400000, 0x0000000080500000, 0x0000000080500000|100%|HC|  |TAMS 0x0000000080500000, 0x0000000080500000| Complete 
|   5|0x0000000080500000, 0x0000000080600000, 0x0000000080600000|100%|HC|  |TAMS 0x0000000080600000, 0x0000000080600000| Complete 
|   6|0x0000000080600000, 0x0000000080700000, 0x0000000080700000|100%| O|  |TAMS 0x0000000080700000, 0x0000000080700000| Untracked 
|   7|0x0000000080700000, 0x0000000080800000, 0x0000000080800000|100%| O|  |TAMS 0x0000000080800000, 0x0000000080800000| Untracked 
|   8|0x0000000080800000, 0x0000000080900000, 0x0000000080900000|100%| O|  |TAMS 0x0000000080900000, 0x0000000080900000| Untracked 
|   9|0x0000000080900000, 0x0000000080a00000, 0x0000000080a00000|100%| O|  |TAMS 0x0000000080a00000, 0x0000000080a00000| Untracked 
|  10|0x0000000080a00000, 0x0000000080b00000, 0x0000000080b00000|100%| O|  |TAMS 0x0000000080b00000, 0x0000000080b00000| Untracked 
|  11|0x0000000080b00000, 0x0000000080c00000, 0x0000000080c00000|100%| O|  |TAMS 0x0000000080c00000, 0x0000000080c00000| Untracked 
|  12|0x0000000080c00000, 0x0000000080d00000, 0x0000000080d00000|100%| O|  |TAMS 0x0000000080d00000, 0x0000000080d00000| Untracked 
|  13|0x0000000080d00000, 0x0000000080e00000, 0x0000000080e00000|100%| O|  |TAMS 0x0000000080e00000, 0x0000000080e00000| Untracked 
|  14|0x0000000080e00000, 0x0000000080f00000, 0x0000000080f00000|100%| O|  |TAMS 0x0000000080f00000, 0x0000000080f00000| Untracked 
|  15|0x0000000080f00000, 0x0000000081000000, 0x0000000081000000|100%| O|  |TAMS 0x0000000081000000, 0x0000000081000000| Untracked 
|  16|0x0000000081000000, 0x0000000081100000, 0x0000000081100000|100%| O|  |TAMS 0x0000000081100000, 0x0000000081100000| Untracked 
|  17|0x0000000081100000, 0x0000000081200000, 0x0000000081200000|100%|HS|  |TAMS 0x0000000081200000, 0x0000000081200000| Complete 
|  18|0x0000000081200000, 0x0000000081300000, 0x0000000081300000|100%| O|  |TAMS 0x0000000081300000, 0x0000000081300000| Untracked 
|  19|0x0000000081300000, 0x0000000081400000, 0x0000000081400000|100%| O|  |TAMS 0x0000000081400000, 0x0000000081400000| Untracked 
|  20|0x0000000081400000, 0x0000000081500000, 0x0000000081500000|100%| O|  |TAMS 0x0000000081500000, 0x0000000081500000| Untracked 
|  21|0x0000000081500000, 0x0000000081600000, 0x0000000081600000|100%| O|  |TAMS 0x0000000081600000, 0x0000000081600000| Untracked 
|  22|0x0000000081600000, 0x0000000081700000, 0x0000000081700000|100%| O|  |TAMS 0x0000000081700000, 0x0000000081700000| Untracked 
|  23|0x0000000081700000, 0x0000000081800000, 0x0000000081800000|100%|HS|  |TAMS 0x0000000081800000, 0x0000000081800000| Complete 
|  24|0x0000000081800000, 0x0000000081900000, 0x0000000081900000|100%|HS|  |TAMS 0x0000000081900000, 0x0000000081900000| Complete 
|  25|0x0000000081900000, 0x0000000081a00000, 0x0000000081a00000|100%|HC|  |TAMS 0x0000000081a00000, 0x0000000081a00000| Complete 
|  26|0x0000000081a00000, 0x0000000081b00000, 0x0000000081b00000|100%| O|  |TAMS 0x0000000081b00000, 0x0000000081b00000| Untracked 
|  27|0x0000000081b00000, 0x0000000081c00000, 0x0000000081c00000|100%| O|  |TAMS 0x0000000081c00000, 0x0000000081c00000| Untracked 
|  28|0x0000000081c00000, 0x0000000081d00000, 0x0000000081d00000|100%| O|  |TAMS 0x0000000081d00000, 0x0000000081d00000| Untracked 
|  29|0x0000000081d00000, 0x0000000081e00000, 0x0000000081e00000|100%| O|  |TAMS 0x0000000081e00000, 0x0000000081e00000| Untracked 
|  30|0x0000000081e00000, 0x0000000081f00000, 0x0000000081f00000|100%| O|  |TAMS 0x0000000081f00000, 0x0000000081f00000| Untracked 
|  31|0x0000000081f00000, 0x0000000082000000, 0x0000000082000000|100%| O|  |TAMS 0x0000000082000000, 0x0000000082000000| Untracked 
|  32|0x0000000082000000, 0x0000000082100000, 0x0000000082100000|100%| O|  |TAMS 0x0000000082100000, 0x0000000082100000| Untracked 
|  33|0x0000000082100000, 0x0000000082200000, 0x0000000082200000|100%| O|  |TAMS 0x0000000082200000, 0x0000000082200000| Untracked 
|  34|0x0000000082200000, 0x0000000082300000, 0x0000000082300000|100%| O|  |TAMS 0x0000000082300000, 0x0000000082300000| Untracked 
|  35|0x0000000082300000, 0x0000000082400000, 0x0000000082400000|100%| O|  |TAMS 0x0000000082400000, 0x0000000082400000| Untracked 
|  36|0x0000000082400000, 0x0000000082500000, 0x0000000082500000|100%| O|  |TAMS 0x0000000082500000, 0x0000000082500000| Untracked 
|  37|0x0000000082500000, 0x0000000082600000, 0x0000000082600000|100%| O|  |TAMS 0x0000000082600000, 0x0000000082600000| Untracked 
|  38|0x0000000082600000, 0x0000000082700000, 0x0000000082700000|100%| O|  |TAMS 0x0000000082700000, 0x0000000082700000| Untracked 
|  39|0x0000000082700000, 0x0000000082800000, 0x0000000082800000|100%| O|  |TAMS 0x0000000082800000, 0x0000000082800000| Untracked 
|  40|0x0000000082800000, 0x0000000082900000, 0x0000000082900000|100%| O|  |TAMS 0x0000000082900000, 0x0000000082900000| Untracked 
|  41|0x0000000082900000, 0x0000000082a00000, 0x0000000082a00000|100%| O|  |TAMS 0x0000000082a00000, 0x0000000082a00000| Untracked 
|  42|0x0000000082a00000, 0x0000000082b00000, 0x0000000082b00000|100%| O|  |TAMS 0x0000000082b00000, 0x0000000082b00000| Untracked 
|  43|0x0000000082b00000, 0x0000000082b1b600, 0x0000000082c00000| 10%| O|  |TAMS 0x0000000082b1b600, 0x0000000082b1b600| Untracked 
|  44|0x0000000082c00000, 0x0000000082c00000, 0x0000000082d00000|  0%| F|  |TAMS 0x0000000082c00000, 0x0000000082c00000| Untracked 
|  45|0x0000000082d00000, 0x0000000082d00000, 0x0000000082e00000|  0%| F|  |TAMS 0x0000000082d00000, 0x0000000082d00000| Untracked 
|  46|0x0000000082e00000, 0x0000000082e00000, 0x0000000082f00000|  0%| F|  |TAMS 0x0000000082e00000, 0x0000000082e00000| Untracked 
|  47|0x0000000082f00000, 0x0000000082f00000, 0x0000000083000000|  0%| F|  |TAMS 0x0000000082f00000, 0x0000000082f00000| Untracked 
|  48|0x0000000083000000, 0x0000000083000000, 0x0000000083100000|  0%| F|  |TAMS 0x0000000083000000, 0x0000000083000000| Untracked 
|  49|0x0000000083100000, 0x0000000083100000, 0x0000000083200000|  0%| F|  |TAMS 0x0000000083100000, 0x0000000083100000| Untracked 
|  50|0x0000000083200000, 0x0000000083200000, 0x0000000083300000|  0%| F|  |TAMS 0x0000000083200000, 0x0000000083200000| Untracked 
|  51|0x0000000083300000, 0x0000000083300000, 0x0000000083400000|  0%| F|  |TAMS 0x0000000083300000, 0x0000000083300000| Untracked 
|  52|0x0000000083400000, 0x0000000083400000, 0x0000000083500000|  0%| F|  |TAMS 0x0000000083400000, 0x0000000083400000| Untracked 
|  53|0x0000000083500000, 0x0000000083500000, 0x0000000083600000|  0%| F|  |TAMS 0x0000000083500000, 0x0000000083500000| Untracked 
|  54|0x0000000083600000, 0x0000000083600000, 0x0000000083700000|  0%| F|  |TAMS 0x0000000083600000, 0x0000000083600000| Untracked 
|  55|0x0000000083700000, 0x0000000083700000, 0x0000000083800000|  0%| F|  |TAMS 0x0000000083700000, 0x0000000083700000| Untracked 
|  56|0x0000000083800000, 0x0000000083800000, 0x0000000083900000|  0%| F|  |TAMS 0x0000000083800000, 0x0000000083800000| Untracked 
|  57|0x0000000083900000, 0x0000000083900000, 0x0000000083a00000|  0%| F|  |TAMS 0x0000000083900000, 0x0000000083900000| Untracked 
|  58|0x0000000083a00000, 0x0000000083a00000, 0x0000000083b00000|  0%| F|  |TAMS 0x0000000083a00000, 0x0000000083a00000| Untracked 
|  59|0x0000000083b00000, 0x0000000083b00000, 0x0000000083c00000|  0%| F|  |TAMS 0x0000000083b00000, 0x0000000083b00000| Untracked 
|  60|0x0000000083c00000, 0x0000000083c00000, 0x0000000083d00000|  0%| F|  |TAMS 0x0000000083c00000, 0x0000000083c00000| Untracked 
|  61|0x0000000083d00000, 0x0000000083d00000, 0x0000000083e00000|  0%| F|  |TAMS 0x0000000083d00000, 0x0000000083d00000| Untracked 
|  62|0x0000000083e00000, 0x0000000083e00000, 0x0000000083f00000|  0%| F|  |TAMS 0x0000000083e00000, 0x0000000083e00000| Untracked 
|  63|0x0000000083f00000, 0x0000000083f00000, 0x0000000084000000|  0%| F|  |TAMS 0x0000000083f00000, 0x0000000083f00000| Untracked 
|  64|0x0000000084000000, 0x0000000084000000, 0x0000000084100000|  0%| F|  |TAMS 0x0000000084000000, 0x0000000084000000| Untracked 
|  65|0x0000000084100000, 0x0000000084100000, 0x0000000084200000|  0%| F|  |TAMS 0x0000000084100000, 0x0000000084100000| Untracked 
|  66|0x0000000084200000, 0x0000000084200000, 0x0000000084300000|  0%| F|  |TAMS 0x0000000084200000, 0x0000000084200000| Untracked 
|  67|0x0000000084300000, 0x0000000084300000, 0x0000000084400000|  0%| F|  |TAMS 0x0000000084300000, 0x0000000084300000| Untracked 
|  68|0x0000000084400000, 0x0000000084400000, 0x0000000084500000|  0%| F|  |TAMS 0x0000000084400000, 0x0000000084400000| Untracked 
|  69|0x0000000084500000, 0x0000000084500000, 0x0000000084600000|  0%| F|  |TAMS 0x0000000084500000, 0x0000000084500000| Untracked 
|  70|0x0000000084600000, 0x0000000084600000, 0x0000000084700000|  0%| F|  |TAMS 0x0000000084600000, 0x0000000084600000| Untracked 
|  71|0x0000000084700000, 0x0000000084700000, 0x0000000084800000|  0%| F|  |TAMS 0x0000000084700000, 0x0000000084700000| Untracked 
|  72|0x0000000084800000, 0x0000000084800000, 0x0000000084900000|  0%| F|  |TAMS 0x0000000084800000, 0x0000000084800000| Untracked 
|  73|0x0000000084900000, 0x0000000084900000, 0x0000000084a00000|  0%| F|  |TAMS 0x0000000084900000, 0x0000000084900000| Untracked 
|  74|0x0000000084a00000, 0x0000000084a00000, 0x0000000084b00000|  0%| F|  |TAMS 0x0000000084a00000, 0x0000000084a00000| Untracked 
|  75|0x0000000084b00000, 0x0000000084b00000, 0x0000000084c00000|  0%| F|  |TAMS 0x0000000084b00000, 0x0000000084b00000| Untracked 
|  76|0x0000000084c00000, 0x0000000084c00000, 0x0000000084d00000|  0%| F|  |TAMS 0x0000000084c00000, 0x0000000084c00000| Untracked 
|  77|0x0000000084d00000, 0x0000000084d00000, 0x0000000084e00000|  0%| F|  |TAMS 0x0000000084d00000, 0x0000000084d00000| Untracked 
|  78|0x0000000084e00000, 0x0000000084e00000, 0x0000000084f00000|  0%| F|  |TAMS 0x0000000084e00000, 0x0000000084e00000| Untracked 
|  79|0x0000000084f00000, 0x0000000084f00000, 0x0000000085000000|  0%| F|  |TAMS 0x0000000084f00000, 0x0000000084f00000| Untracked 
|  80|0x0000000085000000, 0x0000000085000000, 0x0000000085100000|  0%| F|  |TAMS 0x0000000085000000, 0x0000000085000000| Untracked 
|  81|0x0000000085100000, 0x0000000085100000, 0x0000000085200000|  0%| F|  |TAMS 0x0000000085100000, 0x0000000085100000| Untracked 
|  82|0x0000000085200000, 0x0000000085218138, 0x0000000085300000|  9%| S|CS|TAMS 0x0000000085200000, 0x0000000085200000| Complete 
|  83|0x0000000085300000, 0x0000000085400000, 0x0000000085400000|100%| S|CS|TAMS 0x0000000085300000, 0x0000000085300000| Complete 
|  84|0x0000000085400000, 0x0000000085500000, 0x0000000085500000|100%| S|CS|TAMS 0x0000000085400000, 0x0000000085400000| Complete 
|  85|0x0000000085500000, 0x0000000085600000, 0x0000000085600000|100%| S|CS|TAMS 0x0000000085500000, 0x0000000085500000| Complete 
|  86|0x0000000085600000, 0x0000000085700000, 0x0000000085700000|100%| S|CS|TAMS 0x0000000085600000, 0x0000000085600000| Complete 
|  87|0x0000000085700000, 0x0000000085800000, 0x0000000085800000|100%| S|CS|TAMS 0x0000000085700000, 0x0000000085700000| Complete 
|  88|0x0000000085800000, 0x0000000085900000, 0x0000000085900000|100%| S|CS|TAMS 0x0000000085800000, 0x0000000085800000| Complete 
|  89|0x0000000085900000, 0x0000000085a00000, 0x0000000085a00000|100%| S|CS|TAMS 0x0000000085900000, 0x0000000085900000| Complete 
|  90|0x0000000085a00000, 0x0000000085a00000, 0x0000000085b00000|  0%| F|  |TAMS 0x0000000085a00000, 0x0000000085a00000| Untracked 
|  91|0x0000000085b00000, 0x0000000085b00000, 0x0000000085c00000|  0%| F|  |TAMS 0x0000000085b00000, 0x0000000085b00000| Untracked 
|  92|0x0000000085c00000, 0x0000000085c00000, 0x0000000085d00000|  0%| F|  |TAMS 0x0000000085c00000, 0x0000000085c00000| Untracked 
|  93|0x0000000085d00000, 0x0000000085d00000, 0x0000000085e00000|  0%| F|  |TAMS 0x0000000085d00000, 0x0000000085d00000| Untracked 
|  94|0x0000000085e00000, 0x0000000085e00000, 0x0000000085f00000|  0%| F|  |TAMS 0x0000000085e00000, 0x0000000085e00000| Untracked 
|  95|0x0000000085f00000, 0x0000000085f00000, 0x0000000086000000|  0%| F|  |TAMS 0x0000000085f00000, 0x0000000085f00000| Untracked 
|  96|0x0000000086000000, 0x0000000086000000, 0x0000000086100000|  0%| F|  |TAMS 0x0000000086000000, 0x0000000086000000| Untracked 
|  97|0x0000000086100000, 0x0000000086100000, 0x0000000086200000|  0%| F|  |TAMS 0x0000000086100000, 0x0000000086100000| Untracked 
|  98|0x0000000086200000, 0x0000000086200000, 0x0000000086300000|  0%| F|  |TAMS 0x0000000086200000, 0x0000000086200000| Untracked 
|  99|0x0000000086300000, 0x0000000086300000, 0x0000000086400000|  0%| F|  |TAMS 0x0000000086300000, 0x0000000086300000| Untracked 
| 100|0x0000000086400000, 0x0000000086400000, 0x0000000086500000|  0%| F|  |TAMS 0x0000000086400000, 0x0000000086400000| Untracked 
| 101|0x0000000086500000, 0x0000000086500000, 0x0000000086600000|  0%| F|  |TAMS 0x0000000086500000, 0x0000000086500000| Untracked 
| 102|0x0000000086600000, 0x0000000086600000, 0x0000000086700000|  0%| F|  |TAMS 0x0000000086600000, 0x0000000086600000| Untracked 
| 103|0x0000000086700000, 0x0000000086700000, 0x0000000086800000|  0%| F|  |TAMS 0x0000000086700000, 0x0000000086700000| Untracked 
| 104|0x0000000086800000, 0x0000000086800000, 0x0000000086900000|  0%| F|  |TAMS 0x0000000086800000, 0x0000000086800000| Untracked 
| 105|0x0000000086900000, 0x0000000086900000, 0x0000000086a00000|  0%| F|  |TAMS 0x0000000086900000, 0x0000000086900000| Untracked 
| 106|0x0000000086a00000, 0x0000000086a00000, 0x0000000086b00000|  0%| F|  |TAMS 0x0000000086a00000, 0x0000000086a00000| Untracked 
| 107|0x0000000086b00000, 0x0000000086b00000, 0x0000000086c00000|  0%| F|  |TAMS 0x0000000086b00000, 0x0000000086b00000| Untracked 
| 108|0x0000000086c00000, 0x0000000086c00000, 0x0000000086d00000|  0%| F|  |TAMS 0x0000000086c00000, 0x0000000086c00000| Untracked 
| 109|0x0000000086d00000, 0x0000000086d00000, 0x0000000086e00000|  0%| F|  |TAMS 0x0000000086d00000, 0x0000000086d00000| Untracked 
| 110|0x0000000086e00000, 0x0000000086e00000, 0x0000000086f00000|  0%| F|  |TAMS 0x0000000086e00000, 0x0000000086e00000| Untracked 
| 111|0x0000000086f00000, 0x0000000086f00000, 0x0000000087000000|  0%| F|  |TAMS 0x0000000086f00000, 0x0000000086f00000| Untracked 
| 112|0x0000000087000000, 0x0000000087000000, 0x0000000087100000|  0%| F|  |TAMS 0x0000000087000000, 0x0000000087000000| Untracked 
| 113|0x0000000087100000, 0x0000000087100000, 0x0000000087200000|  0%| F|  |TAMS 0x0000000087100000, 0x0000000087100000| Untracked 
| 114|0x0000000087200000, 0x0000000087200000, 0x0000000087300000|  0%| F|  |TAMS 0x0000000087200000, 0x0000000087200000| Untracked 
| 115|0x0000000087300000, 0x0000000087300000, 0x0000000087400000|  0%| F|  |TAMS 0x0000000087300000, 0x0000000087300000| Untracked 
| 116|0x0000000087400000, 0x0000000087400000, 0x0000000087500000|  0%| F|  |TAMS 0x0000000087400000, 0x0000000087400000| Untracked 
| 117|0x0000000087500000, 0x0000000087500000, 0x0000000087600000|  0%| F|  |TAMS 0x0000000087500000, 0x0000000087500000| Untracked 
| 118|0x0000000087600000, 0x0000000087600000, 0x0000000087700000|  0%| F|  |TAMS 0x0000000087600000, 0x0000000087600000| Untracked 
| 119|0x0000000087700000, 0x0000000087700000, 0x0000000087800000|  0%| F|  |TAMS 0x0000000087700000, 0x0000000087700000| Untracked 
| 120|0x0000000087800000, 0x0000000087800000, 0x0000000087900000|  0%| F|  |TAMS 0x0000000087800000, 0x0000000087800000| Untracked 
| 121|0x0000000087900000, 0x0000000087900000, 0x0000000087a00000|  0%| F|  |TAMS 0x0000000087900000, 0x0000000087900000| Untracked 
| 122|0x0000000087a00000, 0x0000000087a00000, 0x0000000087b00000|  0%| F|  |TAMS 0x0000000087a00000, 0x0000000087a00000| Untracked 
| 123|0x0000000087b00000, 0x0000000087b00000, 0x0000000087c00000|  0%| F|  |TAMS 0x0000000087b00000, 0x0000000087b00000| Untracked 
| 124|0x0000000087c00000, 0x0000000087c00000, 0x0000000087d00000|  0%| F|  |TAMS 0x0000000087c00000, 0x0000000087c00000| Untracked 
| 125|0x0000000087d00000, 0x0000000087d00000, 0x0000000087e00000|  0%| F|  |TAMS 0x0000000087d00000, 0x0000000087d00000| Untracked 
| 126|0x0000000087e00000, 0x0000000087e00000, 0x0000000087f00000|  0%| F|  |TAMS 0x0000000087e00000, 0x0000000087e00000| Untracked 
| 127|0x0000000087f00000, 0x0000000087f00000, 0x0000000088000000|  0%| F|  |TAMS 0x0000000087f00000, 0x0000000087f00000| Untracked 
| 128|0x0000000088000000, 0x0000000088000000, 0x0000000088100000|  0%| F|  |TAMS 0x0000000088000000, 0x0000000088000000| Untracked 
| 129|0x0000000088100000, 0x0000000088100000, 0x0000000088200000|  0%| F|  |TAMS 0x0000000088100000, 0x0000000088100000| Untracked 
| 130|0x0000000088200000, 0x0000000088200000, 0x0000000088300000|  0%| F|  |TAMS 0x0000000088200000, 0x0000000088200000| Untracked 
| 131|0x0000000088300000, 0x0000000088300000, 0x0000000088400000|  0%| F|  |TAMS 0x0000000088300000, 0x0000000088300000| Untracked 
| 132|0x0000000088400000, 0x0000000088400000, 0x0000000088500000|  0%| F|  |TAMS 0x0000000088400000, 0x0000000088400000| Untracked 
| 133|0x0000000088500000, 0x0000000088500000, 0x0000000088600000|  0%| F|  |TAMS 0x0000000088500000, 0x0000000088500000| Untracked 
| 134|0x0000000088600000, 0x0000000088600000, 0x0000000088700000|  0%| F|  |TAMS 0x0000000088600000, 0x0000000088600000| Untracked 
| 135|0x0000000088700000, 0x0000000088700000, 0x0000000088800000|  0%| F|  |TAMS 0x0000000088700000, 0x0000000088700000| Untracked 
| 136|0x0000000088800000, 0x0000000088800000, 0x0000000088900000|  0%| F|  |TAMS 0x0000000088800000, 0x0000000088800000| Untracked 
| 137|0x0000000088900000, 0x0000000088900000, 0x0000000088a00000|  0%| F|  |TAMS 0x0000000088900000, 0x0000000088900000| Untracked 
| 138|0x0000000088a00000, 0x0000000088a00000, 0x0000000088b00000|  0%| F|  |TAMS 0x0000000088a00000, 0x0000000088a00000| Untracked 
| 139|0x0000000088b00000, 0x0000000088b00000, 0x0000000088c00000|  0%| F|  |TAMS 0x0000000088b00000, 0x0000000088b00000| Untracked 
| 140|0x0000000088c00000, 0x0000000088c00000, 0x0000000088d00000|  0%| F|  |TAMS 0x0000000088c00000, 0x0000000088c00000| Untracked 
| 141|0x0000000088d00000, 0x0000000088d00000, 0x0000000088e00000|  0%| F|  |TAMS 0x0000000088d00000, 0x0000000088d00000| Untracked 
| 142|0x0000000088e00000, 0x0000000088e00000, 0x0000000088f00000|  0%| F|  |TAMS 0x0000000088e00000, 0x0000000088e00000| Untracked 
| 143|0x0000000088f00000, 0x0000000088f00000, 0x0000000089000000|  0%| F|  |TAMS 0x0000000088f00000, 0x0000000088f00000| Untracked 
| 144|0x0000000089000000, 0x0000000089000000, 0x0000000089100000|  0%| F|  |TAMS 0x0000000089000000, 0x0000000089000000| Untracked 
| 145|0x0000000089100000, 0x0000000089100000, 0x0000000089200000|  0%| F|  |TAMS 0x0000000089100000, 0x0000000089100000| Untracked 
| 146|0x0000000089200000, 0x0000000089200000, 0x0000000089300000|  0%| F|  |TAMS 0x0000000089200000, 0x0000000089200000| Untracked 
| 147|0x0000000089300000, 0x0000000089300000, 0x0000000089400000|  0%| F|  |TAMS 0x0000000089300000, 0x0000000089300000| Untracked 
| 148|0x0000000089400000, 0x0000000089400000, 0x0000000089500000|  0%| F|  |TAMS 0x0000000089400000, 0x0000000089400000| Untracked 
| 149|0x0000000089500000, 0x0000000089500000, 0x0000000089600000|  0%| F|  |TAMS 0x0000000089500000, 0x0000000089500000| Untracked 
| 150|0x0000000089600000, 0x0000000089600000, 0x0000000089700000|  0%| F|  |TAMS 0x0000000089600000, 0x0000000089600000| Untracked 
| 151|0x0000000089700000, 0x0000000089700000, 0x0000000089800000|  0%| F|  |TAMS 0x0000000089700000, 0x0000000089700000| Untracked 

Card table byte_map: [0x000002a29dc60000,0x000002a29e060000] _byte_map_base: 0x000002a29d860000

Marking Bits (Prev, Next): (CMBitMap*) 0x000002a288b68290, (CMBitMap*) 0x000002a288b68258
 Prev Bits: [0x000002a2a0460000, 0x000002a2a2460000)
 Next Bits: [0x000002a29e460000, 0x000002a2a0460000)

Polling page: 0x000002a288c00000

Metaspace:

Usage:
  Non-class:     55.15 MB capacity,    54.03 MB ( 98%) used,   984.16 KB (  2%) free+waste,   165.06 KB ( <1%) overhead. 
      Class:      8.51 MB capacity,     7.87 MB ( 92%) used,   581.91 KB (  7%) free+waste,    77.81 KB ( <1%) overhead. 
       Both:     63.67 MB capacity,    61.90 MB ( 97%) used,     1.53 MB (  2%) free+waste,   242.88 KB ( <1%) overhead. 

Virtual space:
  Non-class space:       56.00 MB reserved,      55.18 MB ( 99%) committed 
      Class space:        1.00 GB reserved,       8.57 MB ( <1%) committed 
             Both:        1.05 GB reserved,      63.75 MB (  6%) committed 

Chunk freelists:
   Non-Class:  24.00 KB
       Class:  0 bytes
        Both:  24.00 KB

MaxMetaspaceSize: 17179869184.00 GB
CompressedClassSpaceSize: 1.00 GB

CodeHeap 'non-profiled nmethods': size=120000Kb used=3506Kb max_used=3506Kb free=116493Kb
 bounds [0x000002a2958b0000, 0x000002a295c20000, 0x000002a29cde0000]
CodeHeap 'profiled nmethods': size=120000Kb used=13283Kb max_used=13283Kb free=106716Kb
 bounds [0x000002a28e380000, 0x000002a28f080000, 0x000002a2958b0000]
CodeHeap 'non-nmethods': size=5760Kb used=2260Kb max_used=2300Kb free=3499Kb
 bounds [0x000002a28dde0000, 0x000002a28e050000, 0x000002a28e380000]
 total_blobs=7032 nmethods=6181 adapters=762
 compilation: enabled
              stopped_count=0, restarted_count=0
 full_count=0

Compilation events (20 events):
Event: 9.225 Thread 0x000002a2a4f75000 nmethod 6224 0x000002a28f072590 code [0x000002a28f0727c0, 0x000002a28f072e48]
Event: 9.225 Thread 0x000002a2a4f75000 6225       3       java.util.Arrays::spliterator (10 bytes)
Event: 9.225 Thread 0x000002a2a4f75000 nmethod 6225 0x000002a28f073110 code [0x000002a28f073300, 0x000002a28f0736a8]
Event: 9.225 Thread 0x000002a2a4f75000 6226       3       java.util.Spliterators::spliterator (25 bytes)
Event: 9.226 Thread 0x000002a2a4f75000 nmethod 6226 0x000002a28f073890 code [0x000002a28f073a80, 0x000002a28f073e98]
Event: 9.226 Thread 0x000002a2a4f75000 6227       3       java.util.Spliterators::checkFromToBounds (74 bytes)
Event: 9.226 Thread 0x000002a2a4f75000 nmethod 6227 0x000002a28f074090 code [0x000002a28f074360, 0x000002a28f074fe8]
Event: 9.226 Thread 0x000002a2a4f75000 6229       3       groovyjarjarasm.asm.SymbolTable$Entry::<init> (17 bytes)
Event: 9.227 Thread 0x000002a2a4f75000 nmethod 6229 0x000002a28f075490 code [0x000002a28f075640, 0x000002a28f0757a8]
Event: 9.227 Thread 0x000002a2a4f75000 6228       3       java.util.stream.SpinedBuffer::<init> (18 bytes)
Event: 9.227 Thread 0x000002a2a4f75000 nmethod 6228 0x000002a28f075890 code [0x000002a28f075a60, 0x000002a28f075d18]
Event: 9.227 Thread 0x000002a2a4f75000 6230       3       java.io.ObjectInputStream$BlockDataInputStream::setBlockDataMode (74 bytes)
Event: 9.227 Thread 0x000002a2a4f75000 nmethod 6230 0x000002a28f075e10 code [0x000002a28f075fe0, 0x000002a28f076308]
Event: 9.227 Thread 0x000002a2a4f75000 6232       3       java.io.ObjectInputStream$BlockDataInputStream::peekByte (20 bytes)
Event: 9.227 Thread 0x000002a2a4f75000 nmethod 6232 0x000002a28f076410 code [0x000002a28f0765e0, 0x000002a28f076818]
Event: 9.227 Thread 0x000002a2a4f75000 6231       1       java.io.ObjectInputStream$BlockDataInputStream::getBlockDataMode (5 bytes)
Event: 9.227 Thread 0x000002a2a4f75000 nmethod 6231 0x000002a295c1c610 code [0x000002a295c1c7c0, 0x000002a295c1c878]
Event: 9.230 Thread 0x000002a2a4f75000 6233   !   3       org.codehaus.groovy.reflection.stdclasses.CachedSAMClass::getSAMMethodImpl (151 bytes)
Event: 9.232 Thread 0x000002a2a4f75000 nmethod 6233 0x000002a28f076910 code [0x000002a28f076cc0, 0x000002a28f078568]
Event: 9.232 Thread 0x000002a2a4f75000 6234       3       org.codehaus.groovy.reflection.CachedClass::<init> (247 bytes)

GC Heap History (20 events):
Event: 0.990 GC heap after
{Heap after GC invocations=2 (full 0):
 garbage-first heap   total 129024K, used 12000K [0x0000000080000000, 0x0000000100000000)
  region size 1024K, 3 young (3072K), 3 survivors (3072K)
 Metaspace       used 11160K, capacity 11448K, committed 11520K, reserved 1058816K
  class space    used 1167K, capacity 1245K, committed 1280K, reserved 1048576K
}
Event: 2.459 GC heap before
{Heap before GC invocations=2 (full 0):
 garbage-first heap   total 129024K, used 58080K [0x0000000080000000, 0x0000000100000000)
  region size 1024K, 48 young (49152K), 3 survivors (3072K)
 Metaspace       used 18675K, capacity 19072K, committed 19328K, reserved 1067008K
  class space    used 2241K, capacity 2372K, committed 2432K, reserved 1048576K
}
Event: 2.464 GC heap after
{Heap after GC invocations=3 (full 0):
 garbage-first heap   total 129024K, used 16464K [0x0000000080000000, 0x0000000100000000)
  region size 1024K, 6 young (6144K), 6 survivors (6144K)
 Metaspace       used 18675K, capacity 19072K, committed 19328K, reserved 1067008K
  class space    used 2241K, capacity 2372K, committed 2432K, reserved 1048576K
}
Event: 2.667 GC heap before
{Heap before GC invocations=3 (full 0):
 garbage-first heap   total 129024K, used 32848K [0x0000000080000000, 0x0000000100000000)
  region size 1024K, 23 young (23552K), 6 survivors (6144K)
 Metaspace       used 20642K, capacity 21128K, committed 21248K, reserved 1067008K
  class space    used 2523K, capacity 2722K, committed 2816K, reserved 1048576K
}
Event: 2.671 GC heap after
{Heap after GC invocations=4 (full 0):
 garbage-first heap   total 129024K, used 17172K [0x0000000080000000, 0x0000000100000000)
  region size 1024K, 5 young (5120K), 5 survivors (5120K)
 Metaspace       used 20642K, capacity 21128K, committed 21248K, reserved 1067008K
  class space    used 2523K, capacity 2722K, committed 2816K, reserved 1048576K
}
Event: 3.285 GC heap before
{Heap before GC invocations=5 (full 0):
 garbage-first heap   total 129024K, used 64276K [0x0000000080000000, 0x0000000100000000)
  region size 1024K, 51 young (52224K), 5 survivors (5120K)
 Metaspace       used 25380K, capacity 25974K, committed 26112K, reserved 1071104K
  class space    used 3313K, capacity 3534K, committed 3584K, reserved 1048576K
}
Event: 3.291 GC heap after
{Heap after GC invocations=6 (full 0):
 garbage-first heap   total 129024K, used 18799K [0x0000000080000000, 0x0000000100000000)
  region size 1024K, 3 young (3072K), 3 survivors (3072K)
 Metaspace       used 25380K, capacity 25974K, committed 26112K, reserved 1071104K
  class space    used 3313K, capacity 3534K, committed 3584K, reserved 1048576K
}
Event: 4.040 GC heap before
{Heap before GC invocations=6 (full 0):
 garbage-first heap   total 129024K, used 73071K [0x0000000080000000, 0x0000000100000000)
  region size 1024K, 56 young (57344K), 3 survivors (3072K)
 Metaspace       used 31655K, capacity 32399K, committed 32640K, reserved 1077248K
  class space    used 4184K, capacity 4442K, committed 4480K, reserved 1048576K
}
Event: 4.045 GC heap after
{Heap after GC invocations=7 (full 0):
 garbage-first heap   total 129024K, used 21001K [0x0000000080000000, 0x0000000100000000)
  region size 1024K, 5 young (5120K), 5 survivors (5120K)
 Metaspace       used 31655K, capacity 32399K, committed 32640K, reserved 1077248K
  class space    used 4184K, capacity 4442K, committed 4480K, reserved 1048576K
}
Event: 4.279 GC heap before
{Heap before GC invocations=7 (full 0):
 garbage-first heap   total 129024K, used 29193K [0x0000000080000000, 0x0000000100000000)
  region size 1024K, 15 young (15360K), 5 survivors (5120K)
 Metaspace       used 35031K, capacity 35834K, committed 35840K, reserved 1081344K
  class space    used 4540K, capacity 4864K, committed 4864K, reserved 1048576K
}
Event: 4.290 GC heap after
{Heap after GC invocations=8 (full 0):
 garbage-first heap   total 129024K, used 22638K [0x0000000080000000, 0x0000000100000000)
  region size 1024K, 6 young (6144K), 6 survivors (6144K)
 Metaspace       used 35031K, capacity 35834K, committed 35840K, reserved 1081344K
  class space    used 4540K, capacity 4864K, committed 4864K, reserved 1048576K
}
Event: 4.973 GC heap before
{Heap before GC invocations=9 (full 0):
 garbage-first heap   total 129024K, used 81006K [0x0000000080000000, 0x0000000100000000)
  region size 1024K, 60 young (61440K), 6 survivors (6144K)
 Metaspace       used 39658K, capacity 40641K, committed 40908K, reserved 1085440K
  class space    used 5112K, capacity 5474K, committed 5580K, reserved 1048576K
}
Event: 4.983 GC heap after
{Heap after GC invocations=10 (full 0):
 garbage-first heap   total 155648K, used 26503K [0x0000000080000000, 0x0000000100000000)
  region size 1024K, 8 young (8192K), 8 survivors (8192K)
 Metaspace       used 39658K, capacity 40641K, committed 40908K, reserved 1085440K
  class space    used 5112K, capacity 5474K, committed 5580K, reserved 1048576K
}
Event: 5.725 GC heap before
{Heap before GC invocations=10 (full 0):
 garbage-first heap   total 155648K, used 95111K [0x0000000080000000, 0x0000000100000000)
  region size 1024K, 74 young (75776K), 8 survivors (8192K)
 Metaspace       used 44929K, capacity 46112K, committed 46284K, reserved 1089536K
  class space    used 5772K, capacity 6213K, committed 6348K, reserved 1048576K
}
Event: 5.735 GC heap after
{Heap after GC invocations=11 (full 0):
 garbage-first heap   total 155648K, used 29057K [0x0000000080000000, 0x0000000100000000)
  region size 1024K, 7 young (7168K), 7 survivors (7168K)
 Metaspace       used 44929K, capacity 46112K, committed 46284K, reserved 1089536K
  class space    used 5772K, capacity 6213K, committed 6348K, reserved 1048576K
}
Event: 7.633 GC heap before
{Heap before GC invocations=11 (full 0):
 garbage-first heap   total 155648K, used 116097K [0x0000000080000000, 0x0000000100000000)
  region size 1024K, 89 young (91136K), 7 survivors (7168K)
 Metaspace       used 50652K, capacity 52189K, committed 52428K, reserved 1095680K
  class space    used 6464K, capacity 7026K, committed 7116K, reserved 1048576K
}
Event: 7.648 GC heap after
{Heap after GC invocations=12 (full 0):
 garbage-first heap   total 155648K, used 43802K [0x0000000080000000, 0x0000000100000000)
  region size 1024K, 12 young (12288K), 12 survivors (12288K)
 Metaspace       used 50652K, capacity 52189K, committed 52428K, reserved 1095680K
  class space    used 6464K, capacity 7026K, committed 7116K, reserved 1048576K
}
Event: 8.493 GC heap before
{Heap before GC invocations=12 (full 0):
 garbage-first heap   total 155648K, used 93978K [0x0000000080000000, 0x0000000100000000)
  region size 1024K, 62 young (63488K), 12 survivors (12288K)
 Metaspace       used 58437K, capacity 60085K, committed 60288K, reserved 1101824K
  class space    used 7420K, capacity 8034K, committed 8140K, reserved 1048576K
}
Event: 8.510 GC heap after
{Heap after GC invocations=13 (full 0):
 garbage-first heap   total 155648K, used 47420K [0x0000000080000000, 0x0000000100000000)
  region size 1024K, 4 young (4096K), 4 survivors (4096K)
 Metaspace       used 58437K, capacity 60085K, committed 60288K, reserved 1101824K
  class space    used 7420K, capacity 8034K, committed 8140K, reserved 1048576K
}
Event: 9.232 GC heap before
{Heap before GC invocations=14 (full 0):
 garbage-first heap   total 155648K, used 106812K [0x0000000080000000, 0x0000000100000000)
  region size 1024K, 62 young (63488K), 4 survivors (4096K)
 Metaspace       used 63385K, capacity 65194K, committed 65280K, reserved 1105920K
  class space    used 8058K, capacity 8718K, committed 8780K, reserved 1048576K
}

Deoptimization events (20 events):
Event: 9.183 Thread 0x000002a2a77b5000 Uncommon trap: trap_request=0xffffffde fr.pc=0x000002a295b6c5f8 relative=0x0000000000001f18
Event: 9.183 Thread 0x000002a2a77b5000 Uncommon trap: reason=class_check action=maybe_recompile pc=0x000002a295b6c5f8 method=org.codehaus.groovy.reflection.ParameterTypes.getParametersTypes0()V @ 16 c2
Event: 9.183 Thread 0x000002a2a77b5000 DEOPT PACKING pc=0x000002a295b6c5f8 sp=0x000000ba152f8600
Event: 9.183 Thread 0x000002a2a77b5000 DEOPT UNPACKING pc=0x000002a28de078af sp=0x000000ba152f85f8 mode 2
Event: 9.207 Thread 0x000002a2a77b5000 Uncommon trap: trap_request=0xffffffde fr.pc=0x000002a295b6c5f8 relative=0x0000000000001f18
Event: 9.208 Thread 0x000002a2a77b5000 Uncommon trap: reason=class_check action=maybe_recompile pc=0x000002a295b6c5f8 method=org.codehaus.groovy.reflection.ParameterTypes.getParametersTypes0()V @ 16 c2
Event: 9.208 Thread 0x000002a2a77b5000 DEOPT PACKING pc=0x000002a295b6c5f8 sp=0x000000ba152f8de0
Event: 9.208 Thread 0x000002a2a77b5000 DEOPT UNPACKING pc=0x000002a28de078af sp=0x000000ba152f8dd8 mode 2
Event: 9.212 Thread 0x000002a2a77b5000 Uncommon trap: trap_request=0xffffffde fr.pc=0x000002a295b6c5f8 relative=0x0000000000001f18
Event: 9.212 Thread 0x000002a2a77b5000 Uncommon trap: reason=class_check action=maybe_recompile pc=0x000002a295b6c5f8 method=org.codehaus.groovy.reflection.ParameterTypes.getParametersTypes0()V @ 16 c2
Event: 9.212 Thread 0x000002a2a77b5000 DEOPT PACKING pc=0x000002a295b6c5f8 sp=0x000000ba152f8df0
Event: 9.212 Thread 0x000002a2a77b5000 DEOPT UNPACKING pc=0x000002a28de078af sp=0x000000ba152f8de8 mode 2
Event: 9.212 Thread 0x000002a2a77b5000 Uncommon trap: trap_request=0xffffffde fr.pc=0x000002a295b6c5f8 relative=0x0000000000001f18
Event: 9.213 Thread 0x000002a2a77b5000 Uncommon trap: reason=class_check action=maybe_recompile pc=0x000002a295b6c5f8 method=org.codehaus.groovy.reflection.ParameterTypes.getParametersTypes0()V @ 16 c2
Event: 9.213 Thread 0x000002a2a77b5000 DEOPT PACKING pc=0x000002a295b6c5f8 sp=0x000000ba152f8df0
Event: 9.213 Thread 0x000002a2a77b5000 DEOPT UNPACKING pc=0x000002a28de078af sp=0x000000ba152f8de8 mode 2
Event: 9.213 Thread 0x000002a2a77b5000 Uncommon trap: trap_request=0xffffff4d fr.pc=0x000002a295b75c88 relative=0x0000000000000bc8
Event: 9.213 Thread 0x000002a2a77b5000 Uncommon trap: reason=unstable_if action=reinterpret pc=0x000002a295b75c88 method=java.lang.ClassLoader.loadClass(Ljava/lang/String;Z)Ljava/lang/Class; @ 29 c2
Event: 9.213 Thread 0x000002a2a77b5000 DEOPT PACKING pc=0x000002a295b75c88 sp=0x000000ba152f6c50
Event: 9.213 Thread 0x000002a2a77b5000 DEOPT UNPACKING pc=0x000002a28de078af sp=0x000000ba152f6c18 mode 2

Classes redefined (0 events):
No events

Internal exceptions (20 events):
Event: 9.187 Thread 0x000002a2a77b5000 Exception <a 'java/lang/ClassNotFoundException'{0x0000000085e8ac18}: com/onesignal/androidsdk/GradleProjectPluginBeanInfo> (0x0000000085e8ac18) thrown at [./src/hotspot/share/classfile/systemDictionary.cpp, line 231]
Event: 9.187 Thread 0x000002a2a77b5000 Exception <a 'java/lang/ClassNotFoundException'{0x0000000085ea3830}: com/onesignal/androidsdk/GradleProjectPluginCustomizer> (0x0000000085ea3830) thrown at [./src/hotspot/share/classfile/systemDictionary.cpp, line 231]
Event: 9.192 Thread 0x000002a2a77b5000 Exception <a 'java/lang/ClassNotFoundException'{0x0000000085d50a80}: org/gradle/internal/logging/slf4j/OutputEventListenerBackedLoggerBeanInfo> (0x0000000085d50a80) thrown at [./src/hotspot/share/classfile/systemDictionary.cpp, line 231]
Event: 9.193 Thread 0x000002a2a77b5000 Exception <a 'java/lang/ClassNotFoundException'{0x0000000085d84f30}: org/gradle/internal/logging/slf4j/BuildOperationAwareLoggerBeanInfo> (0x0000000085d84f30) thrown at [./src/hotspot/share/classfile/systemDictionary.cpp, line 231]
Event: 9.194 Thread 0x000002a2a77b5000 Exception <a 'java/lang/ClassNotFoundException'{0x0000000085db92b0}: org/gradle/internal/logging/slf4j/BuildOperationAwareLoggerCustomizer> (0x0000000085db92b0) thrown at [./src/hotspot/share/classfile/systemDictionary.cpp, line 231]
Event: 9.195 Thread 0x000002a2a77b5000 Exception <a 'java/lang/ClassNotFoundException'{0x0000000085c21110}: org/gradle/internal/logging/slf4j/OutputEventListenerBackedLoggerCustomizer> (0x0000000085c21110) thrown at [./src/hotspot/share/classfile/systemDictionary.cpp, line 231]
Event: 9.202 Thread 0x000002a2a77b5000 Exception <a 'java/lang/ClassNotFoundException'{0x0000000085cb6248}: com/onesignal/androidsdk/InternalUtilsBeanInfo> (0x0000000085cb6248) thrown at [./src/hotspot/share/classfile/systemDictionary.cpp, line 231]
Event: 9.202 Thread 0x000002a2a77b5000 Exception <a 'java/lang/ClassNotFoundException'{0x0000000085ccdc50}: com/onesignal/androidsdk/InternalUtilsCustomizer> (0x0000000085ccdc50) thrown at [./src/hotspot/share/classfile/systemDictionary.cpp, line 231]
Event: 9.206 Thread 0x000002a2a77b5000 Exception <a 'java/lang/ClassNotFoundException'{0x0000000085b01400}: java/io/ByteArrayOutputStreamBeanInfo> (0x0000000085b01400) thrown at [./src/hotspot/share/classfile/systemDictionary.cpp, line 231]
Event: 9.206 Thread 0x000002a2a77b5000 Exception <a 'java/lang/ClassNotFoundException'{0x0000000085b0da90}: java/io/OutputStreamBeanInfo> (0x0000000085b0da90) thrown at [./src/hotspot/share/classfile/systemDictionary.cpp, line 231]
Event: 9.206 Thread 0x000002a2a77b5000 Exception <a 'java/lang/ClassNotFoundException'{0x0000000085b1a208}: java/io/OutputStreamCustomizer> (0x0000000085b1a208) thrown at [./src/hotspot/share/classfile/systemDictionary.cpp, line 231]
Event: 9.207 Thread 0x000002a2a77b5000 Exception <a 'java/lang/ClassNotFoundException'{0x0000000085b2aa48}: java/io/ByteArrayOutputStreamCustomizer> (0x0000000085b2aa48) thrown at [./src/hotspot/share/classfile/systemDictionary.cpp, line 231]
Event: 9.210 Thread 0x000002a2a77b5000 Exception <a 'java/lang/ClassNotFoundException'{0x0000000085b5b2b8}: java/io/ObjectOutputStreamBeanInfo> (0x0000000085b5b2b8) thrown at [./src/hotspot/share/classfile/systemDictionary.cpp, line 231]
Event: 9.211 Thread 0x000002a2a77b5000 Exception <a 'java/lang/ClassNotFoundException'{0x0000000085b68280}: java/io/ObjectOutputStreamCustomizer> (0x0000000085b68280) thrown at [./src/hotspot/share/classfile/systemDictionary.cpp, line 231]
Event: 9.220 Thread 0x000002a2a77b5000 Exception <a 'java/lang/ClassNotFoundException'{0x0000000085be98e0}: java/io/ByteArrayInputStreamBeanInfo> (0x0000000085be98e0) thrown at [./src/hotspot/share/classfile/systemDictionary.cpp, line 231]
Event: 9.220 Thread 0x000002a2a77b5000 Exception <a 'java/lang/ClassNotFoundException'{0x0000000085bf5f70}: java/io/InputStreamBeanInfo> (0x0000000085bf5f70) thrown at [./src/hotspot/share/classfile/systemDictionary.cpp, line 231]
Event: 9.220 Thread 0x000002a2a77b5000 Exception <a 'java/lang/ClassNotFoundException'{0x0000000085a02b20}: java/io/InputStreamCustomizer> (0x0000000085a02b20) thrown at [./src/hotspot/share/classfile/systemDictionary.cpp, line 231]
Event: 9.221 Thread 0x000002a2a77b5000 Exception <a 'java/lang/ClassNotFoundException'{0x0000000085a15da8}: java/io/ByteArrayInputStreamCustomizer> (0x0000000085a15da8) thrown at [./src/hotspot/share/classfile/systemDictionary.cpp, line 231]
Event: 9.224 Thread 0x000002a2a77b5000 Exception <a 'java/lang/ClassNotFoundException'{0x0000000085a49628}: java/io/ObjectInputStreamBeanInfo> (0x0000000085a49628) thrown at [./src/hotspot/share/classfile/systemDictionary.cpp, line 231]
Event: 9.224 Thread 0x000002a2a77b5000 Exception <a 'java/lang/ClassNotFoundException'{0x0000000085a565e8}: java/io/ObjectInputStreamCustomizer> (0x0000000085a565e8) thrown at [./src/hotspot/share/classfile/systemDictionary.cpp, line 231]

Events (20 events):
Event: 9.225 loading class java/io/ObjectInputFilter$FilterInfo done
Event: 9.225 loading class java/io/ObjectInputFilter$Status
Event: 9.225 loading class java/io/ObjectInputFilter$Status done
Event: 9.226 loading class groovy/lang/GroovyRuntimeException
Event: 9.226 loading class groovy/lang/GroovyRuntimeException done
Event: 9.227 loading class org/codehaus/groovy/runtime/BytecodeInterface8
Event: 9.227 loading class org/codehaus/groovy/runtime/BytecodeInterface8 done
Event: 9.227 loading class org/codehaus/groovy/runtime/BytecodeInterface8
Event: 9.227 loading class org/codehaus/groovy/runtime/BytecodeInterface8 done
Event: 9.227 loading class org/codehaus/groovy/runtime/metaclass/DefaultMetaClassInfo
Event: 9.227 loading class org/codehaus/groovy/runtime/metaclass/DefaultMetaClassInfo done
Event: 9.228 loading class org/codehaus/groovy/runtime/metaclass/DefaultMetaClassInfo$ConstantMetaClassVersioning
Event: 9.228 loading class org/codehaus/groovy/runtime/metaclass/DefaultMetaClassInfo$ConstantMetaClassVersioning done
Event: 9.228 loading class com/onesignal/androidsdk/GradleProjectPlugin$_disableGMSVersionChecks_closure1
Event: 9.228 loading class com/onesignal/androidsdk/GradleProjectPlugin$_disableGMSVersionChecks_closure1 done
Event: 9.229 loading class groovy/runtime/metaclass/com/onesignal/androidsdk/GradleProjectPlugin$_disableGMSVersionChecks_closure1MetaClass
Event: 9.229 loading class groovy/runtime/metaclass/com/onesignal/androidsdk/GradleProjectPlugin$_disableGMSVersionChecks_closure1MetaClass done
Event: 9.230 loading class groovy/runtime/metaclass/org/gradle/api/internal/plugins/DefaultPluginContainerMetaClass
Event: 9.230 loading class groovy/runtime/metaclass/org/gradle/api/internal/plugins/DefaultPluginContainerMetaClass done
Event: 9.232 Executing VM operation: G1CollectForAllocation


Dynamic libraries:
0x00007ff7bc6e0000 - 0x00007ff7bc6ea000 	C:\Program Files\Android\Android Studio3\jre\bin\java.exe
0x00007ffd703a0000 - 0x00007ffd705af000 	C:\WINDOWS\SYSTEM32\ntdll.dll
0x00007ffd6ed30000 - 0x00007ffd6eded000 	C:\WINDOWS\System32\KERNEL32.DLL
0x00007ffd6d860000 - 0x00007ffd6dbe6000 	C:\WINDOWS\System32\KERNELBASE.dll
0x00007ffd6e0d0000 - 0x00007ffd6e1e1000 	C:\WINDOWS\System32\ucrtbase.dll
0x00007ffd69300000 - 0x00007ffd69319000 	C:\Program Files\Android\Android Studio3\jre\bin\jli.dll
0x00007ffd60410000 - 0x00007ffd60427000 	C:\Program Files\Android\Android Studio3\jre\bin\VCRUNTIME140.dll
0x00007ffd6f140000 - 0x00007ffd6f2ea000 	C:\WINDOWS\System32\USER32.dll
0x00007ffd6e1f0000 - 0x00007ffd6e216000 	C:\WINDOWS\System32\win32u.dll
0x00007ffd56840000 - 0x00007ffd56ae1000 	C:\WINDOWS\WinSxS\amd64_microsoft.windows.common-controls_6595b64144ccf1df_6.0.22471.1000_none_228bc6e77ad112f7\COMCTL32.dll
0x00007ffd6e580000 - 0x00007ffd6e5a9000 	C:\WINDOWS\System32\GDI32.dll
0x00007ffd6e290000 - 0x00007ffd6e334000 	C:\WINDOWS\System32\msvcrt.dll
0x00007ffd6dfb0000 - 0x00007ffd6e0c7000 	C:\WINDOWS\System32\gdi32full.dll
0x00007ffd6de80000 - 0x00007ffd6df1b000 	C:\WINDOWS\System32\msvcp_win.dll
0x00007ffd6e540000 - 0x00007ffd6e571000 	C:\WINDOWS\System32\IMM32.DLL
0x00007ffd52010000 - 0x00007ffd520ad000 	C:\Program Files\Android\Android Studio3\jre\bin\msvcp140.dll
0x00007ffce7c40000 - 0x00007ffce870f000 	C:\Program Files\Android\Android Studio3\jre\bin\server\jvm.dll
0x00007ffd6e5b0000 - 0x00007ffd6e65e000 	C:\WINDOWS\System32\ADVAPI32.dll
0x00007ffd6ec80000 - 0x00007ffd6ed21000 	C:\WINDOWS\System32\sechost.dll
0x00007ffd6e420000 - 0x00007ffd6e540000 	C:\WINDOWS\System32\RPCRT4.dll
0x00007ffd6e220000 - 0x00007ffd6e228000 	C:\WINDOWS\System32\PSAPI.DLL
0x00007ffd4a4b0000 - 0x00007ffd4a4b9000 	C:\WINDOWS\SYSTEM32\WSOCK32.dll
0x00007ffd678d0000 - 0x00007ffd67903000 	C:\WINDOWS\SYSTEM32\WINMM.dll
0x00007ffd6b550000 - 0x00007ffd6b55a000 	C:\WINDOWS\SYSTEM32\VERSION.dll
0x00007ffd6f2f0000 - 0x00007ffd6f361000 	C:\WINDOWS\System32\WS2_32.dll
0x00007ffd6c930000 - 0x00007ffd6c948000 	C:\WINDOWS\SYSTEM32\kernel.appcore.dll
0x00007ffd603b0000 - 0x00007ffd603c1000 	C:\Program Files\Android\Android Studio3\jre\bin\verify.dll
0x00007ffd65500000 - 0x00007ffd65727000 	C:\WINDOWS\SYSTEM32\DBGHELP.DLL
0x00007ffd6e900000 - 0x00007ffd6ec7e000 	C:\WINDOWS\System32\combase.dll
0x00007ffd5d9f0000 - 0x00007ffd5da21000 	C:\WINDOWS\SYSTEM32\dbgcore.DLL
0x00007ffd6df20000 - 0x00007ffd6dfa1000 	C:\WINDOWS\System32\bcryptPrimitives.dll
0x00007ffd60180000 - 0x00007ffd601a9000 	C:\Program Files\Android\Android Studio3\jre\bin\java.dll
0x00007ffd68bc0000 - 0x00007ffd68bcb000 	C:\Program Files\Android\Android Studio3\jre\bin\jimage.dll
0x00007ffd5fb40000 - 0x00007ffd5fb58000 	C:\Program Files\Android\Android Studio3\jre\bin\zip.dll
0x00007ffd6f980000 - 0x00007ffd7012b000 	C:\WINDOWS\System32\SHELL32.dll
0x00007ffd6b900000 - 0x00007ffd6c15c000 	C:\WINDOWS\SYSTEM32\windows.storage.dll
0x00007ffd6b7b0000 - 0x00007ffd6b8f9000 	C:\WINDOWS\SYSTEM32\wintypes.dll
0x00007ffd6e7a0000 - 0x00007ffd6e890000 	C:\WINDOWS\System32\SHCORE.dll
0x00007ffd6e890000 - 0x00007ffd6e8eb000 	C:\WINDOWS\System32\shlwapi.dll
0x00007ffd6d790000 - 0x00007ffd6d7b1000 	C:\WINDOWS\SYSTEM32\profapi.dll
0x00007ffd5f5e0000 - 0x00007ffd5f5fa000 	C:\Program Files\Android\Android Studio3\jre\bin\net.dll
0x00007ffd67910000 - 0x00007ffd67a20000 	C:\WINDOWS\SYSTEM32\WINHTTP.dll
0x00007ffd6cd80000 - 0x00007ffd6cde9000 	C:\WINDOWS\system32\mswsock.dll
0x00007ffd5f5c0000 - 0x00007ffd5f5d4000 	C:\Program Files\Android\Android Studio3\jre\bin\nio.dll
0x00007ffd60430000 - 0x00007ffd60457000 	C:\Users\xpmkm\.gradle\native\8bec1ad78214c89d9ad589b4d07fe93259594b29d510b10fafb7a158f7737e5d\windows-amd64\native-platform.dll
0x00007ffd43040000 - 0x00007ffd4317d000 	C:\Users\xpmkm\.gradle\native\53dbd7edfb1c66fb8903c78663c9afc45aea4f116125fa6feffd364cf09443e8\windows-amd64\native-platform-file-events.dll
0x00007ffd688a0000 - 0x00007ffd688aa000 	C:\Program Files\Android\Android Studio3\jre\bin\management.dll
0x00007ffd67ac0000 - 0x00007ffd67acc000 	C:\Program Files\Android\Android Studio3\jre\bin\management_ext.dll
0x00007ffd6cfd0000 - 0x00007ffd6cfe8000 	C:\WINDOWS\SYSTEM32\CRYPTSP.dll
0x00007ffd6c890000 - 0x00007ffd6c8c5000 	C:\WINDOWS\system32\rsaenh.dll
0x00007ffd6ce80000 - 0x00007ffd6cea9000 	C:\WINDOWS\SYSTEM32\USERENV.dll
0x00007ffd6d1c0000 - 0x00007ffd6d1e8000 	C:\WINDOWS\SYSTEM32\bcrypt.dll
0x00007ffd6cff0000 - 0x00007ffd6cffc000 	C:\WINDOWS\SYSTEM32\CRYPTBASE.dll
0x00007ffd6c380000 - 0x00007ffd6c3ad000 	C:\WINDOWS\SYSTEM32\IPHLPAPI.DLL
0x00007ffd6e8f0000 - 0x00007ffd6e8f9000 	C:\WINDOWS\System32\NSI.dll
0x00007ffd67320000 - 0x00007ffd67339000 	C:\WINDOWS\SYSTEM32\dhcpcsvc6.DLL
0x00007ffd672e0000 - 0x00007ffd672fe000 	C:\WINDOWS\SYSTEM32\dhcpcsvc.DLL
0x00007ffd6c3b0000 - 0x00007ffd6c4a1000 	C:\WINDOWS\SYSTEM32\DNSAPI.dll

dbghelp: loaded successfully - version: 4.0.5 - missing functions: none
symbol engine: initialized successfully - sym options: 0x614 - pdb path: .;C:\Program Files\Android\Android Studio3\jre\bin;C:\WINDOWS\SYSTEM32;C:\WINDOWS\WinSxS\amd64_microsoft.windows.common-controls_6595b64144ccf1df_6.0.22471.1000_none_228bc6e77ad112f7;C:\Program Files\Android\Android Studio3\jre\bin\server;C:\Users\xpmkm\.gradle\native\8bec1ad78214c89d9ad589b4d07fe93259594b29d510b10fafb7a158f7737e5d\windows-amd64;C:\Users\xpmkm\.gradle\native\53dbd7edfb1c66fb8903c78663c9afc45aea4f116125fa6feffd364cf09443e8\windows-amd64

VM Arguments:
jvm_args: --add-opens=java.base/java.util=ALL-UNNAMED --add-opens=java.base/java.lang=ALL-UNNAMED --add-opens=java.base/java.lang.invoke=ALL-UNNAMED --add-opens=java.base/java.util=ALL-UNNAMED --add-opens=java.prefs/java.util.prefs=ALL-UNNAMED --add-opens=java.prefs/java.util.prefs=ALL-UNNAMED --add-opens=java.base/java.nio.charset=ALL-UNNAMED --add-opens=java.base/java.net=ALL-UNNAMED --add-opens=java.base/java.util.concurrent.atomic=ALL-UNNAMED -Xmx2048m -Dfile.encoding=UTF-8 -Duser.country=IN -Duser.language=en -Duser.variant 
java_command: org.gradle.launcher.daemon.bootstrap.GradleDaemon 7.0.2
java_class_path (initial): C:\Users\xpmkm\.gradle\wrapper\dists\gradle-7.0.2-bin\857tjihv64xamwrf0h14cai3r\gradle-7.0.2\lib\gradle-launcher-7.0.2.jar
Launcher Type: SUN_STANDARD

[Global flags]
     intx CICompilerCount                          = 4                                         {product} {ergonomic}
     uint ConcGCThreads                            = 2                                         {product} {ergonomic}
     uint G1ConcRefinementThreads                  = 8                                         {product} {ergonomic}
   size_t G1HeapRegionSize                         = 1048576                                   {product} {ergonomic}
    uintx GCDrainStackTargetSize                   = 64                                        {product} {ergonomic}
   size_t InitialHeapSize                          = 132120576                                 {product} {ergonomic}
   size_t MarkStackSize                            = 4194304                                   {product} {ergonomic}
   size_t MaxHeapSize                              = 2147483648                                {product} {command line}
   size_t MaxNewSize                               = 1287651328                                {product} {ergonomic}
   size_t MinHeapDeltaBytes                        = 1048576                                   {product} {ergonomic}
    uintx NonNMethodCodeHeapSize                   = 5836300                                {pd product} {ergonomic}
    uintx NonProfiledCodeHeapSize                  = 122910970                              {pd product} {ergonomic}
    uintx ProfiledCodeHeapSize                     = 122910970                              {pd product} {ergonomic}
    uintx ReservedCodeCacheSize                    = 251658240                              {pd product} {ergonomic}
     bool SegmentedCodeCache                       = true                                      {product} {ergonomic}
     bool UseCompressedClassPointers               = true                                 {lp64_product} {ergonomic}
     bool UseCompressedOops                        = true                                 {lp64_product} {ergonomic}
     bool UseG1GC                                  = true                                      {product} {ergonomic}
     bool UseLargePagesIndividualAllocation        = false                                  {pd product} {ergonomic}

Logging:
Log output configuration:
 #0: stdout all=warning uptime,level,tags
 #1: stderr all=off uptime,level,tags

Environment Variables:
PATH=C:\Program Files (x86)\Common Files\Oracle\Java\javapath;C:\WINDOWS\system32;C:\WINDOWS;C:\WINDOWS\System32\Wbem;C:\WINDOWS\System32\WindowsPowerShell\v1.0\;C:\WINDOWS\System32\OpenSSH\;C:\Program Files\Git\cmd;C:\Program Files\nodejs\;C:\xampp\php;C:\ProgramData\ComposerSetup\bin;C:\Users\xpmkm\AppData\Local\Android\Sdk\platform-tools;C:\Program Files\Java\jdk1.8.0_231\bin;C:\Program Files\opnsl\bin;C:\Users\xpmkm\AppData\Roaming\npm;C:\Users\xpmkm\AppData\Local\Programs\Microsoft VS Code\bin;C:\Program Files\flutter\bin;C:\Users\xpmkm\AppData\Roaming\Composer\vendor\bin;C:\Users\xpmkm\AppData\Local\Microsoft\WindowsApps;
USERNAME=xpmkm
OS=Windows_NT
PROCESSOR_IDENTIFIER=AMD64 Family 23 Model 24 Stepping 1, AuthenticAMD



---------------  S Y S T E M  ---------------

OS: Windows 10 , 64 bit Build 22471 (10.0.22471.1000)
OS uptime: 0 days 0:19 hours

CPU:total 8 (initial active 8) (8 cores per cpu, 2 threads per core) family 23 model 24 stepping 1 microcode 0x0, cmov, cx8, fxsr, mmx, sse, sse2, sse3, ssse3, sse4.1, sse4.2, popcnt, avx, avx2, aes, clmul, mmxext, 3dnowpref, lzcnt, sse4a, ht, tsc, tscinvbit, tscinv, bmi1, bmi2, adx, s

Memory: 4k page, system-wide physical 8002M (348M free)
TotalPageFile size 12098M (AvailPageFile size 19M)
current process WorkingSet (physical memory assigned to process): 347M, peak: 349M
current process commit charge ("private bytes"): 389M, peak: 420M

vm_info: OpenJDK 64-Bit Server VM (11.0.10+0-b96-7249189) for windows-amd64 JRE (11.0.10+0-b96-7249189), built on Mar 31 2021 21:44:00 by "builder" with MS VC++ 14.0 (VS2015)

END.
