#
# There is insufficient memory for the Java Runtime Environment to continue.
# Native memory allocation (malloc) failed to allocate 1521616 bytes for Chunk::new
# Possible reasons:
#   The system is out of physical RAM or swap space
#   The process is running with CompressedOops enabled, and the Java Heap may be blocking the growth of the native heap
# Possible solutions:
#   Reduce memory load on the system
#   Increase physical memory or swap space
#   Check if swap backing store is full
#   Decrease Java heap size (-Xmx/-Xms)
#   Decrease number of Java threads
#   Decrease Java thread stack sizes (-Xss)
#   Set larger code cache with -XX:ReservedCodeCacheSize=
#   JVM is running with Unscaled Compressed Oops mode in which the Java heap is
#     placed in the first 4GB address space. The Java Heap base address is the
#     maximum limit for the native heap growth. Please use -XX:HeapBaseMinAddress
#     to set the Java Heap base and to place the Java Heap above 4GB virtual address.
# This output file may be truncated or incomplete.
#
#  Out of Memory Error (./src/hotspot/share/memory/arena.cpp:197), pid=15492, tid=10288
#
# JRE version: OpenJDK Runtime Environment (11.0.10) (build 11.0.10+0-b96-7249189)
# Java VM: OpenJDK 64-Bit Server VM (11.0.10+0-b96-7249189, mixed mode, tiered, compressed oops, g1 gc, windows-amd64)
# No core dump will be written. Minidumps are not enabled by default on client versions of Windows
#

---------------  S U M M A R Y ------------

Command Line: --add-opens=java.base/java.util=ALL-UNNAMED --add-opens=java.base/java.lang=ALL-UNNAMED --add-opens=java.base/java.lang.invoke=ALL-UNNAMED --add-opens=java.base/java.util=ALL-UNNAMED --add-opens=java.prefs/java.util.prefs=ALL-UNNAMED --add-opens=java.prefs/java.util.prefs=ALL-UNNAMED --add-opens=java.base/java.nio.charset=ALL-UNNAMED --add-opens=java.base/java.net=ALL-UNNAMED --add-opens=java.base/java.util.concurrent.atomic=ALL-UNNAMED -Xmx2048m -Dfile.encoding=UTF-8 -Duser.country=IN -Duser.language=en -Duser.variant org.gradle.launcher.daemon.bootstrap.GradleDaemon 7.0.2

Host: AMD Ryzen 5 3550H with Radeon Vega Mobile Gfx  , 8 cores, 7G,  Windows 10 , 64 bit Build 22468 (10.0.22468.1000)
Time: Wed Oct  6 11:52:40 2021 India Standard Time elapsed time: 12.124551 seconds (0d 0h 0m 12s)

---------------  T H R E A D  ---------------

Current thread (0x0000026eb2606000):  JavaThread "C2 CompilerThread0" daemon [_thread_in_native, id=10288, stack(0x0000006f28b00000,0x0000006f28c00000)]


Current CompileTask:
C2:  12124 5788       4       java.lang.invoke.LambdaForm$Name::replaceNames (174 bytes)

Stack: [0x0000006f28b00000,0x0000006f28c00000]
Native frames: (J=compiled Java code, j=interpreted, Vv=VM code, C=native code)
V  [jvm.dll+0x5ecfaa]
V  [jvm.dll+0x722bd5]
V  [jvm.dll+0x72412d]
V  [jvm.dll+0x7247e3]
V  [jvm.dll+0x242928]
V  [jvm.dll+0xbc4fc]
V  [jvm.dll+0xbca0c]
V  [jvm.dll+0x352d3b]
V  [jvm.dll+0x197e0c]
V  [jvm.dll+0x1fb70e]
V  [jvm.dll+0x1fa7f4]
V  [jvm.dll+0x18354c]
V  [jvm.dll+0x208ee7]
V  [jvm.dll+0x207731]
V  [jvm.dll+0x6eb1cf]
V  [jvm.dll+0x6e3d45]
V  [jvm.dll+0x5ebe96]
C  [ucrtbase.dll+0x293cc]
C  [KERNEL32.DLL+0x16ab0]
C  [ntdll.dll+0x5c44b]


---------------  P R O C E S S  ---------------

Threads class SMR info:
_java_thread_list=0x0000026eb4b048c0, length=49, elements={
0x0000026e97934800, 0x0000026eb1dab000, 0x0000026eb1d97000, 0x0000026eb1db5000,
0x0000026eb1db8000, 0x0000026eb1db9800, 0x0000026eb2606000, 0x0000026eb2609000,
0x0000026eb2613800, 0x0000026eb278b800, 0x0000026eb506e800, 0x0000026eb293c800,
0x0000026eb4a5d800, 0x0000026eb4c2f000, 0x0000026eb49ba800, 0x0000026eb398e000,
0x0000026eb3d99800, 0x0000026eb4203800, 0x0000026eb44a4800, 0x0000026eb51f0800,
0x0000026eb51f3000, 0x0000026eb51f6800, 0x0000026eb51f2800, 0x0000026eb51f5800,
0x0000026eb51f4000, 0x0000026eb51f7000, 0x0000026eb51f4800, 0x0000026eb51f1800,
0x0000026eb4b55000, 0x0000026eb4b54000, 0x0000026eb4b56000, 0x0000026eb4b56800,
0x0000026eb4b51000, 0x0000026eb4b53800, 0x0000026eb4b52000, 0x0000026eb4b57800,
0x0000026eb4b58800, 0x0000026eb4b52800, 0x0000026eb4b5c800, 0x0000026eb4b59000,
0x0000026eb4b5f800, 0x0000026eb3c6a000, 0x0000026eb3c69000, 0x0000026eb3c70800,
0x0000026eb3c6d000, 0x0000026eb3c6f000, 0x0000026eb3c6b800, 0x0000026eb3c6c800,
0x0000026eb3c6e000
}

Java Threads: ( => current thread )
  0x0000026e97934800 JavaThread "main" [_thread_blocked, id=17772, stack(0x0000006f27f00000,0x0000006f28000000)]
  0x0000026eb1dab000 JavaThread "Reference Handler" daemon [_thread_blocked, id=16772, stack(0x0000006f28600000,0x0000006f28700000)]
  0x0000026eb1d97000 JavaThread "Finalizer" daemon [_thread_blocked, id=5852, stack(0x0000006f28700000,0x0000006f28800000)]
  0x0000026eb1db5000 JavaThread "Signal Dispatcher" daemon [_thread_blocked, id=3404, stack(0x0000006f28800000,0x0000006f28900000)]
  0x0000026eb1db8000 JavaThread "Attach Listener" daemon [_thread_blocked, id=6980, stack(0x0000006f28900000,0x0000006f28a00000)]
  0x0000026eb1db9800 JavaThread "Service Thread" daemon [_thread_blocked, id=7840, stack(0x0000006f28a00000,0x0000006f28b00000)]
=>0x0000026eb2606000 JavaThread "C2 CompilerThread0" daemon [_thread_in_native, id=10288, stack(0x0000006f28b00000,0x0000006f28c00000)]
  0x0000026eb2609000 JavaThread "C1 CompilerThread0" daemon [_thread_blocked, id=3088, stack(0x0000006f28c00000,0x0000006f28d00000)]
  0x0000026eb2613800 JavaThread "Sweeper thread" daemon [_thread_blocked, id=16476, stack(0x0000006f28d00000,0x0000006f28e00000)]
  0x0000026eb278b800 JavaThread "Common-Cleaner" daemon [_thread_blocked, id=4796, stack(0x0000006f28e00000,0x0000006f28f00000)]
  0x0000026eb506e800 JavaThread "Daemon health stats" [_thread_blocked, id=14208, stack(0x0000006f29300000,0x0000006f29400000)]
  0x0000026eb293c800 JavaThread "Incoming local TCP Connector on port 64806" [_thread_in_native, id=14508, stack(0x0000006f29000000,0x0000006f29100000)]
  0x0000026eb4a5d800 JavaThread "Daemon periodic checks" [_thread_blocked, id=4696, stack(0x0000006f29400000,0x0000006f29500000)]
  0x0000026eb4c2f000 JavaThread "Daemon" [_thread_blocked, id=5704, stack(0x0000006f29500000,0x0000006f29600000)]
  0x0000026eb49ba800 JavaThread "Handler for socket connection from /127.0.0.1:64806 to /127.0.0.1:64807" [_thread_in_native, id=12100, stack(0x0000006f29600000,0x0000006f29700000)]
  0x0000026eb398e000 JavaThread "Cancel handler" [_thread_blocked, id=336, stack(0x0000006f29800000,0x0000006f29900000)]
  0x0000026eb3d99800 JavaThread "Daemon worker" [_thread_in_Java, id=13784, stack(0x0000006f29900000,0x0000006f29a00000)]
  0x0000026eb4203800 JavaThread "Asynchronous log dispatcher for DefaultDaemonConnection: socket connection from /127.0.0.1:64806 to /127.0.0.1:64807" [_thread_blocked, id=8856, stack(0x0000006f29a00000,0x0000006f29b00000)]
  0x0000026eb44a4800 JavaThread "Stdin handler" [_thread_blocked, id=16416, stack(0x0000006f29b00000,0x0000006f29c00000)]
  0x0000026eb51f0800 JavaThread "Daemon client event forwarder" [_thread_blocked, id=3940, stack(0x0000006f29c00000,0x0000006f29d00000)]
  0x0000026eb51f3000 JavaThread "Cache worker for file hash cache (C:\Users\xpmkm\.gradle\caches\7.0.2\fileHashes)" [_thread_blocked, id=13472, stack(0x0000006f2a200000,0x0000006f2a300000)]
  0x0000026eb51f6800 JavaThread "File lock request listener" [_thread_in_native, id=10476, stack(0x0000006f2a300000,0x0000006f2a400000)]
  0x0000026eb51f2800 JavaThread "Cache worker for journal cache (C:\Users\xpmkm\.gradle\caches\journal-1)" [_thread_blocked, id=200, stack(0x0000006f2a500000,0x0000006f2a600000)]
  0x0000026eb51f5800 JavaThread "Cache worker for file hash cache (C:\Users\xpmkm\Desktop\update_code_vezilla-server\codecanyon-L2GSbXtH-dairy-products-grocery-daily-milk-delivery-mobile-app-with-subscription-customer-app-delivery\test-vezilla-android-workspace\.gradle\7.0.2\fileHashes)" [_thread_blocked, id=7384, stack(0x0000006f2a600000,0x0000006f2a700000)]
  0x0000026eb51f4000 JavaThread "File watcher server" daemon [_thread_in_native, id=10216, stack(0x0000006f2a700000,0x0000006f2a800000)]
  0x0000026eb51f7000 JavaThread "File watcher consumer" daemon [_thread_blocked, id=12536, stack(0x0000006f2a800000,0x0000006f2a900000)]
  0x0000026eb51f4800 JavaThread "jar transforms" [_thread_blocked, id=17928, stack(0x0000006f2a900000,0x0000006f2aa00000)]
  0x0000026eb51f1800 JavaThread "jar transforms Thread 2" [_thread_blocked, id=5696, stack(0x0000006f2aa00000,0x0000006f2ab00000)]
  0x0000026eb4b55000 JavaThread "jar transforms Thread 3" [_thread_blocked, id=9996, stack(0x0000006f2ab00000,0x0000006f2ac00000)]
  0x0000026eb4b54000 JavaThread "jar transforms Thread 4" [_thread_blocked, id=11128, stack(0x0000006f2ac00000,0x0000006f2ad00000)]
  0x0000026eb4b56000 JavaThread "jar transforms Thread 5" [_thread_blocked, id=14204, stack(0x0000006f2ad00000,0x0000006f2ae00000)]
  0x0000026eb4b56800 JavaThread "jar transforms Thread 6" [_thread_blocked, id=1096, stack(0x0000006f2ae00000,0x0000006f2af00000)]
  0x0000026eb4b51000 JavaThread "jar transforms Thread 7" [_thread_blocked, id=17316, stack(0x0000006f2af00000,0x0000006f2b000000)]
  0x0000026eb4b53800 JavaThread "jar transforms Thread 8" [_thread_blocked, id=6764, stack(0x0000006f2b000000,0x0000006f2b100000)]
  0x0000026eb4b52000 JavaThread "Cache worker for checksums cache (C:\Users\xpmkm\Desktop\update_code_vezilla-server\codecanyon-L2GSbXtH-dairy-products-grocery-daily-milk-delivery-mobile-app-with-subscription-customer-app-delivery\test-vezilla-android-workspace\.gradle\checksums)" [_thread_blocked, id=3360, stack(0x0000006f2b100000,0x0000006f2b200000)]
  0x0000026eb4b57800 JavaThread "Cache worker for cache directory md-supplier (C:\Users\xpmkm\.gradle\caches\7.0.2\md-supplier)" [_thread_blocked, id=8640, stack(0x0000006f2b200000,0x0000006f2b300000)]
  0x0000026eb4b58800 JavaThread "Cache worker for cache directory md-rule (C:\Users\xpmkm\.gradle\caches\7.0.2\md-rule)" [_thread_blocked, id=15876, stack(0x0000006f2b300000,0x0000006f2b400000)]
  0x0000026eb4b52800 JavaThread "Cache worker for execution history cache (C:\Users\xpmkm\.gradle\caches\7.0.2\executionHistory)" [_thread_blocked, id=8524, stack(0x0000006f2b400000,0x0000006f2b500000)]
  0x0000026eb4b5c800 JavaThread "Cache worker for file content cache (C:\Users\xpmkm\.gradle\caches\7.0.2\fileContent)" [_thread_blocked, id=7120, stack(0x0000006f2b500000,0x0000006f2b600000)]
  0x0000026eb4b59000 JavaThread "Cache worker for dependencies-accessors (C:\Users\xpmkm\Desktop\update_code_vezilla-server\codecanyon-L2GSbXtH-dairy-products-grocery-daily-milk-delivery-mobile-app-with-subscription-customer-app-delivery\test-vezilla-android-workspace\.gradle\7.0.2\dependencies-accessors)" [_thread_blocked, id=2352, stack(0x0000006f29700000,0x0000006f29800000)]
  0x0000026eb4b5f800 JavaThread "Cache worker for Build Output Cleanup Cache (C:\Users\xpmkm\Desktop\update_code_vezilla-server\codecanyon-L2GSbXtH-dairy-products-grocery-daily-milk-delivery-mobile-app-with-subscription-customer-app-delivery\test-vezilla-android-workspace\.gradle\buildOutputCleanup)" [_thread_blocked, id=12124, stack(0x0000006f2b600000,0x0000006f2b700000)]
  0x0000026eb3c6a000 JavaThread "Build operations" [_thread_blocked, id=16840, stack(0x0000006f2b700000,0x0000006f2b800000)]
  0x0000026eb3c69000 JavaThread "Build operations Thread 2" [_thread_blocked, id=16320, stack(0x0000006f2b800000,0x0000006f2b900000)]
  0x0000026eb3c70800 JavaThread "Build operations Thread 3" [_thread_blocked, id=8752, stack(0x0000006f2b900000,0x0000006f2ba00000)]
  0x0000026eb3c6d000 JavaThread "Build operations Thread 4" [_thread_blocked, id=10392, stack(0x0000006f2ba00000,0x0000006f2bb00000)]
  0x0000026eb3c6f000 JavaThread "Build operations Thread 5" [_thread_blocked, id=8920, stack(0x0000006f2bb00000,0x0000006f2bc00000)]
  0x0000026eb3c6b800 JavaThread "Build operations Thread 6" [_thread_blocked, id=12160, stack(0x0000006f2bc00000,0x0000006f2bd00000)]
  0x0000026eb3c6c800 JavaThread "Build operations Thread 7" [_thread_blocked, id=13048, stack(0x0000006f2bd00000,0x0000006f2be00000)]
  0x0000026eb3c6e000 JavaThread "Build operations Thread 8" [_thread_blocked, id=6040, stack(0x0000006f2be00000,0x0000006f2bf00000)]

Other Threads:
  0x0000026eb1d95800 VMThread "VM Thread" [stack: 0x0000006f28500000,0x0000006f28600000] [id=12040]
  0x0000026eb27c0000 WatcherThread [stack: 0x0000006f28f00000,0x0000006f29000000] [id=13372]
  0x0000026e9794e000 GCTaskThread "GC Thread#0" [stack: 0x0000006f28000000,0x0000006f28100000] [id=5208]
  0x0000026eb3489000 GCTaskThread "GC Thread#1" [stack: 0x0000006f29100000,0x0000006f29200000] [id=1388]
  0x0000026eb32af800 GCTaskThread "GC Thread#2" [stack: 0x0000006f29200000,0x0000006f29300000] [id=12748]
  0x0000026eb4a10800 GCTaskThread "GC Thread#3" [stack: 0x0000006f29d00000,0x0000006f29e00000] [id=4960]
  0x0000026eb570b800 GCTaskThread "GC Thread#4" [stack: 0x0000006f29e00000,0x0000006f29f00000] [id=1204]
  0x0000026eb489e000 GCTaskThread "GC Thread#5" [stack: 0x0000006f29f00000,0x0000006f2a000000] [id=456]
  0x0000026eb489e800 GCTaskThread "GC Thread#6" [stack: 0x0000006f2a000000,0x0000006f2a100000] [id=13212]
  0x0000026eb40e9800 GCTaskThread "GC Thread#7" [stack: 0x0000006f2a100000,0x0000006f2a200000] [id=16244]
  0x0000026e97980000 ConcurrentGCThread "G1 Main Marker" [stack: 0x0000006f28100000,0x0000006f28200000] [id=13496]
  0x0000026e97981800 ConcurrentGCThread "G1 Conc#0" [stack: 0x0000006f28200000,0x0000006f28300000] [id=2420]
  0x0000026eb5b26800 ConcurrentGCThread "G1 Conc#1" [stack: 0x0000006f2a400000,0x0000006f2a500000] [id=6448]
  0x0000026e979fe000 ConcurrentGCThread "G1 Refine#0" [stack: 0x0000006f28300000,0x0000006f28400000] [id=3040]
  0x0000026eb1be4800 ConcurrentGCThread "G1 Young RemSet Sampling" [stack: 0x0000006f28400000,0x0000006f28500000] [id=5560]

Threads with active compile tasks:
C2 CompilerThread0  12152 5788       4       java.lang.invoke.LambdaForm$Name::replaceNames (174 bytes)
C1 CompilerThread0  12152 6164       2       java.util.TimSort::mergeHi (732 bytes)

VM state:not at safepoint (normal execution)

VM Mutex/Monitor currently owned by a thread: None

Heap address: 0x0000000080000000, size: 2048 MB, Compressed Oops mode: 32-bit
Narrow klass base: 0x0000000000000000, Narrow klass shift: 3
Compressed class space size: 1073741824 Address: 0x0000000100000000

Heap:
 garbage-first heap   total 155648K, used 101304K [0x0000000080000000, 0x0000000100000000)
  region size 1024K, 40 young (40960K), 8 survivors (8192K)
 Metaspace       used 60493K, capacity 62279K, committed 62464K, reserved 1103872K
  class space    used 7819K, capacity 8395K, committed 8448K, reserved 1048576K
Heap Regions: E=young(eden), S=young(survivor), O=old, HS=humongous(starts), HC=humongous(continues), CS=collection set, F=free, A=archive, TAMS=top-at-mark-start (previous, next)
|   0|0x0000000080000000, 0x0000000080100000, 0x0000000080100000|100%| O|  |TAMS 0x0000000080100000, 0x0000000080000000| Untracked 
|   1|0x0000000080100000, 0x0000000080200000, 0x0000000080200000|100%| O|  |TAMS 0x0000000080200000, 0x0000000080100000| Untracked 
|   2|0x0000000080200000, 0x0000000080300000, 0x0000000080300000|100%| O|  |TAMS 0x0000000080300000, 0x0000000080200000| Untracked 
|   3|0x0000000080300000, 0x0000000080400000, 0x0000000080400000|100%|HS|  |TAMS 0x0000000080400000, 0x0000000080300000| Complete 
|   4|0x0000000080400000, 0x0000000080500000, 0x0000000080500000|100%|HC|  |TAMS 0x0000000080500000, 0x0000000080400000| Complete 
|   5|0x0000000080500000, 0x0000000080600000, 0x0000000080600000|100%|HC|  |TAMS 0x0000000080600000, 0x0000000080500000| Complete 
|   6|0x0000000080600000, 0x0000000080700000, 0x0000000080700000|100%| O|  |TAMS 0x0000000080700000, 0x0000000080600000| Untracked 
|   7|0x0000000080700000, 0x0000000080800000, 0x0000000080800000|100%| O|  |TAMS 0x0000000080800000, 0x0000000080700000| Untracked 
|   8|0x0000000080800000, 0x0000000080900000, 0x0000000080900000|100%| O|  |TAMS 0x0000000080900000, 0x0000000080800000| Untracked 
|   9|0x0000000080900000, 0x0000000080a00000, 0x0000000080a00000|100%| O|  |TAMS 0x0000000080a00000, 0x0000000080900000| Untracked 
|  10|0x0000000080a00000, 0x0000000080b00000, 0x0000000080b00000|100%| O|  |TAMS 0x0000000080b00000, 0x0000000080a00000| Untracked 
|  11|0x0000000080b00000, 0x0000000080c00000, 0x0000000080c00000|100%| O|  |TAMS 0x0000000080c00000, 0x0000000080b00000| Untracked 
|  12|0x0000000080c00000, 0x0000000080d00000, 0x0000000080d00000|100%| O|  |TAMS 0x0000000080d00000, 0x0000000080c00000| Untracked 
|  13|0x0000000080d00000, 0x0000000080e00000, 0x0000000080e00000|100%| O|  |TAMS 0x0000000080e00000, 0x0000000080d00000| Untracked 
|  14|0x0000000080e00000, 0x0000000080f00000, 0x0000000080f00000|100%| O|  |TAMS 0x0000000080f00000, 0x0000000080e00000| Untracked 
|  15|0x0000000080f00000, 0x0000000081000000, 0x0000000081000000|100%| O|  |TAMS 0x0000000081000000, 0x0000000080f00000| Untracked 
|  16|0x0000000081000000, 0x0000000081100000, 0x0000000081100000|100%|HS|  |TAMS 0x0000000081100000, 0x0000000081000000| Complete 
|  17|0x0000000081100000, 0x0000000081200000, 0x0000000081200000|100%|HC|  |TAMS 0x0000000081200000, 0x0000000081100000| Complete 
|  18|0x0000000081200000, 0x0000000081300000, 0x0000000081300000|100%|HS|  |TAMS 0x0000000081300000, 0x0000000081200000| Complete 
|  19|0x0000000081300000, 0x0000000081400000, 0x0000000081400000|100%|HC|  |TAMS 0x0000000081400000, 0x0000000081300000| Complete 
|  20|0x0000000081400000, 0x0000000081500000, 0x0000000081500000|100%|HC|  |TAMS 0x0000000081500000, 0x0000000081400000| Complete 
|  21|0x0000000081500000, 0x0000000081600000, 0x0000000081600000|100%|HS|  |TAMS 0x0000000081600000, 0x0000000081500000| Complete 
|  22|0x0000000081600000, 0x0000000081700000, 0x0000000081700000|100%|HC|  |TAMS 0x0000000081700000, 0x0000000081600000| Complete 
|  23|0x0000000081700000, 0x0000000081800000, 0x0000000081800000|100%|HC|  |TAMS 0x0000000081800000, 0x0000000081700000| Complete 
|  24|0x0000000081800000, 0x0000000081900000, 0x0000000081900000|100%|HC|  |TAMS 0x0000000081900000, 0x0000000081800000| Complete 
|  25|0x0000000081900000, 0x0000000081a00000, 0x0000000081a00000|100%|HC|  |TAMS 0x0000000081a00000, 0x0000000081900000| Complete 
|  26|0x0000000081a00000, 0x0000000081b00000, 0x0000000081b00000|100%| O|  |TAMS 0x0000000081b00000, 0x0000000081a00000| Untracked 
|  27|0x0000000081b00000, 0x0000000081c00000, 0x0000000081c00000|100%| O|  |TAMS 0x0000000081c00000, 0x0000000081b00000| Untracked 
|  28|0x0000000081c00000, 0x0000000081d00000, 0x0000000081d00000|100%| O|  |TAMS 0x0000000081d00000, 0x0000000081c00000| Untracked 
|  29|0x0000000081d00000, 0x0000000081e00000, 0x0000000081e00000|100%| O|  |TAMS 0x0000000081e00000, 0x0000000081d00000| Untracked 
|  30|0x0000000081e00000, 0x0000000081f00000, 0x0000000081f00000|100%| O|  |TAMS 0x0000000081f00000, 0x0000000081e00000| Untracked 
|  31|0x0000000081f00000, 0x0000000082000000, 0x0000000082000000|100%| O|  |TAMS 0x0000000082000000, 0x0000000081f00000| Untracked 
|  32|0x0000000082000000, 0x0000000082100000, 0x0000000082100000|100%| O|  |TAMS 0x000000008206d400, 0x0000000082000000| Untracked 
|  33|0x0000000082100000, 0x0000000082200000, 0x0000000082200000|100%|HS|  |TAMS 0x0000000082100000, 0x0000000082100000| Complete 
|  34|0x0000000082200000, 0x0000000082300000, 0x0000000082300000|100%|HC|  |TAMS 0x0000000082200000, 0x0000000082200000| Complete 
|  35|0x0000000082300000, 0x0000000082400000, 0x0000000082400000|100%|HC|  |TAMS 0x0000000082300000, 0x0000000082300000| Complete 
|  36|0x0000000082400000, 0x0000000082500000, 0x0000000082500000|100%|HC|  |TAMS 0x0000000082400000, 0x0000000082400000| Complete 
|  37|0x0000000082500000, 0x0000000082600000, 0x0000000082600000|100%|HC|  |TAMS 0x0000000082500000, 0x0000000082500000| Complete 
|  38|0x0000000082600000, 0x0000000082700000, 0x0000000082700000|100%|HS|  |TAMS 0x0000000082600000, 0x0000000082600000| Complete 
|  39|0x0000000082700000, 0x0000000082800000, 0x0000000082800000|100%|HC|  |TAMS 0x0000000082700000, 0x0000000082700000| Complete 
|  40|0x0000000082800000, 0x0000000082900000, 0x0000000082900000|100%|HC|  |TAMS 0x0000000082800000, 0x0000000082800000| Complete 
|  41|0x0000000082900000, 0x0000000082a00000, 0x0000000082a00000|100%| O|  |TAMS 0x0000000082900000, 0x0000000082900000| Untracked 
|  42|0x0000000082a00000, 0x0000000082b00000, 0x0000000082b00000|100%| O|  |TAMS 0x0000000082a00000, 0x0000000082a00000| Untracked 
|  43|0x0000000082b00000, 0x0000000082c00000, 0x0000000082c00000|100%| O|  |TAMS 0x0000000082b00000, 0x0000000082b00000| Untracked 
|  44|0x0000000082c00000, 0x0000000082d00000, 0x0000000082d00000|100%| O|  |TAMS 0x0000000082c00000, 0x0000000082c00000| Untracked 
|  45|0x0000000082d00000, 0x0000000082e00000, 0x0000000082e00000|100%| O|  |TAMS 0x0000000082d00000, 0x0000000082d00000| Untracked 
|  46|0x0000000082e00000, 0x0000000082f00000, 0x0000000082f00000|100%| O|  |TAMS 0x0000000082e00000, 0x0000000082e00000| Untracked 
|  47|0x0000000082f00000, 0x0000000083000000, 0x0000000083000000|100%| O|  |TAMS 0x0000000082f00000, 0x0000000082f00000| Untracked 
|  48|0x0000000083000000, 0x0000000083100000, 0x0000000083100000|100%| O|  |TAMS 0x0000000083000000, 0x0000000083000000| Untracked 
|  49|0x0000000083100000, 0x0000000083200000, 0x0000000083200000|100%| O|  |TAMS 0x0000000083100000, 0x0000000083100000| Untracked 
|  50|0x0000000083200000, 0x0000000083300000, 0x0000000083300000|100%| O|  |TAMS 0x0000000083200000, 0x0000000083200000| Untracked 
|  51|0x0000000083300000, 0x0000000083400000, 0x0000000083400000|100%|HS|  |TAMS 0x0000000083300000, 0x0000000083300000| Complete 
|  52|0x0000000083400000, 0x0000000083500000, 0x0000000083500000|100%|HS|  |TAMS 0x0000000083400000, 0x0000000083400000| Complete 
|  53|0x0000000083500000, 0x0000000083600000, 0x0000000083600000|100%|HS|  |TAMS 0x0000000083500000, 0x0000000083500000| Complete 
|  54|0x0000000083600000, 0x0000000083700000, 0x0000000083700000|100%|HC|  |TAMS 0x0000000083600000, 0x0000000083600000| Complete 
|  55|0x0000000083700000, 0x0000000083800000, 0x0000000083800000|100%| O|  |TAMS 0x0000000083700000, 0x0000000083700000| Untracked 
|  56|0x0000000083800000, 0x0000000083900000, 0x0000000083900000|100%| O|  |TAMS 0x0000000083800000, 0x0000000083800000| Untracked 
|  57|0x0000000083900000, 0x0000000083a00000, 0x0000000083a00000|100%| O|  |TAMS 0x0000000083900000, 0x0000000083900000| Untracked 
|  58|0x0000000083a00000, 0x0000000083b00000, 0x0000000083b00000|100%| O|  |TAMS 0x0000000083a00000, 0x0000000083a00000| Untracked 
|  59|0x0000000083b00000, 0x0000000083c00000, 0x0000000083c00000|100%| O|  |TAMS 0x0000000083b00000, 0x0000000083b00000| Untracked 
|  60|0x0000000083c00000, 0x0000000083cee200, 0x0000000083d00000| 93%| O|  |TAMS 0x0000000083c00000, 0x0000000083c00000| Untracked 
|  61|0x0000000083d00000, 0x0000000083d00000, 0x0000000083e00000|  0%| F|  |TAMS 0x0000000083d00000, 0x0000000083d00000| Untracked 
|  62|0x0000000083e00000, 0x0000000083e00000, 0x0000000083f00000|  0%| F|  |TAMS 0x0000000083e00000, 0x0000000083e00000| Untracked 
|  63|0x0000000083f00000, 0x0000000083f00000, 0x0000000084000000|  0%| F|  |TAMS 0x0000000083f00000, 0x0000000083f00000| Untracked 
|  64|0x0000000084000000, 0x0000000084000000, 0x0000000084100000|  0%| F|  |TAMS 0x0000000084000000, 0x0000000084000000| Untracked 
|  65|0x0000000084100000, 0x0000000084100000, 0x0000000084200000|  0%| F|  |TAMS 0x0000000084100000, 0x0000000084100000| Untracked 
|  66|0x0000000084200000, 0x0000000084200000, 0x0000000084300000|  0%| F|  |TAMS 0x0000000084200000, 0x0000000084200000| Untracked 
|  67|0x0000000084300000, 0x0000000084300000, 0x0000000084400000|  0%| F|  |TAMS 0x0000000084300000, 0x0000000084300000| Untracked 
|  68|0x0000000084400000, 0x0000000084400000, 0x0000000084500000|  0%| F|  |TAMS 0x0000000084400000, 0x0000000084400000| Untracked 
|  69|0x0000000084500000, 0x0000000084500000, 0x0000000084600000|  0%| F|  |TAMS 0x0000000084500000, 0x0000000084500000| Untracked 
|  70|0x0000000084600000, 0x0000000084600000, 0x0000000084700000|  0%| F|  |TAMS 0x0000000084600000, 0x0000000084600000| Untracked 
|  71|0x0000000084700000, 0x0000000084700000, 0x0000000084800000|  0%| F|  |TAMS 0x0000000084700000, 0x0000000084700000| Untracked 
|  72|0x0000000084800000, 0x0000000084800000, 0x0000000084900000|  0%| F|  |TAMS 0x0000000084800000, 0x0000000084800000| Untracked 
|  73|0x0000000084900000, 0x0000000084900000, 0x0000000084a00000|  0%| F|  |TAMS 0x0000000084900000, 0x0000000084900000| Untracked 
|  74|0x0000000084a00000, 0x0000000084a00000, 0x0000000084b00000|  0%| F|  |TAMS 0x0000000084a00000, 0x0000000084a00000| Untracked 
|  75|0x0000000084b00000, 0x0000000084b00000, 0x0000000084c00000|  0%| F|  |TAMS 0x0000000084b00000, 0x0000000084b00000| Untracked 
|  76|0x0000000084c00000, 0x0000000084c00000, 0x0000000084d00000|  0%| F|  |TAMS 0x0000000084c00000, 0x0000000084c00000| Untracked 
|  77|0x0000000084d00000, 0x0000000084d00000, 0x0000000084e00000|  0%| F|  |TAMS 0x0000000084d00000, 0x0000000084d00000| Untracked 
|  78|0x0000000084e00000, 0x0000000084e00000, 0x0000000084f00000|  0%| F|  |TAMS 0x0000000084e00000, 0x0000000084e00000| Untracked 
|  79|0x0000000084f00000, 0x0000000084f00000, 0x0000000085000000|  0%| F|  |TAMS 0x0000000084f00000, 0x0000000084f00000| Untracked 
|  80|0x0000000085000000, 0x0000000085000000, 0x0000000085100000|  0%| F|  |TAMS 0x0000000085000000, 0x0000000085000000| Untracked 
|  81|0x0000000085100000, 0x0000000085100000, 0x0000000085200000|  0%| F|  |TAMS 0x0000000085100000, 0x0000000085100000| Untracked 
|  82|0x0000000085200000, 0x0000000085200000, 0x0000000085300000|  0%| F|  |TAMS 0x0000000085200000, 0x0000000085200000| Untracked 
|  83|0x0000000085300000, 0x0000000085300000, 0x0000000085400000|  0%| F|  |TAMS 0x0000000085300000, 0x0000000085300000| Untracked 
|  84|0x0000000085400000, 0x0000000085400000, 0x0000000085500000|  0%| F|  |TAMS 0x0000000085400000, 0x0000000085400000| Untracked 
|  85|0x0000000085500000, 0x0000000085600000, 0x0000000085600000|100%| S|CS|TAMS 0x0000000085500000, 0x0000000085500000| Complete 
|  86|0x0000000085600000, 0x0000000085700000, 0x0000000085700000|100%| S|CS|TAMS 0x0000000085600000, 0x0000000085600000| Complete 
|  87|0x0000000085700000, 0x0000000085800000, 0x0000000085800000|100%| S|CS|TAMS 0x0000000085700000, 0x0000000085700000| Complete 
|  88|0x0000000085800000, 0x0000000085900000, 0x0000000085900000|100%| S|CS|TAMS 0x0000000085800000, 0x0000000085800000| Complete 
|  89|0x0000000085900000, 0x0000000085a00000, 0x0000000085a00000|100%| S|CS|TAMS 0x0000000085900000, 0x0000000085900000| Complete 
|  90|0x0000000085a00000, 0x0000000085b00000, 0x0000000085b00000|100%| S|CS|TAMS 0x0000000085a00000, 0x0000000085a00000| Complete 
|  91|0x0000000085b00000, 0x0000000085b00000, 0x0000000085c00000|  0%| F|  |TAMS 0x0000000085b00000, 0x0000000085b00000| Untracked 
|  92|0x0000000085c00000, 0x0000000085c00000, 0x0000000085d00000|  0%| F|  |TAMS 0x0000000085c00000, 0x0000000085c00000| Untracked 
|  93|0x0000000085d00000, 0x0000000085d00000, 0x0000000085e00000|  0%| F|  |TAMS 0x0000000085d00000, 0x0000000085d00000| Untracked 
|  94|0x0000000085e00000, 0x0000000085e00000, 0x0000000085f00000|  0%| F|  |TAMS 0x0000000085e00000, 0x0000000085e00000| Untracked 
|  95|0x0000000085f00000, 0x0000000085f00000, 0x0000000086000000|  0%| F|  |TAMS 0x0000000085f00000, 0x0000000085f00000| Untracked 
|  96|0x0000000086000000, 0x0000000086000000, 0x0000000086100000|  0%| F|  |TAMS 0x0000000086000000, 0x0000000086000000| Untracked 
|  97|0x0000000086100000, 0x0000000086100000, 0x0000000086200000|  0%| F|  |TAMS 0x0000000086100000, 0x0000000086100000| Untracked 
|  98|0x0000000086200000, 0x0000000086300000, 0x0000000086300000|100%| S|CS|TAMS 0x0000000086200000, 0x0000000086200000| Complete 
|  99|0x0000000086300000, 0x0000000086400000, 0x0000000086400000|100%| S|CS|TAMS 0x0000000086300000, 0x0000000086300000| Complete 
| 100|0x0000000086400000, 0x0000000086400000, 0x0000000086500000|  0%| F|  |TAMS 0x0000000086400000, 0x0000000086400000| Untracked 
| 101|0x0000000086500000, 0x0000000086500000, 0x0000000086600000|  0%| F|  |TAMS 0x0000000086500000, 0x0000000086500000| Untracked 
| 102|0x0000000086600000, 0x0000000086600000, 0x0000000086700000|  0%| F|  |TAMS 0x0000000086600000, 0x0000000086600000| Untracked 
| 103|0x0000000086700000, 0x0000000086700000, 0x0000000086800000|  0%| F|  |TAMS 0x0000000086700000, 0x0000000086700000| Untracked 
| 104|0x0000000086800000, 0x0000000086800000, 0x0000000086900000|  0%| F|  |TAMS 0x0000000086800000, 0x0000000086800000| Untracked 
| 105|0x0000000086900000, 0x0000000086900000, 0x0000000086a00000|  0%| F|  |TAMS 0x0000000086900000, 0x0000000086900000| Untracked 
| 106|0x0000000086a00000, 0x0000000086a00000, 0x0000000086b00000|  0%| F|  |TAMS 0x0000000086a00000, 0x0000000086a00000| Untracked 
| 107|0x0000000086b00000, 0x0000000086b00000, 0x0000000086c00000|  0%| F|  |TAMS 0x0000000086b00000, 0x0000000086b00000| Untracked 
| 108|0x0000000086c00000, 0x0000000086c00000, 0x0000000086d00000|  0%| F|  |TAMS 0x0000000086c00000, 0x0000000086c00000| Untracked 
| 109|0x0000000086d00000, 0x0000000086d00000, 0x0000000086e00000|  0%| F|  |TAMS 0x0000000086d00000, 0x0000000086d00000| Untracked 
| 110|0x0000000086e00000, 0x0000000086e00000, 0x0000000086f00000|  0%| F|  |TAMS 0x0000000086e00000, 0x0000000086e00000| Untracked 
| 111|0x0000000086f00000, 0x0000000086f00000, 0x0000000087000000|  0%| F|  |TAMS 0x0000000086f00000, 0x0000000086f00000| Untracked 
| 112|0x0000000087000000, 0x0000000087000000, 0x0000000087100000|  0%| F|  |TAMS 0x0000000087000000, 0x0000000087000000| Untracked 
| 113|0x0000000087100000, 0x0000000087100000, 0x0000000087200000|  0%| F|  |TAMS 0x0000000087100000, 0x0000000087100000| Untracked 
| 114|0x0000000087200000, 0x0000000087200000, 0x0000000087300000|  0%| F|  |TAMS 0x0000000087200000, 0x0000000087200000| Untracked 
| 115|0x0000000087300000, 0x0000000087300000, 0x0000000087400000|  0%| F|  |TAMS 0x0000000087300000, 0x0000000087300000| Untracked 
| 116|0x0000000087400000, 0x0000000087400000, 0x0000000087500000|  0%| F|  |TAMS 0x0000000087400000, 0x0000000087400000| Untracked 
| 117|0x0000000087500000, 0x0000000087500000, 0x0000000087600000|  0%| F|  |TAMS 0x0000000087500000, 0x0000000087500000| Untracked 
| 118|0x0000000087600000, 0x0000000087600000, 0x0000000087700000|  0%| F|  |TAMS 0x0000000087600000, 0x0000000087600000| Untracked 
| 119|0x0000000087700000, 0x0000000087700000, 0x0000000087800000|  0%| F|  |TAMS 0x0000000087700000, 0x0000000087700000| Untracked 
| 120|0x0000000087800000, 0x0000000087900000, 0x0000000087900000|100%| E|  |TAMS 0x0000000087800000, 0x0000000087800000| Complete 
| 121|0x0000000087900000, 0x0000000087a00000, 0x0000000087a00000|100%| E|CS|TAMS 0x0000000087900000, 0x0000000087900000| Complete 
| 122|0x0000000087a00000, 0x0000000087b00000, 0x0000000087b00000|100%| E|CS|TAMS 0x0000000087a00000, 0x0000000087a00000| Complete 
| 123|0x0000000087b00000, 0x0000000087c00000, 0x0000000087c00000|100%| E|CS|TAMS 0x0000000087b00000, 0x0000000087b00000| Complete 
| 124|0x0000000087c00000, 0x0000000087d00000, 0x0000000087d00000|100%| E|CS|TAMS 0x0000000087c00000, 0x0000000087c00000| Complete 
| 125|0x0000000087d00000, 0x0000000087e00000, 0x0000000087e00000|100%| E|CS|TAMS 0x0000000087d00000, 0x0000000087d00000| Complete 
| 126|0x0000000087e00000, 0x0000000087f00000, 0x0000000087f00000|100%| E|CS|TAMS 0x0000000087e00000, 0x0000000087e00000| Complete 
| 127|0x0000000087f00000, 0x0000000088000000, 0x0000000088000000|100%| E|CS|TAMS 0x0000000087f00000, 0x0000000087f00000| Complete 
| 128|0x0000000088000000, 0x0000000088100000, 0x0000000088100000|100%| E|CS|TAMS 0x0000000088000000, 0x0000000088000000| Complete 
| 129|0x0000000088100000, 0x0000000088200000, 0x0000000088200000|100%| E|CS|TAMS 0x0000000088100000, 0x0000000088100000| Complete 
| 130|0x0000000088200000, 0x0000000088300000, 0x0000000088300000|100%| E|CS|TAMS 0x0000000088200000, 0x0000000088200000| Complete 
| 131|0x0000000088300000, 0x0000000088400000, 0x0000000088400000|100%| E|CS|TAMS 0x0000000088300000, 0x0000000088300000| Complete 
| 132|0x0000000088400000, 0x0000000088500000, 0x0000000088500000|100%| E|CS|TAMS 0x0000000088400000, 0x0000000088400000| Complete 
| 133|0x0000000088500000, 0x0000000088600000, 0x0000000088600000|100%| E|CS|TAMS 0x0000000088500000, 0x0000000088500000| Complete 
| 134|0x0000000088600000, 0x0000000088700000, 0x0000000088700000|100%| E|CS|TAMS 0x0000000088600000, 0x0000000088600000| Complete 
| 135|0x0000000088700000, 0x0000000088800000, 0x0000000088800000|100%| E|CS|TAMS 0x0000000088700000, 0x0000000088700000| Complete 
| 136|0x0000000088800000, 0x0000000088900000, 0x0000000088900000|100%| E|CS|TAMS 0x0000000088800000, 0x0000000088800000| Complete 
| 137|0x0000000088900000, 0x0000000088a00000, 0x0000000088a00000|100%| E|CS|TAMS 0x0000000088900000, 0x0000000088900000| Complete 
| 138|0x0000000088a00000, 0x0000000088b00000, 0x0000000088b00000|100%| E|CS|TAMS 0x0000000088a00000, 0x0000000088a00000| Complete 
| 139|0x0000000088b00000, 0x0000000088c00000, 0x0000000088c00000|100%| E|CS|TAMS 0x0000000088b00000, 0x0000000088b00000| Complete 
| 140|0x0000000088c00000, 0x0000000088d00000, 0x0000000088d00000|100%| E|CS|TAMS 0x0000000088c00000, 0x0000000088c00000| Complete 
| 141|0x0000000088d00000, 0x0000000088e00000, 0x0000000088e00000|100%| E|CS|TAMS 0x0000000088d00000, 0x0000000088d00000| Complete 
| 142|0x0000000088e00000, 0x0000000088f00000, 0x0000000088f00000|100%| E|  |TAMS 0x0000000088e00000, 0x0000000088e00000| Complete 
| 143|0x0000000088f00000, 0x0000000089000000, 0x0000000089000000|100%| E|CS|TAMS 0x0000000088f00000, 0x0000000088f00000| Complete 
| 144|0x0000000089000000, 0x0000000089100000, 0x0000000089100000|100%| E|CS|TAMS 0x0000000089000000, 0x0000000089000000| Complete 
| 145|0x0000000089100000, 0x0000000089200000, 0x0000000089200000|100%| E|CS|TAMS 0x0000000089100000, 0x0000000089100000| Complete 
| 146|0x0000000089200000, 0x0000000089300000, 0x0000000089300000|100%| E|CS|TAMS 0x0000000089200000, 0x0000000089200000| Complete 
| 147|0x0000000089300000, 0x0000000089400000, 0x0000000089400000|100%| E|CS|TAMS 0x0000000089300000, 0x0000000089300000| Complete 
| 148|0x0000000089400000, 0x0000000089500000, 0x0000000089500000|100%| E|CS|TAMS 0x0000000089400000, 0x0000000089400000| Complete 
| 149|0x0000000089500000, 0x0000000089600000, 0x0000000089600000|100%| E|CS|TAMS 0x0000000089500000, 0x0000000089500000| Complete 
| 150|0x0000000089600000, 0x0000000089700000, 0x0000000089700000|100%| E|CS|TAMS 0x0000000089600000, 0x0000000089600000| Complete 
| 151|0x0000000089700000, 0x0000000089800000, 0x0000000089800000|100%| E|CS|TAMS 0x0000000089700000, 0x0000000089700000| Complete 

Card table byte_map: [0x0000026eaab40000,0x0000026eaaf40000] _byte_map_base: 0x0000026eaa740000

Marking Bits (Prev, Next): (CMBitMap*) 0x0000026e979771f0, (CMBitMap*) 0x0000026e979771b8
 Prev Bits: [0x0000026ead340000, 0x0000026eaf340000)
 Next Bits: [0x0000026eab340000, 0x0000026ead340000)

Polling page: 0x0000026e95870000

Metaspace:

Usage:
  Non-class:     52.62 MB capacity,    51.45 MB ( 98%) used,     1.02 MB (  2%) free+waste,   156.06 KB ( <1%) overhead. 
      Class:      8.20 MB capacity,     7.64 MB ( 93%) used,   501.09 KB (  6%) free+waste,    74.06 KB ( <1%) overhead. 
       Both:     60.82 MB capacity,    59.09 MB ( 97%) used,     1.51 MB (  2%) free+waste,   230.13 KB ( <1%) overhead. 

Virtual space:
  Non-class space:       54.00 MB reserved,      52.75 MB ( 98%) committed 
      Class space:        1.00 GB reserved,       8.25 MB ( <1%) committed 
             Both:        1.05 GB reserved,      61.00 MB (  6%) committed 

Chunk freelists:
   Non-Class:  4.00 KB
       Class:  21.00 KB
        Both:  25.00 KB

MaxMetaspaceSize: 17179869184.00 GB
CompressedClassSpaceSize: 1.00 GB

CodeHeap 'non-profiled nmethods': size=120000Kb used=2767Kb max_used=2767Kb free=117232Kb
 bounds [0x0000026ea2ee0000, 0x0000026ea31a0000, 0x0000026eaa410000]
CodeHeap 'profiled nmethods': size=120000Kb used=12371Kb max_used=12371Kb free=107628Kb
 bounds [0x0000026e9b9b0000, 0x0000026e9c5d0000, 0x0000026ea2ee0000]
CodeHeap 'non-nmethods': size=5760Kb used=2263Kb max_used=2291Kb free=3496Kb
 bounds [0x0000026e9b410000, 0x0000026e9b680000, 0x0000026e9b9b0000]
 total_blobs=6900 nmethods=6043 adapters=767
 compilation: enabled
              stopped_count=0, restarted_count=0
 full_count=0

Compilation events (20 events):
Event: 12.113 Thread 0x0000026eb2609000 nmethod 6097 0x0000026e9c5ab190 code [0x0000026e9c5ab360, 0x0000026e9c5ab588]
Event: 12.113 Thread 0x0000026eb2609000 6095       2       java.util.ArrayDeque::addFirst (51 bytes)
Event: 12.113 Thread 0x0000026eb2609000 nmethod 6095 0x0000026e9c5ab690 code [0x0000026e9c5ab860, 0x0000026e9c5abb38]
Event: 12.113 Thread 0x0000026eb2609000 6103       2       java.util.ArrayDeque::push (6 bytes)
Event: 12.113 Thread 0x0000026eb2609000 nmethod 6103 0x0000026e9c5abc90 code [0x0000026e9c5abe40, 0x0000026e9c5abf48]
Event: 12.113 Thread 0x0000026eb2609000 6104       1       groovyjarjarantlr4.v4.runtime.atn.RuleStopState::getNonStopStateNumber (2 bytes)
Event: 12.113 Thread 0x0000026eb2609000 nmethod 6104 0x0000026ea3191090 code [0x0000026ea3191240, 0x0000026ea31912f8]
Event: 12.113 Thread 0x0000026eb2609000 6101       1       groovyjarjarantlr4.v4.runtime.atn.EmptyPredictionContext::hasEmpty (2 bytes)
Event: 12.114 Thread 0x0000026eb2609000 nmethod 6101 0x0000026ea3191390 code [0x0000026ea3191540, 0x0000026ea31915f8]
Event: 12.114 Thread 0x0000026eb2609000 6098       1       groovyjarjarantlr4.v4.runtime.atn.PlusBlockStartState::getStateType (2 bytes)
Event: 12.114 Thread 0x0000026eb2609000 nmethod 6098 0x0000026ea3191690 code [0x0000026ea3191840, 0x0000026ea31918f8]
Event: 12.114 Thread 0x0000026eb2609000 6105       1       groovyjarjarantlr4.v4.runtime.atn.PredicateTransition::isEpsilon (2 bytes)
Event: 12.114 Thread 0x0000026eb2609000 nmethod 6105 0x0000026ea3191990 code [0x0000026ea3191b40, 0x0000026ea3191bf8]
Event: 12.117 Thread 0x0000026eb2609000 6109       2       java.util.BitSet::expandTo (23 bytes)
Event: 12.117 Thread 0x0000026eb2609000 nmethod 6109 0x0000026e9c5ac010 code [0x0000026e9c5ac1c0, 0x0000026e9c5ac308]
Event: 12.117 Thread 0x0000026eb2609000 6110       2       groovyjarjarantlr4.v4.runtime.atn.OrderedATNConfigSet::getKey (6 bytes)
Event: 12.117 Thread 0x0000026eb2609000 nmethod 6110 0x0000026e9c5ac390 code [0x0000026e9c5ac540, 0x0000026e9c5ac668]
Event: 12.118 Thread 0x0000026eb2609000 6111 %     3       groovyjarjarantlr4.v4.runtime.atn.PredictionContext::calculateHashCode @ 14 (86 bytes)
Event: 12.119 Thread 0x0000026eb2609000 nmethod 6111% 0x0000026e9c5ac710 code [0x0000026e9c5ac940, 0x0000026e9c5acf58]
Event: 12.119 Thread 0x0000026eb2609000 6112       3       groovyjarjarantlr4.v4.runtime.atn.PredictionContext::join (569 bytes)

GC Heap History (20 events):
Event: 2.460 GC heap before
{Heap before GC invocations=2 (full 0):
 garbage-first heap   total 129024K, used 62990K [0x0000000080000000, 0x0000000100000000)
  region size 1024K, 53 young (54272K), 1 survivors (1024K)
 Metaspace       used 17776K, capacity 18223K, committed 18432K, reserved 1064960K
  class space    used 2101K, capacity 2249K, committed 2304K, reserved 1048576K
}
Event: 2.464 GC heap after
{Heap after GC invocations=3 (full 0):
 garbage-first heap   total 129024K, used 16224K [0x0000000080000000, 0x0000000100000000)
  region size 1024K, 7 young (7168K), 7 survivors (7168K)
 Metaspace       used 17776K, capacity 18223K, committed 18432K, reserved 1064960K
  class space    used 2101K, capacity 2249K, committed 2304K, reserved 1048576K
}
Event: 2.776 GC heap before
{Heap before GC invocations=3 (full 0):
 garbage-first heap   total 129024K, used 38752K [0x0000000080000000, 0x0000000100000000)
  region size 1024K, 30 young (30720K), 7 survivors (7168K)
 Metaspace       used 20617K, capacity 21127K, committed 21248K, reserved 1067008K
  class space    used 2518K, capacity 2733K, committed 2816K, reserved 1048576K
}
Event: 2.784 GC heap after
{Heap after GC invocations=4 (full 0):
 garbage-first heap   total 129024K, used 16728K [0x0000000080000000, 0x0000000100000000)
  region size 1024K, 1 young (1024K), 1 survivors (1024K)
 Metaspace       used 20617K, capacity 21127K, committed 21248K, reserved 1067008K
  class space    used 2518K, capacity 2733K, committed 2816K, reserved 1048576K
}
Event: 3.479 GC heap before
{Heap before GC invocations=5 (full 0):
 garbage-first heap   total 129024K, used 66904K [0x0000000080000000, 0x0000000100000000)
  region size 1024K, 51 young (52224K), 1 survivors (1024K)
 Metaspace       used 25952K, capacity 26577K, committed 26752K, reserved 1073152K
  class space    used 3402K, capacity 3640K, committed 3712K, reserved 1048576K
}
Event: 3.482 GC heap after
{Heap after GC invocations=6 (full 0):
 garbage-first heap   total 129024K, used 18466K [0x0000000080000000, 0x0000000100000000)
  region size 1024K, 3 young (3072K), 3 survivors (3072K)
 Metaspace       used 25952K, capacity 26577K, committed 26752K, reserved 1073152K
  class space    used 3402K, capacity 3640K, committed 3712K, reserved 1048576K
}
Event: 4.381 GC heap before
{Heap before GC invocations=6 (full 0):
 garbage-first heap   total 129024K, used 82978K [0x0000000080000000, 0x0000000100000000)
  region size 1024K, 57 young (58368K), 3 survivors (3072K)
 Metaspace       used 31056K, capacity 31892K, committed 32256K, reserved 1077248K
  class space    used 4193K, capacity 4494K, committed 4608K, reserved 1048576K
}
Event: 4.386 GC heap after
{Heap after GC invocations=7 (full 0):
 garbage-first heap   total 129024K, used 33191K [0x0000000080000000, 0x0000000100000000)
  region size 1024K, 7 young (7168K), 7 survivors (7168K)
 Metaspace       used 31056K, capacity 31892K, committed 32256K, reserved 1077248K
  class space    used 4193K, capacity 4494K, committed 4608K, reserved 1048576K
}
Event: 4.726 GC heap before
{Heap before GC invocations=7 (full 0):
 garbage-first heap   total 129024K, used 45479K [0x0000000080000000, 0x0000000100000000)
  region size 1024K, 21 young (21504K), 7 survivors (7168K)
 Metaspace       used 34838K, capacity 35725K, committed 35840K, reserved 1081344K
  class space    used 4560K, capacity 4898K, committed 4992K, reserved 1048576K
}
Event: 4.739 GC heap after
{Heap after GC invocations=8 (full 0):
 garbage-first heap   total 129024K, used 35947K [0x0000000080000000, 0x0000000100000000)
  region size 1024K, 3 young (3072K), 3 survivors (3072K)
 Metaspace       used 34838K, capacity 35725K, committed 35840K, reserved 1081344K
  class space    used 4560K, capacity 4898K, committed 4992K, reserved 1048576K
}
Event: 5.324 GC heap before
{Heap before GC invocations=9 (full 0):
 garbage-first heap   total 129024K, used 79979K [0x0000000080000000, 0x0000000100000000)
  region size 1024K, 44 young (45056K), 3 survivors (3072K)
 Metaspace       used 39202K, capacity 40193K, committed 40448K, reserved 1085440K
  class space    used 5000K, capacity 5361K, committed 5376K, reserved 1048576K
}
Event: 5.332 GC heap after
{Heap after GC invocations=10 (full 0):
 garbage-first heap   total 155648K, used 39192K [0x0000000080000000, 0x0000000100000000)
  region size 1024K, 6 young (6144K), 6 survivors (6144K)
 Metaspace       used 39202K, capacity 40193K, committed 40448K, reserved 1085440K
  class space    used 5000K, capacity 5361K, committed 5376K, reserved 1048576K
}
Event: 6.824 GC heap before
{Heap before GC invocations=11 (full 0):
 garbage-first heap   total 155648K, used 102680K [0x0000000080000000, 0x0000000100000000)
  region size 1024K, 59 young (60416K), 6 survivors (6144K)
 Metaspace       used 43712K, capacity 44961K, committed 45184K, reserved 1089536K
  class space    used 5506K, capacity 5942K, committed 6016K, reserved 1048576K
}
Event: 6.830 GC heap after
{Heap after GC invocations=12 (full 0):
 garbage-first heap   total 155648K, used 51859K [0x0000000080000000, 0x0000000100000000)
  region size 1024K, 8 young (8192K), 8 survivors (8192K)
 Metaspace       used 43712K, capacity 44961K, committed 45184K, reserved 1089536K
  class space    used 5506K, capacity 5942K, committed 6016K, reserved 1048576K
}
Event: 7.435 GC heap before
{Heap before GC invocations=12 (full 0):
 garbage-first heap   total 155648K, used 103059K [0x0000000080000000, 0x0000000100000000)
  region size 1024K, 58 young (59392K), 8 survivors (8192K)
 Metaspace       used 46910K, capacity 48170K, committed 48512K, reserved 1091584K
  class space    used 6007K, capacity 6437K, committed 6528K, reserved 1048576K
}
Event: 7.443 GC heap after
{Heap after GC invocations=13 (full 0):
 garbage-first heap   total 155648K, used 55189K [0x0000000080000000, 0x0000000100000000)
  region size 1024K, 4 young (4096K), 4 survivors (4096K)
 Metaspace       used 46910K, capacity 48170K, committed 48512K, reserved 1091584K
  class space    used 6007K, capacity 6437K, committed 6528K, reserved 1048576K
}
Event: 8.293 GC heap before
{Heap before GC invocations=13 (full 0):
 garbage-first heap   total 155648K, used 106389K [0x0000000080000000, 0x0000000100000000)
  region size 1024K, 55 young (56320K), 4 survivors (4096K)
 Metaspace       used 49457K, capacity 50934K, committed 51200K, reserved 1093632K
  class space    used 6324K, capacity 6795K, committed 6912K, reserved 1048576K
}
Event: 8.298 GC heap after
{Heap after GC invocations=14 (full 0):
 garbage-first heap   total 155648K, used 58044K [0x0000000080000000, 0x0000000100000000)
  region size 1024K, 7 young (7168K), 7 survivors (7168K)
 Metaspace       used 49457K, capacity 50934K, committed 51200K, reserved 1093632K
  class space    used 6324K, capacity 6795K, committed 6912K, reserved 1048576K
}
Event: 9.152 GC heap before
{Heap before GC invocations=14 (full 0):
 garbage-first heap   total 155648K, used 115388K [0x0000000080000000, 0x0000000100000000)
  region size 1024K, 59 young (60416K), 7 survivors (7168K)
 Metaspace       used 55500K, capacity 57144K, committed 57344K, reserved 1099776K
  class space    used 7091K, capacity 7638K, committed 7680K, reserved 1048576K
}
Event: 9.161 GC heap after
{Heap after GC invocations=15 (full 0):
 garbage-first heap   total 155648K, used 70584K [0x0000000080000000, 0x0000000100000000)
  region size 1024K, 8 young (8192K), 8 survivors (8192K)
 Metaspace       used 55500K, capacity 57144K, committed 57344K, reserved 1099776K
  class space    used 7091K, capacity 7638K, committed 7680K, reserved 1048576K
}

Deoptimization events (20 events):
Event: 11.658 Thread 0x0000026eb3d99800 Uncommon trap: trap_request=0xffffffde fr.pc=0x0000026ea303fac0 relative=0x0000000000000080
Event: 11.658 Thread 0x0000026eb3d99800 Uncommon trap: reason=class_check action=maybe_recompile pc=0x0000026ea303fac0 method=com.google.common.io.CountingInputStream.read([BII)I @ 7 c2
Event: 11.658 Thread 0x0000026eb3d99800 DEOPT PACKING pc=0x0000026ea303fac0 sp=0x0000006f299f76f0
Event: 11.658 Thread 0x0000026eb3d99800 DEOPT UNPACKING pc=0x0000026e9b4378af sp=0x0000006f299f7680 mode 2
Event: 12.106 Thread 0x0000026eb3d99800 DEOPT PACKING pc=0x0000026e9c57ba79 sp=0x0000006f299f6f50
Event: 12.106 Thread 0x0000026eb3d99800 DEOPT UNPACKING pc=0x0000026e9b4376ce sp=0x0000006f299f64a0 mode 0
Event: 12.109 Thread 0x0000026eb3d99800 Uncommon trap: trap_request=0xffffff4d fr.pc=0x0000026ea304a86c relative=0x000000000000022c
Event: 12.109 Thread 0x0000026eb3d99800 Uncommon trap: reason=unstable_if action=reinterpret pc=0x0000026ea304a86c method=java.util.HashMap.getNode(ILjava/lang/Object;)Ljava/util/HashMap$Node; @ 84 c2
Event: 12.109 Thread 0x0000026eb3d99800 DEOPT PACKING pc=0x0000026ea304a86c sp=0x0000006f299f8590
Event: 12.109 Thread 0x0000026eb3d99800 DEOPT UNPACKING pc=0x0000026e9b4378af sp=0x0000006f299f8490 mode 2
Event: 12.109 Thread 0x0000026eb3d99800 Uncommon trap: trap_request=0xffffff4d fr.pc=0x0000026ea30def08 relative=0x0000000000000688
Event: 12.109 Thread 0x0000026eb3d99800 Uncommon trap: reason=unstable_if action=reinterpret pc=0x0000026ea30def08 method=java.util.HashMap.putVal(ILjava/lang/Object;Ljava/lang/Object;ZZ)Ljava/lang/Object; @ 109 c2
Event: 12.109 Thread 0x0000026eb3d99800 DEOPT PACKING pc=0x0000026ea30def08 sp=0x0000006f299f84c0
Event: 12.109 Thread 0x0000026eb3d99800 DEOPT UNPACKING pc=0x0000026e9b4378af sp=0x0000006f299f8448 mode 2
Event: 12.112 Thread 0x0000026eb3d99800 Uncommon trap: trap_request=0xffffff4d fr.pc=0x0000026ea3041a1c relative=0x000000000000007c
Event: 12.112 Thread 0x0000026eb3d99800 Uncommon trap: reason=unstable_if action=reinterpret pc=0x0000026ea3041a1c method=java.lang.String.codePointAt(I)I @ 4 c2
Event: 12.112 Thread 0x0000026eb3d99800 DEOPT PACKING pc=0x0000026ea3041a1c sp=0x0000006f299f7bd0
Event: 12.112 Thread 0x0000026eb3d99800 DEOPT UNPACKING pc=0x0000026e9b4378af sp=0x0000006f299f7b68 mode 2
Event: 12.119 Thread 0x0000026eb3d99800 DEOPT PACKING pc=0x0000026e9c58283c sp=0x0000006f299f2370
Event: 12.119 Thread 0x0000026eb3d99800 DEOPT UNPACKING pc=0x0000026e9b4376ce sp=0x0000006f299f18d8 mode 0

Classes redefined (0 events):
No events

Internal exceptions (20 events):
Event: 8.523 Thread 0x0000026eb3d99800 Exception <a 'java/lang/ClassNotFoundException'{0x000000008896fd88}: build_drhno28qu1qwyvqchbi5wpf3xBeanInfo> (0x000000008896fd88) thrown at [./src/hotspot/share/classfile/systemDictionary.cpp, line 231]
Event: 8.524 Thread 0x0000026eb3d99800 Exception <a 'java/lang/ClassNotFoundException'{0x000000008897acb0}: build_drhno28qu1qwyvqchbi5wpf3xCustomizer> (0x000000008897acb0) thrown at [./src/hotspot/share/classfile/systemDictionary.cpp, line 231]
Event: 8.534 Thread 0x0000026eb3d99800 Exception <a 'java/lang/ClassNotFoundException'{0x00000000888b5808}: org/gradle/api/internal/artifacts/repositories/DefaultMavenArtifactRepository_DecoratedBeanInfo> (0x00000000888b5808) thrown at [./src/hotspot/share/classfile/systemDictionary.cpp, line 231]
Event: 8.534 Thread 0x0000026eb3d99800 Exception <a 'java/lang/ClassNotFoundException'{0x00000000888f5ae8}: org/gradle/api/internal/artifacts/repositories/DefaultMavenArtifactRepositoryBeanInfo> (0x00000000888f5ae8) thrown at [./src/hotspot/share/classfile/systemDictionary.cpp, line 231]
Event: 8.535 Thread 0x0000026eb3d99800 Exception <a 'java/lang/ClassNotFoundException'{0x00000000887395b0}: org/gradle/api/internal/artifacts/repositories/AbstractAuthenticationSupportedRepositoryBeanInfo> (0x00000000887395b0) thrown at [./src/hotspot/share/classfile/systemDictionary.cpp, line 231]
Event: 8.537 Thread 0x0000026eb3d99800 Exception <a 'java/lang/ClassNotFoundException'{0x000000008877cba0}: org/gradle/api/internal/artifacts/repositories/AbstractResolutionAwareArtifactRepositoryBeanInfo> (0x000000008877cba0) thrown at [./src/hotspot/share/classfile/systemDictionary.cpp, line 231]
Event: 8.538 Thread 0x0000026eb3d99800 Exception <a 'java/lang/ClassNotFoundException'{0x00000000887babd8}: org/gradle/api/internal/artifacts/repositories/AbstractArtifactRepositoryBeanInfo> (0x00000000887babd8) thrown at [./src/hotspot/share/classfile/systemDictionary.cpp, line 231]
Event: 8.539 Thread 0x0000026eb3d99800 Exception <a 'java/lang/ClassNotFoundException'{0x00000000887faca0}: org/gradle/api/internal/artifacts/repositories/AbstractArtifactRepositoryCustomizer> (0x00000000887faca0) thrown at [./src/hotspot/share/classfile/systemDictionary.cpp, line 231]
Event: 8.542 Thread 0x0000026eb3d99800 Exception <a 'java/lang/ClassNotFoundException'{0x000000008865af30}: org/gradle/api/internal/artifacts/repositories/AbstractResolutionAwareArtifactRepositoryCustomizer> (0x000000008865af30) thrown at [./src/hotspot/share/classfile/systemDictionary.cpp, line 231]
Event: 8.544 Thread 0x0000026eb3d99800 Exception <a 'java/lang/ClassNotFoundException'{0x00000000886a7ef0}: org/gradle/api/internal/artifacts/repositories/AbstractAuthenticationSupportedRepositoryCustomizer> (0x00000000886a7ef0) thrown at [./src/hotspot/share/classfile/systemDictionary.cpp, line 231]
Event: 8.546 Thread 0x0000026eb3d99800 Exception <a 'java/lang/ClassNotFoundException'{0x00000000886f9410}: org/gradle/api/internal/artifacts/repositories/DefaultMavenArtifactRepositoryCustomizer> (0x00000000886f9410) thrown at [./src/hotspot/share/classfile/systemDictionary.cpp, line 231]
Event: 8.548 Thread 0x0000026eb3d99800 Exception <a 'java/lang/ClassNotFoundException'{0x00000000885546f0}: org/gradle/api/internal/artifacts/repositories/DefaultMavenArtifactRepository_DecoratedCustomizer> (0x00000000885546f0) thrown at [./src/hotspot/share/classfile/systemDictionary.cpp, line 231]
Event: 8.649 Thread 0x0000026eb3d99800 Exception <a 'sun/nio/fs/WindowsException'{0x0000000087f9c7a8}> (0x0000000087f9c7a8) thrown at [./src/hotspot/share/prims/jni.cpp, line 615]
Event: 11.621 Thread 0x0000026eb3d99800 Exception <a 'java/lang/NoSuchMethodError'{0x00000000892568d0}: 'java.lang.Object java.lang.invoke.DirectMethodHandle$Holder.invokeSpecial(java.lang.Object, java.lang.Object, int, int, java.lang.Object, java.lang.Object, java.lang.Object)'> (0x00000000892568d0) thrown at [./src/hotspot/share/interpreter/linkResolver.cpp, line 773]
Event: 11.621 Thread 0x0000026eb3d99800 Exception <a 'java/lang/NoSuchMethodError'{0x000000008925b0f8}: 'java.lang.Object java.lang.invoke.DelegatingMethodHandle$Holder.reinvoke_L(java.lang.Object, int, int, java.lang.Object, java.lang.Object, java.lang.Object)'> (0x000000008925b0f8) thrown at [./src/hotspot/share/interpreter/linkResolver.cpp, line 773]
Event: 11.621 Thread 0x0000026eb3d99800 Exception <a 'java/lang/NoSuchMethodError'{0x00000000892600c0}: 'java.lang.Object java.lang.invoke.DirectMethodHandle$Holder.invokeStatic(java.lang.Object, java.lang.Object, java.lang.Object, java.lang.Object, int)'> (0x00000000892600c0) thrown at [./src/hotspot/share/interpreter/linkResolver.cpp, line 773]
Event: 11.686 Thread 0x0000026eb4b56800 Exception <a 'sun/nio/fs/WindowsException'{0x0000000089033558}> (0x0000000089033558) thrown at [./src/hotspot/share/prims/jni.cpp, line 615]
Event: 11.732 Thread 0x0000026eb4b56800 Exception <a 'sun/nio/fs/WindowsException'{0x0000000088ee4a18}> (0x0000000088ee4a18) thrown at [./src/hotspot/share/prims/jni.cpp, line 615]
Event: 11.733 Thread 0x0000026eb4b56800 Exception <a 'sun/nio/fs/WindowsException'{0x0000000088ef7408}> (0x0000000088ef7408) thrown at [./src/hotspot/share/prims/jni.cpp, line 615]
Event: 11.765 Thread 0x0000026eb3d99800 Exception <a 'java/lang/NoSuchMethodError'{0x0000000088dd67e8}: 'void java.lang.invoke.DirectMethodHandle$Holder.invokeVirtual(java.lang.Object, java.lang.Object)'> (0x0000000088dd67e8) thrown at [./src/hotspot/share/interpreter/linkResolver.cpp, line 773]

Events (20 events):
Event: 12.087 loading class groovyjarjarantlr4/v4/runtime/atn/LexerActionExecutor
Event: 12.087 loading class groovyjarjarantlr4/v4/runtime/atn/LexerActionExecutor done
Event: 12.088 loading class groovyjarjarantlr4/v4/runtime/atn/LexerIndexedCustomAction
Event: 12.088 loading class groovyjarjarantlr4/v4/runtime/atn/LexerIndexedCustomAction done
Event: 12.093 loading class groovyjarjarantlr4/v4/runtime/tree/TerminalNodeImpl
Event: 12.093 loading class groovyjarjarantlr4/v4/runtime/tree/TerminalNodeImpl done
Event: 12.109 loading class groovyjarjarantlr4/v4/runtime/atn/ConflictInfo
Event: 12.109 loading class groovyjarjarantlr4/v4/runtime/atn/ConflictInfo done
Event: 12.110 loading class groovyjarjarantlr4/v4/runtime/dfa/DFAState$PredPrediction
Event: 12.110 loading class groovyjarjarantlr4/v4/runtime/dfa/DFAState$PredPrediction done
Event: 12.111 loading class org/apache/groovy/parser/antlr4/SemanticPredicates
Event: 12.111 loading class org/apache/groovy/parser/antlr4/SemanticPredicates done
Event: 12.113 loading class java/util/regex/Pattern$StartS
Event: 12.113 loading class java/util/regex/Pattern$StartS done
Event: 12.114 loading class java/util/stream/ReferencePipeline$4
Event: 12.114 loading class java/util/stream/IntPipeline$StatelessOp
Event: 12.114 loading class java/util/stream/IntPipeline$StatelessOp done
Event: 12.114 loading class java/util/stream/ReferencePipeline$4 done
Event: 12.114 loading class java/util/stream/ReferencePipeline$4$1
Event: 12.114 loading class java/util/stream/ReferencePipeline$4$1 done


Dynamic libraries:
0x00007ff6b72a0000 - 0x00007ff6b72aa000 	C:\Program Files\Android\Android Studio3\jre\bin\java.exe
0x00007ffae8900000 - 0x00007ffae8b0f000 	C:\WINDOWS\SYSTEM32\ntdll.dll
0x00007ffae7cf0000 - 0x00007ffae7dad000 	C:\WINDOWS\System32\KERNEL32.DLL
0x00007ffae62a0000 - 0x00007ffae6626000 	C:\WINDOWS\System32\KERNELBASE.dll
0x00007ffae2ec0000 - 0x00007ffae2f52000 	C:\WINDOWS\SYSTEM32\apphelp.dll
0x00007ffae6030000 - 0x00007ffae6141000 	C:\WINDOWS\System32\ucrtbase.dll
0x00007ffad0bd0000 - 0x00007ffad0be7000 	C:\Program Files\Android\Android Studio3\jre\bin\VCRUNTIME140.dll
0x00007ffacf670000 - 0x00007ffacf689000 	C:\Program Files\Android\Android Studio3\jre\bin\jli.dll
0x00007ffae72d0000 - 0x00007ffae747b000 	C:\WINDOWS\System32\USER32.dll
0x00007ffad3740000 - 0x00007ffad39e1000 	C:\WINDOWS\WinSxS\amd64_microsoft.windows.common-controls_6595b64144ccf1df_6.0.22468.1000_none_266f4f372a53a5e7\COMCTL32.dll
0x00007ffae6000000 - 0x00007ffae6026000 	C:\WINDOWS\System32\win32u.dll
0x00007ffae7580000 - 0x00007ffae7624000 	C:\WINDOWS\System32\msvcrt.dll
0x00007ffae7bb0000 - 0x00007ffae7bd9000 	C:\WINDOWS\System32\GDI32.dll
0x00007ffae5dd0000 - 0x00007ffae5ee7000 	C:\WINDOWS\System32\gdi32full.dll
0x00007ffae5f60000 - 0x00007ffae5ffb000 	C:\WINDOWS\System32\msvcp_win.dll
0x00007ffae7540000 - 0x00007ffae7571000 	C:\WINDOWS\System32\IMM32.DLL
0x00007ffacdb00000 - 0x00007ffacdb9d000 	C:\Program Files\Android\Android Studio3\jre\bin\msvcp140.dll
0x00007ffaa8630000 - 0x00007ffaa90ff000 	C:\Program Files\Android\Android Studio3\jre\bin\server\jvm.dll
0x00007ffae7810000 - 0x00007ffae78be000 	C:\WINDOWS\System32\ADVAPI32.dll
0x00007ffae7770000 - 0x00007ffae780f000 	C:\WINDOWS\System32\sechost.dll
0x00007ffae7a90000 - 0x00007ffae7bb0000 	C:\WINDOWS\System32\RPCRT4.dll
0x00007ffae7a50000 - 0x00007ffae7a58000 	C:\WINDOWS\System32\PSAPI.DLL
0x00007ffae3810000 - 0x00007ffae3819000 	C:\WINDOWS\SYSTEM32\WSOCK32.dll
0x00007ffadaa40000 - 0x00007ffadaa73000 	C:\WINDOWS\SYSTEM32\WINMM.dll
0x00007ffae20c0000 - 0x00007ffae20ca000 	C:\WINDOWS\SYSTEM32\VERSION.dll
0x00007ffae7be0000 - 0x00007ffae7c51000 	C:\WINDOWS\System32\WS2_32.dll
0x00007ffae4f90000 - 0x00007ffae4fa8000 	C:\WINDOWS\SYSTEM32\kernel.appcore.dll
0x00007ffae2970000 - 0x00007ffae2981000 	C:\Program Files\Android\Android Studio3\jre\bin\verify.dll
0x00007ffade2c0000 - 0x00007ffade4e7000 	C:\WINDOWS\SYSTEM32\DBGHELP.DLL
0x00007ffae6f50000 - 0x00007ffae72cc000 	C:\WINDOWS\System32\combase.dll
0x00007ffade280000 - 0x00007ffade2b1000 	C:\WINDOWS\SYSTEM32\dbgcore.DLL
0x00007ffae6150000 - 0x00007ffae61d1000 	C:\WINDOWS\System32\bcryptPrimitives.dll
0x00007ffae2940000 - 0x00007ffae2969000 	C:\Program Files\Android\Android Studio3\jre\bin\java.dll
0x00007ffae3800000 - 0x00007ffae380b000 	C:\Program Files\Android\Android Studio3\jre\bin\jimage.dll
0x00007ffae2920000 - 0x00007ffae2938000 	C:\Program Files\Android\Android Studio3\jre\bin\zip.dll
0x00007ffae67a0000 - 0x00007ffae6f4b000 	C:\WINDOWS\System32\SHELL32.dll
0x00007ffae3e30000 - 0x00007ffae468c000 	C:\WINDOWS\SYSTEM32\windows.storage.dll
0x00007ffae3cc0000 - 0x00007ffae3e28000 	C:\WINDOWS\SYSTEM32\wintypes.dll
0x00007ffae86e0000 - 0x00007ffae87d0000 	C:\WINDOWS\System32\SHCORE.dll
0x00007ffae7c90000 - 0x00007ffae7ceb000 	C:\WINDOWS\System32\shlwapi.dll
0x00007ffae5d00000 - 0x00007ffae5d21000 	C:\WINDOWS\SYSTEM32\profapi.dll
0x00007ffae12e0000 - 0x00007ffae12fa000 	C:\Program Files\Android\Android Studio3\jre\bin\net.dll
0x00007ffadf020000 - 0x00007ffadf130000 	C:\WINDOWS\SYSTEM32\WINHTTP.dll
0x00007ffae53e0000 - 0x00007ffae5449000 	C:\WINDOWS\system32\mswsock.dll
0x00007ffadd7a0000 - 0x00007ffadd7b4000 	C:\Program Files\Android\Android Studio3\jre\bin\nio.dll
0x00007ffaceca0000 - 0x00007ffacecc7000 	C:\Users\xpmkm\.gradle\native\8bec1ad78214c89d9ad589b4d07fe93259594b29d510b10fafb7a158f7737e5d\windows-amd64\native-platform.dll
0x00007ffab99d0000 - 0x00007ffab9b0d000 	C:\Users\xpmkm\.gradle\native\53dbd7edfb1c66fb8903c78663c9afc45aea4f116125fa6feffd364cf09443e8\windows-amd64\native-platform-file-events.dll
0x00007ffae37e0000 - 0x00007ffae37ea000 	C:\Program Files\Android\Android Studio3\jre\bin\management.dll
0x00007ffae2ac0000 - 0x00007ffae2acc000 	C:\Program Files\Android\Android Studio3\jre\bin\management_ext.dll
0x00007ffae5630000 - 0x00007ffae5648000 	C:\WINDOWS\SYSTEM32\CRYPTSP.dll
0x00007ffae4ef0000 - 0x00007ffae4f25000 	C:\WINDOWS\system32\rsaenh.dll
0x00007ffae54e0000 - 0x00007ffae5509000 	C:\WINDOWS\SYSTEM32\USERENV.dll
0x00007ffae57b0000 - 0x00007ffae57d8000 	C:\WINDOWS\SYSTEM32\bcrypt.dll
0x00007ffae5650000 - 0x00007ffae565c000 	C:\WINDOWS\SYSTEM32\CRYPTBASE.dll
0x00007ffae4970000 - 0x00007ffae499d000 	C:\WINDOWS\SYSTEM32\IPHLPAPI.DLL
0x00007ffae7a60000 - 0x00007ffae7a69000 	C:\WINDOWS\System32\NSI.dll
0x00007ffae3130000 - 0x00007ffae3149000 	C:\WINDOWS\SYSTEM32\dhcpcsvc6.DLL
0x00007ffae3110000 - 0x00007ffae312e000 	C:\WINDOWS\SYSTEM32\dhcpcsvc.DLL
0x00007ffae49a0000 - 0x00007ffae4a91000 	C:\WINDOWS\SYSTEM32\DNSAPI.dll
0x00007ffad0bf0000 - 0x00007ffad0c17000 	C:\Program Files\Android\Android Studio3\jre\bin\sunec.dll
0x00007ffae3100000 - 0x00007ffae310a000 	C:\Windows\System32\rasadhlp.dll
0x00007ffadf160000 - 0x00007ffadf1e1000 	C:\WINDOWS\System32\fwpuclnt.dll

dbghelp: loaded successfully - version: 4.0.5 - missing functions: none
symbol engine: initialized successfully - sym options: 0x614 - pdb path: .;C:\Program Files\Android\Android Studio3\jre\bin;C:\WINDOWS\SYSTEM32;C:\WINDOWS\WinSxS\amd64_microsoft.windows.common-controls_6595b64144ccf1df_6.0.22468.1000_none_266f4f372a53a5e7;C:\Program Files\Android\Android Studio3\jre\bin\server;C:\Users\xpmkm\.gradle\native\8bec1ad78214c89d9ad589b4d07fe93259594b29d510b10fafb7a158f7737e5d\windows-amd64;C:\Users\xpmkm\.gradle\native\53dbd7edfb1c66fb8903c78663c9afc45aea4f116125fa6feffd364cf09443e8\windows-amd64

VM Arguments:
jvm_args: --add-opens=java.base/java.util=ALL-UNNAMED --add-opens=java.base/java.lang=ALL-UNNAMED --add-opens=java.base/java.lang.invoke=ALL-UNNAMED --add-opens=java.base/java.util=ALL-UNNAMED --add-opens=java.prefs/java.util.prefs=ALL-UNNAMED --add-opens=java.prefs/java.util.prefs=ALL-UNNAMED --add-opens=java.base/java.nio.charset=ALL-UNNAMED --add-opens=java.base/java.net=ALL-UNNAMED --add-opens=java.base/java.util.concurrent.atomic=ALL-UNNAMED -Xmx2048m -Dfile.encoding=UTF-8 -Duser.country=IN -Duser.language=en -Duser.variant 
java_command: org.gradle.launcher.daemon.bootstrap.GradleDaemon 7.0.2
java_class_path (initial): C:\Users\xpmkm\.gradle\wrapper\dists\gradle-7.0.2-bin\857tjihv64xamwrf0h14cai3r\gradle-7.0.2\lib\gradle-launcher-7.0.2.jar
Launcher Type: SUN_STANDARD

[Global flags]
     intx CICompilerCount                          = 4                                         {product} {ergonomic}
     uint ConcGCThreads                            = 2                                         {product} {ergonomic}
     uint G1ConcRefinementThreads                  = 8                                         {product} {ergonomic}
   size_t G1HeapRegionSize                         = 1048576                                   {product} {ergonomic}
    uintx GCDrainStackTargetSize                   = 64                                        {product} {ergonomic}
   size_t InitialHeapSize                          = 132120576                                 {product} {ergonomic}
   size_t MarkStackSize                            = 4194304                                   {product} {ergonomic}
   size_t MaxHeapSize                              = 2147483648                                {product} {command line}
   size_t MaxNewSize                               = 1287651328                                {product} {ergonomic}
   size_t MinHeapDeltaBytes                        = 1048576                                   {product} {ergonomic}
    uintx NonNMethodCodeHeapSize                   = 5836300                                {pd product} {ergonomic}
    uintx NonProfiledCodeHeapSize                  = 122910970                              {pd product} {ergonomic}
    uintx ProfiledCodeHeapSize                     = 122910970                              {pd product} {ergonomic}
    uintx ReservedCodeCacheSize                    = 251658240                              {pd product} {ergonomic}
     bool SegmentedCodeCache                       = true                                      {product} {ergonomic}
     bool UseCompressedClassPointers               = true                                 {lp64_product} {ergonomic}
     bool UseCompressedOops                        = true                                 {lp64_product} {ergonomic}
     bool UseG1GC                                  = true                                      {product} {ergonomic}
     bool UseLargePagesIndividualAllocation        = false                                  {pd product} {ergonomic}

Logging:
Log output configuration:
 #0: stdout all=warning uptime,level,tags
 #1: stderr all=off uptime,level,tags

Environment Variables:
PATH=C:\Program Files (x86)\Common Files\Oracle\Java\javapath;C:\WINDOWS\system32;C:\WINDOWS;C:\WINDOWS\System32\Wbem;C:\WINDOWS\System32\WindowsPowerShell\v1.0\;C:\WINDOWS\System32\OpenSSH\;C:\Program Files\Git\cmd;C:\Program Files\nodejs\;C:\xampp\php;C:\ProgramData\ComposerSetup\bin;C:\Users\xpmkm\AppData\Local\Android\Sdk\platform-tools;C:\Program Files\Java\jdk1.8.0_231\bin;C:\Program Files\opnsl\bin;C:\Users\xpmkm\AppData\Roaming\npm;C:\Users\xpmkm\AppData\Local\Programs\Microsoft VS Code\bin;C:\Program Files\flutter\bin;C:\Users\xpmkm\AppData\Roaming\Composer\vendor\bin;C:\Users\xpmkm\AppData\Local\Microsoft\WindowsApps;
USERNAME=xpmkm
OS=Windows_NT
PROCESSOR_IDENTIFIER=AMD64 Family 23 Model 24 Stepping 1, AuthenticAMD



---------------  S Y S T E M  ---------------

OS: Windows 10 , 64 bit Build 22468 (10.0.22468.1000)
OS uptime: 5 days 17:18 hours

CPU:total 8 (initial active 8) (8 cores per cpu, 2 threads per core) family 23 model 24 stepping 1 microcode 0x0, cmov, cx8, fxsr, mmx, sse, sse2, sse3, ssse3, sse4.1, sse4.2, popcnt, avx, avx2, aes, clmul, mmxext, 3dnowpref, lzcnt, sse4a, ht, tsc, tscinvbit, tscinv, bmi1, bmi2, adx, s

Memory: 4k page, system-wide physical 8002M (234M free)
TotalPageFile size 12098M (AvailPageFile size 4M)
current process WorkingSet (physical memory assigned to process): 340M, peak: 342M
current process commit charge ("private bytes"): 376M, peak: 378M

vm_info: OpenJDK 64-Bit Server VM (11.0.10+0-b96-7249189) for windows-amd64 JRE (11.0.10+0-b96-7249189), built on Mar 31 2021 21:44:00 by "builder" with MS VC++ 14.0 (VS2015)

END.
