#
# There is insufficient memory for the Java Runtime Environment to continue.
# Native memory allocation (mmap) failed to map 60817408 bytes for Failed to commit area from 0x000000008f300000 to 0x0000000092d00000 of length 60817408.
# Possible reasons:
#   The system is out of physical RAM or swap space
#   The process is running with CompressedOops enabled, and the Java Heap may be blocking the growth of the native heap
# Possible solutions:
#   Reduce memory load on the system
#   Increase physical memory or swap space
#   Check if swap backing store is full
#   Decrease Java heap size (-Xmx/-Xms)
#   Decrease number of Java threads
#   Decrease Java thread stack sizes (-Xss)
#   Set larger code cache with -XX:ReservedCodeCacheSize=
#   JVM is running with Unscaled Compressed Oops mode in which the Java heap is
#     placed in the first 4GB address space. The Java Heap base address is the
#     maximum limit for the native heap growth. Please use -XX:HeapBaseMinAddress
#     to set the Java Heap base and to place the Java Heap above 4GB virtual address.
# This output file may be truncated or incomplete.
#
#  Out of Memory Error (./src/hotspot/os/windows/os_windows.cpp:3301), pid=8740, tid=12656
#
# JRE version: OpenJDK Runtime Environment (11.0.10) (build 11.0.10+0-b96-7249189)
# Java VM: OpenJDK 64-Bit Server VM (11.0.10+0-b96-7249189, mixed mode, tiered, compressed oops, g1 gc, windows-amd64)
# No core dump will be written. Minidumps are not enabled by default on client versions of Windows
#

---------------  S U M M A R Y ------------

Command Line: --add-opens=java.base/java.util=ALL-UNNAMED --add-opens=java.base/java.lang=ALL-UNNAMED --add-opens=java.base/java.lang.invoke=ALL-UNNAMED --add-opens=java.base/java.util=ALL-UNNAMED --add-opens=java.prefs/java.util.prefs=ALL-UNNAMED --add-opens=java.prefs/java.util.prefs=ALL-UNNAMED --add-opens=java.base/java.nio.charset=ALL-UNNAMED --add-opens=java.base/java.net=ALL-UNNAMED --add-opens=java.base/java.util.concurrent.atomic=ALL-UNNAMED -Xmx2048m -Dfile.encoding=UTF-8 -Duser.country=IN -Duser.language=en -Duser.variant org.gradle.launcher.daemon.bootstrap.GradleDaemon 7.0.2

Host: AMD Ryzen 5 3550H with Radeon Vega Mobile Gfx  , 8 cores, 7G,  Windows 10 , 64 bit Build 22471 (10.0.22471.1000)
Time: Fri Oct  8 13:15:56 2021 India Standard Time elapsed time: 18.429580 seconds (0d 0h 0m 18s)

---------------  T H R E A D  ---------------

Current thread (0x000001e474ebb000):  VMThread "VM Thread" [stack: 0x000000e01c900000,0x000000e01ca00000] [id=12656]

Stack: [0x000000e01c900000,0x000000e01ca00000]
[error occurred during error reporting (printing stack bounds), id 0xc0000005, EXCEPTION_ACCESS_VIOLATION (0xc0000005) at pc=0x000001e45dd80f2d]

Native frames: (J=compiled Java code, j=interpreted, Vv=VM code, C=native code)
V  [jvm.dll+0x5ecfaa]
V  [jvm.dll+0x722bd5]
V  [jvm.dll+0x72412d]
V  [jvm.dll+0x724745]
V  [jvm.dll+0x7246fb]
V  [jvm.dll+0x5ec348]
V  [jvm.dll+0x5ecad8]
C  [ntdll.dll+0xa623f]
C  [ntdll.dll+0x65ea9]
C  [ntdll.dll+0xa522e]
C  0x000001e45dd80f2d

VM_Operation (0x000000e021cfdf10): G1CollectForAllocation, mode: safepoint, requested by thread 0x000001e4795de000


---------------  P R O C E S S  ---------------

Threads class SMR info:
_java_thread_list=0x000001e4004c96b0, length=76, elements={
0x000001e458ab3800, 0x000001e474ebf000, 0x000001e474ecc000, 0x000001e475844800,
0x000001e475845800, 0x000001e475846800, 0x000001e475853000, 0x000001e474edb000,
0x000001e474ee9000, 0x000001e4759be800, 0x000001e47783d800, 0x000001e475ace800,
0x000001e475b9e800, 0x000001e478195000, 0x000001e477c1f800, 0x000001e476c68800,
0x000001e477f8f800, 0x000001e4773c9000, 0x000001e477de2800, 0x000001e47842b800,
0x000001e478429800, 0x000001e478430000, 0x000001e47842e800, 0x000001e4784e9800,
0x000001e47842f800, 0x000001e47842d800, 0x000001e47842a800, 0x000001e47842d000,
0x000001e47842c000, 0x000001e47968c000, 0x000001e47930c000, 0x000001e479308000,
0x000001e47930b000, 0x000001e47930d000, 0x000001e479307000, 0x000001e479308800,
0x000001e479309800, 0x000001e47930a800, 0x000001e479310000, 0x000001e479312800,
0x000001e479311000, 0x000001e479313800, 0x000001e479314000, 0x000001e47930f000,
0x000001e47930e800, 0x000001e479311800, 0x000001e479315000, 0x000001e47c3a2800,
0x000001e47c3a4000, 0x000001e47c3a4800, 0x000001e47c3a5800, 0x000001e47c3a7000,
0x000001e47c3a8000, 0x000001e47c3a9000, 0x000001e47c3a3000, 0x000001e47c3aa800,
0x000001e47c3ab800, 0x000001e47c3ac000, 0x000001e47c3ad000, 0x000001e47c3af800,
0x000001e47c3ad800, 0x000001e47c3a9800, 0x000001e47c3b0000, 0x000001e47c3b1000,
0x000001e4795d5000, 0x000001e4795da000, 0x000001e4795d7800, 0x000001e4795d6000,
0x000001e4795d9000, 0x000001e4795d6800, 0x000001e4795d8800, 0x000001e4795d4800,
0x000001e4795db000, 0x000001e4795dc800, 0x000001e4795de000, 0x000001e4795e0800
}

Java Threads: ( => current thread )
  0x000001e458ab3800 JavaThread "main" [_thread_blocked, id=6460, stack(0x000000e01c300000,0x000000e01c400000)]
  0x000001e474ebf000 JavaThread "Reference Handler" daemon [_thread_blocked, id=12260, stack(0x000000e01ca00000,0x000000e01cb00000)]
  0x000001e474ecc000 JavaThread "Finalizer" daemon [_thread_blocked, id=5384, stack(0x000000e01cb00000,0x000000e01cc00000)]
  0x000001e475844800 JavaThread "Signal Dispatcher" daemon [_thread_blocked, id=12324, stack(0x000000e01cc00000,0x000000e01cd00000)]
  0x000001e475845800 JavaThread "Attach Listener" daemon [_thread_blocked, id=11012, stack(0x000000e01cd00000,0x000000e01ce00000)]
  0x000001e475846800 JavaThread "Service Thread" daemon [_thread_blocked, id=1544, stack(0x000000e01ce00000,0x000000e01cf00000)]
  0x000001e475853000 JavaThread "C2 CompilerThread0" daemon [_thread_in_native, id=3252, stack(0x000000e01cf00000,0x000000e01d000000)]
  0x000001e474edb000 JavaThread "C1 CompilerThread0" daemon [_thread_blocked, id=10544, stack(0x000000e01d000000,0x000000e01d100000)]
  0x000001e474ee9000 JavaThread "Sweeper thread" daemon [_thread_blocked, id=9828, stack(0x000000e01d100000,0x000000e01d200000)]
  0x000001e4759be800 JavaThread "Common-Cleaner" daemon [_thread_blocked, id=9984, stack(0x000000e01d200000,0x000000e01d300000)]
  0x000001e47783d800 JavaThread "Daemon health stats" [_thread_blocked, id=4424, stack(0x000000e01d800000,0x000000e01d900000)]
  0x000001e475ace800 JavaThread "Incoming local TCP Connector on port 56602" [_thread_in_native, id=13732, stack(0x000000e01d400000,0x000000e01d500000)]
  0x000001e475b9e800 JavaThread "Daemon periodic checks" [_thread_blocked, id=9332, stack(0x000000e01d700000,0x000000e01d800000)]
  0x000001e478195000 JavaThread "Daemon" [_thread_blocked, id=6392, stack(0x000000e01d900000,0x000000e01da00000)]
  0x000001e477c1f800 JavaThread "Handler for socket connection from /127.0.0.1:56602 to /127.0.0.1:56603" [_thread_in_native, id=13228, stack(0x000000e01da00000,0x000000e01db00000)]
  0x000001e476c68800 JavaThread "Cancel handler" [_thread_blocked, id=13856, stack(0x000000e01db00000,0x000000e01dc00000)]
  0x000001e477f8f800 JavaThread "Daemon worker" [_thread_blocked, id=13456, stack(0x000000e01dc00000,0x000000e01dd00000)]
  0x000001e4773c9000 JavaThread "Asynchronous log dispatcher for DefaultDaemonConnection: socket connection from /127.0.0.1:56602 to /127.0.0.1:56603" [_thread_blocked, id=2256, stack(0x000000e01dd00000,0x000000e01de00000)]
  0x000001e477de2800 JavaThread "Stdin handler" [_thread_blocked, id=12788, stack(0x000000e01de00000,0x000000e01df00000)]
  0x000001e47842b800 JavaThread "Daemon client event forwarder" [_thread_blocked, id=10560, stack(0x000000e01df00000,0x000000e01e000000)]
  0x000001e478429800 JavaThread "Cache worker for file hash cache (C:\Users\xpmkm\.gradle\caches\7.0.2\fileHashes)" [_thread_blocked, id=10208, stack(0x000000e01e500000,0x000000e01e600000)]
  0x000001e478430000 JavaThread "File lock request listener" [_thread_in_native, id=14868, stack(0x000000e01e600000,0x000000e01e700000)]
  0x000001e47842e800 JavaThread "Cache worker for journal cache (C:\Users\xpmkm\.gradle\caches\journal-1)" [_thread_blocked, id=8460, stack(0x000000e01e800000,0x000000e01e900000)]
  0x000001e4784e9800 JavaThread "C2 CompilerThread1" daemon [_thread_blocked, id=13520, stack(0x000000e01e900000,0x000000e01ea00000)]
  0x000001e47842f800 JavaThread "Cache worker for file hash cache (C:\Users\xpmkm\Desktop\update_code_vezilla-server\codecanyon-L2GSbXtH-dairy-products-grocery-daily-milk-delivery-mobile-app-with-subscription-customer-app-delivery\test-vezilla-android-workspace\.gradle\7.0.2\fileHashes)" [_thread_blocked, id=10924, stack(0x000000e01ea00000,0x000000e01eb00000)]
  0x000001e47842d800 JavaThread "File watcher server" daemon [_thread_blocked, id=15036, stack(0x000000e01eb00000,0x000000e01ec00000)]
  0x000001e47842a800 JavaThread "File watcher consumer" daemon [_thread_blocked, id=1456, stack(0x000000e01ec00000,0x000000e01ed00000)]
  0x000001e47842d000 JavaThread "Cache worker for checksums cache (C:\Users\xpmkm\Desktop\update_code_vezilla-server\codecanyon-L2GSbXtH-dairy-products-grocery-daily-milk-delivery-mobile-app-with-subscription-customer-app-delivery\test-vezilla-android-workspace\.gradle\checksums)" [_thread_blocked, id=13380, stack(0x000000e01ed00000,0x000000e01ee00000)]
  0x000001e47842c000 JavaThread "Cache worker for cache directory md-supplier (C:\Users\xpmkm\.gradle\caches\7.0.2\md-supplier)" [_thread_blocked, id=16268, stack(0x000000e01ee00000,0x000000e01ef00000)]
  0x000001e47968c000 JavaThread "C2 CompilerThread2" daemon [_thread_blocked, id=10244, stack(0x000000e01ef00000,0x000000e01f000000)]
  0x000001e47930c000 JavaThread "Cache worker for cache directory md-rule (C:\Users\xpmkm\.gradle\caches\7.0.2\md-rule)" [_thread_blocked, id=12680, stack(0x000000e01f000000,0x000000e01f100000)]
  0x000001e479308000 JavaThread "Cache worker for execution history cache (C:\Users\xpmkm\.gradle\caches\7.0.2\executionHistory)" [_thread_blocked, id=5920, stack(0x000000e01f100000,0x000000e01f200000)]
  0x000001e47930b000 JavaThread "jar transforms" [_thread_blocked, id=7328, stack(0x000000e01f200000,0x000000e01f300000)]
  0x000001e47930d000 JavaThread "jar transforms Thread 2" [_thread_blocked, id=13564, stack(0x000000e01f300000,0x000000e01f400000)]
  0x000001e479307000 JavaThread "Cache worker for file content cache (C:\Users\xpmkm\.gradle\caches\7.0.2\fileContent)" [_thread_blocked, id=6788, stack(0x000000e01f400000,0x000000e01f500000)]
  0x000001e479308800 JavaThread "Cache worker for dependencies-accessors (C:\Users\xpmkm\Desktop\update_code_vezilla-server\codecanyon-L2GSbXtH-dairy-products-grocery-daily-milk-delivery-mobile-app-with-subscription-customer-app-delivery\test-vezilla-android-workspace\.gradle\7.0.2\dependencies-accessors)" [_thread_blocked, id=14368, stack(0x000000e01f500000,0x000000e01f600000)]
  0x000001e479309800 JavaThread "jar transforms Thread 3" [_thread_blocked, id=14412, stack(0x000000e01f600000,0x000000e01f700000)]
  0x000001e47930a800 JavaThread "Cache worker for Build Output Cleanup Cache (C:\Users\xpmkm\Desktop\update_code_vezilla-server\codecanyon-L2GSbXtH-dairy-products-grocery-daily-milk-delivery-mobile-app-with-subscription-customer-app-delivery\test-vezilla-android-workspace\.gradle\buildOutputCleanup)" [_thread_blocked, id=9836, stack(0x000000e01f700000,0x000000e01f800000)]
  0x000001e479310000 JavaThread "Build operations" [_thread_blocked, id=14184, stack(0x000000e01f800000,0x000000e01f900000)]
  0x000001e479312800 JavaThread "Build operations Thread 2" [_thread_blocked, id=13660, stack(0x000000e01f900000,0x000000e01fa00000)]
  0x000001e479311000 JavaThread "Build operations Thread 3" [_thread_blocked, id=9080, stack(0x000000e01fa00000,0x000000e01fb00000)]
  0x000001e479313800 JavaThread "Build operations Thread 4" [_thread_blocked, id=5800, stack(0x000000e01fb00000,0x000000e01fc00000)]
  0x000001e479314000 JavaThread "Build operations Thread 5" [_thread_blocked, id=644, stack(0x000000e01fc00000,0x000000e01fd00000)]
  0x000001e47930f000 JavaThread "Build operations Thread 6" [_thread_blocked, id=14828, stack(0x000000e01fd00000,0x000000e01fe00000)]
  0x000001e47930e800 JavaThread "Build operations Thread 7" [_thread_blocked, id=12336, stack(0x000000e01fe00000,0x000000e01ff00000)]
  0x000001e479311800 JavaThread "Build operations Thread 8" [_thread_blocked, id=3768, stack(0x000000e01ff00000,0x000000e020000000)]
  0x000001e479315000 JavaThread "jar transforms Thread 4" [_thread_blocked, id=7416, stack(0x000000e020000000,0x000000e020100000)]
  0x000001e47c3a2800 JavaThread "jar transforms Thread 5" [_thread_blocked, id=14772, stack(0x000000e020100000,0x000000e020200000)]
  0x000001e47c3a4000 JavaThread "jar transforms Thread 6" [_thread_blocked, id=15424, stack(0x000000e020200000,0x000000e020300000)]
  0x000001e47c3a4800 JavaThread "jar transforms Thread 7" [_thread_blocked, id=1272, stack(0x000000e020300000,0x000000e020400000)]
  0x000001e47c3a5800 JavaThread "jar transforms Thread 8" [_thread_blocked, id=7544, stack(0x000000e020400000,0x000000e020500000)]
  0x000001e47c3a7000 JavaThread "Memory manager" [_thread_blocked, id=16360, stack(0x000000e020500000,0x000000e020600000)]
  0x000001e47c3a8000 JavaThread "build event listener" [_thread_blocked, id=9180, stack(0x000000e020600000,0x000000e020700000)]
  0x000001e47c3a9000 JavaThread "Execution worker for ':'" [_thread_blocked, id=14660, stack(0x000000e020700000,0x000000e020800000)]
  0x000001e47c3a3000 JavaThread "Execution worker for ':' Thread 2" [_thread_blocked, id=13260, stack(0x000000e020800000,0x000000e020900000)]
  0x000001e47c3aa800 JavaThread "Execution worker for ':' Thread 3" [_thread_blocked, id=12916, stack(0x000000e020900000,0x000000e020a00000)]
  0x000001e47c3ab800 JavaThread "Execution worker for ':' Thread 4" [_thread_blocked, id=8332, stack(0x000000e020a00000,0x000000e020b00000)]
  0x000001e47c3ac000 JavaThread "Execution worker for ':' Thread 5" [_thread_blocked, id=11924, stack(0x000000e020b00000,0x000000e020c00000)]
  0x000001e47c3ad000 JavaThread "Execution worker for ':' Thread 6" [_thread_blocked, id=14844, stack(0x000000e020c00000,0x000000e020d00000)]
  0x000001e47c3af800 JavaThread "Execution worker for ':' Thread 7" [_thread_blocked, id=13252, stack(0x000000e020d00000,0x000000e020e00000)]
  0x000001e47c3ad800 JavaThread "Cache worker for execution history cache (C:\Users\xpmkm\Desktop\update_code_vezilla-server\codecanyon-L2GSbXtH-dairy-products-grocery-daily-milk-delivery-mobile-app-with-subscription-customer-app-delivery\test-vezilla-android-workspace\.gradle\7.0.2\executionHistory)" [_thread_blocked, id=12996, stack(0x000000e020e00000,0x000000e020f00000)]
  0x000001e47c3a9800 JavaThread "WorkerExecutor Queue" [_thread_blocked, id=4672, stack(0x000000e020f00000,0x000000e021000000)]
  0x000001e47c3b0000 JavaThread "WorkerExecutor Queue Thread 2" [_thread_blocked, id=10592, stack(0x000000e021000000,0x000000e021100000)]
  0x000001e47c3b1000 JavaThread "pool-3-thread-1" [_thread_blocked, id=15080, stack(0x000000e021100000,0x000000e021200000)]
  0x000001e4795d5000 JavaThread "WorkerExecutor Queue Thread 3" [_thread_blocked, id=14628, stack(0x000000e021200000,0x000000e021300000)]
  0x000001e4795da000 JavaThread "WorkerExecutor Queue Thread 4" [_thread_blocked, id=7572, stack(0x000000e021300000,0x000000e021400000)]
  0x000001e4795d7800 JavaThread "stderr" [_thread_in_native, id=13264, stack(0x000000e021400000,0x000000e021500000)]
  0x000001e4795d6000 JavaThread "stdout" [_thread_in_native, id=7316, stack(0x000000e021500000,0x000000e021600000)]
  0x000001e4795d9000 JavaThread "ForkJoinPool-1-worker-3" daemon [_thread_blocked, id=3004, stack(0x000000e021600000,0x000000e021700000)]
  0x000001e4795d6800 JavaThread "ForkJoinPool-1-worker-5" daemon [_thread_blocked, id=15164, stack(0x000000e021700000,0x000000e021800000)]
  0x000001e4795d8800 JavaThread "ForkJoinPool-1-worker-7" daemon [_thread_blocked, id=6048, stack(0x000000e021800000,0x000000e021900000)]
  0x000001e4795d4800 JavaThread "ForkJoinPool-1-worker-9" daemon [_thread_blocked, id=7476, stack(0x000000e021900000,0x000000e021a00000)]
  0x000001e4795db000 JavaThread "ForkJoinPool-1-worker-11" daemon [_thread_blocked, id=16060, stack(0x000000e021a00000,0x000000e021b00000)]
  0x000001e4795dc800 JavaThread "ForkJoinPool-1-worker-13" daemon [_thread_blocked, id=2300, stack(0x000000e021b00000,0x000000e021c00000)]
  0x000001e4795de000 JavaThread "ForkJoinPool-1-worker-15" daemon [_thread_blocked, id=1888, stack(0x000000e021c00000,0x000000e021d00000)]
  0x000001e4795e0800 JavaThread "ForkJoinPool-1-worker-1" daemon [_thread_blocked, id=2372, stack(0x000000e021d00000,0x000000e021e00000)]

Other Threads:
=>0x000001e474ebb000 VMThread "VM Thread" [stack: 0x000000e01c900000,0x000000e01ca00000] [id=12656]
  0x000001e475a1c000 WatcherThread [stack: 0x000000e01d300000,0x000000e01d400000] [id=12116]
  0x000001e458ace000 GCTaskThread "GC Thread#0" [stack: 0x000000e01c400000,0x000000e01c500000] [id=12244]
  0x000001e475da0000 GCTaskThread "GC Thread#1" [stack: 0x000000e01d500000,0x000000e01d600000] [id=3320]
  0x000001e47665e800 GCTaskThread "GC Thread#2" [stack: 0x000000e01d600000,0x000000e01d700000] [id=14192]
  0x000001e478409000 GCTaskThread "GC Thread#3" [stack: 0x000000e01e000000,0x000000e01e100000] [id=15772]
  0x000001e47840a800 GCTaskThread "GC Thread#4" [stack: 0x000000e01e100000,0x000000e01e200000] [id=10608]
  0x000001e47840a000 GCTaskThread "GC Thread#5" [stack: 0x000000e01e200000,0x000000e01e300000] [id=10192]
  0x000001e47840b000 GCTaskThread "GC Thread#6" [stack: 0x000000e01e300000,0x000000e01e400000] [id=5928]
  0x000001e478404800 GCTaskThread "GC Thread#7" [stack: 0x000000e01e400000,0x000000e01e500000] [id=6484]
  0x000001e458b02000 ConcurrentGCThread "G1 Main Marker" [stack: 0x000000e01c500000,0x000000e01c600000] [id=7452]
  0x000001e458b03800 ConcurrentGCThread "G1 Conc#0" [stack: 0x000000e01c600000,0x000000e01c700000] [id=15192]
  0x000001e47840c000 ConcurrentGCThread "G1 Conc#1" [stack: 0x000000e01e700000,0x000000e01e800000] [id=1088]
  0x000001e458b8e800 ConcurrentGCThread "G1 Refine#0" [stack: 0x000000e01c700000,0x000000e01c800000] [id=14976]
  0x000001e47dfd0800 ConcurrentGCThread "G1 Refine#1" [stack: 0x000000e021e00000,0x000000e021f00000] [id=10080]
  0x000001e47dfd3000 ConcurrentGCThread "G1 Refine#2" [stack: 0x000000e021f00000,0x000000e022000000] [id=7048]
  0x000001e47dfcf000 ConcurrentGCThread "G1 Refine#3" [stack: 0x000000e022000000,0x000000e022100000] [id=6736]
  0x000001e474d0a800 ConcurrentGCThread "G1 Young RemSet Sampling" [stack: 0x000000e01c800000,0x000000e01c900000] [id=15128]

Threads with active compile tasks:
C2 CompilerThread0  18447 12549       4       com.android.tools.r8.code.w1::a (4137 bytes)
C2 CompilerThread1  18447 12349   !   4       org.gradle.internal.classloader.CachingClassLoader::loadClass (85 bytes)
C2 CompilerThread2  18447 12858       4       com.android.tools.r8.graph.E::<init> (110 bytes)

VM state:at safepoint (normal execution)

VM Mutex/Monitor currently owned by a thread:  ([mutex/lock_event])
[0x000001e458aaf6b0] Threads_lock - owner thread: 0x000001e474ebb000
[0x000001e458aaf8f0] Heap_lock - owner thread: 0x000001e4795de000

Heap address: 0x0000000080000000, size: 2048 MB, Compressed Oops mode: 32-bit
Narrow klass base: 0x0000000000000000, Narrow klass shift: 3
Compressed class space size: 1073741824 Address: 0x0000000100000000

Heap:
 garbage-first heap   total 308224K, used 207741K [0x0000000080000000, 0x0000000100000000)
  region size 1024K, 2 young (2048K), 2 survivors (2048K)
 Metaspace       used 92686K, capacity 95603K, committed 95692K, reserved 1132544K
  class space    used 12124K, capacity 13199K, committed 13260K, reserved 1048576K
Heap Regions: E=young(eden), S=young(survivor), O=old, HS=humongous(starts), HC=humongous(continues), CS=collection set, F=free, A=archive, TAMS=top-at-mark-start (previous, next)
|   0|0x0000000080000000, 0x0000000080100000, 0x0000000080100000|100%| O|  |TAMS 0x0000000080100000, 0x0000000080100000| Untracked 
|   1|0x0000000080100000, 0x0000000080200000, 0x0000000080200000|100%| O|  |TAMS 0x0000000080200000, 0x0000000080200000| Untracked 
|   2|0x0000000080200000, 0x0000000080300000, 0x0000000080300000|100%| O|  |TAMS 0x0000000080300000, 0x0000000080300000| Untracked 
|   3|0x0000000080300000, 0x0000000080400000, 0x0000000080400000|100%|HS|  |TAMS 0x0000000080400000, 0x0000000080400000| Complete 
|   4|0x0000000080400000, 0x0000000080500000, 0x0000000080500000|100%|HC|  |TAMS 0x0000000080500000, 0x0000000080500000| Complete 
|   5|0x0000000080500000, 0x0000000080600000, 0x0000000080600000|100%|HC|  |TAMS 0x0000000080600000, 0x0000000080600000| Complete 
|   6|0x0000000080600000, 0x0000000080700000, 0x0000000080700000|100%| O|  |TAMS 0x0000000080700000, 0x0000000080700000| Untracked 
|   7|0x0000000080700000, 0x0000000080800000, 0x0000000080800000|100%| O|  |TAMS 0x0000000080800000, 0x0000000080800000| Untracked 
|   8|0x0000000080800000, 0x0000000080900000, 0x0000000080900000|100%| O|  |TAMS 0x0000000080900000, 0x0000000080900000| Untracked 
|   9|0x0000000080900000, 0x0000000080a00000, 0x0000000080a00000|100%| O|  |TAMS 0x0000000080a00000, 0x0000000080a00000| Untracked 
|  10|0x0000000080a00000, 0x0000000080b00000, 0x0000000080b00000|100%| O|  |TAMS 0x0000000080b00000, 0x0000000080b00000| Untracked 
|  11|0x0000000080b00000, 0x0000000080c00000, 0x0000000080c00000|100%| O|  |TAMS 0x0000000080c00000, 0x0000000080c00000| Untracked 
|  12|0x0000000080c00000, 0x0000000080d00000, 0x0000000080d00000|100%| O|  |TAMS 0x0000000080d00000, 0x0000000080d00000| Untracked 
|  13|0x0000000080d00000, 0x0000000080e00000, 0x0000000080e00000|100%| O|  |TAMS 0x0000000080e00000, 0x0000000080e00000| Untracked 
|  14|0x0000000080e00000, 0x0000000080f00000, 0x0000000080f00000|100%| O|  |TAMS 0x0000000080f00000, 0x0000000080f00000| Untracked 
|  15|0x0000000080f00000, 0x0000000081000000, 0x0000000081000000|100%| O|  |TAMS 0x0000000081000000, 0x0000000081000000| Untracked 
|  16|0x0000000081000000, 0x0000000081100000, 0x0000000081100000|100%|HS|  |TAMS 0x0000000081100000, 0x0000000081100000| Complete 
|  17|0x0000000081100000, 0x0000000081200000, 0x0000000081200000|100%| O|  |TAMS 0x0000000081200000, 0x0000000081200000| Untracked 
|  18|0x0000000081200000, 0x0000000081300000, 0x0000000081300000|100%| O|  |TAMS 0x0000000081300000, 0x0000000081300000| Untracked 
|  19|0x0000000081300000, 0x0000000081400000, 0x0000000081400000|100%| O|  |TAMS 0x0000000081400000, 0x0000000081400000| Untracked 
|  20|0x0000000081400000, 0x0000000081500000, 0x0000000081500000|100%| O|  |TAMS 0x0000000081500000, 0x0000000081500000| Untracked 
|  21|0x0000000081500000, 0x0000000081600000, 0x0000000081600000|100%| O|  |TAMS 0x0000000081600000, 0x0000000081600000| Untracked 
|  22|0x0000000081600000, 0x0000000081700000, 0x0000000081700000|100%| O|  |TAMS 0x0000000081700000, 0x0000000081700000| Untracked 
|  23|0x0000000081700000, 0x0000000081800000, 0x0000000081800000|100%|HS|  |TAMS 0x0000000081800000, 0x0000000081800000| Complete 
|  24|0x0000000081800000, 0x0000000081900000, 0x0000000081900000|100%|HS|  |TAMS 0x0000000081900000, 0x0000000081900000| Complete 
|  25|0x0000000081900000, 0x0000000081a00000, 0x0000000081a00000|100%|HC|  |TAMS 0x0000000081a00000, 0x0000000081a00000| Complete 
|  26|0x0000000081a00000, 0x0000000081b00000, 0x0000000081b00000|100%| O|  |TAMS 0x0000000081b00000, 0x0000000081b00000| Untracked 
|  27|0x0000000081b00000, 0x0000000081c00000, 0x0000000081c00000|100%| O|  |TAMS 0x0000000081c00000, 0x0000000081c00000| Untracked 
|  28|0x0000000081c00000, 0x0000000081d00000, 0x0000000081d00000|100%| O|  |TAMS 0x0000000081d00000, 0x0000000081d00000| Untracked 
|  29|0x0000000081d00000, 0x0000000081e00000, 0x0000000081e00000|100%| O|  |TAMS 0x0000000081e00000, 0x0000000081e00000| Untracked 
|  30|0x0000000081e00000, 0x0000000081f00000, 0x0000000081f00000|100%| O|  |TAMS 0x0000000081f00000, 0x0000000081f00000| Untracked 
|  31|0x0000000081f00000, 0x0000000082000000, 0x0000000082000000|100%| O|  |TAMS 0x0000000082000000, 0x0000000082000000| Untracked 
|  32|0x0000000082000000, 0x0000000082100000, 0x0000000082100000|100%| O|  |TAMS 0x0000000082100000, 0x0000000082100000| Untracked 
|  33|0x0000000082100000, 0x0000000082200000, 0x0000000082200000|100%| O|  |TAMS 0x0000000082200000, 0x0000000082200000| Untracked 
|  34|0x0000000082200000, 0x0000000082300000, 0x0000000082300000|100%| O|  |TAMS 0x0000000082300000, 0x0000000082300000| Untracked 
|  35|0x0000000082300000, 0x0000000082400000, 0x0000000082400000|100%| O|  |TAMS 0x0000000082400000, 0x0000000082400000| Untracked 
|  36|0x0000000082400000, 0x0000000082500000, 0x0000000082500000|100%| O|  |TAMS 0x0000000082500000, 0x0000000082500000| Untracked 
|  37|0x0000000082500000, 0x0000000082600000, 0x0000000082600000|100%| O|  |TAMS 0x0000000082600000, 0x0000000082600000| Untracked 
|  38|0x0000000082600000, 0x0000000082700000, 0x0000000082700000|100%| O|  |TAMS 0x0000000082700000, 0x0000000082700000| Untracked 
|  39|0x0000000082700000, 0x0000000082800000, 0x0000000082800000|100%| O|  |TAMS 0x0000000082800000, 0x0000000082800000| Untracked 
|  40|0x0000000082800000, 0x0000000082900000, 0x0000000082900000|100%| O|  |TAMS 0x0000000082900000, 0x0000000082900000| Untracked 
|  41|0x0000000082900000, 0x0000000082a00000, 0x0000000082a00000|100%| O|  |TAMS 0x0000000082a00000, 0x0000000082a00000| Untracked 
|  42|0x0000000082a00000, 0x0000000082b00000, 0x0000000082b00000|100%| O|  |TAMS 0x0000000082b00000, 0x0000000082b00000| Untracked 
|  43|0x0000000082b00000, 0x0000000082c00000, 0x0000000082c00000|100%| O|  |TAMS 0x0000000082c00000, 0x0000000082c00000| Untracked 
|  44|0x0000000082c00000, 0x0000000082d00000, 0x0000000082d00000|100%| O|  |TAMS 0x0000000082d00000, 0x0000000082d00000| Untracked 
|  45|0x0000000082d00000, 0x0000000082e00000, 0x0000000082e00000|100%| O|  |TAMS 0x0000000082e00000, 0x0000000082e00000| Untracked 
|  46|0x0000000082e00000, 0x0000000082f00000, 0x0000000082f00000|100%| O|  |TAMS 0x0000000082f00000, 0x0000000082f00000| Untracked 
|  47|0x0000000082f00000, 0x0000000083000000, 0x0000000083000000|100%| O|  |TAMS 0x0000000083000000, 0x0000000083000000| Untracked 
|  48|0x0000000083000000, 0x0000000083100000, 0x0000000083100000|100%| O|  |TAMS 0x0000000083100000, 0x0000000083100000| Untracked 
|  49|0x0000000083100000, 0x0000000083200000, 0x0000000083200000|100%| O|  |TAMS 0x0000000083200000, 0x0000000083200000| Untracked 
|  50|0x0000000083200000, 0x0000000083300000, 0x0000000083300000|100%| O|  |TAMS 0x0000000083300000, 0x0000000083300000| Untracked 
|  51|0x0000000083300000, 0x0000000083400000, 0x0000000083400000|100%| O|  |TAMS 0x0000000083400000, 0x0000000083400000| Untracked 
|  52|0x0000000083400000, 0x0000000083500000, 0x0000000083500000|100%| O|  |TAMS 0x0000000083500000, 0x0000000083500000| Untracked 
|  53|0x0000000083500000, 0x0000000083600000, 0x0000000083600000|100%| O|  |TAMS 0x0000000083600000, 0x0000000083600000| Untracked 
|  54|0x0000000083600000, 0x0000000083700000, 0x0000000083700000|100%| O|  |TAMS 0x0000000083700000, 0x0000000083700000| Untracked 
|  55|0x0000000083700000, 0x0000000083800000, 0x0000000083800000|100%| O|  |TAMS 0x0000000083800000, 0x0000000083800000| Untracked 
|  56|0x0000000083800000, 0x0000000083900000, 0x0000000083900000|100%| O|  |TAMS 0x0000000083900000, 0x0000000083900000| Untracked 
|  57|0x0000000083900000, 0x0000000083a00000, 0x0000000083a00000|100%| O|  |TAMS 0x0000000083a00000, 0x0000000083a00000| Untracked 
|  58|0x0000000083a00000, 0x0000000083b00000, 0x0000000083b00000|100%| O|  |TAMS 0x0000000083b00000, 0x0000000083b00000| Untracked 
|  59|0x0000000083b00000, 0x0000000083c00000, 0x0000000083c00000|100%| O|  |TAMS 0x0000000083c00000, 0x0000000083c00000| Untracked 
|  60|0x0000000083c00000, 0x0000000083d00000, 0x0000000083d00000|100%| O|  |TAMS 0x0000000083d00000, 0x0000000083d00000| Untracked 
|  61|0x0000000083d00000, 0x0000000083e00000, 0x0000000083e00000|100%| O|  |TAMS 0x0000000083e00000, 0x0000000083e00000| Untracked 
|  62|0x0000000083e00000, 0x0000000083f00000, 0x0000000083f00000|100%| O|  |TAMS 0x0000000083f00000, 0x0000000083f00000| Untracked 
|  63|0x0000000083f00000, 0x0000000084000000, 0x0000000084000000|100%| O|  |TAMS 0x0000000084000000, 0x0000000084000000| Untracked 
|  64|0x0000000084000000, 0x0000000084100000, 0x0000000084100000|100%| O|  |TAMS 0x0000000084100000, 0x0000000084100000| Untracked 
|  65|0x0000000084100000, 0x0000000084200000, 0x0000000084200000|100%| O|  |TAMS 0x0000000084200000, 0x0000000084200000| Untracked 
|  66|0x0000000084200000, 0x0000000084300000, 0x0000000084300000|100%| O|  |TAMS 0x0000000084300000, 0x0000000084300000| Untracked 
|  67|0x0000000084300000, 0x0000000084400000, 0x0000000084400000|100%| O|  |TAMS 0x0000000084400000, 0x0000000084400000| Untracked 
|  68|0x0000000084400000, 0x0000000084500000, 0x0000000084500000|100%| O|  |TAMS 0x0000000084500000, 0x0000000084500000| Untracked 
|  69|0x0000000084500000, 0x0000000084600000, 0x0000000084600000|100%| O|  |TAMS 0x0000000084600000, 0x0000000084600000| Untracked 
|  70|0x0000000084600000, 0x0000000084700000, 0x0000000084700000|100%| O|  |TAMS 0x0000000084700000, 0x0000000084700000| Untracked 
|  71|0x0000000084700000, 0x0000000084800000, 0x0000000084800000|100%| O|  |TAMS 0x0000000084800000, 0x0000000084800000| Untracked 
|  72|0x0000000084800000, 0x0000000084900000, 0x0000000084900000|100%| O|  |TAMS 0x0000000084900000, 0x0000000084900000| Untracked 
|  73|0x0000000084900000, 0x0000000084a00000, 0x0000000084a00000|100%| O|  |TAMS 0x0000000084a00000, 0x0000000084a00000| Untracked 
|  74|0x0000000084a00000, 0x0000000084b00000, 0x0000000084b00000|100%| O|  |TAMS 0x0000000084b00000, 0x0000000084b00000| Untracked 
|  75|0x0000000084b00000, 0x0000000084c00000, 0x0000000084c00000|100%| O|  |TAMS 0x0000000084c00000, 0x0000000084c00000| Untracked 
|  76|0x0000000084c00000, 0x0000000084d00000, 0x0000000084d00000|100%| O|  |TAMS 0x0000000084d00000, 0x0000000084d00000| Untracked 
|  77|0x0000000084d00000, 0x0000000084e00000, 0x0000000084e00000|100%| O|  |TAMS 0x0000000084e00000, 0x0000000084e00000| Untracked 
|  78|0x0000000084e00000, 0x0000000084f00000, 0x0000000084f00000|100%| O|  |TAMS 0x0000000084f00000, 0x0000000084f00000| Untracked 
|  79|0x0000000084f00000, 0x0000000085000000, 0x0000000085000000|100%| O|  |TAMS 0x0000000085000000, 0x0000000085000000| Untracked 
|  80|0x0000000085000000, 0x0000000085100000, 0x0000000085100000|100%| O|  |TAMS 0x0000000085100000, 0x0000000085100000| Untracked 
|  81|0x0000000085100000, 0x0000000085200000, 0x0000000085200000|100%|HS|  |TAMS 0x0000000085200000, 0x0000000085200000| Complete 
|  82|0x0000000085200000, 0x0000000085300000, 0x0000000085300000|100%|HC|  |TAMS 0x0000000085300000, 0x0000000085300000| Complete 
|  83|0x0000000085300000, 0x0000000085400000, 0x0000000085400000|100%| O|  |TAMS 0x0000000085400000, 0x0000000085400000| Untracked 
|  84|0x0000000085400000, 0x0000000085500000, 0x0000000085500000|100%| O|  |TAMS 0x0000000085500000, 0x0000000085500000| Untracked 
|  85|0x0000000085500000, 0x0000000085600000, 0x0000000085600000|100%| O|  |TAMS 0x0000000085600000, 0x0000000085600000| Untracked 
|  86|0x0000000085600000, 0x0000000085700000, 0x0000000085700000|100%|HS|  |TAMS 0x0000000085700000, 0x0000000085700000| Complete 
|  87|0x0000000085700000, 0x0000000085800000, 0x0000000085800000|100%|HS|  |TAMS 0x0000000085800000, 0x0000000085800000| Complete 
|  88|0x0000000085800000, 0x0000000085900000, 0x0000000085900000|100%|HS|  |TAMS 0x0000000085900000, 0x0000000085900000| Complete 
|  89|0x0000000085900000, 0x0000000085a00000, 0x0000000085a00000|100%|HS|  |TAMS 0x0000000085a00000, 0x0000000085a00000| Complete 
|  90|0x0000000085a00000, 0x0000000085b00000, 0x0000000085b00000|100%|HS|  |TAMS 0x0000000085b00000, 0x0000000085b00000| Complete 
|  91|0x0000000085b00000, 0x0000000085c00000, 0x0000000085c00000|100%|HS|  |TAMS 0x0000000085c00000, 0x0000000085c00000| Complete 
|  92|0x0000000085c00000, 0x0000000085d00000, 0x0000000085d00000|100%|HS|  |TAMS 0x0000000085d00000, 0x0000000085d00000| Complete 
|  93|0x0000000085d00000, 0x0000000085e00000, 0x0000000085e00000|100%|HC|  |TAMS 0x0000000085e00000, 0x0000000085e00000| Complete 
|  94|0x0000000085e00000, 0x0000000085f00000, 0x0000000085f00000|100%|HS|  |TAMS 0x0000000085f00000, 0x0000000085f00000| Complete 
|  95|0x0000000085f00000, 0x0000000086000000, 0x0000000086000000|100%|HC|  |TAMS 0x0000000086000000, 0x0000000086000000| Complete 
|  96|0x0000000086000000, 0x0000000086100000, 0x0000000086100000|100%| O|  |TAMS 0x0000000086100000, 0x0000000086100000| Untracked 
|  97|0x0000000086100000, 0x0000000086200000, 0x0000000086200000|100%| O|  |TAMS 0x0000000086200000, 0x0000000086200000| Untracked 
|  98|0x0000000086200000, 0x0000000086300000, 0x0000000086300000|100%| O|  |TAMS 0x0000000086300000, 0x0000000086300000| Untracked 
|  99|0x0000000086300000, 0x0000000086400000, 0x0000000086400000|100%| O|  |TAMS 0x0000000086400000, 0x0000000086400000| Untracked 
| 100|0x0000000086400000, 0x0000000086500000, 0x0000000086500000|100%| O|  |TAMS 0x0000000086500000, 0x0000000086500000| Untracked 
| 101|0x0000000086500000, 0x0000000086600000, 0x0000000086600000|100%| O|  |TAMS 0x0000000086600000, 0x0000000086600000| Untracked 
| 102|0x0000000086600000, 0x0000000086700000, 0x0000000086700000|100%| O|  |TAMS 0x0000000086700000, 0x0000000086700000| Untracked 
| 103|0x0000000086700000, 0x0000000086800000, 0x0000000086800000|100%|HS|  |TAMS 0x0000000086800000, 0x0000000086800000| Complete 
| 104|0x0000000086800000, 0x0000000086900000, 0x0000000086900000|100%|HC|  |TAMS 0x0000000086900000, 0x0000000086900000| Complete 
| 105|0x0000000086900000, 0x0000000086a00000, 0x0000000086a00000|100%| O|  |TAMS 0x0000000086a00000, 0x0000000086a00000| Untracked 
| 106|0x0000000086a00000, 0x0000000086b00000, 0x0000000086b00000|100%|HS|  |TAMS 0x0000000086b00000, 0x0000000086b00000| Complete 
| 107|0x0000000086b00000, 0x0000000086c00000, 0x0000000086c00000|100%| O|  |TAMS 0x0000000086c00000, 0x0000000086c00000| Untracked 
| 108|0x0000000086c00000, 0x0000000086d00000, 0x0000000086d00000|100%|HS|  |TAMS 0x0000000086d00000, 0x0000000086d00000| Complete 
| 109|0x0000000086d00000, 0x0000000086e00000, 0x0000000086e00000|100%| O|  |TAMS 0x0000000086e00000, 0x0000000086e00000| Untracked 
| 110|0x0000000086e00000, 0x0000000086f00000, 0x0000000086f00000|100%|HS|  |TAMS 0x0000000086f00000, 0x0000000086f00000| Complete 
| 111|0x0000000086f00000, 0x0000000087000000, 0x0000000087000000|100%| O|  |TAMS 0x0000000087000000, 0x0000000087000000| Untracked 
| 112|0x0000000087000000, 0x0000000087100000, 0x0000000087100000|100%|HS|  |TAMS 0x0000000087100000, 0x0000000087100000| Complete 
| 113|0x0000000087100000, 0x0000000087200000, 0x0000000087200000|100%| O|  |TAMS 0x0000000087200000, 0x0000000087200000| Untracked 
| 114|0x0000000087200000, 0x0000000087300000, 0x0000000087300000|100%|HS|  |TAMS 0x0000000087300000, 0x0000000087300000| Complete 
| 115|0x0000000087300000, 0x0000000087400000, 0x0000000087400000|100%| O|  |TAMS 0x00000000873a0400, 0x0000000087400000| Untracked 
| 116|0x0000000087400000, 0x0000000087500000, 0x0000000087500000|100%|HS|  |TAMS 0x0000000087500000, 0x0000000087500000| Complete 
| 117|0x0000000087500000, 0x0000000087600000, 0x0000000087600000|100%|HS|  |TAMS 0x0000000087500000, 0x0000000087600000| Complete 
| 118|0x0000000087600000, 0x0000000087700000, 0x0000000087700000|100%|HS|  |TAMS 0x0000000087600000, 0x0000000087700000| Complete 
| 119|0x0000000087700000, 0x0000000087800000, 0x0000000087800000|100%|HS|  |TAMS 0x0000000087800000, 0x0000000087800000| Complete 
| 120|0x0000000087800000, 0x0000000087900000, 0x0000000087900000|100%|HC|  |TAMS 0x0000000087900000, 0x0000000087900000| Complete 
| 121|0x0000000087900000, 0x0000000087a00000, 0x0000000087a00000|100%| O|  |TAMS 0x0000000087900000, 0x0000000087a00000| Untracked 
| 122|0x0000000087a00000, 0x0000000087b00000, 0x0000000087b00000|100%| O|  |TAMS 0x0000000087a00000, 0x0000000087b00000| Untracked 
| 123|0x0000000087b00000, 0x0000000087c00000, 0x0000000087c00000|100%|HS|  |TAMS 0x0000000087c00000, 0x0000000087c00000| Complete 
| 124|0x0000000087c00000, 0x0000000087d00000, 0x0000000087d00000|100%|HC|  |TAMS 0x0000000087d00000, 0x0000000087d00000| Complete 
| 125|0x0000000087d00000, 0x0000000087e00000, 0x0000000087e00000|100%| O|  |TAMS 0x0000000087e00000, 0x0000000087e00000| Untracked 
| 126|0x0000000087e00000, 0x0000000087f00000, 0x0000000087f00000|100%| O|  |TAMS 0x0000000087f00000, 0x0000000087f00000| Untracked 
| 127|0x0000000087f00000, 0x0000000088000000, 0x0000000088000000|100%| O|  |TAMS 0x0000000088000000, 0x0000000088000000| Untracked 
| 128|0x0000000088000000, 0x0000000088100000, 0x0000000088100000|100%| O|  |TAMS 0x0000000088100000, 0x0000000088100000| Untracked 
| 129|0x0000000088100000, 0x0000000088200000, 0x0000000088200000|100%| O|  |TAMS 0x0000000088200000, 0x0000000088200000| Untracked 
| 130|0x0000000088200000, 0x0000000088300000, 0x0000000088300000|100%| O|  |TAMS 0x0000000088300000, 0x0000000088300000| Untracked 
| 131|0x0000000088300000, 0x0000000088400000, 0x0000000088400000|100%| O|  |TAMS 0x0000000088300000, 0x0000000088400000| Untracked 
| 132|0x0000000088400000, 0x0000000088500000, 0x0000000088500000|100%| O|  |TAMS 0x0000000088400000, 0x0000000088500000| Untracked 
| 133|0x0000000088500000, 0x0000000088600000, 0x0000000088600000|100%| O|  |TAMS 0x0000000088500000, 0x0000000088600000| Untracked 
| 134|0x0000000088600000, 0x0000000088700000, 0x0000000088700000|100%| O|  |TAMS 0x0000000088600000, 0x0000000088700000| Untracked 
| 135|0x0000000088700000, 0x0000000088800000, 0x0000000088800000|100%| O|  |TAMS 0x0000000088700000, 0x0000000088800000| Untracked 
| 136|0x0000000088800000, 0x0000000088900000, 0x0000000088900000|100%| O|  |TAMS 0x0000000088800000, 0x0000000088900000| Untracked 
| 137|0x0000000088900000, 0x0000000088a00000, 0x0000000088a00000|100%| O|  |TAMS 0x0000000088900000, 0x0000000088a00000| Untracked 
| 138|0x0000000088a00000, 0x0000000088b00000, 0x0000000088b00000|100%| O|  |TAMS 0x0000000088a00000, 0x0000000088b00000| Untracked 
| 139|0x0000000088b00000, 0x0000000088c00000, 0x0000000088c00000|100%| O|  |TAMS 0x0000000088b00000, 0x0000000088c00000| Untracked 
| 140|0x0000000088c00000, 0x0000000088d00000, 0x0000000088d00000|100%| O|  |TAMS 0x0000000088c00000, 0x0000000088d00000| Untracked 
| 141|0x0000000088d00000, 0x0000000088e00000, 0x0000000088e00000|100%| O|  |TAMS 0x0000000088d00000, 0x0000000088e00000| Untracked 
| 142|0x0000000088e00000, 0x0000000088f00000, 0x0000000088f00000|100%| O|  |TAMS 0x0000000088e00000, 0x0000000088f00000| Untracked 
| 143|0x0000000088f00000, 0x0000000089000000, 0x0000000089000000|100%| O|  |TAMS 0x0000000088f00000, 0x0000000089000000| Untracked 
| 144|0x0000000089000000, 0x0000000089100000, 0x0000000089100000|100%| O|  |TAMS 0x0000000089000000, 0x0000000089100000| Untracked 
| 145|0x0000000089100000, 0x0000000089200000, 0x0000000089200000|100%| O|  |TAMS 0x0000000089100000, 0x0000000089200000| Untracked 
| 146|0x0000000089200000, 0x0000000089300000, 0x0000000089300000|100%| O|  |TAMS 0x0000000089200000, 0x0000000089300000| Untracked 
| 147|0x0000000089300000, 0x0000000089400000, 0x0000000089400000|100%| O|  |TAMS 0x0000000089300000, 0x0000000089400000| Untracked 
| 148|0x0000000089400000, 0x0000000089500000, 0x0000000089500000|100%| O|  |TAMS 0x0000000089400000, 0x0000000089500000| Untracked 
| 149|0x0000000089500000, 0x0000000089600000, 0x0000000089600000|100%| O|  |TAMS 0x0000000089500000, 0x0000000089600000| Untracked 
| 150|0x0000000089600000, 0x0000000089700000, 0x0000000089700000|100%| O|  |TAMS 0x0000000089600000, 0x0000000089700000| Untracked 
| 151|0x0000000089700000, 0x0000000089800000, 0x0000000089800000|100%| O|  |TAMS 0x0000000089700000, 0x0000000089800000| Untracked 
| 152|0x0000000089800000, 0x0000000089900000, 0x0000000089900000|100%| O|  |TAMS 0x0000000089800000, 0x0000000089900000| Untracked 
| 153|0x0000000089900000, 0x0000000089a00000, 0x0000000089a00000|100%| O|  |TAMS 0x0000000089900000, 0x0000000089a00000| Untracked 
| 154|0x0000000089a00000, 0x0000000089b00000, 0x0000000089b00000|100%| O|  |TAMS 0x0000000089a00000, 0x0000000089b00000| Untracked 
| 155|0x0000000089b00000, 0x0000000089c00000, 0x0000000089c00000|100%| O|  |TAMS 0x0000000089b00000, 0x0000000089c00000| Untracked 
| 156|0x0000000089c00000, 0x0000000089d00000, 0x0000000089d00000|100%| O|  |TAMS 0x0000000089c00000, 0x0000000089d00000| Untracked 
| 157|0x0000000089d00000, 0x0000000089e00000, 0x0000000089e00000|100%| O|  |TAMS 0x0000000089d00000, 0x0000000089e00000| Untracked 
| 158|0x0000000089e00000, 0x0000000089f00000, 0x0000000089f00000|100%| O|  |TAMS 0x0000000089e00000, 0x0000000089f00000| Untracked 
| 159|0x0000000089f00000, 0x000000008a000000, 0x000000008a000000|100%| O|  |TAMS 0x0000000089f00000, 0x0000000089fcae00| Untracked 
| 160|0x000000008a000000, 0x000000008a100000, 0x000000008a100000|100%| O|  |TAMS 0x000000008a000000, 0x000000008a000000| Untracked 
| 161|0x000000008a100000, 0x000000008a200000, 0x000000008a200000|100%| O|  |TAMS 0x000000008a100000, 0x000000008a100000| Untracked 
| 162|0x000000008a200000, 0x000000008a300000, 0x000000008a300000|100%| O|  |TAMS 0x000000008a200000, 0x000000008a200000| Untracked 
| 163|0x000000008a300000, 0x000000008a400000, 0x000000008a400000|100%| O|  |TAMS 0x000000008a300000, 0x000000008a300000| Untracked 
| 164|0x000000008a400000, 0x000000008a500000, 0x000000008a500000|100%| O|  |TAMS 0x000000008a400000, 0x000000008a400000| Untracked 
| 165|0x000000008a500000, 0x000000008a600000, 0x000000008a600000|100%| O|  |TAMS 0x000000008a500000, 0x000000008a500000| Untracked 
| 166|0x000000008a600000, 0x000000008a700000, 0x000000008a700000|100%| O|  |TAMS 0x000000008a600000, 0x000000008a600000| Untracked 
| 167|0x000000008a700000, 0x000000008a800000, 0x000000008a800000|100%| O|  |TAMS 0x000000008a700000, 0x000000008a700000| Untracked 
| 168|0x000000008a800000, 0x000000008a900000, 0x000000008a900000|100%| O|  |TAMS 0x000000008a800000, 0x000000008a800000| Untracked 
| 169|0x000000008a900000, 0x000000008aa00000, 0x000000008aa00000|100%| O|  |TAMS 0x000000008a900000, 0x000000008a900000| Untracked 
| 170|0x000000008aa00000, 0x000000008ab00000, 0x000000008ab00000|100%| O|  |TAMS 0x000000008aa00000, 0x000000008aa00000| Untracked 
| 171|0x000000008ab00000, 0x000000008ac00000, 0x000000008ac00000|100%| O|  |TAMS 0x000000008ab00000, 0x000000008ab00000| Untracked 
| 172|0x000000008ac00000, 0x000000008ad00000, 0x000000008ad00000|100%| O|  |TAMS 0x000000008ac00000, 0x000000008ac00000| Untracked 
| 173|0x000000008ad00000, 0x000000008ae00000, 0x000000008ae00000|100%| O|  |TAMS 0x000000008ad00000, 0x000000008ad00000| Untracked 
| 174|0x000000008ae00000, 0x000000008af00000, 0x000000008af00000|100%| O|  |TAMS 0x000000008ae00000, 0x000000008ae00000| Untracked 
| 175|0x000000008af00000, 0x000000008b000000, 0x000000008b000000|100%| O|  |TAMS 0x000000008af00000, 0x000000008af00000| Untracked 
| 176|0x000000008b000000, 0x000000008b100000, 0x000000008b100000|100%| O|  |TAMS 0x000000008b000000, 0x000000008b000000| Untracked 
| 177|0x000000008b100000, 0x000000008b200000, 0x000000008b200000|100%| O|  |TAMS 0x000000008b100000, 0x000000008b100000| Untracked 
| 178|0x000000008b200000, 0x000000008b300000, 0x000000008b300000|100%| O|  |TAMS 0x000000008b200000, 0x000000008b200000| Untracked 
| 179|0x000000008b300000, 0x000000008b400000, 0x000000008b400000|100%| O|  |TAMS 0x000000008b300000, 0x000000008b300000| Untracked 
| 180|0x000000008b400000, 0x000000008b500000, 0x000000008b500000|100%| O|  |TAMS 0x000000008b400000, 0x000000008b400000| Untracked 
| 181|0x000000008b500000, 0x000000008b600000, 0x000000008b600000|100%| O|  |TAMS 0x000000008b500000, 0x000000008b500000| Untracked 
| 182|0x000000008b600000, 0x000000008b700000, 0x000000008b700000|100%| O|  |TAMS 0x000000008b600000, 0x000000008b600000| Untracked 
| 183|0x000000008b700000, 0x000000008b800000, 0x000000008b800000|100%| O|  |TAMS 0x000000008b800000, 0x000000008b800000| Untracked 
| 184|0x000000008b800000, 0x000000008b900000, 0x000000008b900000|100%| O|  |TAMS 0x000000008b900000, 0x000000008b900000| Untracked 
| 185|0x000000008b900000, 0x000000008ba00000, 0x000000008ba00000|100%| O|  |TAMS 0x000000008b900000, 0x000000008b900000| Untracked 
| 186|0x000000008ba00000, 0x000000008bb00000, 0x000000008bb00000|100%| O|  |TAMS 0x000000008bb00000, 0x000000008bb00000| Untracked 
| 187|0x000000008bb00000, 0x000000008bc00000, 0x000000008bc00000|100%| O|  |TAMS 0x000000008bb00000, 0x000000008bb00000| Untracked 
| 188|0x000000008bc00000, 0x000000008bd00000, 0x000000008bd00000|100%| O|  |TAMS 0x000000008bc00000, 0x000000008bc00000| Untracked 
| 189|0x000000008bd00000, 0x000000008be00000, 0x000000008be00000|100%| O|  |TAMS 0x000000008bd00000, 0x000000008bd00000| Untracked 
| 190|0x000000008be00000, 0x000000008bedf600, 0x000000008bf00000| 87%| O|  |TAMS 0x000000008be00000, 0x000000008be00000| Untracked 
| 191|0x000000008bf00000, 0x000000008bf00000, 0x000000008c000000|  0%| F|  |TAMS 0x000000008bf00000, 0x000000008bf00000| Untracked 
| 192|0x000000008c000000, 0x000000008c100000, 0x000000008c100000|100%| O|  |TAMS 0x000000008c100000, 0x000000008c100000| Untracked 
| 193|0x000000008c100000, 0x000000008c200000, 0x000000008c200000|100%| O|  |TAMS 0x000000008c200000, 0x000000008c200000| Untracked 
| 194|0x000000008c200000, 0x000000008c300000, 0x000000008c300000|100%| O|  |TAMS 0x000000008c300000, 0x000000008c300000| Untracked 
| 195|0x000000008c300000, 0x000000008c400000, 0x000000008c400000|100%| O|  |TAMS 0x000000008c400000, 0x000000008c400000| Untracked 
| 196|0x000000008c400000, 0x000000008c500000, 0x000000008c500000|100%| O|  |TAMS 0x000000008c500000, 0x000000008c500000| Untracked 
| 197|0x000000008c500000, 0x000000008c600000, 0x000000008c600000|100%| O|  |TAMS 0x000000008c600000, 0x000000008c600000| Untracked 
| 198|0x000000008c600000, 0x000000008c700000, 0x000000008c700000|100%| O|  |TAMS 0x000000008c700000, 0x000000008c700000| Untracked 
| 199|0x000000008c700000, 0x000000008c800000, 0x000000008c800000|100%| O|  |TAMS 0x000000008c800000, 0x000000008c800000| Untracked 
| 200|0x000000008c800000, 0x000000008c900000, 0x000000008c900000|100%| O|  |TAMS 0x000000008c900000, 0x000000008c900000| Untracked 
| 201|0x000000008c900000, 0x000000008ca00000, 0x000000008ca00000|100%| O|  |TAMS 0x000000008ca00000, 0x000000008ca00000| Untracked 
| 202|0x000000008ca00000, 0x000000008ca00000, 0x000000008cb00000|  0%| F|  |TAMS 0x000000008ca00000, 0x000000008ca00000| Untracked 
| 203|0x000000008cb00000, 0x000000008cb00000, 0x000000008cc00000|  0%| F|  |TAMS 0x000000008cb00000, 0x000000008cb00000| Untracked 
| 204|0x000000008cc00000, 0x000000008cc00000, 0x000000008cd00000|  0%| F|  |TAMS 0x000000008cc00000, 0x000000008cc00000| Untracked 
| 205|0x000000008cd00000, 0x000000008cd00000, 0x000000008ce00000|  0%| F|  |TAMS 0x000000008cd00000, 0x000000008cd00000| Untracked 
| 206|0x000000008ce00000, 0x000000008ce00000, 0x000000008cf00000|  0%| F|  |TAMS 0x000000008ce00000, 0x000000008ce00000| Untracked 
| 207|0x000000008cf00000, 0x000000008cf00000, 0x000000008d000000|  0%| F|  |TAMS 0x000000008cf00000, 0x000000008cf00000| Untracked 
| 208|0x000000008d000000, 0x000000008d000000, 0x000000008d100000|  0%| F|  |TAMS 0x000000008d000000, 0x000000008d000000| Untracked 
| 209|0x000000008d100000, 0x000000008d100000, 0x000000008d200000|  0%| F|  |TAMS 0x000000008d100000, 0x000000008d100000| Untracked 
| 210|0x000000008d200000, 0x000000008d200000, 0x000000008d300000|  0%| F|  |TAMS 0x000000008d200000, 0x000000008d200000| Untracked 
| 211|0x000000008d300000, 0x000000008d300000, 0x000000008d400000|  0%| F|  |TAMS 0x000000008d300000, 0x000000008d300000| Untracked 
| 212|0x000000008d400000, 0x000000008d400000, 0x000000008d500000|  0%| F|  |TAMS 0x000000008d400000, 0x000000008d400000| Untracked 
| 213|0x000000008d500000, 0x000000008d500000, 0x000000008d600000|  0%| F|  |TAMS 0x000000008d500000, 0x000000008d500000| Untracked 
| 214|0x000000008d600000, 0x000000008d600000, 0x000000008d700000|  0%| F|  |TAMS 0x000000008d600000, 0x000000008d600000| Untracked 
| 215|0x000000008d700000, 0x000000008d700000, 0x000000008d800000|  0%| F|  |TAMS 0x000000008d700000, 0x000000008d700000| Untracked 
| 216|0x000000008d800000, 0x000000008d800000, 0x000000008d900000|  0%| F|  |TAMS 0x000000008d800000, 0x000000008d800000| Untracked 
| 217|0x000000008d900000, 0x000000008d900000, 0x000000008da00000|  0%| F|  |TAMS 0x000000008d900000, 0x000000008d900000| Untracked 
| 218|0x000000008da00000, 0x000000008da00000, 0x000000008db00000|  0%| F|  |TAMS 0x000000008da00000, 0x000000008da00000| Untracked 
| 219|0x000000008db00000, 0x000000008db00000, 0x000000008dc00000|  0%| F|  |TAMS 0x000000008db00000, 0x000000008db00000| Untracked 
| 220|0x000000008dc00000, 0x000000008dc00000, 0x000000008dd00000|  0%| F|  |TAMS 0x000000008dc00000, 0x000000008dc00000| Untracked 
| 221|0x000000008dd00000, 0x000000008dd00000, 0x000000008de00000|  0%| F|  |TAMS 0x000000008dd00000, 0x000000008dd00000| Untracked 
| 222|0x000000008de00000, 0x000000008de00000, 0x000000008df00000|  0%| F|  |TAMS 0x000000008de00000, 0x000000008de00000| Untracked 
| 223|0x000000008df00000, 0x000000008df00000, 0x000000008e000000|  0%| F|  |TAMS 0x000000008df00000, 0x000000008df00000| Untracked 
| 224|0x000000008e000000, 0x000000008e000000, 0x000000008e100000|  0%| F|  |TAMS 0x000000008e000000, 0x000000008e000000| Untracked 
| 225|0x000000008e100000, 0x000000008e100000, 0x000000008e200000|  0%| F|  |TAMS 0x000000008e100000, 0x000000008e100000| Untracked 
| 226|0x000000008e200000, 0x000000008e200000, 0x000000008e300000|  0%| F|  |TAMS 0x000000008e200000, 0x000000008e200000| Untracked 
| 227|0x000000008e300000, 0x000000008e300000, 0x000000008e400000|  0%| F|  |TAMS 0x000000008e300000, 0x000000008e300000| Untracked 
| 228|0x000000008e400000, 0x000000008e400000, 0x000000008e500000|  0%| F|  |TAMS 0x000000008e400000, 0x000000008e400000| Untracked 
| 229|0x000000008e500000, 0x000000008e500000, 0x000000008e600000|  0%| F|  |TAMS 0x000000008e500000, 0x000000008e500000| Untracked 
| 230|0x000000008e600000, 0x000000008e600000, 0x000000008e700000|  0%| F|  |TAMS 0x000000008e600000, 0x000000008e600000| Untracked 
| 231|0x000000008e700000, 0x000000008e800000, 0x000000008e800000|100%| S|CS|TAMS 0x000000008e700000, 0x000000008e700000| Complete 
| 232|0x000000008e800000, 0x000000008e900000, 0x000000008e900000|100%| S|CS|TAMS 0x000000008e800000, 0x000000008e800000| Complete 
| 233|0x000000008e900000, 0x000000008e900000, 0x000000008ea00000|  0%| F|  |TAMS 0x000000008e900000, 0x000000008e900000| Untracked 
| 234|0x000000008ea00000, 0x000000008ea00000, 0x000000008eb00000|  0%| F|  |TAMS 0x000000008ea00000, 0x000000008ea00000| Untracked 
| 235|0x000000008eb00000, 0x000000008eb00000, 0x000000008ec00000|  0%| F|  |TAMS 0x000000008eb00000, 0x000000008eb00000| Untracked 
| 236|0x000000008ec00000, 0x000000008ec00000, 0x000000008ed00000|  0%| F|  |TAMS 0x000000008ec00000, 0x000000008ec00000| Untracked 
| 237|0x000000008ed00000, 0x000000008ed00000, 0x000000008ee00000|  0%| F|  |TAMS 0x000000008ed00000, 0x000000008ed00000| Untracked 
| 238|0x000000008ee00000, 0x000000008ee00000, 0x000000008ef00000|  0%| F|  |TAMS 0x000000008ee00000, 0x000000008ee00000| Untracked 
| 239|0x000000008ef00000, 0x000000008ef00000, 0x000000008f000000|  0%| F|  |TAMS 0x000000008ef00000, 0x000000008ef00000| Untracked 
| 240|0x000000008f000000, 0x000000008f000000, 0x000000008f100000|  0%| F|  |TAMS 0x000000008f000000, 0x000000008f000000| Untracked 
| 241|0x000000008f100000, 0x000000008f100000, 0x000000008f200000|  0%| F|  |TAMS 0x000000008f100000, 0x000000008f100000| Untracked 
| 242|0x000000008f200000, 0x000000008f200000, 0x000000008f300000|  0%| F|  |TAMS 0x000000008f200000, 0x000000008f200000| Untracked 

Card table byte_map: [0x000001e46dbe0000,0x000001e46dfe0000] _byte_map_base: 0x000001e46d7e0000

Marking Bits (Prev, Next): (CMBitMap*) 0x000001e458af92a0, (CMBitMap*) 0x000001e458af9268
 Prev Bits: [0x000001e4703e0000, 0x000001e4723e0000)
 Next Bits: [0x000001e46e3e0000, 0x000001e4703e0000)

Polling page: 0x000001e458b90000

Metaspace:

Usage:
  Non-class:     80.47 MB capacity,    78.67 MB ( 98%) used,     1.52 MB (  2%) free+waste,   286.31 KB ( <1%) overhead. 
      Class:     12.89 MB capacity,    11.84 MB ( 92%) used,   943.36 KB (  7%) free+waste,   130.81 KB ( <1%) overhead. 
       Both:     93.36 MB capacity,    90.51 MB ( 97%) used,     2.44 MB (  3%) free+waste,   417.13 KB ( <1%) overhead. 

Virtual space:
  Non-class space:       82.00 MB reserved,      80.50 MB ( 98%) committed 
      Class space:        1.00 GB reserved,      12.95 MB (  1%) committed 
             Both:        1.08 GB reserved,      93.45 MB (  8%) committed 

Chunk freelists:
   Non-Class:  28.00 KB
       Class:  17.00 KB
        Both:  45.00 KB

MaxMetaspaceSize: 17179869184.00 GB
CompressedClassSpaceSize: 1.00 GB

CodeHeap 'non-profiled nmethods': size=120000Kb used=7997Kb max_used=7997Kb free=112002Kb
 bounds [0x000001e465850000, 0x000001e466020000, 0x000001e46cd80000]
CodeHeap 'profiled nmethods': size=120000Kb used=27363Kb max_used=27363Kb free=92636Kb
 bounds [0x000001e45e320000, 0x000001e45fde0000, 0x000001e465850000]
CodeHeap 'non-nmethods': size=5760Kb used=2363Kb max_used=2363Kb free=3396Kb
 bounds [0x000001e45dd80000, 0x000001e45dff0000, 0x000001e45e320000]
 total_blobs=13680 nmethods=12763 adapters=822
 compilation: enabled
              stopped_count=0, restarted_count=0
 full_count=0

Compilation events (20 events):
Event: 18.372 Thread 0x000001e47968c000 nmethod 12865 0x000001e46601e710 code [0x000001e46601e8e0, 0x000001e46601ed18]
Event: 18.372 Thread 0x000001e47968c000 12860       4       java.nio.ShortBuffer::position (6 bytes)
Event: 18.373 Thread 0x000001e47968c000 nmethod 12860 0x000001e46601f110 code [0x000001e46601f2a0, 0x000001e46601f358]
Event: 18.373 Thread 0x000001e47968c000 12858       4       com.android.tools.r8.graph.E::<init> (110 bytes)
Event: 18.385 Thread 0x000001e474edb000 12903       2       javax.management.ObjectName::addProperty (80 bytes)
Event: 18.386 Thread 0x000001e474edb000 nmethod 12903 0x000001e45fdd3a90 code [0x000001e45fdd3ca0, 0x000001e45fdd41c8]
Event: 18.388 Thread 0x000001e474edb000 12905       2       com.android.tools.r8.internal.A0::iterator (5 bytes)
Event: 18.388 Thread 0x000001e474edb000 nmethod 12905 0x000001e45fdd4410 code [0x000001e45fdd45c0, 0x000001e45fdd47a8]
Event: 18.388 Thread 0x000001e474edb000 12906       2       com.android.tools.r8.internal.ku$a::<init> (12 bytes)
Event: 18.389 Thread 0x000001e474edb000 nmethod 12906 0x000001e45fdd4890 code [0x000001e45fdd4a40, 0x000001e45fdd4ba8]
Event: 18.389 Thread 0x000001e474edb000 12907       2       com.android.tools.r8.internal.ku$f::<init> (6 bytes)
Event: 18.389 Thread 0x000001e474edb000 nmethod 12907 0x000001e45fdd4c90 code [0x000001e45fdd4e40, 0x000001e45fdd4f48]
Event: 18.389 Thread 0x000001e474edb000 12908       2       com.android.tools.r8.internal.ku$f::<init> (41 bytes)
Event: 18.389 Thread 0x000001e474edb000 nmethod 12908 0x000001e45fdd5010 code [0x000001e45fdd51c0, 0x000001e45fdd5338]
Event: 18.389 Thread 0x000001e474edb000 12909       2       com.android.tools.r8.code.C3::<init> (85 bytes)
Event: 18.390 Thread 0x000001e474edb000 nmethod 12909 0x000001e45fdd5410 code [0x000001e45fdd5640, 0x000001e45fdd5d68]
Event: 18.398 Thread 0x000001e474edb000 12910       2       com.android.tools.r8.code.M3::<init> (7 bytes)
Event: 18.398 Thread 0x000001e474edb000 nmethod 12910 0x000001e45fdd6290 code [0x000001e45fdd6440, 0x000001e45fdd6598]
Event: 18.409 Thread 0x000001e474edb000 12911       3       com.android.tools.r8.dex.j::a (266 bytes)
Event: 18.411 Thread 0x000001e474edb000 nmethod 12911 0x000001e45fdd6690 code [0x000001e45fdd6a20, 0x000001e45fdd81b8]

GC Heap History (20 events):
Event: 15.368 GC heap after
{Heap after GC invocations=22 (full 0):
 garbage-first heap   total 187392K, used 86154K [0x0000000080000000, 0x0000000100000000)
  region size 1024K, 4 young (4096K), 4 survivors (4096K)
 Metaspace       used 83986K, capacity 86738K, committed 86860K, reserved 1124352K
  class space    used 10814K, capacity 11819K, committed 11852K, reserved 1048576K
}
Event: 15.962 GC heap before
{Heap before GC invocations=22 (full 0):
 garbage-first heap   total 187392K, used 150666K [0x0000000080000000, 0x0000000100000000)
  region size 1024K, 68 young (69632K), 4 survivors (4096K)
 Metaspace       used 85924K, capacity 88663K, committed 88908K, reserved 1126400K
  class space    used 11077K, capacity 12075K, committed 12108K, reserved 1048576K
}
Event: 15.970 GC heap after
{Heap after GC invocations=23 (full 0):
 garbage-first heap   total 187392K, used 88297K [0x0000000080000000, 0x0000000100000000)
  region size 1024K, 6 young (6144K), 6 survivors (6144K)
 Metaspace       used 85924K, capacity 88663K, committed 88908K, reserved 1126400K
  class space    used 11077K, capacity 12075K, committed 12108K, reserved 1048576K
}
Event: 16.662 GC heap before
{Heap before GC invocations=23 (full 0):
 garbage-first heap   total 187392K, used 151785K [0x0000000080000000, 0x0000000100000000)
  region size 1024K, 68 young (69632K), 6 survivors (6144K)
 Metaspace       used 87582K, capacity 90313K, committed 90444K, reserved 1128448K
  class space    used 11257K, capacity 12259K, committed 12364K, reserved 1048576K
}
Event: 16.678 GC heap after
{Heap after GC invocations=24 (full 0):
 garbage-first heap   total 187392K, used 95022K [0x0000000080000000, 0x0000000100000000)
  region size 1024K, 8 young (8192K), 8 survivors (8192K)
 Metaspace       used 87582K, capacity 90313K, committed 90444K, reserved 1128448K
  class space    used 11257K, capacity 12259K, committed 12364K, reserved 1048576K
}
Event: 17.122 GC heap before
{Heap before GC invocations=25 (full 0):
 garbage-first heap   total 187392K, used 120622K [0x0000000080000000, 0x0000000100000000)
  region size 1024K, 25 young (25600K), 8 survivors (8192K)
 Metaspace       used 90048K, capacity 92753K, committed 93132K, reserved 1130496K
  class space    used 11591K, capacity 12582K, committed 12748K, reserved 1048576K
}
Event: 17.132 GC heap after
{Heap after GC invocations=26 (full 0):
 garbage-first heap   total 187392K, used 111893K [0x0000000080000000, 0x0000000100000000)
  region size 1024K, 9 young (9216K), 9 survivors (9216K)
 Metaspace       used 90048K, capacity 92753K, committed 93132K, reserved 1130496K
  class space    used 11591K, capacity 12582K, committed 12748K, reserved 1048576K
}
Event: 17.464 GC heap before
{Heap before GC invocations=27 (full 0):
 garbage-first heap   total 187392K, used 178453K [0x0000000080000000, 0x0000000100000000)
  region size 1024K, 51 young (52224K), 9 survivors (9216K)
 Metaspace       used 90315K, capacity 93020K, committed 93388K, reserved 1130496K
  class space    used 11617K, capacity 12585K, committed 12748K, reserved 1048576K
}
Event: 17.487 GC heap after
{Heap after GC invocations=28 (full 0):
 garbage-first heap   total 206848K, used 142195K [0x0000000080000000, 0x0000000100000000)
  region size 1024K, 7 young (7168K), 7 survivors (7168K)
 Metaspace       used 90315K, capacity 93020K, committed 93388K, reserved 1130496K
  class space    used 11617K, capacity 12585K, committed 12748K, reserved 1048576K
}
Event: 17.555 GC heap before
{Heap before GC invocations=28 (full 0):
 garbage-first heap   total 206848K, used 148339K [0x0000000080000000, 0x0000000100000000)
  region size 1024K, 15 young (15360K), 7 survivors (7168K)
 Metaspace       used 90315K, capacity 93020K, committed 93388K, reserved 1130496K
  class space    used 11617K, capacity 12585K, committed 12748K, reserved 1048576K
}
Event: 17.568 GC heap after
{Heap after GC invocations=29 (full 0):
 garbage-first heap   total 248832K, used 145673K [0x0000000080000000, 0x0000000100000000)
  region size 1024K, 3 young (3072K), 3 survivors (3072K)
 Metaspace       used 90315K, capacity 93020K, committed 93388K, reserved 1130496K
  class space    used 11617K, capacity 12585K, committed 12748K, reserved 1048576K
}
Event: 18.028 GC heap before
{Heap before GC invocations=30 (full 0):
 garbage-first heap   total 248832K, used 191753K [0x0000000080000000, 0x0000000100000000)
  region size 1024K, 47 young (48128K), 3 survivors (3072K)
 Metaspace       used 92591K, capacity 95468K, committed 95692K, reserved 1132544K
  class space    used 12123K, capacity 13199K, committed 13260K, reserved 1048576K
}
Event: 18.051 GC heap after
{Heap after GC invocations=31 (full 0):
 garbage-first heap   total 248832K, used 164864K [0x0000000080000000, 0x0000000100000000)
  region size 1024K, 6 young (6144K), 6 survivors (6144K)
 Metaspace       used 92591K, capacity 95468K, committed 95692K, reserved 1132544K
  class space    used 12123K, capacity 13199K, committed 13260K, reserved 1048576K
}
Event: 18.171 GC heap before
{Heap before GC invocations=31 (full 0):
 garbage-first heap   total 248832K, used 197632K [0x0000000080000000, 0x0000000100000000)
  region size 1024K, 38 young (38912K), 6 survivors (6144K)
 Metaspace       used 92668K, capacity 95602K, committed 95692K, reserved 1132544K
  class space    used 12123K, capacity 13199K, committed 13260K, reserved 1048576K
}
Event: 18.201 GC heap after
{Heap after GC invocations=32 (full 0):
 garbage-first heap   total 248832K, used 182059K [0x0000000080000000, 0x0000000100000000)
  region size 1024K, 5 young (5120K), 5 survivors (5120K)
 Metaspace       used 92668K, capacity 95602K, committed 95692K, reserved 1132544K
  class space    used 12123K, capacity 13199K, committed 13260K, reserved 1048576K
}
Event: 18.275 GC heap before
{Heap before GC invocations=32 (full 0):
 garbage-first heap   total 248832K, used 202539K [0x0000000080000000, 0x0000000100000000)
  region size 1024K, 25 young (25600K), 5 survivors (5120K)
 Metaspace       used 92677K, capacity 95603K, committed 95692K, reserved 1132544K
  class space    used 12123K, capacity 13199K, committed 13260K, reserved 1048576K
}
Event: 18.287 GC heap after
{Heap after GC invocations=33 (full 0):
 garbage-first heap   total 248832K, used 193270K [0x0000000080000000, 0x0000000100000000)
  region size 1024K, 4 young (4096K), 4 survivors (4096K)
 Metaspace       used 92677K, capacity 95603K, committed 95692K, reserved 1132544K
  class space    used 12123K, capacity 13199K, committed 13260K, reserved 1048576K
}
Event: 18.375 GC heap before
{Heap before GC invocations=33 (full 0):
 garbage-first heap   total 248832K, used 207606K [0x0000000080000000, 0x0000000100000000)
  region size 1024K, 18 young (18432K), 4 survivors (4096K)
 Metaspace       used 92683K, capacity 95603K, committed 95692K, reserved 1132544K
  class space    used 12124K, capacity 13199K, committed 13260K, reserved 1048576K
}
Event: 18.384 GC heap after
{Heap after GC invocations=34 (full 0):
 garbage-first heap   total 248832K, used 201592K [0x0000000080000000, 0x0000000100000000)
  region size 1024K, 3 young (3072K), 3 survivors (3072K)
 Metaspace       used 92683K, capacity 95603K, committed 95692K, reserved 1132544K
  class space    used 12124K, capacity 13199K, committed 13260K, reserved 1048576K
}
Event: 18.419 GC heap before
{Heap before GC invocations=34 (full 0):
 garbage-first heap   total 248832K, used 211832K [0x0000000080000000, 0x0000000100000000)
  region size 1024K, 13 young (13312K), 3 survivors (3072K)
 Metaspace       used 92686K, capacity 95603K, committed 95692K, reserved 1132544K
  class space    used 12124K, capacity 13199K, committed 13260K, reserved 1048576K
}

Deoptimization events (20 events):
Event: 17.916 Thread 0x000001e4795d8800 DEOPT PACKING pc=0x000001e465fd78a8 sp=0x000000e0218fea50
Event: 17.916 Thread 0x000001e4795d8800 DEOPT UNPACKING pc=0x000001e45dda78af sp=0x000000e0218fe9f0 mode 2
Event: 17.940 Thread 0x000001e4795d8800 Uncommon trap: trap_request=0xffffff4d fr.pc=0x000001e465ffa538 relative=0x00000000000001f8
Event: 17.940 Thread 0x000001e4795d8800 Uncommon trap: reason=unstable_if action=reinterpret pc=0x000001e465ffa538 method=com.android.tools.r8.graph.c0.a(Lcom/android/tools/r8/graph/c0;)I @ 44 c2
Event: 17.940 Thread 0x000001e4795d8800 DEOPT PACKING pc=0x000001e465ffa538 sp=0x000000e0218fe5b0
Event: 17.940 Thread 0x000001e4795d8800 DEOPT UNPACKING pc=0x000001e45dda78af sp=0x000000e0218fe530 mode 2
Event: 17.951 Thread 0x000001e4795de000 Uncommon trap: trap_request=0xffffff4d fr.pc=0x000001e465fc2730 relative=0x0000000000000090
Event: 17.951 Thread 0x000001e4795de000 Uncommon trap: reason=unstable_if action=reinterpret pc=0x000001e465fc2730 method=com.android.tools.r8.internal.Xe.d(I)Z @ 45 c2
Event: 17.951 Thread 0x000001e4795de000 DEOPT PACKING pc=0x000001e465fc2730 sp=0x000000e021cfe8a0
Event: 17.951 Thread 0x000001e4795de000 DEOPT UNPACKING pc=0x000001e45dda78af sp=0x000000e021cfe7d8 mode 2
Event: 17.955 Thread 0x000001e4795d9000 DEOPT PACKING pc=0x000001e45fd09247 sp=0x000000e0216fea00
Event: 17.955 Thread 0x000001e4795d9000 DEOPT UNPACKING pc=0x000001e45dda76ce sp=0x000000e0216fde68 mode 0
Event: 17.963 Thread 0x000001e4795de000 DEOPT PACKING pc=0x000001e45fd09247 sp=0x000000e021cfdf70
Event: 17.963 Thread 0x000001e4795de000 DEOPT UNPACKING pc=0x000001e45dda76ce sp=0x000000e021cfd3d8 mode 0
Event: 18.237 Thread 0x000001e4795d6800 DEOPT PACKING pc=0x000001e45fd7021a sp=0x000000e0217fe8e0
Event: 18.237 Thread 0x000001e4795d6800 DEOPT UNPACKING pc=0x000001e45dda76ce sp=0x000000e0217fdd78 mode 0
Event: 18.346 Thread 0x000001e4795d9000 Uncommon trap: trap_request=0xffffff4d fr.pc=0x000001e46601b02c relative=0x00000000000014cc
Event: 18.346 Thread 0x000001e4795d9000 Uncommon trap: reason=unstable_if action=reinterpret pc=0x000001e46601b02c method=com.android.tools.r8.dex.j.i()Lcom/android/tools/r8/graph/f0; @ 38 c2
Event: 18.346 Thread 0x000001e4795d9000 DEOPT PACKING pc=0x000001e46601b02c sp=0x000000e0216fee00
Event: 18.346 Thread 0x000001e4795d9000 DEOPT UNPACKING pc=0x000001e45dda78af sp=0x000000e0216fede0 mode 2

Classes redefined (0 events):
No events

Internal exceptions (20 events):
Event: 15.185 Thread 0x000001e47c3a3000 Exception <a 'java/lang/NoSuchMethodError'{0x00000000889534a8}: <clinit>> (0x00000000889534a8) thrown at [./src/hotspot/share/prims/jni.cpp, line 1362]
Event: 15.188 Thread 0x000001e47c3a3000 Exception <a 'java/lang/NoSuchMethodError'{0x000000008898e650}: <clinit>> (0x000000008898e650) thrown at [./src/hotspot/share/prims/jni.cpp, line 1362]
Event: 15.189 Thread 0x000001e47c3a3000 Exception <a 'java/lang/NoSuchMethodError'{0x00000000889a11a8}: <clinit>> (0x00000000889a11a8) thrown at [./src/hotspot/share/prims/jni.cpp, line 1362]
Event: 15.655 Thread 0x000001e479314000 Implicit null exception at 0x000001e465f108d2 to 0x000001e465f10cd8
Event: 15.655 Thread 0x000001e479313800 Implicit null exception at 0x000001e465f108d2 to 0x000001e465f10cd8
Event: 15.655 Thread 0x000001e479310000 Implicit null exception at 0x000001e465f108d2 to 0x000001e465f10cd8
Event: 15.655 Thread 0x000001e479313800 Implicit null exception at 0x000001e465f0e4a2 to 0x000001e465f0ed34
Event: 16.599 Thread 0x000001e47c3a9800 Exception <a 'java/lang/NoSuchMethodError'{0x00000000881870d8}: 'void java.lang.invoke.DirectMethodHandle$Holder.invokeStatic(java.lang.Object, long)'> (0x00000000881870d8) thrown at [./src/hotspot/share/interpreter/linkResolver.cpp, line 773]
Event: 16.600 Thread 0x000001e47c3a9800 Exception <a 'java/lang/NoSuchMethodError'{0x000000008818c2f0}: 'java.lang.Object java.lang.invoke.DirectMethodHandle$Holder.invokeStatic(java.lang.Object, long)'> (0x000000008818c2f0) thrown at [./src/hotspot/share/interpreter/linkResolver.cpp, line 773]
Event: 16.604 Thread 0x000001e47c3a9800 Exception <a 'java/lang/NoSuchMethodError'{0x0000000087a0ca20}: 'java.lang.Object java.lang.invoke.DirectMethodHandle$Holder.invokeStaticInit(java.lang.Object, java.lang.Object, long, java.lang.Object)'> (0x0000000087a0ca20) thrown at [./src/hotspot/share/interpreter/linkResolver.cpp, line 773]
Event: 16.605 Thread 0x000001e47c3a9800 Exception <a 'java/lang/NoSuchMethodError'{0x0000000087a12bb8}: 'java.lang.Object java.lang.invoke.DirectMethodHandle$Holder.invokeStatic(java.lang.Object, java.lang.Object, long)'> (0x0000000087a12bb8) thrown at [./src/hotspot/share/interpreter/linkResolver.cpp, line 773]
Event: 16.606 Thread 0x000001e47c3a9800 Exception <a 'java/lang/NoSuchMethodError'{0x0000000087a19130}: 'java.lang.Object java.lang.invoke.Invokers$Holder.linkToTargetMethod(java.lang.Object, long, java.lang.Object)'> (0x0000000087a19130) thrown at [./src/hotspot/share/interpreter/linkResolver.cpp, line 773]
Event: 16.942 Thread 0x000001e4795d5000 Exception <a 'sun/nio/fs/WindowsException'{0x000000008ad2cc08}> (0x000000008ad2cc08) thrown at [./src/hotspot/share/prims/jni.cpp, line 615]
Event: 17.048 Thread 0x000001e47c3a9800 Exception <a 'java/lang/NoSuchMethodError'{0x000000008aad2068}: 'int java.lang.invoke.DirectMethodHandle$Holder.invokeSpecialIFC(java.lang.Object, java.lang.Object, java.lang.Object)'> (0x000000008aad2068) thrown at [./src/hotspot/share/interpreter/linkResolver.cpp, line 773]
Event: 17.120 Thread 0x000001e4795d5000 Exception <a 'java/lang/NoSuchMethodError'{0x000000008a67a630}: 'java.lang.Object java.lang.invoke.DirectMethodHandle$Holder.invokeStatic(java.lang.Object, java.lang.Object, java.lang.Object, java.lang.Object, java.lang.Object, java.lang.Object, java.lang.Object, java.lang.Object, java.lang.Object, java.lang.Object, java.lang.Object, java.lang.Object, java.lang.Object, java.lang.Object, java.lang.Object, java.lang.Object, java.lang.Object, java.lang.Object, int, java.lang.Object)'> (0x000000008a67a630) thr
Event: 17.120 Thread 0x000001e4795d5000 Exception <a 'java/lang/NoSuchMethodError'{0x000000008a67fec0}: 'java.lang.Object java.lang.invoke.DirectMethodHandle$Holder.invokeStaticInit(java.lang.Object, java.lang.Object, java.lang.Object, java.lang.Object, java.lang.Object, java.lang.Object, java.lang.Object, java.lang.Object, java.lang.Object, java.lang.Object, java.lang.Object, java.lang.Object, java.lang.Object, java.lang.Object, java.lang.Object, java.lang.Object, java.lang.Object, java.lang.Object, int, java.lang.Object)'> (0x000000008a67fec0)
Event: 17.831 Thread 0x000001e4795e0800 Exception <a 'java/lang/IncompatibleClassChangeError'{0x000000008d7d2f18}: Found class java.lang.Object, but interface was expected> (0x000000008d7d2f18) thrown at [./src/hotspot/share/interpreter/linkResolver.cpp, line 839]
Event: 17.853 Thread 0x000001e4795d9000 Exception <a 'java/lang/IncompatibleClassChangeError'{0x000000008d519768}: Found class java.lang.Object, but interface was expected> (0x000000008d519768) thrown at [./src/hotspot/share/interpreter/linkResolver.cpp, line 839]
Event: 17.853 Thread 0x000001e4795d9000 Exception <a 'java/lang/IncompatibleClassChangeError'{0x000000008d520b80}: Found class java.lang.Object, but interface was expected> (0x000000008d520b80) thrown at [./src/hotspot/share/interpreter/linkResolver.cpp, line 839]
Event: 17.854 Thread 0x000001e4795d6800 Exception <a 'java/lang/NoSuchMethodError'{0x000000008d53aeb0}: 'java.lang.Object java.lang.invoke.DirectMethodHandle$Holder.newInvokeSpecial(java.lang.Object, int)'> (0x000000008d53aeb0) thrown at [./src/hotspot/share/interpreter/linkResolver.cpp, line 773]

Events (20 events):
Event: 17.972 loading class com/android/tools/r8/internal/ku$d done
Event: 17.972 loading class com/android/tools/r8/internal/pr
Event: 17.972 loading class com/android/tools/r8/internal/pr done
Event: 17.972 loading class com/android/tools/r8/internal/lu
Event: 17.972 loading class com/android/tools/r8/internal/lu done
Event: 18.028 Executing VM operation: G1CollectForAllocation
Event: 18.051 Executing VM operation: G1CollectForAllocation done
Event: 18.073 loading class com/android/tools/r8/internal/f8
Event: 18.073 loading class com/android/tools/r8/internal/f8 done
Event: 18.171 Executing VM operation: G1CollectForAllocation
Event: 18.201 Executing VM operation: G1CollectForAllocation done
Event: 18.274 Executing VM operation: G1CollectForAllocation
Event: 18.287 Executing VM operation: G1CollectForAllocation done
Event: 18.346 loading class com/android/tools/r8/graph/f0$a
Event: 18.346 loading class com/android/tools/r8/graph/f0$a done
Event: 18.355 loading class com/android/tools/r8/dex/j$a
Event: 18.355 loading class com/android/tools/r8/dex/j$a done
Event: 18.375 Executing VM operation: G1CollectForAllocation
Event: 18.385 Executing VM operation: G1CollectForAllocation done
Event: 18.419 Executing VM operation: G1CollectForAllocation


Dynamic libraries:
0x00007ff7bc6e0000 - 0x00007ff7bc6ea000 	C:\Program Files\Android\Android Studio3\jre\bin\java.exe
0x00007ffd703a0000 - 0x00007ffd705af000 	C:\WINDOWS\SYSTEM32\ntdll.dll
0x00007ffd6ed30000 - 0x00007ffd6eded000 	C:\WINDOWS\System32\KERNEL32.DLL
0x00007ffd6d860000 - 0x00007ffd6dbe6000 	C:\WINDOWS\System32\KERNELBASE.dll
0x00007ffd6e0d0000 - 0x00007ffd6e1e1000 	C:\WINDOWS\System32\ucrtbase.dll
0x00007ffd60510000 - 0x00007ffd60529000 	C:\Program Files\Android\Android Studio3\jre\bin\jli.dll
0x00007ffd60410000 - 0x00007ffd60427000 	C:\Program Files\Android\Android Studio3\jre\bin\VCRUNTIME140.dll
0x00007ffd6f140000 - 0x00007ffd6f2ea000 	C:\WINDOWS\System32\USER32.dll
0x00007ffd6e1f0000 - 0x00007ffd6e216000 	C:\WINDOWS\System32\win32u.dll
0x00007ffd56840000 - 0x00007ffd56ae1000 	C:\WINDOWS\WinSxS\amd64_microsoft.windows.common-controls_6595b64144ccf1df_6.0.22471.1000_none_228bc6e77ad112f7\COMCTL32.dll
0x00007ffd6e580000 - 0x00007ffd6e5a9000 	C:\WINDOWS\System32\GDI32.dll
0x00007ffd6e290000 - 0x00007ffd6e334000 	C:\WINDOWS\System32\msvcrt.dll
0x00007ffd6dfb0000 - 0x00007ffd6e0c7000 	C:\WINDOWS\System32\gdi32full.dll
0x00007ffd6de80000 - 0x00007ffd6df1b000 	C:\WINDOWS\System32\msvcp_win.dll
0x00007ffd6e540000 - 0x00007ffd6e571000 	C:\WINDOWS\System32\IMM32.DLL
0x00007ffd60190000 - 0x00007ffd6022d000 	C:\Program Files\Android\Android Studio3\jre\bin\msvcp140.dll
0x00007ffd431e0000 - 0x00007ffd43caf000 	C:\Program Files\Android\Android Studio3\jre\bin\server\jvm.dll
0x00007ffd6e5b0000 - 0x00007ffd6e65e000 	C:\WINDOWS\System32\ADVAPI32.dll
0x00007ffd6ec80000 - 0x00007ffd6ed21000 	C:\WINDOWS\System32\sechost.dll
0x00007ffd6e420000 - 0x00007ffd6e540000 	C:\WINDOWS\System32\RPCRT4.dll
0x00007ffd6e220000 - 0x00007ffd6e228000 	C:\WINDOWS\System32\PSAPI.DLL
0x00007ffd6b550000 - 0x00007ffd6b55a000 	C:\WINDOWS\SYSTEM32\VERSION.dll
0x00007ffd4a4b0000 - 0x00007ffd4a4b9000 	C:\WINDOWS\SYSTEM32\WSOCK32.dll
0x00007ffd678d0000 - 0x00007ffd67903000 	C:\WINDOWS\SYSTEM32\WINMM.dll
0x00007ffd6f2f0000 - 0x00007ffd6f361000 	C:\WINDOWS\System32\WS2_32.dll
0x00007ffd6c930000 - 0x00007ffd6c948000 	C:\WINDOWS\SYSTEM32\kernel.appcore.dll
0x00007ffd69cf0000 - 0x00007ffd69d01000 	C:\Program Files\Android\Android Studio3\jre\bin\verify.dll
0x00007ffd65500000 - 0x00007ffd65727000 	C:\WINDOWS\SYSTEM32\DBGHELP.DLL
0x00007ffd6e900000 - 0x00007ffd6ec7e000 	C:\WINDOWS\System32\combase.dll
0x00007ffd5d9f0000 - 0x00007ffd5da21000 	C:\WINDOWS\SYSTEM32\dbgcore.DLL
0x00007ffd6df20000 - 0x00007ffd6dfa1000 	C:\WINDOWS\System32\bcryptPrimitives.dll
0x00007ffd69b50000 - 0x00007ffd69b79000 	C:\Program Files\Android\Android Studio3\jre\bin\java.dll
0x00007ffd69310000 - 0x00007ffd6931b000 	C:\Program Files\Android\Android Studio3\jre\bin\jimage.dll
0x00007ffd60970000 - 0x00007ffd60988000 	C:\Program Files\Android\Android Studio3\jre\bin\zip.dll
0x00007ffd6f980000 - 0x00007ffd7012b000 	C:\WINDOWS\System32\SHELL32.dll
0x00007ffd6b900000 - 0x00007ffd6c15c000 	C:\WINDOWS\SYSTEM32\windows.storage.dll
0x00007ffd6b7b0000 - 0x00007ffd6b8f9000 	C:\WINDOWS\SYSTEM32\wintypes.dll
0x00007ffd6e7a0000 - 0x00007ffd6e890000 	C:\WINDOWS\System32\SHCORE.dll
0x00007ffd6e890000 - 0x00007ffd6e8eb000 	C:\WINDOWS\System32\shlwapi.dll
0x00007ffd6d790000 - 0x00007ffd6d7b1000 	C:\WINDOWS\SYSTEM32\profapi.dll
0x00007ffd60950000 - 0x00007ffd6096a000 	C:\Program Files\Android\Android Studio3\jre\bin\net.dll
0x00007ffd67910000 - 0x00007ffd67a20000 	C:\WINDOWS\SYSTEM32\WINHTTP.dll
0x00007ffd6cd80000 - 0x00007ffd6cde9000 	C:\WINDOWS\system32\mswsock.dll
0x00007ffd60930000 - 0x00007ffd60944000 	C:\Program Files\Android\Android Studio3\jre\bin\nio.dll
0x00007ffd60530000 - 0x00007ffd60557000 	C:\Users\xpmkm\.gradle\native\8bec1ad78214c89d9ad589b4d07fe93259594b29d510b10fafb7a158f7737e5d\windows-amd64\native-platform.dll
0x00007ffd60230000 - 0x00007ffd6036d000 	C:\Users\xpmkm\.gradle\native\53dbd7edfb1c66fb8903c78663c9afc45aea4f116125fa6feffd364cf09443e8\windows-amd64\native-platform-file-events.dll
0x00007ffd69300000 - 0x00007ffd6930a000 	C:\Program Files\Android\Android Studio3\jre\bin\management.dll
0x00007ffd69040000 - 0x00007ffd6904c000 	C:\Program Files\Android\Android Studio3\jre\bin\management_ext.dll
0x00007ffd6cfd0000 - 0x00007ffd6cfe8000 	C:\WINDOWS\SYSTEM32\CRYPTSP.dll
0x00007ffd6c890000 - 0x00007ffd6c8c5000 	C:\WINDOWS\system32\rsaenh.dll
0x00007ffd6ce80000 - 0x00007ffd6cea9000 	C:\WINDOWS\SYSTEM32\USERENV.dll
0x00007ffd6d1c0000 - 0x00007ffd6d1e8000 	C:\WINDOWS\SYSTEM32\bcrypt.dll
0x00007ffd6cff0000 - 0x00007ffd6cffc000 	C:\WINDOWS\SYSTEM32\CRYPTBASE.dll
0x00007ffd6c380000 - 0x00007ffd6c3ad000 	C:\WINDOWS\SYSTEM32\IPHLPAPI.DLL
0x00007ffd6e8f0000 - 0x00007ffd6e8f9000 	C:\WINDOWS\System32\NSI.dll
0x00007ffd67320000 - 0x00007ffd67339000 	C:\WINDOWS\SYSTEM32\dhcpcsvc6.DLL
0x00007ffd672e0000 - 0x00007ffd672fe000 	C:\WINDOWS\SYSTEM32\dhcpcsvc.DLL
0x00007ffd6c3b0000 - 0x00007ffd6c4a1000 	C:\WINDOWS\SYSTEM32\DNSAPI.dll

dbghelp: loaded successfully - version: 4.0.5 - missing functions: none
symbol engine: initialized successfully - sym options: 0x614 - pdb path: .;C:\Program Files\Android\Android Studio3\jre\bin;C:\WINDOWS\SYSTEM32;C:\WINDOWS\WinSxS\amd64_microsoft.windows.common-controls_6595b64144ccf1df_6.0.22471.1000_none_228bc6e77ad112f7;C:\Program Files\Android\Android Studio3\jre\bin\server;C:\Users\xpmkm\.gradle\native\8bec1ad78214c89d9ad589b4d07fe93259594b29d510b10fafb7a158f7737e5d\windows-amd64;C:\Users\xpmkm\.gradle\native\53dbd7edfb1c66fb8903c78663c9afc45aea4f116125fa6feffd364cf09443e8\windows-amd64

VM Arguments:
jvm_args: --add-opens=java.base/java.util=ALL-UNNAMED --add-opens=java.base/java.lang=ALL-UNNAMED --add-opens=java.base/java.lang.invoke=ALL-UNNAMED --add-opens=java.base/java.util=ALL-UNNAMED --add-opens=java.prefs/java.util.prefs=ALL-UNNAMED --add-opens=java.prefs/java.util.prefs=ALL-UNNAMED --add-opens=java.base/java.nio.charset=ALL-UNNAMED --add-opens=java.base/java.net=ALL-UNNAMED --add-opens=java.base/java.util.concurrent.atomic=ALL-UNNAMED -Xmx2048m -Dfile.encoding=UTF-8 -Duser.country=IN -Duser.language=en -Duser.variant 
java_command: org.gradle.launcher.daemon.bootstrap.GradleDaemon 7.0.2
java_class_path (initial): C:\Users\xpmkm\.gradle\wrapper\dists\gradle-7.0.2-bin\857tjihv64xamwrf0h14cai3r\gradle-7.0.2\lib\gradle-launcher-7.0.2.jar
Launcher Type: SUN_STANDARD

[Global flags]
     intx CICompilerCount                          = 4                                         {product} {ergonomic}
     uint ConcGCThreads                            = 2                                         {product} {ergonomic}
     uint G1ConcRefinementThreads                  = 8                                         {product} {ergonomic}
   size_t G1HeapRegionSize                         = 1048576                                   {product} {ergonomic}
    uintx GCDrainStackTargetSize                   = 64                                        {product} {ergonomic}
   size_t InitialHeapSize                          = 132120576                                 {product} {ergonomic}
   size_t MarkStackSize                            = 4194304                                   {product} {ergonomic}
   size_t MaxHeapSize                              = 2147483648                                {product} {command line}
   size_t MaxNewSize                               = 1287651328                                {product} {ergonomic}
   size_t MinHeapDeltaBytes                        = 1048576                                   {product} {ergonomic}
    uintx NonNMethodCodeHeapSize                   = 5836300                                {pd product} {ergonomic}
    uintx NonProfiledCodeHeapSize                  = 122910970                              {pd product} {ergonomic}
    uintx ProfiledCodeHeapSize                     = 122910970                              {pd product} {ergonomic}
    uintx ReservedCodeCacheSize                    = 251658240                              {pd product} {ergonomic}
     bool SegmentedCodeCache                       = true                                      {product} {ergonomic}
     bool UseCompressedClassPointers               = true                                 {lp64_product} {ergonomic}
     bool UseCompressedOops                        = true                                 {lp64_product} {ergonomic}
     bool UseG1GC                                  = true                                      {product} {ergonomic}
     bool UseLargePagesIndividualAllocation        = false                                  {pd product} {ergonomic}

Logging:
Log output configuration:
 #0: stdout all=warning uptime,level,tags
 #1: stderr all=off uptime,level,tags

Environment Variables:
PATH=C:\Program Files (x86)\Common Files\Oracle\Java\javapath;C:\WINDOWS\system32;C:\WINDOWS;C:\WINDOWS\System32\Wbem;C:\WINDOWS\System32\WindowsPowerShell\v1.0\;C:\WINDOWS\System32\OpenSSH\;C:\Program Files\Git\cmd;C:\Program Files\nodejs\;C:\xampp\php;C:\ProgramData\ComposerSetup\bin;C:\Users\xpmkm\AppData\Local\Android\Sdk\platform-tools;C:\Program Files\Java\jdk1.8.0_231\bin;C:\Program Files\opnsl\bin;C:\Users\xpmkm\AppData\Roaming\npm;C:\Users\xpmkm\AppData\Local\Programs\Microsoft VS Code\bin;C:\Program Files\flutter\bin;C:\Users\xpmkm\AppData\Roaming\Composer\vendor\bin;C:\Users\xpmkm\AppData\Local\Microsoft\WindowsApps;
USERNAME=xpmkm
OS=Windows_NT
PROCESSOR_IDENTIFIER=AMD64 Family 23 Model 24 Stepping 1, AuthenticAMD



---------------  S Y S T E M  ---------------

OS: Windows 10 , 64 bit Build 22471 (10.0.22471.1000)
OS uptime: 0 days 0:25 hours

CPU:total 8 (initial active 8) (8 cores per cpu, 2 threads per core) family 23 model 24 stepping 1 microcode 0x0, cmov, cx8, fxsr, mmx, sse, sse2, sse3, ssse3, sse4.1, sse4.2, popcnt, avx, avx2, aes, clmul, mmxext, 3dnowpref, lzcnt, sse4a, ht, tsc, tscinvbit, tscinv, bmi1, bmi2, adx, s

Memory: 4k page, system-wide physical 8002M (505M free)
TotalPageFile size 12098M (AvailPageFile size 11M)
current process WorkingSet (physical memory assigned to process): 533M, peak: 535M
current process commit charge ("private bytes"): 568M, peak: 626M

vm_info: OpenJDK 64-Bit Server VM (11.0.10+0-b96-7249189) for windows-amd64 JRE (11.0.10+0-b96-7249189), built on Mar 31 2021 21:44:00 by "builder" with MS VC++ 14.0 (VS2015)

END.
