#
# There is insufficient memory for the Java Runtime Environment to continue.
# Native memory allocation (malloc) failed to allocate 1121456 bytes for Chunk::new
# Possible reasons:
#   The system is out of physical RAM or swap space
#   The process is running with CompressedOops enabled, and the Java Heap may be blocking the growth of the native heap
# Possible solutions:
#   Reduce memory load on the system
#   Increase physical memory or swap space
#   Check if swap backing store is full
#   Decrease Java heap size (-Xmx/-Xms)
#   Decrease number of Java threads
#   Decrease Java thread stack sizes (-Xss)
#   Set larger code cache with -XX:ReservedCodeCacheSize=
#   JVM is running with Unscaled Compressed Oops mode in which the Java heap is
#     placed in the first 4GB address space. The Java Heap base address is the
#     maximum limit for the native heap growth. Please use -XX:HeapBaseMinAddress
#     to set the Java Heap base and to place the Java Heap above 4GB virtual address.
# This output file may be truncated or incomplete.
#
#  Out of Memory Error (./src/hotspot/share/memory/arena.cpp:197), pid=1744, tid=1460
#
# JRE version: OpenJDK Runtime Environment (11.0.10) (build 11.0.10+0-b96-7249189)
# Java VM: OpenJDK 64-Bit Server VM (11.0.10+0-b96-7249189, mixed mode, tiered, compressed oops, g1 gc, windows-amd64)
# No core dump will be written. Minidumps are not enabled by default on client versions of Windows
#

---------------  S U M M A R Y ------------

Command Line: --add-opens=java.base/java.util=ALL-UNNAMED --add-opens=java.base/java.lang=ALL-UNNAMED --add-opens=java.base/java.lang.invoke=ALL-UNNAMED --add-opens=java.base/java.util=ALL-UNNAMED --add-opens=java.prefs/java.util.prefs=ALL-UNNAMED --add-opens=java.prefs/java.util.prefs=ALL-UNNAMED --add-opens=java.base/java.nio.charset=ALL-UNNAMED --add-opens=java.base/java.net=ALL-UNNAMED --add-opens=java.base/java.util.concurrent.atomic=ALL-UNNAMED -Xmx2048m -Dfile.encoding=UTF-8 -Duser.country=IN -Duser.language=en -Duser.variant org.gradle.launcher.daemon.bootstrap.GradleDaemon 7.0.2

Host: AMD Ryzen 5 3550H with Radeon Vega Mobile Gfx  , 8 cores, 7G,  Windows 10 , 64 bit Build 22471 (10.0.22471.1000)
Time: Fri Oct  8 13:20:37 2021 India Standard Time elapsed time: 13.355275 seconds (0d 0h 0m 13s)

---------------  T H R E A D  ---------------

Current thread (0x00000198c34d4000):  JavaThread "C2 CompilerThread1" daemon [_thread_in_native, id=1460, stack(0x0000001e31600000,0x0000001e31700000)]


Current CompileTask:
C2:  13355 10074       4       com.google.common.collect.Interners$InternerImpl::intern (50 bytes)

Stack: [0x0000001e31600000,0x0000001e31700000]
Native frames: (J=compiled Java code, j=interpreted, Vv=VM code, C=native code)
V  [jvm.dll+0x5ecfaa]
V  [jvm.dll+0x722bd5]
V  [jvm.dll+0x72412d]
V  [jvm.dll+0x7247e3]
V  [jvm.dll+0x242928]
V  [jvm.dll+0xbc4fc]
V  [jvm.dll+0xbca0c]
V  [jvm.dll+0x352d7d]
V  [jvm.dll+0x320ad3]
V  [jvm.dll+0x31ffca]
V  [jvm.dll+0x1fb602]
V  [jvm.dll+0x1fa7f4]
V  [jvm.dll+0x18354c]
V  [jvm.dll+0x208ee7]
V  [jvm.dll+0x207731]
V  [jvm.dll+0x6eb1cf]
V  [jvm.dll+0x6e3d45]
V  [jvm.dll+0x5ebe96]
C  [ucrtbase.dll+0x293cc]
C  [KERNEL32.DLL+0x16ab0]
C  [ntdll.dll+0x5c44b]


---------------  P R O C E S S  ---------------

Threads class SMR info:
_java_thread_list=0x00000198cc324a50, length=61, elements={
0x00000198a6453800, 0x00000198c08be800, 0x00000198c08cb800, 0x00000198c1234800,
0x00000198c1235800, 0x00000198c1236800, 0x00000198c123b000, 0x00000198c123f800,
0x00000198c08e9000, 0x00000198c138e000, 0x00000198c3a10800, 0x00000198c19ea000,
0x00000198c34d4000, 0x00000198c361b800, 0x00000198c45da000, 0x00000198c3108000,
0x00000198c430a800, 0x00000198c3482800, 0x00000198c431f800, 0x00000198c30f2800,
0x00000198c37cc000, 0x00000198c37c9800, 0x00000198c37ca800, 0x00000198c37cb000,
0x00000198c49e5000, 0x00000198c49e1800, 0x00000198c49e4000, 0x00000198c49df000,
0x00000198c49e2800, 0x00000198c49e5800, 0x00000198c49e0000, 0x00000198c3639800,
0x00000198c49e1000, 0x00000198c49e9000, 0x00000198c49e7800, 0x00000198c49ec000,
0x00000198c49ea000, 0x00000198c49ed000, 0x00000198c49ea800, 0x00000198c49ee000,
0x00000198c49eb800, 0x00000198c44e2000, 0x00000198c44e3000, 0x00000198c44e4000,
0x00000198c44e4800, 0x00000198c44e5800, 0x00000198c44df800, 0x00000198c44e1800,
0x00000198c44e0800, 0x00000198c44eb000, 0x00000198c44e6000, 0x00000198c44e8800,
0x00000198c44e9800, 0x00000198c44ea800, 0x00000198c44ed000, 0x00000198c44e7000,
0x00000198c44ed800, 0x00000198c44ee800, 0x00000198c8a6f000, 0x00000198c8a6e000,
0x00000198c8a6a000
}

Java Threads: ( => current thread )
  0x00000198a6453800 JavaThread "main" [_thread_blocked, id=6528, stack(0x0000001e30400000,0x0000001e30500000)]
  0x00000198c08be800 JavaThread "Reference Handler" daemon [_thread_blocked, id=16048, stack(0x0000001e30b00000,0x0000001e30c00000)]
  0x00000198c08cb800 JavaThread "Finalizer" daemon [_thread_blocked, id=4544, stack(0x0000001e30c00000,0x0000001e30d00000)]
  0x00000198c1234800 JavaThread "Signal Dispatcher" daemon [_thread_blocked, id=15692, stack(0x0000001e30d00000,0x0000001e30e00000)]
  0x00000198c1235800 JavaThread "Attach Listener" daemon [_thread_blocked, id=12264, stack(0x0000001e30e00000,0x0000001e30f00000)]
  0x00000198c1236800 JavaThread "Service Thread" daemon [_thread_blocked, id=15204, stack(0x0000001e30f00000,0x0000001e31000000)]
  0x00000198c123b000 JavaThread "C2 CompilerThread0" daemon [_thread_in_native, id=6440, stack(0x0000001e31000000,0x0000001e31100000)]
  0x00000198c123f800 JavaThread "C1 CompilerThread0" daemon [_thread_blocked, id=10620, stack(0x0000001e31100000,0x0000001e31200000)]
  0x00000198c08e9000 JavaThread "Sweeper thread" daemon [_thread_blocked, id=14404, stack(0x0000001e31200000,0x0000001e31300000)]
  0x00000198c138e000 JavaThread "Common-Cleaner" daemon [_thread_blocked, id=15704, stack(0x0000001e31300000,0x0000001e31400000)]
  0x00000198c3a10800 JavaThread "Daemon health stats" [_thread_blocked, id=6900, stack(0x0000001e31900000,0x0000001e31a00000)]
  0x00000198c19ea000 JavaThread "Incoming local TCP Connector on port 52293" [_thread_in_native, id=10532, stack(0x0000001e31500000,0x0000001e31600000)]
=>0x00000198c34d4000 JavaThread "C2 CompilerThread1" daemon [_thread_in_native, id=1460, stack(0x0000001e31600000,0x0000001e31700000)]
  0x00000198c361b800 JavaThread "Daemon periodic checks" [_thread_blocked, id=15620, stack(0x0000001e31a00000,0x0000001e31b00000)]
  0x00000198c45da000 JavaThread "Daemon" [_thread_blocked, id=12784, stack(0x0000001e31b00000,0x0000001e31c00000)]
  0x00000198c3108000 JavaThread "Handler for socket connection from /127.0.0.1:52293 to /127.0.0.1:52294" [_thread_in_native, id=16124, stack(0x0000001e31c00000,0x0000001e31d00000)]
  0x00000198c430a800 JavaThread "Cancel handler" [_thread_blocked, id=4696, stack(0x0000001e31d00000,0x0000001e31e00000)]
  0x00000198c3482800 JavaThread "Daemon worker" [_thread_blocked, id=4628, stack(0x0000001e31e00000,0x0000001e31f00000)]
  0x00000198c431f800 JavaThread "Asynchronous log dispatcher for DefaultDaemonConnection: socket connection from /127.0.0.1:52293 to /127.0.0.1:52294" [_thread_blocked, id=7112, stack(0x0000001e31f00000,0x0000001e32000000)]
  0x00000198c30f2800 JavaThread "Stdin handler" [_thread_blocked, id=11120, stack(0x0000001e32000000,0x0000001e32100000)]
  0x00000198c37cc000 JavaThread "Daemon client event forwarder" [_thread_blocked, id=14688, stack(0x0000001e32100000,0x0000001e32200000)]
  0x00000198c37c9800 JavaThread "Cache worker for file hash cache (C:\Users\xpmkm\.gradle\caches\7.0.2\fileHashes)" [_thread_blocked, id=9960, stack(0x0000001e32700000,0x0000001e32800000)]
  0x00000198c37ca800 JavaThread "File lock request listener" [_thread_in_native, id=13072, stack(0x0000001e32800000,0x0000001e32900000)]
  0x00000198c37cb000 JavaThread "Cache worker for journal cache (C:\Users\xpmkm\.gradle\caches\journal-1)" [_thread_blocked, id=8860, stack(0x0000001e32a00000,0x0000001e32b00000)]
  0x00000198c49e5000 JavaThread "Cache worker for file hash cache (C:\Users\xpmkm\Desktop\update_code_vezilla-server\codecanyon-L2GSbXtH-dairy-products-grocery-daily-milk-delivery-mobile-app-with-subscription-customer-app-delivery\test-vezilla-android-workspace\.gradle\7.0.2\fileHashes)" [_thread_blocked, id=11380, stack(0x0000001e32b00000,0x0000001e32c00000)]
  0x00000198c49e1800 JavaThread "File watcher server" daemon [_thread_in_native, id=12500, stack(0x0000001e32c00000,0x0000001e32d00000)]
  0x00000198c49e4000 JavaThread "File watcher consumer" daemon [_thread_blocked, id=15624, stack(0x0000001e32d00000,0x0000001e32e00000)]
  0x00000198c49df000 JavaThread "Cache worker for checksums cache (C:\Users\xpmkm\Desktop\update_code_vezilla-server\codecanyon-L2GSbXtH-dairy-products-grocery-daily-milk-delivery-mobile-app-with-subscription-customer-app-delivery\test-vezilla-android-workspace\.gradle\checksums)" [_thread_blocked, id=5288, stack(0x0000001e32e00000,0x0000001e32f00000)]
  0x00000198c49e2800 JavaThread "Cache worker for cache directory md-supplier (C:\Users\xpmkm\.gradle\caches\7.0.2\md-supplier)" [_thread_blocked, id=13672, stack(0x0000001e32f00000,0x0000001e33000000)]
  0x00000198c49e5800 JavaThread "Cache worker for cache directory md-rule (C:\Users\xpmkm\.gradle\caches\7.0.2\md-rule)" [_thread_blocked, id=16232, stack(0x0000001e33000000,0x0000001e33100000)]
  0x00000198c49e0000 JavaThread "Cache worker for execution history cache (C:\Users\xpmkm\.gradle\caches\7.0.2\executionHistory)" [_thread_blocked, id=2348, stack(0x0000001e33100000,0x0000001e33200000)]
  0x00000198c3639800 JavaThread "C2 CompilerThread2" daemon [_thread_in_native, id=14844, stack(0x0000001e33200000,0x0000001e33300000)]
  0x00000198c49e1000 JavaThread "jar transforms" [_thread_blocked, id=640, stack(0x0000001e33300000,0x0000001e33400000)]
  0x00000198c49e9000 JavaThread "jar transforms Thread 2" [_thread_blocked, id=7868, stack(0x0000001e33400000,0x0000001e33500000)]
  0x00000198c49e7800 JavaThread "Cache worker for file content cache (C:\Users\xpmkm\.gradle\caches\7.0.2\fileContent)" [_thread_blocked, id=9920, stack(0x0000001e33500000,0x0000001e33600000)]
  0x00000198c49ec000 JavaThread "Cache worker for dependencies-accessors (C:\Users\xpmkm\Desktop\update_code_vezilla-server\codecanyon-L2GSbXtH-dairy-products-grocery-daily-milk-delivery-mobile-app-with-subscription-customer-app-delivery\test-vezilla-android-workspace\.gradle\7.0.2\dependencies-accessors)" [_thread_blocked, id=14092, stack(0x0000001e33600000,0x0000001e33700000)]
  0x00000198c49ea000 JavaThread "jar transforms Thread 3" [_thread_blocked, id=10112, stack(0x0000001e33700000,0x0000001e33800000)]
  0x00000198c49ed000 JavaThread "Cache worker for Build Output Cleanup Cache (C:\Users\xpmkm\Desktop\update_code_vezilla-server\codecanyon-L2GSbXtH-dairy-products-grocery-daily-milk-delivery-mobile-app-with-subscription-customer-app-delivery\test-vezilla-android-workspace\.gradle\buildOutputCleanup)" [_thread_blocked, id=14988, stack(0x0000001e33800000,0x0000001e33900000)]
  0x00000198c49ea800 JavaThread "Build operations" [_thread_blocked, id=9416, stack(0x0000001e33900000,0x0000001e33a00000)]
  0x00000198c49ee000 JavaThread "Build operations Thread 2" [_thread_blocked, id=13524, stack(0x0000001e33a00000,0x0000001e33b00000)]
  0x00000198c49eb800 JavaThread "Build operations Thread 3" [_thread_in_native, id=14800, stack(0x0000001e33b00000,0x0000001e33c00000)]
  0x00000198c44e2000 JavaThread "Build operations Thread 4" [_thread_in_native, id=9244, stack(0x0000001e33c00000,0x0000001e33d00000)]
  0x00000198c44e3000 JavaThread "Build operations Thread 5" [_thread_in_vm, id=15120, stack(0x0000001e33d00000,0x0000001e33e00000)]
  0x00000198c44e4000 JavaThread "Build operations Thread 6" [_thread_blocked, id=316, stack(0x0000001e33e00000,0x0000001e33f00000)]
  0x00000198c44e4800 JavaThread "Build operations Thread 7" [_thread_in_native, id=7240, stack(0x0000001e33f00000,0x0000001e34000000)]
  0x00000198c44e5800 JavaThread "Build operations Thread 8" [_thread_blocked, id=10708, stack(0x0000001e34000000,0x0000001e34100000)]
  0x00000198c44df800 JavaThread "jar transforms Thread 4" [_thread_blocked, id=10056, stack(0x0000001e34100000,0x0000001e34200000)]
  0x00000198c44e1800 JavaThread "jar transforms Thread 5" [_thread_blocked, id=3224, stack(0x0000001e34200000,0x0000001e34300000)]
  0x00000198c44e0800 JavaThread "jar transforms Thread 6" [_thread_blocked, id=11760, stack(0x0000001e34300000,0x0000001e34400000)]
  0x00000198c44eb000 JavaThread "jar transforms Thread 7" [_thread_blocked, id=11808, stack(0x0000001e34400000,0x0000001e34500000)]
  0x00000198c44e6000 JavaThread "jar transforms Thread 8" [_thread_blocked, id=15160, stack(0x0000001e34500000,0x0000001e34600000)]
  0x00000198c44e8800 JavaThread "Memory manager" [_thread_blocked, id=4932, stack(0x0000001e34600000,0x0000001e34700000)]
  0x00000198c44e9800 JavaThread "build event listener" [_thread_blocked, id=3200, stack(0x0000001e34700000,0x0000001e34800000)]
  0x00000198c44ea800 JavaThread "Execution worker for ':'" [_thread_blocked, id=15480, stack(0x0000001e34800000,0x0000001e34900000)]
  0x00000198c44ed000 JavaThread "Execution worker for ':' Thread 2" [_thread_blocked, id=13372, stack(0x0000001e34900000,0x0000001e34a00000)]
  0x00000198c44e7000 JavaThread "Execution worker for ':' Thread 3" [_thread_blocked, id=7368, stack(0x0000001e34a00000,0x0000001e34b00000)]
  0x00000198c44ed800 JavaThread "Execution worker for ':' Thread 4" [_thread_blocked, id=9300, stack(0x0000001e34b00000,0x0000001e34c00000)]
  0x00000198c44ee800 JavaThread "Execution worker for ':' Thread 5" [_thread_blocked, id=3508, stack(0x0000001e34c00000,0x0000001e34d00000)]
  0x00000198c8a6f000 JavaThread "Execution worker for ':' Thread 6" [_thread_blocked, id=1496, stack(0x0000001e34d00000,0x0000001e34e00000)]
  0x00000198c8a6e000 JavaThread "Execution worker for ':' Thread 7" [_thread_blocked, id=6860, stack(0x0000001e34e00000,0x0000001e34f00000)]
  0x00000198c8a6a000 JavaThread "Cache worker for execution history cache (C:\Users\xpmkm\Desktop\update_code_vezilla-server\codecanyon-L2GSbXtH-dairy-products-grocery-daily-milk-delivery-mobile-app-with-subscription-customer-app-delivery\test-vezilla-android-workspace\.gradle\7.0.2\executionHistory)" [_thread_blocked, id=5528, stack(0x0000001e34f00000,0x0000001e35000000)]

Other Threads:
  0x00000198c08bb000 VMThread "VM Thread" [stack: 0x0000001e30a00000,0x0000001e30b00000] [id=13140]
  0x00000198c13ad000 WatcherThread [stack: 0x0000001e31400000,0x0000001e31500000] [id=7776]
  0x00000198a646e000 GCTaskThread "GC Thread#0" [stack: 0x0000001e30500000,0x0000001e30600000] [id=13448]
  0x00000198c200a800 GCTaskThread "GC Thread#1" [stack: 0x0000001e31700000,0x0000001e31800000] [id=5604]
  0x00000198c1cd4000 GCTaskThread "GC Thread#2" [stack: 0x0000001e31800000,0x0000001e31900000] [id=5536]
  0x00000198c38ae800 GCTaskThread "GC Thread#3" [stack: 0x0000001e32200000,0x0000001e32300000] [id=4848]
  0x00000198c2c55000 GCTaskThread "GC Thread#4" [stack: 0x0000001e32300000,0x0000001e32400000] [id=15036]
  0x00000198c37cd800 GCTaskThread "GC Thread#5" [stack: 0x0000001e32400000,0x0000001e32500000] [id=4908]
  0x00000198c3971800 GCTaskThread "GC Thread#6" [stack: 0x0000001e32500000,0x0000001e32600000] [id=1244]
  0x00000198c2bd6000 GCTaskThread "GC Thread#7" [stack: 0x0000001e32600000,0x0000001e32700000] [id=3264]
  0x00000198a64a2000 ConcurrentGCThread "G1 Main Marker" [stack: 0x0000001e30600000,0x0000001e30700000] [id=6052]
  0x00000198a64a3800 ConcurrentGCThread "G1 Conc#0" [stack: 0x0000001e30700000,0x0000001e30800000] [id=1264]
  0x00000198c3614000 ConcurrentGCThread "G1 Conc#1" [stack: 0x0000001e32900000,0x0000001e32a00000] [id=3228]
  0x00000198a652e800 ConcurrentGCThread "G1 Refine#0" [stack: 0x0000001e30800000,0x0000001e30900000] [id=2724]
  0x00000198c0709800 ConcurrentGCThread "G1 Young RemSet Sampling" [stack: 0x0000001e30900000,0x0000001e30a00000] [id=8716]

Threads with active compile tasks:
C2 CompilerThread0  13389 9367   !   4       org.gradle.internal.instantiation.generator.DependencyInjectingInstantiator::doCreate (64 bytes)
C2 CompilerThread1  13389 10074       4       com.google.common.collect.Interners$InternerImpl::intern (50 bytes)
C2 CompilerThread2  13390 10092       4       org.gradle.api.internal.cache.StringInterner::intern (9 bytes)

VM state:not at safepoint (normal execution)

VM Mutex/Monitor currently owned by a thread: None

Heap address: 0x0000000080000000, size: 2048 MB, Compressed Oops mode: 32-bit
Narrow klass base: 0x0000000000000000, Narrow klass shift: 3
Compressed class space size: 1073741824 Address: 0x0000000100000000

Heap:
 garbage-first heap   total 187392K, used 135521K [0x0000000080000000, 0x0000000100000000)
  region size 1024K, 72 young (73728K), 9 survivors (9216K)
 Metaspace       used 81735K, capacity 84424K, committed 84608K, reserved 1122304K
  class space    used 10645K, capacity 11626K, committed 11724K, reserved 1048576K
Heap Regions: E=young(eden), S=young(survivor), O=old, HS=humongous(starts), HC=humongous(continues), CS=collection set, F=free, A=archive, TAMS=top-at-mark-start (previous, next)
|   0|0x0000000080000000, 0x0000000080100000, 0x0000000080100000|100%| O|  |TAMS 0x0000000080100000, 0x0000000080000000| Untracked 
|   1|0x0000000080100000, 0x0000000080200000, 0x0000000080200000|100%| O|  |TAMS 0x0000000080200000, 0x0000000080100000| Untracked 
|   2|0x0000000080200000, 0x0000000080300000, 0x0000000080300000|100%| O|  |TAMS 0x0000000080300000, 0x0000000080200000| Untracked 
|   3|0x0000000080300000, 0x0000000080400000, 0x0000000080400000|100%|HS|  |TAMS 0x0000000080400000, 0x0000000080300000| Complete 
|   4|0x0000000080400000, 0x0000000080500000, 0x0000000080500000|100%|HC|  |TAMS 0x0000000080500000, 0x0000000080400000| Complete 
|   5|0x0000000080500000, 0x0000000080600000, 0x0000000080600000|100%|HC|  |TAMS 0x0000000080600000, 0x0000000080500000| Complete 
|   6|0x0000000080600000, 0x0000000080700000, 0x0000000080700000|100%| O|  |TAMS 0x0000000080700000, 0x0000000080600000| Untracked 
|   7|0x0000000080700000, 0x0000000080800000, 0x0000000080800000|100%| O|  |TAMS 0x0000000080800000, 0x0000000080700000| Untracked 
|   8|0x0000000080800000, 0x0000000080900000, 0x0000000080900000|100%| O|  |TAMS 0x0000000080900000, 0x0000000080800000| Untracked 
|   9|0x0000000080900000, 0x0000000080a00000, 0x0000000080a00000|100%| O|  |TAMS 0x0000000080a00000, 0x0000000080900000| Untracked 
|  10|0x0000000080a00000, 0x0000000080b00000, 0x0000000080b00000|100%| O|  |TAMS 0x0000000080b00000, 0x0000000080a00000| Untracked 
|  11|0x0000000080b00000, 0x0000000080c00000, 0x0000000080c00000|100%| O|  |TAMS 0x0000000080c00000, 0x0000000080b00000| Untracked 
|  12|0x0000000080c00000, 0x0000000080d00000, 0x0000000080d00000|100%| O|  |TAMS 0x0000000080d00000, 0x0000000080c00000| Untracked 
|  13|0x0000000080d00000, 0x0000000080e00000, 0x0000000080e00000|100%| O|  |TAMS 0x0000000080e00000, 0x0000000080d00000| Untracked 
|  14|0x0000000080e00000, 0x0000000080f00000, 0x0000000080f00000|100%| O|  |TAMS 0x0000000080f00000, 0x0000000080e00000| Untracked 
|  15|0x0000000080f00000, 0x0000000081000000, 0x0000000081000000|100%| O|  |TAMS 0x0000000081000000, 0x0000000080f00000| Untracked 
|  16|0x0000000081000000, 0x0000000081100000, 0x0000000081100000|100%| O|  |TAMS 0x0000000081100000, 0x0000000081000000| Untracked 
|  17|0x0000000081100000, 0x0000000081200000, 0x0000000081200000|100%| O|  |TAMS 0x0000000081200000, 0x0000000081100000| Untracked 
|  18|0x0000000081200000, 0x0000000081300000, 0x0000000081300000|100%| O|  |TAMS 0x0000000081300000, 0x0000000081200000| Untracked 
|  19|0x0000000081300000, 0x0000000081400000, 0x0000000081400000|100%|HS|  |TAMS 0x0000000081400000, 0x0000000081300000| Complete 
|  20|0x0000000081400000, 0x0000000081500000, 0x0000000081500000|100%| O|  |TAMS 0x0000000081500000, 0x0000000081400000| Untracked 
|  21|0x0000000081500000, 0x0000000081600000, 0x0000000081600000|100%| O|  |TAMS 0x0000000081600000, 0x0000000081500000| Untracked 
|  22|0x0000000081600000, 0x0000000081700000, 0x0000000081700000|100%| O|  |TAMS 0x0000000081700000, 0x0000000081600000| Untracked 
|  23|0x0000000081700000, 0x0000000081800000, 0x0000000081800000|100%|HS|  |TAMS 0x0000000081800000, 0x0000000081700000| Complete 
|  24|0x0000000081800000, 0x0000000081900000, 0x0000000081900000|100%|HS|  |TAMS 0x0000000081900000, 0x0000000081800000| Complete 
|  25|0x0000000081900000, 0x0000000081a00000, 0x0000000081a00000|100%|HC|  |TAMS 0x0000000081a00000, 0x0000000081900000| Complete 
|  26|0x0000000081a00000, 0x0000000081b00000, 0x0000000081b00000|100%| O|  |TAMS 0x0000000081b00000, 0x0000000081a00000| Untracked 
|  27|0x0000000081b00000, 0x0000000081c00000, 0x0000000081c00000|100%| O|  |TAMS 0x0000000081c00000, 0x0000000081b00000| Untracked 
|  28|0x0000000081c00000, 0x0000000081d00000, 0x0000000081d00000|100%| O|  |TAMS 0x0000000081d00000, 0x0000000081c00000| Untracked 
|  29|0x0000000081d00000, 0x0000000081e00000, 0x0000000081e00000|100%| O|  |TAMS 0x0000000081e00000, 0x0000000081d00000| Untracked 
|  30|0x0000000081e00000, 0x0000000081f00000, 0x0000000081f00000|100%| O|  |TAMS 0x0000000081f00000, 0x0000000081e00000| Untracked 
|  31|0x0000000081f00000, 0x0000000082000000, 0x0000000082000000|100%| O|  |TAMS 0x0000000082000000, 0x0000000081f00000| Untracked 
|  32|0x0000000082000000, 0x0000000082100000, 0x0000000082100000|100%| O|  |TAMS 0x0000000082100000, 0x0000000082000000| Untracked 
|  33|0x0000000082100000, 0x0000000082200000, 0x0000000082200000|100%| O|  |TAMS 0x0000000082200000, 0x0000000082100000| Untracked 
|  34|0x0000000082200000, 0x0000000082300000, 0x0000000082300000|100%| O|  |TAMS 0x0000000082300000, 0x0000000082200000| Untracked 
|  35|0x0000000082300000, 0x0000000082400000, 0x0000000082400000|100%| O|  |TAMS 0x0000000082400000, 0x0000000082300000| Untracked 
|  36|0x0000000082400000, 0x0000000082500000, 0x0000000082500000|100%| O|  |TAMS 0x0000000082500000, 0x0000000082400000| Untracked 
|  37|0x0000000082500000, 0x0000000082600000, 0x0000000082600000|100%| O|  |TAMS 0x0000000082600000, 0x0000000082500000| Untracked 
|  38|0x0000000082600000, 0x0000000082700000, 0x0000000082700000|100%| O|  |TAMS 0x0000000082700000, 0x0000000082600000| Untracked 
|  39|0x0000000082700000, 0x0000000082800000, 0x0000000082800000|100%| O|  |TAMS 0x0000000082800000, 0x0000000082700000| Untracked 
|  40|0x0000000082800000, 0x0000000082900000, 0x0000000082900000|100%| O|  |TAMS 0x0000000082900000, 0x0000000082800000| Untracked 
|  41|0x0000000082900000, 0x0000000082a00000, 0x0000000082a00000|100%| O|  |TAMS 0x0000000082a00000, 0x0000000082900000| Untracked 
|  42|0x0000000082a00000, 0x0000000082b00000, 0x0000000082b00000|100%| O|  |TAMS 0x0000000082b00000, 0x0000000082a00000| Untracked 
|  43|0x0000000082b00000, 0x0000000082c00000, 0x0000000082c00000|100%| O|  |TAMS 0x0000000082b42e00, 0x0000000082b00000| Untracked 
|  44|0x0000000082c00000, 0x0000000082d00000, 0x0000000082d00000|100%| O|  |TAMS 0x0000000082c00000, 0x0000000082c00000| Untracked 
|  45|0x0000000082d00000, 0x0000000082e00000, 0x0000000082e00000|100%| O|  |TAMS 0x0000000082d00000, 0x0000000082d00000| Untracked 
|  46|0x0000000082e00000, 0x0000000082f00000, 0x0000000082f00000|100%| O|  |TAMS 0x0000000082e00000, 0x0000000082e00000| Untracked 
|  47|0x0000000082f00000, 0x0000000083000000, 0x0000000083000000|100%| O|  |TAMS 0x0000000082f00000, 0x0000000082f00000| Untracked 
|  48|0x0000000083000000, 0x0000000083100000, 0x0000000083100000|100%| O|  |TAMS 0x0000000083000000, 0x0000000083000000| Untracked 
|  49|0x0000000083100000, 0x0000000083200000, 0x0000000083200000|100%| O|  |TAMS 0x0000000083100000, 0x0000000083100000| Untracked 
|  50|0x0000000083200000, 0x0000000083300000, 0x0000000083300000|100%| O|  |TAMS 0x0000000083200000, 0x0000000083200000| Untracked 
|  51|0x0000000083300000, 0x0000000083400000, 0x0000000083400000|100%| O|  |TAMS 0x0000000083300000, 0x0000000083300000| Untracked 
|  52|0x0000000083400000, 0x0000000083500000, 0x0000000083500000|100%| O|  |TAMS 0x0000000083400000, 0x0000000083400000| Untracked 
|  53|0x0000000083500000, 0x0000000083600000, 0x0000000083600000|100%| O|  |TAMS 0x0000000083500000, 0x0000000083500000| Untracked 
|  54|0x0000000083600000, 0x0000000083700000, 0x0000000083700000|100%| O|  |TAMS 0x0000000083600000, 0x0000000083600000| Untracked 
|  55|0x0000000083700000, 0x0000000083800000, 0x0000000083800000|100%| O|  |TAMS 0x0000000083700000, 0x0000000083700000| Untracked 
|  56|0x0000000083800000, 0x0000000083900000, 0x0000000083900000|100%| O|  |TAMS 0x0000000083800000, 0x0000000083800000| Untracked 
|  57|0x0000000083900000, 0x0000000083a00000, 0x0000000083a00000|100%| O|  |TAMS 0x0000000083900000, 0x0000000083900000| Untracked 
|  58|0x0000000083a00000, 0x0000000083b00000, 0x0000000083b00000|100%| O|  |TAMS 0x0000000083a00000, 0x0000000083a00000| Untracked 
|  59|0x0000000083b00000, 0x0000000083c00000, 0x0000000083c00000|100%| O|  |TAMS 0x0000000083b00000, 0x0000000083b00000| Untracked 
|  60|0x0000000083c00000, 0x0000000083d00000, 0x0000000083d00000|100%| O|  |TAMS 0x0000000083c00000, 0x0000000083c00000| Untracked 
|  61|0x0000000083d00000, 0x0000000083e00000, 0x0000000083e00000|100%| O|  |TAMS 0x0000000083d00000, 0x0000000083d00000| Untracked 
|  62|0x0000000083e00000, 0x0000000083e65e00, 0x0000000083f00000| 39%| O|  |TAMS 0x0000000083e00000, 0x0000000083e00000| Untracked 
|  63|0x0000000083f00000, 0x0000000083f00000, 0x0000000084000000|  0%| F|  |TAMS 0x0000000083f00000, 0x0000000083f00000| Untracked 
|  64|0x0000000084000000, 0x0000000084000000, 0x0000000084100000|  0%| F|  |TAMS 0x0000000084000000, 0x0000000084000000| Untracked 
|  65|0x0000000084100000, 0x0000000084100000, 0x0000000084200000|  0%| F|  |TAMS 0x0000000084100000, 0x0000000084100000| Untracked 
|  66|0x0000000084200000, 0x0000000084200000, 0x0000000084300000|  0%| F|  |TAMS 0x0000000084200000, 0x0000000084200000| Untracked 
|  67|0x0000000084300000, 0x0000000084300000, 0x0000000084400000|  0%| F|  |TAMS 0x0000000084300000, 0x0000000084300000| Untracked 
|  68|0x0000000084400000, 0x0000000084400000, 0x0000000084500000|  0%| F|  |TAMS 0x0000000084400000, 0x0000000084400000| Untracked 
|  69|0x0000000084500000, 0x0000000084500000, 0x0000000084600000|  0%| F|  |TAMS 0x0000000084500000, 0x0000000084500000| Untracked 
|  70|0x0000000084600000, 0x0000000084600000, 0x0000000084700000|  0%| F|  |TAMS 0x0000000084600000, 0x0000000084600000| Untracked 
|  71|0x0000000084700000, 0x0000000084700000, 0x0000000084800000|  0%| F|  |TAMS 0x0000000084700000, 0x0000000084700000| Untracked 
|  72|0x0000000084800000, 0x0000000084800000, 0x0000000084900000|  0%| F|  |TAMS 0x0000000084800000, 0x0000000084800000| Untracked 
|  73|0x0000000084900000, 0x0000000084900000, 0x0000000084a00000|  0%| F|  |TAMS 0x0000000084900000, 0x0000000084900000| Untracked 
|  74|0x0000000084a00000, 0x0000000084a00000, 0x0000000084b00000|  0%| F|  |TAMS 0x0000000084a00000, 0x0000000084a00000| Untracked 
|  75|0x0000000084b00000, 0x0000000084b00000, 0x0000000084c00000|  0%| F|  |TAMS 0x0000000084b00000, 0x0000000084b00000| Untracked 
|  76|0x0000000084c00000, 0x0000000084c00000, 0x0000000084d00000|  0%| F|  |TAMS 0x0000000084c00000, 0x0000000084c00000| Untracked 
|  77|0x0000000084d00000, 0x0000000084d00000, 0x0000000084e00000|  0%| F|  |TAMS 0x0000000084d00000, 0x0000000084d00000| Untracked 
|  78|0x0000000084e00000, 0x0000000084e00000, 0x0000000084f00000|  0%| F|  |TAMS 0x0000000084e00000, 0x0000000084e00000| Untracked 
|  79|0x0000000084f00000, 0x0000000084f00000, 0x0000000085000000|  0%| F|  |TAMS 0x0000000084f00000, 0x0000000084f00000| Untracked 
|  80|0x0000000085000000, 0x0000000085000000, 0x0000000085100000|  0%| F|  |TAMS 0x0000000085000000, 0x0000000085000000| Untracked 
|  81|0x0000000085100000, 0x0000000085100000, 0x0000000085200000|  0%| F|  |TAMS 0x0000000085100000, 0x0000000085100000| Untracked 
|  82|0x0000000085200000, 0x0000000085200000, 0x0000000085300000|  0%| F|  |TAMS 0x0000000085200000, 0x0000000085200000| Untracked 
|  83|0x0000000085300000, 0x0000000085300000, 0x0000000085400000|  0%| F|  |TAMS 0x0000000085300000, 0x0000000085300000| Untracked 
|  84|0x0000000085400000, 0x0000000085400000, 0x0000000085500000|  0%| F|  |TAMS 0x0000000085400000, 0x0000000085400000| Untracked 
|  85|0x0000000085500000, 0x0000000085500000, 0x0000000085600000|  0%| F|  |TAMS 0x0000000085500000, 0x0000000085500000| Untracked 
|  86|0x0000000085600000, 0x0000000085600000, 0x0000000085700000|  0%| F|  |TAMS 0x0000000085600000, 0x0000000085600000| Untracked 
|  87|0x0000000085700000, 0x0000000085700000, 0x0000000085800000|  0%| F|  |TAMS 0x0000000085700000, 0x0000000085700000| Untracked 
|  88|0x0000000085800000, 0x0000000085800000, 0x0000000085900000|  0%| F|  |TAMS 0x0000000085800000, 0x0000000085800000| Untracked 
|  89|0x0000000085900000, 0x0000000085900000, 0x0000000085a00000|  0%| F|  |TAMS 0x0000000085900000, 0x0000000085900000| Untracked 
|  90|0x0000000085a00000, 0x0000000085a00000, 0x0000000085b00000|  0%| F|  |TAMS 0x0000000085a00000, 0x0000000085a00000| Untracked 
|  91|0x0000000085b00000, 0x0000000085b00000, 0x0000000085c00000|  0%| F|  |TAMS 0x0000000085b00000, 0x0000000085b00000| Untracked 
|  92|0x0000000085c00000, 0x0000000085c00000, 0x0000000085d00000|  0%| F|  |TAMS 0x0000000085c00000, 0x0000000085c00000| Untracked 
|  93|0x0000000085d00000, 0x0000000085d00000, 0x0000000085e00000|  0%| F|  |TAMS 0x0000000085d00000, 0x0000000085d00000| Untracked 
|  94|0x0000000085e00000, 0x0000000085e00000, 0x0000000085f00000|  0%| F|  |TAMS 0x0000000085e00000, 0x0000000085e00000| Untracked 
|  95|0x0000000085f00000, 0x0000000085f00000, 0x0000000086000000|  0%| F|  |TAMS 0x0000000085f00000, 0x0000000085f00000| Untracked 
|  96|0x0000000086000000, 0x0000000086000000, 0x0000000086100000|  0%| F|  |TAMS 0x0000000086000000, 0x0000000086000000| Untracked 
|  97|0x0000000086100000, 0x0000000086100000, 0x0000000086200000|  0%| F|  |TAMS 0x0000000086100000, 0x0000000086100000| Untracked 
|  98|0x0000000086200000, 0x0000000086200000, 0x0000000086300000|  0%| F|  |TAMS 0x0000000086200000, 0x0000000086200000| Untracked 
|  99|0x0000000086300000, 0x0000000086300000, 0x0000000086400000|  0%| F|  |TAMS 0x0000000086300000, 0x0000000086300000| Untracked 
| 100|0x0000000086400000, 0x00000000864f27d8, 0x0000000086500000| 94%| S|CS|TAMS 0x0000000086400000, 0x0000000086400000| Complete 
| 101|0x0000000086500000, 0x0000000086600000, 0x0000000086600000|100%| S|CS|TAMS 0x0000000086500000, 0x0000000086500000| Complete 
| 102|0x0000000086600000, 0x0000000086700000, 0x0000000086700000|100%| S|CS|TAMS 0x0000000086600000, 0x0000000086600000| Complete 
| 103|0x0000000086700000, 0x0000000086700000, 0x0000000086800000|  0%| F|  |TAMS 0x0000000086700000, 0x0000000086700000| Untracked 
| 104|0x0000000086800000, 0x0000000086800000, 0x0000000086900000|  0%| F|  |TAMS 0x0000000086800000, 0x0000000086800000| Untracked 
| 105|0x0000000086900000, 0x0000000086900000, 0x0000000086a00000|  0%| F|  |TAMS 0x0000000086900000, 0x0000000086900000| Untracked 
| 106|0x0000000086a00000, 0x0000000086b00000, 0x0000000086b00000|100%| S|CS|TAMS 0x0000000086a00000, 0x0000000086a00000| Complete 
| 107|0x0000000086b00000, 0x0000000086c00000, 0x0000000086c00000|100%| S|CS|TAMS 0x0000000086b00000, 0x0000000086b00000| Complete 
| 108|0x0000000086c00000, 0x0000000086d00000, 0x0000000086d00000|100%| S|CS|TAMS 0x0000000086c00000, 0x0000000086c00000| Complete 
| 109|0x0000000086d00000, 0x0000000086e00000, 0x0000000086e00000|100%| S|CS|TAMS 0x0000000086d00000, 0x0000000086d00000| Complete 
| 110|0x0000000086e00000, 0x0000000086f00000, 0x0000000086f00000|100%| S|CS|TAMS 0x0000000086e00000, 0x0000000086e00000| Complete 
| 111|0x0000000086f00000, 0x0000000087000000, 0x0000000087000000|100%| S|CS|TAMS 0x0000000086f00000, 0x0000000086f00000| Complete 
| 112|0x0000000087000000, 0x0000000087000000, 0x0000000087100000|  0%| F|  |TAMS 0x0000000087000000, 0x0000000087000000| Untracked 
| 113|0x0000000087100000, 0x0000000087100000, 0x0000000087200000|  0%| F|  |TAMS 0x0000000087100000, 0x0000000087100000| Untracked 
| 114|0x0000000087200000, 0x0000000087200000, 0x0000000087300000|  0%| F|  |TAMS 0x0000000087200000, 0x0000000087200000| Untracked 
| 115|0x0000000087300000, 0x0000000087300000, 0x0000000087400000|  0%| F|  |TAMS 0x0000000087300000, 0x0000000087300000| Untracked 
| 116|0x0000000087400000, 0x0000000087400000, 0x0000000087500000|  0%| F|  |TAMS 0x0000000087400000, 0x0000000087400000| Untracked 
| 117|0x0000000087500000, 0x0000000087500000, 0x0000000087600000|  0%| F|  |TAMS 0x0000000087500000, 0x0000000087500000| Untracked 
| 118|0x0000000087600000, 0x0000000087600000, 0x0000000087700000|  0%| F|  |TAMS 0x0000000087600000, 0x0000000087600000| Untracked 
| 119|0x0000000087700000, 0x0000000087700000, 0x0000000087800000|  0%| F|  |TAMS 0x0000000087700000, 0x0000000087700000| Untracked 
| 120|0x0000000087800000, 0x00000000878eed18, 0x0000000087900000| 93%| E|  |TAMS 0x0000000087800000, 0x0000000087800000| Complete 
| 121|0x0000000087900000, 0x0000000087a00000, 0x0000000087a00000|100%| E|CS|TAMS 0x0000000087900000, 0x0000000087900000| Complete 
| 122|0x0000000087a00000, 0x0000000087b00000, 0x0000000087b00000|100%| E|CS|TAMS 0x0000000087a00000, 0x0000000087a00000| Complete 
| 123|0x0000000087b00000, 0x0000000087c00000, 0x0000000087c00000|100%| E|CS|TAMS 0x0000000087b00000, 0x0000000087b00000| Complete 
| 124|0x0000000087c00000, 0x0000000087d00000, 0x0000000087d00000|100%| E|CS|TAMS 0x0000000087c00000, 0x0000000087c00000| Complete 
| 125|0x0000000087d00000, 0x0000000087e00000, 0x0000000087e00000|100%| E|CS|TAMS 0x0000000087d00000, 0x0000000087d00000| Complete 
| 126|0x0000000087e00000, 0x0000000087f00000, 0x0000000087f00000|100%| E|CS|TAMS 0x0000000087e00000, 0x0000000087e00000| Complete 
| 127|0x0000000087f00000, 0x0000000088000000, 0x0000000088000000|100%| E|CS|TAMS 0x0000000087f00000, 0x0000000087f00000| Complete 
| 128|0x0000000088000000, 0x0000000088100000, 0x0000000088100000|100%| E|CS|TAMS 0x0000000088000000, 0x0000000088000000| Complete 
| 129|0x0000000088100000, 0x0000000088200000, 0x0000000088200000|100%| E|CS|TAMS 0x0000000088100000, 0x0000000088100000| Complete 
| 130|0x0000000088200000, 0x0000000088300000, 0x0000000088300000|100%| E|CS|TAMS 0x0000000088200000, 0x0000000088200000| Complete 
| 131|0x0000000088300000, 0x0000000088400000, 0x0000000088400000|100%| E|CS|TAMS 0x0000000088300000, 0x0000000088300000| Complete 
| 132|0x0000000088400000, 0x0000000088500000, 0x0000000088500000|100%| E|CS|TAMS 0x0000000088400000, 0x0000000088400000| Complete 
| 133|0x0000000088500000, 0x0000000088600000, 0x0000000088600000|100%| E|CS|TAMS 0x0000000088500000, 0x0000000088500000| Complete 
| 134|0x0000000088600000, 0x0000000088700000, 0x0000000088700000|100%| E|CS|TAMS 0x0000000088600000, 0x0000000088600000| Complete 
| 135|0x0000000088700000, 0x0000000088800000, 0x0000000088800000|100%| E|CS|TAMS 0x0000000088700000, 0x0000000088700000| Complete 
| 136|0x0000000088800000, 0x0000000088900000, 0x0000000088900000|100%| E|CS|TAMS 0x0000000088800000, 0x0000000088800000| Complete 
| 137|0x0000000088900000, 0x0000000088a00000, 0x0000000088a00000|100%| E|CS|TAMS 0x0000000088900000, 0x0000000088900000| Complete 
| 138|0x0000000088a00000, 0x0000000088b00000, 0x0000000088b00000|100%| E|CS|TAMS 0x0000000088a00000, 0x0000000088a00000| Complete 
| 139|0x0000000088b00000, 0x0000000088c00000, 0x0000000088c00000|100%| E|CS|TAMS 0x0000000088b00000, 0x0000000088b00000| Complete 
| 140|0x0000000088c00000, 0x0000000088d00000, 0x0000000088d00000|100%| E|CS|TAMS 0x0000000088c00000, 0x0000000088c00000| Complete 
| 141|0x0000000088d00000, 0x0000000088e00000, 0x0000000088e00000|100%| E|CS|TAMS 0x0000000088d00000, 0x0000000088d00000| Complete 
| 142|0x0000000088e00000, 0x0000000088f00000, 0x0000000088f00000|100%| E|CS|TAMS 0x0000000088e00000, 0x0000000088e00000| Complete 
| 143|0x0000000088f00000, 0x0000000089000000, 0x0000000089000000|100%| E|CS|TAMS 0x0000000088f00000, 0x0000000088f00000| Complete 
| 144|0x0000000089000000, 0x0000000089100000, 0x0000000089100000|100%| E|CS|TAMS 0x0000000089000000, 0x0000000089000000| Complete 
| 145|0x0000000089100000, 0x0000000089200000, 0x0000000089200000|100%| E|CS|TAMS 0x0000000089100000, 0x0000000089100000| Complete 
| 146|0x0000000089200000, 0x0000000089300000, 0x0000000089300000|100%| E|CS|TAMS 0x0000000089200000, 0x0000000089200000| Complete 
| 147|0x0000000089300000, 0x0000000089400000, 0x0000000089400000|100%| E|CS|TAMS 0x0000000089300000, 0x0000000089300000| Complete 
| 148|0x0000000089400000, 0x0000000089500000, 0x0000000089500000|100%| E|CS|TAMS 0x0000000089400000, 0x0000000089400000| Complete 
| 149|0x0000000089500000, 0x0000000089600000, 0x0000000089600000|100%| E|CS|TAMS 0x0000000089500000, 0x0000000089500000| Complete 
| 150|0x0000000089600000, 0x0000000089700000, 0x0000000089700000|100%| E|CS|TAMS 0x0000000089600000, 0x0000000089600000| Complete 
| 151|0x0000000089700000, 0x0000000089800000, 0x0000000089800000|100%| E|  |TAMS 0x0000000089700000, 0x0000000089700000| Complete 
| 152|0x0000000089800000, 0x0000000089900000, 0x0000000089900000|100%| E|CS|TAMS 0x0000000089800000, 0x0000000089800000| Complete 
| 153|0x0000000089900000, 0x0000000089a00000, 0x0000000089a00000|100%| E|CS|TAMS 0x0000000089900000, 0x0000000089900000| Complete 
| 154|0x0000000089a00000, 0x0000000089b00000, 0x0000000089b00000|100%| E|CS|TAMS 0x0000000089a00000, 0x0000000089a00000| Complete 
| 155|0x0000000089b00000, 0x0000000089c00000, 0x0000000089c00000|100%| E|CS|TAMS 0x0000000089b00000, 0x0000000089b00000| Complete 
| 156|0x0000000089c00000, 0x0000000089d00000, 0x0000000089d00000|100%| E|CS|TAMS 0x0000000089c00000, 0x0000000089c00000| Complete 
| 157|0x0000000089d00000, 0x0000000089e00000, 0x0000000089e00000|100%| E|CS|TAMS 0x0000000089d00000, 0x0000000089d00000| Complete 
| 158|0x0000000089e00000, 0x0000000089f00000, 0x0000000089f00000|100%| E|CS|TAMS 0x0000000089e00000, 0x0000000089e00000| Complete 
| 159|0x0000000089f00000, 0x000000008a000000, 0x000000008a000000|100%| E|CS|TAMS 0x0000000089f00000, 0x0000000089f00000| Complete 
| 160|0x000000008a000000, 0x000000008a100000, 0x000000008a100000|100%| E|CS|TAMS 0x000000008a000000, 0x000000008a000000| Complete 
| 161|0x000000008a100000, 0x000000008a200000, 0x000000008a200000|100%| E|CS|TAMS 0x000000008a100000, 0x000000008a100000| Complete 
| 162|0x000000008a200000, 0x000000008a300000, 0x000000008a300000|100%| E|CS|TAMS 0x000000008a200000, 0x000000008a200000| Complete 
| 163|0x000000008a300000, 0x000000008a400000, 0x000000008a400000|100%| E|CS|TAMS 0x000000008a300000, 0x000000008a300000| Complete 
| 164|0x000000008a400000, 0x000000008a500000, 0x000000008a500000|100%| E|CS|TAMS 0x000000008a400000, 0x000000008a400000| Complete 
| 165|0x000000008a500000, 0x000000008a600000, 0x000000008a600000|100%| E|CS|TAMS 0x000000008a500000, 0x000000008a500000| Complete 
| 166|0x000000008a600000, 0x000000008a700000, 0x000000008a700000|100%| E|CS|TAMS 0x000000008a600000, 0x000000008a600000| Complete 
| 167|0x000000008a700000, 0x000000008a800000, 0x000000008a800000|100%| E|CS|TAMS 0x000000008a700000, 0x000000008a700000| Complete 
| 168|0x000000008a800000, 0x000000008a900000, 0x000000008a900000|100%| E|CS|TAMS 0x000000008a800000, 0x000000008a800000| Complete 
| 169|0x000000008a900000, 0x000000008aa00000, 0x000000008aa00000|100%| E|CS|TAMS 0x000000008a900000, 0x000000008a900000| Complete 
| 170|0x000000008aa00000, 0x000000008ab00000, 0x000000008ab00000|100%| E|CS|TAMS 0x000000008aa00000, 0x000000008aa00000| Complete 
| 171|0x000000008ab00000, 0x000000008ac00000, 0x000000008ac00000|100%| E|CS|TAMS 0x000000008ab00000, 0x000000008ab00000| Complete 
| 172|0x000000008ac00000, 0x000000008ad00000, 0x000000008ad00000|100%| E|CS|TAMS 0x000000008ac00000, 0x000000008ac00000| Complete 
| 173|0x000000008ad00000, 0x000000008ae00000, 0x000000008ae00000|100%| E|CS|TAMS 0x000000008ad00000, 0x000000008ad00000| Complete 
| 174|0x000000008ae00000, 0x000000008af00000, 0x000000008af00000|100%| E|CS|TAMS 0x000000008ae00000, 0x000000008ae00000| Complete 
| 175|0x000000008af00000, 0x000000008b000000, 0x000000008b000000|100%| E|CS|TAMS 0x000000008af00000, 0x000000008af00000| Complete 
| 176|0x000000008b000000, 0x000000008b100000, 0x000000008b100000|100%| E|CS|TAMS 0x000000008b000000, 0x000000008b000000| Complete 
| 177|0x000000008b100000, 0x000000008b200000, 0x000000008b200000|100%| E|CS|TAMS 0x000000008b100000, 0x000000008b100000| Complete 
| 178|0x000000008b200000, 0x000000008b300000, 0x000000008b300000|100%| E|CS|TAMS 0x000000008b200000, 0x000000008b200000| Complete 
| 179|0x000000008b300000, 0x000000008b400000, 0x000000008b400000|100%| E|CS|TAMS 0x000000008b300000, 0x000000008b300000| Complete 
| 180|0x000000008b400000, 0x000000008b500000, 0x000000008b500000|100%| E|CS|TAMS 0x000000008b400000, 0x000000008b400000| Complete 
| 181|0x000000008b500000, 0x000000008b600000, 0x000000008b600000|100%| E|CS|TAMS 0x000000008b500000, 0x000000008b500000| Complete 
| 182|0x000000008b600000, 0x000000008b700000, 0x000000008b700000|100%| E|CS|TAMS 0x000000008b600000, 0x000000008b600000| Complete 

Card table byte_map: [0x00000198b9670000,0x00000198b9a70000] _byte_map_base: 0x00000198b9270000

Marking Bits (Prev, Next): (CMBitMap*) 0x00000198a6499158, (CMBitMap*) 0x00000198a6499190
 Prev Bits: [0x00000198b9e70000, 0x00000198bbe70000)
 Next Bits: [0x00000198bbe70000, 0x00000198bde70000)

Polling page: 0x00000198a4470000

Metaspace:

Usage:
  Non-class:     71.09 MB capacity,    69.43 MB ( 98%) used,     1.41 MB (  2%) free+waste,   257.25 KB ( <1%) overhead. 
      Class:     11.35 MB capacity,    10.40 MB ( 92%) used,   860.33 KB (  7%) free+waste,   119.69 KB (  1%) overhead. 
       Both:     82.45 MB capacity,    79.82 MB ( 97%) used,     2.25 MB (  3%) free+waste,   376.94 KB ( <1%) overhead. 

Virtual space:
  Non-class space:       72.00 MB reserved,      71.18 MB ( 99%) committed 
      Class space:        1.00 GB reserved,      11.45 MB (  1%) committed 
             Both:        1.07 GB reserved,      82.63 MB (  8%) committed 

Chunk freelists:
   Non-Class:  22.00 KB
       Class:  0 bytes
        Both:  22.00 KB

MaxMetaspaceSize: 17179869184.00 GB
CompressedClassSpaceSize: 1.00 GB

CodeHeap 'non-profiled nmethods': size=120000Kb used=6098Kb max_used=6098Kb free=113901Kb
 bounds [0x00000198b1a10000, 0x00000198b2010000, 0x00000198b8f40000]
CodeHeap 'profiled nmethods': size=120000Kb used=22731Kb max_used=22731Kb free=97269Kb
 bounds [0x00000198aa4e0000, 0x00000198abb20000, 0x00000198b1a10000]
CodeHeap 'non-nmethods': size=5760Kb used=2278Kb max_used=2346Kb free=3481Kb
 bounds [0x00000198a9f40000, 0x00000198aa1b0000, 0x00000198aa4e0000]
 total_blobs=10993 nmethods=10115 adapters=787
 compilation: enabled
              stopped_count=0, restarted_count=0
 full_count=0

Compilation events (20 events):
Event: 13.330 Thread 0x00000198c123f800 10172       1       org.gradle.internal.execution.steps.CaptureStateBeforeExecutionStep$1::getBeforeExecutionState (5 bytes)
Event: 13.330 Thread 0x00000198c123f800 nmethod 10172 0x00000198b2003690 code [0x00000198b2003840, 0x00000198b20038f8]
Event: 13.330 Thread 0x00000198c123f800 10171       1       org.gradle.api.internal.artifacts.transform.DefaultTransformerInvocationFactory$TransformerExecution::lambda$visitInputs$4 (5 bytes)
Event: 13.330 Thread 0x00000198c123f800 nmethod 10171 0x00000198b2003990 code [0x00000198b2003b40, 0x00000198b2003bf8]
Event: 13.330 Thread 0x00000198c123f800 10173       1       org.gradle.api.internal.artifacts.transform.DefaultTransformer::requiresInputChanges (5 bytes)
Event: 13.330 Thread 0x00000198c123f800 nmethod 10173 0x00000198b2003c90 code [0x00000198b2003e40, 0x00000198b2003ef8]
Event: 13.332 Thread 0x00000198c123f800 10179   !   2       com.google.common.collect.RegularImmutableSortedSet::indexOf (35 bytes)
Event: 13.332 Thread 0x00000198c123f800 nmethod 10179 0x00000198abb08590 code [0x00000198abb08740, 0x00000198abb088c8]
Event: 13.332 Thread 0x00000198c123f800 10180   !   2       java.util.concurrent.ConcurrentHashMap::replaceNode (437 bytes)
Event: 13.334 Thread 0x00000198c123f800 nmethod 10180 0x00000198abb08990 code [0x00000198abb08c60, 0x00000198abb09c18]
Event: 13.334 Thread 0x00000198c123f800 10185       2       org.gradle.internal.fingerprint.impl.DefaultFileCollectionFingerprinterRegistry::getFingerprinter (61 bytes)
Event: 13.335 Thread 0x00000198c123f800 nmethod 10185 0x00000198abb0a790 code [0x00000198abb0aa00, 0x00000198abb0b208]
Event: 13.335 Thread 0x00000198c123f800 10181       2       org.gradle.internal.execution.history.changes.OutputFileChanges$3::updated (14 bytes)
Event: 13.335 Thread 0x00000198c123f800 nmethod 10181 0x00000198abb0b610 code [0x00000198abb0b7c0, 0x00000198abb0b8e8]
Event: 13.335 Thread 0x00000198c123f800 10182       2       org.gradle.internal.execution.history.changes.OutputFileChanges$3::updated (17 bytes)
Event: 13.335 Thread 0x00000198c123f800 nmethod 10182 0x00000198abb0b990 code [0x00000198abb0bb60, 0x00000198abb0bd68]
Event: 13.335 Thread 0x00000198c123f800 10184       1       org.gradle.internal.execution.history.changes.DefaultExecutionStateChangeDetector$AbstractDetectedExecutionStateChanges::getAllChangeMessages (5 bytes)
Event: 13.335 Thread 0x00000198c123f800 nmethod 10184 0x00000198b2003f90 code [0x00000198b2004140, 0x00000198b20041f8]
Event: 13.335 Thread 0x00000198c123f800 10183       1       org.gradle.internal.execution.history.changes.InputFileChanges$1::accept (2 bytes)
Event: 13.336 Thread 0x00000198c123f800 nmethod 10183 0x00000198b2004290 code [0x00000198b2004440, 0x00000198b20044f8]

GC Heap History (20 events):
Event: 4.538 GC heap before
{Heap before GC invocations=9 (full 0):
 garbage-first heap   total 155648K, used 84460K [0x0000000080000000, 0x0000000100000000)
  region size 1024K, 61 young (62464K), 4 survivors (4096K)
 Metaspace       used 39985K, capacity 40940K, committed 41164K, reserved 1085440K
  class space    used 5161K, capacity 5511K, committed 5580K, reserved 1048576K
}
Event: 4.544 GC heap after
{Heap after GC invocations=10 (full 0):
 garbage-first heap   total 155648K, used 26811K [0x0000000080000000, 0x0000000100000000)
  region size 1024K, 8 young (8192K), 8 survivors (8192K)
 Metaspace       used 39985K, capacity 40940K, committed 41164K, reserved 1085440K
  class space    used 5161K, capacity 5511K, committed 5580K, reserved 1048576K
}
Event: 5.136 GC heap before
{Heap before GC invocations=10 (full 0):
 garbage-first heap   total 155648K, used 87227K [0x0000000080000000, 0x0000000100000000)
  region size 1024K, 67 young (68608K), 8 survivors (8192K)
 Metaspace       used 44551K, capacity 45719K, committed 45900K, reserved 1089536K
  class space    used 5727K, capacity 6169K, committed 6220K, reserved 1048576K
}
Event: 5.143 GC heap after
{Heap after GC invocations=11 (full 0):
 garbage-first heap   total 155648K, used 29249K [0x0000000080000000, 0x0000000100000000)
  region size 1024K, 7 young (7168K), 7 survivors (7168K)
 Metaspace       used 44551K, capacity 45719K, committed 45900K, reserved 1089536K
  class space    used 5727K, capacity 6169K, committed 6220K, reserved 1048576K
}
Event: 6.412 GC heap before
{Heap before GC invocations=11 (full 0):
 garbage-first heap   total 155648K, used 104001K [0x0000000080000000, 0x0000000100000000)
  region size 1024K, 77 young (78848K), 7 survivors (7168K)
 Metaspace       used 48427K, capacity 49884K, committed 50124K, reserved 1093632K
  class space    used 6203K, capacity 6751K, committed 6860K, reserved 1048576K
}
Event: 6.423 GC heap after
{Heap after GC invocations=12 (full 0):
 garbage-first heap   total 155648K, used 43454K [0x0000000080000000, 0x0000000100000000)
  region size 1024K, 10 young (10240K), 10 survivors (10240K)
 Metaspace       used 48427K, capacity 49884K, committed 50124K, reserved 1093632K
  class space    used 6203K, capacity 6751K, committed 6860K, reserved 1048576K
}
Event: 7.326 GC heap before
{Heap before GC invocations=12 (full 0):
 garbage-first heap   total 155648K, used 103870K [0x0000000080000000, 0x0000000100000000)
  region size 1024K, 69 young (70656K), 10 survivors (10240K)
 Metaspace       used 57605K, capacity 59219K, committed 59468K, reserved 1101824K
  class space    used 7330K, capacity 7982K, committed 8012K, reserved 1048576K
}
Event: 7.336 GC heap after
{Heap after GC invocations=13 (full 0):
 garbage-first heap   total 187392K, used 47217K [0x0000000080000000, 0x0000000100000000)
  region size 1024K, 3 young (3072K), 3 survivors (3072K)
 Metaspace       used 57605K, capacity 59219K, committed 59468K, reserved 1101824K
  class space    used 7330K, capacity 7982K, committed 8012K, reserved 1048576K
}
Event: 7.431 GC heap before
{Heap before GC invocations=13 (full 0):
 garbage-first heap   total 187392K, used 54385K [0x0000000080000000, 0x0000000100000000)
  region size 1024K, 11 young (11264K), 3 survivors (3072K)
 Metaspace       used 58430K, capacity 60099K, committed 60288K, reserved 1101824K
  class space    used 7428K, capacity 8062K, committed 8140K, reserved 1048576K
}
Event: 7.436 GC heap after
{Heap after GC invocations=14 (full 0):
 garbage-first heap   total 187392K, used 47706K [0x0000000080000000, 0x0000000100000000)
  region size 1024K, 4 young (4096K), 4 survivors (4096K)
 Metaspace       used 58430K, capacity 60099K, committed 60288K, reserved 1101824K
  class space    used 7428K, capacity 8062K, committed 8140K, reserved 1048576K
}
Event: 8.319 GC heap before
{Heap before GC invocations=15 (full 0):
 garbage-first heap   total 187392K, used 115290K [0x0000000080000000, 0x0000000100000000)
  region size 1024K, 70 young (71680K), 4 survivors (4096K)
 Metaspace       used 63435K, capacity 65250K, committed 65536K, reserved 1105920K
  class space    used 8059K, capacity 8718K, committed 8780K, reserved 1048576K
}
Event: 8.331 GC heap after
{Heap after GC invocations=16 (full 0):
 garbage-first heap   total 187392K, used 52563K [0x0000000080000000, 0x0000000100000000)
  region size 1024K, 9 young (9216K), 9 survivors (9216K)
 Metaspace       used 63435K, capacity 65250K, committed 65536K, reserved 1105920K
  class space    used 8059K, capacity 8718K, committed 8780K, reserved 1048576K
}
Event: 9.165 GC heap before
{Heap before GC invocations=17 (full 0):
 garbage-first heap   total 187392K, used 122195K [0x0000000080000000, 0x0000000100000000)
  region size 1024K, 77 young (78848K), 9 survivors (9216K)
 Metaspace       used 68085K, capacity 70036K, committed 70144K, reserved 1110016K
  class space    used 8825K, capacity 9502K, committed 9548K, reserved 1048576K
}
Event: 9.176 GC heap after
{Heap after GC invocations=18 (full 0):
 garbage-first heap   total 187392K, used 58433K [0x0000000080000000, 0x0000000100000000)
  region size 1024K, 6 young (6144K), 6 survivors (6144K)
 Metaspace       used 68085K, capacity 70036K, committed 70144K, reserved 1110016K
  class space    used 8825K, capacity 9502K, committed 9548K, reserved 1048576K
}
Event: 9.872 GC heap before
{Heap before GC invocations=18 (full 0):
 garbage-first heap   total 187392K, used 129089K [0x0000000080000000, 0x0000000100000000)
  region size 1024K, 75 young (76800K), 6 survivors (6144K)
 Metaspace       used 70127K, capacity 72297K, committed 72576K, reserved 1112064K
  class space    used 9105K, capacity 9887K, committed 9932K, reserved 1048576K
}
Event: 9.880 GC heap after
{Heap after GC invocations=19 (full 0):
 garbage-first heap   total 187392K, used 64045K [0x0000000080000000, 0x0000000100000000)
  region size 1024K, 6 young (6144K), 6 survivors (6144K)
 Metaspace       used 70127K, capacity 72297K, committed 72576K, reserved 1112064K
  class space    used 9105K, capacity 9887K, committed 9932K, reserved 1048576K
}
Event: 11.335 GC heap before
{Heap before GC invocations=19 (full 0):
 garbage-first heap   total 187392K, used 134701K [0x0000000080000000, 0x0000000100000000)
  region size 1024K, 75 young (76800K), 6 survivors (6144K)
 Metaspace       used 73060K, capacity 75240K, committed 75520K, reserved 1114112K
  class space    used 9406K, capacity 10234K, committed 10316K, reserved 1048576K
}
Event: 11.345 GC heap after
{Heap after GC invocations=20 (full 0):
 garbage-first heap   total 187392K, used 68523K [0x0000000080000000, 0x0000000100000000)
  region size 1024K, 5 young (5120K), 5 survivors (5120K)
 Metaspace       used 73060K, capacity 75240K, committed 75520K, reserved 1114112K
  class space    used 9406K, capacity 10234K, committed 10316K, reserved 1048576K
}
Event: 12.459 GC heap before
{Heap before GC invocations=20 (full 0):
 garbage-first heap   total 187392K, used 139179K [0x0000000080000000, 0x0000000100000000)
  region size 1024K, 74 young (75776K), 5 survivors (5120K)
 Metaspace       used 79796K, capacity 82206K, committed 82432K, reserved 1120256K
  class space    used 10367K, capacity 11244K, committed 11340K, reserved 1048576K
}
Event: 12.471 GC heap after
{Heap after GC invocations=21 (full 0):
 garbage-first heap   total 187392K, used 73057K [0x0000000080000000, 0x0000000100000000)
  region size 1024K, 9 young (9216K), 9 survivors (9216K)
 Metaspace       used 79796K, capacity 82206K, committed 82432K, reserved 1120256K
  class space    used 10367K, capacity 11244K, committed 11340K, reserved 1048576K
}

Deoptimization events (20 events):
Event: 13.128 Thread 0x00000198c44e4800 Uncommon trap: trap_request=0xffffff4d fr.pc=0x00000198b1c9d960 relative=0x00000000000001a0
Event: 13.128 Thread 0x00000198c44e4800 Uncommon trap: reason=unstable_if action=reinterpret pc=0x00000198b1c9d960 method=org.gradle.internal.snapshot.PathUtil.equalChars(CCLorg/gradle/internal/snapshot/CaseSensitivity;)Z @ 11 c2
Event: 13.128 Thread 0x00000198c44e4800 DEOPT PACKING pc=0x00000198b1c9d960 sp=0x0000001e33ffc860
Event: 13.128 Thread 0x00000198c44e4800 DEOPT UNPACKING pc=0x00000198a9f678af sp=0x0000001e33ffc7f8 mode 2
Event: 13.154 Thread 0x00000198c44e4800 DEOPT PACKING pc=0x00000198ab7eabc4 sp=0x0000001e33ffce90
Event: 13.154 Thread 0x00000198c44e4800 DEOPT UNPACKING pc=0x00000198a9f676ce sp=0x0000001e33ffc430 mode 0
Event: 13.195 Thread 0x00000198c44e3000 DEOPT PACKING pc=0x00000198ab7eabc4 sp=0x0000001e33dfbd70
Event: 13.195 Thread 0x00000198c44e3000 DEOPT UNPACKING pc=0x00000198a9f676ce sp=0x0000001e33dfb310 mode 0
Event: 13.242 Thread 0x00000198c44e4800 DEOPT PACKING pc=0x00000198aba2d9b1 sp=0x0000001e33ffb2f0
Event: 13.242 Thread 0x00000198c44e4800 DEOPT UNPACKING pc=0x00000198a9f676ce sp=0x0000001e33ffa7b8 mode 0
Event: 13.247 Thread 0x00000198c49ea800 Uncommon trap: trap_request=0xffffff4d fr.pc=0x00000198b1af21e0 relative=0x0000000000001260
Event: 13.247 Thread 0x00000198c49ea800 Uncommon trap: reason=unstable_if action=reinterpret pc=0x00000198b1af21e0 method=java.util.concurrent.ConcurrentHashMap.transfer([Ljava/util/concurrent/ConcurrentHashMap$Node;[Ljava/util/concurrent/ConcurrentHashMap$Node;)V @ 347 c2
Event: 13.247 Thread 0x00000198c49ea800 DEOPT PACKING pc=0x00000198b1af21e0 sp=0x0000001e339fdc70
Event: 13.247 Thread 0x00000198c49ea800 DEOPT UNPACKING pc=0x00000198a9f678af sp=0x0000001e339fdc00 mode 2
Event: 13.317 Thread 0x00000198c49ea800 DEOPT PACKING pc=0x00000198ab7eabc4 sp=0x0000001e339fbb40
Event: 13.317 Thread 0x00000198c49ea800 DEOPT UNPACKING pc=0x00000198a9f676ce sp=0x0000001e339fb0e0 mode 0
Event: 13.319 Thread 0x00000198c44e4800 Uncommon trap: trap_request=0xffffff4d fr.pc=0x00000198b1daa5f0 relative=0x00000000000003b0
Event: 13.319 Thread 0x00000198c44e4800 Uncommon trap: reason=unstable_if action=reinterpret pc=0x00000198b1daa5f0 method=java.util.concurrent.ConcurrentHashMap.addCount(JI)V @ 97 c2
Event: 13.319 Thread 0x00000198c44e4800 DEOPT PACKING pc=0x00000198b1daa5f0 sp=0x0000001e33ffc4f0
Event: 13.319 Thread 0x00000198c44e4800 DEOPT UNPACKING pc=0x00000198a9f678af sp=0x0000001e33ffc3a8 mode 2

Classes redefined (0 events):
No events

Internal exceptions (20 events):
Event: 12.379 Thread 0x00000198c37cc000 Exception <a 'java/lang/NoSuchMethodError'{0x000000008762c308}: <clinit>> (0x000000008762c308) thrown at [./src/hotspot/share/prims/jni.cpp, line 1362]
Event: 12.415 Thread 0x00000198c44e9800 Exception <a 'java/lang/NoSuchMethodError'{0x00000000874a8b50}: <clinit>> (0x00000000874a8b50) thrown at [./src/hotspot/share/prims/jni.cpp, line 1362]
Event: 12.419 Thread 0x00000198c44e9800 Exception <a 'java/lang/NoSuchMethodError'{0x00000000874bcf80}: <clinit>> (0x00000000874bcf80) thrown at [./src/hotspot/share/prims/jni.cpp, line 1362]
Event: 12.421 Thread 0x00000198c44e9800 Exception <a 'java/lang/NoSuchMethodError'{0x00000000874d61e8}: <clinit>> (0x00000000874d61e8) thrown at [./src/hotspot/share/prims/jni.cpp, line 1362]
Event: 12.456 Thread 0x00000198c37cc000 Exception <a 'java/lang/NoSuchMethodError'{0x00000000872ddcf8}: <clinit>> (0x00000000872ddcf8) thrown at [./src/hotspot/share/prims/jni.cpp, line 1362]
Event: 12.521 Thread 0x00000198c44ed000 Exception <a 'java/lang/NoSuchMethodError'{0x000000008b4489a0}: 'java.lang.Object java.lang.invoke.Invokers$Holder.linkToTargetMethod(java.lang.Object, java.lang.Object, java.lang.Object, int, java.lang.Object, java.lang.Object)'> (0x000000008b4489a0) thrown at [./src/hotspot/share/interpreter/linkResolver.cpp, line 773]
Event: 12.535 Thread 0x00000198c44ed000 Exception <a 'java/lang/IncompatibleClassChangeError'{0x000000008b4abf30}: Found class java.lang.Object, but interface was expected> (0x000000008b4abf30) thrown at [./src/hotspot/share/interpreter/linkResolver.cpp, line 839]
Event: 12.561 Thread 0x00000198c44ed000 Exception <a 'java/lang/NoSuchMethodError'{0x000000008b27b510}: 'int java.lang.invoke.DirectMethodHandle$Holder.invokeStaticInit(java.lang.Object, java.lang.Object, java.lang.Object, java.lang.Object, java.lang.Object)'> (0x000000008b27b510) thrown at [./src/hotspot/share/interpreter/linkResolver.cpp, line 773]
Event: 12.676 Thread 0x00000198c44ed000 Exception <a 'java/lang/ClassNotFoundException'{0x000000008ad0f6f0}: java/lang/IntegerBeanInfo> (0x000000008ad0f6f0) thrown at [./src/hotspot/share/classfile/systemDictionary.cpp, line 231]
Event: 12.676 Thread 0x00000198c44ed000 Exception <a 'java/lang/ClassNotFoundException'{0x000000008ad193d0}: java/lang/NumberBeanInfo> (0x000000008ad193d0) thrown at [./src/hotspot/share/classfile/systemDictionary.cpp, line 231]
Event: 12.677 Thread 0x00000198c44ed000 Exception <a 'java/lang/ClassNotFoundException'{0x000000008ad234b8}: java/lang/NumberCustomizer> (0x000000008ad234b8) thrown at [./src/hotspot/share/classfile/systemDictionary.cpp, line 231]
Event: 12.679 Thread 0x00000198c44ed000 Exception <a 'java/lang/ClassNotFoundException'{0x000000008ad306c0}: java/lang/IntegerCustomizer> (0x000000008ad306c0) thrown at [./src/hotspot/share/classfile/systemDictionary.cpp, line 231]
Event: 12.863 Thread 0x00000198c49eb800 Exception <a 'java/lang/NoSuchMethodError'{0x000000008a543f00}: 'java.lang.Object java.lang.invoke.DirectMethodHandle$Holder.invokeSpecialIFC(java.lang.Object, java.lang.Object, java.lang.Object)'> (0x000000008a543f00) thrown at [./src/hotspot/share/interpreter/linkResolver.cpp, line 773]
Event: 12.863 Thread 0x00000198c44e4000 Exception <a 'java/lang/NoSuchMethodError'{0x000000008a57ddf0}: 'java.lang.Object java.lang.invoke.DirectMethodHandle$Holder.invokeSpecialIFC(java.lang.Object, java.lang.Object, java.lang.Object)'> (0x000000008a57ddf0) thrown at [./src/hotspot/share/interpreter/linkResolver.cpp, line 773]
Event: 12.863 Thread 0x00000198c49ee000 Exception <a 'java/lang/NoSuchMethodError'{0x000000008a5e8168}: 'java.lang.Object java.lang.invoke.DirectMethodHandle$Holder.invokeSpecialIFC(java.lang.Object, java.lang.Object, java.lang.Object)'> (0x000000008a5e8168) thrown at [./src/hotspot/share/interpreter/linkResolver.cpp, line 773]
Event: 12.863 Thread 0x00000198c44e3000 Exception <a 'java/lang/NoSuchMethodError'{0x000000008a5a0248}: 'java.lang.Object java.lang.invoke.DirectMethodHandle$Holder.invokeSpecialIFC(java.lang.Object, java.lang.Object, java.lang.Object)'> (0x000000008a5a0248) thrown at [./src/hotspot/share/interpreter/linkResolver.cpp, line 773]
Event: 12.863 Thread 0x00000198c49ea800 Exception <a 'java/lang/NoSuchMethodError'{0x000000008a58d6f8}: 'java.lang.Object java.lang.invoke.DirectMethodHandle$Holder.invokeSpecialIFC(java.lang.Object, java.lang.Object, java.lang.Object)'> (0x000000008a58d6f8) thrown at [./src/hotspot/share/interpreter/linkResolver.cpp, line 773]
Event: 12.863 Thread 0x00000198c44e5800 Exception <a 'java/lang/NoSuchMethodError'{0x000000008a55d0a8}: 'java.lang.Object java.lang.invoke.DirectMethodHandle$Holder.invokeSpecialIFC(java.lang.Object, java.lang.Object, java.lang.Object)'> (0x000000008a55d0a8) thrown at [./src/hotspot/share/interpreter/linkResolver.cpp, line 773]
Event: 13.284 Thread 0x00000198c49eb800 Exception <a 'java/lang/NoSuchMethodError'{0x0000000087f4b538}: 'void java.lang.invoke.DirectMethodHandle$Holder.invokeVirtual(java.lang.Object, java.lang.Object)'> (0x0000000087f4b538) thrown at [./src/hotspot/share/interpreter/linkResolver.cpp, line 773]
Event: 13.284 Thread 0x00000198c44e5800 Exception <a 'java/lang/NoSuchMethodError'{0x00000000880ced90}: 'void java.lang.invoke.DirectMethodHandle$Holder.invokeVirtual(java.lang.Object, java.lang.Object)'> (0x00000000880ced90) thrown at [./src/hotspot/share/interpreter/linkResolver.cpp, line 773]

Events (20 events):
Event: 13.285 Executing VM operation: RevokeBias done
Event: 13.287 Executing VM operation: RevokeBias
Event: 13.287 Executing VM operation: RevokeBias done
Event: 13.289 Executing VM operation: RevokeBias
Event: 13.289 Executing VM operation: RevokeBias done
Event: 13.298 Executing VM operation: RevokeBias
Event: 13.298 Executing VM operation: RevokeBias done
Event: 13.299 Executing VM operation: RevokeBias
Event: 13.299 Executing VM operation: RevokeBias done
Event: 13.311 Executing VM operation: RevokeBias
Event: 13.311 Executing VM operation: RevokeBias done
Event: 13.314 Loaded shared library C:\Program Files\Android\Android Studio3\jre\bin\nio.dll
Event: 13.314 Executing VM operation: RevokeBias
Event: 13.315 Executing VM operation: RevokeBias done
Event: 13.316 Executing VM operation: RevokeBias
Event: 13.316 Executing VM operation: RevokeBias done
Event: 13.321 Executing VM operation: BulkRevokeBias
Event: 13.323 Executing coalesced safepoint VM operation: RevokeBias
Event: 13.323 Executing coalesced safepoint VM operation: RevokeBias done
Event: 13.323 Executing VM operation: BulkRevokeBias done


Dynamic libraries:
0x00007ff7bc6e0000 - 0x00007ff7bc6ea000 	C:\Program Files\Android\Android Studio3\jre\bin\java.exe
0x00007ffd703a0000 - 0x00007ffd705af000 	C:\WINDOWS\SYSTEM32\ntdll.dll
0x00007ffd6ed30000 - 0x00007ffd6eded000 	C:\WINDOWS\System32\KERNEL32.DLL
0x00007ffd6d860000 - 0x00007ffd6dbe6000 	C:\WINDOWS\System32\KERNELBASE.dll
0x00007ffd6e0d0000 - 0x00007ffd6e1e1000 	C:\WINDOWS\System32\ucrtbase.dll
0x00007ffd603b0000 - 0x00007ffd603c9000 	C:\Program Files\Android\Android Studio3\jre\bin\jli.dll
0x00007ffd60410000 - 0x00007ffd60427000 	C:\Program Files\Android\Android Studio3\jre\bin\VCRUNTIME140.dll
0x00007ffd6f140000 - 0x00007ffd6f2ea000 	C:\WINDOWS\System32\USER32.dll
0x00007ffd6e1f0000 - 0x00007ffd6e216000 	C:\WINDOWS\System32\win32u.dll
0x00007ffd56840000 - 0x00007ffd56ae1000 	C:\WINDOWS\WinSxS\amd64_microsoft.windows.common-controls_6595b64144ccf1df_6.0.22471.1000_none_228bc6e77ad112f7\COMCTL32.dll
0x00007ffd6e580000 - 0x00007ffd6e5a9000 	C:\WINDOWS\System32\GDI32.dll
0x00007ffd6e290000 - 0x00007ffd6e334000 	C:\WINDOWS\System32\msvcrt.dll
0x00007ffd6dfb0000 - 0x00007ffd6e0c7000 	C:\WINDOWS\System32\gdi32full.dll
0x00007ffd6de80000 - 0x00007ffd6df1b000 	C:\WINDOWS\System32\msvcp_win.dll
0x00007ffd6e540000 - 0x00007ffd6e571000 	C:\WINDOWS\System32\IMM32.DLL
0x00007ffd52010000 - 0x00007ffd520ad000 	C:\Program Files\Android\Android Studio3\jre\bin\msvcp140.dll
0x00007ffd431e0000 - 0x00007ffd43caf000 	C:\Program Files\Android\Android Studio3\jre\bin\server\jvm.dll
0x00007ffd6e5b0000 - 0x00007ffd6e65e000 	C:\WINDOWS\System32\ADVAPI32.dll
0x00007ffd6ec80000 - 0x00007ffd6ed21000 	C:\WINDOWS\System32\sechost.dll
0x00007ffd6e420000 - 0x00007ffd6e540000 	C:\WINDOWS\System32\RPCRT4.dll
0x00007ffd6e220000 - 0x00007ffd6e228000 	C:\WINDOWS\System32\PSAPI.DLL
0x00007ffd678d0000 - 0x00007ffd67903000 	C:\WINDOWS\SYSTEM32\WINMM.dll
0x00007ffd4a4b0000 - 0x00007ffd4a4b9000 	C:\WINDOWS\SYSTEM32\WSOCK32.dll
0x00007ffd6b550000 - 0x00007ffd6b55a000 	C:\WINDOWS\SYSTEM32\VERSION.dll
0x00007ffd6f2f0000 - 0x00007ffd6f361000 	C:\WINDOWS\System32\WS2_32.dll
0x00007ffd6c930000 - 0x00007ffd6c948000 	C:\WINDOWS\SYSTEM32\kernel.appcore.dll
0x00007ffd69cf0000 - 0x00007ffd69d01000 	C:\Program Files\Android\Android Studio3\jre\bin\verify.dll
0x00007ffd65500000 - 0x00007ffd65727000 	C:\WINDOWS\SYSTEM32\DBGHELP.DLL
0x00007ffd6e900000 - 0x00007ffd6ec7e000 	C:\WINDOWS\System32\combase.dll
0x00007ffd5d9f0000 - 0x00007ffd5da21000 	C:\WINDOWS\SYSTEM32\dbgcore.DLL
0x00007ffd6df20000 - 0x00007ffd6dfa1000 	C:\WINDOWS\System32\bcryptPrimitives.dll
0x00007ffd69b50000 - 0x00007ffd69b79000 	C:\Program Files\Android\Android Studio3\jre\bin\java.dll
0x00007ffd69310000 - 0x00007ffd6931b000 	C:\Program Files\Android\Android Studio3\jre\bin\jimage.dll
0x00007ffd60970000 - 0x00007ffd60988000 	C:\Program Files\Android\Android Studio3\jre\bin\zip.dll
0x00007ffd6f980000 - 0x00007ffd7012b000 	C:\WINDOWS\System32\SHELL32.dll
0x00007ffd6b900000 - 0x00007ffd6c15c000 	C:\WINDOWS\SYSTEM32\windows.storage.dll
0x00007ffd6b7b0000 - 0x00007ffd6b8f9000 	C:\WINDOWS\SYSTEM32\wintypes.dll
0x00007ffd6e7a0000 - 0x00007ffd6e890000 	C:\WINDOWS\System32\SHCORE.dll
0x00007ffd6e890000 - 0x00007ffd6e8eb000 	C:\WINDOWS\System32\shlwapi.dll
0x00007ffd6d790000 - 0x00007ffd6d7b1000 	C:\WINDOWS\SYSTEM32\profapi.dll
0x00007ffd60950000 - 0x00007ffd6096a000 	C:\Program Files\Android\Android Studio3\jre\bin\net.dll
0x00007ffd67910000 - 0x00007ffd67a20000 	C:\WINDOWS\SYSTEM32\WINHTTP.dll
0x00007ffd6cd80000 - 0x00007ffd6cde9000 	C:\WINDOWS\system32\mswsock.dll
0x00007ffd60930000 - 0x00007ffd60944000 	C:\Program Files\Android\Android Studio3\jre\bin\nio.dll
0x00007ffd60530000 - 0x00007ffd60557000 	C:\Users\xpmkm\.gradle\native\8bec1ad78214c89d9ad589b4d07fe93259594b29d510b10fafb7a158f7737e5d\windows-amd64\native-platform.dll
0x00007ffd60230000 - 0x00007ffd6036d000 	C:\Users\xpmkm\.gradle\native\53dbd7edfb1c66fb8903c78663c9afc45aea4f116125fa6feffd364cf09443e8\windows-amd64\native-platform-file-events.dll
0x00007ffd69300000 - 0x00007ffd6930a000 	C:\Program Files\Android\Android Studio3\jre\bin\management.dll
0x00007ffd69040000 - 0x00007ffd6904c000 	C:\Program Files\Android\Android Studio3\jre\bin\management_ext.dll
0x00007ffd6cfd0000 - 0x00007ffd6cfe8000 	C:\WINDOWS\SYSTEM32\CRYPTSP.dll
0x00007ffd6c890000 - 0x00007ffd6c8c5000 	C:\WINDOWS\system32\rsaenh.dll
0x00007ffd6ce80000 - 0x00007ffd6cea9000 	C:\WINDOWS\SYSTEM32\USERENV.dll
0x00007ffd6d1c0000 - 0x00007ffd6d1e8000 	C:\WINDOWS\SYSTEM32\bcrypt.dll
0x00007ffd6cff0000 - 0x00007ffd6cffc000 	C:\WINDOWS\SYSTEM32\CRYPTBASE.dll
0x00007ffd6c380000 - 0x00007ffd6c3ad000 	C:\WINDOWS\SYSTEM32\IPHLPAPI.DLL
0x00007ffd6e8f0000 - 0x00007ffd6e8f9000 	C:\WINDOWS\System32\NSI.dll
0x00007ffd67320000 - 0x00007ffd67339000 	C:\WINDOWS\SYSTEM32\dhcpcsvc6.DLL
0x00007ffd672e0000 - 0x00007ffd672fe000 	C:\WINDOWS\SYSTEM32\dhcpcsvc.DLL
0x00007ffd6c3b0000 - 0x00007ffd6c4a1000 	C:\WINDOWS\SYSTEM32\DNSAPI.dll

dbghelp: loaded successfully - version: 4.0.5 - missing functions: none
symbol engine: initialized successfully - sym options: 0x614 - pdb path: .;C:\Program Files\Android\Android Studio3\jre\bin;C:\WINDOWS\SYSTEM32;C:\WINDOWS\WinSxS\amd64_microsoft.windows.common-controls_6595b64144ccf1df_6.0.22471.1000_none_228bc6e77ad112f7;C:\Program Files\Android\Android Studio3\jre\bin\server;C:\Users\xpmkm\.gradle\native\8bec1ad78214c89d9ad589b4d07fe93259594b29d510b10fafb7a158f7737e5d\windows-amd64;C:\Users\xpmkm\.gradle\native\53dbd7edfb1c66fb8903c78663c9afc45aea4f116125fa6feffd364cf09443e8\windows-amd64

VM Arguments:
jvm_args: --add-opens=java.base/java.util=ALL-UNNAMED --add-opens=java.base/java.lang=ALL-UNNAMED --add-opens=java.base/java.lang.invoke=ALL-UNNAMED --add-opens=java.base/java.util=ALL-UNNAMED --add-opens=java.prefs/java.util.prefs=ALL-UNNAMED --add-opens=java.prefs/java.util.prefs=ALL-UNNAMED --add-opens=java.base/java.nio.charset=ALL-UNNAMED --add-opens=java.base/java.net=ALL-UNNAMED --add-opens=java.base/java.util.concurrent.atomic=ALL-UNNAMED -Xmx2048m -Dfile.encoding=UTF-8 -Duser.country=IN -Duser.language=en -Duser.variant 
java_command: org.gradle.launcher.daemon.bootstrap.GradleDaemon 7.0.2
java_class_path (initial): C:\Users\xpmkm\.gradle\wrapper\dists\gradle-7.0.2-bin\857tjihv64xamwrf0h14cai3r\gradle-7.0.2\lib\gradle-launcher-7.0.2.jar
Launcher Type: SUN_STANDARD

[Global flags]
     intx CICompilerCount                          = 4                                         {product} {ergonomic}
     uint ConcGCThreads                            = 2                                         {product} {ergonomic}
     uint G1ConcRefinementThreads                  = 8                                         {product} {ergonomic}
   size_t G1HeapRegionSize                         = 1048576                                   {product} {ergonomic}
    uintx GCDrainStackTargetSize                   = 64                                        {product} {ergonomic}
   size_t InitialHeapSize                          = 132120576                                 {product} {ergonomic}
   size_t MarkStackSize                            = 4194304                                   {product} {ergonomic}
   size_t MaxHeapSize                              = 2147483648                                {product} {command line}
   size_t MaxNewSize                               = 1287651328                                {product} {ergonomic}
   size_t MinHeapDeltaBytes                        = 1048576                                   {product} {ergonomic}
    uintx NonNMethodCodeHeapSize                   = 5836300                                {pd product} {ergonomic}
    uintx NonProfiledCodeHeapSize                  = 122910970                              {pd product} {ergonomic}
    uintx ProfiledCodeHeapSize                     = 122910970                              {pd product} {ergonomic}
    uintx ReservedCodeCacheSize                    = 251658240                              {pd product} {ergonomic}
     bool SegmentedCodeCache                       = true                                      {product} {ergonomic}
     bool UseCompressedClassPointers               = true                                 {lp64_product} {ergonomic}
     bool UseCompressedOops                        = true                                 {lp64_product} {ergonomic}
     bool UseG1GC                                  = true                                      {product} {ergonomic}
     bool UseLargePagesIndividualAllocation        = false                                  {pd product} {ergonomic}

Logging:
Log output configuration:
 #0: stdout all=warning uptime,level,tags
 #1: stderr all=off uptime,level,tags

Environment Variables:
PATH=C:\Program Files (x86)\Common Files\Oracle\Java\javapath;C:\WINDOWS\system32;C:\WINDOWS;C:\WINDOWS\System32\Wbem;C:\WINDOWS\System32\WindowsPowerShell\v1.0\;C:\WINDOWS\System32\OpenSSH\;C:\Program Files\Git\cmd;C:\Program Files\nodejs\;C:\xampp\php;C:\ProgramData\ComposerSetup\bin;C:\Users\xpmkm\AppData\Local\Android\Sdk\platform-tools;C:\Program Files\Java\jdk1.8.0_231\bin;C:\Program Files\opnsl\bin;C:\Users\xpmkm\AppData\Roaming\npm;C:\Users\xpmkm\AppData\Local\Programs\Microsoft VS Code\bin;C:\Program Files\flutter\bin;C:\Users\xpmkm\AppData\Roaming\Composer\vendor\bin;C:\Users\xpmkm\AppData\Local\Microsoft\WindowsApps;
USERNAME=xpmkm
OS=Windows_NT
PROCESSOR_IDENTIFIER=AMD64 Family 23 Model 24 Stepping 1, AuthenticAMD



---------------  S Y S T E M  ---------------

OS: Windows 10 , 64 bit Build 22471 (10.0.22471.1000)
OS uptime: 0 days 0:30 hours

CPU:total 8 (initial active 8) (8 cores per cpu, 2 threads per core) family 23 model 24 stepping 1 microcode 0x0, cmov, cx8, fxsr, mmx, sse, sse2, sse3, ssse3, sse4.1, sse4.2, popcnt, avx, avx2, aes, clmul, mmxext, 3dnowpref, lzcnt, sse4a, ht, tsc, tscinvbit, tscinv, bmi1, bmi2, adx, s

Memory: 4k page, system-wide physical 8002M (621M free)
TotalPageFile size 12098M (AvailPageFile size 5M)
current process WorkingSet (physical memory assigned to process): 446M, peak: 446M
current process commit charge ("private bytes"): 483M, peak: 484M

vm_info: OpenJDK 64-Bit Server VM (11.0.10+0-b96-7249189) for windows-amd64 JRE (11.0.10+0-b96-7249189), built on Mar 31 2021 21:44:00 by "builder" with MS VC++ 14.0 (VS2015)

END.
