#
# There is insufficient memory for the Java Runtime Environment to continue.
# Native memory allocation (mmap) failed to map 38797312 bytes for Failed to commit area from 0x000000008b700000 to 0x000000008dc00000 of length 38797312.
# Possible reasons:
#   The system is out of physical RAM or swap space
#   The process is running with CompressedOops enabled, and the Java Heap may be blocking the growth of the native heap
# Possible solutions:
#   Reduce memory load on the system
#   Increase physical memory or swap space
#   Check if swap backing store is full
#   Decrease Java heap size (-Xmx/-Xms)
#   Decrease number of Java threads
#   Decrease Java thread stack sizes (-Xss)
#   Set larger code cache with -XX:ReservedCodeCacheSize=
#   JVM is running with Unscaled Compressed Oops mode in which the Java heap is
#     placed in the first 4GB address space. The Java Heap base address is the
#     maximum limit for the native heap growth. Please use -XX:HeapBaseMinAddress
#     to set the Java Heap base and to place the Java Heap above 4GB virtual address.
# This output file may be truncated or incomplete.
#
#  Out of Memory Error (./src/hotspot/os/windows/os_windows.cpp:3301), pid=16340, tid=5780
#
# JRE version: OpenJDK Runtime Environment (11.0.10) (build 11.0.10+0-b96-7249189)
# Java VM: OpenJDK 64-Bit Server VM (11.0.10+0-b96-7249189, mixed mode, tiered, compressed oops, g1 gc, windows-amd64)
# No core dump will be written. Minidumps are not enabled by default on client versions of Windows
#

---------------  S U M M A R Y ------------

Command Line: --add-opens=java.base/java.util=ALL-UNNAMED --add-opens=java.base/java.lang=ALL-UNNAMED --add-opens=java.base/java.lang.invoke=ALL-UNNAMED --add-opens=java.base/java.util=ALL-UNNAMED --add-opens=java.prefs/java.util.prefs=ALL-UNNAMED --add-opens=java.prefs/java.util.prefs=ALL-UNNAMED --add-opens=java.base/java.nio.charset=ALL-UNNAMED --add-opens=java.base/java.net=ALL-UNNAMED --add-opens=java.base/java.util.concurrent.atomic=ALL-UNNAMED -Xmx2048m -Dfile.encoding=UTF-8 -Duser.country=IN -Duser.language=en -Duser.variant org.gradle.launcher.daemon.bootstrap.GradleDaemon 7.0.2

Host: AMD Ryzen 5 3550H with Radeon Vega Mobile Gfx  , 8 cores, 7G,  Windows 10 , 64 bit Build 22471 (10.0.22471.1000)
Time: Fri Oct  8 13:34:21 2021 India Standard Time elapsed time: 16.349308 seconds (0d 0h 0m 16s)

---------------  T H R E A D  ---------------

Current thread (0x00000239c75a7000):  VMThread "VM Thread" [stack: 0x000000a78d600000,0x000000a78d700000] [id=5780]

Stack: [0x000000a78d600000,0x000000a78d700000]
[error occurred during error reporting (printing stack bounds), id 0xc0000005, EXCEPTION_ACCESS_VIOLATION (0xc0000005) at pc=0x00000239b0c20f2d]

Native frames: (J=compiled Java code, j=interpreted, Vv=VM code, C=native code)
V  [jvm.dll+0x5ecfaa]
V  [jvm.dll+0x722bd5]
V  [jvm.dll+0x72412d]
V  [jvm.dll+0x724745]
V  [jvm.dll+0x7246fb]
V  [jvm.dll+0x5ec348]
V  [jvm.dll+0x5ecad8]
C  [ntdll.dll+0xa623f]
C  [ntdll.dll+0x65ea9]
C  [ntdll.dll+0xa522e]
C  0x00000239b0c20f2d

VM_Operation (0x000000a791ffc960): G1CollectForAllocation, mode: safepoint, requested by thread 0x00000239cf54c000


---------------  P R O C E S S  ---------------

Threads class SMR info:
_java_thread_list=0x00000239d0413a40, length=65, elements={
0x00000239ad132800, 0x00000239c75a9800, 0x00000239c75b4800, 0x00000239c7f24800,
0x00000239c7f25800, 0x00000239c7f27000, 0x00000239c7f2b000, 0x00000239c7f30000,
0x00000239c7f32800, 0x00000239c8084800, 0x00000239c8085800, 0x00000239c8089000,
0x00000239c8089800, 0x00000239c8086800, 0x00000239c8084000, 0x00000239c808a800,
0x00000239c8087000, 0x00000239c8088000, 0x00000239ca244000, 0x00000239ca240000,
0x00000239ca241800, 0x00000239ca245800, 0x00000239ca242800, 0x00000239c98e8800,
0x00000239ca245000, 0x00000239ca241000, 0x00000239ca246800, 0x00000239ca247800,
0x00000239ca248000, 0x00000239ca249000, 0x00000239cb5a2800, 0x00000239ca243800,
0x00000239ca24b800, 0x00000239ca24d000, 0x00000239ca24a000, 0x00000239ca24e800,
0x00000239ca24e000, 0x00000239c83e2000, 0x00000239c83de000, 0x00000239c83e1800,
0x00000239c83e3000, 0x00000239c83dd000, 0x00000239c83e3800, 0x00000239c83df800,
0x00000239c83e4800, 0x00000239c83df000, 0x00000239c83e5800, 0x00000239c83e6000,
0x00000239c83e0800, 0x00000239c83e8000, 0x00000239c83ec000, 0x00000239c83e8800,
0x00000239c83e7000, 0x00000239c83e9800, 0x00000239c83ea800, 0x00000239cf542000,
0x00000239cf544000, 0x00000239cf544800, 0x00000239cf545800, 0x00000239cf541800,
0x00000239cf546800, 0x00000239cf543000, 0x00000239cf540800, 0x00000239cf549800,
0x00000239cf54c000
}

Java Threads: ( => current thread )
  0x00000239ad132800 JavaThread "main" [_thread_blocked, id=7876, stack(0x000000a78d000000,0x000000a78d100000)]
  0x00000239c75a9800 JavaThread "Reference Handler" daemon [_thread_blocked, id=4184, stack(0x000000a78d700000,0x000000a78d800000)]
  0x00000239c75b4800 JavaThread "Finalizer" daemon [_thread_blocked, id=15928, stack(0x000000a78d800000,0x000000a78d900000)]
  0x00000239c7f24800 JavaThread "Signal Dispatcher" daemon [_thread_blocked, id=7404, stack(0x000000a78d900000,0x000000a78da00000)]
  0x00000239c7f25800 JavaThread "Attach Listener" daemon [_thread_blocked, id=444, stack(0x000000a78da00000,0x000000a78db00000)]
  0x00000239c7f27000 JavaThread "Service Thread" daemon [_thread_blocked, id=12496, stack(0x000000a78db00000,0x000000a78dc00000)]
  0x00000239c7f2b000 JavaThread "C2 CompilerThread0" daemon [_thread_blocked, id=12996, stack(0x000000a78dc00000,0x000000a78dd00000)]
  0x00000239c7f30000 JavaThread "C1 CompilerThread0" daemon [_thread_blocked, id=4608, stack(0x000000a78dd00000,0x000000a78de00000)]
  0x00000239c7f32800 JavaThread "Sweeper thread" daemon [_thread_blocked, id=14492, stack(0x000000a78de00000,0x000000a78df00000)]
  0x00000239c8084800 JavaThread "Common-Cleaner" daemon [_thread_blocked, id=4656, stack(0x000000a78df00000,0x000000a78e000000)]
  0x00000239c8085800 JavaThread "Daemon health stats" [_thread_blocked, id=16200, stack(0x000000a78e500000,0x000000a78e600000)]
  0x00000239c8089000 JavaThread "Incoming local TCP Connector on port 53297" [_thread_in_native, id=16100, stack(0x000000a78e100000,0x000000a78e200000)]
  0x00000239c8089800 JavaThread "Daemon periodic checks" [_thread_blocked, id=11616, stack(0x000000a78e200000,0x000000a78e300000)]
  0x00000239c8086800 JavaThread "Daemon" [_thread_blocked, id=16208, stack(0x000000a78e600000,0x000000a78e700000)]
  0x00000239c8084000 JavaThread "Handler for socket connection from /127.0.0.1:53297 to /127.0.0.1:53298" [_thread_in_native, id=2220, stack(0x000000a78e700000,0x000000a78e800000)]
  0x00000239c808a800 JavaThread "Cancel handler" [_thread_blocked, id=5432, stack(0x000000a78e800000,0x000000a78e900000)]
  0x00000239c8087000 JavaThread "Daemon worker" [_thread_blocked, id=13380, stack(0x000000a78e900000,0x000000a78ea00000)]
  0x00000239c8088000 JavaThread "Asynchronous log dispatcher for DefaultDaemonConnection: socket connection from /127.0.0.1:53297 to /127.0.0.1:53298" [_thread_blocked, id=4080, stack(0x000000a78ea00000,0x000000a78eb00000)]
  0x00000239ca244000 JavaThread "Stdin handler" [_thread_blocked, id=6168, stack(0x000000a78eb00000,0x000000a78ec00000)]
  0x00000239ca240000 JavaThread "Daemon client event forwarder" [_thread_blocked, id=12492, stack(0x000000a78ec00000,0x000000a78ed00000)]
  0x00000239ca241800 JavaThread "Cache worker for file hash cache (C:\Users\xpmkm\.gradle\caches\7.0.2\fileHashes)" [_thread_blocked, id=11852, stack(0x000000a78f200000,0x000000a78f300000)]
  0x00000239ca245800 JavaThread "File lock request listener" [_thread_in_native, id=15328, stack(0x000000a78f300000,0x000000a78f400000)]
  0x00000239ca242800 JavaThread "Cache worker for journal cache (C:\Users\xpmkm\.gradle\caches\journal-1)" [_thread_blocked, id=12988, stack(0x000000a78f500000,0x000000a78f600000)]
  0x00000239c98e8800 JavaThread "C2 CompilerThread1" daemon [_thread_blocked, id=6396, stack(0x000000a78f600000,0x000000a78f700000)]
  0x00000239ca245000 JavaThread "Cache worker for file hash cache (C:\Users\xpmkm\Desktop\update_code_vezilla-server\codecanyon-L2GSbXtH-dairy-products-grocery-daily-milk-delivery-mobile-app-with-subscription-customer-app-delivery\test-vezilla-android-workspace\.gradle\7.0.2\fileHashes)" [_thread_blocked, id=1488, stack(0x000000a78f700000,0x000000a78f800000)]
  0x00000239ca241000 JavaThread "File watcher server" daemon [_thread_blocked, id=1492, stack(0x000000a78f800000,0x000000a78f900000)]
  0x00000239ca246800 JavaThread "File watcher consumer" daemon [_thread_blocked, id=13284, stack(0x000000a78f900000,0x000000a78fa00000)]
  0x00000239ca247800 JavaThread "Cache worker for checksums cache (C:\Users\xpmkm\Desktop\update_code_vezilla-server\codecanyon-L2GSbXtH-dairy-products-grocery-daily-milk-delivery-mobile-app-with-subscription-customer-app-delivery\test-vezilla-android-workspace\.gradle\checksums)" [_thread_blocked, id=13560, stack(0x000000a78fa00000,0x000000a78fb00000)]
  0x00000239ca248000 JavaThread "Cache worker for cache directory md-supplier (C:\Users\xpmkm\.gradle\caches\7.0.2\md-supplier)" [_thread_blocked, id=9892, stack(0x000000a78fb00000,0x000000a78fc00000)]
  0x00000239ca249000 JavaThread "Cache worker for cache directory md-rule (C:\Users\xpmkm\.gradle\caches\7.0.2\md-rule)" [_thread_blocked, id=2908, stack(0x000000a78fc00000,0x000000a78fd00000)]
  0x00000239cb5a2800 JavaThread "C2 CompilerThread2" daemon [_thread_blocked, id=9412, stack(0x000000a78fd00000,0x000000a78fe00000)]
  0x00000239ca243800 JavaThread "Cache worker for execution history cache (C:\Users\xpmkm\.gradle\caches\7.0.2\executionHistory)" [_thread_blocked, id=12264, stack(0x000000a78fe00000,0x000000a78ff00000)]
  0x00000239ca24b800 JavaThread "jar transforms" [_thread_blocked, id=14352, stack(0x000000a78ff00000,0x000000a790000000)]
  0x00000239ca24d000 JavaThread "jar transforms Thread 2" [_thread_blocked, id=7700, stack(0x000000a790000000,0x000000a790100000)]
  0x00000239ca24a000 JavaThread "Cache worker for file content cache (C:\Users\xpmkm\.gradle\caches\7.0.2\fileContent)" [_thread_blocked, id=10124, stack(0x000000a790100000,0x000000a790200000)]
  0x00000239ca24e800 JavaThread "Cache worker for dependencies-accessors (C:\Users\xpmkm\Desktop\update_code_vezilla-server\codecanyon-L2GSbXtH-dairy-products-grocery-daily-milk-delivery-mobile-app-with-subscription-customer-app-delivery\test-vezilla-android-workspace\.gradle\7.0.2\dependencies-accessors)" [_thread_blocked, id=13604, stack(0x000000a790200000,0x000000a790300000)]
  0x00000239ca24e000 JavaThread "jar transforms Thread 3" [_thread_blocked, id=3504, stack(0x000000a790300000,0x000000a790400000)]
  0x00000239c83e2000 JavaThread "Cache worker for Build Output Cleanup Cache (C:\Users\xpmkm\Desktop\update_code_vezilla-server\codecanyon-L2GSbXtH-dairy-products-grocery-daily-milk-delivery-mobile-app-with-subscription-customer-app-delivery\test-vezilla-android-workspace\.gradle\buildOutputCleanup)" [_thread_blocked, id=8796, stack(0x000000a790400000,0x000000a790500000)]
  0x00000239c83de000 JavaThread "Build operations" [_thread_blocked, id=10624, stack(0x000000a790500000,0x000000a790600000)]
  0x00000239c83e1800 JavaThread "Build operations Thread 2" [_thread_blocked, id=2356, stack(0x000000a790600000,0x000000a790700000)]
  0x00000239c83e3000 JavaThread "Build operations Thread 3" [_thread_blocked, id=13864, stack(0x000000a790700000,0x000000a790800000)]
  0x00000239c83dd000 JavaThread "Build operations Thread 4" [_thread_blocked, id=1212, stack(0x000000a790800000,0x000000a790900000)]
  0x00000239c83e3800 JavaThread "Build operations Thread 5" [_thread_blocked, id=9408, stack(0x000000a790900000,0x000000a790a00000)]
  0x00000239c83df800 JavaThread "Build operations Thread 6" [_thread_blocked, id=13248, stack(0x000000a790a00000,0x000000a790b00000)]
  0x00000239c83e4800 JavaThread "Build operations Thread 7" [_thread_blocked, id=9268, stack(0x000000a790b00000,0x000000a790c00000)]
  0x00000239c83df000 JavaThread "Build operations Thread 8" [_thread_blocked, id=5324, stack(0x000000a790c00000,0x000000a790d00000)]
  0x00000239c83e5800 JavaThread "jar transforms Thread 4" [_thread_blocked, id=6608, stack(0x000000a790d00000,0x000000a790e00000)]
  0x00000239c83e6000 JavaThread "jar transforms Thread 5" [_thread_blocked, id=5584, stack(0x000000a790e00000,0x000000a790f00000)]
  0x00000239c83e0800 JavaThread "jar transforms Thread 6" [_thread_blocked, id=9148, stack(0x000000a790f00000,0x000000a791000000)]
  0x00000239c83e8000 JavaThread "jar transforms Thread 7" [_thread_blocked, id=8584, stack(0x000000a791000000,0x000000a791100000)]
  0x00000239c83ec000 JavaThread "jar transforms Thread 8" [_thread_blocked, id=11804, stack(0x000000a791100000,0x000000a791200000)]
  0x00000239c83e8800 JavaThread "Memory manager" [_thread_blocked, id=1680, stack(0x000000a791200000,0x000000a791300000)]
  0x00000239c83e7000 JavaThread "build event listener" [_thread_blocked, id=3824, stack(0x000000a791300000,0x000000a791400000)]
  0x00000239c83e9800 JavaThread "Execution worker for ':'" [_thread_blocked, id=9064, stack(0x000000a791400000,0x000000a791500000)]
  0x00000239c83ea800 JavaThread "Execution worker for ':' Thread 2" [_thread_blocked, id=15336, stack(0x000000a791500000,0x000000a791600000)]
  0x00000239cf542000 JavaThread "Execution worker for ':' Thread 3" [_thread_blocked, id=7088, stack(0x000000a791600000,0x000000a791700000)]
  0x00000239cf544000 JavaThread "Execution worker for ':' Thread 4" [_thread_blocked, id=14320, stack(0x000000a791700000,0x000000a791800000)]
  0x00000239cf544800 JavaThread "Execution worker for ':' Thread 5" [_thread_blocked, id=12972, stack(0x000000a791800000,0x000000a791900000)]
  0x00000239cf545800 JavaThread "Execution worker for ':' Thread 6" [_thread_blocked, id=9404, stack(0x000000a791900000,0x000000a791a00000)]
  0x00000239cf541800 JavaThread "Execution worker for ':' Thread 7" [_thread_blocked, id=15740, stack(0x000000a791a00000,0x000000a791b00000)]
  0x00000239cf546800 JavaThread "Cache worker for execution history cache (C:\Users\xpmkm\Desktop\update_code_vezilla-server\codecanyon-L2GSbXtH-dairy-products-grocery-daily-milk-delivery-mobile-app-with-subscription-customer-app-delivery\test-vezilla-android-workspace\.gradle\7.0.2\executionHistory)" [_thread_blocked, id=12352, stack(0x000000a791b00000,0x000000a791c00000)]
  0x00000239cf543000 JavaThread "WorkerExecutor Queue" [_thread_blocked, id=3160, stack(0x000000a791c00000,0x000000a791d00000)]
  0x00000239cf540800 JavaThread "WorkerExecutor Queue Thread 2" [_thread_blocked, id=10668, stack(0x000000a791d00000,0x000000a791e00000)]
  0x00000239cf549800 JavaThread "WorkerExecutor Queue Thread 3" [_thread_blocked, id=15972, stack(0x000000a791e00000,0x000000a791f00000)]
  0x00000239cf54c000 JavaThread "WorkerExecutor Queue Thread 4" [_thread_blocked, id=15900, stack(0x000000a791f00000,0x000000a792000000)]

Other Threads:
=>0x00000239c75a7000 VMThread "VM Thread" [stack: 0x000000a78d600000,0x000000a78d700000] [id=5780]
  0x00000239c80aa800 WatcherThread [stack: 0x000000a78e000000,0x000000a78e100000] [id=7268]
  0x00000239ad14d000 GCTaskThread "GC Thread#0" [stack: 0x000000a78d100000,0x000000a78d200000] [id=6152]
  0x00000239c8be4800 GCTaskThread "GC Thread#1" [stack: 0x000000a78e300000,0x000000a78e400000] [id=2308]
  0x00000239c8f78000 GCTaskThread "GC Thread#2" [stack: 0x000000a78e400000,0x000000a78e500000] [id=9316]
  0x00000239ca10e800 GCTaskThread "GC Thread#3" [stack: 0x000000a78ed00000,0x000000a78ee00000] [id=1316]
  0x00000239ca444800 GCTaskThread "GC Thread#4" [stack: 0x000000a78ee00000,0x000000a78ef00000] [id=3056]
  0x00000239ca94d000 GCTaskThread "GC Thread#5" [stack: 0x000000a78ef00000,0x000000a78f000000] [id=9676]
  0x00000239ca904800 GCTaskThread "GC Thread#6" [stack: 0x000000a78f000000,0x000000a78f100000] [id=16332]
  0x00000239c9a06000 GCTaskThread "GC Thread#7" [stack: 0x000000a78f100000,0x000000a78f200000] [id=2116]
  0x00000239ad180800 ConcurrentGCThread "G1 Main Marker" [stack: 0x000000a78d200000,0x000000a78d300000] [id=13784]
  0x00000239ad182000 ConcurrentGCThread "G1 Conc#0" [stack: 0x000000a78d300000,0x000000a78d400000] [id=15872]
  0x00000239c8fce800 ConcurrentGCThread "G1 Conc#1" [stack: 0x000000a78f400000,0x000000a78f500000] [id=2424]
  0x00000239ad20e800 ConcurrentGCThread "G1 Refine#0" [stack: 0x000000a78d400000,0x000000a78d500000] [id=6472]
  0x00000239c73f9800 ConcurrentGCThread "G1 Young RemSet Sampling" [stack: 0x000000a78d500000,0x000000a78d600000] [id=3532]

Threads with active compile tasks:
C2 CompilerThread0  16362 12049   !   4       java.net.URLClassLoader$1::run (63 bytes)
C1 CompilerThread0  16362 12135       3       com.android.tools.r8.dex.c::d (31 bytes)

VM state:at safepoint (normal execution)

VM Mutex/Monitor currently owned by a thread:  ([mutex/lock_event])
[0x00000239ad12e0c0] Threads_lock - owner thread: 0x00000239c75a7000
[0x00000239ad12e6f0] Heap_lock - owner thread: 0x00000239cf54c000

Heap address: 0x0000000080000000, size: 2048 MB, Compressed Oops mode: 32-bit
Narrow klass base: 0x0000000000000000, Narrow klass shift: 3
Compressed class space size: 1073741824 Address: 0x0000000100000000

Heap:
 garbage-first heap   total 225280K, used 112267K [0x0000000080000000, 0x0000000100000000)
  region size 1024K, 1 young (1024K), 1 survivors (1024K)
 Metaspace       used 89987K, capacity 92744K, committed 93312K, reserved 1130496K
  class space    used 11596K, capacity 12554K, committed 12748K, reserved 1048576K
Heap Regions: E=young(eden), S=young(survivor), O=old, HS=humongous(starts), HC=humongous(continues), CS=collection set, F=free, A=archive, TAMS=top-at-mark-start (previous, next)
|   0|0x0000000080000000, 0x0000000080100000, 0x0000000080100000|100%| O|  |TAMS 0x0000000080100000, 0x0000000080100000| Untracked 
|   1|0x0000000080100000, 0x0000000080200000, 0x0000000080200000|100%| O|  |TAMS 0x0000000080200000, 0x0000000080200000| Untracked 
|   2|0x0000000080200000, 0x0000000080300000, 0x0000000080300000|100%| O|  |TAMS 0x0000000080300000, 0x0000000080300000| Untracked 
|   3|0x0000000080300000, 0x0000000080400000, 0x0000000080400000|100%|HS|  |TAMS 0x0000000080400000, 0x0000000080400000| Complete 
|   4|0x0000000080400000, 0x0000000080500000, 0x0000000080500000|100%|HC|  |TAMS 0x0000000080500000, 0x0000000080500000| Complete 
|   5|0x0000000080500000, 0x0000000080600000, 0x0000000080600000|100%|HC|  |TAMS 0x0000000080600000, 0x0000000080600000| Complete 
|   6|0x0000000080600000, 0x0000000080700000, 0x0000000080700000|100%| O|  |TAMS 0x0000000080700000, 0x0000000080700000| Untracked 
|   7|0x0000000080700000, 0x0000000080800000, 0x0000000080800000|100%| O|  |TAMS 0x0000000080800000, 0x0000000080800000| Untracked 
|   8|0x0000000080800000, 0x0000000080900000, 0x0000000080900000|100%| O|  |TAMS 0x0000000080900000, 0x0000000080900000| Untracked 
|   9|0x0000000080900000, 0x0000000080a00000, 0x0000000080a00000|100%| O|  |TAMS 0x0000000080a00000, 0x0000000080a00000| Untracked 
|  10|0x0000000080a00000, 0x0000000080b00000, 0x0000000080b00000|100%| O|  |TAMS 0x0000000080b00000, 0x0000000080b00000| Untracked 
|  11|0x0000000080b00000, 0x0000000080c00000, 0x0000000080c00000|100%| O|  |TAMS 0x0000000080c00000, 0x0000000080c00000| Untracked 
|  12|0x0000000080c00000, 0x0000000080d00000, 0x0000000080d00000|100%| O|  |TAMS 0x0000000080d00000, 0x0000000080d00000| Untracked 
|  13|0x0000000080d00000, 0x0000000080e00000, 0x0000000080e00000|100%| O|  |TAMS 0x0000000080e00000, 0x0000000080e00000| Untracked 
|  14|0x0000000080e00000, 0x0000000080f00000, 0x0000000080f00000|100%| O|  |TAMS 0x0000000080f00000, 0x0000000080f00000| Untracked 
|  15|0x0000000080f00000, 0x0000000081000000, 0x0000000081000000|100%| O|  |TAMS 0x0000000081000000, 0x0000000081000000| Untracked 
|  16|0x0000000081000000, 0x0000000081100000, 0x0000000081100000|100%| O|  |TAMS 0x0000000081100000, 0x0000000081100000| Untracked 
|  17|0x0000000081100000, 0x0000000081200000, 0x0000000081200000|100%| O|  |TAMS 0x0000000081200000, 0x0000000081200000| Untracked 
|  18|0x0000000081200000, 0x0000000081300000, 0x0000000081300000|100%| O|  |TAMS 0x0000000081300000, 0x0000000081300000| Untracked 
|  19|0x0000000081300000, 0x0000000081400000, 0x0000000081400000|100%| O|  |TAMS 0x0000000081400000, 0x0000000081400000| Untracked 
|  20|0x0000000081400000, 0x0000000081500000, 0x0000000081500000|100%| O|  |TAMS 0x0000000081500000, 0x0000000081500000| Untracked 
|  21|0x0000000081500000, 0x0000000081600000, 0x0000000081600000|100%| O|  |TAMS 0x0000000081600000, 0x0000000081600000| Untracked 
|  22|0x0000000081600000, 0x0000000081700000, 0x0000000081700000|100%| O|  |TAMS 0x0000000081700000, 0x0000000081700000| Untracked 
|  23|0x0000000081700000, 0x0000000081800000, 0x0000000081800000|100%| O|  |TAMS 0x0000000081800000, 0x0000000081800000| Untracked 
|  24|0x0000000081800000, 0x0000000081900000, 0x0000000081900000|100%| O|  |TAMS 0x0000000081900000, 0x0000000081900000| Untracked 
|  25|0x0000000081900000, 0x0000000081a00000, 0x0000000081a00000|100%| O|  |TAMS 0x0000000081a00000, 0x0000000081a00000| Untracked 
|  26|0x0000000081a00000, 0x0000000081b00000, 0x0000000081b00000|100%|HS|  |TAMS 0x0000000081b00000, 0x0000000081b00000| Complete 
|  27|0x0000000081b00000, 0x0000000081c00000, 0x0000000081c00000|100%|HS|  |TAMS 0x0000000081c00000, 0x0000000081c00000| Complete 
|  28|0x0000000081c00000, 0x0000000081d00000, 0x0000000081d00000|100%|HS|  |TAMS 0x0000000081d00000, 0x0000000081d00000| Complete 
|  29|0x0000000081d00000, 0x0000000081e00000, 0x0000000081e00000|100%|HC|  |TAMS 0x0000000081e00000, 0x0000000081e00000| Complete 
|  30|0x0000000081e00000, 0x0000000081f00000, 0x0000000081f00000|100%| O|  |TAMS 0x0000000081f00000, 0x0000000081f00000| Untracked 
|  31|0x0000000081f00000, 0x0000000082000000, 0x0000000082000000|100%| O|  |TAMS 0x0000000082000000, 0x0000000082000000| Untracked 
|  32|0x0000000082000000, 0x0000000082100000, 0x0000000082100000|100%| O|  |TAMS 0x0000000082100000, 0x0000000082100000| Untracked 
|  33|0x0000000082100000, 0x0000000082200000, 0x0000000082200000|100%| O|  |TAMS 0x0000000082200000, 0x0000000082200000| Untracked 
|  34|0x0000000082200000, 0x0000000082300000, 0x0000000082300000|100%| O|  |TAMS 0x0000000082300000, 0x0000000082300000| Untracked 
|  35|0x0000000082300000, 0x0000000082400000, 0x0000000082400000|100%| O|  |TAMS 0x0000000082400000, 0x0000000082400000| Untracked 
|  36|0x0000000082400000, 0x0000000082500000, 0x0000000082500000|100%| O|  |TAMS 0x0000000082500000, 0x0000000082500000| Untracked 
|  37|0x0000000082500000, 0x0000000082600000, 0x0000000082600000|100%| O|  |TAMS 0x0000000082600000, 0x0000000082600000| Untracked 
|  38|0x0000000082600000, 0x0000000082700000, 0x0000000082700000|100%| O|  |TAMS 0x0000000082700000, 0x0000000082700000| Untracked 
|  39|0x0000000082700000, 0x0000000082800000, 0x0000000082800000|100%| O|  |TAMS 0x0000000082800000, 0x0000000082800000| Untracked 
|  40|0x0000000082800000, 0x0000000082900000, 0x0000000082900000|100%| O|  |TAMS 0x0000000082900000, 0x0000000082900000| Untracked 
|  41|0x0000000082900000, 0x0000000082a00000, 0x0000000082a00000|100%| O|  |TAMS 0x0000000082a00000, 0x0000000082a00000| Untracked 
|  42|0x0000000082a00000, 0x0000000082b00000, 0x0000000082b00000|100%| O|  |TAMS 0x0000000082b00000, 0x0000000082b00000| Untracked 
|  43|0x0000000082b00000, 0x0000000082c00000, 0x0000000082c00000|100%| O|  |TAMS 0x0000000082c00000, 0x0000000082c00000| Untracked 
|  44|0x0000000082c00000, 0x0000000082d00000, 0x0000000082d00000|100%| O|  |TAMS 0x0000000082d00000, 0x0000000082d00000| Untracked 
|  45|0x0000000082d00000, 0x0000000082e00000, 0x0000000082e00000|100%| O|  |TAMS 0x0000000082e00000, 0x0000000082e00000| Untracked 
|  46|0x0000000082e00000, 0x0000000082f00000, 0x0000000082f00000|100%| O|  |TAMS 0x0000000082f00000, 0x0000000082f00000| Untracked 
|  47|0x0000000082f00000, 0x0000000083000000, 0x0000000083000000|100%| O|  |TAMS 0x0000000083000000, 0x0000000083000000| Untracked 
|  48|0x0000000083000000, 0x0000000083100000, 0x0000000083100000|100%| O|  |TAMS 0x0000000083100000, 0x0000000083100000| Untracked 
|  49|0x0000000083100000, 0x0000000083200000, 0x0000000083200000|100%| O|  |TAMS 0x0000000083200000, 0x0000000083200000| Untracked 
|  50|0x0000000083200000, 0x0000000083300000, 0x0000000083300000|100%| O|  |TAMS 0x0000000083300000, 0x0000000083300000| Untracked 
|  51|0x0000000083300000, 0x0000000083400000, 0x0000000083400000|100%| O|  |TAMS 0x0000000083400000, 0x0000000083400000| Untracked 
|  52|0x0000000083400000, 0x0000000083500000, 0x0000000083500000|100%| O|  |TAMS 0x0000000083500000, 0x0000000083500000| Untracked 
|  53|0x0000000083500000, 0x0000000083600000, 0x0000000083600000|100%| O|  |TAMS 0x0000000083600000, 0x0000000083600000| Untracked 
|  54|0x0000000083600000, 0x0000000083700000, 0x0000000083700000|100%| O|  |TAMS 0x0000000083700000, 0x0000000083700000| Untracked 
|  55|0x0000000083700000, 0x0000000083800000, 0x0000000083800000|100%| O|  |TAMS 0x0000000083800000, 0x0000000083800000| Untracked 
|  56|0x0000000083800000, 0x0000000083900000, 0x0000000083900000|100%| O|  |TAMS 0x0000000083900000, 0x0000000083900000| Untracked 
|  57|0x0000000083900000, 0x0000000083a00000, 0x0000000083a00000|100%| O|  |TAMS 0x0000000083a00000, 0x0000000083a00000| Untracked 
|  58|0x0000000083a00000, 0x0000000083b00000, 0x0000000083b00000|100%| O|  |TAMS 0x0000000083b00000, 0x0000000083b00000| Untracked 
|  59|0x0000000083b00000, 0x0000000083c00000, 0x0000000083c00000|100%| O|  |TAMS 0x0000000083c00000, 0x0000000083c00000| Untracked 
|  60|0x0000000083c00000, 0x0000000083d00000, 0x0000000083d00000|100%| O|  |TAMS 0x0000000083d00000, 0x0000000083d00000| Untracked 
|  61|0x0000000083d00000, 0x0000000083e00000, 0x0000000083e00000|100%| O|  |TAMS 0x0000000083e00000, 0x0000000083e00000| Untracked 
|  62|0x0000000083e00000, 0x0000000083f00000, 0x0000000083f00000|100%| O|  |TAMS 0x0000000083f00000, 0x0000000083f00000| Untracked 
|  63|0x0000000083f00000, 0x0000000084000000, 0x0000000084000000|100%| O|  |TAMS 0x0000000084000000, 0x0000000084000000| Untracked 
|  64|0x0000000084000000, 0x0000000084100000, 0x0000000084100000|100%| O|  |TAMS 0x0000000084100000, 0x0000000084100000| Untracked 
|  65|0x0000000084100000, 0x0000000084200000, 0x0000000084200000|100%| O|  |TAMS 0x0000000084200000, 0x0000000084200000| Untracked 
|  66|0x0000000084200000, 0x0000000084300000, 0x0000000084300000|100%| O|  |TAMS 0x0000000084300000, 0x0000000084300000| Untracked 
|  67|0x0000000084300000, 0x0000000084400000, 0x0000000084400000|100%| O|  |TAMS 0x0000000084400000, 0x0000000084400000| Untracked 
|  68|0x0000000084400000, 0x0000000084500000, 0x0000000084500000|100%| O|  |TAMS 0x0000000084500000, 0x0000000084500000| Untracked 
|  69|0x0000000084500000, 0x0000000084600000, 0x0000000084600000|100%| O|  |TAMS 0x0000000084600000, 0x0000000084600000| Untracked 
|  70|0x0000000084600000, 0x0000000084700000, 0x0000000084700000|100%| O|  |TAMS 0x0000000084700000, 0x0000000084700000| Untracked 
|  71|0x0000000084700000, 0x0000000084800000, 0x0000000084800000|100%| O|  |TAMS 0x0000000084800000, 0x0000000084800000| Untracked 
|  72|0x0000000084800000, 0x0000000084900000, 0x0000000084900000|100%| O|  |TAMS 0x0000000084900000, 0x0000000084900000| Untracked 
|  73|0x0000000084900000, 0x0000000084a00000, 0x0000000084a00000|100%| O|  |TAMS 0x0000000084a00000, 0x0000000084a00000| Untracked 
|  74|0x0000000084a00000, 0x0000000084b00000, 0x0000000084b00000|100%| O|  |TAMS 0x0000000084b00000, 0x0000000084b00000| Untracked 
|  75|0x0000000084b00000, 0x0000000084c00000, 0x0000000084c00000|100%| O|  |TAMS 0x0000000084c00000, 0x0000000084c00000| Untracked 
|  76|0x0000000084c00000, 0x0000000084d00000, 0x0000000084d00000|100%| O|  |TAMS 0x0000000084d00000, 0x0000000084d00000| Untracked 
|  77|0x0000000084d00000, 0x0000000084e00000, 0x0000000084e00000|100%| O|  |TAMS 0x0000000084e00000, 0x0000000084e00000| Untracked 
|  78|0x0000000084e00000, 0x0000000084f00000, 0x0000000084f00000|100%| O|  |TAMS 0x0000000084f00000, 0x0000000084f00000| Untracked 
|  79|0x0000000084f00000, 0x0000000085000000, 0x0000000085000000|100%| O|  |TAMS 0x0000000085000000, 0x0000000085000000| Untracked 
|  80|0x0000000085000000, 0x0000000085100000, 0x0000000085100000|100%| O|  |TAMS 0x0000000085100000, 0x0000000085100000| Untracked 
|  81|0x0000000085100000, 0x0000000085200000, 0x0000000085200000|100%| O|  |TAMS 0x0000000085200000, 0x0000000085200000| Untracked 
|  82|0x0000000085200000, 0x0000000085300000, 0x0000000085300000|100%| O|  |TAMS 0x0000000085300000, 0x0000000085300000| Untracked 
|  83|0x0000000085300000, 0x0000000085400000, 0x0000000085400000|100%| O|  |TAMS 0x0000000085400000, 0x0000000085400000| Untracked 
|  84|0x0000000085400000, 0x0000000085500000, 0x0000000085500000|100%| O|  |TAMS 0x0000000085500000, 0x0000000085500000| Untracked 
|  85|0x0000000085500000, 0x0000000085600000, 0x0000000085600000|100%|HS|  |TAMS 0x0000000085600000, 0x0000000085600000| Complete 
|  86|0x0000000085600000, 0x0000000085700000, 0x0000000085700000|100%|HC|  |TAMS 0x0000000085700000, 0x0000000085700000| Complete 
|  87|0x0000000085700000, 0x0000000085800000, 0x0000000085800000|100%|HS|  |TAMS 0x0000000085800000, 0x0000000085800000| Complete 
|  88|0x0000000085800000, 0x0000000085900000, 0x0000000085900000|100%|HS|  |TAMS 0x0000000085900000, 0x0000000085900000| Complete 
|  89|0x0000000085900000, 0x0000000085a00000, 0x0000000085a00000|100%|HS|  |TAMS 0x0000000085a00000, 0x0000000085a00000| Complete 
|  90|0x0000000085a00000, 0x0000000085b00000, 0x0000000085b00000|100%|HS|  |TAMS 0x0000000085b00000, 0x0000000085b00000| Complete 
|  91|0x0000000085b00000, 0x0000000085c00000, 0x0000000085c00000|100%|HS|  |TAMS 0x0000000085c00000, 0x0000000085c00000| Complete 
|  92|0x0000000085c00000, 0x0000000085d00000, 0x0000000085d00000|100%|HS|  |TAMS 0x0000000085d00000, 0x0000000085d00000| Complete 
|  93|0x0000000085d00000, 0x0000000085e00000, 0x0000000085e00000|100%|HS|  |TAMS 0x0000000085e00000, 0x0000000085e00000| Complete 
|  94|0x0000000085e00000, 0x0000000085f00000, 0x0000000085f00000|100%|HC|  |TAMS 0x0000000085f00000, 0x0000000085f00000| Complete 
|  95|0x0000000085f00000, 0x0000000086000000, 0x0000000086000000|100%|HS|  |TAMS 0x0000000086000000, 0x0000000086000000| Complete 
|  96|0x0000000086000000, 0x0000000086100000, 0x0000000086100000|100%|HC|  |TAMS 0x0000000086100000, 0x0000000086100000| Complete 
|  97|0x0000000086100000, 0x0000000086200000, 0x0000000086200000|100%| O|  |TAMS 0x0000000086200000, 0x0000000086200000| Untracked 
|  98|0x0000000086200000, 0x0000000086300000, 0x0000000086300000|100%| O|  |TAMS 0x0000000086300000, 0x0000000086300000| Untracked 
|  99|0x0000000086300000, 0x0000000086400000, 0x0000000086400000|100%| O|  |TAMS 0x0000000086400000, 0x0000000086400000| Untracked 
| 100|0x0000000086400000, 0x0000000086500000, 0x0000000086500000|100%| O|  |TAMS 0x000000008645c000, 0x0000000086500000| Untracked 
| 101|0x0000000086500000, 0x0000000086500000, 0x0000000086600000|  0%| F|  |TAMS 0x0000000086500000, 0x0000000086500000| Untracked 
| 102|0x0000000086600000, 0x0000000086700000, 0x0000000086700000|100%| O|  |TAMS 0x0000000086600000, 0x0000000086700000| Untracked 
| 103|0x0000000086700000, 0x0000000086800000, 0x0000000086800000|100%| O|  |TAMS 0x0000000086700000, 0x0000000086800000| Untracked 
| 104|0x0000000086800000, 0x0000000086900000, 0x0000000086900000|100%| O|  |TAMS 0x0000000086800000, 0x0000000086900000| Untracked 
| 105|0x0000000086900000, 0x0000000086a00000, 0x0000000086a00000|100%| O|  |TAMS 0x0000000086900000, 0x0000000086a00000| Untracked 
| 106|0x0000000086a00000, 0x0000000086b00000, 0x0000000086b00000|100%| O|  |TAMS 0x0000000086a00000, 0x0000000086b00000| Untracked 
| 107|0x0000000086b00000, 0x0000000086c00000, 0x0000000086c00000|100%| O|  |TAMS 0x0000000086b00000, 0x0000000086c00000| Untracked 
| 108|0x0000000086c00000, 0x0000000086d00000, 0x0000000086d00000|100%| O|  |TAMS 0x0000000086c00000, 0x0000000086d00000| Untracked 
| 109|0x0000000086d00000, 0x0000000086db2c00, 0x0000000086e00000| 69%| O|  |TAMS 0x0000000086d00000, 0x0000000086db2c00| Untracked 
| 110|0x0000000086e00000, 0x0000000086e00000, 0x0000000086f00000|  0%| F|  |TAMS 0x0000000086e00000, 0x0000000086e00000| Untracked 
| 111|0x0000000086f00000, 0x0000000086f00000, 0x0000000087000000|  0%| F|  |TAMS 0x0000000086f00000, 0x0000000086f00000| Untracked 
| 112|0x0000000087000000, 0x0000000087000000, 0x0000000087100000|  0%| F|  |TAMS 0x0000000087000000, 0x0000000087000000| Untracked 
| 113|0x0000000087100000, 0x0000000087100000, 0x0000000087200000|  0%| F|  |TAMS 0x0000000087100000, 0x0000000087100000| Untracked 
| 114|0x0000000087200000, 0x0000000087200000, 0x0000000087300000|  0%| F|  |TAMS 0x0000000087200000, 0x0000000087200000| Untracked 
| 115|0x0000000087300000, 0x0000000087300000, 0x0000000087400000|  0%| F|  |TAMS 0x0000000087300000, 0x0000000087300000| Untracked 
| 116|0x0000000087400000, 0x0000000087400000, 0x0000000087500000|  0%| F|  |TAMS 0x0000000087400000, 0x0000000087400000| Untracked 
| 117|0x0000000087500000, 0x0000000087500000, 0x0000000087600000|  0%| F|  |TAMS 0x0000000087500000, 0x0000000087500000| Untracked 
| 118|0x0000000087600000, 0x0000000087600000, 0x0000000087700000|  0%| F|  |TAMS 0x0000000087600000, 0x0000000087600000| Untracked 
| 119|0x0000000087700000, 0x0000000087700000, 0x0000000087800000|  0%| F|  |TAMS 0x0000000087700000, 0x0000000087700000| Untracked 
| 120|0x0000000087800000, 0x0000000087800000, 0x0000000087900000|  0%| F|  |TAMS 0x0000000087800000, 0x0000000087800000| Untracked 
| 121|0x0000000087900000, 0x0000000087900000, 0x0000000087a00000|  0%| F|  |TAMS 0x0000000087900000, 0x0000000087900000| Untracked 
| 122|0x0000000087a00000, 0x0000000087a00000, 0x0000000087b00000|  0%| F|  |TAMS 0x0000000087a00000, 0x0000000087a00000| Untracked 
| 123|0x0000000087b00000, 0x0000000087b00000, 0x0000000087c00000|  0%| F|  |TAMS 0x0000000087b00000, 0x0000000087b00000| Untracked 
| 124|0x0000000087c00000, 0x0000000087c00000, 0x0000000087d00000|  0%| F|  |TAMS 0x0000000087c00000, 0x0000000087c00000| Untracked 
| 125|0x0000000087d00000, 0x0000000087d00000, 0x0000000087e00000|  0%| F|  |TAMS 0x0000000087d00000, 0x0000000087d00000| Untracked 
| 126|0x0000000087e00000, 0x0000000087e00000, 0x0000000087f00000|  0%| F|  |TAMS 0x0000000087e00000, 0x0000000087e00000| Untracked 
| 127|0x0000000087f00000, 0x0000000087f00000, 0x0000000088000000|  0%| F|  |TAMS 0x0000000087f00000, 0x0000000087f00000| Untracked 
| 128|0x0000000088000000, 0x0000000088000000, 0x0000000088100000|  0%| F|  |TAMS 0x0000000088000000, 0x0000000088000000| Untracked 
| 129|0x0000000088100000, 0x0000000088100000, 0x0000000088200000|  0%| F|  |TAMS 0x0000000088100000, 0x0000000088100000| Untracked 
| 130|0x0000000088200000, 0x0000000088200000, 0x0000000088300000|  0%| F|  |TAMS 0x0000000088200000, 0x0000000088200000| Untracked 
| 131|0x0000000088300000, 0x0000000088300000, 0x0000000088400000|  0%| F|  |TAMS 0x0000000088300000, 0x0000000088300000| Untracked 
| 132|0x0000000088400000, 0x0000000088400000, 0x0000000088500000|  0%| F|  |TAMS 0x0000000088400000, 0x0000000088400000| Untracked 
| 133|0x0000000088500000, 0x0000000088500000, 0x0000000088600000|  0%| F|  |TAMS 0x0000000088500000, 0x0000000088500000| Untracked 
| 134|0x0000000088600000, 0x0000000088600000, 0x0000000088700000|  0%| F|  |TAMS 0x0000000088600000, 0x0000000088600000| Untracked 
| 135|0x0000000088700000, 0x0000000088700000, 0x0000000088800000|  0%| F|  |TAMS 0x0000000088700000, 0x0000000088700000| Untracked 
| 136|0x0000000088800000, 0x0000000088800000, 0x0000000088900000|  0%| F|  |TAMS 0x0000000088800000, 0x0000000088800000| Untracked 
| 137|0x0000000088900000, 0x0000000088900000, 0x0000000088a00000|  0%| F|  |TAMS 0x0000000088900000, 0x0000000088900000| Untracked 
| 138|0x0000000088a00000, 0x0000000088a00000, 0x0000000088b00000|  0%| F|  |TAMS 0x0000000088a00000, 0x0000000088a00000| Untracked 
| 139|0x0000000088b00000, 0x0000000088b00000, 0x0000000088c00000|  0%| F|  |TAMS 0x0000000088b00000, 0x0000000088b00000| Untracked 
| 140|0x0000000088c00000, 0x0000000088c00000, 0x0000000088d00000|  0%| F|  |TAMS 0x0000000088c00000, 0x0000000088c00000| Untracked 
| 141|0x0000000088d00000, 0x0000000088d00000, 0x0000000088e00000|  0%| F|  |TAMS 0x0000000088d00000, 0x0000000088d00000| Untracked 
| 142|0x0000000088e00000, 0x0000000088e00000, 0x0000000088f00000|  0%| F|  |TAMS 0x0000000088e00000, 0x0000000088e00000| Untracked 
| 143|0x0000000088f00000, 0x0000000088f00000, 0x0000000089000000|  0%| F|  |TAMS 0x0000000088f00000, 0x0000000088f00000| Untracked 
| 144|0x0000000089000000, 0x0000000089000000, 0x0000000089100000|  0%| F|  |TAMS 0x0000000089000000, 0x0000000089000000| Untracked 
| 145|0x0000000089100000, 0x0000000089100000, 0x0000000089200000|  0%| F|  |TAMS 0x0000000089100000, 0x0000000089100000| Untracked 
| 146|0x0000000089200000, 0x0000000089200000, 0x0000000089300000|  0%| F|  |TAMS 0x0000000089200000, 0x0000000089200000| Untracked 
| 147|0x0000000089300000, 0x0000000089300000, 0x0000000089400000|  0%| F|  |TAMS 0x0000000089300000, 0x0000000089300000| Untracked 
| 148|0x0000000089400000, 0x0000000089400000, 0x0000000089500000|  0%| F|  |TAMS 0x0000000089400000, 0x0000000089400000| Untracked 
| 149|0x0000000089500000, 0x0000000089500000, 0x0000000089600000|  0%| F|  |TAMS 0x0000000089500000, 0x0000000089500000| Untracked 
| 150|0x0000000089600000, 0x0000000089600000, 0x0000000089700000|  0%| F|  |TAMS 0x0000000089600000, 0x0000000089600000| Untracked 
| 151|0x0000000089700000, 0x0000000089700000, 0x0000000089800000|  0%| F|  |TAMS 0x0000000089700000, 0x0000000089700000| Untracked 
| 152|0x0000000089800000, 0x0000000089800000, 0x0000000089900000|  0%| F|  |TAMS 0x0000000089800000, 0x0000000089800000| Untracked 
| 153|0x0000000089900000, 0x0000000089900000, 0x0000000089a00000|  0%| F|  |TAMS 0x0000000089900000, 0x0000000089900000| Untracked 
| 154|0x0000000089a00000, 0x0000000089a00000, 0x0000000089b00000|  0%| F|  |TAMS 0x0000000089a00000, 0x0000000089a00000| Untracked 
| 155|0x0000000089b00000, 0x0000000089b00000, 0x0000000089c00000|  0%| F|  |TAMS 0x0000000089b00000, 0x0000000089b00000| Untracked 
| 156|0x0000000089c00000, 0x0000000089c00000, 0x0000000089d00000|  0%| F|  |TAMS 0x0000000089c00000, 0x0000000089c00000| Untracked 
| 157|0x0000000089d00000, 0x0000000089d00000, 0x0000000089e00000|  0%| F|  |TAMS 0x0000000089d00000, 0x0000000089d00000| Untracked 
| 158|0x0000000089e00000, 0x0000000089e00000, 0x0000000089f00000|  0%| F|  |TAMS 0x0000000089e00000, 0x0000000089e00000| Untracked 
| 159|0x0000000089f00000, 0x0000000089f00000, 0x000000008a000000|  0%| F|  |TAMS 0x0000000089f00000, 0x0000000089f00000| Untracked 
| 160|0x000000008a000000, 0x000000008a000000, 0x000000008a100000|  0%| F|  |TAMS 0x000000008a000000, 0x000000008a000000| Untracked 
| 161|0x000000008a100000, 0x000000008a100000, 0x000000008a200000|  0%| F|  |TAMS 0x000000008a100000, 0x000000008a100000| Untracked 
| 162|0x000000008a200000, 0x000000008a200000, 0x000000008a300000|  0%| F|  |TAMS 0x000000008a200000, 0x000000008a200000| Untracked 
| 163|0x000000008a300000, 0x000000008a300000, 0x000000008a400000|  0%| F|  |TAMS 0x000000008a300000, 0x000000008a300000| Untracked 
| 164|0x000000008a400000, 0x000000008a400000, 0x000000008a500000|  0%| F|  |TAMS 0x000000008a400000, 0x000000008a400000| Untracked 
| 165|0x000000008a500000, 0x000000008a500000, 0x000000008a600000|  0%| F|  |TAMS 0x000000008a500000, 0x000000008a500000| Untracked 
| 166|0x000000008a600000, 0x000000008a600000, 0x000000008a700000|  0%| F|  |TAMS 0x000000008a600000, 0x000000008a600000| Untracked 
| 167|0x000000008a700000, 0x000000008a700000, 0x000000008a800000|  0%| F|  |TAMS 0x000000008a700000, 0x000000008a700000| Untracked 
| 168|0x000000008a800000, 0x000000008a800000, 0x000000008a900000|  0%| F|  |TAMS 0x000000008a800000, 0x000000008a800000| Untracked 
| 169|0x000000008a900000, 0x000000008a900000, 0x000000008aa00000|  0%| F|  |TAMS 0x000000008a900000, 0x000000008a900000| Untracked 
| 170|0x000000008aa00000, 0x000000008aa00000, 0x000000008ab00000|  0%| F|  |TAMS 0x000000008aa00000, 0x000000008aa00000| Untracked 
| 171|0x000000008ab00000, 0x000000008abf03e0, 0x000000008ac00000| 93%| S|CS|TAMS 0x000000008ab00000, 0x000000008ab00000| Complete 
| 172|0x000000008ac00000, 0x000000008ac00000, 0x000000008ad00000|  0%| F|  |TAMS 0x000000008ac00000, 0x000000008ac00000| Untracked 
| 173|0x000000008ad00000, 0x000000008ad00000, 0x000000008ae00000|  0%| F|  |TAMS 0x000000008ad00000, 0x000000008ad00000| Untracked 
| 174|0x000000008ae00000, 0x000000008ae00000, 0x000000008af00000|  0%| F|  |TAMS 0x000000008ae00000, 0x000000008ae00000| Untracked 
| 175|0x000000008af00000, 0x000000008af00000, 0x000000008b000000|  0%| F|  |TAMS 0x000000008af00000, 0x000000008af00000| Untracked 
| 176|0x000000008b000000, 0x000000008b000000, 0x000000008b100000|  0%| F|  |TAMS 0x000000008b000000, 0x000000008b000000| Untracked 
| 177|0x000000008b100000, 0x000000008b100000, 0x000000008b200000|  0%| F|  |TAMS 0x000000008b100000, 0x000000008b100000| Untracked 
| 178|0x000000008b200000, 0x000000008b200000, 0x000000008b300000|  0%| F|  |TAMS 0x000000008b200000, 0x000000008b200000| Untracked 
| 179|0x000000008b300000, 0x000000008b300000, 0x000000008b400000|  0%| F|  |TAMS 0x000000008b300000, 0x000000008b300000| Untracked 
| 180|0x000000008b400000, 0x000000008b400000, 0x000000008b500000|  0%| F|  |TAMS 0x000000008b400000, 0x000000008b400000| Untracked 
| 181|0x000000008b500000, 0x000000008b500000, 0x000000008b600000|  0%| F|  |TAMS 0x000000008b500000, 0x000000008b500000| Untracked 
| 182|0x000000008b600000, 0x000000008b600000, 0x000000008b700000|  0%| F|  |TAMS 0x000000008b600000, 0x000000008b600000| Untracked 

Card table byte_map: [0x00000239c0360000,0x00000239c0760000] _byte_map_base: 0x00000239bff60000

Marking Bits (Prev, Next): (CMBitMap*) 0x00000239ad177ed8, (CMBitMap*) 0x00000239ad177f10
 Prev Bits: [0x00000239c0b60000, 0x00000239c2b60000)
 Next Bits: [0x00000239c2b60000, 0x00000239c4b60000)

Polling page: 0x00000239ab0b0000

Metaspace:

Usage:
  Non-class:     78.31 MB capacity,    76.55 MB ( 98%) used,     1.49 MB (  2%) free+waste,   269.44 KB ( <1%) overhead. 
      Class:     12.26 MB capacity,    11.32 MB ( 92%) used,   835.98 KB (  7%) free+waste,   121.50 KB ( <1%) overhead. 
       Both:     90.57 MB capacity,    87.88 MB ( 97%) used,     2.31 MB (  3%) free+waste,   390.94 KB ( <1%) overhead. 

Virtual space:
  Non-class space:       80.00 MB reserved,      78.68 MB ( 98%) committed 
      Class space:        1.00 GB reserved,      12.45 MB (  1%) committed 
             Both:        1.08 GB reserved,      91.13 MB (  8%) committed 

Chunk freelists:
   Non-Class:  182.00 KB
       Class:  86.00 KB
        Both:  268.00 KB

MaxMetaspaceSize: 17179869184.00 GB
CompressedClassSpaceSize: 1.00 GB

CodeHeap 'non-profiled nmethods': size=120000Kb used=7547Kb max_used=7547Kb free=112452Kb
 bounds [0x00000239b86f0000, 0x00000239b8e50000, 0x00000239bfc20000]
CodeHeap 'profiled nmethods': size=120000Kb used=26770Kb max_used=26770Kb free=93229Kb
 bounds [0x00000239b11c0000, 0x00000239b2bf0000, 0x00000239b86f0000]
CodeHeap 'non-nmethods': size=5760Kb used=2304Kb max_used=2348Kb free=3455Kb
 bounds [0x00000239b0c20000, 0x00000239b0e90000, 0x00000239b11c0000]
 total_blobs=12957 nmethods=12048 adapters=818
 compilation: enabled
              stopped_count=0, restarted_count=0
 full_count=0

Compilation events (20 events):
Event: 16.260 Thread 0x00000239c98e8800 12124       4       java.util.zip.ZipFile$Source::getEntryPos (206 bytes)
Event: 16.265 Thread 0x00000239c7f30000 12126       3       javax.management.ObjectName::addProperty (80 bytes)
Event: 16.266 Thread 0x00000239c7f30000 nmethod 12126 0x00000239b2be1690 code [0x00000239b2be18c0, 0x00000239b2be2088]
Event: 16.266 Thread 0x00000239c7f30000 12127       3       java.util.Spliterators$EmptySpliterator::forEachRemaining (6 bytes)
Event: 16.267 Thread 0x00000239c7f30000 nmethod 12127 0x00000239b2be2310 code [0x00000239b2be24e0, 0x00000239b2be2728]
Event: 16.267 Thread 0x00000239c7f30000 12128       3       java.util.Spliterators$EmptySpliterator$OfRef::forEachRemaining (6 bytes)
Event: 16.267 Thread 0x00000239c7f30000 nmethod 12128 0x00000239b2be2810 code [0x00000239b2be29e0, 0x00000239b2be2c88]
Event: 16.271 Thread 0x00000239c7f30000 12130       3       com.android.tools.r8.graph.c0::g (45 bytes)
Event: 16.271 Thread 0x00000239c7f30000 nmethod 12130 0x00000239b2be2d90 code [0x00000239b2be2f60, 0x00000239b2be3348]
Event: 16.271 Thread 0x00000239c7f30000 12131       3       com.android.tools.r8.graph.d0::g (24 bytes)
Event: 16.272 Thread 0x00000239c7f30000 nmethod 12131 0x00000239b2be3410 code [0x00000239b2be3600, 0x00000239b2be3a68]
Event: 16.287 Thread 0x00000239c98e8800 nmethod 12124 0x00000239b8e4a590 code [0x00000239b8e4a760, 0x00000239b8e4b2f8]
Event: 16.287 Thread 0x00000239c98e8800 12125       4       com.android.tools.r8.graph.c0::a (129 bytes)
Event: 16.288 Thread 0x00000239cb5a2800 nmethod 12116 0x00000239b8e4b990 code [0x00000239b8e4bbc0, 0x00000239b8e4d480]
Event: 16.288 Thread 0x00000239cb5a2800 12129       4       java.util.stream.Collectors$CollectorImpl::<init> (13 bytes)
Event: 16.288 Thread 0x00000239c98e8800 nmethod 12125 0x00000239b8e4e090 code [0x00000239b8e4e220, 0x00000239b8e4e2d8]
Event: 16.291 Thread 0x00000239cb5a2800 nmethod 12129 0x00000239b8e4e410 code [0x00000239b8e4e5a0, 0x00000239b8e4e9f8]
Event: 16.297 Thread 0x00000239c7f30000 12132       3       com.android.tools.r8.internal.xu::a (33 bytes)
Event: 16.297 Thread 0x00000239c7f30000 nmethod 12132 0x00000239b2be3b90 code [0x00000239b2be3e00, 0x00000239b2be4658]
Event: 16.338 Thread 0x00000239c7f30000 12135       3       com.android.tools.r8.dex.c::d (31 bytes)

GC Heap History (20 events):
Event: 9.800 GC heap after
{Heap after GC invocations=18 (full 0):
 garbage-first heap   total 187392K, used 60594K [0x0000000080000000, 0x0000000100000000)
  region size 1024K, 5 young (5120K), 5 survivors (5120K)
 Metaspace       used 69300K, capacity 71245K, committed 71424K, reserved 1112064K
  class space    used 8985K, capacity 9727K, committed 9804K, reserved 1048576K
}
Event: 10.999 GC heap before
{Heap before GC invocations=18 (full 0):
 garbage-first heap   total 187392K, used 128178K [0x0000000080000000, 0x0000000100000000)
  region size 1024K, 71 young (72704K), 5 survivors (5120K)
 Metaspace       used 71197K, capacity 73382K, committed 73600K, reserved 1114112K
  class space    used 9140K, capacity 9923K, committed 9932K, reserved 1048576K
}
Event: 11.009 GC heap after
{Heap after GC invocations=19 (full 0):
 garbage-first heap   total 187392K, used 66040K [0x0000000080000000, 0x0000000100000000)
  region size 1024K, 9 young (9216K), 9 survivors (9216K)
 Metaspace       used 71197K, capacity 73382K, committed 73600K, reserved 1114112K
  class space    used 9140K, capacity 9923K, committed 9932K, reserved 1048576K
}
Event: 12.132 GC heap before
{Heap before GC invocations=19 (full 0):
 garbage-first heap   total 187392K, used 133624K [0x0000000080000000, 0x0000000100000000)
  region size 1024K, 75 young (76800K), 9 survivors (9216K)
 Metaspace       used 76984K, capacity 79286K, committed 79360K, reserved 1118208K
  class space    used 9958K, capacity 10759K, committed 10828K, reserved 1048576K
}
Event: 12.143 GC heap after
{Heap after GC invocations=20 (full 0):
 garbage-first heap   total 187392K, used 70081K [0x0000000080000000, 0x0000000100000000)
  region size 1024K, 9 young (9216K), 9 survivors (9216K)
 Metaspace       used 76984K, capacity 79286K, committed 79360K, reserved 1118208K
  class space    used 9958K, capacity 10759K, committed 10828K, reserved 1048576K
}
Event: 13.138 GC heap before
{Heap before GC invocations=20 (full 0):
 garbage-first heap   total 187392K, used 136641K [0x0000000080000000, 0x0000000100000000)
  region size 1024K, 75 young (76800K), 9 survivors (9216K)
 Metaspace       used 81379K, capacity 84108K, committed 84352K, reserved 1122304K
  class space    used 10619K, capacity 11618K, committed 11724K, reserved 1048576K
}
Event: 13.150 GC heap after
{Heap after GC invocations=21 (full 0):
 garbage-first heap   total 187392K, used 75366K [0x0000000080000000, 0x0000000100000000)
  region size 1024K, 10 young (10240K), 10 survivors (10240K)
 Metaspace       used 81379K, capacity 84108K, committed 84352K, reserved 1122304K
  class space    used 10619K, capacity 11618K, committed 11724K, reserved 1048576K
}
Event: 13.905 GC heap before
{Heap before GC invocations=21 (full 0):
 garbage-first heap   total 187392K, used 141926K [0x0000000080000000, 0x0000000100000000)
  region size 1024K, 75 young (76800K), 10 survivors (10240K)
 Metaspace       used 81943K, capacity 84689K, committed 84864K, reserved 1122304K
  class space    used 10635K, capacity 11638K, committed 11724K, reserved 1048576K
}
Event: 13.916 GC heap after
{Heap after GC invocations=22 (full 0):
 garbage-first heap   total 187392K, used 80403K [0x0000000080000000, 0x0000000100000000)
  region size 1024K, 6 young (6144K), 6 survivors (6144K)
 Metaspace       used 81943K, capacity 84689K, committed 84864K, reserved 1122304K
  class space    used 10635K, capacity 11638K, committed 11724K, reserved 1048576K
}
Event: 14.407 GC heap before
{Heap before GC invocations=22 (full 0):
 garbage-first heap   total 187392K, used 143891K [0x0000000080000000, 0x0000000100000000)
  region size 1024K, 69 young (70656K), 6 survivors (6144K)
 Metaspace       used 82295K, capacity 84981K, committed 85120K, reserved 1122304K
  class space    used 10666K, capacity 11682K, committed 11724K, reserved 1048576K
}
Event: 14.416 GC heap after
{Heap after GC invocations=23 (full 0):
 garbage-first heap   total 187392K, used 83463K [0x0000000080000000, 0x0000000100000000)
  region size 1024K, 9 young (9216K), 9 survivors (9216K)
 Metaspace       used 82295K, capacity 84981K, committed 85120K, reserved 1122304K
  class space    used 10666K, capacity 11682K, committed 11724K, reserved 1048576K
}
Event: 15.030 GC heap before
{Heap before GC invocations=23 (full 0):
 garbage-first heap   total 187392K, used 146951K [0x0000000080000000, 0x0000000100000000)
  region size 1024K, 72 young (73728K), 9 survivors (9216K)
 Metaspace       used 84369K, capacity 87103K, committed 87424K, reserved 1124352K
  class space    used 10882K, capacity 11879K, committed 11980K, reserved 1048576K
}
Event: 15.040 GC heap after
{Heap after GC invocations=24 (full 0):
 garbage-first heap   total 187392K, used 86542K [0x0000000080000000, 0x0000000100000000)
  region size 1024K, 7 young (7168K), 7 survivors (7168K)
 Metaspace       used 84369K, capacity 87103K, committed 87424K, reserved 1124352K
  class space    used 10882K, capacity 11879K, committed 11980K, reserved 1048576K
}
Event: 15.478 GC heap before
{Heap before GC invocations=24 (full 0):
 garbage-first heap   total 187392K, used 150030K [0x0000000080000000, 0x0000000100000000)
  region size 1024K, 70 young (71680K), 7 survivors (7168K)
 Metaspace       used 85948K, capacity 88673K, committed 88960K, reserved 1126400K
  class space    used 11091K, capacity 12103K, committed 12236K, reserved 1048576K
}
Event: 15.486 GC heap after
{Heap after GC invocations=25 (full 0):
 garbage-first heap   total 187392K, used 89406K [0x0000000080000000, 0x0000000100000000)
  region size 1024K, 6 young (6144K), 6 survivors (6144K)
 Metaspace       used 85948K, capacity 88673K, committed 88960K, reserved 1126400K
  class space    used 11091K, capacity 12103K, committed 12236K, reserved 1048576K
}
Event: 15.851 GC heap before
{Heap before GC invocations=25 (full 0):
 garbage-first heap   total 187392K, used 131390K [0x0000000080000000, 0x0000000100000000)
  region size 1024K, 49 young (50176K), 6 survivors (6144K)
 Metaspace       used 87162K, capacity 89947K, committed 90112K, reserved 1126400K
  class space    used 11216K, capacity 12243K, committed 12364K, reserved 1048576K
}
Event: 15.866 GC heap after
{Heap after GC invocations=26 (full 0):
 garbage-first heap   total 187392K, used 92190K [0x0000000080000000, 0x0000000100000000)
  region size 1024K, 6 young (6144K), 6 survivors (6144K)
 Metaspace       used 87162K, capacity 89947K, committed 90112K, reserved 1126400K
  class space    used 11216K, capacity 12243K, committed 12364K, reserved 1048576K
}
Event: 16.118 GC heap before
{Heap before GC invocations=27 (full 0):
 garbage-first heap   total 187392K, used 114718K [0x0000000080000000, 0x0000000100000000)
  region size 1024K, 18 young (18432K), 6 survivors (6144K)
 Metaspace       used 87830K, capacity 90510K, committed 90880K, reserved 1128448K
  class space    used 11279K, capacity 12236K, committed 12364K, reserved 1048576K
}
Event: 16.125 GC heap after
{Heap after GC invocations=28 (full 0):
 garbage-first heap   total 187392K, used 111984K [0x0000000080000000, 0x0000000100000000)
  region size 1024K, 9 young (9216K), 9 survivors (9216K)
 Metaspace       used 87830K, capacity 90510K, committed 90880K, reserved 1128448K
  class space    used 11279K, capacity 12236K, committed 12364K, reserved 1048576K
}
Event: 16.338 GC heap before
{Heap before GC invocations=29 (full 0):
 garbage-first heap   total 187392K, used 122224K [0x0000000080000000, 0x0000000100000000)
  region size 1024K, 20 young (20480K), 9 survivors (9216K)
 Metaspace       used 89987K, capacity 92744K, committed 93312K, reserved 1130496K
  class space    used 11596K, capacity 12554K, committed 12748K, reserved 1048576K
}

Deoptimization events (20 events):
Event: 16.170 Thread 0x00000239cf54c000 Uncommon trap: trap_request=0xffffff4d fr.pc=0x00000239b8e30034 relative=0x0000000000002694
Event: 16.170 Thread 0x00000239cf54c000 Uncommon trap: reason=unstable_if action=reinterpret pc=0x00000239b8e30034 method=com.google.common.collect.MapMakerInternalMap$Segment.put(Ljava/lang/Object;ILjava/lang/Object;Z)Ljava/lang/Object; @ 92 c2
Event: 16.170 Thread 0x00000239cf54c000 DEOPT PACKING pc=0x00000239b8e30034 sp=0x000000a791ff5200
Event: 16.171 Thread 0x00000239cf54c000 DEOPT UNPACKING pc=0x00000239b0c478af sp=0x000000a791ff5140 mode 2
Event: 16.188 Thread 0x00000239cf54c000 Uncommon trap: trap_request=0xffffff4d fr.pc=0x00000239b8e36344 relative=0x00000000000028c4
Event: 16.188 Thread 0x00000239cf54c000 Uncommon trap: reason=unstable_if action=reinterpret pc=0x00000239b8e36344 method=com.google.common.collect.MapMakerInternalMap$Segment.put(Ljava/lang/Object;ILjava/lang/Object;Z)Ljava/lang/Object; @ 92 c2
Event: 16.188 Thread 0x00000239cf54c000 DEOPT PACKING pc=0x00000239b8e36344 sp=0x000000a791ff7880
Event: 16.188 Thread 0x00000239cf54c000 DEOPT UNPACKING pc=0x00000239b0c478af sp=0x000000a791ff7870 mode 2
Event: 16.234 Thread 0x00000239cf54c000 Uncommon trap: trap_request=0xffffffc6 fr.pc=0x00000239b8e4709c relative=0x0000000000001a3c
Event: 16.234 Thread 0x00000239cf54c000 Uncommon trap: reason=bimorphic_or_optimized_type_check action=maybe_recompile pc=0x00000239b8e4709c method=java.util.concurrent.ConcurrentHashMap.putVal(Ljava/lang/Object;Ljava/lang/Object;Z)Ljava/lang/Object; @ 159 c2
Event: 16.234 Thread 0x00000239cf54c000 DEOPT PACKING pc=0x00000239b8e4709c sp=0x000000a791ffcd40
Event: 16.234 Thread 0x00000239cf54c000 DEOPT UNPACKING pc=0x00000239b0c478af sp=0x000000a791ffcce0 mode 2
Event: 16.234 Thread 0x00000239cf54c000 Uncommon trap: trap_request=0xffffffc6 fr.pc=0x00000239b8e4709c relative=0x0000000000001a3c
Event: 16.234 Thread 0x00000239cf54c000 Uncommon trap: reason=bimorphic_or_optimized_type_check action=maybe_recompile pc=0x00000239b8e4709c method=java.util.concurrent.ConcurrentHashMap.putVal(Ljava/lang/Object;Ljava/lang/Object;Z)Ljava/lang/Object; @ 159 c2
Event: 16.234 Thread 0x00000239cf54c000 DEOPT PACKING pc=0x00000239b8e4709c sp=0x000000a791ffcd70
Event: 16.234 Thread 0x00000239cf54c000 DEOPT UNPACKING pc=0x00000239b0c478af sp=0x000000a791ffcd10 mode 2
Event: 16.338 Thread 0x00000239cf54c000 Uncommon trap: trap_request=0xffffff4d fr.pc=0x00000239b8a6dfdc relative=0x00000000000000bc
Event: 16.338 Thread 0x00000239cf54c000 Uncommon trap: reason=unstable_if action=reinterpret pc=0x00000239b8a6dfdc method=jdk.internal.misc.Unsafe.convEndian(ZS)S @ 4 c2
Event: 16.338 Thread 0x00000239cf54c000 DEOPT PACKING pc=0x00000239b8a6dfdc sp=0x000000a791ffd310
Event: 16.338 Thread 0x00000239cf54c000 DEOPT UNPACKING pc=0x00000239b0c478af sp=0x000000a791ffd1d0 mode 2

Classes redefined (0 events):
No events

Internal exceptions (20 events):
Event: 14.709 Thread 0x00000239cf545800 Exception <a 'sun/nio/fs/WindowsException'{0x0000000089fc4aa0}> (0x0000000089fc4aa0) thrown at [./src/hotspot/share/prims/jni.cpp, line 615]
Event: 14.727 Thread 0x00000239cf545800 Exception <a 'java/lang/NoSuchMethodError'{0x0000000089d49f28}: <clinit>> (0x0000000089d49f28) thrown at [./src/hotspot/share/prims/jni.cpp, line 1362]
Event: 14.732 Thread 0x00000239cf545800 Exception <a 'java/lang/NoSuchMethodError'{0x0000000089d80498}: <clinit>> (0x0000000089d80498) thrown at [./src/hotspot/share/prims/jni.cpp, line 1362]
Event: 14.736 Thread 0x00000239cf545800 Exception <a 'java/lang/NoSuchMethodError'{0x0000000089dbb670}: <clinit>> (0x0000000089dbb670) thrown at [./src/hotspot/share/prims/jni.cpp, line 1362]
Event: 14.738 Thread 0x00000239cf545800 Exception <a 'java/lang/NoSuchMethodError'{0x0000000089dce1c8}: <clinit>> (0x0000000089dce1c8) thrown at [./src/hotspot/share/prims/jni.cpp, line 1362]
Event: 14.919 Thread 0x00000239c83e4800 Implicit null exception at 0x00000239b8d9f655 to 0x00000239b8d9fee0
Event: 14.919 Thread 0x00000239c83df800 Implicit null exception at 0x00000239b8d9f655 to 0x00000239b8d9fee0
Event: 14.979 Thread 0x00000239c83e4800 Implicit null exception at 0x00000239b8da9cd2 to 0x00000239b8daa0d8
Event: 16.034 Thread 0x00000239cf543000 Exception <a 'java/lang/NoSuchMethodError'{0x000000008af35408}: 'void java.lang.invoke.DirectMethodHandle$Holder.invokeStatic(java.lang.Object, long)'> (0x000000008af35408) thrown at [./src/hotspot/share/interpreter/linkResolver.cpp, line 773]
Event: 16.035 Thread 0x00000239cf543000 Exception <a 'java/lang/NoSuchMethodError'{0x000000008af3a620}: 'java.lang.Object java.lang.invoke.DirectMethodHandle$Holder.invokeStatic(java.lang.Object, long)'> (0x000000008af3a620) thrown at [./src/hotspot/share/interpreter/linkResolver.cpp, line 773]
Event: 16.039 Thread 0x00000239cf543000 Exception <a 'java/lang/NoSuchMethodError'{0x000000008aeb6020}: 'java.lang.Object java.lang.invoke.DirectMethodHandle$Holder.invokeStaticInit(java.lang.Object, java.lang.Object, long, java.lang.Object)'> (0x000000008aeb6020) thrown at [./src/hotspot/share/interpreter/linkResolver.cpp, line 773]
Event: 16.040 Thread 0x00000239cf543000 Exception <a 'java/lang/NoSuchMethodError'{0x000000008aebc1b8}: 'java.lang.Object java.lang.invoke.DirectMethodHandle$Holder.invokeStatic(java.lang.Object, java.lang.Object, long)'> (0x000000008aebc1b8) thrown at [./src/hotspot/share/interpreter/linkResolver.cpp, line 773]
Event: 16.041 Thread 0x00000239cf543000 Exception <a 'java/lang/NoSuchMethodError'{0x000000008aec2730}: 'java.lang.Object java.lang.invoke.Invokers$Holder.linkToTargetMethod(java.lang.Object, long, java.lang.Object)'> (0x000000008aec2730) thrown at [./src/hotspot/share/interpreter/linkResolver.cpp, line 773]
Event: 16.097 Thread 0x00000239cf543000 Exception <a 'java/io/IOException'{0x000000008aeeae58}> (0x000000008aeeae58) thrown at [./src/hotspot/share/prims/jni.cpp, line 615]
Event: 16.109 Thread 0x00000239cf545800 Exception <a 'java/lang/NoSuchMethodError'{0x000000008acd47d8}: 'void java.lang.invoke.DirectMethodHandle$Holder.invokeStatic(java.lang.Object, java.lang.Object, java.lang.Object, java.lang.Object, java.lang.Object, java.lang.Object, java.lang.Object)'> (0x000000008acd47d8) thrown at [./src/hotspot/share/interpreter/linkResolver.cpp, line 773]
Event: 16.161 Thread 0x00000239cf54c000 Exception <a 'sun/nio/fs/WindowsException'{0x000000008b4874c0}> (0x000000008b4874c0) thrown at [./src/hotspot/share/prims/jni.cpp, line 615]
Event: 16.165 Thread 0x00000239ca240000 Exception <a 'java/lang/NoSuchMethodError'{0x000000008b4ed9d8}: <clinit>> (0x000000008b4ed9d8) thrown at [./src/hotspot/share/prims/jni.cpp, line 1362]
Event: 16.167 Thread 0x00000239ca240000 Exception <a 'java/lang/NoSuchMethodError'{0x000000008b4ff738}: <clinit>> (0x000000008b4ff738) thrown at [./src/hotspot/share/prims/jni.cpp, line 1362]
Event: 16.335 Thread 0x00000239cf54c000 Exception <a 'java/lang/NoSuchMethodError'{0x000000008adc6ad0}: 'java.lang.Object java.lang.invoke.DirectMethodHandle$Holder.invokeStatic(java.lang.Object, java.lang.Object, java.lang.Object, java.lang.Object, java.lang.Object, java.lang.Object, java.lang.Object, java.lang.Object, java.lang.Object, java.lang.Object, java.lang.Object, java.lang.Object, java.lang.Object, java.lang.Object, java.lang.Object, java.lang.Object, java.lang.Object, java.lang.Object, int, java.lang.Object)'> (0x000000008adc6ad0) thr
Event: 16.335 Thread 0x00000239cf54c000 Exception <a 'java/lang/NoSuchMethodError'{0x000000008adcc5b8}: 'java.lang.Object java.lang.invoke.DirectMethodHandle$Holder.invokeStaticInit(java.lang.Object, java.lang.Object, java.lang.Object, java.lang.Object, java.lang.Object, java.lang.Object, java.lang.Object, java.lang.Object, java.lang.Object, java.lang.Object, java.lang.Object, java.lang.Object, java.lang.Object, java.lang.Object, java.lang.Object, java.lang.Object, java.lang.Object, java.lang.Object, int, java.lang.Object)'> (0x000000008adcc5b8)

Events (20 events):
Event: 16.335 loading class com/android/tools/r8/graph/d0 done
Event: 16.335 loading class com/android/tools/r8/graph/n$a
Event: 16.335 loading class com/android/tools/r8/graph/n$a done
Event: 16.336 loading class com/android/tools/r8/graph/d0
Event: 16.336 loading class com/android/tools/r8/graph/d0 done
Event: 16.336 loading class com/android/tools/r8/graph/U
Event: 16.336 loading class com/android/tools/r8/graph/U done
Event: 16.336 loading class com/android/tools/r8/internal/To
Event: 16.336 loading class com/android/tools/r8/internal/To done
Event: 16.337 loading class com/android/tools/r8/graph/d0
Event: 16.337 loading class com/android/tools/r8/graph/d0 done
Event: 16.337 loading class com/android/tools/r8/graph/n$a
Event: 16.337 loading class com/android/tools/r8/graph/n$a done
Event: 16.337 loading class com/android/tools/r8/internal/Yu
Event: 16.337 loading class com/android/tools/r8/internal/Yu done
Event: 16.337 loading class com/android/tools/r8/internal/ua
Event: 16.337 loading class com/android/tools/r8/internal/ua done
Event: 16.338 loading class com/android/tools/r8/internal/Ip
Event: 16.338 loading class com/android/tools/r8/internal/Ip done
Event: 16.338 Executing VM operation: G1CollectForAllocation


Dynamic libraries:
0x00007ff7bc6e0000 - 0x00007ff7bc6ea000 	C:\Program Files\Android\Android Studio3\jre\bin\java.exe
0x00007ffd703a0000 - 0x00007ffd705af000 	C:\WINDOWS\SYSTEM32\ntdll.dll
0x00007ffd6ed30000 - 0x00007ffd6eded000 	C:\WINDOWS\System32\KERNEL32.DLL
0x00007ffd6d860000 - 0x00007ffd6dbe6000 	C:\WINDOWS\System32\KERNELBASE.dll
0x00007ffd6e0d0000 - 0x00007ffd6e1e1000 	C:\WINDOWS\System32\ucrtbase.dll
0x00007ffd60510000 - 0x00007ffd60529000 	C:\Program Files\Android\Android Studio3\jre\bin\jli.dll
0x00007ffd5fb40000 - 0x00007ffd5fb57000 	C:\Program Files\Android\Android Studio3\jre\bin\VCRUNTIME140.dll
0x00007ffd6f140000 - 0x00007ffd6f2ea000 	C:\WINDOWS\System32\USER32.dll
0x00007ffd6e1f0000 - 0x00007ffd6e216000 	C:\WINDOWS\System32\win32u.dll
0x00007ffd56840000 - 0x00007ffd56ae1000 	C:\WINDOWS\WinSxS\amd64_microsoft.windows.common-controls_6595b64144ccf1df_6.0.22471.1000_none_228bc6e77ad112f7\COMCTL32.dll
0x00007ffd6e580000 - 0x00007ffd6e5a9000 	C:\WINDOWS\System32\GDI32.dll
0x00007ffd6e290000 - 0x00007ffd6e334000 	C:\WINDOWS\System32\msvcrt.dll
0x00007ffd6dfb0000 - 0x00007ffd6e0c7000 	C:\WINDOWS\System32\gdi32full.dll
0x00007ffd6de80000 - 0x00007ffd6df1b000 	C:\WINDOWS\System32\msvcp_win.dll
0x00007ffd6e540000 - 0x00007ffd6e571000 	C:\WINDOWS\System32\IMM32.DLL
0x00007ffd52010000 - 0x00007ffd520ad000 	C:\Program Files\Android\Android Studio3\jre\bin\msvcp140.dll
0x00007ffd431e0000 - 0x00007ffd43caf000 	C:\Program Files\Android\Android Studio3\jre\bin\server\jvm.dll
0x00007ffd6e5b0000 - 0x00007ffd6e65e000 	C:\WINDOWS\System32\ADVAPI32.dll
0x00007ffd6ec80000 - 0x00007ffd6ed21000 	C:\WINDOWS\System32\sechost.dll
0x00007ffd6e420000 - 0x00007ffd6e540000 	C:\WINDOWS\System32\RPCRT4.dll
0x00007ffd6e220000 - 0x00007ffd6e228000 	C:\WINDOWS\System32\PSAPI.DLL
0x00007ffd4a4b0000 - 0x00007ffd4a4b9000 	C:\WINDOWS\SYSTEM32\WSOCK32.dll
0x00007ffd678d0000 - 0x00007ffd67903000 	C:\WINDOWS\SYSTEM32\WINMM.dll
0x00007ffd6b550000 - 0x00007ffd6b55a000 	C:\WINDOWS\SYSTEM32\VERSION.dll
0x00007ffd6f2f0000 - 0x00007ffd6f361000 	C:\WINDOWS\System32\WS2_32.dll
0x00007ffd6c930000 - 0x00007ffd6c948000 	C:\WINDOWS\SYSTEM32\kernel.appcore.dll
0x00007ffd69cf0000 - 0x00007ffd69d01000 	C:\Program Files\Android\Android Studio3\jre\bin\verify.dll
0x00007ffd65500000 - 0x00007ffd65727000 	C:\WINDOWS\SYSTEM32\DBGHELP.DLL
0x00007ffd6e900000 - 0x00007ffd6ec7e000 	C:\WINDOWS\System32\combase.dll
0x00007ffd5d9f0000 - 0x00007ffd5da21000 	C:\WINDOWS\SYSTEM32\dbgcore.DLL
0x00007ffd6df20000 - 0x00007ffd6dfa1000 	C:\WINDOWS\System32\bcryptPrimitives.dll
0x00007ffd69b50000 - 0x00007ffd69b79000 	C:\Program Files\Android\Android Studio3\jre\bin\java.dll
0x00007ffd69310000 - 0x00007ffd6931b000 	C:\Program Files\Android\Android Studio3\jre\bin\jimage.dll
0x00007ffd60970000 - 0x00007ffd60988000 	C:\Program Files\Android\Android Studio3\jre\bin\zip.dll
0x00007ffd6f980000 - 0x00007ffd7012b000 	C:\WINDOWS\System32\SHELL32.dll
0x00007ffd6b900000 - 0x00007ffd6c15c000 	C:\WINDOWS\SYSTEM32\windows.storage.dll
0x00007ffd6b7b0000 - 0x00007ffd6b8f9000 	C:\WINDOWS\SYSTEM32\wintypes.dll
0x00007ffd6e7a0000 - 0x00007ffd6e890000 	C:\WINDOWS\System32\SHCORE.dll
0x00007ffd6e890000 - 0x00007ffd6e8eb000 	C:\WINDOWS\System32\shlwapi.dll
0x00007ffd6d790000 - 0x00007ffd6d7b1000 	C:\WINDOWS\SYSTEM32\profapi.dll
0x00007ffd60950000 - 0x00007ffd6096a000 	C:\Program Files\Android\Android Studio3\jre\bin\net.dll
0x00007ffd67910000 - 0x00007ffd67a20000 	C:\WINDOWS\SYSTEM32\WINHTTP.dll
0x00007ffd6cd80000 - 0x00007ffd6cde9000 	C:\WINDOWS\system32\mswsock.dll
0x00007ffd60930000 - 0x00007ffd60944000 	C:\Program Files\Android\Android Studio3\jre\bin\nio.dll
0x00007ffd60530000 - 0x00007ffd60557000 	C:\Users\xpmkm\.gradle\native\8bec1ad78214c89d9ad589b4d07fe93259594b29d510b10fafb7a158f7737e5d\windows-amd64\native-platform.dll
0x00007ffd60180000 - 0x00007ffd602bd000 	C:\Users\xpmkm\.gradle\native\53dbd7edfb1c66fb8903c78663c9afc45aea4f116125fa6feffd364cf09443e8\windows-amd64\native-platform-file-events.dll
0x00007ffd69300000 - 0x00007ffd6930a000 	C:\Program Files\Android\Android Studio3\jre\bin\management.dll
0x00007ffd69040000 - 0x00007ffd6904c000 	C:\Program Files\Android\Android Studio3\jre\bin\management_ext.dll
0x00007ffd6cfd0000 - 0x00007ffd6cfe8000 	C:\WINDOWS\SYSTEM32\CRYPTSP.dll
0x00007ffd6c890000 - 0x00007ffd6c8c5000 	C:\WINDOWS\system32\rsaenh.dll
0x00007ffd6ce80000 - 0x00007ffd6cea9000 	C:\WINDOWS\SYSTEM32\USERENV.dll
0x00007ffd6d1c0000 - 0x00007ffd6d1e8000 	C:\WINDOWS\SYSTEM32\bcrypt.dll
0x00007ffd6cff0000 - 0x00007ffd6cffc000 	C:\WINDOWS\SYSTEM32\CRYPTBASE.dll
0x00007ffd6c380000 - 0x00007ffd6c3ad000 	C:\WINDOWS\SYSTEM32\IPHLPAPI.DLL
0x00007ffd6e8f0000 - 0x00007ffd6e8f9000 	C:\WINDOWS\System32\NSI.dll
0x00007ffd67320000 - 0x00007ffd67339000 	C:\WINDOWS\SYSTEM32\dhcpcsvc6.DLL
0x00007ffd672e0000 - 0x00007ffd672fe000 	C:\WINDOWS\SYSTEM32\dhcpcsvc.DLL
0x00007ffd6c3b0000 - 0x00007ffd6c4a1000 	C:\WINDOWS\SYSTEM32\DNSAPI.dll

dbghelp: loaded successfully - version: 4.0.5 - missing functions: none
symbol engine: initialized successfully - sym options: 0x614 - pdb path: .;C:\Program Files\Android\Android Studio3\jre\bin;C:\WINDOWS\SYSTEM32;C:\WINDOWS\WinSxS\amd64_microsoft.windows.common-controls_6595b64144ccf1df_6.0.22471.1000_none_228bc6e77ad112f7;C:\Program Files\Android\Android Studio3\jre\bin\server;C:\Users\xpmkm\.gradle\native\8bec1ad78214c89d9ad589b4d07fe93259594b29d510b10fafb7a158f7737e5d\windows-amd64;C:\Users\xpmkm\.gradle\native\53dbd7edfb1c66fb8903c78663c9afc45aea4f116125fa6feffd364cf09443e8\windows-amd64

VM Arguments:
jvm_args: --add-opens=java.base/java.util=ALL-UNNAMED --add-opens=java.base/java.lang=ALL-UNNAMED --add-opens=java.base/java.lang.invoke=ALL-UNNAMED --add-opens=java.base/java.util=ALL-UNNAMED --add-opens=java.prefs/java.util.prefs=ALL-UNNAMED --add-opens=java.prefs/java.util.prefs=ALL-UNNAMED --add-opens=java.base/java.nio.charset=ALL-UNNAMED --add-opens=java.base/java.net=ALL-UNNAMED --add-opens=java.base/java.util.concurrent.atomic=ALL-UNNAMED -Xmx2048m -Dfile.encoding=UTF-8 -Duser.country=IN -Duser.language=en -Duser.variant 
java_command: org.gradle.launcher.daemon.bootstrap.GradleDaemon 7.0.2
java_class_path (initial): C:\Users\xpmkm\.gradle\wrapper\dists\gradle-7.0.2-bin\857tjihv64xamwrf0h14cai3r\gradle-7.0.2\lib\gradle-launcher-7.0.2.jar
Launcher Type: SUN_STANDARD

[Global flags]
     intx CICompilerCount                          = 4                                         {product} {ergonomic}
     uint ConcGCThreads                            = 2                                         {product} {ergonomic}
     uint G1ConcRefinementThreads                  = 8                                         {product} {ergonomic}
   size_t G1HeapRegionSize                         = 1048576                                   {product} {ergonomic}
    uintx GCDrainStackTargetSize                   = 64                                        {product} {ergonomic}
   size_t InitialHeapSize                          = 132120576                                 {product} {ergonomic}
   size_t MarkStackSize                            = 4194304                                   {product} {ergonomic}
   size_t MaxHeapSize                              = 2147483648                                {product} {command line}
   size_t MaxNewSize                               = 1287651328                                {product} {ergonomic}
   size_t MinHeapDeltaBytes                        = 1048576                                   {product} {ergonomic}
    uintx NonNMethodCodeHeapSize                   = 5836300                                {pd product} {ergonomic}
    uintx NonProfiledCodeHeapSize                  = 122910970                              {pd product} {ergonomic}
    uintx ProfiledCodeHeapSize                     = 122910970                              {pd product} {ergonomic}
    uintx ReservedCodeCacheSize                    = 251658240                              {pd product} {ergonomic}
     bool SegmentedCodeCache                       = true                                      {product} {ergonomic}
     bool UseCompressedClassPointers               = true                                 {lp64_product} {ergonomic}
     bool UseCompressedOops                        = true                                 {lp64_product} {ergonomic}
     bool UseG1GC                                  = true                                      {product} {ergonomic}
     bool UseLargePagesIndividualAllocation        = false                                  {pd product} {ergonomic}

Logging:
Log output configuration:
 #0: stdout all=warning uptime,level,tags
 #1: stderr all=off uptime,level,tags

Environment Variables:
PATH=C:\Program Files (x86)\Common Files\Oracle\Java\javapath;C:\WINDOWS\system32;C:\WINDOWS;C:\WINDOWS\System32\Wbem;C:\WINDOWS\System32\WindowsPowerShell\v1.0\;C:\WINDOWS\System32\OpenSSH\;C:\Program Files\Git\cmd;C:\Program Files\nodejs\;C:\xampp\php;C:\ProgramData\ComposerSetup\bin;C:\Users\xpmkm\AppData\Local\Android\Sdk\platform-tools;C:\Program Files\Java\jdk1.8.0_231\bin;C:\Program Files\opnsl\bin;C:\Users\xpmkm\AppData\Roaming\npm;C:\Users\xpmkm\AppData\Local\Programs\Microsoft VS Code\bin;C:\Program Files\flutter\bin;C:\Users\xpmkm\AppData\Roaming\Composer\vendor\bin;C:\Users\xpmkm\AppData\Local\Microsoft\WindowsApps;
USERNAME=xpmkm
OS=Windows_NT
PROCESSOR_IDENTIFIER=AMD64 Family 23 Model 24 Stepping 1, AuthenticAMD



---------------  S Y S T E M  ---------------

OS: Windows 10 , 64 bit Build 22471 (10.0.22471.1000)
OS uptime: 0 days 0:44 hours

CPU:total 8 (initial active 8) (8 cores per cpu, 2 threads per core) family 23 model 24 stepping 1 microcode 0x0, cmov, cx8, fxsr, mmx, sse, sse2, sse3, ssse3, sse4.1, sse4.2, popcnt, avx, avx2, aes, clmul, mmxext, 3dnowpref, lzcnt, sse4a, ht, tsc, tscinvbit, tscinv, bmi1, bmi2, adx, s

Memory: 4k page, system-wide physical 8002M (1073M free)
TotalPageFile size 12098M (AvailPageFile size 18M)
current process WorkingSet (physical memory assigned to process): 446M, peak: 456M
current process commit charge ("private bytes"): 482M, peak: 519M

vm_info: OpenJDK 64-Bit Server VM (11.0.10+0-b96-7249189) for windows-amd64 JRE (11.0.10+0-b96-7249189), built on Mar 31 2021 21:44:00 by "builder" with MS VC++ 14.0 (VS2015)

END.
