#
# There is insufficient memory for the Java Runtime Environment to continue.
# Native memory allocation (malloc) failed to allocate 1211216 bytes for Chunk::new
# Possible reasons:
#   The system is out of physical RAM or swap space
#   The process is running with CompressedOops enabled, and the Java Heap may be blocking the growth of the native heap
# Possible solutions:
#   Reduce memory load on the system
#   Increase physical memory or swap space
#   Check if swap backing store is full
#   Decrease Java heap size (-Xmx/-Xms)
#   Decrease number of Java threads
#   Decrease Java thread stack sizes (-Xss)
#   Set larger code cache with -XX:ReservedCodeCacheSize=
#   JVM is running with Unscaled Compressed Oops mode in which the Java heap is
#     placed in the first 4GB address space. The Java Heap base address is the
#     maximum limit for the native heap growth. Please use -XX:HeapBaseMinAddress
#     to set the Java Heap base and to place the Java Heap above 4GB virtual address.
# This output file may be truncated or incomplete.
#
#  Out of Memory Error (./src/hotspot/share/memory/arena.cpp:197), pid=9012, tid=2932
#
# JRE version: OpenJDK Runtime Environment (11.0.10) (build 11.0.10+0-b96-7249189)
# Java VM: OpenJDK 64-Bit Server VM (11.0.10+0-b96-7249189, mixed mode, tiered, compressed oops, g1 gc, windows-amd64)
# No core dump will be written. Minidumps are not enabled by default on client versions of Windows
#

---------------  S U M M A R Y ------------

Command Line: --add-opens=java.base/java.util=ALL-UNNAMED --add-opens=java.base/java.lang=ALL-UNNAMED --add-opens=java.base/java.lang.invoke=ALL-UNNAMED --add-opens=java.base/java.util=ALL-UNNAMED --add-opens=java.prefs/java.util.prefs=ALL-UNNAMED --add-opens=java.prefs/java.util.prefs=ALL-UNNAMED --add-opens=java.base/java.nio.charset=ALL-UNNAMED --add-opens=java.base/java.net=ALL-UNNAMED --add-opens=java.base/java.util.concurrent.atomic=ALL-UNNAMED -Xmx2048m -Dfile.encoding=UTF-8 -Duser.country=IN -Duser.language=en -Duser.variant org.gradle.launcher.daemon.bootstrap.GradleDaemon 7.0.2

Host: AMD Ryzen 5 3550H with Radeon Vega Mobile Gfx  , 8 cores, 7G,  Windows 10 , 64 bit Build 22471 (10.0.22471.1000)
Time: Fri Oct  8 13:35:14 2021 India Standard Time elapsed time: 18.958795 seconds (0d 0h 0m 18s)

---------------  T H R E A D  ---------------

Current thread (0x0000029c595e0800):  JavaThread "C2 CompilerThread0" daemon [_thread_in_native, id=2932, stack(0x000000c969700000,0x000000c969800000)]


Current CompileTask:
C2:  18958 11918   !   4       org.gradle.internal.snapshot.FileSystemLeafSnapshot::accept (36 bytes)

Stack: [0x000000c969700000,0x000000c969800000]
Native frames: (J=compiled Java code, j=interpreted, Vv=VM code, C=native code)
V  [jvm.dll+0x5ecfaa]
V  [jvm.dll+0x722bd5]
V  [jvm.dll+0x72412d]
V  [jvm.dll+0x7247e3]
V  [jvm.dll+0x242928]
V  [jvm.dll+0xbc4fc]
V  [jvm.dll+0xbca0c]
V  [jvm.dll+0x352d3b]
V  [jvm.dll+0x320ad3]
V  [jvm.dll+0x31ffca]
V  [jvm.dll+0x1fb602]
V  [jvm.dll+0x1fa7f4]
V  [jvm.dll+0x18354c]
V  [jvm.dll+0x208ee7]
V  [jvm.dll+0x207731]
V  [jvm.dll+0x6eb1cf]
V  [jvm.dll+0x6e3d45]
V  [jvm.dll+0x5ebe96]
C  [ucrtbase.dll+0x293cc]
C  [KERNEL32.DLL+0x16ab0]
C  [ntdll.dll+0x5c44b]


---------------  P R O C E S S  ---------------

Threads class SMR info:
_java_thread_list=0x0000029c5cf891c0, length=65, elements={
0x0000029c3d186000, 0x0000029c595bc800, 0x0000029c595bf800, 0x0000029c595d9800,
0x0000029c595dc800, 0x0000029c595dd800, 0x0000029c595e0800, 0x0000029c595e5800,
0x0000029c59f46800, 0x0000029c5a090000, 0x0000029c5c769800, 0x0000029c5c768000,
0x0000029c5a2ee800, 0x0000029c5c76b000, 0x0000029c5c768800, 0x0000029c5c76c000,
0x0000029c5c76a000, 0x0000029c5c76e800, 0x0000029c5c76c800, 0x0000029c5c76d800,
0x0000029c5caf7800, 0x0000029c5cafd800, 0x0000029c5caf8800, 0x0000029c5cafa000,
0x0000029c5cafe000, 0x0000029c5cafb000, 0x0000029c5cafb800, 0x0000029c5caff000,
0x0000029c5cafc800, 0x0000029c5caf9000, 0x0000029c5cb02000, 0x0000029c5d9f4000,
0x0000029c5cb03000, 0x0000029c5cb00800, 0x0000029c5cb05800, 0x0000029c5cb04800,
0x0000029c5caff800, 0x0000029c5cb06800, 0x0000029c5f18e000, 0x0000029c5f18e800,
0x0000029c5f189000, 0x0000029c5f18d000, 0x0000029c5f18b800, 0x0000029c5f18c000,
0x0000029c5f18f800, 0x0000029c5f18a000, 0x0000029c5f190800, 0x0000029c5f18a800,
0x0000029c5f193000, 0x0000029c5f196000, 0x0000029c5f192000, 0x0000029c5f197000,
0x0000029c5f193800, 0x0000029c5f194800, 0x0000029c5f195000, 0x0000029c5f197800,
0x0000029c62c44000, 0x0000029c62c45800, 0x0000029c62c4a800, 0x0000029c62c46800,
0x0000029c62c47000, 0x0000029c62c48000, 0x0000029c62c44800, 0x0000029c62c4c000,
0x0000029c62c4d000
}

Java Threads: ( => current thread )
  0x0000029c3d186000 JavaThread "main" [_thread_blocked, id=4696, stack(0x000000c968b00000,0x000000c968c00000)]
  0x0000029c595bc800 JavaThread "Reference Handler" daemon [_thread_blocked, id=8332, stack(0x000000c969200000,0x000000c969300000)]
  0x0000029c595bf800 JavaThread "Finalizer" daemon [_thread_blocked, id=14112, stack(0x000000c969300000,0x000000c969400000)]
  0x0000029c595d9800 JavaThread "Signal Dispatcher" daemon [_thread_blocked, id=13488, stack(0x000000c969400000,0x000000c969500000)]
  0x0000029c595dc800 JavaThread "Attach Listener" daemon [_thread_blocked, id=10072, stack(0x000000c969500000,0x000000c969600000)]
  0x0000029c595dd800 JavaThread "Service Thread" daemon [_thread_blocked, id=14516, stack(0x000000c969600000,0x000000c969700000)]
=>0x0000029c595e0800 JavaThread "C2 CompilerThread0" daemon [_thread_in_native, id=2932, stack(0x000000c969700000,0x000000c969800000)]
  0x0000029c595e5800 JavaThread "C1 CompilerThread0" daemon [_thread_blocked, id=15880, stack(0x000000c969800000,0x000000c969900000)]
  0x0000029c59f46800 JavaThread "Sweeper thread" daemon [_thread_blocked, id=11836, stack(0x000000c969900000,0x000000c969a00000)]
  0x0000029c5a090000 JavaThread "Common-Cleaner" daemon [_thread_blocked, id=9176, stack(0x000000c969a00000,0x000000c969b00000)]
  0x0000029c5c769800 JavaThread "Daemon health stats" [_thread_blocked, id=5484, stack(0x000000c96a000000,0x000000c96a100000)]
  0x0000029c5c768000 JavaThread "Incoming local TCP Connector on port 53357" [_thread_in_native, id=2820, stack(0x000000c969c00000,0x000000c969d00000)]
  0x0000029c5a2ee800 JavaThread "C2 CompilerThread1" daemon [_thread_in_native, id=12580, stack(0x000000c969d00000,0x000000c969e00000)]
  0x0000029c5c76b000 JavaThread "Daemon periodic checks" [_thread_blocked, id=13616, stack(0x000000c96a100000,0x000000c96a200000)]
  0x0000029c5c768800 JavaThread "Daemon" [_thread_blocked, id=6508, stack(0x000000c96a200000,0x000000c96a300000)]
  0x0000029c5c76c000 JavaThread "Handler for socket connection from /127.0.0.1:53357 to /127.0.0.1:53358" [_thread_in_native, id=12600, stack(0x000000c96a300000,0x000000c96a400000)]
  0x0000029c5c76a000 JavaThread "Cancel handler" [_thread_blocked, id=8172, stack(0x000000c96a400000,0x000000c96a500000)]
  0x0000029c5c76e800 JavaThread "Daemon worker" [_thread_blocked, id=14396, stack(0x000000c96a500000,0x000000c96a600000)]
  0x0000029c5c76c800 JavaThread "Asynchronous log dispatcher for DefaultDaemonConnection: socket connection from /127.0.0.1:53357 to /127.0.0.1:53358" [_thread_blocked, id=5856, stack(0x000000c96a600000,0x000000c96a700000)]
  0x0000029c5c76d800 JavaThread "Stdin handler" [_thread_blocked, id=4612, stack(0x000000c96a700000,0x000000c96a800000)]
  0x0000029c5caf7800 JavaThread "Daemon client event forwarder" [_thread_blocked, id=11924, stack(0x000000c96a800000,0x000000c96a900000)]
  0x0000029c5cafd800 JavaThread "Cache worker for file hash cache (C:\Users\xpmkm\.gradle\caches\7.0.2\fileHashes)" [_thread_blocked, id=11956, stack(0x000000c96ae00000,0x000000c96af00000)]
  0x0000029c5caf8800 JavaThread "File lock request listener" [_thread_in_native, id=7860, stack(0x000000c96af00000,0x000000c96b000000)]
  0x0000029c5cafa000 JavaThread "Cache worker for journal cache (C:\Users\xpmkm\.gradle\caches\journal-1)" [_thread_in_native, id=5352, stack(0x000000c96b100000,0x000000c96b200000)]
  0x0000029c5cafe000 JavaThread "Cache worker for file hash cache (C:\Users\xpmkm\Desktop\update_code_vezilla-server\codecanyon-L2GSbXtH-dairy-products-grocery-daily-milk-delivery-mobile-app-with-subscription-customer-app-delivery\test-vezilla-android-workspace\.gradle\7.0.2\fileHashes)" [_thread_blocked, id=14472, stack(0x000000c96b200000,0x000000c96b300000)]
  0x0000029c5cafb000 JavaThread "File watcher server" daemon [_thread_in_native, id=8780, stack(0x000000c96b300000,0x000000c96b400000)]
  0x0000029c5cafb800 JavaThread "File watcher consumer" daemon [_thread_blocked, id=13732, stack(0x000000c96b400000,0x000000c96b500000)]
  0x0000029c5caff000 JavaThread "Cache worker for checksums cache (C:\Users\xpmkm\Desktop\update_code_vezilla-server\codecanyon-L2GSbXtH-dairy-products-grocery-daily-milk-delivery-mobile-app-with-subscription-customer-app-delivery\test-vezilla-android-workspace\.gradle\checksums)" [_thread_blocked, id=12076, stack(0x000000c96b500000,0x000000c96b600000)]
  0x0000029c5cafc800 JavaThread "Cache worker for cache directory md-supplier (C:\Users\xpmkm\.gradle\caches\7.0.2\md-supplier)" [_thread_blocked, id=14744, stack(0x000000c96b600000,0x000000c96b700000)]
  0x0000029c5caf9000 JavaThread "Cache worker for cache directory md-rule (C:\Users\xpmkm\.gradle\caches\7.0.2\md-rule)" [_thread_blocked, id=11800, stack(0x000000c96b700000,0x000000c96b800000)]
  0x0000029c5cb02000 JavaThread "Cache worker for execution history cache (C:\Users\xpmkm\.gradle\caches\7.0.2\executionHistory)" [_thread_in_native, id=1436, stack(0x000000c96b800000,0x000000c96b900000)]
  0x0000029c5d9f4000 JavaThread "C2 CompilerThread2" daemon [_thread_in_native, id=13584, stack(0x000000c96b900000,0x000000c96ba00000)]
  0x0000029c5cb03000 JavaThread "jar transforms" [_thread_blocked, id=7708, stack(0x000000c96ba00000,0x000000c96bb00000)]
  0x0000029c5cb00800 JavaThread "jar transforms Thread 2" [_thread_blocked, id=4340, stack(0x000000c96bb00000,0x000000c96bc00000)]
  0x0000029c5cb05800 JavaThread "Cache worker for file content cache (C:\Users\xpmkm\.gradle\caches\7.0.2\fileContent)" [_thread_blocked, id=15716, stack(0x000000c96bc00000,0x000000c96bd00000)]
  0x0000029c5cb04800 JavaThread "Cache worker for dependencies-accessors (C:\Users\xpmkm\Desktop\update_code_vezilla-server\codecanyon-L2GSbXtH-dairy-products-grocery-daily-milk-delivery-mobile-app-with-subscription-customer-app-delivery\test-vezilla-android-workspace\.gradle\7.0.2\dependencies-accessors)" [_thread_blocked, id=12136, stack(0x000000c96bd00000,0x000000c96be00000)]
  0x0000029c5caff800 JavaThread "jar transforms Thread 3" [_thread_blocked, id=10448, stack(0x000000c96be00000,0x000000c96bf00000)]
  0x0000029c5cb06800 JavaThread "Cache worker for Build Output Cleanup Cache (C:\Users\xpmkm\Desktop\update_code_vezilla-server\codecanyon-L2GSbXtH-dairy-products-grocery-daily-milk-delivery-mobile-app-with-subscription-customer-app-delivery\test-vezilla-android-workspace\.gradle\buildOutputCleanup)" [_thread_blocked, id=6020, stack(0x000000c96bf00000,0x000000c96c000000)]
  0x0000029c5f18e000 JavaThread "Build operations" [_thread_blocked, id=13952, stack(0x000000c96c000000,0x000000c96c100000)]
  0x0000029c5f18e800 JavaThread "Build operations Thread 2" [_thread_blocked, id=840, stack(0x000000c96c100000,0x000000c96c200000)]
  0x0000029c5f189000 JavaThread "Build operations Thread 3" [_thread_blocked, id=14208, stack(0x000000c96c200000,0x000000c96c300000)]
  0x0000029c5f18d000 JavaThread "Build operations Thread 4" [_thread_blocked, id=16368, stack(0x000000c96c300000,0x000000c96c400000)]
  0x0000029c5f18b800 JavaThread "Build operations Thread 5" [_thread_blocked, id=8712, stack(0x000000c96c400000,0x000000c96c500000)]
  0x0000029c5f18c000 JavaThread "Build operations Thread 6" [_thread_blocked, id=4400, stack(0x000000c96c500000,0x000000c96c600000)]
  0x0000029c5f18f800 JavaThread "Build operations Thread 7" [_thread_in_native, id=5240, stack(0x000000c96c600000,0x000000c96c700000)]
  0x0000029c5f18a000 JavaThread "Build operations Thread 8" [_thread_in_Java, id=3972, stack(0x000000c96c700000,0x000000c96c800000)]
  0x0000029c5f190800 JavaThread "jar transforms Thread 4" [_thread_blocked, id=14256, stack(0x000000c96c800000,0x000000c96c900000)]
  0x0000029c5f18a800 JavaThread "jar transforms Thread 5" [_thread_blocked, id=7284, stack(0x000000c96c900000,0x000000c96ca00000)]
  0x0000029c5f193000 JavaThread "jar transforms Thread 6" [_thread_blocked, id=16168, stack(0x000000c96ca00000,0x000000c96cb00000)]
  0x0000029c5f196000 JavaThread "jar transforms Thread 7" [_thread_blocked, id=16140, stack(0x000000c96cb00000,0x000000c96cc00000)]
  0x0000029c5f192000 JavaThread "jar transforms Thread 8" [_thread_blocked, id=9800, stack(0x000000c96cc00000,0x000000c96cd00000)]
  0x0000029c5f197000 JavaThread "Memory manager" [_thread_blocked, id=12660, stack(0x000000c96cd00000,0x000000c96ce00000)]
  0x0000029c5f193800 JavaThread "build event listener" [_thread_blocked, id=9884, stack(0x000000c96ce00000,0x000000c96cf00000)]
  0x0000029c5f194800 JavaThread "Execution worker for ':'" [_thread_blocked, id=11636, stack(0x000000c96cf00000,0x000000c96d000000)]
  0x0000029c5f195000 JavaThread "Execution worker for ':' Thread 2" [_thread_blocked, id=9460, stack(0x000000c96d000000,0x000000c96d100000)]
  0x0000029c5f197800 JavaThread "Execution worker for ':' Thread 3" [_thread_blocked, id=5448, stack(0x000000c96d100000,0x000000c96d200000)]
  0x0000029c62c44000 JavaThread "Execution worker for ':' Thread 4" [_thread_blocked, id=16132, stack(0x000000c96d200000,0x000000c96d300000)]
  0x0000029c62c45800 JavaThread "Execution worker for ':' Thread 5" [_thread_blocked, id=12312, stack(0x000000c96d300000,0x000000c96d400000)]
  0x0000029c62c4a800 JavaThread "Execution worker for ':' Thread 6" [_thread_blocked, id=10608, stack(0x000000c96d400000,0x000000c96d500000)]
  0x0000029c62c46800 JavaThread "Execution worker for ':' Thread 7" [_thread_blocked, id=2292, stack(0x000000c96d500000,0x000000c96d600000)]
  0x0000029c62c47000 JavaThread "Cache worker for execution history cache (C:\Users\xpmkm\Desktop\update_code_vezilla-server\codecanyon-L2GSbXtH-dairy-products-grocery-daily-milk-delivery-mobile-app-with-subscription-customer-app-delivery\test-vezilla-android-workspace\.gradle\7.0.2\executionHistory)" [_thread_blocked, id=16248, stack(0x000000c96d600000,0x000000c96d700000)]
  0x0000029c62c48000 JavaThread "WorkerExecutor Queue" [_thread_blocked, id=6168, stack(0x000000c96d700000,0x000000c96d800000)]
  0x0000029c62c44800 JavaThread "pool-3-thread-1" [_thread_blocked, id=12264, stack(0x000000c96d800000,0x000000c96d900000)]
  0x0000029c62c4c000 JavaThread "stderr" [_thread_in_native, id=8796, stack(0x000000c96d900000,0x000000c96da00000)]
  0x0000029c62c4d000 JavaThread "stdout" [_thread_in_native, id=13972, stack(0x000000c96da00000,0x000000c96db00000)]

Other Threads:
  0x0000029c595ba800 VMThread "VM Thread" [stack: 0x000000c969100000,0x000000c969200000] [id=10184]
  0x0000029c5a0c7000 WatcherThread [stack: 0x000000c969b00000,0x000000c969c00000] [id=2412]
  0x0000029c3d1a0000 GCTaskThread "GC Thread#0" [stack: 0x000000c968c00000,0x000000c968d00000] [id=11760]
  0x0000029c5a12d800 GCTaskThread "GC Thread#1" [stack: 0x000000c969e00000,0x000000c969f00000] [id=16108]
  0x0000029c5a133000 GCTaskThread "GC Thread#2" [stack: 0x000000c969f00000,0x000000c96a000000] [id=7540]
  0x0000029c5a132800 GCTaskThread "GC Thread#3" [stack: 0x000000c96a900000,0x000000c96aa00000] [id=6912]
  0x0000029c5a130800 GCTaskThread "GC Thread#4" [stack: 0x000000c96aa00000,0x000000c96ab00000] [id=14620]
  0x0000029c5a134000 GCTaskThread "GC Thread#5" [stack: 0x000000c96ab00000,0x000000c96ac00000] [id=9088]
  0x0000029c5a12f800 GCTaskThread "GC Thread#6" [stack: 0x000000c96ac00000,0x000000c96ad00000] [id=13848]
  0x0000029c5a134800 GCTaskThread "GC Thread#7" [stack: 0x000000c96ad00000,0x000000c96ae00000] [id=7676]
  0x0000029c3d1d1800 ConcurrentGCThread "G1 Main Marker" [stack: 0x000000c968d00000,0x000000c968e00000] [id=10336]
  0x0000029c3d1d3000 ConcurrentGCThread "G1 Conc#0" [stack: 0x000000c968e00000,0x000000c968f00000] [id=14988]
  0x0000029c5a12e000 ConcurrentGCThread "G1 Conc#1" [stack: 0x000000c96b000000,0x000000c96b100000] [id=4672]
  0x0000029c59411800 ConcurrentGCThread "G1 Refine#0" [stack: 0x000000c968f00000,0x000000c969000000] [id=1664]
  0x0000029c59412800 ConcurrentGCThread "G1 Young RemSet Sampling" [stack: 0x000000c969000000,0x000000c969100000] [id=9384]

Threads with active compile tasks:
C2 CompilerThread0  19003 11918   !   4       org.gradle.internal.snapshot.FileSystemLeafSnapshot::accept (36 bytes)
C2 CompilerThread1  19003 11917       4       org.gradle.internal.fingerprint.impl.RelativePathFingerprintingStrategy$$Lambda$1045/0x0000000100b4f440::visitEntry (18 bytes)
C2 CompilerThread2  19003 11948       4       org.gradle.internal.instantiation.generator.AbstractClassGenerator$PropertyMetadata::hasAnnotation (40 bytes)

VM state:not at safepoint (normal execution)

VM Mutex/Monitor currently owned by a thread: None

Heap address: 0x0000000080000000, size: 2048 MB, Compressed Oops mode: 32-bit
Narrow klass base: 0x0000000000000000, Narrow klass shift: 3
Compressed class space size: 1073741824 Address: 0x0000000100000000

Heap:
 garbage-first heap   total 225280K, used 151882K [0x0000000080000000, 0x0000000100000000)
  region size 1024K, 76 young (77824K), 9 survivors (9216K)
 Metaspace       used 87285K, capacity 90023K, committed 90240K, reserved 1128448K
  class space    used 11218K, capacity 12190K, committed 12236K, reserved 1048576K
Heap Regions: E=young(eden), S=young(survivor), O=old, HS=humongous(starts), HC=humongous(continues), CS=collection set, F=free, A=archive, TAMS=top-at-mark-start (previous, next)
|   0|0x0000000080000000, 0x0000000080100000, 0x0000000080100000|100%| O|  |TAMS 0x0000000080100000, 0x0000000080000000| Untracked 
|   1|0x0000000080100000, 0x0000000080200000, 0x0000000080200000|100%| O|  |TAMS 0x0000000080200000, 0x0000000080100000| Untracked 
|   2|0x0000000080200000, 0x0000000080300000, 0x0000000080300000|100%| O|  |TAMS 0x0000000080300000, 0x0000000080200000| Untracked 
|   3|0x0000000080300000, 0x0000000080400000, 0x0000000080400000|100%|HS|  |TAMS 0x0000000080400000, 0x0000000080300000| Complete 
|   4|0x0000000080400000, 0x0000000080500000, 0x0000000080500000|100%|HC|  |TAMS 0x0000000080500000, 0x0000000080400000| Complete 
|   5|0x0000000080500000, 0x0000000080600000, 0x0000000080600000|100%|HC|  |TAMS 0x0000000080600000, 0x0000000080500000| Complete 
|   6|0x0000000080600000, 0x0000000080700000, 0x0000000080700000|100%| O|  |TAMS 0x0000000080700000, 0x0000000080600000| Untracked 
|   7|0x0000000080700000, 0x0000000080800000, 0x0000000080800000|100%| O|  |TAMS 0x0000000080800000, 0x0000000080700000| Untracked 
|   8|0x0000000080800000, 0x0000000080900000, 0x0000000080900000|100%| O|  |TAMS 0x0000000080900000, 0x0000000080800000| Untracked 
|   9|0x0000000080900000, 0x0000000080a00000, 0x0000000080a00000|100%| O|  |TAMS 0x0000000080a00000, 0x0000000080900000| Untracked 
|  10|0x0000000080a00000, 0x0000000080b00000, 0x0000000080b00000|100%| O|  |TAMS 0x0000000080b00000, 0x0000000080a00000| Untracked 
|  11|0x0000000080b00000, 0x0000000080c00000, 0x0000000080c00000|100%| O|  |TAMS 0x0000000080c00000, 0x0000000080b00000| Untracked 
|  12|0x0000000080c00000, 0x0000000080d00000, 0x0000000080d00000|100%| O|  |TAMS 0x0000000080d00000, 0x0000000080c00000| Untracked 
|  13|0x0000000080d00000, 0x0000000080e00000, 0x0000000080e00000|100%| O|  |TAMS 0x0000000080e00000, 0x0000000080d00000| Untracked 
|  14|0x0000000080e00000, 0x0000000080f00000, 0x0000000080f00000|100%| O|  |TAMS 0x0000000080f00000, 0x0000000080e00000| Untracked 
|  15|0x0000000080f00000, 0x0000000081000000, 0x0000000081000000|100%| O|  |TAMS 0x0000000081000000, 0x0000000080f00000| Untracked 
|  16|0x0000000081000000, 0x0000000081100000, 0x0000000081100000|100%|HS|  |TAMS 0x0000000081100000, 0x0000000081000000| Complete 
|  17|0x0000000081100000, 0x0000000081200000, 0x0000000081200000|100%| O|  |TAMS 0x0000000081200000, 0x0000000081100000| Untracked 
|  18|0x0000000081200000, 0x0000000081300000, 0x0000000081300000|100%| O|  |TAMS 0x0000000081300000, 0x0000000081200000| Untracked 
|  19|0x0000000081300000, 0x0000000081400000, 0x0000000081400000|100%| O|  |TAMS 0x0000000081400000, 0x0000000081300000| Untracked 
|  20|0x0000000081400000, 0x0000000081500000, 0x0000000081500000|100%| O|  |TAMS 0x0000000081500000, 0x0000000081400000| Untracked 
|  21|0x0000000081500000, 0x0000000081600000, 0x0000000081600000|100%| O|  |TAMS 0x0000000081600000, 0x0000000081500000| Untracked 
|  22|0x0000000081600000, 0x0000000081700000, 0x0000000081700000|100%| O|  |TAMS 0x0000000081700000, 0x0000000081600000| Untracked 
|  23|0x0000000081700000, 0x0000000081800000, 0x0000000081800000|100%|HS|  |TAMS 0x0000000081800000, 0x0000000081700000| Complete 
|  24|0x0000000081800000, 0x0000000081900000, 0x0000000081900000|100%|HS|  |TAMS 0x0000000081900000, 0x0000000081800000| Complete 
|  25|0x0000000081900000, 0x0000000081a00000, 0x0000000081a00000|100%|HC|  |TAMS 0x0000000081a00000, 0x0000000081900000| Complete 
|  26|0x0000000081a00000, 0x0000000081b00000, 0x0000000081b00000|100%| O|  |TAMS 0x0000000081b00000, 0x0000000081a00000| Untracked 
|  27|0x0000000081b00000, 0x0000000081c00000, 0x0000000081c00000|100%| O|  |TAMS 0x0000000081c00000, 0x0000000081b00000| Untracked 
|  28|0x0000000081c00000, 0x0000000081d00000, 0x0000000081d00000|100%| O|  |TAMS 0x0000000081d00000, 0x0000000081c00000| Untracked 
|  29|0x0000000081d00000, 0x0000000081e00000, 0x0000000081e00000|100%| O|  |TAMS 0x0000000081e00000, 0x0000000081d00000| Untracked 
|  30|0x0000000081e00000, 0x0000000081f00000, 0x0000000081f00000|100%| O|  |TAMS 0x0000000081f00000, 0x0000000081e00000| Untracked 
|  31|0x0000000081f00000, 0x0000000082000000, 0x0000000082000000|100%| O|  |TAMS 0x0000000082000000, 0x0000000081f00000| Untracked 
|  32|0x0000000082000000, 0x0000000082100000, 0x0000000082100000|100%| O|  |TAMS 0x0000000082100000, 0x0000000082000000| Untracked 
|  33|0x0000000082100000, 0x0000000082200000, 0x0000000082200000|100%| O|  |TAMS 0x0000000082200000, 0x0000000082100000| Untracked 
|  34|0x0000000082200000, 0x0000000082300000, 0x0000000082300000|100%| O|  |TAMS 0x0000000082300000, 0x0000000082200000| Untracked 
|  35|0x0000000082300000, 0x0000000082400000, 0x0000000082400000|100%| O|  |TAMS 0x0000000082400000, 0x0000000082300000| Untracked 
|  36|0x0000000082400000, 0x0000000082500000, 0x0000000082500000|100%| O|  |TAMS 0x0000000082500000, 0x0000000082400000| Untracked 
|  37|0x0000000082500000, 0x0000000082600000, 0x0000000082600000|100%| O|  |TAMS 0x0000000082600000, 0x0000000082500000| Untracked 
|  38|0x0000000082600000, 0x0000000082700000, 0x0000000082700000|100%| O|  |TAMS 0x0000000082700000, 0x0000000082600000| Untracked 
|  39|0x0000000082700000, 0x0000000082800000, 0x0000000082800000|100%| O|  |TAMS 0x0000000082800000, 0x0000000082700000| Untracked 
|  40|0x0000000082800000, 0x0000000082900000, 0x0000000082900000|100%| O|  |TAMS 0x0000000082900000, 0x0000000082800000| Untracked 
|  41|0x0000000082900000, 0x0000000082a00000, 0x0000000082a00000|100%| O|  |TAMS 0x0000000082a00000, 0x0000000082900000| Untracked 
|  42|0x0000000082a00000, 0x0000000082b00000, 0x0000000082b00000|100%| O|  |TAMS 0x0000000082b00000, 0x0000000082a00000| Untracked 
|  43|0x0000000082b00000, 0x0000000082c00000, 0x0000000082c00000|100%| O|  |TAMS 0x0000000082b37c00, 0x0000000082b00000| Untracked 
|  44|0x0000000082c00000, 0x0000000082d00000, 0x0000000082d00000|100%| O|  |TAMS 0x0000000082c00000, 0x0000000082c00000| Untracked 
|  45|0x0000000082d00000, 0x0000000082e00000, 0x0000000082e00000|100%| O|  |TAMS 0x0000000082d00000, 0x0000000082d00000| Untracked 
|  46|0x0000000082e00000, 0x0000000082f00000, 0x0000000082f00000|100%| O|  |TAMS 0x0000000082e00000, 0x0000000082e00000| Untracked 
|  47|0x0000000082f00000, 0x0000000083000000, 0x0000000083000000|100%| O|  |TAMS 0x0000000082f00000, 0x0000000082f00000| Untracked 
|  48|0x0000000083000000, 0x0000000083100000, 0x0000000083100000|100%| O|  |TAMS 0x0000000083000000, 0x0000000083000000| Untracked 
|  49|0x0000000083100000, 0x0000000083200000, 0x0000000083200000|100%| O|  |TAMS 0x0000000083100000, 0x0000000083100000| Untracked 
|  50|0x0000000083200000, 0x0000000083300000, 0x0000000083300000|100%| O|  |TAMS 0x0000000083200000, 0x0000000083200000| Untracked 
|  51|0x0000000083300000, 0x0000000083400000, 0x0000000083400000|100%| O|  |TAMS 0x0000000083300000, 0x0000000083300000| Untracked 
|  52|0x0000000083400000, 0x0000000083500000, 0x0000000083500000|100%| O|  |TAMS 0x0000000083400000, 0x0000000083400000| Untracked 
|  53|0x0000000083500000, 0x0000000083600000, 0x0000000083600000|100%| O|  |TAMS 0x0000000083500000, 0x0000000083500000| Untracked 
|  54|0x0000000083600000, 0x0000000083700000, 0x0000000083700000|100%| O|  |TAMS 0x0000000083600000, 0x0000000083600000| Untracked 
|  55|0x0000000083700000, 0x0000000083800000, 0x0000000083800000|100%| O|  |TAMS 0x0000000083700000, 0x0000000083700000| Untracked 
|  56|0x0000000083800000, 0x0000000083900000, 0x0000000083900000|100%| O|  |TAMS 0x0000000083800000, 0x0000000083800000| Untracked 
|  57|0x0000000083900000, 0x0000000083a00000, 0x0000000083a00000|100%| O|  |TAMS 0x0000000083900000, 0x0000000083900000| Untracked 
|  58|0x0000000083a00000, 0x0000000083b00000, 0x0000000083b00000|100%| O|  |TAMS 0x0000000083a00000, 0x0000000083a00000| Untracked 
|  59|0x0000000083b00000, 0x0000000083c00000, 0x0000000083c00000|100%| O|  |TAMS 0x0000000083b00000, 0x0000000083b00000| Untracked 
|  60|0x0000000083c00000, 0x0000000083d00000, 0x0000000083d00000|100%| O|  |TAMS 0x0000000083c00000, 0x0000000083c00000| Untracked 
|  61|0x0000000083d00000, 0x0000000083e00000, 0x0000000083e00000|100%| O|  |TAMS 0x0000000083d00000, 0x0000000083d00000| Untracked 
|  62|0x0000000083e00000, 0x0000000083f00000, 0x0000000083f00000|100%| O|  |TAMS 0x0000000083e00000, 0x0000000083e00000| Untracked 
|  63|0x0000000083f00000, 0x0000000084000000, 0x0000000084000000|100%| O|  |TAMS 0x0000000083f00000, 0x0000000083f00000| Untracked 
|  64|0x0000000084000000, 0x0000000084100000, 0x0000000084100000|100%| O|  |TAMS 0x0000000084000000, 0x0000000084000000| Untracked 
|  65|0x0000000084100000, 0x0000000084200000, 0x0000000084200000|100%| O|  |TAMS 0x0000000084100000, 0x0000000084100000| Untracked 
|  66|0x0000000084200000, 0x0000000084300000, 0x0000000084300000|100%| O|  |TAMS 0x0000000084200000, 0x0000000084200000| Untracked 
|  67|0x0000000084300000, 0x0000000084400000, 0x0000000084400000|100%| O|  |TAMS 0x0000000084300000, 0x0000000084300000| Untracked 
|  68|0x0000000084400000, 0x0000000084500000, 0x0000000084500000|100%| O|  |TAMS 0x0000000084400000, 0x0000000084400000| Untracked 
|  69|0x0000000084500000, 0x0000000084600000, 0x0000000084600000|100%| O|  |TAMS 0x0000000084500000, 0x0000000084500000| Untracked 
|  70|0x0000000084600000, 0x0000000084700000, 0x0000000084700000|100%| O|  |TAMS 0x0000000084600000, 0x0000000084600000| Untracked 
|  71|0x0000000084700000, 0x0000000084800000, 0x0000000084800000|100%| O|  |TAMS 0x0000000084700000, 0x0000000084700000| Untracked 
|  72|0x0000000084800000, 0x0000000084900000, 0x0000000084900000|100%| O|  |TAMS 0x0000000084800000, 0x0000000084800000| Untracked 
|  73|0x0000000084900000, 0x0000000084a00000, 0x0000000084a00000|100%| O|  |TAMS 0x0000000084900000, 0x0000000084900000| Untracked 
|  74|0x0000000084a00000, 0x0000000084a52800, 0x0000000084b00000| 32%| O|  |TAMS 0x0000000084a00000, 0x0000000084a00000| Untracked 
|  75|0x0000000084b00000, 0x0000000084b00000, 0x0000000084c00000|  0%| F|  |TAMS 0x0000000084b00000, 0x0000000084b00000| Untracked 
|  76|0x0000000084c00000, 0x0000000084c00000, 0x0000000084d00000|  0%| F|  |TAMS 0x0000000084c00000, 0x0000000084c00000| Untracked 
|  77|0x0000000084d00000, 0x0000000084d00000, 0x0000000084e00000|  0%| F|  |TAMS 0x0000000084d00000, 0x0000000084d00000| Untracked 
|  78|0x0000000084e00000, 0x0000000084e00000, 0x0000000084f00000|  0%| F|  |TAMS 0x0000000084e00000, 0x0000000084e00000| Untracked 
|  79|0x0000000084f00000, 0x0000000084f00000, 0x0000000085000000|  0%| F|  |TAMS 0x0000000084f00000, 0x0000000084f00000| Untracked 
|  80|0x0000000085000000, 0x0000000085000000, 0x0000000085100000|  0%| F|  |TAMS 0x0000000085000000, 0x0000000085000000| Untracked 
|  81|0x0000000085100000, 0x0000000085100000, 0x0000000085200000|  0%| F|  |TAMS 0x0000000085100000, 0x0000000085100000| Untracked 
|  82|0x0000000085200000, 0x0000000085200000, 0x0000000085300000|  0%| F|  |TAMS 0x0000000085200000, 0x0000000085200000| Untracked 
|  83|0x0000000085300000, 0x0000000085300000, 0x0000000085400000|  0%| F|  |TAMS 0x0000000085300000, 0x0000000085300000| Untracked 
|  84|0x0000000085400000, 0x0000000085400000, 0x0000000085500000|  0%| F|  |TAMS 0x0000000085400000, 0x0000000085400000| Untracked 
|  85|0x0000000085500000, 0x0000000085500000, 0x0000000085600000|  0%| F|  |TAMS 0x0000000085500000, 0x0000000085500000| Untracked 
|  86|0x0000000085600000, 0x0000000085600000, 0x0000000085700000|  0%| F|  |TAMS 0x0000000085600000, 0x0000000085600000| Untracked 
|  87|0x0000000085700000, 0x0000000085700000, 0x0000000085800000|  0%| F|  |TAMS 0x0000000085700000, 0x0000000085700000| Untracked 
|  88|0x0000000085800000, 0x0000000085800000, 0x0000000085900000|  0%| F|  |TAMS 0x0000000085800000, 0x0000000085800000| Untracked 
|  89|0x0000000085900000, 0x0000000085900000, 0x0000000085a00000|  0%| F|  |TAMS 0x0000000085900000, 0x0000000085900000| Untracked 
|  90|0x0000000085a00000, 0x0000000085a00000, 0x0000000085b00000|  0%| F|  |TAMS 0x0000000085a00000, 0x0000000085a00000| Untracked 
|  91|0x0000000085b00000, 0x0000000085b00000, 0x0000000085c00000|  0%| F|  |TAMS 0x0000000085b00000, 0x0000000085b00000| Untracked 
|  92|0x0000000085c00000, 0x0000000085c00000, 0x0000000085d00000|  0%| F|  |TAMS 0x0000000085c00000, 0x0000000085c00000| Untracked 
|  93|0x0000000085d00000, 0x0000000085d00000, 0x0000000085e00000|  0%| F|  |TAMS 0x0000000085d00000, 0x0000000085d00000| Untracked 
|  94|0x0000000085e00000, 0x0000000085e00000, 0x0000000085f00000|  0%| F|  |TAMS 0x0000000085e00000, 0x0000000085e00000| Untracked 
|  95|0x0000000085f00000, 0x0000000085f00000, 0x0000000086000000|  0%| F|  |TAMS 0x0000000085f00000, 0x0000000085f00000| Untracked 
|  96|0x0000000086000000, 0x0000000086000000, 0x0000000086100000|  0%| F|  |TAMS 0x0000000086000000, 0x0000000086000000| Untracked 
|  97|0x0000000086100000, 0x0000000086100000, 0x0000000086200000|  0%| F|  |TAMS 0x0000000086100000, 0x0000000086100000| Untracked 
|  98|0x0000000086200000, 0x0000000086200000, 0x0000000086300000|  0%| F|  |TAMS 0x0000000086200000, 0x0000000086200000| Untracked 
|  99|0x0000000086300000, 0x0000000086300000, 0x0000000086400000|  0%| F|  |TAMS 0x0000000086300000, 0x0000000086300000| Untracked 
| 100|0x0000000086400000, 0x0000000086400000, 0x0000000086500000|  0%| F|  |TAMS 0x0000000086400000, 0x0000000086400000| Untracked 
| 101|0x0000000086500000, 0x0000000086500000, 0x0000000086600000|  0%| F|  |TAMS 0x0000000086500000, 0x0000000086500000| Untracked 
| 102|0x0000000086600000, 0x0000000086600000, 0x0000000086700000|  0%| F|  |TAMS 0x0000000086600000, 0x0000000086600000| Untracked 
| 103|0x0000000086700000, 0x0000000086700000, 0x0000000086800000|  0%| F|  |TAMS 0x0000000086700000, 0x0000000086700000| Untracked 
| 104|0x0000000086800000, 0x0000000086800000, 0x0000000086900000|  0%| F|  |TAMS 0x0000000086800000, 0x0000000086800000| Untracked 
| 105|0x0000000086900000, 0x0000000086900000, 0x0000000086a00000|  0%| F|  |TAMS 0x0000000086900000, 0x0000000086900000| Untracked 
| 106|0x0000000086a00000, 0x0000000086a00000, 0x0000000086b00000|  0%| F|  |TAMS 0x0000000086a00000, 0x0000000086a00000| Untracked 
| 107|0x0000000086b00000, 0x0000000086b00000, 0x0000000086c00000|  0%| F|  |TAMS 0x0000000086b00000, 0x0000000086b00000| Untracked 
| 108|0x0000000086c00000, 0x0000000086c00000, 0x0000000086d00000|  0%| F|  |TAMS 0x0000000086c00000, 0x0000000086c00000| Untracked 
| 109|0x0000000086d00000, 0x0000000086d00000, 0x0000000086e00000|  0%| F|  |TAMS 0x0000000086d00000, 0x0000000086d00000| Untracked 
| 110|0x0000000086e00000, 0x0000000086e00000, 0x0000000086f00000|  0%| F|  |TAMS 0x0000000086e00000, 0x0000000086e00000| Untracked 
| 111|0x0000000086f00000, 0x0000000086f00000, 0x0000000087000000|  0%| F|  |TAMS 0x0000000086f00000, 0x0000000086f00000| Untracked 
| 112|0x0000000087000000, 0x0000000087000000, 0x0000000087100000|  0%| F|  |TAMS 0x0000000087000000, 0x0000000087000000| Untracked 
| 113|0x0000000087100000, 0x0000000087100000, 0x0000000087200000|  0%| F|  |TAMS 0x0000000087100000, 0x0000000087100000| Untracked 
| 114|0x0000000087200000, 0x0000000087200000, 0x0000000087300000|  0%| F|  |TAMS 0x0000000087200000, 0x0000000087200000| Untracked 
| 115|0x0000000087300000, 0x0000000087300000, 0x0000000087400000|  0%| F|  |TAMS 0x0000000087300000, 0x0000000087300000| Untracked 
| 116|0x0000000087400000, 0x0000000087400000, 0x0000000087500000|  0%| F|  |TAMS 0x0000000087400000, 0x0000000087400000| Untracked 
| 117|0x0000000087500000, 0x0000000087500000, 0x0000000087600000|  0%| F|  |TAMS 0x0000000087500000, 0x0000000087500000| Untracked 
| 118|0x0000000087600000, 0x0000000087600000, 0x0000000087700000|  0%| F|  |TAMS 0x0000000087600000, 0x0000000087600000| Untracked 
| 119|0x0000000087700000, 0x0000000087700000, 0x0000000087800000|  0%| F|  |TAMS 0x0000000087700000, 0x0000000087700000| Untracked 
| 120|0x0000000087800000, 0x0000000087800000, 0x0000000087900000|  0%| F|  |TAMS 0x0000000087800000, 0x0000000087800000| Untracked 
| 121|0x0000000087900000, 0x0000000087900000, 0x0000000087a00000|  0%| F|  |TAMS 0x0000000087900000, 0x0000000087900000| Untracked 
| 122|0x0000000087a00000, 0x0000000087a00000, 0x0000000087b00000|  0%| F|  |TAMS 0x0000000087a00000, 0x0000000087a00000| Untracked 
| 123|0x0000000087b00000, 0x0000000087b00000, 0x0000000087c00000|  0%| F|  |TAMS 0x0000000087b00000, 0x0000000087b00000| Untracked 
| 124|0x0000000087c00000, 0x0000000087c00000, 0x0000000087d00000|  0%| F|  |TAMS 0x0000000087c00000, 0x0000000087c00000| Untracked 
| 125|0x0000000087d00000, 0x0000000087d00000, 0x0000000087e00000|  0%| F|  |TAMS 0x0000000087d00000, 0x0000000087d00000| Untracked 
| 126|0x0000000087e00000, 0x0000000087e00000, 0x0000000087f00000|  0%| F|  |TAMS 0x0000000087e00000, 0x0000000087e00000| Untracked 
| 127|0x0000000087f00000, 0x0000000088000000, 0x0000000088000000|100%| S|CS|TAMS 0x0000000087f00000, 0x0000000087f00000| Complete 
| 128|0x0000000088000000, 0x0000000088100000, 0x0000000088100000|100%| S|CS|TAMS 0x0000000088000000, 0x0000000088000000| Complete 
| 129|0x0000000088100000, 0x0000000088200000, 0x0000000088200000|100%| S|CS|TAMS 0x0000000088100000, 0x0000000088100000| Complete 
| 130|0x0000000088200000, 0x0000000088300000, 0x0000000088300000|100%| S|CS|TAMS 0x0000000088200000, 0x0000000088200000| Complete 
| 131|0x0000000088300000, 0x0000000088400000, 0x0000000088400000|100%| S|CS|TAMS 0x0000000088300000, 0x0000000088300000| Complete 
| 132|0x0000000088400000, 0x0000000088500000, 0x0000000088500000|100%| S|CS|TAMS 0x0000000088400000, 0x0000000088400000| Complete 
| 133|0x0000000088500000, 0x0000000088600000, 0x0000000088600000|100%| S|CS|TAMS 0x0000000088500000, 0x0000000088500000| Complete 
| 134|0x0000000088600000, 0x0000000088700000, 0x0000000088700000|100%| S|CS|TAMS 0x0000000088600000, 0x0000000088600000| Complete 
| 135|0x0000000088700000, 0x0000000088800000, 0x0000000088800000|100%| S|CS|TAMS 0x0000000088700000, 0x0000000088700000| Complete 
| 136|0x0000000088800000, 0x0000000088800000, 0x0000000088900000|  0%| F|  |TAMS 0x0000000088800000, 0x0000000088800000| Untracked 
| 137|0x0000000088900000, 0x0000000088900000, 0x0000000088a00000|  0%| F|  |TAMS 0x0000000088900000, 0x0000000088900000| Untracked 
| 138|0x0000000088a00000, 0x0000000088a00000, 0x0000000088b00000|  0%| F|  |TAMS 0x0000000088a00000, 0x0000000088a00000| Untracked 
| 139|0x0000000088b00000, 0x0000000088b00000, 0x0000000088c00000|  0%| F|  |TAMS 0x0000000088b00000, 0x0000000088b00000| Untracked 
| 140|0x0000000088c00000, 0x0000000088c00000, 0x0000000088d00000|  0%| F|  |TAMS 0x0000000088c00000, 0x0000000088c00000| Untracked 
| 141|0x0000000088d00000, 0x0000000088d00000, 0x0000000088e00000|  0%| F|  |TAMS 0x0000000088d00000, 0x0000000088d00000| Untracked 
| 142|0x0000000088e00000, 0x0000000088e00000, 0x0000000088f00000|  0%| F|  |TAMS 0x0000000088e00000, 0x0000000088e00000| Untracked 
| 143|0x0000000088f00000, 0x0000000088f00000, 0x0000000089000000|  0%| F|  |TAMS 0x0000000088f00000, 0x0000000088f00000| Untracked 
| 144|0x0000000089000000, 0x0000000089000000, 0x0000000089100000|  0%| F|  |TAMS 0x0000000089000000, 0x0000000089000000| Untracked 
| 145|0x0000000089100000, 0x0000000089100000, 0x0000000089200000|  0%| F|  |TAMS 0x0000000089100000, 0x0000000089100000| Untracked 
| 146|0x0000000089200000, 0x0000000089200000, 0x0000000089300000|  0%| F|  |TAMS 0x0000000089200000, 0x0000000089200000| Untracked 
| 147|0x0000000089300000, 0x0000000089300000, 0x0000000089400000|  0%| F|  |TAMS 0x0000000089300000, 0x0000000089300000| Untracked 
| 148|0x0000000089400000, 0x0000000089400000, 0x0000000089500000|  0%| F|  |TAMS 0x0000000089400000, 0x0000000089400000| Untracked 
| 149|0x0000000089500000, 0x0000000089500000, 0x0000000089600000|  0%| F|  |TAMS 0x0000000089500000, 0x0000000089500000| Untracked 
| 150|0x0000000089600000, 0x0000000089600000, 0x0000000089700000|  0%| F|  |TAMS 0x0000000089600000, 0x0000000089600000| Untracked 
| 151|0x0000000089700000, 0x0000000089700000, 0x0000000089800000|  0%| F|  |TAMS 0x0000000089700000, 0x0000000089700000| Untracked 
| 152|0x0000000089800000, 0x000000008983e700, 0x0000000089900000| 24%| E|  |TAMS 0x0000000089800000, 0x0000000089800000| Complete 
| 153|0x0000000089900000, 0x0000000089a00000, 0x0000000089a00000|100%| E|CS|TAMS 0x0000000089900000, 0x0000000089900000| Complete 
| 154|0x0000000089a00000, 0x0000000089b00000, 0x0000000089b00000|100%| E|CS|TAMS 0x0000000089a00000, 0x0000000089a00000| Complete 
| 155|0x0000000089b00000, 0x0000000089c00000, 0x0000000089c00000|100%| E|CS|TAMS 0x0000000089b00000, 0x0000000089b00000| Complete 
| 156|0x0000000089c00000, 0x0000000089d00000, 0x0000000089d00000|100%| E|CS|TAMS 0x0000000089c00000, 0x0000000089c00000| Complete 
| 157|0x0000000089d00000, 0x0000000089e00000, 0x0000000089e00000|100%| E|CS|TAMS 0x0000000089d00000, 0x0000000089d00000| Complete 
| 158|0x0000000089e00000, 0x0000000089f00000, 0x0000000089f00000|100%| E|CS|TAMS 0x0000000089e00000, 0x0000000089e00000| Complete 
| 159|0x0000000089f00000, 0x000000008a000000, 0x000000008a000000|100%| E|CS|TAMS 0x0000000089f00000, 0x0000000089f00000| Complete 
| 160|0x000000008a000000, 0x000000008a100000, 0x000000008a100000|100%| E|CS|TAMS 0x000000008a000000, 0x000000008a000000| Complete 
| 161|0x000000008a100000, 0x000000008a200000, 0x000000008a200000|100%| E|CS|TAMS 0x000000008a100000, 0x000000008a100000| Complete 
| 162|0x000000008a200000, 0x000000008a300000, 0x000000008a300000|100%| E|CS|TAMS 0x000000008a200000, 0x000000008a200000| Complete 
| 163|0x000000008a300000, 0x000000008a400000, 0x000000008a400000|100%| E|CS|TAMS 0x000000008a300000, 0x000000008a300000| Complete 
| 164|0x000000008a400000, 0x000000008a500000, 0x000000008a500000|100%| E|CS|TAMS 0x000000008a400000, 0x000000008a400000| Complete 
| 165|0x000000008a500000, 0x000000008a600000, 0x000000008a600000|100%| E|CS|TAMS 0x000000008a500000, 0x000000008a500000| Complete 
| 166|0x000000008a600000, 0x000000008a700000, 0x000000008a700000|100%| E|CS|TAMS 0x000000008a600000, 0x000000008a600000| Complete 
| 167|0x000000008a700000, 0x000000008a800000, 0x000000008a800000|100%| E|CS|TAMS 0x000000008a700000, 0x000000008a700000| Complete 
| 168|0x000000008a800000, 0x000000008a900000, 0x000000008a900000|100%| E|CS|TAMS 0x000000008a800000, 0x000000008a800000| Complete 
| 169|0x000000008a900000, 0x000000008aa00000, 0x000000008aa00000|100%| E|CS|TAMS 0x000000008a900000, 0x000000008a900000| Complete 
| 170|0x000000008aa00000, 0x000000008ab00000, 0x000000008ab00000|100%| E|CS|TAMS 0x000000008aa00000, 0x000000008aa00000| Complete 
| 171|0x000000008ab00000, 0x000000008ac00000, 0x000000008ac00000|100%| E|CS|TAMS 0x000000008ab00000, 0x000000008ab00000| Complete 
| 172|0x000000008ac00000, 0x000000008ad00000, 0x000000008ad00000|100%| E|CS|TAMS 0x000000008ac00000, 0x000000008ac00000| Complete 
| 173|0x000000008ad00000, 0x000000008ae00000, 0x000000008ae00000|100%| E|CS|TAMS 0x000000008ad00000, 0x000000008ad00000| Complete 
| 174|0x000000008ae00000, 0x000000008af00000, 0x000000008af00000|100%| E|CS|TAMS 0x000000008ae00000, 0x000000008ae00000| Complete 
| 175|0x000000008af00000, 0x000000008b000000, 0x000000008b000000|100%| E|CS|TAMS 0x000000008af00000, 0x000000008af00000| Complete 
| 176|0x000000008b000000, 0x000000008b100000, 0x000000008b100000|100%| E|CS|TAMS 0x000000008b000000, 0x000000008b000000| Complete 
| 177|0x000000008b100000, 0x000000008b200000, 0x000000008b200000|100%| E|CS|TAMS 0x000000008b100000, 0x000000008b100000| Complete 
| 178|0x000000008b200000, 0x000000008b300000, 0x000000008b300000|100%| E|CS|TAMS 0x000000008b200000, 0x000000008b200000| Complete 
| 179|0x000000008b300000, 0x000000008b400000, 0x000000008b400000|100%| E|CS|TAMS 0x000000008b300000, 0x000000008b300000| Complete 
| 180|0x000000008b400000, 0x000000008b500000, 0x000000008b500000|100%| E|CS|TAMS 0x000000008b400000, 0x000000008b400000| Complete 
| 181|0x000000008b500000, 0x000000008b600000, 0x000000008b600000|100%| E|  |TAMS 0x000000008b500000, 0x000000008b500000| Complete 
| 182|0x000000008b600000, 0x000000008b700000, 0x000000008b700000|100%| E|CS|TAMS 0x000000008b600000, 0x000000008b600000| Complete 
| 183|0x000000008b700000, 0x000000008b800000, 0x000000008b800000|100%| E|CS|TAMS 0x000000008b700000, 0x000000008b700000| Complete 
| 184|0x000000008b800000, 0x000000008b900000, 0x000000008b900000|100%| E|CS|TAMS 0x000000008b800000, 0x000000008b800000| Complete 
| 185|0x000000008b900000, 0x000000008ba00000, 0x000000008ba00000|100%| E|CS|TAMS 0x000000008b900000, 0x000000008b900000| Complete 
| 186|0x000000008ba00000, 0x000000008bb00000, 0x000000008bb00000|100%| E|CS|TAMS 0x000000008ba00000, 0x000000008ba00000| Complete 
| 187|0x000000008bb00000, 0x000000008bc00000, 0x000000008bc00000|100%| E|CS|TAMS 0x000000008bb00000, 0x000000008bb00000| Complete 
| 188|0x000000008bc00000, 0x000000008bd00000, 0x000000008bd00000|100%| E|CS|TAMS 0x000000008bc00000, 0x000000008bc00000| Complete 
| 189|0x000000008bd00000, 0x000000008be00000, 0x000000008be00000|100%| E|CS|TAMS 0x000000008bd00000, 0x000000008bd00000| Complete 
| 190|0x000000008be00000, 0x000000008bf00000, 0x000000008bf00000|100%| E|CS|TAMS 0x000000008be00000, 0x000000008be00000| Complete 
| 191|0x000000008bf00000, 0x000000008c000000, 0x000000008c000000|100%| E|CS|TAMS 0x000000008bf00000, 0x000000008bf00000| Complete 
| 192|0x000000008c000000, 0x000000008c100000, 0x000000008c100000|100%| E|CS|TAMS 0x000000008c000000, 0x000000008c000000| Complete 
| 193|0x000000008c100000, 0x000000008c200000, 0x000000008c200000|100%| E|CS|TAMS 0x000000008c100000, 0x000000008c100000| Complete 
| 194|0x000000008c200000, 0x000000008c300000, 0x000000008c300000|100%| E|CS|TAMS 0x000000008c200000, 0x000000008c200000| Complete 
| 195|0x000000008c300000, 0x000000008c400000, 0x000000008c400000|100%| E|CS|TAMS 0x000000008c300000, 0x000000008c300000| Complete 
| 196|0x000000008c400000, 0x000000008c500000, 0x000000008c500000|100%| E|CS|TAMS 0x000000008c400000, 0x000000008c400000| Complete 
| 197|0x000000008c500000, 0x000000008c600000, 0x000000008c600000|100%| E|CS|TAMS 0x000000008c500000, 0x000000008c500000| Complete 
| 198|0x000000008c600000, 0x000000008c700000, 0x000000008c700000|100%| E|CS|TAMS 0x000000008c600000, 0x000000008c600000| Complete 
| 199|0x000000008c700000, 0x000000008c800000, 0x000000008c800000|100%| E|CS|TAMS 0x000000008c700000, 0x000000008c700000| Complete 
| 200|0x000000008c800000, 0x000000008c900000, 0x000000008c900000|100%| E|CS|TAMS 0x000000008c800000, 0x000000008c800000| Complete 
| 201|0x000000008c900000, 0x000000008ca00000, 0x000000008ca00000|100%| E|CS|TAMS 0x000000008c900000, 0x000000008c900000| Complete 
| 202|0x000000008ca00000, 0x000000008cb00000, 0x000000008cb00000|100%| E|CS|TAMS 0x000000008ca00000, 0x000000008ca00000| Complete 
| 203|0x000000008cb00000, 0x000000008cc00000, 0x000000008cc00000|100%| E|CS|TAMS 0x000000008cb00000, 0x000000008cb00000| Complete 
| 204|0x000000008cc00000, 0x000000008cd00000, 0x000000008cd00000|100%| E|CS|TAMS 0x000000008cc00000, 0x000000008cc00000| Complete 
| 205|0x000000008cd00000, 0x000000008ce00000, 0x000000008ce00000|100%| E|CS|TAMS 0x000000008cd00000, 0x000000008cd00000| Complete 
| 206|0x000000008ce00000, 0x000000008cf00000, 0x000000008cf00000|100%| E|CS|TAMS 0x000000008ce00000, 0x000000008ce00000| Complete 
| 207|0x000000008cf00000, 0x000000008d000000, 0x000000008d000000|100%| E|CS|TAMS 0x000000008cf00000, 0x000000008cf00000| Complete 
| 208|0x000000008d000000, 0x000000008d100000, 0x000000008d100000|100%| E|CS|TAMS 0x000000008d000000, 0x000000008d000000| Complete 
| 209|0x000000008d100000, 0x000000008d200000, 0x000000008d200000|100%| E|CS|TAMS 0x000000008d100000, 0x000000008d100000| Complete 
| 210|0x000000008d200000, 0x000000008d300000, 0x000000008d300000|100%| E|CS|TAMS 0x000000008d200000, 0x000000008d200000| Complete 
| 211|0x000000008d300000, 0x000000008d400000, 0x000000008d400000|100%| E|CS|TAMS 0x000000008d300000, 0x000000008d300000| Complete 
| 212|0x000000008d400000, 0x000000008d500000, 0x000000008d500000|100%| E|CS|TAMS 0x000000008d400000, 0x000000008d400000| Complete 
| 213|0x000000008d500000, 0x000000008d600000, 0x000000008d600000|100%| E|CS|TAMS 0x000000008d500000, 0x000000008d500000| Complete 
| 214|0x000000008d600000, 0x000000008d700000, 0x000000008d700000|100%| E|CS|TAMS 0x000000008d600000, 0x000000008d600000| Complete 
| 215|0x000000008d700000, 0x000000008d800000, 0x000000008d800000|100%| E|CS|TAMS 0x000000008d700000, 0x000000008d700000| Complete 
| 216|0x000000008d800000, 0x000000008d900000, 0x000000008d900000|100%| E|CS|TAMS 0x000000008d800000, 0x000000008d800000| Complete 
| 217|0x000000008d900000, 0x000000008da00000, 0x000000008da00000|100%| E|CS|TAMS 0x000000008d900000, 0x000000008d900000| Complete 
| 218|0x000000008da00000, 0x000000008db00000, 0x000000008db00000|100%| E|CS|TAMS 0x000000008da00000, 0x000000008da00000| Complete 
| 219|0x000000008db00000, 0x000000008dc00000, 0x000000008dc00000|100%| E|CS|TAMS 0x000000008db00000, 0x000000008db00000| Complete 

Card table byte_map: [0x0000029c522d0000,0x0000029c526d0000] _byte_map_base: 0x0000029c51ed0000

Marking Bits (Prev, Next): (CMBitMap*) 0x0000029c3d1c8be8, (CMBitMap*) 0x0000029c3d1c8c20
 Prev Bits: [0x0000029c52ad0000, 0x0000029c54ad0000)
 Next Bits: [0x0000029c54ad0000, 0x0000029c56ad0000)

Polling page: 0x0000029c3d260000

Metaspace:

Usage:
  Non-class:     76.01 MB capacity,    74.28 MB ( 98%) used,     1.46 MB (  2%) free+waste,   269.13 KB ( <1%) overhead. 
      Class:     11.90 MB capacity,    10.96 MB ( 92%) used,   849.34 KB (  7%) free+waste,   122.00 KB (  1%) overhead. 
       Both:     87.91 MB capacity,    85.24 MB ( 97%) used,     2.29 MB (  3%) free+waste,   391.13 KB ( <1%) overhead. 

Virtual space:
  Non-class space:       78.00 MB reserved,      76.18 MB ( 98%) committed 
      Class space:        1.00 GB reserved,      11.95 MB (  1%) committed 
             Both:        1.08 GB reserved,      88.13 MB (  8%) committed 

Chunk freelists:
   Non-Class:  43.00 KB
       Class:  2.00 KB
        Both:  45.00 KB

MaxMetaspaceSize: 17179869184.00 GB
CompressedClassSpaceSize: 1.00 GB

CodeHeap 'non-profiled nmethods': size=120000Kb used=8078Kb max_used=8078Kb free=111922Kb
 bounds [0x0000029c49f30000, 0x0000029c4a720000, 0x0000029c51460000]
CodeHeap 'profiled nmethods': size=120000Kb used=26205Kb max_used=26205Kb free=93794Kb
 bounds [0x0000029c42a00000, 0x0000029c443a0000, 0x0000029c49f30000]
CodeHeap 'non-nmethods': size=5760Kb used=2287Kb max_used=2356Kb free=3472Kb
 bounds [0x0000029c42460000, 0x0000029c426d0000, 0x0000029c42a00000]
 total_blobs=12735 nmethods=11843 adapters=803
 compilation: enabled
              stopped_count=0, restarted_count=0
 full_count=0

Compilation events (20 events):
Event: 18.893 Thread 0x0000029c5d9f4000 nmethod 11938 0x0000029c4a710610 code [0x0000029c4a7107a0, 0x0000029c4a710818]
Event: 18.893 Thread 0x0000029c5d9f4000 11939       4       com.google.common.collect.ImmutableMap$Builder::put (17 bytes)
Event: 18.905 Thread 0x0000029c5d9f4000 nmethod 11939 0x0000029c4a710890 code [0x0000029c4a710a60, 0x0000029c4a711198]
Event: 18.905 Thread 0x0000029c5d9f4000 11940       4       org.gradle.api.internal.attributes.DefaultImmutableAttributes::keySet (8 bytes)
Event: 18.911 Thread 0x0000029c5d9f4000 nmethod 11940 0x0000029c4a711510 code [0x0000029c4a7116c0, 0x0000029c4a711ad8]
Event: 18.912 Thread 0x0000029c5d9f4000 11941       4       org.gradle.internal.snapshot.impl.StringValueSnapshot::isolate (5 bytes)
Event: 18.913 Thread 0x0000029c5d9f4000 nmethod 11941 0x0000029c4a711c10 code [0x0000029c4a711da0, 0x0000029c4a711e18]
Event: 18.915 Thread 0x0000029c5d9f4000 11942       4       com.google.common.collect.RegularImmutableMap$KeySet::iterator (8 bytes)
Event: 18.919 Thread 0x0000029c5d9f4000 nmethod 11942 0x0000029c4a711e90 code [0x0000029c4a712040, 0x0000029c4a7121f8]
Event: 18.920 Thread 0x0000029c5d9f4000 11943       4       org.gradle.api.internal.attributes.EmptySchema::compatibilityRules (5 bytes)
Event: 18.921 Thread 0x0000029c5d9f4000 nmethod 11943 0x0000029c4a712390 code [0x0000029c4a712520, 0x0000029c4a712598]
Event: 18.927 Thread 0x0000029c5d9f4000 11944       4       org.gradle.api.internal.artifacts.transform.TransformationStep::requiresDependencies (10 bytes)
Event: 18.928 Thread 0x0000029c5d9f4000 nmethod 11944 0x0000029c4a712610 code [0x0000029c4a7127a0, 0x0000029c4a712838]
Event: 18.929 Thread 0x0000029c5d9f4000 11945       4       org.gradle.api.internal.artifacts.transform.ConsumerProvidedVariantFinder::getCache (41 bytes)
Event: 18.942 Thread 0x0000029c5d9f4000 nmethod 11945 0x0000029c4a712910 code [0x0000029c4a712b00, 0x0000029c4a712f88]
Event: 18.946 Thread 0x0000029c5d9f4000 11946       4       com.google.common.collect.SingletonImmutableSet::iterator (5 bytes)
Event: 18.947 Thread 0x0000029c5d9f4000 nmethod 11946 0x0000029c4a713490 code [0x0000029c4a713620, 0x0000029c4a7136f8]
Event: 18.950 Thread 0x0000029c595e5800 11947       3       org.gradle.internal.instantiation.generator.DefaultInstantiatorFactory$ClassGeneratorBackedManagedFactory::fromState (30 bytes)
Event: 18.951 Thread 0x0000029c595e5800 nmethod 11947 0x0000029c44395490 code [0x0000029c44395680, 0x0000029c44395a28]
Event: 18.951 Thread 0x0000029c5d9f4000 11948       4       org.gradle.internal.instantiation.generator.AbstractClassGenerator$PropertyMetadata::hasAnnotation (40 bytes)

GC Heap History (20 events):
Event: 6.670 GC heap before
{Heap before GC invocations=10 (full 0):
 garbage-first heap   total 155648K, used 115793K [0x0000000080000000, 0x0000000100000000)
  region size 1024K, 89 young (91136K), 8 survivors (8192K)
 Metaspace       used 52213K, capacity 53766K, committed 53964K, reserved 1095680K
  class space    used 6656K, capacity 7256K, committed 7372K, reserved 1048576K
}
Event: 6.682 GC heap after
{Heap after GC invocations=11 (full 0):
 garbage-first heap   total 155648K, used 43732K [0x0000000080000000, 0x0000000100000000)
  region size 1024K, 12 young (12288K), 12 survivors (12288K)
 Metaspace       used 52213K, capacity 53766K, committed 53964K, reserved 1095680K
  class space    used 6656K, capacity 7256K, committed 7372K, reserved 1048576K
}
Event: 7.294 GC heap before
{Heap before GC invocations=11 (full 0):
 garbage-first heap   total 155648K, used 82644K [0x0000000080000000, 0x0000000100000000)
  region size 1024K, 51 young (52224K), 12 survivors (12288K)
 Metaspace       used 58437K, capacity 60074K, committed 60288K, reserved 1101824K
  class space    used 7420K, capacity 8032K, committed 8140K, reserved 1048576K
}
Event: 7.309 GC heap after
{Heap after GC invocations=12 (full 0):
 garbage-first heap   total 155648K, used 47182K [0x0000000080000000, 0x0000000100000000)
  region size 1024K, 3 young (3072K), 3 survivors (3072K)
 Metaspace       used 58437K, capacity 60074K, committed 60288K, reserved 1101824K
  class space    used 7420K, capacity 8032K, committed 8140K, reserved 1048576K
}
Event: 8.044 GC heap before
{Heap before GC invocations=13 (full 0):
 garbage-first heap   total 155648K, used 105550K [0x0000000080000000, 0x0000000100000000)
  region size 1024K, 60 young (61440K), 3 survivors (3072K)
 Metaspace       used 63332K, capacity 65089K, committed 65280K, reserved 1105920K
  class space    used 8047K, capacity 8708K, committed 8780K, reserved 1048576K
}
Event: 8.052 GC heap after
{Heap after GC invocations=14 (full 0):
 garbage-first heap   total 187392K, used 51037K [0x0000000080000000, 0x0000000100000000)
  region size 1024K, 7 young (7168K), 7 survivors (7168K)
 Metaspace       used 63332K, capacity 65089K, committed 65280K, reserved 1105920K
  class space    used 8047K, capacity 8708K, committed 8780K, reserved 1048576K
}
Event: 8.802 GC heap before
{Heap before GC invocations=15 (full 0):
 garbage-first heap   total 187392K, used 122717K [0x0000000080000000, 0x0000000100000000)
  region size 1024K, 77 young (78848K), 7 survivors (7168K)
 Metaspace       used 66984K, capacity 68889K, committed 68992K, reserved 1110016K
  class space    used 8659K, capacity 9335K, committed 9420K, reserved 1048576K
}
Event: 8.812 GC heap after
{Heap after GC invocations=16 (full 0):
 garbage-first heap   total 187392K, used 56570K [0x0000000080000000, 0x0000000100000000)
  region size 1024K, 10 young (10240K), 10 survivors (10240K)
 Metaspace       used 66984K, capacity 68889K, committed 68992K, reserved 1110016K
  class space    used 8659K, capacity 9335K, committed 9420K, reserved 1048576K
}
Event: 9.451 GC heap before
{Heap before GC invocations=16 (full 0):
 garbage-first heap   total 187392K, used 128250K [0x0000000080000000, 0x0000000100000000)
  region size 1024K, 80 young (81920K), 10 survivors (10240K)
 Metaspace       used 69786K, capacity 71904K, committed 72064K, reserved 1112064K
  class space    used 9067K, capacity 9854K, committed 9932K, reserved 1048576K
}
Event: 9.461 GC heap after
{Heap after GC invocations=17 (full 0):
 garbage-first heap   total 187392K, used 62476K [0x0000000080000000, 0x0000000100000000)
  region size 1024K, 6 young (6144K), 6 survivors (6144K)
 Metaspace       used 69786K, capacity 71904K, committed 72064K, reserved 1112064K
  class space    used 9067K, capacity 9854K, committed 9932K, reserved 1048576K
}
Event: 10.931 GC heap before
{Heap before GC invocations=17 (full 0):
 garbage-first heap   total 187392K, used 134156K [0x0000000080000000, 0x0000000100000000)
  region size 1024K, 76 young (77824K), 6 survivors (6144K)
 Metaspace       used 72246K, capacity 74500K, committed 74624K, reserved 1114112K
  class space    used 9275K, capacity 10092K, committed 10188K, reserved 1048576K
}
Event: 10.943 GC heap after
{Heap after GC invocations=18 (full 0):
 garbage-first heap   total 187392K, used 66430K [0x0000000080000000, 0x0000000100000000)
  region size 1024K, 10 young (10240K), 10 survivors (10240K)
 Metaspace       used 72246K, capacity 74500K, committed 74624K, reserved 1114112K
  class space    used 9275K, capacity 10092K, committed 10188K, reserved 1048576K
}
Event: 12.441 GC heap before
{Heap before GC invocations=18 (full 0):
 garbage-first heap   total 187392K, used 138110K [0x0000000080000000, 0x0000000100000000)
  region size 1024K, 80 young (81920K), 10 survivors (10240K)
 Metaspace       used 79438K, capacity 81805K, committed 82048K, reserved 1120256K
  class space    used 10292K, capacity 11117K, committed 11212K, reserved 1048576K
}
Event: 12.456 GC heap after
{Heap after GC invocations=19 (full 0):
 garbage-first heap   total 187392K, used 71547K [0x0000000080000000, 0x0000000100000000)
  region size 1024K, 10 young (10240K), 10 survivors (10240K)
 Metaspace       used 79438K, capacity 81805K, committed 82048K, reserved 1120256K
  class space    used 10292K, capacity 11117K, committed 11212K, reserved 1048576K
}
Event: 14.308 GC heap before
{Heap before GC invocations=19 (full 0):
 garbage-first heap   total 187392K, used 141179K [0x0000000080000000, 0x0000000100000000)
  region size 1024K, 79 young (80896K), 10 survivors (10240K)
 Metaspace       used 81591K, capacity 84198K, committed 84480K, reserved 1122304K
  class space    used 10597K, capacity 11569K, committed 11596K, reserved 1048576K
}
Event: 14.324 GC heap after
{Heap after GC invocations=20 (full 0):
 garbage-first heap   total 187392K, used 76313K [0x0000000080000000, 0x0000000100000000)
  region size 1024K, 10 young (10240K), 10 survivors (10240K)
 Metaspace       used 81591K, capacity 84198K, committed 84480K, reserved 1122304K
  class space    used 10597K, capacity 11569K, committed 11596K, reserved 1048576K
}
Event: 15.093 GC heap before
{Heap before GC invocations=20 (full 0):
 garbage-first heap   total 187392K, used 145945K [0x0000000080000000, 0x0000000100000000)
  region size 1024K, 78 young (79872K), 10 survivors (10240K)
 Metaspace       used 82127K, capacity 84797K, committed 85120K, reserved 1122304K
  class space    used 10637K, capacity 11622K, committed 11724K, reserved 1048576K
}
Event: 15.109 GC heap after
{Heap after GC invocations=21 (full 0):
 garbage-first heap   total 225280K, used 81429K [0x0000000080000000, 0x0000000100000000)
  region size 1024K, 10 young (10240K), 10 survivors (10240K)
 Metaspace       used 82127K, capacity 84797K, committed 85120K, reserved 1122304K
  class space    used 10637K, capacity 11622K, committed 11724K, reserved 1048576K
}
Event: 16.376 GC heap before
{Heap before GC invocations=21 (full 0):
 garbage-first heap   total 225280K, used 166421K [0x0000000080000000, 0x0000000100000000)
  region size 1024K, 94 young (96256K), 10 survivors (10240K)
 Metaspace       used 85179K, capacity 87820K, committed 87936K, reserved 1126400K
  class space    used 10981K, capacity 11946K, committed 11980K, reserved 1048576K
}
Event: 16.393 GC heap after
{Heap after GC invocations=22 (full 0):
 garbage-first heap   total 225280K, used 85322K [0x0000000080000000, 0x0000000100000000)
  region size 1024K, 9 young (9216K), 9 survivors (9216K)
 Metaspace       used 85179K, capacity 87820K, committed 87936K, reserved 1126400K
  class space    used 10981K, capacity 11946K, committed 11980K, reserved 1048576K
}

Deoptimization events (20 events):
Event: 18.769 Thread 0x0000029c62c46800 Uncommon trap: trap_request=0xffffffde fr.pc=0x0000029c4a5dec50 relative=0x0000000000004df0
Event: 18.769 Thread 0x0000029c62c46800 Uncommon trap: reason=class_check action=maybe_recompile pc=0x0000029c4a5dec50 method=org.gradle.internal.fingerprint.impl.RelativePathFingerprintingStrategy.lambda$collectFingerprints$0(Ljava/util/HashSet;Lcom/google/common/collect/ImmutableMap$Builder;L
Event: 18.769 Thread 0x0000029c62c46800 DEOPT PACKING pc=0x0000029c4a5dec50 sp=0x000000c96d5fc4a0
Event: 18.769 Thread 0x0000029c62c46800 DEOPT UNPACKING pc=0x0000029c424878af sp=0x000000c96d5fc450 mode 2
Event: 18.769 Thread 0x0000029c62c46800 Uncommon trap: trap_request=0xffffffde fr.pc=0x0000029c4a5dec50 relative=0x0000000000004df0
Event: 18.769 Thread 0x0000029c62c46800 Uncommon trap: reason=class_check action=maybe_recompile pc=0x0000029c4a5dec50 method=org.gradle.internal.fingerprint.impl.RelativePathFingerprintingStrategy.lambda$collectFingerprints$0(Ljava/util/HashSet;Lcom/google/common/collect/ImmutableMap$Builder;L
Event: 18.769 Thread 0x0000029c62c46800 DEOPT PACKING pc=0x0000029c4a5dec50 sp=0x000000c96d5fc4a0
Event: 18.769 Thread 0x0000029c62c46800 DEOPT UNPACKING pc=0x0000029c424878af sp=0x000000c96d5fc450 mode 2
Event: 18.769 Thread 0x0000029c62c46800 Uncommon trap: trap_request=0xffffffde fr.pc=0x0000029c4a5dec50 relative=0x0000000000004df0
Event: 18.769 Thread 0x0000029c62c46800 Uncommon trap: reason=class_check action=maybe_recompile pc=0x0000029c4a5dec50 method=org.gradle.internal.fingerprint.impl.RelativePathFingerprintingStrategy.lambda$collectFingerprints$0(Ljava/util/HashSet;Lcom/google/common/collect/ImmutableMap$Builder;L
Event: 18.769 Thread 0x0000029c62c46800 DEOPT PACKING pc=0x0000029c4a5dec50 sp=0x000000c96d5fc4a0
Event: 18.769 Thread 0x0000029c62c46800 DEOPT UNPACKING pc=0x0000029c424878af sp=0x000000c96d5fc450 mode 2
Event: 18.769 Thread 0x0000029c62c46800 Uncommon trap: trap_request=0xffffffde fr.pc=0x0000029c4a5dec50 relative=0x0000000000004df0
Event: 18.769 Thread 0x0000029c62c46800 Uncommon trap: reason=class_check action=maybe_recompile pc=0x0000029c4a5dec50 method=org.gradle.internal.fingerprint.impl.RelativePathFingerprintingStrategy.lambda$collectFingerprints$0(Ljava/util/HashSet;Lcom/google/common/collect/ImmutableMap$Builder;L
Event: 18.769 Thread 0x0000029c62c46800 DEOPT PACKING pc=0x0000029c4a5dec50 sp=0x000000c96d5fc4a0
Event: 18.769 Thread 0x0000029c62c46800 DEOPT UNPACKING pc=0x0000029c424878af sp=0x000000c96d5fc450 mode 2
Event: 18.954 Thread 0x0000029c62c46800 Uncommon trap: trap_request=0xffffffd6 fr.pc=0x0000029c4a62549c relative=0x000000000000085c
Event: 18.954 Thread 0x0000029c62c46800 Uncommon trap: reason=array_check action=maybe_recompile pc=0x0000029c4a62549c method=java.util.TimSort.binarySort([Ljava/lang/Object;IIILjava/util/Comparator;)V @ 183 c2
Event: 18.954 Thread 0x0000029c62c46800 DEOPT PACKING pc=0x0000029c4a62549c sp=0x000000c96d5fa6e0
Event: 18.954 Thread 0x0000029c62c46800 DEOPT UNPACKING pc=0x0000029c424878af sp=0x000000c96d5fa688 mode 2

Classes redefined (0 events):
No events

Internal exceptions (20 events):
Event: 15.622 Thread 0x0000029c62c4a800 Exception <a 'sun/nio/fs/WindowsException'{0x000000008aeb7860}> (0x000000008aeb7860) thrown at [./src/hotspot/share/prims/jni.cpp, line 615]
Event: 15.622 Thread 0x0000029c62c4a800 Exception <a 'sun/nio/fs/WindowsException'{0x000000008aeb8860}> (0x000000008aeb8860) thrown at [./src/hotspot/share/prims/jni.cpp, line 615]
Event: 15.623 Thread 0x0000029c62c4a800 Exception <a 'sun/nio/fs/WindowsException'{0x000000008aeb9440}> (0x000000008aeb9440) thrown at [./src/hotspot/share/prims/jni.cpp, line 615]
Event: 15.623 Thread 0x0000029c62c4a800 Exception <a 'sun/nio/fs/WindowsException'{0x000000008aeba410}> (0x000000008aeba410) thrown at [./src/hotspot/share/prims/jni.cpp, line 615]
Event: 15.624 Thread 0x0000029c62c4a800 Exception <a 'sun/nio/fs/WindowsException'{0x000000008aebaff0}> (0x000000008aebaff0) thrown at [./src/hotspot/share/prims/jni.cpp, line 615]
Event: 15.624 Thread 0x0000029c62c4a800 Exception <a 'sun/nio/fs/WindowsException'{0x000000008aebbfd8}> (0x000000008aebbfd8) thrown at [./src/hotspot/share/prims/jni.cpp, line 615]
Event: 15.624 Thread 0x0000029c62c4a800 Exception <a 'sun/nio/fs/WindowsException'{0x000000008aebcae0}> (0x000000008aebcae0) thrown at [./src/hotspot/share/prims/jni.cpp, line 615]
Event: 15.624 Thread 0x0000029c62c4a800 Exception <a 'sun/nio/fs/WindowsException'{0x000000008aebda98}> (0x000000008aebda98) thrown at [./src/hotspot/share/prims/jni.cpp, line 615]
Event: 15.651 Thread 0x0000029c62c4a800 Exception <a 'java/lang/NoSuchMethodError'{0x000000008ac42458}: <clinit>> (0x000000008ac42458) thrown at [./src/hotspot/share/prims/jni.cpp, line 1362]
Event: 15.659 Thread 0x0000029c62c4a800 Exception <a 'java/lang/NoSuchMethodError'{0x000000008ac785c8}: <clinit>> (0x000000008ac785c8) thrown at [./src/hotspot/share/prims/jni.cpp, line 1362]
Event: 15.666 Thread 0x0000029c62c4a800 Exception <a 'java/lang/NoSuchMethodError'{0x000000008acb3770}: <clinit>> (0x000000008acb3770) thrown at [./src/hotspot/share/prims/jni.cpp, line 1362]
Event: 15.676 Thread 0x0000029c62c4a800 Exception <a 'java/lang/NoSuchMethodError'{0x000000008acc6570}: <clinit>> (0x000000008acc6570) thrown at [./src/hotspot/share/prims/jni.cpp, line 1362]
Event: 16.237 Thread 0x0000029c5f18d000 Implicit null exception at 0x0000029c4a63664f to 0x0000029c4a636f2c
Event: 16.279 Thread 0x0000029c5f189000 Implicit null exception at 0x0000029c4a638bd2 to 0x0000029c4a638fd8
Event: 17.547 Thread 0x0000029c62c48000 Exception <a 'java/lang/NoSuchMethodError'{0x000000008bb3a4a8}: 'void java.lang.invoke.DirectMethodHandle$Holder.invokeStatic(java.lang.Object, long)'> (0x000000008bb3a4a8) thrown at [./src/hotspot/share/interpreter/linkResolver.cpp, line 773]
Event: 17.548 Thread 0x0000029c62c48000 Exception <a 'java/lang/NoSuchMethodError'{0x000000008bb3f6c0}: 'java.lang.Object java.lang.invoke.DirectMethodHandle$Holder.invokeStatic(java.lang.Object, long)'> (0x000000008bb3f6c0) thrown at [./src/hotspot/share/interpreter/linkResolver.cpp, line 773]
Event: 17.552 Thread 0x0000029c62c48000 Exception <a 'java/lang/NoSuchMethodError'{0x000000008bb4da28}: 'java.lang.Object java.lang.invoke.DirectMethodHandle$Holder.invokeStaticInit(java.lang.Object, java.lang.Object, long, java.lang.Object)'> (0x000000008bb4da28) thrown at [./src/hotspot/share/interpreter/linkResolver.cpp, line 773]
Event: 17.556 Thread 0x0000029c62c48000 Exception <a 'java/lang/NoSuchMethodError'{0x000000008bb53bc0}: 'java.lang.Object java.lang.invoke.DirectMethodHandle$Holder.invokeStatic(java.lang.Object, java.lang.Object, long)'> (0x000000008bb53bc0) thrown at [./src/hotspot/share/interpreter/linkResolver.cpp, line 773]
Event: 17.556 Thread 0x0000029c62c48000 Exception <a 'java/lang/NoSuchMethodError'{0x000000008bb5a138}: 'java.lang.Object java.lang.invoke.Invokers$Holder.linkToTargetMethod(java.lang.Object, long, java.lang.Object)'> (0x000000008bb5a138) thrown at [./src/hotspot/share/interpreter/linkResolver.cpp, line 773]
Event: 18.730 Thread 0x0000029c62c48000 Exception <a 'java/lang/NoSuchMethodError'{0x0000000089fcd298}: 'int java.lang.invoke.DirectMethodHandle$Holder.invokeSpecialIFC(java.lang.Object, java.lang.Object, java.lang.Object)'> (0x0000000089fcd298) thrown at [./src/hotspot/share/interpreter/linkResolver.cpp, line 773]

Events (20 events):
Event: 18.720 loading class com/google/common/collect/Iterables$4
Event: 18.720 loading class com/google/common/collect/Iterables$4 done
Event: 18.721 loading class com/google/common/collect/FluentIterable
Event: 18.721 loading class com/google/common/collect/FluentIterable done
Event: 18.722 loading class com/google/common/collect/FluentIterable$2
Event: 18.722 loading class com/google/common/collect/FluentIterable$2 done
Event: 18.723 loading class com/google/common/collect/FluentIterable$1
Event: 18.723 loading class com/google/common/collect/FluentIterable$1 done
Event: 18.723 loading class com/google/common/collect/FluentIterable$3
Event: 18.723 loading class com/google/common/collect/FluentIterable$3 done
Event: 18.724 loading class com/google/common/base/Optional
Event: 18.724 loading class com/google/common/base/Optional done
Event: 18.726 loading class com/google/common/base/Present
Event: 18.726 loading class com/google/common/base/Present done
Event: 18.727 loading class com/google/common/base/Absent
Event: 18.727 loading class com/google/common/base/Absent done
Event: 18.729 loading class com/google/common/collect/AbstractIterator$State
Event: 18.729 loading class com/google/common/collect/AbstractIterator$State done
Event: 18.729 loading class com/google/common/collect/AbstractIterator$1
Event: 18.729 loading class com/google/common/collect/AbstractIterator$1 done


Dynamic libraries:
0x00007ff7bc6e0000 - 0x00007ff7bc6ea000 	C:\Program Files\Android\Android Studio3\jre\bin\java.exe
0x00007ffd703a0000 - 0x00007ffd705af000 	C:\WINDOWS\SYSTEM32\ntdll.dll
0x00007ffd6ed30000 - 0x00007ffd6eded000 	C:\WINDOWS\System32\KERNEL32.DLL
0x00007ffd6d860000 - 0x00007ffd6dbe6000 	C:\WINDOWS\System32\KERNELBASE.dll
0x00007ffd6e0d0000 - 0x00007ffd6e1e1000 	C:\WINDOWS\System32\ucrtbase.dll
0x00007ffd5f590000 - 0x00007ffd5f5a9000 	C:\Program Files\Android\Android Studio3\jre\bin\jli.dll
0x00007ffd5d820000 - 0x00007ffd5d837000 	C:\Program Files\Android\Android Studio3\jre\bin\VCRUNTIME140.dll
0x00007ffd6f140000 - 0x00007ffd6f2ea000 	C:\WINDOWS\System32\USER32.dll
0x00007ffd56840000 - 0x00007ffd56ae1000 	C:\WINDOWS\WinSxS\amd64_microsoft.windows.common-controls_6595b64144ccf1df_6.0.22471.1000_none_228bc6e77ad112f7\COMCTL32.dll
0x00007ffd6e1f0000 - 0x00007ffd6e216000 	C:\WINDOWS\System32\win32u.dll
0x00007ffd6e290000 - 0x00007ffd6e334000 	C:\WINDOWS\System32\msvcrt.dll
0x00007ffd6e580000 - 0x00007ffd6e5a9000 	C:\WINDOWS\System32\GDI32.dll
0x00007ffd6dfb0000 - 0x00007ffd6e0c7000 	C:\WINDOWS\System32\gdi32full.dll
0x00007ffd6de80000 - 0x00007ffd6df1b000 	C:\WINDOWS\System32\msvcp_win.dll
0x00007ffd6e540000 - 0x00007ffd6e571000 	C:\WINDOWS\System32\IMM32.DLL
0x00007ffd52010000 - 0x00007ffd520ad000 	C:\Program Files\Android\Android Studio3\jre\bin\msvcp140.dll
0x00007ffd431e0000 - 0x00007ffd43caf000 	C:\Program Files\Android\Android Studio3\jre\bin\server\jvm.dll
0x00007ffd6e5b0000 - 0x00007ffd6e65e000 	C:\WINDOWS\System32\ADVAPI32.dll
0x00007ffd6ec80000 - 0x00007ffd6ed21000 	C:\WINDOWS\System32\sechost.dll
0x00007ffd6e420000 - 0x00007ffd6e540000 	C:\WINDOWS\System32\RPCRT4.dll
0x00007ffd6e220000 - 0x00007ffd6e228000 	C:\WINDOWS\System32\PSAPI.DLL
0x00007ffd678d0000 - 0x00007ffd67903000 	C:\WINDOWS\SYSTEM32\WINMM.dll
0x00007ffd4a4b0000 - 0x00007ffd4a4b9000 	C:\WINDOWS\SYSTEM32\WSOCK32.dll
0x00007ffd6b550000 - 0x00007ffd6b55a000 	C:\WINDOWS\SYSTEM32\VERSION.dll
0x00007ffd6f2f0000 - 0x00007ffd6f361000 	C:\WINDOWS\System32\WS2_32.dll
0x00007ffd6c930000 - 0x00007ffd6c948000 	C:\WINDOWS\SYSTEM32\kernel.appcore.dll
0x00007ffd69cf0000 - 0x00007ffd69d01000 	C:\Program Files\Android\Android Studio3\jre\bin\verify.dll
0x00007ffd65500000 - 0x00007ffd65727000 	C:\WINDOWS\SYSTEM32\DBGHELP.DLL
0x00007ffd6e900000 - 0x00007ffd6ec7e000 	C:\WINDOWS\System32\combase.dll
0x00007ffd5d9f0000 - 0x00007ffd5da21000 	C:\WINDOWS\SYSTEM32\dbgcore.DLL
0x00007ffd6df20000 - 0x00007ffd6dfa1000 	C:\WINDOWS\System32\bcryptPrimitives.dll
0x00007ffd69b50000 - 0x00007ffd69b79000 	C:\Program Files\Android\Android Studio3\jre\bin\java.dll
0x00007ffd69310000 - 0x00007ffd6931b000 	C:\Program Files\Android\Android Studio3\jre\bin\jimage.dll
0x00007ffd60970000 - 0x00007ffd60988000 	C:\Program Files\Android\Android Studio3\jre\bin\zip.dll
0x00007ffd6f980000 - 0x00007ffd7012b000 	C:\WINDOWS\System32\SHELL32.dll
0x00007ffd6b900000 - 0x00007ffd6c15c000 	C:\WINDOWS\SYSTEM32\windows.storage.dll
0x00007ffd6b7b0000 - 0x00007ffd6b8f9000 	C:\WINDOWS\SYSTEM32\wintypes.dll
0x00007ffd6e7a0000 - 0x00007ffd6e890000 	C:\WINDOWS\System32\SHCORE.dll
0x00007ffd6e890000 - 0x00007ffd6e8eb000 	C:\WINDOWS\System32\shlwapi.dll
0x00007ffd6d790000 - 0x00007ffd6d7b1000 	C:\WINDOWS\SYSTEM32\profapi.dll
0x00007ffd60950000 - 0x00007ffd6096a000 	C:\Program Files\Android\Android Studio3\jre\bin\net.dll
0x00007ffd67910000 - 0x00007ffd67a20000 	C:\WINDOWS\SYSTEM32\WINHTTP.dll
0x00007ffd6cd80000 - 0x00007ffd6cde9000 	C:\WINDOWS\system32\mswsock.dll
0x00007ffd60930000 - 0x00007ffd60944000 	C:\Program Files\Android\Android Studio3\jre\bin\nio.dll
0x00007ffd60530000 - 0x00007ffd60557000 	C:\Users\xpmkm\.gradle\native\8bec1ad78214c89d9ad589b4d07fe93259594b29d510b10fafb7a158f7737e5d\windows-amd64\native-platform.dll
0x00007ffd60180000 - 0x00007ffd602bd000 	C:\Users\xpmkm\.gradle\native\53dbd7edfb1c66fb8903c78663c9afc45aea4f116125fa6feffd364cf09443e8\windows-amd64\native-platform-file-events.dll
0x00007ffd69300000 - 0x00007ffd6930a000 	C:\Program Files\Android\Android Studio3\jre\bin\management.dll
0x00007ffd69040000 - 0x00007ffd6904c000 	C:\Program Files\Android\Android Studio3\jre\bin\management_ext.dll
0x00007ffd6cfd0000 - 0x00007ffd6cfe8000 	C:\WINDOWS\SYSTEM32\CRYPTSP.dll
0x00007ffd6c890000 - 0x00007ffd6c8c5000 	C:\WINDOWS\system32\rsaenh.dll
0x00007ffd6ce80000 - 0x00007ffd6cea9000 	C:\WINDOWS\SYSTEM32\USERENV.dll
0x00007ffd6d1c0000 - 0x00007ffd6d1e8000 	C:\WINDOWS\SYSTEM32\bcrypt.dll
0x00007ffd6cff0000 - 0x00007ffd6cffc000 	C:\WINDOWS\SYSTEM32\CRYPTBASE.dll
0x00007ffd6c380000 - 0x00007ffd6c3ad000 	C:\WINDOWS\SYSTEM32\IPHLPAPI.DLL
0x00007ffd6e8f0000 - 0x00007ffd6e8f9000 	C:\WINDOWS\System32\NSI.dll
0x00007ffd67320000 - 0x00007ffd67339000 	C:\WINDOWS\SYSTEM32\dhcpcsvc6.DLL
0x00007ffd672e0000 - 0x00007ffd672fe000 	C:\WINDOWS\SYSTEM32\dhcpcsvc.DLL
0x00007ffd6c3b0000 - 0x00007ffd6c4a1000 	C:\WINDOWS\SYSTEM32\DNSAPI.dll

dbghelp: loaded successfully - version: 4.0.5 - missing functions: none
symbol engine: initialized successfully - sym options: 0x614 - pdb path: .;C:\Program Files\Android\Android Studio3\jre\bin;C:\WINDOWS\SYSTEM32;C:\WINDOWS\WinSxS\amd64_microsoft.windows.common-controls_6595b64144ccf1df_6.0.22471.1000_none_228bc6e77ad112f7;C:\Program Files\Android\Android Studio3\jre\bin\server;C:\Users\xpmkm\.gradle\native\8bec1ad78214c89d9ad589b4d07fe93259594b29d510b10fafb7a158f7737e5d\windows-amd64;C:\Users\xpmkm\.gradle\native\53dbd7edfb1c66fb8903c78663c9afc45aea4f116125fa6feffd364cf09443e8\windows-amd64

VM Arguments:
jvm_args: --add-opens=java.base/java.util=ALL-UNNAMED --add-opens=java.base/java.lang=ALL-UNNAMED --add-opens=java.base/java.lang.invoke=ALL-UNNAMED --add-opens=java.base/java.util=ALL-UNNAMED --add-opens=java.prefs/java.util.prefs=ALL-UNNAMED --add-opens=java.prefs/java.util.prefs=ALL-UNNAMED --add-opens=java.base/java.nio.charset=ALL-UNNAMED --add-opens=java.base/java.net=ALL-UNNAMED --add-opens=java.base/java.util.concurrent.atomic=ALL-UNNAMED -Xmx2048m -Dfile.encoding=UTF-8 -Duser.country=IN -Duser.language=en -Duser.variant 
java_command: org.gradle.launcher.daemon.bootstrap.GradleDaemon 7.0.2
java_class_path (initial): C:\Users\xpmkm\.gradle\wrapper\dists\gradle-7.0.2-bin\857tjihv64xamwrf0h14cai3r\gradle-7.0.2\lib\gradle-launcher-7.0.2.jar
Launcher Type: SUN_STANDARD

[Global flags]
     intx CICompilerCount                          = 4                                         {product} {ergonomic}
     uint ConcGCThreads                            = 2                                         {product} {ergonomic}
     uint G1ConcRefinementThreads                  = 8                                         {product} {ergonomic}
   size_t G1HeapRegionSize                         = 1048576                                   {product} {ergonomic}
    uintx GCDrainStackTargetSize                   = 64                                        {product} {ergonomic}
   size_t InitialHeapSize                          = 132120576                                 {product} {ergonomic}
   size_t MarkStackSize                            = 4194304                                   {product} {ergonomic}
   size_t MaxHeapSize                              = 2147483648                                {product} {command line}
   size_t MaxNewSize                               = 1287651328                                {product} {ergonomic}
   size_t MinHeapDeltaBytes                        = 1048576                                   {product} {ergonomic}
    uintx NonNMethodCodeHeapSize                   = 5836300                                {pd product} {ergonomic}
    uintx NonProfiledCodeHeapSize                  = 122910970                              {pd product} {ergonomic}
    uintx ProfiledCodeHeapSize                     = 122910970                              {pd product} {ergonomic}
    uintx ReservedCodeCacheSize                    = 251658240                              {pd product} {ergonomic}
     bool SegmentedCodeCache                       = true                                      {product} {ergonomic}
     bool UseCompressedClassPointers               = true                                 {lp64_product} {ergonomic}
     bool UseCompressedOops                        = true                                 {lp64_product} {ergonomic}
     bool UseG1GC                                  = true                                      {product} {ergonomic}
     bool UseLargePagesIndividualAllocation        = false                                  {pd product} {ergonomic}

Logging:
Log output configuration:
 #0: stdout all=warning uptime,level,tags
 #1: stderr all=off uptime,level,tags

Environment Variables:
PATH=C:\Program Files (x86)\Common Files\Oracle\Java\javapath;C:\WINDOWS\system32;C:\WINDOWS;C:\WINDOWS\System32\Wbem;C:\WINDOWS\System32\WindowsPowerShell\v1.0\;C:\WINDOWS\System32\OpenSSH\;C:\Program Files\Git\cmd;C:\Program Files\nodejs\;C:\xampp\php;C:\ProgramData\ComposerSetup\bin;C:\Users\xpmkm\AppData\Local\Android\Sdk\platform-tools;C:\Program Files\Java\jdk1.8.0_231\bin;C:\Program Files\opnsl\bin;C:\Users\xpmkm\AppData\Roaming\npm;C:\Users\xpmkm\AppData\Local\Programs\Microsoft VS Code\bin;C:\Program Files\flutter\bin;C:\Users\xpmkm\AppData\Roaming\Composer\vendor\bin;C:\Users\xpmkm\AppData\Local\Microsoft\WindowsApps;
USERNAME=xpmkm
OS=Windows_NT
PROCESSOR_IDENTIFIER=AMD64 Family 23 Model 24 Stepping 1, AuthenticAMD



---------------  S Y S T E M  ---------------

OS: Windows 10 , 64 bit Build 22471 (10.0.22471.1000)
OS uptime: 0 days 0:45 hours

CPU:total 8 (initial active 8) (8 cores per cpu, 2 threads per core) family 23 model 24 stepping 1 microcode 0x0, cmov, cx8, fxsr, mmx, sse, sse2, sse3, ssse3, sse4.1, sse4.2, popcnt, avx, avx2, aes, clmul, mmxext, 3dnowpref, lzcnt, sse4a, ht, tsc, tscinvbit, tscinv, bmi1, bmi2, adx, s

Memory: 4k page, system-wide physical 8002M (983M free)
TotalPageFile size 12098M (AvailPageFile size 5M)
current process WorkingSet (physical memory assigned to process): 502M, peak: 508M
current process commit charge ("private bytes"): 537M, peak: 552M

vm_info: OpenJDK 64-Bit Server VM (11.0.10+0-b96-7249189) for windows-amd64 JRE (11.0.10+0-b96-7249189), built on Mar 31 2021 21:44:00 by "builder" with MS VC++ 14.0 (VS2015)

END.
