#
# There is insufficient memory for the Java Runtime Environment to continue.
# Native memory allocation (mmap) failed to map 108003328 bytes for Failed to commit area from 0x000000008dd00000 to 0x0000000094400000 of length 108003328.
# Possible reasons:
#   The system is out of physical RAM or swap space
#   The process is running with CompressedOops enabled, and the Java Heap may be blocking the growth of the native heap
# Possible solutions:
#   Reduce memory load on the system
#   Increase physical memory or swap space
#   Check if swap backing store is full
#   Decrease Java heap size (-Xmx/-Xms)
#   Decrease number of Java threads
#   Decrease Java thread stack sizes (-Xss)
#   Set larger code cache with -XX:ReservedCodeCacheSize=
#   JVM is running with Unscaled Compressed Oops mode in which the Java heap is
#     placed in the first 4GB address space. The Java Heap base address is the
#     maximum limit for the native heap growth. Please use -XX:HeapBaseMinAddress
#     to set the Java Heap base and to place the Java Heap above 4GB virtual address.
# This output file may be truncated or incomplete.
#
#  Out of Memory Error (./src/hotspot/os/windows/os_windows.cpp:3301), pid=8968, tid=17024
#
# JRE version: OpenJDK Runtime Environment (11.0.10) (build 11.0.10+0-b96-7249189)
# Java VM: OpenJDK 64-Bit Server VM (11.0.10+0-b96-7249189, mixed mode, tiered, compressed oops, g1 gc, windows-amd64)
# No core dump will be written. Minidumps are not enabled by default on client versions of Windows
#

---------------  S U M M A R Y ------------

Command Line: --add-opens=java.base/java.util=ALL-UNNAMED --add-opens=java.base/java.lang=ALL-UNNAMED --add-opens=java.base/java.lang.invoke=ALL-UNNAMED --add-opens=java.base/java.util=ALL-UNNAMED --add-opens=java.prefs/java.util.prefs=ALL-UNNAMED --add-opens=java.prefs/java.util.prefs=ALL-UNNAMED --add-opens=java.base/java.nio.charset=ALL-UNNAMED --add-opens=java.base/java.net=ALL-UNNAMED --add-opens=java.base/java.util.concurrent.atomic=ALL-UNNAMED -Xmx2048m -Dfile.encoding=UTF-8 -Duser.country=IN -Duser.language=en -Duser.variant org.gradle.launcher.daemon.bootstrap.GradleDaemon 7.0.2

Host: AMD Ryzen 5 3550H with Radeon Vega Mobile Gfx  , 8 cores, 7G,  Windows 10 , 64 bit Build 22489 (10.0.22489.1000)
Time: Mon Nov  8 17:38:24 2021 India Standard Time elapsed time: 103.428933 seconds (0d 0h 1m 43s)

---------------  T H R E A D  ---------------

Current thread (0x000002316b939000):  VMThread "VM Thread" [stack: 0x0000003d93500000,0x0000003d93600000] [id=17024]

Stack: [0x0000003d93500000,0x0000003d93600000]
[error occurred during error reporting (printing stack bounds), id 0xc0000005, EXCEPTION_ACCESS_VIOLATION (0xc0000005) at pc=0x0000023154fb0f2d]

Native frames: (J=compiled Java code, j=interpreted, Vv=VM code, C=native code)
V  [jvm.dll+0x5ecfaa]
V  [jvm.dll+0x722bd5]
V  [jvm.dll+0x72412d]
V  [jvm.dll+0x724745]
V  [jvm.dll+0x7246fb]
V  [jvm.dll+0x5ec348]
V  [jvm.dll+0x5ecad8]
C  [ntdll.dll+0xa589f]
C  [ntdll.dll+0x13ac6]
C  [ntdll.dll+0xa488e]
C  0x0000023154fb0f2d

VM_Operation (0x0000003d985fbdc0): G1CollectForAllocation, mode: safepoint, requested by thread 0x000002316d1e7800


---------------  P R O C E S S  ---------------

Threads class SMR info:
_java_thread_list=0x0000023174317a60, length=71, elements={
0x00000231514d4800, 0x000002316b94e800, 0x000002316b951000, 0x000002316b949000,
0x000002316c1a2800, 0x000002316c1a3800, 0x000002316c1a6800, 0x000002316c1fd000,
0x000002316c1ff000, 0x000002316c322000, 0x000002316d90d000, 0x000002316d5f5000,
0x000002316e274800, 0x000002316dd86800, 0x000002316d75b800, 0x000002316e256800,
0x000002316e2fd800, 0x000002316e384800, 0x000002316dd38000, 0x000002316dd33800,
0x000002316dd39000, 0x000002316dd35000, 0x000002316dd36000, 0x000002316dd3a000,
0x000002316dd36800, 0x000002316dd37800, 0x00000231701ab000, 0x00000231701ac800,
0x00000231701b1800, 0x00000231701af000, 0x00000231701b2800, 0x00000231701b3000,
0x00000231701ad800, 0x00000231701b1000, 0x00000231701b4000, 0x00000231701ae800,
0x00000231701b7800, 0x00000231701b8000, 0x00000231701b9000, 0x00000231701b6800,
0x00000231701ba000, 0x00000231701b5000, 0x00000231701b5800, 0x000002316d1df800,
0x000002316d1dc000, 0x000002316d1dd000, 0x000002316d1e0800, 0x000002316d1de000,
0x000002316d1de800, 0x000002316d1da800, 0x000002316d1db800, 0x000002316d1e2000,
0x000002316d1e8800, 0x000002316d1e2800, 0x000002316d1e4800, 0x000002316d1e5000,
0x000002316d1e3800, 0x000002316d1e6000, 0x000002316d1e9000, 0x000002316d1e7000,
0x000002317465c000, 0x000002317465f000, 0x000002317465b000, 0x0000023174660800,
0x000002317465c800, 0x000002317465d800, 0x0000023174661800, 0x000002316e9a5000,
0x000002317465e800, 0x0000023174660000, 0x000002316d1e7800
}

Java Threads: ( => current thread )
  0x00000231514d4800 JavaThread "main" [_thread_blocked, id=16440, stack(0x0000003d92f00000,0x0000003d93000000)]
  0x000002316b94e800 JavaThread "Reference Handler" daemon [_thread_blocked, id=564, stack(0x0000003d93600000,0x0000003d93700000)]
  0x000002316b951000 JavaThread "Finalizer" daemon [_thread_blocked, id=2828, stack(0x0000003d93700000,0x0000003d93800000)]
  0x000002316b949000 JavaThread "Signal Dispatcher" daemon [_thread_blocked, id=16980, stack(0x0000003d93800000,0x0000003d93900000)]
  0x000002316c1a2800 JavaThread "Attach Listener" daemon [_thread_blocked, id=5248, stack(0x0000003d93900000,0x0000003d93a00000)]
  0x000002316c1a3800 JavaThread "Service Thread" daemon [_thread_blocked, id=2836, stack(0x0000003d93a00000,0x0000003d93b00000)]
  0x000002316c1a6800 JavaThread "C2 CompilerThread0" daemon [_thread_blocked, id=12232, stack(0x0000003d93b00000,0x0000003d93c00000)]
  0x000002316c1fd000 JavaThread "C1 CompilerThread0" daemon [_thread_blocked, id=4276, stack(0x0000003d93c00000,0x0000003d93d00000)]
  0x000002316c1ff000 JavaThread "Sweeper thread" daemon [_thread_blocked, id=10904, stack(0x0000003d93d00000,0x0000003d93e00000)]
  0x000002316c322000 JavaThread "Common-Cleaner" daemon [_thread_blocked, id=2512, stack(0x0000003d93e00000,0x0000003d93f00000)]
  0x000002316d90d000 JavaThread "Daemon health stats" [_thread_blocked, id=14792, stack(0x0000003d94200000,0x0000003d94300000)]
  0x000002316d5f5000 JavaThread "Incoming local TCP Connector on port 51733" [_thread_in_native, id=10372, stack(0x0000003d94300000,0x0000003d94400000)]
  0x000002316e274800 JavaThread "Daemon periodic checks" [_thread_blocked, id=2448, stack(0x0000003d94400000,0x0000003d94500000)]
  0x000002316dd86800 JavaThread "Daemon" [_thread_blocked, id=12032, stack(0x0000003d94500000,0x0000003d94600000)]
  0x000002316d75b800 JavaThread "Handler for socket connection from /127.0.0.1:51733 to /127.0.0.1:51734" [_thread_in_native, id=16120, stack(0x0000003d94600000,0x0000003d94700000)]
  0x000002316e256800 JavaThread "Cancel handler" [_thread_blocked, id=16284, stack(0x0000003d94700000,0x0000003d94800000)]
  0x000002316e2fd800 JavaThread "Daemon worker" [_thread_blocked, id=11392, stack(0x0000003d94800000,0x0000003d94900000)]
  0x000002316e384800 JavaThread "Asynchronous log dispatcher for DefaultDaemonConnection: socket connection from /127.0.0.1:51733 to /127.0.0.1:51734" [_thread_blocked, id=8236, stack(0x0000003d94900000,0x0000003d94a00000)]
  0x000002316dd38000 JavaThread "Daemon client event forwarder" [_thread_blocked, id=8, stack(0x0000003d94b00000,0x0000003d94c00000)]
  0x000002316dd33800 JavaThread "Cache worker for file hash cache (C:\Users\xpmkm\.gradle\caches\7.0.2\fileHashes)" [_thread_blocked, id=4316, stack(0x0000003d95200000,0x0000003d95300000)]
  0x000002316dd39000 JavaThread "File lock request listener" [_thread_in_native, id=16472, stack(0x0000003d95300000,0x0000003d95400000)]
  0x000002316dd35000 JavaThread "Cache worker for journal cache (C:\Users\xpmkm\.gradle\caches\journal-1)" [_thread_blocked, id=2392, stack(0x0000003d95500000,0x0000003d95600000)]
  0x000002316dd36000 JavaThread "Cache worker for file hash cache (D:\marwari_mart_workspace\marwariMartUserApp\.gradle\7.0.2\fileHashes)" [_thread_blocked, id=15068, stack(0x0000003d95600000,0x0000003d95700000)]
  0x000002316dd3a000 JavaThread "File watcher server" daemon [_thread_blocked, id=2568, stack(0x0000003d95700000,0x0000003d95800000)]
  0x000002316dd36800 JavaThread "File watcher consumer" daemon [_thread_blocked, id=7272, stack(0x0000003d95800000,0x0000003d95900000)]
  0x000002316dd37800 JavaThread "Cache worker for checksums cache (D:\marwari_mart_workspace\marwariMartUserApp\.gradle\checksums)" [_thread_blocked, id=8964, stack(0x0000003d95900000,0x0000003d95a00000)]
  0x00000231701ab000 JavaThread "File lock release action executor" [_thread_blocked, id=12072, stack(0x0000003d95a00000,0x0000003d95b00000)]
  0x00000231701ac800 JavaThread "Cache worker for cache directory md-supplier (C:\Users\xpmkm\.gradle\caches\7.0.2\md-supplier)" [_thread_blocked, id=11044, stack(0x0000003d95b00000,0x0000003d95c00000)]
  0x00000231701b1800 JavaThread "Cache worker for cache directory md-rule (C:\Users\xpmkm\.gradle\caches\7.0.2\md-rule)" [_thread_blocked, id=10340, stack(0x0000003d95c00000,0x0000003d95d00000)]
  0x00000231701af000 JavaThread "Cache worker for execution history cache (C:\Users\xpmkm\.gradle\caches\7.0.2\executionHistory)" [_thread_blocked, id=10020, stack(0x0000003d95d00000,0x0000003d95e00000)]
  0x00000231701b2800 JavaThread "jar transforms" [_thread_blocked, id=4576, stack(0x0000003d95e00000,0x0000003d95f00000)]
  0x00000231701b3000 JavaThread "jar transforms Thread 2" [_thread_blocked, id=2944, stack(0x0000003d95f00000,0x0000003d96000000)]
  0x00000231701ad800 JavaThread "Cache worker for file content cache (C:\Users\xpmkm\.gradle\caches\7.0.2\fileContent)" [_thread_blocked, id=17220, stack(0x0000003d96000000,0x0000003d96100000)]
  0x00000231701b1000 JavaThread "Cache worker for dependencies-accessors (D:\marwari_mart_workspace\marwariMartUserApp\.gradle\7.0.2\dependencies-accessors)" [_thread_blocked, id=13540, stack(0x0000003d96100000,0x0000003d96200000)]
  0x00000231701b4000 JavaThread "jar transforms Thread 3" [_thread_blocked, id=14844, stack(0x0000003d96200000,0x0000003d96300000)]
  0x00000231701ae800 JavaThread "Cache worker for Build Output Cleanup Cache (D:\marwari_mart_workspace\marwariMartUserApp\.gradle\buildOutputCleanup)" [_thread_blocked, id=10588, stack(0x0000003d96300000,0x0000003d96400000)]
  0x00000231701b7800 JavaThread "Build operations" [_thread_blocked, id=16588, stack(0x0000003d96400000,0x0000003d96500000)]
  0x00000231701b8000 JavaThread "Build operations Thread 2" [_thread_blocked, id=5596, stack(0x0000003d96500000,0x0000003d96600000)]
  0x00000231701b9000 JavaThread "Build operations Thread 3" [_thread_blocked, id=15712, stack(0x0000003d96600000,0x0000003d96700000)]
  0x00000231701b6800 JavaThread "Build operations Thread 4" [_thread_blocked, id=7840, stack(0x0000003d96700000,0x0000003d96800000)]
  0x00000231701ba000 JavaThread "Build operations Thread 5" [_thread_blocked, id=4816, stack(0x0000003d96800000,0x0000003d96900000)]
  0x00000231701b5000 JavaThread "Build operations Thread 6" [_thread_blocked, id=9500, stack(0x0000003d96900000,0x0000003d96a00000)]
  0x00000231701b5800 JavaThread "Build operations Thread 7" [_thread_blocked, id=17028, stack(0x0000003d96a00000,0x0000003d96b00000)]
  0x000002316d1df800 JavaThread "Build operations Thread 8" [_thread_blocked, id=12580, stack(0x0000003d96b00000,0x0000003d96c00000)]
  0x000002316d1dc000 JavaThread "jar transforms Thread 4" [_thread_blocked, id=12704, stack(0x0000003d96c00000,0x0000003d96d00000)]
  0x000002316d1dd000 JavaThread "jar transforms Thread 5" [_thread_blocked, id=6424, stack(0x0000003d96d00000,0x0000003d96e00000)]
  0x000002316d1e0800 JavaThread "jar transforms Thread 6" [_thread_blocked, id=5360, stack(0x0000003d96e00000,0x0000003d96f00000)]
  0x000002316d1de000 JavaThread "jar transforms Thread 7" [_thread_blocked, id=14332, stack(0x0000003d96f00000,0x0000003d97000000)]
  0x000002316d1de800 JavaThread "jar transforms Thread 8" [_thread_blocked, id=7896, stack(0x0000003d97000000,0x0000003d97100000)]
  0x000002316d1da800 JavaThread "Memory manager" [_thread_blocked, id=4620, stack(0x0000003d97300000,0x0000003d97400000)]
  0x000002316d1db800 JavaThread "build event listener" [_thread_blocked, id=14008, stack(0x0000003d97500000,0x0000003d97600000)]
  0x000002316d1e2000 JavaThread "Execution worker for ':'" [_thread_blocked, id=14316, stack(0x0000003d97600000,0x0000003d97700000)]
  0x000002316d1e8800 JavaThread "Execution worker for ':' Thread 2" [_thread_blocked, id=14944, stack(0x0000003d97700000,0x0000003d97800000)]
  0x000002316d1e2800 JavaThread "Execution worker for ':' Thread 3" [_thread_blocked, id=14932, stack(0x0000003d97800000,0x0000003d97900000)]
  0x000002316d1e4800 JavaThread "Execution worker for ':' Thread 4" [_thread_blocked, id=3216, stack(0x0000003d97900000,0x0000003d97a00000)]
  0x000002316d1e5000 JavaThread "Execution worker for ':' Thread 5" [_thread_blocked, id=16636, stack(0x0000003d97a00000,0x0000003d97b00000)]
  0x000002316d1e3800 JavaThread "Execution worker for ':' Thread 6" [_thread_blocked, id=10280, stack(0x0000003d97b00000,0x0000003d97c00000)]
  0x000002316d1e6000 JavaThread "Execution worker for ':' Thread 7" [_thread_blocked, id=7572, stack(0x0000003d97c00000,0x0000003d97d00000)]
  0x000002316d1e9000 JavaThread "Cache worker for execution history cache (D:\marwari_mart_workspace\marwariMartUserApp\.gradle\7.0.2\executionHistory)" [_thread_blocked, id=12772, stack(0x0000003d97d00000,0x0000003d97e00000)]
  0x000002316d1e7000 JavaThread "WorkerExecutor Queue Thread 2" [_thread_blocked, id=17032, stack(0x0000003d92c00000,0x0000003d92d00000)]
  0x000002317465c000 JavaThread "WorkerExecutor Queue Thread 3" [_thread_blocked, id=14172, stack(0x0000003d92d00000,0x0000003d92e00000)]
  0x000002317465f000 JavaThread "pool-3-thread-1" [_thread_blocked, id=2700, stack(0x0000003d92e00000,0x0000003d92f00000)]
  0x000002317465b000 JavaThread "stderr" [_thread_in_native, id=8988, stack(0x0000003d97e00000,0x0000003d97f00000)]
  0x0000023174660800 JavaThread "stdout" [_thread_in_native, id=14500, stack(0x0000003d97f00000,0x0000003d98000000)]
  0x000002317465c800 JavaThread "WorkerExecutor Queue Thread 4" [_thread_blocked, id=13944, stack(0x0000003d94a00000,0x0000003d94b00000)]
  0x000002317465d800 JavaThread "WorkerExecutor Queue Thread 5" [_thread_blocked, id=16960, stack(0x0000003d98000000,0x0000003d98100000)]
  0x0000023174661800 JavaThread "WorkerExecutor Queue Thread 6" [_thread_blocked, id=9768, stack(0x0000003d98100000,0x0000003d98200000)]
  0x000002316e9a5000 JavaThread "C2 CompilerThread1" daemon [_thread_blocked, id=8164, stack(0x0000003d98200000,0x0000003d98300000)]
  0x000002317465e800 JavaThread "WorkerExecutor Queue Thread 7" [_thread_blocked, id=12624, stack(0x0000003d98300000,0x0000003d98400000)]
  0x0000023174660000 JavaThread "WorkerExecutor Queue Thread 8" [_thread_blocked, id=11532, stack(0x0000003d98400000,0x0000003d98500000)]
  0x000002316d1e7800 JavaThread "WorkerExecutor Queue Thread 9" [_thread_blocked, id=16144, stack(0x0000003d98500000,0x0000003d98600000)]

Other Threads:
=>0x000002316b939000 VMThread "VM Thread" [stack: 0x0000003d93500000,0x0000003d93600000] [id=17024]
  0x000002316c331000 WatcherThread [stack: 0x0000003d93f00000,0x0000003d94000000] [id=12228]
  0x00000231514ee000 GCTaskThread "GC Thread#0" [stack: 0x0000003d93000000,0x0000003d93100000] [id=11384]
  0x000002316cda5000 GCTaskThread "GC Thread#1" [stack: 0x0000003d94000000,0x0000003d94100000] [id=15320]
  0x000002316ce38800 GCTaskThread "GC Thread#2" [stack: 0x0000003d94100000,0x0000003d94200000] [id=17252]
  0x000002316d569000 GCTaskThread "GC Thread#3" [stack: 0x0000003d94c00000,0x0000003d94d00000] [id=14372]
  0x000002316d869000 GCTaskThread "GC Thread#4" [stack: 0x0000003d94d00000,0x0000003d94e00000] [id=14664]
  0x000002316d806800 GCTaskThread "GC Thread#5" [stack: 0x0000003d94e00000,0x0000003d94f00000] [id=8596]
  0x000002316dcf4800 GCTaskThread "GC Thread#6" [stack: 0x0000003d94f00000,0x0000003d95000000] [id=16612]
  0x000002316dc2b000 GCTaskThread "GC Thread#7" [stack: 0x0000003d95000000,0x0000003d95100000] [id=10524]
  0x0000023151520000 ConcurrentGCThread "G1 Main Marker" [stack: 0x0000003d93100000,0x0000003d93200000] [id=5820]
  0x0000023151521800 ConcurrentGCThread "G1 Conc#0" [stack: 0x0000003d93200000,0x0000003d93300000] [id=9952]
  0x000002316d4c7000 ConcurrentGCThread "G1 Conc#1" [stack: 0x0000003d95400000,0x0000003d95500000] [id=15772]
  0x000002316b784800 ConcurrentGCThread "G1 Refine#0" [stack: 0x0000003d93300000,0x0000003d93400000] [id=15172]
  0x000002316cdbb000 ConcurrentGCThread "G1 Refine#1" [stack: 0x0000003d95100000,0x0000003d95200000] [id=4848]
  0x000002316b785000 ConcurrentGCThread "G1 Young RemSet Sampling" [stack: 0x0000003d93400000,0x0000003d93500000] [id=4232]

Threads with active compile tasks:
C2 CompilerThread0 103592 16541       4       com.android.tools.r8.graph.j0::b (4 bytes)
C1 CompilerThread0 103592 16942       3       com.android.tools.r8.ir.regalloc.a::a (3985 bytes)
C2 CompilerThread1 103592 15822       4       com.android.tools.r8.internal.a5::<init> (24 bytes)

VM state:at safepoint (normal execution)

VM Mutex/Monitor currently owned by a thread:  ([mutex/lock_event])
[0x00000231514d0e20] Threads_lock - owner thread: 0x000002316b939000
[0x00000231514d0eb0] Heap_lock - owner thread: 0x000002316d1e7800

Heap address: 0x0000000080000000, size: 2048 MB, Compressed Oops mode: 32-bit
Narrow klass base: 0x0000000000000000, Narrow klass shift: 3
Compressed class space size: 1073741824 Address: 0x0000000100000000

Heap:
 garbage-first heap   total 331776K, used 155480K [0x0000000080000000, 0x0000000100000000)
  region size 1024K, 5 young (5120K), 5 survivors (5120K)
 Metaspace       used 108399K, capacity 111602K, committed 111872K, reserved 1146880K
  class space    used 13896K, capacity 15105K, committed 15180K, reserved 1048576K
Heap Regions: E=young(eden), S=young(survivor), O=old, HS=humongous(starts), HC=humongous(continues), CS=collection set, F=free, A=archive, TAMS=top-at-mark-start (previous, next)
|   0|0x0000000080000000, 0x0000000080100000, 0x0000000080100000|100%| O|  |TAMS 0x0000000080100000, 0x0000000080100000| Untracked 
|   1|0x0000000080100000, 0x0000000080200000, 0x0000000080200000|100%| O|  |TAMS 0x0000000080200000, 0x0000000080200000| Untracked 
|   2|0x0000000080200000, 0x0000000080300000, 0x0000000080300000|100%| O|  |TAMS 0x0000000080300000, 0x0000000080300000| Untracked 
|   3|0x0000000080300000, 0x0000000080400000, 0x0000000080400000|100%|HS|  |TAMS 0x0000000080400000, 0x0000000080400000| Complete 
|   4|0x0000000080400000, 0x0000000080500000, 0x0000000080500000|100%|HC|  |TAMS 0x0000000080500000, 0x0000000080500000| Complete 
|   5|0x0000000080500000, 0x0000000080600000, 0x0000000080600000|100%|HC|  |TAMS 0x0000000080600000, 0x0000000080600000| Complete 
|   6|0x0000000080600000, 0x0000000080700000, 0x0000000080700000|100%| O|  |TAMS 0x0000000080700000, 0x0000000080700000| Untracked 
|   7|0x0000000080700000, 0x0000000080800000, 0x0000000080800000|100%| O|  |TAMS 0x0000000080800000, 0x0000000080800000| Untracked 
|   8|0x0000000080800000, 0x0000000080900000, 0x0000000080900000|100%| O|  |TAMS 0x0000000080900000, 0x0000000080900000| Untracked 
|   9|0x0000000080900000, 0x0000000080a00000, 0x0000000080a00000|100%| O|  |TAMS 0x0000000080a00000, 0x0000000080a00000| Untracked 
|  10|0x0000000080a00000, 0x0000000080b00000, 0x0000000080b00000|100%| O|  |TAMS 0x0000000080b00000, 0x0000000080b00000| Untracked 
|  11|0x0000000080b00000, 0x0000000080c00000, 0x0000000080c00000|100%| O|  |TAMS 0x0000000080c00000, 0x0000000080c00000| Untracked 
|  12|0x0000000080c00000, 0x0000000080d00000, 0x0000000080d00000|100%| O|  |TAMS 0x0000000080d00000, 0x0000000080d00000| Untracked 
|  13|0x0000000080d00000, 0x0000000080e00000, 0x0000000080e00000|100%| O|  |TAMS 0x0000000080e00000, 0x0000000080e00000| Untracked 
|  14|0x0000000080e00000, 0x0000000080f00000, 0x0000000080f00000|100%| O|  |TAMS 0x0000000080f00000, 0x0000000080f00000| Untracked 
|  15|0x0000000080f00000, 0x0000000081000000, 0x0000000081000000|100%| O|  |TAMS 0x0000000081000000, 0x0000000081000000| Untracked 
|  16|0x0000000081000000, 0x0000000081100000, 0x0000000081100000|100%| O|  |TAMS 0x0000000081100000, 0x0000000081100000| Untracked 
|  17|0x0000000081100000, 0x0000000081200000, 0x0000000081200000|100%| O|  |TAMS 0x0000000081200000, 0x0000000081200000| Untracked 
|  18|0x0000000081200000, 0x0000000081300000, 0x0000000081300000|100%| O|  |TAMS 0x0000000081300000, 0x0000000081300000| Untracked 
|  19|0x0000000081300000, 0x0000000081400000, 0x0000000081400000|100%| O|  |TAMS 0x0000000081400000, 0x0000000081400000| Untracked 
|  20|0x0000000081400000, 0x0000000081500000, 0x0000000081500000|100%| O|  |TAMS 0x0000000081500000, 0x0000000081500000| Untracked 
|  21|0x0000000081500000, 0x0000000081600000, 0x0000000081600000|100%| O|  |TAMS 0x0000000081600000, 0x0000000081600000| Untracked 
|  22|0x0000000081600000, 0x0000000081700000, 0x0000000081700000|100%| O|  |TAMS 0x0000000081700000, 0x0000000081700000| Untracked 
|  23|0x0000000081700000, 0x0000000081800000, 0x0000000081800000|100%| O|  |TAMS 0x0000000081800000, 0x0000000081800000| Untracked 
|  24|0x0000000081800000, 0x0000000081900000, 0x0000000081900000|100%| O|  |TAMS 0x0000000081900000, 0x0000000081900000| Untracked 
|  25|0x0000000081900000, 0x0000000081a00000, 0x0000000081a00000|100%| O|  |TAMS 0x0000000081a00000, 0x0000000081a00000| Untracked 
|  26|0x0000000081a00000, 0x0000000081b00000, 0x0000000081b00000|100%|HS|  |TAMS 0x0000000081b00000, 0x0000000081b00000| Complete 
|  27|0x0000000081b00000, 0x0000000081c00000, 0x0000000081c00000|100%|HS|  |TAMS 0x0000000081c00000, 0x0000000081c00000| Complete 
|  28|0x0000000081c00000, 0x0000000081d00000, 0x0000000081d00000|100%|HS|  |TAMS 0x0000000081d00000, 0x0000000081d00000| Complete 
|  29|0x0000000081d00000, 0x0000000081e00000, 0x0000000081e00000|100%|HC|  |TAMS 0x0000000081e00000, 0x0000000081e00000| Complete 
|  30|0x0000000081e00000, 0x0000000081f00000, 0x0000000081f00000|100%| O|  |TAMS 0x0000000081f00000, 0x0000000081f00000| Untracked 
|  31|0x0000000081f00000, 0x0000000082000000, 0x0000000082000000|100%| O|  |TAMS 0x0000000082000000, 0x0000000082000000| Untracked 
|  32|0x0000000082000000, 0x0000000082100000, 0x0000000082100000|100%| O|  |TAMS 0x0000000082100000, 0x0000000082100000| Untracked 
|  33|0x0000000082100000, 0x0000000082200000, 0x0000000082200000|100%| O|  |TAMS 0x0000000082200000, 0x0000000082200000| Untracked 
|  34|0x0000000082200000, 0x0000000082300000, 0x0000000082300000|100%| O|  |TAMS 0x0000000082300000, 0x0000000082300000| Untracked 
|  35|0x0000000082300000, 0x0000000082400000, 0x0000000082400000|100%| O|  |TAMS 0x0000000082400000, 0x0000000082400000| Untracked 
|  36|0x0000000082400000, 0x0000000082500000, 0x0000000082500000|100%| O|  |TAMS 0x0000000082500000, 0x0000000082500000| Untracked 
|  37|0x0000000082500000, 0x0000000082600000, 0x0000000082600000|100%| O|  |TAMS 0x0000000082600000, 0x0000000082600000| Untracked 
|  38|0x0000000082600000, 0x0000000082700000, 0x0000000082700000|100%| O|  |TAMS 0x0000000082700000, 0x0000000082700000| Untracked 
|  39|0x0000000082700000, 0x0000000082800000, 0x0000000082800000|100%| O|  |TAMS 0x0000000082800000, 0x0000000082800000| Untracked 
|  40|0x0000000082800000, 0x0000000082900000, 0x0000000082900000|100%| O|  |TAMS 0x0000000082900000, 0x0000000082900000| Untracked 
|  41|0x0000000082900000, 0x0000000082a00000, 0x0000000082a00000|100%| O|  |TAMS 0x0000000082a00000, 0x0000000082a00000| Untracked 
|  42|0x0000000082a00000, 0x0000000082b00000, 0x0000000082b00000|100%| O|  |TAMS 0x0000000082b00000, 0x0000000082b00000| Untracked 
|  43|0x0000000082b00000, 0x0000000082c00000, 0x0000000082c00000|100%| O|  |TAMS 0x0000000082c00000, 0x0000000082c00000| Untracked 
|  44|0x0000000082c00000, 0x0000000082d00000, 0x0000000082d00000|100%| O|  |TAMS 0x0000000082d00000, 0x0000000082d00000| Untracked 
|  45|0x0000000082d00000, 0x0000000082e00000, 0x0000000082e00000|100%| O|  |TAMS 0x0000000082e00000, 0x0000000082e00000| Untracked 
|  46|0x0000000082e00000, 0x0000000082f00000, 0x0000000082f00000|100%| O|  |TAMS 0x0000000082f00000, 0x0000000082f00000| Untracked 
|  47|0x0000000082f00000, 0x0000000083000000, 0x0000000083000000|100%| O|  |TAMS 0x0000000083000000, 0x0000000083000000| Untracked 
|  48|0x0000000083000000, 0x0000000083100000, 0x0000000083100000|100%| O|  |TAMS 0x0000000083100000, 0x0000000083100000| Untracked 
|  49|0x0000000083100000, 0x0000000083200000, 0x0000000083200000|100%| O|  |TAMS 0x0000000083200000, 0x0000000083200000| Untracked 
|  50|0x0000000083200000, 0x0000000083300000, 0x0000000083300000|100%| O|  |TAMS 0x0000000083300000, 0x0000000083300000| Untracked 
|  51|0x0000000083300000, 0x0000000083400000, 0x0000000083400000|100%| O|  |TAMS 0x0000000083400000, 0x0000000083400000| Untracked 
|  52|0x0000000083400000, 0x0000000083500000, 0x0000000083500000|100%| O|  |TAMS 0x0000000083500000, 0x0000000083500000| Untracked 
|  53|0x0000000083500000, 0x0000000083600000, 0x0000000083600000|100%| O|  |TAMS 0x0000000083600000, 0x0000000083600000| Untracked 
|  54|0x0000000083600000, 0x0000000083700000, 0x0000000083700000|100%| O|  |TAMS 0x0000000083700000, 0x0000000083700000| Untracked 
|  55|0x0000000083700000, 0x0000000083800000, 0x0000000083800000|100%| O|  |TAMS 0x0000000083800000, 0x0000000083800000| Untracked 
|  56|0x0000000083800000, 0x0000000083900000, 0x0000000083900000|100%| O|  |TAMS 0x0000000083900000, 0x0000000083900000| Untracked 
|  57|0x0000000083900000, 0x0000000083a00000, 0x0000000083a00000|100%| O|  |TAMS 0x0000000083a00000, 0x0000000083a00000| Untracked 
|  58|0x0000000083a00000, 0x0000000083b00000, 0x0000000083b00000|100%| O|  |TAMS 0x0000000083b00000, 0x0000000083b00000| Untracked 
|  59|0x0000000083b00000, 0x0000000083c00000, 0x0000000083c00000|100%| O|  |TAMS 0x0000000083c00000, 0x0000000083c00000| Untracked 
|  60|0x0000000083c00000, 0x0000000083d00000, 0x0000000083d00000|100%| O|  |TAMS 0x0000000083d00000, 0x0000000083d00000| Untracked 
|  61|0x0000000083d00000, 0x0000000083e00000, 0x0000000083e00000|100%| O|  |TAMS 0x0000000083e00000, 0x0000000083e00000| Untracked 
|  62|0x0000000083e00000, 0x0000000083f00000, 0x0000000083f00000|100%| O|  |TAMS 0x0000000083f00000, 0x0000000083f00000| Untracked 
|  63|0x0000000083f00000, 0x0000000084000000, 0x0000000084000000|100%| O|  |TAMS 0x0000000084000000, 0x0000000084000000| Untracked 
|  64|0x0000000084000000, 0x0000000084100000, 0x0000000084100000|100%| O|  |TAMS 0x0000000084100000, 0x0000000084100000| Untracked 
|  65|0x0000000084100000, 0x0000000084200000, 0x0000000084200000|100%| O|  |TAMS 0x0000000084200000, 0x0000000084200000| Untracked 
|  66|0x0000000084200000, 0x0000000084300000, 0x0000000084300000|100%| O|  |TAMS 0x0000000084300000, 0x0000000084300000| Untracked 
|  67|0x0000000084300000, 0x0000000084400000, 0x0000000084400000|100%| O|  |TAMS 0x0000000084400000, 0x0000000084400000| Untracked 
|  68|0x0000000084400000, 0x0000000084500000, 0x0000000084500000|100%| O|  |TAMS 0x0000000084500000, 0x0000000084500000| Untracked 
|  69|0x0000000084500000, 0x0000000084600000, 0x0000000084600000|100%| O|  |TAMS 0x0000000084600000, 0x0000000084600000| Untracked 
|  70|0x0000000084600000, 0x0000000084700000, 0x0000000084700000|100%| O|  |TAMS 0x0000000084700000, 0x0000000084700000| Untracked 
|  71|0x0000000084700000, 0x0000000084800000, 0x0000000084800000|100%| O|  |TAMS 0x0000000084800000, 0x0000000084800000| Untracked 
|  72|0x0000000084800000, 0x0000000084900000, 0x0000000084900000|100%| O|  |TAMS 0x0000000084900000, 0x0000000084900000| Untracked 
|  73|0x0000000084900000, 0x0000000084a00000, 0x0000000084a00000|100%| O|  |TAMS 0x0000000084a00000, 0x0000000084a00000| Untracked 
|  74|0x0000000084a00000, 0x0000000084b00000, 0x0000000084b00000|100%| O|  |TAMS 0x0000000084b00000, 0x0000000084b00000| Untracked 
|  75|0x0000000084b00000, 0x0000000084c00000, 0x0000000084c00000|100%| O|  |TAMS 0x0000000084c00000, 0x0000000084c00000| Untracked 
|  76|0x0000000084c00000, 0x0000000084d00000, 0x0000000084d00000|100%| O|  |TAMS 0x0000000084d00000, 0x0000000084d00000| Untracked 
|  77|0x0000000084d00000, 0x0000000084e00000, 0x0000000084e00000|100%| O|  |TAMS 0x0000000084e00000, 0x0000000084e00000| Untracked 
|  78|0x0000000084e00000, 0x0000000084f00000, 0x0000000084f00000|100%| O|  |TAMS 0x0000000084f00000, 0x0000000084f00000| Untracked 
|  79|0x0000000084f00000, 0x0000000085000000, 0x0000000085000000|100%| O|  |TAMS 0x0000000085000000, 0x0000000085000000| Untracked 
|  80|0x0000000085000000, 0x0000000085100000, 0x0000000085100000|100%| O|  |TAMS 0x0000000085100000, 0x0000000085100000| Untracked 
|  81|0x0000000085100000, 0x0000000085200000, 0x0000000085200000|100%| O|  |TAMS 0x0000000085200000, 0x0000000085200000| Untracked 
|  82|0x0000000085200000, 0x0000000085300000, 0x0000000085300000|100%| O|  |TAMS 0x0000000085300000, 0x0000000085300000| Untracked 
|  83|0x0000000085300000, 0x0000000085400000, 0x0000000085400000|100%| O|  |TAMS 0x0000000085400000, 0x0000000085400000| Untracked 
|  84|0x0000000085400000, 0x0000000085500000, 0x0000000085500000|100%| O|  |TAMS 0x0000000085500000, 0x0000000085500000| Untracked 
|  85|0x0000000085500000, 0x0000000085600000, 0x0000000085600000|100%| O|  |TAMS 0x0000000085600000, 0x0000000085600000| Untracked 
|  86|0x0000000085600000, 0x0000000085700000, 0x0000000085700000|100%| O|  |TAMS 0x0000000085700000, 0x0000000085700000| Untracked 
|  87|0x0000000085700000, 0x0000000085800000, 0x0000000085800000|100%| O|  |TAMS 0x0000000085800000, 0x0000000085800000| Untracked 
|  88|0x0000000085800000, 0x0000000085900000, 0x0000000085900000|100%| O|  |TAMS 0x0000000085900000, 0x0000000085900000| Untracked 
|  89|0x0000000085900000, 0x0000000085a00000, 0x0000000085a00000|100%| O|  |TAMS 0x0000000085a00000, 0x0000000085a00000| Untracked 
|  90|0x0000000085a00000, 0x0000000085b00000, 0x0000000085b00000|100%| O|  |TAMS 0x0000000085b00000, 0x0000000085b00000| Untracked 
|  91|0x0000000085b00000, 0x0000000085c00000, 0x0000000085c00000|100%| O|  |TAMS 0x0000000085c00000, 0x0000000085c00000| Untracked 
|  92|0x0000000085c00000, 0x0000000085d00000, 0x0000000085d00000|100%| O|  |TAMS 0x0000000085d00000, 0x0000000085d00000| Untracked 
|  93|0x0000000085d00000, 0x0000000085e00000, 0x0000000085e00000|100%| O|  |TAMS 0x0000000085e00000, 0x0000000085e00000| Untracked 
|  94|0x0000000085e00000, 0x0000000085f00000, 0x0000000085f00000|100%| O|  |TAMS 0x0000000085f00000, 0x0000000085f00000| Untracked 
|  95|0x0000000085f00000, 0x0000000086000000, 0x0000000086000000|100%| O|  |TAMS 0x0000000086000000, 0x0000000086000000| Untracked 
|  96|0x0000000086000000, 0x0000000086100000, 0x0000000086100000|100%| O|  |TAMS 0x0000000086100000, 0x0000000086100000| Untracked 
|  97|0x0000000086100000, 0x0000000086200000, 0x0000000086200000|100%| O|  |TAMS 0x0000000086200000, 0x0000000086200000| Untracked 
|  98|0x0000000086200000, 0x0000000086300000, 0x0000000086300000|100%| O|  |TAMS 0x0000000086300000, 0x0000000086300000| Untracked 
|  99|0x0000000086300000, 0x0000000086400000, 0x0000000086400000|100%| O|  |TAMS 0x0000000086400000, 0x0000000086400000| Untracked 
| 100|0x0000000086400000, 0x0000000086500000, 0x0000000086500000|100%| O|  |TAMS 0x0000000086500000, 0x0000000086500000| Untracked 
| 101|0x0000000086500000, 0x0000000086600000, 0x0000000086600000|100%| O|  |TAMS 0x0000000086600000, 0x0000000086600000| Untracked 
| 102|0x0000000086600000, 0x0000000086700000, 0x0000000086700000|100%| O|  |TAMS 0x0000000086700000, 0x0000000086700000| Untracked 
| 103|0x0000000086700000, 0x0000000086800000, 0x0000000086800000|100%| O|  |TAMS 0x0000000086800000, 0x0000000086800000| Untracked 
| 104|0x0000000086800000, 0x0000000086900000, 0x0000000086900000|100%| O|  |TAMS 0x0000000086900000, 0x0000000086900000| Untracked 
| 105|0x0000000086900000, 0x0000000086a00000, 0x0000000086a00000|100%| O|  |TAMS 0x0000000086a00000, 0x0000000086a00000| Untracked 
| 106|0x0000000086a00000, 0x0000000086b00000, 0x0000000086b00000|100%| O|  |TAMS 0x0000000086b00000, 0x0000000086b00000| Untracked 
| 107|0x0000000086b00000, 0x0000000086c00000, 0x0000000086c00000|100%| O|  |TAMS 0x0000000086c00000, 0x0000000086c00000| Untracked 
| 108|0x0000000086c00000, 0x0000000086d00000, 0x0000000086d00000|100%| O|  |TAMS 0x0000000086d00000, 0x0000000086d00000| Untracked 
| 109|0x0000000086d00000, 0x0000000086e00000, 0x0000000086e00000|100%| O|  |TAMS 0x0000000086e00000, 0x0000000086e00000| Untracked 
| 110|0x0000000086e00000, 0x0000000086f00000, 0x0000000086f00000|100%|HS|  |TAMS 0x0000000086f00000, 0x0000000086f00000| Complete 
| 111|0x0000000086f00000, 0x0000000087000000, 0x0000000087000000|100%|HC|  |TAMS 0x0000000087000000, 0x0000000087000000| Complete 
| 112|0x0000000087000000, 0x0000000087100000, 0x0000000087100000|100%| O|  |TAMS 0x0000000087100000, 0x0000000087100000| Untracked 
| 113|0x0000000087100000, 0x0000000087200000, 0x0000000087200000|100%| O|  |TAMS 0x0000000087200000, 0x0000000087200000| Untracked 
| 114|0x0000000087200000, 0x0000000087300000, 0x0000000087300000|100%| O|  |TAMS 0x0000000087300000, 0x0000000087300000| Untracked 
| 115|0x0000000087300000, 0x0000000087400000, 0x0000000087400000|100%| O|  |TAMS 0x0000000087400000, 0x0000000087400000| Untracked 
| 116|0x0000000087400000, 0x0000000087500000, 0x0000000087500000|100%| O|  |TAMS 0x0000000087500000, 0x0000000087500000| Untracked 
| 117|0x0000000087500000, 0x0000000087600000, 0x0000000087600000|100%| O|  |TAMS 0x0000000087600000, 0x0000000087600000| Untracked 
| 118|0x0000000087600000, 0x0000000087700000, 0x0000000087700000|100%| O|  |TAMS 0x0000000087700000, 0x0000000087700000| Untracked 
| 119|0x0000000087700000, 0x0000000087800000, 0x0000000087800000|100%| O|  |TAMS 0x0000000087800000, 0x0000000087800000| Untracked 
| 120|0x0000000087800000, 0x0000000087900000, 0x0000000087900000|100%| O|  |TAMS 0x0000000087900000, 0x0000000087900000| Untracked 
| 121|0x0000000087900000, 0x0000000087a00000, 0x0000000087a00000|100%| O|  |TAMS 0x0000000087a00000, 0x0000000087a00000| Untracked 
| 122|0x0000000087a00000, 0x0000000087b00000, 0x0000000087b00000|100%| O|  |TAMS 0x0000000087b00000, 0x0000000087b00000| Untracked 
| 123|0x0000000087b00000, 0x0000000087c00000, 0x0000000087c00000|100%| O|  |TAMS 0x0000000087c00000, 0x0000000087c00000| Untracked 
| 124|0x0000000087c00000, 0x0000000087d00000, 0x0000000087d00000|100%| O|  |TAMS 0x0000000087d00000, 0x0000000087d00000| Untracked 
| 125|0x0000000087d00000, 0x0000000087e00000, 0x0000000087e00000|100%| O|  |TAMS 0x0000000087e00000, 0x0000000087e00000| Untracked 
| 126|0x0000000087e00000, 0x0000000087f00000, 0x0000000087f00000|100%| O|  |TAMS 0x0000000087f00000, 0x0000000087f00000| Untracked 
| 127|0x0000000087f00000, 0x0000000088000000, 0x0000000088000000|100%| O|  |TAMS 0x0000000088000000, 0x0000000088000000| Untracked 
| 128|0x0000000088000000, 0x0000000088100000, 0x0000000088100000|100%| O|  |TAMS 0x0000000088100000, 0x0000000088100000| Untracked 
| 129|0x0000000088100000, 0x0000000088200000, 0x0000000088200000|100%| O|  |TAMS 0x0000000088200000, 0x0000000088200000| Untracked 
| 130|0x0000000088200000, 0x0000000088300000, 0x0000000088300000|100%| O|  |TAMS 0x0000000088300000, 0x0000000088300000| Untracked 
| 131|0x0000000088300000, 0x0000000088400000, 0x0000000088400000|100%| O|  |TAMS 0x0000000088400000, 0x0000000088400000| Untracked 
| 132|0x0000000088400000, 0x0000000088500000, 0x0000000088500000|100%| O|  |TAMS 0x0000000088500000, 0x0000000088500000| Untracked 
| 133|0x0000000088500000, 0x0000000088600000, 0x0000000088600000|100%| O|  |TAMS 0x0000000088600000, 0x0000000088600000| Untracked 
| 134|0x0000000088600000, 0x0000000088700000, 0x0000000088700000|100%| O|  |TAMS 0x0000000088700000, 0x0000000088700000| Untracked 
| 135|0x0000000088700000, 0x0000000088800000, 0x0000000088800000|100%| O|  |TAMS 0x0000000088800000, 0x0000000088800000| Untracked 
| 136|0x0000000088800000, 0x0000000088900000, 0x0000000088900000|100%| O|  |TAMS 0x0000000088900000, 0x0000000088900000| Untracked 
| 137|0x0000000088900000, 0x0000000088a00000, 0x0000000088a00000|100%| O|  |TAMS 0x0000000088a00000, 0x0000000088a00000| Untracked 
| 138|0x0000000088a00000, 0x0000000088b00000, 0x0000000088b00000|100%| O|  |TAMS 0x0000000088b00000, 0x0000000088b00000| Untracked 
| 139|0x0000000088b00000, 0x0000000088c00000, 0x0000000088c00000|100%| O|  |TAMS 0x0000000088b11c00, 0x0000000088c00000| Untracked 
| 140|0x0000000088c00000, 0x0000000088d00000, 0x0000000088d00000|100%| O|  |TAMS 0x0000000088c00000, 0x0000000088d00000| Untracked 
| 141|0x0000000088d00000, 0x0000000088e00000, 0x0000000088e00000|100%| O|  |TAMS 0x0000000088d00000, 0x0000000088e00000| Untracked 
| 142|0x0000000088e00000, 0x0000000088f00000, 0x0000000088f00000|100%| O|  |TAMS 0x0000000088e00000, 0x0000000088f00000| Untracked 
| 143|0x0000000088f00000, 0x0000000089000000, 0x0000000089000000|100%| O|  |TAMS 0x0000000088f00000, 0x0000000089000000| Untracked 
| 144|0x0000000089000000, 0x0000000089100000, 0x0000000089100000|100%| O|  |TAMS 0x0000000089000000, 0x0000000089100000| Untracked 
| 145|0x0000000089100000, 0x0000000089200000, 0x0000000089200000|100%| O|  |TAMS 0x0000000089100000, 0x0000000089200000| Untracked 
| 146|0x0000000089200000, 0x0000000089300000, 0x0000000089300000|100%| O|  |TAMS 0x0000000089200000, 0x0000000089300000| Untracked 
| 147|0x0000000089300000, 0x0000000089396000, 0x0000000089400000| 58%| O|  |TAMS 0x0000000089300000, 0x0000000089396000| Untracked 
| 148|0x0000000089400000, 0x0000000089400000, 0x0000000089500000|  0%| F|  |TAMS 0x0000000089400000, 0x0000000089400000| Untracked 
| 149|0x0000000089500000, 0x0000000089500000, 0x0000000089600000|  0%| F|  |TAMS 0x0000000089500000, 0x0000000089500000| Untracked 
| 150|0x0000000089600000, 0x0000000089600000, 0x0000000089700000|  0%| F|  |TAMS 0x0000000089600000, 0x0000000089600000| Untracked 
| 151|0x0000000089700000, 0x0000000089700000, 0x0000000089800000|  0%| F|  |TAMS 0x0000000089700000, 0x0000000089700000| Untracked 
| 152|0x0000000089800000, 0x0000000089800000, 0x0000000089900000|  0%| F|  |TAMS 0x0000000089800000, 0x0000000089800000| Untracked 
| 153|0x0000000089900000, 0x0000000089900000, 0x0000000089a00000|  0%| F|  |TAMS 0x0000000089900000, 0x0000000089900000| Untracked 
| 154|0x0000000089a00000, 0x0000000089a00000, 0x0000000089b00000|  0%| F|  |TAMS 0x0000000089a00000, 0x0000000089a00000| Untracked 
| 155|0x0000000089b00000, 0x0000000089b00000, 0x0000000089c00000|  0%| F|  |TAMS 0x0000000089b00000, 0x0000000089b00000| Untracked 
| 156|0x0000000089c00000, 0x0000000089c00000, 0x0000000089d00000|  0%| F|  |TAMS 0x0000000089c00000, 0x0000000089c00000| Untracked 
| 157|0x0000000089d00000, 0x0000000089d00000, 0x0000000089e00000|  0%| F|  |TAMS 0x0000000089d00000, 0x0000000089d00000| Untracked 
| 158|0x0000000089e00000, 0x0000000089e00000, 0x0000000089f00000|  0%| F|  |TAMS 0x0000000089e00000, 0x0000000089e00000| Untracked 
| 159|0x0000000089f00000, 0x0000000089f00000, 0x000000008a000000|  0%| F|  |TAMS 0x0000000089f00000, 0x0000000089f00000| Untracked 
| 160|0x000000008a000000, 0x000000008a000000, 0x000000008a100000|  0%| F|  |TAMS 0x000000008a000000, 0x000000008a000000| Untracked 
| 161|0x000000008a100000, 0x000000008a100000, 0x000000008a200000|  0%| F|  |TAMS 0x000000008a100000, 0x000000008a100000| Untracked 
| 162|0x000000008a200000, 0x000000008a200000, 0x000000008a300000|  0%| F|  |TAMS 0x000000008a200000, 0x000000008a200000| Untracked 
| 163|0x000000008a300000, 0x000000008a300000, 0x000000008a400000|  0%| F|  |TAMS 0x000000008a300000, 0x000000008a300000| Untracked 
| 164|0x000000008a400000, 0x000000008a400000, 0x000000008a500000|  0%| F|  |TAMS 0x000000008a400000, 0x000000008a400000| Untracked 
| 165|0x000000008a500000, 0x000000008a500000, 0x000000008a600000|  0%| F|  |TAMS 0x000000008a500000, 0x000000008a500000| Untracked 
| 166|0x000000008a600000, 0x000000008a600000, 0x000000008a700000|  0%| F|  |TAMS 0x000000008a600000, 0x000000008a600000| Untracked 
| 167|0x000000008a700000, 0x000000008a700000, 0x000000008a800000|  0%| F|  |TAMS 0x000000008a700000, 0x000000008a700000| Untracked 
| 168|0x000000008a800000, 0x000000008a800000, 0x000000008a900000|  0%| F|  |TAMS 0x000000008a800000, 0x000000008a800000| Untracked 
| 169|0x000000008a900000, 0x000000008a900000, 0x000000008aa00000|  0%| F|  |TAMS 0x000000008a900000, 0x000000008a900000| Untracked 
| 170|0x000000008aa00000, 0x000000008aa00000, 0x000000008ab00000|  0%| F|  |TAMS 0x000000008aa00000, 0x000000008aa00000| Untracked 
| 171|0x000000008ab00000, 0x000000008ab00000, 0x000000008ac00000|  0%| F|  |TAMS 0x000000008ab00000, 0x000000008ab00000| Untracked 
| 172|0x000000008ac00000, 0x000000008ac00000, 0x000000008ad00000|  0%| F|  |TAMS 0x000000008ac00000, 0x000000008ac00000| Untracked 
| 173|0x000000008ad00000, 0x000000008ad00000, 0x000000008ae00000|  0%| F|  |TAMS 0x000000008ad00000, 0x000000008ad00000| Untracked 
| 174|0x000000008ae00000, 0x000000008ae00000, 0x000000008af00000|  0%| F|  |TAMS 0x000000008ae00000, 0x000000008ae00000| Untracked 
| 175|0x000000008af00000, 0x000000008af00000, 0x000000008b000000|  0%| F|  |TAMS 0x000000008af00000, 0x000000008af00000| Untracked 
| 176|0x000000008b000000, 0x000000008b000000, 0x000000008b100000|  0%| F|  |TAMS 0x000000008b000000, 0x000000008b000000| Untracked 
| 177|0x000000008b100000, 0x000000008b100000, 0x000000008b200000|  0%| F|  |TAMS 0x000000008b100000, 0x000000008b100000| Untracked 
| 178|0x000000008b200000, 0x000000008b200000, 0x000000008b300000|  0%| F|  |TAMS 0x000000008b200000, 0x000000008b200000| Untracked 
| 179|0x000000008b300000, 0x000000008b300000, 0x000000008b400000|  0%| F|  |TAMS 0x000000008b300000, 0x000000008b300000| Untracked 
| 180|0x000000008b400000, 0x000000008b400000, 0x000000008b500000|  0%| F|  |TAMS 0x000000008b400000, 0x000000008b400000| Untracked 
| 181|0x000000008b500000, 0x000000008b500000, 0x000000008b600000|  0%| F|  |TAMS 0x000000008b500000, 0x000000008b500000| Untracked 
| 182|0x000000008b600000, 0x000000008b600000, 0x000000008b700000|  0%| F|  |TAMS 0x000000008b600000, 0x000000008b600000| Untracked 
| 183|0x000000008b700000, 0x000000008b700000, 0x000000008b800000|  0%| F|  |TAMS 0x000000008b700000, 0x000000008b700000| Untracked 
| 184|0x000000008b800000, 0x000000008b800000, 0x000000008b900000|  0%| F|  |TAMS 0x000000008b800000, 0x000000008b800000| Untracked 
| 185|0x000000008b900000, 0x000000008b900000, 0x000000008ba00000|  0%| F|  |TAMS 0x000000008b900000, 0x000000008b900000| Untracked 
| 186|0x000000008ba00000, 0x000000008ba40010, 0x000000008bb00000| 25%| S|CS|TAMS 0x000000008ba00000, 0x000000008ba00000| Complete 
| 187|0x000000008bb00000, 0x000000008bc00000, 0x000000008bc00000|100%| S|CS|TAMS 0x000000008bb00000, 0x000000008bb00000| Complete 
| 188|0x000000008bc00000, 0x000000008bc00000, 0x000000008bd00000|  0%| F|  |TAMS 0x000000008bc00000, 0x000000008bc00000| Untracked 
| 189|0x000000008bd00000, 0x000000008bd00000, 0x000000008be00000|  0%| F|  |TAMS 0x000000008bd00000, 0x000000008bd00000| Untracked 
| 190|0x000000008be00000, 0x000000008be00000, 0x000000008bf00000|  0%| F|  |TAMS 0x000000008be00000, 0x000000008be00000| Untracked 
| 191|0x000000008bf00000, 0x000000008bf00000, 0x000000008c000000|  0%| F|  |TAMS 0x000000008bf00000, 0x000000008bf00000| Untracked 
| 192|0x000000008c000000, 0x000000008c100000, 0x000000008c100000|100%| S|CS|TAMS 0x000000008c000000, 0x000000008c000000| Complete 
| 193|0x000000008c100000, 0x000000008c200000, 0x000000008c200000|100%| S|CS|TAMS 0x000000008c100000, 0x000000008c100000| Complete 
| 194|0x000000008c200000, 0x000000008c300000, 0x000000008c300000|100%| S|CS|TAMS 0x000000008c200000, 0x000000008c200000| Complete 
| 195|0x000000008c300000, 0x000000008c300000, 0x000000008c400000|  0%| F|  |TAMS 0x000000008c300000, 0x000000008c300000| Untracked 
| 196|0x000000008c400000, 0x000000008c400000, 0x000000008c500000|  0%| F|  |TAMS 0x000000008c400000, 0x000000008c400000| Untracked 
| 197|0x000000008c500000, 0x000000008c500000, 0x000000008c600000|  0%| F|  |TAMS 0x000000008c500000, 0x000000008c500000| Untracked 
| 198|0x000000008c600000, 0x000000008c600000, 0x000000008c700000|  0%| F|  |TAMS 0x000000008c600000, 0x000000008c600000| Untracked 
| 199|0x000000008c700000, 0x000000008c700000, 0x000000008c800000|  0%| F|  |TAMS 0x000000008c700000, 0x000000008c700000| Untracked 
| 200|0x000000008c800000, 0x000000008c800000, 0x000000008c900000|  0%| F|  |TAMS 0x000000008c800000, 0x000000008c800000| Untracked 
| 201|0x000000008c900000, 0x000000008c900000, 0x000000008ca00000|  0%| F|  |TAMS 0x000000008c900000, 0x000000008c900000| Untracked 
| 202|0x000000008ca00000, 0x000000008ca00000, 0x000000008cb00000|  0%| F|  |TAMS 0x000000008ca00000, 0x000000008ca00000| Untracked 
| 203|0x000000008cb00000, 0x000000008cb00000, 0x000000008cc00000|  0%| F|  |TAMS 0x000000008cb00000, 0x000000008cb00000| Untracked 
| 204|0x000000008cc00000, 0x000000008cc00000, 0x000000008cd00000|  0%| F|  |TAMS 0x000000008cc00000, 0x000000008cc00000| Untracked 
| 205|0x000000008cd00000, 0x000000008cd00000, 0x000000008ce00000|  0%| F|  |TAMS 0x000000008cd00000, 0x000000008cd00000| Untracked 
| 206|0x000000008ce00000, 0x000000008ce00000, 0x000000008cf00000|  0%| F|  |TAMS 0x000000008ce00000, 0x000000008ce00000| Untracked 
| 207|0x000000008cf00000, 0x000000008cf00000, 0x000000008d000000|  0%| F|  |TAMS 0x000000008cf00000, 0x000000008cf00000| Untracked 
| 208|0x000000008d000000, 0x000000008d000000, 0x000000008d100000|  0%| F|  |TAMS 0x000000008d000000, 0x000000008d000000| Untracked 
| 209|0x000000008d100000, 0x000000008d100000, 0x000000008d200000|  0%| F|  |TAMS 0x000000008d100000, 0x000000008d100000| Untracked 
| 210|0x000000008d200000, 0x000000008d200000, 0x000000008d300000|  0%| F|  |TAMS 0x000000008d200000, 0x000000008d200000| Untracked 
| 211|0x000000008d300000, 0x000000008d300000, 0x000000008d400000|  0%| F|  |TAMS 0x000000008d300000, 0x000000008d300000| Untracked 
| 212|0x000000008d400000, 0x000000008d400000, 0x000000008d500000|  0%| F|  |TAMS 0x000000008d400000, 0x000000008d400000| Untracked 
| 213|0x000000008d500000, 0x000000008d500000, 0x000000008d600000|  0%| F|  |TAMS 0x000000008d500000, 0x000000008d500000| Untracked 
| 214|0x000000008d600000, 0x000000008d600000, 0x000000008d700000|  0%| F|  |TAMS 0x000000008d600000, 0x000000008d600000| Untracked 
| 215|0x000000008d700000, 0x000000008d700000, 0x000000008d800000|  0%| F|  |TAMS 0x000000008d700000, 0x000000008d700000| Untracked 
| 216|0x000000008d800000, 0x000000008d800000, 0x000000008d900000|  0%| F|  |TAMS 0x000000008d800000, 0x000000008d800000| Untracked 
| 217|0x000000008d900000, 0x000000008d900000, 0x000000008da00000|  0%| F|  |TAMS 0x000000008d900000, 0x000000008d900000| Untracked 
| 218|0x000000008da00000, 0x000000008da00000, 0x000000008db00000|  0%| F|  |TAMS 0x000000008da00000, 0x000000008da00000| Untracked 
| 219|0x000000008db00000, 0x000000008db00000, 0x000000008dc00000|  0%| F|  |TAMS 0x000000008db00000, 0x000000008db00000| Untracked 
| 220|0x000000008dc00000, 0x000000008dc00000, 0x000000008dd00000|  0%| F|  |TAMS 0x000000008dc00000, 0x000000008dc00000| Untracked 

Card table byte_map: [0x00000231646e0000,0x0000023164ae0000] _byte_map_base: 0x00000231642e0000

Marking Bits (Prev, Next): (CMBitMap*) 0x0000023151517050, (CMBitMap*) 0x0000023151517018
 Prev Bits: [0x0000023166ee0000, 0x0000023168ee0000)
 Next Bits: [0x0000023164ee0000, 0x0000023166ee0000)

Polling page: 0x0000023150ca0000

Metaspace:

Usage:
  Non-class:     94.24 MB capacity,    92.29 MB ( 98%) used,     1.60 MB (  2%) free+waste,   352.63 KB ( <1%) overhead. 
      Class:     14.75 MB capacity,    13.57 MB ( 92%) used,     1.02 MB (  7%) free+waste,   158.88 KB (  1%) overhead. 
       Both:    108.99 MB capacity,   105.86 MB ( 97%) used,     2.63 MB (  2%) free+waste,   511.50 KB ( <1%) overhead. 

Virtual space:
  Non-class space:       96.00 MB reserved,      94.43 MB ( 98%) committed 
      Class space:        1.00 GB reserved,      14.82 MB (  1%) committed 
             Both:        1.09 GB reserved,     109.25 MB ( 10%) committed 

Chunk freelists:
   Non-Class:  3.00 KB
       Class:  0 bytes
        Both:  3.00 KB

MaxMetaspaceSize: 17179869184.00 GB
CompressedClassSpaceSize: 1.00 GB

CodeHeap 'non-profiled nmethods': size=120000Kb used=8415Kb max_used=8415Kb free=111584Kb
 bounds [0x000002315ca80000, 0x000002315d2c0000, 0x0000023163fb0000]
CodeHeap 'profiled nmethods': size=120000Kb used=35497Kb max_used=35497Kb free=84502Kb
 bounds [0x0000023155550000, 0x0000023157800000, 0x000002315ca80000]
CodeHeap 'non-nmethods': size=5760Kb used=2344Kb max_used=2397Kb free=3415Kb
 bounds [0x0000023154fb0000, 0x0000023155220000, 0x0000023155550000]
 total_blobs=17274 nmethods=16314 adapters=869
 compilation: enabled
              stopped_count=0, restarted_count=0
 full_count=0

Compilation events (20 events):
Event: 102.421 Thread 0x000002316e9a5000 nmethod 16196 0x000002315d2b5f10 code [0x000002315d2b60a0, 0x000002315d2b6138]
Event: 102.421 Thread 0x000002316e9a5000 15907       4       java.util.Collections$SetFromMap::iterator (10 bytes)
Event: 102.422 Thread 0x000002316c1a6800 nmethod 16605 0x000002315d2b6210 code [0x000002315d2b63a0, 0x000002315d2b63f8]
Event: 102.422 Thread 0x000002316c1a6800 16200       4       com.android.tools.r8.internal.zh$d::a (13 bytes)
Event: 102.422 Thread 0x000002316e9a5000 nmethod 15907 0x000002315d2b6490 code [0x000002315d2b6620, 0x000002315d2b66b8]
Event: 102.422 Thread 0x000002316e9a5000 16089       4       com.android.tools.r8.internal.Vv$$Lambda$1567/0x0000000100e47840::a (5 bytes)
Event: 102.423 Thread 0x000002316e9a5000 nmethod 16089 0x000002315d2b6790 code [0x000002315d2b6920, 0x000002315d2b69a8]
Event: 102.423 Thread 0x000002316e9a5000 16964       4       com.android.tools.r8.code.v1::a (21 bytes)
Event: 102.423 Thread 0x000002316c1a6800 nmethod 16200 0x000002315d2b6a90 code [0x000002315d2b6c20, 0x000002315d2b6cb8]
Event: 102.423 Thread 0x000002316c1a6800 16464       4       com.android.tools.r8.graph.E::H (2 bytes)
Event: 102.423 Thread 0x000002316c1a6800 nmethod 16464 0x000002315d2b6d90 code [0x000002315d2b6f20, 0x000002315d2b6f78]
Event: 102.423 Thread 0x000002316c1a6800 16650       4       com.android.tools.r8.graph.v0$e::d (2 bytes)
Event: 102.423 Thread 0x000002316c1a6800 nmethod 16650 0x000002315d2b7010 code [0x000002315d2b71a0, 0x000002315d2b71f8]
Event: 102.423 Thread 0x000002316c1a6800 15738       4       com.android.tools.r8.internal.Mi::V (8 bytes)
Event: 102.424 Thread 0x000002316c1a6800 nmethod 15738 0x000002315d2b7290 code [0x000002315d2b7420, 0x000002315d2b74d8]
Event: 102.424 Thread 0x000002316c1a6800 16181       4       com.android.tools.r8.internal.k4$b::a (10 bytes)
Event: 102.424 Thread 0x000002316e9a5000 nmethod 16964 0x000002315d2b7590 code [0x000002315d2b7720, 0x000002315d2b7818]
Event: 102.424 Thread 0x000002316e9a5000 15822       4       com.android.tools.r8.internal.a5::<init> (24 bytes)
Event: 102.425 Thread 0x000002316c1a6800 nmethod 16181 0x000002315d2b7990 code [0x000002315d2b7b40, 0x000002315d2b7c28]
Event: 102.425 Thread 0x000002316c1a6800 16541       4       com.android.tools.r8.graph.j0::b (4 bytes)

GC Heap History (20 events):
Event: 98.384 GC heap after
{Heap after GC invocations=69 (full 0):
 garbage-first heap   total 155648K, used 135670K [0x0000000080000000, 0x0000000100000000)
  region size 1024K, 1 young (1024K), 1 survivors (1024K)
 Metaspace       used 100942K, capacity 103844K, committed 104064K, reserved 1138688K
  class space    used 12912K, capacity 13968K, committed 14028K, reserved 1048576K
}
Event: 98.490 GC heap before
{Heap before GC invocations=69 (full 0):
 garbage-first heap   total 155648K, used 141814K [0x0000000080000000, 0x0000000100000000)
  region size 1024K, 7 young (7168K), 1 survivors (1024K)
 Metaspace       used 101220K, capacity 104137K, committed 104320K, reserved 1140736K
  class space    used 12950K, capacity 14000K, committed 14028K, reserved 1048576K
}
Event: 98.497 GC heap after
{Heap after GC invocations=70 (full 0):
 garbage-first heap   total 155648K, used 135681K [0x0000000080000000, 0x0000000100000000)
  region size 1024K, 1 young (1024K), 1 survivors (1024K)
 Metaspace       used 101220K, capacity 104137K, committed 104320K, reserved 1140736K
  class space    used 12950K, capacity 14000K, committed 14028K, reserved 1048576K
}
Event: 98.878 GC heap before
{Heap before GC invocations=70 (full 0):
 garbage-first heap   total 155648K, used 140801K [0x0000000080000000, 0x0000000100000000)
  region size 1024K, 7 young (7168K), 1 survivors (1024K)
 Metaspace       used 102284K, capacity 105258K, committed 105344K, reserved 1140736K
  class space    used 13115K, capacity 14217K, committed 14284K, reserved 1048576K
}
Event: 98.884 GC heap after
{Heap after GC invocations=71 (full 0):
 garbage-first heap   total 188416K, used 136125K [0x0000000080000000, 0x0000000100000000)
  region size 1024K, 1 young (1024K), 1 survivors (1024K)
 Metaspace       used 102284K, capacity 105258K, committed 105344K, reserved 1140736K
  class space    used 13115K, capacity 14217K, committed 14284K, reserved 1048576K
}
Event: 99.527 GC heap before
{Heap before GC invocations=72 (full 0):
 garbage-first heap   total 188416K, used 147389K [0x0000000080000000, 0x0000000100000000)
  region size 1024K, 13 young (13312K), 1 survivors (1024K)
 Metaspace       used 104473K, capacity 107487K, committed 107776K, reserved 1142784K
  class space    used 13479K, capacity 14599K, committed 14668K, reserved 1048576K
}
Event: 99.533 GC heap after
{Heap after GC invocations=73 (full 0):
 garbage-first heap   total 188416K, used 136704K [0x0000000080000000, 0x0000000100000000)
  region size 1024K, 1 young (1024K), 1 survivors (1024K)
 Metaspace       used 104473K, capacity 107487K, committed 107776K, reserved 1142784K
  class space    used 13479K, capacity 14599K, committed 14668K, reserved 1048576K
}
Event: 99.924 GC heap before
{Heap before GC invocations=73 (full 0):
 garbage-first heap   total 188416K, used 150016K [0x0000000080000000, 0x0000000100000000)
  region size 1024K, 14 young (14336K), 1 survivors (1024K)
 Metaspace       used 104995K, capacity 108068K, committed 108288K, reserved 1142784K
  class space    used 13501K, capacity 14642K, committed 14668K, reserved 1048576K
}
Event: 99.929 GC heap after
{Heap after GC invocations=74 (full 0):
 garbage-first heap   total 188416K, used 137182K [0x0000000080000000, 0x0000000100000000)
  region size 1024K, 2 young (2048K), 2 survivors (2048K)
 Metaspace       used 104995K, capacity 108068K, committed 108288K, reserved 1142784K
  class space    used 13501K, capacity 14642K, committed 14668K, reserved 1048576K
}
Event: 100.293 GC heap before
{Heap before GC invocations=75 (full 0):
 garbage-first heap   total 188416K, used 151518K [0x0000000080000000, 0x0000000100000000)
  region size 1024K, 16 young (16384K), 2 survivors (2048K)
 Metaspace       used 105282K, capacity 108327K, committed 108544K, reserved 1142784K
  class space    used 13503K, capacity 14642K, committed 14668K, reserved 1048576K
}
Event: 100.299 GC heap after
{Heap after GC invocations=76 (full 0):
 garbage-first heap   total 188416K, used 138786K [0x0000000080000000, 0x0000000100000000)
  region size 1024K, 2 young (2048K), 2 survivors (2048K)
 Metaspace       used 105282K, capacity 108327K, committed 108544K, reserved 1142784K
  class space    used 13503K, capacity 14642K, committed 14668K, reserved 1048576K
}
Event: 100.480 GC heap before
{Heap before GC invocations=76 (full 0):
 garbage-first heap   total 188416K, used 154146K [0x0000000080000000, 0x0000000100000000)
  region size 1024K, 17 young (17408K), 2 survivors (2048K)
 Metaspace       used 105579K, capacity 108641K, committed 108800K, reserved 1142784K
  class space    used 13532K, capacity 14661K, committed 14668K, reserved 1048576K
}
Event: 100.496 GC heap after
{Heap after GC invocations=77 (full 0):
 garbage-first heap   total 226304K, used 140231K [0x0000000080000000, 0x0000000100000000)
  region size 1024K, 3 young (3072K), 3 survivors (3072K)
 Metaspace       used 105579K, capacity 108641K, committed 108800K, reserved 1142784K
  class space    used 13532K, capacity 14661K, committed 14668K, reserved 1048576K
}
Event: 101.208 GC heap before
{Heap before GC invocations=78 (full 0):
 garbage-first heap   total 226304K, used 168903K [0x0000000080000000, 0x0000000100000000)
  region size 1024K, 31 young (31744K), 3 survivors (3072K)
 Metaspace       used 106828K, capacity 109906K, committed 110080K, reserved 1144832K
  class space    used 13686K, capacity 14853K, committed 14924K, reserved 1048576K
}
Event: 101.220 GC heap after
{Heap after GC invocations=79 (full 0):
 garbage-first heap   total 226304K, used 142950K [0x0000000080000000, 0x0000000100000000)
  region size 1024K, 4 young (4096K), 4 survivors (4096K)
 Metaspace       used 106828K, capacity 109906K, committed 110080K, reserved 1144832K
  class space    used 13686K, capacity 14853K, committed 14924K, reserved 1048576K
}
Event: 101.519 GC heap before
{Heap before GC invocations=79 (full 0):
 garbage-first heap   total 226304K, used 172646K [0x0000000080000000, 0x0000000100000000)
  region size 1024K, 33 young (33792K), 4 survivors (4096K)
 Metaspace       used 107587K, capacity 110698K, committed 110976K, reserved 1144832K
  class space    used 13796K, capacity 14964K, committed 15052K, reserved 1048576K
}
Event: 101.549 GC heap after
{Heap after GC invocations=80 (full 0):
 garbage-first heap   total 226304K, used 146227K [0x0000000080000000, 0x0000000100000000)
  region size 1024K, 4 young (4096K), 4 survivors (4096K)
 Metaspace       used 107587K, capacity 110698K, committed 110976K, reserved 1144832K
  class space    used 13796K, capacity 14964K, committed 15052K, reserved 1048576K
}
Event: 102.118 GC heap before
{Heap before GC invocations=81 (full 0):
 garbage-first heap   total 226304K, used 174899K [0x0000000080000000, 0x0000000100000000)
  region size 1024K, 33 young (33792K), 4 survivors (4096K)
 Metaspace       used 108071K, capacity 111275K, committed 111616K, reserved 1146880K
  class space    used 13862K, capacity 15064K, committed 15180K, reserved 1048576K
}
Event: 102.129 GC heap after
{Heap after GC invocations=82 (full 0):
 garbage-first heap   total 226304K, used 151209K [0x0000000080000000, 0x0000000100000000)
  region size 1024K, 5 young (5120K), 5 survivors (5120K)
 Metaspace       used 108071K, capacity 111275K, committed 111616K, reserved 1146880K
  class space    used 13862K, capacity 15064K, committed 15180K, reserved 1048576K
}
Event: 102.426 GC heap before
{Heap before GC invocations=82 (full 0):
 garbage-first heap   total 226304K, used 175785K [0x0000000080000000, 0x0000000100000000)
  region size 1024K, 31 young (31744K), 5 survivors (5120K)
 Metaspace       used 108399K, capacity 111602K, committed 111872K, reserved 1146880K
  class space    used 13896K, capacity 15105K, committed 15180K, reserved 1048576K
}

Deoptimization events (20 events):
Event: 102.350 Thread 0x0000023174660000 DEOPT PACKING pc=0x000002315d28cb68 sp=0x0000003d984fcc70
Event: 102.350 Thread 0x0000023174660000 DEOPT UNPACKING pc=0x0000023154fd78af sp=0x0000003d984fcc40 mode 2
Event: 102.392 Thread 0x000002317465d800 DEOPT PACKING pc=0x000002315751a423 sp=0x0000003d980fbbc0
Event: 102.392 Thread 0x000002317465d800 DEOPT UNPACKING pc=0x0000023154fd76ce sp=0x0000003d980fb388 mode 0
Event: 102.395 Thread 0x0000023174660000 Uncommon trap: trap_request=0xffffffd6 fr.pc=0x000002315d2ad738 relative=0x00000000000006f8
Event: 102.395 Thread 0x0000023174660000 Uncommon trap: reason=array_check action=maybe_recompile pc=0x000002315d2ad738 method=java.util.TimSort.binarySort([Ljava/lang/Object;IIILjava/util/Comparator;)V @ 215 c2
Event: 102.395 Thread 0x0000023174660000 DEOPT PACKING pc=0x000002315d2ad738 sp=0x0000003d984fcc70
Event: 102.395 Thread 0x0000023174660000 DEOPT UNPACKING pc=0x0000023154fd78af sp=0x0000003d984fcc40 mode 2
Event: 102.395 Thread 0x0000023174660000 Uncommon trap: trap_request=0xffffffd6 fr.pc=0x000002315d2ad738 relative=0x00000000000006f8
Event: 102.395 Thread 0x0000023174660000 Uncommon trap: reason=array_check action=maybe_recompile pc=0x000002315d2ad738 method=java.util.TimSort.binarySort([Ljava/lang/Object;IIILjava/util/Comparator;)V @ 215 c2
Event: 102.395 Thread 0x0000023174660000 DEOPT PACKING pc=0x000002315d2ad738 sp=0x0000003d984fcc70
Event: 102.396 Thread 0x0000023174660000 DEOPT UNPACKING pc=0x0000023154fd78af sp=0x0000003d984fcc40 mode 2
Event: 102.408 Thread 0x0000023174660000 Uncommon trap: trap_request=0xffffffc6 fr.pc=0x000002315d2ae570 relative=0x0000000000000130
Event: 102.408 Thread 0x0000023174660000 Uncommon trap: reason=bimorphic_or_optimized_type_check action=maybe_recompile pc=0x000002315d2ae570 method=com.android.tools.r8.graph.S.a(Lcom/android/tools/r8/dex/w;Lcom/android/tools/r8/graph/S;)V @ 2 c2
Event: 102.408 Thread 0x0000023174660000 DEOPT PACKING pc=0x000002315d2ae570 sp=0x0000003d984fcff0
Event: 102.408 Thread 0x0000023174660000 DEOPT UNPACKING pc=0x0000023154fd78af sp=0x0000003d984fcec0 mode 2
Event: 102.411 Thread 0x000002316d1e7800 Uncommon trap: trap_request=0xffffffc6 fr.pc=0x000002315d2ae570 relative=0x0000000000000130
Event: 102.411 Thread 0x000002316d1e7800 Uncommon trap: reason=bimorphic_or_optimized_type_check action=maybe_recompile pc=0x000002315d2ae570 method=com.android.tools.r8.graph.S.a(Lcom/android/tools/r8/dex/w;Lcom/android/tools/r8/graph/S;)V @ 2 c2
Event: 102.411 Thread 0x000002316d1e7800 DEOPT PACKING pc=0x000002315d2ae570 sp=0x0000003d985fcd10
Event: 102.411 Thread 0x000002316d1e7800 DEOPT UNPACKING pc=0x0000023154fd78af sp=0x0000003d985fcbe0 mode 2

Classes redefined (0 events):
No events

Internal exceptions (20 events):
Event: 99.314 Thread 0x000002316d1e7800 Exception <a 'java/lang/NoSuchMethodError'{0x000000008b256440}: 'java.lang.Object java.lang.invoke.DirectMethodHandle$Holder.invokeVirtual(java.lang.Object, java.lang.Object, int, java.lang.Object)'> (0x000000008b256440) thrown at [./src/hotspot/share/interpreter/linkResolver.cpp, line 773]
Event: 99.320 Thread 0x0000023174661800 Exception <a 'java/lang/NoSuchMethodError'{0x000000008b63c6a0}: 'java.lang.Object java.lang.invoke.DirectMethodHandle$Holder.invokeVirtual(java.lang.Object, java.lang.Object, int, java.lang.Object)'> (0x000000008b63c6a0) thrown at [./src/hotspot/share/interpreter/linkResolver.cpp, line 773]
Event: 99.321 Thread 0x0000023174660000 Exception <a 'java/lang/NoSuchMethodError'{0x000000008b266c10}: 'java.lang.Object java.lang.invoke.DirectMethodHandle$Holder.invokeVirtual(java.lang.Object, java.lang.Object, int, java.lang.Object)'> (0x000000008b266c10) thrown at [./src/hotspot/share/interpreter/linkResolver.cpp, line 773]
Event: 99.351 Thread 0x000002317465e800 Exception <a 'java/lang/NoSuchMethodError'{0x000000008b1c7368}: 'void java.lang.invoke.DirectMethodHandle$Holder.invokeVirtual(java.lang.Object, java.lang.Object, int, java.lang.Object)'> (0x000000008b1c7368) thrown at [./src/hotspot/share/interpreter/linkResolver.cpp, line 773]
Event: 100.125 Thread 0x000002317465c800 Exception <a 'sun/nio/fs/WindowsException'{0x000000008b257688}> (0x000000008b257688) thrown at [./src/hotspot/share/prims/jni.cpp, line 615]
Event: 100.464 Thread 0x000002317465c000 Exception <a 'sun/nio/fs/WindowsException'{0x000000008aa1dad0}> (0x000000008aa1dad0) thrown at [./src/hotspot/share/prims/jni.cpp, line 615]
Event: 100.962 Thread 0x000002317465e800 Exception <a 'java/lang/IncompatibleClassChangeError'{0x000000008cbb3938}: Found class java.lang.Object, but interface was expected> (0x000000008cbb3938) thrown at [./src/hotspot/share/interpreter/linkResolver.cpp, line 839]
Event: 101.109 Thread 0x000002317465c800 Implicit null exception at 0x000002315d24c239 to 0x000002315d24c390
Event: 101.112 Thread 0x000002317465e800 Exception <a 'java/lang/NoSuchMethodError'{0x000000008c5b5ee0}: 'void java.lang.invoke.DirectMethodHandle$Holder.invokeSpecial(java.lang.Object, java.lang.Object, int, java.lang.Object, java.lang.Object, java.lang.Object, java.lang.Object)'> (0x000000008c5b5ee0) thrown at [./src/hotspot/share/interpreter/linkResolver.cpp, line 773]
Event: 101.121 Thread 0x000002317465e800 Exception <a 'java/lang/NoSuchMethodError'{0x000000008c5c1590}: 'java.lang.Object java.lang.invoke.Invokers$Holder.linkToTargetMethod(java.lang.Object, int, java.lang.Object, java.lang.Object, java.lang.Object, java.lang.Object)'> (0x000000008c5c1590) thrown at [./src/hotspot/share/interpreter/linkResolver.cpp, line 773]
Event: 101.123 Thread 0x000002317465e800 Exception <a 'java/lang/NoSuchMethodError'{0x000000008c5c5248}: 'void java.lang.invoke.DirectMethodHandle$Holder.invokeSpecial(java.lang.Object, java.lang.Object, java.lang.Object, java.lang.Object, java.lang.Object, java.lang.Object, java.lang.Object, java.lang.Object, java.lang.Object)'> (0x000000008c5c5248) thrown at [./src/hotspot/share/interpreter/linkResolver.cpp, line 773]
Event: 101.155 Thread 0x000002317465e800 Exception <a 'java/lang/NoSuchMethodError'{0x000000008c4ac758}: 'void java.lang.invoke.DirectMethodHandle$Holder.invokeStatic(java.lang.Object, java.lang.Object, java.lang.Object, java.lang.Object, java.lang.Object, java.lang.Object, java.lang.Object, java.lang.Object)'> (0x000000008c4ac758) thrown at [./src/hotspot/share/interpreter/linkResolver.cpp, line 773]
Event: 101.223 Thread 0x000002316d1e7000 Exception <a 'sun/nio/fs/WindowsException'{0x000000008dc6bbb0}> (0x000000008dc6bbb0) thrown at [./src/hotspot/share/prims/jni.cpp, line 615]
Event: 101.320 Thread 0x000002317465c800 Exception <a 'java/lang/NoSuchMethodError'{0x000000008cf39cb0}: 'java.lang.Object java.lang.invoke.DirectMethodHandle$Holder.invokeSpecial(java.lang.Object, java.lang.Object, java.lang.Object, java.lang.Object, java.lang.Object, java.lang.Object, java.lang.Object, java.lang.Object, java.lang.Object, java.lang.Object, java.lang.Object)'> (0x000000008cf39cb0) thrown at [./src/hotspot/share/interpreter/linkResolver.cpp, line 773]
Event: 101.322 Thread 0x000002317465c800 Exception <a 'java/lang/NoSuchMethodError'{0x000000008cc0ffd0}: 'java.lang.Object java.lang.invoke.Invokers$Holder.linkToTargetMethod(java.lang.Object, java.lang.Object, java.lang.Object, java.lang.Object, java.lang.Object, java.lang.Object, java.lang.Object, java.lang.Object, java.lang.Object, java.lang.Object)'> (0x000000008cc0ffd0) thrown at [./src/hotspot/share/interpreter/linkResolver.cpp, line 773]
Event: 101.323 Thread 0x000002317465d800 Exception <a 'sun/nio/fs/WindowsException'{0x000000008cc3fff8}> (0x000000008cc3fff8) thrown at [./src/hotspot/share/prims/jni.cpp, line 615]
Event: 101.382 Thread 0x000002317465e800 Exception <a 'java/lang/IncompatibleClassChangeError'{0x000000008c9e6ea8}: Found class java.lang.Object, but interface was expected> (0x000000008c9e6ea8) thrown at [./src/hotspot/share/interpreter/linkResolver.cpp, line 839]
Event: 101.493 Thread 0x000002317465c800 Exception <a 'java/lang/IncompatibleClassChangeError'{0x000000008c259da8}: Found class java.lang.Object, but interface was expected> (0x000000008c259da8) thrown at [./src/hotspot/share/interpreter/linkResolver.cpp, line 839]
Event: 101.856 Thread 0x000002317465c800 Exception <a 'java/lang/NoSuchMethodError'{0x000000008d270a90}: 'java.lang.Object java.lang.invoke.DirectMethodHandle$Holder.invokeInterface(java.lang.Object, java.lang.Object, int)'> (0x000000008d270a90) thrown at [./src/hotspot/share/interpreter/linkResolver.cpp, line 773]
Event: 102.226 Thread 0x000002317465e800 Exception <a 'java/lang/NoSuchMethodError'{0x000000008d4ef1e8}: 'void java.lang.invoke.DirectMethodHandle$Holder.invokeVirtual(java.lang.Object, java.lang.Object, int)'> (0x000000008d4ef1e8) thrown at [./src/hotspot/share/interpreter/linkResolver.cpp, line 773]

Events (20 events):
Event: 102.371 loading class com/android/tools/r8/graph/y done
Event: 102.371 loading class com/android/tools/r8/dex/m
Event: 102.371 loading class com/android/tools/r8/dex/m done
Event: 102.371 loading class com/android/tools/r8/graph/Y
Event: 102.371 loading class com/android/tools/r8/graph/Y done
Event: 102.371 loading class com/android/tools/r8/graph/Y
Event: 102.371 loading class com/android/tools/r8/graph/Y done
Event: 102.371 loading class com/android/tools/r8/dex/m
Event: 102.371 loading class com/android/tools/r8/dex/m done
Event: 102.382 loading class java/util/zip/Adler32
Event: 102.383 loading class java/util/zip/Adler32 done
Event: 102.384 loading class com/android/tools/r8/internal/L3
Event: 102.384 loading class com/android/tools/r8/internal/L3 done
Event: 102.384 loading class com/android/tools/r8/dex/m$a
Event: 102.384 loading class com/android/tools/r8/dex/m$a done
Event: 102.385 loading class com/android/tools/r8/ByteDataView
Event: 102.385 loading class com/android/tools/r8/ByteDataView done
Event: 102.387 loading class com/android/tools/r8/internal/xa
Event: 102.387 loading class com/android/tools/r8/internal/xa done
Event: 102.425 Executing VM operation: G1CollectForAllocation


Dynamic libraries:
0x00007ff73cc40000 - 0x00007ff73cc4a000 	C:\Program Files\Android\Android Studio3\jre\bin\java.exe
0x00007ffd4ff40000 - 0x00007ffd5014f000 	C:\WINDOWS\SYSTEM32\ntdll.dll
0x00007ffd4f5f0000 - 0x00007ffd4f6ad000 	C:\WINDOWS\System32\KERNEL32.DLL
0x00007ffd4d4b0000 - 0x00007ffd4d83c000 	C:\WINDOWS\System32\KERNELBASE.dll
0x00007ffd4a530000 - 0x00007ffd4a5c2000 	C:\WINDOWS\SYSTEM32\apphelp.dll
0x00007ffd4d9a0000 - 0x00007ffd4dab1000 	C:\WINDOWS\System32\ucrtbase.dll
0x00007ffd40940000 - 0x00007ffd40957000 	C:\Program Files\Android\Android Studio3\jre\bin\VCRUNTIME140.dll
0x00007ffd40960000 - 0x00007ffd40979000 	C:\Program Files\Android\Android Studio3\jre\bin\jli.dll
0x00007ffd4e430000 - 0x00007ffd4e5d6000 	C:\WINDOWS\System32\USER32.dll
0x00007ffd4dd90000 - 0x00007ffd4ddb6000 	C:\WINDOWS\System32\win32u.dll
0x00007ffd3afc0000 - 0x00007ffd3b261000 	C:\WINDOWS\WinSxS\amd64_microsoft.windows.common-controls_6595b64144ccf1df_6.0.22489.1000_none_26b04fb444140a2e\COMCTL32.dll
0x00007ffd4de80000 - 0x00007ffd4df24000 	C:\WINDOWS\System32\msvcrt.dll
0x00007ffd4df30000 - 0x00007ffd4df59000 	C:\WINDOWS\System32\GDI32.dll
0x00007ffd4dc70000 - 0x00007ffd4dd87000 	C:\WINDOWS\System32\gdi32full.dll
0x00007ffd4d410000 - 0x00007ffd4d4aa000 	C:\WINDOWS\System32\msvcp_win.dll
0x00007ffd4f5b0000 - 0x00007ffd4f5e1000 	C:\WINDOWS\System32\IMM32.DLL
0x00007ffd22b60000 - 0x00007ffd22bfd000 	C:\Program Files\Android\Android Studio3\jre\bin\msvcp140.dll
0x00007ffd03e40000 - 0x00007ffd0490f000 	C:\Program Files\Android\Android Studio3\jre\bin\server\jvm.dll
0x00007ffd4f820000 - 0x00007ffd4f8ce000 	C:\WINDOWS\System32\ADVAPI32.dll
0x00007ffd4f8d0000 - 0x00007ffd4f971000 	C:\WINDOWS\System32\sechost.dll
0x00007ffd4f480000 - 0x00007ffd4f59f000 	C:\WINDOWS\System32\RPCRT4.dll
0x00007ffd4de70000 - 0x00007ffd4de78000 	C:\WINDOWS\System32\PSAPI.DLL
0x00007ffd422c0000 - 0x00007ffd422f4000 	C:\WINDOWS\SYSTEM32\WINMM.dll
0x00007ffd43d60000 - 0x00007ffd43d69000 	C:\WINDOWS\SYSTEM32\WSOCK32.dll
0x00007ffd4fce0000 - 0x00007ffd4fd51000 	C:\WINDOWS\System32\WS2_32.dll
0x00007ffd44dd0000 - 0x00007ffd44dda000 	C:\WINDOWS\SYSTEM32\VERSION.dll
0x00007ffd4c5e0000 - 0x00007ffd4c5f8000 	C:\WINDOWS\SYSTEM32\kernel.appcore.dll
0x00007ffd40830000 - 0x00007ffd40841000 	C:\Program Files\Android\Android Studio3\jre\bin\verify.dll
0x00007ffd45a50000 - 0x00007ffd45c76000 	C:\WINDOWS\SYSTEM32\DBGHELP.DLL
0x00007ffd4f100000 - 0x00007ffd4f47b000 	C:\WINDOWS\System32\combase.dll
0x00007ffd45a10000 - 0x00007ffd45a41000 	C:\WINDOWS\SYSTEM32\dbgcore.DLL
0x00007ffd4dbe0000 - 0x00007ffd4dc61000 	C:\WINDOWS\System32\bcryptPrimitives.dll
0x00007ffd40800000 - 0x00007ffd40829000 	C:\Program Files\Android\Android Studio3\jre\bin\java.dll
0x00007ffd4ad40000 - 0x00007ffd4ad4b000 	C:\Program Files\Android\Android Studio3\jre\bin\jimage.dll
0x00007ffd407e0000 - 0x00007ffd407f8000 	C:\Program Files\Android\Android Studio3\jre\bin\zip.dll
0x00007ffd4e780000 - 0x00007ffd4ef2d000 	C:\WINDOWS\System32\SHELL32.dll
0x00007ffd4b480000 - 0x00007ffd4bcd8000 	C:\WINDOWS\SYSTEM32\windows.storage.dll
0x00007ffd4b330000 - 0x00007ffd4b479000 	C:\WINDOWS\SYSTEM32\wintypes.dll
0x00007ffd4f6d0000 - 0x00007ffd4f7c0000 	C:\WINDOWS\System32\SHCORE.dll
0x00007ffd4ef30000 - 0x00007ffd4ef8b000 	C:\WINDOWS\System32\shlwapi.dll
0x00007ffd4d340000 - 0x00007ffd4d361000 	C:\WINDOWS\SYSTEM32\profapi.dll
0x00007ffd3e800000 - 0x00007ffd3e81a000 	C:\Program Files\Android\Android Studio3\jre\bin\net.dll
0x00007ffd468e0000 - 0x00007ffd469f1000 	C:\WINDOWS\SYSTEM32\WINHTTP.dll
0x00007ffd4ca20000 - 0x00007ffd4ca89000 	C:\WINDOWS\system32\mswsock.dll
0x00007ffd3e7e0000 - 0x00007ffd3e7f4000 	C:\Program Files\Android\Android Studio3\jre\bin\nio.dll
0x00007ffd409b0000 - 0x00007ffd409d7000 	C:\Users\xpmkm\.gradle\native\8bec1ad78214c89d9ad589b4d07fe93259594b29d510b10fafb7a158f7737e5d\windows-amd64\native-platform.dll
0x00007ffd21150000 - 0x00007ffd2128d000 	C:\Users\xpmkm\.gradle\native\53dbd7edfb1c66fb8903c78663c9afc45aea4f116125fa6feffd364cf09443e8\windows-amd64\native-platform-file-events.dll
0x00007ffd4ace0000 - 0x00007ffd4acea000 	C:\Program Files\Android\Android Studio3\jre\bin\management.dll
0x00007ffd4ac70000 - 0x00007ffd4ac7c000 	C:\Program Files\Android\Android Studio3\jre\bin\management_ext.dll
0x00007ffd4cc70000 - 0x00007ffd4cc88000 	C:\WINDOWS\SYSTEM32\CRYPTSP.dll
0x00007ffd4c540000 - 0x00007ffd4c575000 	C:\WINDOWS\system32\rsaenh.dll
0x00007ffd4cb20000 - 0x00007ffd4cb49000 	C:\WINDOWS\SYSTEM32\USERENV.dll
0x00007ffd4cdf0000 - 0x00007ffd4ce18000 	C:\WINDOWS\SYSTEM32\bcrypt.dll
0x00007ffd4cc90000 - 0x00007ffd4cc9c000 	C:\WINDOWS\SYSTEM32\CRYPTBASE.dll
0x00007ffd4c050000 - 0x00007ffd4c07d000 	C:\WINDOWS\SYSTEM32\IPHLPAPI.DLL
0x00007ffd4f5a0000 - 0x00007ffd4f5a9000 	C:\WINDOWS\System32\NSI.dll
0x00007ffd4a750000 - 0x00007ffd4a769000 	C:\WINDOWS\SYSTEM32\dhcpcsvc6.DLL
0x00007ffd4a6f0000 - 0x00007ffd4a70e000 	C:\WINDOWS\SYSTEM32\dhcpcsvc.DLL
0x00007ffd4c080000 - 0x00007ffd4c177000 	C:\WINDOWS\SYSTEM32\DNSAPI.dll
0x00007ffd39630000 - 0x00007ffd39657000 	C:\Program Files\Android\Android Studio3\jre\bin\sunec.dll
0x00007ffd4a6e0000 - 0x00007ffd4a6ea000 	C:\Windows\System32\rasadhlp.dll
0x00007ffd467e0000 - 0x00007ffd46862000 	C:\WINDOWS\System32\fwpuclnt.dll

dbghelp: loaded successfully - version: 4.0.5 - missing functions: none
symbol engine: initialized successfully - sym options: 0x614 - pdb path: .;C:\Program Files\Android\Android Studio3\jre\bin;C:\WINDOWS\SYSTEM32;C:\WINDOWS\WinSxS\amd64_microsoft.windows.common-controls_6595b64144ccf1df_6.0.22489.1000_none_26b04fb444140a2e;C:\Program Files\Android\Android Studio3\jre\bin\server;C:\Users\xpmkm\.gradle\native\8bec1ad78214c89d9ad589b4d07fe93259594b29d510b10fafb7a158f7737e5d\windows-amd64;C:\Users\xpmkm\.gradle\native\53dbd7edfb1c66fb8903c78663c9afc45aea4f116125fa6feffd364cf09443e8\windows-amd64

VM Arguments:
jvm_args: --add-opens=java.base/java.util=ALL-UNNAMED --add-opens=java.base/java.lang=ALL-UNNAMED --add-opens=java.base/java.lang.invoke=ALL-UNNAMED --add-opens=java.base/java.util=ALL-UNNAMED --add-opens=java.prefs/java.util.prefs=ALL-UNNAMED --add-opens=java.prefs/java.util.prefs=ALL-UNNAMED --add-opens=java.base/java.nio.charset=ALL-UNNAMED --add-opens=java.base/java.net=ALL-UNNAMED --add-opens=java.base/java.util.concurrent.atomic=ALL-UNNAMED -Xmx2048m -Dfile.encoding=UTF-8 -Duser.country=IN -Duser.language=en -Duser.variant 
java_command: org.gradle.launcher.daemon.bootstrap.GradleDaemon 7.0.2
java_class_path (initial): C:\Users\xpmkm\.gradle\wrapper\dists\gradle-7.0.2-bin\857tjihv64xamwrf0h14cai3r\gradle-7.0.2\lib\gradle-launcher-7.0.2.jar
Launcher Type: SUN_STANDARD

[Global flags]
     intx CICompilerCount                          = 4                                         {product} {ergonomic}
     uint ConcGCThreads                            = 2                                         {product} {ergonomic}
     uint G1ConcRefinementThreads                  = 8                                         {product} {ergonomic}
   size_t G1HeapRegionSize                         = 1048576                                   {product} {ergonomic}
    uintx GCDrainStackTargetSize                   = 64                                        {product} {ergonomic}
   size_t InitialHeapSize                          = 132120576                                 {product} {ergonomic}
   size_t MarkStackSize                            = 4194304                                   {product} {ergonomic}
   size_t MaxHeapSize                              = 2147483648                                {product} {command line}
   size_t MaxNewSize                               = 1287651328                                {product} {ergonomic}
   size_t MinHeapDeltaBytes                        = 1048576                                   {product} {ergonomic}
    uintx NonNMethodCodeHeapSize                   = 5836300                                {pd product} {ergonomic}
    uintx NonProfiledCodeHeapSize                  = 122910970                              {pd product} {ergonomic}
    uintx ProfiledCodeHeapSize                     = 122910970                              {pd product} {ergonomic}
    uintx ReservedCodeCacheSize                    = 251658240                              {pd product} {ergonomic}
     bool SegmentedCodeCache                       = true                                      {product} {ergonomic}
     bool UseCompressedClassPointers               = true                                 {lp64_product} {ergonomic}
     bool UseCompressedOops                        = true                                 {lp64_product} {ergonomic}
     bool UseG1GC                                  = true                                      {product} {ergonomic}
     bool UseLargePagesIndividualAllocation        = false                                  {pd product} {ergonomic}

Logging:
Log output configuration:
 #0: stdout all=warning uptime,level,tags
 #1: stderr all=off uptime,level,tags

Environment Variables:
PATH=C:\Program Files (x86)\Common Files\Oracle\Java\javapath;C:\WINDOWS\system32;C:\WINDOWS;C:\WINDOWS\System32\Wbem;C:\WINDOWS\System32\WindowsPowerShell\v1.0\;C:\WINDOWS\System32\OpenSSH\;C:\Program Files\Git\cmd;C:\Program Files\nodejs\;C:\xampp\php;C:\ProgramData\ComposerSetup\bin;C:\Users\xpmkm\AppData\Local\Android\Sdk\platform-tools;C:\Program Files\Java\jdk1.8.0_231\bin;C:\Program Files\opnsl\bin;C:\Users\xpmkm\AppData\Roaming\npm;C:\Users\xpmkm\AppData\Local\Programs\Microsoft VS Code\bin;C:\Program Files\flutter\bin;C:\Users\xpmkm\AppData\Roaming\Composer\vendor\bin;C:\Users\xpmkm\AppData\Local\Microsoft\WindowsApps;
USERNAME=xpmkm
OS=Windows_NT
PROCESSOR_IDENTIFIER=AMD64 Family 23 Model 24 Stepping 1, AuthenticAMD



---------------  S Y S T E M  ---------------

OS: Windows 10 , 64 bit Build 22489 (10.0.22489.1000)
OS uptime: 8 days 1:18 hours

CPU:total 8 (initial active 8) (8 cores per cpu, 2 threads per core) family 23 model 24 stepping 1 microcode 0x0, cmov, cx8, fxsr, mmx, sse, sse2, sse3, ssse3, sse4.1, sse4.2, popcnt, avx, avx2, aes, clmul, mmxext, 3dnowpref, lzcnt, sse4a, ht, tsc, tscinvbit, tscinv, bmi1, bmi2, adx, s

Memory: 4k page, system-wide physical 8002M (355M free)
TotalPageFile size 12098M (AvailPageFile size 33M)
current process WorkingSet (physical memory assigned to process): 518M, peak: 519M
current process commit charge ("private bytes"): 565M, peak: 668M

vm_info: OpenJDK 64-Bit Server VM (11.0.10+0-b96-7249189) for windows-amd64 JRE (11.0.10+0-b96-7249189), built on Mar 31 2021 21:44:00 by "builder" with MS VC++ 14.0 (VS2015)

END.
