#
# There is insufficient memory for the Java Runtime Environment to continue.
# Native memory allocation (mmap) failed to map 55574528 bytes for Failed to commit area from 0x0000000090800000 to 0x0000000093d00000 of length 55574528.
# Possible reasons:
#   The system is out of physical RAM or swap space
#   The process is running with CompressedOops enabled, and the Java Heap may be blocking the growth of the native heap
# Possible solutions:
#   Reduce memory load on the system
#   Increase physical memory or swap space
#   Check if swap backing store is full
#   Decrease Java heap size (-Xmx/-Xms)
#   Decrease number of Java threads
#   Decrease Java thread stack sizes (-Xss)
#   Set larger code cache with -XX:ReservedCodeCacheSize=
#   JVM is running with Unscaled Compressed Oops mode in which the Java heap is
#     placed in the first 4GB address space. The Java Heap base address is the
#     maximum limit for the native heap growth. Please use -XX:HeapBaseMinAddress
#     to set the Java Heap base and to place the Java Heap above 4GB virtual address.
# This output file may be truncated or incomplete.
#
#  Out of Memory Error (./src/hotspot/os/windows/os_windows.cpp:3301), pid=7596, tid=13504
#
# JRE version: OpenJDK Runtime Environment (11.0.10) (build 11.0.10+0-b96-7249189)
# Java VM: OpenJDK 64-Bit Server VM (11.0.10+0-b96-7249189, mixed mode, tiered, compressed oops, g1 gc, windows-amd64)
# No core dump will be written. Minidumps are not enabled by default on client versions of Windows
#

---------------  S U M M A R Y ------------

Command Line: --add-opens=java.base/java.util=ALL-UNNAMED --add-opens=java.base/java.lang=ALL-UNNAMED --add-opens=java.base/java.lang.invoke=ALL-UNNAMED --add-opens=java.prefs/java.util.prefs=ALL-UNNAMED -Xmx2048m -Dfile.encoding=UTF-8 -Duser.country=IN -Duser.language=en -Duser.variant org.gradle.launcher.daemon.bootstrap.GradleDaemon 6.5

Host: AMD Ryzen 5 3550H with Radeon Vega Mobile Gfx  , 8 cores, 7G,  Windows 10 , 64 bit Build 22468 (10.0.22468.1000)
Time: Fri Oct  1 14:04:58 2021 India Standard Time elapsed time: 48.642451 seconds (0d 0h 0m 48s)

---------------  T H R E A D  ---------------

Current thread (0x0000020b7a265000):  VMThread "VM Thread" [stack: 0x000000b767500000,0x000000b767600000] [id=13504]

Stack: [0x000000b767500000,0x000000b767600000]
[error occurred during error reporting (printing stack bounds), id 0xc0000005, EXCEPTION_ACCESS_VIOLATION (0xc0000005) at pc=0x0000020b63100f2d]

Native frames: (J=compiled Java code, j=interpreted, Vv=VM code, C=native code)
V  [jvm.dll+0x5ecfaa]
V  [jvm.dll+0x722bd5]
V  [jvm.dll+0x72412d]
V  [jvm.dll+0x724745]
V  [jvm.dll+0x7246fb]
V  [jvm.dll+0x5ec348]
V  [jvm.dll+0x5ecad8]
C  [ntdll.dll+0xa623f]
C  [ntdll.dll+0x65ea9]
C  [ntdll.dll+0xa522e]
C  0x0000020b63100f2d

VM_Operation (0x000000b7713fb380): G1CollectForAllocation, mode: safepoint, requested by thread 0x0000020b7af02800


---------------  P R O C E S S  ---------------

Threads class SMR info:
_java_thread_list=0x0000020b044b2a90, length=154, elements={
0x0000020b5de43000, 0x0000020b7a269000, 0x0000020b7a26d000, 0x0000020b7abf3800,
0x0000020b7abf5000, 0x0000020b7abf8000, 0x0000020b7abfd000, 0x0000020b7ac02800,
0x0000020b7a28e800, 0x0000020b7a290000, 0x0000020b7a28d000, 0x0000020b7a28f800,
0x0000020b7a28c000, 0x0000020b7a291000, 0x0000020b7a28b000, 0x0000020b7a291800,
0x0000020b7a28d800, 0x0000020b7c32e800, 0x0000020b7c330000, 0x0000020b7c32a000,
0x0000020b7c32f000, 0x0000020b7c331000, 0x0000020b7c32b000, 0x0000020b7c32c800,
0x0000020b7c331800, 0x0000020b7c32d800, 0x0000020b7c32c000, 0x0000020b7c336800,
0x0000020b7c337800, 0x0000020b7c335000, 0x0000020b7c332800, 0x0000020b7c339000,
0x0000020b7f689000, 0x0000020b7f683000, 0x0000020b7f689800, 0x0000020b7f686800,
0x0000020b7f684000, 0x0000020b7f68a800, 0x0000020b7f688000, 0x0000020b7f685800,
0x0000020b7f687000, 0x0000020b7f690000, 0x0000020b7f691000, 0x0000020b7f68b000,
0x0000020b7f68f800, 0x0000020b7f692000, 0x0000020b7f68d800, 0x0000020b7f68c000,
0x0000020b7f68e800, 0x0000020b7f712800, 0x0000020b7f714000, 0x0000020b7f713800,
0x0000020b7f715000, 0x0000020b7f710000, 0x0000020b7f716000, 0x0000020b7f716800,
0x0000020b7f711000, 0x0000020b7f712000, 0x0000020b7f71a800, 0x0000020b7f71b800,
0x0000020b7f71c800, 0x0000020b7f717800, 0x0000020b7f71d000, 0x0000020b7f719000,
0x0000020b7f71e000, 0x0000020b7f718800, 0x0000020b7f71a000, 0x0000020b7f71f000,
0x0000020b7d75d800, 0x0000020b7d762000, 0x0000020b7d763800, 0x0000020b7d764000,
0x0000020b7d75f800, 0x0000020b7d75e800, 0x0000020b7d765000, 0x0000020b7d760000,
0x0000020b7d766000, 0x0000020b7d766800, 0x0000020b7d761000, 0x0000020b7d767800,
0x0000020b7d768800, 0x0000020b7d762800, 0x0000020b7d76b800, 0x0000020b7d76a800,
0x0000020b7d76c800, 0x0000020b7d769000, 0x0000020b7d76a000, 0x0000020b7f635000,
0x0000020b7f634800, 0x0000020b7f636000, 0x0000020b7f632800, 0x0000020b7f633800,
0x0000020b7f636800, 0x0000020b7f631000, 0x0000020b7f637800, 0x0000020b7f632000,
0x0000020b7f63e000, 0x0000020b7f63d800, 0x0000020b7f638800, 0x0000020b7f63a000,
0x0000020b7f63c800, 0x0000020b7f63f000, 0x0000020b7f639000, 0x0000020b7f63f800,
0x0000020b7f63b800, 0x0000020b7f63b000, 0x0000020b7f7c3800, 0x0000020b7f7be800,
0x0000020b7f7c0000, 0x0000020b7f7c2800, 0x0000020b7f7c4000, 0x0000020b7f7c5000,
0x0000020b7f7bf800, 0x0000020b7f7c6000, 0x0000020b7f7c1000, 0x0000020b7f7c6800,
0x0000020b7f7c7800, 0x0000020b7f7c2000, 0x0000020b7f7cc800, 0x0000020b7f7cb800,
0x0000020b7f7ca000, 0x0000020b7f7cb000, 0x0000020b7f7cd000, 0x0000020b7f7c8800,
0x0000020b7f7c9000, 0x0000020b7eb91000, 0x0000020b7eb92000, 0x0000020b7eb8d800,
0x0000020b7eb8c000, 0x0000020b7eb92800, 0x0000020b7eb8f800, 0x0000020b7eb93800,
0x0000020b7eb9a000, 0x0000020b7eb98800, 0x0000020b7eb90000, 0x0000020b7eb99000,
0x0000020b7eb9b000, 0x0000020b7eb96800, 0x0000020b7eb97800, 0x0000020b7f684800,
0x0000020b7f68d000, 0x0000020b7af00000, 0x0000020b7aeff000, 0x0000020b7af05800,
0x0000020b7af06800, 0x0000020b7af08000, 0x0000020b7af05000, 0x0000020b7af02800,
0x0000020b7af0c000, 0x0000020b7af0a800, 0x0000020b7af09000, 0x0000020b7af0a000,
0x0000020b7af0d000, 0x0000020b7af0e000
}

Java Threads: ( => current thread )
  0x0000020b5de43000 JavaThread "main" [_thread_blocked, id=1236, stack(0x000000b766f00000,0x000000b767000000)]
  0x0000020b7a269000 JavaThread "Reference Handler" daemon [_thread_blocked, id=764, stack(0x000000b767600000,0x000000b767700000)]
  0x0000020b7a26d000 JavaThread "Finalizer" daemon [_thread_blocked, id=11296, stack(0x000000b767700000,0x000000b767800000)]
  0x0000020b7abf3800 JavaThread "Signal Dispatcher" daemon [_thread_blocked, id=10408, stack(0x000000b767800000,0x000000b767900000)]
  0x0000020b7abf5000 JavaThread "Attach Listener" daemon [_thread_blocked, id=1708, stack(0x000000b767900000,0x000000b767a00000)]
  0x0000020b7abf8000 JavaThread "Service Thread" daemon [_thread_blocked, id=7808, stack(0x000000b767a00000,0x000000b767b00000)]
  0x0000020b7abfd000 JavaThread "C2 CompilerThread0" daemon [_thread_blocked, id=7644, stack(0x000000b767b00000,0x000000b767c00000)]
  0x0000020b7ac02800 JavaThread "C1 CompilerThread0" daemon [_thread_blocked, id=4808, stack(0x000000b767c00000,0x000000b767d00000)]
  0x0000020b7a28e800 JavaThread "Sweeper thread" daemon [_thread_blocked, id=544, stack(0x000000b767d00000,0x000000b767e00000)]
  0x0000020b7a290000 JavaThread "Common-Cleaner" daemon [_thread_blocked, id=13040, stack(0x000000b767e00000,0x000000b767f00000)]
  0x0000020b7a28d000 JavaThread "Daemon health stats" [_thread_blocked, id=15156, stack(0x000000b768400000,0x000000b768500000)]
  0x0000020b7a28f800 JavaThread "Incoming local TCP Connector on port 56229" [_thread_in_native, id=5212, stack(0x000000b768500000,0x000000b768600000)]
  0x0000020b7a28c000 JavaThread "Daemon periodic checks" [_thread_blocked, id=13324, stack(0x000000b768600000,0x000000b768700000)]
  0x0000020b7a291000 JavaThread "Daemon" [_thread_blocked, id=9316, stack(0x000000b768700000,0x000000b768800000)]
  0x0000020b7a28b000 JavaThread "Handler for socket connection from /127.0.0.1:56229 to /127.0.0.1:56230" [_thread_in_native, id=12800, stack(0x000000b768800000,0x000000b768900000)]
  0x0000020b7a291800 JavaThread "Cancel handler" [_thread_blocked, id=3668, stack(0x000000b768900000,0x000000b768a00000)]
  0x0000020b7a28d800 JavaThread "Daemon worker" [_thread_blocked, id=15728, stack(0x000000b768a00000,0x000000b768b00000)]
  0x0000020b7c32e800 JavaThread "Asynchronous log dispatcher for DefaultDaemonConnection: socket connection from /127.0.0.1:56229 to /127.0.0.1:56230" [_thread_blocked, id=12452, stack(0x000000b768b00000,0x000000b768c00000)]
  0x0000020b7c330000 JavaThread "Stdin handler" [_thread_blocked, id=10688, stack(0x000000b768c00000,0x000000b768d00000)]
  0x0000020b7c32a000 JavaThread "Thread-8" [_thread_blocked, id=9872, stack(0x000000b768d00000,0x000000b768e00000)]
  0x0000020b7c32f000 JavaThread "Cache worker for journal cache (C:\Users\xpmkm\.gradle\caches\journal-1)" [_thread_blocked, id=1180, stack(0x000000b768e00000,0x000000b768f00000)]
  0x0000020b7c331000 JavaThread "File lock request listener" [_thread_in_native, id=6204, stack(0x000000b769400000,0x000000b769500000)]
  0x0000020b7c32b000 JavaThread "Cache worker for file hash cache (C:\Users\xpmkm\.gradle\caches\6.5\fileHashes)" [_thread_blocked, id=13008, stack(0x000000b769500000,0x000000b769600000)]
  0x0000020b7c32c800 JavaThread "Cache worker for file hash cache (C:\Users\xpmkm\Desktop\update_code_vezilla-server\codecanyon-L2GSbXtH-dairy-products-grocery-daily-milk-delivery-mobile-app-with-subscription-customer-app-delivery\test-vezilla-android-workspace\.gradle\6.5\fileHashes)" [_thread_blocked, id=2980, stack(0x000000b769900000,0x000000b769a00000)]
  0x0000020b7c331800 JavaThread "Cache worker for checksums cache (C:\Users\xpmkm\Desktop\update_code_vezilla-server\codecanyon-L2GSbXtH-dairy-products-grocery-daily-milk-delivery-mobile-app-with-subscription-customer-app-delivery\test-vezilla-android-workspace\.gradle\checksums)" [_thread_blocked, id=4060, stack(0x000000b769800000,0x000000b769900000)]
  0x0000020b7c32d800 JavaThread "Cache worker for cache directory md-supplier (C:\Users\xpmkm\.gradle\caches\6.5\md-supplier)" [_thread_blocked, id=11692, stack(0x000000b769a00000,0x000000b769b00000)]
  0x0000020b7c32c000 JavaThread "Cache worker for cache directory md-rule (C:\Users\xpmkm\.gradle\caches\6.5\md-rule)" [_thread_blocked, id=10032, stack(0x000000b769b00000,0x000000b769c00000)]
  0x0000020b7c336800 JavaThread "Cache worker for execution history cache (C:\Users\xpmkm\.gradle\caches\6.5\executionHistory)" [_thread_blocked, id=8960, stack(0x000000b769c00000,0x000000b769d00000)]
  0x0000020b7c337800 JavaThread "jar transforms" [_thread_blocked, id=11624, stack(0x000000b769d00000,0x000000b769e00000)]
  0x0000020b7c335000 JavaThread "Cache worker for file content cache (C:\Users\xpmkm\.gradle\caches\6.5\fileContent)" [_thread_blocked, id=6080, stack(0x000000b769e00000,0x000000b769f00000)]
  0x0000020b7c332800 JavaThread "Build operations" [_thread_blocked, id=8096, stack(0x000000b769700000,0x000000b769800000)]
  0x0000020b7c339000 JavaThread "Build operations Thread 2" [_thread_blocked, id=10132, stack(0x000000b769f00000,0x000000b76a000000)]
  0x0000020b7f689000 JavaThread "Build operations Thread 3" [_thread_blocked, id=2024, stack(0x000000b76a000000,0x000000b76a100000)]
  0x0000020b7f683000 JavaThread "Build operations Thread 4" [_thread_blocked, id=10316, stack(0x000000b76a100000,0x000000b76a200000)]
  0x0000020b7f689800 JavaThread "Build operations Thread 5" [_thread_blocked, id=10556, stack(0x000000b76a200000,0x000000b76a300000)]
  0x0000020b7f686800 JavaThread "Build operations Thread 6" [_thread_blocked, id=11356, stack(0x000000b76a300000,0x000000b76a400000)]
  0x0000020b7f684000 JavaThread "Build operations Thread 7" [_thread_blocked, id=15676, stack(0x000000b76a400000,0x000000b76a500000)]
  0x0000020b7f68a800 JavaThread "Build operations Thread 8" [_thread_blocked, id=9508, stack(0x000000b76a500000,0x000000b76a600000)]
  0x0000020b7f688000 JavaThread "jar transforms Thread 2" [_thread_blocked, id=7724, stack(0x000000b76a700000,0x000000b76a800000)]
  0x0000020b7f685800 JavaThread "jar transforms Thread 3" [_thread_blocked, id=10568, stack(0x000000b76a800000,0x000000b76a900000)]
  0x0000020b7f687000 JavaThread "jar transforms Thread 4" [_thread_blocked, id=10980, stack(0x000000b76a900000,0x000000b76aa00000)]
  0x0000020b7f690000 JavaThread "jar transforms Thread 5" [_thread_blocked, id=10764, stack(0x000000b76aa00000,0x000000b76ab00000)]
  0x0000020b7f691000 JavaThread "jar transforms Thread 6" [_thread_blocked, id=7616, stack(0x000000b76ac00000,0x000000b76ad00000)]
  0x0000020b7f68b000 JavaThread "jar transforms Thread 7" [_thread_blocked, id=12200, stack(0x000000b76ad00000,0x000000b76ae00000)]
  0x0000020b7f68f800 JavaThread "jar transforms Thread 8" [_thread_blocked, id=8896, stack(0x000000b76ae00000,0x000000b76af00000)]
  0x0000020b7f692000 JavaThread "jar transforms Thread 9" [_thread_blocked, id=13892, stack(0x000000b76af00000,0x000000b76b000000)]
  0x0000020b7f68d800 JavaThread "jar transforms Thread 10" [_thread_blocked, id=10824, stack(0x000000b76b000000,0x000000b76b100000)]
  0x0000020b7f68c000 JavaThread "jar transforms Thread 11" [_thread_blocked, id=7008, stack(0x000000b76b100000,0x000000b76b200000)]
  0x0000020b7f68e800 JavaThread "jar transforms Thread 12" [_thread_blocked, id=6368, stack(0x000000b76b200000,0x000000b76b300000)]
  0x0000020b7f712800 JavaThread "jar transforms Thread 13" [_thread_blocked, id=13508, stack(0x000000b76b300000,0x000000b76b400000)]
  0x0000020b7f714000 JavaThread "jar transforms Thread 14" [_thread_blocked, id=4744, stack(0x000000b76b400000,0x000000b76b500000)]
  0x0000020b7f713800 JavaThread "jar transforms Thread 15" [_thread_blocked, id=11048, stack(0x000000b76b500000,0x000000b76b600000)]
  0x0000020b7f715000 JavaThread "jar transforms Thread 16" [_thread_blocked, id=11548, stack(0x000000b76b600000,0x000000b76b700000)]
  0x0000020b7f710000 JavaThread "jar transforms Thread 17" [_thread_blocked, id=6648, stack(0x000000b76b700000,0x000000b76b800000)]
  0x0000020b7f716000 JavaThread "jar transforms Thread 18" [_thread_blocked, id=11924, stack(0x000000b76b800000,0x000000b76b900000)]
  0x0000020b7f716800 JavaThread "jar transforms Thread 19" [_thread_blocked, id=7816, stack(0x000000b76b900000,0x000000b76ba00000)]
  0x0000020b7f711000 JavaThread "jar transforms Thread 20" [_thread_blocked, id=11196, stack(0x000000b76ba00000,0x000000b76bb00000)]
  0x0000020b7f712000 JavaThread "jar transforms Thread 21" [_thread_blocked, id=13272, stack(0x000000b76bb00000,0x000000b76bc00000)]
  0x0000020b7f71a800 JavaThread "jar transforms Thread 22" [_thread_blocked, id=11964, stack(0x000000b76bc00000,0x000000b76bd00000)]
  0x0000020b7f71b800 JavaThread "jar transforms Thread 23" [_thread_blocked, id=8608, stack(0x000000b76bd00000,0x000000b76be00000)]
  0x0000020b7f71c800 JavaThread "jar transforms Thread 24" [_thread_blocked, id=6560, stack(0x000000b76be00000,0x000000b76bf00000)]
  0x0000020b7f717800 JavaThread "jar transforms Thread 25" [_thread_blocked, id=5740, stack(0x000000b76bf00000,0x000000b76c000000)]
  0x0000020b7f71d000 JavaThread "jar transforms Thread 26" [_thread_blocked, id=6928, stack(0x000000b76c000000,0x000000b76c100000)]
  0x0000020b7f719000 JavaThread "jar transforms Thread 27" [_thread_blocked, id=12976, stack(0x000000b76c100000,0x000000b76c200000)]
  0x0000020b7f71e000 JavaThread "jar transforms Thread 28" [_thread_blocked, id=16240, stack(0x000000b76c200000,0x000000b76c300000)]
  0x0000020b7f718800 JavaThread "jar transforms Thread 29" [_thread_blocked, id=11516, stack(0x000000b76c300000,0x000000b76c400000)]
  0x0000020b7f71a000 JavaThread "jar transforms Thread 30" [_thread_blocked, id=15660, stack(0x000000b76c400000,0x000000b76c500000)]
  0x0000020b7f71f000 JavaThread "jar transforms Thread 31" [_thread_blocked, id=12552, stack(0x000000b76c500000,0x000000b76c600000)]
  0x0000020b7d75d800 JavaThread "jar transforms Thread 32" [_thread_blocked, id=1512, stack(0x000000b76c600000,0x000000b76c700000)]
  0x0000020b7d762000 JavaThread "jar transforms Thread 33" [_thread_blocked, id=10944, stack(0x000000b76c700000,0x000000b76c800000)]
  0x0000020b7d763800 JavaThread "jar transforms Thread 34" [_thread_blocked, id=2440, stack(0x000000b76c800000,0x000000b76c900000)]
  0x0000020b7d764000 JavaThread "jar transforms Thread 35" [_thread_blocked, id=3896, stack(0x000000b76c900000,0x000000b76ca00000)]
  0x0000020b7d75f800 JavaThread "jar transforms Thread 36" [_thread_blocked, id=11684, stack(0x000000b76ca00000,0x000000b76cb00000)]
  0x0000020b7d75e800 JavaThread "jar transforms Thread 37" [_thread_blocked, id=7744, stack(0x000000b76cb00000,0x000000b76cc00000)]
  0x0000020b7d765000 JavaThread "jar transforms Thread 38" [_thread_blocked, id=3064, stack(0x000000b76cc00000,0x000000b76cd00000)]
  0x0000020b7d760000 JavaThread "jar transforms Thread 39" [_thread_blocked, id=6232, stack(0x000000b76cd00000,0x000000b76ce00000)]
  0x0000020b7d766000 JavaThread "jar transforms Thread 40" [_thread_blocked, id=12736, stack(0x000000b76ce00000,0x000000b76cf00000)]
  0x0000020b7d766800 JavaThread "jar transforms Thread 41" [_thread_blocked, id=15832, stack(0x000000b76cf00000,0x000000b76d000000)]
  0x0000020b7d761000 JavaThread "jar transforms Thread 42" [_thread_blocked, id=11540, stack(0x000000b76d000000,0x000000b76d100000)]
  0x0000020b7d767800 JavaThread "jar transforms Thread 43" [_thread_blocked, id=8976, stack(0x000000b76d100000,0x000000b76d200000)]
  0x0000020b7d768800 JavaThread "jar transforms Thread 44" [_thread_blocked, id=2860, stack(0x000000b76d200000,0x000000b76d300000)]
  0x0000020b7d762800 JavaThread "jar transforms Thread 45" [_thread_blocked, id=16244, stack(0x000000b76d300000,0x000000b76d400000)]
  0x0000020b7d76b800 JavaThread "jar transforms Thread 46" [_thread_blocked, id=4204, stack(0x000000b76d400000,0x000000b76d500000)]
  0x0000020b7d76a800 JavaThread "jar transforms Thread 47" [_thread_blocked, id=11736, stack(0x000000b76d500000,0x000000b76d600000)]
  0x0000020b7d76c800 JavaThread "jar transforms Thread 48" [_thread_blocked, id=2424, stack(0x000000b76d600000,0x000000b76d700000)]
  0x0000020b7d769000 JavaThread "jar transforms Thread 49" [_thread_blocked, id=4908, stack(0x000000b76d700000,0x000000b76d800000)]
  0x0000020b7d76a000 JavaThread "jar transforms Thread 50" [_thread_blocked, id=13968, stack(0x000000b76d800000,0x000000b76d900000)]
  0x0000020b7f635000 JavaThread "jar transforms Thread 51" [_thread_blocked, id=14220, stack(0x000000b76d900000,0x000000b76da00000)]
  0x0000020b7f634800 JavaThread "jar transforms Thread 52" [_thread_blocked, id=3912, stack(0x000000b76da00000,0x000000b76db00000)]
  0x0000020b7f636000 JavaThread "jar transforms Thread 53" [_thread_blocked, id=7188, stack(0x000000b76db00000,0x000000b76dc00000)]
  0x0000020b7f632800 JavaThread "jar transforms Thread 54" [_thread_blocked, id=9536, stack(0x000000b76dc00000,0x000000b76dd00000)]
  0x0000020b7f633800 JavaThread "jar transforms Thread 55" [_thread_blocked, id=3952, stack(0x000000b76dd00000,0x000000b76de00000)]
  0x0000020b7f636800 JavaThread "jar transforms Thread 56" [_thread_blocked, id=13476, stack(0x000000b76de00000,0x000000b76df00000)]
  0x0000020b7f631000 JavaThread "jar transforms Thread 57" [_thread_blocked, id=16336, stack(0x000000b76df00000,0x000000b76e000000)]
  0x0000020b7f637800 JavaThread "jar transforms Thread 58" [_thread_blocked, id=5688, stack(0x000000b76e000000,0x000000b76e100000)]
  0x0000020b7f632000 JavaThread "jar transforms Thread 59" [_thread_blocked, id=2644, stack(0x000000b76e100000,0x000000b76e200000)]
  0x0000020b7f63e000 JavaThread "jar transforms Thread 60" [_thread_blocked, id=11344, stack(0x000000b76e200000,0x000000b76e300000)]
  0x0000020b7f63d800 JavaThread "jar transforms Thread 61" [_thread_blocked, id=9532, stack(0x000000b76e300000,0x000000b76e400000)]
  0x0000020b7f638800 JavaThread "jar transforms Thread 62" [_thread_blocked, id=7268, stack(0x000000b76e400000,0x000000b76e500000)]
  0x0000020b7f63a000 JavaThread "jar transforms Thread 63" [_thread_blocked, id=2312, stack(0x000000b76e500000,0x000000b76e600000)]
  0x0000020b7f63c800 JavaThread "jar transforms Thread 64" [_thread_blocked, id=8064, stack(0x000000b76e600000,0x000000b76e700000)]
  0x0000020b7f63f000 JavaThread "jar transforms Thread 65" [_thread_blocked, id=10484, stack(0x000000b76e700000,0x000000b76e800000)]
  0x0000020b7f639000 JavaThread "jar transforms Thread 66" [_thread_blocked, id=15776, stack(0x000000b76e800000,0x000000b76e900000)]
  0x0000020b7f63f800 JavaThread "jar transforms Thread 67" [_thread_blocked, id=7420, stack(0x000000b76e900000,0x000000b76ea00000)]
  0x0000020b7f63b800 JavaThread "jar transforms Thread 68" [_thread_blocked, id=14644, stack(0x000000b76ea00000,0x000000b76eb00000)]
  0x0000020b7f63b000 JavaThread "jar transforms Thread 69" [_thread_blocked, id=14996, stack(0x000000b76eb00000,0x000000b76ec00000)]
  0x0000020b7f7c3800 JavaThread "jar transforms Thread 70" [_thread_blocked, id=9188, stack(0x000000b76ec00000,0x000000b76ed00000)]
  0x0000020b7f7be800 JavaThread "jar transforms Thread 71" [_thread_blocked, id=12244, stack(0x000000b76ed00000,0x000000b76ee00000)]
  0x0000020b7f7c0000 JavaThread "jar transforms Thread 72" [_thread_blocked, id=1528, stack(0x000000b76ee00000,0x000000b76ef00000)]
  0x0000020b7f7c2800 JavaThread "jar transforms Thread 73" [_thread_blocked, id=11720, stack(0x000000b76ef00000,0x000000b76f000000)]
  0x0000020b7f7c4000 JavaThread "jar transforms Thread 74" [_thread_blocked, id=8228, stack(0x000000b76f000000,0x000000b76f100000)]
  0x0000020b7f7c5000 JavaThread "jar transforms Thread 75" [_thread_blocked, id=13800, stack(0x000000b76f100000,0x000000b76f200000)]
  0x0000020b7f7bf800 JavaThread "jar transforms Thread 76" [_thread_blocked, id=10028, stack(0x000000b76f200000,0x000000b76f300000)]
  0x0000020b7f7c6000 JavaThread "jar transforms Thread 77" [_thread_blocked, id=2336, stack(0x000000b76f300000,0x000000b76f400000)]
  0x0000020b7f7c1000 JavaThread "jar transforms Thread 78" [_thread_blocked, id=10476, stack(0x000000b76f400000,0x000000b76f500000)]
  0x0000020b7f7c6800 JavaThread "jar transforms Thread 79" [_thread_blocked, id=14020, stack(0x000000b76f500000,0x000000b76f600000)]
  0x0000020b7f7c7800 JavaThread "jar transforms Thread 80" [_thread_blocked, id=4996, stack(0x000000b76f600000,0x000000b76f700000)]
  0x0000020b7f7c2000 JavaThread "jar transforms Thread 81" [_thread_blocked, id=16268, stack(0x000000b76f700000,0x000000b76f800000)]
  0x0000020b7f7cc800 JavaThread "jar transforms Thread 82" [_thread_blocked, id=12444, stack(0x000000b76f800000,0x000000b76f900000)]
  0x0000020b7f7cb800 JavaThread "jar transforms Thread 83" [_thread_blocked, id=6164, stack(0x000000b76f900000,0x000000b76fa00000)]
  0x0000020b7f7ca000 JavaThread "jar transforms Thread 84" [_thread_blocked, id=14228, stack(0x000000b76fa00000,0x000000b76fb00000)]
  0x0000020b7f7cb000 JavaThread "jar transforms Thread 85" [_thread_blocked, id=12252, stack(0x000000b76fb00000,0x000000b76fc00000)]
  0x0000020b7f7cd000 JavaThread "jar transforms Thread 86" [_thread_blocked, id=9748, stack(0x000000b76fc00000,0x000000b76fd00000)]
  0x0000020b7f7c8800 JavaThread "jar transforms Thread 87" [_thread_blocked, id=9272, stack(0x000000b76fd00000,0x000000b76fe00000)]
  0x0000020b7f7c9000 JavaThread "jar transforms Thread 88" [_thread_blocked, id=8308, stack(0x000000b76fe00000,0x000000b76ff00000)]
  0x0000020b7eb91000 JavaThread "jar transforms Thread 89" [_thread_blocked, id=15508, stack(0x000000b76ff00000,0x000000b770000000)]
  0x0000020b7eb92000 JavaThread "jar transforms Thread 90" [_thread_blocked, id=11292, stack(0x000000b770000000,0x000000b770100000)]
  0x0000020b7eb8d800 JavaThread "jar transforms Thread 91" [_thread_blocked, id=12840, stack(0x000000b770100000,0x000000b770200000)]
  0x0000020b7eb8c000 JavaThread "jar transforms Thread 92" [_thread_blocked, id=3096, stack(0x000000b770200000,0x000000b770300000)]
  0x0000020b7eb92800 JavaThread "jar transforms Thread 93" [_thread_blocked, id=9192, stack(0x000000b770300000,0x000000b770400000)]
  0x0000020b7eb8f800 JavaThread "jar transforms Thread 94" [_thread_blocked, id=820, stack(0x000000b770400000,0x000000b770500000)]
  0x0000020b7eb93800 JavaThread "Cache worker for Build Output Cleanup Cache (C:\Users\xpmkm\Desktop\update_code_vezilla-server\codecanyon-L2GSbXtH-dairy-products-grocery-daily-milk-delivery-mobile-app-with-subscription-customer-app-delivery\test-vezilla-android-workspace\.gradle\buildOutputCleanup)" [_thread_blocked, id=6380, stack(0x000000b76a600000,0x000000b76a700000)]
  0x0000020b7eb9a000 JavaThread "Memory manager" [_thread_blocked, id=14212, stack(0x000000b770600000,0x000000b770700000)]
  0x0000020b7eb98800 JavaThread "Cache worker for file content cache (C:\Users\xpmkm\Desktop\update_code_vezilla-server\codecanyon-L2GSbXtH-dairy-products-grocery-daily-milk-delivery-mobile-app-with-subscription-customer-app-delivery\test-vezilla-android-workspace\.gradle\6.5\fileContent)" [_thread_blocked, id=12052, stack(0x000000b770700000,0x000000b770800000)]
  0x0000020b7eb90000 JavaThread "Execution worker for ':'" [_thread_blocked, id=15044, stack(0x000000b770800000,0x000000b770900000)]
  0x0000020b7eb99000 JavaThread "Execution worker for ':' Thread 2" [_thread_blocked, id=13108, stack(0x000000b770900000,0x000000b770a00000)]
  0x0000020b7eb9b000 JavaThread "Execution worker for ':' Thread 3" [_thread_blocked, id=12312, stack(0x000000b770a00000,0x000000b770b00000)]
  0x0000020b7eb96800 JavaThread "Execution worker for ':' Thread 4" [_thread_blocked, id=7344, stack(0x000000b770b00000,0x000000b770c00000)]
  0x0000020b7eb97800 JavaThread "Execution worker for ':' Thread 5" [_thread_blocked, id=6344, stack(0x000000b770c00000,0x000000b770d00000)]
  0x0000020b7f684800 JavaThread "Execution worker for ':' Thread 6" [_thread_blocked, id=11480, stack(0x000000b770d00000,0x000000b770e00000)]
  0x0000020b7f68d000 JavaThread "Execution worker for ':' Thread 7" [_thread_blocked, id=10808, stack(0x000000b770e00000,0x000000b770f00000)]
  0x0000020b7af00000 JavaThread "Cache worker for execution history cache (C:\Users\xpmkm\Desktop\update_code_vezilla-server\codecanyon-L2GSbXtH-dairy-products-grocery-daily-milk-delivery-mobile-app-with-subscription-customer-app-delivery\test-vezilla-android-workspace\.gradle\6.5\executionHistory)" [_thread_blocked, id=2108, stack(0x000000b770f00000,0x000000b771000000)]
  0x0000020b7aeff000 JavaThread "Cache worker for Java compile cache (C:\Users\xpmkm\.gradle\caches\6.5\javaCompile)" [_thread_blocked, id=5788, stack(0x000000b76ab00000,0x000000b76ac00000)]
  0x0000020b7af05800 JavaThread "Cache worker for Java compile cache (C:\Users\xpmkm\Desktop\update_code_vezilla-server\codecanyon-L2GSbXtH-dairy-products-grocery-daily-milk-delivery-mobile-app-with-subscription-customer-app-delivery\test-vezilla-android-workspace\.gradle\6.5\javaCompile)" [_thread_blocked, id=5072, stack(0x000000b770500000,0x000000b770600000)]
  0x0000020b7af06800 JavaThread "C2 CompilerThread1" daemon [_thread_in_native, id=13712, stack(0x000000b771000000,0x000000b771100000)]
  0x0000020b7af08000 JavaThread "WorkerExecutor Queue" [_thread_blocked, id=6296, stack(0x000000b771100000,0x000000b771200000)]
  0x0000020b7af05000 JavaThread "WorkerExecutor Queue Thread 2" [_thread_blocked, id=5932, stack(0x000000b771200000,0x000000b771300000)]
  0x0000020b7af02800 JavaThread "WorkerExecutor Queue Thread 3" [_thread_blocked, id=14476, stack(0x000000b771300000,0x000000b771400000)]
  0x0000020b7af0c000 JavaThread "WorkerExecutor Queue Thread 4" [_thread_blocked, id=4308, stack(0x000000b771400000,0x000000b771500000)]
  0x0000020b7af0a800 JavaThread "WorkerExecutor Queue Thread 5" [_thread_blocked, id=6320, stack(0x000000b771500000,0x000000b771600000)]
  0x0000020b7af09000 JavaThread "WorkerExecutor Queue Thread 6" [_thread_blocked, id=8012, stack(0x000000b771600000,0x000000b771700000)]
  0x0000020b7af0a000 JavaThread "WorkerExecutor Queue Thread 7" [_thread_blocked, id=10552, stack(0x000000b771700000,0x000000b771800000)]
  0x0000020b7af0d000 JavaThread "C2 CompilerThread2" daemon [_thread_in_native, id=2316, stack(0x000000b771800000,0x000000b771900000)]
  0x0000020b7af0e000 JavaThread "WorkerExecutor Queue Thread 8" [_thread_blocked, id=7620, stack(0x000000b771900000,0x000000b771a00000)]

Other Threads:
=>0x0000020b7a265000 VMThread "VM Thread" [stack: 0x000000b767500000,0x000000b767600000] [id=13504]
  0x0000020b7adb5800 WatcherThread [stack: 0x000000b767f00000,0x000000b768000000] [id=12680]
  0x0000020b5de5b800 GCTaskThread "GC Thread#0" [stack: 0x000000b767000000,0x000000b767100000] [id=14096]
  0x0000020b7ac85800 GCTaskThread "GC Thread#1" [stack: 0x000000b768000000,0x000000b768100000] [id=13372]
  0x0000020b7ac8c800 GCTaskThread "GC Thread#2" [stack: 0x000000b768100000,0x000000b768200000] [id=15840]
  0x0000020b7ac8c000 GCTaskThread "GC Thread#3" [stack: 0x000000b768f00000,0x000000b769000000] [id=15540]
  0x0000020b7ac86000 GCTaskThread "GC Thread#4" [stack: 0x000000b769000000,0x000000b769100000] [id=8924]
  0x0000020b7ac88000 GCTaskThread "GC Thread#5" [stack: 0x000000b769100000,0x000000b769200000] [id=10912]
  0x0000020b7ac8b000 GCTaskThread "GC Thread#6" [stack: 0x000000b769200000,0x000000b769300000] [id=3272]
  0x0000020b7ac86800 GCTaskThread "GC Thread#7" [stack: 0x000000b769300000,0x000000b769400000] [id=14820]
  0x0000020b5de8f800 ConcurrentGCThread "G1 Main Marker" [stack: 0x000000b767100000,0x000000b767200000] [id=4752]
  0x0000020b5de91800 ConcurrentGCThread "G1 Conc#0" [stack: 0x000000b767200000,0x000000b767300000] [id=8948]
  0x0000020b7ac87800 ConcurrentGCThread "G1 Conc#1" [stack: 0x000000b769600000,0x000000b769700000] [id=2428]
  0x0000020b7a0b4800 ConcurrentGCThread "G1 Refine#0" [stack: 0x000000b767300000,0x000000b767400000] [id=6340]
  0x0000020b7a0b5800 ConcurrentGCThread "G1 Young RemSet Sampling" [stack: 0x000000b767400000,0x000000b767500000] [id=10756]

Threads with active compile tasks:
C2 CompilerThread0  48674 18405 %     4       com.android.tools.r8.ir.regalloc.a::i @ 65 (610 bytes)
C1 CompilerThread0  48674 18756       3       com.android.tools.r8.ir.regalloc.a::a (1761 bytes)
C2 CompilerThread1  48675 18632 %     4       com.android.tools.r8.ir.optimize.a0::a @ 55 (406 bytes)
C2 CompilerThread2  48675 18642       4       com.android.tools.r8.z.a.a.B::a (98 bytes)

VM state:at safepoint (normal execution)

VM Mutex/Monitor currently owned by a thread:  ([mutex/lock_event])
[0x0000020b5de3fd30] Threads_lock - owner thread: 0x0000020b7a265000
[0x0000020b5de3f430] Heap_lock - owner thread: 0x0000020b7af02800

Heap address: 0x0000000080000000, size: 2048 MB, Compressed Oops mode: 32-bit
Narrow klass base: 0x0000000000000000, Narrow klass shift: 3
Compressed class space size: 1073741824 Address: 0x0000000100000000

Heap:
 garbage-first heap   total 324608K, used 208197K [0x0000000080000000, 0x0000000100000000)
  region size 1024K, 3 young (3072K), 3 survivors (3072K)
 Metaspace       used 102846K, capacity 106572K, committed 106832K, reserved 1142784K
  class space    used 13172K, capacity 14586K, committed 14592K, reserved 1048576K
Heap Regions: E=young(eden), S=young(survivor), O=old, HS=humongous(starts), HC=humongous(continues), CS=collection set, F=free, A=archive, TAMS=top-at-mark-start (previous, next)
|   0|0x0000000080000000, 0x0000000080100000, 0x0000000080100000|100%|HS|  |TAMS 0x0000000080100000, 0x0000000080000000| Complete 
|   1|0x0000000080100000, 0x0000000080200000, 0x0000000080200000|100%| O|  |TAMS 0x0000000080200000, 0x0000000080100000| Untracked 
|   2|0x0000000080200000, 0x0000000080300000, 0x0000000080300000|100%| O|  |TAMS 0x0000000080300000, 0x0000000080200000| Untracked 
|   3|0x0000000080300000, 0x0000000080400000, 0x0000000080400000|100%|HS|  |TAMS 0x0000000080400000, 0x0000000080300000| Complete 
|   4|0x0000000080400000, 0x0000000080500000, 0x0000000080500000|100%|HC|  |TAMS 0x0000000080500000, 0x0000000080400000| Complete 
|   5|0x0000000080500000, 0x0000000080600000, 0x0000000080600000|100%|HC|  |TAMS 0x0000000080600000, 0x0000000080500000| Complete 
|   6|0x0000000080600000, 0x0000000080700000, 0x0000000080700000|100%| O|  |TAMS 0x0000000080700000, 0x0000000080600000| Untracked 
|   7|0x0000000080700000, 0x0000000080800000, 0x0000000080800000|100%| O|  |TAMS 0x0000000080800000, 0x0000000080700000| Untracked 
|   8|0x0000000080800000, 0x0000000080900000, 0x0000000080900000|100%| O|  |TAMS 0x0000000080900000, 0x0000000080800000| Untracked 
|   9|0x0000000080900000, 0x0000000080a00000, 0x0000000080a00000|100%| O|  |TAMS 0x0000000080a00000, 0x0000000080900000| Untracked 
|  10|0x0000000080a00000, 0x0000000080b00000, 0x0000000080b00000|100%| O|  |TAMS 0x0000000080b00000, 0x0000000080a00000| Untracked 
|  11|0x0000000080b00000, 0x0000000080c00000, 0x0000000080c00000|100%| O|  |TAMS 0x0000000080c00000, 0x0000000080b00000| Untracked 
|  12|0x0000000080c00000, 0x0000000080d00000, 0x0000000080d00000|100%| O|  |TAMS 0x0000000080d00000, 0x0000000080c00000| Untracked 
|  13|0x0000000080d00000, 0x0000000080e00000, 0x0000000080e00000|100%| O|  |TAMS 0x0000000080e00000, 0x0000000080d00000| Untracked 
|  14|0x0000000080e00000, 0x0000000080f00000, 0x0000000080f00000|100%| O|  |TAMS 0x0000000080f00000, 0x0000000080e00000| Untracked 
|  15|0x0000000080f00000, 0x0000000081000000, 0x0000000081000000|100%| O|  |TAMS 0x0000000081000000, 0x0000000080f00000| Untracked 
|  16|0x0000000081000000, 0x0000000081100000, 0x0000000081100000|100%| O|  |TAMS 0x0000000081100000, 0x0000000081000000| Untracked 
|  17|0x0000000081100000, 0x0000000081200000, 0x0000000081200000|100%| O|  |TAMS 0x0000000081200000, 0x0000000081100000| Untracked 
|  18|0x0000000081200000, 0x0000000081300000, 0x0000000081300000|100%| O|  |TAMS 0x0000000081300000, 0x0000000081200000| Untracked 
|  19|0x0000000081300000, 0x0000000081400000, 0x0000000081400000|100%| O|  |TAMS 0x0000000081400000, 0x0000000081300000| Untracked 
|  20|0x0000000081400000, 0x0000000081500000, 0x0000000081500000|100%| O|  |TAMS 0x0000000081500000, 0x0000000081400000| Untracked 
|  21|0x0000000081500000, 0x0000000081600000, 0x0000000081600000|100%| O|  |TAMS 0x0000000081600000, 0x0000000081500000| Untracked 
|  22|0x0000000081600000, 0x0000000081700000, 0x0000000081700000|100%| O|  |TAMS 0x0000000081700000, 0x0000000081600000| Untracked 
|  23|0x0000000081700000, 0x0000000081800000, 0x0000000081800000|100%|HS|  |TAMS 0x0000000081800000, 0x0000000081700000| Complete 
|  24|0x0000000081800000, 0x0000000081900000, 0x0000000081900000|100%|HC|  |TAMS 0x0000000081900000, 0x0000000081800000| Complete 
|  25|0x0000000081900000, 0x0000000081a00000, 0x0000000081a00000|100%| O|  |TAMS 0x0000000081a00000, 0x0000000081900000| Untracked 
|  26|0x0000000081a00000, 0x0000000081b00000, 0x0000000081b00000|100%| O|  |TAMS 0x0000000081b00000, 0x0000000081a00000| Untracked 
|  27|0x0000000081b00000, 0x0000000081c00000, 0x0000000081c00000|100%| O|  |TAMS 0x0000000081c00000, 0x0000000081b00000| Untracked 
|  28|0x0000000081c00000, 0x0000000081d00000, 0x0000000081d00000|100%| O|  |TAMS 0x0000000081d00000, 0x0000000081c00000| Untracked 
|  29|0x0000000081d00000, 0x0000000081e00000, 0x0000000081e00000|100%| O|  |TAMS 0x0000000081e00000, 0x0000000081d00000| Untracked 
|  30|0x0000000081e00000, 0x0000000081f00000, 0x0000000081f00000|100%| O|  |TAMS 0x0000000081f00000, 0x0000000081e00000| Untracked 
|  31|0x0000000081f00000, 0x0000000082000000, 0x0000000082000000|100%| O|  |TAMS 0x0000000082000000, 0x0000000081f00000| Untracked 
|  32|0x0000000082000000, 0x0000000082100000, 0x0000000082100000|100%| O|  |TAMS 0x0000000082100000, 0x0000000082000000| Untracked 
|  33|0x0000000082100000, 0x0000000082200000, 0x0000000082200000|100%| O|  |TAMS 0x0000000082200000, 0x0000000082100000| Untracked 
|  34|0x0000000082200000, 0x0000000082300000, 0x0000000082300000|100%| O|  |TAMS 0x0000000082300000, 0x0000000082200000| Untracked 
|  35|0x0000000082300000, 0x0000000082400000, 0x0000000082400000|100%| O|  |TAMS 0x0000000082400000, 0x0000000082300000| Untracked 
|  36|0x0000000082400000, 0x0000000082500000, 0x0000000082500000|100%| O|  |TAMS 0x0000000082500000, 0x0000000082400000| Untracked 
|  37|0x0000000082500000, 0x0000000082600000, 0x0000000082600000|100%| O|  |TAMS 0x0000000082600000, 0x0000000082500000| Untracked 
|  38|0x0000000082600000, 0x0000000082700000, 0x0000000082700000|100%| O|  |TAMS 0x0000000082700000, 0x0000000082600000| Untracked 
|  39|0x0000000082700000, 0x0000000082800000, 0x0000000082800000|100%| O|  |TAMS 0x0000000082800000, 0x0000000082700000| Untracked 
|  40|0x0000000082800000, 0x0000000082900000, 0x0000000082900000|100%| O|  |TAMS 0x0000000082900000, 0x0000000082800000| Untracked 
|  41|0x0000000082900000, 0x0000000082a00000, 0x0000000082a00000|100%| O|  |TAMS 0x0000000082a00000, 0x0000000082900000| Untracked 
|  42|0x0000000082a00000, 0x0000000082b00000, 0x0000000082b00000|100%| O|  |TAMS 0x0000000082b00000, 0x0000000082a00000| Untracked 
|  43|0x0000000082b00000, 0x0000000082c00000, 0x0000000082c00000|100%| O|  |TAMS 0x0000000082c00000, 0x0000000082b00000| Untracked 
|  44|0x0000000082c00000, 0x0000000082d00000, 0x0000000082d00000|100%| O|  |TAMS 0x0000000082d00000, 0x0000000082c00000| Untracked 
|  45|0x0000000082d00000, 0x0000000082e00000, 0x0000000082e00000|100%| O|  |TAMS 0x0000000082e00000, 0x0000000082d00000| Untracked 
|  46|0x0000000082e00000, 0x0000000082f00000, 0x0000000082f00000|100%| O|  |TAMS 0x0000000082f00000, 0x0000000082e00000| Untracked 
|  47|0x0000000082f00000, 0x0000000083000000, 0x0000000083000000|100%| O|  |TAMS 0x0000000083000000, 0x0000000082f00000| Untracked 
|  48|0x0000000083000000, 0x0000000083100000, 0x0000000083100000|100%| O|  |TAMS 0x0000000083100000, 0x0000000083000000| Untracked 
|  49|0x0000000083100000, 0x0000000083200000, 0x0000000083200000|100%| O|  |TAMS 0x0000000083200000, 0x0000000083100000| Untracked 
|  50|0x0000000083200000, 0x0000000083300000, 0x0000000083300000|100%| O|  |TAMS 0x0000000083300000, 0x0000000083200000| Untracked 
|  51|0x0000000083300000, 0x0000000083400000, 0x0000000083400000|100%| O|  |TAMS 0x0000000083400000, 0x0000000083300000| Untracked 
|  52|0x0000000083400000, 0x0000000083500000, 0x0000000083500000|100%| O|  |TAMS 0x0000000083500000, 0x0000000083400000| Untracked 
|  53|0x0000000083500000, 0x0000000083600000, 0x0000000083600000|100%| O|  |TAMS 0x0000000083600000, 0x0000000083500000| Untracked 
|  54|0x0000000083600000, 0x0000000083700000, 0x0000000083700000|100%| O|  |TAMS 0x0000000083700000, 0x0000000083600000| Untracked 
|  55|0x0000000083700000, 0x0000000083800000, 0x0000000083800000|100%| O|  |TAMS 0x0000000083800000, 0x0000000083700000| Untracked 
|  56|0x0000000083800000, 0x0000000083900000, 0x0000000083900000|100%| O|  |TAMS 0x0000000083900000, 0x0000000083800000| Untracked 
|  57|0x0000000083900000, 0x0000000083a00000, 0x0000000083a00000|100%| O|  |TAMS 0x0000000083a00000, 0x0000000083900000| Untracked 
|  58|0x0000000083a00000, 0x0000000083b00000, 0x0000000083b00000|100%| O|  |TAMS 0x0000000083b00000, 0x0000000083a00000| Untracked 
|  59|0x0000000083b00000, 0x0000000083c00000, 0x0000000083c00000|100%| O|  |TAMS 0x0000000083c00000, 0x0000000083b00000| Untracked 
|  60|0x0000000083c00000, 0x0000000083d00000, 0x0000000083d00000|100%| O|  |TAMS 0x0000000083d00000, 0x0000000083c00000| Untracked 
|  61|0x0000000083d00000, 0x0000000083e00000, 0x0000000083e00000|100%| O|  |TAMS 0x0000000083e00000, 0x0000000083d00000| Untracked 
|  62|0x0000000083e00000, 0x0000000083f00000, 0x0000000083f00000|100%| O|  |TAMS 0x0000000083f00000, 0x0000000083e00000| Untracked 
|  63|0x0000000083f00000, 0x0000000084000000, 0x0000000084000000|100%| O|  |TAMS 0x0000000084000000, 0x0000000083f00000| Untracked 
|  64|0x0000000084000000, 0x0000000084100000, 0x0000000084100000|100%| O|  |TAMS 0x0000000084100000, 0x0000000084000000| Untracked 
|  65|0x0000000084100000, 0x0000000084200000, 0x0000000084200000|100%| O|  |TAMS 0x0000000084200000, 0x0000000084100000| Untracked 
|  66|0x0000000084200000, 0x0000000084300000, 0x0000000084300000|100%| O|  |TAMS 0x0000000084300000, 0x0000000084200000| Untracked 
|  67|0x0000000084300000, 0x0000000084400000, 0x0000000084400000|100%| O|  |TAMS 0x0000000084400000, 0x0000000084300000| Untracked 
|  68|0x0000000084400000, 0x0000000084500000, 0x0000000084500000|100%| O|  |TAMS 0x0000000084500000, 0x0000000084400000| Untracked 
|  69|0x0000000084500000, 0x0000000084600000, 0x0000000084600000|100%| O|  |TAMS 0x0000000084600000, 0x0000000084500000| Untracked 
|  70|0x0000000084600000, 0x0000000084700000, 0x0000000084700000|100%| O|  |TAMS 0x0000000084700000, 0x0000000084600000| Untracked 
|  71|0x0000000084700000, 0x0000000084800000, 0x0000000084800000|100%| O|  |TAMS 0x0000000084800000, 0x0000000084700000| Untracked 
|  72|0x0000000084800000, 0x0000000084900000, 0x0000000084900000|100%| O|  |TAMS 0x0000000084900000, 0x0000000084800000| Untracked 
|  73|0x0000000084900000, 0x0000000084a00000, 0x0000000084a00000|100%| O|  |TAMS 0x0000000084900000, 0x0000000084900000| Untracked 
|  74|0x0000000084a00000, 0x0000000084b00000, 0x0000000084b00000|100%| O|  |TAMS 0x0000000084b00000, 0x0000000084a00000| Untracked 
|  75|0x0000000084b00000, 0x0000000084c00000, 0x0000000084c00000|100%| O|  |TAMS 0x0000000084c00000, 0x0000000084b00000| Untracked 
|  76|0x0000000084c00000, 0x0000000084d00000, 0x0000000084d00000|100%| O|  |TAMS 0x0000000084d00000, 0x0000000084c00000| Untracked 
|  77|0x0000000084d00000, 0x0000000084e00000, 0x0000000084e00000|100%| O|  |TAMS 0x0000000084e00000, 0x0000000084d00000| Untracked 
|  78|0x0000000084e00000, 0x0000000084f00000, 0x0000000084f00000|100%| O|  |TAMS 0x0000000084f00000, 0x0000000084e00000| Untracked 
|  79|0x0000000084f00000, 0x0000000085000000, 0x0000000085000000|100%| O|  |TAMS 0x0000000085000000, 0x0000000084f00000| Untracked 
|  80|0x0000000085000000, 0x0000000085100000, 0x0000000085100000|100%| O|  |TAMS 0x0000000085000000, 0x0000000085000000| Untracked 
|  81|0x0000000085100000, 0x0000000085200000, 0x0000000085200000|100%| O|  |TAMS 0x0000000085200000, 0x0000000085100000| Untracked 
|  82|0x0000000085200000, 0x0000000085300000, 0x0000000085300000|100%| O|  |TAMS 0x0000000085200000, 0x0000000085200000| Untracked 
|  83|0x0000000085300000, 0x0000000085400000, 0x0000000085400000|100%| O|  |TAMS 0x0000000085400000, 0x0000000085300000| Untracked 
|  84|0x0000000085400000, 0x0000000085500000, 0x0000000085500000|100%| O|  |TAMS 0x0000000085500000, 0x0000000085400000| Untracked 
|  85|0x0000000085500000, 0x0000000085600000, 0x0000000085600000|100%| O|  |TAMS 0x0000000085600000, 0x0000000085500000| Untracked 
|  86|0x0000000085600000, 0x0000000085700000, 0x0000000085700000|100%| O|  |TAMS 0x0000000085700000, 0x0000000085600000| Untracked 
|  87|0x0000000085700000, 0x0000000085800000, 0x0000000085800000|100%| O|  |TAMS 0x0000000085800000, 0x0000000085700000| Untracked 
|  88|0x0000000085800000, 0x0000000085900000, 0x0000000085900000|100%|HS|  |TAMS 0x0000000085900000, 0x0000000085800000| Complete 
|  89|0x0000000085900000, 0x0000000085a00000, 0x0000000085a00000|100%|HC|  |TAMS 0x0000000085a00000, 0x0000000085900000| Complete 
|  90|0x0000000085a00000, 0x0000000085b00000, 0x0000000085b00000|100%| O|  |TAMS 0x0000000085b00000, 0x0000000085a00000| Untracked 
|  91|0x0000000085b00000, 0x0000000085c00000, 0x0000000085c00000|100%| O|  |TAMS 0x0000000085c00000, 0x0000000085b00000| Untracked 
|  92|0x0000000085c00000, 0x0000000085d00000, 0x0000000085d00000|100%| O|  |TAMS 0x0000000085d00000, 0x0000000085c00000| Untracked 
|  93|0x0000000085d00000, 0x0000000085e00000, 0x0000000085e00000|100%| O|  |TAMS 0x0000000085e00000, 0x0000000085d00000| Untracked 
|  94|0x0000000085e00000, 0x0000000085f00000, 0x0000000085f00000|100%| O|  |TAMS 0x0000000085f00000, 0x0000000085e00000| Untracked 
|  95|0x0000000085f00000, 0x0000000086000000, 0x0000000086000000|100%| O|  |TAMS 0x0000000086000000, 0x0000000085f00000| Untracked 
|  96|0x0000000086000000, 0x0000000086100000, 0x0000000086100000|100%| O|  |TAMS 0x0000000086100000, 0x0000000086000000| Untracked 
|  97|0x0000000086100000, 0x0000000086200000, 0x0000000086200000|100%| O|  |TAMS 0x0000000086200000, 0x0000000086100000| Untracked 
|  98|0x0000000086200000, 0x0000000086300000, 0x0000000086300000|100%| O|  |TAMS 0x0000000086300000, 0x0000000086200000| Untracked 
|  99|0x0000000086300000, 0x0000000086400000, 0x0000000086400000|100%| O|  |TAMS 0x0000000086400000, 0x0000000086300000| Untracked 
| 100|0x0000000086400000, 0x0000000086500000, 0x0000000086500000|100%| O|  |TAMS 0x0000000086500000, 0x0000000086400000| Untracked 
| 101|0x0000000086500000, 0x0000000086600000, 0x0000000086600000|100%| O|  |TAMS 0x0000000086500000, 0x0000000086500000| Untracked 
| 102|0x0000000086600000, 0x0000000086700000, 0x0000000086700000|100%| O|  |TAMS 0x0000000086600000, 0x0000000086600000| Untracked 
| 103|0x0000000086700000, 0x0000000086800000, 0x0000000086800000|100%| O|  |TAMS 0x0000000086800000, 0x0000000086700000| Untracked 
| 104|0x0000000086800000, 0x0000000086900000, 0x0000000086900000|100%| O|  |TAMS 0x0000000086900000, 0x0000000086800000| Untracked 
| 105|0x0000000086900000, 0x0000000086a00000, 0x0000000086a00000|100%| O|  |TAMS 0x0000000086a00000, 0x0000000086900000| Untracked 
| 106|0x0000000086a00000, 0x0000000086b00000, 0x0000000086b00000|100%| O|  |TAMS 0x0000000086b00000, 0x0000000086a00000| Untracked 
| 107|0x0000000086b00000, 0x0000000086c00000, 0x0000000086c00000|100%| O|  |TAMS 0x0000000086c00000, 0x0000000086b00000| Untracked 
| 108|0x0000000086c00000, 0x0000000086d00000, 0x0000000086d00000|100%| O|  |TAMS 0x0000000086c00000, 0x0000000086c00000| Untracked 
| 109|0x0000000086d00000, 0x0000000086e00000, 0x0000000086e00000|100%| O|  |TAMS 0x0000000086d00000, 0x0000000086d00000| Untracked 
| 110|0x0000000086e00000, 0x0000000086f00000, 0x0000000086f00000|100%| O|  |TAMS 0x0000000086f00000, 0x0000000086e00000| Untracked 
| 111|0x0000000086f00000, 0x0000000087000000, 0x0000000087000000|100%| O|  |TAMS 0x0000000087000000, 0x0000000086f00000| Untracked 
| 112|0x0000000087000000, 0x0000000087100000, 0x0000000087100000|100%| O|  |TAMS 0x0000000087000000, 0x0000000087000000| Untracked 
| 113|0x0000000087100000, 0x0000000087200000, 0x0000000087200000|100%| O|  |TAMS 0x0000000087200000, 0x0000000087100000| Untracked 
| 114|0x0000000087200000, 0x0000000087300000, 0x0000000087300000|100%| O|  |TAMS 0x0000000087200000, 0x0000000087200000| Untracked 
| 115|0x0000000087300000, 0x0000000087400000, 0x0000000087400000|100%| O|  |TAMS 0x0000000087300000, 0x0000000087300000| Untracked 
| 116|0x0000000087400000, 0x0000000087500000, 0x0000000087500000|100%| O|  |TAMS 0x0000000087500000, 0x0000000087400000| Untracked 
| 117|0x0000000087500000, 0x0000000087600000, 0x0000000087600000|100%| O|  |TAMS 0x0000000087600000, 0x0000000087500000| Untracked 
| 118|0x0000000087600000, 0x0000000087700000, 0x0000000087700000|100%| O|  |TAMS 0x0000000087700000, 0x0000000087600000| Untracked 
| 119|0x0000000087700000, 0x0000000087800000, 0x0000000087800000|100%| O|  |TAMS 0x0000000087700000, 0x0000000087700000| Untracked 
| 120|0x0000000087800000, 0x0000000087900000, 0x0000000087900000|100%| O|  |TAMS 0x0000000087876200, 0x0000000087800000| Untracked 
| 121|0x0000000087900000, 0x0000000087a00000, 0x0000000087a00000|100%| O|  |TAMS 0x0000000087900000, 0x0000000087900000| Untracked 
| 122|0x0000000087a00000, 0x0000000087b00000, 0x0000000087b00000|100%| O|  |TAMS 0x0000000087a00000, 0x0000000087a00000| Untracked 
| 123|0x0000000087b00000, 0x0000000087c00000, 0x0000000087c00000|100%| O|  |TAMS 0x0000000087b00000, 0x0000000087b00000| Untracked 
| 124|0x0000000087c00000, 0x0000000087d00000, 0x0000000087d00000|100%| O|  |TAMS 0x0000000087c00000, 0x0000000087c00000| Untracked 
| 125|0x0000000087d00000, 0x0000000087e00000, 0x0000000087e00000|100%| O|  |TAMS 0x0000000087d00000, 0x0000000087d00000| Untracked 
| 126|0x0000000087e00000, 0x0000000087f00000, 0x0000000087f00000|100%| O|  |TAMS 0x0000000087e00000, 0x0000000087e00000| Untracked 
| 127|0x0000000087f00000, 0x0000000088000000, 0x0000000088000000|100%| O|  |TAMS 0x0000000087f00000, 0x0000000087f00000| Untracked 
| 128|0x0000000088000000, 0x0000000088100000, 0x0000000088100000|100%| O|  |TAMS 0x0000000088000000, 0x0000000088000000| Untracked 
| 129|0x0000000088100000, 0x0000000088200000, 0x0000000088200000|100%| O|  |TAMS 0x0000000088100000, 0x0000000088100000| Untracked 
| 130|0x0000000088200000, 0x0000000088300000, 0x0000000088300000|100%| O|  |TAMS 0x0000000088200000, 0x0000000088200000| Untracked 
| 131|0x0000000088300000, 0x0000000088400000, 0x0000000088400000|100%| O|  |TAMS 0x0000000088300000, 0x0000000088300000| Untracked 
| 132|0x0000000088400000, 0x0000000088500000, 0x0000000088500000|100%| O|  |TAMS 0x0000000088400000, 0x0000000088400000| Untracked 
| 133|0x0000000088500000, 0x0000000088600000, 0x0000000088600000|100%| O|  |TAMS 0x0000000088500000, 0x0000000088500000| Untracked 
| 134|0x0000000088600000, 0x0000000088700000, 0x0000000088700000|100%| O|  |TAMS 0x0000000088600000, 0x0000000088600000| Untracked 
| 135|0x0000000088700000, 0x0000000088800000, 0x0000000088800000|100%| O|  |TAMS 0x0000000088700000, 0x0000000088700000| Untracked 
| 136|0x0000000088800000, 0x0000000088900000, 0x0000000088900000|100%| O|  |TAMS 0x0000000088800000, 0x0000000088800000| Untracked 
| 137|0x0000000088900000, 0x0000000088a00000, 0x0000000088a00000|100%| O|  |TAMS 0x0000000088900000, 0x0000000088900000| Untracked 
| 138|0x0000000088a00000, 0x0000000088b00000, 0x0000000088b00000|100%| O|  |TAMS 0x0000000088a00000, 0x0000000088a00000| Untracked 
| 139|0x0000000088b00000, 0x0000000088c00000, 0x0000000088c00000|100%| O|  |TAMS 0x0000000088b00000, 0x0000000088b00000| Untracked 
| 140|0x0000000088c00000, 0x0000000088d00000, 0x0000000088d00000|100%| O|  |TAMS 0x0000000088c00000, 0x0000000088c00000| Untracked 
| 141|0x0000000088d00000, 0x0000000088e00000, 0x0000000088e00000|100%| O|  |TAMS 0x0000000088d00000, 0x0000000088d00000| Untracked 
| 142|0x0000000088e00000, 0x0000000088f00000, 0x0000000088f00000|100%| O|  |TAMS 0x0000000088e00000, 0x0000000088e00000| Untracked 
| 143|0x0000000088f00000, 0x0000000089000000, 0x0000000089000000|100%| O|  |TAMS 0x0000000088f00000, 0x0000000088f00000| Untracked 
| 144|0x0000000089000000, 0x0000000089100000, 0x0000000089100000|100%| O|  |TAMS 0x0000000089000000, 0x0000000089000000| Untracked 
| 145|0x0000000089100000, 0x0000000089200000, 0x0000000089200000|100%| O|  |TAMS 0x0000000089100000, 0x0000000089100000| Untracked 
| 146|0x0000000089200000, 0x0000000089300000, 0x0000000089300000|100%| O|  |TAMS 0x0000000089200000, 0x0000000089200000| Untracked 
| 147|0x0000000089300000, 0x0000000089400000, 0x0000000089400000|100%| O|  |TAMS 0x0000000089300000, 0x0000000089300000| Untracked 
| 148|0x0000000089400000, 0x0000000089500000, 0x0000000089500000|100%| O|  |TAMS 0x0000000089400000, 0x0000000089400000| Untracked 
| 149|0x0000000089500000, 0x0000000089600000, 0x0000000089600000|100%| O|  |TAMS 0x0000000089500000, 0x0000000089500000| Untracked 
| 150|0x0000000089600000, 0x0000000089700000, 0x0000000089700000|100%| O|  |TAMS 0x0000000089600000, 0x0000000089600000| Untracked 
| 151|0x0000000089700000, 0x0000000089800000, 0x0000000089800000|100%|HS|  |TAMS 0x0000000089700000, 0x0000000089700000| Complete 
| 152|0x0000000089800000, 0x0000000089900000, 0x0000000089900000|100%|HC|  |TAMS 0x0000000089800000, 0x0000000089800000| Complete 
| 153|0x0000000089900000, 0x0000000089a00000, 0x0000000089a00000|100%| O|  |TAMS 0x0000000089900000, 0x0000000089900000| Untracked 
| 154|0x0000000089a00000, 0x0000000089b00000, 0x0000000089b00000|100%| O|  |TAMS 0x0000000089a00000, 0x0000000089a00000| Untracked 
| 155|0x0000000089b00000, 0x0000000089c00000, 0x0000000089c00000|100%| O|  |TAMS 0x0000000089b00000, 0x0000000089b00000| Untracked 
| 156|0x0000000089c00000, 0x0000000089d00000, 0x0000000089d00000|100%| O|  |TAMS 0x0000000089c00000, 0x0000000089c00000| Untracked 
| 157|0x0000000089d00000, 0x0000000089e00000, 0x0000000089e00000|100%| O|  |TAMS 0x0000000089d00000, 0x0000000089d00000| Untracked 
| 158|0x0000000089e00000, 0x0000000089f00000, 0x0000000089f00000|100%| O|  |TAMS 0x0000000089e00000, 0x0000000089e00000| Untracked 
| 159|0x0000000089f00000, 0x000000008a000000, 0x000000008a000000|100%| O|  |TAMS 0x0000000089f00000, 0x0000000089f00000| Untracked 
| 160|0x000000008a000000, 0x000000008a100000, 0x000000008a100000|100%| O|  |TAMS 0x000000008a000000, 0x000000008a000000| Untracked 
| 161|0x000000008a100000, 0x000000008a200000, 0x000000008a200000|100%| O|  |TAMS 0x000000008a100000, 0x000000008a100000| Untracked 
| 162|0x000000008a200000, 0x000000008a300000, 0x000000008a300000|100%| O|  |TAMS 0x000000008a200000, 0x000000008a200000| Untracked 
| 163|0x000000008a300000, 0x000000008a400000, 0x000000008a400000|100%| O|  |TAMS 0x000000008a300000, 0x000000008a300000| Untracked 
| 164|0x000000008a400000, 0x000000008a500000, 0x000000008a500000|100%| O|  |TAMS 0x000000008a400000, 0x000000008a400000| Untracked 
| 165|0x000000008a500000, 0x000000008a600000, 0x000000008a600000|100%| O|  |TAMS 0x000000008a500000, 0x000000008a500000| Untracked 
| 166|0x000000008a600000, 0x000000008a700000, 0x000000008a700000|100%| O|  |TAMS 0x000000008a600000, 0x000000008a600000| Untracked 
| 167|0x000000008a700000, 0x000000008a800000, 0x000000008a800000|100%| O|  |TAMS 0x000000008a700000, 0x000000008a700000| Untracked 
| 168|0x000000008a800000, 0x000000008a900000, 0x000000008a900000|100%| O|  |TAMS 0x000000008a800000, 0x000000008a800000| Untracked 
| 169|0x000000008a900000, 0x000000008aa00000, 0x000000008aa00000|100%| O|  |TAMS 0x000000008a900000, 0x000000008a900000| Untracked 
| 170|0x000000008aa00000, 0x000000008ab00000, 0x000000008ab00000|100%| O|  |TAMS 0x000000008aa00000, 0x000000008aa00000| Untracked 
| 171|0x000000008ab00000, 0x000000008ac00000, 0x000000008ac00000|100%| O|  |TAMS 0x000000008ab00000, 0x000000008ab00000| Untracked 
| 172|0x000000008ac00000, 0x000000008ad00000, 0x000000008ad00000|100%| O|  |TAMS 0x000000008ac00000, 0x000000008ac00000| Untracked 
| 173|0x000000008ad00000, 0x000000008ae00000, 0x000000008ae00000|100%| O|  |TAMS 0x000000008ad00000, 0x000000008ad00000| Untracked 
| 174|0x000000008ae00000, 0x000000008af00000, 0x000000008af00000|100%| O|  |TAMS 0x000000008ae00000, 0x000000008ae00000| Untracked 
| 175|0x000000008af00000, 0x000000008b000000, 0x000000008b000000|100%| O|  |TAMS 0x000000008af00000, 0x000000008af00000| Untracked 
| 176|0x000000008b000000, 0x000000008b100000, 0x000000008b100000|100%| O|  |TAMS 0x000000008b000000, 0x000000008b000000| Untracked 
| 177|0x000000008b100000, 0x000000008b200000, 0x000000008b200000|100%| O|  |TAMS 0x000000008b100000, 0x000000008b100000| Untracked 
| 178|0x000000008b200000, 0x000000008b300000, 0x000000008b300000|100%| O|  |TAMS 0x000000008b200000, 0x000000008b200000| Untracked 
| 179|0x000000008b300000, 0x000000008b400000, 0x000000008b400000|100%| O|  |TAMS 0x000000008b300000, 0x000000008b300000| Untracked 
| 180|0x000000008b400000, 0x000000008b500000, 0x000000008b500000|100%| O|  |TAMS 0x000000008b400000, 0x000000008b400000| Untracked 
| 181|0x000000008b500000, 0x000000008b600000, 0x000000008b600000|100%| O|  |TAMS 0x000000008b500000, 0x000000008b500000| Untracked 
| 182|0x000000008b600000, 0x000000008b700000, 0x000000008b700000|100%| O|  |TAMS 0x000000008b600000, 0x000000008b600000| Untracked 
| 183|0x000000008b700000, 0x000000008b800000, 0x000000008b800000|100%| O|  |TAMS 0x000000008b700000, 0x000000008b700000| Untracked 
| 184|0x000000008b800000, 0x000000008b900000, 0x000000008b900000|100%| O|  |TAMS 0x000000008b800000, 0x000000008b800000| Untracked 
| 185|0x000000008b900000, 0x000000008ba00000, 0x000000008ba00000|100%| O|  |TAMS 0x000000008b900000, 0x000000008b900000| Untracked 
| 186|0x000000008ba00000, 0x000000008bb00000, 0x000000008bb00000|100%| O|  |TAMS 0x000000008ba00000, 0x000000008ba00000| Untracked 
| 187|0x000000008bb00000, 0x000000008bc00000, 0x000000008bc00000|100%| O|  |TAMS 0x000000008bb00000, 0x000000008bb00000| Untracked 
| 188|0x000000008bc00000, 0x000000008bd00000, 0x000000008bd00000|100%| O|  |TAMS 0x000000008bc00000, 0x000000008bc00000| Untracked 
| 189|0x000000008bd00000, 0x000000008be00000, 0x000000008be00000|100%| O|  |TAMS 0x000000008bd00000, 0x000000008bd00000| Untracked 
| 190|0x000000008be00000, 0x000000008bf00000, 0x000000008bf00000|100%| O|  |TAMS 0x000000008be00000, 0x000000008be00000| Untracked 
| 191|0x000000008bf00000, 0x000000008c000000, 0x000000008c000000|100%| O|  |TAMS 0x000000008bf00000, 0x000000008bf00000| Untracked 
| 192|0x000000008c000000, 0x000000008c100000, 0x000000008c100000|100%| O|  |TAMS 0x000000008c000000, 0x000000008c000000| Untracked 
| 193|0x000000008c100000, 0x000000008c200000, 0x000000008c200000|100%| O|  |TAMS 0x000000008c100000, 0x000000008c100000| Untracked 
| 194|0x000000008c200000, 0x000000008c300000, 0x000000008c300000|100%| O|  |TAMS 0x000000008c200000, 0x000000008c200000| Untracked 
| 195|0x000000008c300000, 0x000000008c400000, 0x000000008c400000|100%| O|  |TAMS 0x000000008c300000, 0x000000008c300000| Untracked 
| 196|0x000000008c400000, 0x000000008c500000, 0x000000008c500000|100%| O|  |TAMS 0x000000008c400000, 0x000000008c400000| Untracked 
| 197|0x000000008c500000, 0x000000008c58dc00, 0x000000008c600000| 55%| O|  |TAMS 0x000000008c500000, 0x000000008c500000| Untracked 
| 198|0x000000008c600000, 0x000000008c700000, 0x000000008c700000|100%| O|  |TAMS 0x000000008c600000, 0x000000008c600000| Untracked 
| 199|0x000000008c700000, 0x000000008c800000, 0x000000008c800000|100%| O|  |TAMS 0x000000008c700000, 0x000000008c700000| Untracked 
| 200|0x000000008c800000, 0x000000008c900000, 0x000000008c900000|100%| O|  |TAMS 0x000000008c800000, 0x000000008c800000| Untracked 
| 201|0x000000008c900000, 0x000000008c900000, 0x000000008ca00000|  0%| F|  |TAMS 0x000000008c900000, 0x000000008c900000| Untracked 
| 202|0x000000008ca00000, 0x000000008ca00000, 0x000000008cb00000|  0%| F|  |TAMS 0x000000008ca00000, 0x000000008ca00000| Untracked 
| 203|0x000000008cb00000, 0x000000008cb00000, 0x000000008cc00000|  0%| F|  |TAMS 0x000000008cb00000, 0x000000008cb00000| Untracked 
| 204|0x000000008cc00000, 0x000000008cc00000, 0x000000008cd00000|  0%| F|  |TAMS 0x000000008cc00000, 0x000000008cc00000| Untracked 
| 205|0x000000008cd00000, 0x000000008cd00000, 0x000000008ce00000|  0%| F|  |TAMS 0x000000008cd00000, 0x000000008cd00000| Untracked 
| 206|0x000000008ce00000, 0x000000008ce00000, 0x000000008cf00000|  0%| F|  |TAMS 0x000000008ce00000, 0x000000008ce00000| Untracked 
| 207|0x000000008cf00000, 0x000000008cf00000, 0x000000008d000000|  0%| F|  |TAMS 0x000000008cf00000, 0x000000008cf00000| Untracked 
| 208|0x000000008d000000, 0x000000008d000000, 0x000000008d100000|  0%| F|  |TAMS 0x000000008d000000, 0x000000008d000000| Untracked 
| 209|0x000000008d100000, 0x000000008d100000, 0x000000008d200000|  0%| F|  |TAMS 0x000000008d100000, 0x000000008d100000| Untracked 
| 210|0x000000008d200000, 0x000000008d200000, 0x000000008d300000|  0%| F|  |TAMS 0x000000008d200000, 0x000000008d200000| Untracked 
| 211|0x000000008d300000, 0x000000008d300000, 0x000000008d400000|  0%| F|  |TAMS 0x000000008d300000, 0x000000008d300000| Untracked 
| 212|0x000000008d400000, 0x000000008d400000, 0x000000008d500000|  0%| F|  |TAMS 0x000000008d400000, 0x000000008d400000| Untracked 
| 213|0x000000008d500000, 0x000000008d500000, 0x000000008d600000|  0%| F|  |TAMS 0x000000008d500000, 0x000000008d500000| Untracked 
| 214|0x000000008d600000, 0x000000008d600000, 0x000000008d700000|  0%| F|  |TAMS 0x000000008d600000, 0x000000008d600000| Untracked 
| 215|0x000000008d700000, 0x000000008d700000, 0x000000008d800000|  0%| F|  |TAMS 0x000000008d700000, 0x000000008d700000| Untracked 
| 216|0x000000008d800000, 0x000000008d800000, 0x000000008d900000|  0%| F|  |TAMS 0x000000008d800000, 0x000000008d800000| Untracked 
| 217|0x000000008d900000, 0x000000008d900000, 0x000000008da00000|  0%| F|  |TAMS 0x000000008d900000, 0x000000008d900000| Untracked 
| 218|0x000000008da00000, 0x000000008da00000, 0x000000008db00000|  0%| F|  |TAMS 0x000000008da00000, 0x000000008da00000| Untracked 
| 219|0x000000008db00000, 0x000000008db00000, 0x000000008dc00000|  0%| F|  |TAMS 0x000000008db00000, 0x000000008db00000| Untracked 
| 220|0x000000008dc00000, 0x000000008dc00000, 0x000000008dd00000|  0%| F|  |TAMS 0x000000008dc00000, 0x000000008dc00000| Untracked 
| 221|0x000000008dd00000, 0x000000008dd00000, 0x000000008de00000|  0%| F|  |TAMS 0x000000008dd00000, 0x000000008dd00000| Untracked 
| 222|0x000000008de00000, 0x000000008de00000, 0x000000008df00000|  0%| F|  |TAMS 0x000000008de00000, 0x000000008de00000| Untracked 
| 223|0x000000008df00000, 0x000000008df00000, 0x000000008e000000|  0%| F|  |TAMS 0x000000008df00000, 0x000000008df00000| Untracked 
| 224|0x000000008e000000, 0x000000008e000000, 0x000000008e100000|  0%| F|  |TAMS 0x000000008e000000, 0x000000008e000000| Untracked 
| 225|0x000000008e100000, 0x000000008e100000, 0x000000008e200000|  0%| F|  |TAMS 0x000000008e100000, 0x000000008e100000| Untracked 
| 226|0x000000008e200000, 0x000000008e200000, 0x000000008e300000|  0%| F|  |TAMS 0x000000008e200000, 0x000000008e200000| Untracked 
| 227|0x000000008e300000, 0x000000008e300000, 0x000000008e400000|  0%| F|  |TAMS 0x000000008e300000, 0x000000008e300000| Untracked 
| 228|0x000000008e400000, 0x000000008e400000, 0x000000008e500000|  0%| F|  |TAMS 0x000000008e400000, 0x000000008e400000| Untracked 
| 229|0x000000008e500000, 0x000000008e500000, 0x000000008e600000|  0%| F|  |TAMS 0x000000008e500000, 0x000000008e500000| Untracked 
| 230|0x000000008e600000, 0x000000008e600000, 0x000000008e700000|  0%| F|  |TAMS 0x000000008e600000, 0x000000008e600000| Untracked 
| 231|0x000000008e700000, 0x000000008e700000, 0x000000008e800000|  0%| F|  |TAMS 0x000000008e700000, 0x000000008e700000| Untracked 
| 232|0x000000008e800000, 0x000000008e8c3948, 0x000000008e900000| 76%| S|CS|TAMS 0x000000008e800000, 0x000000008e800000| Complete 
| 233|0x000000008e900000, 0x000000008ea00000, 0x000000008ea00000|100%| S|CS|TAMS 0x000000008e900000, 0x000000008e900000| Complete 
| 234|0x000000008ea00000, 0x000000008eb00000, 0x000000008eb00000|100%| S|CS|TAMS 0x000000008ea00000, 0x000000008ea00000| Complete 
| 235|0x000000008eb00000, 0x000000008eb00000, 0x000000008ec00000|  0%| F|  |TAMS 0x000000008eb00000, 0x000000008eb00000| Untracked 
| 236|0x000000008ec00000, 0x000000008ec00000, 0x000000008ed00000|  0%| F|  |TAMS 0x000000008ec00000, 0x000000008ec00000| Untracked 
| 237|0x000000008ed00000, 0x000000008ed00000, 0x000000008ee00000|  0%| F|  |TAMS 0x000000008ed00000, 0x000000008ed00000| Untracked 
| 238|0x000000008ee00000, 0x000000008ee00000, 0x000000008ef00000|  0%| F|  |TAMS 0x000000008ee00000, 0x000000008ee00000| Untracked 
| 239|0x000000008ef00000, 0x000000008ef00000, 0x000000008f000000|  0%| F|  |TAMS 0x000000008ef00000, 0x000000008ef00000| Untracked 
| 240|0x000000008f000000, 0x000000008f000000, 0x000000008f100000|  0%| F|  |TAMS 0x000000008f000000, 0x000000008f000000| Untracked 
| 241|0x000000008f100000, 0x000000008f100000, 0x000000008f200000|  0%| F|  |TAMS 0x000000008f100000, 0x000000008f100000| Untracked 
| 242|0x000000008f200000, 0x000000008f200000, 0x000000008f300000|  0%| F|  |TAMS 0x000000008f200000, 0x000000008f200000| Untracked 
| 243|0x000000008f300000, 0x000000008f300000, 0x000000008f400000|  0%| F|  |TAMS 0x000000008f300000, 0x000000008f300000| Untracked 
| 244|0x000000008f400000, 0x000000008f400000, 0x000000008f500000|  0%| F|  |TAMS 0x000000008f400000, 0x000000008f400000| Untracked 
| 245|0x000000008f500000, 0x000000008f500000, 0x000000008f600000|  0%| F|  |TAMS 0x000000008f500000, 0x000000008f500000| Untracked 
| 246|0x000000008f600000, 0x000000008f600000, 0x000000008f700000|  0%| F|  |TAMS 0x000000008f600000, 0x000000008f600000| Untracked 
| 247|0x000000008f700000, 0x000000008f700000, 0x000000008f800000|  0%| F|  |TAMS 0x000000008f700000, 0x000000008f700000| Untracked 
| 248|0x000000008f800000, 0x000000008f800000, 0x000000008f900000|  0%| F|  |TAMS 0x000000008f800000, 0x000000008f800000| Untracked 
| 249|0x000000008f900000, 0x000000008f900000, 0x000000008fa00000|  0%| F|  |TAMS 0x000000008f900000, 0x000000008f900000| Untracked 
| 250|0x000000008fa00000, 0x000000008fa00000, 0x000000008fb00000|  0%| F|  |TAMS 0x000000008fa00000, 0x000000008fa00000| Untracked 
| 251|0x000000008fb00000, 0x000000008fb00000, 0x000000008fc00000|  0%| F|  |TAMS 0x000000008fb00000, 0x000000008fb00000| Untracked 
| 252|0x000000008fc00000, 0x000000008fc00000, 0x000000008fd00000|  0%| F|  |TAMS 0x000000008fc00000, 0x000000008fc00000| Untracked 
| 253|0x000000008fd00000, 0x000000008fd00000, 0x000000008fe00000|  0%| F|  |TAMS 0x000000008fd00000, 0x000000008fd00000| Untracked 
| 254|0x000000008fe00000, 0x000000008fe00000, 0x000000008ff00000|  0%| F|  |TAMS 0x000000008fe00000, 0x000000008fe00000| Untracked 
| 255|0x000000008ff00000, 0x000000008ff00000, 0x0000000090000000|  0%| F|  |TAMS 0x000000008ff00000, 0x000000008ff00000| Untracked 
| 256|0x0000000090000000, 0x0000000090000000, 0x0000000090100000|  0%| F|  |TAMS 0x0000000090000000, 0x0000000090000000| Untracked 
| 257|0x0000000090100000, 0x0000000090100000, 0x0000000090200000|  0%| F|  |TAMS 0x0000000090100000, 0x0000000090100000| Untracked 
| 258|0x0000000090200000, 0x0000000090200000, 0x0000000090300000|  0%| F|  |TAMS 0x0000000090200000, 0x0000000090200000| Untracked 
| 259|0x0000000090300000, 0x0000000090300000, 0x0000000090400000|  0%| F|  |TAMS 0x0000000090300000, 0x0000000090300000| Untracked 
| 260|0x0000000090400000, 0x0000000090400000, 0x0000000090500000|  0%| F|  |TAMS 0x0000000090400000, 0x0000000090400000| Untracked 
| 261|0x0000000090500000, 0x0000000090500000, 0x0000000090600000|  0%| F|  |TAMS 0x0000000090500000, 0x0000000090500000| Untracked 
| 262|0x0000000090600000, 0x0000000090600000, 0x0000000090700000|  0%| F|  |TAMS 0x0000000090600000, 0x0000000090600000| Untracked 
| 263|0x0000000090700000, 0x0000000090700000, 0x0000000090800000|  0%| F|  |TAMS 0x0000000090700000, 0x0000000090700000| Untracked 

Card table byte_map: [0x0000020b72f70000,0x0000020b73370000] _byte_map_base: 0x0000020b72b70000

Marking Bits (Prev, Next): (CMBitMap*) 0x0000020b5de86810, (CMBitMap*) 0x0000020b5de867d8
 Prev Bits: [0x0000020b75770000, 0x0000020b77770000)
 Next Bits: [0x0000020b73770000, 0x0000020b75770000)

Polling page: 0x0000020b5f6d0000

Metaspace:

Usage:
  Non-class:     89.83 MB capacity,    87.57 MB ( 97%) used,     1.88 MB (  2%) free+waste,   388.69 KB ( <1%) overhead. 
      Class:     14.24 MB capacity,    12.86 MB ( 90%) used,     1.20 MB (  8%) free+waste,   190.06 KB (  1%) overhead. 
       Both:    104.07 MB capacity,   100.44 MB ( 97%) used,     3.07 MB (  3%) free+waste,   578.75 KB ( <1%) overhead. 

Virtual space:
  Non-class space:       92.00 MB reserved,      90.08 MB ( 98%) committed 
      Class space:        1.00 GB reserved,      14.25 MB (  1%) committed 
             Both:        1.09 GB reserved,     104.33 MB (  9%) committed 

Chunk freelists:
   Non-Class:  62.00 KB
       Class:  6.00 KB
        Both:  68.00 KB

MaxMetaspaceSize: 17179869184.00 GB
CompressedClassSpaceSize: 1.00 GB

CodeHeap 'non-profiled nmethods': size=120000Kb used=11354Kb max_used=11354Kb free=108646Kb
 bounds [0x0000020b6abd0000, 0x0000020b6b6f0000, 0x0000020b72100000]
CodeHeap 'profiled nmethods': size=120000Kb used=42738Kb max_used=42738Kb free=77261Kb
 bounds [0x0000020b636a0000, 0x0000020b66070000, 0x0000020b6abd0000]
CodeHeap 'non-nmethods': size=5760Kb used=2291Kb max_used=2369Kb free=3468Kb
 bounds [0x0000020b63100000, 0x0000020b63370000, 0x0000020b636a0000]
 total_blobs=18198 nmethods=17304 adapters=803
 compilation: enabled
              stopped_count=0, restarted_count=0
 full_count=0

Compilation events (20 events):
Event: 48.508 Thread 0x0000020b7ac02800 nmethod 18727 0x0000020b66050790 code [0x0000020b66050940, 0x0000020b66050a68]
Event: 48.514 Thread 0x0000020b7ac02800 18728       1       com.android.tools.r8.graph.x0::a (2 bytes)
Event: 48.514 Thread 0x0000020b7ac02800 nmethod 18728 0x0000020b6b6e0f10 code [0x0000020b6b6e10c0, 0x0000020b6b6e1178]
Event: 48.515 Thread 0x0000020b7ac02800 18729 %     3       java.util.AbstractCollection::containsAll @ 7 (38 bytes)
Event: 48.516 Thread 0x0000020b7ac02800 nmethod 18729% 0x0000020b66050b10 code [0x0000020b66050d20, 0x0000020b66051298]
Event: 48.519 Thread 0x0000020b7ac02800 18730 % !   3       com.android.tools.r8.ir.optimize.n::a @ 41 (1157 bytes)
Event: 48.536 Thread 0x0000020b7af0d000 nmethod 18593% 0x0000020b6b6e1210 code [0x0000020b6b6e1600, 0x0000020b6b6e4078]
Event: 48.537 Thread 0x0000020b7af0d000 18720       4       com.android.tools.r8.s.b.s1::a (82 bytes)
Event: 48.540 Thread 0x0000020b7af0d000 nmethod 18720 0x0000020b6b6e6210 code [0x0000020b6b6e63c0, 0x0000020b6b6e64f8]
Event: 48.540 Thread 0x0000020b7af0d000 18718       4       com.android.tools.r8.s.b.q1::b0 (8 bytes)
Event: 48.542 Thread 0x0000020b7ac02800 nmethod 18730% 0x0000020b66051410 code [0x0000020b66052020, 0x0000020b6605b348]
Event: 48.542 Thread 0x0000020b7ac02800 18731       2       com.android.tools.r8.ir.conversion.O::a (3451 bytes)
Event: 48.546 Thread 0x0000020b7af0d000 nmethod 18718 0x0000020b6b6e6610 code [0x0000020b6b6e67e0, 0x0000020b6b6e6938]
Event: 48.546 Thread 0x0000020b7af0d000 18663       4       java.util.HashMap::containsKey (18 bytes)
Event: 48.554 Thread 0x0000020b7af0d000 nmethod 18663 0x0000020b6b6e6a90 code [0x0000020b6b6e6c40, 0x0000020b6b6e6ec8]
Event: 48.554 Thread 0x0000020b7af0d000 18688       4       java.util.ArrayDeque::contains (80 bytes)
Event: 48.559 Thread 0x0000020b7af0d000 nmethod 18688 0x0000020b6b6e7110 code [0x0000020b6b6e72c0, 0x0000020b6b6e7458]
Event: 48.559 Thread 0x0000020b7af0d000 18642       4       com.android.tools.r8.z.a.a.B::a (98 bytes)
Event: 48.582 Thread 0x0000020b7ac02800 nmethod 18731 0x0000020b6605dc10 code [0x0000020b6605edc0, 0x0000020b66063bb8]
Event: 48.583 Thread 0x0000020b7ac02800 18756       3       com.android.tools.r8.ir.regalloc.a::a (1761 bytes)

GC Heap History (20 events):
Event: 45.121 GC heap after
{Heap after GC invocations=62 (full 0):
 garbage-first heap   total 270336K, used 191281K [0x0000000080000000, 0x0000000100000000)
  region size 1024K, 6 young (6144K), 6 survivors (6144K)
 Metaspace       used 97468K, capacity 100817K, committed 101072K, reserved 1136640K
  class space    used 12544K, capacity 13834K, committed 13952K, reserved 1048576K
}
Event: 45.638 GC heap before
{Heap before GC invocations=62 (full 0):
 garbage-first heap   total 270336K, used 223025K [0x0000000080000000, 0x0000000100000000)
  region size 1024K, 38 young (38912K), 6 survivors (6144K)
 Metaspace       used 99577K, capacity 103143K, committed 103248K, reserved 1138688K
  class space    used 12868K, capacity 14234K, committed 14336K, reserved 1048576K
}
Event: 45.658 GC heap after
{Heap after GC invocations=63 (full 0):
 garbage-first heap   total 270336K, used 196059K [0x0000000080000000, 0x0000000100000000)
  region size 1024K, 4 young (4096K), 4 survivors (4096K)
 Metaspace       used 99577K, capacity 103143K, committed 103248K, reserved 1138688K
  class space    used 12868K, capacity 14234K, committed 14336K, reserved 1048576K
}
Event: 46.008 GC heap before
{Heap before GC invocations=63 (full 0):
 garbage-first heap   total 270336K, used 226779K [0x0000000080000000, 0x0000000100000000)
  region size 1024K, 35 young (35840K), 4 survivors (4096K)
 Metaspace       used 100088K, capacity 103628K, committed 103760K, reserved 1138688K
  class space    used 12925K, capacity 14290K, committed 14336K, reserved 1048576K
}
Event: 46.017 GC heap after
{Heap after GC invocations=64 (full 0):
 garbage-first heap   total 270336K, used 199203K [0x0000000080000000, 0x0000000100000000)
  region size 1024K, 5 young (5120K), 5 survivors (5120K)
 Metaspace       used 100088K, capacity 103628K, committed 103760K, reserved 1138688K
  class space    used 12925K, capacity 14290K, committed 14336K, reserved 1048576K
}
Event: 46.254 GC heap before
{Heap before GC invocations=64 (full 0):
 garbage-first heap   total 270336K, used 228899K [0x0000000080000000, 0x0000000100000000)
  region size 1024K, 34 young (34816K), 5 survivors (5120K)
 Metaspace       used 100506K, capacity 104095K, committed 104400K, reserved 1138688K
  class space    used 12963K, capacity 14338K, committed 14464K, reserved 1048576K
}
Event: 46.260 GC heap after
{Heap after GC invocations=65 (full 0):
 garbage-first heap   total 270336K, used 199459K [0x0000000080000000, 0x0000000100000000)
  region size 1024K, 3 young (3072K), 3 survivors (3072K)
 Metaspace       used 100506K, capacity 104095K, committed 104400K, reserved 1138688K
  class space    used 12963K, capacity 14338K, committed 14464K, reserved 1048576K
}
Event: 46.472 GC heap before
{Heap before GC invocations=65 (full 0):
 garbage-first heap   total 270336K, used 229155K [0x0000000080000000, 0x0000000100000000)
  region size 1024K, 33 young (33792K), 3 survivors (3072K)
 Metaspace       used 100774K, capacity 104361K, committed 104656K, reserved 1140736K
  class space    used 13016K, capacity 14384K, committed 14464K, reserved 1048576K
}
Event: 46.480 GC heap after
{Heap after GC invocations=66 (full 0):
 garbage-first heap   total 270336K, used 202163K [0x0000000080000000, 0x0000000100000000)
  region size 1024K, 5 young (5120K), 5 survivors (5120K)
 Metaspace       used 100774K, capacity 104361K, committed 104656K, reserved 1140736K
  class space    used 13016K, capacity 14384K, committed 14464K, reserved 1048576K
}
Event: 46.745 GC heap before
{Heap before GC invocations=66 (full 0):
 garbage-first heap   total 270336K, used 230835K [0x0000000080000000, 0x0000000100000000)
  region size 1024K, 34 young (34816K), 5 survivors (5120K)
 Metaspace       used 101218K, capacity 104790K, committed 104912K, reserved 1140736K
  class space    used 13061K, capacity 14436K, committed 14464K, reserved 1048576K
}
Event: 46.753 GC heap after
{Heap after GC invocations=67 (full 0):
 garbage-first heap   total 270336K, used 205764K [0x0000000080000000, 0x0000000100000000)
  region size 1024K, 5 young (5120K), 5 survivors (5120K)
 Metaspace       used 101218K, capacity 104790K, committed 104912K, reserved 1140736K
  class space    used 13061K, capacity 14436K, committed 14464K, reserved 1048576K
}
Event: 47.034 GC heap before
{Heap before GC invocations=67 (full 0):
 garbage-first heap   total 270336K, used 233412K [0x0000000080000000, 0x0000000100000000)
  region size 1024K, 32 young (32768K), 5 survivors (5120K)
 Metaspace       used 101712K, capacity 105393K, committed 105552K, reserved 1140736K
  class space    used 13121K, capacity 14529K, committed 14592K, reserved 1048576K
}
Event: 47.040 GC heap after
{Heap after GC invocations=68 (full 0):
 garbage-first heap   total 270336K, used 207800K [0x0000000080000000, 0x0000000100000000)
  region size 1024K, 3 young (3072K), 3 survivors (3072K)
 Metaspace       used 101712K, capacity 105393K, committed 105552K, reserved 1140736K
  class space    used 13121K, capacity 14529K, committed 14592K, reserved 1048576K
}
Event: 47.252 GC heap before
{Heap before GC invocations=68 (full 0):
 garbage-first heap   total 270336K, used 232376K [0x0000000080000000, 0x0000000100000000)
  region size 1024K, 27 young (27648K), 3 survivors (3072K)
 Metaspace       used 101998K, capacity 105687K, committed 105808K, reserved 1140736K
  class space    used 13153K, capacity 14582K, committed 14592K, reserved 1048576K
}
Event: 47.257 GC heap after
{Heap after GC invocations=69 (full 0):
 garbage-first heap   total 270336K, used 206100K [0x0000000080000000, 0x0000000100000000)
  region size 1024K, 3 young (3072K), 3 survivors (3072K)
 Metaspace       used 101998K, capacity 105687K, committed 105808K, reserved 1140736K
  class space    used 13153K, capacity 14582K, committed 14592K, reserved 1048576K
}
Event: 47.486 GC heap before
{Heap before GC invocations=69 (full 0):
 garbage-first heap   total 270336K, used 232724K [0x0000000080000000, 0x0000000100000000)
  region size 1024K, 30 young (30720K), 3 survivors (3072K)
 Metaspace       used 102125K, capacity 105890K, committed 106064K, reserved 1140736K
  class space    used 13155K, capacity 14584K, committed 14592K, reserved 1048576K
}
Event: 47.491 GC heap after
{Heap after GC invocations=70 (full 0):
 garbage-first heap   total 270336K, used 207060K [0x0000000080000000, 0x0000000100000000)
  region size 1024K, 3 young (3072K), 3 survivors (3072K)
 Metaspace       used 102125K, capacity 105890K, committed 106064K, reserved 1140736K
  class space    used 13155K, capacity 14584K, committed 14592K, reserved 1048576K
}
Event: 47.707 GC heap before
{Heap before GC invocations=70 (full 0):
 garbage-first heap   total 270336K, used 233684K [0x0000000080000000, 0x0000000100000000)
  region size 1024K, 30 young (30720K), 3 survivors (3072K)
 Metaspace       used 102320K, capacity 106030K, committed 106064K, reserved 1140736K
  class space    used 13155K, capacity 14584K, committed 14592K, reserved 1048576K
}
Event: 47.713 GC heap after
{Heap after GC invocations=71 (full 0):
 garbage-first heap   total 270336K, used 207307K [0x0000000080000000, 0x0000000100000000)
  region size 1024K, 2 young (2048K), 2 survivors (2048K)
 Metaspace       used 102320K, capacity 106030K, committed 106064K, reserved 1140736K
  class space    used 13155K, capacity 14584K, committed 14592K, reserved 1048576K
}
Event: 48.616 GC heap before
{Heap before GC invocations=71 (full 0):
 garbage-first heap   total 270336K, used 234955K [0x0000000080000000, 0x0000000100000000)
  region size 1024K, 29 young (29696K), 2 survivors (2048K)
 Metaspace       used 102846K, capacity 106572K, committed 106832K, reserved 1142784K
  class space    used 13172K, capacity 14586K, committed 14592K, reserved 1048576K
}

Deoptimization events (20 events):
Event: 48.480 Thread 0x0000020b7af02800 DEOPT PACKING pc=0x0000020b6b6d7768 sp=0x000000b7713fc570
Event: 48.480 Thread 0x0000020b7af02800 DEOPT UNPACKING pc=0x0000020b631278af sp=0x000000b7713fc4a8 mode 2
Event: 48.480 Thread 0x0000020b7af02800 Uncommon trap: trap_request=0xffffffc6 fr.pc=0x0000020b6b6d7768 relative=0x00000000000000a8
Event: 48.480 Thread 0x0000020b7af02800 Uncommon trap: reason=bimorphic_or_optimized_type_check action=maybe_recompile pc=0x0000020b6b6d7768 method=com.android.tools.r8.s.b.s1.a(Lcom/android/tools/r8/s/a/p/u;)Lcom/android/tools/r8/s/b/s1; @ 12 c2
Event: 48.481 Thread 0x0000020b7af02800 DEOPT PACKING pc=0x0000020b6b6d7768 sp=0x000000b7713fc520
Event: 48.481 Thread 0x0000020b7af02800 DEOPT UNPACKING pc=0x0000020b631278af sp=0x000000b7713fc458 mode 2
Event: 48.481 Thread 0x0000020b7af02800 Uncommon trap: trap_request=0xffffffc6 fr.pc=0x0000020b6b6d7768 relative=0x00000000000000a8
Event: 48.481 Thread 0x0000020b7af02800 Uncommon trap: reason=bimorphic_or_optimized_type_check action=maybe_recompile pc=0x0000020b6b6d7768 method=com.android.tools.r8.s.b.s1.a(Lcom/android/tools/r8/s/a/p/u;)Lcom/android/tools/r8/s/b/s1; @ 12 c2
Event: 48.481 Thread 0x0000020b7af02800 DEOPT PACKING pc=0x0000020b6b6d7768 sp=0x000000b7713fc570
Event: 48.481 Thread 0x0000020b7af02800 DEOPT UNPACKING pc=0x0000020b631278af sp=0x000000b7713fc4a8 mode 2
Event: 48.481 Thread 0x0000020b7af02800 Uncommon trap: trap_request=0xffffffc6 fr.pc=0x0000020b6b6d7768 relative=0x00000000000000a8
Event: 48.481 Thread 0x0000020b7af02800 Uncommon trap: reason=bimorphic_or_optimized_type_check action=maybe_recompile pc=0x0000020b6b6d7768 method=com.android.tools.r8.s.b.s1.a(Lcom/android/tools/r8/s/a/p/u;)Lcom/android/tools/r8/s/b/s1; @ 12 c2
Event: 48.481 Thread 0x0000020b7af02800 DEOPT PACKING pc=0x0000020b6b6d7768 sp=0x000000b7713fc520
Event: 48.481 Thread 0x0000020b7af02800 DEOPT UNPACKING pc=0x0000020b631278af sp=0x000000b7713fc458 mode 2
Event: 48.481 Thread 0x0000020b7af02800 Uncommon trap: trap_request=0xffffffc6 fr.pc=0x0000020b6b6d73c4 relative=0x0000000000000084
Event: 48.481 Thread 0x0000020b7af02800 Uncommon trap: reason=bimorphic_or_optimized_type_check action=maybe_recompile pc=0x0000020b6b6d73c4 method=com.android.tools.r8.s.b.s1.a(Lcom/android/tools/r8/s/a/p/u;)Lcom/android/tools/r8/s/b/s1; @ 12 c2
Event: 48.481 Thread 0x0000020b7af02800 DEOPT PACKING pc=0x0000020b6b6d73c4 sp=0x000000b7713fc4d0
Event: 48.481 Thread 0x0000020b7af02800 DEOPT UNPACKING pc=0x0000020b631278af sp=0x000000b7713fc470 mode 2
Event: 48.558 Thread 0x0000020b7af02800 DEOPT PACKING pc=0x0000020b65d3ec23 sp=0x000000b7713fc020
Event: 48.558 Thread 0x0000020b7af02800 DEOPT UNPACKING pc=0x0000020b631276ce sp=0x000000b7713fb7d0 mode 0

Classes redefined (0 events):
No events

Internal exceptions (20 events):
Event: 47.557 Thread 0x0000020b7af0c000 Exception <a 'sun/nio/fs/WindowsException'{0x000000008fb84848}> (0x000000008fb84848) thrown at [./src/hotspot/share/prims/jni.cpp, line 615]
Event: 47.558 Thread 0x0000020b7af05000 Exception <a 'sun/nio/fs/WindowsException'{0x000000008fb0efc0}> (0x000000008fb0efc0) thrown at [./src/hotspot/share/prims/jni.cpp, line 615]
Event: 47.561 Thread 0x0000020b7af0c000 Exception <a 'sun/nio/fs/WindowsException'{0x000000008fb8c990}> (0x000000008fb8c990) thrown at [./src/hotspot/share/prims/jni.cpp, line 615]
Event: 47.561 Thread 0x0000020b7af05000 Exception <a 'sun/nio/fs/WindowsException'{0x000000008fb17268}> (0x000000008fb17268) thrown at [./src/hotspot/share/prims/jni.cpp, line 615]
Event: 47.564 Thread 0x0000020b7af05000 Exception <a 'sun/nio/fs/WindowsException'{0x000000008fb1dda8}> (0x000000008fb1dda8) thrown at [./src/hotspot/share/prims/jni.cpp, line 615]
Event: 47.570 Thread 0x0000020b7af05000 Exception <a 'sun/nio/fs/WindowsException'{0x000000008fafdbe0}> (0x000000008fafdbe0) thrown at [./src/hotspot/share/prims/jni.cpp, line 615]
Event: 47.575 Thread 0x0000020b7af05000 Exception <a 'sun/nio/fs/WindowsException'{0x000000008f9ba5c0}> (0x000000008f9ba5c0) thrown at [./src/hotspot/share/prims/jni.cpp, line 615]
Event: 47.578 Thread 0x0000020b7af05000 Exception <a 'sun/nio/fs/WindowsException'{0x000000008f9c0f80}> (0x000000008f9c0f80) thrown at [./src/hotspot/share/prims/jni.cpp, line 615]
Event: 47.582 Thread 0x0000020b7af05000 Exception <a 'sun/nio/fs/WindowsException'{0x000000008f9c79e8}> (0x000000008f9c79e8) thrown at [./src/hotspot/share/prims/jni.cpp, line 615]
Event: 47.587 Thread 0x0000020b7af05000 Exception <a 'sun/nio/fs/WindowsException'{0x000000008f8f11a0}> (0x000000008f8f11a0) thrown at [./src/hotspot/share/prims/jni.cpp, line 615]
Event: 47.591 Thread 0x0000020b7af05000 Exception <a 'sun/nio/fs/WindowsException'{0x000000008f8f7c50}> (0x000000008f8f7c50) thrown at [./src/hotspot/share/prims/jni.cpp, line 615]
Event: 47.595 Thread 0x0000020b7af05000 Exception <a 'sun/nio/fs/WindowsException'{0x000000008f8ff7d8}> (0x000000008f8ff7d8) thrown at [./src/hotspot/share/prims/jni.cpp, line 615]
Event: 47.598 Thread 0x0000020b7af05000 Exception <a 'sun/nio/fs/WindowsException'{0x000000008f6464e0}> (0x000000008f6464e0) thrown at [./src/hotspot/share/prims/jni.cpp, line 615]
Event: 47.603 Thread 0x0000020b7af05000 Exception <a 'sun/nio/fs/WindowsException'{0x000000008f64e6a8}> (0x000000008f64e6a8) thrown at [./src/hotspot/share/prims/jni.cpp, line 615]
Event: 47.607 Thread 0x0000020b7af05000 Exception <a 'sun/nio/fs/WindowsException'{0x000000008f656a20}> (0x000000008f656a20) thrown at [./src/hotspot/share/prims/jni.cpp, line 615]
Event: 47.612 Thread 0x0000020b7af05000 Exception <a 'sun/nio/fs/WindowsException'{0x000000008f5f2908}> (0x000000008f5f2908) thrown at [./src/hotspot/share/prims/jni.cpp, line 615]
Event: 47.616 Thread 0x0000020b7af05000 Exception <a 'sun/nio/fs/WindowsException'{0x000000008f5f9d58}> (0x000000008f5f9d58) thrown at [./src/hotspot/share/prims/jni.cpp, line 615]
Event: 47.620 Thread 0x0000020b7af05000 Exception <a 'sun/nio/fs/WindowsException'{0x000000008f4d0760}> (0x000000008f4d0760) thrown at [./src/hotspot/share/prims/jni.cpp, line 615]
Event: 47.624 Thread 0x0000020b7af05000 Exception <a 'sun/nio/fs/WindowsException'{0x000000008f4d88e0}> (0x000000008f4d88e0) thrown at [./src/hotspot/share/prims/jni.cpp, line 615]
Event: 47.627 Thread 0x0000020b7af05000 Exception <a 'sun/nio/fs/WindowsException'{0x000000008f4e0348}> (0x000000008f4e0348) thrown at [./src/hotspot/share/prims/jni.cpp, line 615]

Events (20 events):
Event: 47.859 loading class com/android/tools/r8/q/a/a/b/Z1 done
Event: 47.859 loading class com/android/tools/r8/q/a/a/b/m2
Event: 47.859 loading class com/android/tools/r8/q/a/a/b/m2 done
Event: 47.860 loading class com/android/tools/r8/q/a/a/b/l2$a
Event: 47.860 loading class com/android/tools/r8/q/a/a/b/l2$a done
Event: 47.955 Executing VM operation: ICBufferFull
Event: 47.955 Executing VM operation: ICBufferFull done
Event: 48.148 Executing VM operation: RevokeBias
Event: 48.149 Executing VM operation: RevokeBias done
Event: 48.149 Executing VM operation: RevokeBias
Event: 48.149 Executing VM operation: RevokeBias done
Event: 48.175 loading class com/android/tools/r8/ir/optimize/n0
Event: 48.175 loading class com/android/tools/r8/ir/optimize/n0 done
Event: 48.177 loading class java/util/function/IntPredicate
Event: 48.177 loading class java/util/function/IntPredicate done
Event: 48.180 loading class com/android/tools/r8/t/a/a/a/f/F0
Event: 48.180 loading class com/android/tools/r8/t/a/a/a/f/F0 done
Event: 48.338 Executing VM operation: ICBufferFull
Event: 48.339 Executing VM operation: ICBufferFull done
Event: 48.615 Executing VM operation: G1CollectForAllocation


Dynamic libraries:
0x00007ff6b1a40000 - 0x00007ff6b1a4a000 	C:\Program Files\Android\Android Studio3\jre\bin\java.exe
0x00007ffae8900000 - 0x00007ffae8b0f000 	C:\WINDOWS\SYSTEM32\ntdll.dll
0x00007ffae7cf0000 - 0x00007ffae7dad000 	C:\WINDOWS\System32\KERNEL32.DLL
0x00007ffae62a0000 - 0x00007ffae6626000 	C:\WINDOWS\System32\KERNELBASE.dll
0x00007ffae6030000 - 0x00007ffae6141000 	C:\WINDOWS\System32\ucrtbase.dll
0x00007ffae34f0000 - 0x00007ffae3507000 	C:\Program Files\Android\Android Studio3\jre\bin\VCRUNTIME140.dll
0x00007ffae34d0000 - 0x00007ffae34e9000 	C:\Program Files\Android\Android Studio3\jre\bin\jli.dll
0x00007ffae72d0000 - 0x00007ffae747b000 	C:\WINDOWS\System32\USER32.dll
0x00007ffad3740000 - 0x00007ffad39e1000 	C:\WINDOWS\WinSxS\amd64_microsoft.windows.common-controls_6595b64144ccf1df_6.0.22468.1000_none_266f4f372a53a5e7\COMCTL32.dll
0x00007ffae6000000 - 0x00007ffae6026000 	C:\WINDOWS\System32\win32u.dll
0x00007ffae7580000 - 0x00007ffae7624000 	C:\WINDOWS\System32\msvcrt.dll
0x00007ffae7bb0000 - 0x00007ffae7bd9000 	C:\WINDOWS\System32\GDI32.dll
0x00007ffae5dd0000 - 0x00007ffae5ee7000 	C:\WINDOWS\System32\gdi32full.dll
0x00007ffae5f60000 - 0x00007ffae5ffb000 	C:\WINDOWS\System32\msvcp_win.dll
0x00007ffae7540000 - 0x00007ffae7571000 	C:\WINDOWS\System32\IMM32.DLL
0x00007ffad2d70000 - 0x00007ffad2e0d000 	C:\Program Files\Android\Android Studio3\jre\bin\msvcp140.dll
0x00007ffa81be0000 - 0x00007ffa826af000 	C:\Program Files\Android\Android Studio3\jre\bin\server\jvm.dll
0x00007ffae7810000 - 0x00007ffae78be000 	C:\WINDOWS\System32\ADVAPI32.dll
0x00007ffae7770000 - 0x00007ffae780f000 	C:\WINDOWS\System32\sechost.dll
0x00007ffae7a90000 - 0x00007ffae7bb0000 	C:\WINDOWS\System32\RPCRT4.dll
0x00007ffae7a50000 - 0x00007ffae7a58000 	C:\WINDOWS\System32\PSAPI.DLL
0x00007ffad0ef0000 - 0x00007ffad0ef9000 	C:\WINDOWS\SYSTEM32\WSOCK32.dll
0x00007ffadaa40000 - 0x00007ffadaa73000 	C:\WINDOWS\SYSTEM32\WINMM.dll
0x00007ffae7be0000 - 0x00007ffae7c51000 	C:\WINDOWS\System32\WS2_32.dll
0x00007ffae20c0000 - 0x00007ffae20ca000 	C:\WINDOWS\SYSTEM32\VERSION.dll
0x00007ffae4f90000 - 0x00007ffae4fa8000 	C:\WINDOWS\SYSTEM32\kernel.appcore.dll
0x00007ffae3740000 - 0x00007ffae3751000 	C:\Program Files\Android\Android Studio3\jre\bin\verify.dll
0x00007ffade2c0000 - 0x00007ffade4e7000 	C:\WINDOWS\SYSTEM32\DBGHELP.DLL
0x00007ffae6f50000 - 0x00007ffae72cc000 	C:\WINDOWS\System32\combase.dll
0x00007ffade280000 - 0x00007ffade2b1000 	C:\WINDOWS\SYSTEM32\dbgcore.DLL
0x00007ffae6150000 - 0x00007ffae61d1000 	C:\WINDOWS\System32\bcryptPrimitives.dll
0x00007ffae2f80000 - 0x00007ffae2fa9000 	C:\Program Files\Android\Android Studio3\jre\bin\java.dll
0x00007ffae36f0000 - 0x00007ffae36fb000 	C:\Program Files\Android\Android Studio3\jre\bin\jimage.dll
0x00007ffae3690000 - 0x00007ffae36a8000 	C:\Program Files\Android\Android Studio3\jre\bin\zip.dll
0x00007ffae67a0000 - 0x00007ffae6f4b000 	C:\WINDOWS\System32\SHELL32.dll
0x00007ffae3e30000 - 0x00007ffae468c000 	C:\WINDOWS\SYSTEM32\windows.storage.dll
0x00007ffae3cc0000 - 0x00007ffae3e28000 	C:\WINDOWS\SYSTEM32\wintypes.dll
0x00007ffae86e0000 - 0x00007ffae87d0000 	C:\WINDOWS\System32\SHCORE.dll
0x00007ffae7c90000 - 0x00007ffae7ceb000 	C:\WINDOWS\System32\shlwapi.dll
0x00007ffae5d00000 - 0x00007ffae5d21000 	C:\WINDOWS\SYSTEM32\profapi.dll
0x00007ffade230000 - 0x00007ffade24a000 	C:\Program Files\Android\Android Studio3\jre\bin\net.dll
0x00007ffadf020000 - 0x00007ffadf130000 	C:\WINDOWS\SYSTEM32\WINHTTP.dll
0x00007ffae53e0000 - 0x00007ffae5449000 	C:\WINDOWS\system32\mswsock.dll
0x00007ffade210000 - 0x00007ffade224000 	C:\Program Files\Android\Android Studio3\jre\bin\nio.dll
0x00007ffac53e0000 - 0x00007ffac5407000 	C:\Users\xpmkm\.gradle\native\f6784746aeab05261644944871eae4fe03e0ef1612fff0a4a95f87b438bc6780\windows-amd64\native-platform.dll
0x00007ffae3670000 - 0x00007ffae367a000 	C:\Program Files\Android\Android Studio3\jre\bin\management.dll
0x00007ffae2f70000 - 0x00007ffae2f7c000 	C:\Program Files\Android\Android Studio3\jre\bin\management_ext.dll
0x00007ffae5630000 - 0x00007ffae5648000 	C:\WINDOWS\SYSTEM32\CRYPTSP.dll
0x00007ffae4ef0000 - 0x00007ffae4f25000 	C:\WINDOWS\system32\rsaenh.dll
0x00007ffae54e0000 - 0x00007ffae5509000 	C:\WINDOWS\SYSTEM32\USERENV.dll
0x00007ffae57b0000 - 0x00007ffae57d8000 	C:\WINDOWS\SYSTEM32\bcrypt.dll
0x00007ffae5650000 - 0x00007ffae565c000 	C:\WINDOWS\SYSTEM32\CRYPTBASE.dll
0x00007ffae4970000 - 0x00007ffae499d000 	C:\WINDOWS\SYSTEM32\IPHLPAPI.DLL
0x00007ffae7a60000 - 0x00007ffae7a69000 	C:\WINDOWS\System32\NSI.dll
0x00007ffae3130000 - 0x00007ffae3149000 	C:\WINDOWS\SYSTEM32\dhcpcsvc6.DLL
0x00007ffae3110000 - 0x00007ffae312e000 	C:\WINDOWS\SYSTEM32\dhcpcsvc.DLL
0x00007ffae49a0000 - 0x00007ffae4a91000 	C:\WINDOWS\SYSTEM32\DNSAPI.dll
0x00007ffae31c0000 - 0x00007ffae31cc000 	C:\WINDOWS\SYSTEM32\WINNSI.DLL

dbghelp: loaded successfully - version: 4.0.5 - missing functions: none
symbol engine: initialized successfully - sym options: 0x614 - pdb path: .;C:\Program Files\Android\Android Studio3\jre\bin;C:\WINDOWS\SYSTEM32;C:\WINDOWS\WinSxS\amd64_microsoft.windows.common-controls_6595b64144ccf1df_6.0.22468.1000_none_266f4f372a53a5e7;C:\Program Files\Android\Android Studio3\jre\bin\server;C:\Users\xpmkm\.gradle\native\f6784746aeab05261644944871eae4fe03e0ef1612fff0a4a95f87b438bc6780\windows-amd64

VM Arguments:
jvm_args: --add-opens=java.base/java.util=ALL-UNNAMED --add-opens=java.base/java.lang=ALL-UNNAMED --add-opens=java.base/java.lang.invoke=ALL-UNNAMED --add-opens=java.prefs/java.util.prefs=ALL-UNNAMED -Xmx2048m -Dfile.encoding=UTF-8 -Duser.country=IN -Duser.language=en -Duser.variant 
java_command: org.gradle.launcher.daemon.bootstrap.GradleDaemon 6.5
java_class_path (initial): C:\Users\xpmkm\.gradle\wrapper\dists\gradle-6.5-bin\6nifqtx7604sqp1q6g8wikw7p\gradle-6.5\lib\gradle-launcher-6.5.jar
Launcher Type: SUN_STANDARD

[Global flags]
     intx CICompilerCount                          = 4                                         {product} {ergonomic}
     uint ConcGCThreads                            = 2                                         {product} {ergonomic}
     uint G1ConcRefinementThreads                  = 8                                         {product} {ergonomic}
   size_t G1HeapRegionSize                         = 1048576                                   {product} {ergonomic}
    uintx GCDrainStackTargetSize                   = 64                                        {product} {ergonomic}
   size_t InitialHeapSize                          = 132120576                                 {product} {ergonomic}
   size_t MarkStackSize                            = 4194304                                   {product} {ergonomic}
   size_t MaxHeapSize                              = 2147483648                                {product} {command line}
   size_t MaxNewSize                               = 1287651328                                {product} {ergonomic}
   size_t MinHeapDeltaBytes                        = 1048576                                   {product} {ergonomic}
    uintx NonNMethodCodeHeapSize                   = 5836300                                {pd product} {ergonomic}
    uintx NonProfiledCodeHeapSize                  = 122910970                              {pd product} {ergonomic}
    uintx ProfiledCodeHeapSize                     = 122910970                              {pd product} {ergonomic}
    uintx ReservedCodeCacheSize                    = 251658240                              {pd product} {ergonomic}
     bool SegmentedCodeCache                       = true                                      {product} {ergonomic}
     bool UseCompressedClassPointers               = true                                 {lp64_product} {ergonomic}
     bool UseCompressedOops                        = true                                 {lp64_product} {ergonomic}
     bool UseG1GC                                  = true                                      {product} {ergonomic}
     bool UseLargePagesIndividualAllocation        = false                                  {pd product} {ergonomic}

Logging:
Log output configuration:
 #0: stdout all=warning uptime,level,tags
 #1: stderr all=off uptime,level,tags

Environment Variables:
PATH=C:\Program Files (x86)\Common Files\Oracle\Java\javapath;C:\WINDOWS\system32;C:\WINDOWS;C:\WINDOWS\System32\Wbem;C:\WINDOWS\System32\WindowsPowerShell\v1.0\;C:\WINDOWS\System32\OpenSSH\;C:\Program Files\Git\cmd;C:\Program Files\nodejs\;C:\xampp\php;C:\ProgramData\ComposerSetup\bin;C:\Users\xpmkm\AppData\Local\Android\Sdk\platform-tools;C:\Program Files\Java\jdk1.8.0_231\bin;C:\Program Files\opnsl\bin;C:\Users\xpmkm\AppData\Roaming\npm;C:\Users\xpmkm\AppData\Local\Programs\Microsoft VS Code\bin;C:\Program Files\flutter\bin;C:\Users\xpmkm\AppData\Roaming\Composer\vendor\bin;C:\Users\xpmkm\AppData\Local\Microsoft\WindowsApps;
USERNAME=xpmkm
OS=Windows_NT
PROCESSOR_IDENTIFIER=AMD64 Family 23 Model 24 Stepping 1, AuthenticAMD



---------------  S Y S T E M  ---------------

OS: Windows 10 , 64 bit Build 22468 (10.0.22468.1000)
OS uptime: 0 days 19:31 hours

CPU:total 8 (initial active 8) (8 cores per cpu, 2 threads per core) family 23 model 24 stepping 1 microcode 0x0, cmov, cx8, fxsr, mmx, sse, sse2, sse3, ssse3, sse4.1, sse4.2, popcnt, avx, avx2, aes, clmul, mmxext, 3dnowpref, lzcnt, sse4a, ht, tsc, tscinvbit, tscinv, bmi1, bmi2, adx, s

Memory: 4k page, system-wide physical 8002M (733M free)
TotalPageFile size 12098M (AvailPageFile size 31M)
current process WorkingSet (physical memory assigned to process): 614M, peak: 621M
current process commit charge ("private bytes"): 651M, peak: 703M

vm_info: OpenJDK 64-Bit Server VM (11.0.10+0-b96-7249189) for windows-amd64 JRE (11.0.10+0-b96-7249189), built on Mar 31 2021 21:44:00 by "builder" with MS VC++ 14.0 (VS2015)

END.
