#
# There is insufficient memory for the Java Runtime Environment to continue.
# Native memory allocation (malloc) failed to allocate 1369936 bytes for Chunk::new
# Possible reasons:
#   The system is out of physical RAM or swap space
#   The process is running with CompressedOops enabled, and the Java Heap may be blocking the growth of the native heap
# Possible solutions:
#   Reduce memory load on the system
#   Increase physical memory or swap space
#   Check if swap backing store is full
#   Decrease Java heap size (-Xmx/-Xms)
#   Decrease number of Java threads
#   Decrease Java thread stack sizes (-Xss)
#   Set larger code cache with -XX:ReservedCodeCacheSize=
#   JVM is running with Unscaled Compressed Oops mode in which the Java heap is
#     placed in the first 4GB address space. The Java Heap base address is the
#     maximum limit for the native heap growth. Please use -XX:HeapBaseMinAddress
#     to set the Java Heap base and to place the Java Heap above 4GB virtual address.
# This output file may be truncated or incomplete.
#
#  Out of Memory Error (./src/hotspot/share/memory/arena.cpp:197), pid=1456, tid=8380
#
# JRE version: OpenJDK Runtime Environment (11.0.10) (build 11.0.10+0-b96-7249189)
# Java VM: OpenJDK 64-Bit Server VM (11.0.10+0-b96-7249189, mixed mode, tiered, compressed oops, g1 gc, windows-amd64)
# No core dump will be written. Minidumps are not enabled by default on client versions of Windows
#

---------------  S U M M A R Y ------------

Command Line: --add-opens=java.base/java.util=ALL-UNNAMED --add-opens=java.base/java.lang=ALL-UNNAMED --add-opens=java.base/java.lang.invoke=ALL-UNNAMED --add-opens=java.base/java.util=ALL-UNNAMED --add-opens=java.prefs/java.util.prefs=ALL-UNNAMED --add-opens=java.prefs/java.util.prefs=ALL-UNNAMED --add-opens=java.base/java.nio.charset=ALL-UNNAMED --add-opens=java.base/java.net=ALL-UNNAMED --add-opens=java.base/java.util.concurrent.atomic=ALL-UNNAMED -Xmx2048m -Dfile.encoding=UTF-8 -Duser.country=IN -Duser.language=en -Duser.variant org.gradle.launcher.daemon.bootstrap.GradleDaemon 7.0.2

Host: AMD Ryzen 5 3550H with Radeon Vega Mobile Gfx  , 8 cores, 7G,  Windows 10 , 64 bit Build 22471 (10.0.22471.1000)
Time: Fri Oct  8 13:10:28 2021 India Standard Time elapsed time: 7.949293 seconds (0d 0h 0m 7s)

---------------  T H R E A D  ---------------

Current thread (0x000001ae7d1c4000):  JavaThread "C2 CompilerThread0" daemon [_thread_in_native, id=8380, stack(0x000000615e700000,0x000000615e800000)]


Current CompileTask:
C2:   7949 5802   !   4       java.util.jar.Attributes::read (390 bytes)

Stack: [0x000000615e700000,0x000000615e800000]
Native frames: (J=compiled Java code, j=interpreted, Vv=VM code, C=native code)
V  [jvm.dll+0x5ecfaa]
V  [jvm.dll+0x722bd5]
V  [jvm.dll+0x72412d]
V  [jvm.dll+0x7247e3]
V  [jvm.dll+0x242928]
V  [jvm.dll+0xbc4fc]
V  [jvm.dll+0xbca0c]
V  [jvm.dll+0x352d7d]
V  [jvm.dll+0x320ad3]
V  [jvm.dll+0x31ffca]
V  [jvm.dll+0x1fb602]
V  [jvm.dll+0x1fa7f4]
V  [jvm.dll+0x18354c]
V  [jvm.dll+0x208ee7]
V  [jvm.dll+0x207731]
V  [jvm.dll+0x6eb1cf]
V  [jvm.dll+0x6e3d45]
V  [jvm.dll+0x5ebe96]
C  [ucrtbase.dll+0x293cc]
C  [KERNEL32.DLL+0x16ab0]
C  [ntdll.dll+0x5c44b]


---------------  P R O C E S S  ---------------

Threads class SMR info:
_java_thread_list=0x000001ae0fdefb20, length=51, elements={
0x000001ae714b3800, 0x000001ae7c951800, 0x000001ae7c954800, 0x000001ae7d1b6800,
0x000001ae7d1b8000, 0x000001ae7d1b9000, 0x000001ae7d1c4000, 0x000001ae7d1c8800,
0x000001ae7d1ca800, 0x000001ae7d339800, 0x000001ae7eac3800, 0x000001ae7d4fa800,
0x000001ae7f203800, 0x000001ae7ece9000, 0x000001ae7f3a4000, 0x000001ae7df6c000,
0x000001ae7fb97000, 0x000001ae7e44e000, 0x000001ae7e652800, 0x000001ae0f504000,
0x000001ae0f503000, 0x000001ae0f506800, 0x000001ae0f507000, 0x000001ae7ddeb000,
0x000001ae0f505800, 0x000001ae0f508000, 0x000001ae0f509000, 0x000001ae0f505000,
0x000001ae0f509800, 0x000001ae11785000, 0x000001ae11783800, 0x000001ae11786800,
0x000001ae11782000, 0x000001ae11784000, 0x000001ae1178b000, 0x000001ae11788800,
0x000001ae11789000, 0x000001ae1178a000, 0x000001ae1178b800, 0x000001ae11786000,
0x000001ae1178d000, 0x000001ae1178c800, 0x000001ae1178e000, 0x000001ae1178f000,
0x000001ae1178f800, 0x000001ae11790800, 0x000001ae13335800, 0x000001ae13331800,
0x000001ae13337000, 0x000001ae13336800, 0x000001ae13332800
}

Java Threads: ( => current thread )
  0x000001ae714b3800 JavaThread "main" [_thread_blocked, id=308, stack(0x000000615db00000,0x000000615dc00000)]
  0x000001ae7c951800 JavaThread "Reference Handler" daemon [_thread_blocked, id=4452, stack(0x000000615e200000,0x000000615e300000)]
  0x000001ae7c954800 JavaThread "Finalizer" daemon [_thread_blocked, id=6460, stack(0x000000615e300000,0x000000615e400000)]
  0x000001ae7d1b6800 JavaThread "Signal Dispatcher" daemon [_thread_blocked, id=12244, stack(0x000000615e400000,0x000000615e500000)]
  0x000001ae7d1b8000 JavaThread "Attach Listener" daemon [_thread_blocked, id=11244, stack(0x000000615e500000,0x000000615e600000)]
  0x000001ae7d1b9000 JavaThread "Service Thread" daemon [_thread_blocked, id=7368, stack(0x000000615e600000,0x000000615e700000)]
=>0x000001ae7d1c4000 JavaThread "C2 CompilerThread0" daemon [_thread_in_native, id=8380, stack(0x000000615e700000,0x000000615e800000)]
  0x000001ae7d1c8800 JavaThread "C1 CompilerThread0" daemon [_thread_blocked, id=15448, stack(0x000000615e800000,0x000000615e900000)]
  0x000001ae7d1ca800 JavaThread "Sweeper thread" daemon [_thread_blocked, id=6324, stack(0x000000615e900000,0x000000615ea00000)]
  0x000001ae7d339800 JavaThread "Common-Cleaner" daemon [_thread_blocked, id=12804, stack(0x000000615ea00000,0x000000615eb00000)]
  0x000001ae7eac3800 JavaThread "Daemon health stats" [_thread_blocked, id=12656, stack(0x000000615f000000,0x000000615f100000)]
  0x000001ae7d4fa800 JavaThread "Incoming local TCP Connector on port 62678" [_thread_in_native, id=9912, stack(0x000000615ec00000,0x000000615ed00000)]
  0x000001ae7f203800 JavaThread "Daemon periodic checks" [_thread_blocked, id=2064, stack(0x000000615ef00000,0x000000615f000000)]
  0x000001ae7ece9000 JavaThread "Daemon" [_thread_blocked, id=2504, stack(0x000000615f100000,0x000000615f200000)]
  0x000001ae7f3a4000 JavaThread "Handler for socket connection from /127.0.0.1:62678 to /127.0.0.1:62679" [_thread_in_native, id=14328, stack(0x000000615f200000,0x000000615f300000)]
  0x000001ae7df6c000 JavaThread "Cancel handler" [_thread_blocked, id=7904, stack(0x000000615f300000,0x000000615f400000)]
  0x000001ae7fb97000 JavaThread "Daemon worker" [_thread_in_Java, id=12116, stack(0x000000615f400000,0x000000615f500000)]
  0x000001ae7e44e000 JavaThread "Asynchronous log dispatcher for DefaultDaemonConnection: socket connection from /127.0.0.1:62678 to /127.0.0.1:62679" [_thread_blocked, id=12260, stack(0x000000615f500000,0x000000615f600000)]
  0x000001ae7e652800 JavaThread "Stdin handler" [_thread_blocked, id=15524, stack(0x000000615f600000,0x000000615f700000)]
  0x000001ae0f504000 JavaThread "Daemon client event forwarder" [_thread_blocked, id=9984, stack(0x000000615f700000,0x000000615f800000)]
  0x000001ae0f503000 JavaThread "Cache worker for file hash cache (C:\Users\xpmkm\.gradle\caches\7.0.2\fileHashes)" [_thread_blocked, id=16072, stack(0x000000615fd00000,0x000000615fe00000)]
  0x000001ae0f506800 JavaThread "File lock request listener" [_thread_in_native, id=6188, stack(0x000000615fe00000,0x000000615ff00000)]
  0x000001ae0f507000 JavaThread "Cache worker for journal cache (C:\Users\xpmkm\.gradle\caches\journal-1)" [_thread_blocked, id=15192, stack(0x0000006160000000,0x0000006160100000)]
  0x000001ae7ddeb000 JavaThread "C2 CompilerThread1" daemon [_thread_in_native, id=10008, stack(0x0000006160100000,0x0000006160200000)]
  0x000001ae0f505800 JavaThread "Cache worker for file hash cache (C:\Users\xpmkm\Desktop\update_code_vezilla-server\codecanyon-L2GSbXtH-dairy-products-grocery-daily-milk-delivery-mobile-app-with-subscription-customer-app-delivery\test-vezilla-android-workspace\.gradle\7.0.2\fileHashes)" [_thread_blocked, id=13736, stack(0x0000006160200000,0x0000006160300000)]
  0x000001ae0f508000 JavaThread "File watcher server" daemon [_thread_in_native, id=804, stack(0x0000006160300000,0x0000006160400000)]
  0x000001ae0f509000 JavaThread "File watcher consumer" daemon [_thread_blocked, id=14388, stack(0x0000006160400000,0x0000006160500000)]
  0x000001ae0f505000 JavaThread "Cache worker for checksums cache (C:\Users\xpmkm\Desktop\update_code_vezilla-server\codecanyon-L2GSbXtH-dairy-products-grocery-daily-milk-delivery-mobile-app-with-subscription-customer-app-delivery\test-vezilla-android-workspace\.gradle\checksums)" [_thread_blocked, id=1660, stack(0x0000006160500000,0x0000006160600000)]
  0x000001ae0f509800 JavaThread "Cache worker for cache directory md-supplier (C:\Users\xpmkm\.gradle\caches\7.0.2\md-supplier)" [_thread_blocked, id=7084, stack(0x0000006160600000,0x0000006160700000)]
  0x000001ae11785000 JavaThread "Cache worker for cache directory md-rule (C:\Users\xpmkm\.gradle\caches\7.0.2\md-rule)" [_thread_blocked, id=13800, stack(0x0000006160700000,0x0000006160800000)]
  0x000001ae11783800 JavaThread "Cache worker for execution history cache (C:\Users\xpmkm\.gradle\caches\7.0.2\executionHistory)" [_thread_blocked, id=3268, stack(0x0000006160800000,0x0000006160900000)]
  0x000001ae11786800 JavaThread "jar transforms" [_thread_blocked, id=8776, stack(0x0000006160900000,0x0000006160a00000)]
  0x000001ae11782000 JavaThread "jar transforms Thread 2" [_thread_blocked, id=6860, stack(0x0000006160a00000,0x0000006160b00000)]
  0x000001ae11784000 JavaThread "Cache worker for file content cache (C:\Users\xpmkm\.gradle\caches\7.0.2\fileContent)" [_thread_blocked, id=14820, stack(0x0000006160b00000,0x0000006160c00000)]
  0x000001ae1178b000 JavaThread "Cache worker for dependencies-accessors (C:\Users\xpmkm\Desktop\update_code_vezilla-server\codecanyon-L2GSbXtH-dairy-products-grocery-daily-milk-delivery-mobile-app-with-subscription-customer-app-delivery\test-vezilla-android-workspace\.gradle\7.0.2\dependencies-accessors)" [_thread_blocked, id=13372, stack(0x0000006160c00000,0x0000006160d00000)]
  0x000001ae11788800 JavaThread "jar transforms Thread 3" [_thread_blocked, id=2100, stack(0x0000006160d00000,0x0000006160e00000)]
  0x000001ae11789000 JavaThread "Cache worker for Build Output Cleanup Cache (C:\Users\xpmkm\Desktop\update_code_vezilla-server\codecanyon-L2GSbXtH-dairy-products-grocery-daily-milk-delivery-mobile-app-with-subscription-customer-app-delivery\test-vezilla-android-workspace\.gradle\buildOutputCleanup)" [_thread_blocked, id=4424, stack(0x0000006160e00000,0x0000006160f00000)]
  0x000001ae1178a000 JavaThread "Build operations" [_thread_blocked, id=14192, stack(0x0000006160f00000,0x0000006161000000)]
  0x000001ae1178b800 JavaThread "Build operations Thread 2" [_thread_blocked, id=14764, stack(0x0000006161000000,0x0000006161100000)]
  0x000001ae11786000 JavaThread "Build operations Thread 3" [_thread_blocked, id=12296, stack(0x0000006161100000,0x0000006161200000)]
  0x000001ae1178d000 JavaThread "Build operations Thread 4" [_thread_blocked, id=16016, stack(0x0000006161200000,0x0000006161300000)]
  0x000001ae1178c800 JavaThread "Build operations Thread 5" [_thread_blocked, id=15704, stack(0x0000006161300000,0x0000006161400000)]
  0x000001ae1178e000 JavaThread "Build operations Thread 6" [_thread_blocked, id=15584, stack(0x0000006161400000,0x0000006161500000)]
  0x000001ae1178f000 JavaThread "Build operations Thread 7" [_thread_blocked, id=10924, stack(0x0000006161500000,0x0000006161600000)]
  0x000001ae1178f800 JavaThread "Build operations Thread 8" [_thread_blocked, id=8408, stack(0x0000006161600000,0x0000006161700000)]
  0x000001ae11790800 JavaThread "jar transforms Thread 4" [_thread_blocked, id=13732, stack(0x0000006161700000,0x0000006161800000)]
  0x000001ae13335800 JavaThread "jar transforms Thread 5" [_thread_blocked, id=9356, stack(0x0000006161800000,0x0000006161900000)]
  0x000001ae13331800 JavaThread "jar transforms Thread 6" [_thread_blocked, id=13456, stack(0x0000006161900000,0x0000006161a00000)]
  0x000001ae13337000 JavaThread "jar transforms Thread 7" [_thread_blocked, id=11128, stack(0x0000006161a00000,0x0000006161b00000)]
  0x000001ae13336800 JavaThread "jar transforms Thread 8" [_thread_blocked, id=14468, stack(0x0000006161b00000,0x0000006161c00000)]
  0x000001ae13332800 JavaThread "Memory manager" [_thread_blocked, id=4828, stack(0x0000006161c00000,0x0000006161d00000)]

Other Threads:
  0x000001ae7c94f800 VMThread "VM Thread" [stack: 0x000000615e100000,0x000000615e200000] [id=7452]
  0x000001ae7d36c000 WatcherThread [stack: 0x000000615eb00000,0x000000615ec00000] [id=6812]
  0x000001ae714ce000 GCTaskThread "GC Thread#0" [stack: 0x000000615dc00000,0x000000615dd00000] [id=8740]
  0x000001ae7dfc0800 GCTaskThread "GC Thread#1" [stack: 0x000000615ed00000,0x000000615ee00000] [id=12264]
  0x000001ae7da09800 GCTaskThread "GC Thread#2" [stack: 0x000000615ee00000,0x000000615ef00000] [id=15548]
  0x000001ae7f29f800 GCTaskThread "GC Thread#3" [stack: 0x000000615f800000,0x000000615f900000] [id=9280]
  0x000001ae7ee0a800 GCTaskThread "GC Thread#4" [stack: 0x000000615f900000,0x000000615fa00000] [id=15040]
  0x000001ae7e76d000 GCTaskThread "GC Thread#5" [stack: 0x000000615fa00000,0x000000615fb00000] [id=11352]
  0x000001ae7ede7000 GCTaskThread "GC Thread#6" [stack: 0x000000615fb00000,0x000000615fc00000] [id=4664]
  0x000001ae7fa7c000 GCTaskThread "GC Thread#7" [stack: 0x000000615fc00000,0x000000615fd00000] [id=14392]
  0x000001ae714ff000 ConcurrentGCThread "G1 Main Marker" [stack: 0x000000615dd00000,0x000000615de00000] [id=7420]
  0x000001ae71500800 ConcurrentGCThread "G1 Conc#0" [stack: 0x000000615de00000,0x000000615df00000] [id=16256]
  0x000001ae7eb90000 ConcurrentGCThread "G1 Conc#1" [stack: 0x000000615ff00000,0x0000006160000000] [id=15128]
  0x000001ae7158e000 ConcurrentGCThread "G1 Refine#0" [stack: 0x000000615df00000,0x000000615e000000] [id=8204]
  0x000001ae7c7a2800 ConcurrentGCThread "G1 Young RemSet Sampling" [stack: 0x000000615e000000,0x000000615e100000] [id=10208]

Threads with active compile tasks:
C2 CompilerThread0   7969 5802   !   4       java.util.jar.Attributes::read (390 bytes)
C2 CompilerThread1   7969 5673       4       org.objectweb.asm.SymbolTable::addConstantMemberReference (147 bytes)

VM state:not at safepoint (normal execution)

VM Mutex/Monitor currently owned by a thread: None

Heap address: 0x0000000080000000, size: 2048 MB, Compressed Oops mode: 32-bit
Narrow klass base: 0x0000000000000000, Narrow klass shift: 3
Compressed class space size: 1073741824 Address: 0x0000000100000000

Heap:
 garbage-first heap   total 187392K, used 63283K [0x0000000080000000, 0x0000000100000000)
  region size 1024K, 22 young (22528K), 4 survivors (4096K)
 Metaspace       used 59946K, capacity 61636K, committed 62080K, reserved 1103872K
  class space    used 7592K, capacity 8251K, committed 8396K, reserved 1048576K
Heap Regions: E=young(eden), S=young(survivor), O=old, HS=humongous(starts), HC=humongous(continues), CS=collection set, F=free, A=archive, TAMS=top-at-mark-start (previous, next)
|   0|0x0000000080000000, 0x0000000080100000, 0x0000000080100000|100%| O|  |TAMS 0x0000000080100000, 0x0000000080000000| Untracked 
|   1|0x0000000080100000, 0x0000000080200000, 0x0000000080200000|100%| O|  |TAMS 0x0000000080200000, 0x0000000080100000| Untracked 
|   2|0x0000000080200000, 0x0000000080300000, 0x0000000080300000|100%| O|  |TAMS 0x0000000080300000, 0x0000000080200000| Untracked 
|   3|0x0000000080300000, 0x0000000080400000, 0x0000000080400000|100%|HS|  |TAMS 0x0000000080400000, 0x0000000080300000| Complete 
|   4|0x0000000080400000, 0x0000000080500000, 0x0000000080500000|100%|HC|  |TAMS 0x0000000080500000, 0x0000000080400000| Complete 
|   5|0x0000000080500000, 0x0000000080600000, 0x0000000080600000|100%|HC|  |TAMS 0x0000000080600000, 0x0000000080500000| Complete 
|   6|0x0000000080600000, 0x0000000080700000, 0x0000000080700000|100%| O|  |TAMS 0x0000000080700000, 0x0000000080600000| Untracked 
|   7|0x0000000080700000, 0x0000000080800000, 0x0000000080800000|100%| O|  |TAMS 0x0000000080800000, 0x0000000080700000| Untracked 
|   8|0x0000000080800000, 0x0000000080900000, 0x0000000080900000|100%| O|  |TAMS 0x0000000080900000, 0x0000000080800000| Untracked 
|   9|0x0000000080900000, 0x0000000080a00000, 0x0000000080a00000|100%| O|  |TAMS 0x0000000080a00000, 0x0000000080900000| Untracked 
|  10|0x0000000080a00000, 0x0000000080b00000, 0x0000000080b00000|100%| O|  |TAMS 0x0000000080b00000, 0x0000000080a00000| Untracked 
|  11|0x0000000080b00000, 0x0000000080c00000, 0x0000000080c00000|100%| O|  |TAMS 0x0000000080c00000, 0x0000000080b00000| Untracked 
|  12|0x0000000080c00000, 0x0000000080d00000, 0x0000000080d00000|100%| O|  |TAMS 0x0000000080d00000, 0x0000000080c00000| Untracked 
|  13|0x0000000080d00000, 0x0000000080e00000, 0x0000000080e00000|100%| O|  |TAMS 0x0000000080e00000, 0x0000000080d00000| Untracked 
|  14|0x0000000080e00000, 0x0000000080f00000, 0x0000000080f00000|100%| O|  |TAMS 0x0000000080f00000, 0x0000000080e00000| Untracked 
|  15|0x0000000080f00000, 0x0000000081000000, 0x0000000081000000|100%| O|  |TAMS 0x0000000081000000, 0x0000000080f00000| Untracked 
|  16|0x0000000081000000, 0x0000000081100000, 0x0000000081100000|100%| O|  |TAMS 0x0000000081100000, 0x0000000081000000| Untracked 
|  17|0x0000000081100000, 0x0000000081200000, 0x0000000081200000|100%| O|  |TAMS 0x0000000081200000, 0x0000000081100000| Untracked 
|  18|0x0000000081200000, 0x0000000081300000, 0x0000000081300000|100%| O|  |TAMS 0x0000000081300000, 0x0000000081200000| Untracked 
|  19|0x0000000081300000, 0x0000000081400000, 0x0000000081400000|100%|HS|  |TAMS 0x0000000081400000, 0x0000000081300000| Complete 
|  20|0x0000000081400000, 0x0000000081500000, 0x0000000081500000|100%| O|  |TAMS 0x0000000081500000, 0x0000000081400000| Untracked 
|  21|0x0000000081500000, 0x0000000081600000, 0x0000000081600000|100%| O|  |TAMS 0x0000000081600000, 0x0000000081500000| Untracked 
|  22|0x0000000081600000, 0x0000000081700000, 0x0000000081700000|100%| O|  |TAMS 0x0000000081700000, 0x0000000081600000| Untracked 
|  23|0x0000000081700000, 0x0000000081800000, 0x0000000081800000|100%|HS|  |TAMS 0x0000000081800000, 0x0000000081700000| Complete 
|  24|0x0000000081800000, 0x0000000081900000, 0x0000000081900000|100%|HS|  |TAMS 0x0000000081900000, 0x0000000081800000| Complete 
|  25|0x0000000081900000, 0x0000000081a00000, 0x0000000081a00000|100%|HC|  |TAMS 0x0000000081a00000, 0x0000000081900000| Complete 
|  26|0x0000000081a00000, 0x0000000081b00000, 0x0000000081b00000|100%| O|  |TAMS 0x0000000081b00000, 0x0000000081a00000| Untracked 
|  27|0x0000000081b00000, 0x0000000081c00000, 0x0000000081c00000|100%| O|  |TAMS 0x0000000081c00000, 0x0000000081b00000| Untracked 
|  28|0x0000000081c00000, 0x0000000081d00000, 0x0000000081d00000|100%| O|  |TAMS 0x0000000081d00000, 0x0000000081c00000| Untracked 
|  29|0x0000000081d00000, 0x0000000081e00000, 0x0000000081e00000|100%| O|  |TAMS 0x0000000081e00000, 0x0000000081d00000| Untracked 
|  30|0x0000000081e00000, 0x0000000081f00000, 0x0000000081f00000|100%| O|  |TAMS 0x0000000081f00000, 0x0000000081e00000| Untracked 
|  31|0x0000000081f00000, 0x0000000082000000, 0x0000000082000000|100%| O|  |TAMS 0x0000000082000000, 0x0000000081f00000| Untracked 
|  32|0x0000000082000000, 0x0000000082100000, 0x0000000082100000|100%| O|  |TAMS 0x0000000082100000, 0x0000000082000000| Untracked 
|  33|0x0000000082100000, 0x0000000082200000, 0x0000000082200000|100%| O|  |TAMS 0x0000000082200000, 0x0000000082100000| Untracked 
|  34|0x0000000082200000, 0x0000000082300000, 0x0000000082300000|100%| O|  |TAMS 0x0000000082300000, 0x0000000082200000| Untracked 
|  35|0x0000000082300000, 0x0000000082400000, 0x0000000082400000|100%| O|  |TAMS 0x0000000082400000, 0x0000000082300000| Untracked 
|  36|0x0000000082400000, 0x0000000082500000, 0x0000000082500000|100%| O|  |TAMS 0x0000000082500000, 0x0000000082400000| Untracked 
|  37|0x0000000082500000, 0x0000000082600000, 0x0000000082600000|100%| O|  |TAMS 0x0000000082600000, 0x0000000082500000| Untracked 
|  38|0x0000000082600000, 0x0000000082700000, 0x0000000082700000|100%| O|  |TAMS 0x0000000082700000, 0x0000000082600000| Untracked 
|  39|0x0000000082700000, 0x0000000082800000, 0x0000000082800000|100%| O|  |TAMS 0x0000000082800000, 0x0000000082700000| Untracked 
|  40|0x0000000082800000, 0x0000000082900000, 0x0000000082900000|100%| O|  |TAMS 0x0000000082900000, 0x0000000082800000| Untracked 
|  41|0x0000000082900000, 0x0000000082a00000, 0x0000000082a00000|100%| O|  |TAMS 0x0000000082a00000, 0x0000000082900000| Untracked 
|  42|0x0000000082a00000, 0x0000000082a8e600, 0x0000000082b00000| 55%| O|  |TAMS 0x0000000082a8e600, 0x0000000082a00000| Untracked 
|  43|0x0000000082b00000, 0x0000000082b00000, 0x0000000082c00000|  0%| F|  |TAMS 0x0000000082b00000, 0x0000000082b00000| Untracked 
|  44|0x0000000082c00000, 0x0000000082c00000, 0x0000000082d00000|  0%| F|  |TAMS 0x0000000082c00000, 0x0000000082c00000| Untracked 
|  45|0x0000000082d00000, 0x0000000082d00000, 0x0000000082e00000|  0%| F|  |TAMS 0x0000000082d00000, 0x0000000082d00000| Untracked 
|  46|0x0000000082e00000, 0x0000000082e00000, 0x0000000082f00000|  0%| F|  |TAMS 0x0000000082e00000, 0x0000000082e00000| Untracked 
|  47|0x0000000082f00000, 0x0000000082f00000, 0x0000000083000000|  0%| F|  |TAMS 0x0000000082f00000, 0x0000000082f00000| Untracked 
|  48|0x0000000083000000, 0x0000000083000000, 0x0000000083100000|  0%| F|  |TAMS 0x0000000083000000, 0x0000000083000000| Untracked 
|  49|0x0000000083100000, 0x0000000083100000, 0x0000000083200000|  0%| F|  |TAMS 0x0000000083100000, 0x0000000083100000| Untracked 
|  50|0x0000000083200000, 0x0000000083200000, 0x0000000083300000|  0%| F|  |TAMS 0x0000000083200000, 0x0000000083200000| Untracked 
|  51|0x0000000083300000, 0x0000000083300000, 0x0000000083400000|  0%| F|  |TAMS 0x0000000083300000, 0x0000000083300000| Untracked 
|  52|0x0000000083400000, 0x0000000083400000, 0x0000000083500000|  0%| F|  |TAMS 0x0000000083400000, 0x0000000083400000| Untracked 
|  53|0x0000000083500000, 0x0000000083500000, 0x0000000083600000|  0%| F|  |TAMS 0x0000000083500000, 0x0000000083500000| Untracked 
|  54|0x0000000083600000, 0x0000000083600000, 0x0000000083700000|  0%| F|  |TAMS 0x0000000083600000, 0x0000000083600000| Untracked 
|  55|0x0000000083700000, 0x0000000083700000, 0x0000000083800000|  0%| F|  |TAMS 0x0000000083700000, 0x0000000083700000| Untracked 
|  56|0x0000000083800000, 0x0000000083800000, 0x0000000083900000|  0%| F|  |TAMS 0x0000000083800000, 0x0000000083800000| Untracked 
|  57|0x0000000083900000, 0x0000000083900000, 0x0000000083a00000|  0%| F|  |TAMS 0x0000000083900000, 0x0000000083900000| Untracked 
|  58|0x0000000083a00000, 0x0000000083a00000, 0x0000000083b00000|  0%| F|  |TAMS 0x0000000083a00000, 0x0000000083a00000| Untracked 
|  59|0x0000000083b00000, 0x0000000083b00000, 0x0000000083c00000|  0%| F|  |TAMS 0x0000000083b00000, 0x0000000083b00000| Untracked 
|  60|0x0000000083c00000, 0x0000000083c00000, 0x0000000083d00000|  0%| F|  |TAMS 0x0000000083c00000, 0x0000000083c00000| Untracked 
|  61|0x0000000083d00000, 0x0000000083d00000, 0x0000000083e00000|  0%| F|  |TAMS 0x0000000083d00000, 0x0000000083d00000| Untracked 
|  62|0x0000000083e00000, 0x0000000083e00000, 0x0000000083f00000|  0%| F|  |TAMS 0x0000000083e00000, 0x0000000083e00000| Untracked 
|  63|0x0000000083f00000, 0x0000000083f00000, 0x0000000084000000|  0%| F|  |TAMS 0x0000000083f00000, 0x0000000083f00000| Untracked 
|  64|0x0000000084000000, 0x0000000084000000, 0x0000000084100000|  0%| F|  |TAMS 0x0000000084000000, 0x0000000084000000| Untracked 
|  65|0x0000000084100000, 0x0000000084100000, 0x0000000084200000|  0%| F|  |TAMS 0x0000000084100000, 0x0000000084100000| Untracked 
|  66|0x0000000084200000, 0x0000000084200000, 0x0000000084300000|  0%| F|  |TAMS 0x0000000084200000, 0x0000000084200000| Untracked 
|  67|0x0000000084300000, 0x0000000084300000, 0x0000000084400000|  0%| F|  |TAMS 0x0000000084300000, 0x0000000084300000| Untracked 
|  68|0x0000000084400000, 0x0000000084400000, 0x0000000084500000|  0%| F|  |TAMS 0x0000000084400000, 0x0000000084400000| Untracked 
|  69|0x0000000084500000, 0x0000000084500000, 0x0000000084600000|  0%| F|  |TAMS 0x0000000084500000, 0x0000000084500000| Untracked 
|  70|0x0000000084600000, 0x0000000084600000, 0x0000000084700000|  0%| F|  |TAMS 0x0000000084600000, 0x0000000084600000| Untracked 
|  71|0x0000000084700000, 0x0000000084700000, 0x0000000084800000|  0%| F|  |TAMS 0x0000000084700000, 0x0000000084700000| Untracked 
|  72|0x0000000084800000, 0x0000000084800000, 0x0000000084900000|  0%| F|  |TAMS 0x0000000084800000, 0x0000000084800000| Untracked 
|  73|0x0000000084900000, 0x0000000084900000, 0x0000000084a00000|  0%| F|  |TAMS 0x0000000084900000, 0x0000000084900000| Untracked 
|  74|0x0000000084a00000, 0x0000000084a00000, 0x0000000084b00000|  0%| F|  |TAMS 0x0000000084a00000, 0x0000000084a00000| Untracked 
|  75|0x0000000084b00000, 0x0000000084b00000, 0x0000000084c00000|  0%| F|  |TAMS 0x0000000084b00000, 0x0000000084b00000| Untracked 
|  76|0x0000000084c00000, 0x0000000084c00000, 0x0000000084d00000|  0%| F|  |TAMS 0x0000000084c00000, 0x0000000084c00000| Untracked 
|  77|0x0000000084d00000, 0x0000000084d00000, 0x0000000084e00000|  0%| F|  |TAMS 0x0000000084d00000, 0x0000000084d00000| Untracked 
|  78|0x0000000084e00000, 0x0000000084e00000, 0x0000000084f00000|  0%| F|  |TAMS 0x0000000084e00000, 0x0000000084e00000| Untracked 
|  79|0x0000000084f00000, 0x0000000084f00000, 0x0000000085000000|  0%| F|  |TAMS 0x0000000084f00000, 0x0000000084f00000| Untracked 
|  80|0x0000000085000000, 0x0000000085000000, 0x0000000085100000|  0%| F|  |TAMS 0x0000000085000000, 0x0000000085000000| Untracked 
|  81|0x0000000085100000, 0x0000000085100000, 0x0000000085200000|  0%| F|  |TAMS 0x0000000085100000, 0x0000000085100000| Untracked 
|  82|0x0000000085200000, 0x0000000085200000, 0x0000000085300000|  0%| F|  |TAMS 0x0000000085200000, 0x0000000085200000| Untracked 
|  83|0x0000000085300000, 0x0000000085300000, 0x0000000085400000|  0%| F|  |TAMS 0x0000000085300000, 0x0000000085300000| Untracked 
|  84|0x0000000085400000, 0x0000000085400000, 0x0000000085500000|  0%| F|  |TAMS 0x0000000085400000, 0x0000000085400000| Untracked 
|  85|0x0000000085500000, 0x0000000085500000, 0x0000000085600000|  0%| F|  |TAMS 0x0000000085500000, 0x0000000085500000| Untracked 
|  86|0x0000000085600000, 0x0000000085600000, 0x0000000085700000|  0%| F|  |TAMS 0x0000000085600000, 0x0000000085600000| Untracked 
|  87|0x0000000085700000, 0x0000000085700000, 0x0000000085800000|  0%| F|  |TAMS 0x0000000085700000, 0x0000000085700000| Untracked 
|  88|0x0000000085800000, 0x0000000085800000, 0x0000000085900000|  0%| F|  |TAMS 0x0000000085800000, 0x0000000085800000| Untracked 
|  89|0x0000000085900000, 0x0000000085900000, 0x0000000085a00000|  0%| F|  |TAMS 0x0000000085900000, 0x0000000085900000| Untracked 
|  90|0x0000000085a00000, 0x0000000085a00000, 0x0000000085b00000|  0%| F|  |TAMS 0x0000000085a00000, 0x0000000085a00000| Untracked 
|  91|0x0000000085b00000, 0x0000000085b00000, 0x0000000085c00000|  0%| F|  |TAMS 0x0000000085b00000, 0x0000000085b00000| Untracked 
|  92|0x0000000085c00000, 0x0000000085c00000, 0x0000000085d00000|  0%| F|  |TAMS 0x0000000085c00000, 0x0000000085c00000| Untracked 
|  93|0x0000000085d00000, 0x0000000085d00000, 0x0000000085e00000|  0%| F|  |TAMS 0x0000000085d00000, 0x0000000085d00000| Untracked 
|  94|0x0000000085e00000, 0x0000000085e00000, 0x0000000085f00000|  0%| F|  |TAMS 0x0000000085e00000, 0x0000000085e00000| Untracked 
|  95|0x0000000085f00000, 0x0000000085f00000, 0x0000000086000000|  0%| F|  |TAMS 0x0000000085f00000, 0x0000000085f00000| Untracked 
|  96|0x0000000086000000, 0x0000000086000000, 0x0000000086100000|  0%| F|  |TAMS 0x0000000086000000, 0x0000000086000000| Untracked 
|  97|0x0000000086100000, 0x0000000086100000, 0x0000000086200000|  0%| F|  |TAMS 0x0000000086100000, 0x0000000086100000| Untracked 
|  98|0x0000000086200000, 0x0000000086200000, 0x0000000086300000|  0%| F|  |TAMS 0x0000000086200000, 0x0000000086200000| Untracked 
|  99|0x0000000086300000, 0x0000000086300000, 0x0000000086400000|  0%| F|  |TAMS 0x0000000086300000, 0x0000000086300000| Untracked 
| 100|0x0000000086400000, 0x0000000086400000, 0x0000000086500000|  0%| F|  |TAMS 0x0000000086400000, 0x0000000086400000| Untracked 
| 101|0x0000000086500000, 0x0000000086500000, 0x0000000086600000|  0%| F|  |TAMS 0x0000000086500000, 0x0000000086500000| Untracked 
| 102|0x0000000086600000, 0x0000000086600000, 0x0000000086700000|  0%| F|  |TAMS 0x0000000086600000, 0x0000000086600000| Untracked 
| 103|0x0000000086700000, 0x0000000086700000, 0x0000000086800000|  0%| F|  |TAMS 0x0000000086700000, 0x0000000086700000| Untracked 
| 104|0x0000000086800000, 0x0000000086800000, 0x0000000086900000|  0%| F|  |TAMS 0x0000000086800000, 0x0000000086800000| Untracked 
| 105|0x0000000086900000, 0x0000000086900000, 0x0000000086a00000|  0%| F|  |TAMS 0x0000000086900000, 0x0000000086900000| Untracked 
| 106|0x0000000086a00000, 0x0000000086a00000, 0x0000000086b00000|  0%| F|  |TAMS 0x0000000086a00000, 0x0000000086a00000| Untracked 
| 107|0x0000000086b00000, 0x0000000086b00000, 0x0000000086c00000|  0%| F|  |TAMS 0x0000000086b00000, 0x0000000086b00000| Untracked 
| 108|0x0000000086c00000, 0x0000000086c00000, 0x0000000086d00000|  0%| F|  |TAMS 0x0000000086c00000, 0x0000000086c00000| Untracked 
| 109|0x0000000086d00000, 0x0000000086d00000, 0x0000000086e00000|  0%| F|  |TAMS 0x0000000086d00000, 0x0000000086d00000| Untracked 
| 110|0x0000000086e00000, 0x0000000086e00000, 0x0000000086f00000|  0%| F|  |TAMS 0x0000000086e00000, 0x0000000086e00000| Untracked 
| 111|0x0000000086f00000, 0x0000000086f00000, 0x0000000087000000|  0%| F|  |TAMS 0x0000000086f00000, 0x0000000086f00000| Untracked 
| 112|0x0000000087000000, 0x0000000087000000, 0x0000000087100000|  0%| F|  |TAMS 0x0000000087000000, 0x0000000087000000| Untracked 
| 113|0x0000000087100000, 0x0000000087100000, 0x0000000087200000|  0%| F|  |TAMS 0x0000000087100000, 0x0000000087100000| Untracked 
| 114|0x0000000087200000, 0x0000000087200000, 0x0000000087300000|  0%| F|  |TAMS 0x0000000087200000, 0x0000000087200000| Untracked 
| 115|0x0000000087300000, 0x0000000087300000, 0x0000000087400000|  0%| F|  |TAMS 0x0000000087300000, 0x0000000087300000| Untracked 
| 116|0x0000000087400000, 0x0000000087400000, 0x0000000087500000|  0%| F|  |TAMS 0x0000000087400000, 0x0000000087400000| Untracked 
| 117|0x0000000087500000, 0x0000000087500000, 0x0000000087600000|  0%| F|  |TAMS 0x0000000087500000, 0x0000000087500000| Untracked 
| 118|0x0000000087600000, 0x0000000087600000, 0x0000000087700000|  0%| F|  |TAMS 0x0000000087600000, 0x0000000087600000| Untracked 
| 119|0x0000000087700000, 0x0000000087700000, 0x0000000087800000|  0%| F|  |TAMS 0x0000000087700000, 0x0000000087700000| Untracked 
| 120|0x0000000087800000, 0x0000000087800000, 0x0000000087900000|  0%| F|  |TAMS 0x0000000087800000, 0x0000000087800000| Untracked 
| 121|0x0000000087900000, 0x0000000087900000, 0x0000000087a00000|  0%| F|  |TAMS 0x0000000087900000, 0x0000000087900000| Untracked 
| 122|0x0000000087a00000, 0x0000000087a00000, 0x0000000087b00000|  0%| F|  |TAMS 0x0000000087a00000, 0x0000000087a00000| Untracked 
| 123|0x0000000087b00000, 0x0000000087b00000, 0x0000000087c00000|  0%| F|  |TAMS 0x0000000087b00000, 0x0000000087b00000| Untracked 
| 124|0x0000000087c00000, 0x0000000087c00000, 0x0000000087d00000|  0%| F|  |TAMS 0x0000000087c00000, 0x0000000087c00000| Untracked 
| 125|0x0000000087d00000, 0x0000000087d00000, 0x0000000087e00000|  0%| F|  |TAMS 0x0000000087d00000, 0x0000000087d00000| Untracked 
| 126|0x0000000087e00000, 0x0000000087e00000, 0x0000000087f00000|  0%| F|  |TAMS 0x0000000087e00000, 0x0000000087e00000| Untracked 
| 127|0x0000000087f00000, 0x0000000087f00000, 0x0000000088000000|  0%| F|  |TAMS 0x0000000087f00000, 0x0000000087f00000| Untracked 
| 128|0x0000000088000000, 0x0000000088000000, 0x0000000088100000|  0%| F|  |TAMS 0x0000000088000000, 0x0000000088000000| Untracked 
| 129|0x0000000088100000, 0x0000000088100000, 0x0000000088200000|  0%| F|  |TAMS 0x0000000088100000, 0x0000000088100000| Untracked 
| 130|0x0000000088200000, 0x0000000088200000, 0x0000000088300000|  0%| F|  |TAMS 0x0000000088200000, 0x0000000088200000| Untracked 
| 131|0x0000000088300000, 0x0000000088300000, 0x0000000088400000|  0%| F|  |TAMS 0x0000000088300000, 0x0000000088300000| Untracked 
| 132|0x0000000088400000, 0x0000000088400000, 0x0000000088500000|  0%| F|  |TAMS 0x0000000088400000, 0x0000000088400000| Untracked 
| 133|0x0000000088500000, 0x0000000088500000, 0x0000000088600000|  0%| F|  |TAMS 0x0000000088500000, 0x0000000088500000| Untracked 
| 134|0x0000000088600000, 0x0000000088600000, 0x0000000088700000|  0%| F|  |TAMS 0x0000000088600000, 0x0000000088600000| Untracked 
| 135|0x0000000088700000, 0x0000000088700000, 0x0000000088800000|  0%| F|  |TAMS 0x0000000088700000, 0x0000000088700000| Untracked 
| 136|0x0000000088800000, 0x0000000088800000, 0x0000000088900000|  0%| F|  |TAMS 0x0000000088800000, 0x0000000088800000| Untracked 
| 137|0x0000000088900000, 0x0000000088900000, 0x0000000088a00000|  0%| F|  |TAMS 0x0000000088900000, 0x0000000088900000| Untracked 
| 138|0x0000000088a00000, 0x0000000088a00000, 0x0000000088b00000|  0%| F|  |TAMS 0x0000000088a00000, 0x0000000088a00000| Untracked 
| 139|0x0000000088b00000, 0x0000000088b00000, 0x0000000088c00000|  0%| F|  |TAMS 0x0000000088b00000, 0x0000000088b00000| Untracked 
| 140|0x0000000088c00000, 0x0000000088c00000, 0x0000000088d00000|  0%| F|  |TAMS 0x0000000088c00000, 0x0000000088c00000| Untracked 
| 141|0x0000000088d00000, 0x0000000088d00000, 0x0000000088e00000|  0%| F|  |TAMS 0x0000000088d00000, 0x0000000088d00000| Untracked 
| 142|0x0000000088e00000, 0x0000000088e00000, 0x0000000088f00000|  0%| F|  |TAMS 0x0000000088e00000, 0x0000000088e00000| Untracked 
| 143|0x0000000088f00000, 0x0000000088f00000, 0x0000000089000000|  0%| F|  |TAMS 0x0000000088f00000, 0x0000000088f00000| Untracked 
| 144|0x0000000089000000, 0x000000008903e8b0, 0x0000000089100000| 24%| S|CS|TAMS 0x0000000089000000, 0x0000000089000000| Complete 
| 145|0x0000000089100000, 0x0000000089200000, 0x0000000089200000|100%| S|CS|TAMS 0x0000000089100000, 0x0000000089100000| Complete 
| 146|0x0000000089200000, 0x0000000089300000, 0x0000000089300000|100%| S|CS|TAMS 0x0000000089200000, 0x0000000089200000| Complete 
| 147|0x0000000089300000, 0x0000000089400000, 0x0000000089400000|100%| S|CS|TAMS 0x0000000089300000, 0x0000000089300000| Complete 
| 148|0x0000000089400000, 0x0000000089400000, 0x0000000089500000|  0%| F|  |TAMS 0x0000000089400000, 0x0000000089400000| Untracked 
| 149|0x0000000089500000, 0x0000000089500000, 0x0000000089600000|  0%| F|  |TAMS 0x0000000089500000, 0x0000000089500000| Untracked 
| 150|0x0000000089600000, 0x0000000089600000, 0x0000000089700000|  0%| F|  |TAMS 0x0000000089600000, 0x0000000089600000| Untracked 
| 151|0x0000000089700000, 0x0000000089700000, 0x0000000089800000|  0%| F|  |TAMS 0x0000000089700000, 0x0000000089700000| Untracked 
| 152|0x0000000089800000, 0x0000000089800000, 0x0000000089900000|  0%| F|  |TAMS 0x0000000089800000, 0x0000000089800000| Untracked 
| 153|0x0000000089900000, 0x0000000089900000, 0x0000000089a00000|  0%| F|  |TAMS 0x0000000089900000, 0x0000000089900000| Untracked 
| 154|0x0000000089a00000, 0x0000000089a00000, 0x0000000089b00000|  0%| F|  |TAMS 0x0000000089a00000, 0x0000000089a00000| Untracked 
| 155|0x0000000089b00000, 0x0000000089b00000, 0x0000000089c00000|  0%| F|  |TAMS 0x0000000089b00000, 0x0000000089b00000| Untracked 
| 156|0x0000000089c00000, 0x0000000089c00000, 0x0000000089d00000|  0%| F|  |TAMS 0x0000000089c00000, 0x0000000089c00000| Untracked 
| 157|0x0000000089d00000, 0x0000000089d00000, 0x0000000089e00000|  0%| F|  |TAMS 0x0000000089d00000, 0x0000000089d00000| Untracked 
| 158|0x0000000089e00000, 0x0000000089e00000, 0x0000000089f00000|  0%| F|  |TAMS 0x0000000089e00000, 0x0000000089e00000| Untracked 
| 159|0x0000000089f00000, 0x0000000089f00000, 0x000000008a000000|  0%| F|  |TAMS 0x0000000089f00000, 0x0000000089f00000| Untracked 
| 160|0x000000008a000000, 0x000000008a000000, 0x000000008a100000|  0%| F|  |TAMS 0x000000008a000000, 0x000000008a000000| Untracked 
| 161|0x000000008a100000, 0x000000008a100000, 0x000000008a200000|  0%| F|  |TAMS 0x000000008a100000, 0x000000008a100000| Untracked 
| 162|0x000000008a200000, 0x000000008a200000, 0x000000008a300000|  0%| F|  |TAMS 0x000000008a200000, 0x000000008a200000| Untracked 
| 163|0x000000008a300000, 0x000000008a300000, 0x000000008a400000|  0%| F|  |TAMS 0x000000008a300000, 0x000000008a300000| Untracked 
| 164|0x000000008a400000, 0x000000008a480800, 0x000000008a500000| 50%| E|  |TAMS 0x000000008a400000, 0x000000008a400000| Complete 
| 165|0x000000008a500000, 0x000000008a600000, 0x000000008a600000|100%| E|CS|TAMS 0x000000008a500000, 0x000000008a500000| Complete 
| 166|0x000000008a600000, 0x000000008a700000, 0x000000008a700000|100%| E|CS|TAMS 0x000000008a600000, 0x000000008a600000| Complete 
| 167|0x000000008a700000, 0x000000008a800000, 0x000000008a800000|100%| E|CS|TAMS 0x000000008a700000, 0x000000008a700000| Complete 
| 168|0x000000008a800000, 0x000000008a900000, 0x000000008a900000|100%| E|CS|TAMS 0x000000008a800000, 0x000000008a800000| Complete 
| 169|0x000000008a900000, 0x000000008aa00000, 0x000000008aa00000|100%| E|CS|TAMS 0x000000008a900000, 0x000000008a900000| Complete 
| 170|0x000000008aa00000, 0x000000008ab00000, 0x000000008ab00000|100%| E|CS|TAMS 0x000000008aa00000, 0x000000008aa00000| Complete 
| 171|0x000000008ab00000, 0x000000008ac00000, 0x000000008ac00000|100%| E|CS|TAMS 0x000000008ab00000, 0x000000008ab00000| Complete 
| 172|0x000000008ac00000, 0x000000008ad00000, 0x000000008ad00000|100%| E|CS|TAMS 0x000000008ac00000, 0x000000008ac00000| Complete 
| 173|0x000000008ad00000, 0x000000008ae00000, 0x000000008ae00000|100%| E|CS|TAMS 0x000000008ad00000, 0x000000008ad00000| Complete 
| 174|0x000000008ae00000, 0x000000008af00000, 0x000000008af00000|100%| E|  |TAMS 0x000000008ae00000, 0x000000008ae00000| Complete 
| 175|0x000000008af00000, 0x000000008b000000, 0x000000008b000000|100%| E|CS|TAMS 0x000000008af00000, 0x000000008af00000| Complete 
| 176|0x000000008b000000, 0x000000008b100000, 0x000000008b100000|100%| E|CS|TAMS 0x000000008b000000, 0x000000008b000000| Complete 
| 177|0x000000008b100000, 0x000000008b200000, 0x000000008b200000|100%| E|CS|TAMS 0x000000008b100000, 0x000000008b100000| Complete 
| 178|0x000000008b200000, 0x000000008b300000, 0x000000008b300000|100%| E|CS|TAMS 0x000000008b200000, 0x000000008b200000| Complete 
| 179|0x000000008b300000, 0x000000008b400000, 0x000000008b400000|100%| E|CS|TAMS 0x000000008b300000, 0x000000008b300000| Complete 
| 180|0x000000008b400000, 0x000000008b500000, 0x000000008b500000|100%| E|CS|TAMS 0x000000008b400000, 0x000000008b400000| Complete 
| 181|0x000000008b500000, 0x000000008b600000, 0x000000008b600000|100%| E|CS|TAMS 0x000000008b500000, 0x000000008b500000| Complete 
| 182|0x000000008b600000, 0x000000008b700000, 0x000000008b700000|100%| E|CS|TAMS 0x000000008b600000, 0x000000008b600000| Complete 

Card table byte_map: [0x000001ae756d0000,0x000001ae75ad0000] _byte_map_base: 0x000001ae752d0000

Marking Bits (Prev, Next): (CMBitMap*) 0x000001ae714f6620, (CMBitMap*) 0x000001ae714f65e8
 Prev Bits: [0x000001ae77ed0000, 0x000001ae79ed0000)
 Next Bits: [0x000001ae75ed0000, 0x000001ae77ed0000)

Polling page: 0x000001ae70c90000

Metaspace:

Usage:
  Non-class:     52.20 MB capacity,    51.17 MB ( 98%) used,   902.89 KB (  2%) free+waste,   152.69 KB ( <1%) overhead. 
      Class:      8.06 MB capacity,     7.42 MB ( 92%) used,   581.18 KB (  7%) free+waste,    72.38 KB ( <1%) overhead. 
       Both:     60.25 MB capacity,    58.58 MB ( 97%) used,     1.45 MB (  2%) free+waste,   225.06 KB ( <1%) overhead. 

Virtual space:
  Non-class space:       54.00 MB reserved,      52.43 MB ( 97%) committed 
      Class space:        1.00 GB reserved,       8.20 MB ( <1%) committed 
             Both:        1.05 GB reserved,      60.63 MB (  6%) committed 

Chunk freelists:
   Non-Class:  171.00 KB
       Class:  37.00 KB
        Both:  208.00 KB

MaxMetaspaceSize: 17179869184.00 GB
CompressedClassSpaceSize: 1.00 GB

CodeHeap 'non-profiled nmethods': size=120000Kb used=2982Kb max_used=2982Kb free=117017Kb
 bounds [0x000001ae07ad0000, 0x000001ae07dc0000, 0x000001ae0f000000]
CodeHeap 'profiled nmethods': size=120000Kb used=12193Kb max_used=12193Kb free=107806Kb
 bounds [0x000001ae005a0000, 0x000001ae01190000, 0x000001ae07ad0000]
CodeHeap 'non-nmethods': size=5760Kb used=2251Kb max_used=2323Kb free=3508Kb
 bounds [0x000001ae00000000, 0x000001ae00270000, 0x000001ae005a0000]
 total_blobs=6640 nmethods=5797 adapters=753
 compilation: enabled
              stopped_count=0, restarted_count=0
 full_count=0

Compilation events (20 events):
Event: 7.912 Thread 0x000001ae7d1c8800 5846       2       com.google.common.collect.MapMakerInternalMap$Segment::copyEntry (19 bytes)
Event: 7.912 Thread 0x000001ae7d1c8800 nmethod 5846 0x000001ae0117a290 code [0x000001ae0117a460, 0x000001ae0117a5d8]
Event: 7.912 Thread 0x000001ae7d1c8800 5847       2       com.google.common.collect.MapMakerInternalMap$StrongKeyWeakValueEntry$Helper::copy (17 bytes)
Event: 7.913 Thread 0x000001ae7d1c8800 nmethod 5847 0x000001ae0117a710 code [0x000001ae0117a8e0, 0x000001ae0117ab38]
Event: 7.913 Thread 0x000001ae7d1c8800 5848       2       com.google.common.collect.MapMakerInternalMap$StrongKeyWeakValueEntry$Helper::copy (19 bytes)
Event: 7.913 Thread 0x000001ae7d1c8800 nmethod 5848 0x000001ae0117ad10 code [0x000001ae0117af00, 0x000001ae0117b2d8]
Event: 7.916 Thread 0x000001ae7d1c8800 5849       2       java.util.LinkedHashMap::get (33 bytes)
Event: 7.916 Thread 0x000001ae7d1c8800 nmethod 5849 0x000001ae0117b490 code [0x000001ae0117b660, 0x000001ae0117b848]
Event: 7.920 Thread 0x000001ae7d1c8800 5850       2       jdk.internal.reflect.ConstantPool::getIntAt (10 bytes)
Event: 7.920 Thread 0x000001ae7d1c8800 nmethod 5850 0x000001ae0117b990 code [0x000001ae0117bb40, 0x000001ae0117bc48]
Event: 7.927 Thread 0x000001ae7d1c8800 5852       2       org.gradle.internal.instantiation.generator.AbstractClassGenerator$DslMixInPropertyType::findClosureOverload (109 bytes)
Event: 7.928 Thread 0x000001ae7d1c8800 nmethod 5852 0x000001ae0117bd10 code [0x000001ae0117bf40, 0x000001ae0117c3b8]
Event: 7.939 Thread 0x000001ae7d1c8800 5853       2       java.security.CodeSource::matchCerts (254 bytes)
Event: 7.940 Thread 0x000001ae7d1c8800 nmethod 5853 0x000001ae0117c710 code [0x000001ae0117c920, 0x000001ae0117ceb8]
Event: 7.940 Thread 0x000001ae7d1c8800 5854       2       sun.reflect.annotation.AnnotationParser::parseArray (226 bytes)
Event: 7.941 Thread 0x000001ae7d1c8800 nmethod 5854 0x000001ae0117d290 code [0x000001ae0117d580, 0x000001ae0117df18]
Event: 7.941 Thread 0x000001ae7d1c8800 5855       1       org.gradle.internal.instantiation.generator.AbstractClassGenerator$PropertyMetadata::access$1300 (5 bytes)
Event: 7.941 Thread 0x000001ae7d1c8800 nmethod 5855 0x000001ae07db9590 code [0x000001ae07db9740, 0x000001ae07db97d8]
Event: 7.941 Thread 0x000001ae7d1c8800 5856  s    2       org.gradle.internal.classloader.VisitableURLClassLoader::getUserData (48 bytes)
Event: 7.942 Thread 0x000001ae7d1c8800 nmethod 5856 0x000001ae0117e410 code [0x000001ae0117e600, 0x000001ae0117e998]

GC Heap History (20 events):
Event: 2.195 GC heap before
{Heap before GC invocations=2 (full 0):
 garbage-first heap   total 129024K, used 62499K [0x0000000080000000, 0x0000000100000000)
  region size 1024K, 52 young (53248K), 1 survivors (1024K)
 Metaspace       used 17707K, capacity 18160K, committed 18432K, reserved 1064960K
  class space    used 2090K, capacity 2238K, committed 2304K, reserved 1048576K
}
Event: 2.200 GC heap after
{Heap after GC invocations=3 (full 0):
 garbage-first heap   total 129024K, used 16515K [0x0000000080000000, 0x0000000100000000)
  region size 1024K, 7 young (7168K), 7 survivors (7168K)
 Metaspace       used 17707K, capacity 18160K, committed 18432K, reserved 1064960K
  class space    used 2090K, capacity 2238K, committed 2304K, reserved 1048576K
}
Event: 2.443 GC heap before
{Heap before GC invocations=3 (full 0):
 garbage-first heap   total 129024K, used 39043K [0x0000000080000000, 0x0000000100000000)
  region size 1024K, 30 young (30720K), 7 survivors (7168K)
 Metaspace       used 20646K, capacity 21128K, committed 21248K, reserved 1067008K
  class space    used 2522K, capacity 2722K, committed 2816K, reserved 1048576K
}
Event: 2.451 GC heap after
{Heap after GC invocations=4 (full 0):
 garbage-first heap   total 129024K, used 17421K [0x0000000080000000, 0x0000000100000000)
  region size 1024K, 1 young (1024K), 1 survivors (1024K)
 Metaspace       used 20646K, capacity 21128K, committed 21248K, reserved 1067008K
  class space    used 2522K, capacity 2722K, committed 2816K, reserved 1048576K
}
Event: 3.004 GC heap before
{Heap before GC invocations=5 (full 0):
 garbage-first heap   total 129024K, used 68621K [0x0000000080000000, 0x0000000100000000)
  region size 1024K, 52 young (53248K), 1 survivors (1024K)
 Metaspace       used 25844K, capacity 26431K, committed 26752K, reserved 1073152K
  class space    used 3380K, capacity 3601K, committed 3712K, reserved 1048576K
}
Event: 3.008 GC heap after
{Heap after GC invocations=6 (full 0):
 garbage-first heap   total 129024K, used 19103K [0x0000000080000000, 0x0000000100000000)
  region size 1024K, 3 young (3072K), 3 survivors (3072K)
 Metaspace       used 25844K, capacity 26431K, committed 26752K, reserved 1073152K
  class space    used 3380K, capacity 3601K, committed 3712K, reserved 1048576K
}
Event: 3.927 GC heap before
{Heap before GC invocations=6 (full 0):
 garbage-first heap   total 129024K, used 75423K [0x0000000080000000, 0x0000000100000000)
  region size 1024K, 58 young (59392K), 3 survivors (3072K)
 Metaspace       used 34334K, capacity 35130K, committed 35200K, reserved 1079296K
  class space    used 4464K, capacity 4736K, committed 4736K, reserved 1048576K
}
Event: 3.934 GC heap after
{Heap after GC invocations=7 (full 0):
 garbage-first heap   total 129024K, used 22541K [0x0000000080000000, 0x0000000100000000)
  region size 1024K, 6 young (6144K), 6 survivors (6144K)
 Metaspace       used 34334K, capacity 35130K, committed 35200K, reserved 1079296K
  class space    used 4464K, capacity 4736K, committed 4736K, reserved 1048576K
}
Event: 4.009 GC heap before
{Heap before GC invocations=7 (full 0):
 garbage-first heap   total 129024K, used 25613K [0x0000000080000000, 0x0000000100000000)
  region size 1024K, 10 young (10240K), 6 survivors (6144K)
 Metaspace       used 35049K, capacity 35834K, committed 35840K, reserved 1081344K
  class space    used 4539K, capacity 4864K, committed 4864K, reserved 1048576K
}
Event: 4.018 GC heap after
{Heap after GC invocations=8 (full 0):
 garbage-first heap   total 155648K, used 22918K [0x0000000080000000, 0x0000000100000000)
  region size 1024K, 4 young (4096K), 4 survivors (4096K)
 Metaspace       used 35049K, capacity 35834K, committed 35840K, reserved 1081344K
  class space    used 4539K, capacity 4864K, committed 4864K, reserved 1048576K
}
Event: 4.692 GC heap before
{Heap before GC invocations=9 (full 0):
 garbage-first heap   total 155648K, used 85382K [0x0000000080000000, 0x0000000100000000)
  region size 1024K, 62 young (63488K), 4 survivors (4096K)
 Metaspace       used 40044K, capacity 40944K, committed 41164K, reserved 1085440K
  class space    used 5167K, capacity 5511K, committed 5580K, reserved 1048576K
}
Event: 4.698 GC heap after
{Heap after GC invocations=10 (full 0):
 garbage-first heap   total 155648K, used 26657K [0x0000000080000000, 0x0000000100000000)
  region size 1024K, 8 young (8192K), 8 survivors (8192K)
 Metaspace       used 40044K, capacity 40944K, committed 41164K, reserved 1085440K
  class space    used 5167K, capacity 5511K, committed 5580K, reserved 1048576K
}
Event: 5.325 GC heap before
{Heap before GC invocations=10 (full 0):
 garbage-first heap   total 155648K, used 88097K [0x0000000080000000, 0x0000000100000000)
  region size 1024K, 68 young (69632K), 8 survivors (8192K)
 Metaspace       used 44623K, capacity 45791K, committed 45900K, reserved 1089536K
  class space    used 5728K, capacity 6170K, committed 6220K, reserved 1048576K
}
Event: 5.333 GC heap after
{Heap after GC invocations=11 (full 0):
 garbage-first heap   total 155648K, used 29422K [0x0000000080000000, 0x0000000100000000)
  region size 1024K, 7 young (7168K), 7 survivors (7168K)
 Metaspace       used 44623K, capacity 45791K, committed 45900K, reserved 1089536K
  class space    used 5728K, capacity 6170K, committed 6220K, reserved 1048576K
}
Event: 6.715 GC heap before
{Heap before GC invocations=11 (full 0):
 garbage-first heap   total 155648K, used 106222K [0x0000000080000000, 0x0000000100000000)
  region size 1024K, 79 young (80896K), 7 survivors (7168K)
 Metaspace       used 48815K, capacity 50307K, committed 50636K, reserved 1093632K
  class space    used 6230K, capacity 6784K, committed 6860K, reserved 1048576K
}
Event: 6.725 GC heap after
{Heap after GC invocations=12 (full 0):
 garbage-first heap   total 155648K, used 43763K [0x0000000080000000, 0x0000000100000000)
  region size 1024K, 10 young (10240K), 10 survivors (10240K)
 Metaspace       used 48815K, capacity 50307K, committed 50636K, reserved 1093632K
  class space    used 6230K, capacity 6784K, committed 6860K, reserved 1048576K
}
Event: 7.652 GC heap before
{Heap before GC invocations=12 (full 0):
 garbage-first heap   total 155648K, used 105203K [0x0000000080000000, 0x0000000100000000)
  region size 1024K, 70 young (71680K), 10 survivors (10240K)
 Metaspace       used 57873K, capacity 59578K, committed 59724K, reserved 1101824K
  class space    used 7366K, capacity 7993K, committed 8012K, reserved 1048576K
}
Event: 7.661 GC heap after
{Heap after GC invocations=13 (full 0):
 garbage-first heap   total 155648K, used 46293K [0x0000000080000000, 0x0000000100000000)
  region size 1024K, 3 young (3072K), 3 survivors (3072K)
 Metaspace       used 57873K, capacity 59578K, committed 59724K, reserved 1101824K
  class space    used 7366K, capacity 7993K, committed 8012K, reserved 1048576K
}
Event: 7.710 GC heap before
{Heap before GC invocations=13 (full 0):
 garbage-first heap   total 155648K, used 49365K [0x0000000080000000, 0x0000000100000000)
  region size 1024K, 7 young (7168K), 3 survivors (3072K)
 Metaspace       used 58431K, capacity 60107K, committed 60288K, reserved 1101824K
  class space    used 7422K, capacity 8063K, committed 8140K, reserved 1048576K
}
Event: 7.716 GC heap after
{Heap after GC invocations=14 (full 0):
 garbage-first heap   total 187392K, used 46899K [0x0000000080000000, 0x0000000100000000)
  region size 1024K, 4 young (4096K), 4 survivors (4096K)
 Metaspace       used 58431K, capacity 60107K, committed 60288K, reserved 1101824K
  class space    used 7422K, capacity 8063K, committed 8140K, reserved 1048576K
}

Deoptimization events (20 events):
Event: 7.851 Thread 0x000001ae7fb97000 DEOPT PACKING pc=0x000001ae008ed649 sp=0x000000615f4f3f70
Event: 7.851 Thread 0x000001ae7fb97000 DEOPT UNPACKING pc=0x000001ae000276ce sp=0x000000615f4f33e8 mode 0
Event: 7.851 Thread 0x000001ae7fb97000 DEOPT PACKING pc=0x000001ae008ed649 sp=0x000000615f4f3f70
Event: 7.851 Thread 0x000001ae7fb97000 DEOPT UNPACKING pc=0x000001ae000276ce sp=0x000000615f4f33e8 mode 0
Event: 7.851 Thread 0x000001ae7fb97000 DEOPT PACKING pc=0x000001ae008ed649 sp=0x000000615f4f3f70
Event: 7.851 Thread 0x000001ae7fb97000 DEOPT UNPACKING pc=0x000001ae000276ce sp=0x000000615f4f33e8 mode 0
Event: 7.851 Thread 0x000001ae7fb97000 DEOPT PACKING pc=0x000001ae008ed649 sp=0x000000615f4f3f70
Event: 7.851 Thread 0x000001ae7fb97000 DEOPT UNPACKING pc=0x000001ae000276ce sp=0x000000615f4f33e8 mode 0
Event: 7.851 Thread 0x000001ae7fb97000 DEOPT PACKING pc=0x000001ae008ed649 sp=0x000000615f4f3f70
Event: 7.851 Thread 0x000001ae7fb97000 DEOPT UNPACKING pc=0x000001ae000276ce sp=0x000000615f4f33e8 mode 0
Event: 7.851 Thread 0x000001ae7fb97000 DEOPT PACKING pc=0x000001ae008ed649 sp=0x000000615f4f3f70
Event: 7.851 Thread 0x000001ae7fb97000 DEOPT UNPACKING pc=0x000001ae000276ce sp=0x000000615f4f33e8 mode 0
Event: 7.851 Thread 0x000001ae7fb97000 DEOPT PACKING pc=0x000001ae008ed649 sp=0x000000615f4f3f70
Event: 7.851 Thread 0x000001ae7fb97000 DEOPT UNPACKING pc=0x000001ae000276ce sp=0x000000615f4f33e8 mode 0
Event: 7.851 Thread 0x000001ae7fb97000 DEOPT PACKING pc=0x000001ae008ed649 sp=0x000000615f4f3f70
Event: 7.851 Thread 0x000001ae7fb97000 DEOPT UNPACKING pc=0x000001ae000276ce sp=0x000000615f4f33e8 mode 0
Event: 7.853 Thread 0x000001ae7fb97000 DEOPT PACKING pc=0x000001ae011568e3 sp=0x000000615f4f3c90
Event: 7.853 Thread 0x000001ae7fb97000 DEOPT UNPACKING pc=0x000001ae000276ce sp=0x000000615f4f3170 mode 0
Event: 7.853 Thread 0x000001ae7fb97000 DEOPT PACKING pc=0x000001ae01156150 sp=0x000000615f4f3c40
Event: 7.853 Thread 0x000001ae7fb97000 DEOPT UNPACKING pc=0x000001ae000276ce sp=0x000000615f4f30b8 mode 0

Classes redefined (0 events):
No events

Internal exceptions (20 events):
Event: 6.562 Thread 0x000001ae0f504000 Exception <a 'java/lang/NoSuchMethodError'{0x000000008591b298}: <clinit>> (0x000000008591b298) thrown at [./src/hotspot/share/prims/jni.cpp, line 1362]
Event: 6.562 Thread 0x000001ae0f504000 Exception <a 'java/lang/NoSuchMethodError'{0x00000000859250a8}: <clinit>> (0x00000000859250a8) thrown at [./src/hotspot/share/prims/jni.cpp, line 1362]
Event: 6.563 Thread 0x000001ae0f504000 Exception <a 'java/lang/NoSuchMethodError'{0x000000008592f2c0}: <clinit>> (0x000000008592f2c0) thrown at [./src/hotspot/share/prims/jni.cpp, line 1362]
Event: 6.565 Thread 0x000001ae0f504000 Exception <a 'java/lang/NoSuchMethodError'{0x00000000859c3070}: <clinit>> (0x00000000859c3070) thrown at [./src/hotspot/share/prims/jni.cpp, line 1362]
Event: 6.577 Thread 0x000001ae7fb97000 Exception <a 'java/lang/ClassNotFoundException'{0x0000000085800050}: build_drhno28qu1qwyvqchbi5wpf3xBeanInfo> (0x0000000085800050) thrown at [./src/hotspot/share/classfile/systemDictionary.cpp, line 231]
Event: 6.577 Thread 0x000001ae7fb97000 Exception <a 'java/lang/ClassNotFoundException'{0x000000008580b2c0}: build_drhno28qu1qwyvqchbi5wpf3xCustomizer> (0x000000008580b2c0) thrown at [./src/hotspot/share/classfile/systemDictionary.cpp, line 231]
Event: 6.630 Thread 0x000001ae7fb97000 Exception <a 'java/lang/ClassNotFoundException'{0x00000000856ede60}: build_drhno28qu1qwyvqchbi5wpf3xBeanInfo> (0x00000000856ede60) thrown at [./src/hotspot/share/classfile/systemDictionary.cpp, line 231]
Event: 6.630 Thread 0x000001ae7fb97000 Exception <a 'java/lang/ClassNotFoundException'{0x00000000856f8d28}: build_drhno28qu1qwyvqchbi5wpf3xCustomizer> (0x00000000856f8d28) thrown at [./src/hotspot/share/classfile/systemDictionary.cpp, line 231]
Event: 6.637 Thread 0x000001ae7fb97000 Exception <a 'java/lang/ClassNotFoundException'{0x000000008555f230}: org/gradle/api/internal/plugins/DefaultObjectConfigurationActionBeanInfo> (0x000000008555f230) thrown at [./src/hotspot/share/classfile/systemDictionary.cpp, line 231]
Event: 6.638 Thread 0x000001ae7fb97000 Exception <a 'java/lang/ClassNotFoundException'{0x00000000855929f8}: org/gradle/api/internal/plugins/DefaultObjectConfigurationActionCustomizer> (0x00000000855929f8) thrown at [./src/hotspot/share/classfile/systemDictionary.cpp, line 231]
Event: 6.771 Thread 0x000001ae7fb97000 Exception <a 'java/lang/NoSuchMethodError'{0x00000000894da978}: 'java.lang.Object java.lang.invoke.DirectMethodHandle$Holder.invokeStatic(java.lang.Object, java.lang.Object, java.lang.Object, java.lang.Object, int)'> (0x00000000894da978) thrown at [./src/hotspot/share/interpreter/linkResolver.cpp, line 773]
Event: 6.772 Thread 0x000001ae7fb97000 Exception <a 'java/lang/NoSuchMethodError'{0x00000000894df370}: 'java.lang.Object java.lang.invoke.DirectMethodHandle$Holder.invokeSpecial(java.lang.Object, java.lang.Object, java.lang.Object, java.lang.Object, java.lang.Object, int)'> (0x00000000894df370) thrown at [./src/hotspot/share/interpreter/linkResolver.cpp, line 773]
Event: 6.773 Thread 0x000001ae7fb97000 Exception <a 'java/lang/NoSuchMethodError'{0x00000000894e39b0}: 'java.lang.Object java.lang.invoke.Invokers$Holder.linkToTargetMethod(java.lang.Object, java.lang.Object, java.lang.Object, int, java.lang.Object)'> (0x00000000894e39b0) thrown at [./src/hotspot/share/interpreter/linkResolver.cpp, line 773]
Event: 6.995 Thread 0x000001ae7fb97000 Exception <a 'java/lang/NoSuchMethodError'{0x00000000885f8c20}: 'java.lang.Object java.lang.invoke.DirectMethodHandle$Holder.invokeSpecial(java.lang.Object, java.lang.Object, int, int, java.lang.Object, java.lang.Object, java.lang.Object)'> (0x00000000885f8c20) thrown at [./src/hotspot/share/interpreter/linkResolver.cpp, line 773]
Event: 6.995 Thread 0x000001ae7fb97000 Exception <a 'java/lang/NoSuchMethodError'{0x00000000885fd1a0}: 'java.lang.Object java.lang.invoke.DelegatingMethodHandle$Holder.reinvoke_L(java.lang.Object, int, int, java.lang.Object, java.lang.Object, java.lang.Object)'> (0x00000000885fd1a0) thrown at [./src/hotspot/share/interpreter/linkResolver.cpp, line 773]
Event: 7.195 Thread 0x000001ae7fb97000 Exception <a 'java/lang/NoSuchMethodError'{0x0000000087992470}: 'int java.lang.invoke.DirectMethodHandle$Holder.invokeInterface(java.lang.Object, java.lang.Object, java.lang.Object, java.lang.Object)'> (0x0000000087992470) thrown at [./src/hotspot/share/interpreter/linkResolver.cpp, line 773]
Event: 7.452 Thread 0x000001ae7fb97000 Exception <a 'java/lang/NoSuchMethodError'{0x00000000869b05b8}: 'void java.lang.invoke.DirectMethodHandle$Holder.invokeInterface(java.lang.Object, java.lang.Object, java.lang.Object, java.lang.Object)'> (0x00000000869b05b8) thrown at [./src/hotspot/share/interpreter/linkResolver.cpp, line 773]
Event: 7.577 Thread 0x000001ae7fb97000 Exception <a 'java/lang/IncompatibleClassChangeError'{0x00000000861da560}: Found class java.lang.Object, but interface was expected> (0x00000000861da560) thrown at [./src/hotspot/share/interpreter/linkResolver.cpp, line 839]
Event: 7.697 Thread 0x000001ae7fb97000 Implicit null exception at 0x000001ae07d5712b to 0x000001ae07d57404
Event: 7.907 Thread 0x000001ae7fb97000 Exception <a 'sun/nio/fs/WindowsException'{0x000000008a990c80}> (0x000000008a990c80) thrown at [./src/hotspot/share/prims/jni.cpp, line 615]

Events (20 events):
Event: 7.940 loading class org/gradle/api/tasks/Optional
Event: 7.940 loading class org/gradle/api/tasks/Optional done
Event: 7.942 loading class com/google/common/base/Converter$IdentityConverter
Event: 7.942 loading class com/google/common/base/Converter$IdentityConverter done
Event: 7.942 loading class com/google/common/base/Converter$FunctionBasedConverter
Event: 7.942 loading class com/google/common/base/Converter$FunctionBasedConverter done
Event: 7.942 loading class com/google/common/base/Converter$ReverseConverter
Event: 7.942 loading class com/google/common/base/Converter$ReverseConverter done
Event: 7.943 loading class com/google/common/base/Converter$ConverterComposition
Event: 7.943 loading class com/google/common/base/Converter$ConverterComposition done
Event: 7.943 loading class com/google/common/base/CaseFormat
Event: 7.943 loading class com/google/common/base/CaseFormat done
Event: 7.944 loading class com/google/common/base/CaseFormat$StringConverter
Event: 7.944 loading class com/google/common/base/CaseFormat$StringConverter done
Event: 7.944 loading class com/google/common/base/CaseFormat$1
Event: 7.944 loading class com/google/common/base/CaseFormat$1 done
Event: 7.944 loading class com/google/common/base/CaseFormat$2
Event: 7.944 loading class com/google/common/base/CaseFormat$2 done
Event: 7.945 loading class com/google/common/base/CaseFormat$3
Event: 7.945 loading class com/google/common/base/CaseFormat$3 done


Dynamic libraries:
0x00007ff7bc6e0000 - 0x00007ff7bc6ea000 	C:\Program Files\Android\Android Studio3\jre\bin\java.exe
0x00007ffd703a0000 - 0x00007ffd705af000 	C:\WINDOWS\SYSTEM32\ntdll.dll
0x00007ffd6ed30000 - 0x00007ffd6eded000 	C:\WINDOWS\System32\KERNEL32.DLL
0x00007ffd6d860000 - 0x00007ffd6dbe6000 	C:\WINDOWS\System32\KERNELBASE.dll
0x00007ffd6e0d0000 - 0x00007ffd6e1e1000 	C:\WINDOWS\System32\ucrtbase.dll
0x00007ffd60410000 - 0x00007ffd60429000 	C:\Program Files\Android\Android Studio3\jre\bin\jli.dll
0x00007ffd69300000 - 0x00007ffd69317000 	C:\Program Files\Android\Android Studio3\jre\bin\VCRUNTIME140.dll
0x00007ffd6f140000 - 0x00007ffd6f2ea000 	C:\WINDOWS\System32\USER32.dll
0x00007ffd6e1f0000 - 0x00007ffd6e216000 	C:\WINDOWS\System32\win32u.dll
0x00007ffd56840000 - 0x00007ffd56ae1000 	C:\WINDOWS\WinSxS\amd64_microsoft.windows.common-controls_6595b64144ccf1df_6.0.22471.1000_none_228bc6e77ad112f7\COMCTL32.dll
0x00007ffd6e290000 - 0x00007ffd6e334000 	C:\WINDOWS\System32\msvcrt.dll
0x00007ffd6e580000 - 0x00007ffd6e5a9000 	C:\WINDOWS\System32\GDI32.dll
0x00007ffd6dfb0000 - 0x00007ffd6e0c7000 	C:\WINDOWS\System32\gdi32full.dll
0x00007ffd6de80000 - 0x00007ffd6df1b000 	C:\WINDOWS\System32\msvcp_win.dll
0x00007ffd6e540000 - 0x00007ffd6e571000 	C:\WINDOWS\System32\IMM32.DLL
0x00007ffd52010000 - 0x00007ffd520ad000 	C:\Program Files\Android\Android Studio3\jre\bin\msvcp140.dll
0x00007ffce7c40000 - 0x00007ffce870f000 	C:\Program Files\Android\Android Studio3\jre\bin\server\jvm.dll
0x00007ffd6e5b0000 - 0x00007ffd6e65e000 	C:\WINDOWS\System32\ADVAPI32.dll
0x00007ffd6ec80000 - 0x00007ffd6ed21000 	C:\WINDOWS\System32\sechost.dll
0x00007ffd6e420000 - 0x00007ffd6e540000 	C:\WINDOWS\System32\RPCRT4.dll
0x00007ffd6e220000 - 0x00007ffd6e228000 	C:\WINDOWS\System32\PSAPI.DLL
0x00007ffd678d0000 - 0x00007ffd67903000 	C:\WINDOWS\SYSTEM32\WINMM.dll
0x00007ffd4a4b0000 - 0x00007ffd4a4b9000 	C:\WINDOWS\SYSTEM32\WSOCK32.dll
0x00007ffd6b550000 - 0x00007ffd6b55a000 	C:\WINDOWS\SYSTEM32\VERSION.dll
0x00007ffd6f2f0000 - 0x00007ffd6f361000 	C:\WINDOWS\System32\WS2_32.dll
0x00007ffd6c930000 - 0x00007ffd6c948000 	C:\WINDOWS\SYSTEM32\kernel.appcore.dll
0x00007ffd603b0000 - 0x00007ffd603c1000 	C:\Program Files\Android\Android Studio3\jre\bin\verify.dll
0x00007ffd65500000 - 0x00007ffd65727000 	C:\WINDOWS\SYSTEM32\DBGHELP.DLL
0x00007ffd6e900000 - 0x00007ffd6ec7e000 	C:\WINDOWS\System32\combase.dll
0x00007ffd5d9f0000 - 0x00007ffd5da21000 	C:\WINDOWS\SYSTEM32\dbgcore.DLL
0x00007ffd6df20000 - 0x00007ffd6dfa1000 	C:\WINDOWS\System32\bcryptPrimitives.dll
0x00007ffd60180000 - 0x00007ffd601a9000 	C:\Program Files\Android\Android Studio3\jre\bin\java.dll
0x00007ffd68bc0000 - 0x00007ffd68bcb000 	C:\Program Files\Android\Android Studio3\jre\bin\jimage.dll
0x00007ffd5fb40000 - 0x00007ffd5fb58000 	C:\Program Files\Android\Android Studio3\jre\bin\zip.dll
0x00007ffd6f980000 - 0x00007ffd7012b000 	C:\WINDOWS\System32\SHELL32.dll
0x00007ffd6b900000 - 0x00007ffd6c15c000 	C:\WINDOWS\SYSTEM32\windows.storage.dll
0x00007ffd6b7b0000 - 0x00007ffd6b8f9000 	C:\WINDOWS\SYSTEM32\wintypes.dll
0x00007ffd6e7a0000 - 0x00007ffd6e890000 	C:\WINDOWS\System32\SHCORE.dll
0x00007ffd6e890000 - 0x00007ffd6e8eb000 	C:\WINDOWS\System32\shlwapi.dll
0x00007ffd6d790000 - 0x00007ffd6d7b1000 	C:\WINDOWS\SYSTEM32\profapi.dll
0x00007ffd5f5e0000 - 0x00007ffd5f5fa000 	C:\Program Files\Android\Android Studio3\jre\bin\net.dll
0x00007ffd67910000 - 0x00007ffd67a20000 	C:\WINDOWS\SYSTEM32\WINHTTP.dll
0x00007ffd6cd80000 - 0x00007ffd6cde9000 	C:\WINDOWS\system32\mswsock.dll
0x00007ffd5f5c0000 - 0x00007ffd5f5d4000 	C:\Program Files\Android\Android Studio3\jre\bin\nio.dll
0x00007ffd60430000 - 0x00007ffd60457000 	C:\Users\xpmkm\.gradle\native\8bec1ad78214c89d9ad589b4d07fe93259594b29d510b10fafb7a158f7737e5d\windows-amd64\native-platform.dll
0x00007ffd43040000 - 0x00007ffd4317d000 	C:\Users\xpmkm\.gradle\native\53dbd7edfb1c66fb8903c78663c9afc45aea4f116125fa6feffd364cf09443e8\windows-amd64\native-platform-file-events.dll
0x00007ffd688a0000 - 0x00007ffd688aa000 	C:\Program Files\Android\Android Studio3\jre\bin\management.dll
0x00007ffd67ac0000 - 0x00007ffd67acc000 	C:\Program Files\Android\Android Studio3\jre\bin\management_ext.dll
0x00007ffd6cfd0000 - 0x00007ffd6cfe8000 	C:\WINDOWS\SYSTEM32\CRYPTSP.dll
0x00007ffd6c890000 - 0x00007ffd6c8c5000 	C:\WINDOWS\system32\rsaenh.dll
0x00007ffd6ce80000 - 0x00007ffd6cea9000 	C:\WINDOWS\SYSTEM32\USERENV.dll
0x00007ffd6d1c0000 - 0x00007ffd6d1e8000 	C:\WINDOWS\SYSTEM32\bcrypt.dll
0x00007ffd6cff0000 - 0x00007ffd6cffc000 	C:\WINDOWS\SYSTEM32\CRYPTBASE.dll
0x00007ffd6c380000 - 0x00007ffd6c3ad000 	C:\WINDOWS\SYSTEM32\IPHLPAPI.DLL
0x00007ffd6e8f0000 - 0x00007ffd6e8f9000 	C:\WINDOWS\System32\NSI.dll
0x00007ffd67320000 - 0x00007ffd67339000 	C:\WINDOWS\SYSTEM32\dhcpcsvc6.DLL
0x00007ffd672e0000 - 0x00007ffd672fe000 	C:\WINDOWS\SYSTEM32\dhcpcsvc.DLL
0x00007ffd6c3b0000 - 0x00007ffd6c4a1000 	C:\WINDOWS\SYSTEM32\DNSAPI.dll

dbghelp: loaded successfully - version: 4.0.5 - missing functions: none
symbol engine: initialized successfully - sym options: 0x614 - pdb path: .;C:\Program Files\Android\Android Studio3\jre\bin;C:\WINDOWS\SYSTEM32;C:\WINDOWS\WinSxS\amd64_microsoft.windows.common-controls_6595b64144ccf1df_6.0.22471.1000_none_228bc6e77ad112f7;C:\Program Files\Android\Android Studio3\jre\bin\server;C:\Users\xpmkm\.gradle\native\8bec1ad78214c89d9ad589b4d07fe93259594b29d510b10fafb7a158f7737e5d\windows-amd64;C:\Users\xpmkm\.gradle\native\53dbd7edfb1c66fb8903c78663c9afc45aea4f116125fa6feffd364cf09443e8\windows-amd64

VM Arguments:
jvm_args: --add-opens=java.base/java.util=ALL-UNNAMED --add-opens=java.base/java.lang=ALL-UNNAMED --add-opens=java.base/java.lang.invoke=ALL-UNNAMED --add-opens=java.base/java.util=ALL-UNNAMED --add-opens=java.prefs/java.util.prefs=ALL-UNNAMED --add-opens=java.prefs/java.util.prefs=ALL-UNNAMED --add-opens=java.base/java.nio.charset=ALL-UNNAMED --add-opens=java.base/java.net=ALL-UNNAMED --add-opens=java.base/java.util.concurrent.atomic=ALL-UNNAMED -Xmx2048m -Dfile.encoding=UTF-8 -Duser.country=IN -Duser.language=en -Duser.variant 
java_command: org.gradle.launcher.daemon.bootstrap.GradleDaemon 7.0.2
java_class_path (initial): C:\Users\xpmkm\.gradle\wrapper\dists\gradle-7.0.2-bin\857tjihv64xamwrf0h14cai3r\gradle-7.0.2\lib\gradle-launcher-7.0.2.jar
Launcher Type: SUN_STANDARD

[Global flags]
     intx CICompilerCount                          = 4                                         {product} {ergonomic}
     uint ConcGCThreads                            = 2                                         {product} {ergonomic}
     uint G1ConcRefinementThreads                  = 8                                         {product} {ergonomic}
   size_t G1HeapRegionSize                         = 1048576                                   {product} {ergonomic}
    uintx GCDrainStackTargetSize                   = 64                                        {product} {ergonomic}
   size_t InitialHeapSize                          = 132120576                                 {product} {ergonomic}
   size_t MarkStackSize                            = 4194304                                   {product} {ergonomic}
   size_t MaxHeapSize                              = 2147483648                                {product} {command line}
   size_t MaxNewSize                               = 1287651328                                {product} {ergonomic}
   size_t MinHeapDeltaBytes                        = 1048576                                   {product} {ergonomic}
    uintx NonNMethodCodeHeapSize                   = 5836300                                {pd product} {ergonomic}
    uintx NonProfiledCodeHeapSize                  = 122910970                              {pd product} {ergonomic}
    uintx ProfiledCodeHeapSize                     = 122910970                              {pd product} {ergonomic}
    uintx ReservedCodeCacheSize                    = 251658240                              {pd product} {ergonomic}
     bool SegmentedCodeCache                       = true                                      {product} {ergonomic}
     bool UseCompressedClassPointers               = true                                 {lp64_product} {ergonomic}
     bool UseCompressedOops                        = true                                 {lp64_product} {ergonomic}
     bool UseG1GC                                  = true                                      {product} {ergonomic}
     bool UseLargePagesIndividualAllocation        = false                                  {pd product} {ergonomic}

Logging:
Log output configuration:
 #0: stdout all=warning uptime,level,tags
 #1: stderr all=off uptime,level,tags

Environment Variables:
PATH=C:\Program Files (x86)\Common Files\Oracle\Java\javapath;C:\WINDOWS\system32;C:\WINDOWS;C:\WINDOWS\System32\Wbem;C:\WINDOWS\System32\WindowsPowerShell\v1.0\;C:\WINDOWS\System32\OpenSSH\;C:\Program Files\Git\cmd;C:\Program Files\nodejs\;C:\xampp\php;C:\ProgramData\ComposerSetup\bin;C:\Users\xpmkm\AppData\Local\Android\Sdk\platform-tools;C:\Program Files\Java\jdk1.8.0_231\bin;C:\Program Files\opnsl\bin;C:\Users\xpmkm\AppData\Roaming\npm;C:\Users\xpmkm\AppData\Local\Programs\Microsoft VS Code\bin;C:\Program Files\flutter\bin;C:\Users\xpmkm\AppData\Roaming\Composer\vendor\bin;C:\Users\xpmkm\AppData\Local\Microsoft\WindowsApps;
USERNAME=xpmkm
OS=Windows_NT
PROCESSOR_IDENTIFIER=AMD64 Family 23 Model 24 Stepping 1, AuthenticAMD



---------------  S Y S T E M  ---------------

OS: Windows 10 , 64 bit Build 22471 (10.0.22471.1000)
OS uptime: 0 days 0:20 hours

CPU:total 8 (initial active 8) (8 cores per cpu, 2 threads per core) family 23 model 24 stepping 1 microcode 0x0, cmov, cx8, fxsr, mmx, sse, sse2, sse3, ssse3, sse4.1, sse4.2, popcnt, avx, avx2, aes, clmul, mmxext, 3dnowpref, lzcnt, sse4a, ht, tsc, tscinvbit, tscinv, bmi1, bmi2, adx, s

Memory: 4k page, system-wide physical 8002M (403M free)
TotalPageFile size 12098M (AvailPageFile size 6M)
current process WorkingSet (physical memory assigned to process): 355M, peak: 355M
current process commit charge ("private bytes"): 423M, peak: 424M

vm_info: OpenJDK 64-Bit Server VM (11.0.10+0-b96-7249189) for windows-amd64 JRE (11.0.10+0-b96-7249189), built on Mar 31 2021 21:44:00 by "builder" with MS VC++ 14.0 (VS2015)

END.
