#
# There is insufficient memory for the Java Runtime Environment to continue.
# Native memory allocation (mmap) failed to map 40894464 bytes for Failed to commit area from 0x000000008c000000 to 0x000000008e700000 of length 40894464.
# Possible reasons:
#   The system is out of physical RAM or swap space
#   The process is running with CompressedOops enabled, and the Java Heap may be blocking the growth of the native heap
# Possible solutions:
#   Reduce memory load on the system
#   Increase physical memory or swap space
#   Check if swap backing store is full
#   Decrease Java heap size (-Xmx/-Xms)
#   Decrease number of Java threads
#   Decrease Java thread stack sizes (-Xss)
#   Set larger code cache with -XX:ReservedCodeCacheSize=
#   JVM is running with Unscaled Compressed Oops mode in which the Java heap is
#     placed in the first 4GB address space. The Java Heap base address is the
#     maximum limit for the native heap growth. Please use -XX:HeapBaseMinAddress
#     to set the Java Heap base and to place the Java Heap above 4GB virtual address.
# This output file may be truncated or incomplete.
#
#  Out of Memory Error (./src/hotspot/os/windows/os_windows.cpp:3301), pid=14800, tid=3276
#
# JRE version: OpenJDK Runtime Environment (11.0.10) (build 11.0.10+0-b96-7249189)
# Java VM: OpenJDK 64-Bit Server VM (11.0.10+0-b96-7249189, mixed mode, tiered, compressed oops, g1 gc, windows-amd64)
# No core dump will be written. Minidumps are not enabled by default on client versions of Windows
#

---------------  S U M M A R Y ------------

Command Line: --add-opens=java.base/java.util=ALL-UNNAMED --add-opens=java.base/java.lang=ALL-UNNAMED --add-opens=java.base/java.lang.invoke=ALL-UNNAMED --add-opens=java.base/java.util=ALL-UNNAMED --add-opens=java.prefs/java.util.prefs=ALL-UNNAMED --add-opens=java.prefs/java.util.prefs=ALL-UNNAMED --add-opens=java.base/java.nio.charset=ALL-UNNAMED --add-opens=java.base/java.net=ALL-UNNAMED --add-opens=java.base/java.util.concurrent.atomic=ALL-UNNAMED -Xmx2048m -Dfile.encoding=UTF-8 -Duser.country=IN -Duser.language=en -Duser.variant org.gradle.launcher.daemon.bootstrap.GradleDaemon 7.0.2

Host: AMD Ryzen 5 3550H with Radeon Vega Mobile Gfx  , 8 cores, 7G,  Windows 10 , 64 bit Build 22471 (10.0.22471.1000)
Time: Fri Oct  8 13:32:56 2021 India Standard Time elapsed time: 17.527285 seconds (0d 0h 0m 17s)

---------------  T H R E A D  ---------------

Current thread (0x000002ea1ab8b000):  VMThread "VM Thread" [stack: 0x000000f2aa200000,0x000000f2aa300000] [id=3276]

Stack: [0x000000f2aa200000,0x000000f2aa300000]
[error occurred during error reporting (printing stack bounds), id 0xc0000005, EXCEPTION_ACCESS_VIOLATION (0xc0000005) at pc=0x000002ea03a30f2d]

Native frames: (J=compiled Java code, j=interpreted, Vv=VM code, C=native code)
V  [jvm.dll+0x5ecfaa]
V  [jvm.dll+0x722bd5]
V  [jvm.dll+0x72412d]
V  [jvm.dll+0x724745]
V  [jvm.dll+0x7246fb]
V  [jvm.dll+0x5ec348]
V  [jvm.dll+0x5ecad8]
C  [ntdll.dll+0xa623f]
C  [ntdll.dll+0x65ea9]
C  [ntdll.dll+0xa522e]
C  0x000002ea03a30f2d

VM_Operation (0x000000f2aebfc860): G1CollectForAllocation, mode: safepoint, requested by thread 0x000002ea285fa800


---------------  P R O C E S S  ---------------

Threads class SMR info:
_java_thread_list=0x000002ea26e3deb0, length=68, elements={
0x000002ea7e1c3800, 0x000002ea1ab8e800, 0x000002ea1ab93800, 0x000002ea1b514800,
0x000002ea1b515800, 0x000002ea1b516800, 0x000002ea1b518800, 0x000002ea1b521000,
0x000002ea1b523000, 0x000002ea1b69b800, 0x000002ea1dfe2000, 0x000002ea1c9cd800,
0x000002ea1d30d000, 0x000002ea1ccb9800, 0x000002ea1b916000, 0x000002ea1cec9000,
0x000002ea1d8e2000, 0x000002ea1bd83000, 0x000002ea1dec0000, 0x000002ea1da32800,
0x000002ea1da35000, 0x000002ea1da33800, 0x000002ea1da3d800, 0x000002ea1da2f800,
0x000002ea1da34000, 0x000002ea1da31800, 0x000002ea1da31000, 0x000002ea1da36000,
0x000002ea1da30000, 0x000002ea1e50f800, 0x000002ea1e50e000, 0x000002ea20e34800,
0x000002ea1e50d000, 0x000002ea1e513800, 0x000002ea1e514800, 0x000002ea1e515000,
0x000002ea1e517000, 0x000002ea1e511000, 0x000002ea1e517800, 0x000002ea1e512000,
0x000002ea1e518800, 0x000002ea1e519800, 0x000002ea1e51a000, 0x000002ea1e51b000,
0x000002ea21511800, 0x000002ea21511000, 0x000002ea2150f000, 0x000002ea2150c800,
0x000002ea2150e800, 0x000002ea2150c000, 0x000002ea21512800, 0x000002ea21513000,
0x000002ea21515000, 0x000002ea21510000, 0x000002ea2151a000, 0x000002ea2151a800,
0x000002ea21518000, 0x000002ea21515800, 0x000002ea21516800, 0x000002ea21519000,
0x000002ea21517800, 0x000002ea285fc800, 0x000002ea285fa000, 0x000002ea285fd000,
0x000002ea285fa800, 0x000002ea285fe000, 0x000002ea285f8800, 0x000002ea28604800
}

Java Threads: ( => current thread )
  0x000002ea7e1c3800 JavaThread "main" [_thread_blocked, id=2052, stack(0x000000f2a9c00000,0x000000f2a9d00000)]
  0x000002ea1ab8e800 JavaThread "Reference Handler" daemon [_thread_blocked, id=6368, stack(0x000000f2aa300000,0x000000f2aa400000)]
  0x000002ea1ab93800 JavaThread "Finalizer" daemon [_thread_blocked, id=2616, stack(0x000000f2aa400000,0x000000f2aa500000)]
  0x000002ea1b514800 JavaThread "Signal Dispatcher" daemon [_thread_blocked, id=6112, stack(0x000000f2aa500000,0x000000f2aa600000)]
  0x000002ea1b515800 JavaThread "Attach Listener" daemon [_thread_blocked, id=6564, stack(0x000000f2aa600000,0x000000f2aa700000)]
  0x000002ea1b516800 JavaThread "Service Thread" daemon [_thread_blocked, id=5972, stack(0x000000f2aa700000,0x000000f2aa800000)]
  0x000002ea1b518800 JavaThread "C2 CompilerThread0" daemon [_thread_blocked, id=14392, stack(0x000000f2aa800000,0x000000f2aa900000)]
  0x000002ea1b521000 JavaThread "C1 CompilerThread0" daemon [_thread_blocked, id=14076, stack(0x000000f2aa900000,0x000000f2aaa00000)]
  0x000002ea1b523000 JavaThread "Sweeper thread" daemon [_thread_blocked, id=8104, stack(0x000000f2aaa00000,0x000000f2aab00000)]
  0x000002ea1b69b800 JavaThread "Common-Cleaner" daemon [_thread_blocked, id=4444, stack(0x000000f2aab00000,0x000000f2aac00000)]
  0x000002ea1dfe2000 JavaThread "Daemon health stats" [_thread_blocked, id=15208, stack(0x000000f2ab100000,0x000000f2ab200000)]
  0x000002ea1c9cd800 JavaThread "Incoming local TCP Connector on port 54812" [_thread_in_native, id=12572, stack(0x000000f2aad00000,0x000000f2aae00000)]
  0x000002ea1d30d000 JavaThread "Daemon periodic checks" [_thread_blocked, id=8980, stack(0x000000f2aae00000,0x000000f2aaf00000)]
  0x000002ea1ccb9800 JavaThread "Daemon" [_thread_blocked, id=9636, stack(0x000000f2ab200000,0x000000f2ab300000)]
  0x000002ea1b916000 JavaThread "Handler for socket connection from /127.0.0.1:54812 to /127.0.0.1:54813" [_thread_in_native, id=3320, stack(0x000000f2ab300000,0x000000f2ab400000)]
  0x000002ea1cec9000 JavaThread "Cancel handler" [_thread_blocked, id=11808, stack(0x000000f2ab400000,0x000000f2ab500000)]
  0x000002ea1d8e2000 JavaThread "Daemon worker" [_thread_blocked, id=10636, stack(0x000000f2ab500000,0x000000f2ab600000)]
  0x000002ea1bd83000 JavaThread "Asynchronous log dispatcher for DefaultDaemonConnection: socket connection from /127.0.0.1:54812 to /127.0.0.1:54813" [_thread_blocked, id=108, stack(0x000000f2ab600000,0x000000f2ab700000)]
  0x000002ea1dec0000 JavaThread "Stdin handler" [_thread_blocked, id=7972, stack(0x000000f2ab700000,0x000000f2ab800000)]
  0x000002ea1da32800 JavaThread "Daemon client event forwarder" [_thread_blocked, id=4192, stack(0x000000f2ab800000,0x000000f2ab900000)]
  0x000002ea1da35000 JavaThread "Cache worker for file hash cache (C:\Users\xpmkm\.gradle\caches\7.0.2\fileHashes)" [_thread_blocked, id=11660, stack(0x000000f2abe00000,0x000000f2abf00000)]
  0x000002ea1da33800 JavaThread "File lock request listener" [_thread_in_native, id=3444, stack(0x000000f2abf00000,0x000000f2ac000000)]
  0x000002ea1da3d800 JavaThread "C2 CompilerThread1" daemon [_thread_in_native, id=6864, stack(0x000000f2ac100000,0x000000f2ac200000)]
  0x000002ea1da2f800 JavaThread "Cache worker for journal cache (C:\Users\xpmkm\.gradle\caches\journal-1)" [_thread_blocked, id=2788, stack(0x000000f2ac200000,0x000000f2ac300000)]
  0x000002ea1da34000 JavaThread "Cache worker for file hash cache (C:\Users\xpmkm\Desktop\update_code_vezilla-server\codecanyon-L2GSbXtH-dairy-products-grocery-daily-milk-delivery-mobile-app-with-subscription-customer-app-delivery\test-vezilla-android-workspace\.gradle\7.0.2\fileHashes)" [_thread_blocked, id=14700, stack(0x000000f2ac300000,0x000000f2ac400000)]
  0x000002ea1da31800 JavaThread "File watcher server" daemon [_thread_blocked, id=3044, stack(0x000000f2ac400000,0x000000f2ac500000)]
  0x000002ea1da31000 JavaThread "File watcher consumer" daemon [_thread_blocked, id=14972, stack(0x000000f2ac500000,0x000000f2ac600000)]
  0x000002ea1da36000 JavaThread "Cache worker for checksums cache (C:\Users\xpmkm\Desktop\update_code_vezilla-server\codecanyon-L2GSbXtH-dairy-products-grocery-daily-milk-delivery-mobile-app-with-subscription-customer-app-delivery\test-vezilla-android-workspace\.gradle\checksums)" [_thread_blocked, id=13748, stack(0x000000f2ac600000,0x000000f2ac700000)]
  0x000002ea1da30000 JavaThread "Cache worker for cache directory md-supplier (C:\Users\xpmkm\.gradle\caches\7.0.2\md-supplier)" [_thread_blocked, id=9628, stack(0x000000f2ac700000,0x000000f2ac800000)]
  0x000002ea1e50f800 JavaThread "Cache worker for cache directory md-rule (C:\Users\xpmkm\.gradle\caches\7.0.2\md-rule)" [_thread_blocked, id=7396, stack(0x000000f2ac800000,0x000000f2ac900000)]
  0x000002ea1e50e000 JavaThread "Cache worker for execution history cache (C:\Users\xpmkm\.gradle\caches\7.0.2\executionHistory)" [_thread_blocked, id=15744, stack(0x000000f2ac900000,0x000000f2aca00000)]
  0x000002ea20e34800 JavaThread "C2 CompilerThread2" daemon [_thread_blocked, id=4220, stack(0x000000f2aca00000,0x000000f2acb00000)]
  0x000002ea1e50d000 JavaThread "jar transforms" [_thread_blocked, id=3548, stack(0x000000f2acb00000,0x000000f2acc00000)]
  0x000002ea1e513800 JavaThread "jar transforms Thread 2" [_thread_blocked, id=7148, stack(0x000000f2acc00000,0x000000f2acd00000)]
  0x000002ea1e514800 JavaThread "Cache worker for file content cache (C:\Users\xpmkm\.gradle\caches\7.0.2\fileContent)" [_thread_blocked, id=8720, stack(0x000000f2acd00000,0x000000f2ace00000)]
  0x000002ea1e515000 JavaThread "Cache worker for dependencies-accessors (C:\Users\xpmkm\Desktop\update_code_vezilla-server\codecanyon-L2GSbXtH-dairy-products-grocery-daily-milk-delivery-mobile-app-with-subscription-customer-app-delivery\test-vezilla-android-workspace\.gradle\7.0.2\dependencies-accessors)" [_thread_blocked, id=4372, stack(0x000000f2ace00000,0x000000f2acf00000)]
  0x000002ea1e517000 JavaThread "jar transforms Thread 3" [_thread_blocked, id=2772, stack(0x000000f2acf00000,0x000000f2ad000000)]
  0x000002ea1e511000 JavaThread "Cache worker for Build Output Cleanup Cache (C:\Users\xpmkm\Desktop\update_code_vezilla-server\codecanyon-L2GSbXtH-dairy-products-grocery-daily-milk-delivery-mobile-app-with-subscription-customer-app-delivery\test-vezilla-android-workspace\.gradle\buildOutputCleanup)" [_thread_blocked, id=4072, stack(0x000000f2ad000000,0x000000f2ad100000)]
  0x000002ea1e517800 JavaThread "Build operations" [_thread_blocked, id=1752, stack(0x000000f2ad100000,0x000000f2ad200000)]
  0x000002ea1e512000 JavaThread "Build operations Thread 2" [_thread_blocked, id=3328, stack(0x000000f2ad200000,0x000000f2ad300000)]
  0x000002ea1e518800 JavaThread "Build operations Thread 3" [_thread_blocked, id=1248, stack(0x000000f2ad300000,0x000000f2ad400000)]
  0x000002ea1e519800 JavaThread "Build operations Thread 4" [_thread_blocked, id=13908, stack(0x000000f2ad400000,0x000000f2ad500000)]
  0x000002ea1e51a000 JavaThread "Build operations Thread 5" [_thread_blocked, id=9972, stack(0x000000f2ad500000,0x000000f2ad600000)]
  0x000002ea1e51b000 JavaThread "Build operations Thread 6" [_thread_blocked, id=6320, stack(0x000000f2ad600000,0x000000f2ad700000)]
  0x000002ea21511800 JavaThread "Build operations Thread 7" [_thread_blocked, id=14624, stack(0x000000f2ad700000,0x000000f2ad800000)]
  0x000002ea21511000 JavaThread "Build operations Thread 8" [_thread_blocked, id=2088, stack(0x000000f2ad800000,0x000000f2ad900000)]
  0x000002ea2150f000 JavaThread "jar transforms Thread 4" [_thread_blocked, id=4216, stack(0x000000f2ad900000,0x000000f2ada00000)]
  0x000002ea2150c800 JavaThread "jar transforms Thread 5" [_thread_blocked, id=6028, stack(0x000000f2ada00000,0x000000f2adb00000)]
  0x000002ea2150e800 JavaThread "jar transforms Thread 6" [_thread_blocked, id=8400, stack(0x000000f2adb00000,0x000000f2adc00000)]
  0x000002ea2150c000 JavaThread "jar transforms Thread 7" [_thread_blocked, id=9228, stack(0x000000f2adc00000,0x000000f2add00000)]
  0x000002ea21512800 JavaThread "jar transforms Thread 8" [_thread_blocked, id=2192, stack(0x000000f2add00000,0x000000f2ade00000)]
  0x000002ea21513000 JavaThread "Memory manager" [_thread_blocked, id=8044, stack(0x000000f2ade00000,0x000000f2adf00000)]
  0x000002ea21515000 JavaThread "build event listener" [_thread_blocked, id=1908, stack(0x000000f2adf00000,0x000000f2ae000000)]
  0x000002ea21510000 JavaThread "Execution worker for ':'" [_thread_blocked, id=13020, stack(0x000000f2ae000000,0x000000f2ae100000)]
  0x000002ea2151a000 JavaThread "Execution worker for ':' Thread 2" [_thread_blocked, id=6532, stack(0x000000f2ae100000,0x000000f2ae200000)]
  0x000002ea2151a800 JavaThread "Execution worker for ':' Thread 3" [_thread_blocked, id=11824, stack(0x000000f2ae200000,0x000000f2ae300000)]
  0x000002ea21518000 JavaThread "Execution worker for ':' Thread 4" [_thread_blocked, id=7908, stack(0x000000f2ae300000,0x000000f2ae400000)]
  0x000002ea21515800 JavaThread "Execution worker for ':' Thread 5" [_thread_blocked, id=11104, stack(0x000000f2ae400000,0x000000f2ae500000)]
  0x000002ea21516800 JavaThread "Execution worker for ':' Thread 6" [_thread_blocked, id=13080, stack(0x000000f2ae500000,0x000000f2ae600000)]
  0x000002ea21519000 JavaThread "Execution worker for ':' Thread 7" [_thread_blocked, id=11452, stack(0x000000f2ae600000,0x000000f2ae700000)]
  0x000002ea21517800 JavaThread "Cache worker for execution history cache (C:\Users\xpmkm\Desktop\update_code_vezilla-server\codecanyon-L2GSbXtH-dairy-products-grocery-daily-milk-delivery-mobile-app-with-subscription-customer-app-delivery\test-vezilla-android-workspace\.gradle\7.0.2\executionHistory)" [_thread_blocked, id=3204, stack(0x000000f2ae700000,0x000000f2ae800000)]
  0x000002ea285fc800 JavaThread "WorkerExecutor Queue" [_thread_blocked, id=14068, stack(0x000000f2ae800000,0x000000f2ae900000)]
  0x000002ea285fa000 JavaThread "WorkerExecutor Queue Thread 2" [_thread_blocked, id=15276, stack(0x000000f2ae900000,0x000000f2aea00000)]
  0x000002ea285fd000 JavaThread "WorkerExecutor Queue Thread 3" [_thread_blocked, id=13588, stack(0x000000f2aea00000,0x000000f2aeb00000)]
  0x000002ea285fa800 JavaThread "WorkerExecutor Queue Thread 4" [_thread_blocked, id=14252, stack(0x000000f2aeb00000,0x000000f2aec00000)]
  0x000002ea285fe000 JavaThread "pool-3-thread-1" [_thread_blocked, id=14716, stack(0x000000f2aec00000,0x000000f2aed00000)]
  0x000002ea285f8800 JavaThread "stderr" [_thread_in_native, id=3340, stack(0x000000f2aed00000,0x000000f2aee00000)]
  0x000002ea28604800 JavaThread "stdout" [_thread_in_native, id=8560, stack(0x000000f2aee00000,0x000000f2aef00000)]

Other Threads:
=>0x000002ea1ab8b000 VMThread "VM Thread" [stack: 0x000000f2aa200000,0x000000f2aa300000] [id=3276]
  0x000002ea1b6f0000 WatcherThread [stack: 0x000000f2aac00000,0x000000f2aad00000] [id=15144]
  0x000002ea7e1de000 GCTaskThread "GC Thread#0" [stack: 0x000000f2a9d00000,0x000000f2a9e00000] [id=16264]
  0x000002ea1c33e800 GCTaskThread "GC Thread#1" [stack: 0x000000f2aaf00000,0x000000f2ab000000] [id=7056]
  0x000002ea1c208000 GCTaskThread "GC Thread#2" [stack: 0x000000f2ab000000,0x000000f2ab100000] [id=12300]
  0x000002ea1d553000 GCTaskThread "GC Thread#3" [stack: 0x000000f2ab900000,0x000000f2aba00000] [id=14832]
  0x000002ea1d05e000 GCTaskThread "GC Thread#4" [stack: 0x000000f2aba00000,0x000000f2abb00000] [id=14792]
  0x000002ea1da65000 GCTaskThread "GC Thread#5" [stack: 0x000000f2abb00000,0x000000f2abc00000] [id=4256]
  0x000002ea1c4b2000 GCTaskThread "GC Thread#6" [stack: 0x000000f2abc00000,0x000000f2abd00000] [id=1264]
  0x000002ea1c7af000 GCTaskThread "GC Thread#7" [stack: 0x000000f2abd00000,0x000000f2abe00000] [id=2776]
  0x000002ea7e211800 ConcurrentGCThread "G1 Main Marker" [stack: 0x000000f2a9e00000,0x000000f2a9f00000] [id=13840]
  0x000002ea7e213000 ConcurrentGCThread "G1 Conc#0" [stack: 0x000000f2a9f00000,0x000000f2aa000000] [id=13744]
  0x000002ea1c94e800 ConcurrentGCThread "G1 Conc#1" [stack: 0x000000f2ac000000,0x000000f2ac100000] [id=7580]
  0x000002ea1a9d8800 ConcurrentGCThread "G1 Refine#0" [stack: 0x000000f2aa000000,0x000000f2aa100000] [id=15628]
  0x000002ea1a9db000 ConcurrentGCThread "G1 Young RemSet Sampling" [stack: 0x000000f2aa100000,0x000000f2aa200000] [id=13032]

Threads with active compile tasks:
C2 CompilerThread0  17542 12123       4       com.android.tools.r8.internal.lp::a (286 bytes)
C2 CompilerThread1  17543 12072       4       com.android.tools.r8.dex.j::m (2086 bytes)
C2 CompilerThread2  17543 12115       4       com.android.tools.r8.graph.Q::F (30 bytes)

VM state:at safepoint (normal execution)

VM Mutex/Monitor currently owned by a thread:  ([mutex/lock_event])
[0x000002ea7e1bfe40] Threads_lock - owner thread: 0x000002ea1ab8b000
[0x000002ea7e1c0a10] Heap_lock - owner thread: 0x000002ea285fa800

Heap address: 0x0000000080000000, size: 2048 MB, Compressed Oops mode: 32-bit
Narrow klass base: 0x0000000000000000, Narrow klass shift: 3
Compressed class space size: 1073741824 Address: 0x0000000100000000

Heap:
 garbage-first heap   total 236544K, used 144598K [0x0000000080000000, 0x0000000100000000)
  region size 1024K, 4 young (4096K), 4 survivors (4096K)
 Metaspace       used 90283K, capacity 92955K, committed 93312K, reserved 1130496K
  class space    used 11621K, capacity 12584K, committed 12748K, reserved 1048576K
Heap Regions: E=young(eden), S=young(survivor), O=old, HS=humongous(starts), HC=humongous(continues), CS=collection set, F=free, A=archive, TAMS=top-at-mark-start (previous, next)
|   0|0x0000000080000000, 0x0000000080100000, 0x0000000080100000|100%| O|  |TAMS 0x0000000080100000, 0x0000000080100000| Untracked 
|   1|0x0000000080100000, 0x0000000080200000, 0x0000000080200000|100%| O|  |TAMS 0x0000000080200000, 0x0000000080200000| Untracked 
|   2|0x0000000080200000, 0x0000000080300000, 0x0000000080300000|100%| O|  |TAMS 0x0000000080300000, 0x0000000080300000| Untracked 
|   3|0x0000000080300000, 0x0000000080400000, 0x0000000080400000|100%|HS|  |TAMS 0x0000000080400000, 0x0000000080400000| Complete 
|   4|0x0000000080400000, 0x0000000080500000, 0x0000000080500000|100%|HC|  |TAMS 0x0000000080500000, 0x0000000080500000| Complete 
|   5|0x0000000080500000, 0x0000000080600000, 0x0000000080600000|100%|HC|  |TAMS 0x0000000080600000, 0x0000000080600000| Complete 
|   6|0x0000000080600000, 0x0000000080700000, 0x0000000080700000|100%| O|  |TAMS 0x0000000080700000, 0x0000000080700000| Untracked 
|   7|0x0000000080700000, 0x0000000080800000, 0x0000000080800000|100%| O|  |TAMS 0x0000000080800000, 0x0000000080800000| Untracked 
|   8|0x0000000080800000, 0x0000000080900000, 0x0000000080900000|100%| O|  |TAMS 0x0000000080900000, 0x0000000080900000| Untracked 
|   9|0x0000000080900000, 0x0000000080a00000, 0x0000000080a00000|100%| O|  |TAMS 0x0000000080a00000, 0x0000000080a00000| Untracked 
|  10|0x0000000080a00000, 0x0000000080b00000, 0x0000000080b00000|100%| O|  |TAMS 0x0000000080b00000, 0x0000000080b00000| Untracked 
|  11|0x0000000080b00000, 0x0000000080c00000, 0x0000000080c00000|100%| O|  |TAMS 0x0000000080c00000, 0x0000000080c00000| Untracked 
|  12|0x0000000080c00000, 0x0000000080d00000, 0x0000000080d00000|100%| O|  |TAMS 0x0000000080d00000, 0x0000000080d00000| Untracked 
|  13|0x0000000080d00000, 0x0000000080e00000, 0x0000000080e00000|100%| O|  |TAMS 0x0000000080e00000, 0x0000000080e00000| Untracked 
|  14|0x0000000080e00000, 0x0000000080f00000, 0x0000000080f00000|100%| O|  |TAMS 0x0000000080f00000, 0x0000000080f00000| Untracked 
|  15|0x0000000080f00000, 0x0000000081000000, 0x0000000081000000|100%| O|  |TAMS 0x0000000081000000, 0x0000000081000000| Untracked 
|  16|0x0000000081000000, 0x0000000081100000, 0x0000000081100000|100%| O|  |TAMS 0x0000000081100000, 0x0000000081100000| Untracked 
|  17|0x0000000081100000, 0x0000000081200000, 0x0000000081200000|100%| O|  |TAMS 0x0000000081200000, 0x0000000081200000| Untracked 
|  18|0x0000000081200000, 0x0000000081300000, 0x0000000081300000|100%| O|  |TAMS 0x0000000081300000, 0x0000000081300000| Untracked 
|  19|0x0000000081300000, 0x0000000081400000, 0x0000000081400000|100%| O|  |TAMS 0x0000000081400000, 0x0000000081400000| Untracked 
|  20|0x0000000081400000, 0x0000000081500000, 0x0000000081500000|100%| O|  |TAMS 0x0000000081500000, 0x0000000081500000| Untracked 
|  21|0x0000000081500000, 0x0000000081600000, 0x0000000081600000|100%| O|  |TAMS 0x0000000081600000, 0x0000000081600000| Untracked 
|  22|0x0000000081600000, 0x0000000081700000, 0x0000000081700000|100%| O|  |TAMS 0x0000000081700000, 0x0000000081700000| Untracked 
|  23|0x0000000081700000, 0x0000000081800000, 0x0000000081800000|100%| O|  |TAMS 0x0000000081800000, 0x0000000081800000| Untracked 
|  24|0x0000000081800000, 0x0000000081900000, 0x0000000081900000|100%| O|  |TAMS 0x0000000081900000, 0x0000000081900000| Untracked 
|  25|0x0000000081900000, 0x0000000081a00000, 0x0000000081a00000|100%| O|  |TAMS 0x0000000081a00000, 0x0000000081a00000| Untracked 
|  26|0x0000000081a00000, 0x0000000081b00000, 0x0000000081b00000|100%|HS|  |TAMS 0x0000000081b00000, 0x0000000081b00000| Complete 
|  27|0x0000000081b00000, 0x0000000081c00000, 0x0000000081c00000|100%|HS|  |TAMS 0x0000000081c00000, 0x0000000081c00000| Complete 
|  28|0x0000000081c00000, 0x0000000081d00000, 0x0000000081d00000|100%|HS|  |TAMS 0x0000000081d00000, 0x0000000081d00000| Complete 
|  29|0x0000000081d00000, 0x0000000081e00000, 0x0000000081e00000|100%|HC|  |TAMS 0x0000000081e00000, 0x0000000081e00000| Complete 
|  30|0x0000000081e00000, 0x0000000081f00000, 0x0000000081f00000|100%| O|  |TAMS 0x0000000081f00000, 0x0000000081f00000| Untracked 
|  31|0x0000000081f00000, 0x0000000082000000, 0x0000000082000000|100%| O|  |TAMS 0x0000000082000000, 0x0000000082000000| Untracked 
|  32|0x0000000082000000, 0x0000000082100000, 0x0000000082100000|100%| O|  |TAMS 0x0000000082100000, 0x0000000082100000| Untracked 
|  33|0x0000000082100000, 0x0000000082200000, 0x0000000082200000|100%| O|  |TAMS 0x0000000082200000, 0x0000000082200000| Untracked 
|  34|0x0000000082200000, 0x0000000082300000, 0x0000000082300000|100%| O|  |TAMS 0x0000000082300000, 0x0000000082300000| Untracked 
|  35|0x0000000082300000, 0x0000000082400000, 0x0000000082400000|100%| O|  |TAMS 0x0000000082400000, 0x0000000082400000| Untracked 
|  36|0x0000000082400000, 0x0000000082500000, 0x0000000082500000|100%| O|  |TAMS 0x0000000082500000, 0x0000000082500000| Untracked 
|  37|0x0000000082500000, 0x0000000082600000, 0x0000000082600000|100%| O|  |TAMS 0x0000000082600000, 0x0000000082600000| Untracked 
|  38|0x0000000082600000, 0x0000000082700000, 0x0000000082700000|100%| O|  |TAMS 0x0000000082700000, 0x0000000082700000| Untracked 
|  39|0x0000000082700000, 0x0000000082800000, 0x0000000082800000|100%| O|  |TAMS 0x0000000082800000, 0x0000000082800000| Untracked 
|  40|0x0000000082800000, 0x0000000082900000, 0x0000000082900000|100%| O|  |TAMS 0x0000000082900000, 0x0000000082900000| Untracked 
|  41|0x0000000082900000, 0x0000000082a00000, 0x0000000082a00000|100%| O|  |TAMS 0x0000000082a00000, 0x0000000082a00000| Untracked 
|  42|0x0000000082a00000, 0x0000000082b00000, 0x0000000082b00000|100%| O|  |TAMS 0x0000000082b00000, 0x0000000082b00000| Untracked 
|  43|0x0000000082b00000, 0x0000000082c00000, 0x0000000082c00000|100%| O|  |TAMS 0x0000000082c00000, 0x0000000082c00000| Untracked 
|  44|0x0000000082c00000, 0x0000000082d00000, 0x0000000082d00000|100%| O|  |TAMS 0x0000000082d00000, 0x0000000082d00000| Untracked 
|  45|0x0000000082d00000, 0x0000000082e00000, 0x0000000082e00000|100%| O|  |TAMS 0x0000000082e00000, 0x0000000082e00000| Untracked 
|  46|0x0000000082e00000, 0x0000000082f00000, 0x0000000082f00000|100%| O|  |TAMS 0x0000000082f00000, 0x0000000082f00000| Untracked 
|  47|0x0000000082f00000, 0x0000000083000000, 0x0000000083000000|100%| O|  |TAMS 0x0000000083000000, 0x0000000083000000| Untracked 
|  48|0x0000000083000000, 0x0000000083100000, 0x0000000083100000|100%| O|  |TAMS 0x0000000083100000, 0x0000000083100000| Untracked 
|  49|0x0000000083100000, 0x0000000083200000, 0x0000000083200000|100%| O|  |TAMS 0x0000000083200000, 0x0000000083200000| Untracked 
|  50|0x0000000083200000, 0x0000000083300000, 0x0000000083300000|100%| O|  |TAMS 0x0000000083300000, 0x0000000083300000| Untracked 
|  51|0x0000000083300000, 0x0000000083400000, 0x0000000083400000|100%| O|  |TAMS 0x0000000083400000, 0x0000000083400000| Untracked 
|  52|0x0000000083400000, 0x0000000083500000, 0x0000000083500000|100%| O|  |TAMS 0x0000000083500000, 0x0000000083500000| Untracked 
|  53|0x0000000083500000, 0x0000000083600000, 0x0000000083600000|100%| O|  |TAMS 0x0000000083600000, 0x0000000083600000| Untracked 
|  54|0x0000000083600000, 0x0000000083700000, 0x0000000083700000|100%| O|  |TAMS 0x0000000083700000, 0x0000000083700000| Untracked 
|  55|0x0000000083700000, 0x0000000083800000, 0x0000000083800000|100%| O|  |TAMS 0x0000000083800000, 0x0000000083800000| Untracked 
|  56|0x0000000083800000, 0x0000000083900000, 0x0000000083900000|100%| O|  |TAMS 0x0000000083900000, 0x0000000083900000| Untracked 
|  57|0x0000000083900000, 0x0000000083a00000, 0x0000000083a00000|100%| O|  |TAMS 0x0000000083a00000, 0x0000000083a00000| Untracked 
|  58|0x0000000083a00000, 0x0000000083b00000, 0x0000000083b00000|100%| O|  |TAMS 0x0000000083b00000, 0x0000000083b00000| Untracked 
|  59|0x0000000083b00000, 0x0000000083c00000, 0x0000000083c00000|100%| O|  |TAMS 0x0000000083c00000, 0x0000000083c00000| Untracked 
|  60|0x0000000083c00000, 0x0000000083d00000, 0x0000000083d00000|100%| O|  |TAMS 0x0000000083d00000, 0x0000000083d00000| Untracked 
|  61|0x0000000083d00000, 0x0000000083e00000, 0x0000000083e00000|100%| O|  |TAMS 0x0000000083e00000, 0x0000000083e00000| Untracked 
|  62|0x0000000083e00000, 0x0000000083f00000, 0x0000000083f00000|100%| O|  |TAMS 0x0000000083f00000, 0x0000000083f00000| Untracked 
|  63|0x0000000083f00000, 0x0000000084000000, 0x0000000084000000|100%| O|  |TAMS 0x0000000084000000, 0x0000000084000000| Untracked 
|  64|0x0000000084000000, 0x0000000084100000, 0x0000000084100000|100%| O|  |TAMS 0x0000000084100000, 0x0000000084100000| Untracked 
|  65|0x0000000084100000, 0x0000000084200000, 0x0000000084200000|100%| O|  |TAMS 0x0000000084200000, 0x0000000084200000| Untracked 
|  66|0x0000000084200000, 0x0000000084300000, 0x0000000084300000|100%| O|  |TAMS 0x0000000084300000, 0x0000000084300000| Untracked 
|  67|0x0000000084300000, 0x0000000084400000, 0x0000000084400000|100%| O|  |TAMS 0x0000000084400000, 0x0000000084400000| Untracked 
|  68|0x0000000084400000, 0x0000000084500000, 0x0000000084500000|100%| O|  |TAMS 0x0000000084500000, 0x0000000084500000| Untracked 
|  69|0x0000000084500000, 0x0000000084600000, 0x0000000084600000|100%| O|  |TAMS 0x0000000084600000, 0x0000000084600000| Untracked 
|  70|0x0000000084600000, 0x0000000084700000, 0x0000000084700000|100%| O|  |TAMS 0x0000000084700000, 0x0000000084700000| Untracked 
|  71|0x0000000084700000, 0x0000000084800000, 0x0000000084800000|100%| O|  |TAMS 0x0000000084800000, 0x0000000084800000| Untracked 
|  72|0x0000000084800000, 0x0000000084900000, 0x0000000084900000|100%| O|  |TAMS 0x0000000084900000, 0x0000000084900000| Untracked 
|  73|0x0000000084900000, 0x0000000084a00000, 0x0000000084a00000|100%| O|  |TAMS 0x0000000084a00000, 0x0000000084a00000| Untracked 
|  74|0x0000000084a00000, 0x0000000084b00000, 0x0000000084b00000|100%| O|  |TAMS 0x0000000084b00000, 0x0000000084b00000| Untracked 
|  75|0x0000000084b00000, 0x0000000084c00000, 0x0000000084c00000|100%| O|  |TAMS 0x0000000084c00000, 0x0000000084c00000| Untracked 
|  76|0x0000000084c00000, 0x0000000084d00000, 0x0000000084d00000|100%| O|  |TAMS 0x0000000084d00000, 0x0000000084d00000| Untracked 
|  77|0x0000000084d00000, 0x0000000084e00000, 0x0000000084e00000|100%| O|  |TAMS 0x0000000084e00000, 0x0000000084e00000| Untracked 
|  78|0x0000000084e00000, 0x0000000084f00000, 0x0000000084f00000|100%| O|  |TAMS 0x0000000084f00000, 0x0000000084f00000| Untracked 
|  79|0x0000000084f00000, 0x0000000085000000, 0x0000000085000000|100%| O|  |TAMS 0x0000000085000000, 0x0000000085000000| Untracked 
|  80|0x0000000085000000, 0x0000000085100000, 0x0000000085100000|100%| O|  |TAMS 0x0000000085100000, 0x0000000085100000| Untracked 
|  81|0x0000000085100000, 0x0000000085200000, 0x0000000085200000|100%| O|  |TAMS 0x0000000085200000, 0x0000000085200000| Untracked 
|  82|0x0000000085200000, 0x0000000085300000, 0x0000000085300000|100%| O|  |TAMS 0x0000000085300000, 0x0000000085300000| Untracked 
|  83|0x0000000085300000, 0x0000000085400000, 0x0000000085400000|100%|HS|  |TAMS 0x0000000085400000, 0x0000000085400000| Complete 
|  84|0x0000000085400000, 0x0000000085500000, 0x0000000085500000|100%|HC|  |TAMS 0x0000000085500000, 0x0000000085500000| Complete 
|  85|0x0000000085500000, 0x0000000085600000, 0x0000000085600000|100%|HS|  |TAMS 0x0000000085600000, 0x0000000085600000| Complete 
|  86|0x0000000085600000, 0x0000000085700000, 0x0000000085700000|100%|HS|  |TAMS 0x0000000085700000, 0x0000000085700000| Complete 
|  87|0x0000000085700000, 0x0000000085800000, 0x0000000085800000|100%|HS|  |TAMS 0x0000000085800000, 0x0000000085800000| Complete 
|  88|0x0000000085800000, 0x0000000085900000, 0x0000000085900000|100%|HS|  |TAMS 0x0000000085900000, 0x0000000085900000| Complete 
|  89|0x0000000085900000, 0x0000000085a00000, 0x0000000085a00000|100%|HS|  |TAMS 0x0000000085a00000, 0x0000000085a00000| Complete 
|  90|0x0000000085a00000, 0x0000000085b00000, 0x0000000085b00000|100%|HS|  |TAMS 0x0000000085b00000, 0x0000000085b00000| Complete 
|  91|0x0000000085b00000, 0x0000000085c00000, 0x0000000085c00000|100%|HS|  |TAMS 0x0000000085c00000, 0x0000000085c00000| Complete 
|  92|0x0000000085c00000, 0x0000000085d00000, 0x0000000085d00000|100%|HC|  |TAMS 0x0000000085d00000, 0x0000000085d00000| Complete 
|  93|0x0000000085d00000, 0x0000000085e00000, 0x0000000085e00000|100%|HS|  |TAMS 0x0000000085e00000, 0x0000000085e00000| Complete 
|  94|0x0000000085e00000, 0x0000000085f00000, 0x0000000085f00000|100%|HC|  |TAMS 0x0000000085f00000, 0x0000000085f00000| Complete 
|  95|0x0000000085f00000, 0x0000000086000000, 0x0000000086000000|100%| O|  |TAMS 0x0000000086000000, 0x0000000086000000| Untracked 
|  96|0x0000000086000000, 0x0000000086100000, 0x0000000086100000|100%| O|  |TAMS 0x0000000086100000, 0x0000000086100000| Untracked 
|  97|0x0000000086100000, 0x0000000086200000, 0x0000000086200000|100%| O|  |TAMS 0x0000000086200000, 0x0000000086200000| Untracked 
|  98|0x0000000086200000, 0x0000000086300000, 0x0000000086300000|100%| O|  |TAMS 0x0000000086300000, 0x0000000086300000| Untracked 
|  99|0x0000000086300000, 0x0000000086400000, 0x0000000086400000|100%| O|  |TAMS 0x0000000086400000, 0x0000000086400000| Untracked 
| 100|0x0000000086400000, 0x0000000086500000, 0x0000000086500000|100%| O|  |TAMS 0x0000000086484000, 0x0000000086500000| Untracked 
| 101|0x0000000086500000, 0x0000000086600000, 0x0000000086600000|100%| O|  |TAMS 0x0000000086500000, 0x0000000086600000| Untracked 
| 102|0x0000000086600000, 0x0000000086700000, 0x0000000086700000|100%| O|  |TAMS 0x0000000086600000, 0x0000000086700000| Untracked 
| 103|0x0000000086700000, 0x0000000086800000, 0x0000000086800000|100%|HS|  |TAMS 0x0000000086700000, 0x0000000086800000| Complete 
| 104|0x0000000086800000, 0x0000000086900000, 0x0000000086900000|100%|HC|  |TAMS 0x0000000086800000, 0x0000000086900000| Complete 
| 105|0x0000000086900000, 0x0000000086a00000, 0x0000000086a00000|100%| O|  |TAMS 0x0000000086900000, 0x0000000086a00000| Untracked 
| 106|0x0000000086a00000, 0x0000000086b00000, 0x0000000086b00000|100%|HS|  |TAMS 0x0000000086a00000, 0x0000000086b00000| Complete 
| 107|0x0000000086b00000, 0x0000000086c00000, 0x0000000086c00000|100%| O|  |TAMS 0x0000000086b00000, 0x0000000086c00000| Untracked 
| 108|0x0000000086c00000, 0x0000000086d00000, 0x0000000086d00000|100%|HS|  |TAMS 0x0000000086c00000, 0x0000000086d00000| Complete 
| 109|0x0000000086d00000, 0x0000000086e00000, 0x0000000086e00000|100%| O|  |TAMS 0x0000000086d00000, 0x0000000086e00000| Untracked 
| 110|0x0000000086e00000, 0x0000000086f00000, 0x0000000086f00000|100%|HS|  |TAMS 0x0000000086e00000, 0x0000000086f00000| Complete 
| 111|0x0000000086f00000, 0x0000000087000000, 0x0000000087000000|100%| O|  |TAMS 0x0000000086f00000, 0x0000000087000000| Untracked 
| 112|0x0000000087000000, 0x0000000087100000, 0x0000000087100000|100%|HS|  |TAMS 0x0000000087000000, 0x0000000087100000| Complete 
| 113|0x0000000087100000, 0x0000000087200000, 0x0000000087200000|100%| O|  |TAMS 0x0000000087100000, 0x0000000087200000| Untracked 
| 114|0x0000000087200000, 0x0000000087300000, 0x0000000087300000|100%|HS|  |TAMS 0x0000000087200000, 0x0000000087300000| Complete 
| 115|0x0000000087300000, 0x0000000087335a00, 0x0000000087400000| 20%| O|  |TAMS 0x0000000087300000, 0x0000000087335a00| Untracked 
| 116|0x0000000087400000, 0x0000000087500000, 0x0000000087500000|100%|HS|  |TAMS 0x0000000087400000, 0x0000000087500000| Complete 
| 117|0x0000000087500000, 0x0000000087500000, 0x0000000087600000|  0%| F|  |TAMS 0x0000000087500000, 0x0000000087500000| Untracked 
| 118|0x0000000087600000, 0x0000000087600000, 0x0000000087700000|  0%| F|  |TAMS 0x0000000087600000, 0x0000000087600000| Untracked 
| 119|0x0000000087700000, 0x0000000087800000, 0x0000000087800000|100%|HS|  |TAMS 0x0000000087700000, 0x0000000087800000| Complete 
| 120|0x0000000087800000, 0x0000000087900000, 0x0000000087900000|100%|HC|  |TAMS 0x0000000087800000, 0x0000000087900000| Complete 
| 121|0x0000000087900000, 0x0000000087900000, 0x0000000087a00000|  0%| F|  |TAMS 0x0000000087900000, 0x0000000087900000| Untracked 
| 122|0x0000000087a00000, 0x0000000087a00000, 0x0000000087b00000|  0%| F|  |TAMS 0x0000000087a00000, 0x0000000087a00000| Untracked 
| 123|0x0000000087b00000, 0x0000000087c00000, 0x0000000087c00000|100%|HS|  |TAMS 0x0000000087b00000, 0x0000000087c00000| Complete 
| 124|0x0000000087c00000, 0x0000000087d00000, 0x0000000087d00000|100%|HC|  |TAMS 0x0000000087c00000, 0x0000000087d00000| Complete 
| 125|0x0000000087d00000, 0x0000000087e00000, 0x0000000087e00000|100%| O|  |TAMS 0x0000000087d00000, 0x0000000087e00000| Untracked 
| 126|0x0000000087e00000, 0x0000000087f00000, 0x0000000087f00000|100%| O|  |TAMS 0x0000000087e00000, 0x0000000087f00000| Untracked 
| 127|0x0000000087f00000, 0x0000000088000000, 0x0000000088000000|100%| O|  |TAMS 0x0000000087f00000, 0x0000000088000000| Untracked 
| 128|0x0000000088000000, 0x0000000088100000, 0x0000000088100000|100%| O|  |TAMS 0x0000000088000000, 0x0000000088100000| Untracked 
| 129|0x0000000088100000, 0x0000000088200000, 0x0000000088200000|100%| O|  |TAMS 0x0000000088100000, 0x0000000088200000| Untracked 
| 130|0x0000000088200000, 0x0000000088300000, 0x0000000088300000|100%| O|  |TAMS 0x0000000088200000, 0x0000000088300000| Untracked 
| 131|0x0000000088300000, 0x0000000088400000, 0x0000000088400000|100%| O|  |TAMS 0x0000000088300000, 0x0000000088400000| Untracked 
| 132|0x0000000088400000, 0x0000000088500000, 0x0000000088500000|100%| O|  |TAMS 0x0000000088400000, 0x0000000088500000| Untracked 
| 133|0x0000000088500000, 0x0000000088500000, 0x0000000088600000|  0%| F|  |TAMS 0x0000000088500000, 0x0000000088500000| Untracked 
| 134|0x0000000088600000, 0x0000000088600000, 0x0000000088700000|  0%| F|  |TAMS 0x0000000088600000, 0x0000000088600000| Untracked 
| 135|0x0000000088700000, 0x0000000088700000, 0x0000000088800000|  0%| F|  |TAMS 0x0000000088700000, 0x0000000088700000| Untracked 
| 136|0x0000000088800000, 0x0000000088800000, 0x0000000088900000|  0%| F|  |TAMS 0x0000000088800000, 0x0000000088800000| Untracked 
| 137|0x0000000088900000, 0x0000000088900000, 0x0000000088a00000|  0%| F|  |TAMS 0x0000000088900000, 0x0000000088900000| Untracked 
| 138|0x0000000088a00000, 0x0000000088a00000, 0x0000000088b00000|  0%| F|  |TAMS 0x0000000088a00000, 0x0000000088a00000| Untracked 
| 139|0x0000000088b00000, 0x0000000088b00000, 0x0000000088c00000|  0%| F|  |TAMS 0x0000000088b00000, 0x0000000088b00000| Untracked 
| 140|0x0000000088c00000, 0x0000000088c00000, 0x0000000088d00000|  0%| F|  |TAMS 0x0000000088c00000, 0x0000000088c00000| Untracked 
| 141|0x0000000088d00000, 0x0000000088d00000, 0x0000000088e00000|  0%| F|  |TAMS 0x0000000088d00000, 0x0000000088d00000| Untracked 
| 142|0x0000000088e00000, 0x0000000088e00000, 0x0000000088f00000|  0%| F|  |TAMS 0x0000000088e00000, 0x0000000088e00000| Untracked 
| 143|0x0000000088f00000, 0x0000000088f00000, 0x0000000089000000|  0%| F|  |TAMS 0x0000000088f00000, 0x0000000088f00000| Untracked 
| 144|0x0000000089000000, 0x0000000089000000, 0x0000000089100000|  0%| F|  |TAMS 0x0000000089000000, 0x0000000089000000| Untracked 
| 145|0x0000000089100000, 0x0000000089100000, 0x0000000089200000|  0%| F|  |TAMS 0x0000000089100000, 0x0000000089100000| Untracked 
| 146|0x0000000089200000, 0x0000000089200000, 0x0000000089300000|  0%| F|  |TAMS 0x0000000089200000, 0x0000000089200000| Untracked 
| 147|0x0000000089300000, 0x0000000089300000, 0x0000000089400000|  0%| F|  |TAMS 0x0000000089300000, 0x0000000089300000| Untracked 
| 148|0x0000000089400000, 0x0000000089400000, 0x0000000089500000|  0%| F|  |TAMS 0x0000000089400000, 0x0000000089400000| Untracked 
| 149|0x0000000089500000, 0x0000000089500000, 0x0000000089600000|  0%| F|  |TAMS 0x0000000089500000, 0x0000000089500000| Untracked 
| 150|0x0000000089600000, 0x0000000089600000, 0x0000000089700000|  0%| F|  |TAMS 0x0000000089600000, 0x0000000089600000| Untracked 
| 151|0x0000000089700000, 0x0000000089700000, 0x0000000089800000|  0%| F|  |TAMS 0x0000000089700000, 0x0000000089700000| Untracked 
| 152|0x0000000089800000, 0x0000000089800000, 0x0000000089900000|  0%| F|  |TAMS 0x0000000089800000, 0x0000000089800000| Untracked 
| 153|0x0000000089900000, 0x0000000089900000, 0x0000000089a00000|  0%| F|  |TAMS 0x0000000089900000, 0x0000000089900000| Untracked 
| 154|0x0000000089a00000, 0x0000000089a00000, 0x0000000089b00000|  0%| F|  |TAMS 0x0000000089a00000, 0x0000000089a00000| Untracked 
| 155|0x0000000089b00000, 0x0000000089b00000, 0x0000000089c00000|  0%| F|  |TAMS 0x0000000089b00000, 0x0000000089b00000| Untracked 
| 156|0x0000000089c00000, 0x0000000089c00000, 0x0000000089d00000|  0%| F|  |TAMS 0x0000000089c00000, 0x0000000089c00000| Untracked 
| 157|0x0000000089d00000, 0x0000000089d00000, 0x0000000089e00000|  0%| F|  |TAMS 0x0000000089d00000, 0x0000000089d00000| Untracked 
| 158|0x0000000089e00000, 0x0000000089e00000, 0x0000000089f00000|  0%| F|  |TAMS 0x0000000089e00000, 0x0000000089e00000| Untracked 
| 159|0x0000000089f00000, 0x0000000089f00000, 0x000000008a000000|  0%| F|  |TAMS 0x0000000089f00000, 0x0000000089f00000| Untracked 
| 160|0x000000008a000000, 0x000000008a000000, 0x000000008a100000|  0%| F|  |TAMS 0x000000008a000000, 0x000000008a000000| Untracked 
| 161|0x000000008a100000, 0x000000008a100000, 0x000000008a200000|  0%| F|  |TAMS 0x000000008a100000, 0x000000008a100000| Untracked 
| 162|0x000000008a200000, 0x000000008a200000, 0x000000008a300000|  0%| F|  |TAMS 0x000000008a200000, 0x000000008a200000| Untracked 
| 163|0x000000008a300000, 0x000000008a300000, 0x000000008a400000|  0%| F|  |TAMS 0x000000008a300000, 0x000000008a300000| Untracked 
| 164|0x000000008a400000, 0x000000008a400000, 0x000000008a500000|  0%| F|  |TAMS 0x000000008a400000, 0x000000008a400000| Untracked 
| 165|0x000000008a500000, 0x000000008a500000, 0x000000008a600000|  0%| F|  |TAMS 0x000000008a500000, 0x000000008a500000| Untracked 
| 166|0x000000008a600000, 0x000000008a600000, 0x000000008a700000|  0%| F|  |TAMS 0x000000008a600000, 0x000000008a600000| Untracked 
| 167|0x000000008a700000, 0x000000008a800000, 0x000000008a800000|100%| S|CS|TAMS 0x000000008a700000, 0x000000008a700000| Complete 
| 168|0x000000008a800000, 0x000000008a900000, 0x000000008a900000|100%| S|CS|TAMS 0x000000008a800000, 0x000000008a800000| Complete 
| 169|0x000000008a900000, 0x000000008aa00000, 0x000000008aa00000|100%| S|CS|TAMS 0x000000008a900000, 0x000000008a900000| Complete 
| 170|0x000000008aa00000, 0x000000008ab00000, 0x000000008ab00000|100%| S|CS|TAMS 0x000000008aa00000, 0x000000008aa00000| Complete 
| 171|0x000000008ab00000, 0x000000008ab00000, 0x000000008ac00000|  0%| F|  |TAMS 0x000000008ab00000, 0x000000008ab00000| Untracked 
| 172|0x000000008ac00000, 0x000000008ac00000, 0x000000008ad00000|  0%| F|  |TAMS 0x000000008ac00000, 0x000000008ac00000| Untracked 
| 173|0x000000008ad00000, 0x000000008ad00000, 0x000000008ae00000|  0%| F|  |TAMS 0x000000008ad00000, 0x000000008ad00000| Untracked 
| 174|0x000000008ae00000, 0x000000008ae00000, 0x000000008af00000|  0%| F|  |TAMS 0x000000008ae00000, 0x000000008ae00000| Untracked 
| 175|0x000000008af00000, 0x000000008af00000, 0x000000008b000000|  0%| F|  |TAMS 0x000000008af00000, 0x000000008af00000| Untracked 
| 176|0x000000008b000000, 0x000000008b000000, 0x000000008b100000|  0%| F|  |TAMS 0x000000008b000000, 0x000000008b000000| Untracked 
| 177|0x000000008b100000, 0x000000008b100000, 0x000000008b200000|  0%| F|  |TAMS 0x000000008b100000, 0x000000008b100000| Untracked 
| 178|0x000000008b200000, 0x000000008b200000, 0x000000008b300000|  0%| F|  |TAMS 0x000000008b200000, 0x000000008b200000| Untracked 
| 179|0x000000008b300000, 0x000000008b300000, 0x000000008b400000|  0%| F|  |TAMS 0x000000008b300000, 0x000000008b300000| Untracked 
| 180|0x000000008b400000, 0x000000008b400000, 0x000000008b500000|  0%| F|  |TAMS 0x000000008b400000, 0x000000008b400000| Untracked 
| 181|0x000000008b500000, 0x000000008b500000, 0x000000008b600000|  0%| F|  |TAMS 0x000000008b500000, 0x000000008b500000| Untracked 
| 182|0x000000008b600000, 0x000000008b600000, 0x000000008b700000|  0%| F|  |TAMS 0x000000008b600000, 0x000000008b600000| Untracked 
| 183|0x000000008b700000, 0x000000008b800000, 0x000000008b800000|100%| O|  |TAMS 0x000000008b700000, 0x000000008b800000| Untracked 
| 184|0x000000008b800000, 0x000000008b900000, 0x000000008b900000|100%| O|  |TAMS 0x000000008b800000, 0x000000008b900000| Untracked 
| 185|0x000000008b900000, 0x000000008ba00000, 0x000000008ba00000|100%| O|  |TAMS 0x000000008b900000, 0x000000008ba00000| Untracked 
| 186|0x000000008ba00000, 0x000000008bb00000, 0x000000008bb00000|100%| O|  |TAMS 0x000000008ba00000, 0x000000008bb00000| Untracked 
| 187|0x000000008bb00000, 0x000000008bc00000, 0x000000008bc00000|100%| O|  |TAMS 0x000000008bb00000, 0x000000008bc00000| Untracked 
| 188|0x000000008bc00000, 0x000000008bd00000, 0x000000008bd00000|100%| O|  |TAMS 0x000000008bc00000, 0x000000008bd00000| Untracked 
| 189|0x000000008bd00000, 0x000000008be00000, 0x000000008be00000|100%| O|  |TAMS 0x000000008bd00000, 0x000000008be00000| Untracked 
| 190|0x000000008be00000, 0x000000008bf00000, 0x000000008bf00000|100%| O|  |TAMS 0x000000008be00000, 0x000000008bf00000| Untracked 
| 191|0x000000008bf00000, 0x000000008c000000, 0x000000008c000000|100%| O|  |TAMS 0x000000008bf00000, 0x000000008c000000| Untracked 

Card table byte_map: [0x000002ea138b0000,0x000002ea13cb0000] _byte_map_base: 0x000002ea134b0000

Marking Bits (Prev, Next): (CMBitMap*) 0x000002ea7e208e28, (CMBitMap*) 0x000002ea7e208e60
 Prev Bits: [0x000002ea140b0000, 0x000002ea160b0000)
 Next Bits: [0x000002ea160b0000, 0x000002ea180b0000)

Polling page: 0x000002ea00000000

Metaspace:

Usage:
  Non-class:     78.49 MB capacity,    76.82 MB ( 98%) used,     1.41 MB (  2%) free+waste,   269.50 KB ( <1%) overhead. 
      Class:     12.29 MB capacity,    11.35 MB ( 92%) used,   841.09 KB (  7%) free+waste,   121.44 KB ( <1%) overhead. 
       Both:     90.78 MB capacity,    88.17 MB ( 97%) used,     2.23 MB (  2%) free+waste,   390.94 KB ( <1%) overhead. 

Virtual space:
  Non-class space:       80.00 MB reserved,      78.68 MB ( 98%) committed 
      Class space:        1.00 GB reserved,      12.45 MB (  1%) committed 
             Both:        1.08 GB reserved,      91.13 MB (  8%) committed 

Chunk freelists:
   Non-Class:  193.00 KB
       Class:  120.00 KB
        Both:  313.00 KB

MaxMetaspaceSize: 17179869184.00 GB
CompressedClassSpaceSize: 1.00 GB

CodeHeap 'non-profiled nmethods': size=120000Kb used=7417Kb max_used=7417Kb free=112582Kb
 bounds [0x000002ea0b500000, 0x000002ea0bc40000, 0x000002ea12a30000]
CodeHeap 'profiled nmethods': size=120000Kb used=26417Kb max_used=26417Kb free=93582Kb
 bounds [0x000002ea03fd0000, 0x000002ea059a0000, 0x000002ea0b500000]
CodeHeap 'non-nmethods': size=5760Kb used=2304Kb max_used=2376Kb free=3456Kb
 bounds [0x000002ea03a30000, 0x000002ea03ca0000, 0x000002ea03fd0000]
 total_blobs=12850 nmethods=11943 adapters=818
 compilation: enabled
              stopped_count=0, restarted_count=0
 full_count=0

Compilation events (20 events):
Event: 17.474 Thread 0x000002ea1b521000 12122       3       sun.management.MemoryPoolImpl::getType (15 bytes)
Event: 17.474 Thread 0x000002ea1b521000 nmethod 12122 0x000002ea0599af10 code [0x000002ea0599b0c0, 0x000002ea0599b218]
Event: 17.477 Thread 0x000002ea20e34800 nmethod 12119 0x000002ea0bc38e10 code [0x000002ea0bc38fa0, 0x000002ea0bc39178]
Event: 17.477 Thread 0x000002ea20e34800 12103       4       com.android.tools.r8.graph.X::F (30 bytes)
Event: 17.486 Thread 0x000002ea1b518800 nmethod 12102 0x000002ea0bc39310 code [0x000002ea0bc39500, 0x000002ea0bc3a708]
Event: 17.486 Thread 0x000002ea1b518800 12124       4       java.lang.Long::parseLong (267 bytes)
Event: 17.490 Thread 0x000002ea1b521000 12126       3       com.android.tools.r8.internal.zh::d (188 bytes)
Event: 17.491 Thread 0x000002ea1b521000 nmethod 12126 0x000002ea0599b290 code [0x000002ea0599b520, 0x000002ea0599c1e8]
Event: 17.494 Thread 0x000002ea1b518800 nmethod 12124 0x000002ea0bc3b090 code [0x000002ea0bc3b280, 0x000002ea0bc3b750]
Event: 17.494 Thread 0x000002ea1b518800 12123       4       com.android.tools.r8.internal.lp::a (286 bytes)
Event: 17.499 Thread 0x000002ea20e34800 nmethod 12103 0x000002ea0bc3bc10 code [0x000002ea0bc3bde0, 0x000002ea0bc3c878]
Event: 17.499 Thread 0x000002ea20e34800 12118       4       java.util.Arrays::equals (43 bytes)
Event: 17.502 Thread 0x000002ea20e34800 nmethod 12118 0x000002ea0bc3d010 code [0x000002ea0bc3d1a0, 0x000002ea0bc3d378]
Event: 17.502 Thread 0x000002ea20e34800 12127       4       com.android.tools.r8.internal.zh::get (106 bytes)
Event: 17.505 Thread 0x000002ea20e34800 nmethod 12127 0x000002ea0bc3d510 code [0x000002ea0bc3d6c0, 0x000002ea0bc3d898]
Event: 17.505 Thread 0x000002ea20e34800 12120       4       com.android.tools.r8.graph.c0::g (45 bytes)
Event: 17.507 Thread 0x000002ea20e34800 nmethod 12120 0x000002ea0bc3da90 code [0x000002ea0bc3dc20, 0x000002ea0bc3ddd8]
Event: 17.507 Thread 0x000002ea20e34800 12117       4       java.io.ByteArrayOutputStream::grow (43 bytes)
Event: 17.510 Thread 0x000002ea20e34800 nmethod 12117 0x000002ea0bc3de90 code [0x000002ea0bc3e040, 0x000002ea0bc3e438]
Event: 17.510 Thread 0x000002ea20e34800 12115       4       com.android.tools.r8.graph.Q::F (30 bytes)

GC Heap History (20 events):
Event: 11.569 GC heap after
{Heap after GC invocations=19 (full 0):
 garbage-first heap   total 187392K, used 67133K [0x0000000080000000, 0x0000000100000000)
  region size 1024K, 5 young (5120K), 5 survivors (5120K)
 Metaspace       used 71377K, capacity 73559K, committed 73728K, reserved 1114112K
  class space    used 9156K, capacity 9935K, committed 10060K, reserved 1048576K
}
Event: 12.745 GC heap before
{Heap before GC invocations=19 (full 0):
 garbage-first heap   total 187392K, used 135741K [0x0000000080000000, 0x0000000100000000)
  region size 1024K, 72 young (73728K), 5 survivors (5120K)
 Metaspace       used 77945K, capacity 80204K, committed 80512K, reserved 1118208K
  class space    used 10068K, capacity 10871K, committed 10956K, reserved 1048576K
}
Event: 12.752 GC heap after
{Heap after GC invocations=20 (full 0):
 garbage-first heap   total 187392K, used 70647K [0x0000000080000000, 0x0000000100000000)
  region size 1024K, 9 young (9216K), 9 survivors (9216K)
 Metaspace       used 77945K, capacity 80204K, committed 80512K, reserved 1118208K
  class space    used 10068K, capacity 10871K, committed 10956K, reserved 1048576K
}
Event: 13.735 GC heap before
{Heap before GC invocations=20 (full 0):
 garbage-first heap   total 187392K, used 139255K [0x0000000080000000, 0x0000000100000000)
  region size 1024K, 76 young (77824K), 9 survivors (9216K)
 Metaspace       used 81482K, capacity 84202K, committed 84352K, reserved 1122304K
  class space    used 10626K, capacity 11623K, committed 11724K, reserved 1048576K
}
Event: 13.749 GC heap after
{Heap after GC invocations=21 (full 0):
 garbage-first heap   total 187392K, used 76075K [0x0000000080000000, 0x0000000100000000)
  region size 1024K, 10 young (10240K), 10 survivors (10240K)
 Metaspace       used 81482K, capacity 84202K, committed 84352K, reserved 1122304K
  class space    used 10626K, capacity 11623K, committed 11724K, reserved 1048576K
}
Event: 14.518 GC heap before
{Heap before GC invocations=21 (full 0):
 garbage-first heap   total 187392K, used 143659K [0x0000000080000000, 0x0000000100000000)
  region size 1024K, 76 young (77824K), 10 survivors (10240K)
 Metaspace       used 81955K, capacity 84653K, committed 84864K, reserved 1122304K
  class space    used 10644K, capacity 11646K, committed 11724K, reserved 1048576K
}
Event: 14.528 GC heap after
{Heap after GC invocations=22 (full 0):
 garbage-first heap   total 187392K, used 81053K [0x0000000080000000, 0x0000000100000000)
  region size 1024K, 6 young (6144K), 6 survivors (6144K)
 Metaspace       used 81955K, capacity 84653K, committed 84864K, reserved 1122304K
  class space    used 10644K, capacity 11646K, committed 11724K, reserved 1048576K
}
Event: 15.130 GC heap before
{Heap before GC invocations=22 (full 0):
 garbage-first heap   total 187392K, used 145565K [0x0000000080000000, 0x0000000100000000)
  region size 1024K, 70 young (71680K), 6 survivors (6144K)
 Metaspace       used 82480K, capacity 85224K, committed 85376K, reserved 1122304K
  class space    used 10690K, capacity 11694K, committed 11724K, reserved 1048576K
}
Event: 15.139 GC heap after
{Heap after GC invocations=23 (full 0):
 garbage-first heap   total 187392K, used 84255K [0x0000000080000000, 0x0000000100000000)
  region size 1024K, 9 young (9216K), 9 survivors (9216K)
 Metaspace       used 82480K, capacity 85224K, committed 85376K, reserved 1122304K
  class space    used 10690K, capacity 11694K, committed 11724K, reserved 1048576K
}
Event: 15.882 GC heap before
{Heap before GC invocations=23 (full 0):
 garbage-first heap   total 187392K, used 147743K [0x0000000080000000, 0x0000000100000000)
  region size 1024K, 72 young (73728K), 9 survivors (9216K)
 Metaspace       used 84804K, capacity 87517K, committed 87680K, reserved 1124352K
  class space    used 10951K, capacity 11950K, committed 11980K, reserved 1048576K
}
Event: 15.891 GC heap after
{Heap after GC invocations=24 (full 0):
 garbage-first heap   total 187392K, used 86918K [0x0000000080000000, 0x0000000100000000)
  region size 1024K, 7 young (7168K), 7 survivors (7168K)
 Metaspace       used 84804K, capacity 87517K, committed 87680K, reserved 1124352K
  class space    used 10951K, capacity 11950K, committed 11980K, reserved 1048576K
}
Event: 16.379 GC heap before
{Heap before GC invocations=24 (full 0):
 garbage-first heap   total 187392K, used 150406K [0x0000000080000000, 0x0000000100000000)
  region size 1024K, 70 young (71680K), 7 survivors (7168K)
 Metaspace       used 86596K, capacity 89287K, committed 89472K, reserved 1126400K
  class space    used 11181K, capacity 12176K, committed 12236K, reserved 1048576K
}
Event: 16.389 GC heap after
{Heap after GC invocations=25 (full 0):
 garbage-first heap   total 187392K, used 89245K [0x0000000080000000, 0x0000000100000000)
  region size 1024K, 5 young (5120K), 5 survivors (5120K)
 Metaspace       used 86596K, capacity 89287K, committed 89472K, reserved 1126400K
  class space    used 11181K, capacity 12176K, committed 12236K, reserved 1048576K
}
Event: 16.760 GC heap before
{Heap before GC invocations=25 (full 0):
 garbage-first heap   total 187392K, used 119965K [0x0000000080000000, 0x0000000100000000)
  region size 1024K, 36 young (36864K), 5 survivors (5120K)
 Metaspace       used 87384K, capacity 90198K, committed 90368K, reserved 1128448K
  class space    used 11245K, capacity 12282K, committed 12364K, reserved 1048576K
}
Event: 16.769 GC heap after
{Heap after GC invocations=26 (full 0):
 garbage-first heap   total 187392K, used 92084K [0x0000000080000000, 0x0000000100000000)
  region size 1024K, 8 young (8192K), 8 survivors (8192K)
 Metaspace       used 87384K, capacity 90198K, committed 90368K, reserved 1128448K
  class space    used 11245K, capacity 12282K, committed 12364K, reserved 1048576K
}
Event: 17.176 GC heap before
{Heap before GC invocations=27 (full 0):
 garbage-first heap   total 187392K, used 121780K [0x0000000080000000, 0x0000000100000000)
  region size 1024K, 27 young (27648K), 8 survivors (8192K)
 Metaspace       used 90021K, capacity 92752K, committed 93312K, reserved 1130496K
  class space    used 11595K, capacity 12581K, committed 12748K, reserved 1048576K
}
Event: 17.188 GC heap after
{Heap after GC invocations=28 (full 0):
 garbage-first heap   total 187392K, used 111120K [0x0000000080000000, 0x0000000100000000)
  region size 1024K, 8 young (8192K), 8 survivors (8192K)
 Metaspace       used 90021K, capacity 92752K, committed 93312K, reserved 1130496K
  class space    used 11595K, capacity 12581K, committed 12748K, reserved 1048576K
}
Event: 17.428 GC heap before
{Heap before GC invocations=29 (full 0):
 garbage-first heap   total 187392K, used 171536K [0x0000000080000000, 0x0000000100000000)
  region size 1024K, 44 young (45056K), 8 survivors (8192K)
 Metaspace       used 90283K, capacity 92955K, committed 93312K, reserved 1130496K
  class space    used 11621K, capacity 12584K, committed 12748K, reserved 1048576K
}
Event: 17.445 GC heap after
{Heap after GC invocations=30 (full 0):
 garbage-first heap   total 196608K, used 139195K [0x0000000080000000, 0x0000000100000000)
  region size 1024K, 6 young (6144K), 6 survivors (6144K)
 Metaspace       used 90283K, capacity 92955K, committed 93312K, reserved 1130496K
  class space    used 11621K, capacity 12584K, committed 12748K, reserved 1048576K
}
Event: 17.510 GC heap before
{Heap before GC invocations=30 (full 0):
 garbage-first heap   total 196608K, used 150459K [0x0000000080000000, 0x0000000100000000)
  region size 1024K, 18 young (18432K), 6 survivors (6144K)
 Metaspace       used 90283K, capacity 92955K, committed 93312K, reserved 1130496K
  class space    used 11621K, capacity 12584K, committed 12748K, reserved 1048576K
}

Deoptimization events (20 events):
Event: 17.355 Thread 0x000002ea285fa800 Uncommon trap: trap_request=0xffffff4d fr.pc=0x000002ea0bc2280c relative=0x00000000000013cc
Event: 17.355 Thread 0x000002ea285fa800 Uncommon trap: reason=unstable_if action=reinterpret pc=0x000002ea0bc2280c method=java.util.concurrent.ConcurrentHashMap.putVal(Ljava/lang/Object;Ljava/lang/Object;Z)Ljava/lang/Object; @ 401 c2
Event: 17.355 Thread 0x000002ea285fa800 DEOPT PACKING pc=0x000002ea0bc2280c sp=0x000000f2aebfd340
Event: 17.355 Thread 0x000002ea285fa800 DEOPT UNPACKING pc=0x000002ea03a578af sp=0x000000f2aebfd2e0 mode 2
Event: 17.391 Thread 0x000002ea285fa800 Uncommon trap: trap_request=0xffffff4d fr.pc=0x000002ea0bc04448 relative=0x00000000000012e8
Event: 17.391 Thread 0x000002ea285fa800 Uncommon trap: reason=unstable_if action=reinterpret pc=0x000002ea0bc04448 method=java.util.concurrent.ConcurrentHashMap.transfer([Ljava/util/concurrent/ConcurrentHashMap$Node;[Ljava/util/concurrent/ConcurrentHashMap$Node;)V @ 352 c2
Event: 17.391 Thread 0x000002ea285fa800 DEOPT PACKING pc=0x000002ea0bc04448 sp=0x000000f2aebfd170
Event: 17.391 Thread 0x000002ea285fa800 DEOPT UNPACKING pc=0x000002ea03a578af sp=0x000000f2aebfd118 mode 2
Event: 17.405 Thread 0x000002ea285fa800 Uncommon trap: trap_request=0xffffff4d fr.pc=0x000002ea0bc28670 relative=0x0000000000000a70
Event: 17.405 Thread 0x000002ea285fa800 Uncommon trap: reason=unstable_if action=reinterpret pc=0x000002ea0bc28670 method=com.android.tools.r8.internal.Xe.d(I)Z @ 45 c2
Event: 17.405 Thread 0x000002ea285fa800 DEOPT PACKING pc=0x000002ea0bc28670 sp=0x000000f2aebfd250
Event: 17.405 Thread 0x000002ea285fa800 DEOPT UNPACKING pc=0x000002ea03a578af sp=0x000000f2aebfd160 mode 2
Event: 17.406 Thread 0x000002ea285fa800 Uncommon trap: trap_request=0xffffff4d fr.pc=0x000002ea0bc20024 relative=0x0000000000000084
Event: 17.406 Thread 0x000002ea285fa800 Uncommon trap: reason=unstable_if action=reinterpret pc=0x000002ea0bc20024 method=com.android.tools.r8.internal.Xe.d(I)Z @ 45 c2
Event: 17.406 Thread 0x000002ea285fa800 DEOPT PACKING pc=0x000002ea0bc20024 sp=0x000000f2aebfd1e0
Event: 17.406 Thread 0x000002ea285fa800 DEOPT UNPACKING pc=0x000002ea03a578af sp=0x000000f2aebfd170 mode 2
Event: 17.421 Thread 0x000002ea285fa800 DEOPT PACKING pc=0x000002ea05993f98 sp=0x000000f2aebfd1d0
Event: 17.421 Thread 0x000002ea285fa800 DEOPT UNPACKING pc=0x000002ea03a576ce sp=0x000000f2aebfc6d0 mode 0
Event: 17.454 Thread 0x000002ea285fa800 DEOPT PACKING pc=0x000002ea05993f98 sp=0x000000f2aebfd1a0
Event: 17.454 Thread 0x000002ea285fa800 DEOPT UNPACKING pc=0x000002ea03a576ce sp=0x000000f2aebfc6a0 mode 0

Classes redefined (0 events):
No events

Internal exceptions (20 events):
Event: 15.294 Thread 0x000002ea21518000 Exception <a 'sun/nio/fs/WindowsException'{0x000000008aec3c40}> (0x000000008aec3c40) thrown at [./src/hotspot/share/prims/jni.cpp, line 615]
Event: 15.294 Thread 0x000002ea21518000 Exception <a 'sun/nio/fs/WindowsException'{0x000000008aec4820}> (0x000000008aec4820) thrown at [./src/hotspot/share/prims/jni.cpp, line 615]
Event: 15.294 Thread 0x000002ea21518000 Exception <a 'sun/nio/fs/WindowsException'{0x000000008aec5808}> (0x000000008aec5808) thrown at [./src/hotspot/share/prims/jni.cpp, line 615]
Event: 15.294 Thread 0x000002ea21518000 Exception <a 'sun/nio/fs/WindowsException'{0x000000008aec6310}> (0x000000008aec6310) thrown at [./src/hotspot/share/prims/jni.cpp, line 615]
Event: 15.294 Thread 0x000002ea21518000 Exception <a 'sun/nio/fs/WindowsException'{0x000000008aec72c8}> (0x000000008aec72c8) thrown at [./src/hotspot/share/prims/jni.cpp, line 615]
Event: 15.312 Thread 0x000002ea21518000 Exception <a 'java/lang/NoSuchMethodError'{0x000000008ac7fc98}: <clinit>> (0x000000008ac7fc98) thrown at [./src/hotspot/share/prims/jni.cpp, line 1362]
Event: 15.315 Thread 0x000002ea21518000 Exception <a 'java/lang/NoSuchMethodError'{0x000000008acb60f8}: <clinit>> (0x000000008acb60f8) thrown at [./src/hotspot/share/prims/jni.cpp, line 1362]
Event: 15.319 Thread 0x000002ea21518000 Exception <a 'java/lang/NoSuchMethodError'{0x000000008acf1290}: <clinit>> (0x000000008acf1290) thrown at [./src/hotspot/share/prims/jni.cpp, line 1362]
Event: 15.321 Thread 0x000002ea21518000 Exception <a 'java/lang/NoSuchMethodError'{0x000000008ab042d8}: <clinit>> (0x000000008ab042d8) thrown at [./src/hotspot/share/prims/jni.cpp, line 1362]
Event: 15.802 Thread 0x000002ea1e518800 Implicit null exception at 0x000002ea0bb951de to 0x000002ea0bb95a5c
Event: 15.851 Thread 0x000002ea1e512000 Implicit null exception at 0x000002ea0bb9bd23 to 0x000002ea0bb9c7d0
Event: 16.878 Thread 0x000002ea285fc800 Exception <a 'java/lang/NoSuchMethodError'{0x000000008b4c5ef8}: 'void java.lang.invoke.DirectMethodHandle$Holder.invokeStatic(java.lang.Object, long)'> (0x000000008b4c5ef8) thrown at [./src/hotspot/share/interpreter/linkResolver.cpp, line 773]
Event: 16.879 Thread 0x000002ea285fc800 Exception <a 'java/lang/NoSuchMethodError'{0x000000008b4cb110}: 'java.lang.Object java.lang.invoke.DirectMethodHandle$Holder.invokeStatic(java.lang.Object, long)'> (0x000000008b4cb110) thrown at [./src/hotspot/share/interpreter/linkResolver.cpp, line 773]
Event: 16.881 Thread 0x000002ea285fc800 Exception <a 'java/lang/NoSuchMethodError'{0x000000008b4d9478}: 'java.lang.Object java.lang.invoke.DirectMethodHandle$Holder.invokeStaticInit(java.lang.Object, java.lang.Object, long, java.lang.Object)'> (0x000000008b4d9478) thrown at [./src/hotspot/share/interpreter/linkResolver.cpp, line 773]
Event: 16.882 Thread 0x000002ea285fc800 Exception <a 'java/lang/NoSuchMethodError'{0x000000008b4df610}: 'java.lang.Object java.lang.invoke.DirectMethodHandle$Holder.invokeStatic(java.lang.Object, java.lang.Object, long)'> (0x000000008b4df610) thrown at [./src/hotspot/share/interpreter/linkResolver.cpp, line 773]
Event: 16.882 Thread 0x000002ea285fc800 Exception <a 'java/lang/NoSuchMethodError'{0x000000008b4e5b88}: 'java.lang.Object java.lang.invoke.Invokers$Holder.linkToTargetMethod(java.lang.Object, long, java.lang.Object)'> (0x000000008b4e5b88) thrown at [./src/hotspot/share/interpreter/linkResolver.cpp, line 773]
Event: 17.008 Thread 0x000002ea285fa800 Exception <a 'sun/nio/fs/WindowsException'{0x000000008adcec20}> (0x000000008adcec20) thrown at [./src/hotspot/share/prims/jni.cpp, line 615]
Event: 17.130 Thread 0x000002ea285fc800 Exception <a 'java/lang/NoSuchMethodError'{0x000000008a67bb80}: 'int java.lang.invoke.DirectMethodHandle$Holder.invokeSpecialIFC(java.lang.Object, java.lang.Object, java.lang.Object)'> (0x000000008a67bb80) thrown at [./src/hotspot/share/interpreter/linkResolver.cpp, line 773]
Event: 17.170 Thread 0x000002ea285fa800 Exception <a 'java/lang/NoSuchMethodError'{0x000000008a441288}: 'java.lang.Object java.lang.invoke.DirectMethodHandle$Holder.invokeStatic(java.lang.Object, java.lang.Object, java.lang.Object, java.lang.Object, java.lang.Object, java.lang.Object, java.lang.Object, java.lang.Object, java.lang.Object, java.lang.Object, java.lang.Object, java.lang.Object, java.lang.Object, java.lang.Object, java.lang.Object, java.lang.Object, java.lang.Object, java.lang.Object, int, java.lang.Object)'> (0x000000008a441288) thr
Event: 17.171 Thread 0x000002ea285fa800 Exception <a 'java/lang/NoSuchMethodError'{0x000000008a446d68}: 'java.lang.Object java.lang.invoke.DirectMethodHandle$Holder.invokeStaticInit(java.lang.Object, java.lang.Object, java.lang.Object, java.lang.Object, java.lang.Object, java.lang.Object, java.lang.Object, java.lang.Object, java.lang.Object, java.lang.Object, java.lang.Object, java.lang.Object, java.lang.Object, java.lang.Object, java.lang.Object, java.lang.Object, java.lang.Object, java.lang.Object, int, java.lang.Object)'> (0x000000008a446d68)

Events (20 events):
Event: 17.234 loading class com/android/tools/r8/graph/e0 done
Event: 17.234 loading class com/android/tools/r8/graph/e0
Event: 17.234 loading class com/android/tools/r8/graph/e0 done
Event: 17.234 loading class com/android/tools/r8/dex/j
Event: 17.234 loading class com/android/tools/r8/dex/j done
Event: 17.236 loading class com/android/tools/r8/graph/y
Event: 17.236 loading class com/android/tools/r8/graph/y done
Event: 17.314 Executing VM operation: CGC_Operation
Event: 17.322 Executing VM operation: CGC_Operation done
Event: 17.355 loading class java/util/concurrent/ConcurrentHashMap$TreeNode
Event: 17.356 loading class java/util/concurrent/ConcurrentHashMap$TreeNode done
Event: 17.356 loading class java/util/concurrent/ConcurrentHashMap$TreeBin
Event: 17.356 loading class java/util/concurrent/ConcurrentHashMap$TreeBin done
Event: 17.375 Executing VM operation: CGC_Operation
Event: 17.375 Executing VM operation: CGC_Operation done
Event: 17.391 Executing VM operation: RevokeBias
Event: 17.391 Executing VM operation: RevokeBias done
Event: 17.428 Executing VM operation: G1CollectForAllocation
Event: 17.445 Executing VM operation: G1CollectForAllocation done
Event: 17.510 Executing VM operation: G1CollectForAllocation


Dynamic libraries:
0x00007ff7bc6e0000 - 0x00007ff7bc6ea000 	C:\Program Files\Android\Android Studio3\jre\bin\java.exe
0x00007ffd703a0000 - 0x00007ffd705af000 	C:\WINDOWS\SYSTEM32\ntdll.dll
0x00007ffd6ed30000 - 0x00007ffd6eded000 	C:\WINDOWS\System32\KERNEL32.DLL
0x00007ffd6d860000 - 0x00007ffd6dbe6000 	C:\WINDOWS\System32\KERNELBASE.dll
0x00007ffd6e0d0000 - 0x00007ffd6e1e1000 	C:\WINDOWS\System32\ucrtbase.dll
0x00007ffd60510000 - 0x00007ffd60527000 	C:\Program Files\Android\Android Studio3\jre\bin\VCRUNTIME140.dll
0x00007ffd5fb40000 - 0x00007ffd5fb59000 	C:\Program Files\Android\Android Studio3\jre\bin\jli.dll
0x00007ffd6f140000 - 0x00007ffd6f2ea000 	C:\WINDOWS\System32\USER32.dll
0x00007ffd56840000 - 0x00007ffd56ae1000 	C:\WINDOWS\WinSxS\amd64_microsoft.windows.common-controls_6595b64144ccf1df_6.0.22471.1000_none_228bc6e77ad112f7\COMCTL32.dll
0x00007ffd6e290000 - 0x00007ffd6e334000 	C:\WINDOWS\System32\msvcrt.dll
0x00007ffd6e1f0000 - 0x00007ffd6e216000 	C:\WINDOWS\System32\win32u.dll
0x00007ffd6e580000 - 0x00007ffd6e5a9000 	C:\WINDOWS\System32\GDI32.dll
0x00007ffd6dfb0000 - 0x00007ffd6e0c7000 	C:\WINDOWS\System32\gdi32full.dll
0x00007ffd6de80000 - 0x00007ffd6df1b000 	C:\WINDOWS\System32\msvcp_win.dll
0x00007ffd6e540000 - 0x00007ffd6e571000 	C:\WINDOWS\System32\IMM32.DLL
0x00007ffd52010000 - 0x00007ffd520ad000 	C:\Program Files\Android\Android Studio3\jre\bin\msvcp140.dll
0x00007ffd431e0000 - 0x00007ffd43caf000 	C:\Program Files\Android\Android Studio3\jre\bin\server\jvm.dll
0x00007ffd6e5b0000 - 0x00007ffd6e65e000 	C:\WINDOWS\System32\ADVAPI32.dll
0x00007ffd6ec80000 - 0x00007ffd6ed21000 	C:\WINDOWS\System32\sechost.dll
0x00007ffd6e420000 - 0x00007ffd6e540000 	C:\WINDOWS\System32\RPCRT4.dll
0x00007ffd6e220000 - 0x00007ffd6e228000 	C:\WINDOWS\System32\PSAPI.DLL
0x00007ffd4a4b0000 - 0x00007ffd4a4b9000 	C:\WINDOWS\SYSTEM32\WSOCK32.dll
0x00007ffd678d0000 - 0x00007ffd67903000 	C:\WINDOWS\SYSTEM32\WINMM.dll
0x00007ffd6f2f0000 - 0x00007ffd6f361000 	C:\WINDOWS\System32\WS2_32.dll
0x00007ffd6b550000 - 0x00007ffd6b55a000 	C:\WINDOWS\SYSTEM32\VERSION.dll
0x00007ffd6c930000 - 0x00007ffd6c948000 	C:\WINDOWS\SYSTEM32\kernel.appcore.dll
0x00007ffd69cf0000 - 0x00007ffd69d01000 	C:\Program Files\Android\Android Studio3\jre\bin\verify.dll
0x00007ffd65500000 - 0x00007ffd65727000 	C:\WINDOWS\SYSTEM32\DBGHELP.DLL
0x00007ffd6e900000 - 0x00007ffd6ec7e000 	C:\WINDOWS\System32\combase.dll
0x00007ffd5d9f0000 - 0x00007ffd5da21000 	C:\WINDOWS\SYSTEM32\dbgcore.DLL
0x00007ffd6df20000 - 0x00007ffd6dfa1000 	C:\WINDOWS\System32\bcryptPrimitives.dll
0x00007ffd69b50000 - 0x00007ffd69b79000 	C:\Program Files\Android\Android Studio3\jre\bin\java.dll
0x00007ffd69310000 - 0x00007ffd6931b000 	C:\Program Files\Android\Android Studio3\jre\bin\jimage.dll
0x00007ffd60970000 - 0x00007ffd60988000 	C:\Program Files\Android\Android Studio3\jre\bin\zip.dll
0x00007ffd6f980000 - 0x00007ffd7012b000 	C:\WINDOWS\System32\SHELL32.dll
0x00007ffd6b900000 - 0x00007ffd6c15c000 	C:\WINDOWS\SYSTEM32\windows.storage.dll
0x00007ffd6b7b0000 - 0x00007ffd6b8f9000 	C:\WINDOWS\SYSTEM32\wintypes.dll
0x00007ffd6e7a0000 - 0x00007ffd6e890000 	C:\WINDOWS\System32\SHCORE.dll
0x00007ffd6e890000 - 0x00007ffd6e8eb000 	C:\WINDOWS\System32\shlwapi.dll
0x00007ffd6d790000 - 0x00007ffd6d7b1000 	C:\WINDOWS\SYSTEM32\profapi.dll
0x00007ffd60950000 - 0x00007ffd6096a000 	C:\Program Files\Android\Android Studio3\jre\bin\net.dll
0x00007ffd67910000 - 0x00007ffd67a20000 	C:\WINDOWS\SYSTEM32\WINHTTP.dll
0x00007ffd6cd80000 - 0x00007ffd6cde9000 	C:\WINDOWS\system32\mswsock.dll
0x00007ffd60930000 - 0x00007ffd60944000 	C:\Program Files\Android\Android Studio3\jre\bin\nio.dll
0x00007ffd60530000 - 0x00007ffd60557000 	C:\Users\xpmkm\.gradle\native\8bec1ad78214c89d9ad589b4d07fe93259594b29d510b10fafb7a158f7737e5d\windows-amd64\native-platform.dll
0x00007ffd60180000 - 0x00007ffd602bd000 	C:\Users\xpmkm\.gradle\native\53dbd7edfb1c66fb8903c78663c9afc45aea4f116125fa6feffd364cf09443e8\windows-amd64\native-platform-file-events.dll
0x00007ffd69300000 - 0x00007ffd6930a000 	C:\Program Files\Android\Android Studio3\jre\bin\management.dll
0x00007ffd69040000 - 0x00007ffd6904c000 	C:\Program Files\Android\Android Studio3\jre\bin\management_ext.dll
0x00007ffd6cfd0000 - 0x00007ffd6cfe8000 	C:\WINDOWS\SYSTEM32\CRYPTSP.dll
0x00007ffd6c890000 - 0x00007ffd6c8c5000 	C:\WINDOWS\system32\rsaenh.dll
0x00007ffd6ce80000 - 0x00007ffd6cea9000 	C:\WINDOWS\SYSTEM32\USERENV.dll
0x00007ffd6d1c0000 - 0x00007ffd6d1e8000 	C:\WINDOWS\SYSTEM32\bcrypt.dll
0x00007ffd6cff0000 - 0x00007ffd6cffc000 	C:\WINDOWS\SYSTEM32\CRYPTBASE.dll
0x00007ffd6c380000 - 0x00007ffd6c3ad000 	C:\WINDOWS\SYSTEM32\IPHLPAPI.DLL
0x00007ffd6e8f0000 - 0x00007ffd6e8f9000 	C:\WINDOWS\System32\NSI.dll
0x00007ffd67320000 - 0x00007ffd67339000 	C:\WINDOWS\SYSTEM32\dhcpcsvc6.DLL
0x00007ffd672e0000 - 0x00007ffd672fe000 	C:\WINDOWS\SYSTEM32\dhcpcsvc.DLL
0x00007ffd6c3b0000 - 0x00007ffd6c4a1000 	C:\WINDOWS\SYSTEM32\DNSAPI.dll

dbghelp: loaded successfully - version: 4.0.5 - missing functions: none
symbol engine: initialized successfully - sym options: 0x614 - pdb path: .;C:\Program Files\Android\Android Studio3\jre\bin;C:\WINDOWS\SYSTEM32;C:\WINDOWS\WinSxS\amd64_microsoft.windows.common-controls_6595b64144ccf1df_6.0.22471.1000_none_228bc6e77ad112f7;C:\Program Files\Android\Android Studio3\jre\bin\server;C:\Users\xpmkm\.gradle\native\8bec1ad78214c89d9ad589b4d07fe93259594b29d510b10fafb7a158f7737e5d\windows-amd64;C:\Users\xpmkm\.gradle\native\53dbd7edfb1c66fb8903c78663c9afc45aea4f116125fa6feffd364cf09443e8\windows-amd64

VM Arguments:
jvm_args: --add-opens=java.base/java.util=ALL-UNNAMED --add-opens=java.base/java.lang=ALL-UNNAMED --add-opens=java.base/java.lang.invoke=ALL-UNNAMED --add-opens=java.base/java.util=ALL-UNNAMED --add-opens=java.prefs/java.util.prefs=ALL-UNNAMED --add-opens=java.prefs/java.util.prefs=ALL-UNNAMED --add-opens=java.base/java.nio.charset=ALL-UNNAMED --add-opens=java.base/java.net=ALL-UNNAMED --add-opens=java.base/java.util.concurrent.atomic=ALL-UNNAMED -Xmx2048m -Dfile.encoding=UTF-8 -Duser.country=IN -Duser.language=en -Duser.variant 
java_command: org.gradle.launcher.daemon.bootstrap.GradleDaemon 7.0.2
java_class_path (initial): C:\Users\xpmkm\.gradle\wrapper\dists\gradle-7.0.2-bin\857tjihv64xamwrf0h14cai3r\gradle-7.0.2\lib\gradle-launcher-7.0.2.jar
Launcher Type: SUN_STANDARD

[Global flags]
     intx CICompilerCount                          = 4                                         {product} {ergonomic}
     uint ConcGCThreads                            = 2                                         {product} {ergonomic}
     uint G1ConcRefinementThreads                  = 8                                         {product} {ergonomic}
   size_t G1HeapRegionSize                         = 1048576                                   {product} {ergonomic}
    uintx GCDrainStackTargetSize                   = 64                                        {product} {ergonomic}
   size_t InitialHeapSize                          = 132120576                                 {product} {ergonomic}
   size_t MarkStackSize                            = 4194304                                   {product} {ergonomic}
   size_t MaxHeapSize                              = 2147483648                                {product} {command line}
   size_t MaxNewSize                               = 1287651328                                {product} {ergonomic}
   size_t MinHeapDeltaBytes                        = 1048576                                   {product} {ergonomic}
    uintx NonNMethodCodeHeapSize                   = 5836300                                {pd product} {ergonomic}
    uintx NonProfiledCodeHeapSize                  = 122910970                              {pd product} {ergonomic}
    uintx ProfiledCodeHeapSize                     = 122910970                              {pd product} {ergonomic}
    uintx ReservedCodeCacheSize                    = 251658240                              {pd product} {ergonomic}
     bool SegmentedCodeCache                       = true                                      {product} {ergonomic}
     bool UseCompressedClassPointers               = true                                 {lp64_product} {ergonomic}
     bool UseCompressedOops                        = true                                 {lp64_product} {ergonomic}
     bool UseG1GC                                  = true                                      {product} {ergonomic}
     bool UseLargePagesIndividualAllocation        = false                                  {pd product} {ergonomic}

Logging:
Log output configuration:
 #0: stdout all=warning uptime,level,tags
 #1: stderr all=off uptime,level,tags

Environment Variables:
PATH=C:\Program Files (x86)\Common Files\Oracle\Java\javapath;C:\WINDOWS\system32;C:\WINDOWS;C:\WINDOWS\System32\Wbem;C:\WINDOWS\System32\WindowsPowerShell\v1.0\;C:\WINDOWS\System32\OpenSSH\;C:\Program Files\Git\cmd;C:\Program Files\nodejs\;C:\xampp\php;C:\ProgramData\ComposerSetup\bin;C:\Users\xpmkm\AppData\Local\Android\Sdk\platform-tools;C:\Program Files\Java\jdk1.8.0_231\bin;C:\Program Files\opnsl\bin;C:\Users\xpmkm\AppData\Roaming\npm;C:\Users\xpmkm\AppData\Local\Programs\Microsoft VS Code\bin;C:\Program Files\flutter\bin;C:\Users\xpmkm\AppData\Roaming\Composer\vendor\bin;C:\Users\xpmkm\AppData\Local\Microsoft\WindowsApps;
USERNAME=xpmkm
OS=Windows_NT
PROCESSOR_IDENTIFIER=AMD64 Family 23 Model 24 Stepping 1, AuthenticAMD



---------------  S Y S T E M  ---------------

OS: Windows 10 , 64 bit Build 22471 (10.0.22471.1000)
OS uptime: 0 days 0:42 hours

CPU:total 8 (initial active 8) (8 cores per cpu, 2 threads per core) family 23 model 24 stepping 1 microcode 0x0, cmov, cx8, fxsr, mmx, sse, sse2, sse3, ssse3, sse4.1, sse4.2, popcnt, avx, avx2, aes, clmul, mmxext, 3dnowpref, lzcnt, sse4a, ht, tsc, tscinvbit, tscinv, bmi1, bmi2, adx, s

Memory: 4k page, system-wide physical 8002M (886M free)
TotalPageFile size 12098M (AvailPageFile size 6M)
current process WorkingSet (physical memory assigned to process): 494M, peak: 494M
current process commit charge ("private bytes"): 530M, peak: 568M

vm_info: OpenJDK 64-Bit Server VM (11.0.10+0-b96-7249189) for windows-amd64 JRE (11.0.10+0-b96-7249189), built on Mar 31 2021 21:44:00 by "builder" with MS VC++ 14.0 (VS2015)

END.
