#
# There is insufficient memory for the Java Runtime Environment to continue.
# Native memory allocation (malloc) failed to allocate 1048576 bytes for AllocateHeap
# Possible reasons:
#   The system is out of physical RAM or swap space
#   The process is running with CompressedOops enabled, and the Java Heap may be blocking the growth of the native heap
# Possible solutions:
#   Reduce memory load on the system
#   Increase physical memory or swap space
#   Check if swap backing store is full
#   Decrease Java heap size (-Xmx/-Xms)
#   Decrease number of Java threads
#   Decrease Java thread stack sizes (-Xss)
#   Set larger code cache with -XX:ReservedCodeCacheSize=
#   JVM is running with Unscaled Compressed Oops mode in which the Java heap is
#     placed in the first 4GB address space. The Java Heap base address is the
#     maximum limit for the native heap growth. Please use -XX:HeapBaseMinAddress
#     to set the Java Heap base and to place the Java Heap above 4GB virtual address.
# This output file may be truncated or incomplete.
#
#  Out of Memory Error (./src/hotspot/share/memory/allocation.cpp:46), pid=5436, tid=820
#
# JRE version: OpenJDK Runtime Environment (11.0.10) (build 11.0.10+0-b96-7249189)
# Java VM: OpenJDK 64-Bit Server VM (11.0.10+0-b96-7249189, mixed mode, tiered, compressed oops, g1 gc, windows-amd64)
# No core dump will be written. Minidumps are not enabled by default on client versions of Windows
#

---------------  S U M M A R Y ------------

Command Line: --add-opens=java.base/java.util=ALL-UNNAMED --add-opens=java.base/java.lang=ALL-UNNAMED --add-opens=java.base/java.lang.invoke=ALL-UNNAMED --add-opens=java.prefs/java.util.prefs=ALL-UNNAMED -Xmx2048m -Dfile.encoding=UTF-8 -Duser.country=IN -Duser.language=en -Duser.variant org.gradle.launcher.daemon.bootstrap.GradleDaemon 6.5

Host: AMD Ryzen 5 3550H with Radeon Vega Mobile Gfx  , 8 cores, 7G,  Windows 10 , 64 bit Build 22468 (10.0.22468.1000)
Time: Fri Oct  1 15:05:54 2021 India Standard Time elapsed time: 7.464334 seconds (0d 0h 0m 7s)

---------------  T H R E A D  ---------------

Current thread (0x0000019ab0edb000):  VMThread "VM Thread" [stack: 0x0000008346200000,0x0000008346300000] [id=820]

Stack: [0x0000008346200000,0x0000008346300000]
[error occurred during error reporting (printing stack bounds), id 0xc0000005, EXCEPTION_ACCESS_VIOLATION (0xc0000005) at pc=0x0000019a9a550f2d]

Native frames: (J=compiled Java code, j=interpreted, Vv=VM code, C=native code)
V  [jvm.dll+0x5ecfaa]
V  [jvm.dll+0x722bd5]
V  [jvm.dll+0x72412d]
V  [jvm.dll+0x724745]
V  [jvm.dll+0x7246fb]
V  [jvm.dll+0x5ec348]
V  [jvm.dll+0x5ecad8]
C  [ntdll.dll+0xa623f]
C  [ntdll.dll+0x65ea9]
C  [ntdll.dll+0xa522e]
C  0x0000019a9a550f2d

VM_Operation (0x00000083477f5d10): CollectForMetadataAllocation, mode: safepoint, requested by thread 0x0000019ab35ad000


---------------  P R O C E S S  ---------------

Threads class SMR info:
_java_thread_list=0x0000019ab6d8cd40, length=134, elements={
0x0000019a96a63800, 0x0000019ab0edd800, 0x0000019ab0ee6800, 0x0000019ab1854800,
0x0000019ab1856000, 0x0000019ab1857000, 0x0000019ab1862000, 0x0000019ab0ef9000,
0x0000019ab0efa800, 0x0000019ab19bf000, 0x0000019ab26cf800, 0x0000019ab1a7f000,
0x0000019ab268a000, 0x0000019ab288a800, 0x0000019ab3d06800, 0x0000019ab34ec800,
0x0000019ab35ad000, 0x0000019ab2abe000, 0x0000019ab35ac000, 0x0000019ab395e800,
0x0000019ab395f000, 0x0000019ab3960000, 0x0000019ab3961800, 0x0000019ab3a9b000,
0x0000019ab3f16000, 0x0000019ab395c800, 0x0000019ab395d800, 0x0000019ab395c000,
0x0000019ab3961000, 0x0000019ab3962800, 0x0000019ab42aa800, 0x0000019ab42a8000,
0x0000019ab42a9800, 0x0000019ab42a6800, 0x0000019ab42a5800, 0x0000019ab42ac000,
0x0000019ab42b2000, 0x0000019ab42ad800, 0x0000019ab42ae800, 0x0000019ab42af800,
0x0000019ab42b0000, 0x0000019ab42b2800, 0x0000019ab42b1000, 0x0000019ab42ad000,
0x0000019ab42b3800, 0x0000019ab42b4800, 0x0000019ab7108800, 0x0000019ab710e000,
0x0000019ab710b800, 0x0000019ab710f000, 0x0000019ab7109800, 0x0000019ab710c800,
0x0000019ab7110000, 0x0000019ab710a000, 0x0000019ab7110800, 0x0000019ab710b000,
0x0000019ab7111800, 0x0000019ab7112800, 0x0000019ab710d800, 0x0000019ab7115800,
0x0000019ab7116800, 0x0000019ab7114800, 0x0000019ab7117000, 0x0000019ab7113000,
0x0000019ab7114000, 0x0000019ab6900000, 0x0000019ab68ff000, 0x0000019ab6900800,
0x0000019ab6901800, 0x0000019ab6902800, 0x0000019ab6904000, 0x0000019ab6903000,
0x0000019ab68fe000, 0x0000019ab6908000, 0x0000019ab6905000, 0x0000019ab6905800,
0x0000019ab6909000, 0x0000019ab6907000, 0x0000019ab6909800, 0x0000019ab6906800,
0x0000019ab690a800, 0x0000019ab690c000, 0x0000019ab690b800, 0x0000019ab690d000,
0x0000019ab333a800, 0x0000019ab3337800, 0x0000019ab3336000, 0x0000019ab3338800,
0x0000019ab3339000, 0x0000019ab333a000, 0x0000019ab333b800, 0x0000019ab3336800,
0x0000019ab333e000, 0x0000019ab333c800, 0x0000019ab333f000, 0x0000019ab333f800,
0x0000019ab3340800, 0x0000019ab3341000, 0x0000019ab3342000, 0x0000019ab3343000,
0x0000019ab333d000, 0x0000019ab3343800, 0x0000019ab3344800, 0x0000019ab1bf4000,
0x0000019ab1bf4800, 0x0000019ab1bf5800, 0x0000019ab1bf2000, 0x0000019ab1bf1800,
0x0000019ab1bf6800, 0x0000019ab1bf8800, 0x0000019ab1bf3000, 0x0000019ab1bf8000,
0x0000019ab1bfa800, 0x0000019ab1bf9800, 0x0000019ab1bfb000, 0x0000019ab1bfc000,
0x0000019ab1bfd000, 0x0000019ab1bf7000, 0x0000019ab1bfd800, 0x0000019ab1c00000,
0x0000019ab1bfe800, 0x0000019ab1bff800, 0x0000019ab7760800, 0x0000019ab7765000,
0x0000019ab7763800, 0x0000019ab7766000, 0x0000019ab7761000, 0x0000019ab7767000,
0x0000019ab7762000, 0x0000019ab7764800, 0x0000019ab7768800, 0x0000019ab7767800,
0x0000019ab7762800, 0x0000019ab776e000
}

Java Threads: ( => current thread )
  0x0000019a96a63800 JavaThread "main" [_thread_blocked, id=13412, stack(0x0000008345c00000,0x0000008345d00000)]
  0x0000019ab0edd800 JavaThread "Reference Handler" daemon [_thread_blocked, id=1488, stack(0x0000008346300000,0x0000008346400000)]
  0x0000019ab0ee6800 JavaThread "Finalizer" daemon [_thread_blocked, id=7216, stack(0x0000008346400000,0x0000008346500000)]
  0x0000019ab1854800 JavaThread "Signal Dispatcher" daemon [_thread_blocked, id=7408, stack(0x0000008346500000,0x0000008346600000)]
  0x0000019ab1856000 JavaThread "Attach Listener" daemon [_thread_blocked, id=9728, stack(0x0000008346600000,0x0000008346700000)]
  0x0000019ab1857000 JavaThread "Service Thread" daemon [_thread_blocked, id=14008, stack(0x0000008346700000,0x0000008346800000)]
  0x0000019ab1862000 JavaThread "C2 CompilerThread0" daemon [_thread_blocked, id=11660, stack(0x0000008346800000,0x0000008346900000)]
  0x0000019ab0ef9000 JavaThread "C1 CompilerThread0" daemon [_thread_blocked, id=4160, stack(0x0000008346900000,0x0000008346a00000)]
  0x0000019ab0efa800 JavaThread "Sweeper thread" daemon [_thread_blocked, id=10044, stack(0x0000008346a00000,0x0000008346b00000)]
  0x0000019ab19bf000 JavaThread "Common-Cleaner" daemon [_thread_blocked, id=8880, stack(0x0000008346b00000,0x0000008346c00000)]
  0x0000019ab26cf800 JavaThread "Daemon health stats" [_thread_blocked, id=11156, stack(0x0000008347100000,0x0000008347200000)]
  0x0000019ab1a7f000 JavaThread "Incoming local TCP Connector on port 61578" [_thread_in_native, id=5500, stack(0x0000008347200000,0x0000008347300000)]
  0x0000019ab268a000 JavaThread "Daemon periodic checks" [_thread_blocked, id=11236, stack(0x0000008347300000,0x0000008347400000)]
  0x0000019ab288a800 JavaThread "Daemon" [_thread_blocked, id=9088, stack(0x0000008347400000,0x0000008347500000)]
  0x0000019ab3d06800 JavaThread "Handler for socket connection from /127.0.0.1:61578 to /127.0.0.1:61579" [_thread_in_native, id=1944, stack(0x0000008347500000,0x0000008347600000)]
  0x0000019ab34ec800 JavaThread "Cancel handler" [_thread_blocked, id=10560, stack(0x0000008347600000,0x0000008347700000)]
  0x0000019ab35ad000 JavaThread "Daemon worker" [_thread_blocked, id=16140, stack(0x0000008347700000,0x0000008347800000)]
  0x0000019ab2abe000 JavaThread "Asynchronous log dispatcher for DefaultDaemonConnection: socket connection from /127.0.0.1:61578 to /127.0.0.1:61579" [_thread_blocked, id=6628, stack(0x0000008347800000,0x0000008347900000)]
  0x0000019ab35ac000 JavaThread "Stdin handler" [_thread_blocked, id=7540, stack(0x0000008347900000,0x0000008347a00000)]
  0x0000019ab395e800 JavaThread "Thread-8" [_thread_blocked, id=2380, stack(0x0000008347a00000,0x0000008347b00000)]
  0x0000019ab395f000 JavaThread "Cache worker for journal cache (C:\Users\xpmkm\.gradle\caches\journal-1)" [_thread_blocked, id=7368, stack(0x0000008347b00000,0x0000008347c00000)]
  0x0000019ab3960000 JavaThread "File lock request listener" [_thread_in_native, id=8740, stack(0x0000008348100000,0x0000008348200000)]
  0x0000019ab3961800 JavaThread "Cache worker for file hash cache (C:\Users\xpmkm\.gradle\caches\6.5\fileHashes)" [_thread_blocked, id=10600, stack(0x0000008348200000,0x0000008348300000)]
  0x0000019ab3a9b000 JavaThread "C2 CompilerThread1" daemon [_thread_blocked, id=5172, stack(0x0000008348400000,0x0000008348500000)]
  0x0000019ab3f16000 JavaThread "C2 CompilerThread2" daemon [_thread_blocked, id=336, stack(0x0000008348500000,0x0000008348600000)]
  0x0000019ab395c800 JavaThread "Cache worker for file hash cache (C:\Users\xpmkm\Desktop\update_code_vezilla-server\codecanyon-L2GSbXtH-dairy-products-grocery-daily-milk-delivery-mobile-app-with-subscription-customer-app-delivery\test-vezilla-android-workspace\.gradle\6.5\fileHashes)" [_thread_blocked, id=1608, stack(0x0000008348600000,0x0000008348700000)]
  0x0000019ab395d800 JavaThread "Cache worker for checksums cache (C:\Users\xpmkm\Desktop\update_code_vezilla-server\codecanyon-L2GSbXtH-dairy-products-grocery-daily-milk-delivery-mobile-app-with-subscription-customer-app-delivery\test-vezilla-android-workspace\.gradle\checksums)" [_thread_blocked, id=15520, stack(0x0000008348700000,0x0000008348800000)]
  0x0000019ab395c000 JavaThread "Cache worker for cache directory md-supplier (C:\Users\xpmkm\.gradle\caches\6.5\md-supplier)" [_thread_blocked, id=9048, stack(0x0000008348800000,0x0000008348900000)]
  0x0000019ab3961000 JavaThread "Cache worker for cache directory md-rule (C:\Users\xpmkm\.gradle\caches\6.5\md-rule)" [_thread_blocked, id=992, stack(0x0000008348900000,0x0000008348a00000)]
  0x0000019ab3962800 JavaThread "Cache worker for execution history cache (C:\Users\xpmkm\.gradle\caches\6.5\executionHistory)" [_thread_blocked, id=1148, stack(0x0000008348a00000,0x0000008348b00000)]
  0x0000019ab42aa800 JavaThread "jar transforms" [_thread_blocked, id=15968, stack(0x0000008348b00000,0x0000008348c00000)]
  0x0000019ab42a8000 JavaThread "Cache worker for file content cache (C:\Users\xpmkm\.gradle\caches\6.5\fileContent)" [_thread_blocked, id=8408, stack(0x0000008348c00000,0x0000008348d00000)]
  0x0000019ab42a9800 JavaThread "Build operations" [_thread_blocked, id=12120, stack(0x0000008348d00000,0x0000008348e00000)]
  0x0000019ab42a6800 JavaThread "Build operations Thread 2" [_thread_blocked, id=4784, stack(0x0000008348e00000,0x0000008348f00000)]
  0x0000019ab42a5800 JavaThread "Build operations Thread 3" [_thread_blocked, id=12184, stack(0x0000008348f00000,0x0000008349000000)]
  0x0000019ab42ac000 JavaThread "Build operations Thread 4" [_thread_blocked, id=6272, stack(0x0000008349000000,0x0000008349100000)]
  0x0000019ab42b2000 JavaThread "Build operations Thread 5" [_thread_blocked, id=7900, stack(0x0000008349100000,0x0000008349200000)]
  0x0000019ab42ad800 JavaThread "Build operations Thread 6" [_thread_blocked, id=12236, stack(0x0000008349200000,0x0000008349300000)]
  0x0000019ab42ae800 JavaThread "Build operations Thread 7" [_thread_blocked, id=7008, stack(0x0000008349300000,0x0000008349400000)]
  0x0000019ab42af800 JavaThread "Build operations Thread 8" [_thread_blocked, id=6396, stack(0x0000008349400000,0x0000008349500000)]
  0x0000019ab42b0000 JavaThread "jar transforms Thread 2" [_thread_blocked, id=4048, stack(0x0000008349500000,0x0000008349600000)]
  0x0000019ab42b2800 JavaThread "jar transforms Thread 3" [_thread_blocked, id=12700, stack(0x0000008349600000,0x0000008349700000)]
  0x0000019ab42b1000 JavaThread "jar transforms Thread 4" [_thread_blocked, id=7384, stack(0x0000008349700000,0x0000008349800000)]
  0x0000019ab42ad000 JavaThread "jar transforms Thread 5" [_thread_blocked, id=16208, stack(0x0000008349800000,0x0000008349900000)]
  0x0000019ab42b3800 JavaThread "jar transforms Thread 6" [_thread_blocked, id=1848, stack(0x0000008349900000,0x0000008349a00000)]
  0x0000019ab42b4800 JavaThread "jar transforms Thread 7" [_thread_blocked, id=8440, stack(0x0000008349a00000,0x0000008349b00000)]
  0x0000019ab7108800 JavaThread "jar transforms Thread 8" [_thread_blocked, id=11360, stack(0x0000008349b00000,0x0000008349c00000)]
  0x0000019ab710e000 JavaThread "jar transforms Thread 9" [_thread_blocked, id=15792, stack(0x0000008349c00000,0x0000008349d00000)]
  0x0000019ab710b800 JavaThread "jar transforms Thread 10" [_thread_blocked, id=7152, stack(0x0000008349d00000,0x0000008349e00000)]
  0x0000019ab710f000 JavaThread "jar transforms Thread 11" [_thread_blocked, id=1000, stack(0x0000008349e00000,0x0000008349f00000)]
  0x0000019ab7109800 JavaThread "jar transforms Thread 12" [_thread_blocked, id=15860, stack(0x0000008349f00000,0x000000834a000000)]
  0x0000019ab710c800 JavaThread "jar transforms Thread 13" [_thread_blocked, id=6672, stack(0x000000834a000000,0x000000834a100000)]
  0x0000019ab7110000 JavaThread "jar transforms Thread 14" [_thread_blocked, id=15108, stack(0x000000834a100000,0x000000834a200000)]
  0x0000019ab710a000 JavaThread "jar transforms Thread 15" [_thread_blocked, id=6776, stack(0x000000834a200000,0x000000834a300000)]
  0x0000019ab7110800 JavaThread "jar transforms Thread 16" [_thread_blocked, id=7116, stack(0x000000834a300000,0x000000834a400000)]
  0x0000019ab710b000 JavaThread "jar transforms Thread 17" [_thread_blocked, id=15612, stack(0x000000834a400000,0x000000834a500000)]
  0x0000019ab7111800 JavaThread "jar transforms Thread 18" [_thread_blocked, id=11760, stack(0x000000834a500000,0x000000834a600000)]
  0x0000019ab7112800 JavaThread "jar transforms Thread 19" [_thread_blocked, id=9332, stack(0x000000834a600000,0x000000834a700000)]
  0x0000019ab710d800 JavaThread "jar transforms Thread 20" [_thread_blocked, id=11724, stack(0x000000834a700000,0x000000834a800000)]
  0x0000019ab7115800 JavaThread "jar transforms Thread 21" [_thread_blocked, id=6972, stack(0x000000834a800000,0x000000834a900000)]
  0x0000019ab7116800 JavaThread "jar transforms Thread 22" [_thread_blocked, id=12152, stack(0x000000834a900000,0x000000834aa00000)]
  0x0000019ab7114800 JavaThread "jar transforms Thread 23" [_thread_blocked, id=4372, stack(0x000000834aa00000,0x000000834ab00000)]
  0x0000019ab7117000 JavaThread "jar transforms Thread 24" [_thread_blocked, id=6928, stack(0x000000834ab00000,0x000000834ac00000)]
  0x0000019ab7113000 JavaThread "jar transforms Thread 25" [_thread_blocked, id=5812, stack(0x000000834ac00000,0x000000834ad00000)]
  0x0000019ab7114000 JavaThread "jar transforms Thread 26" [_thread_blocked, id=8180, stack(0x000000834ad00000,0x000000834ae00000)]
  0x0000019ab6900000 JavaThread "jar transforms Thread 27" [_thread_blocked, id=8076, stack(0x000000834ae00000,0x000000834af00000)]
  0x0000019ab68ff000 JavaThread "jar transforms Thread 28" [_thread_blocked, id=4264, stack(0x000000834af00000,0x000000834b000000)]
  0x0000019ab6900800 JavaThread "jar transforms Thread 29" [_thread_blocked, id=11048, stack(0x000000834b000000,0x000000834b100000)]
  0x0000019ab6901800 JavaThread "jar transforms Thread 30" [_thread_blocked, id=11400, stack(0x000000834b100000,0x000000834b200000)]
  0x0000019ab6902800 JavaThread "jar transforms Thread 31" [_thread_blocked, id=5848, stack(0x000000834b200000,0x000000834b300000)]
  0x0000019ab6904000 JavaThread "jar transforms Thread 32" [_thread_blocked, id=14840, stack(0x000000834b300000,0x000000834b400000)]
  0x0000019ab6903000 JavaThread "jar transforms Thread 33" [_thread_blocked, id=15628, stack(0x000000834b400000,0x000000834b500000)]
  0x0000019ab68fe000 JavaThread "jar transforms Thread 34" [_thread_blocked, id=4428, stack(0x000000834b500000,0x000000834b600000)]
  0x0000019ab6908000 JavaThread "jar transforms Thread 35" [_thread_blocked, id=2364, stack(0x000000834b600000,0x000000834b700000)]
  0x0000019ab6905000 JavaThread "jar transforms Thread 36" [_thread_blocked, id=12048, stack(0x000000834b700000,0x000000834b800000)]
  0x0000019ab6905800 JavaThread "jar transforms Thread 37" [_thread_blocked, id=5784, stack(0x000000834b800000,0x000000834b900000)]
  0x0000019ab6909000 JavaThread "jar transforms Thread 38" [_thread_blocked, id=12356, stack(0x000000834b900000,0x000000834ba00000)]
  0x0000019ab6907000 JavaThread "jar transforms Thread 39" [_thread_blocked, id=11548, stack(0x000000834ba00000,0x000000834bb00000)]
  0x0000019ab6909800 JavaThread "jar transforms Thread 40" [_thread_blocked, id=7676, stack(0x000000834bb00000,0x000000834bc00000)]
  0x0000019ab6906800 JavaThread "jar transforms Thread 41" [_thread_blocked, id=10380, stack(0x000000834bc00000,0x000000834bd00000)]
  0x0000019ab690a800 JavaThread "jar transforms Thread 42" [_thread_blocked, id=11160, stack(0x000000834bd00000,0x000000834be00000)]
  0x0000019ab690c000 JavaThread "jar transforms Thread 43" [_thread_blocked, id=16088, stack(0x000000834be00000,0x000000834bf00000)]
  0x0000019ab690b800 JavaThread "jar transforms Thread 44" [_thread_blocked, id=14296, stack(0x000000834bf00000,0x000000834c000000)]
  0x0000019ab690d000 JavaThread "jar transforms Thread 45" [_thread_blocked, id=6412, stack(0x000000834c000000,0x000000834c100000)]
  0x0000019ab333a800 JavaThread "jar transforms Thread 46" [_thread_blocked, id=6912, stack(0x000000834c100000,0x000000834c200000)]
  0x0000019ab3337800 JavaThread "jar transforms Thread 47" [_thread_blocked, id=14968, stack(0x000000834c200000,0x000000834c300000)]
  0x0000019ab3336000 JavaThread "jar transforms Thread 48" [_thread_blocked, id=12540, stack(0x000000834c300000,0x000000834c400000)]
  0x0000019ab3338800 JavaThread "jar transforms Thread 49" [_thread_blocked, id=9908, stack(0x000000834c400000,0x000000834c500000)]
  0x0000019ab3339000 JavaThread "jar transforms Thread 50" [_thread_blocked, id=7600, stack(0x000000834c500000,0x000000834c600000)]
  0x0000019ab333a000 JavaThread "jar transforms Thread 51" [_thread_blocked, id=3952, stack(0x000000834c600000,0x000000834c700000)]
  0x0000019ab333b800 JavaThread "jar transforms Thread 52" [_thread_blocked, id=9032, stack(0x000000834c700000,0x000000834c800000)]
  0x0000019ab3336800 JavaThread "jar transforms Thread 53" [_thread_blocked, id=2024, stack(0x000000834c800000,0x000000834c900000)]
  0x0000019ab333e000 JavaThread "jar transforms Thread 54" [_thread_blocked, id=8012, stack(0x000000834c900000,0x000000834ca00000)]
  0x0000019ab333c800 JavaThread "jar transforms Thread 55" [_thread_blocked, id=5252, stack(0x000000834ca00000,0x000000834cb00000)]
  0x0000019ab333f000 JavaThread "jar transforms Thread 56" [_thread_blocked, id=8736, stack(0x000000834cb00000,0x000000834cc00000)]
  0x0000019ab333f800 JavaThread "jar transforms Thread 57" [_thread_blocked, id=8724, stack(0x000000834cc00000,0x000000834cd00000)]
  0x0000019ab3340800 JavaThread "jar transforms Thread 58" [_thread_blocked, id=6544, stack(0x000000834cd00000,0x000000834ce00000)]
  0x0000019ab3341000 JavaThread "jar transforms Thread 59" [_thread_blocked, id=9832, stack(0x000000834ce00000,0x000000834cf00000)]
  0x0000019ab3342000 JavaThread "jar transforms Thread 60" [_thread_blocked, id=9464, stack(0x000000834cf00000,0x000000834d000000)]
  0x0000019ab3343000 JavaThread "jar transforms Thread 61" [_thread_blocked, id=6964, stack(0x000000834d000000,0x000000834d100000)]
  0x0000019ab333d000 JavaThread "jar transforms Thread 62" [_thread_blocked, id=16260, stack(0x000000834d100000,0x000000834d200000)]
  0x0000019ab3343800 JavaThread "jar transforms Thread 63" [_thread_blocked, id=11828, stack(0x000000834d200000,0x000000834d300000)]
  0x0000019ab3344800 JavaThread "jar transforms Thread 64" [_thread_blocked, id=9888, stack(0x000000834d300000,0x000000834d400000)]
  0x0000019ab1bf4000 JavaThread "jar transforms Thread 65" [_thread_blocked, id=12840, stack(0x000000834d400000,0x000000834d500000)]
  0x0000019ab1bf4800 JavaThread "jar transforms Thread 66" [_thread_blocked, id=7192, stack(0x000000834d500000,0x000000834d600000)]
  0x0000019ab1bf5800 JavaThread "jar transforms Thread 67" [_thread_blocked, id=11756, stack(0x000000834d600000,0x000000834d700000)]
  0x0000019ab1bf2000 JavaThread "jar transforms Thread 68" [_thread_blocked, id=11328, stack(0x000000834d700000,0x000000834d800000)]
  0x0000019ab1bf1800 JavaThread "jar transforms Thread 69" [_thread_blocked, id=15556, stack(0x000000834d800000,0x000000834d900000)]
  0x0000019ab1bf6800 JavaThread "jar transforms Thread 70" [_thread_blocked, id=10728, stack(0x000000834d900000,0x000000834da00000)]
  0x0000019ab1bf8800 JavaThread "jar transforms Thread 71" [_thread_blocked, id=10976, stack(0x000000834da00000,0x000000834db00000)]
  0x0000019ab1bf3000 JavaThread "jar transforms Thread 72" [_thread_blocked, id=6436, stack(0x000000834db00000,0x000000834dc00000)]
  0x0000019ab1bf8000 JavaThread "jar transforms Thread 73" [_thread_blocked, id=6532, stack(0x000000834dc00000,0x000000834dd00000)]
  0x0000019ab1bfa800 JavaThread "jar transforms Thread 74" [_thread_blocked, id=7768, stack(0x000000834dd00000,0x000000834de00000)]
  0x0000019ab1bf9800 JavaThread "jar transforms Thread 75" [_thread_blocked, id=10968, stack(0x000000834de00000,0x000000834df00000)]
  0x0000019ab1bfb000 JavaThread "jar transforms Thread 76" [_thread_blocked, id=7080, stack(0x000000834df00000,0x000000834e000000)]
  0x0000019ab1bfc000 JavaThread "jar transforms Thread 77" [_thread_blocked, id=16268, stack(0x000000834e000000,0x000000834e100000)]
  0x0000019ab1bfd000 JavaThread "jar transforms Thread 78" [_thread_blocked, id=10708, stack(0x000000834e100000,0x000000834e200000)]
  0x0000019ab1bf7000 JavaThread "jar transforms Thread 79" [_thread_blocked, id=14112, stack(0x000000834e200000,0x000000834e300000)]
  0x0000019ab1bfd800 JavaThread "jar transforms Thread 80" [_thread_blocked, id=9084, stack(0x000000834e300000,0x000000834e400000)]
  0x0000019ab1c00000 JavaThread "jar transforms Thread 81" [_thread_blocked, id=13272, stack(0x000000834e400000,0x000000834e500000)]
  0x0000019ab1bfe800 JavaThread "jar transforms Thread 82" [_thread_blocked, id=13332, stack(0x000000834e500000,0x000000834e600000)]
  0x0000019ab1bff800 JavaThread "jar transforms Thread 83" [_thread_blocked, id=2432, stack(0x000000834e600000,0x000000834e700000)]
  0x0000019ab7760800 JavaThread "jar transforms Thread 84" [_thread_blocked, id=14232, stack(0x000000834e700000,0x000000834e800000)]
  0x0000019ab7765000 JavaThread "jar transforms Thread 85" [_thread_blocked, id=4828, stack(0x000000834e800000,0x000000834e900000)]
  0x0000019ab7763800 JavaThread "jar transforms Thread 86" [_thread_blocked, id=3064, stack(0x000000834e900000,0x000000834ea00000)]
  0x0000019ab7766000 JavaThread "jar transforms Thread 87" [_thread_blocked, id=9288, stack(0x000000834ea00000,0x000000834eb00000)]
  0x0000019ab7761000 JavaThread "jar transforms Thread 88" [_thread_blocked, id=11476, stack(0x000000834eb00000,0x000000834ec00000)]
  0x0000019ab7767000 JavaThread "jar transforms Thread 89" [_thread_blocked, id=3668, stack(0x000000834ec00000,0x000000834ed00000)]
  0x0000019ab7762000 JavaThread "jar transforms Thread 90" [_thread_blocked, id=4848, stack(0x000000834ed00000,0x000000834ee00000)]
  0x0000019ab7764800 JavaThread "jar transforms Thread 91" [_thread_blocked, id=11376, stack(0x000000834ee00000,0x000000834ef00000)]
  0x0000019ab7768800 JavaThread "jar transforms Thread 92" [_thread_blocked, id=12508, stack(0x000000834ef00000,0x000000834f000000)]
  0x0000019ab7767800 JavaThread "jar transforms Thread 93" [_thread_blocked, id=3512, stack(0x000000834f000000,0x000000834f100000)]
  0x0000019ab7762800 JavaThread "jar transforms Thread 94" [_thread_blocked, id=3788, stack(0x000000834f100000,0x000000834f200000)]
  0x0000019ab776e000 JavaThread "Cache worker for Build Output Cleanup Cache (C:\Users\xpmkm\Desktop\update_code_vezilla-server\codecanyon-L2GSbXtH-dairy-products-grocery-daily-milk-delivery-mobile-app-with-subscription-customer-app-delivery\test-vezilla-android-workspace\.gradle\buildOutputCleanup)" [_thread_blocked, id=6488, stack(0x000000834f200000,0x000000834f300000)]

Other Threads:
=>0x0000019ab0edb000 VMThread "VM Thread" [stack: 0x0000008346200000,0x0000008346300000] [id=820]
  0x0000019ab19d6000 WatcherThread [stack: 0x0000008346c00000,0x0000008346d00000] [id=3644]
  0x0000019a96a7c000 GCTaskThread "GC Thread#0" [stack: 0x0000008345d00000,0x0000008345e00000] [id=1384]
  0x0000019ab219a000 GCTaskThread "GC Thread#1" [stack: 0x0000008346e00000,0x0000008346f00000] [id=2424]
  0x0000019ab2383000 GCTaskThread "GC Thread#2" [stack: 0x0000008346f00000,0x0000008347000000] [id=16168]
  0x0000019ab319d000 GCTaskThread "GC Thread#3" [stack: 0x0000008347c00000,0x0000008347d00000] [id=10760]
  0x0000019ab3573800 GCTaskThread "GC Thread#4" [stack: 0x0000008347d00000,0x0000008347e00000] [id=8864]
  0x0000019ab35f8800 GCTaskThread "GC Thread#5" [stack: 0x0000008347e00000,0x0000008347f00000] [id=4504]
  0x0000019ab34d1800 GCTaskThread "GC Thread#6" [stack: 0x0000008347f00000,0x0000008348000000] [id=5932]
  0x0000019ab2a23000 GCTaskThread "GC Thread#7" [stack: 0x0000008348000000,0x0000008348100000] [id=12392]
  0x0000019a96ab1000 ConcurrentGCThread "G1 Main Marker" [stack: 0x0000008345e00000,0x0000008345f00000] [id=13948]
  0x0000019a96ab4000 ConcurrentGCThread "G1 Conc#0" [stack: 0x0000008345f00000,0x0000008346000000] [id=15256]
  0x0000019ab3b4e000 ConcurrentGCThread "G1 Conc#1" [stack: 0x0000008348300000,0x0000008348400000] [id=8488]
  0x0000019ab0d30800 ConcurrentGCThread "G1 Refine#0" [stack: 0x0000008346000000,0x0000008346100000] [id=3128]
  0x0000019ab0d31800 ConcurrentGCThread "G1 Young RemSet Sampling" [stack: 0x0000008346100000,0x0000008346200000] [id=15840]

Threads with active compile tasks:

VM state:at safepoint (normal execution)

VM Mutex/Monitor currently owned by a thread:  ([mutex/lock_event])
[0x0000019a96a5f200] Threads_lock - owner thread: 0x0000019ab0edb000
[0x0000019a96a60f40] Heap_lock - owner thread: 0x0000019ab35ad000

Heap address: 0x0000000080000000, size: 2048 MB, Compressed Oops mode: 32-bit
Narrow klass base: 0x0000000000000000, Narrow klass shift: 3
Compressed class space size: 1073741824 Address: 0x0000000100000000

Heap:
 garbage-first heap   total 129024K, used 39983K [0x0000000080000000, 0x0000000100000000)
  region size 1024K, 6 young (6144K), 4 survivors (4096K)
 Metaspace       used 47535K, capacity 48870K, committed 48976K, reserved 1120256K
  class space    used 6148K, capacity 6609K, committed 6656K, reserved 1048576K
Heap Regions: E=young(eden), S=young(survivor), O=old, HS=humongous(starts), HC=humongous(continues), CS=collection set, F=free, A=archive, TAMS=top-at-mark-start (previous, next)
|   0|0x0000000080000000, 0x0000000080100000, 0x0000000080100000|100%|HS|  |TAMS 0x0000000080100000, 0x0000000080100000| Complete 
|   1|0x0000000080100000, 0x0000000080200000, 0x0000000080200000|100%| O|  |TAMS 0x0000000080200000, 0x0000000080200000| Untracked 
|   2|0x0000000080200000, 0x0000000080300000, 0x0000000080300000|100%| O|  |TAMS 0x0000000080300000, 0x0000000080300000| Untracked 
|   3|0x0000000080300000, 0x0000000080400000, 0x0000000080400000|100%|HS|  |TAMS 0x0000000080400000, 0x0000000080400000| Complete 
|   4|0x0000000080400000, 0x0000000080500000, 0x0000000080500000|100%|HC|  |TAMS 0x0000000080500000, 0x0000000080500000| Complete 
|   5|0x0000000080500000, 0x0000000080600000, 0x0000000080600000|100%|HC|  |TAMS 0x0000000080600000, 0x0000000080600000| Complete 
|   6|0x0000000080600000, 0x0000000080700000, 0x0000000080700000|100%| O|  |TAMS 0x0000000080700000, 0x0000000080700000| Untracked 
|   7|0x0000000080700000, 0x0000000080800000, 0x0000000080800000|100%| O|  |TAMS 0x0000000080800000, 0x0000000080800000| Untracked 
|   8|0x0000000080800000, 0x0000000080900000, 0x0000000080900000|100%| O|  |TAMS 0x0000000080900000, 0x0000000080900000| Untracked 
|   9|0x0000000080900000, 0x0000000080a00000, 0x0000000080a00000|100%| O|  |TAMS 0x0000000080a00000, 0x0000000080a00000| Untracked 
|  10|0x0000000080a00000, 0x0000000080b00000, 0x0000000080b00000|100%| O|  |TAMS 0x0000000080b00000, 0x0000000080b00000| Untracked 
|  11|0x0000000080b00000, 0x0000000080c00000, 0x0000000080c00000|100%| O|  |TAMS 0x0000000080c00000, 0x0000000080c00000| Untracked 
|  12|0x0000000080c00000, 0x0000000080d00000, 0x0000000080d00000|100%| O|  |TAMS 0x0000000080d00000, 0x0000000080d00000| Untracked 
|  13|0x0000000080d00000, 0x0000000080e00000, 0x0000000080e00000|100%| O|  |TAMS 0x0000000080e00000, 0x0000000080e00000| Untracked 
|  14|0x0000000080e00000, 0x0000000080f00000, 0x0000000080f00000|100%| O|  |TAMS 0x0000000080f00000, 0x0000000080f00000| Untracked 
|  15|0x0000000080f00000, 0x0000000081000000, 0x0000000081000000|100%| O|  |TAMS 0x0000000081000000, 0x0000000081000000| Untracked 
|  16|0x0000000081000000, 0x0000000081100000, 0x0000000081100000|100%|HS|  |TAMS 0x0000000081100000, 0x0000000081100000| Complete 
|  17|0x0000000081100000, 0x0000000081200000, 0x0000000081200000|100%|HC|  |TAMS 0x0000000081200000, 0x0000000081200000| Complete 
|  18|0x0000000081200000, 0x0000000081300000, 0x0000000081300000|100%| O|  |TAMS 0x0000000081300000, 0x0000000081300000| Untracked 
|  19|0x0000000081300000, 0x0000000081400000, 0x0000000081400000|100%| O|  |TAMS 0x0000000081400000, 0x0000000081400000| Untracked 
|  20|0x0000000081400000, 0x0000000081500000, 0x0000000081500000|100%| O|  |TAMS 0x0000000081500000, 0x0000000081500000| Untracked 
|  21|0x0000000081500000, 0x0000000081600000, 0x0000000081600000|100%| O|  |TAMS 0x0000000081600000, 0x0000000081600000| Untracked 
|  22|0x0000000081600000, 0x0000000081700000, 0x0000000081700000|100%| O|  |TAMS 0x0000000081700000, 0x0000000081700000| Untracked 
|  23|0x0000000081700000, 0x0000000081800000, 0x0000000081800000|100%| O|  |TAMS 0x0000000081800000, 0x0000000081800000| Untracked 
|  24|0x0000000081800000, 0x0000000081900000, 0x0000000081900000|100%| O|  |TAMS 0x0000000081900000, 0x0000000081900000| Untracked 
|  25|0x0000000081900000, 0x0000000081a00000, 0x0000000081a00000|100%| O|  |TAMS 0x0000000081a00000, 0x0000000081a00000| Untracked 
|  26|0x0000000081a00000, 0x0000000081b00000, 0x0000000081b00000|100%| O|  |TAMS 0x0000000081b00000, 0x0000000081b00000| Untracked 
|  27|0x0000000081b00000, 0x0000000081c00000, 0x0000000081c00000|100%| O|  |TAMS 0x0000000081c00000, 0x0000000081c00000| Untracked 
|  28|0x0000000081c00000, 0x0000000081d00000, 0x0000000081d00000|100%| O|  |TAMS 0x0000000081d00000, 0x0000000081d00000| Untracked 
|  29|0x0000000081d00000, 0x0000000081e00000, 0x0000000081e00000|100%| O|  |TAMS 0x0000000081e00000, 0x0000000081e00000| Untracked 
|  30|0x0000000081e00000, 0x0000000081f00000, 0x0000000081f00000|100%| O|  |TAMS 0x0000000081f00000, 0x0000000081f00000| Untracked 
|  31|0x0000000081f00000, 0x0000000082000000, 0x0000000082000000|100%| O|  |TAMS 0x0000000082000000, 0x0000000082000000| Untracked 
|  32|0x0000000082000000, 0x0000000082100000, 0x0000000082100000|100%| O|  |TAMS 0x0000000082100000, 0x0000000082100000| Untracked 
|  33|0x0000000082100000, 0x0000000082200000, 0x0000000082200000|100%| O|  |TAMS 0x0000000082200000, 0x0000000082200000| Untracked 
|  34|0x0000000082200000, 0x000000008229d200, 0x0000000082300000| 61%| O|  |TAMS 0x000000008229d200, 0x000000008229d200| Untracked 
|  35|0x0000000082300000, 0x0000000082300000, 0x0000000082400000|  0%| F|  |TAMS 0x0000000082300000, 0x0000000082300000| Untracked 
|  36|0x0000000082400000, 0x0000000082400000, 0x0000000082500000|  0%| F|  |TAMS 0x0000000082400000, 0x0000000082400000| Untracked 
|  37|0x0000000082500000, 0x0000000082500000, 0x0000000082600000|  0%| F|  |TAMS 0x0000000082500000, 0x0000000082500000| Untracked 
|  38|0x0000000082600000, 0x0000000082600000, 0x0000000082700000|  0%| F|  |TAMS 0x0000000082600000, 0x0000000082600000| Untracked 
|  39|0x0000000082700000, 0x0000000082700000, 0x0000000082800000|  0%| F|  |TAMS 0x0000000082700000, 0x0000000082700000| Untracked 
|  40|0x0000000082800000, 0x0000000082800000, 0x0000000082900000|  0%| F|  |TAMS 0x0000000082800000, 0x0000000082800000| Untracked 
|  41|0x0000000082900000, 0x0000000082900000, 0x0000000082a00000|  0%| F|  |TAMS 0x0000000082900000, 0x0000000082900000| Untracked 
|  42|0x0000000082a00000, 0x0000000082a00000, 0x0000000082b00000|  0%| F|  |TAMS 0x0000000082a00000, 0x0000000082a00000| Untracked 
|  43|0x0000000082b00000, 0x0000000082b00000, 0x0000000082c00000|  0%| F|  |TAMS 0x0000000082b00000, 0x0000000082b00000| Untracked 
|  44|0x0000000082c00000, 0x0000000082c00000, 0x0000000082d00000|  0%| F|  |TAMS 0x0000000082c00000, 0x0000000082c00000| Untracked 
|  45|0x0000000082d00000, 0x0000000082d00000, 0x0000000082e00000|  0%| F|  |TAMS 0x0000000082d00000, 0x0000000082d00000| Untracked 
|  46|0x0000000082e00000, 0x0000000082e00000, 0x0000000082f00000|  0%| F|  |TAMS 0x0000000082e00000, 0x0000000082e00000| Untracked 
|  47|0x0000000082f00000, 0x0000000082f00000, 0x0000000083000000|  0%| F|  |TAMS 0x0000000082f00000, 0x0000000082f00000| Untracked 
|  48|0x0000000083000000, 0x0000000083000000, 0x0000000083100000|  0%| F|  |TAMS 0x0000000083000000, 0x0000000083000000| Untracked 
|  49|0x0000000083100000, 0x0000000083100000, 0x0000000083200000|  0%| F|  |TAMS 0x0000000083100000, 0x0000000083100000| Untracked 
|  50|0x0000000083200000, 0x0000000083200000, 0x0000000083300000|  0%| F|  |TAMS 0x0000000083200000, 0x0000000083200000| Untracked 
|  51|0x0000000083300000, 0x0000000083300000, 0x0000000083400000|  0%| F|  |TAMS 0x0000000083300000, 0x0000000083300000| Untracked 
|  52|0x0000000083400000, 0x0000000083400000, 0x0000000083500000|  0%| F|  |TAMS 0x0000000083400000, 0x0000000083400000| Untracked 
|  53|0x0000000083500000, 0x0000000083500000, 0x0000000083600000|  0%| F|  |TAMS 0x0000000083500000, 0x0000000083500000| Untracked 
|  54|0x0000000083600000, 0x0000000083600000, 0x0000000083700000|  0%| F|  |TAMS 0x0000000083600000, 0x0000000083600000| Untracked 
|  55|0x0000000083700000, 0x0000000083700000, 0x0000000083800000|  0%| F|  |TAMS 0x0000000083700000, 0x0000000083700000| Untracked 
|  56|0x0000000083800000, 0x0000000083800000, 0x0000000083900000|  0%| F|  |TAMS 0x0000000083800000, 0x0000000083800000| Untracked 
|  57|0x0000000083900000, 0x0000000083900000, 0x0000000083a00000|  0%| F|  |TAMS 0x0000000083900000, 0x0000000083900000| Untracked 
|  58|0x0000000083a00000, 0x0000000083a00000, 0x0000000083b00000|  0%| F|  |TAMS 0x0000000083a00000, 0x0000000083a00000| Untracked 
|  59|0x0000000083b00000, 0x0000000083b00000, 0x0000000083c00000|  0%| F|  |TAMS 0x0000000083b00000, 0x0000000083b00000| Untracked 
|  60|0x0000000083c00000, 0x0000000083c00000, 0x0000000083d00000|  0%| F|  |TAMS 0x0000000083c00000, 0x0000000083c00000| Untracked 
|  61|0x0000000083d00000, 0x0000000083d00000, 0x0000000083e00000|  0%| F|  |TAMS 0x0000000083d00000, 0x0000000083d00000| Untracked 
|  62|0x0000000083e00000, 0x0000000083e00000, 0x0000000083f00000|  0%| F|  |TAMS 0x0000000083e00000, 0x0000000083e00000| Untracked 
|  63|0x0000000083f00000, 0x0000000083f00000, 0x0000000084000000|  0%| F|  |TAMS 0x0000000083f00000, 0x0000000083f00000| Untracked 
|  64|0x0000000084000000, 0x0000000084000000, 0x0000000084100000|  0%| F|  |TAMS 0x0000000084000000, 0x0000000084000000| Untracked 
|  65|0x0000000084100000, 0x0000000084100000, 0x0000000084200000|  0%| F|  |TAMS 0x0000000084100000, 0x0000000084100000| Untracked 
|  66|0x0000000084200000, 0x0000000084200000, 0x0000000084300000|  0%| F|  |TAMS 0x0000000084200000, 0x0000000084200000| Untracked 
|  67|0x0000000084300000, 0x0000000084300000, 0x0000000084400000|  0%| F|  |TAMS 0x0000000084300000, 0x0000000084300000| Untracked 
|  68|0x0000000084400000, 0x0000000084400000, 0x0000000084500000|  0%| F|  |TAMS 0x0000000084400000, 0x0000000084400000| Untracked 
|  69|0x0000000084500000, 0x0000000084500000, 0x0000000084600000|  0%| F|  |TAMS 0x0000000084500000, 0x0000000084500000| Untracked 
|  70|0x0000000084600000, 0x0000000084600000, 0x0000000084700000|  0%| F|  |TAMS 0x0000000084600000, 0x0000000084600000| Untracked 
|  71|0x0000000084700000, 0x0000000084700000, 0x0000000084800000|  0%| F|  |TAMS 0x0000000084700000, 0x0000000084700000| Untracked 
|  72|0x0000000084800000, 0x0000000084800000, 0x0000000084900000|  0%| F|  |TAMS 0x0000000084800000, 0x0000000084800000| Untracked 
|  73|0x0000000084900000, 0x0000000084900000, 0x0000000084a00000|  0%| F|  |TAMS 0x0000000084900000, 0x0000000084900000| Untracked 
|  74|0x0000000084a00000, 0x0000000084a00000, 0x0000000084b00000|  0%| F|  |TAMS 0x0000000084a00000, 0x0000000084a00000| Untracked 
|  75|0x0000000084b00000, 0x0000000084b00000, 0x0000000084c00000|  0%| F|  |TAMS 0x0000000084b00000, 0x0000000084b00000| Untracked 
|  76|0x0000000084c00000, 0x0000000084c00000, 0x0000000084d00000|  0%| F|  |TAMS 0x0000000084c00000, 0x0000000084c00000| Untracked 
|  77|0x0000000084d00000, 0x0000000084d00000, 0x0000000084e00000|  0%| F|  |TAMS 0x0000000084d00000, 0x0000000084d00000| Untracked 
|  78|0x0000000084e00000, 0x0000000084e00000, 0x0000000084f00000|  0%| F|  |TAMS 0x0000000084e00000, 0x0000000084e00000| Untracked 
|  79|0x0000000084f00000, 0x0000000084f00000, 0x0000000085000000|  0%| F|  |TAMS 0x0000000084f00000, 0x0000000084f00000| Untracked 
|  80|0x0000000085000000, 0x0000000085000000, 0x0000000085100000|  0%| F|  |TAMS 0x0000000085000000, 0x0000000085000000| Untracked 
|  81|0x0000000085100000, 0x0000000085100000, 0x0000000085200000|  0%| F|  |TAMS 0x0000000085100000, 0x0000000085100000| Untracked 
|  82|0x0000000085200000, 0x0000000085200000, 0x0000000085300000|  0%| F|  |TAMS 0x0000000085200000, 0x0000000085200000| Untracked 
|  83|0x0000000085300000, 0x0000000085300000, 0x0000000085400000|  0%| F|  |TAMS 0x0000000085300000, 0x0000000085300000| Untracked 
|  84|0x0000000085400000, 0x0000000085400000, 0x0000000085500000|  0%| F|  |TAMS 0x0000000085400000, 0x0000000085400000| Untracked 
|  85|0x0000000085500000, 0x0000000085500000, 0x0000000085600000|  0%| F|  |TAMS 0x0000000085500000, 0x0000000085500000| Untracked 
|  86|0x0000000085600000, 0x0000000085600000, 0x0000000085700000|  0%| F|  |TAMS 0x0000000085600000, 0x0000000085600000| Untracked 
|  87|0x0000000085700000, 0x0000000085700000, 0x0000000085800000|  0%| F|  |TAMS 0x0000000085700000, 0x0000000085700000| Untracked 
|  88|0x0000000085800000, 0x0000000085800000, 0x0000000085900000|  0%| F|  |TAMS 0x0000000085800000, 0x0000000085800000| Untracked 
|  89|0x0000000085900000, 0x0000000085900000, 0x0000000085a00000|  0%| F|  |TAMS 0x0000000085900000, 0x0000000085900000| Untracked 
|  90|0x0000000085a00000, 0x0000000085a00000, 0x0000000085b00000|  0%| F|  |TAMS 0x0000000085a00000, 0x0000000085a00000| Untracked 
|  91|0x0000000085b00000, 0x0000000085b00000, 0x0000000085c00000|  0%| F|  |TAMS 0x0000000085b00000, 0x0000000085b00000| Untracked 
|  92|0x0000000085c00000, 0x0000000085c00000, 0x0000000085d00000|  0%| F|  |TAMS 0x0000000085c00000, 0x0000000085c00000| Untracked 
|  93|0x0000000085d00000, 0x0000000085d00000, 0x0000000085e00000|  0%| F|  |TAMS 0x0000000085d00000, 0x0000000085d00000| Untracked 
|  94|0x0000000085e00000, 0x0000000085e00000, 0x0000000085f00000|  0%| F|  |TAMS 0x0000000085e00000, 0x0000000085e00000| Untracked 
|  95|0x0000000085f00000, 0x0000000085f00000, 0x0000000086000000|  0%| F|  |TAMS 0x0000000085f00000, 0x0000000085f00000| Untracked 
|  96|0x0000000086000000, 0x0000000086000000, 0x0000000086100000|  0%| F|  |TAMS 0x0000000086000000, 0x0000000086000000| Untracked 
|  97|0x0000000086100000, 0x0000000086100000, 0x0000000086200000|  0%| F|  |TAMS 0x0000000086100000, 0x0000000086100000| Untracked 
|  98|0x0000000086200000, 0x0000000086200000, 0x0000000086300000|  0%| F|  |TAMS 0x0000000086200000, 0x0000000086200000| Untracked 
|  99|0x0000000086300000, 0x0000000086300000, 0x0000000086400000|  0%| F|  |TAMS 0x0000000086300000, 0x0000000086300000| Untracked 
| 100|0x0000000086400000, 0x0000000086400000, 0x0000000086500000|  0%| F|  |TAMS 0x0000000086400000, 0x0000000086400000| Untracked 
| 101|0x0000000086500000, 0x0000000086500000, 0x0000000086600000|  0%| F|  |TAMS 0x0000000086500000, 0x0000000086500000| Untracked 
| 102|0x0000000086600000, 0x0000000086600000, 0x0000000086700000|  0%| F|  |TAMS 0x0000000086600000, 0x0000000086600000| Untracked 
| 103|0x0000000086700000, 0x0000000086700000, 0x0000000086800000|  0%| F|  |TAMS 0x0000000086700000, 0x0000000086700000| Untracked 
| 104|0x0000000086800000, 0x0000000086800000, 0x0000000086900000|  0%| F|  |TAMS 0x0000000086800000, 0x0000000086800000| Untracked 
| 105|0x0000000086900000, 0x0000000086900000, 0x0000000086a00000|  0%| F|  |TAMS 0x0000000086900000, 0x0000000086900000| Untracked 
| 106|0x0000000086a00000, 0x0000000086a00000, 0x0000000086b00000|  0%| F|  |TAMS 0x0000000086a00000, 0x0000000086a00000| Untracked 
| 107|0x0000000086b00000, 0x0000000086b00000, 0x0000000086c00000|  0%| F|  |TAMS 0x0000000086b00000, 0x0000000086b00000| Untracked 
| 108|0x0000000086c00000, 0x0000000086c00000, 0x0000000086d00000|  0%| F|  |TAMS 0x0000000086c00000, 0x0000000086c00000| Untracked 
| 109|0x0000000086d00000, 0x0000000086d00000, 0x0000000086e00000|  0%| F|  |TAMS 0x0000000086d00000, 0x0000000086d00000| Untracked 
| 110|0x0000000086e00000, 0x0000000086e00000, 0x0000000086f00000|  0%| F|  |TAMS 0x0000000086e00000, 0x0000000086e00000| Untracked 
| 111|0x0000000086f00000, 0x0000000086f00000, 0x0000000087000000|  0%| F|  |TAMS 0x0000000086f00000, 0x0000000086f00000| Untracked 
| 112|0x0000000087000000, 0x0000000087000000, 0x0000000087100000|  0%| F|  |TAMS 0x0000000087000000, 0x0000000087000000| Untracked 
| 113|0x0000000087100000, 0x0000000087100000, 0x0000000087200000|  0%| F|  |TAMS 0x0000000087100000, 0x0000000087100000| Untracked 
| 114|0x0000000087200000, 0x0000000087200000, 0x0000000087300000|  0%| F|  |TAMS 0x0000000087200000, 0x0000000087200000| Untracked 
| 115|0x0000000087300000, 0x0000000087300000, 0x0000000087400000|  0%| F|  |TAMS 0x0000000087300000, 0x0000000087300000| Untracked 
| 116|0x0000000087400000, 0x0000000087400000, 0x0000000087500000|  0%| F|  |TAMS 0x0000000087400000, 0x0000000087400000| Untracked 
| 117|0x0000000087500000, 0x0000000087500000, 0x0000000087600000|  0%| F|  |TAMS 0x0000000087500000, 0x0000000087500000| Untracked 
| 118|0x0000000087600000, 0x0000000087600000, 0x0000000087700000|  0%| F|  |TAMS 0x0000000087600000, 0x0000000087600000| Untracked 
| 119|0x0000000087700000, 0x000000008776eb70, 0x0000000087800000| 43%| S|CS|TAMS 0x0000000087700000, 0x0000000087700000| Complete 
| 120|0x0000000087800000, 0x0000000087900000, 0x0000000087900000|100%| S|CS|TAMS 0x0000000087800000, 0x0000000087800000| Complete 
| 121|0x0000000087900000, 0x0000000087a00000, 0x0000000087a00000|100%| S|CS|TAMS 0x0000000087900000, 0x0000000087900000| Complete 
| 122|0x0000000087a00000, 0x0000000087b00000, 0x0000000087b00000|100%| S|CS|TAMS 0x0000000087a00000, 0x0000000087a00000| Complete 
| 123|0x0000000087b00000, 0x0000000087b00000, 0x0000000087c00000|  0%| F|  |TAMS 0x0000000087b00000, 0x0000000087b00000| Untracked 
| 124|0x0000000087c00000, 0x0000000087d00000, 0x0000000087d00000|100%| E|  |TAMS 0x0000000087c00000, 0x0000000087c00000| Complete 
| 125|0x0000000087d00000, 0x0000000087e00000, 0x0000000087e00000|100%| E|CS|TAMS 0x0000000087d00000, 0x0000000087d00000| Complete 

Card table byte_map: [0x0000019aa9c80000,0x0000019aaa080000] _byte_map_base: 0x0000019aa9880000

Marking Bits (Prev, Next): (CMBitMap*) 0x0000019a96aa7f90, (CMBitMap*) 0x0000019a96aa7f58
 Prev Bits: [0x0000019aac480000, 0x0000019aae480000)
 Next Bits: [0x0000019aaa480000, 0x0000019aac480000)

Polling page: 0x0000019a96240000

Metaspace:

Usage:
  Non-class:     41.27 MB capacity,    40.42 MB ( 98%) used,   768.36 KB (  2%) free+waste,   105.38 KB ( <1%) overhead. 
      Class:      6.45 MB capacity,     6.00 MB ( 93%) used,   409.80 KB (  6%) free+waste,    51.19 KB ( <1%) overhead. 
       Both:     47.72 MB capacity,    46.42 MB ( 97%) used,     1.15 MB (  2%) free+waste,   156.56 KB ( <1%) overhead. 

Virtual space:
  Non-class space:       70.00 MB reserved,      41.33 MB ( 59%) committed 
      Class space:        1.00 GB reserved,       6.50 MB ( <1%) committed 
             Both:        1.07 GB reserved,      47.83 MB (  4%) committed 

Chunk freelists:
   Non-Class:  59.00 KB
       Class:  15.00 KB
        Both:  74.00 KB

MaxMetaspaceSize: 17179869184.00 GB
CompressedClassSpaceSize: 1.00 GB

CodeHeap 'non-profiled nmethods': size=120000Kb used=2493Kb max_used=2493Kb free=117506Kb
 bounds [0x0000019aa2020000, 0x0000019aa2290000, 0x0000019aa9550000]
CodeHeap 'profiled nmethods': size=120000Kb used=9260Kb max_used=9260Kb free=110739Kb
 bounds [0x0000019a9aaf0000, 0x0000019a9b400000, 0x0000019aa2020000]
CodeHeap 'non-nmethods': size=5760Kb used=2204Kb max_used=2242Kb free=3555Kb
 bounds [0x0000019a9a550000, 0x0000019a9a7c0000, 0x0000019a9aaf0000]
 total_blobs=5167 nmethods=4402 adapters=675
 compilation: enabled
              stopped_count=0, restarted_count=0
 full_count=0

Compilation events (20 events):
Event: 7.413 Thread 0x0000019ab0ef9000 nmethod 4390 0x0000019a9b3f5e90 code [0x0000019a9b3f6200, 0x0000019a9b3f7448]
Event: 7.413 Thread 0x0000019ab0ef9000 4392       3       sun.util.locale.LanguageTag::isScript (21 bytes)
Event: 7.414 Thread 0x0000019ab0ef9000 nmethod 4392 0x0000019a9b3f7b90 code [0x0000019a9b3f7de0, 0x0000019a9b3f8758]
Event: 7.414 Thread 0x0000019ab0ef9000 4393       3       sun.util.locale.LanguageTag::isExtlang (21 bytes)
Event: 7.414 Thread 0x0000019ab0ef9000 nmethod 4393 0x0000019a9b3f8a90 code [0x0000019a9b3f8ce0, 0x0000019a9b3f9658]
Event: 7.414 Thread 0x0000019ab0ef9000 4394       3       sun.util.locale.LanguageTag::isRegion (36 bytes)
Event: 7.415 Thread 0x0000019ab0ef9000 nmethod 4394 0x0000019a9b3f9990 code [0x0000019a9b3f9c80, 0x0000019a9b3fadf8]
Event: 7.415 Thread 0x0000019ab0ef9000 4397       1       sun.util.calendar.CalendarDate::isNormalized (5 bytes)
Event: 7.416 Thread 0x0000019ab0ef9000 nmethod 4397 0x0000019aa228a090 code [0x0000019aa228a240, 0x0000019aa228a2f8]
Event: 7.416 Thread 0x0000019ab0ef9000 4398       1       sun.util.calendar.CalendarDate::getMonth (5 bytes)
Event: 7.416 Thread 0x0000019ab0ef9000 nmethod 4398 0x0000019aa228a390 code [0x0000019aa228a540, 0x0000019aa228a5f8]
Event: 7.416 Thread 0x0000019ab0ef9000 4399       1       sun.util.calendar.CalendarDate::getDayOfMonth (5 bytes)
Event: 7.416 Thread 0x0000019ab0ef9000 nmethod 4399 0x0000019aa228a690 code [0x0000019aa228a840, 0x0000019aa228a8f8]
Event: 7.416 Thread 0x0000019ab0ef9000 4400       1       sun.util.calendar.BaseCalendar$Date::getCachedJan1 (5 bytes)
Event: 7.416 Thread 0x0000019ab0ef9000 nmethod 4400 0x0000019aa228a990 code [0x0000019aa228ab40, 0x0000019aa228abf8]
Event: 7.441 Thread 0x0000019ab3a9b000 4402       4       java.util.concurrent.ConcurrentHashMap::addCount (289 bytes)
Event: 7.450 Thread 0x0000019ab3a9b000 nmethod 4402 0x0000019aa228ac90 code [0x0000019aa228ae60, 0x0000019aa228b248]
Event: 7.452 Thread 0x0000019ab1862000 4403       4       java.util.concurrent.atomic.AtomicReferenceArray::get (12 bytes)
Event: 7.453 Thread 0x0000019ab1862000 nmethod 4403 0x0000019aa228b610 code [0x0000019aa228b7a0, 0x0000019aa228b838]
Event: 7.458 Thread 0x0000019ab3f16000 nmethod 4368 0x0000019aa228b990 code [0x0000019aa228bc20, 0x0000019aa228e050]

GC Heap History (18 events):
Event: 1.044 GC heap before
{Heap before GC invocations=0 (full 0):
 garbage-first heap   total 129024K, used 29696K [0x0000000080000000, 0x0000000100000000)
  region size 1024K, 24 young (24576K), 0 survivors (0K)
 Metaspace       used 10827K, capacity 11073K, committed 11264K, reserved 1058816K
  class space    used 1146K, capacity 1203K, committed 1280K, reserved 1048576K
}
Event: 1.048 GC heap after
{Heap after GC invocations=1 (full 0):
 garbage-first heap   total 129024K, used 8668K [0x0000000080000000, 0x0000000100000000)
  region size 1024K, 3 young (3072K), 3 survivors (3072K)
 Metaspace       used 10827K, capacity 11073K, committed 11264K, reserved 1058816K
  class space    used 1146K, capacity 1203K, committed 1280K, reserved 1048576K
}
Event: 2.794 GC heap before
{Heap before GC invocations=1 (full 0):
 garbage-first heap   total 129024K, used 81372K [0x0000000080000000, 0x0000000100000000)
  region size 1024K, 75 young (76800K), 3 survivors (3072K)
 Metaspace       used 19354K, capacity 19753K, committed 19968K, reserved 1067008K
  class space    used 2345K, capacity 2470K, committed 2560K, reserved 1048576K
}
Event: 2.802 GC heap after
{Heap after GC invocations=2 (full 0):
 garbage-first heap   total 129024K, used 15544K [0x0000000080000000, 0x0000000100000000)
  region size 1024K, 10 young (10240K), 10 survivors (10240K)
 Metaspace       used 19354K, capacity 19753K, committed 19968K, reserved 1067008K
  class space    used 2345K, capacity 2470K, committed 2560K, reserved 1048576K
}
Event: 2.883 GC heap before
{Heap before GC invocations=2 (full 0):
 garbage-first heap   total 129024K, used 19640K [0x0000000080000000, 0x0000000100000000)
  region size 1024K, 15 young (15360K), 10 survivors (10240K)
 Metaspace       used 20644K, capacity 21112K, committed 21296K, reserved 1069056K
  class space    used 2429K, capacity 2607K, committed 2688K, reserved 1048576K
}
Event: 2.890 GC heap after
{Heap after GC invocations=3 (full 0):
 garbage-first heap   total 129024K, used 16048K [0x0000000080000000, 0x0000000100000000)
  region size 1024K, 1 young (1024K), 1 survivors (1024K)
 Metaspace       used 20644K, capacity 21112K, committed 21296K, reserved 1069056K
  class space    used 2429K, capacity 2607K, committed 2688K, reserved 1048576K
}
Event: 3.736 GC heap before
{Heap before GC invocations=4 (full 0):
 garbage-first heap   total 129024K, used 65200K [0x0000000080000000, 0x0000000100000000)
  region size 1024K, 49 young (50176K), 1 survivors (1024K)
 Metaspace       used 26460K, capacity 27050K, committed 27184K, reserved 1073152K
  class space    used 3386K, capacity 3590K, committed 3712K, reserved 1048576K
}
Event: 3.739 GC heap after
{Heap after GC invocations=5 (full 0):
 garbage-first heap   total 129024K, used 17531K [0x0000000080000000, 0x0000000100000000)
  region size 1024K, 3 young (3072K), 3 survivors (3072K)
 Metaspace       used 26460K, capacity 27050K, committed 27184K, reserved 1073152K
  class space    used 3386K, capacity 3590K, committed 3712K, reserved 1048576K
}
Event: 4.671 GC heap before
{Heap before GC invocations=5 (full 0):
 garbage-first heap   total 129024K, used 62587K [0x0000000080000000, 0x0000000100000000)
  region size 1024K, 49 young (50176K), 3 survivors (3072K)
 Metaspace       used 35106K, capacity 35747K, committed 35920K, reserved 1081344K
  class space    used 4484K, capacity 4745K, committed 4864K, reserved 1048576K
}
Event: 4.679 GC heap after
{Heap after GC invocations=6 (full 0):
 garbage-first heap   total 129024K, used 20804K [0x0000000080000000, 0x0000000100000000)
  region size 1024K, 6 young (6144K), 6 survivors (6144K)
 Metaspace       used 35106K, capacity 35747K, committed 35920K, reserved 1081344K
  class space    used 4484K, capacity 4745K, committed 4864K, reserved 1048576K
}
Event: 5.731 GC heap before
{Heap before GC invocations=7 (full 0):
 garbage-first heap   total 129024K, used 82244K [0x0000000080000000, 0x0000000100000000)
  region size 1024K, 64 young (65536K), 6 survivors (6144K)
 Metaspace       used 40449K, capacity 41273K, committed 41424K, reserved 1085440K
  class space    used 5187K, capacity 5492K, committed 5504K, reserved 1048576K
}
Event: 5.738 GC heap after
{Heap after GC invocations=8 (full 0):
 garbage-first heap   total 129024K, used 24120K [0x0000000080000000, 0x0000000100000000)
  region size 1024K, 7 young (7168K), 7 survivors (7168K)
 Metaspace       used 40449K, capacity 41273K, committed 41424K, reserved 1085440K
  class space    used 5187K, capacity 5492K, committed 5504K, reserved 1048576K
}
Event: 6.759 GC heap before
{Heap before GC invocations=8 (full 0):
 garbage-first heap   total 129024K, used 86584K [0x0000000080000000, 0x0000000100000000)
  region size 1024K, 66 young (67584K), 7 survivors (7168K)
 Metaspace       used 43313K, capacity 44292K, committed 44496K, reserved 1087488K
  class space    used 5555K, capacity 5899K, committed 6016K, reserved 1048576K
}
Event: 6.770 GC heap after
{Heap after GC invocations=9 (full 0):
 garbage-first heap   total 129024K, used 35110K [0x0000000080000000, 0x0000000100000000)
  region size 1024K, 9 young (9216K), 9 survivors (9216K)
 Metaspace       used 43313K, capacity 44292K, committed 44496K, reserved 1087488K
  class space    used 5555K, capacity 5899K, committed 6016K, reserved 1048576K
}
Event: 7.351 GC heap before
{Heap before GC invocations=9 (full 0):
 garbage-first heap   total 129024K, used 69926K [0x0000000080000000, 0x0000000100000000)
  region size 1024K, 44 young (45056K), 9 survivors (9216K)
 Metaspace       used 46990K, capacity 48323K, committed 48592K, reserved 1105920K
  class space    used 6070K, capacity 6512K, committed 6528K, reserved 1048576K
}
Event: 7.363 GC heap after
{Heap after GC invocations=10 (full 0):
 garbage-first heap   total 129024K, used 38972K [0x0000000080000000, 0x0000000100000000)
  region size 1024K, 4 young (4096K), 4 survivors (4096K)
 Metaspace       used 46990K, capacity 48323K, committed 48592K, reserved 1105920K
  class space    used 6070K, capacity 6512K, committed 6528K, reserved 1048576K
}
Event: 7.423 GC heap before
{Heap before GC invocations=11 (full 0):
 garbage-first heap   total 129024K, used 41020K [0x0000000080000000, 0x0000000100000000)
  region size 1024K, 7 young (7168K), 4 survivors (4096K)
 Metaspace       used 47307K, capacity 48550K, committed 48720K, reserved 1112064K
  class space    used 6114K, capacity 6545K, committed 6656K, reserved 1048576K
}
Event: 7.427 GC heap after
{Heap after GC invocations=12 (full 0):
 garbage-first heap   total 129024K, used 38959K [0x0000000080000000, 0x0000000100000000)
  region size 1024K, 4 young (4096K), 4 survivors (4096K)
 Metaspace       used 47307K, capacity 48550K, committed 48720K, reserved 1112064K
  class space    used 6114K, capacity 6545K, committed 6656K, reserved 1048576K
}

Deoptimization events (20 events):
Event: 7.200 Thread 0x0000019ab35ad000 Uncommon trap: trap_request=0xffffff4d fr.pc=0x0000019aa22019c4 relative=0x0000000000003ee4
Event: 7.200 Thread 0x0000019ab35ad000 Uncommon trap: reason=unstable_if action=reinterpret pc=0x0000019aa22019c4 method=jdk.internal.org.objectweb.asm.Frame.execute(IILjdk/internal/org/objectweb/asm/ClassWriter;Ljdk/internal/org/objectweb/asm/Item;)V @ 1 c2
Event: 7.200 Thread 0x0000019ab35ad000 DEOPT PACKING pc=0x0000019aa22019c4 sp=0x00000083477f7ff0
Event: 7.200 Thread 0x0000019ab35ad000 DEOPT UNPACKING pc=0x0000019a9a5778af sp=0x00000083477f7fb8 mode 2
Event: 7.226 Thread 0x0000019ab35ad000 Uncommon trap: trap_request=0xffffffc6 fr.pc=0x0000019aa2191ff4 relative=0x0000000000003a34
Event: 7.226 Thread 0x0000019ab35ad000 Uncommon trap: reason=bimorphic_or_optimized_type_check action=maybe_recompile pc=0x0000019aa2191ff4 method=java.util.AbstractCollection.addAll(Ljava/util/Collection;)Z @ 29 c2
Event: 7.226 Thread 0x0000019ab35ad000 DEOPT PACKING pc=0x0000019aa2191ff4 sp=0x00000083477f9370
Event: 7.226 Thread 0x0000019ab35ad000 DEOPT UNPACKING pc=0x0000019a9a5778af sp=0x00000083477f9370 mode 2
Event: 7.236 Thread 0x0000019ab35ad000 Uncommon trap: trap_request=0xffffffc6 fr.pc=0x0000019aa2191ff4 relative=0x0000000000003a34
Event: 7.236 Thread 0x0000019ab35ad000 Uncommon trap: reason=bimorphic_or_optimized_type_check action=maybe_recompile pc=0x0000019aa2191ff4 method=java.util.AbstractCollection.addAll(Ljava/util/Collection;)Z @ 29 c2
Event: 7.236 Thread 0x0000019ab35ad000 DEOPT PACKING pc=0x0000019aa2191ff4 sp=0x00000083477f9300
Event: 7.236 Thread 0x0000019ab35ad000 DEOPT UNPACKING pc=0x0000019a9a5778af sp=0x00000083477f9300 mode 2
Event: 7.288 Thread 0x0000019ab35ad000 Uncommon trap: trap_request=0xffffff4d fr.pc=0x0000019aa21ba948 relative=0x0000000000005c08
Event: 7.288 Thread 0x0000019ab35ad000 Uncommon trap: reason=unstable_if action=reinterpret pc=0x0000019aa21ba948 method=org.objectweb.asm.Frame.execute(IILorg/objectweb/asm/Symbol;Lorg/objectweb/asm/SymbolTable;)V @ 1 c2
Event: 7.288 Thread 0x0000019ab35ad000 DEOPT PACKING pc=0x0000019aa21ba948 sp=0x00000083477f84d0
Event: 7.288 Thread 0x0000019ab35ad000 DEOPT UNPACKING pc=0x0000019a9a5778af sp=0x00000083477f8478 mode 2
Event: 7.428 Thread 0x0000019ab19bf000 Uncommon trap: trap_request=0xffffffde fr.pc=0x0000019aa228906c relative=0x000000000000052c
Event: 7.428 Thread 0x0000019ab19bf000 Uncommon trap: reason=class_check action=maybe_recompile pc=0x0000019aa228906c method=jdk.internal.ref.PhantomCleanable.clean()V @ 12 c2
Event: 7.428 Thread 0x0000019ab19bf000 DEOPT PACKING pc=0x0000019aa228906c sp=0x0000008346bff530
Event: 7.428 Thread 0x0000019ab19bf000 DEOPT UNPACKING pc=0x0000019a9a5778af sp=0x0000008346bff510 mode 2

Classes redefined (0 events):
No events

Internal exceptions (20 events):
Event: 6.913 Thread 0x0000019ab35ad000 Exception <a 'java/lang/ClassNotFoundException'{0x00000000873998c0}: org/gradle/api/internal/artifacts/repositories/AbstractArtifactRepositoryBeanInfo> (0x00000000873998c0) thrown at [./src/hotspot/share/classfile/systemDictionary.cpp, line 231]
Event: 6.914 Thread 0x0000019ab35ad000 Exception <a 'java/lang/ClassNotFoundException'{0x00000000873ce618}: org/gradle/api/internal/artifacts/repositories/AbstractArtifactRepositoryCustomizer> (0x00000000873ce618) thrown at [./src/hotspot/share/classfile/systemDictionary.cpp, line 231]
Event: 6.917 Thread 0x0000019ab35ad000 Exception <a 'java/lang/ClassNotFoundException'{0x00000000872209c8}: org/gradle/api/internal/artifacts/repositories/AbstractResolutionAwareArtifactRepositoryCustomizer> (0x00000000872209c8) thrown at [./src/hotspot/share/classfile/systemDictionary.cpp, line 231]
Event: 6.918 Thread 0x0000019ab35ad000 Exception <a 'java/lang/ClassNotFoundException'{0x0000000087260058}: org/gradle/api/internal/artifacts/repositories/AbstractAuthenticationSupportedRepositoryCustomizer> (0x0000000087260058) thrown at [./src/hotspot/share/classfile/systemDictionary.cpp, line 231]
Event: 6.921 Thread 0x0000019ab35ad000 Exception <a 'java/lang/ClassNotFoundException'{0x00000000872a2fb0}: org/gradle/api/internal/artifacts/repositories/DefaultMavenArtifactRepositoryCustomizer> (0x00000000872a2fb0) thrown at [./src/hotspot/share/classfile/systemDictionary.cpp, line 231]
Event: 6.923 Thread 0x0000019ab35ad000 Exception <a 'java/lang/ClassNotFoundException'{0x00000000872ec590}: org/gradle/api/internal/artifacts/repositories/DefaultMavenArtifactRepository_DecoratedCustomizer> (0x00000000872ec590) thrown at [./src/hotspot/share/classfile/systemDictionary.cpp, line 231]
Event: 7.003 Thread 0x0000019ab35ad000 Exception <a 'java/lang/ClassNotFoundException'{0x0000000086f77f80}: build_drhno28qu1qwyvqchbi5wpf3xBeanInfo> (0x0000000086f77f80) thrown at [./src/hotspot/share/classfile/systemDictionary.cpp, line 231]
Event: 7.003 Thread 0x0000019ab35ad000 Exception <a 'java/lang/ClassNotFoundException'{0x0000000086f80818}: build_drhno28qu1qwyvqchbi5wpf3xCustomizer> (0x0000000086f80818) thrown at [./src/hotspot/share/classfile/systemDictionary.cpp, line 231]
Event: 7.011 Thread 0x0000019ab35ad000 Exception <a 'java/lang/ClassNotFoundException'{0x0000000086fd6878}: org/gradle/api/internal/plugins/DefaultObjectConfigurationActionBeanInfo> (0x0000000086fd6878) thrown at [./src/hotspot/share/classfile/systemDictionary.cpp, line 231]
Event: 7.012 Thread 0x0000019ab35ad000 Exception <a 'java/lang/ClassNotFoundException'{0x0000000086fff000}: org/gradle/api/internal/plugins/DefaultObjectConfigurationActionCustomizer> (0x0000000086fff000) thrown at [./src/hotspot/share/classfile/systemDictionary.cpp, line 231]
Event: 7.094 Thread 0x0000019ab35ad000 Exception <a 'java/lang/NoSuchMethodError'{0x0000000086963100}: 'void java.lang.invoke.DirectMethodHandle$Holder.invokeStatic(java.lang.Object, java.lang.Object, java.lang.Object, java.lang.Object, java.lang.Object)'> (0x0000000086963100) thrown at [./src/hotspot/share/interpreter/linkResolver.cpp, line 773]
Event: 7.198 Thread 0x0000019ab35ad000 Exception <a 'java/lang/NoSuchMethodError'{0x00000000862c0d30}: 'java.lang.Object java.lang.invoke.DelegatingMethodHandle$Holder.reinvoke_L(java.lang.Object, java.lang.Object, java.lang.Object, java.lang.Object, java.lang.Object, java.lang.Object, java.lang.Object, java.lang.Object, java.lang.Object, java.lang.Object, java.lang.Object, java.lang.Object, java.lang.Object, java.lang.Object, java.lang.Object, java.lang.Object, java.lang.Object)'> (0x00000000862c0d30) thrown at [./src/hotspot/share/interpreter
Event: 7.199 Thread 0x0000019ab35ad000 Exception <a 'java/lang/NoSuchMethodError'{0x00000000862cb680}: 'java.lang.Object java.lang.invoke.Invokers$Holder.invoker(java.lang.Object, java.lang.Object, java.lang.Object, java.lang.Object, java.lang.Object, java.lang.Object, java.lang.Object, java.lang.Object, java.lang.Object, java.lang.Object, java.lang.Object, java.lang.Object, java.lang.Object, java.lang.Object, java.lang.Object, java.lang.Object, java.lang.Object)'> (0x00000000862cb680) thrown at [./src/hotspot/share/interpreter/linkResolver.cpp
Event: 7.200 Thread 0x0000019ab35ad000 Exception <a 'java/lang/NoSuchMethodError'{0x00000000862d1f88}: 'java.lang.Object java.lang.invoke.DelegatingMethodHandle$Holder.delegate(java.lang.Object, java.lang.Object, java.lang.Object, java.lang.Object, java.lang.Object, java.lang.Object, java.lang.Object, java.lang.Object, java.lang.Object, java.lang.Object, java.lang.Object, java.lang.Object, java.lang.Object, java.lang.Object, java.lang.Object, java.lang.Object, java.lang.Object)'> (0x00000000862d1f88) thrown at [./src/hotspot/share/interpreter/l
Event: 7.204 Thread 0x0000019ab35ad000 Exception <a 'java/lang/NoSuchMethodError'{0x0000000086116a20}: 'java.lang.Object java.lang.invoke.DirectMethodHandle$Holder.invokeStatic(java.lang.Object, java.lang.Object, java.lang.Object, java.lang.Object, java.lang.Object, java.lang.Object, java.lang.Object, java.lang.Object, java.lang.Object, java.lang.Object, java.lang.Object, java.lang.Object, java.lang.Object, java.lang.Object, java.lang.Object)'> (0x0000000086116a20) thrown at [./src/hotspot/share/interpreter/linkResolver.cpp, line 773]
Event: 7.207 Thread 0x0000019ab35ad000 Exception <a 'java/lang/NoSuchMethodError'{0x0000000086125ed0}: 'java.lang.Object java.lang.invoke.DirectMethodHandle$Holder.invokeStatic(java.lang.Object, java.lang.Object, java.lang.Object, java.lang.Object, java.lang.Object, java.lang.Object, java.lang.Object, java.lang.Object, java.lang.Object, java.lang.Object, java.lang.Object, java.lang.Object, java.lang.Object, java.lang.Object, java.lang.Object, java.lang.Object)'> (0x0000000086125ed0) thrown at [./src/hotspot/share/interpreter/linkResolver.cpp, l
Event: 7.209 Thread 0x0000019ab35ad000 Exception <a 'java/lang/NoSuchMethodError'{0x0000000086135080}: 'java.lang.Object java.lang.invoke.DelegatingMethodHandle$Holder.reinvoke_L(java.lang.Object, java.lang.Object, java.lang.Object, java.lang.Object, java.lang.Object, java.lang.Object, java.lang.Object, java.lang.Object, java.lang.Object, java.lang.Object, java.lang.Object, java.lang.Object, java.lang.Object, java.lang.Object, java.lang.Object, java.lang.Object)'> (0x0000000086135080) thrown at [./src/hotspot/share/interpreter/linkResolver.cpp,
Event: 7.287 Thread 0x0000019ab35ad000 Exception <a 'java/lang/NoSuchMethodError'{0x0000000085f9ebb0}: 'java.lang.Object java.lang.invoke.DirectMethodHandle$Holder.invokeStatic(java.lang.Object, java.lang.Object, java.lang.Object, java.lang.Object, int)'> (0x0000000085f9ebb0) thrown at [./src/hotspot/share/interpreter/linkResolver.cpp, line 773]
Event: 7.287 Thread 0x0000019ab35ad000 Exception <a 'java/lang/NoSuchMethodError'{0x0000000085fa35a8}: 'java.lang.Object java.lang.invoke.DirectMethodHandle$Holder.invokeSpecial(java.lang.Object, java.lang.Object, java.lang.Object, java.lang.Object, java.lang.Object, int)'> (0x0000000085fa35a8) thrown at [./src/hotspot/share/interpreter/linkResolver.cpp, line 773]
Event: 7.288 Thread 0x0000019ab35ad000 Exception <a 'java/lang/NoSuchMethodError'{0x0000000085fa7be8}: 'java.lang.Object java.lang.invoke.Invokers$Holder.linkToTargetMethod(java.lang.Object, java.lang.Object, java.lang.Object, int, java.lang.Object)'> (0x0000000085fa7be8) thrown at [./src/hotspot/share/interpreter/linkResolver.cpp, line 773]

Events (20 events):
Event: 7.451 loading class com/google/common/cache/LocalCache$EntryFactory$4 done
Event: 7.451 loading class com/google/common/cache/LocalCache$EntryFactory$5
Event: 7.451 loading class com/google/common/cache/LocalCache$EntryFactory$5 done
Event: 7.452 loading class com/google/common/cache/LocalCache$EntryFactory$6
Event: 7.452 loading class com/google/common/cache/LocalCache$EntryFactory$6 done
Event: 7.452 loading class com/google/common/cache/LocalCache$EntryFactory$7
Event: 7.452 loading class com/google/common/cache/LocalCache$EntryFactory$7 done
Event: 7.452 loading class com/google/common/cache/LocalCache$EntryFactory$8
Event: 7.452 loading class com/google/common/cache/LocalCache$EntryFactory$8 done
Event: 7.453 loading class com/google/common/cache/LocalCache$Segment
Event: 7.453 loading class com/google/common/cache/LocalCache$Segment done
Event: 7.456 loading class com/google/wireless/android/sdk/stats/GradleBuildProfile
Event: 7.456 loading class com/google/wireless/android/sdk/stats/GradleBuildProfile done
Event: 7.458 loading class com/google/wireless/android/sdk/stats/GradleBuildProfileOrBuilder
Event: 7.458 loading class com/google/wireless/android/sdk/stats/GradleBuildProfileOrBuilder done
Event: 7.459 loading class com/google/protobuf/MessageOrBuilder
Event: 7.459 loading class com/google/protobuf/MessageOrBuilder done
Event: 7.459 loading class com/google/protobuf/MessageLiteOrBuilder
Event: 7.459 loading class com/google/protobuf/MessageLiteOrBuilder done
Event: 7.459 Executing VM operation: CollectForMetadataAllocation


Dynamic libraries:
0x00007ff6b1a40000 - 0x00007ff6b1a4a000 	C:\Program Files\Android\Android Studio3\jre\bin\java.exe
0x00007ffae8900000 - 0x00007ffae8b0f000 	C:\WINDOWS\SYSTEM32\ntdll.dll
0x00007ffae7cf0000 - 0x00007ffae7dad000 	C:\WINDOWS\System32\KERNEL32.DLL
0x00007ffae62a0000 - 0x00007ffae6626000 	C:\WINDOWS\System32\KERNELBASE.dll
0x00007ffae6030000 - 0x00007ffae6141000 	C:\WINDOWS\System32\ucrtbase.dll
0x00007ffadf3b0000 - 0x00007ffadf3c9000 	C:\Program Files\Android\Android Studio3\jre\bin\jli.dll
0x00007ffae34d0000 - 0x00007ffae34e7000 	C:\Program Files\Android\Android Studio3\jre\bin\VCRUNTIME140.dll
0x00007ffae72d0000 - 0x00007ffae747b000 	C:\WINDOWS\System32\USER32.dll
0x00007ffad3740000 - 0x00007ffad39e1000 	C:\WINDOWS\WinSxS\amd64_microsoft.windows.common-controls_6595b64144ccf1df_6.0.22468.1000_none_266f4f372a53a5e7\COMCTL32.dll
0x00007ffae6000000 - 0x00007ffae6026000 	C:\WINDOWS\System32\win32u.dll
0x00007ffae7580000 - 0x00007ffae7624000 	C:\WINDOWS\System32\msvcrt.dll
0x00007ffae7bb0000 - 0x00007ffae7bd9000 	C:\WINDOWS\System32\GDI32.dll
0x00007ffae5dd0000 - 0x00007ffae5ee7000 	C:\WINDOWS\System32\gdi32full.dll
0x00007ffae5f60000 - 0x00007ffae5ffb000 	C:\WINDOWS\System32\msvcp_win.dll
0x00007ffae7540000 - 0x00007ffae7571000 	C:\WINDOWS\System32\IMM32.DLL
0x00007ffad4520000 - 0x00007ffad45bd000 	C:\Program Files\Android\Android Studio3\jre\bin\msvcp140.dll
0x00007ffa81be0000 - 0x00007ffa826af000 	C:\Program Files\Android\Android Studio3\jre\bin\server\jvm.dll
0x00007ffae7810000 - 0x00007ffae78be000 	C:\WINDOWS\System32\ADVAPI32.dll
0x00007ffae7770000 - 0x00007ffae780f000 	C:\WINDOWS\System32\sechost.dll
0x00007ffae7a90000 - 0x00007ffae7bb0000 	C:\WINDOWS\System32\RPCRT4.dll
0x00007ffae7a50000 - 0x00007ffae7a58000 	C:\WINDOWS\System32\PSAPI.DLL
0x00007ffae20c0000 - 0x00007ffae20ca000 	C:\WINDOWS\SYSTEM32\VERSION.dll
0x00007ffad0ef0000 - 0x00007ffad0ef9000 	C:\WINDOWS\SYSTEM32\WSOCK32.dll
0x00007ffadaa40000 - 0x00007ffadaa73000 	C:\WINDOWS\SYSTEM32\WINMM.dll
0x00007ffae7be0000 - 0x00007ffae7c51000 	C:\WINDOWS\System32\WS2_32.dll
0x00007ffae4f90000 - 0x00007ffae4fa8000 	C:\WINDOWS\SYSTEM32\kernel.appcore.dll
0x00007ffae3740000 - 0x00007ffae3751000 	C:\Program Files\Android\Android Studio3\jre\bin\verify.dll
0x00007ffade2c0000 - 0x00007ffade4e7000 	C:\WINDOWS\SYSTEM32\DBGHELP.DLL
0x00007ffae6f50000 - 0x00007ffae72cc000 	C:\WINDOWS\System32\combase.dll
0x00007ffade280000 - 0x00007ffade2b1000 	C:\WINDOWS\SYSTEM32\dbgcore.DLL
0x00007ffae6150000 - 0x00007ffae61d1000 	C:\WINDOWS\System32\bcryptPrimitives.dll
0x00007ffae2f80000 - 0x00007ffae2fa9000 	C:\Program Files\Android\Android Studio3\jre\bin\java.dll
0x00007ffae36f0000 - 0x00007ffae36fb000 	C:\Program Files\Android\Android Studio3\jre\bin\jimage.dll
0x00007ffae3690000 - 0x00007ffae36a8000 	C:\Program Files\Android\Android Studio3\jre\bin\zip.dll
0x00007ffae67a0000 - 0x00007ffae6f4b000 	C:\WINDOWS\System32\SHELL32.dll
0x00007ffae3e30000 - 0x00007ffae468c000 	C:\WINDOWS\SYSTEM32\windows.storage.dll
0x00007ffae3cc0000 - 0x00007ffae3e28000 	C:\WINDOWS\SYSTEM32\wintypes.dll
0x00007ffae86e0000 - 0x00007ffae87d0000 	C:\WINDOWS\System32\SHCORE.dll
0x00007ffae7c90000 - 0x00007ffae7ceb000 	C:\WINDOWS\System32\shlwapi.dll
0x00007ffae5d00000 - 0x00007ffae5d21000 	C:\WINDOWS\SYSTEM32\profapi.dll
0x00007ffade230000 - 0x00007ffade24a000 	C:\Program Files\Android\Android Studio3\jre\bin\net.dll
0x00007ffadf020000 - 0x00007ffadf130000 	C:\WINDOWS\SYSTEM32\WINHTTP.dll
0x00007ffae53e0000 - 0x00007ffae5449000 	C:\WINDOWS\system32\mswsock.dll
0x00007ffade210000 - 0x00007ffade224000 	C:\Program Files\Android\Android Studio3\jre\bin\nio.dll
0x00007ffac53e0000 - 0x00007ffac5407000 	C:\Users\xpmkm\.gradle\native\f6784746aeab05261644944871eae4fe03e0ef1612fff0a4a95f87b438bc6780\windows-amd64\native-platform.dll
0x00007ffae3670000 - 0x00007ffae367a000 	C:\Program Files\Android\Android Studio3\jre\bin\management.dll
0x00007ffae2f70000 - 0x00007ffae2f7c000 	C:\Program Files\Android\Android Studio3\jre\bin\management_ext.dll
0x00007ffae5630000 - 0x00007ffae5648000 	C:\WINDOWS\SYSTEM32\CRYPTSP.dll
0x00007ffae4ef0000 - 0x00007ffae4f25000 	C:\WINDOWS\system32\rsaenh.dll
0x00007ffae54e0000 - 0x00007ffae5509000 	C:\WINDOWS\SYSTEM32\USERENV.dll
0x00007ffae57b0000 - 0x00007ffae57d8000 	C:\WINDOWS\SYSTEM32\bcrypt.dll
0x00007ffae5650000 - 0x00007ffae565c000 	C:\WINDOWS\SYSTEM32\CRYPTBASE.dll
0x00007ffae4970000 - 0x00007ffae499d000 	C:\WINDOWS\SYSTEM32\IPHLPAPI.DLL
0x00007ffae7a60000 - 0x00007ffae7a69000 	C:\WINDOWS\System32\NSI.dll
0x00007ffae3130000 - 0x00007ffae3149000 	C:\WINDOWS\SYSTEM32\dhcpcsvc6.DLL
0x00007ffae3110000 - 0x00007ffae312e000 	C:\WINDOWS\SYSTEM32\dhcpcsvc.DLL
0x00007ffae49a0000 - 0x00007ffae4a91000 	C:\WINDOWS\SYSTEM32\DNSAPI.dll
0x00007ffae31c0000 - 0x00007ffae31cc000 	C:\WINDOWS\SYSTEM32\WINNSI.DLL

dbghelp: loaded successfully - version: 4.0.5 - missing functions: none
symbol engine: initialized successfully - sym options: 0x614 - pdb path: .;C:\Program Files\Android\Android Studio3\jre\bin;C:\WINDOWS\SYSTEM32;C:\WINDOWS\WinSxS\amd64_microsoft.windows.common-controls_6595b64144ccf1df_6.0.22468.1000_none_266f4f372a53a5e7;C:\Program Files\Android\Android Studio3\jre\bin\server;C:\Users\xpmkm\.gradle\native\f6784746aeab05261644944871eae4fe03e0ef1612fff0a4a95f87b438bc6780\windows-amd64

VM Arguments:
jvm_args: --add-opens=java.base/java.util=ALL-UNNAMED --add-opens=java.base/java.lang=ALL-UNNAMED --add-opens=java.base/java.lang.invoke=ALL-UNNAMED --add-opens=java.prefs/java.util.prefs=ALL-UNNAMED -Xmx2048m -Dfile.encoding=UTF-8 -Duser.country=IN -Duser.language=en -Duser.variant 
java_command: org.gradle.launcher.daemon.bootstrap.GradleDaemon 6.5
java_class_path (initial): C:\Users\xpmkm\.gradle\wrapper\dists\gradle-6.5-bin\6nifqtx7604sqp1q6g8wikw7p\gradle-6.5\lib\gradle-launcher-6.5.jar
Launcher Type: SUN_STANDARD

[Global flags]
     intx CICompilerCount                          = 4                                         {product} {ergonomic}
     uint ConcGCThreads                            = 2                                         {product} {ergonomic}
     uint G1ConcRefinementThreads                  = 8                                         {product} {ergonomic}
   size_t G1HeapRegionSize                         = 1048576                                   {product} {ergonomic}
    uintx GCDrainStackTargetSize                   = 64                                        {product} {ergonomic}
   size_t InitialHeapSize                          = 132120576                                 {product} {ergonomic}
   size_t MarkStackSize                            = 4194304                                   {product} {ergonomic}
   size_t MaxHeapSize                              = 2147483648                                {product} {command line}
   size_t MaxNewSize                               = 1287651328                                {product} {ergonomic}
   size_t MinHeapDeltaBytes                        = 1048576                                   {product} {ergonomic}
    uintx NonNMethodCodeHeapSize                   = 5836300                                {pd product} {ergonomic}
    uintx NonProfiledCodeHeapSize                  = 122910970                              {pd product} {ergonomic}
    uintx ProfiledCodeHeapSize                     = 122910970                              {pd product} {ergonomic}
    uintx ReservedCodeCacheSize                    = 251658240                              {pd product} {ergonomic}
     bool SegmentedCodeCache                       = true                                      {product} {ergonomic}
     bool UseCompressedClassPointers               = true                                 {lp64_product} {ergonomic}
     bool UseCompressedOops                        = true                                 {lp64_product} {ergonomic}
     bool UseG1GC                                  = true                                      {product} {ergonomic}
     bool UseLargePagesIndividualAllocation        = false                                  {pd product} {ergonomic}

Logging:
Log output configuration:
 #0: stdout all=warning uptime,level,tags
 #1: stderr all=off uptime,level,tags

Environment Variables:
PATH=C:\Program Files (x86)\Common Files\Oracle\Java\javapath;C:\WINDOWS\system32;C:\WINDOWS;C:\WINDOWS\System32\Wbem;C:\WINDOWS\System32\WindowsPowerShell\v1.0\;C:\WINDOWS\System32\OpenSSH\;C:\Program Files\Git\cmd;C:\Program Files\nodejs\;C:\xampp\php;C:\ProgramData\ComposerSetup\bin;C:\Users\xpmkm\AppData\Local\Android\Sdk\platform-tools;C:\Program Files\Java\jdk1.8.0_231\bin;C:\Program Files\opnsl\bin;C:\Users\xpmkm\AppData\Roaming\npm;C:\Users\xpmkm\AppData\Local\Programs\Microsoft VS Code\bin;C:\Program Files\flutter\bin;C:\Users\xpmkm\AppData\Roaming\Composer\vendor\bin;C:\Users\xpmkm\AppData\Local\Microsoft\WindowsApps;
USERNAME=xpmkm
OS=Windows_NT
PROCESSOR_IDENTIFIER=AMD64 Family 23 Model 24 Stepping 1, AuthenticAMD



---------------  S Y S T E M  ---------------

OS: Windows 10 , 64 bit Build 22468 (10.0.22468.1000)
OS uptime: 0 days 20:31 hours

CPU:total 8 (initial active 8) (8 cores per cpu, 2 threads per core) family 23 model 24 stepping 1 microcode 0x0, cmov, cx8, fxsr, mmx, sse, sse2, sse3, ssse3, sse4.1, sse4.2, popcnt, avx, avx2, aes, clmul, mmxext, 3dnowpref, lzcnt, sse4a, ht, tsc, tscinvbit, tscinv, bmi1, bmi2, adx, s

Memory: 4k page, system-wide physical 8002M (1317M free)
TotalPageFile size 12098M (AvailPageFile size 1M)
current process WorkingSet (physical memory assigned to process): 289M, peak: 289M
current process commit charge ("private bytes"): 334M, peak: 335M

vm_info: OpenJDK 64-Bit Server VM (11.0.10+0-b96-7249189) for windows-amd64 JRE (11.0.10+0-b96-7249189), built on Mar 31 2021 21:44:00 by "builder" with MS VC++ 14.0 (VS2015)

END.
