#
# There is insufficient memory for the Java Runtime Environment to continue.
# Native memory allocation (mmap) failed to map 321912832 bytes for Failed to commit area from 0x0000000094b00000 to 0x00000000a7e00000 of length 321912832.
# Possible reasons:
#   The system is out of physical RAM or swap space
#   The process is running with CompressedOops enabled, and the Java Heap may be blocking the growth of the native heap
# Possible solutions:
#   Reduce memory load on the system
#   Increase physical memory or swap space
#   Check if swap backing store is full
#   Decrease Java heap size (-Xmx/-Xms)
#   Decrease number of Java threads
#   Decrease Java thread stack sizes (-Xss)
#   Set larger code cache with -XX:ReservedCodeCacheSize=
#   JVM is running with Unscaled Compressed Oops mode in which the Java heap is
#     placed in the first 4GB address space. The Java Heap base address is the
#     maximum limit for the native heap growth. Please use -XX:HeapBaseMinAddress
#     to set the Java Heap base and to place the Java Heap above 4GB virtual address.
# This output file may be truncated or incomplete.
#
#  Out of Memory Error (./src/hotspot/os/windows/os_windows.cpp:3301), pid=15008, tid=2604
#
# JRE version: OpenJDK Runtime Environment (11.0.10) (build 11.0.10+0-b96-7249189)
# Java VM: OpenJDK 64-Bit Server VM (11.0.10+0-b96-7249189, mixed mode, tiered, compressed oops, g1 gc, windows-amd64)
# No core dump will be written. Minidumps are not enabled by default on client versions of Windows
#

---------------  S U M M A R Y ------------

Command Line: --add-opens=java.base/java.util=ALL-UNNAMED --add-opens=java.base/java.lang=ALL-UNNAMED --add-opens=java.base/java.lang.invoke=ALL-UNNAMED --add-opens=java.base/java.util=ALL-UNNAMED --add-opens=java.prefs/java.util.prefs=ALL-UNNAMED --add-opens=java.prefs/java.util.prefs=ALL-UNNAMED --add-opens=java.base/java.nio.charset=ALL-UNNAMED --add-opens=java.base/java.net=ALL-UNNAMED --add-opens=java.base/java.util.concurrent.atomic=ALL-UNNAMED -Xmx2048m -Dfile.encoding=UTF-8 -Duser.country=IN -Duser.language=en -Duser.variant org.gradle.launcher.daemon.bootstrap.GradleDaemon 7.0.2

Host: AMD Ryzen 5 3550H with Radeon Vega Mobile Gfx  , 8 cores, 7G,  Windows 10 , 64 bit Build 22489 (10.0.22489.1000)
Time: Mon Nov  8 17:48:59 2021 India Standard Time elapsed time: 21.680552 seconds (0d 0h 0m 21s)

---------------  T H R E A D  ---------------

Current thread (0x00000270a0ca7000):  VMThread "VM Thread" [stack: 0x000000c722900000,0x000000c722a00000] [id=2604]

Stack: [0x000000c722900000,0x000000c722a00000]
[error occurred during error reporting (printing stack bounds), id 0xc0000005, EXCEPTION_ACCESS_VIOLATION (0xc0000005) at pc=0x000002708a310f2d]

Native frames: (J=compiled Java code, j=interpreted, Vv=VM code, C=native code)
V  [jvm.dll+0x5ecfaa]
V  [jvm.dll+0x722bd5]
V  [jvm.dll+0x72412d]
V  [jvm.dll+0x724745]
V  [jvm.dll+0x7246fb]
V  [jvm.dll+0x5ec348]
V  [jvm.dll+0x5ecad8]
C  [ntdll.dll+0xa589f]
C  [ntdll.dll+0x13ac6]
C  [ntdll.dll+0xa488e]
C  0x000002708a310f2d

VM_Operation (0x000000c7274fc9d0): G1CollectForAllocation, mode: safepoint, requested by thread 0x00000270a1891800


---------------  P R O C E S S  ---------------

Threads class SMR info:
_java_thread_list=0x00000270a2618310, length=75, elements={
0x0000027086833800, 0x00000270a0cbe800, 0x00000270a0cbf800, 0x00000270a0cc6000,
0x00000270a0cc7000, 0x00000270a1514800, 0x00000270a1517800, 0x00000270a1526000,
0x00000270a1528000, 0x00000270a1681000, 0x00000270a3468800, 0x00000270a1845000,
0x00000270a19e6800, 0x00000270a34c4000, 0x00000270a3197000, 0x00000270a3c99800,
0x00000270a2fb3000, 0x00000270a35fa000, 0x00000270a358e800, 0x00000270a358c800,
0x00000270a358f000, 0x00000270a358d800, 0x00000270a3589800, 0x00000270a358c000,
0x00000270a358a800, 0x00000270a358b000, 0x00000270a3590000, 0x00000270a4e2d800,
0x00000270a4e2d000, 0x00000270a4e2c000, 0x00000270a4e2e800, 0x00000270a4e2b000,
0x00000270a4e28800, 0x00000270a4e2a800, 0x00000270a4e29800, 0x00000270a4e36000,
0x00000270a4e31000, 0x00000270a4e30000, 0x00000270a4e36800, 0x00000270a4e31800,
0x00000270a4e32800, 0x00000270a4e33800, 0x00000270a4e34000, 0x00000270a4e35000,
0x00000270a76dd800, 0x00000270a76df800, 0x00000270a76e4000, 0x00000270a76de000,
0x00000270a76e0800, 0x00000270a76e2000, 0x00000270a76e3000, 0x00000270a76df000,
0x00000270a76e5800, 0x00000270a76e6800, 0x00000270a76e1800, 0x00000270a76e7000,
0x00000270a76e8800, 0x00000270a76ea800, 0x00000270a76e8000, 0x00000270a76eb000,
0x00000270a1894800, 0x00000270a1893000, 0x00000270a188f800, 0x00000270a1894000,
0x00000270a1895800, 0x00000270a1891800, 0x00000270a1890800, 0x00000270a189a800,
0x00000270a189b000, 0x00000270a189c000, 0x00000270a1897000, 0x00000270a1898000,
0x00000270a1898800, 0x00000270a1896800, 0x00000270a189d000
}

Java Threads: ( => current thread )
  0x0000027086833800 JavaThread "main" [_thread_blocked, id=15348, stack(0x000000c722300000,0x000000c722400000)]
  0x00000270a0cbe800 JavaThread "Reference Handler" daemon [_thread_blocked, id=10092, stack(0x000000c722a00000,0x000000c722b00000)]
  0x00000270a0cbf800 JavaThread "Finalizer" daemon [_thread_blocked, id=9896, stack(0x000000c722b00000,0x000000c722c00000)]
  0x00000270a0cc6000 JavaThread "Signal Dispatcher" daemon [_thread_blocked, id=15272, stack(0x000000c722c00000,0x000000c722d00000)]
  0x00000270a0cc7000 JavaThread "Attach Listener" daemon [_thread_blocked, id=14400, stack(0x000000c722d00000,0x000000c722e00000)]
  0x00000270a1514800 JavaThread "Service Thread" daemon [_thread_blocked, id=9684, stack(0x000000c722e00000,0x000000c722f00000)]
  0x00000270a1517800 JavaThread "C2 CompilerThread0" daemon [_thread_in_native, id=9660, stack(0x000000c722f00000,0x000000c723000000)]
  0x00000270a1526000 JavaThread "C1 CompilerThread0" daemon [_thread_blocked, id=16900, stack(0x000000c723000000,0x000000c723100000)]
  0x00000270a1528000 JavaThread "Sweeper thread" daemon [_thread_blocked, id=2012, stack(0x000000c723100000,0x000000c723200000)]
  0x00000270a1681000 JavaThread "Common-Cleaner" daemon [_thread_blocked, id=1908, stack(0x000000c723200000,0x000000c723300000)]
  0x00000270a3468800 JavaThread "Daemon health stats" [_thread_blocked, id=9748, stack(0x000000c723800000,0x000000c723900000)]
  0x00000270a1845000 JavaThread "Incoming local TCP Connector on port 51962" [_thread_in_native, id=11116, stack(0x000000c723400000,0x000000c723500000)]
  0x00000270a19e6800 JavaThread "Daemon periodic checks" [_thread_blocked, id=16732, stack(0x000000c723500000,0x000000c723600000)]
  0x00000270a34c4000 JavaThread "Daemon" [_thread_blocked, id=2396, stack(0x000000c723900000,0x000000c723a00000)]
  0x00000270a3197000 JavaThread "Handler for socket connection from /127.0.0.1:51962 to /127.0.0.1:51963" [_thread_in_native, id=11500, stack(0x000000c723a00000,0x000000c723b00000)]
  0x00000270a3c99800 JavaThread "Cancel handler" [_thread_blocked, id=15484, stack(0x000000c723b00000,0x000000c723c00000)]
  0x00000270a2fb3000 JavaThread "Daemon worker" [_thread_blocked, id=4624, stack(0x000000c723c00000,0x000000c723d00000)]
  0x00000270a35fa000 JavaThread "Asynchronous log dispatcher for DefaultDaemonConnection: socket connection from /127.0.0.1:51962 to /127.0.0.1:51963" [_thread_blocked, id=13524, stack(0x000000c723d00000,0x000000c723e00000)]
  0x00000270a358e800 JavaThread "Stdin handler" [_thread_blocked, id=16040, stack(0x000000c723e00000,0x000000c723f00000)]
  0x00000270a358c800 JavaThread "Daemon client event forwarder" [_thread_blocked, id=9752, stack(0x000000c723f00000,0x000000c724000000)]
  0x00000270a358f000 JavaThread "Cache worker for file hash cache (C:\Users\xpmkm\.gradle\caches\7.0.2\fileHashes)" [_thread_blocked, id=168, stack(0x000000c724500000,0x000000c724600000)]
  0x00000270a358d800 JavaThread "File lock request listener" [_thread_in_native, id=11396, stack(0x000000c724600000,0x000000c724700000)]
  0x00000270a3589800 JavaThread "Cache worker for journal cache (C:\Users\xpmkm\.gradle\caches\journal-1)" [_thread_blocked, id=8296, stack(0x000000c724800000,0x000000c724900000)]
  0x00000270a358c000 JavaThread "Cache worker for file hash cache (D:\marwari_mart_workspace\marwariMartUserApp\.gradle\7.0.2\fileHashes)" [_thread_blocked, id=17392, stack(0x000000c724a00000,0x000000c724b00000)]
  0x00000270a358a800 JavaThread "File watcher server" daemon [_thread_blocked, id=7028, stack(0x000000c724900000,0x000000c724a00000)]
  0x00000270a358b000 JavaThread "File watcher consumer" daemon [_thread_blocked, id=12460, stack(0x000000c724b00000,0x000000c724c00000)]
  0x00000270a3590000 JavaThread "Cache worker for checksums cache (D:\marwari_mart_workspace\marwariMartUserApp\.gradle\checksums)" [_thread_blocked, id=8796, stack(0x000000c724c00000,0x000000c724d00000)]
  0x00000270a4e2d800 JavaThread "Cache worker for cache directory md-supplier (C:\Users\xpmkm\.gradle\caches\7.0.2\md-supplier)" [_thread_blocked, id=12544, stack(0x000000c724d00000,0x000000c724e00000)]
  0x00000270a4e2d000 JavaThread "Cache worker for cache directory md-rule (C:\Users\xpmkm\.gradle\caches\7.0.2\md-rule)" [_thread_blocked, id=13364, stack(0x000000c724f00000,0x000000c725000000)]
  0x00000270a4e2c000 JavaThread "Cache worker for execution history cache (C:\Users\xpmkm\.gradle\caches\7.0.2\executionHistory)" [_thread_blocked, id=1312, stack(0x000000c725000000,0x000000c725100000)]
  0x00000270a4e2e800 JavaThread "jar transforms" [_thread_blocked, id=5260, stack(0x000000c725200000,0x000000c725300000)]
  0x00000270a4e2b000 JavaThread "jar transforms Thread 2" [_thread_blocked, id=1860, stack(0x000000c725300000,0x000000c725400000)]
  0x00000270a4e28800 JavaThread "Cache worker for file content cache (C:\Users\xpmkm\.gradle\caches\7.0.2\fileContent)" [_thread_blocked, id=16712, stack(0x000000c725400000,0x000000c725500000)]
  0x00000270a4e2a800 JavaThread "Cache worker for dependencies-accessors (D:\marwari_mart_workspace\marwariMartUserApp\.gradle\7.0.2\dependencies-accessors)" [_thread_blocked, id=13072, stack(0x000000c725500000,0x000000c725600000)]
  0x00000270a4e29800 JavaThread "jar transforms Thread 3" [_thread_blocked, id=10256, stack(0x000000c725600000,0x000000c725700000)]
  0x00000270a4e36000 JavaThread "Cache worker for Build Output Cleanup Cache (D:\marwari_mart_workspace\marwariMartUserApp\.gradle\buildOutputCleanup)" [_thread_blocked, id=2444, stack(0x000000c725700000,0x000000c725800000)]
  0x00000270a4e31000 JavaThread "Build operations" [_thread_blocked, id=15344, stack(0x000000c725800000,0x000000c725900000)]
  0x00000270a4e30000 JavaThread "Build operations Thread 2" [_thread_blocked, id=13764, stack(0x000000c725900000,0x000000c725a00000)]
  0x00000270a4e36800 JavaThread "Build operations Thread 3" [_thread_blocked, id=11624, stack(0x000000c725a00000,0x000000c725b00000)]
  0x00000270a4e31800 JavaThread "Build operations Thread 4" [_thread_blocked, id=7324, stack(0x000000c725b00000,0x000000c725c00000)]
  0x00000270a4e32800 JavaThread "Build operations Thread 5" [_thread_blocked, id=17312, stack(0x000000c725c00000,0x000000c725d00000)]
  0x00000270a4e33800 JavaThread "Build operations Thread 6" [_thread_blocked, id=4104, stack(0x000000c725d00000,0x000000c725e00000)]
  0x00000270a4e34000 JavaThread "Build operations Thread 7" [_thread_blocked, id=14960, stack(0x000000c725e00000,0x000000c725f00000)]
  0x00000270a4e35000 JavaThread "Build operations Thread 8" [_thread_blocked, id=9020, stack(0x000000c725f00000,0x000000c726000000)]
  0x00000270a76dd800 JavaThread "jar transforms Thread 4" [_thread_blocked, id=10588, stack(0x000000c726000000,0x000000c726100000)]
  0x00000270a76df800 JavaThread "jar transforms Thread 5" [_thread_blocked, id=17240, stack(0x000000c726100000,0x000000c726200000)]
  0x00000270a76e4000 JavaThread "jar transforms Thread 6" [_thread_blocked, id=16348, stack(0x000000c726200000,0x000000c726300000)]
  0x00000270a76de000 JavaThread "jar transforms Thread 7" [_thread_blocked, id=11636, stack(0x000000c726300000,0x000000c726400000)]
  0x00000270a76e0800 JavaThread "jar transforms Thread 8" [_thread_blocked, id=2736, stack(0x000000c726400000,0x000000c726500000)]
  0x00000270a76e2000 JavaThread "Memory manager" [_thread_blocked, id=16708, stack(0x000000c726500000,0x000000c726600000)]
  0x00000270a76e3000 JavaThread "build event listener" [_thread_blocked, id=16460, stack(0x000000c726600000,0x000000c726700000)]
  0x00000270a76df000 JavaThread "Execution worker for ':'" [_thread_blocked, id=4616, stack(0x000000c726700000,0x000000c726800000)]
  0x00000270a76e5800 JavaThread "Execution worker for ':' Thread 2" [_thread_blocked, id=10216, stack(0x000000c726800000,0x000000c726900000)]
  0x00000270a76e6800 JavaThread "Execution worker for ':' Thread 3" [_thread_blocked, id=16484, stack(0x000000c726900000,0x000000c726a00000)]
  0x00000270a76e1800 JavaThread "Execution worker for ':' Thread 4" [_thread_blocked, id=15780, stack(0x000000c726a00000,0x000000c726b00000)]
  0x00000270a76e7000 JavaThread "Execution worker for ':' Thread 5" [_thread_blocked, id=1656, stack(0x000000c726b00000,0x000000c726c00000)]
  0x00000270a76e8800 JavaThread "Execution worker for ':' Thread 6" [_thread_blocked, id=14576, stack(0x000000c726c00000,0x000000c726d00000)]
  0x00000270a76ea800 JavaThread "Execution worker for ':' Thread 7" [_thread_blocked, id=6560, stack(0x000000c726d00000,0x000000c726e00000)]
  0x00000270a76e8000 JavaThread "Cache worker for execution history cache (D:\marwari_mart_workspace\marwariMartUserApp\.gradle\7.0.2\executionHistory)" [_thread_blocked, id=2944, stack(0x000000c726e00000,0x000000c726f00000)]
  0x00000270a76eb000 JavaThread "C2 CompilerThread1" daemon [_thread_in_native, id=16812, stack(0x000000c724e00000,0x000000c724f00000)]
  0x00000270a1894800 JavaThread "WorkerExecutor Queue" [_thread_blocked, id=9548, stack(0x000000c726f00000,0x000000c727000000)]
  0x00000270a1893000 JavaThread "pool-3-thread-1" [_thread_blocked, id=5692, stack(0x000000c727000000,0x000000c727100000)]
  0x00000270a188f800 JavaThread "WorkerExecutor Queue Thread 2" [_thread_blocked, id=14240, stack(0x000000c727100000,0x000000c727200000)]
  0x00000270a1894000 JavaThread "stderr" [_thread_in_native, id=16104, stack(0x000000c727200000,0x000000c727300000)]
  0x00000270a1895800 JavaThread "stdout" [_thread_in_native, id=16440, stack(0x000000c727300000,0x000000c727400000)]
  0x00000270a1891800 JavaThread "WorkerExecutor Queue Thread 3" [_thread_blocked, id=9156, stack(0x000000c727400000,0x000000c727500000)]
  0x00000270a1890800 JavaThread "WorkerExecutor Queue Thread 4" [_thread_blocked, id=17300, stack(0x000000c727500000,0x000000c727600000)]
  0x00000270a189a800 JavaThread "ForkJoinPool-1-worker-3" daemon [_thread_blocked, id=5780, stack(0x000000c727600000,0x000000c727700000)]
  0x00000270a189b000 JavaThread "ForkJoinPool-1-worker-5" daemon [_thread_blocked, id=7488, stack(0x000000c727700000,0x000000c727800000)]
  0x00000270a189c000 JavaThread "ForkJoinPool-1-worker-9" daemon [_thread_blocked, id=2676, stack(0x000000c727800000,0x000000c727900000)]
  0x00000270a1897000 JavaThread "ForkJoinPool-1-worker-7" daemon [_thread_blocked, id=16776, stack(0x000000c727900000,0x000000c727a00000)]
  0x00000270a1898000 JavaThread "ForkJoinPool-1-worker-11" daemon [_thread_blocked, id=15376, stack(0x000000c727a00000,0x000000c727b00000)]
  0x00000270a1898800 JavaThread "ForkJoinPool-1-worker-13" daemon [_thread_blocked, id=7032, stack(0x000000c727b00000,0x000000c727c00000)]
  0x00000270a1896800 JavaThread "ForkJoinPool-1-worker-15" daemon [_thread_blocked, id=10712, stack(0x000000c727c00000,0x000000c727d00000)]
  0x00000270a189d000 JavaThread "ForkJoinPool-1-worker-1" daemon [_thread_blocked, id=10608, stack(0x000000c727d00000,0x000000c727e00000)]

Other Threads:
=>0x00000270a0ca7000 VMThread "VM Thread" [stack: 0x000000c722900000,0x000000c722a00000] [id=2604]
  0x00000270a169c000 WatcherThread [stack: 0x000000c723300000,0x000000c723400000] [id=7652]
  0x000002708684d800 GCTaskThread "GC Thread#0" [stack: 0x000000c722400000,0x000000c722500000] [id=10528]
  0x00000270a2156800 GCTaskThread "GC Thread#1" [stack: 0x000000c723600000,0x000000c723700000] [id=15048]
  0x00000270a1c04000 GCTaskThread "GC Thread#2" [stack: 0x000000c723700000,0x000000c723800000] [id=5688]
  0x00000270a232e000 GCTaskThread "GC Thread#3" [stack: 0x000000c724000000,0x000000c724100000] [id=15304]
  0x00000270a35ff000 GCTaskThread "GC Thread#4" [stack: 0x000000c724100000,0x000000c724200000] [id=6108]
  0x00000270a3f31800 GCTaskThread "GC Thread#5" [stack: 0x000000c724200000,0x000000c724300000] [id=16100]
  0x00000270a485e800 GCTaskThread "GC Thread#6" [stack: 0x000000c724300000,0x000000c724400000] [id=12612]
  0x00000270a4b4a800 GCTaskThread "GC Thread#7" [stack: 0x000000c724400000,0x000000c724500000] [id=16932]
  0x000002708687f800 ConcurrentGCThread "G1 Main Marker" [stack: 0x000000c722500000,0x000000c722600000] [id=5472]
  0x0000027086880800 ConcurrentGCThread "G1 Conc#0" [stack: 0x000000c722600000,0x000000c722700000] [id=7612]
  0x00000270a2f20800 ConcurrentGCThread "G1 Conc#1" [stack: 0x000000c724700000,0x000000c724800000] [id=3692]
  0x00000270a0af6800 ConcurrentGCThread "G1 Refine#0" [stack: 0x000000c722700000,0x000000c722800000] [id=10412]
  0x00000270a8aff000 ConcurrentGCThread "G1 Refine#1" [stack: 0x000000c727e00000,0x000000c727f00000] [id=9424]
  0x00000270a8af9800 ConcurrentGCThread "G1 Refine#2" [stack: 0x000000c727f00000,0x000000c728000000] [id=1372]
  0x00000270a0af7000 ConcurrentGCThread "G1 Young RemSet Sampling" [stack: 0x000000c722800000,0x000000c722900000] [id=6284]

Threads with active compile tasks:
C2 CompilerThread0  21698 12555 %     4       com.android.tools.r8.dex.j::e @ 90 (654 bytes)
C2 CompilerThread1  21698 12774 %     4       com.android.tools.r8.dex.j::a @ 315 (1038 bytes)

VM state:at safepoint (normal execution)

VM Mutex/Monitor currently owned by a thread:  ([mutex/lock_event])
[0x000002708682f970] Threads_lock - owner thread: 0x00000270a0ca7000
[0x000002708682fb20] Heap_lock - owner thread: 0x00000270a1891800

Heap address: 0x0000000080000000, size: 2048 MB, Compressed Oops mode: 32-bit
Narrow klass base: 0x0000000000000000, Narrow klass shift: 3
Compressed class space size: 1073741824 Address: 0x0000000100000000

Heap:
 garbage-first heap   total 653312K, used 248832K [0x0000000080000000, 0x0000000100000000)
  region size 1024K, 4 young (4096K), 4 survivors (4096K)
 Metaspace       used 95119K, capacity 98095K, committed 98304K, reserved 1134592K
  class space    used 12459K, capacity 13586K, committed 13644K, reserved 1048576K
Heap Regions: E=young(eden), S=young(survivor), O=old, HS=humongous(starts), HC=humongous(continues), CS=collection set, F=free, A=archive, TAMS=top-at-mark-start (previous, next)
|   0|0x0000000080000000, 0x0000000080100000, 0x0000000080100000|100%| O|  |TAMS 0x0000000080100000, 0x0000000080000000| Untracked 
|   1|0x0000000080100000, 0x0000000080200000, 0x0000000080200000|100%| O|  |TAMS 0x0000000080200000, 0x0000000080100000| Untracked 
|   2|0x0000000080200000, 0x0000000080300000, 0x0000000080300000|100%| O|  |TAMS 0x0000000080300000, 0x0000000080200000| Untracked 
|   3|0x0000000080300000, 0x0000000080400000, 0x0000000080400000|100%|HS|  |TAMS 0x0000000080400000, 0x0000000080300000| Complete 
|   4|0x0000000080400000, 0x0000000080500000, 0x0000000080500000|100%|HC|  |TAMS 0x0000000080500000, 0x0000000080400000| Complete 
|   5|0x0000000080500000, 0x0000000080600000, 0x0000000080600000|100%|HC|  |TAMS 0x0000000080600000, 0x0000000080500000| Complete 
|   6|0x0000000080600000, 0x0000000080700000, 0x0000000080700000|100%| O|  |TAMS 0x0000000080700000, 0x0000000080600000| Untracked 
|   7|0x0000000080700000, 0x0000000080800000, 0x0000000080800000|100%| O|  |TAMS 0x0000000080800000, 0x0000000080700000| Untracked 
|   8|0x0000000080800000, 0x0000000080900000, 0x0000000080900000|100%| O|  |TAMS 0x0000000080900000, 0x0000000080800000| Untracked 
|   9|0x0000000080900000, 0x0000000080a00000, 0x0000000080a00000|100%| O|  |TAMS 0x0000000080a00000, 0x0000000080900000| Untracked 
|  10|0x0000000080a00000, 0x0000000080b00000, 0x0000000080b00000|100%| O|  |TAMS 0x0000000080b00000, 0x0000000080a00000| Untracked 
|  11|0x0000000080b00000, 0x0000000080c00000, 0x0000000080c00000|100%| O|  |TAMS 0x0000000080c00000, 0x0000000080b00000| Untracked 
|  12|0x0000000080c00000, 0x0000000080d00000, 0x0000000080d00000|100%| O|  |TAMS 0x0000000080d00000, 0x0000000080c00000| Untracked 
|  13|0x0000000080d00000, 0x0000000080e00000, 0x0000000080e00000|100%| O|  |TAMS 0x0000000080e00000, 0x0000000080d00000| Untracked 
|  14|0x0000000080e00000, 0x0000000080f00000, 0x0000000080f00000|100%| O|  |TAMS 0x0000000080f00000, 0x0000000080e00000| Untracked 
|  15|0x0000000080f00000, 0x0000000081000000, 0x0000000081000000|100%| O|  |TAMS 0x0000000081000000, 0x0000000080f00000| Untracked 
|  16|0x0000000081000000, 0x0000000081100000, 0x0000000081100000|100%| O|  |TAMS 0x0000000081100000, 0x0000000081000000| Untracked 
|  17|0x0000000081100000, 0x0000000081200000, 0x0000000081200000|100%| O|  |TAMS 0x0000000081200000, 0x0000000081100000| Untracked 
|  18|0x0000000081200000, 0x0000000081300000, 0x0000000081300000|100%|HS|  |TAMS 0x0000000081300000, 0x0000000081200000| Complete 
|  19|0x0000000081300000, 0x0000000081400000, 0x0000000081400000|100%| O|  |TAMS 0x0000000081400000, 0x0000000081300000| Untracked 
|  20|0x0000000081400000, 0x0000000081500000, 0x0000000081500000|100%| O|  |TAMS 0x0000000081500000, 0x0000000081400000| Untracked 
|  21|0x0000000081500000, 0x0000000081600000, 0x0000000081600000|100%| O|  |TAMS 0x0000000081600000, 0x0000000081500000| Untracked 
|  22|0x0000000081600000, 0x0000000081700000, 0x0000000081700000|100%| O|  |TAMS 0x0000000081700000, 0x0000000081600000| Untracked 
|  23|0x0000000081700000, 0x0000000081800000, 0x0000000081800000|100%|HS|  |TAMS 0x0000000081800000, 0x0000000081700000| Complete 
|  24|0x0000000081800000, 0x0000000081900000, 0x0000000081900000|100%|HS|  |TAMS 0x0000000081900000, 0x0000000081800000| Complete 
|  25|0x0000000081900000, 0x0000000081a00000, 0x0000000081a00000|100%|HC|  |TAMS 0x0000000081a00000, 0x0000000081900000| Complete 
|  26|0x0000000081a00000, 0x0000000081b00000, 0x0000000081b00000|100%| O|  |TAMS 0x0000000081b00000, 0x0000000081a00000| Untracked 
|  27|0x0000000081b00000, 0x0000000081c00000, 0x0000000081c00000|100%| O|  |TAMS 0x0000000081c00000, 0x0000000081b00000| Untracked 
|  28|0x0000000081c00000, 0x0000000081d00000, 0x0000000081d00000|100%| O|  |TAMS 0x0000000081d00000, 0x0000000081c00000| Untracked 
|  29|0x0000000081d00000, 0x0000000081e00000, 0x0000000081e00000|100%| O|  |TAMS 0x0000000081e00000, 0x0000000081d00000| Untracked 
|  30|0x0000000081e00000, 0x0000000081f00000, 0x0000000081f00000|100%| O|  |TAMS 0x0000000081f00000, 0x0000000081e00000| Untracked 
|  31|0x0000000081f00000, 0x0000000082000000, 0x0000000082000000|100%| O|  |TAMS 0x0000000082000000, 0x0000000081f00000| Untracked 
|  32|0x0000000082000000, 0x0000000082100000, 0x0000000082100000|100%| O|  |TAMS 0x0000000082100000, 0x0000000082000000| Untracked 
|  33|0x0000000082100000, 0x0000000082200000, 0x0000000082200000|100%| O|  |TAMS 0x0000000082200000, 0x0000000082100000| Untracked 
|  34|0x0000000082200000, 0x0000000082300000, 0x0000000082300000|100%| O|  |TAMS 0x0000000082300000, 0x0000000082200000| Untracked 
|  35|0x0000000082300000, 0x0000000082400000, 0x0000000082400000|100%| O|  |TAMS 0x0000000082400000, 0x0000000082300000| Untracked 
|  36|0x0000000082400000, 0x0000000082500000, 0x0000000082500000|100%| O|  |TAMS 0x0000000082500000, 0x0000000082400000| Untracked 
|  37|0x0000000082500000, 0x0000000082600000, 0x0000000082600000|100%| O|  |TAMS 0x0000000082600000, 0x0000000082500000| Untracked 
|  38|0x0000000082600000, 0x0000000082700000, 0x0000000082700000|100%| O|  |TAMS 0x0000000082700000, 0x0000000082600000| Untracked 
|  39|0x0000000082700000, 0x0000000082800000, 0x0000000082800000|100%| O|  |TAMS 0x0000000082800000, 0x0000000082700000| Untracked 
|  40|0x0000000082800000, 0x0000000082900000, 0x0000000082900000|100%| O|  |TAMS 0x0000000082900000, 0x0000000082800000| Untracked 
|  41|0x0000000082900000, 0x0000000082a00000, 0x0000000082a00000|100%| O|  |TAMS 0x0000000082a00000, 0x0000000082900000| Untracked 
|  42|0x0000000082a00000, 0x0000000082b00000, 0x0000000082b00000|100%| O|  |TAMS 0x0000000082b00000, 0x0000000082a00000| Untracked 
|  43|0x0000000082b00000, 0x0000000082c00000, 0x0000000082c00000|100%| O|  |TAMS 0x0000000082c00000, 0x0000000082b00000| Untracked 
|  44|0x0000000082c00000, 0x0000000082d00000, 0x0000000082d00000|100%| O|  |TAMS 0x0000000082d00000, 0x0000000082c00000| Untracked 
|  45|0x0000000082d00000, 0x0000000082e00000, 0x0000000082e00000|100%| O|  |TAMS 0x0000000082e00000, 0x0000000082d00000| Untracked 
|  46|0x0000000082e00000, 0x0000000082f00000, 0x0000000082f00000|100%| O|  |TAMS 0x0000000082f00000, 0x0000000082e00000| Untracked 
|  47|0x0000000082f00000, 0x0000000083000000, 0x0000000083000000|100%| O|  |TAMS 0x0000000083000000, 0x0000000082f00000| Untracked 
|  48|0x0000000083000000, 0x0000000083100000, 0x0000000083100000|100%| O|  |TAMS 0x0000000083100000, 0x0000000083000000| Untracked 
|  49|0x0000000083100000, 0x0000000083200000, 0x0000000083200000|100%| O|  |TAMS 0x0000000083200000, 0x0000000083100000| Untracked 
|  50|0x0000000083200000, 0x0000000083300000, 0x0000000083300000|100%| O|  |TAMS 0x0000000083300000, 0x0000000083200000| Untracked 
|  51|0x0000000083300000, 0x0000000083400000, 0x0000000083400000|100%| O|  |TAMS 0x0000000083400000, 0x0000000083300000| Untracked 
|  52|0x0000000083400000, 0x0000000083500000, 0x0000000083500000|100%| O|  |TAMS 0x0000000083500000, 0x0000000083400000| Untracked 
|  53|0x0000000083500000, 0x0000000083600000, 0x0000000083600000|100%| O|  |TAMS 0x0000000083600000, 0x0000000083500000| Untracked 
|  54|0x0000000083600000, 0x0000000083700000, 0x0000000083700000|100%| O|  |TAMS 0x0000000083700000, 0x0000000083600000| Untracked 
|  55|0x0000000083700000, 0x0000000083800000, 0x0000000083800000|100%| O|  |TAMS 0x0000000083800000, 0x0000000083700000| Untracked 
|  56|0x0000000083800000, 0x0000000083900000, 0x0000000083900000|100%| O|  |TAMS 0x0000000083900000, 0x0000000083800000| Untracked 
|  57|0x0000000083900000, 0x0000000083a00000, 0x0000000083a00000|100%| O|  |TAMS 0x0000000083a00000, 0x0000000083900000| Untracked 
|  58|0x0000000083a00000, 0x0000000083b00000, 0x0000000083b00000|100%| O|  |TAMS 0x0000000083b00000, 0x0000000083a00000| Untracked 
|  59|0x0000000083b00000, 0x0000000083c00000, 0x0000000083c00000|100%| O|  |TAMS 0x0000000083c00000, 0x0000000083b00000| Untracked 
|  60|0x0000000083c00000, 0x0000000083d00000, 0x0000000083d00000|100%| O|  |TAMS 0x0000000083d00000, 0x0000000083c00000| Untracked 
|  61|0x0000000083d00000, 0x0000000083e00000, 0x0000000083e00000|100%| O|  |TAMS 0x0000000083e00000, 0x0000000083d00000| Untracked 
|  62|0x0000000083e00000, 0x0000000083f00000, 0x0000000083f00000|100%| O|  |TAMS 0x0000000083f00000, 0x0000000083e00000| Untracked 
|  63|0x0000000083f00000, 0x0000000084000000, 0x0000000084000000|100%| O|  |TAMS 0x0000000084000000, 0x0000000083f00000| Untracked 
|  64|0x0000000084000000, 0x0000000084100000, 0x0000000084100000|100%| O|  |TAMS 0x0000000084100000, 0x0000000084000000| Untracked 
|  65|0x0000000084100000, 0x0000000084200000, 0x0000000084200000|100%| O|  |TAMS 0x0000000084200000, 0x0000000084100000| Untracked 
|  66|0x0000000084200000, 0x0000000084300000, 0x0000000084300000|100%| O|  |TAMS 0x0000000084300000, 0x0000000084200000| Untracked 
|  67|0x0000000084300000, 0x0000000084400000, 0x0000000084400000|100%| O|  |TAMS 0x0000000084400000, 0x0000000084300000| Untracked 
|  68|0x0000000084400000, 0x0000000084500000, 0x0000000084500000|100%| O|  |TAMS 0x0000000084500000, 0x0000000084400000| Untracked 
|  69|0x0000000084500000, 0x0000000084600000, 0x0000000084600000|100%| O|  |TAMS 0x0000000084600000, 0x0000000084500000| Untracked 
|  70|0x0000000084600000, 0x0000000084700000, 0x0000000084700000|100%| O|  |TAMS 0x0000000084700000, 0x0000000084600000| Untracked 
|  71|0x0000000084700000, 0x0000000084800000, 0x0000000084800000|100%| O|  |TAMS 0x0000000084800000, 0x0000000084700000| Untracked 
|  72|0x0000000084800000, 0x0000000084900000, 0x0000000084900000|100%| O|  |TAMS 0x0000000084900000, 0x0000000084800000| Untracked 
|  73|0x0000000084900000, 0x0000000084a00000, 0x0000000084a00000|100%| O|  |TAMS 0x0000000084a00000, 0x0000000084900000| Untracked 
|  74|0x0000000084a00000, 0x0000000084b00000, 0x0000000084b00000|100%| O|  |TAMS 0x0000000084b00000, 0x0000000084a00000| Untracked 
|  75|0x0000000084b00000, 0x0000000084c00000, 0x0000000084c00000|100%| O|  |TAMS 0x0000000084c00000, 0x0000000084b00000| Untracked 
|  76|0x0000000084c00000, 0x0000000084d00000, 0x0000000084d00000|100%| O|  |TAMS 0x0000000084d00000, 0x0000000084c00000| Untracked 
|  77|0x0000000084d00000, 0x0000000084e00000, 0x0000000084e00000|100%| O|  |TAMS 0x0000000084e00000, 0x0000000084d00000| Untracked 
|  78|0x0000000084e00000, 0x0000000084f00000, 0x0000000084f00000|100%| O|  |TAMS 0x0000000084f00000, 0x0000000084e00000| Untracked 
|  79|0x0000000084f00000, 0x0000000085000000, 0x0000000085000000|100%| O|  |TAMS 0x0000000085000000, 0x0000000084f00000| Untracked 
|  80|0x0000000085000000, 0x0000000085100000, 0x0000000085100000|100%| O|  |TAMS 0x0000000085100000, 0x0000000085000000| Untracked 
|  81|0x0000000085100000, 0x0000000085200000, 0x0000000085200000|100%| O|  |TAMS 0x0000000085200000, 0x0000000085100000| Untracked 
|  82|0x0000000085200000, 0x0000000085300000, 0x0000000085300000|100%| O|  |TAMS 0x0000000085300000, 0x0000000085200000| Untracked 
|  83|0x0000000085300000, 0x0000000085400000, 0x0000000085400000|100%| O|  |TAMS 0x0000000085400000, 0x0000000085300000| Untracked 
|  84|0x0000000085400000, 0x0000000085500000, 0x0000000085500000|100%| O|  |TAMS 0x0000000085500000, 0x0000000085400000| Untracked 
|  85|0x0000000085500000, 0x0000000085600000, 0x0000000085600000|100%| O|  |TAMS 0x0000000085600000, 0x0000000085500000| Untracked 
|  86|0x0000000085600000, 0x0000000085700000, 0x0000000085700000|100%| O|  |TAMS 0x0000000085700000, 0x0000000085600000| Untracked 
|  87|0x0000000085700000, 0x0000000085800000, 0x0000000085800000|100%| O|  |TAMS 0x0000000085800000, 0x0000000085700000| Untracked 
|  88|0x0000000085800000, 0x0000000085900000, 0x0000000085900000|100%| O|  |TAMS 0x0000000085900000, 0x0000000085800000| Untracked 
|  89|0x0000000085900000, 0x0000000085a00000, 0x0000000085a00000|100%| O|  |TAMS 0x0000000085a00000, 0x0000000085900000| Untracked 
|  90|0x0000000085a00000, 0x0000000085b00000, 0x0000000085b00000|100%| O|  |TAMS 0x0000000085b00000, 0x0000000085a00000| Untracked 
|  91|0x0000000085b00000, 0x0000000085c00000, 0x0000000085c00000|100%|HS|  |TAMS 0x0000000085c00000, 0x0000000085b00000| Complete 
|  92|0x0000000085c00000, 0x0000000085d00000, 0x0000000085d00000|100%|HC|  |TAMS 0x0000000085d00000, 0x0000000085c00000| Complete 
|  93|0x0000000085d00000, 0x0000000085e00000, 0x0000000085e00000|100%|HS|  |TAMS 0x0000000085e00000, 0x0000000085d00000| Complete 
|  94|0x0000000085e00000, 0x0000000085f00000, 0x0000000085f00000|100%|HS|  |TAMS 0x0000000085f00000, 0x0000000085e00000| Complete 
|  95|0x0000000085f00000, 0x0000000086000000, 0x0000000086000000|100%|HS|  |TAMS 0x0000000086000000, 0x0000000085f00000| Complete 
|  96|0x0000000086000000, 0x0000000086100000, 0x0000000086100000|100%|HS|  |TAMS 0x0000000086100000, 0x0000000086000000| Complete 
|  97|0x0000000086100000, 0x0000000086200000, 0x0000000086200000|100%| O|  |TAMS 0x0000000086200000, 0x0000000086100000| Untracked 
|  98|0x0000000086200000, 0x0000000086300000, 0x0000000086300000|100%| O|  |TAMS 0x0000000086300000, 0x0000000086200000| Untracked 
|  99|0x0000000086300000, 0x0000000086400000, 0x0000000086400000|100%| O|  |TAMS 0x0000000086400000, 0x0000000086300000| Untracked 
| 100|0x0000000086400000, 0x0000000086500000, 0x0000000086500000|100%|HS|  |TAMS 0x0000000086500000, 0x0000000086400000| Complete 
| 101|0x0000000086500000, 0x0000000086600000, 0x0000000086600000|100%|HS|  |TAMS 0x0000000086600000, 0x0000000086500000| Complete 
| 102|0x0000000086600000, 0x0000000086700000, 0x0000000086700000|100%|HS|  |TAMS 0x0000000086700000, 0x0000000086600000| Complete 
| 103|0x0000000086700000, 0x0000000086800000, 0x0000000086800000|100%|HC|  |TAMS 0x0000000086800000, 0x0000000086700000| Complete 
| 104|0x0000000086800000, 0x0000000086900000, 0x0000000086900000|100%|HS|  |TAMS 0x0000000086900000, 0x0000000086800000| Complete 
| 105|0x0000000086900000, 0x0000000086a00000, 0x0000000086a00000|100%|HC|  |TAMS 0x0000000086a00000, 0x0000000086900000| Complete 
| 106|0x0000000086a00000, 0x0000000086b00000, 0x0000000086b00000|100%| O|  |TAMS 0x0000000086b00000, 0x0000000086a00000| Untracked 
| 107|0x0000000086b00000, 0x0000000086c00000, 0x0000000086c00000|100%| O|  |TAMS 0x0000000086c00000, 0x0000000086b00000| Untracked 
| 108|0x0000000086c00000, 0x0000000086d00000, 0x0000000086d00000|100%| O|  |TAMS 0x0000000086d00000, 0x0000000086c00000| Untracked 
| 109|0x0000000086d00000, 0x0000000086e00000, 0x0000000086e00000|100%| O|  |TAMS 0x0000000086e00000, 0x0000000086d00000| Untracked 
| 110|0x0000000086e00000, 0x0000000086f00000, 0x0000000086f00000|100%| O|  |TAMS 0x0000000086f00000, 0x0000000086e00000| Untracked 
| 111|0x0000000086f00000, 0x0000000087000000, 0x0000000087000000|100%| O|  |TAMS 0x0000000087000000, 0x0000000086f00000| Untracked 
| 112|0x0000000087000000, 0x0000000087100000, 0x0000000087100000|100%| O|  |TAMS 0x0000000087100000, 0x0000000087000000| Untracked 
| 113|0x0000000087100000, 0x0000000087200000, 0x0000000087200000|100%| O|  |TAMS 0x0000000087200000, 0x0000000087100000| Untracked 
| 114|0x0000000087200000, 0x0000000087300000, 0x0000000087300000|100%| O|  |TAMS 0x0000000087300000, 0x0000000087200000| Untracked 
| 115|0x0000000087300000, 0x0000000087400000, 0x0000000087400000|100%|HS|  |TAMS 0x0000000087400000, 0x0000000087300000| Complete 
| 116|0x0000000087400000, 0x0000000087500000, 0x0000000087500000|100%|HC|  |TAMS 0x0000000087500000, 0x0000000087400000| Complete 
| 117|0x0000000087500000, 0x0000000087600000, 0x0000000087600000|100%| O|  |TAMS 0x0000000087600000, 0x0000000087500000| Untracked 
| 118|0x0000000087600000, 0x0000000087700000, 0x0000000087700000|100%|HS|  |TAMS 0x0000000087700000, 0x0000000087600000| Complete 
| 119|0x0000000087700000, 0x0000000087800000, 0x0000000087800000|100%| O|  |TAMS 0x0000000087800000, 0x0000000087700000| Untracked 
| 120|0x0000000087800000, 0x0000000087900000, 0x0000000087900000|100%|HS|  |TAMS 0x0000000087900000, 0x0000000087800000| Complete 
| 121|0x0000000087900000, 0x0000000087a00000, 0x0000000087a00000|100%| O|  |TAMS 0x0000000087a00000, 0x0000000087900000| Untracked 
| 122|0x0000000087a00000, 0x0000000087b00000, 0x0000000087b00000|100%|HS|  |TAMS 0x0000000087b00000, 0x0000000087a00000| Complete 
| 123|0x0000000087b00000, 0x0000000087c00000, 0x0000000087c00000|100%| O|  |TAMS 0x0000000087c00000, 0x0000000087b00000| Untracked 
| 124|0x0000000087c00000, 0x0000000087d00000, 0x0000000087d00000|100%|HS|  |TAMS 0x0000000087d00000, 0x0000000087c00000| Complete 
| 125|0x0000000087d00000, 0x0000000087e00000, 0x0000000087e00000|100%| O|  |TAMS 0x0000000087e00000, 0x0000000087d00000| Untracked 
| 126|0x0000000087e00000, 0x0000000087f00000, 0x0000000087f00000|100%|HS|  |TAMS 0x0000000087f00000, 0x0000000087e00000| Complete 
| 127|0x0000000087f00000, 0x0000000088000000, 0x0000000088000000|100%| O|  |TAMS 0x0000000088000000, 0x0000000087f00000| Untracked 
| 128|0x0000000088000000, 0x0000000088100000, 0x0000000088100000|100%|HS|  |TAMS 0x0000000088100000, 0x0000000088000000| Complete 
| 129|0x0000000088100000, 0x0000000088200000, 0x0000000088200000|100%| O|  |TAMS 0x0000000088200000, 0x0000000088100000| Untracked 
| 130|0x0000000088200000, 0x0000000088300000, 0x0000000088300000|100%|HS|  |TAMS 0x0000000088300000, 0x0000000088200000| Complete 
| 131|0x0000000088300000, 0x0000000088400000, 0x0000000088400000|100%|HS|  |TAMS 0x0000000088400000, 0x0000000088300000| Complete 
| 132|0x0000000088400000, 0x0000000088500000, 0x0000000088500000|100%|HC|  |TAMS 0x0000000088500000, 0x0000000088400000| Complete 
| 133|0x0000000088500000, 0x0000000088600000, 0x0000000088600000|100%|HS|  |TAMS 0x0000000088600000, 0x0000000088500000| Complete 
| 134|0x0000000088600000, 0x0000000088700000, 0x0000000088700000|100%| O|  |TAMS 0x0000000088700000, 0x0000000088600000| Untracked 
| 135|0x0000000088700000, 0x0000000088800000, 0x0000000088800000|100%|HS|  |TAMS 0x0000000088800000, 0x0000000088700000| Complete 
| 136|0x0000000088800000, 0x0000000088900000, 0x0000000088900000|100%|HC|  |TAMS 0x0000000088900000, 0x0000000088800000| Complete 
| 137|0x0000000088900000, 0x0000000088a00000, 0x0000000088a00000|100%| O|  |TAMS 0x0000000088a00000, 0x0000000088900000| Untracked 
| 138|0x0000000088a00000, 0x0000000088b00000, 0x0000000088b00000|100%| O|  |TAMS 0x0000000088b00000, 0x0000000088a00000| Untracked 
| 139|0x0000000088b00000, 0x0000000088c00000, 0x0000000088c00000|100%| O|  |TAMS 0x0000000088c00000, 0x0000000088b00000| Untracked 
| 140|0x0000000088c00000, 0x0000000088d00000, 0x0000000088d00000|100%| O|  |TAMS 0x0000000088d00000, 0x0000000088c00000| Untracked 
| 141|0x0000000088d00000, 0x0000000088e00000, 0x0000000088e00000|100%| O|  |TAMS 0x0000000088e00000, 0x0000000088d00000| Untracked 
| 142|0x0000000088e00000, 0x0000000088f00000, 0x0000000088f00000|100%| O|  |TAMS 0x0000000088f00000, 0x0000000088e00000| Untracked 
| 143|0x0000000088f00000, 0x0000000089000000, 0x0000000089000000|100%| O|  |TAMS 0x0000000089000000, 0x0000000088f00000| Untracked 
| 144|0x0000000089000000, 0x0000000089100000, 0x0000000089100000|100%| O|  |TAMS 0x0000000089100000, 0x0000000089000000| Untracked 
| 145|0x0000000089100000, 0x0000000089200000, 0x0000000089200000|100%| O|  |TAMS 0x0000000089200000, 0x0000000089100000| Untracked 
| 146|0x0000000089200000, 0x0000000089300000, 0x0000000089300000|100%| O|  |TAMS 0x0000000089300000, 0x0000000089200000| Untracked 
| 147|0x0000000089300000, 0x0000000089400000, 0x0000000089400000|100%| O|  |TAMS 0x0000000089400000, 0x0000000089300000| Untracked 
| 148|0x0000000089400000, 0x0000000089500000, 0x0000000089500000|100%| O|  |TAMS 0x0000000089500000, 0x0000000089400000| Untracked 
| 149|0x0000000089500000, 0x0000000089600000, 0x0000000089600000|100%| O|  |TAMS 0x0000000089600000, 0x0000000089500000| Untracked 
| 150|0x0000000089600000, 0x0000000089700000, 0x0000000089700000|100%| O|  |TAMS 0x0000000089700000, 0x0000000089600000| Untracked 
| 151|0x0000000089700000, 0x0000000089800000, 0x0000000089800000|100%| O|  |TAMS 0x0000000089800000, 0x0000000089700000| Untracked 
| 152|0x0000000089800000, 0x0000000089900000, 0x0000000089900000|100%| O|  |TAMS 0x0000000089900000, 0x0000000089800000| Untracked 
| 153|0x0000000089900000, 0x0000000089a00000, 0x0000000089a00000|100%| O|  |TAMS 0x0000000089a00000, 0x0000000089900000| Untracked 
| 154|0x0000000089a00000, 0x0000000089b00000, 0x0000000089b00000|100%| O|  |TAMS 0x0000000089b00000, 0x0000000089a00000| Untracked 
| 155|0x0000000089b00000, 0x0000000089c00000, 0x0000000089c00000|100%| O|  |TAMS 0x0000000089c00000, 0x0000000089b00000| Untracked 
| 156|0x0000000089c00000, 0x0000000089d00000, 0x0000000089d00000|100%| O|  |TAMS 0x0000000089d00000, 0x0000000089c00000| Untracked 
| 157|0x0000000089d00000, 0x0000000089e00000, 0x0000000089e00000|100%| O|  |TAMS 0x0000000089e00000, 0x0000000089d00000| Untracked 
| 158|0x0000000089e00000, 0x0000000089f00000, 0x0000000089f00000|100%| O|  |TAMS 0x0000000089f00000, 0x0000000089e00000| Untracked 
| 159|0x0000000089f00000, 0x000000008a000000, 0x000000008a000000|100%| O|  |TAMS 0x000000008a000000, 0x0000000089f00000| Untracked 
| 160|0x000000008a000000, 0x000000008a100000, 0x000000008a100000|100%| O|  |TAMS 0x000000008a100000, 0x000000008a000000| Untracked 
| 161|0x000000008a100000, 0x000000008a200000, 0x000000008a200000|100%| O|  |TAMS 0x000000008a200000, 0x000000008a100000| Untracked 
| 162|0x000000008a200000, 0x000000008a300000, 0x000000008a300000|100%| O|  |TAMS 0x000000008a300000, 0x000000008a200000| Untracked 
| 163|0x000000008a300000, 0x000000008a400000, 0x000000008a400000|100%| O|  |TAMS 0x000000008a400000, 0x000000008a300000| Untracked 
| 164|0x000000008a400000, 0x000000008a500000, 0x000000008a500000|100%| O|  |TAMS 0x000000008a500000, 0x000000008a400000| Untracked 
| 165|0x000000008a500000, 0x000000008a600000, 0x000000008a600000|100%| O|  |TAMS 0x000000008a600000, 0x000000008a500000| Untracked 
| 166|0x000000008a600000, 0x000000008a700000, 0x000000008a700000|100%| O|  |TAMS 0x000000008a700000, 0x000000008a600000| Untracked 
| 167|0x000000008a700000, 0x000000008a800000, 0x000000008a800000|100%| O|  |TAMS 0x000000008a800000, 0x000000008a700000| Untracked 
| 168|0x000000008a800000, 0x000000008a900000, 0x000000008a900000|100%| O|  |TAMS 0x000000008a900000, 0x000000008a800000| Untracked 
| 169|0x000000008a900000, 0x000000008aa00000, 0x000000008aa00000|100%| O|  |TAMS 0x000000008aa00000, 0x000000008a900000| Untracked 
| 170|0x000000008aa00000, 0x000000008ab00000, 0x000000008ab00000|100%| O|  |TAMS 0x000000008ab00000, 0x000000008aa00000| Untracked 
| 171|0x000000008ab00000, 0x000000008ac00000, 0x000000008ac00000|100%| O|  |TAMS 0x000000008ac00000, 0x000000008ab00000| Untracked 
| 172|0x000000008ac00000, 0x000000008ad00000, 0x000000008ad00000|100%| O|  |TAMS 0x000000008ad00000, 0x000000008ac00000| Untracked 
| 173|0x000000008ad00000, 0x000000008ae00000, 0x000000008ae00000|100%| O|  |TAMS 0x000000008ae00000, 0x000000008ad00000| Untracked 
| 174|0x000000008ae00000, 0x000000008af00000, 0x000000008af00000|100%| O|  |TAMS 0x000000008af00000, 0x000000008ae00000| Untracked 
| 175|0x000000008af00000, 0x000000008b000000, 0x000000008b000000|100%| O|  |TAMS 0x000000008b000000, 0x000000008af00000| Untracked 
| 176|0x000000008b000000, 0x000000008b100000, 0x000000008b100000|100%| O|  |TAMS 0x000000008b100000, 0x000000008b000000| Untracked 
| 177|0x000000008b100000, 0x000000008b200000, 0x000000008b200000|100%| O|  |TAMS 0x000000008b200000, 0x000000008b100000| Untracked 
| 178|0x000000008b200000, 0x000000008b300000, 0x000000008b300000|100%| O|  |TAMS 0x000000008b300000, 0x000000008b200000| Untracked 
| 179|0x000000008b300000, 0x000000008b400000, 0x000000008b400000|100%| O|  |TAMS 0x000000008b400000, 0x000000008b300000| Untracked 
| 180|0x000000008b400000, 0x000000008b500000, 0x000000008b500000|100%| O|  |TAMS 0x000000008b500000, 0x000000008b400000| Untracked 
| 181|0x000000008b500000, 0x000000008b600000, 0x000000008b600000|100%| O|  |TAMS 0x000000008b600000, 0x000000008b500000| Untracked 
| 182|0x000000008b600000, 0x000000008b700000, 0x000000008b700000|100%| O|  |TAMS 0x000000008b700000, 0x000000008b600000| Untracked 
| 183|0x000000008b700000, 0x000000008b800000, 0x000000008b800000|100%| O|  |TAMS 0x000000008b800000, 0x000000008b700000| Untracked 
| 184|0x000000008b800000, 0x000000008b900000, 0x000000008b900000|100%| O|  |TAMS 0x000000008b900000, 0x000000008b800000| Untracked 
| 185|0x000000008b900000, 0x000000008ba00000, 0x000000008ba00000|100%| O|  |TAMS 0x000000008ba00000, 0x000000008b900000| Untracked 
| 186|0x000000008ba00000, 0x000000008bb00000, 0x000000008bb00000|100%| O|  |TAMS 0x000000008bb00000, 0x000000008ba00000| Untracked 
| 187|0x000000008bb00000, 0x000000008bc00000, 0x000000008bc00000|100%| O|  |TAMS 0x000000008bc00000, 0x000000008bb00000| Untracked 
| 188|0x000000008bc00000, 0x000000008bd00000, 0x000000008bd00000|100%| O|  |TAMS 0x000000008bd00000, 0x000000008bc00000| Untracked 
| 189|0x000000008bd00000, 0x000000008be00000, 0x000000008be00000|100%| O|  |TAMS 0x000000008be00000, 0x000000008bd00000| Untracked 
| 190|0x000000008be00000, 0x000000008bf00000, 0x000000008bf00000|100%| O|  |TAMS 0x000000008bf00000, 0x000000008be00000| Untracked 
| 191|0x000000008bf00000, 0x000000008c000000, 0x000000008c000000|100%| O|  |TAMS 0x000000008c000000, 0x000000008bf00000| Untracked 
| 192|0x000000008c000000, 0x000000008c100000, 0x000000008c100000|100%| O|  |TAMS 0x000000008c100000, 0x000000008c000000| Untracked 
| 193|0x000000008c100000, 0x000000008c200000, 0x000000008c200000|100%| O|  |TAMS 0x000000008c200000, 0x000000008c100000| Untracked 
| 194|0x000000008c200000, 0x000000008c300000, 0x000000008c300000|100%| O|  |TAMS 0x000000008c300000, 0x000000008c200000| Untracked 
| 195|0x000000008c300000, 0x000000008c400000, 0x000000008c400000|100%| O|  |TAMS 0x000000008c400000, 0x000000008c300000| Untracked 
| 196|0x000000008c400000, 0x000000008c500000, 0x000000008c500000|100%| O|  |TAMS 0x000000008c500000, 0x000000008c400000| Untracked 
| 197|0x000000008c500000, 0x000000008c600000, 0x000000008c600000|100%| O|  |TAMS 0x000000008c600000, 0x000000008c500000| Untracked 
| 198|0x000000008c600000, 0x000000008c700000, 0x000000008c700000|100%| O|  |TAMS 0x000000008c700000, 0x000000008c600000| Untracked 
| 199|0x000000008c700000, 0x000000008c800000, 0x000000008c800000|100%| O|  |TAMS 0x000000008c800000, 0x000000008c700000| Untracked 
| 200|0x000000008c800000, 0x000000008c900000, 0x000000008c900000|100%| O|  |TAMS 0x000000008c900000, 0x000000008c800000| Untracked 
| 201|0x000000008c900000, 0x000000008ca00000, 0x000000008ca00000|100%| O|  |TAMS 0x000000008ca00000, 0x000000008c900000| Untracked 
| 202|0x000000008ca00000, 0x000000008cb00000, 0x000000008cb00000|100%| O|  |TAMS 0x000000008cb00000, 0x000000008ca00000| Untracked 
| 203|0x000000008cb00000, 0x000000008cc00000, 0x000000008cc00000|100%| O|  |TAMS 0x000000008cc00000, 0x000000008cb00000| Untracked 
| 204|0x000000008cc00000, 0x000000008cd00000, 0x000000008cd00000|100%| O|  |TAMS 0x000000008cd00000, 0x000000008cc00000| Untracked 
| 205|0x000000008cd00000, 0x000000008ce00000, 0x000000008ce00000|100%| O|  |TAMS 0x000000008ce00000, 0x000000008cd00000| Untracked 
| 206|0x000000008ce00000, 0x000000008cf00000, 0x000000008cf00000|100%| O|  |TAMS 0x000000008cf00000, 0x000000008ce00000| Untracked 
| 207|0x000000008cf00000, 0x000000008d000000, 0x000000008d000000|100%| O|  |TAMS 0x000000008d000000, 0x000000008cf00000| Untracked 
| 208|0x000000008d000000, 0x000000008d100000, 0x000000008d100000|100%| O|  |TAMS 0x000000008d100000, 0x000000008d000000| Untracked 
| 209|0x000000008d100000, 0x000000008d200000, 0x000000008d200000|100%| O|  |TAMS 0x000000008d200000, 0x000000008d100000| Untracked 
| 210|0x000000008d200000, 0x000000008d300000, 0x000000008d300000|100%| O|  |TAMS 0x000000008d300000, 0x000000008d200000| Untracked 
| 211|0x000000008d300000, 0x000000008d400000, 0x000000008d400000|100%| O|  |TAMS 0x000000008d400000, 0x000000008d300000| Untracked 
| 212|0x000000008d400000, 0x000000008d500000, 0x000000008d500000|100%| O|  |TAMS 0x000000008d500000, 0x000000008d400000| Untracked 
| 213|0x000000008d500000, 0x000000008d600000, 0x000000008d600000|100%| O|  |TAMS 0x000000008d600000, 0x000000008d500000| Untracked 
| 214|0x000000008d600000, 0x000000008d700000, 0x000000008d700000|100%| O|  |TAMS 0x000000008d700000, 0x000000008d600000| Untracked 
| 215|0x000000008d700000, 0x000000008d800000, 0x000000008d800000|100%| O|  |TAMS 0x000000008d800000, 0x000000008d700000| Untracked 
| 216|0x000000008d800000, 0x000000008d900000, 0x000000008d900000|100%| O|  |TAMS 0x000000008d900000, 0x000000008d800000| Untracked 
| 217|0x000000008d900000, 0x000000008da00000, 0x000000008da00000|100%| O|  |TAMS 0x000000008da00000, 0x000000008d900000| Untracked 
| 218|0x000000008da00000, 0x000000008db00000, 0x000000008db00000|100%| O|  |TAMS 0x000000008db00000, 0x000000008da00000| Untracked 
| 219|0x000000008db00000, 0x000000008dc00000, 0x000000008dc00000|100%| O|  |TAMS 0x000000008dc00000, 0x000000008db00000| Untracked 
| 220|0x000000008dc00000, 0x000000008dd00000, 0x000000008dd00000|100%| O|  |TAMS 0x000000008dcbcc00, 0x000000008dc00000| Untracked 
| 221|0x000000008dd00000, 0x000000008de00000, 0x000000008de00000|100%| O|  |TAMS 0x000000008dd00000, 0x000000008dd00000| Untracked 
| 222|0x000000008de00000, 0x000000008df00000, 0x000000008df00000|100%| O|  |TAMS 0x000000008de00000, 0x000000008de00000| Untracked 
| 223|0x000000008df00000, 0x000000008e000000, 0x000000008e000000|100%| O|  |TAMS 0x000000008df00000, 0x000000008df00000| Untracked 
| 224|0x000000008e000000, 0x000000008e100000, 0x000000008e100000|100%| O|  |TAMS 0x000000008e000000, 0x000000008e000000| Untracked 
| 225|0x000000008e100000, 0x000000008e200000, 0x000000008e200000|100%| O|  |TAMS 0x000000008e100000, 0x000000008e100000| Untracked 
| 226|0x000000008e200000, 0x000000008e300000, 0x000000008e300000|100%| O|  |TAMS 0x000000008e200000, 0x000000008e200000| Untracked 
| 227|0x000000008e300000, 0x000000008e400000, 0x000000008e400000|100%| O|  |TAMS 0x000000008e300000, 0x000000008e300000| Untracked 
| 228|0x000000008e400000, 0x000000008e500000, 0x000000008e500000|100%| O|  |TAMS 0x000000008e400000, 0x000000008e400000| Untracked 
| 229|0x000000008e500000, 0x000000008e600000, 0x000000008e600000|100%| O|  |TAMS 0x000000008e500000, 0x000000008e500000| Untracked 
| 230|0x000000008e600000, 0x000000008e700000, 0x000000008e700000|100%| O|  |TAMS 0x000000008e600000, 0x000000008e600000| Untracked 
| 231|0x000000008e700000, 0x000000008e800000, 0x000000008e800000|100%| O|  |TAMS 0x000000008e700000, 0x000000008e700000| Untracked 
| 232|0x000000008e800000, 0x000000008e900000, 0x000000008e900000|100%| O|  |TAMS 0x000000008e800000, 0x000000008e800000| Untracked 
| 233|0x000000008e900000, 0x000000008ea00000, 0x000000008ea00000|100%| O|  |TAMS 0x000000008e900000, 0x000000008e900000| Untracked 
| 234|0x000000008ea00000, 0x000000008eb00000, 0x000000008eb00000|100%| O|  |TAMS 0x000000008ea00000, 0x000000008ea00000| Untracked 
| 235|0x000000008eb00000, 0x000000008ec00000, 0x000000008ec00000|100%| O|  |TAMS 0x000000008eb00000, 0x000000008eb00000| Untracked 
| 236|0x000000008ec00000, 0x000000008ed00000, 0x000000008ed00000|100%| O|  |TAMS 0x000000008ec00000, 0x000000008ec00000| Untracked 
| 237|0x000000008ed00000, 0x000000008ee00000, 0x000000008ee00000|100%| O|  |TAMS 0x000000008ed00000, 0x000000008ed00000| Untracked 
| 238|0x000000008ee00000, 0x000000008ef00000, 0x000000008ef00000|100%| O|  |TAMS 0x000000008ee00000, 0x000000008ee00000| Untracked 
| 239|0x000000008ef00000, 0x000000008ef00000, 0x000000008f000000|  0%| F|  |TAMS 0x000000008ef00000, 0x000000008ef00000| Untracked 
| 240|0x000000008f000000, 0x000000008f000000, 0x000000008f100000|  0%| F|  |TAMS 0x000000008f000000, 0x000000008f000000| Untracked 
| 241|0x000000008f100000, 0x000000008f100000, 0x000000008f200000|  0%| F|  |TAMS 0x000000008f100000, 0x000000008f100000| Untracked 
| 242|0x000000008f200000, 0x000000008f200000, 0x000000008f300000|  0%| F|  |TAMS 0x000000008f200000, 0x000000008f200000| Untracked 
| 243|0x000000008f300000, 0x000000008f300000, 0x000000008f400000|  0%| F|  |TAMS 0x000000008f300000, 0x000000008f300000| Untracked 
| 244|0x000000008f400000, 0x000000008f400000, 0x000000008f500000|  0%| F|  |TAMS 0x000000008f400000, 0x000000008f400000| Untracked 
| 245|0x000000008f500000, 0x000000008f500000, 0x000000008f600000|  0%| F|  |TAMS 0x000000008f500000, 0x000000008f500000| Untracked 
| 246|0x000000008f600000, 0x000000008f600000, 0x000000008f700000|  0%| F|  |TAMS 0x000000008f600000, 0x000000008f600000| Untracked 
| 247|0x000000008f700000, 0x000000008f700000, 0x000000008f800000|  0%| F|  |TAMS 0x000000008f700000, 0x000000008f700000| Untracked 
| 248|0x000000008f800000, 0x000000008f800000, 0x000000008f900000|  0%| F|  |TAMS 0x000000008f800000, 0x000000008f800000| Untracked 
| 249|0x000000008f900000, 0x000000008f900000, 0x000000008fa00000|  0%| F|  |TAMS 0x000000008f900000, 0x000000008f900000| Untracked 
| 250|0x000000008fa00000, 0x000000008fa00000, 0x000000008fb00000|  0%| F|  |TAMS 0x000000008fa00000, 0x000000008fa00000| Untracked 
| 251|0x000000008fb00000, 0x000000008fb00000, 0x000000008fc00000|  0%| F|  |TAMS 0x000000008fb00000, 0x000000008fb00000| Untracked 
| 252|0x000000008fc00000, 0x000000008fc00000, 0x000000008fd00000|  0%| F|  |TAMS 0x000000008fc00000, 0x000000008fc00000| Untracked 
| 253|0x000000008fd00000, 0x000000008fd00000, 0x000000008fe00000|  0%| F|  |TAMS 0x000000008fd00000, 0x000000008fd00000| Untracked 
| 254|0x000000008fe00000, 0x000000008fe00000, 0x000000008ff00000|  0%| F|  |TAMS 0x000000008fe00000, 0x000000008fe00000| Untracked 
| 255|0x000000008ff00000, 0x000000008ff00000, 0x0000000090000000|  0%| F|  |TAMS 0x000000008ff00000, 0x000000008ff00000| Untracked 
| 256|0x0000000090000000, 0x0000000090000000, 0x0000000090100000|  0%| F|  |TAMS 0x0000000090000000, 0x0000000090000000| Untracked 
| 257|0x0000000090100000, 0x0000000090100000, 0x0000000090200000|  0%| F|  |TAMS 0x0000000090100000, 0x0000000090100000| Untracked 
| 258|0x0000000090200000, 0x0000000090200000, 0x0000000090300000|  0%| F|  |TAMS 0x0000000090200000, 0x0000000090200000| Untracked 
| 259|0x0000000090300000, 0x0000000090300000, 0x0000000090400000|  0%| F|  |TAMS 0x0000000090300000, 0x0000000090300000| Untracked 
| 260|0x0000000090400000, 0x0000000090400000, 0x0000000090500000|  0%| F|  |TAMS 0x0000000090400000, 0x0000000090400000| Untracked 
| 261|0x0000000090500000, 0x0000000090500000, 0x0000000090600000|  0%| F|  |TAMS 0x0000000090500000, 0x0000000090500000| Untracked 
| 262|0x0000000090600000, 0x0000000090600000, 0x0000000090700000|  0%| F|  |TAMS 0x0000000090600000, 0x0000000090600000| Untracked 
| 263|0x0000000090700000, 0x0000000090700000, 0x0000000090800000|  0%| F|  |TAMS 0x0000000090700000, 0x0000000090700000| Untracked 
| 264|0x0000000090800000, 0x0000000090800000, 0x0000000090900000|  0%| F|  |TAMS 0x0000000090800000, 0x0000000090800000| Untracked 
| 265|0x0000000090900000, 0x0000000090900000, 0x0000000090a00000|  0%| F|  |TAMS 0x0000000090900000, 0x0000000090900000| Untracked 
| 266|0x0000000090a00000, 0x0000000090a00000, 0x0000000090b00000|  0%| F|  |TAMS 0x0000000090a00000, 0x0000000090a00000| Untracked 
| 267|0x0000000090b00000, 0x0000000090b00000, 0x0000000090c00000|  0%| F|  |TAMS 0x0000000090b00000, 0x0000000090b00000| Untracked 
| 268|0x0000000090c00000, 0x0000000090c00000, 0x0000000090d00000|  0%| F|  |TAMS 0x0000000090c00000, 0x0000000090c00000| Untracked 
| 269|0x0000000090d00000, 0x0000000090d00000, 0x0000000090e00000|  0%| F|  |TAMS 0x0000000090d00000, 0x0000000090d00000| Untracked 
| 270|0x0000000090e00000, 0x0000000090e00000, 0x0000000090f00000|  0%| F|  |TAMS 0x0000000090e00000, 0x0000000090e00000| Untracked 
| 271|0x0000000090f00000, 0x0000000090f00000, 0x0000000091000000|  0%| F|  |TAMS 0x0000000090f00000, 0x0000000090f00000| Untracked 
| 272|0x0000000091000000, 0x0000000091000000, 0x0000000091100000|  0%| F|  |TAMS 0x0000000091000000, 0x0000000091000000| Untracked 
| 273|0x0000000091100000, 0x0000000091100000, 0x0000000091200000|  0%| F|  |TAMS 0x0000000091100000, 0x0000000091100000| Untracked 
| 274|0x0000000091200000, 0x0000000091200000, 0x0000000091300000|  0%| F|  |TAMS 0x0000000091200000, 0x0000000091200000| Untracked 
| 275|0x0000000091300000, 0x0000000091300000, 0x0000000091400000|  0%| F|  |TAMS 0x0000000091300000, 0x0000000091300000| Untracked 
| 276|0x0000000091400000, 0x0000000091400000, 0x0000000091500000|  0%| F|  |TAMS 0x0000000091400000, 0x0000000091400000| Untracked 
| 277|0x0000000091500000, 0x0000000091500000, 0x0000000091600000|  0%| F|  |TAMS 0x0000000091500000, 0x0000000091500000| Untracked 
| 278|0x0000000091600000, 0x0000000091600000, 0x0000000091700000|  0%| F|  |TAMS 0x0000000091600000, 0x0000000091600000| Untracked 
| 279|0x0000000091700000, 0x0000000091700000, 0x0000000091800000|  0%| F|  |TAMS 0x0000000091700000, 0x0000000091700000| Untracked 
| 280|0x0000000091800000, 0x0000000091800000, 0x0000000091900000|  0%| F|  |TAMS 0x0000000091800000, 0x0000000091800000| Untracked 
| 281|0x0000000091900000, 0x0000000091900000, 0x0000000091a00000|  0%| F|  |TAMS 0x0000000091900000, 0x0000000091900000| Untracked 
| 282|0x0000000091a00000, 0x0000000091a00000, 0x0000000091b00000|  0%| F|  |TAMS 0x0000000091a00000, 0x0000000091a00000| Untracked 
| 283|0x0000000091b00000, 0x0000000091b00000, 0x0000000091c00000|  0%| F|  |TAMS 0x0000000091b00000, 0x0000000091b00000| Untracked 
| 284|0x0000000091c00000, 0x0000000091c00000, 0x0000000091d00000|  0%| F|  |TAMS 0x0000000091c00000, 0x0000000091c00000| Untracked 
| 285|0x0000000091d00000, 0x0000000091d00000, 0x0000000091e00000|  0%| F|  |TAMS 0x0000000091d00000, 0x0000000091d00000| Untracked 
| 286|0x0000000091e00000, 0x0000000091e00000, 0x0000000091f00000|  0%| F|  |TAMS 0x0000000091e00000, 0x0000000091e00000| Untracked 
| 287|0x0000000091f00000, 0x0000000091f00000, 0x0000000092000000|  0%| F|  |TAMS 0x0000000091f00000, 0x0000000091f00000| Untracked 
| 288|0x0000000092000000, 0x0000000092000000, 0x0000000092100000|  0%| F|  |TAMS 0x0000000092000000, 0x0000000092000000| Untracked 
| 289|0x0000000092100000, 0x0000000092100000, 0x0000000092200000|  0%| F|  |TAMS 0x0000000092100000, 0x0000000092100000| Untracked 
| 290|0x0000000092200000, 0x0000000092200000, 0x0000000092300000|  0%| F|  |TAMS 0x0000000092200000, 0x0000000092200000| Untracked 
| 291|0x0000000092300000, 0x0000000092300000, 0x0000000092400000|  0%| F|  |TAMS 0x0000000092300000, 0x0000000092300000| Untracked 
| 292|0x0000000092400000, 0x0000000092400000, 0x0000000092500000|  0%| F|  |TAMS 0x0000000092400000, 0x0000000092400000| Untracked 
| 293|0x0000000092500000, 0x0000000092500000, 0x0000000092600000|  0%| F|  |TAMS 0x0000000092500000, 0x0000000092500000| Untracked 
| 294|0x0000000092600000, 0x0000000092600000, 0x0000000092700000|  0%| F|  |TAMS 0x0000000092600000, 0x0000000092600000| Untracked 
| 295|0x0000000092700000, 0x0000000092800000, 0x0000000092800000|100%| S|CS|TAMS 0x0000000092700000, 0x0000000092700000| Complete 
| 296|0x0000000092800000, 0x0000000092800000, 0x0000000092900000|  0%| F|  |TAMS 0x0000000092800000, 0x0000000092800000| Untracked 
| 297|0x0000000092900000, 0x0000000092900000, 0x0000000092a00000|  0%| F|  |TAMS 0x0000000092900000, 0x0000000092900000| Untracked 
| 298|0x0000000092a00000, 0x0000000092a00000, 0x0000000092b00000|  0%| F|  |TAMS 0x0000000092a00000, 0x0000000092a00000| Untracked 
| 299|0x0000000092b00000, 0x0000000092b00000, 0x0000000092c00000|  0%| F|  |TAMS 0x0000000092b00000, 0x0000000092b00000| Untracked 
| 300|0x0000000092c00000, 0x0000000092c00000, 0x0000000092d00000|  0%| F|  |TAMS 0x0000000092c00000, 0x0000000092c00000| Untracked 
| 301|0x0000000092d00000, 0x0000000092e00000, 0x0000000092e00000|100%| S|CS|TAMS 0x0000000092d00000, 0x0000000092d00000| Complete 
| 302|0x0000000092e00000, 0x0000000092f00000, 0x0000000092f00000|100%| S|CS|TAMS 0x0000000092e00000, 0x0000000092e00000| Complete 
| 303|0x0000000092f00000, 0x0000000093000000, 0x0000000093000000|100%| S|CS|TAMS 0x0000000092f00000, 0x0000000092f00000| Complete 
| 304|0x0000000093000000, 0x0000000093000000, 0x0000000093100000|  0%| F|  |TAMS 0x0000000093000000, 0x0000000093000000| Untracked 
| 305|0x0000000093100000, 0x0000000093100000, 0x0000000093200000|  0%| F|  |TAMS 0x0000000093100000, 0x0000000093100000| Untracked 
| 306|0x0000000093200000, 0x0000000093200000, 0x0000000093300000|  0%| F|  |TAMS 0x0000000093200000, 0x0000000093200000| Untracked 
| 307|0x0000000093300000, 0x0000000093300000, 0x0000000093400000|  0%| F|  |TAMS 0x0000000093300000, 0x0000000093300000| Untracked 
| 308|0x0000000093400000, 0x0000000093400000, 0x0000000093500000|  0%| F|  |TAMS 0x0000000093400000, 0x0000000093400000| Untracked 
| 309|0x0000000093500000, 0x0000000093500000, 0x0000000093600000|  0%| F|  |TAMS 0x0000000093500000, 0x0000000093500000| Untracked 
| 310|0x0000000093600000, 0x0000000093600000, 0x0000000093700000|  0%| F|  |TAMS 0x0000000093600000, 0x0000000093600000| Untracked 
| 311|0x0000000093700000, 0x0000000093700000, 0x0000000093800000|  0%| F|  |TAMS 0x0000000093700000, 0x0000000093700000| Untracked 
| 312|0x0000000093800000, 0x0000000093800000, 0x0000000093900000|  0%| F|  |TAMS 0x0000000093800000, 0x0000000093800000| Untracked 
| 313|0x0000000093900000, 0x0000000093900000, 0x0000000093a00000|  0%| F|  |TAMS 0x0000000093900000, 0x0000000093900000| Untracked 
| 314|0x0000000093a00000, 0x0000000093a00000, 0x0000000093b00000|  0%| F|  |TAMS 0x0000000093a00000, 0x0000000093a00000| Untracked 
| 315|0x0000000093b00000, 0x0000000093b00000, 0x0000000093c00000|  0%| F|  |TAMS 0x0000000093b00000, 0x0000000093b00000| Untracked 
| 316|0x0000000093c00000, 0x0000000093c00000, 0x0000000093d00000|  0%| F|  |TAMS 0x0000000093c00000, 0x0000000093c00000| Untracked 
| 317|0x0000000093d00000, 0x0000000093d00000, 0x0000000093e00000|  0%| F|  |TAMS 0x0000000093d00000, 0x0000000093d00000| Untracked 
| 318|0x0000000093e00000, 0x0000000093e00000, 0x0000000093f00000|  0%| F|  |TAMS 0x0000000093e00000, 0x0000000093e00000| Untracked 
| 319|0x0000000093f00000, 0x0000000093f00000, 0x0000000094000000|  0%| F|  |TAMS 0x0000000093f00000, 0x0000000093f00000| Untracked 
| 320|0x0000000094000000, 0x0000000094000000, 0x0000000094100000|  0%| F|  |TAMS 0x0000000094000000, 0x0000000094000000| Untracked 
| 321|0x0000000094100000, 0x0000000094100000, 0x0000000094200000|  0%| F|  |TAMS 0x0000000094100000, 0x0000000094100000| Untracked 
| 322|0x0000000094200000, 0x0000000094200000, 0x0000000094300000|  0%| F|  |TAMS 0x0000000094200000, 0x0000000094200000| Untracked 
| 323|0x0000000094300000, 0x0000000094300000, 0x0000000094400000|  0%| F|  |TAMS 0x0000000094300000, 0x0000000094300000| Untracked 
| 324|0x0000000094400000, 0x0000000094400000, 0x0000000094500000|  0%| F|  |TAMS 0x0000000094400000, 0x0000000094400000| Untracked 
| 325|0x0000000094500000, 0x0000000094500000, 0x0000000094600000|  0%| F|  |TAMS 0x0000000094500000, 0x0000000094500000| Untracked 
| 326|0x0000000094600000, 0x0000000094600000, 0x0000000094700000|  0%| F|  |TAMS 0x0000000094600000, 0x0000000094600000| Untracked 
| 327|0x0000000094700000, 0x0000000094700000, 0x0000000094800000|  0%| F|  |TAMS 0x0000000094700000, 0x0000000094700000| Untracked 
| 328|0x0000000094800000, 0x0000000094800000, 0x0000000094900000|  0%| F|  |TAMS 0x0000000094800000, 0x0000000094800000| Untracked 
| 329|0x0000000094900000, 0x0000000094900000, 0x0000000094a00000|  0%| F|  |TAMS 0x0000000094900000, 0x0000000094900000| Untracked 
| 330|0x0000000094a00000, 0x0000000094a00000, 0x0000000094b00000|  0%| F|  |TAMS 0x0000000094a00000, 0x0000000094a00000| Untracked 

Card table byte_map: [0x0000027099a40000,0x0000027099e40000] _byte_map_base: 0x0000027099640000

Marking Bits (Prev, Next): (CMBitMap*) 0x0000027086876730, (CMBitMap*) 0x00000270868766f8
 Prev Bits: [0x000002709c240000, 0x000002709e240000)
 Next Bits: [0x000002709a240000, 0x000002709c240000)

Polling page: 0x00000270847a0000

Metaspace:

Usage:
  Non-class:     82.53 MB capacity,    80.72 MB ( 98%) used,     1.51 MB (  2%) free+waste,   299.75 KB ( <1%) overhead. 
      Class:     13.27 MB capacity,    12.17 MB ( 92%) used,   990.40 KB (  7%) free+waste,   135.63 KB ( <1%) overhead. 
       Both:     95.80 MB capacity,    92.89 MB ( 97%) used,     2.48 MB (  3%) free+waste,   435.38 KB ( <1%) overhead. 

Virtual space:
  Non-class space:       84.00 MB reserved,      82.68 MB ( 98%) committed 
      Class space:        1.00 GB reserved,      13.32 MB (  1%) committed 
             Both:        1.08 GB reserved,      96.00 MB (  9%) committed 

Chunk freelists:
   Non-Class:  23.00 KB
       Class:  0 bytes
        Both:  23.00 KB

MaxMetaspaceSize: 17179869184.00 GB
CompressedClassSpaceSize: 1.00 GB

CodeHeap 'non-profiled nmethods': size=120000Kb used=7281Kb max_used=7281Kb free=112718Kb
 bounds [0x0000027091de0000, 0x0000027092500000, 0x0000027099310000]
CodeHeap 'profiled nmethods': size=120000Kb used=28345Kb max_used=28345Kb free=91654Kb
 bounds [0x000002708a8b0000, 0x000002708c460000, 0x0000027091de0000]
CodeHeap 'non-nmethods': size=5760Kb used=2306Kb max_used=2366Kb free=3453Kb
 bounds [0x000002708a310000, 0x000002708a580000, 0x000002708a8b0000]
 total_blobs=13864 nmethods=12952 adapters=823
 compilation: enabled
              stopped_count=0, restarted_count=0
 full_count=0

Compilation events (20 events):
Event: 21.635 Thread 0x00000270a1526000 13244       2       com.android.tools.r8.internal.yj::<init> (22 bytes)
Event: 21.636 Thread 0x00000270a1526000 nmethod 13244 0x000002708c459990 code [0x000002708c459b60, 0x000002708c459da8]
Event: 21.640 Thread 0x00000270a1526000 13245       2       com.android.tools.r8.internal.pr::d (53 bytes)
Event: 21.641 Thread 0x00000270a1526000 nmethod 13245 0x000002708c459e90 code [0x000002708c45a0a0, 0x000002708c45a4f8]
Event: 21.653 Thread 0x00000270a1526000 13249       2       com.android.tools.r8.internal.pr::c (7 bytes)
Event: 21.653 Thread 0x00000270a1526000 nmethod 13249 0x000002708c45a710 code [0x000002708c45a8c0, 0x000002708c45aa58]
Event: 21.653 Thread 0x00000270a1526000 13250       2       com.android.tools.r8.internal.pr$$Lambda$1387/0x0000000100b29040::get$Lambda (9 bytes)
Event: 21.653 Thread 0x00000270a1526000 nmethod 13250 0x000002708c45ab90 code [0x000002708c45ad40, 0x000002708c45aeb8]
Event: 21.653 Thread 0x00000270a1526000 13251       2       com.android.tools.r8.internal.pr$$Lambda$1387/0x0000000100b29040::<init> (10 bytes)
Event: 21.653 Thread 0x00000270a1526000 nmethod 13251 0x000002708c45af90 code [0x000002708c45b140, 0x000002708c45b278]
Event: 21.653 Thread 0x00000270a1526000 13252 %     3       com.android.tools.r8.graph.Z0::a @ 22 (98 bytes)
Event: 21.655 Thread 0x00000270a1526000 nmethod 13252% 0x000002708c45b310 code [0x000002708c45b5c0, 0x000002708c45c8b8]
Event: 21.655 Thread 0x00000270a1526000 13253       2       com.android.tools.r8.internal.pr::k (25 bytes)
Event: 21.655 Thread 0x00000270a1526000 nmethod 13253 0x000002708c45ce10 code [0x000002708c45d000, 0x000002708c45d4d8]
Event: 21.655 Thread 0x00000270a1526000 13254       2       com.android.tools.r8.internal.pr$$Lambda$1388/0x0000000100b15840::get$Lambda (9 bytes)
Event: 21.656 Thread 0x00000270a1526000 nmethod 13254 0x000002708c45d690 code [0x000002708c45d840, 0x000002708c45d9b8]
Event: 21.656 Thread 0x00000270a1526000 13255       2       com.android.tools.r8.internal.pr$$Lambda$1388/0x0000000100b15840::<init> (10 bytes)
Event: 21.656 Thread 0x00000270a1526000 nmethod 13255 0x000002708c45da90 code [0x000002708c45dc40, 0x000002708c45dd78]
Event: 21.656 Thread 0x00000270a1526000 13256       2       com.android.tools.r8.internal.pr$$Lambda$1387/0x0000000100b29040::iterator (8 bytes)
Event: 21.656 Thread 0x00000270a1526000 nmethod 13256 0x000002708c45de10 code [0x000002708c45e000, 0x000002708c45e4f8]

GC Heap History (20 events):
Event: 19.541 GC heap after
{Heap after GC invocations=32 (full 0):
 garbage-first heap   total 187392K, used 117333K [0x0000000080000000, 0x0000000100000000)
  region size 1024K, 3 young (3072K), 3 survivors (3072K)
 Metaspace       used 90328K, capacity 93071K, committed 93696K, reserved 1130496K
  class space    used 11628K, capacity 12645K, committed 12876K, reserved 1048576K
}
Event: 19.779 GC heap before
{Heap before GC invocations=33 (full 0):
 garbage-first heap   total 187392K, used 173653K [0x0000000080000000, 0x0000000100000000)
  region size 1024K, 35 young (35840K), 3 survivors (3072K)
 Metaspace       used 90585K, capacity 93274K, committed 93952K, reserved 1130496K
  class space    used 11653K, capacity 12648K, committed 12876K, reserved 1048576K
}
Event: 19.794 GC heap after
{Heap after GC invocations=34 (full 0):
 garbage-first heap   total 192512K, used 143899K [0x0000000080000000, 0x0000000100000000)
  region size 1024K, 5 young (5120K), 5 survivors (5120K)
 Metaspace       used 90585K, capacity 93274K, committed 93952K, reserved 1130496K
  class space    used 11653K, capacity 12648K, committed 12876K, reserved 1048576K
}
Event: 19.878 GC heap before
{Heap before GC invocations=34 (full 0):
 garbage-first heap   total 192512K, used 160283K [0x0000000080000000, 0x0000000100000000)
  region size 1024K, 21 young (21504K), 5 survivors (5120K)
 Metaspace       used 90585K, capacity 93274K, committed 93952K, reserved 1130496K
  class space    used 11653K, capacity 12648K, committed 12876K, reserved 1048576K
}
Event: 19.912 GC heap after
{Heap after GC invocations=35 (full 0):
 garbage-first heap   total 231424K, used 150636K [0x0000000080000000, 0x0000000100000000)
  region size 1024K, 3 young (3072K), 3 survivors (3072K)
 Metaspace       used 90585K, capacity 93274K, committed 93952K, reserved 1130496K
  class space    used 11653K, capacity 12648K, committed 12876K, reserved 1048576K
}
Event: 20.125 GC heap before
{Heap before GC invocations=36 (full 0):
 garbage-first heap   total 231424K, used 179308K [0x0000000080000000, 0x0000000100000000)
  region size 1024K, 30 young (30720K), 3 survivors (3072K)
 Metaspace       used 90585K, capacity 93274K, committed 93952K, reserved 1130496K
  class space    used 11653K, capacity 12648K, committed 12876K, reserved 1048576K
}
Event: 20.149 GC heap after
{Heap after GC invocations=37 (full 0):
 garbage-first heap   total 231424K, used 163950K [0x0000000080000000, 0x0000000100000000)
  region size 1024K, 4 young (4096K), 4 survivors (4096K)
 Metaspace       used 90585K, capacity 93274K, committed 93952K, reserved 1130496K
  class space    used 11653K, capacity 12648K, committed 12876K, reserved 1048576K
}
Event: 20.354 GC heap before
{Heap before GC invocations=37 (full 0):
 garbage-first heap   total 231424K, used 185454K [0x0000000080000000, 0x0000000100000000)
  region size 1024K, 25 young (25600K), 4 survivors (4096K)
 Metaspace       used 92775K, capacity 95662K, committed 96000K, reserved 1132544K
  class space    used 12149K, capacity 13245K, committed 13388K, reserved 1048576K
}
Event: 20.369 GC heap after
{Heap after GC invocations=38 (full 0):
 garbage-first heap   total 231424K, used 172647K [0x0000000080000000, 0x0000000100000000)
  region size 1024K, 4 young (4096K), 4 survivors (4096K)
 Metaspace       used 92775K, capacity 95662K, committed 96000K, reserved 1132544K
  class space    used 12149K, capacity 13245K, committed 13388K, reserved 1048576K
}
Event: 20.460 GC heap before
{Heap before GC invocations=38 (full 0):
 garbage-first heap   total 231424K, used 190055K [0x0000000080000000, 0x0000000100000000)
  region size 1024K, 21 young (21504K), 4 survivors (4096K)
 Metaspace       used 92883K, capacity 95738K, committed 96000K, reserved 1132544K
  class space    used 12149K, capacity 13245K, committed 13388K, reserved 1048576K
}
Event: 20.476 GC heap after
{Heap after GC invocations=39 (full 0):
 garbage-first heap   total 231424K, used 182272K [0x0000000080000000, 0x0000000100000000)
  region size 1024K, 3 young (3072K), 3 survivors (3072K)
 Metaspace       used 92883K, capacity 95738K, committed 96000K, reserved 1132544K
  class space    used 12149K, capacity 13245K, committed 13388K, reserved 1048576K
}
Event: 20.512 GC heap before
{Heap before GC invocations=39 (full 0):
 garbage-first heap   total 231424K, used 194560K [0x0000000080000000, 0x0000000100000000)
  region size 1024K, 15 young (15360K), 3 survivors (3072K)
 Metaspace       used 92904K, capacity 95741K, committed 96000K, reserved 1132544K
  class space    used 12149K, capacity 13245K, committed 13388K, reserved 1048576K
}
Event: 20.524 GC heap after
{Heap after GC invocations=40 (full 0):
 garbage-first heap   total 338944K, used 189336K [0x0000000080000000, 0x0000000100000000)
  region size 1024K, 2 young (2048K), 2 survivors (2048K)
 Metaspace       used 92904K, capacity 95741K, committed 96000K, reserved 1132544K
  class space    used 12149K, capacity 13245K, committed 13388K, reserved 1048576K
}
Event: 20.778 GC heap before
{Heap before GC invocations=41 (full 0):
 garbage-first heap   total 338944K, used 234392K [0x0000000080000000, 0x0000000100000000)
  region size 1024K, 46 young (47104K), 2 survivors (2048K)
 Metaspace       used 92931K, capacity 95809K, committed 96256K, reserved 1132544K
  class space    used 12149K, capacity 13245K, committed 13388K, reserved 1048576K
}
Event: 20.806 GC heap after
{Heap after GC invocations=42 (full 0):
 garbage-first heap   total 338944K, used 212157K [0x0000000080000000, 0x0000000100000000)
  region size 1024K, 6 young (6144K), 6 survivors (6144K)
 Metaspace       used 92931K, capacity 95809K, committed 96256K, reserved 1132544K
  class space    used 12149K, capacity 13245K, committed 13388K, reserved 1048576K
}
Event: 20.897 GC heap before
{Heap before GC invocations=42 (full 0):
 garbage-first heap   total 338944K, used 250045K [0x0000000080000000, 0x0000000100000000)
  region size 1024K, 43 young (44032K), 6 survivors (6144K)
 Metaspace       used 92937K, capacity 95809K, committed 96256K, reserved 1132544K
  class space    used 12149K, capacity 13245K, committed 13388K, reserved 1048576K
}
Event: 20.919 GC heap after
{Heap after GC invocations=43 (full 0):
 garbage-first heap   total 338944K, used 232179K [0x0000000080000000, 0x0000000100000000)
  region size 1024K, 6 young (6144K), 6 survivors (6144K)
 Metaspace       used 92937K, capacity 95809K, committed 96256K, reserved 1132544K
  class space    used 12149K, capacity 13245K, committed 13388K, reserved 1048576K
}
Event: 21.298 GC heap before
{Heap before GC invocations=43 (full 0):
 garbage-first heap   total 338944K, used 262899K [0x0000000080000000, 0x0000000100000000)
  region size 1024K, 36 young (36864K), 6 survivors (6144K)
 Metaspace       used 94644K, capacity 97530K, committed 97792K, reserved 1134592K
  class space    used 12377K, capacity 13461K, committed 13644K, reserved 1048576K
}
Event: 21.322 GC heap after
{Heap after GC invocations=44 (full 0):
 garbage-first heap   total 338944K, used 243636K [0x0000000080000000, 0x0000000100000000)
  region size 1024K, 5 young (5120K), 5 survivors (5120K)
 Metaspace       used 94644K, capacity 97530K, committed 97792K, reserved 1134592K
  class space    used 12377K, capacity 13461K, committed 13644K, reserved 1048576K
}
Event: 21.657 GC heap before
{Heap before GC invocations=45 (full 0):
 garbage-first heap   total 338944K, used 270260K [0x0000000080000000, 0x0000000100000000)
  region size 1024K, 32 young (32768K), 5 survivors (5120K)
 Metaspace       used 95119K, capacity 98095K, committed 98304K, reserved 1134592K
  class space    used 12459K, capacity 13586K, committed 13644K, reserved 1048576K
}

Deoptimization events (20 events):
Event: 21.486 Thread 0x00000270a1891800 Uncommon trap: trap_request=0xffffff4d fr.pc=0x00000270924a6370 relative=0x0000000000000ef0
Event: 21.486 Thread 0x00000270a1891800 Uncommon trap: reason=unstable_if action=reinterpret pc=0x00000270924a6370 method=com.android.tools.r8.internal.lp.a(Ljava/lang/Object;Z)Lcom/android/tools/r8/internal/np; @ 84 c2
Event: 21.486 Thread 0x00000270a1891800 DEOPT PACKING pc=0x00000270924a6370 sp=0x000000c7274fd680
Event: 21.486 Thread 0x00000270a1891800 DEOPT UNPACKING pc=0x000002708a3378af sp=0x000000c7274fd630 mode 2
Event: 21.566 Thread 0x00000270a1891800 Uncommon trap: trap_request=0xffffffde fr.pc=0x00000270924b79cc relative=0x000000000000018c
Event: 21.566 Thread 0x00000270a1891800 Uncommon trap: reason=class_check action=maybe_recompile pc=0x00000270924b79cc method=com.android.tools.r8.internal.DE.a(Ljava/util/function/Predicate;Ljava/util/function/Function;)Lcom/android/tools/r8/internal/DE; @ 16 c2
Event: 21.566 Thread 0x00000270a1891800 DEOPT PACKING pc=0x00000270924b79cc sp=0x000000c7274fd110
Event: 21.566 Thread 0x00000270a1891800 DEOPT UNPACKING pc=0x000002708a3378af sp=0x000000c7274fd030 mode 2
Event: 21.566 Thread 0x00000270a1891800 Uncommon trap: trap_request=0xffffffde fr.pc=0x00000270924b79cc relative=0x000000000000018c
Event: 21.566 Thread 0x00000270a1891800 Uncommon trap: reason=class_check action=maybe_recompile pc=0x00000270924b79cc method=com.android.tools.r8.internal.DE.a(Ljava/util/function/Predicate;Ljava/util/function/Function;)Lcom/android/tools/r8/internal/DE; @ 16 c2
Event: 21.566 Thread 0x00000270a1891800 DEOPT PACKING pc=0x00000270924b79cc sp=0x000000c7274fd110
Event: 21.566 Thread 0x00000270a1891800 DEOPT UNPACKING pc=0x000002708a3378af sp=0x000000c7274fd030 mode 2
Event: 21.567 Thread 0x00000270a1891800 Uncommon trap: trap_request=0xffffffde fr.pc=0x00000270924b79cc relative=0x000000000000018c
Event: 21.567 Thread 0x00000270a1891800 Uncommon trap: reason=class_check action=maybe_recompile pc=0x00000270924b79cc method=com.android.tools.r8.internal.DE.a(Ljava/util/function/Predicate;Ljava/util/function/Function;)Lcom/android/tools/r8/internal/DE; @ 16 c2
Event: 21.567 Thread 0x00000270a1891800 DEOPT PACKING pc=0x00000270924b79cc sp=0x000000c7274fd110
Event: 21.567 Thread 0x00000270a1891800 DEOPT UNPACKING pc=0x000002708a3378af sp=0x000000c7274fd030 mode 2
Event: 21.568 Thread 0x00000270a1891800 Uncommon trap: trap_request=0xffffffde fr.pc=0x00000270924b79cc relative=0x000000000000018c
Event: 21.568 Thread 0x00000270a1891800 Uncommon trap: reason=class_check action=maybe_recompile pc=0x00000270924b79cc method=com.android.tools.r8.internal.DE.a(Ljava/util/function/Predicate;Ljava/util/function/Function;)Lcom/android/tools/r8/internal/DE; @ 16 c2
Event: 21.568 Thread 0x00000270a1891800 DEOPT PACKING pc=0x00000270924b79cc sp=0x000000c7274fd110
Event: 21.568 Thread 0x00000270a1891800 DEOPT UNPACKING pc=0x000002708a3378af sp=0x000000c7274fd030 mode 2

Classes redefined (0 events):
No events

Internal exceptions (20 events):
Event: 19.428 Thread 0x00000270a1894800 Exception <a 'java/lang/NoSuchMethodError'{0x000000008ae6a210}: 'int java.lang.invoke.DirectMethodHandle$Holder.invokeSpecialIFC(java.lang.Object, java.lang.Object, java.lang.Object)'> (0x000000008ae6a210) thrown at [./src/hotspot/share/interpreter/linkResolver.cpp, line 773]
Event: 19.526 Thread 0x00000270a1891800 Exception <a 'java/lang/NoSuchMethodError'{0x000000008a32a9c0}: 'java.lang.Object java.lang.invoke.DirectMethodHandle$Holder.invokeStatic(java.lang.Object, java.lang.Object, java.lang.Object, java.lang.Object, java.lang.Object, java.lang.Object, java.lang.Object, java.lang.Object, java.lang.Object, java.lang.Object, java.lang.Object, java.lang.Object, java.lang.Object, java.lang.Object, java.lang.Object, java.lang.Object, java.lang.Object, java.lang.Object, int, java.lang.Object)'> (0x000000008a32a9c0) thr
Event: 19.526 Thread 0x00000270a1891800 Exception <a 'java/lang/NoSuchMethodError'{0x000000008a3304c0}: 'java.lang.Object java.lang.invoke.DirectMethodHandle$Holder.invokeStaticInit(java.lang.Object, java.lang.Object, java.lang.Object, java.lang.Object, java.lang.Object, java.lang.Object, java.lang.Object, java.lang.Object, java.lang.Object, java.lang.Object, java.lang.Object, java.lang.Object, java.lang.Object, java.lang.Object, java.lang.Object, java.lang.Object, java.lang.Object, java.lang.Object, int, java.lang.Object)'> (0x000000008a3304c0)
Event: 20.184 Thread 0x00000270a189c000 Exception <a 'java/lang/IncompatibleClassChangeError'{0x000000008df84ee8}: Found class java.lang.Object, but interface was expected> (0x000000008df84ee8) thrown at [./src/hotspot/share/interpreter/linkResolver.cpp, line 839]
Event: 20.187 Thread 0x00000270a189a800 Exception <a 'java/lang/NoSuchMethodError'{0x000000008dfecfc8}: 'java.lang.Object java.lang.invoke.DirectMethodHandle$Holder.newInvokeSpecial(java.lang.Object, int)'> (0x000000008dfecfc8) thrown at [./src/hotspot/share/interpreter/linkResolver.cpp, line 773]
Event: 20.188 Thread 0x00000270a189c000 Exception <a 'java/lang/IncompatibleClassChangeError'{0x000000008de25108}: Found class java.lang.Object, but interface was expected> (0x000000008de25108) thrown at [./src/hotspot/share/interpreter/linkResolver.cpp, line 839]
Event: 20.189 Thread 0x00000270a189c000 Exception <a 'java/lang/IncompatibleClassChangeError'{0x000000008de47d10}: Found class java.lang.Object, but interface was expected> (0x000000008de47d10) thrown at [./src/hotspot/share/interpreter/linkResolver.cpp, line 839]
Event: 20.246 Thread 0x00000270a189b000 Exception <a 'java/lang/NoSuchMethodError'{0x000000008db3bfe8}: 'long java.lang.invoke.DirectMethodHandle$Holder.invokeStatic(java.lang.Object, java.lang.Object, java.lang.Object)'> (0x000000008db3bfe8) thrown at [./src/hotspot/share/interpreter/linkResolver.cpp, line 773]
Event: 20.247 Thread 0x00000270a189a800 Exception <a 'java/lang/NoSuchMethodError'{0x000000008de395b8}: 'long java.lang.invoke.DirectMethodHandle$Holder.invokeStatic(java.lang.Object, java.lang.Object, java.lang.Object)'> (0x000000008de395b8) thrown at [./src/hotspot/share/interpreter/linkResolver.cpp, line 773]
Event: 21.063 Thread 0x00000270a1891800 Exception <a 'java/lang/NoSuchMethodError'{0x0000000093b439a0}: 'int java.lang.invoke.DirectMethodHandle$Holder.invokeVirtual(java.lang.Object, java.lang.Object, java.lang.Object, java.lang.Object)'> (0x0000000093b439a0) thrown at [./src/hotspot/share/interpreter/linkResolver.cpp, line 773]
Event: 21.114 Thread 0x00000270a1891800 Exception <a 'java/lang/NoSuchMethodError'{0x0000000093af3c28}: 'void java.lang.invoke.DirectMethodHandle$Holder.invokeStatic(java.lang.Object, java.lang.Object, java.lang.Object, int)'> (0x0000000093af3c28) thrown at [./src/hotspot/share/interpreter/linkResolver.cpp, line 773]
Event: 21.115 Thread 0x00000270a1891800 Exception <a 'java/lang/IncompatibleClassChangeError'{0x0000000093afb9b8}: Found class java.lang.Object, but interface was expected> (0x0000000093afb9b8) thrown at [./src/hotspot/share/interpreter/linkResolver.cpp, line 839]
Event: 21.124 Thread 0x00000270a1897000 Exception <a 'java/lang/NoSuchMethodError'{0x0000000093987890}: 'int java.lang.invoke.DirectMethodHandle$Holder.invokeVirtual(java.lang.Object, java.lang.Object, java.lang.Object)'> (0x0000000093987890) thrown at [./src/hotspot/share/interpreter/linkResolver.cpp, line 773]
Event: 21.124 Thread 0x00000270a189a800 Exception <a 'java/lang/NoSuchMethodError'{0x0000000093966450}: 'int java.lang.invoke.DirectMethodHandle$Holder.invokeVirtual(java.lang.Object, java.lang.Object, java.lang.Object)'> (0x0000000093966450) thrown at [./src/hotspot/share/interpreter/linkResolver.cpp, line 773]
Event: 21.125 Thread 0x00000270a189b000 Exception <a 'java/lang/NoSuchMethodError'{0x0000000093953800}: 'int java.lang.invoke.DirectMethodHandle$Holder.invokeVirtual(java.lang.Object, java.lang.Object, java.lang.Object)'> (0x0000000093953800) thrown at [./src/hotspot/share/interpreter/linkResolver.cpp, line 773]
Event: 21.551 Thread 0x00000270a1891800 Exception <a 'java/lang/NoSuchMethodError'{0x00000000937bc890}: 'java.lang.Object java.lang.invoke.Invokers$Holder.linkToTargetMethod(java.lang.Object, int, java.lang.Object, java.lang.Object, java.lang.Object, java.lang.Object)'> (0x00000000937bc890) thrown at [./src/hotspot/share/interpreter/linkResolver.cpp, line 773]
Event: 21.552 Thread 0x00000270a1891800 Exception <a 'java/lang/NoSuchMethodError'{0x00000000937c0548}: 'void java.lang.invoke.DirectMethodHandle$Holder.invokeSpecial(java.lang.Object, java.lang.Object, java.lang.Object, java.lang.Object, java.lang.Object, java.lang.Object, java.lang.Object, java.lang.Object, java.lang.Object)'> (0x00000000937c0548) thrown at [./src/hotspot/share/interpreter/linkResolver.cpp, line 773]
Event: 21.552 Thread 0x00000270a1891800 Exception <a 'java/lang/NoSuchMethodError'{0x00000000937c9740}: 'java.lang.Object java.lang.invoke.Invokers$Holder.linkToTargetMethod(java.lang.Object, java.lang.Object, java.lang.Object, java.lang.Object, java.lang.Object, java.lang.Object, java.lang.Object)'> (0x00000000937c9740) thrown at [./src/hotspot/share/interpreter/linkResolver.cpp, line 773]
Event: 21.564 Thread 0x00000270a1891800 Exception <a 'java/lang/IncompatibleClassChangeError'{0x00000000937edf98}: Found class java.lang.Object, but interface was expected> (0x00000000937edf98) thrown at [./src/hotspot/share/interpreter/linkResolver.cpp, line 839]
Event: 21.591 Thread 0x00000270a1891800 Exception <a 'java/lang/NoSuchMethodError'{0x000000009369be10}: 'void java.lang.invoke.DirectMethodHandle$Holder.invokeStatic(java.lang.Object, java.lang.Object, java.lang.Object, java.lang.Object, java.lang.Object, java.lang.Object, java.lang.Object, java.lang.Object)'> (0x000000009369be10) thrown at [./src/hotspot/share/interpreter/linkResolver.cpp, line 773]

Events (20 events):
Event: 21.593 loading class com/android/tools/r8/graph/e done
Event: 21.593 loading class com/android/tools/r8/graph/e
Event: 21.593 loading class com/android/tools/r8/graph/e done
Event: 21.598 loading class com/android/tools/r8/graph/Z
Event: 21.598 loading class com/android/tools/r8/graph/Z done
Event: 21.598 loading class com/android/tools/r8/graph/d0
Event: 21.598 loading class com/android/tools/r8/graph/d0 done
Event: 21.598 loading class com/android/tools/r8/graph/Z0
Event: 21.598 loading class com/android/tools/r8/graph/Z0 done
Event: 21.601 loading class com/android/tools/r8/internal/pr
Event: 21.601 loading class com/android/tools/r8/internal/pr done
Event: 21.601 loading class com/android/tools/r8/internal/pr
Event: 21.601 loading class com/android/tools/r8/internal/pr done
Event: 21.601 loading class com/android/tools/r8/graph/P
Event: 21.601 loading class com/android/tools/r8/graph/P done
Event: 21.602 loading class com/android/tools/r8/internal/pr
Event: 21.602 loading class com/android/tools/r8/internal/pr done
Event: 21.602 loading class com/android/tools/r8/internal/pr
Event: 21.602 loading class com/android/tools/r8/internal/pr done
Event: 21.657 Executing VM operation: G1CollectForAllocation


Dynamic libraries:
0x00007ff7d8010000 - 0x00007ff7d801a000 	C:\Program Files\Android\Android Studio3\jre\bin\java.exe
0x00007ffd4ff40000 - 0x00007ffd5014f000 	C:\WINDOWS\SYSTEM32\ntdll.dll
0x00007ffd4f5f0000 - 0x00007ffd4f6ad000 	C:\WINDOWS\System32\KERNEL32.DLL
0x00007ffd4d4b0000 - 0x00007ffd4d83c000 	C:\WINDOWS\System32\KERNELBASE.dll
0x00007ffd4a530000 - 0x00007ffd4a5c2000 	C:\WINDOWS\SYSTEM32\apphelp.dll
0x00007ffd4d9a0000 - 0x00007ffd4dab1000 	C:\WINDOWS\System32\ucrtbase.dll
0x00007ffd39580000 - 0x00007ffd39597000 	C:\Program Files\Android\Android Studio3\jre\bin\VCRUNTIME140.dll
0x00007ffd3e600000 - 0x00007ffd3e619000 	C:\Program Files\Android\Android Studio3\jre\bin\jli.dll
0x00007ffd4e430000 - 0x00007ffd4e5d6000 	C:\WINDOWS\System32\USER32.dll
0x00007ffd4dd90000 - 0x00007ffd4ddb6000 	C:\WINDOWS\System32\win32u.dll
0x00007ffd3afc0000 - 0x00007ffd3b261000 	C:\WINDOWS\WinSxS\amd64_microsoft.windows.common-controls_6595b64144ccf1df_6.0.22489.1000_none_26b04fb444140a2e\COMCTL32.dll
0x00007ffd4de80000 - 0x00007ffd4df24000 	C:\WINDOWS\System32\msvcrt.dll
0x00007ffd4df30000 - 0x00007ffd4df59000 	C:\WINDOWS\System32\GDI32.dll
0x00007ffd4dc70000 - 0x00007ffd4dd87000 	C:\WINDOWS\System32\gdi32full.dll
0x00007ffd4d410000 - 0x00007ffd4d4aa000 	C:\WINDOWS\System32\msvcp_win.dll
0x00007ffd4f5b0000 - 0x00007ffd4f5e1000 	C:\WINDOWS\System32\IMM32.DLL
0x00007ffd20500000 - 0x00007ffd2059d000 	C:\Program Files\Android\Android Studio3\jre\bin\msvcp140.dll
0x00007ffd03e40000 - 0x00007ffd0490f000 	C:\Program Files\Android\Android Studio3\jre\bin\server\jvm.dll
0x00007ffd4f820000 - 0x00007ffd4f8ce000 	C:\WINDOWS\System32\ADVAPI32.dll
0x00007ffd4f8d0000 - 0x00007ffd4f971000 	C:\WINDOWS\System32\sechost.dll
0x00007ffd4f480000 - 0x00007ffd4f59f000 	C:\WINDOWS\System32\RPCRT4.dll
0x00007ffd4de70000 - 0x00007ffd4de78000 	C:\WINDOWS\System32\PSAPI.DLL
0x00007ffd422c0000 - 0x00007ffd422f4000 	C:\WINDOWS\SYSTEM32\WINMM.dll
0x00007ffd43d60000 - 0x00007ffd43d69000 	C:\WINDOWS\SYSTEM32\WSOCK32.dll
0x00007ffd44dd0000 - 0x00007ffd44dda000 	C:\WINDOWS\SYSTEM32\VERSION.dll
0x00007ffd4fce0000 - 0x00007ffd4fd51000 	C:\WINDOWS\System32\WS2_32.dll
0x00007ffd4c5e0000 - 0x00007ffd4c5f8000 	C:\WINDOWS\SYSTEM32\kernel.appcore.dll
0x00007ffd409a0000 - 0x00007ffd409b1000 	C:\Program Files\Android\Android Studio3\jre\bin\verify.dll
0x00007ffd45a50000 - 0x00007ffd45c76000 	C:\WINDOWS\SYSTEM32\DBGHELP.DLL
0x00007ffd4f100000 - 0x00007ffd4f47b000 	C:\WINDOWS\System32\combase.dll
0x00007ffd45a10000 - 0x00007ffd45a41000 	C:\WINDOWS\SYSTEM32\dbgcore.DLL
0x00007ffd4dbe0000 - 0x00007ffd4dc61000 	C:\WINDOWS\System32\bcryptPrimitives.dll
0x00007ffd40970000 - 0x00007ffd40999000 	C:\Program Files\Android\Android Studio3\jre\bin\java.dll
0x00007ffd4ad40000 - 0x00007ffd4ad4b000 	C:\Program Files\Android\Android Studio3\jre\bin\jimage.dll
0x00007ffd40950000 - 0x00007ffd40968000 	C:\Program Files\Android\Android Studio3\jre\bin\zip.dll
0x00007ffd4e780000 - 0x00007ffd4ef2d000 	C:\WINDOWS\System32\SHELL32.dll
0x00007ffd4b480000 - 0x00007ffd4bcd8000 	C:\WINDOWS\SYSTEM32\windows.storage.dll
0x00007ffd4b330000 - 0x00007ffd4b479000 	C:\WINDOWS\SYSTEM32\wintypes.dll
0x00007ffd4f6d0000 - 0x00007ffd4f7c0000 	C:\WINDOWS\System32\SHCORE.dll
0x00007ffd4ef30000 - 0x00007ffd4ef8b000 	C:\WINDOWS\System32\shlwapi.dll
0x00007ffd4d340000 - 0x00007ffd4d361000 	C:\WINDOWS\SYSTEM32\profapi.dll
0x00007ffd40930000 - 0x00007ffd4094a000 	C:\Program Files\Android\Android Studio3\jre\bin\net.dll
0x00007ffd468e0000 - 0x00007ffd469f1000 	C:\WINDOWS\SYSTEM32\WINHTTP.dll
0x00007ffd4ca20000 - 0x00007ffd4ca89000 	C:\WINDOWS\system32\mswsock.dll
0x00007ffd40910000 - 0x00007ffd40924000 	C:\Program Files\Android\Android Studio3\jre\bin\nio.dll
0x00007ffd395a0000 - 0x00007ffd395c7000 	C:\Users\xpmkm\.gradle\native\8bec1ad78214c89d9ad589b4d07fe93259594b29d510b10fafb7a158f7737e5d\windows-amd64\native-platform.dll
0x00007ffd22090000 - 0x00007ffd221cd000 	C:\Users\xpmkm\.gradle\native\53dbd7edfb1c66fb8903c78663c9afc45aea4f116125fa6feffd364cf09443e8\windows-amd64\native-platform-file-events.dll
0x00007ffd4ace0000 - 0x00007ffd4acea000 	C:\Program Files\Android\Android Studio3\jre\bin\management.dll
0x00007ffd4ac70000 - 0x00007ffd4ac7c000 	C:\Program Files\Android\Android Studio3\jre\bin\management_ext.dll
0x00007ffd4cc70000 - 0x00007ffd4cc88000 	C:\WINDOWS\SYSTEM32\CRYPTSP.dll
0x00007ffd4c540000 - 0x00007ffd4c575000 	C:\WINDOWS\system32\rsaenh.dll
0x00007ffd4cb20000 - 0x00007ffd4cb49000 	C:\WINDOWS\SYSTEM32\USERENV.dll
0x00007ffd4cdf0000 - 0x00007ffd4ce18000 	C:\WINDOWS\SYSTEM32\bcrypt.dll
0x00007ffd4cc90000 - 0x00007ffd4cc9c000 	C:\WINDOWS\SYSTEM32\CRYPTBASE.dll
0x00007ffd4c050000 - 0x00007ffd4c07d000 	C:\WINDOWS\SYSTEM32\IPHLPAPI.DLL
0x00007ffd4f5a0000 - 0x00007ffd4f5a9000 	C:\WINDOWS\System32\NSI.dll
0x00007ffd4a750000 - 0x00007ffd4a769000 	C:\WINDOWS\SYSTEM32\dhcpcsvc6.DLL
0x00007ffd4a6f0000 - 0x00007ffd4a70e000 	C:\WINDOWS\SYSTEM32\dhcpcsvc.DLL
0x00007ffd4c080000 - 0x00007ffd4c177000 	C:\WINDOWS\SYSTEM32\DNSAPI.dll

dbghelp: loaded successfully - version: 4.0.5 - missing functions: none
symbol engine: initialized successfully - sym options: 0x614 - pdb path: .;C:\Program Files\Android\Android Studio3\jre\bin;C:\WINDOWS\SYSTEM32;C:\WINDOWS\WinSxS\amd64_microsoft.windows.common-controls_6595b64144ccf1df_6.0.22489.1000_none_26b04fb444140a2e;C:\Program Files\Android\Android Studio3\jre\bin\server;C:\Users\xpmkm\.gradle\native\8bec1ad78214c89d9ad589b4d07fe93259594b29d510b10fafb7a158f7737e5d\windows-amd64;C:\Users\xpmkm\.gradle\native\53dbd7edfb1c66fb8903c78663c9afc45aea4f116125fa6feffd364cf09443e8\windows-amd64

VM Arguments:
jvm_args: --add-opens=java.base/java.util=ALL-UNNAMED --add-opens=java.base/java.lang=ALL-UNNAMED --add-opens=java.base/java.lang.invoke=ALL-UNNAMED --add-opens=java.base/java.util=ALL-UNNAMED --add-opens=java.prefs/java.util.prefs=ALL-UNNAMED --add-opens=java.prefs/java.util.prefs=ALL-UNNAMED --add-opens=java.base/java.nio.charset=ALL-UNNAMED --add-opens=java.base/java.net=ALL-UNNAMED --add-opens=java.base/java.util.concurrent.atomic=ALL-UNNAMED -Xmx2048m -Dfile.encoding=UTF-8 -Duser.country=IN -Duser.language=en -Duser.variant 
java_command: org.gradle.launcher.daemon.bootstrap.GradleDaemon 7.0.2
java_class_path (initial): C:\Users\xpmkm\.gradle\wrapper\dists\gradle-7.0.2-bin\857tjihv64xamwrf0h14cai3r\gradle-7.0.2\lib\gradle-launcher-7.0.2.jar
Launcher Type: SUN_STANDARD

[Global flags]
     intx CICompilerCount                          = 4                                         {product} {ergonomic}
     uint ConcGCThreads                            = 2                                         {product} {ergonomic}
     uint G1ConcRefinementThreads                  = 8                                         {product} {ergonomic}
   size_t G1HeapRegionSize                         = 1048576                                   {product} {ergonomic}
    uintx GCDrainStackTargetSize                   = 64                                        {product} {ergonomic}
   size_t InitialHeapSize                          = 132120576                                 {product} {ergonomic}
   size_t MarkStackSize                            = 4194304                                   {product} {ergonomic}
   size_t MaxHeapSize                              = 2147483648                                {product} {command line}
   size_t MaxNewSize                               = 1287651328                                {product} {ergonomic}
   size_t MinHeapDeltaBytes                        = 1048576                                   {product} {ergonomic}
    uintx NonNMethodCodeHeapSize                   = 5836300                                {pd product} {ergonomic}
    uintx NonProfiledCodeHeapSize                  = 122910970                              {pd product} {ergonomic}
    uintx ProfiledCodeHeapSize                     = 122910970                              {pd product} {ergonomic}
    uintx ReservedCodeCacheSize                    = 251658240                              {pd product} {ergonomic}
     bool SegmentedCodeCache                       = true                                      {product} {ergonomic}
     bool UseCompressedClassPointers               = true                                 {lp64_product} {ergonomic}
     bool UseCompressedOops                        = true                                 {lp64_product} {ergonomic}
     bool UseG1GC                                  = true                                      {product} {ergonomic}
     bool UseLargePagesIndividualAllocation        = false                                  {pd product} {ergonomic}

Logging:
Log output configuration:
 #0: stdout all=warning uptime,level,tags
 #1: stderr all=off uptime,level,tags

Environment Variables:
PATH=C:\Program Files (x86)\Common Files\Oracle\Java\javapath;C:\WINDOWS\system32;C:\WINDOWS;C:\WINDOWS\System32\Wbem;C:\WINDOWS\System32\WindowsPowerShell\v1.0\;C:\WINDOWS\System32\OpenSSH\;C:\Program Files\Git\cmd;C:\Program Files\nodejs\;C:\xampp\php;C:\ProgramData\ComposerSetup\bin;C:\Users\xpmkm\AppData\Local\Android\Sdk\platform-tools;C:\Program Files\Java\jdk1.8.0_231\bin;C:\Program Files\opnsl\bin;C:\Users\xpmkm\AppData\Roaming\npm;C:\Users\xpmkm\AppData\Local\Programs\Microsoft VS Code\bin;C:\Program Files\flutter\bin;C:\Users\xpmkm\AppData\Roaming\Composer\vendor\bin;C:\Users\xpmkm\AppData\Local\Microsoft\WindowsApps;
USERNAME=xpmkm
OS=Windows_NT
PROCESSOR_IDENTIFIER=AMD64 Family 23 Model 24 Stepping 1, AuthenticAMD



---------------  S Y S T E M  ---------------

OS: Windows 10 , 64 bit Build 22489 (10.0.22489.1000)
OS uptime: 8 days 1:28 hours

CPU:total 8 (initial active 8) (8 cores per cpu, 2 threads per core) family 23 model 24 stepping 1 microcode 0x0, cmov, cx8, fxsr, mmx, sse, sse2, sse3, ssse3, sse4.1, sse4.2, popcnt, avx, avx2, aes, clmul, mmxext, 3dnowpref, lzcnt, sse4a, ht, tsc, tscinvbit, tscinv, bmi1, bmi2, adx, s

Memory: 4k page, system-wide physical 8002M (241M free)
TotalPageFile size 12098M (AvailPageFile size 255M)
current process WorkingSet (physical memory assigned to process): 583M, peak: 583M
current process commit charge ("private bytes"): 663M, peak: 970M

vm_info: OpenJDK 64-Bit Server VM (11.0.10+0-b96-7249189) for windows-amd64 JRE (11.0.10+0-b96-7249189), built on Mar 31 2021 21:44:00 by "builder" with MS VC++ 14.0 (VS2015)

END.
