#
# There is insufficient memory for the Java Runtime Environment to continue.
# Native memory allocation (mmap) failed to map 73400320 bytes for Failed to commit area from 0x000000008dc00000 to 0x0000000092200000 of length 73400320.
# Possible reasons:
#   The system is out of physical RAM or swap space
#   The process is running with CompressedOops enabled, and the Java Heap may be blocking the growth of the native heap
# Possible solutions:
#   Reduce memory load on the system
#   Increase physical memory or swap space
#   Check if swap backing store is full
#   Decrease Java heap size (-Xmx/-Xms)
#   Decrease number of Java threads
#   Decrease Java thread stack sizes (-Xss)
#   Set larger code cache with -XX:ReservedCodeCacheSize=
#   JVM is running with Unscaled Compressed Oops mode in which the Java heap is
#     placed in the first 4GB address space. The Java Heap base address is the
#     maximum limit for the native heap growth. Please use -XX:HeapBaseMinAddress
#     to set the Java Heap base and to place the Java Heap above 4GB virtual address.
# This output file may be truncated or incomplete.
#
#  Out of Memory Error (./src/hotspot/os/windows/os_windows.cpp:3301), pid=8544, tid=2248
#
# JRE version: OpenJDK Runtime Environment (11.0.10) (build 11.0.10+0-b96-7249189)
# Java VM: OpenJDK 64-Bit Server VM (11.0.10+0-b96-7249189, mixed mode, tiered, compressed oops, g1 gc, windows-amd64)
# No core dump will be written. Minidumps are not enabled by default on client versions of Windows
#

---------------  S U M M A R Y ------------

Command Line: --add-opens=java.base/java.util=ALL-UNNAMED --add-opens=java.base/java.lang=ALL-UNNAMED --add-opens=java.base/java.lang.invoke=ALL-UNNAMED --add-opens=java.base/java.util=ALL-UNNAMED --add-opens=java.prefs/java.util.prefs=ALL-UNNAMED --add-opens=java.prefs/java.util.prefs=ALL-UNNAMED --add-opens=java.base/java.nio.charset=ALL-UNNAMED --add-opens=java.base/java.net=ALL-UNNAMED --add-opens=java.base/java.util.concurrent.atomic=ALL-UNNAMED -Xmx2048m -Dfile.encoding=UTF-8 -Duser.country=IN -Duser.language=en -Duser.variant org.gradle.launcher.daemon.bootstrap.GradleDaemon 7.0.2

Host: AMD Ryzen 5 3550H with Radeon Vega Mobile Gfx  , 8 cores, 7G,  Windows 10 , 64 bit Build 22471 (10.0.22471.1000)
Time: Fri Oct  8 13:18:13 2021 India Standard Time elapsed time: 17.030356 seconds (0d 0h 0m 17s)

---------------  T H R E A D  ---------------

Current thread (0x000001dc16ec9800):  VMThread "VM Thread" [stack: 0x00000011bfd00000,0x00000011bfe00000] [id=2248]

Stack: [0x00000011bfd00000,0x00000011bfe00000]
[error occurred during error reporting (printing stack bounds), id 0xc0000005, EXCEPTION_ACCESS_VIOLATION (0xc0000005) at pc=0x000001dc00000f2d]

Native frames: (J=compiled Java code, j=interpreted, Vv=VM code, C=native code)
V  [jvm.dll+0x5ecfaa]
V  [jvm.dll+0x722bd5]
V  [jvm.dll+0x72412d]
V  [jvm.dll+0x724745]
V  [jvm.dll+0x7246fb]
V  [jvm.dll+0x5ec348]
V  [jvm.dll+0x5ecad8]
C  [ntdll.dll+0xa623f]
C  [ntdll.dll+0x65ea9]
C  [ntdll.dll+0xa522e]
C  0x000001dc00000f2d

VM_Operation (0x00000011c51fe6d0): G1CollectForAllocation, mode: safepoint, requested by thread 0x000001dc1baba800


---------------  P R O C E S S  ---------------

Threads class SMR info:
_java_thread_list=0x000001dc1dbb5710, length=76, elements={
0x000001dc7aa64000, 0x000001dc16ecd800, 0x000001dc16ece800, 0x000001dc17844800,
0x000001dc17845800, 0x000001dc17846800, 0x000001dc17852800, 0x000001dc16ef2000,
0x000001dc16ef6800, 0x000001dc179b5000, 0x000001dc179b2000, 0x000001dc179b4000,
0x000001dc19689800, 0x000001dc179b8800, 0x000001dc179b3800, 0x000001dc179b6000,
0x000001dc179b6800, 0x000001dc179b2800, 0x000001dc179b7800, 0x000001dc19364000,
0x000001dc19362000, 0x000001dc19366000, 0x000001dc19361000, 0x000001dc19360000,
0x000001dc19366800, 0x000001dc19365000, 0x000001dc19367800, 0x000001dc19368800,
0x000001dc19362800, 0x000001dc19de9800, 0x000001dc19369000, 0x000001dc19363800,
0x000001dc1936a000, 0x000001dc1936b000, 0x000001dc1936b800, 0x000001dc1936f000,
0x000001dc1936e000, 0x000001dc1c35b800, 0x000001dc1c35e000, 0x000001dc1c35f000,
0x000001dc1c359000, 0x000001dc1c35c800, 0x000001dc1c35d800, 0x000001dc1c35f800,
0x000001dc1c35a000, 0x000001dc1c360800, 0x000001dc1c35b000, 0x000001dc1c366800,
0x000001dc1c367000, 0x000001dc1c364800, 0x000001dc1c364000, 0x000001dc1c362000,
0x000001dc1c365800, 0x000001dc1c368000, 0x000001dc1c363000, 0x000001dc1fb3e000,
0x000001dc1fb3f800, 0x000001dc1fb3c000, 0x000001dc1fb41000, 0x000001dc1fb42800,
0x000001dc1fb3e800, 0x000001dc1fb40000, 0x000001dc1fb42000, 0x000001dc1fb3d000,
0x000001dc1fb47000, 0x000001dc1fb49000, 0x000001dc1fb46000, 0x000001dc1fb43800,
0x000001dc1fb47800, 0x000001dc1fb44800, 0x000001dc1fb48800, 0x000001dc1fb4a000,
0x000001dc1fb4b000, 0x000001dc1fb45000, 0x000001dc1babc000, 0x000001dc1baba800
}

Java Threads: ( => current thread )
  0x000001dc7aa64000 JavaThread "main" [_thread_blocked, id=10828, stack(0x00000011bf700000,0x00000011bf800000)]
  0x000001dc16ecd800 JavaThread "Reference Handler" daemon [_thread_blocked, id=8588, stack(0x00000011bfe00000,0x00000011bff00000)]
  0x000001dc16ece800 JavaThread "Finalizer" daemon [_thread_blocked, id=7412, stack(0x00000011bff00000,0x00000011c0000000)]
  0x000001dc17844800 JavaThread "Signal Dispatcher" daemon [_thread_blocked, id=2136, stack(0x00000011c0000000,0x00000011c0100000)]
  0x000001dc17845800 JavaThread "Attach Listener" daemon [_thread_blocked, id=4656, stack(0x00000011c0100000,0x00000011c0200000)]
  0x000001dc17846800 JavaThread "Service Thread" daemon [_thread_blocked, id=10360, stack(0x00000011c0200000,0x00000011c0300000)]
  0x000001dc17852800 JavaThread "C2 CompilerThread0" daemon [_thread_blocked, id=15100, stack(0x00000011c0300000,0x00000011c0400000)]
  0x000001dc16ef2000 JavaThread "C1 CompilerThread0" daemon [_thread_blocked, id=5332, stack(0x00000011c0400000,0x00000011c0500000)]
  0x000001dc16ef6800 JavaThread "Sweeper thread" daemon [_thread_blocked, id=4184, stack(0x00000011c0500000,0x00000011c0600000)]
  0x000001dc179b5000 JavaThread "Common-Cleaner" daemon [_thread_blocked, id=10740, stack(0x00000011c0600000,0x00000011c0700000)]
  0x000001dc179b2000 JavaThread "Daemon health stats" [_thread_blocked, id=5972, stack(0x00000011c0c00000,0x00000011c0d00000)]
  0x000001dc179b4000 JavaThread "Incoming local TCP Connector on port 52123" [_thread_in_native, id=2412, stack(0x00000011c0800000,0x00000011c0900000)]
  0x000001dc19689800 JavaThread "C2 CompilerThread1" daemon [_thread_blocked, id=10912, stack(0x00000011c0900000,0x00000011c0a00000)]
  0x000001dc179b8800 JavaThread "Daemon periodic checks" [_thread_blocked, id=4884, stack(0x00000011c0d00000,0x00000011c0e00000)]
  0x000001dc179b3800 JavaThread "Daemon" [_thread_blocked, id=13016, stack(0x00000011c0e00000,0x00000011c0f00000)]
  0x000001dc179b6000 JavaThread "Handler for socket connection from /127.0.0.1:52123 to /127.0.0.1:52124" [_thread_in_native, id=16284, stack(0x00000011c0f00000,0x00000011c1000000)]
  0x000001dc179b6800 JavaThread "Cancel handler" [_thread_blocked, id=5944, stack(0x00000011c1000000,0x00000011c1100000)]
  0x000001dc179b2800 JavaThread "Daemon worker" [_thread_blocked, id=3800, stack(0x00000011c1100000,0x00000011c1200000)]
  0x000001dc179b7800 JavaThread "Asynchronous log dispatcher for DefaultDaemonConnection: socket connection from /127.0.0.1:52123 to /127.0.0.1:52124" [_thread_blocked, id=8440, stack(0x00000011c1200000,0x00000011c1300000)]
  0x000001dc19364000 JavaThread "Stdin handler" [_thread_blocked, id=7144, stack(0x00000011c1300000,0x00000011c1400000)]
  0x000001dc19362000 JavaThread "Daemon client event forwarder" [_thread_blocked, id=11384, stack(0x00000011c1400000,0x00000011c1500000)]
  0x000001dc19366000 JavaThread "Cache worker for file hash cache (C:\Users\xpmkm\.gradle\caches\7.0.2\fileHashes)" [_thread_blocked, id=14808, stack(0x00000011c1a00000,0x00000011c1b00000)]
  0x000001dc19361000 JavaThread "File lock request listener" [_thread_in_native, id=8040, stack(0x00000011c1b00000,0x00000011c1c00000)]
  0x000001dc19360000 JavaThread "Cache worker for journal cache (C:\Users\xpmkm\.gradle\caches\journal-1)" [_thread_blocked, id=11048, stack(0x00000011c1d00000,0x00000011c1e00000)]
  0x000001dc19366800 JavaThread "Cache worker for file hash cache (C:\Users\xpmkm\Desktop\update_code_vezilla-server\codecanyon-L2GSbXtH-dairy-products-grocery-daily-milk-delivery-mobile-app-with-subscription-customer-app-delivery\test-vezilla-android-workspace\.gradle\7.0.2\fileHashes)" [_thread_blocked, id=15932, stack(0x00000011c1e00000,0x00000011c1f00000)]
  0x000001dc19365000 JavaThread "File watcher server" daemon [_thread_blocked, id=1344, stack(0x00000011c1f00000,0x00000011c2000000)]
  0x000001dc19367800 JavaThread "File watcher consumer" daemon [_thread_blocked, id=14600, stack(0x00000011c2000000,0x00000011c2100000)]
  0x000001dc19368800 JavaThread "Cache worker for checksums cache (C:\Users\xpmkm\Desktop\update_code_vezilla-server\codecanyon-L2GSbXtH-dairy-products-grocery-daily-milk-delivery-mobile-app-with-subscription-customer-app-delivery\test-vezilla-android-workspace\.gradle\checksums)" [_thread_blocked, id=6924, stack(0x00000011c2100000,0x00000011c2200000)]
  0x000001dc19362800 JavaThread "Cache worker for cache directory md-supplier (C:\Users\xpmkm\.gradle\caches\7.0.2\md-supplier)" [_thread_blocked, id=6976, stack(0x00000011c2200000,0x00000011c2300000)]
  0x000001dc19de9800 JavaThread "C2 CompilerThread2" daemon [_thread_blocked, id=6020, stack(0x00000011c2300000,0x00000011c2400000)]
  0x000001dc19369000 JavaThread "Cache worker for cache directory md-rule (C:\Users\xpmkm\.gradle\caches\7.0.2\md-rule)" [_thread_blocked, id=12908, stack(0x00000011c2400000,0x00000011c2500000)]
  0x000001dc19363800 JavaThread "Cache worker for execution history cache (C:\Users\xpmkm\.gradle\caches\7.0.2\executionHistory)" [_thread_blocked, id=3396, stack(0x00000011c2500000,0x00000011c2600000)]
  0x000001dc1936a000 JavaThread "jar transforms" [_thread_blocked, id=15940, stack(0x00000011c2600000,0x00000011c2700000)]
  0x000001dc1936b000 JavaThread "jar transforms Thread 2" [_thread_blocked, id=6040, stack(0x00000011c2700000,0x00000011c2800000)]
  0x000001dc1936b800 JavaThread "Cache worker for file content cache (C:\Users\xpmkm\.gradle\caches\7.0.2\fileContent)" [_thread_blocked, id=2112, stack(0x00000011c2800000,0x00000011c2900000)]
  0x000001dc1936f000 JavaThread "Cache worker for dependencies-accessors (C:\Users\xpmkm\Desktop\update_code_vezilla-server\codecanyon-L2GSbXtH-dairy-products-grocery-daily-milk-delivery-mobile-app-with-subscription-customer-app-delivery\test-vezilla-android-workspace\.gradle\7.0.2\dependencies-accessors)" [_thread_blocked, id=3168, stack(0x00000011c2900000,0x00000011c2a00000)]
  0x000001dc1936e000 JavaThread "jar transforms Thread 3" [_thread_blocked, id=6668, stack(0x00000011c2a00000,0x00000011c2b00000)]
  0x000001dc1c35b800 JavaThread "Cache worker for Build Output Cleanup Cache (C:\Users\xpmkm\Desktop\update_code_vezilla-server\codecanyon-L2GSbXtH-dairy-products-grocery-daily-milk-delivery-mobile-app-with-subscription-customer-app-delivery\test-vezilla-android-workspace\.gradle\buildOutputCleanup)" [_thread_blocked, id=14280, stack(0x00000011c2b00000,0x00000011c2c00000)]
  0x000001dc1c35e000 JavaThread "Build operations" [_thread_blocked, id=4484, stack(0x00000011c2c00000,0x00000011c2d00000)]
  0x000001dc1c35f000 JavaThread "Build operations Thread 2" [_thread_blocked, id=6872, stack(0x00000011c2d00000,0x00000011c2e00000)]
  0x000001dc1c359000 JavaThread "Build operations Thread 3" [_thread_blocked, id=15844, stack(0x00000011c2e00000,0x00000011c2f00000)]
  0x000001dc1c35c800 JavaThread "Build operations Thread 4" [_thread_blocked, id=10656, stack(0x00000011c2f00000,0x00000011c3000000)]
  0x000001dc1c35d800 JavaThread "Build operations Thread 5" [_thread_blocked, id=16220, stack(0x00000011c3000000,0x00000011c3100000)]
  0x000001dc1c35f800 JavaThread "Build operations Thread 6" [_thread_blocked, id=13728, stack(0x00000011c3100000,0x00000011c3200000)]
  0x000001dc1c35a000 JavaThread "Build operations Thread 7" [_thread_blocked, id=7744, stack(0x00000011c3200000,0x00000011c3300000)]
  0x000001dc1c360800 JavaThread "Build operations Thread 8" [_thread_blocked, id=3500, stack(0x00000011c3300000,0x00000011c3400000)]
  0x000001dc1c35b000 JavaThread "jar transforms Thread 4" [_thread_blocked, id=8652, stack(0x00000011c3400000,0x00000011c3500000)]
  0x000001dc1c366800 JavaThread "jar transforms Thread 5" [_thread_blocked, id=7148, stack(0x00000011c3500000,0x00000011c3600000)]
  0x000001dc1c367000 JavaThread "jar transforms Thread 6" [_thread_blocked, id=12796, stack(0x00000011c3600000,0x00000011c3700000)]
  0x000001dc1c364800 JavaThread "jar transforms Thread 7" [_thread_blocked, id=15964, stack(0x00000011c3700000,0x00000011c3800000)]
  0x000001dc1c364000 JavaThread "jar transforms Thread 8" [_thread_blocked, id=6660, stack(0x00000011c3800000,0x00000011c3900000)]
  0x000001dc1c362000 JavaThread "Memory manager" [_thread_blocked, id=4372, stack(0x00000011c3900000,0x00000011c3a00000)]
  0x000001dc1c365800 JavaThread "build event listener" [_thread_blocked, id=11496, stack(0x00000011c3a00000,0x00000011c3b00000)]
  0x000001dc1c368000 JavaThread "Execution worker for ':'" [_thread_blocked, id=15880, stack(0x00000011c3b00000,0x00000011c3c00000)]
  0x000001dc1c363000 JavaThread "Execution worker for ':' Thread 2" [_thread_blocked, id=13432, stack(0x00000011c3c00000,0x00000011c3d00000)]
  0x000001dc1fb3e000 JavaThread "Execution worker for ':' Thread 3" [_thread_blocked, id=4256, stack(0x00000011c3d00000,0x00000011c3e00000)]
  0x000001dc1fb3f800 JavaThread "Execution worker for ':' Thread 4" [_thread_blocked, id=11492, stack(0x00000011c3e00000,0x00000011c3f00000)]
  0x000001dc1fb3c000 JavaThread "Execution worker for ':' Thread 5" [_thread_blocked, id=15928, stack(0x00000011c3f00000,0x00000011c4000000)]
  0x000001dc1fb41000 JavaThread "Execution worker for ':' Thread 6" [_thread_blocked, id=12028, stack(0x00000011c4000000,0x00000011c4100000)]
  0x000001dc1fb42800 JavaThread "Execution worker for ':' Thread 7" [_thread_blocked, id=16016, stack(0x00000011c4100000,0x00000011c4200000)]
  0x000001dc1fb3e800 JavaThread "Cache worker for execution history cache (C:\Users\xpmkm\Desktop\update_code_vezilla-server\codecanyon-L2GSbXtH-dairy-products-grocery-daily-milk-delivery-mobile-app-with-subscription-customer-app-delivery\test-vezilla-android-workspace\.gradle\7.0.2\executionHistory)" [_thread_blocked, id=4580, stack(0x00000011c4200000,0x00000011c4300000)]
  0x000001dc1fb40000 JavaThread "WorkerExecutor Queue" [_thread_blocked, id=6412, stack(0x00000011c4300000,0x00000011c4400000)]
  0x000001dc1fb42000 JavaThread "WorkerExecutor Queue Thread 2" [_thread_blocked, id=9148, stack(0x00000011c4400000,0x00000011c4500000)]
  0x000001dc1fb3d000 JavaThread "WorkerExecutor Queue Thread 3" [_thread_blocked, id=13908, stack(0x00000011c4500000,0x00000011c4600000)]
  0x000001dc1fb47000 JavaThread "WorkerExecutor Queue Thread 4" [_thread_blocked, id=15712, stack(0x00000011c4600000,0x00000011c4700000)]
  0x000001dc1fb49000 JavaThread "pool-3-thread-1" [_thread_blocked, id=16144, stack(0x00000011c4700000,0x00000011c4800000)]
  0x000001dc1fb46000 JavaThread "stderr" [_thread_in_native, id=6848, stack(0x00000011c4800000,0x00000011c4900000)]
  0x000001dc1fb43800 JavaThread "stdout" [_thread_in_native, id=12248, stack(0x00000011c4900000,0x00000011c4a00000)]
  0x000001dc1fb47800 JavaThread "ForkJoinPool-1-worker-3" daemon [_thread_blocked, id=11284, stack(0x00000011c4a00000,0x00000011c4b00000)]
  0x000001dc1fb44800 JavaThread "ForkJoinPool-1-worker-5" daemon [_thread_blocked, id=5856, stack(0x00000011c4b00000,0x00000011c4c00000)]
  0x000001dc1fb48800 JavaThread "ForkJoinPool-1-worker-7" daemon [_thread_blocked, id=12252, stack(0x00000011c4c00000,0x00000011c4d00000)]
  0x000001dc1fb4a000 JavaThread "ForkJoinPool-1-worker-9" daemon [_thread_blocked, id=16120, stack(0x00000011c4d00000,0x00000011c4e00000)]
  0x000001dc1fb4b000 JavaThread "ForkJoinPool-1-worker-11" daemon [_thread_blocked, id=3536, stack(0x00000011c4e00000,0x00000011c4f00000)]
  0x000001dc1fb45000 JavaThread "ForkJoinPool-1-worker-13" daemon [_thread_blocked, id=14284, stack(0x00000011c4f00000,0x00000011c5000000)]
  0x000001dc1babc000 JavaThread "ForkJoinPool-1-worker-15" daemon [_thread_blocked, id=12344, stack(0x00000011c5000000,0x00000011c5100000)]
  0x000001dc1baba800 JavaThread "ForkJoinPool-1-worker-1" daemon [_thread_blocked, id=6376, stack(0x00000011c5100000,0x00000011c5200000)]

Other Threads:
=>0x000001dc16ec9800 VMThread "VM Thread" [stack: 0x00000011bfd00000,0x00000011bfe00000] [id=2248]
  0x000001dc179ca000 WatcherThread [stack: 0x00000011c0700000,0x00000011c0800000] [id=14328]
  0x000001dc7aa7d800 GCTaskThread "GC Thread#0" [stack: 0x00000011bf800000,0x00000011bf900000] [id=13640]
  0x000001dc1872e000 GCTaskThread "GC Thread#1" [stack: 0x00000011c0a00000,0x00000011c0b00000] [id=4812]
  0x000001dc18683000 GCTaskThread "GC Thread#2" [stack: 0x00000011c0b00000,0x00000011c0c00000] [id=15356]
  0x000001dc19e16000 GCTaskThread "GC Thread#3" [stack: 0x00000011c1500000,0x00000011c1600000] [id=14396]
  0x000001dc199e6000 GCTaskThread "GC Thread#4" [stack: 0x00000011c1600000,0x00000011c1700000] [id=12732]
  0x000001dc19e04800 GCTaskThread "GC Thread#5" [stack: 0x00000011c1700000,0x00000011c1800000] [id=13996]
  0x000001dc1993f800 GCTaskThread "GC Thread#6" [stack: 0x00000011c1800000,0x00000011c1900000] [id=7608]
  0x000001dc19940000 GCTaskThread "GC Thread#7" [stack: 0x00000011c1900000,0x00000011c1a00000] [id=10060]
  0x000001dc7aab1800 ConcurrentGCThread "G1 Main Marker" [stack: 0x00000011bf900000,0x00000011bfa00000] [id=10700]
  0x000001dc7aab3000 ConcurrentGCThread "G1 Conc#0" [stack: 0x00000011bfa00000,0x00000011bfb00000] [id=8100]
  0x000001dc19c30800 ConcurrentGCThread "G1 Conc#1" [stack: 0x00000011c1c00000,0x00000011c1d00000] [id=6932]
  0x000001dc16d1a800 ConcurrentGCThread "G1 Refine#0" [stack: 0x00000011bfb00000,0x00000011bfc00000] [id=14524]
  0x000001dc227e8800 ConcurrentGCThread "G1 Refine#1" [stack: 0x00000011c5200000,0x00000011c5300000] [id=14320]
  0x000001dc16d1d000 ConcurrentGCThread "G1 Young RemSet Sampling" [stack: 0x00000011bfc00000,0x00000011bfd00000] [id=784]

Threads with active compile tasks:
C2 CompilerThread0  17052 12566       4       com.android.tools.r8.dex.j::e (654 bytes)
C2 CompilerThread1  17052 12368 %     4       com.android.tools.r8.code.w1::a @ 20 (4137 bytes)
C2 CompilerThread2  17052 12510 %     4       com.android.tools.r8.dex.j::a @ 315 (1038 bytes)

VM state:at safepoint (normal execution)

VM Mutex/Monitor currently owned by a thread:  ([mutex/lock_event])
[0x000001dc7aa60ca0] Threads_lock - owner thread: 0x000001dc16ec9800
[0x000001dc7aa60c10] Heap_lock - owner thread: 0x000001dc1baba800

Heap address: 0x0000000080000000, size: 2048 MB, Compressed Oops mode: 32-bit
Narrow klass base: 0x0000000000000000, Narrow klass shift: 3
Compressed class space size: 1073741824 Address: 0x0000000100000000

Heap:
 garbage-first heap   total 296960K, used 187108K [0x0000000080000000, 0x0000000100000000)
  region size 1024K, 2 young (2048K), 2 survivors (2048K)
 Metaspace       used 92583K, capacity 95442K, committed 95616K, reserved 1132544K
  class space    used 12110K, capacity 13180K, committed 13260K, reserved 1048576K
Heap Regions: E=young(eden), S=young(survivor), O=old, HS=humongous(starts), HC=humongous(continues), CS=collection set, F=free, A=archive, TAMS=top-at-mark-start (previous, next)
|   0|0x0000000080000000, 0x0000000080100000, 0x0000000080100000|100%| O|  |TAMS 0x0000000080100000, 0x0000000080100000| Untracked 
|   1|0x0000000080100000, 0x0000000080200000, 0x0000000080200000|100%| O|  |TAMS 0x0000000080200000, 0x0000000080200000| Untracked 
|   2|0x0000000080200000, 0x0000000080300000, 0x0000000080300000|100%| O|  |TAMS 0x0000000080300000, 0x0000000080300000| Untracked 
|   3|0x0000000080300000, 0x0000000080400000, 0x0000000080400000|100%|HS|  |TAMS 0x0000000080400000, 0x0000000080400000| Complete 
|   4|0x0000000080400000, 0x0000000080500000, 0x0000000080500000|100%|HC|  |TAMS 0x0000000080500000, 0x0000000080500000| Complete 
|   5|0x0000000080500000, 0x0000000080600000, 0x0000000080600000|100%|HC|  |TAMS 0x0000000080600000, 0x0000000080600000| Complete 
|   6|0x0000000080600000, 0x0000000080700000, 0x0000000080700000|100%| O|  |TAMS 0x0000000080700000, 0x0000000080700000| Untracked 
|   7|0x0000000080700000, 0x0000000080800000, 0x0000000080800000|100%| O|  |TAMS 0x0000000080800000, 0x0000000080800000| Untracked 
|   8|0x0000000080800000, 0x0000000080900000, 0x0000000080900000|100%| O|  |TAMS 0x0000000080900000, 0x0000000080900000| Untracked 
|   9|0x0000000080900000, 0x0000000080a00000, 0x0000000080a00000|100%| O|  |TAMS 0x0000000080a00000, 0x0000000080a00000| Untracked 
|  10|0x0000000080a00000, 0x0000000080b00000, 0x0000000080b00000|100%| O|  |TAMS 0x0000000080b00000, 0x0000000080b00000| Untracked 
|  11|0x0000000080b00000, 0x0000000080c00000, 0x0000000080c00000|100%| O|  |TAMS 0x0000000080c00000, 0x0000000080c00000| Untracked 
|  12|0x0000000080c00000, 0x0000000080d00000, 0x0000000080d00000|100%| O|  |TAMS 0x0000000080d00000, 0x0000000080d00000| Untracked 
|  13|0x0000000080d00000, 0x0000000080e00000, 0x0000000080e00000|100%| O|  |TAMS 0x0000000080e00000, 0x0000000080e00000| Untracked 
|  14|0x0000000080e00000, 0x0000000080f00000, 0x0000000080f00000|100%| O|  |TAMS 0x0000000080f00000, 0x0000000080f00000| Untracked 
|  15|0x0000000080f00000, 0x0000000081000000, 0x0000000081000000|100%| O|  |TAMS 0x0000000081000000, 0x0000000081000000| Untracked 
|  16|0x0000000081000000, 0x0000000081100000, 0x0000000081100000|100%| O|  |TAMS 0x0000000081100000, 0x0000000081100000| Untracked 
|  17|0x0000000081100000, 0x0000000081200000, 0x0000000081200000|100%|HS|  |TAMS 0x0000000081200000, 0x0000000081200000| Complete 
|  18|0x0000000081200000, 0x0000000081300000, 0x0000000081300000|100%| O|  |TAMS 0x0000000081300000, 0x0000000081300000| Untracked 
|  19|0x0000000081300000, 0x0000000081400000, 0x0000000081400000|100%| O|  |TAMS 0x0000000081400000, 0x0000000081400000| Untracked 
|  20|0x0000000081400000, 0x0000000081500000, 0x0000000081500000|100%| O|  |TAMS 0x0000000081500000, 0x0000000081500000| Untracked 
|  21|0x0000000081500000, 0x0000000081600000, 0x0000000081600000|100%| O|  |TAMS 0x0000000081600000, 0x0000000081600000| Untracked 
|  22|0x0000000081600000, 0x0000000081700000, 0x0000000081700000|100%| O|  |TAMS 0x0000000081700000, 0x0000000081700000| Untracked 
|  23|0x0000000081700000, 0x0000000081800000, 0x0000000081800000|100%|HS|  |TAMS 0x0000000081800000, 0x0000000081800000| Complete 
|  24|0x0000000081800000, 0x0000000081900000, 0x0000000081900000|100%|HS|  |TAMS 0x0000000081900000, 0x0000000081900000| Complete 
|  25|0x0000000081900000, 0x0000000081a00000, 0x0000000081a00000|100%|HC|  |TAMS 0x0000000081a00000, 0x0000000081a00000| Complete 
|  26|0x0000000081a00000, 0x0000000081b00000, 0x0000000081b00000|100%| O|  |TAMS 0x0000000081b00000, 0x0000000081b00000| Untracked 
|  27|0x0000000081b00000, 0x0000000081c00000, 0x0000000081c00000|100%| O|  |TAMS 0x0000000081c00000, 0x0000000081c00000| Untracked 
|  28|0x0000000081c00000, 0x0000000081d00000, 0x0000000081d00000|100%| O|  |TAMS 0x0000000081d00000, 0x0000000081d00000| Untracked 
|  29|0x0000000081d00000, 0x0000000081e00000, 0x0000000081e00000|100%| O|  |TAMS 0x0000000081e00000, 0x0000000081e00000| Untracked 
|  30|0x0000000081e00000, 0x0000000081f00000, 0x0000000081f00000|100%| O|  |TAMS 0x0000000081f00000, 0x0000000081f00000| Untracked 
|  31|0x0000000081f00000, 0x0000000082000000, 0x0000000082000000|100%| O|  |TAMS 0x0000000082000000, 0x0000000082000000| Untracked 
|  32|0x0000000082000000, 0x0000000082100000, 0x0000000082100000|100%| O|  |TAMS 0x0000000082100000, 0x0000000082100000| Untracked 
|  33|0x0000000082100000, 0x0000000082200000, 0x0000000082200000|100%| O|  |TAMS 0x0000000082200000, 0x0000000082200000| Untracked 
|  34|0x0000000082200000, 0x0000000082300000, 0x0000000082300000|100%| O|  |TAMS 0x0000000082300000, 0x0000000082300000| Untracked 
|  35|0x0000000082300000, 0x0000000082400000, 0x0000000082400000|100%| O|  |TAMS 0x0000000082400000, 0x0000000082400000| Untracked 
|  36|0x0000000082400000, 0x0000000082500000, 0x0000000082500000|100%| O|  |TAMS 0x0000000082500000, 0x0000000082500000| Untracked 
|  37|0x0000000082500000, 0x0000000082600000, 0x0000000082600000|100%| O|  |TAMS 0x0000000082600000, 0x0000000082600000| Untracked 
|  38|0x0000000082600000, 0x0000000082700000, 0x0000000082700000|100%| O|  |TAMS 0x0000000082700000, 0x0000000082700000| Untracked 
|  39|0x0000000082700000, 0x0000000082800000, 0x0000000082800000|100%| O|  |TAMS 0x0000000082800000, 0x0000000082800000| Untracked 
|  40|0x0000000082800000, 0x0000000082900000, 0x0000000082900000|100%| O|  |TAMS 0x0000000082900000, 0x0000000082900000| Untracked 
|  41|0x0000000082900000, 0x0000000082a00000, 0x0000000082a00000|100%| O|  |TAMS 0x0000000082a00000, 0x0000000082a00000| Untracked 
|  42|0x0000000082a00000, 0x0000000082b00000, 0x0000000082b00000|100%| O|  |TAMS 0x0000000082b00000, 0x0000000082b00000| Untracked 
|  43|0x0000000082b00000, 0x0000000082c00000, 0x0000000082c00000|100%| O|  |TAMS 0x0000000082c00000, 0x0000000082c00000| Untracked 
|  44|0x0000000082c00000, 0x0000000082d00000, 0x0000000082d00000|100%| O|  |TAMS 0x0000000082d00000, 0x0000000082d00000| Untracked 
|  45|0x0000000082d00000, 0x0000000082e00000, 0x0000000082e00000|100%| O|  |TAMS 0x0000000082e00000, 0x0000000082e00000| Untracked 
|  46|0x0000000082e00000, 0x0000000082f00000, 0x0000000082f00000|100%| O|  |TAMS 0x0000000082f00000, 0x0000000082f00000| Untracked 
|  47|0x0000000082f00000, 0x0000000083000000, 0x0000000083000000|100%| O|  |TAMS 0x0000000083000000, 0x0000000083000000| Untracked 
|  48|0x0000000083000000, 0x0000000083100000, 0x0000000083100000|100%| O|  |TAMS 0x0000000083100000, 0x0000000083100000| Untracked 
|  49|0x0000000083100000, 0x0000000083200000, 0x0000000083200000|100%| O|  |TAMS 0x0000000083200000, 0x0000000083200000| Untracked 
|  50|0x0000000083200000, 0x0000000083300000, 0x0000000083300000|100%| O|  |TAMS 0x0000000083300000, 0x0000000083300000| Untracked 
|  51|0x0000000083300000, 0x0000000083400000, 0x0000000083400000|100%| O|  |TAMS 0x0000000083400000, 0x0000000083400000| Untracked 
|  52|0x0000000083400000, 0x0000000083500000, 0x0000000083500000|100%| O|  |TAMS 0x0000000083500000, 0x0000000083500000| Untracked 
|  53|0x0000000083500000, 0x0000000083600000, 0x0000000083600000|100%| O|  |TAMS 0x0000000083600000, 0x0000000083600000| Untracked 
|  54|0x0000000083600000, 0x0000000083700000, 0x0000000083700000|100%| O|  |TAMS 0x0000000083700000, 0x0000000083700000| Untracked 
|  55|0x0000000083700000, 0x0000000083800000, 0x0000000083800000|100%| O|  |TAMS 0x0000000083800000, 0x0000000083800000| Untracked 
|  56|0x0000000083800000, 0x0000000083900000, 0x0000000083900000|100%| O|  |TAMS 0x0000000083900000, 0x0000000083900000| Untracked 
|  57|0x0000000083900000, 0x0000000083a00000, 0x0000000083a00000|100%| O|  |TAMS 0x0000000083a00000, 0x0000000083a00000| Untracked 
|  58|0x0000000083a00000, 0x0000000083b00000, 0x0000000083b00000|100%| O|  |TAMS 0x0000000083b00000, 0x0000000083b00000| Untracked 
|  59|0x0000000083b00000, 0x0000000083c00000, 0x0000000083c00000|100%| O|  |TAMS 0x0000000083c00000, 0x0000000083c00000| Untracked 
|  60|0x0000000083c00000, 0x0000000083d00000, 0x0000000083d00000|100%| O|  |TAMS 0x0000000083d00000, 0x0000000083d00000| Untracked 
|  61|0x0000000083d00000, 0x0000000083e00000, 0x0000000083e00000|100%| O|  |TAMS 0x0000000083e00000, 0x0000000083e00000| Untracked 
|  62|0x0000000083e00000, 0x0000000083f00000, 0x0000000083f00000|100%| O|  |TAMS 0x0000000083f00000, 0x0000000083f00000| Untracked 
|  63|0x0000000083f00000, 0x0000000084000000, 0x0000000084000000|100%| O|  |TAMS 0x0000000084000000, 0x0000000084000000| Untracked 
|  64|0x0000000084000000, 0x0000000084100000, 0x0000000084100000|100%| O|  |TAMS 0x0000000084100000, 0x0000000084100000| Untracked 
|  65|0x0000000084100000, 0x0000000084200000, 0x0000000084200000|100%| O|  |TAMS 0x0000000084200000, 0x0000000084200000| Untracked 
|  66|0x0000000084200000, 0x0000000084300000, 0x0000000084300000|100%| O|  |TAMS 0x0000000084300000, 0x0000000084300000| Untracked 
|  67|0x0000000084300000, 0x0000000084400000, 0x0000000084400000|100%| O|  |TAMS 0x0000000084400000, 0x0000000084400000| Untracked 
|  68|0x0000000084400000, 0x0000000084500000, 0x0000000084500000|100%| O|  |TAMS 0x0000000084500000, 0x0000000084500000| Untracked 
|  69|0x0000000084500000, 0x0000000084600000, 0x0000000084600000|100%| O|  |TAMS 0x0000000084600000, 0x0000000084600000| Untracked 
|  70|0x0000000084600000, 0x0000000084700000, 0x0000000084700000|100%| O|  |TAMS 0x0000000084700000, 0x0000000084700000| Untracked 
|  71|0x0000000084700000, 0x0000000084800000, 0x0000000084800000|100%| O|  |TAMS 0x0000000084800000, 0x0000000084800000| Untracked 
|  72|0x0000000084800000, 0x0000000084900000, 0x0000000084900000|100%| O|  |TAMS 0x0000000084900000, 0x0000000084900000| Untracked 
|  73|0x0000000084900000, 0x0000000084a00000, 0x0000000084a00000|100%| O|  |TAMS 0x0000000084a00000, 0x0000000084a00000| Untracked 
|  74|0x0000000084a00000, 0x0000000084b00000, 0x0000000084b00000|100%| O|  |TAMS 0x0000000084b00000, 0x0000000084b00000| Untracked 
|  75|0x0000000084b00000, 0x0000000084c00000, 0x0000000084c00000|100%| O|  |TAMS 0x0000000084c00000, 0x0000000084c00000| Untracked 
|  76|0x0000000084c00000, 0x0000000084d00000, 0x0000000084d00000|100%| O|  |TAMS 0x0000000084d00000, 0x0000000084d00000| Untracked 
|  77|0x0000000084d00000, 0x0000000084e00000, 0x0000000084e00000|100%| O|  |TAMS 0x0000000084e00000, 0x0000000084e00000| Untracked 
|  78|0x0000000084e00000, 0x0000000084f00000, 0x0000000084f00000|100%| O|  |TAMS 0x0000000084f00000, 0x0000000084f00000| Untracked 
|  79|0x0000000084f00000, 0x0000000085000000, 0x0000000085000000|100%|HS|  |TAMS 0x0000000085000000, 0x0000000085000000| Complete 
|  80|0x0000000085000000, 0x0000000085100000, 0x0000000085100000|100%|HC|  |TAMS 0x0000000085100000, 0x0000000085100000| Complete 
|  81|0x0000000085100000, 0x0000000085200000, 0x0000000085200000|100%|HS|  |TAMS 0x0000000085200000, 0x0000000085200000| Complete 
|  82|0x0000000085200000, 0x0000000085300000, 0x0000000085300000|100%|HS|  |TAMS 0x0000000085300000, 0x0000000085300000| Complete 
|  83|0x0000000085300000, 0x0000000085400000, 0x0000000085400000|100%|HS|  |TAMS 0x0000000085400000, 0x0000000085400000| Complete 
|  84|0x0000000085400000, 0x0000000085500000, 0x0000000085500000|100%|HS|  |TAMS 0x0000000085500000, 0x0000000085500000| Complete 
|  85|0x0000000085500000, 0x0000000085600000, 0x0000000085600000|100%|HS|  |TAMS 0x0000000085600000, 0x0000000085600000| Complete 
|  86|0x0000000085600000, 0x0000000085700000, 0x0000000085700000|100%|HS|  |TAMS 0x0000000085700000, 0x0000000085700000| Complete 
|  87|0x0000000085700000, 0x0000000085800000, 0x0000000085800000|100%|HS|  |TAMS 0x0000000085800000, 0x0000000085800000| Complete 
|  88|0x0000000085800000, 0x0000000085900000, 0x0000000085900000|100%|HC|  |TAMS 0x0000000085900000, 0x0000000085900000| Complete 
|  89|0x0000000085900000, 0x0000000085a00000, 0x0000000085a00000|100%|HS|  |TAMS 0x0000000085a00000, 0x0000000085a00000| Complete 
|  90|0x0000000085a00000, 0x0000000085b00000, 0x0000000085b00000|100%|HC|  |TAMS 0x0000000085b00000, 0x0000000085b00000| Complete 
|  91|0x0000000085b00000, 0x0000000085c00000, 0x0000000085c00000|100%|HS|  |TAMS 0x0000000085b00000, 0x0000000085c00000| Complete 
|  92|0x0000000085c00000, 0x0000000085d00000, 0x0000000085d00000|100%|HS|  |TAMS 0x0000000085d00000, 0x0000000085d00000| Complete 
|  93|0x0000000085d00000, 0x0000000085e00000, 0x0000000085e00000|100%|HS|  |TAMS 0x0000000085e00000, 0x0000000085e00000| Complete 
|  94|0x0000000085e00000, 0x0000000085f00000, 0x0000000085f00000|100%|HC|  |TAMS 0x0000000085f00000, 0x0000000085f00000| Complete 
|  95|0x0000000085f00000, 0x0000000086000000, 0x0000000086000000|100%|HS|  |TAMS 0x0000000085f00000, 0x0000000086000000| Complete 
|  96|0x0000000086000000, 0x0000000086100000, 0x0000000086100000|100%|HS|  |TAMS 0x0000000086100000, 0x0000000086100000| Complete 
|  97|0x0000000086100000, 0x0000000086200000, 0x0000000086200000|100%|HS|  |TAMS 0x0000000086200000, 0x0000000086200000| Complete 
|  98|0x0000000086200000, 0x0000000086300000, 0x0000000086300000|100%|HS|  |TAMS 0x0000000086300000, 0x0000000086300000| Complete 
|  99|0x0000000086300000, 0x0000000086400000, 0x0000000086400000|100%| O|  |TAMS 0x0000000086400000, 0x0000000086400000| Untracked 
| 100|0x0000000086400000, 0x0000000086500000, 0x0000000086500000|100%| O|  |TAMS 0x0000000086500000, 0x0000000086500000| Untracked 
| 101|0x0000000086500000, 0x0000000086600000, 0x0000000086600000|100%| O|  |TAMS 0x0000000086600000, 0x0000000086600000| Untracked 
| 102|0x0000000086600000, 0x0000000086700000, 0x0000000086700000|100%| O|  |TAMS 0x0000000086700000, 0x0000000086700000| Untracked 
| 103|0x0000000086700000, 0x0000000086800000, 0x0000000086800000|100%| O|  |TAMS 0x0000000086800000, 0x0000000086800000| Untracked 
| 104|0x0000000086800000, 0x0000000086900000, 0x0000000086900000|100%| O|  |TAMS 0x0000000086900000, 0x0000000086900000| Untracked 
| 105|0x0000000086900000, 0x0000000086a00000, 0x0000000086a00000|100%| O|  |TAMS 0x0000000086a00000, 0x0000000086a00000| Untracked 
| 106|0x0000000086a00000, 0x0000000086b00000, 0x0000000086b00000|100%| O|  |TAMS 0x0000000086b00000, 0x0000000086b00000| Untracked 
| 107|0x0000000086b00000, 0x0000000086c00000, 0x0000000086c00000|100%| O|  |TAMS 0x0000000086b00000, 0x0000000086c00000| Untracked 
| 108|0x0000000086c00000, 0x0000000086d00000, 0x0000000086d00000|100%|HS|  |TAMS 0x0000000086d00000, 0x0000000086d00000| Complete 
| 109|0x0000000086d00000, 0x0000000086e00000, 0x0000000086e00000|100%| O|  |TAMS 0x0000000086d00000, 0x0000000086e00000| Untracked 
| 110|0x0000000086e00000, 0x0000000086f00000, 0x0000000086f00000|100%|HS|  |TAMS 0x0000000086f00000, 0x0000000086f00000| Complete 
| 111|0x0000000086f00000, 0x0000000087000000, 0x0000000087000000|100%| O|  |TAMS 0x0000000086f00000, 0x0000000087000000| Untracked 
| 112|0x0000000087000000, 0x0000000087100000, 0x0000000087100000|100%| O|  |TAMS 0x0000000087000000, 0x0000000087100000| Untracked 
| 113|0x0000000087100000, 0x0000000087200000, 0x0000000087200000|100%|HS|  |TAMS 0x0000000087200000, 0x0000000087200000| Complete 
| 114|0x0000000087200000, 0x0000000087300000, 0x0000000087300000|100%|HC|  |TAMS 0x0000000087300000, 0x0000000087300000| Complete 
| 115|0x0000000087300000, 0x0000000087400000, 0x0000000087400000|100%| O|  |TAMS 0x0000000087300000, 0x0000000087400000| Untracked 
| 116|0x0000000087400000, 0x0000000087500000, 0x0000000087500000|100%| O|  |TAMS 0x0000000087400000, 0x0000000087500000| Untracked 
| 117|0x0000000087500000, 0x0000000087600000, 0x0000000087600000|100%|HS|  |TAMS 0x0000000087600000, 0x0000000087600000| Complete 
| 118|0x0000000087600000, 0x0000000087700000, 0x0000000087700000|100%|HC|  |TAMS 0x0000000087700000, 0x0000000087700000| Complete 
| 119|0x0000000087700000, 0x0000000087800000, 0x0000000087800000|100%| O|  |TAMS 0x0000000087800000, 0x0000000087800000| Untracked 
| 120|0x0000000087800000, 0x0000000087900000, 0x0000000087900000|100%| O|  |TAMS 0x0000000087900000, 0x0000000087900000| Untracked 
| 121|0x0000000087900000, 0x0000000087a00000, 0x0000000087a00000|100%| O|  |TAMS 0x0000000087a00000, 0x0000000087a00000| Untracked 
| 122|0x0000000087a00000, 0x0000000087b00000, 0x0000000087b00000|100%| O|  |TAMS 0x0000000087b00000, 0x0000000087b00000| Untracked 
| 123|0x0000000087b00000, 0x0000000087c00000, 0x0000000087c00000|100%| O|  |TAMS 0x0000000087c00000, 0x0000000087c00000| Untracked 
| 124|0x0000000087c00000, 0x0000000087d00000, 0x0000000087d00000|100%| O|  |TAMS 0x0000000087d00000, 0x0000000087d00000| Untracked 
| 125|0x0000000087d00000, 0x0000000087e00000, 0x0000000087e00000|100%| O|  |TAMS 0x0000000087e00000, 0x0000000087e00000| Untracked 
| 126|0x0000000087e00000, 0x0000000087f00000, 0x0000000087f00000|100%| O|  |TAMS 0x0000000087f00000, 0x0000000087f00000| Untracked 
| 127|0x0000000087f00000, 0x0000000088000000, 0x0000000088000000|100%| O|  |TAMS 0x0000000088000000, 0x0000000088000000| Untracked 
| 128|0x0000000088000000, 0x0000000088100000, 0x0000000088100000|100%| O|  |TAMS 0x0000000088100000, 0x0000000088100000| Untracked 
| 129|0x0000000088100000, 0x0000000088200000, 0x0000000088200000|100%| O|  |TAMS 0x0000000088200000, 0x0000000088200000| Untracked 
| 130|0x0000000088200000, 0x0000000088300000, 0x0000000088300000|100%| O|  |TAMS 0x0000000088300000, 0x0000000088300000| Untracked 
| 131|0x0000000088300000, 0x0000000088400000, 0x0000000088400000|100%| O|  |TAMS 0x0000000088400000, 0x0000000088400000| Untracked 
| 132|0x0000000088400000, 0x0000000088500000, 0x0000000088500000|100%| O|  |TAMS 0x0000000088500000, 0x0000000088500000| Untracked 
| 133|0x0000000088500000, 0x0000000088600000, 0x0000000088600000|100%| O|  |TAMS 0x0000000088600000, 0x0000000088600000| Untracked 
| 134|0x0000000088600000, 0x0000000088700000, 0x0000000088700000|100%| O|  |TAMS 0x0000000088700000, 0x0000000088700000| Untracked 
| 135|0x0000000088700000, 0x0000000088800000, 0x0000000088800000|100%| O|  |TAMS 0x0000000088800000, 0x0000000088800000| Untracked 
| 136|0x0000000088800000, 0x0000000088900000, 0x0000000088900000|100%| O|  |TAMS 0x0000000088900000, 0x0000000088900000| Untracked 
| 137|0x0000000088900000, 0x0000000088a00000, 0x0000000088a00000|100%| O|  |TAMS 0x0000000088a00000, 0x0000000088a00000| Untracked 
| 138|0x0000000088a00000, 0x0000000088b00000, 0x0000000088b00000|100%| O|  |TAMS 0x0000000088b00000, 0x0000000088b00000| Untracked 
| 139|0x0000000088b00000, 0x0000000088c00000, 0x0000000088c00000|100%| O|  |TAMS 0x0000000088b00000, 0x0000000088c00000| Untracked 
| 140|0x0000000088c00000, 0x0000000088d00000, 0x0000000088d00000|100%| O|  |TAMS 0x0000000088c00000, 0x0000000088d00000| Untracked 
| 141|0x0000000088d00000, 0x0000000088e00000, 0x0000000088e00000|100%| O|  |TAMS 0x0000000088d00000, 0x0000000088e00000| Untracked 
| 142|0x0000000088e00000, 0x0000000088f00000, 0x0000000088f00000|100%| O|  |TAMS 0x0000000088e00000, 0x0000000088f00000| Untracked 
| 143|0x0000000088f00000, 0x0000000089000000, 0x0000000089000000|100%| O|  |TAMS 0x0000000088f00000, 0x0000000089000000| Untracked 
| 144|0x0000000089000000, 0x0000000089100000, 0x0000000089100000|100%| O|  |TAMS 0x0000000089000000, 0x0000000089100000| Untracked 
| 145|0x0000000089100000, 0x0000000089200000, 0x0000000089200000|100%| O|  |TAMS 0x0000000089100000, 0x0000000089200000| Untracked 
| 146|0x0000000089200000, 0x0000000089300000, 0x0000000089300000|100%| O|  |TAMS 0x0000000089200000, 0x0000000089300000| Untracked 
| 147|0x0000000089300000, 0x0000000089400000, 0x0000000089400000|100%| O|  |TAMS 0x0000000089300000, 0x0000000089400000| Untracked 
| 148|0x0000000089400000, 0x0000000089500000, 0x0000000089500000|100%| O|  |TAMS 0x0000000089400000, 0x0000000089500000| Untracked 
| 149|0x0000000089500000, 0x0000000089600000, 0x0000000089600000|100%| O|  |TAMS 0x0000000089500000, 0x0000000089600000| Untracked 
| 150|0x0000000089600000, 0x0000000089700000, 0x0000000089700000|100%| O|  |TAMS 0x0000000089600000, 0x0000000089700000| Untracked 
| 151|0x0000000089700000, 0x0000000089800000, 0x0000000089800000|100%| O|  |TAMS 0x0000000089700000, 0x0000000089800000| Untracked 
| 152|0x0000000089800000, 0x0000000089900000, 0x0000000089900000|100%| O|  |TAMS 0x0000000089900000, 0x0000000089900000| Untracked 
| 153|0x0000000089900000, 0x0000000089a00000, 0x0000000089a00000|100%| O|  |TAMS 0x0000000089964a00, 0x0000000089a00000| Untracked 
| 154|0x0000000089a00000, 0x0000000089b00000, 0x0000000089b00000|100%| O|  |TAMS 0x0000000089a00000, 0x0000000089b00000| Untracked 
| 155|0x0000000089b00000, 0x0000000089c00000, 0x0000000089c00000|100%| O|  |TAMS 0x0000000089b00000, 0x0000000089c00000| Untracked 
| 156|0x0000000089c00000, 0x0000000089d00000, 0x0000000089d00000|100%| O|  |TAMS 0x0000000089c00000, 0x0000000089d00000| Untracked 
| 157|0x0000000089d00000, 0x0000000089e00000, 0x0000000089e00000|100%| O|  |TAMS 0x0000000089d00000, 0x0000000089e00000| Untracked 
| 158|0x0000000089e00000, 0x0000000089f00000, 0x0000000089f00000|100%| O|  |TAMS 0x0000000089e00000, 0x0000000089f00000| Untracked 
| 159|0x0000000089f00000, 0x000000008a000000, 0x000000008a000000|100%| O|  |TAMS 0x0000000089f00000, 0x000000008a000000| Untracked 
| 160|0x000000008a000000, 0x000000008a100000, 0x000000008a100000|100%| O|  |TAMS 0x000000008a000000, 0x000000008a100000| Untracked 
| 161|0x000000008a100000, 0x000000008a200000, 0x000000008a200000|100%| O|  |TAMS 0x000000008a100000, 0x000000008a200000| Untracked 
| 162|0x000000008a200000, 0x000000008a300000, 0x000000008a300000|100%| O|  |TAMS 0x000000008a200000, 0x000000008a300000| Untracked 
| 163|0x000000008a300000, 0x000000008a400000, 0x000000008a400000|100%| O|  |TAMS 0x000000008a300000, 0x000000008a400000| Untracked 
| 164|0x000000008a400000, 0x000000008a500000, 0x000000008a500000|100%| O|  |TAMS 0x000000008a400000, 0x000000008a451600| Untracked 
| 165|0x000000008a500000, 0x000000008a600000, 0x000000008a600000|100%| O|  |TAMS 0x000000008a500000, 0x000000008a500000| Untracked 
| 166|0x000000008a600000, 0x000000008a700000, 0x000000008a700000|100%| O|  |TAMS 0x000000008a600000, 0x000000008a600000| Untracked 
| 167|0x000000008a700000, 0x000000008a800000, 0x000000008a800000|100%| O|  |TAMS 0x000000008a700000, 0x000000008a700000| Untracked 
| 168|0x000000008a800000, 0x000000008a900000, 0x000000008a900000|100%| O|  |TAMS 0x000000008a800000, 0x000000008a800000| Untracked 
| 169|0x000000008a900000, 0x000000008aa00000, 0x000000008aa00000|100%| O|  |TAMS 0x000000008a900000, 0x000000008a900000| Untracked 
| 170|0x000000008aa00000, 0x000000008ab00000, 0x000000008ab00000|100%| O|  |TAMS 0x000000008aa00000, 0x000000008aa00000| Untracked 
| 171|0x000000008ab00000, 0x000000008ac00000, 0x000000008ac00000|100%| O|  |TAMS 0x000000008ab00000, 0x000000008ab00000| Untracked 
| 172|0x000000008ac00000, 0x000000008ad00000, 0x000000008ad00000|100%| O|  |TAMS 0x000000008ac00000, 0x000000008ac00000| Untracked 
| 173|0x000000008ad00000, 0x000000008ae00000, 0x000000008ae00000|100%| O|  |TAMS 0x000000008ad00000, 0x000000008ad00000| Untracked 
| 174|0x000000008ae00000, 0x000000008af00000, 0x000000008af00000|100%| O|  |TAMS 0x000000008ae00000, 0x000000008ae00000| Untracked 
| 175|0x000000008af00000, 0x000000008b000000, 0x000000008b000000|100%| O|  |TAMS 0x000000008af00000, 0x000000008af00000| Untracked 
| 176|0x000000008b000000, 0x000000008b100000, 0x000000008b100000|100%| O|  |TAMS 0x000000008b000000, 0x000000008b000000| Untracked 
| 177|0x000000008b100000, 0x000000008b200000, 0x000000008b200000|100%| O|  |TAMS 0x000000008b100000, 0x000000008b100000| Untracked 
| 178|0x000000008b200000, 0x000000008b300000, 0x000000008b300000|100%| O|  |TAMS 0x000000008b200000, 0x000000008b200000| Untracked 
| 179|0x000000008b300000, 0x000000008b400000, 0x000000008b400000|100%| O|  |TAMS 0x000000008b300000, 0x000000008b300000| Untracked 
| 180|0x000000008b400000, 0x000000008b4b9200, 0x000000008b500000| 72%| O|  |TAMS 0x000000008b400000, 0x000000008b400000| Untracked 
| 181|0x000000008b500000, 0x000000008b500000, 0x000000008b600000|  0%| F|  |TAMS 0x000000008b500000, 0x000000008b500000| Untracked 
| 182|0x000000008b600000, 0x000000008b600000, 0x000000008b700000|  0%| F|  |TAMS 0x000000008b600000, 0x000000008b600000| Untracked 
| 183|0x000000008b700000, 0x000000008b700000, 0x000000008b800000|  0%| F|  |TAMS 0x000000008b700000, 0x000000008b700000| Untracked 
| 184|0x000000008b800000, 0x000000008b800000, 0x000000008b900000|  0%| F|  |TAMS 0x000000008b800000, 0x000000008b800000| Untracked 
| 185|0x000000008b900000, 0x000000008b900000, 0x000000008ba00000|  0%| F|  |TAMS 0x000000008b900000, 0x000000008b900000| Untracked 
| 186|0x000000008ba00000, 0x000000008ba00000, 0x000000008bb00000|  0%| F|  |TAMS 0x000000008ba00000, 0x000000008ba00000| Untracked 
| 187|0x000000008bb00000, 0x000000008bb00000, 0x000000008bc00000|  0%| F|  |TAMS 0x000000008bb00000, 0x000000008bb00000| Untracked 
| 188|0x000000008bc00000, 0x000000008bc00000, 0x000000008bd00000|  0%| F|  |TAMS 0x000000008bc00000, 0x000000008bc00000| Untracked 
| 189|0x000000008bd00000, 0x000000008bd00000, 0x000000008be00000|  0%| F|  |TAMS 0x000000008bd00000, 0x000000008bd00000| Untracked 
| 190|0x000000008be00000, 0x000000008be00000, 0x000000008bf00000|  0%| F|  |TAMS 0x000000008be00000, 0x000000008be00000| Untracked 
| 191|0x000000008bf00000, 0x000000008bf00000, 0x000000008c000000|  0%| F|  |TAMS 0x000000008bf00000, 0x000000008bf00000| Untracked 
| 192|0x000000008c000000, 0x000000008c000000, 0x000000008c100000|  0%| F|  |TAMS 0x000000008c000000, 0x000000008c000000| Untracked 
| 193|0x000000008c100000, 0x000000008c100000, 0x000000008c200000|  0%| F|  |TAMS 0x000000008c100000, 0x000000008c100000| Untracked 
| 194|0x000000008c200000, 0x000000008c200000, 0x000000008c300000|  0%| F|  |TAMS 0x000000008c200000, 0x000000008c200000| Untracked 
| 195|0x000000008c300000, 0x000000008c300000, 0x000000008c400000|  0%| F|  |TAMS 0x000000008c300000, 0x000000008c300000| Untracked 
| 196|0x000000008c400000, 0x000000008c400000, 0x000000008c500000|  0%| F|  |TAMS 0x000000008c400000, 0x000000008c400000| Untracked 
| 197|0x000000008c500000, 0x000000008c500000, 0x000000008c600000|  0%| F|  |TAMS 0x000000008c500000, 0x000000008c500000| Untracked 
| 198|0x000000008c600000, 0x000000008c600000, 0x000000008c700000|  0%| F|  |TAMS 0x000000008c600000, 0x000000008c600000| Untracked 
| 199|0x000000008c700000, 0x000000008c700000, 0x000000008c800000|  0%| F|  |TAMS 0x000000008c700000, 0x000000008c700000| Untracked 
| 200|0x000000008c800000, 0x000000008c800000, 0x000000008c900000|  0%| F|  |TAMS 0x000000008c800000, 0x000000008c800000| Untracked 
| 201|0x000000008c900000, 0x000000008c900000, 0x000000008ca00000|  0%| F|  |TAMS 0x000000008c900000, 0x000000008c900000| Untracked 
| 202|0x000000008ca00000, 0x000000008ca00000, 0x000000008cb00000|  0%| F|  |TAMS 0x000000008ca00000, 0x000000008ca00000| Untracked 
| 203|0x000000008cb00000, 0x000000008cb00000, 0x000000008cc00000|  0%| F|  |TAMS 0x000000008cb00000, 0x000000008cb00000| Untracked 
| 204|0x000000008cc00000, 0x000000008cc00000, 0x000000008cd00000|  0%| F|  |TAMS 0x000000008cc00000, 0x000000008cc00000| Untracked 
| 205|0x000000008cd00000, 0x000000008cd00000, 0x000000008ce00000|  0%| F|  |TAMS 0x000000008cd00000, 0x000000008cd00000| Untracked 
| 206|0x000000008ce00000, 0x000000008ce00000, 0x000000008cf00000|  0%| F|  |TAMS 0x000000008ce00000, 0x000000008ce00000| Untracked 
| 207|0x000000008cf00000, 0x000000008cf00000, 0x000000008d000000|  0%| F|  |TAMS 0x000000008cf00000, 0x000000008cf00000| Untracked 
| 208|0x000000008d000000, 0x000000008d100000, 0x000000008d100000|100%| S|CS|TAMS 0x000000008d000000, 0x000000008d000000| Complete 
| 209|0x000000008d100000, 0x000000008d200000, 0x000000008d200000|100%| S|CS|TAMS 0x000000008d100000, 0x000000008d100000| Complete 
| 210|0x000000008d200000, 0x000000008d200000, 0x000000008d300000|  0%| F|  |TAMS 0x000000008d200000, 0x000000008d200000| Untracked 
| 211|0x000000008d300000, 0x000000008d300000, 0x000000008d400000|  0%| F|  |TAMS 0x000000008d300000, 0x000000008d300000| Untracked 
| 212|0x000000008d400000, 0x000000008d400000, 0x000000008d500000|  0%| F|  |TAMS 0x000000008d400000, 0x000000008d400000| Untracked 
| 213|0x000000008d500000, 0x000000008d500000, 0x000000008d600000|  0%| F|  |TAMS 0x000000008d500000, 0x000000008d500000| Untracked 
| 214|0x000000008d600000, 0x000000008d600000, 0x000000008d700000|  0%| F|  |TAMS 0x000000008d600000, 0x000000008d600000| Untracked 
| 215|0x000000008d700000, 0x000000008d700000, 0x000000008d800000|  0%| F|  |TAMS 0x000000008d700000, 0x000000008d700000| Untracked 
| 216|0x000000008d800000, 0x000000008d800000, 0x000000008d900000|  0%| F|  |TAMS 0x000000008d800000, 0x000000008d800000| Untracked 
| 217|0x000000008d900000, 0x000000008d900000, 0x000000008da00000|  0%| F|  |TAMS 0x000000008d900000, 0x000000008d900000| Untracked 
| 218|0x000000008da00000, 0x000000008da00000, 0x000000008db00000|  0%| F|  |TAMS 0x000000008da00000, 0x000000008da00000| Untracked 
| 219|0x000000008db00000, 0x000000008db00000, 0x000000008dc00000|  0%| F|  |TAMS 0x000000008db00000, 0x000000008db00000| Untracked 

Card table byte_map: [0x000001dc0fc80000,0x000001dc10080000] _byte_map_base: 0x000001dc0f880000

Marking Bits (Prev, Next): (CMBitMap*) 0x000001dc7aaa8848, (CMBitMap*) 0x000001dc7aaa8880
 Prev Bits: [0x000001dc10480000, 0x000001dc12480000)
 Next Bits: [0x000001dc12480000, 0x000001dc14480000)

Polling page: 0x000001dc7fd00000

Metaspace:

Usage:
  Non-class:     80.33 MB capacity,    78.59 MB ( 98%) used,     1.47 MB (  2%) free+waste,   281.38 KB ( <1%) overhead. 
      Class:     12.87 MB capacity,    11.83 MB ( 92%) used,   941.95 KB (  7%) free+waste,   127.69 KB ( <1%) overhead. 
       Both:     93.21 MB capacity,    90.41 MB ( 97%) used,     2.39 MB (  3%) free+waste,   409.06 KB ( <1%) overhead. 

Virtual space:
  Non-class space:       82.00 MB reserved,      80.43 MB ( 98%) committed 
      Class space:        1.00 GB reserved,      12.95 MB (  1%) committed 
             Both:        1.08 GB reserved,      93.38 MB (  8%) committed 

Chunk freelists:
   Non-Class:  94.00 KB
       Class:  68.00 KB
        Both:  162.00 KB

MaxMetaspaceSize: 17179869184.00 GB
CompressedClassSpaceSize: 1.00 GB

CodeHeap 'non-profiled nmethods': size=120000Kb used=8037Kb max_used=8037Kb free=111963Kb
 bounds [0x000001dc07ad0000, 0x000001dc082b0000, 0x000001dc0f000000]
CodeHeap 'profiled nmethods': size=120000Kb used=27433Kb max_used=27433Kb free=92566Kb
 bounds [0x000001dc005a0000, 0x000001dc02070000, 0x000001dc07ad0000]
CodeHeap 'non-nmethods': size=5760Kb used=2311Kb max_used=2366Kb free=3448Kb
 bounds [0x000001dc00000000, 0x000001dc00270000, 0x000001dc005a0000]
 total_blobs=13399 nmethods=12485 adapters=822
 compilation: enabled
              stopped_count=0, restarted_count=0
 full_count=0

Compilation events (20 events):
Event: 16.985 Thread 0x000001dc16ef2000 12663       2       com.android.tools.r8.code.S0::hashCode (21 bytes)
Event: 16.986 Thread 0x000001dc16ef2000 nmethod 12663 0x000001dc02062090 code [0x000001dc02062240, 0x000001dc02062388]
Event: 16.988 Thread 0x000001dc16ef2000 12664       2       com.android.tools.r8.code.r::<init> (7 bytes)
Event: 16.988 Thread 0x000001dc16ef2000 nmethod 12664 0x000001dc02062410 code [0x000001dc020625c0, 0x000001dc02062718]
Event: 16.988 Thread 0x000001dc16ef2000 12665 %     3       com.android.tools.r8.internal.h8::a @ 3 (80 bytes)
Event: 16.989 Thread 0x000001dc16ef2000 nmethod 12665% 0x000001dc02062810 code [0x000001dc02062a60, 0x000001dc02063408]
Event: 16.990 Thread 0x000001dc16ef2000 12666       2       com.android.tools.r8.graph.T0::<init> (41 bytes)
Event: 16.991 Thread 0x000001dc16ef2000 nmethod 12666 0x000001dc02063690 code [0x000001dc02063840, 0x000001dc02063998]
Event: 16.992 Thread 0x000001dc16ef2000 12668       2       com.android.tools.r8.internal.pr::b (142 bytes)
Event: 16.993 Thread 0x000001dc16ef2000 nmethod 12668 0x000001dc02063a10 code [0x000001dc02063c60, 0x000001dc02064408]
Event: 16.994 Thread 0x000001dc16ef2000 12669       2       com.android.tools.r8.code.L2::<init> (7 bytes)
Event: 16.994 Thread 0x000001dc16ef2000 nmethod 12669 0x000001dc02064890 code [0x000001dc02064a40, 0x000001dc02064b98]
Event: 16.994 Thread 0x000001dc16ef2000 12670       2       com.android.tools.r8.internal.pr::a (141 bytes)
Event: 16.995 Thread 0x000001dc16ef2000 nmethod 12670 0x000001dc02064c90 code [0x000001dc02064ee0, 0x000001dc02065688]
Event: 16.996 Thread 0x000001dc16ef2000 12674       2       com.android.tools.r8.internal.ku::<init> (107 bytes)
Event: 16.996 Thread 0x000001dc16ef2000 nmethod 12674 0x000001dc02065b10 code [0x000001dc02065d60, 0x000001dc02066418]
Event: 16.997 Thread 0x000001dc16ef2000 12675       3       com.android.tools.r8.dex.j::b (237 bytes)
Event: 17.000 Thread 0x000001dc16ef2000 nmethod 12675 0x000001dc02066610 code [0x000001dc02066a60, 0x000001dc02068ce8]
Event: 17.001 Thread 0x000001dc16ef2000 12677       3       com.android.tools.r8.internal.h8::a (80 bytes)
Event: 17.002 Thread 0x000001dc16ef2000 nmethod 12677 0x000001dc02069990 code [0x000001dc02069be0, 0x000001dc0206a4c8]

GC Heap History (20 events):
Event: 11.626 GC heap after
{Heap after GC invocations=20 (full 0):
 garbage-first heap   total 187392K, used 69651K [0x0000000080000000, 0x0000000100000000)
  region size 1024K, 12 young (12288K), 12 survivors (12288K)
 Metaspace       used 74767K, capacity 77006K, committed 77312K, reserved 1116160K
  class space    used 9640K, capacity 10453K, committed 10572K, reserved 1048576K
}
Event: 12.853 GC heap before
{Heap before GC invocations=20 (full 0):
 garbage-first heap   total 187392K, used 146451K [0x0000000080000000, 0x0000000100000000)
  region size 1024K, 88 young (90112K), 12 survivors (12288K)
 Metaspace       used 81407K, capacity 84003K, committed 84352K, reserved 1122304K
  class space    used 10637K, capacity 11623K, committed 11724K, reserved 1048576K
}
Event: 12.867 GC heap after
{Heap after GC invocations=21 (full 0):
 garbage-first heap   total 187392K, used 74975K [0x0000000080000000, 0x0000000100000000)
  region size 1024K, 11 young (11264K), 11 survivors (11264K)
 Metaspace       used 81407K, capacity 84003K, committed 84352K, reserved 1122304K
  class space    used 10637K, capacity 11623K, committed 11724K, reserved 1048576K
}
Event: 13.721 GC heap before
{Heap before GC invocations=21 (full 0):
 garbage-first heap   total 187392K, used 149727K [0x0000000080000000, 0x0000000100000000)
  region size 1024K, 84 young (86016K), 11 survivors (11264K)
 Metaspace       used 81953K, capacity 84646K, committed 84864K, reserved 1122304K
  class space    used 10655K, capacity 11647K, committed 11724K, reserved 1048576K
}
Event: 13.735 GC heap after
{Heap after GC invocations=22 (full 0):
 garbage-first heap   total 225280K, used 80704K [0x0000000080000000, 0x0000000100000000)
  region size 1024K, 11 young (11264K), 11 survivors (11264K)
 Metaspace       used 81953K, capacity 84646K, committed 84864K, reserved 1122304K
  class space    used 10655K, capacity 11647K, committed 11724K, reserved 1048576K
}
Event: 14.579 GC heap before
{Heap before GC invocations=22 (full 0):
 garbage-first heap   total 225280K, used 171840K [0x0000000080000000, 0x0000000100000000)
  region size 1024K, 101 young (103424K), 11 survivors (11264K)
 Metaspace       used 83737K, capacity 86488K, committed 86528K, reserved 1124352K
  class space    used 10808K, capacity 11824K, committed 11852K, reserved 1048576K
}
Event: 14.593 GC heap after
{Heap after GC invocations=23 (full 0):
 garbage-first heap   total 225280K, used 86108K [0x0000000080000000, 0x0000000100000000)
  region size 1024K, 11 young (11264K), 11 survivors (11264K)
 Metaspace       used 83737K, capacity 86488K, committed 86528K, reserved 1124352K
  class space    used 10808K, capacity 11824K, committed 11852K, reserved 1048576K
}
Event: 15.179 GC heap before
{Heap before GC invocations=23 (full 0):
 garbage-first heap   total 225280K, used 177244K [0x0000000080000000, 0x0000000100000000)
  region size 1024K, 101 young (103424K), 11 survivors (11264K)
 Metaspace       used 85984K, capacity 88797K, committed 88960K, reserved 1126400K
  class space    used 11114K, capacity 12144K, committed 12236K, reserved 1048576K
}
Event: 15.190 GC heap after
{Heap after GC invocations=24 (full 0):
 garbage-first heap   total 225280K, used 89561K [0x0000000080000000, 0x0000000100000000)
  region size 1024K, 9 young (9216K), 9 survivors (9216K)
 Metaspace       used 85984K, capacity 88797K, committed 88960K, reserved 1126400K
  class space    used 11114K, capacity 12144K, committed 12236K, reserved 1048576K
}
Event: 15.993 GC heap before
{Heap before GC invocations=24 (full 0):
 garbage-first heap   total 225280K, used 177625K [0x0000000080000000, 0x0000000100000000)
  region size 1024K, 77 young (78848K), 9 survivors (9216K)
 Metaspace       used 90218K, capacity 93044K, committed 93312K, reserved 1130496K
  class space    used 11668K, capacity 12706K, committed 12748K, reserved 1048576K
}
Event: 16.005 GC heap after
{Heap after GC invocations=25 (full 0):
 garbage-first heap   total 225280K, used 118245K [0x0000000080000000, 0x0000000100000000)
  region size 1024K, 13 young (13312K), 13 survivors (13312K)
 Metaspace       used 90218K, capacity 93044K, committed 93312K, reserved 1130496K
  class space    used 11668K, capacity 12706K, committed 12748K, reserved 1048576K
}
Event: 16.324 GC heap before
{Heap before GC invocations=26 (full 0):
 garbage-first heap   total 225280K, used 179685K [0x0000000080000000, 0x0000000100000000)
  region size 1024K, 59 young (60416K), 13 survivors (13312K)
 Metaspace       used 90315K, capacity 92987K, committed 93696K, reserved 1130496K
  class space    used 11632K, capacity 12617K, committed 12876K, reserved 1048576K
}
Event: 16.403 GC heap after
{Heap after GC invocations=27 (full 0):
 garbage-first heap   total 225280K, used 145810K [0x0000000080000000, 0x0000000100000000)
  region size 1024K, 10 young (10240K), 10 survivors (10240K)
 Metaspace       used 90315K, capacity 92987K, committed 93696K, reserved 1130496K
  class space    used 11632K, capacity 12617K, committed 12876K, reserved 1048576K
}
Event: 16.720 GC heap before
{Heap before GC invocations=28 (full 0):
 garbage-first heap   total 225280K, used 182674K [0x0000000080000000, 0x0000000100000000)
  region size 1024K, 44 young (45056K), 10 survivors (10240K)
 Metaspace       used 92203K, capacity 95058K, committed 95360K, reserved 1132544K
  class space    used 12086K, capacity 13144K, committed 13260K, reserved 1048576K
}
Event: 16.745 GC heap after
{Heap after GC invocations=29 (full 0):
 garbage-first heap   total 225280K, used 159241K [0x0000000080000000, 0x0000000100000000)
  region size 1024K, 6 young (6144K), 6 survivors (6144K)
 Metaspace       used 92203K, capacity 95058K, committed 95360K, reserved 1132544K
  class space    used 12086K, capacity 13144K, committed 13260K, reserved 1048576K
}
Event: 16.860 GC heap before
{Heap before GC invocations=29 (full 0):
 garbage-first heap   total 225280K, used 183817K [0x0000000080000000, 0x0000000100000000)
  region size 1024K, 30 young (30720K), 6 survivors (6144K)
 Metaspace       used 92469K, capacity 95298K, committed 95616K, reserved 1132544K
  class space    used 12109K, capacity 13180K, committed 13260K, reserved 1048576K
}
Event: 16.884 GC heap after
{Heap after GC invocations=30 (full 0):
 garbage-first heap   total 225280K, used 172357K [0x0000000080000000, 0x0000000100000000)
  region size 1024K, 4 young (4096K), 4 survivors (4096K)
 Metaspace       used 92469K, capacity 95298K, committed 95616K, reserved 1132544K
  class space    used 12109K, capacity 13180K, committed 13260K, reserved 1048576K
}
Event: 16.962 GC heap before
{Heap before GC invocations=30 (full 0):
 garbage-first heap   total 225280K, used 187717K [0x0000000080000000, 0x0000000100000000)
  region size 1024K, 19 young (19456K), 4 survivors (4096K)
 Metaspace       used 92573K, capacity 95375K, committed 95616K, reserved 1132544K
  class space    used 12110K, capacity 13180K, committed 13260K, reserved 1048576K
}
Event: 16.974 GC heap after
{Heap after GC invocations=31 (full 0):
 garbage-first heap   total 225280K, used 181592K [0x0000000080000000, 0x0000000100000000)
  region size 1024K, 3 young (3072K), 3 survivors (3072K)
 Metaspace       used 92573K, capacity 95375K, committed 95616K, reserved 1132544K
  class space    used 12110K, capacity 13180K, committed 13260K, reserved 1048576K
}
Event: 17.007 GC heap before
{Heap before GC invocations=31 (full 0):
 garbage-first heap   total 225280K, used 191832K [0x0000000080000000, 0x0000000100000000)
  region size 1024K, 13 young (13312K), 3 survivors (3072K)
 Metaspace       used 92583K, capacity 95442K, committed 95616K, reserved 1132544K
  class space    used 12110K, capacity 13180K, committed 13260K, reserved 1048576K
}

Deoptimization events (20 events):
Event: 16.701 Thread 0x000001dc1fb4b000 DEOPT PACKING pc=0x000001dc082689d4 sp=0x00000011c4efe780
Event: 16.701 Thread 0x000001dc1fb4b000 DEOPT UNPACKING pc=0x000001dc000278af sp=0x00000011c4efe788 mode 2
Event: 16.816 Thread 0x000001dc1baba800 DEOPT PACKING pc=0x000001dc01fd1160 sp=0x00000011c51fecb0
Event: 16.816 Thread 0x000001dc1fb4b000 DEOPT PACKING pc=0x000001dc01fd1160 sp=0x00000011c4efeb50
Event: 16.817 Thread 0x000001dc1baba800 DEOPT UNPACKING pc=0x000001dc000276ce sp=0x00000011c51fe2d8 mode 0
Event: 16.817 Thread 0x000001dc1fb4b000 DEOPT UNPACKING pc=0x000001dc000276ce sp=0x00000011c4efe178 mode 0
Event: 16.821 Thread 0x000001dc1fb44800 DEOPT PACKING pc=0x000001dc01fd1160 sp=0x00000011c4bfe800
Event: 16.822 Thread 0x000001dc1fb44800 DEOPT UNPACKING pc=0x000001dc000276ce sp=0x00000011c4bfde28 mode 0
Event: 16.822 Thread 0x000001dc1fb4a000 DEOPT PACKING pc=0x000001dc01fc6639 sp=0x00000011c4dfe900
Event: 16.822 Thread 0x000001dc1fb4a000 DEOPT UNPACKING pc=0x000001dc000276ce sp=0x00000011c4dfdfc8 mode 0
Event: 16.825 Thread 0x000001dc1fb4a000 DEOPT PACKING pc=0x000001dc01fd1160 sp=0x00000011c4dfec90
Event: 16.825 Thread 0x000001dc1fb4a000 DEOPT UNPACKING pc=0x000001dc000276ce sp=0x00000011c4dfe2b8 mode 0
Event: 16.830 Thread 0x000001dc1fb45000 DEOPT PACKING pc=0x000001dc01fd1160 sp=0x00000011c4ffe850
Event: 16.830 Thread 0x000001dc1fb45000 DEOPT UNPACKING pc=0x000001dc000276ce sp=0x00000011c4ffde78 mode 0
Event: 16.837 Thread 0x000001dc1baba800 DEOPT PACKING pc=0x000001dc01fc6639 sp=0x00000011c51fe900
Event: 16.837 Thread 0x000001dc1baba800 DEOPT UNPACKING pc=0x000001dc000276ce sp=0x00000011c51fdfc8 mode 0
Event: 16.844 Thread 0x000001dc1baba800 DEOPT PACKING pc=0x000001dc01f7df53 sp=0x00000011c51fea50
Event: 16.844 Thread 0x000001dc1baba800 DEOPT UNPACKING pc=0x000001dc000276ce sp=0x00000011c51fdfa8 mode 0
Event: 16.901 Thread 0x000001dc1fb47800 DEOPT PACKING pc=0x000001dc020080fe sp=0x00000011c4afe530
Event: 16.901 Thread 0x000001dc1fb47800 DEOPT UNPACKING pc=0x000001dc000276ce sp=0x00000011c4afdab8 mode 0

Classes redefined (0 events):
No events

Internal exceptions (20 events):
Event: 14.461 Thread 0x000001dc179b2800 Exception <a 'sun/nio/fs/WindowsException'{0x0000000088c99c88}> (0x0000000088c99c88) thrown at [./src/hotspot/share/prims/jni.cpp, line 615]
Event: 14.476 Thread 0x000001dc179b2800 Exception <a 'java/lang/NoSuchMethodError'{0x0000000088a3a1e0}: <clinit>> (0x0000000088a3a1e0) thrown at [./src/hotspot/share/prims/jni.cpp, line 1362]
Event: 14.479 Thread 0x000001dc179b2800 Exception <a 'java/lang/NoSuchMethodError'{0x0000000088a84ef8}: <clinit>> (0x0000000088a84ef8) thrown at [./src/hotspot/share/prims/jni.cpp, line 1362]
Event: 14.483 Thread 0x000001dc179b2800 Exception <a 'java/lang/NoSuchMethodError'{0x0000000088acad80}: <clinit>> (0x0000000088acad80) thrown at [./src/hotspot/share/prims/jni.cpp, line 1362]
Event: 14.484 Thread 0x000001dc179b2800 Exception <a 'java/lang/NoSuchMethodError'{0x0000000088ae4070}: <clinit>> (0x0000000088ae4070) thrown at [./src/hotspot/share/prims/jni.cpp, line 1362]
Event: 14.865 Thread 0x000001dc1c35f800 Implicit null exception at 0x000001dc0819acf2 to 0x000001dc0819b4f4
Event: 15.018 Thread 0x000001dc1c35c800 Implicit null exception at 0x000001dc081c09d2 to 0x000001dc081c0de0
Event: 15.768 Thread 0x000001dc1fb40000 Exception <a 'java/lang/NoSuchMethodError'{0x000000008a60b8d8}: 'void java.lang.invoke.DirectMethodHandle$Holder.invokeStatic(java.lang.Object, long)'> (0x000000008a60b8d8) thrown at [./src/hotspot/share/interpreter/linkResolver.cpp, line 773]
Event: 15.769 Thread 0x000001dc1fb40000 Exception <a 'java/lang/NoSuchMethodError'{0x000000008a610af0}: 'java.lang.Object java.lang.invoke.DirectMethodHandle$Holder.invokeStatic(java.lang.Object, long)'> (0x000000008a610af0) thrown at [./src/hotspot/share/interpreter/linkResolver.cpp, line 773]
Event: 15.773 Thread 0x000001dc1fb40000 Exception <a 'java/lang/NoSuchMethodError'{0x000000008a61ee58}: 'java.lang.Object java.lang.invoke.DirectMethodHandle$Holder.invokeStaticInit(java.lang.Object, java.lang.Object, long, java.lang.Object)'> (0x000000008a61ee58) thrown at [./src/hotspot/share/interpreter/linkResolver.cpp, line 773]
Event: 15.774 Thread 0x000001dc1fb40000 Exception <a 'java/lang/NoSuchMethodError'{0x000000008a624ff0}: 'java.lang.Object java.lang.invoke.DirectMethodHandle$Holder.invokeStatic(java.lang.Object, java.lang.Object, long)'> (0x000000008a624ff0) thrown at [./src/hotspot/share/interpreter/linkResolver.cpp, line 773]
Event: 15.774 Thread 0x000001dc1fb40000 Exception <a 'java/lang/NoSuchMethodError'{0x000000008a62b568}: 'java.lang.Object java.lang.invoke.Invokers$Holder.linkToTargetMethod(java.lang.Object, long, java.lang.Object)'> (0x000000008a62b568) thrown at [./src/hotspot/share/interpreter/linkResolver.cpp, line 773]
Event: 15.779 Thread 0x000001dc1fb47000 Exception <a 'sun/nio/fs/WindowsException'{0x000000008a310390}> (0x000000008a310390) thrown at [./src/hotspot/share/prims/jni.cpp, line 615]
Event: 15.981 Thread 0x000001dc1fb47000 Exception <a 'java/lang/NoSuchMethodError'{0x0000000089b22678}: 'java.lang.Object java.lang.invoke.DirectMethodHandle$Holder.invokeStatic(java.lang.Object, java.lang.Object, java.lang.Object, java.lang.Object, java.lang.Object, java.lang.Object, java.lang.Object, java.lang.Object, java.lang.Object, java.lang.Object, java.lang.Object, java.lang.Object, java.lang.Object, java.lang.Object, java.lang.Object, java.lang.Object, java.lang.Object, java.lang.Object, int, java.lang.Object)'> (0x0000000089b22678) thr
Event: 15.981 Thread 0x000001dc1fb47000 Exception <a 'java/lang/NoSuchMethodError'{0x0000000089b281a0}: 'java.lang.Object java.lang.invoke.DirectMethodHandle$Holder.invokeStaticInit(java.lang.Object, java.lang.Object, java.lang.Object, java.lang.Object, java.lang.Object, java.lang.Object, java.lang.Object, java.lang.Object, java.lang.Object, java.lang.Object, java.lang.Object, java.lang.Object, java.lang.Object, java.lang.Object, java.lang.Object, java.lang.Object, java.lang.Object, java.lang.Object, int, java.lang.Object)'> (0x0000000089b281a0)
Event: 16.064 Thread 0x000001dc1fb40000 Exception <a 'java/lang/NoSuchMethodError'{0x000000008cf1d4b0}: 'int java.lang.invoke.DirectMethodHandle$Holder.invokeSpecialIFC(java.lang.Object, java.lang.Object, java.lang.Object)'> (0x000000008cf1d4b0) thrown at [./src/hotspot/share/interpreter/linkResolver.cpp, line 773]
Event: 16.597 Thread 0x000001dc1baba800 Exception <a 'java/lang/IncompatibleClassChangeError'{0x000000008c08f1a8}: Found class java.lang.Object, but interface was expected> (0x000000008c08f1a8) thrown at [./src/hotspot/share/interpreter/linkResolver.cpp, line 839]
Event: 16.624 Thread 0x000001dc1fb44800 Exception <a 'java/lang/IncompatibleClassChangeError'{0x000000008bfd2250}: Found class java.lang.Object, but interface was expected> (0x000000008bfd2250) thrown at [./src/hotspot/share/interpreter/linkResolver.cpp, line 839]
Event: 16.625 Thread 0x000001dc1fb44800 Exception <a 'java/lang/IncompatibleClassChangeError'{0x000000008bfd98c8}: Found class java.lang.Object, but interface was expected> (0x000000008bfd98c8) thrown at [./src/hotspot/share/interpreter/linkResolver.cpp, line 839]
Event: 16.627 Thread 0x000001dc1babc000 Exception <a 'java/lang/NoSuchMethodError'{0x000000008be01e38}: 'java.lang.Object java.lang.invoke.DirectMethodHandle$Holder.newInvokeSpecial(java.lang.Object, int)'> (0x000000008be01e38) thrown at [./src/hotspot/share/interpreter/linkResolver.cpp, line 773]

Events (20 events):
Event: 16.761 loading class com/android/tools/r8/internal/Hu done
Event: 16.761 loading class com/android/tools/r8/internal/ku$f
Event: 16.761 loading class com/android/tools/r8/internal/ku$f done
Event: 16.762 loading class com/android/tools/r8/internal/Rb$a
Event: 16.762 loading class com/android/tools/r8/internal/Rb$a done
Event: 16.763 loading class com/android/tools/r8/internal/mu
Event: 16.763 loading class com/android/tools/r8/internal/mu done
Event: 16.763 loading class com/android/tools/r8/internal/pr
Event: 16.763 loading class com/android/tools/r8/internal/pr done
Event: 16.763 loading class com/android/tools/r8/internal/ku$d
Event: 16.763 loading class com/android/tools/r8/internal/ku$d done
Event: 16.764 loading class com/android/tools/r8/internal/lu
Event: 16.764 loading class com/android/tools/r8/internal/lu done
Event: 16.860 Executing VM operation: G1CollectForAllocation
Event: 16.885 Executing VM operation: G1CollectForAllocation done
Event: 16.890 loading class com/android/tools/r8/internal/f8
Event: 16.890 loading class com/android/tools/r8/internal/f8 done
Event: 16.962 Executing VM operation: G1CollectForAllocation
Event: 16.974 Executing VM operation: G1CollectForAllocation done
Event: 17.006 Executing VM operation: G1CollectForAllocation


Dynamic libraries:
0x00007ff7bc6e0000 - 0x00007ff7bc6ea000 	C:\Program Files\Android\Android Studio3\jre\bin\java.exe
0x00007ffd703a0000 - 0x00007ffd705af000 	C:\WINDOWS\SYSTEM32\ntdll.dll
0x00007ffd6ed30000 - 0x00007ffd6eded000 	C:\WINDOWS\System32\KERNEL32.DLL
0x00007ffd6d860000 - 0x00007ffd6dbe6000 	C:\WINDOWS\System32\KERNELBASE.dll
0x00007ffd6e0d0000 - 0x00007ffd6e1e1000 	C:\WINDOWS\System32\ucrtbase.dll
0x00007ffd60510000 - 0x00007ffd60527000 	C:\Program Files\Android\Android Studio3\jre\bin\VCRUNTIME140.dll
0x00007ffd60410000 - 0x00007ffd60429000 	C:\Program Files\Android\Android Studio3\jre\bin\jli.dll
0x00007ffd6f140000 - 0x00007ffd6f2ea000 	C:\WINDOWS\System32\USER32.dll
0x00007ffd6e1f0000 - 0x00007ffd6e216000 	C:\WINDOWS\System32\win32u.dll
0x00007ffd56840000 - 0x00007ffd56ae1000 	C:\WINDOWS\WinSxS\amd64_microsoft.windows.common-controls_6595b64144ccf1df_6.0.22471.1000_none_228bc6e77ad112f7\COMCTL32.dll
0x00007ffd6e290000 - 0x00007ffd6e334000 	C:\WINDOWS\System32\msvcrt.dll
0x00007ffd6e580000 - 0x00007ffd6e5a9000 	C:\WINDOWS\System32\GDI32.dll
0x00007ffd6dfb0000 - 0x00007ffd6e0c7000 	C:\WINDOWS\System32\gdi32full.dll
0x00007ffd6de80000 - 0x00007ffd6df1b000 	C:\WINDOWS\System32\msvcp_win.dll
0x00007ffd6e540000 - 0x00007ffd6e571000 	C:\WINDOWS\System32\IMM32.DLL
0x00007ffd60190000 - 0x00007ffd6022d000 	C:\Program Files\Android\Android Studio3\jre\bin\msvcp140.dll
0x00007ffd431e0000 - 0x00007ffd43caf000 	C:\Program Files\Android\Android Studio3\jre\bin\server\jvm.dll
0x00007ffd6e5b0000 - 0x00007ffd6e65e000 	C:\WINDOWS\System32\ADVAPI32.dll
0x00007ffd6ec80000 - 0x00007ffd6ed21000 	C:\WINDOWS\System32\sechost.dll
0x00007ffd6e420000 - 0x00007ffd6e540000 	C:\WINDOWS\System32\RPCRT4.dll
0x00007ffd6e220000 - 0x00007ffd6e228000 	C:\WINDOWS\System32\PSAPI.DLL
0x00007ffd678d0000 - 0x00007ffd67903000 	C:\WINDOWS\SYSTEM32\WINMM.dll
0x00007ffd4a4b0000 - 0x00007ffd4a4b9000 	C:\WINDOWS\SYSTEM32\WSOCK32.dll
0x00007ffd6b550000 - 0x00007ffd6b55a000 	C:\WINDOWS\SYSTEM32\VERSION.dll
0x00007ffd6f2f0000 - 0x00007ffd6f361000 	C:\WINDOWS\System32\WS2_32.dll
0x00007ffd6c930000 - 0x00007ffd6c948000 	C:\WINDOWS\SYSTEM32\kernel.appcore.dll
0x00007ffd69cf0000 - 0x00007ffd69d01000 	C:\Program Files\Android\Android Studio3\jre\bin\verify.dll
0x00007ffd65500000 - 0x00007ffd65727000 	C:\WINDOWS\SYSTEM32\DBGHELP.DLL
0x00007ffd6e900000 - 0x00007ffd6ec7e000 	C:\WINDOWS\System32\combase.dll
0x00007ffd5d9f0000 - 0x00007ffd5da21000 	C:\WINDOWS\SYSTEM32\dbgcore.DLL
0x00007ffd6df20000 - 0x00007ffd6dfa1000 	C:\WINDOWS\System32\bcryptPrimitives.dll
0x00007ffd69b50000 - 0x00007ffd69b79000 	C:\Program Files\Android\Android Studio3\jre\bin\java.dll
0x00007ffd69310000 - 0x00007ffd6931b000 	C:\Program Files\Android\Android Studio3\jre\bin\jimage.dll
0x00007ffd60970000 - 0x00007ffd60988000 	C:\Program Files\Android\Android Studio3\jre\bin\zip.dll
0x00007ffd6f980000 - 0x00007ffd7012b000 	C:\WINDOWS\System32\SHELL32.dll
0x00007ffd6b900000 - 0x00007ffd6c15c000 	C:\WINDOWS\SYSTEM32\windows.storage.dll
0x00007ffd6b7b0000 - 0x00007ffd6b8f9000 	C:\WINDOWS\SYSTEM32\wintypes.dll
0x00007ffd6e7a0000 - 0x00007ffd6e890000 	C:\WINDOWS\System32\SHCORE.dll
0x00007ffd6e890000 - 0x00007ffd6e8eb000 	C:\WINDOWS\System32\shlwapi.dll
0x00007ffd6d790000 - 0x00007ffd6d7b1000 	C:\WINDOWS\SYSTEM32\profapi.dll
0x00007ffd60950000 - 0x00007ffd6096a000 	C:\Program Files\Android\Android Studio3\jre\bin\net.dll
0x00007ffd67910000 - 0x00007ffd67a20000 	C:\WINDOWS\SYSTEM32\WINHTTP.dll
0x00007ffd6cd80000 - 0x00007ffd6cde9000 	C:\WINDOWS\system32\mswsock.dll
0x00007ffd60930000 - 0x00007ffd60944000 	C:\Program Files\Android\Android Studio3\jre\bin\nio.dll
0x00007ffd60530000 - 0x00007ffd60557000 	C:\Users\xpmkm\.gradle\native\8bec1ad78214c89d9ad589b4d07fe93259594b29d510b10fafb7a158f7737e5d\windows-amd64\native-platform.dll
0x00007ffd60230000 - 0x00007ffd6036d000 	C:\Users\xpmkm\.gradle\native\53dbd7edfb1c66fb8903c78663c9afc45aea4f116125fa6feffd364cf09443e8\windows-amd64\native-platform-file-events.dll
0x00007ffd69300000 - 0x00007ffd6930a000 	C:\Program Files\Android\Android Studio3\jre\bin\management.dll
0x00007ffd69040000 - 0x00007ffd6904c000 	C:\Program Files\Android\Android Studio3\jre\bin\management_ext.dll
0x00007ffd6cfd0000 - 0x00007ffd6cfe8000 	C:\WINDOWS\SYSTEM32\CRYPTSP.dll
0x00007ffd6c890000 - 0x00007ffd6c8c5000 	C:\WINDOWS\system32\rsaenh.dll
0x00007ffd6ce80000 - 0x00007ffd6cea9000 	C:\WINDOWS\SYSTEM32\USERENV.dll
0x00007ffd6d1c0000 - 0x00007ffd6d1e8000 	C:\WINDOWS\SYSTEM32\bcrypt.dll
0x00007ffd6cff0000 - 0x00007ffd6cffc000 	C:\WINDOWS\SYSTEM32\CRYPTBASE.dll
0x00007ffd6c380000 - 0x00007ffd6c3ad000 	C:\WINDOWS\SYSTEM32\IPHLPAPI.DLL
0x00007ffd6e8f0000 - 0x00007ffd6e8f9000 	C:\WINDOWS\System32\NSI.dll
0x00007ffd67320000 - 0x00007ffd67339000 	C:\WINDOWS\SYSTEM32\dhcpcsvc6.DLL
0x00007ffd672e0000 - 0x00007ffd672fe000 	C:\WINDOWS\SYSTEM32\dhcpcsvc.DLL
0x00007ffd6c3b0000 - 0x00007ffd6c4a1000 	C:\WINDOWS\SYSTEM32\DNSAPI.dll

dbghelp: loaded successfully - version: 4.0.5 - missing functions: none
symbol engine: initialized successfully - sym options: 0x614 - pdb path: .;C:\Program Files\Android\Android Studio3\jre\bin;C:\WINDOWS\SYSTEM32;C:\WINDOWS\WinSxS\amd64_microsoft.windows.common-controls_6595b64144ccf1df_6.0.22471.1000_none_228bc6e77ad112f7;C:\Program Files\Android\Android Studio3\jre\bin\server;C:\Users\xpmkm\.gradle\native\8bec1ad78214c89d9ad589b4d07fe93259594b29d510b10fafb7a158f7737e5d\windows-amd64;C:\Users\xpmkm\.gradle\native\53dbd7edfb1c66fb8903c78663c9afc45aea4f116125fa6feffd364cf09443e8\windows-amd64

VM Arguments:
jvm_args: --add-opens=java.base/java.util=ALL-UNNAMED --add-opens=java.base/java.lang=ALL-UNNAMED --add-opens=java.base/java.lang.invoke=ALL-UNNAMED --add-opens=java.base/java.util=ALL-UNNAMED --add-opens=java.prefs/java.util.prefs=ALL-UNNAMED --add-opens=java.prefs/java.util.prefs=ALL-UNNAMED --add-opens=java.base/java.nio.charset=ALL-UNNAMED --add-opens=java.base/java.net=ALL-UNNAMED --add-opens=java.base/java.util.concurrent.atomic=ALL-UNNAMED -Xmx2048m -Dfile.encoding=UTF-8 -Duser.country=IN -Duser.language=en -Duser.variant 
java_command: org.gradle.launcher.daemon.bootstrap.GradleDaemon 7.0.2
java_class_path (initial): C:\Users\xpmkm\.gradle\wrapper\dists\gradle-7.0.2-bin\857tjihv64xamwrf0h14cai3r\gradle-7.0.2\lib\gradle-launcher-7.0.2.jar
Launcher Type: SUN_STANDARD

[Global flags]
     intx CICompilerCount                          = 4                                         {product} {ergonomic}
     uint ConcGCThreads                            = 2                                         {product} {ergonomic}
     uint G1ConcRefinementThreads                  = 8                                         {product} {ergonomic}
   size_t G1HeapRegionSize                         = 1048576                                   {product} {ergonomic}
    uintx GCDrainStackTargetSize                   = 64                                        {product} {ergonomic}
   size_t InitialHeapSize                          = 132120576                                 {product} {ergonomic}
   size_t MarkStackSize                            = 4194304                                   {product} {ergonomic}
   size_t MaxHeapSize                              = 2147483648                                {product} {command line}
   size_t MaxNewSize                               = 1287651328                                {product} {ergonomic}
   size_t MinHeapDeltaBytes                        = 1048576                                   {product} {ergonomic}
    uintx NonNMethodCodeHeapSize                   = 5836300                                {pd product} {ergonomic}
    uintx NonProfiledCodeHeapSize                  = 122910970                              {pd product} {ergonomic}
    uintx ProfiledCodeHeapSize                     = 122910970                              {pd product} {ergonomic}
    uintx ReservedCodeCacheSize                    = 251658240                              {pd product} {ergonomic}
     bool SegmentedCodeCache                       = true                                      {product} {ergonomic}
     bool UseCompressedClassPointers               = true                                 {lp64_product} {ergonomic}
     bool UseCompressedOops                        = true                                 {lp64_product} {ergonomic}
     bool UseG1GC                                  = true                                      {product} {ergonomic}
     bool UseLargePagesIndividualAllocation        = false                                  {pd product} {ergonomic}

Logging:
Log output configuration:
 #0: stdout all=warning uptime,level,tags
 #1: stderr all=off uptime,level,tags

Environment Variables:
PATH=C:\Program Files (x86)\Common Files\Oracle\Java\javapath;C:\WINDOWS\system32;C:\WINDOWS;C:\WINDOWS\System32\Wbem;C:\WINDOWS\System32\WindowsPowerShell\v1.0\;C:\WINDOWS\System32\OpenSSH\;C:\Program Files\Git\cmd;C:\Program Files\nodejs\;C:\xampp\php;C:\ProgramData\ComposerSetup\bin;C:\Users\xpmkm\AppData\Local\Android\Sdk\platform-tools;C:\Program Files\Java\jdk1.8.0_231\bin;C:\Program Files\opnsl\bin;C:\Users\xpmkm\AppData\Roaming\npm;C:\Users\xpmkm\AppData\Local\Programs\Microsoft VS Code\bin;C:\Program Files\flutter\bin;C:\Users\xpmkm\AppData\Roaming\Composer\vendor\bin;C:\Users\xpmkm\AppData\Local\Microsoft\WindowsApps;
USERNAME=xpmkm
OS=Windows_NT
PROCESSOR_IDENTIFIER=AMD64 Family 23 Model 24 Stepping 1, AuthenticAMD



---------------  S Y S T E M  ---------------

OS: Windows 10 , 64 bit Build 22471 (10.0.22471.1000)
OS uptime: 0 days 0:28 hours

CPU:total 8 (initial active 8) (8 cores per cpu, 2 threads per core) family 23 model 24 stepping 1 microcode 0x0, cmov, cx8, fxsr, mmx, sse, sse2, sse3, ssse3, sse4.1, sse4.2, popcnt, avx, avx2, aes, clmul, mmxext, 3dnowpref, lzcnt, sse4a, ht, tsc, tscinvbit, tscinv, bmi1, bmi2, adx, s

Memory: 4k page, system-wide physical 8002M (581M free)
TotalPageFile size 12098M (AvailPageFile size 39M)
current process WorkingSet (physical memory assigned to process): 496M, peak: 505M
current process commit charge ("private bytes"): 531M, peak: 599M

vm_info: OpenJDK 64-Bit Server VM (11.0.10+0-b96-7249189) for windows-amd64 JRE (11.0.10+0-b96-7249189), built on Mar 31 2021 21:44:00 by "builder" with MS VC++ 14.0 (VS2015)

END.
