#
# There is insufficient memory for the Java Runtime Environment to continue.
# Native memory allocation (mmap) failed to map 63963136 bytes for Failed to commit area from 0x000000008dc00000 to 0x0000000091900000 of length 63963136.
# Possible reasons:
#   The system is out of physical RAM or swap space
#   The process is running with CompressedOops enabled, and the Java Heap may be blocking the growth of the native heap
# Possible solutions:
#   Reduce memory load on the system
#   Increase physical memory or swap space
#   Check if swap backing store is full
#   Decrease Java heap size (-Xmx/-Xms)
#   Decrease number of Java threads
#   Decrease Java thread stack sizes (-Xss)
#   Set larger code cache with -XX:ReservedCodeCacheSize=
#   JVM is running with Unscaled Compressed Oops mode in which the Java heap is
#     placed in the first 4GB address space. The Java Heap base address is the
#     maximum limit for the native heap growth. Please use -XX:HeapBaseMinAddress
#     to set the Java Heap base and to place the Java Heap above 4GB virtual address.
# This output file may be truncated or incomplete.
#
#  Out of Memory Error (./src/hotspot/os/windows/os_windows.cpp:3301), pid=7580, tid=5364
#
# JRE version: OpenJDK Runtime Environment (11.0.10) (build 11.0.10+0-b96-7249189)
# Java VM: OpenJDK 64-Bit Server VM (11.0.10+0-b96-7249189, mixed mode, tiered, compressed oops, g1 gc, windows-amd64)
# No core dump will be written. Minidumps are not enabled by default on client versions of Windows
#

---------------  S U M M A R Y ------------

Command Line: --add-opens=java.base/java.util=ALL-UNNAMED --add-opens=java.base/java.lang=ALL-UNNAMED --add-opens=java.base/java.lang.invoke=ALL-UNNAMED --add-opens=java.base/java.util=ALL-UNNAMED --add-opens=java.prefs/java.util.prefs=ALL-UNNAMED --add-opens=java.prefs/java.util.prefs=ALL-UNNAMED --add-opens=java.base/java.nio.charset=ALL-UNNAMED --add-opens=java.base/java.net=ALL-UNNAMED --add-opens=java.base/java.util.concurrent.atomic=ALL-UNNAMED -Xmx2048m -Dfile.encoding=UTF-8 -Duser.country=IN -Duser.language=en -Duser.variant org.gradle.launcher.daemon.bootstrap.GradleDaemon 7.0.2

Host: AMD Ryzen 5 3550H with Radeon Vega Mobile Gfx  , 8 cores, 7G,  Windows 10 , 64 bit Build 22471 (10.0.22471.1000)
Time: Fri Oct  8 13:15:21 2021 India Standard Time elapsed time: 64.606861 seconds (0d 0h 1m 4s)

---------------  T H R E A D  ---------------

Current thread (0x00000233f2339000):  VMThread "VM Thread" [stack: 0x0000008f3d000000,0x0000008f3d100000] [id=5364]

Stack: [0x0000008f3d000000,0x0000008f3d100000]
[error occurred during error reporting (printing stack bounds), id 0xc0000005, EXCEPTION_ACCESS_VIOLATION (0xc0000005) at pc=0x00000233db1d0f2d]

Native frames: (J=compiled Java code, j=interpreted, Vv=VM code, C=native code)
V  [jvm.dll+0x5ecfaa]
V  [jvm.dll+0x722bd5]
V  [jvm.dll+0x72412d]
V  [jvm.dll+0x724745]
V  [jvm.dll+0x7246fb]
V  [jvm.dll+0x5ec348]
V  [jvm.dll+0x5ecad8]
C  [ntdll.dll+0xa623f]
C  [ntdll.dll+0x65ea9]
C  [ntdll.dll+0xa522e]
C  0x00000233db1d0f2d

VM_Operation (0x0000008f41bf9310): G1CollectForAllocation, mode: safepoint, requested by thread 0x00000233f845f800


---------------  P R O C E S S  ---------------

Threads class SMR info:
_java_thread_list=0x00000233f9aa7820, length=69, elements={
0x00000233d5f03800, 0x00000233f233d000, 0x00000233f2340000, 0x00000233f2cc4800,
0x00000233f2cc5800, 0x00000233f2cc7000, 0x00000233f2ccb800, 0x00000233f2cd0000,
0x00000233f235f000, 0x00000233f2e38800, 0x00000233f500e000, 0x00000233f3ade000,
0x00000233f484e800, 0x00000233f4ee4800, 0x00000233f4eac800, 0x00000233f5465800,
0x00000233f5466000, 0x00000233f5463000, 0x00000233f5460800, 0x00000233f5464800,
0x00000233f5467000, 0x00000233f5461000, 0x00000233f6712000, 0x00000233f6715800,
0x00000233f6714800, 0x00000233f6711800, 0x00000233f6717000, 0x00000233f6713000,
0x00000233f671c000, 0x00000233f671b000, 0x00000233f58e2000, 0x00000233f58e5800,
0x00000233f58e6000, 0x00000233f58e0800, 0x00000233f58e3000, 0x00000233f58e7000,
0x00000233f58e9800, 0x00000233f58e4000, 0x00000233f58e4800, 0x00000233f58eb000,
0x00000233f58ed800, 0x00000233f58e1800, 0x00000233f58ee800, 0x00000233f58ef000,
0x00000233f6716000, 0x00000233f6719800, 0x00000233f6714000, 0x00000233f671f000,
0x00000233f5462000, 0x00000233f5463800, 0x00000233f8459000, 0x00000233f8455000,
0x00000233f8457800, 0x00000233f8458800, 0x00000233f8456000, 0x00000233f845a000,
0x00000233f8454800, 0x00000233f845b800, 0x00000233f845b000, 0x00000233f845c800,
0x00000233f8456800, 0x00000233f8461800, 0x00000233f845f000, 0x00000233f8462000,
0x00000233f8463000, 0x00000233f845d800, 0x00000233f845f800, 0x00000233f845e000,
0x00000233f8460800
}

Java Threads: ( => current thread )
  0x00000233d5f03800 JavaThread "main" [_thread_blocked, id=7528, stack(0x0000008f3ca00000,0x0000008f3cb00000)]
  0x00000233f233d000 JavaThread "Reference Handler" daemon [_thread_blocked, id=12060, stack(0x0000008f3d100000,0x0000008f3d200000)]
  0x00000233f2340000 JavaThread "Finalizer" daemon [_thread_blocked, id=8808, stack(0x0000008f3d200000,0x0000008f3d300000)]
  0x00000233f2cc4800 JavaThread "Signal Dispatcher" daemon [_thread_blocked, id=13868, stack(0x0000008f3d300000,0x0000008f3d400000)]
  0x00000233f2cc5800 JavaThread "Attach Listener" daemon [_thread_blocked, id=9348, stack(0x0000008f3d400000,0x0000008f3d500000)]
  0x00000233f2cc7000 JavaThread "Service Thread" daemon [_thread_blocked, id=9284, stack(0x0000008f3d500000,0x0000008f3d600000)]
  0x00000233f2ccb800 JavaThread "C2 CompilerThread0" daemon [_thread_in_native, id=8920, stack(0x0000008f3d600000,0x0000008f3d700000)]
  0x00000233f2cd0000 JavaThread "C1 CompilerThread0" daemon [_thread_blocked, id=14664, stack(0x0000008f3d700000,0x0000008f3d800000)]
  0x00000233f235f000 JavaThread "Sweeper thread" daemon [_thread_blocked, id=7200, stack(0x0000008f3d800000,0x0000008f3d900000)]
  0x00000233f2e38800 JavaThread "Common-Cleaner" daemon [_thread_blocked, id=13420, stack(0x0000008f3d900000,0x0000008f3da00000)]
  0x00000233f500e000 JavaThread "Daemon health stats" [_thread_blocked, id=11856, stack(0x0000008f3df00000,0x0000008f3e000000)]
  0x00000233f3ade000 JavaThread "Incoming local TCP Connector on port 63114" [_thread_in_native, id=12084, stack(0x0000008f3db00000,0x0000008f3dc00000)]
  0x00000233f484e800 JavaThread "Daemon periodic checks" [_thread_blocked, id=14068, stack(0x0000008f3de00000,0x0000008f3df00000)]
  0x00000233f4ee4800 JavaThread "Daemon" [_thread_blocked, id=2112, stack(0x0000008f3e000000,0x0000008f3e100000)]
  0x00000233f4eac800 JavaThread "Daemon worker" [_thread_blocked, id=13824, stack(0x0000008f3e300000,0x0000008f3e400000)]
  0x00000233f5465800 JavaThread "Cache worker for file hash cache (C:\Users\xpmkm\.gradle\caches\7.0.2\fileHashes)" [_thread_blocked, id=14588, stack(0x0000008f3ec00000,0x0000008f3ed00000)]
  0x00000233f5466000 JavaThread "File lock request listener" [_thread_in_native, id=6988, stack(0x0000008f3ed00000,0x0000008f3ee00000)]
  0x00000233f5463000 JavaThread "Cache worker for journal cache (C:\Users\xpmkm\.gradle\caches\journal-1)" [_thread_blocked, id=13428, stack(0x0000008f3ef00000,0x0000008f3f000000)]
  0x00000233f5460800 JavaThread "File watcher server" daemon [_thread_blocked, id=10620, stack(0x0000008f3f200000,0x0000008f3f300000)]
  0x00000233f5464800 JavaThread "File watcher consumer" daemon [_thread_blocked, id=4628, stack(0x0000008f3f300000,0x0000008f3f400000)]
  0x00000233f5467000 JavaThread "jar transforms" [_thread_blocked, id=12356, stack(0x0000008f3f400000,0x0000008f3f500000)]
  0x00000233f5461000 JavaThread "jar transforms Thread 2" [_thread_blocked, id=11820, stack(0x0000008f3f500000,0x0000008f3f600000)]
  0x00000233f6712000 JavaThread "jar transforms Thread 3" [_thread_blocked, id=4852, stack(0x0000008f3f600000,0x0000008f3f700000)]
  0x00000233f6715800 JavaThread "jar transforms Thread 4" [_thread_blocked, id=1972, stack(0x0000008f3f700000,0x0000008f3f800000)]
  0x00000233f6714800 JavaThread "jar transforms Thread 5" [_thread_blocked, id=8280, stack(0x0000008f3f800000,0x0000008f3f900000)]
  0x00000233f6711800 JavaThread "jar transforms Thread 6" [_thread_blocked, id=9152, stack(0x0000008f3f900000,0x0000008f3fa00000)]
  0x00000233f6717000 JavaThread "jar transforms Thread 7" [_thread_blocked, id=3388, stack(0x0000008f3fb00000,0x0000008f3fc00000)]
  0x00000233f6713000 JavaThread "jar transforms Thread 8" [_thread_blocked, id=3032, stack(0x0000008f3fc00000,0x0000008f3fd00000)]
  0x00000233f671c000 JavaThread "Cache worker for execution history cache (C:\Users\xpmkm\.gradle\caches\7.0.2\executionHistory)" [_thread_blocked, id=15940, stack(0x0000008f40000000,0x0000008f40100000)]
  0x00000233f671b000 JavaThread "Cache worker for file content cache (C:\Users\xpmkm\.gradle\caches\7.0.2\fileContent)" [_thread_blocked, id=6040, stack(0x0000008f40100000,0x0000008f40200000)]
  0x00000233f58e2000 JavaThread "Memory manager" [_thread_blocked, id=12044, stack(0x0000008f3fa00000,0x0000008f3fb00000)]
  0x00000233f58e5800 JavaThread "Handler for socket connection from /127.0.0.1:63114 to /127.0.0.1:56573" [_thread_in_native, id=2780, stack(0x0000008f3e400000,0x0000008f3e500000)]
  0x00000233f58e6000 JavaThread "Cancel handler" [_thread_blocked, id=4224, stack(0x0000008f3e500000,0x0000008f3e600000)]
  0x00000233f58e0800 JavaThread "Asynchronous log dispatcher for DefaultDaemonConnection: socket connection from /127.0.0.1:63114 to /127.0.0.1:56573" [_thread_blocked, id=6444, stack(0x0000008f3e600000,0x0000008f3e700000)]
  0x00000233f58e3000 JavaThread "Stdin handler" [_thread_blocked, id=852, stack(0x0000008f3f000000,0x0000008f3f100000)]
  0x00000233f58e7000 JavaThread "Daemon client event forwarder" [_thread_blocked, id=9912, stack(0x0000008f3f100000,0x0000008f3f200000)]
  0x00000233f58e9800 JavaThread "Cache worker for file hash cache (C:\Users\xpmkm\Desktop\update_code_vezilla-server\codecanyon-L2GSbXtH-dairy-products-grocery-daily-milk-delivery-mobile-app-with-subscription-customer-app-delivery\test-vezilla-android-workspace\.gradle\7.0.2\fileHashes)" [_thread_blocked, id=12264, stack(0x0000008f3fe00000,0x0000008f3ff00000)]
  0x00000233f58e4000 JavaThread "Cache worker for checksums cache (C:\Users\xpmkm\Desktop\update_code_vezilla-server\codecanyon-L2GSbXtH-dairy-products-grocery-daily-milk-delivery-mobile-app-with-subscription-customer-app-delivery\test-vezilla-android-workspace\.gradle\checksums)" [_thread_blocked, id=8504, stack(0x0000008f3ff00000,0x0000008f40000000)]
  0x00000233f58e4800 JavaThread "Cache worker for cache directory md-supplier (C:\Users\xpmkm\.gradle\caches\7.0.2\md-supplier)" [_thread_blocked, id=15912, stack(0x0000008f40200000,0x0000008f40300000)]
  0x00000233f58eb000 JavaThread "Cache worker for cache directory md-rule (C:\Users\xpmkm\.gradle\caches\7.0.2\md-rule)" [_thread_blocked, id=3168, stack(0x0000008f40300000,0x0000008f40400000)]
  0x00000233f58ed800 JavaThread "Cache worker for dependencies-accessors (C:\Users\xpmkm\Desktop\update_code_vezilla-server\codecanyon-L2GSbXtH-dairy-products-grocery-daily-milk-delivery-mobile-app-with-subscription-customer-app-delivery\test-vezilla-android-workspace\.gradle\7.0.2\dependencies-accessors)" [_thread_blocked, id=12956, stack(0x0000008f40400000,0x0000008f40500000)]
  0x00000233f58e1800 JavaThread "Cache worker for Build Output Cleanup Cache (C:\Users\xpmkm\Desktop\update_code_vezilla-server\codecanyon-L2GSbXtH-dairy-products-grocery-daily-milk-delivery-mobile-app-with-subscription-customer-app-delivery\test-vezilla-android-workspace\.gradle\buildOutputCleanup)" [_thread_blocked, id=6320, stack(0x0000008f40500000,0x0000008f40600000)]
  0x00000233f58ee800 JavaThread "Build operations" [_thread_blocked, id=5348, stack(0x0000008f40600000,0x0000008f40700000)]
  0x00000233f58ef000 JavaThread "Build operations Thread 2" [_thread_blocked, id=14404, stack(0x0000008f40700000,0x0000008f40800000)]
  0x00000233f6716000 JavaThread "Build operations Thread 3" [_thread_blocked, id=13076, stack(0x0000008f40800000,0x0000008f40900000)]
  0x00000233f6719800 JavaThread "Build operations Thread 4" [_thread_blocked, id=12540, stack(0x0000008f40900000,0x0000008f40a00000)]
  0x00000233f6714000 JavaThread "Build operations Thread 5" [_thread_blocked, id=4444, stack(0x0000008f40a00000,0x0000008f40b00000)]
  0x00000233f671f000 JavaThread "Build operations Thread 6" [_thread_blocked, id=8560, stack(0x0000008f40b00000,0x0000008f40c00000)]
  0x00000233f5462000 JavaThread "Build operations Thread 7" [_thread_blocked, id=6948, stack(0x0000008f40c00000,0x0000008f40d00000)]
  0x00000233f5463800 JavaThread "Build operations Thread 8" [_thread_blocked, id=7404, stack(0x0000008f40e00000,0x0000008f40f00000)]
  0x00000233f8459000 JavaThread "build event listener" [_thread_blocked, id=13892, stack(0x0000008f3c700000,0x0000008f3c800000)]
  0x00000233f8455000 JavaThread "Execution worker for ':'" [_thread_blocked, id=3724, stack(0x0000008f3c800000,0x0000008f3c900000)]
  0x00000233f8457800 JavaThread "Execution worker for ':' Thread 2" [_thread_blocked, id=9788, stack(0x0000008f3c900000,0x0000008f3ca00000)]
  0x00000233f8458800 JavaThread "Execution worker for ':' Thread 3" [_thread_blocked, id=11400, stack(0x0000008f40f00000,0x0000008f41000000)]
  0x00000233f8456000 JavaThread "Execution worker for ':' Thread 4" [_thread_blocked, id=8416, stack(0x0000008f41000000,0x0000008f41100000)]
  0x00000233f845a000 JavaThread "Execution worker for ':' Thread 5" [_thread_blocked, id=13888, stack(0x0000008f41100000,0x0000008f41200000)]
  0x00000233f8454800 JavaThread "Execution worker for ':' Thread 6" [_thread_blocked, id=14884, stack(0x0000008f41200000,0x0000008f41300000)]
  0x00000233f845b800 JavaThread "Execution worker for ':' Thread 7" [_thread_blocked, id=11784, stack(0x0000008f41300000,0x0000008f41400000)]
  0x00000233f845b000 JavaThread "Cache worker for execution history cache (C:\Users\xpmkm\Desktop\update_code_vezilla-server\codecanyon-L2GSbXtH-dairy-products-grocery-daily-milk-delivery-mobile-app-with-subscription-customer-app-delivery\test-vezilla-android-workspace\.gradle\7.0.2\executionHistory)" [_thread_blocked, id=16088, stack(0x0000008f41400000,0x0000008f41500000)]
  0x00000233f845c800 JavaThread "WorkerExecutor Queue" [_thread_blocked, id=6896, stack(0x0000008f3fd00000,0x0000008f3fe00000)]
  0x00000233f8456800 JavaThread "C2 CompilerThread1" daemon [_thread_in_native, id=15816, stack(0x0000008f41500000,0x0000008f41600000)]
  0x00000233f8461800 JavaThread "WorkerExecutor Queue Thread 2" [_thread_blocked, id=12396, stack(0x0000008f41600000,0x0000008f41700000)]
  0x00000233f845f000 JavaThread "WorkerExecutor Queue Thread 3" [_thread_blocked, id=5304, stack(0x0000008f41700000,0x0000008f41800000)]
  0x00000233f8462000 JavaThread "WorkerExecutor Queue Thread 4" [_thread_blocked, id=13496, stack(0x0000008f41800000,0x0000008f41900000)]
  0x00000233f8463000 JavaThread "WorkerExecutor Queue Thread 5" [_thread_blocked, id=2616, stack(0x0000008f41900000,0x0000008f41a00000)]
  0x00000233f845d800 JavaThread "WorkerExecutor Queue Thread 6" [_thread_blocked, id=11872, stack(0x0000008f41a00000,0x0000008f41b00000)]
  0x00000233f845f800 JavaThread "WorkerExecutor Queue Thread 7" [_thread_blocked, id=8716, stack(0x0000008f41b00000,0x0000008f41c00000)]
  0x00000233f845e000 JavaThread "WorkerExecutor Queue Thread 8" [_thread_blocked, id=14620, stack(0x0000008f41c00000,0x0000008f41d00000)]
  0x00000233f8460800 JavaThread "WorkerExecutor Queue Thread 9" [_thread_blocked, id=1256, stack(0x0000008f41d00000,0x0000008f41e00000)]

Other Threads:
=>0x00000233f2339000 VMThread "VM Thread" [stack: 0x0000008f3d000000,0x0000008f3d100000] [id=5364]
  0x00000233f2e78000 WatcherThread [stack: 0x0000008f3da00000,0x0000008f3db00000] [id=14584]
  0x00000233d5f1e000 GCTaskThread "GC Thread#0" [stack: 0x0000008f3cb00000,0x0000008f3cc00000] [id=1264]
  0x00000233f3171000 GCTaskThread "GC Thread#1" [stack: 0x0000008f3dc00000,0x0000008f3dd00000] [id=6052]
  0x00000233f34a6000 GCTaskThread "GC Thread#2" [stack: 0x0000008f3dd00000,0x0000008f3de00000] [id=13448]
  0x00000233f5d52800 GCTaskThread "GC Thread#3" [stack: 0x0000008f3e700000,0x0000008f3e800000] [id=2096]
  0x00000233f5da3000 GCTaskThread "GC Thread#4" [stack: 0x0000008f3e800000,0x0000008f3e900000] [id=7680]
  0x00000233f413e000 GCTaskThread "GC Thread#5" [stack: 0x0000008f3e900000,0x0000008f3ea00000] [id=14648]
  0x00000233f4e25000 GCTaskThread "GC Thread#6" [stack: 0x0000008f3ea00000,0x0000008f3eb00000] [id=8720]
  0x00000233f5170800 GCTaskThread "GC Thread#7" [stack: 0x0000008f3eb00000,0x0000008f3ec00000] [id=15348]
  0x00000233d5f51000 ConcurrentGCThread "G1 Main Marker" [stack: 0x0000008f3cc00000,0x0000008f3cd00000] [id=6528]
  0x00000233d5f52800 ConcurrentGCThread "G1 Conc#0" [stack: 0x0000008f3cd00000,0x0000008f3ce00000] [id=4544]
  0x00000233f478e000 ConcurrentGCThread "G1 Conc#1" [stack: 0x0000008f3ee00000,0x0000008f3ef00000] [id=10236]
  0x00000233f2187800 ConcurrentGCThread "G1 Refine#0" [stack: 0x0000008f3ce00000,0x0000008f3cf00000] [id=3960]
  0x00000233f2188000 ConcurrentGCThread "G1 Young RemSet Sampling" [stack: 0x0000008f3cf00000,0x0000008f3d000000] [id=10852]

Threads with active compile tasks:
C2 CompilerThread0  64626 15213       4       org.gradle.internal.Actions$CompositeAction::execute (40 bytes)
C2 CompilerThread1  64626 15077       4       org.gradle.internal.fingerprint.classpath.impl.ClasspathFingerprintingStrategy$ClasspathFingerprintingVisitor$1::visitRegularFile (132 bytes)

VM state:at safepoint (normal execution)

VM Mutex/Monitor currently owned by a thread:  ([mutex/lock_event])
[0x00000233d5f00180] Threads_lock - owner thread: 0x00000233f2339000
[0x00000233d5eff520] Heap_lock - owner thread: 0x00000233f845f800

Heap address: 0x0000000080000000, size: 2048 MB, Compressed Oops mode: 32-bit
Narrow klass base: 0x0000000000000000, Narrow klass shift: 3
Compressed class space size: 1073741824 Address: 0x0000000100000000

Heap:
 garbage-first heap   total 287744K, used 186586K [0x0000000080000000, 0x0000000100000000)
  region size 1024K, 2 young (2048K), 2 survivors (2048K)
 Metaspace       used 111324K, capacity 114770K, committed 114816K, reserved 1148928K
  class space    used 14197K, capacity 15446K, committed 15488K, reserved 1048576K
Heap Regions: E=young(eden), S=young(survivor), O=old, HS=humongous(starts), HC=humongous(continues), CS=collection set, F=free, A=archive, TAMS=top-at-mark-start (previous, next)
|   0|0x0000000080000000, 0x0000000080100000, 0x0000000080100000|100%| O|  |TAMS 0x0000000080100000, 0x0000000080000000| Updating 
|   1|0x0000000080100000, 0x0000000080200000, 0x0000000080200000|100%| O|  |TAMS 0x0000000080200000, 0x0000000080100000| Updating 
|   2|0x0000000080200000, 0x0000000080300000, 0x0000000080300000|100%| O|  |TAMS 0x0000000080300000, 0x0000000080200000| Updating 
|   3|0x0000000080300000, 0x0000000080400000, 0x0000000080400000|100%|HS|  |TAMS 0x0000000080400000, 0x0000000080300000| Complete 
|   4|0x0000000080400000, 0x0000000080500000, 0x0000000080500000|100%|HC|  |TAMS 0x0000000080500000, 0x0000000080400000| Complete 
|   5|0x0000000080500000, 0x0000000080600000, 0x0000000080600000|100%|HC|  |TAMS 0x0000000080600000, 0x0000000080500000| Complete 
|   6|0x0000000080600000, 0x0000000080700000, 0x0000000080700000|100%| O|  |TAMS 0x0000000080700000, 0x0000000080600000| Updating 
|   7|0x0000000080700000, 0x0000000080800000, 0x0000000080800000|100%| O|  |TAMS 0x0000000080800000, 0x0000000080700000| Updating 
|   8|0x0000000080800000, 0x0000000080900000, 0x0000000080900000|100%| O|  |TAMS 0x0000000080900000, 0x0000000080800000| Updating 
|   9|0x0000000080900000, 0x0000000080a00000, 0x0000000080a00000|100%| O|  |TAMS 0x0000000080a00000, 0x0000000080900000| Updating 
|  10|0x0000000080a00000, 0x0000000080b00000, 0x0000000080b00000|100%| O|  |TAMS 0x0000000080b00000, 0x0000000080a00000| Updating 
|  11|0x0000000080b00000, 0x0000000080c00000, 0x0000000080c00000|100%| O|  |TAMS 0x0000000080c00000, 0x0000000080b00000| Updating 
|  12|0x0000000080c00000, 0x0000000080d00000, 0x0000000080d00000|100%| O|  |TAMS 0x0000000080d00000, 0x0000000080c00000| Updating 
|  13|0x0000000080d00000, 0x0000000080e00000, 0x0000000080e00000|100%| O|  |TAMS 0x0000000080e00000, 0x0000000080d00000| Updating 
|  14|0x0000000080e00000, 0x0000000080f00000, 0x0000000080f00000|100%| O|  |TAMS 0x0000000080f00000, 0x0000000080e00000| Updating 
|  15|0x0000000080f00000, 0x0000000081000000, 0x0000000081000000|100%| O|  |TAMS 0x0000000081000000, 0x0000000080f00000| Updating 
|  16|0x0000000081000000, 0x0000000081100000, 0x0000000081100000|100%|HS|  |TAMS 0x0000000081100000, 0x0000000081000000| Complete 
|  17|0x0000000081100000, 0x0000000081200000, 0x0000000081200000|100%|HC|  |TAMS 0x0000000081200000, 0x0000000081100000| Complete 
|  18|0x0000000081200000, 0x0000000081300000, 0x0000000081300000|100%|HS|  |TAMS 0x0000000081300000, 0x0000000081200000| Complete 
|  19|0x0000000081300000, 0x0000000081400000, 0x0000000081400000|100%|HC|  |TAMS 0x0000000081400000, 0x0000000081300000| Complete 
|  20|0x0000000081400000, 0x0000000081500000, 0x0000000081500000|100%|HC|  |TAMS 0x0000000081500000, 0x0000000081400000| Complete 
|  21|0x0000000081500000, 0x0000000081600000, 0x0000000081600000|100%|HS|  |TAMS 0x0000000081600000, 0x0000000081500000| Complete 
|  22|0x0000000081600000, 0x0000000081700000, 0x0000000081700000|100%|HC|  |TAMS 0x0000000081700000, 0x0000000081600000| Complete 
|  23|0x0000000081700000, 0x0000000081800000, 0x0000000081800000|100%|HC|  |TAMS 0x0000000081800000, 0x0000000081700000| Complete 
|  24|0x0000000081800000, 0x0000000081900000, 0x0000000081900000|100%|HC|  |TAMS 0x0000000081900000, 0x0000000081800000| Complete 
|  25|0x0000000081900000, 0x0000000081a00000, 0x0000000081a00000|100%|HC|  |TAMS 0x0000000081a00000, 0x0000000081900000| Complete 
|  26|0x0000000081a00000, 0x0000000081b00000, 0x0000000081b00000|100%|HS|  |TAMS 0x0000000081b00000, 0x0000000081a00000| Complete 
|  27|0x0000000081b00000, 0x0000000081c00000, 0x0000000081c00000|100%|HC|  |TAMS 0x0000000081c00000, 0x0000000081b00000| Complete 
|  28|0x0000000081c00000, 0x0000000081d00000, 0x0000000081d00000|100%|HC|  |TAMS 0x0000000081d00000, 0x0000000081c00000| Complete 
|  29|0x0000000081d00000, 0x0000000081e00000, 0x0000000081e00000|100%| O|  |TAMS 0x0000000081e00000, 0x0000000081d00000| Updating 
|  30|0x0000000081e00000, 0x0000000081f00000, 0x0000000081f00000|100%| O|  |TAMS 0x0000000081f00000, 0x0000000081e00000| Updating 
|  31|0x0000000081f00000, 0x0000000082000000, 0x0000000082000000|100%| O|  |TAMS 0x0000000082000000, 0x0000000081f00000| Updating 
|  32|0x0000000082000000, 0x0000000082100000, 0x0000000082100000|100%| O|  |TAMS 0x0000000082100000, 0x0000000082000000| Updating 
|  33|0x0000000082100000, 0x0000000082200000, 0x0000000082200000|100%| O|  |TAMS 0x0000000082200000, 0x0000000082100000| Updating 
|  34|0x0000000082200000, 0x0000000082300000, 0x0000000082300000|100%| O|  |TAMS 0x0000000082300000, 0x0000000082200000| Updating 
|  35|0x0000000082300000, 0x0000000082400000, 0x0000000082400000|100%| O|  |TAMS 0x0000000082400000, 0x0000000082300000| Updating 
|  36|0x0000000082400000, 0x0000000082500000, 0x0000000082500000|100%| O|  |TAMS 0x0000000082500000, 0x0000000082400000| Updating 
|  37|0x0000000082500000, 0x0000000082600000, 0x0000000082600000|100%|HS|  |TAMS 0x0000000082600000, 0x0000000082500000| Complete 
|  38|0x0000000082600000, 0x0000000082700000, 0x0000000082700000|100%|HC|  |TAMS 0x0000000082700000, 0x0000000082600000| Complete 
|  39|0x0000000082700000, 0x0000000082800000, 0x0000000082800000|100%|HC|  |TAMS 0x0000000082800000, 0x0000000082700000| Complete 
|  40|0x0000000082800000, 0x0000000082900000, 0x0000000082900000|100%|HC|  |TAMS 0x0000000082900000, 0x0000000082800000| Complete 
|  41|0x0000000082900000, 0x0000000082a00000, 0x0000000082a00000|100%|HC|  |TAMS 0x0000000082a00000, 0x0000000082900000| Complete 
|  42|0x0000000082a00000, 0x0000000082b00000, 0x0000000082b00000|100%| O|  |TAMS 0x0000000082b00000, 0x0000000082a00000| Updating 
|  43|0x0000000082b00000, 0x0000000082c00000, 0x0000000082c00000|100%| O|  |TAMS 0x0000000082c00000, 0x0000000082b00000| Updating 
|  44|0x0000000082c00000, 0x0000000082d00000, 0x0000000082d00000|100%| O|  |TAMS 0x0000000082d00000, 0x0000000082c00000| Updating 
|  45|0x0000000082d00000, 0x0000000082e00000, 0x0000000082e00000|100%| O|  |TAMS 0x0000000082e00000, 0x0000000082d00000| Updating 
|  46|0x0000000082e00000, 0x0000000082f00000, 0x0000000082f00000|100%| O|  |TAMS 0x0000000082f00000, 0x0000000082e00000| Updating 
|  47|0x0000000082f00000, 0x0000000083000000, 0x0000000083000000|100%| O|  |TAMS 0x0000000083000000, 0x0000000082f00000| Updating 
|  48|0x0000000083000000, 0x0000000083100000, 0x0000000083100000|100%| O|  |TAMS 0x0000000083100000, 0x0000000083000000| Updating 
|  49|0x0000000083100000, 0x0000000083200000, 0x0000000083200000|100%| O|  |TAMS 0x0000000083200000, 0x0000000083100000| Updating 
|  50|0x0000000083200000, 0x0000000083300000, 0x0000000083300000|100%| O|  |TAMS 0x0000000083300000, 0x0000000083200000| Updating 
|  51|0x0000000083300000, 0x0000000083400000, 0x0000000083400000|100%| O|  |TAMS 0x0000000083400000, 0x0000000083300000| Updating 
|  52|0x0000000083400000, 0x0000000083500000, 0x0000000083500000|100%| O|  |TAMS 0x0000000083500000, 0x0000000083400000| Updating 
|  53|0x0000000083500000, 0x0000000083600000, 0x0000000083600000|100%| O|  |TAMS 0x0000000083600000, 0x0000000083500000| Updating 
|  54|0x0000000083600000, 0x0000000083700000, 0x0000000083700000|100%|HS|  |TAMS 0x0000000083700000, 0x0000000083600000| Complete 
|  55|0x0000000083700000, 0x0000000083800000, 0x0000000083800000|100%|HS|  |TAMS 0x0000000083800000, 0x0000000083700000| Complete 
|  56|0x0000000083800000, 0x0000000083900000, 0x0000000083900000|100%|HS|  |TAMS 0x0000000083900000, 0x0000000083800000| Complete 
|  57|0x0000000083900000, 0x0000000083a00000, 0x0000000083a00000|100%|HC|  |TAMS 0x0000000083a00000, 0x0000000083900000| Complete 
|  58|0x0000000083a00000, 0x0000000083b00000, 0x0000000083b00000|100%| O|  |TAMS 0x0000000083b00000, 0x0000000083a00000| Updating 
|  59|0x0000000083b00000, 0x0000000083c00000, 0x0000000083c00000|100%| O|  |TAMS 0x0000000083c00000, 0x0000000083b00000| Updating 
|  60|0x0000000083c00000, 0x0000000083d00000, 0x0000000083d00000|100%| O|  |TAMS 0x0000000083d00000, 0x0000000083c00000| Updating 
|  61|0x0000000083d00000, 0x0000000083e00000, 0x0000000083e00000|100%| O|  |TAMS 0x0000000083e00000, 0x0000000083d00000| Updating 
|  62|0x0000000083e00000, 0x0000000083f00000, 0x0000000083f00000|100%| O|  |TAMS 0x0000000083f00000, 0x0000000083e00000| Updating 
|  63|0x0000000083f00000, 0x0000000084000000, 0x0000000084000000|100%| O|  |TAMS 0x0000000084000000, 0x0000000083f00000| Updating 
|  64|0x0000000084000000, 0x0000000084100000, 0x0000000084100000|100%| O|  |TAMS 0x0000000084100000, 0x0000000084000000| Updating 
|  65|0x0000000084100000, 0x0000000084200000, 0x0000000084200000|100%| O|  |TAMS 0x0000000084200000, 0x0000000084100000| Updating 
|  66|0x0000000084200000, 0x0000000084300000, 0x0000000084300000|100%| O|  |TAMS 0x0000000084300000, 0x0000000084200000| Updating 
|  67|0x0000000084300000, 0x0000000084400000, 0x0000000084400000|100%| O|  |TAMS 0x0000000084400000, 0x0000000084300000| Updating 
|  68|0x0000000084400000, 0x0000000084500000, 0x0000000084500000|100%| O|  |TAMS 0x0000000084500000, 0x0000000084400000| Updating 
|  69|0x0000000084500000, 0x0000000084600000, 0x0000000084600000|100%| O|  |TAMS 0x0000000084600000, 0x0000000084500000| Updating 
|  70|0x0000000084600000, 0x0000000084700000, 0x0000000084700000|100%| O|  |TAMS 0x0000000084700000, 0x0000000084600000| Updating 
|  71|0x0000000084700000, 0x0000000084800000, 0x0000000084800000|100%| O|  |TAMS 0x0000000084800000, 0x0000000084700000| Updating 
|  72|0x0000000084800000, 0x0000000084900000, 0x0000000084900000|100%| O|  |TAMS 0x0000000084900000, 0x0000000084800000| Updating 
|  73|0x0000000084900000, 0x0000000084a00000, 0x0000000084a00000|100%| O|  |TAMS 0x0000000084a00000, 0x0000000084900000| Updating 
|  74|0x0000000084a00000, 0x0000000084b00000, 0x0000000084b00000|100%| O|  |TAMS 0x0000000084b00000, 0x0000000084a00000| Updating 
|  75|0x0000000084b00000, 0x0000000084c00000, 0x0000000084c00000|100%| O|  |TAMS 0x0000000084c00000, 0x0000000084b00000| Updating 
|  76|0x0000000084c00000, 0x0000000084d00000, 0x0000000084d00000|100%| O|  |TAMS 0x0000000084d00000, 0x0000000084c00000| Updating 
|  77|0x0000000084d00000, 0x0000000084e00000, 0x0000000084e00000|100%| O|  |TAMS 0x0000000084e00000, 0x0000000084d00000| Updating 
|  78|0x0000000084e00000, 0x0000000084f00000, 0x0000000084f00000|100%| O|  |TAMS 0x0000000084f00000, 0x0000000084e00000| Updating 
|  79|0x0000000084f00000, 0x0000000085000000, 0x0000000085000000|100%| O|  |TAMS 0x0000000085000000, 0x0000000084f00000| Updating 
|  80|0x0000000085000000, 0x0000000085100000, 0x0000000085100000|100%| O|  |TAMS 0x0000000085100000, 0x0000000085000000| Updating 
|  81|0x0000000085100000, 0x0000000085200000, 0x0000000085200000|100%| O|  |TAMS 0x0000000085200000, 0x0000000085100000| Updating 
|  82|0x0000000085200000, 0x0000000085300000, 0x0000000085300000|100%| O|  |TAMS 0x0000000085300000, 0x0000000085200000| Updating 
|  83|0x0000000085300000, 0x0000000085400000, 0x0000000085400000|100%| O|  |TAMS 0x0000000085400000, 0x0000000085300000| Updating 
|  84|0x0000000085400000, 0x0000000085500000, 0x0000000085500000|100%| O|  |TAMS 0x0000000085500000, 0x0000000085400000| Updating 
|  85|0x0000000085500000, 0x0000000085600000, 0x0000000085600000|100%| O|  |TAMS 0x0000000085600000, 0x0000000085500000| Updating 
|  86|0x0000000085600000, 0x0000000085700000, 0x0000000085700000|100%| O|  |TAMS 0x0000000085700000, 0x0000000085600000| Updating 
|  87|0x0000000085700000, 0x0000000085800000, 0x0000000085800000|100%| O|  |TAMS 0x0000000085800000, 0x0000000085700000| Updating 
|  88|0x0000000085800000, 0x0000000085900000, 0x0000000085900000|100%| O|  |TAMS 0x0000000085900000, 0x0000000085800000| Updating 
|  89|0x0000000085900000, 0x0000000085a00000, 0x0000000085a00000|100%| O|  |TAMS 0x0000000085a00000, 0x0000000085900000| Updating 
|  90|0x0000000085a00000, 0x0000000085b00000, 0x0000000085b00000|100%| O|  |TAMS 0x0000000085b00000, 0x0000000085a00000| Updating 
|  91|0x0000000085b00000, 0x0000000085c00000, 0x0000000085c00000|100%| O|  |TAMS 0x0000000085c00000, 0x0000000085b00000| Updating 
|  92|0x0000000085c00000, 0x0000000085d00000, 0x0000000085d00000|100%| O|  |TAMS 0x0000000085d00000, 0x0000000085c00000| Updating 
|  93|0x0000000085d00000, 0x0000000085e00000, 0x0000000085e00000|100%| O|  |TAMS 0x0000000085e00000, 0x0000000085d00000| Updating 
|  94|0x0000000085e00000, 0x0000000085f00000, 0x0000000085f00000|100%| O|  |TAMS 0x0000000085f00000, 0x0000000085e00000| Updating 
|  95|0x0000000085f00000, 0x0000000086000000, 0x0000000086000000|100%| O|  |TAMS 0x0000000086000000, 0x0000000085f00000| Updating 
|  96|0x0000000086000000, 0x0000000086100000, 0x0000000086100000|100%| O|  |TAMS 0x0000000086100000, 0x0000000086000000| Updating 
|  97|0x0000000086100000, 0x0000000086200000, 0x0000000086200000|100%| O|  |TAMS 0x0000000086200000, 0x0000000086100000| Updating 
|  98|0x0000000086200000, 0x0000000086300000, 0x0000000086300000|100%| O|  |TAMS 0x0000000086300000, 0x0000000086200000| Updating 
|  99|0x0000000086300000, 0x0000000086400000, 0x0000000086400000|100%| O|  |TAMS 0x0000000086400000, 0x0000000086300000| Updating 
| 100|0x0000000086400000, 0x0000000086500000, 0x0000000086500000|100%| O|  |TAMS 0x0000000086500000, 0x0000000086400000| Updating 
| 101|0x0000000086500000, 0x0000000086600000, 0x0000000086600000|100%| O|  |TAMS 0x0000000086600000, 0x0000000086500000| Updating 
| 102|0x0000000086600000, 0x0000000086700000, 0x0000000086700000|100%| O|  |TAMS 0x0000000086700000, 0x0000000086600000| Updating 
| 103|0x0000000086700000, 0x0000000086800000, 0x0000000086800000|100%| O|  |TAMS 0x0000000086800000, 0x0000000086700000| Updating 
| 104|0x0000000086800000, 0x0000000086900000, 0x0000000086900000|100%| O|  |TAMS 0x0000000086900000, 0x0000000086800000| Updating 
| 105|0x0000000086900000, 0x0000000086a00000, 0x0000000086a00000|100%| O|  |TAMS 0x0000000086a00000, 0x0000000086900000| Updating 
| 106|0x0000000086a00000, 0x0000000086b00000, 0x0000000086b00000|100%| O|  |TAMS 0x0000000086b00000, 0x0000000086a00000| Updating 
| 107|0x0000000086b00000, 0x0000000086c00000, 0x0000000086c00000|100%| O|  |TAMS 0x0000000086c00000, 0x0000000086b00000| Updating 
| 108|0x0000000086c00000, 0x0000000086d00000, 0x0000000086d00000|100%| O|  |TAMS 0x0000000086d00000, 0x0000000086c00000| Updating 
| 109|0x0000000086d00000, 0x0000000086e00000, 0x0000000086e00000|100%| O|  |TAMS 0x0000000086e00000, 0x0000000086d00000| Updating 
| 110|0x0000000086e00000, 0x0000000086f00000, 0x0000000086f00000|100%|HS|  |TAMS 0x0000000086f00000, 0x0000000086e00000| Complete 
| 111|0x0000000086f00000, 0x0000000087000000, 0x0000000087000000|100%|HC|  |TAMS 0x0000000087000000, 0x0000000086f00000| Complete 
| 112|0x0000000087000000, 0x0000000087100000, 0x0000000087100000|100%| O|  |TAMS 0x0000000087100000, 0x0000000087000000| Updating 
| 113|0x0000000087100000, 0x0000000087200000, 0x0000000087200000|100%| O|  |TAMS 0x0000000087200000, 0x0000000087100000| Updating 
| 114|0x0000000087200000, 0x0000000087300000, 0x0000000087300000|100%| O|  |TAMS 0x0000000087300000, 0x0000000087200000| Updating 
| 115|0x0000000087300000, 0x0000000087400000, 0x0000000087400000|100%| O|  |TAMS 0x0000000087400000, 0x0000000087300000| Updating 
| 116|0x0000000087400000, 0x0000000087500000, 0x0000000087500000|100%| O|  |TAMS 0x0000000087500000, 0x0000000087400000| Updating 
| 117|0x0000000087500000, 0x0000000087600000, 0x0000000087600000|100%| O|  |TAMS 0x0000000087600000, 0x0000000087500000| Updating 
| 118|0x0000000087600000, 0x0000000087700000, 0x0000000087700000|100%| O|  |TAMS 0x0000000087700000, 0x0000000087600000| Updating 
| 119|0x0000000087700000, 0x0000000087800000, 0x0000000087800000|100%| O|  |TAMS 0x0000000087800000, 0x0000000087700000| Updating 
| 120|0x0000000087800000, 0x0000000087900000, 0x0000000087900000|100%| O|  |TAMS 0x0000000087900000, 0x0000000087800000| Updating 
| 121|0x0000000087900000, 0x0000000087a00000, 0x0000000087a00000|100%| O|  |TAMS 0x0000000087a00000, 0x0000000087900000| Updating 
| 122|0x0000000087a00000, 0x0000000087b00000, 0x0000000087b00000|100%| O|  |TAMS 0x0000000087b00000, 0x0000000087a00000| Updating 
| 123|0x0000000087b00000, 0x0000000087c00000, 0x0000000087c00000|100%| O|  |TAMS 0x0000000087c00000, 0x0000000087b00000| Updating 
| 124|0x0000000087c00000, 0x0000000087d00000, 0x0000000087d00000|100%| O|  |TAMS 0x0000000087d00000, 0x0000000087c00000| Updating 
| 125|0x0000000087d00000, 0x0000000087e00000, 0x0000000087e00000|100%| O|  |TAMS 0x0000000087e00000, 0x0000000087d00000| Updating 
| 126|0x0000000087e00000, 0x0000000087f00000, 0x0000000087f00000|100%|HS|  |TAMS 0x0000000087f00000, 0x0000000087e00000| Complete 
| 127|0x0000000087f00000, 0x0000000088000000, 0x0000000088000000|100%|HS|  |TAMS 0x0000000088000000, 0x0000000087f00000| Complete 
| 128|0x0000000088000000, 0x0000000088100000, 0x0000000088100000|100%|HS|  |TAMS 0x0000000088100000, 0x0000000088000000| Complete 
| 129|0x0000000088100000, 0x0000000088200000, 0x0000000088200000|100%|HS|  |TAMS 0x0000000088200000, 0x0000000088100000| Complete 
| 130|0x0000000088200000, 0x0000000088300000, 0x0000000088300000|100%| O|  |TAMS 0x0000000088300000, 0x0000000088200000| Updating 
| 131|0x0000000088300000, 0x0000000088400000, 0x0000000088400000|100%| O|  |TAMS 0x0000000088400000, 0x0000000088300000| Updating 
| 132|0x0000000088400000, 0x0000000088500000, 0x0000000088500000|100%| O|  |TAMS 0x0000000088500000, 0x0000000088400000| Updating 
| 133|0x0000000088500000, 0x0000000088600000, 0x0000000088600000|100%| O|  |TAMS 0x0000000088600000, 0x0000000088500000| Updating 
| 134|0x0000000088600000, 0x0000000088700000, 0x0000000088700000|100%|HS|  |TAMS 0x0000000088700000, 0x0000000088600000| Complete 
| 135|0x0000000088700000, 0x0000000088800000, 0x0000000088800000|100%|HS|  |TAMS 0x0000000088800000, 0x0000000088700000| Complete 
| 136|0x0000000088800000, 0x0000000088900000, 0x0000000088900000|100%|HS|  |TAMS 0x0000000088900000, 0x0000000088800000| Complete 
| 137|0x0000000088900000, 0x0000000088a00000, 0x0000000088a00000|100%|HC|  |TAMS 0x0000000088a00000, 0x0000000088900000| Complete 
| 138|0x0000000088a00000, 0x0000000088b00000, 0x0000000088b00000|100%|HS|  |TAMS 0x0000000088b00000, 0x0000000088a00000| Complete 
| 139|0x0000000088b00000, 0x0000000088c00000, 0x0000000088c00000|100%|HC|  |TAMS 0x0000000088c00000, 0x0000000088b00000| Complete 
| 140|0x0000000088c00000, 0x0000000088d00000, 0x0000000088d00000|100%| O|  |TAMS 0x0000000088d00000, 0x0000000088c00000| Updating 
| 141|0x0000000088d00000, 0x0000000088e00000, 0x0000000088e00000|100%| O|  |TAMS 0x0000000088e00000, 0x0000000088d00000| Updating 
| 142|0x0000000088e00000, 0x0000000088f00000, 0x0000000088f00000|100%| O|  |TAMS 0x0000000088f00000, 0x0000000088e00000| Updating 
| 143|0x0000000088f00000, 0x0000000089000000, 0x0000000089000000|100%| O|  |TAMS 0x0000000089000000, 0x0000000088f00000| Updating 
| 144|0x0000000089000000, 0x0000000089100000, 0x0000000089100000|100%| O|  |TAMS 0x0000000089100000, 0x0000000089000000| Updating 
| 145|0x0000000089100000, 0x0000000089200000, 0x0000000089200000|100%| O|  |TAMS 0x0000000089200000, 0x0000000089100000| Updating 
| 146|0x0000000089200000, 0x0000000089300000, 0x0000000089300000|100%| O|  |TAMS 0x0000000089300000, 0x0000000089200000| Updating 
| 147|0x0000000089300000, 0x0000000089400000, 0x0000000089400000|100%| O|  |TAMS 0x0000000089300000, 0x0000000089300000| Untracked 
| 148|0x0000000089400000, 0x0000000089500000, 0x0000000089500000|100%|HS|  |TAMS 0x0000000089500000, 0x0000000089400000| Complete 
| 149|0x0000000089500000, 0x0000000089600000, 0x0000000089600000|100%|HS|  |TAMS 0x0000000089600000, 0x0000000089500000| Complete 
| 150|0x0000000089600000, 0x0000000089700000, 0x0000000089700000|100%|HC|  |TAMS 0x0000000089700000, 0x0000000089600000| Complete 
| 151|0x0000000089700000, 0x0000000089800000, 0x0000000089800000|100%| O|  |TAMS 0x0000000089700000, 0x0000000089700000| Untracked 
| 152|0x0000000089800000, 0x0000000089900000, 0x0000000089900000|100%|HS|  |TAMS 0x0000000089900000, 0x0000000089800000| Complete 
| 153|0x0000000089900000, 0x0000000089a00000, 0x0000000089a00000|100%|HS|  |TAMS 0x0000000089a00000, 0x0000000089900000| Complete 
| 154|0x0000000089a00000, 0x0000000089b00000, 0x0000000089b00000|100%|HS|  |TAMS 0x0000000089b00000, 0x0000000089a00000| Complete 
| 155|0x0000000089b00000, 0x0000000089c00000, 0x0000000089c00000|100%| O|  |TAMS 0x0000000089c00000, 0x0000000089b00000| Updating 
| 156|0x0000000089c00000, 0x0000000089d00000, 0x0000000089d00000|100%|HS|  |TAMS 0x0000000089d00000, 0x0000000089c00000| Complete 
| 157|0x0000000089d00000, 0x0000000089e00000, 0x0000000089e00000|100%| O|  |TAMS 0x0000000089e00000, 0x0000000089d00000| Updating 
| 158|0x0000000089e00000, 0x0000000089f00000, 0x0000000089f00000|100%|HS|  |TAMS 0x0000000089f00000, 0x0000000089e00000| Complete 
| 159|0x0000000089f00000, 0x000000008a000000, 0x000000008a000000|100%| O|  |TAMS 0x000000008a000000, 0x0000000089f00000| Updating 
| 160|0x000000008a000000, 0x000000008a100000, 0x000000008a100000|100%| O|  |TAMS 0x000000008a000000, 0x000000008a000000| Untracked 
| 161|0x000000008a100000, 0x000000008a200000, 0x000000008a200000|100%| O|  |TAMS 0x000000008a100000, 0x000000008a100000| Untracked 
| 162|0x000000008a200000, 0x000000008a300000, 0x000000008a300000|100%|HS|  |TAMS 0x000000008a300000, 0x000000008a200000| Complete 
| 163|0x000000008a300000, 0x000000008a400000, 0x000000008a400000|100%|HC|  |TAMS 0x000000008a400000, 0x000000008a300000| Complete 
| 164|0x000000008a400000, 0x000000008a500000, 0x000000008a500000|100%| O|  |TAMS 0x000000008a400000, 0x000000008a400000| Untracked 
| 165|0x000000008a500000, 0x000000008a600000, 0x000000008a600000|100%| O|  |TAMS 0x000000008a500000, 0x000000008a500000| Updating 
| 166|0x000000008a600000, 0x000000008a700000, 0x000000008a700000|100%|HS|  |TAMS 0x000000008a700000, 0x000000008a600000| Complete 
| 167|0x000000008a700000, 0x000000008a800000, 0x000000008a800000|100%|HC|  |TAMS 0x000000008a800000, 0x000000008a700000| Complete 
| 168|0x000000008a800000, 0x000000008a900000, 0x000000008a900000|100%| O|  |TAMS 0x000000008a900000, 0x000000008a800000| Updating 
| 169|0x000000008a900000, 0x000000008aa00000, 0x000000008aa00000|100%| O|  |TAMS 0x000000008aa00000, 0x000000008a900000| Updating 
| 170|0x000000008aa00000, 0x000000008ab00000, 0x000000008ab00000|100%| O|  |TAMS 0x000000008ab00000, 0x000000008aa00000| Updating 
| 171|0x000000008ab00000, 0x000000008ac00000, 0x000000008ac00000|100%| O|  |TAMS 0x000000008ac00000, 0x000000008ab00000| Updating 
| 172|0x000000008ac00000, 0x000000008ad00000, 0x000000008ad00000|100%| O|  |TAMS 0x000000008ac59200, 0x000000008ac00000| Updating 
| 173|0x000000008ad00000, 0x000000008ae00000, 0x000000008ae00000|100%| O|  |TAMS 0x000000008ad00000, 0x000000008ad00000| Untracked 
| 174|0x000000008ae00000, 0x000000008af00000, 0x000000008af00000|100%| O|  |TAMS 0x000000008ae00000, 0x000000008ae00000| Untracked 
| 175|0x000000008af00000, 0x000000008b000000, 0x000000008b000000|100%| O|  |TAMS 0x000000008af00000, 0x000000008af00000| Untracked 
| 176|0x000000008b000000, 0x000000008b100000, 0x000000008b100000|100%| O|  |TAMS 0x000000008b000000, 0x000000008b000000| Untracked 
| 177|0x000000008b100000, 0x000000008b200000, 0x000000008b200000|100%| O|  |TAMS 0x000000008b100000, 0x000000008b100000| Untracked 
| 178|0x000000008b200000, 0x000000008b300000, 0x000000008b300000|100%| O|  |TAMS 0x000000008b200000, 0x000000008b200000| Untracked 
| 179|0x000000008b300000, 0x000000008b400000, 0x000000008b400000|100%| O|  |TAMS 0x000000008b300000, 0x000000008b300000| Untracked 
| 180|0x000000008b400000, 0x000000008b436a00, 0x000000008b500000| 21%| O|  |TAMS 0x000000008b400000, 0x000000008b400000| Untracked 
| 181|0x000000008b500000, 0x000000008b500000, 0x000000008b600000|  0%| F|  |TAMS 0x000000008b500000, 0x000000008b500000| Untracked 
| 182|0x000000008b600000, 0x000000008b600000, 0x000000008b700000|  0%| F|  |TAMS 0x000000008b600000, 0x000000008b600000| Untracked 
| 183|0x000000008b700000, 0x000000008b700000, 0x000000008b800000|  0%| F|  |TAMS 0x000000008b700000, 0x000000008b700000| Untracked 
| 184|0x000000008b800000, 0x000000008b800000, 0x000000008b900000|  0%| F|  |TAMS 0x000000008b800000, 0x000000008b800000| Untracked 
| 185|0x000000008b900000, 0x000000008b900000, 0x000000008ba00000|  0%| F|  |TAMS 0x000000008b900000, 0x000000008b900000| Untracked 
| 186|0x000000008ba00000, 0x000000008ba00000, 0x000000008bb00000|  0%| F|  |TAMS 0x000000008ba00000, 0x000000008ba00000| Untracked 
| 187|0x000000008bb00000, 0x000000008bb00000, 0x000000008bc00000|  0%| F|  |TAMS 0x000000008bb00000, 0x000000008bb00000| Untracked 
| 188|0x000000008bc00000, 0x000000008bc00000, 0x000000008bd00000|  0%| F|  |TAMS 0x000000008bc00000, 0x000000008bc00000| Untracked 
| 189|0x000000008bd00000, 0x000000008bd00000, 0x000000008be00000|  0%| F|  |TAMS 0x000000008bd00000, 0x000000008bd00000| Untracked 
| 190|0x000000008be00000, 0x000000008be00000, 0x000000008bf00000|  0%| F|  |TAMS 0x000000008be00000, 0x000000008be00000| Untracked 
| 191|0x000000008bf00000, 0x000000008bf00000, 0x000000008c000000|  0%| F|  |TAMS 0x000000008bf00000, 0x000000008bf00000| Untracked 
| 192|0x000000008c000000, 0x000000008c000000, 0x000000008c100000|  0%| F|  |TAMS 0x000000008c000000, 0x000000008c000000| Untracked 
| 193|0x000000008c100000, 0x000000008c100000, 0x000000008c200000|  0%| F|  |TAMS 0x000000008c100000, 0x000000008c100000| Untracked 
| 194|0x000000008c200000, 0x000000008c200000, 0x000000008c300000|  0%| F|  |TAMS 0x000000008c200000, 0x000000008c200000| Untracked 
| 195|0x000000008c300000, 0x000000008c300000, 0x000000008c400000|  0%| F|  |TAMS 0x000000008c300000, 0x000000008c300000| Untracked 
| 196|0x000000008c400000, 0x000000008c400000, 0x000000008c500000|  0%| F|  |TAMS 0x000000008c400000, 0x000000008c400000| Untracked 
| 197|0x000000008c500000, 0x000000008c500000, 0x000000008c600000|  0%| F|  |TAMS 0x000000008c500000, 0x000000008c500000| Untracked 
| 198|0x000000008c600000, 0x000000008c600000, 0x000000008c700000|  0%| F|  |TAMS 0x000000008c600000, 0x000000008c600000| Untracked 
| 199|0x000000008c700000, 0x000000008c700000, 0x000000008c800000|  0%| F|  |TAMS 0x000000008c700000, 0x000000008c700000| Untracked 
| 200|0x000000008c800000, 0x000000008c800000, 0x000000008c900000|  0%| F|  |TAMS 0x000000008c800000, 0x000000008c800000| Untracked 
| 201|0x000000008c900000, 0x000000008c900000, 0x000000008ca00000|  0%| F|  |TAMS 0x000000008c900000, 0x000000008c900000| Untracked 
| 202|0x000000008ca00000, 0x000000008ca00000, 0x000000008cb00000|  0%| F|  |TAMS 0x000000008ca00000, 0x000000008ca00000| Untracked 
| 203|0x000000008cb00000, 0x000000008cb00000, 0x000000008cc00000|  0%| F|  |TAMS 0x000000008cb00000, 0x000000008cb00000| Untracked 
| 204|0x000000008cc00000, 0x000000008cc00000, 0x000000008cd00000|  0%| F|  |TAMS 0x000000008cc00000, 0x000000008cc00000| Untracked 
| 205|0x000000008cd00000, 0x000000008cd00000, 0x000000008ce00000|  0%| F|  |TAMS 0x000000008cd00000, 0x000000008cd00000| Untracked 
| 206|0x000000008ce00000, 0x000000008ce00000, 0x000000008cf00000|  0%| F|  |TAMS 0x000000008ce00000, 0x000000008ce00000| Untracked 
| 207|0x000000008cf00000, 0x000000008cf00000, 0x000000008d000000|  0%| F|  |TAMS 0x000000008cf00000, 0x000000008cf00000| Untracked 
| 208|0x000000008d000000, 0x000000008d100000, 0x000000008d100000|100%| S|CS|TAMS 0x000000008d000000, 0x000000008d000000| Complete 
| 209|0x000000008d100000, 0x000000008d200000, 0x000000008d200000|100%| S|CS|TAMS 0x000000008d100000, 0x000000008d100000| Complete 
| 210|0x000000008d200000, 0x000000008d200000, 0x000000008d300000|  0%| F|  |TAMS 0x000000008d200000, 0x000000008d200000| Untracked 
| 211|0x000000008d300000, 0x000000008d300000, 0x000000008d400000|  0%| F|  |TAMS 0x000000008d300000, 0x000000008d300000| Untracked 
| 212|0x000000008d400000, 0x000000008d400000, 0x000000008d500000|  0%| F|  |TAMS 0x000000008d400000, 0x000000008d400000| Untracked 
| 213|0x000000008d500000, 0x000000008d500000, 0x000000008d600000|  0%| F|  |TAMS 0x000000008d500000, 0x000000008d500000| Untracked 
| 214|0x000000008d600000, 0x000000008d600000, 0x000000008d700000|  0%| F|  |TAMS 0x000000008d600000, 0x000000008d600000| Untracked 
| 215|0x000000008d700000, 0x000000008d700000, 0x000000008d800000|  0%| F|  |TAMS 0x000000008d700000, 0x000000008d700000| Untracked 
| 216|0x000000008d800000, 0x000000008d800000, 0x000000008d900000|  0%| F|  |TAMS 0x000000008d800000, 0x000000008d800000| Untracked 
| 217|0x000000008d900000, 0x000000008d900000, 0x000000008da00000|  0%| F|  |TAMS 0x000000008d900000, 0x000000008d900000| Untracked 
| 218|0x000000008da00000, 0x000000008da00000, 0x000000008db00000|  0%| F|  |TAMS 0x000000008da00000, 0x000000008da00000| Untracked 
| 219|0x000000008db00000, 0x000000008db00000, 0x000000008dc00000|  0%| F|  |TAMS 0x000000008db00000, 0x000000008db00000| Untracked 

Card table byte_map: [0x00000233eb050000,0x00000233eb450000] _byte_map_base: 0x00000233eac50000

Marking Bits (Prev, Next): (CMBitMap*) 0x00000233d5f48428, (CMBitMap*) 0x00000233d5f48460
 Prev Bits: [0x00000233eb850000, 0x00000233ed850000)
 Next Bits: [0x00000233ed850000, 0x00000233ef850000)

Polling page: 0x00000233d5fe0000

Metaspace:

Usage:
  Non-class:     97.00 MB capacity,    94.85 MB ( 98%) used,     1.81 MB (  2%) free+waste,   341.25 KB ( <1%) overhead. 
      Class:     15.08 MB capacity,    13.86 MB ( 92%) used,     1.07 MB (  7%) free+waste,   156.25 KB (  1%) overhead. 
       Both:    112.08 MB capacity,   108.72 MB ( 97%) used,     2.88 MB (  3%) free+waste,   497.50 KB ( <1%) overhead. 

Virtual space:
  Non-class space:       98.00 MB reserved,      97.00 MB ( 99%) committed 
      Class space:        1.00 GB reserved,      15.13 MB (  1%) committed 
             Both:        1.10 GB reserved,     112.13 MB ( 10%) committed 

Chunk freelists:
   Non-Class:  4.00 KB
       Class:  10.00 KB
        Both:  14.00 KB

MaxMetaspaceSize: 17179869184.00 GB
CompressedClassSpaceSize: 1.00 GB

CodeHeap 'non-profiled nmethods': size=120000Kb used=9926Kb max_used=9926Kb free=110073Kb
 bounds [0x00000233e2ca0000, 0x00000233e3660000, 0x00000233ea1d0000]
CodeHeap 'profiled nmethods': size=120000Kb used=33752Kb max_used=33752Kb free=86247Kb
 bounds [0x00000233db770000, 0x00000233dd870000, 0x00000233e2ca0000]
CodeHeap 'non-nmethods': size=5760Kb used=2356Kb max_used=2422Kb free=3404Kb
 bounds [0x00000233db1d0000, 0x00000233db440000, 0x00000233db770000]
 total_blobs=16025 nmethods=15054 adapters=880
 compilation: enabled
              stopped_count=0, restarted_count=0
 full_count=0

Compilation events (20 events):
Event: 64.544 Thread 0x00000233f2cd0000 15303       3       java.lang.Long::parseLong (267 bytes)
Event: 64.548 Thread 0x00000233f2cd0000 nmethod 15303 0x00000233dd85d290 code [0x00000233dd85d9c0, 0x00000233dd861088]
Event: 64.550 Thread 0x00000233f2cd0000 15304   !   2       com.sun.proxy.$Proxy22::pn (29 bytes)
Event: 64.550 Thread 0x00000233f2cd0000 nmethod 15304 0x00000233dd862510 code [0x00000233dd8626e0, 0x00000233dd862958]
Event: 64.550 Thread 0x00000233f2cd0000 15305   !   2       com.sun.proxy.$Proxy22::k (32 bytes)
Event: 64.550 Thread 0x00000233f2cd0000 nmethod 15305 0x00000233dd862b10 code [0x00000233dd862ce0, 0x00000233dd862f58]
Event: 64.550 Thread 0x00000233f2cd0000 15306   !   2       com.sun.proxy.$Proxy22::d1 (29 bytes)
Event: 64.551 Thread 0x00000233f2cd0000 nmethod 15306 0x00000233dd863110 code [0x00000233dd8632e0, 0x00000233dd863538]
Event: 64.551 Thread 0x00000233f2cd0000 15307   !   2       com.sun.proxy.$Proxy22::d2 (29 bytes)
Event: 64.551 Thread 0x00000233f2cd0000 nmethod 15307 0x00000233dd863690 code [0x00000233dd863860, 0x00000233dd863ab8]
Event: 64.551 Thread 0x00000233f2cd0000 15308   !   2       com.sun.proxy.$Proxy22::mv (29 bytes)
Event: 64.551 Thread 0x00000233f2cd0000 nmethod 15308 0x00000233dd863c10 code [0x00000233dd863de0, 0x00000233dd864058]
Event: 64.551 Thread 0x00000233f2cd0000 15309   !   2       com.sun.proxy.$Proxy22::xi (32 bytes)
Event: 64.551 Thread 0x00000233f2cd0000 nmethod 15309 0x00000233dd864210 code [0x00000233dd8643e0, 0x00000233dd864658]
Event: 64.565 Thread 0x00000233f2cd0000 15311       2       com.android.tools.r8.internal.zh::d (188 bytes)
Event: 64.566 Thread 0x00000233f2cd0000 nmethod 15311 0x00000233dd864810 code [0x00000233dd864a60, 0x00000233dd865248]
Event: 64.566 Thread 0x00000233f2cd0000 15312       2       sun.reflect.generics.scope.AbstractScope::lookup (66 bytes)
Event: 64.566 Thread 0x00000233f2cd0000 nmethod 15312 0x00000233dd865610 code [0x00000233dd865800, 0x00000233dd865b08]
Event: 64.571 Thread 0x00000233f2cd0000 15313       2       kotlin.collections.EmptyList::iterator (7 bytes)
Event: 64.571 Thread 0x00000233f2cd0000 nmethod 15313 0x00000233dd865d10 code [0x00000233dd865ec0, 0x00000233dd865fb8]

GC Heap History (20 events):
Event: 62.664 GC heap after
{Heap after GC invocations=46 (full 0):
 garbage-first heap   total 187392K, used 126696K [0x0000000080000000, 0x0000000100000000)
  region size 1024K, 4 young (4096K), 4 survivors (4096K)
 Metaspace       used 109286K, capacity 112717K, committed 112768K, reserved 1146880K
  class space    used 13950K, capacity 15213K, committed 15232K, reserved 1048576K
}
Event: 63.084 GC heap before
{Heap before GC invocations=47 (full 0):
 garbage-first heap   total 187392K, used 159464K [0x0000000080000000, 0x0000000100000000)
  region size 1024K, 37 young (37888K), 4 survivors (4096K)
 Metaspace       used 109319K, capacity 112718K, committed 112768K, reserved 1146880K
  class space    used 13951K, capacity 15213K, committed 15232K, reserved 1048576K
}
Event: 63.092 GC heap after
{Heap after GC invocations=48 (full 0):
 garbage-first heap   total 187392K, used 128390K [0x0000000080000000, 0x0000000100000000)
  region size 1024K, 2 young (2048K), 2 survivors (2048K)
 Metaspace       used 109319K, capacity 112718K, committed 112768K, reserved 1146880K
  class space    used 13951K, capacity 15213K, committed 15232K, reserved 1048576K
}
Event: 63.459 GC heap before
{Heap before GC invocations=48 (full 0):
 garbage-first heap   total 187392K, used 160134K [0x0000000080000000, 0x0000000100000000)
  region size 1024K, 34 young (34816K), 2 survivors (2048K)
 Metaspace       used 109608K, capacity 113074K, committed 113280K, reserved 1146880K
  class space    used 13983K, capacity 15222K, committed 15232K, reserved 1048576K
}
Event: 63.464 GC heap after
{Heap after GC invocations=49 (full 0):
 garbage-first heap   total 187392K, used 129538K [0x0000000080000000, 0x0000000100000000)
  region size 1024K, 3 young (3072K), 3 survivors (3072K)
 Metaspace       used 109608K, capacity 113074K, committed 113280K, reserved 1146880K
  class space    used 13983K, capacity 15222K, committed 15232K, reserved 1048576K
}
Event: 63.759 GC heap before
{Heap before GC invocations=50 (full 0):
 garbage-first heap   total 187392K, used 157186K [0x0000000080000000, 0x0000000100000000)
  region size 1024K, 26 young (26624K), 3 survivors (3072K)
 Metaspace       used 109856K, capacity 113346K, committed 113664K, reserved 1146880K
  class space    used 14003K, capacity 15263K, committed 15360K, reserved 1048576K
}
Event: 63.765 GC heap after
{Heap after GC invocations=51 (full 0):
 garbage-first heap   total 187392K, used 141515K [0x0000000080000000, 0x0000000100000000)
  region size 1024K, 5 young (5120K), 5 survivors (5120K)
 Metaspace       used 109856K, capacity 113346K, committed 113664K, reserved 1146880K
  class space    used 14003K, capacity 15263K, committed 15360K, reserved 1048576K
}
Event: 63.891 GC heap before
{Heap before GC invocations=51 (full 0):
 garbage-first heap   total 187392K, used 165067K [0x0000000080000000, 0x0000000100000000)
  region size 1024K, 23 young (23552K), 5 survivors (5120K)
 Metaspace       used 109956K, capacity 113412K, committed 113664K, reserved 1146880K
  class space    used 14014K, capacity 15263K, committed 15360K, reserved 1048576K
}
Event: 63.896 GC heap after
{Heap after GC invocations=52 (full 0):
 garbage-first heap   total 187392K, used 149938K [0x0000000080000000, 0x0000000100000000)
  region size 1024K, 3 young (3072K), 3 survivors (3072K)
 Metaspace       used 109956K, capacity 113412K, committed 113664K, reserved 1146880K
  class space    used 14014K, capacity 15263K, committed 15360K, reserved 1048576K
}
Event: 64.062 GC heap before
{Heap before GC invocations=53 (full 0):
 garbage-first heap   total 187392K, used 160178K [0x0000000080000000, 0x0000000100000000)
  region size 1024K, 14 young (14336K), 3 survivors (3072K)
 Metaspace       used 110561K, capacity 114044K, committed 114304K, reserved 1148928K
  class space    used 14106K, capacity 15367K, committed 15488K, reserved 1048576K
}
Event: 64.067 GC heap after
{Heap after GC invocations=54 (full 0):
 garbage-first heap   total 225280K, used 150960K [0x0000000080000000, 0x0000000100000000)
  region size 1024K, 1 young (1024K), 1 survivors (1024K)
 Metaspace       used 110561K, capacity 114044K, committed 114304K, reserved 1148928K
  class space    used 14106K, capacity 15367K, committed 15488K, reserved 1048576K
}
Event: 64.132 GC heap before
{Heap before GC invocations=54 (full 0):
 garbage-first heap   total 225280K, used 172464K [0x0000000080000000, 0x0000000100000000)
  region size 1024K, 11 young (11264K), 1 survivors (1024K)
 Metaspace       used 110730K, capacity 114204K, committed 114304K, reserved 1148928K
  class space    used 14138K, capacity 15399K, committed 15488K, reserved 1048576K
}
Event: 64.136 GC heap after
{Heap after GC invocations=55 (full 0):
 garbage-first heap   total 225280K, used 159573K [0x0000000080000000, 0x0000000100000000)
  region size 1024K, 2 young (2048K), 2 survivors (2048K)
 Metaspace       used 110730K, capacity 114204K, committed 114304K, reserved 1148928K
  class space    used 14138K, capacity 15399K, committed 15488K, reserved 1048576K
}
Event: 64.302 GC heap before
{Heap before GC invocations=55 (full 0):
 garbage-first heap   total 225280K, used 198485K [0x0000000080000000, 0x0000000100000000)
  region size 1024K, 29 young (29696K), 2 survivors (2048K)
 Metaspace       used 110968K, capacity 114412K, committed 114560K, reserved 1148928K
  class space    used 14163K, capacity 15403K, committed 15488K, reserved 1048576K
}
Event: 64.313 GC heap after
{Heap after GC invocations=56 (full 0):
 garbage-first heap   total 225280K, used 174436K [0x0000000080000000, 0x0000000100000000)
  region size 1024K, 4 young (4096K), 4 survivors (4096K)
 Metaspace       used 110968K, capacity 114412K, committed 114560K, reserved 1148928K
  class space    used 14163K, capacity 15403K, committed 15488K, reserved 1048576K
}
Event: 64.417 GC heap before
{Heap before GC invocations=56 (full 0):
 garbage-first heap   total 225280K, used 190820K [0x0000000080000000, 0x0000000100000000)
  region size 1024K, 21 young (21504K), 4 survivors (4096K)
 Metaspace       used 110987K, capacity 114416K, committed 114560K, reserved 1148928K
  class space    used 14163K, capacity 15403K, committed 15488K, reserved 1048576K
}
Event: 64.428 GC heap after
{Heap after GC invocations=57 (full 0):
 garbage-first heap   total 225280K, used 179444K [0x0000000080000000, 0x0000000100000000)
  region size 1024K, 3 young (3072K), 3 survivors (3072K)
 Metaspace       used 110987K, capacity 114416K, committed 114560K, reserved 1148928K
  class space    used 14163K, capacity 15403K, committed 15488K, reserved 1048576K
}
Event: 64.521 GC heap before
{Heap before GC invocations=57 (full 0):
 garbage-first heap   total 225280K, used 191732K [0x0000000080000000, 0x0000000100000000)
  region size 1024K, 16 young (16384K), 3 survivors (3072K)
 Metaspace       used 111077K, capacity 114554K, committed 114816K, reserved 1148928K
  class space    used 14172K, capacity 15442K, committed 15488K, reserved 1048576K
}
Event: 64.532 GC heap after
{Heap after GC invocations=58 (full 0):
 garbage-first heap   total 225280K, used 183684K [0x0000000080000000, 0x0000000100000000)
  region size 1024K, 2 young (2048K), 2 survivors (2048K)
 Metaspace       used 111077K, capacity 114554K, committed 114816K, reserved 1148928K
  class space    used 14172K, capacity 15442K, committed 15488K, reserved 1048576K
}
Event: 64.596 GC heap before
{Heap before GC invocations=58 (full 0):
 garbage-first heap   total 225280K, used 193924K [0x0000000080000000, 0x0000000100000000)
  region size 1024K, 12 young (12288K), 2 survivors (2048K)
 Metaspace       used 111324K, capacity 114770K, committed 114816K, reserved 1148928K
  class space    used 14197K, capacity 15446K, committed 15488K, reserved 1048576K
}

Deoptimization events (20 events):
Event: 64.403 Thread 0x00000233f8460800 DEOPT PACKING pc=0x00000233e3644748 sp=0x0000008f41dfd2f0
Event: 64.403 Thread 0x00000233f8460800 DEOPT UNPACKING pc=0x00000233db1f78af sp=0x0000008f41dfd298 mode 2
Event: 64.414 Thread 0x00000233f8460800 DEOPT PACKING pc=0x00000233dd848118 sp=0x0000008f41dfd2a0
Event: 64.414 Thread 0x00000233f8460800 DEOPT UNPACKING pc=0x00000233db1f76ce sp=0x0000008f41dfc7a0 mode 0
Event: 64.439 Thread 0x00000233f8460800 Uncommon trap: trap_request=0xffffff4d fr.pc=0x00000233e365023c relative=0x0000000000000abc
Event: 64.439 Thread 0x00000233f8460800 Uncommon trap: reason=unstable_if action=reinterpret pc=0x00000233e365023c method=com.android.tools.r8.internal.Xe.d(I)Z @ 45 c2
Event: 64.439 Thread 0x00000233f8460800 DEOPT PACKING pc=0x00000233e365023c sp=0x0000008f41dfd320
Event: 64.439 Thread 0x00000233f8460800 DEOPT UNPACKING pc=0x00000233db1f78af sp=0x0000008f41dfd230 mode 2
Event: 64.469 Thread 0x00000233f8460800 DEOPT PACKING pc=0x00000233dd8480f7 sp=0x0000008f41dfd2a0
Event: 64.469 Thread 0x00000233f8460800 DEOPT UNPACKING pc=0x00000233db1f76ce sp=0x0000008f41dfc7a0 mode 0
Event: 64.473 Thread 0x00000233f8460800 DEOPT PACKING pc=0x00000233dd8517c3 sp=0x0000008f41dfd2b0
Event: 64.473 Thread 0x00000233f8460800 DEOPT UNPACKING pc=0x00000233db1f76ce sp=0x0000008f41dfc7f0 mode 0
Event: 64.480 Thread 0x00000233f8455000 Uncommon trap: trap_request=0xffffff4d fr.pc=0x00000233e3191f64 relative=0x0000000000000224
Event: 64.480 Thread 0x00000233f8455000 Uncommon trap: reason=unstable_if action=reinterpret pc=0x00000233e3191f64 method=org.gradle.internal.snapshot.impl.AbstractScalarValueSnapshot.equals(Ljava/lang/Object;)Z @ 19 c2
Event: 64.480 Thread 0x00000233f8455000 DEOPT PACKING pc=0x00000233e3191f64 sp=0x0000008f3c8fcba0
Event: 64.480 Thread 0x00000233f8455000 DEOPT UNPACKING pc=0x00000233db1f78af sp=0x0000008f3c8fcac8 mode 2
Event: 64.487 Thread 0x00000233f8460800 DEOPT PACKING pc=0x00000233dd848118 sp=0x0000008f41dfd270
Event: 64.487 Thread 0x00000233f8460800 DEOPT UNPACKING pc=0x00000233db1f76ce sp=0x0000008f41dfc770 mode 0
Event: 64.544 Thread 0x00000233f8460800 DEOPT PACKING pc=0x00000233dd82d349 sp=0x0000008f41dfd150
Event: 64.544 Thread 0x00000233f8460800 DEOPT UNPACKING pc=0x00000233db1f76ce sp=0x0000008f41dfc710 mode 0

Classes redefined (0 events):
No events

Internal exceptions (20 events):
Event: 60.724 Thread 0x00000233f8459000 Exception <a 'java/lang/NoSuchMethodError'{0x000000008b3c3328}: <clinit>> (0x000000008b3c3328) thrown at [./src/hotspot/share/prims/jni.cpp, line 1362]
Event: 60.727 Thread 0x00000233f8459000 Exception <a 'java/lang/NoSuchMethodError'{0x000000008b3eacb8}: <clinit>> (0x000000008b3eacb8) thrown at [./src/hotspot/share/prims/jni.cpp, line 1362]
Event: 60.754 Thread 0x00000233f58e7000 Exception <a 'java/lang/NoSuchMethodError'{0x000000008b5046a8}: <clinit>> (0x000000008b5046a8) thrown at [./src/hotspot/share/prims/jni.cpp, line 1362]
Event: 61.146 Thread 0x00000233f58ef000 Implicit null exception at 0x00000233e356ab54 to 0x00000233e356b424
Event: 61.146 Thread 0x00000233f5463800 Implicit null exception at 0x00000233e356ab54 to 0x00000233e356b424
Event: 62.047 Thread 0x00000233f8455000 Exception <a 'java/lang/NoSuchMethodError'{0x000000008b496280}: 'void java.lang.invoke.DirectMethodHandle$Holder.invokeStatic(java.lang.Object, java.lang.Object, java.lang.Object, java.lang.Object, java.lang.Object, java.lang.Object, java.lang.Object)'> (0x000000008b496280) thrown at [./src/hotspot/share/interpreter/linkResolver.cpp, line 773]
Event: 62.062 Thread 0x00000233f58e7000 Exception <a 'java/lang/NoSuchMethodError'{0x000000008b3de008}: <clinit>> (0x000000008b3de008) thrown at [./src/hotspot/share/prims/jni.cpp, line 1362]
Event: 63.441 Thread 0x00000233f5462000 Implicit null exception at 0x00000233e35fbbc3 to 0x00000233e35fcfd8
Event: 63.441 Thread 0x00000233f671f000 Implicit null exception at 0x00000233e35fbbc3 to 0x00000233e35fcfd8
Event: 63.961 Thread 0x00000233f8460800 Exception <a 'sun/nio/fs/WindowsException'{0x000000008b39c928}> (0x000000008b39c928) thrown at [./src/hotspot/share/prims/jni.cpp, line 615]
Event: 64.458 Thread 0x00000233f8455000 Exception <a 'java/lang/NoSuchMethodError'{0x000000008d9b5b38}: <clinit>> (0x000000008d9b5b38) thrown at [./src/hotspot/share/prims/jni.cpp, line 1362]
Event: 64.458 Thread 0x00000233f8455000 Exception <a 'java/lang/NoSuchMethodError'{0x000000008d9b6e58}: <clinit>> (0x000000008d9b6e58) thrown at [./src/hotspot/share/prims/jni.cpp, line 1362]
Event: 64.458 Thread 0x00000233f8455000 Exception <a 'java/lang/NoSuchMethodError'{0x000000008d9b9808}: <clinit>> (0x000000008d9b9808) thrown at [./src/hotspot/share/prims/jni.cpp, line 1362]
Event: 64.463 Thread 0x00000233f8455000 Exception <a 'java/lang/NoSuchMethodError'{0x000000008d8922e0}: <clinit>> (0x000000008d8922e0) thrown at [./src/hotspot/share/prims/jni.cpp, line 1362]
Event: 64.463 Thread 0x00000233f8455000 Exception <a 'java/lang/NoSuchMethodError'{0x000000008d8937c0}: <clinit>> (0x000000008d8937c0) thrown at [./src/hotspot/share/prims/jni.cpp, line 1362]
Event: 64.492 Thread 0x00000233f8455000 Exception <a 'sun/nio/fs/WindowsException'{0x000000008d2fa958}> (0x000000008d2fa958) thrown at [./src/hotspot/share/prims/jni.cpp, line 615]
Event: 64.492 Thread 0x00000233f8455000 Exception <a 'sun/nio/fs/WindowsException'{0x000000008d2fb928}> (0x000000008d2fb928) thrown at [./src/hotspot/share/prims/jni.cpp, line 615]
Event: 64.533 Thread 0x00000233f8455000 Exception <a 'java/lang/NoSuchMethodError'{0x000000008db2b9f0}: <clinit>> (0x000000008db2b9f0) thrown at [./src/hotspot/share/prims/jni.cpp, line 1362]
Event: 64.537 Thread 0x00000233f8455000 Exception <a 'java/lang/NoSuchMethodError'{0x000000008dbf73f8}: <clinit>> (0x000000008dbf73f8) thrown at [./src/hotspot/share/prims/jni.cpp, line 1362]
Event: 64.538 Thread 0x00000233f8455000 Exception <a 'java/lang/NoSuchMethodError'{0x000000008da2fb38}: <clinit>> (0x000000008da2fb38) thrown at [./src/hotspot/share/prims/jni.cpp, line 1362]

Events (20 events):
Event: 64.593 loading class com/google/common/cache/CacheBuilderSpec$LongParser done
Event: 64.593 loading class com/google/common/cache/CacheBuilderSpec$MaximumWeightParser
Event: 64.593 loading class com/google/common/cache/CacheBuilderSpec$MaximumWeightParser done
Event: 64.593 loading class com/google/common/cache/CacheBuilderSpec$ConcurrencyLevelParser
Event: 64.593 loading class com/google/common/cache/CacheBuilderSpec$ConcurrencyLevelParser done
Event: 64.594 loading class com/google/common/cache/CacheBuilderSpec$KeyStrengthParser
Event: 64.594 loading class com/google/common/cache/CacheBuilderSpec$KeyStrengthParser done
Event: 64.594 loading class com/google/common/cache/CacheBuilderSpec$ValueStrengthParser
Event: 64.594 loading class com/google/common/cache/CacheBuilderSpec$ValueStrengthParser done
Event: 64.594 loading class com/google/common/cache/CacheBuilderSpec$RecordStatsParser
Event: 64.594 loading class com/google/common/cache/CacheBuilderSpec$RecordStatsParser done
Event: 64.594 loading class com/google/common/cache/CacheBuilderSpec$AccessDurationParser
Event: 64.594 loading class com/google/common/cache/CacheBuilderSpec$AccessDurationParser done
Event: 64.595 loading class com/google/common/cache/CacheBuilderSpec$DurationParser
Event: 64.595 loading class com/google/common/cache/CacheBuilderSpec$DurationParser done
Event: 64.595 loading class com/google/common/cache/CacheBuilderSpec$WriteDurationParser
Event: 64.595 loading class com/google/common/cache/CacheBuilderSpec$WriteDurationParser done
Event: 64.595 loading class com/google/common/cache/CacheBuilderSpec$RefreshDurationParser
Event: 64.595 loading class com/google/common/cache/CacheBuilderSpec$RefreshDurationParser done
Event: 64.595 Executing VM operation: G1CollectForAllocation


Dynamic libraries:
0x00007ff7bc6e0000 - 0x00007ff7bc6ea000 	C:\Program Files\Android\Android Studio3\jre\bin\java.exe
0x00007ffd703a0000 - 0x00007ffd705af000 	C:\WINDOWS\SYSTEM32\ntdll.dll
0x00007ffd6ed30000 - 0x00007ffd6eded000 	C:\WINDOWS\System32\KERNEL32.DLL
0x00007ffd6d860000 - 0x00007ffd6dbe6000 	C:\WINDOWS\System32\KERNELBASE.dll
0x00007ffd6e0d0000 - 0x00007ffd6e1e1000 	C:\WINDOWS\System32\ucrtbase.dll
0x00007ffd60510000 - 0x00007ffd60529000 	C:\Program Files\Android\Android Studio3\jre\bin\jli.dll
0x00007ffd60410000 - 0x00007ffd60427000 	C:\Program Files\Android\Android Studio3\jre\bin\VCRUNTIME140.dll
0x00007ffd6f140000 - 0x00007ffd6f2ea000 	C:\WINDOWS\System32\USER32.dll
0x00007ffd6e1f0000 - 0x00007ffd6e216000 	C:\WINDOWS\System32\win32u.dll
0x00007ffd56840000 - 0x00007ffd56ae1000 	C:\WINDOWS\WinSxS\amd64_microsoft.windows.common-controls_6595b64144ccf1df_6.0.22471.1000_none_228bc6e77ad112f7\COMCTL32.dll
0x00007ffd6e290000 - 0x00007ffd6e334000 	C:\WINDOWS\System32\msvcrt.dll
0x00007ffd6e580000 - 0x00007ffd6e5a9000 	C:\WINDOWS\System32\GDI32.dll
0x00007ffd6dfb0000 - 0x00007ffd6e0c7000 	C:\WINDOWS\System32\gdi32full.dll
0x00007ffd6de80000 - 0x00007ffd6df1b000 	C:\WINDOWS\System32\msvcp_win.dll
0x00007ffd6e540000 - 0x00007ffd6e571000 	C:\WINDOWS\System32\IMM32.DLL
0x00007ffd60190000 - 0x00007ffd6022d000 	C:\Program Files\Android\Android Studio3\jre\bin\msvcp140.dll
0x00007ffd431e0000 - 0x00007ffd43caf000 	C:\Program Files\Android\Android Studio3\jre\bin\server\jvm.dll
0x00007ffd6e5b0000 - 0x00007ffd6e65e000 	C:\WINDOWS\System32\ADVAPI32.dll
0x00007ffd6ec80000 - 0x00007ffd6ed21000 	C:\WINDOWS\System32\sechost.dll
0x00007ffd6e420000 - 0x00007ffd6e540000 	C:\WINDOWS\System32\RPCRT4.dll
0x00007ffd6e220000 - 0x00007ffd6e228000 	C:\WINDOWS\System32\PSAPI.DLL
0x00007ffd678d0000 - 0x00007ffd67903000 	C:\WINDOWS\SYSTEM32\WINMM.dll
0x00007ffd4a4b0000 - 0x00007ffd4a4b9000 	C:\WINDOWS\SYSTEM32\WSOCK32.dll
0x00007ffd6b550000 - 0x00007ffd6b55a000 	C:\WINDOWS\SYSTEM32\VERSION.dll
0x00007ffd6f2f0000 - 0x00007ffd6f361000 	C:\WINDOWS\System32\WS2_32.dll
0x00007ffd6c930000 - 0x00007ffd6c948000 	C:\WINDOWS\SYSTEM32\kernel.appcore.dll
0x00007ffd69cf0000 - 0x00007ffd69d01000 	C:\Program Files\Android\Android Studio3\jre\bin\verify.dll
0x00007ffd65500000 - 0x00007ffd65727000 	C:\WINDOWS\SYSTEM32\DBGHELP.DLL
0x00007ffd6e900000 - 0x00007ffd6ec7e000 	C:\WINDOWS\System32\combase.dll
0x00007ffd5d9f0000 - 0x00007ffd5da21000 	C:\WINDOWS\SYSTEM32\dbgcore.DLL
0x00007ffd6df20000 - 0x00007ffd6dfa1000 	C:\WINDOWS\System32\bcryptPrimitives.dll
0x00007ffd69b50000 - 0x00007ffd69b79000 	C:\Program Files\Android\Android Studio3\jre\bin\java.dll
0x00007ffd69310000 - 0x00007ffd6931b000 	C:\Program Files\Android\Android Studio3\jre\bin\jimage.dll
0x00007ffd60970000 - 0x00007ffd60988000 	C:\Program Files\Android\Android Studio3\jre\bin\zip.dll
0x00007ffd6f980000 - 0x00007ffd7012b000 	C:\WINDOWS\System32\SHELL32.dll
0x00007ffd6b900000 - 0x00007ffd6c15c000 	C:\WINDOWS\SYSTEM32\windows.storage.dll
0x00007ffd6b7b0000 - 0x00007ffd6b8f9000 	C:\WINDOWS\SYSTEM32\wintypes.dll
0x00007ffd6e7a0000 - 0x00007ffd6e890000 	C:\WINDOWS\System32\SHCORE.dll
0x00007ffd6e890000 - 0x00007ffd6e8eb000 	C:\WINDOWS\System32\shlwapi.dll
0x00007ffd6d790000 - 0x00007ffd6d7b1000 	C:\WINDOWS\SYSTEM32\profapi.dll
0x00007ffd60950000 - 0x00007ffd6096a000 	C:\Program Files\Android\Android Studio3\jre\bin\net.dll
0x00007ffd67910000 - 0x00007ffd67a20000 	C:\WINDOWS\SYSTEM32\WINHTTP.dll
0x00007ffd6cd80000 - 0x00007ffd6cde9000 	C:\WINDOWS\system32\mswsock.dll
0x00007ffd60930000 - 0x00007ffd60944000 	C:\Program Files\Android\Android Studio3\jre\bin\nio.dll
0x00007ffd60530000 - 0x00007ffd60557000 	C:\Users\xpmkm\.gradle\native\8bec1ad78214c89d9ad589b4d07fe93259594b29d510b10fafb7a158f7737e5d\windows-amd64\native-platform.dll
0x00007ffd60230000 - 0x00007ffd6036d000 	C:\Users\xpmkm\.gradle\native\53dbd7edfb1c66fb8903c78663c9afc45aea4f116125fa6feffd364cf09443e8\windows-amd64\native-platform-file-events.dll
0x00007ffd69300000 - 0x00007ffd6930a000 	C:\Program Files\Android\Android Studio3\jre\bin\management.dll
0x00007ffd69040000 - 0x00007ffd6904c000 	C:\Program Files\Android\Android Studio3\jre\bin\management_ext.dll
0x00007ffd6cfd0000 - 0x00007ffd6cfe8000 	C:\WINDOWS\SYSTEM32\CRYPTSP.dll
0x00007ffd6c890000 - 0x00007ffd6c8c5000 	C:\WINDOWS\system32\rsaenh.dll
0x00007ffd6ce80000 - 0x00007ffd6cea9000 	C:\WINDOWS\SYSTEM32\USERENV.dll
0x00007ffd6d1c0000 - 0x00007ffd6d1e8000 	C:\WINDOWS\SYSTEM32\bcrypt.dll
0x00007ffd6cff0000 - 0x00007ffd6cffc000 	C:\WINDOWS\SYSTEM32\CRYPTBASE.dll
0x00007ffd6c380000 - 0x00007ffd6c3ad000 	C:\WINDOWS\SYSTEM32\IPHLPAPI.DLL
0x00007ffd6e8f0000 - 0x00007ffd6e8f9000 	C:\WINDOWS\System32\NSI.dll
0x00007ffd67320000 - 0x00007ffd67339000 	C:\WINDOWS\SYSTEM32\dhcpcsvc6.DLL
0x00007ffd672e0000 - 0x00007ffd672fe000 	C:\WINDOWS\SYSTEM32\dhcpcsvc.DLL
0x00007ffd6c3b0000 - 0x00007ffd6c4a1000 	C:\WINDOWS\SYSTEM32\DNSAPI.dll
0x00007ffd60900000 - 0x00007ffd60927000 	C:\Program Files\Android\Android Studio3\jre\bin\sunec.dll
0x00007ffd60a80000 - 0x00007ffd60a8a000 	C:\Windows\System32\rasadhlp.dll
0x00007ffd65470000 - 0x00007ffd654f1000 	C:\WINDOWS\System32\fwpuclnt.dll

dbghelp: loaded successfully - version: 4.0.5 - missing functions: none
symbol engine: initialized successfully - sym options: 0x614 - pdb path: .;C:\Program Files\Android\Android Studio3\jre\bin;C:\WINDOWS\SYSTEM32;C:\WINDOWS\WinSxS\amd64_microsoft.windows.common-controls_6595b64144ccf1df_6.0.22471.1000_none_228bc6e77ad112f7;C:\Program Files\Android\Android Studio3\jre\bin\server;C:\Users\xpmkm\.gradle\native\8bec1ad78214c89d9ad589b4d07fe93259594b29d510b10fafb7a158f7737e5d\windows-amd64;C:\Users\xpmkm\.gradle\native\53dbd7edfb1c66fb8903c78663c9afc45aea4f116125fa6feffd364cf09443e8\windows-amd64

VM Arguments:
jvm_args: --add-opens=java.base/java.util=ALL-UNNAMED --add-opens=java.base/java.lang=ALL-UNNAMED --add-opens=java.base/java.lang.invoke=ALL-UNNAMED --add-opens=java.base/java.util=ALL-UNNAMED --add-opens=java.prefs/java.util.prefs=ALL-UNNAMED --add-opens=java.prefs/java.util.prefs=ALL-UNNAMED --add-opens=java.base/java.nio.charset=ALL-UNNAMED --add-opens=java.base/java.net=ALL-UNNAMED --add-opens=java.base/java.util.concurrent.atomic=ALL-UNNAMED -Xmx2048m -Dfile.encoding=UTF-8 -Duser.country=IN -Duser.language=en -Duser.variant 
java_command: org.gradle.launcher.daemon.bootstrap.GradleDaemon 7.0.2
java_class_path (initial): C:\Users\xpmkm\.gradle\wrapper\dists\gradle-7.0.2-bin\857tjihv64xamwrf0h14cai3r\gradle-7.0.2\lib\gradle-launcher-7.0.2.jar
Launcher Type: SUN_STANDARD

[Global flags]
     intx CICompilerCount                          = 4                                         {product} {ergonomic}
     uint ConcGCThreads                            = 2                                         {product} {ergonomic}
     uint G1ConcRefinementThreads                  = 8                                         {product} {ergonomic}
   size_t G1HeapRegionSize                         = 1048576                                   {product} {ergonomic}
    uintx GCDrainStackTargetSize                   = 64                                        {product} {ergonomic}
   size_t InitialHeapSize                          = 132120576                                 {product} {ergonomic}
   size_t MarkStackSize                            = 4194304                                   {product} {ergonomic}
   size_t MaxHeapSize                              = 2147483648                                {product} {command line}
   size_t MaxNewSize                               = 1287651328                                {product} {ergonomic}
   size_t MinHeapDeltaBytes                        = 1048576                                   {product} {ergonomic}
    uintx NonNMethodCodeHeapSize                   = 5836300                                {pd product} {ergonomic}
    uintx NonProfiledCodeHeapSize                  = 122910970                              {pd product} {ergonomic}
    uintx ProfiledCodeHeapSize                     = 122910970                              {pd product} {ergonomic}
    uintx ReservedCodeCacheSize                    = 251658240                              {pd product} {ergonomic}
     bool SegmentedCodeCache                       = true                                      {product} {ergonomic}
     bool UseCompressedClassPointers               = true                                 {lp64_product} {ergonomic}
     bool UseCompressedOops                        = true                                 {lp64_product} {ergonomic}
     bool UseG1GC                                  = true                                      {product} {ergonomic}
     bool UseLargePagesIndividualAllocation        = false                                  {pd product} {ergonomic}

Logging:
Log output configuration:
 #0: stdout all=warning uptime,level,tags
 #1: stderr all=off uptime,level,tags

Environment Variables:
PATH=C:\Program Files (x86)\Common Files\Oracle\Java\javapath;C:\WINDOWS\system32;C:\WINDOWS;C:\WINDOWS\System32\Wbem;C:\WINDOWS\System32\WindowsPowerShell\v1.0\;C:\WINDOWS\System32\OpenSSH\;C:\Program Files\Git\cmd;C:\Program Files\nodejs\;C:\xampp\php;C:\ProgramData\ComposerSetup\bin;C:\Users\xpmkm\AppData\Local\Android\Sdk\platform-tools;C:\Program Files\Java\jdk1.8.0_231\bin;C:\Program Files\opnsl\bin;C:\Users\xpmkm\AppData\Roaming\npm;C:\Users\xpmkm\AppData\Local\Programs\Microsoft VS Code\bin;C:\Program Files\flutter\bin;C:\Users\xpmkm\AppData\Roaming\Composer\vendor\bin;C:\Users\xpmkm\AppData\Local\Microsoft\WindowsApps;
USERNAME=xpmkm
OS=Windows_NT
PROCESSOR_IDENTIFIER=AMD64 Family 23 Model 24 Stepping 1, AuthenticAMD



---------------  S Y S T E M  ---------------

OS: Windows 10 , 64 bit Build 22471 (10.0.22471.1000)
OS uptime: 0 days 0:25 hours

CPU:total 8 (initial active 8) (8 cores per cpu, 2 threads per core) family 23 model 24 stepping 1 microcode 0x0, cmov, cx8, fxsr, mmx, sse, sse2, sse3, ssse3, sse4.1, sse4.2, popcnt, avx, avx2, aes, clmul, mmxext, 3dnowpref, lzcnt, sse4a, ht, tsc, tscinvbit, tscinv, bmi1, bmi2, adx, s

Memory: 4k page, system-wide physical 8002M (470M free)
TotalPageFile size 12098M (AvailPageFile size 35M)
current process WorkingSet (physical memory assigned to process): 541M, peak: 543M
current process commit charge ("private bytes"): 581M, peak: 639M

vm_info: OpenJDK 64-Bit Server VM (11.0.10+0-b96-7249189) for windows-amd64 JRE (11.0.10+0-b96-7249189), built on Mar 31 2021 21:44:00 by "builder" with MS VC++ 14.0 (VS2015)

END.
