#
# There is insufficient memory for the Java Runtime Environment to continue.
# Native memory allocation (malloc) failed to allocate 2448816 bytes for Chunk::new
# Possible reasons:
#   The system is out of physical RAM or swap space
#   The process is running with CompressedOops enabled, and the Java Heap may be blocking the growth of the native heap
# Possible solutions:
#   Reduce memory load on the system
#   Increase physical memory or swap space
#   Check if swap backing store is full
#   Decrease Java heap size (-Xmx/-Xms)
#   Decrease number of Java threads
#   Decrease Java thread stack sizes (-Xss)
#   Set larger code cache with -XX:ReservedCodeCacheSize=
#   JVM is running with Unscaled Compressed Oops mode in which the Java heap is
#     placed in the first 4GB address space. The Java Heap base address is the
#     maximum limit for the native heap growth. Please use -XX:HeapBaseMinAddress
#     to set the Java Heap base and to place the Java Heap above 4GB virtual address.
# This output file may be truncated or incomplete.
#
#  Out of Memory Error (./src/hotspot/share/memory/arena.cpp:197), pid=14584, tid=13784
#
# JRE version: OpenJDK Runtime Environment (11.0.10) (build 11.0.10+0-b96-7249189)
# Java VM: OpenJDK 64-Bit Server VM (11.0.10+0-b96-7249189, mixed mode, tiered, compressed oops, g1 gc, windows-amd64)
# No core dump will be written. Minidumps are not enabled by default on client versions of Windows
#

---------------  S U M M A R Y ------------

Command Line: --add-opens=java.base/java.util=ALL-UNNAMED --add-opens=java.base/java.lang=ALL-UNNAMED --add-opens=java.base/java.lang.invoke=ALL-UNNAMED --add-opens=java.base/java.util=ALL-UNNAMED --add-opens=java.prefs/java.util.prefs=ALL-UNNAMED --add-opens=java.prefs/java.util.prefs=ALL-UNNAMED --add-opens=java.base/java.nio.charset=ALL-UNNAMED --add-opens=java.base/java.net=ALL-UNNAMED --add-opens=java.base/java.util.concurrent.atomic=ALL-UNNAMED -Xmx2048m -Dfile.encoding=UTF-8 -Duser.country=IN -Duser.language=en -Duser.variant org.gradle.launcher.daemon.bootstrap.GradleDaemon 7.0.2

Host: AMD Ryzen 5 3550H with Radeon Vega Mobile Gfx  , 8 cores, 7G,  Windows 10 , 64 bit Build 22471 (10.0.22471.1000)
Time: Fri Oct  8 13:12:31 2021 India Standard Time elapsed time: 37.821486 seconds (0d 0h 0m 37s)

---------------  T H R E A D  ---------------

Current thread (0x000001dfd6fe8000):  JavaThread "C2 CompilerThread0" daemon [_thread_in_native, id=13784, stack(0x00000038bc100000,0x00000038bc200000)]


Current CompileTask:
C2:  37821 17868       4       com.sun.tools.javac.comp.Resolve::findInheritedMemberType (186 bytes)

Stack: [0x00000038bc100000,0x00000038bc200000]
Native frames: (J=compiled Java code, j=interpreted, Vv=VM code, C=native code)
V  [jvm.dll+0x5ecfaa]
V  [jvm.dll+0x722bd5]
V  [jvm.dll+0x72412d]
V  [jvm.dll+0x7247e3]
V  [jvm.dll+0x242928]
V  [jvm.dll+0xbc4fc]
V  [jvm.dll+0xbca0c]
V  [jvm.dll+0x352d7d]
V  [jvm.dll+0x197e0c]
V  [jvm.dll+0x1fb70e]
V  [jvm.dll+0x1fa7f4]
V  [jvm.dll+0x18354c]
V  [jvm.dll+0x208ee7]
V  [jvm.dll+0x207731]
V  [jvm.dll+0x6eb1cf]
V  [jvm.dll+0x6e3d45]
V  [jvm.dll+0x5ebe96]
C  [ucrtbase.dll+0x293cc]
C  [KERNEL32.DLL+0x16ab0]
C  [ntdll.dll+0x5c44b]


---------------  P R O C E S S  ---------------

Threads class SMR info:
_java_thread_list=0x000001dfe0cc4920, length=67, elements={
0x000001dfbcb46000, 0x000001dfd6fce800, 0x000001dfd6fda000, 0x000001dfd7944800,
0x000001dfd7946000, 0x000001dfd7949000, 0x000001dfd6fe8000, 0x000001dfd6fee000,
0x000001dfd6ff1000, 0x000001dfd7aba800, 0x000001dfda253800, 0x000001dfd8470800,
0x000001dfd7c23800, 0x000001dfda193800, 0x000001dfd9c58800, 0x000001dfda3e8800,
0x000001dfda4eb800, 0x000001dfda4ec000, 0x000001dfda2d7000, 0x000001dfd926e800,
0x000001dfd9270000, 0x000001dfd9271000, 0x000001dfd9271800, 0x000001dfd926d800,
0x000001dfd926d000, 0x000001dfd926f800, 0x000001dfd926c000, 0x000001dfd9272800,
0x000001dfdb236800, 0x000001dfdb235800, 0x000001dfdb23a800, 0x000001dfdb234800,
0x000001dfdb23c000, 0x000001dfdb23b800, 0x000001dfdb237000, 0x000001dfdb23d000,
0x000001dfdb23d800, 0x000001dfdb238000, 0x000001dfdb241000, 0x000001dfdb23f800,
0x000001dfdb23e800, 0x000001dfdb243800, 0x000001dfdb242800, 0x000001dfdb242000,
0x000001dfdb240000, 0x000001dfde8f4800, 0x000001dfde8f6000, 0x000001dfde8f6800,
0x000001dfde8f1000, 0x000001dfde8f3800, 0x000001dfde8f7800, 0x000001dfde8f2000,
0x000001dfde8f2800, 0x000001dfde8f8800, 0x000001dfde8fb000, 0x000001dfde8f5000,
0x000001dfde8fc800, 0x000001dfde8fe000, 0x000001dfde8fd800, 0x000001dfde8f9000,
0x000001dfe0eda000, 0x000001dfe0edb000, 0x000001dfe0edc800, 0x000001dfe0ede000,
0x000001dfe0edb800, 0x000001dfe0ed8800, 0x000001dfdd12c000
}

Java Threads: ( => current thread )
  0x000001dfbcb46000 JavaThread "main" [_thread_blocked, id=15160, stack(0x00000038bb500000,0x00000038bb600000)]
  0x000001dfd6fce800 JavaThread "Reference Handler" daemon [_thread_blocked, id=11616, stack(0x00000038bbc00000,0x00000038bbd00000)]
  0x000001dfd6fda000 JavaThread "Finalizer" daemon [_thread_blocked, id=15168, stack(0x00000038bbd00000,0x00000038bbe00000)]
  0x000001dfd7944800 JavaThread "Signal Dispatcher" daemon [_thread_blocked, id=5252, stack(0x00000038bbe00000,0x00000038bbf00000)]
  0x000001dfd7946000 JavaThread "Attach Listener" daemon [_thread_blocked, id=8644, stack(0x00000038bbf00000,0x00000038bc000000)]
  0x000001dfd7949000 JavaThread "Service Thread" daemon [_thread_blocked, id=16240, stack(0x00000038bc000000,0x00000038bc100000)]
=>0x000001dfd6fe8000 JavaThread "C2 CompilerThread0" daemon [_thread_in_native, id=13784, stack(0x00000038bc100000,0x00000038bc200000)]
  0x000001dfd6fee000 JavaThread "C1 CompilerThread0" daemon [_thread_in_native, id=2304, stack(0x00000038bc200000,0x00000038bc300000)]
  0x000001dfd6ff1000 JavaThread "Sweeper thread" daemon [_thread_blocked, id=12676, stack(0x00000038bc300000,0x00000038bc400000)]
  0x000001dfd7aba800 JavaThread "Common-Cleaner" daemon [_thread_blocked, id=15288, stack(0x00000038bc400000,0x00000038bc500000)]
  0x000001dfda253800 JavaThread "Daemon health stats" [_thread_blocked, id=8184, stack(0x00000038bca00000,0x00000038bcb00000)]
  0x000001dfd8470800 JavaThread "Incoming local TCP Connector on port 58756" [_thread_in_native, id=15740, stack(0x00000038bc600000,0x00000038bc700000)]
  0x000001dfd7c23800 JavaThread "Daemon periodic checks" [_thread_blocked, id=6300, stack(0x00000038bcb00000,0x00000038bcc00000)]
  0x000001dfda193800 JavaThread "Daemon" [_thread_blocked, id=14640, stack(0x00000038bcc00000,0x00000038bcd00000)]
  0x000001dfd9c58800 JavaThread "Handler for socket connection from /127.0.0.1:58756 to /127.0.0.1:58757" [_thread_in_native, id=11728, stack(0x00000038bcd00000,0x00000038bce00000)]
  0x000001dfda3e8800 JavaThread "Cancel handler" [_thread_blocked, id=5308, stack(0x00000038bce00000,0x00000038bcf00000)]
  0x000001dfda4eb800 JavaThread "Daemon worker" [_thread_blocked, id=13868, stack(0x00000038bcf00000,0x00000038bd000000)]
  0x000001dfda4ec000 JavaThread "Asynchronous log dispatcher for DefaultDaemonConnection: socket connection from /127.0.0.1:58756 to /127.0.0.1:58757" [_thread_blocked, id=168, stack(0x00000038bd000000,0x00000038bd100000)]
  0x000001dfda2d7000 JavaThread "Stdin handler" [_thread_blocked, id=14892, stack(0x00000038bd100000,0x00000038bd200000)]
  0x000001dfd926e800 JavaThread "Daemon client event forwarder" [_thread_blocked, id=10468, stack(0x00000038bd200000,0x00000038bd300000)]
  0x000001dfd9270000 JavaThread "Cache worker for file hash cache (C:\Users\xpmkm\.gradle\caches\7.0.2\fileHashes)" [_thread_blocked, id=13224, stack(0x00000038bd800000,0x00000038bd900000)]
  0x000001dfd9271000 JavaThread "File lock request listener" [_thread_in_native, id=3288, stack(0x00000038bd900000,0x00000038bda00000)]
  0x000001dfd9271800 JavaThread "Cache worker for journal cache (C:\Users\xpmkm\.gradle\caches\journal-1)" [_thread_blocked, id=12520, stack(0x00000038bdb00000,0x00000038bdc00000)]
  0x000001dfd926d800 JavaThread "Cache worker for file hash cache (C:\Users\xpmkm\Desktop\update_code_vezilla-server\codecanyon-L2GSbXtH-dairy-products-grocery-daily-milk-delivery-mobile-app-with-subscription-customer-app-delivery\test-vezilla-android-workspace\.gradle\7.0.2\fileHashes)" [_thread_blocked, id=10540, stack(0x00000038bdc00000,0x00000038bdd00000)]
  0x000001dfd926d000 JavaThread "File watcher server" daemon [_thread_in_native, id=8700, stack(0x00000038bdd00000,0x00000038bde00000)]
  0x000001dfd926f800 JavaThread "File watcher consumer" daemon [_thread_blocked, id=9492, stack(0x00000038bde00000,0x00000038bdf00000)]
  0x000001dfd926c000 JavaThread "Cache worker for checksums cache (C:\Users\xpmkm\Desktop\update_code_vezilla-server\codecanyon-L2GSbXtH-dairy-products-grocery-daily-milk-delivery-mobile-app-with-subscription-customer-app-delivery\test-vezilla-android-workspace\.gradle\checksums)" [_thread_blocked, id=8928, stack(0x00000038bdf00000,0x00000038be000000)]
  0x000001dfd9272800 JavaThread "Cache worker for cache directory md-supplier (C:\Users\xpmkm\.gradle\caches\7.0.2\md-supplier)" [_thread_blocked, id=8596, stack(0x00000038be000000,0x00000038be100000)]
  0x000001dfdb236800 JavaThread "Cache worker for cache directory md-rule (C:\Users\xpmkm\.gradle\caches\7.0.2\md-rule)" [_thread_blocked, id=14888, stack(0x00000038be100000,0x00000038be200000)]
  0x000001dfdb235800 JavaThread "Cache worker for execution history cache (C:\Users\xpmkm\.gradle\caches\7.0.2\executionHistory)" [_thread_blocked, id=3888, stack(0x00000038be200000,0x00000038be300000)]
  0x000001dfdb23a800 JavaThread "jar transforms" [_thread_blocked, id=13000, stack(0x00000038be400000,0x00000038be500000)]
  0x000001dfdb234800 JavaThread "jar transforms Thread 2" [_thread_blocked, id=14316, stack(0x00000038be500000,0x00000038be600000)]
  0x000001dfdb23c000 JavaThread "Cache worker for file content cache (C:\Users\xpmkm\.gradle\caches\7.0.2\fileContent)" [_thread_blocked, id=9348, stack(0x00000038be600000,0x00000038be700000)]
  0x000001dfdb23b800 JavaThread "Cache worker for dependencies-accessors (C:\Users\xpmkm\Desktop\update_code_vezilla-server\codecanyon-L2GSbXtH-dairy-products-grocery-daily-milk-delivery-mobile-app-with-subscription-customer-app-delivery\test-vezilla-android-workspace\.gradle\7.0.2\dependencies-accessors)" [_thread_blocked, id=12784, stack(0x00000038be700000,0x00000038be800000)]
  0x000001dfdb237000 JavaThread "jar transforms Thread 3" [_thread_blocked, id=8404, stack(0x00000038be800000,0x00000038be900000)]
  0x000001dfdb23d000 JavaThread "Cache worker for Build Output Cleanup Cache (C:\Users\xpmkm\Desktop\update_code_vezilla-server\codecanyon-L2GSbXtH-dairy-products-grocery-daily-milk-delivery-mobile-app-with-subscription-customer-app-delivery\test-vezilla-android-workspace\.gradle\buildOutputCleanup)" [_thread_blocked, id=14228, stack(0x00000038be900000,0x00000038bea00000)]
  0x000001dfdb23d800 JavaThread "Build operations" [_thread_blocked, id=15444, stack(0x00000038bea00000,0x00000038beb00000)]
  0x000001dfdb238000 JavaThread "Build operations Thread 2" [_thread_blocked, id=1508, stack(0x00000038beb00000,0x00000038bec00000)]
  0x000001dfdb241000 JavaThread "Build operations Thread 3" [_thread_blocked, id=1212, stack(0x00000038bec00000,0x00000038bed00000)]
  0x000001dfdb23f800 JavaThread "Build operations Thread 4" [_thread_blocked, id=14700, stack(0x00000038bed00000,0x00000038bee00000)]
  0x000001dfdb23e800 JavaThread "Build operations Thread 5" [_thread_blocked, id=9072, stack(0x00000038bee00000,0x00000038bef00000)]
  0x000001dfdb243800 JavaThread "Build operations Thread 6" [_thread_blocked, id=3404, stack(0x00000038bef00000,0x00000038bf000000)]
  0x000001dfdb242800 JavaThread "Build operations Thread 7" [_thread_blocked, id=15120, stack(0x00000038bf000000,0x00000038bf100000)]
  0x000001dfdb242000 JavaThread "Build operations Thread 8" [_thread_blocked, id=15888, stack(0x00000038bf100000,0x00000038bf200000)]
  0x000001dfdb240000 JavaThread "jar transforms Thread 4" [_thread_blocked, id=3644, stack(0x00000038bf200000,0x00000038bf300000)]
  0x000001dfde8f4800 JavaThread "jar transforms Thread 5" [_thread_blocked, id=13368, stack(0x00000038bf300000,0x00000038bf400000)]
  0x000001dfde8f6000 JavaThread "jar transforms Thread 6" [_thread_blocked, id=15144, stack(0x00000038bf400000,0x00000038bf500000)]
  0x000001dfde8f6800 JavaThread "jar transforms Thread 7" [_thread_blocked, id=6788, stack(0x00000038bf500000,0x00000038bf600000)]
  0x000001dfde8f1000 JavaThread "jar transforms Thread 8" [_thread_blocked, id=2120, stack(0x00000038bf600000,0x00000038bf700000)]
  0x000001dfde8f3800 JavaThread "Memory manager" [_thread_blocked, id=6324, stack(0x00000038bf700000,0x00000038bf800000)]
  0x000001dfde8f7800 JavaThread "build event listener" [_thread_blocked, id=15620, stack(0x00000038bf800000,0x00000038bf900000)]
  0x000001dfde8f2000 JavaThread "Execution worker for ':'" [_thread_blocked, id=9932, stack(0x00000038bf900000,0x00000038bfa00000)]
  0x000001dfde8f2800 JavaThread "Execution worker for ':' Thread 2" [_thread_blocked, id=5908, stack(0x00000038bfa00000,0x00000038bfb00000)]
  0x000001dfde8f8800 JavaThread "Execution worker for ':' Thread 3" [_thread_blocked, id=1460, stack(0x00000038bfb00000,0x00000038bfc00000)]
  0x000001dfde8fb000 JavaThread "Execution worker for ':' Thread 4" [_thread_blocked, id=11552, stack(0x00000038bfc00000,0x00000038bfd00000)]
  0x000001dfde8f5000 JavaThread "Execution worker for ':' Thread 5" [_thread_blocked, id=14720, stack(0x00000038bfd00000,0x00000038bfe00000)]
  0x000001dfde8fc800 JavaThread "Execution worker for ':' Thread 6" [_thread_in_Java, id=12060, stack(0x00000038bfe00000,0x00000038bff00000)]
  0x000001dfde8fe000 JavaThread "Execution worker for ':' Thread 7" [_thread_blocked, id=10828, stack(0x00000038bff00000,0x00000038c0000000)]
  0x000001dfde8fd800 JavaThread "Cache worker for execution history cache (C:\Users\xpmkm\Desktop\update_code_vezilla-server\codecanyon-L2GSbXtH-dairy-products-grocery-daily-milk-delivery-mobile-app-with-subscription-customer-app-delivery\test-vezilla-android-workspace\.gradle\7.0.2\executionHistory)" [_thread_blocked, id=1744, stack(0x00000038c0000000,0x00000038c0100000)]
  0x000001dfde8f9000 JavaThread "WorkerExecutor Queue" [_thread_blocked, id=7580, stack(0x00000038be300000,0x00000038be400000)]
  0x000001dfe0eda000 JavaThread "Java2D Disposer" daemon [_thread_blocked, id=2088, stack(0x00000038c0900000,0x00000038c0a00000)]
  0x000001dfe0edb000 JavaThread "pool-3-thread-1" [_thread_blocked, id=6528, stack(0x00000038c0a00000,0x00000038c0b00000)]
  0x000001dfe0edc800 JavaThread "stderr" [_thread_in_native, id=10852, stack(0x00000038c0b00000,0x00000038c0c00000)]
  0x000001dfe0ede000 JavaThread "stdout" [_thread_in_native, id=13492, stack(0x00000038c0c00000,0x00000038c0d00000)]
  0x000001dfe0edb800 JavaThread "Cache worker for Java compile cache (C:\Users\xpmkm\.gradle\caches\7.0.2\javaCompile)" [_thread_blocked, id=7528, stack(0x00000038c0300000,0x00000038c0400000)]
  0x000001dfe0ed8800 JavaThread "Cache worker for Java compile cache (C:\Users\xpmkm\Desktop\update_code_vezilla-server\codecanyon-L2GSbXtH-dairy-products-grocery-daily-milk-delivery-mobile-app-with-subscription-customer-app-delivery\test-vezilla-android-workspace\.gradle\7.0.2\javaCompile)" [_thread_blocked, id=3960, stack(0x00000038c0400000,0x00000038c0500000)]
  0x000001dfdd12c000 JavaThread "C2 CompilerThread1" daemon [_thread_in_native, id=8188, stack(0x00000038c0200000,0x00000038c0300000)]

Other Threads:
  0x000001dfd6fcb000 VMThread "VM Thread" [stack: 0x00000038bbb00000,0x00000038bbc00000] [id=15852]
  0x000001dfd7ac6000 WatcherThread [stack: 0x00000038bc500000,0x00000038bc600000] [id=15340]
  0x000001dfbcb60000 GCTaskThread "GC Thread#0" [stack: 0x00000038bb600000,0x00000038bb700000] [id=15136]
  0x000001dfd861f800 GCTaskThread "GC Thread#1" [stack: 0x00000038bc800000,0x00000038bc900000] [id=1592]
  0x000001dfd86e5800 GCTaskThread "GC Thread#2" [stack: 0x00000038bc900000,0x00000038bca00000] [id=15096]
  0x000001dfd9777000 GCTaskThread "GC Thread#3" [stack: 0x00000038bd300000,0x00000038bd400000] [id=1436]
  0x000001dfd9828800 GCTaskThread "GC Thread#4" [stack: 0x00000038bd400000,0x00000038bd500000] [id=292]
  0x000001dfd9ca1800 GCTaskThread "GC Thread#5" [stack: 0x00000038bd500000,0x00000038bd600000] [id=8812]
  0x000001dfd9ae0000 GCTaskThread "GC Thread#6" [stack: 0x00000038bd600000,0x00000038bd700000] [id=15084]
  0x000001dfd98d7800 GCTaskThread "GC Thread#7" [stack: 0x00000038bd700000,0x00000038bd800000] [id=2012]
  0x000001dfbcb91800 ConcurrentGCThread "G1 Main Marker" [stack: 0x00000038bb700000,0x00000038bb800000] [id=14280]
  0x000001dfbcb93000 ConcurrentGCThread "G1 Conc#0" [stack: 0x00000038bb800000,0x00000038bb900000] [id=5536]
  0x000001dfd986e800 ConcurrentGCThread "G1 Conc#1" [stack: 0x00000038bda00000,0x00000038bdb00000] [id=8076]
  0x000001dfbcc16800 ConcurrentGCThread "G1 Refine#0" [stack: 0x00000038bb900000,0x00000038bba00000] [id=16260]
  0x000001dfd6e21800 ConcurrentGCThread "G1 Young RemSet Sampling" [stack: 0x00000038bba00000,0x00000038bbb00000] [id=7596]

Threads with active compile tasks:
C2 CompilerThread0  37844 17868       4       com.sun.tools.javac.comp.Resolve::findInheritedMemberType (186 bytes)
C1 CompilerThread0  37844 18278       3       com.sun.tools.javac.processing.JavacRoundEnvironment$AnnotationSetScanner::scan (86 bytes)
C2 CompilerThread1  37844 17986       4       com.sun.tools.javac.code.Symbol$ClassSymbol::flags (9 bytes)

VM state:not at safepoint (normal execution)

VM Mutex/Monitor currently owned by a thread: None

Heap address: 0x0000000080000000, size: 2048 MB, Compressed Oops mode: 32-bit
Narrow klass base: 0x0000000000000000, Narrow klass shift: 3
Compressed class space size: 1073741824 Address: 0x0000000100000000

Heap:
 garbage-first heap   total 187392K, used 142070K [0x0000000080000000, 0x0000000100000000)
  region size 1024K, 16 young (16384K), 4 survivors (4096K)
 Metaspace       used 109631K, capacity 112659K, committed 112844K, reserved 1146880K
  class space    used 13412K, capacity 14566K, committed 14616K, reserved 1048576K
Heap Regions: E=young(eden), S=young(survivor), O=old, HS=humongous(starts), HC=humongous(continues), CS=collection set, F=free, A=archive, TAMS=top-at-mark-start (previous, next)
|   0|0x0000000080000000, 0x0000000080100000, 0x0000000080100000|100%| O|  |TAMS 0x0000000080100000, 0x0000000080000000| Untracked 
|   1|0x0000000080100000, 0x0000000080200000, 0x0000000080200000|100%| O|  |TAMS 0x0000000080200000, 0x0000000080100000| Untracked 
|   2|0x0000000080200000, 0x0000000080300000, 0x0000000080300000|100%| O|  |TAMS 0x0000000080300000, 0x0000000080200000| Untracked 
|   3|0x0000000080300000, 0x0000000080400000, 0x0000000080400000|100%|HS|  |TAMS 0x0000000080400000, 0x0000000080300000| Complete 
|   4|0x0000000080400000, 0x0000000080500000, 0x0000000080500000|100%|HC|  |TAMS 0x0000000080500000, 0x0000000080400000| Complete 
|   5|0x0000000080500000, 0x0000000080600000, 0x0000000080600000|100%|HC|  |TAMS 0x0000000080600000, 0x0000000080500000| Complete 
|   6|0x0000000080600000, 0x0000000080700000, 0x0000000080700000|100%| O|  |TAMS 0x0000000080700000, 0x0000000080600000| Untracked 
|   7|0x0000000080700000, 0x0000000080800000, 0x0000000080800000|100%| O|  |TAMS 0x0000000080800000, 0x0000000080700000| Untracked 
|   8|0x0000000080800000, 0x0000000080900000, 0x0000000080900000|100%| O|  |TAMS 0x0000000080900000, 0x0000000080800000| Untracked 
|   9|0x0000000080900000, 0x0000000080a00000, 0x0000000080a00000|100%| O|  |TAMS 0x0000000080a00000, 0x0000000080900000| Untracked 
|  10|0x0000000080a00000, 0x0000000080b00000, 0x0000000080b00000|100%| O|  |TAMS 0x0000000080b00000, 0x0000000080a00000| Untracked 
|  11|0x0000000080b00000, 0x0000000080c00000, 0x0000000080c00000|100%| O|  |TAMS 0x0000000080c00000, 0x0000000080b00000| Untracked 
|  12|0x0000000080c00000, 0x0000000080d00000, 0x0000000080d00000|100%| O|  |TAMS 0x0000000080d00000, 0x0000000080c00000| Untracked 
|  13|0x0000000080d00000, 0x0000000080e00000, 0x0000000080e00000|100%| O|  |TAMS 0x0000000080e00000, 0x0000000080d00000| Untracked 
|  14|0x0000000080e00000, 0x0000000080f00000, 0x0000000080f00000|100%| O|  |TAMS 0x0000000080f00000, 0x0000000080e00000| Untracked 
|  15|0x0000000080f00000, 0x0000000081000000, 0x0000000081000000|100%| O|  |TAMS 0x0000000081000000, 0x0000000080f00000| Untracked 
|  16|0x0000000081000000, 0x0000000081100000, 0x0000000081100000|100%| O|  |TAMS 0x0000000081100000, 0x0000000081000000| Untracked 
|  17|0x0000000081100000, 0x0000000081200000, 0x0000000081200000|100%| O|  |TAMS 0x0000000081200000, 0x0000000081100000| Untracked 
|  18|0x0000000081200000, 0x0000000081300000, 0x0000000081300000|100%|HS|  |TAMS 0x0000000081300000, 0x0000000081200000| Complete 
|  19|0x0000000081300000, 0x0000000081400000, 0x0000000081400000|100%| O|  |TAMS 0x0000000081400000, 0x0000000081300000| Untracked 
|  20|0x0000000081400000, 0x0000000081500000, 0x0000000081500000|100%| O|  |TAMS 0x0000000081500000, 0x0000000081400000| Untracked 
|  21|0x0000000081500000, 0x0000000081600000, 0x0000000081600000|100%| O|  |TAMS 0x0000000081600000, 0x0000000081500000| Untracked 
|  22|0x0000000081600000, 0x0000000081700000, 0x0000000081700000|100%|HS|  |TAMS 0x0000000081700000, 0x0000000081600000| Complete 
|  23|0x0000000081700000, 0x0000000081800000, 0x0000000081800000|100%|HS|  |TAMS 0x0000000081800000, 0x0000000081700000| Complete 
|  24|0x0000000081800000, 0x0000000081900000, 0x0000000081900000|100%|HC|  |TAMS 0x0000000081900000, 0x0000000081800000| Complete 
|  25|0x0000000081900000, 0x0000000081a00000, 0x0000000081a00000|100%| O|  |TAMS 0x0000000081a00000, 0x0000000081900000| Untracked 
|  26|0x0000000081a00000, 0x0000000081b00000, 0x0000000081b00000|100%| O|  |TAMS 0x0000000081b00000, 0x0000000081a00000| Untracked 
|  27|0x0000000081b00000, 0x0000000081c00000, 0x0000000081c00000|100%| O|  |TAMS 0x0000000081c00000, 0x0000000081b00000| Untracked 
|  28|0x0000000081c00000, 0x0000000081d00000, 0x0000000081d00000|100%| O|  |TAMS 0x0000000081d00000, 0x0000000081c00000| Untracked 
|  29|0x0000000081d00000, 0x0000000081e00000, 0x0000000081e00000|100%| O|  |TAMS 0x0000000081e00000, 0x0000000081d00000| Untracked 
|  30|0x0000000081e00000, 0x0000000081f00000, 0x0000000081f00000|100%| O|  |TAMS 0x0000000081f00000, 0x0000000081e00000| Untracked 
|  31|0x0000000081f00000, 0x0000000082000000, 0x0000000082000000|100%| O|  |TAMS 0x0000000082000000, 0x0000000081f00000| Untracked 
|  32|0x0000000082000000, 0x0000000082100000, 0x0000000082100000|100%| O|  |TAMS 0x0000000082100000, 0x0000000082000000| Untracked 
|  33|0x0000000082100000, 0x0000000082200000, 0x0000000082200000|100%| O|  |TAMS 0x0000000082200000, 0x0000000082100000| Untracked 
|  34|0x0000000082200000, 0x0000000082300000, 0x0000000082300000|100%| O|  |TAMS 0x0000000082300000, 0x0000000082200000| Untracked 
|  35|0x0000000082300000, 0x0000000082400000, 0x0000000082400000|100%| O|  |TAMS 0x0000000082400000, 0x0000000082300000| Untracked 
|  36|0x0000000082400000, 0x0000000082500000, 0x0000000082500000|100%| O|  |TAMS 0x0000000082500000, 0x0000000082400000| Untracked 
|  37|0x0000000082500000, 0x0000000082600000, 0x0000000082600000|100%| O|  |TAMS 0x0000000082600000, 0x0000000082500000| Untracked 
|  38|0x0000000082600000, 0x0000000082700000, 0x0000000082700000|100%| O|  |TAMS 0x0000000082700000, 0x0000000082600000| Untracked 
|  39|0x0000000082700000, 0x0000000082800000, 0x0000000082800000|100%| O|  |TAMS 0x0000000082800000, 0x0000000082700000| Untracked 
|  40|0x0000000082800000, 0x0000000082900000, 0x0000000082900000|100%| O|  |TAMS 0x0000000082900000, 0x0000000082800000| Untracked 
|  41|0x0000000082900000, 0x0000000082a00000, 0x0000000082a00000|100%| O|  |TAMS 0x0000000082a00000, 0x0000000082900000| Untracked 
|  42|0x0000000082a00000, 0x0000000082b00000, 0x0000000082b00000|100%| O|  |TAMS 0x0000000082b00000, 0x0000000082a00000| Untracked 
|  43|0x0000000082b00000, 0x0000000082c00000, 0x0000000082c00000|100%| O|  |TAMS 0x0000000082c00000, 0x0000000082b00000| Untracked 
|  44|0x0000000082c00000, 0x0000000082d00000, 0x0000000082d00000|100%| O|  |TAMS 0x0000000082d00000, 0x0000000082c00000| Untracked 
|  45|0x0000000082d00000, 0x0000000082e00000, 0x0000000082e00000|100%| O|  |TAMS 0x0000000082e00000, 0x0000000082d00000| Untracked 
|  46|0x0000000082e00000, 0x0000000082f00000, 0x0000000082f00000|100%| O|  |TAMS 0x0000000082f00000, 0x0000000082e00000| Untracked 
|  47|0x0000000082f00000, 0x0000000083000000, 0x0000000083000000|100%| O|  |TAMS 0x0000000083000000, 0x0000000082f00000| Untracked 
|  48|0x0000000083000000, 0x0000000083100000, 0x0000000083100000|100%| O|  |TAMS 0x0000000083100000, 0x0000000083000000| Untracked 
|  49|0x0000000083100000, 0x0000000083200000, 0x0000000083200000|100%| O|  |TAMS 0x0000000083200000, 0x0000000083100000| Untracked 
|  50|0x0000000083200000, 0x0000000083300000, 0x0000000083300000|100%| O|  |TAMS 0x0000000083300000, 0x0000000083200000| Untracked 
|  51|0x0000000083300000, 0x0000000083400000, 0x0000000083400000|100%| O|  |TAMS 0x0000000083400000, 0x0000000083300000| Untracked 
|  52|0x0000000083400000, 0x0000000083500000, 0x0000000083500000|100%| O|  |TAMS 0x0000000083500000, 0x0000000083400000| Untracked 
|  53|0x0000000083500000, 0x0000000083600000, 0x0000000083600000|100%| O|  |TAMS 0x0000000083600000, 0x0000000083500000| Untracked 
|  54|0x0000000083600000, 0x0000000083700000, 0x0000000083700000|100%| O|  |TAMS 0x0000000083700000, 0x0000000083600000| Untracked 
|  55|0x0000000083700000, 0x0000000083800000, 0x0000000083800000|100%| O|  |TAMS 0x0000000083800000, 0x0000000083700000| Untracked 
|  56|0x0000000083800000, 0x0000000083900000, 0x0000000083900000|100%| O|  |TAMS 0x0000000083900000, 0x0000000083800000| Untracked 
|  57|0x0000000083900000, 0x0000000083a00000, 0x0000000083a00000|100%| O|  |TAMS 0x0000000083a00000, 0x0000000083900000| Untracked 
|  58|0x0000000083a00000, 0x0000000083b00000, 0x0000000083b00000|100%| O|  |TAMS 0x0000000083b00000, 0x0000000083a00000| Untracked 
|  59|0x0000000083b00000, 0x0000000083c00000, 0x0000000083c00000|100%| O|  |TAMS 0x0000000083c00000, 0x0000000083b00000| Untracked 
|  60|0x0000000083c00000, 0x0000000083d00000, 0x0000000083d00000|100%| O|  |TAMS 0x0000000083d00000, 0x0000000083c00000| Untracked 
|  61|0x0000000083d00000, 0x0000000083e00000, 0x0000000083e00000|100%| O|  |TAMS 0x0000000083e00000, 0x0000000083d00000| Untracked 
|  62|0x0000000083e00000, 0x0000000083f00000, 0x0000000083f00000|100%| O|  |TAMS 0x0000000083f00000, 0x0000000083e00000| Untracked 
|  63|0x0000000083f00000, 0x0000000084000000, 0x0000000084000000|100%| O|  |TAMS 0x0000000084000000, 0x0000000083f00000| Untracked 
|  64|0x0000000084000000, 0x0000000084100000, 0x0000000084100000|100%| O|  |TAMS 0x0000000084100000, 0x0000000084000000| Untracked 
|  65|0x0000000084100000, 0x0000000084200000, 0x0000000084200000|100%| O|  |TAMS 0x0000000084200000, 0x0000000084100000| Untracked 
|  66|0x0000000084200000, 0x0000000084300000, 0x0000000084300000|100%| O|  |TAMS 0x0000000084300000, 0x0000000084200000| Untracked 
|  67|0x0000000084300000, 0x0000000084400000, 0x0000000084400000|100%| O|  |TAMS 0x0000000084400000, 0x0000000084300000| Untracked 
|  68|0x0000000084400000, 0x0000000084500000, 0x0000000084500000|100%| O|  |TAMS 0x0000000084500000, 0x0000000084400000| Untracked 
|  69|0x0000000084500000, 0x0000000084600000, 0x0000000084600000|100%| O|  |TAMS 0x0000000084600000, 0x0000000084500000| Untracked 
|  70|0x0000000084600000, 0x0000000084700000, 0x0000000084700000|100%| O|  |TAMS 0x0000000084700000, 0x0000000084600000| Untracked 
|  71|0x0000000084700000, 0x0000000084800000, 0x0000000084800000|100%| O|  |TAMS 0x0000000084777c00, 0x0000000084700000| Untracked 
|  72|0x0000000084800000, 0x0000000084900000, 0x0000000084900000|100%| O|  |TAMS 0x0000000084800000, 0x0000000084800000| Untracked 
|  73|0x0000000084900000, 0x0000000084a00000, 0x0000000084a00000|100%| O|  |TAMS 0x0000000084900000, 0x0000000084900000| Untracked 
|  74|0x0000000084a00000, 0x0000000084b00000, 0x0000000084b00000|100%| O|  |TAMS 0x0000000084b00000, 0x0000000084a00000| Untracked 
|  75|0x0000000084b00000, 0x0000000084c00000, 0x0000000084c00000|100%| O|  |TAMS 0x0000000084c00000, 0x0000000084b00000| Untracked 
|  76|0x0000000084c00000, 0x0000000084d00000, 0x0000000084d00000|100%| O|  |TAMS 0x0000000084d00000, 0x0000000084c00000| Untracked 
|  77|0x0000000084d00000, 0x0000000084e00000, 0x0000000084e00000|100%| O|  |TAMS 0x0000000084e00000, 0x0000000084d00000| Untracked 
|  78|0x0000000084e00000, 0x0000000084f00000, 0x0000000084f00000|100%| O|  |TAMS 0x0000000084f00000, 0x0000000084e00000| Untracked 
|  79|0x0000000084f00000, 0x0000000085000000, 0x0000000085000000|100%| O|  |TAMS 0x0000000085000000, 0x0000000084f00000| Untracked 
|  80|0x0000000085000000, 0x0000000085100000, 0x0000000085100000|100%| O|  |TAMS 0x0000000085100000, 0x0000000085000000| Untracked 
|  81|0x0000000085100000, 0x0000000085200000, 0x0000000085200000|100%| O|  |TAMS 0x0000000085100000, 0x0000000085100000| Untracked 
|  82|0x0000000085200000, 0x0000000085300000, 0x0000000085300000|100%| O|  |TAMS 0x0000000085300000, 0x0000000085200000| Untracked 
|  83|0x0000000085300000, 0x0000000085400000, 0x0000000085400000|100%| O|  |TAMS 0x0000000085400000, 0x0000000085300000| Untracked 
|  84|0x0000000085400000, 0x0000000085500000, 0x0000000085500000|100%| O|  |TAMS 0x0000000085500000, 0x0000000085400000| Untracked 
|  85|0x0000000085500000, 0x0000000085600000, 0x0000000085600000|100%| O|  |TAMS 0x0000000085500000, 0x0000000085500000| Untracked 
|  86|0x0000000085600000, 0x0000000085700000, 0x0000000085700000|100%| O|  |TAMS 0x0000000085600000, 0x0000000085600000| Untracked 
|  87|0x0000000085700000, 0x0000000085800000, 0x0000000085800000|100%| O|  |TAMS 0x0000000085700000, 0x0000000085700000| Untracked 
|  88|0x0000000085800000, 0x0000000085900000, 0x0000000085900000|100%| O|  |TAMS 0x0000000085900000, 0x0000000085800000| Untracked 
|  89|0x0000000085900000, 0x0000000085a00000, 0x0000000085a00000|100%| O|  |TAMS 0x0000000085900000, 0x0000000085900000| Untracked 
|  90|0x0000000085a00000, 0x0000000085b00000, 0x0000000085b00000|100%| O|  |TAMS 0x0000000085a00000, 0x0000000085a00000| Untracked 
|  91|0x0000000085b00000, 0x0000000085c00000, 0x0000000085c00000|100%| O|  |TAMS 0x0000000085b00000, 0x0000000085b00000| Untracked 
|  92|0x0000000085c00000, 0x0000000085d00000, 0x0000000085d00000|100%| O|  |TAMS 0x0000000085c00000, 0x0000000085c00000| Untracked 
|  93|0x0000000085d00000, 0x0000000085e00000, 0x0000000085e00000|100%| O|  |TAMS 0x0000000085d00000, 0x0000000085d00000| Untracked 
|  94|0x0000000085e00000, 0x0000000085f00000, 0x0000000085f00000|100%| O|  |TAMS 0x0000000085e00000, 0x0000000085e00000| Untracked 
|  95|0x0000000085f00000, 0x0000000086000000, 0x0000000086000000|100%|HS|  |TAMS 0x0000000085f00000, 0x0000000085f00000| Complete 
|  96|0x0000000086000000, 0x0000000086100000, 0x0000000086100000|100%|HC|  |TAMS 0x0000000086000000, 0x0000000086000000| Complete 
|  97|0x0000000086100000, 0x0000000086200000, 0x0000000086200000|100%| O|  |TAMS 0x0000000086100000, 0x0000000086100000| Untracked 
|  98|0x0000000086200000, 0x0000000086300000, 0x0000000086300000|100%| O|  |TAMS 0x0000000086200000, 0x0000000086200000| Untracked 
|  99|0x0000000086300000, 0x0000000086400000, 0x0000000086400000|100%| O|  |TAMS 0x0000000086300000, 0x0000000086300000| Untracked 
| 100|0x0000000086400000, 0x0000000086500000, 0x0000000086500000|100%| O|  |TAMS 0x0000000086400000, 0x0000000086400000| Untracked 
| 101|0x0000000086500000, 0x0000000086600000, 0x0000000086600000|100%| O|  |TAMS 0x0000000086500000, 0x0000000086500000| Untracked 
| 102|0x0000000086600000, 0x0000000086700000, 0x0000000086700000|100%| O|  |TAMS 0x0000000086600000, 0x0000000086600000| Untracked 
| 103|0x0000000086700000, 0x0000000086800000, 0x0000000086800000|100%| O|  |TAMS 0x0000000086700000, 0x0000000086700000| Untracked 
| 104|0x0000000086800000, 0x0000000086900000, 0x0000000086900000|100%| O|  |TAMS 0x0000000086800000, 0x0000000086800000| Untracked 
| 105|0x0000000086900000, 0x0000000086a00000, 0x0000000086a00000|100%| O|  |TAMS 0x0000000086900000, 0x0000000086900000| Untracked 
| 106|0x0000000086a00000, 0x0000000086b00000, 0x0000000086b00000|100%| O|  |TAMS 0x0000000086a00000, 0x0000000086a00000| Untracked 
| 107|0x0000000086b00000, 0x0000000086c00000, 0x0000000086c00000|100%| O|  |TAMS 0x0000000086b00000, 0x0000000086b00000| Untracked 
| 108|0x0000000086c00000, 0x0000000086d00000, 0x0000000086d00000|100%| O|  |TAMS 0x0000000086c00000, 0x0000000086c00000| Untracked 
| 109|0x0000000086d00000, 0x0000000086e00000, 0x0000000086e00000|100%| O|  |TAMS 0x0000000086e00000, 0x0000000086d00000| Untracked 
| 110|0x0000000086e00000, 0x0000000086f00000, 0x0000000086f00000|100%| O|  |TAMS 0x0000000086e00000, 0x0000000086e00000| Untracked 
| 111|0x0000000086f00000, 0x0000000087000000, 0x0000000087000000|100%| O|  |TAMS 0x0000000087000000, 0x0000000086f00000| Untracked 
| 112|0x0000000087000000, 0x0000000087100000, 0x0000000087100000|100%| O|  |TAMS 0x0000000087100000, 0x0000000087000000| Untracked 
| 113|0x0000000087100000, 0x0000000087200000, 0x0000000087200000|100%| O|  |TAMS 0x0000000087200000, 0x0000000087100000| Untracked 
| 114|0x0000000087200000, 0x0000000087300000, 0x0000000087300000|100%| O|  |TAMS 0x0000000087300000, 0x0000000087200000| Untracked 
| 115|0x0000000087300000, 0x0000000087400000, 0x0000000087400000|100%| O|  |TAMS 0x0000000087400000, 0x0000000087300000| Untracked 
| 116|0x0000000087400000, 0x0000000087500000, 0x0000000087500000|100%| O|  |TAMS 0x0000000087400000, 0x0000000087400000| Untracked 
| 117|0x0000000087500000, 0x0000000087600000, 0x0000000087600000|100%| O|  |TAMS 0x0000000087500000, 0x0000000087500000| Untracked 
| 118|0x0000000087600000, 0x0000000087700000, 0x0000000087700000|100%| O|  |TAMS 0x0000000087600000, 0x0000000087600000| Untracked 
| 119|0x0000000087700000, 0x0000000087800000, 0x0000000087800000|100%| O|  |TAMS 0x0000000087700000, 0x0000000087700000| Untracked 
| 120|0x0000000087800000, 0x0000000087900000, 0x0000000087900000|100%| O|  |TAMS 0x0000000087800000, 0x0000000087800000| Untracked 
| 121|0x0000000087900000, 0x0000000087a00000, 0x0000000087a00000|100%| O|  |TAMS 0x0000000087900000, 0x0000000087900000| Untracked 
| 122|0x0000000087a00000, 0x0000000087b00000, 0x0000000087b00000|100%| O|  |TAMS 0x0000000087a00000, 0x0000000087a00000| Untracked 
| 123|0x0000000087b00000, 0x0000000087bcae00, 0x0000000087c00000| 79%| O|  |TAMS 0x0000000087b00000, 0x0000000087b00000| Untracked 
| 124|0x0000000087c00000, 0x0000000087c00000, 0x0000000087d00000|  0%| F|  |TAMS 0x0000000087c00000, 0x0000000087c00000| Untracked 
| 125|0x0000000087d00000, 0x0000000087d00000, 0x0000000087e00000|  0%| F|  |TAMS 0x0000000087d00000, 0x0000000087d00000| Untracked 
| 126|0x0000000087e00000, 0x0000000087e00000, 0x0000000087f00000|  0%| F|  |TAMS 0x0000000087e00000, 0x0000000087e00000| Untracked 
| 127|0x0000000087f00000, 0x0000000087f00000, 0x0000000088000000|  0%| F|  |TAMS 0x0000000087f00000, 0x0000000087f00000| Untracked 
| 128|0x0000000088000000, 0x0000000088000000, 0x0000000088100000|  0%| F|  |TAMS 0x0000000088000000, 0x0000000088000000| Untracked 
| 129|0x0000000088100000, 0x0000000088100000, 0x0000000088200000|  0%| F|  |TAMS 0x0000000088100000, 0x0000000088100000| Untracked 
| 130|0x0000000088200000, 0x0000000088200000, 0x0000000088300000|  0%| F|  |TAMS 0x0000000088200000, 0x0000000088200000| Untracked 
| 131|0x0000000088300000, 0x0000000088300000, 0x0000000088400000|  0%| F|  |TAMS 0x0000000088300000, 0x0000000088300000| Untracked 
| 132|0x0000000088400000, 0x0000000088400000, 0x0000000088500000|  0%| F|  |TAMS 0x0000000088400000, 0x0000000088400000| Untracked 
| 133|0x0000000088500000, 0x0000000088500000, 0x0000000088600000|  0%| F|  |TAMS 0x0000000088500000, 0x0000000088500000| Untracked 
| 134|0x0000000088600000, 0x0000000088600000, 0x0000000088700000|  0%| F|  |TAMS 0x0000000088600000, 0x0000000088600000| Untracked 
| 135|0x0000000088700000, 0x0000000088700000, 0x0000000088800000|  0%| F|  |TAMS 0x0000000088700000, 0x0000000088700000| Untracked 
| 136|0x0000000088800000, 0x0000000088800000, 0x0000000088900000|  0%| F|  |TAMS 0x0000000088800000, 0x0000000088800000| Untracked 
| 137|0x0000000088900000, 0x0000000088900000, 0x0000000088a00000|  0%| F|  |TAMS 0x0000000088900000, 0x0000000088900000| Untracked 
| 138|0x0000000088a00000, 0x0000000088a00000, 0x0000000088b00000|  0%| F|  |TAMS 0x0000000088a00000, 0x0000000088a00000| Untracked 
| 139|0x0000000088b00000, 0x0000000088b00000, 0x0000000088c00000|  0%| F|  |TAMS 0x0000000088b00000, 0x0000000088b00000| Untracked 
| 140|0x0000000088c00000, 0x0000000088c00000, 0x0000000088d00000|  0%| F|  |TAMS 0x0000000088c00000, 0x0000000088c00000| Untracked 
| 141|0x0000000088d00000, 0x0000000088d00000, 0x0000000088e00000|  0%| F|  |TAMS 0x0000000088d00000, 0x0000000088d00000| Untracked 
| 142|0x0000000088e00000, 0x0000000088e00000, 0x0000000088f00000|  0%| F|  |TAMS 0x0000000088e00000, 0x0000000088e00000| Untracked 
| 143|0x0000000088f00000, 0x0000000088f00000, 0x0000000089000000|  0%| F|  |TAMS 0x0000000088f00000, 0x0000000088f00000| Untracked 
| 144|0x0000000089000000, 0x0000000089000000, 0x0000000089100000|  0%| F|  |TAMS 0x0000000089000000, 0x0000000089000000| Untracked 
| 145|0x0000000089100000, 0x0000000089100000, 0x0000000089200000|  0%| F|  |TAMS 0x0000000089100000, 0x0000000089100000| Untracked 
| 146|0x0000000089200000, 0x0000000089200000, 0x0000000089300000|  0%| F|  |TAMS 0x0000000089200000, 0x0000000089200000| Untracked 
| 147|0x0000000089300000, 0x0000000089300000, 0x0000000089400000|  0%| F|  |TAMS 0x0000000089300000, 0x0000000089300000| Untracked 
| 148|0x0000000089400000, 0x0000000089400000, 0x0000000089500000|  0%| F|  |TAMS 0x0000000089400000, 0x0000000089400000| Untracked 
| 149|0x0000000089500000, 0x0000000089500000, 0x0000000089600000|  0%| F|  |TAMS 0x0000000089500000, 0x0000000089500000| Untracked 
| 150|0x0000000089600000, 0x0000000089600000, 0x0000000089700000|  0%| F|  |TAMS 0x0000000089600000, 0x0000000089600000| Untracked 
| 151|0x0000000089700000, 0x00000000897f2ad0, 0x0000000089800000| 94%| S|CS|TAMS 0x0000000089700000, 0x0000000089700000| Complete 
| 152|0x0000000089800000, 0x0000000089900000, 0x0000000089900000|100%| S|CS|TAMS 0x0000000089800000, 0x0000000089800000| Complete 
| 153|0x0000000089900000, 0x0000000089a00000, 0x0000000089a00000|100%| S|CS|TAMS 0x0000000089900000, 0x0000000089900000| Complete 
| 154|0x0000000089a00000, 0x0000000089b00000, 0x0000000089b00000|100%| S|CS|TAMS 0x0000000089a00000, 0x0000000089a00000| Complete 
| 155|0x0000000089b00000, 0x0000000089b00000, 0x0000000089c00000|  0%| F|  |TAMS 0x0000000089b00000, 0x0000000089b00000| Untracked 
| 156|0x0000000089c00000, 0x0000000089c00000, 0x0000000089d00000|  0%| F|  |TAMS 0x0000000089c00000, 0x0000000089c00000| Untracked 
| 157|0x0000000089d00000, 0x0000000089d00000, 0x0000000089e00000|  0%| F|  |TAMS 0x0000000089d00000, 0x0000000089d00000| Untracked 
| 158|0x0000000089e00000, 0x0000000089e00000, 0x0000000089f00000|  0%| F|  |TAMS 0x0000000089e00000, 0x0000000089e00000| Untracked 
| 159|0x0000000089f00000, 0x0000000089f00000, 0x000000008a000000|  0%| F|  |TAMS 0x0000000089f00000, 0x0000000089f00000| Untracked 
| 160|0x000000008a000000, 0x000000008a000000, 0x000000008a100000|  0%| F|  |TAMS 0x000000008a000000, 0x000000008a000000| Untracked 
| 161|0x000000008a100000, 0x000000008a100000, 0x000000008a200000|  0%| F|  |TAMS 0x000000008a100000, 0x000000008a100000| Untracked 
| 162|0x000000008a200000, 0x000000008a200000, 0x000000008a300000|  0%| F|  |TAMS 0x000000008a200000, 0x000000008a200000| Untracked 
| 163|0x000000008a300000, 0x000000008a300000, 0x000000008a400000|  0%| F|  |TAMS 0x000000008a300000, 0x000000008a300000| Untracked 
| 164|0x000000008a400000, 0x000000008a400000, 0x000000008a500000|  0%| F|  |TAMS 0x000000008a400000, 0x000000008a400000| Untracked 
| 165|0x000000008a500000, 0x000000008a500000, 0x000000008a600000|  0%| F|  |TAMS 0x000000008a500000, 0x000000008a500000| Untracked 
| 166|0x000000008a600000, 0x000000008a600000, 0x000000008a700000|  0%| F|  |TAMS 0x000000008a600000, 0x000000008a600000| Untracked 
| 167|0x000000008a700000, 0x000000008a700000, 0x000000008a800000|  0%| F|  |TAMS 0x000000008a700000, 0x000000008a700000| Untracked 
| 168|0x000000008a800000, 0x000000008a800000, 0x000000008a900000|  0%| F|  |TAMS 0x000000008a800000, 0x000000008a800000| Untracked 
| 169|0x000000008a900000, 0x000000008a900000, 0x000000008aa00000|  0%| F|  |TAMS 0x000000008a900000, 0x000000008a900000| Untracked 
| 170|0x000000008aa00000, 0x000000008aa69718, 0x000000008ab00000| 41%| E|  |TAMS 0x000000008aa00000, 0x000000008aa00000| Complete 
| 171|0x000000008ab00000, 0x000000008ac00000, 0x000000008ac00000|100%| E|CS|TAMS 0x000000008ab00000, 0x000000008ab00000| Complete 
| 172|0x000000008ac00000, 0x000000008ad00000, 0x000000008ad00000|100%| E|CS|TAMS 0x000000008ac00000, 0x000000008ac00000| Complete 
| 173|0x000000008ad00000, 0x000000008ae00000, 0x000000008ae00000|100%| E|CS|TAMS 0x000000008ad00000, 0x000000008ad00000| Complete 
| 174|0x000000008ae00000, 0x000000008af00000, 0x000000008af00000|100%| E|CS|TAMS 0x000000008ae00000, 0x000000008ae00000| Complete 
| 175|0x000000008af00000, 0x000000008b000000, 0x000000008b000000|100%| E|CS|TAMS 0x000000008af00000, 0x000000008af00000| Complete 
| 176|0x000000008b000000, 0x000000008b100000, 0x000000008b100000|100%| E|CS|TAMS 0x000000008b000000, 0x000000008b000000| Complete 
| 177|0x000000008b100000, 0x000000008b200000, 0x000000008b200000|100%| E|CS|TAMS 0x000000008b100000, 0x000000008b100000| Complete 
| 178|0x000000008b200000, 0x000000008b300000, 0x000000008b300000|100%| E|CS|TAMS 0x000000008b200000, 0x000000008b200000| Complete 
| 179|0x000000008b300000, 0x000000008b400000, 0x000000008b400000|100%| E|CS|TAMS 0x000000008b300000, 0x000000008b300000| Complete 
| 180|0x000000008b400000, 0x000000008b500000, 0x000000008b500000|100%| E|CS|TAMS 0x000000008b400000, 0x000000008b400000| Complete 
| 181|0x000000008b500000, 0x000000008b600000, 0x000000008b600000|100%| E|CS|TAMS 0x000000008b500000, 0x000000008b500000| Complete 
| 182|0x000000008b600000, 0x000000008b700000, 0x000000008b700000|100%| E|CS|TAMS 0x000000008b600000, 0x000000008b600000| Complete 

Card table byte_map: [0x000001dfcfd70000,0x000001dfd0170000] _byte_map_base: 0x000001dfcf970000

Marking Bits (Prev, Next): (CMBitMap*) 0x000001dfbcb88ba0, (CMBitMap*) 0x000001dfbcb88b68
 Prev Bits: [0x000001dfd2570000, 0x000001dfd4570000)
 Next Bits: [0x000001dfd0570000, 0x000001dfd2570000)

Polling page: 0x000001dfbab50000

Metaspace:

Usage:
  Non-class:     95.79 MB capacity,    93.98 MB ( 98%) used,     1.50 MB (  2%) free+waste,   323.06 KB ( <1%) overhead. 
      Class:     14.22 MB capacity,    13.10 MB ( 92%) used,  1011.38 KB (  7%) free+waste,   142.31 KB ( <1%) overhead. 
       Both:    110.02 MB capacity,   107.07 MB ( 97%) used,     2.49 MB (  2%) free+waste,   465.38 KB ( <1%) overhead. 

Virtual space:
  Non-class space:       96.00 MB reserved,      95.93 MB (>99%) committed 
      Class space:        1.00 GB reserved,      14.27 MB (  1%) committed 
             Both:        1.09 GB reserved,     110.20 MB ( 10%) committed 

Chunk freelists:
   Non-Class:  7.00 KB
       Class:  26.00 KB
        Both:  33.00 KB

MaxMetaspaceSize: 17179869184.00 GB
CompressedClassSpaceSize: 1.00 GB

CodeHeap 'non-profiled nmethods': size=120000Kb used=12075Kb max_used=12075Kb free=107924Kb
 bounds [0x000001dfc8100000, 0x000001dfc8cd0000, 0x000001dfcf630000]
CodeHeap 'profiled nmethods': size=120000Kb used=38974Kb max_used=38974Kb free=81025Kb
 bounds [0x000001dfc0bd0000, 0x000001dfc31f0000, 0x000001dfc8100000]
CodeHeap 'non-nmethods': size=5760Kb used=2386Kb max_used=2438Kb free=3373Kb
 bounds [0x000001dfc0630000, 0x000001dfc08a0000, 0x000001dfc0bd0000]
 total_blobs=18028 nmethods=16990 adapters=947
 compilation: enabled
              stopped_count=0, restarted_count=0
 full_count=0

Compilation events (20 events):
Event: 37.802 Thread 0x000001dfd6fee000 18236       2       com.squareup.javapoet.ClassName::packageName (14 bytes)
Event: 37.802 Thread 0x000001dfd6fee000 nmethod 18236 0x000001dfc31ce190 code [0x000001dfc31ce340, 0x000001dfc31ce4a8]
Event: 37.802 Thread 0x000001dfd6fee000 18237       2       com.squareup.javapoet.ClassName::simpleName (24 bytes)
Event: 37.802 Thread 0x000001dfd6fee000 nmethod 18237 0x000001dfc31ce590 code [0x000001dfc31ce760, 0x000001dfc31ce8f8]
Event: 37.802 Thread 0x000001dfd6fee000 18239       2       com.squareup.javapoet.ClassName::topLevelClassName (19 bytes)
Event: 37.802 Thread 0x000001dfd6fee000 nmethod 18239 0x000001dfc31cea10 code [0x000001dfc31cebe0, 0x000001dfc31cee78]
Event: 37.802 Thread 0x000001dfd6fee000 18240       2       java.util.Collections$UnmodifiableRandomAccessList::subList (19 bytes)
Event: 37.802 Thread 0x000001dfd6fee000 nmethod 18240 0x000001dfc31cef90 code [0x000001dfc31cf160, 0x000001dfc31cf478]
Event: 37.802 Thread 0x000001dfd6fee000 18238       2       com.sun.tools.javac.util.Constants::decode (89 bytes)
Event: 37.803 Thread 0x000001dfd6fee000 nmethod 18238 0x000001dfc31cf590 code [0x000001dfc31cf780, 0x000001dfc31cfac8]
Event: 37.803 Thread 0x000001dfd6fee000 18243 %     3       com.sun.tools.javac.tree.TreeScanner::scan @ 6 (33 bytes)
Event: 37.803 Thread 0x000001dfd6fee000 nmethod 18243% 0x000001dfc31cfd10 code [0x000001dfc31cff00, 0x000001dfc31d0428]
Event: 37.803 Thread 0x000001dfd6fee000 18242       2       com.sun.tools.javac.code.Symbol$ClassSymbol::getModifiers (18 bytes)
Event: 37.803 Thread 0x000001dfd6fee000 nmethod 18242 0x000001dfc31d0590 code [0x000001dfc31d0760, 0x000001dfc31d0918]
Event: 37.803 Thread 0x000001dfd6fee000 18244       2       com.squareup.javapoet.TypeName::get (12 bytes)
Event: 37.804 Thread 0x000001dfd6fee000 nmethod 18244 0x000001dfc31d0a90 code [0x000001dfc31d0c60, 0x000001dfc31d0ec8]
Event: 37.804 Thread 0x000001dfd6fee000 18245       2       com.squareup.javapoet.TypeName::get (19 bytes)
Event: 37.804 Thread 0x000001dfd6fee000 nmethod 18245 0x000001dfc31d1010 code [0x000001dfc31d11e0, 0x000001dfc31d13e8]
Event: 37.805 Thread 0x000001dfd6fee000 18247       3       com.sun.tools.javac.code.Symbol$TypeSymbol::getEnclosedElements (114 bytes)
Event: 37.806 Thread 0x000001dfd6fee000 nmethod 18247 0x000001dfc31d1510 code [0x000001dfc31d1820, 0x000001dfc31d2d28]

GC Heap History (20 events):
Event: 27.434 GC heap before
{Heap before GC invocations=48 (full 0):
 garbage-first heap   total 187392K, used 151275K [0x0000000080000000, 0x0000000100000000)
  region size 1024K, 54 young (55296K), 1 survivors (1024K)
 Metaspace       used 98359K, capacity 101135K, committed 101580K, reserved 1138688K
  class space    used 12138K, capacity 13134K, committed 13336K, reserved 1048576K
}
Event: 27.436 GC heap after
{Heap after GC invocations=49 (full 0):
 garbage-first heap   total 187392K, used 96451K [0x0000000080000000, 0x0000000100000000)
  region size 1024K, 1 young (1024K), 1 survivors (1024K)
 Metaspace       used 98359K, capacity 101135K, committed 101580K, reserved 1138688K
  class space    used 12138K, capacity 13134K, committed 13336K, reserved 1048576K
}
Event: 27.704 GC heap before
{Heap before GC invocations=49 (full 0):
 garbage-first heap   total 187392K, used 151747K [0x0000000080000000, 0x0000000100000000)
  region size 1024K, 55 young (56320K), 1 survivors (1024K)
 Metaspace       used 98363K, capacity 101135K, committed 101580K, reserved 1138688K
  class space    used 12138K, capacity 13134K, committed 13336K, reserved 1048576K
}
Event: 27.705 GC heap after
{Heap after GC invocations=50 (full 0):
 garbage-first heap   total 187392K, used 96341K [0x0000000080000000, 0x0000000100000000)
  region size 1024K, 1 young (1024K), 1 survivors (1024K)
 Metaspace       used 98363K, capacity 101135K, committed 101580K, reserved 1138688K
  class space    used 12138K, capacity 13134K, committed 13336K, reserved 1048576K
}
Event: 28.053 GC heap before
{Heap before GC invocations=50 (full 0):
 garbage-first heap   total 187392K, used 153685K [0x0000000080000000, 0x0000000100000000)
  region size 1024K, 57 young (58368K), 1 survivors (1024K)
 Metaspace       used 98368K, capacity 101135K, committed 101580K, reserved 1138688K
  class space    used 12139K, capacity 13134K, committed 13336K, reserved 1048576K
}
Event: 28.054 GC heap after
{Heap after GC invocations=51 (full 0):
 garbage-first heap   total 187392K, used 96401K [0x0000000080000000, 0x0000000100000000)
  region size 1024K, 1 young (1024K), 1 survivors (1024K)
 Metaspace       used 98368K, capacity 101135K, committed 101580K, reserved 1138688K
  class space    used 12139K, capacity 13134K, committed 13336K, reserved 1048576K
}
Event: 28.565 GC heap before
{Heap before GC invocations=51 (full 0):
 garbage-first heap   total 187392K, used 154769K [0x0000000080000000, 0x0000000100000000)
  region size 1024K, 59 young (60416K), 1 survivors (1024K)
 Metaspace       used 98880K, capacity 101717K, committed 102220K, reserved 1138688K
  class space    used 12203K, capacity 13244K, committed 13464K, reserved 1048576K
}
Event: 28.569 GC heap after
{Heap after GC invocations=52 (full 0):
 garbage-first heap   total 187392K, used 98729K [0x0000000080000000, 0x0000000100000000)
  region size 1024K, 3 young (3072K), 3 survivors (3072K)
 Metaspace       used 98880K, capacity 101717K, committed 102220K, reserved 1138688K
  class space    used 12203K, capacity 13244K, committed 13464K, reserved 1048576K
}
Event: 33.354 GC heap before
{Heap before GC invocations=52 (full 0):
 garbage-first heap   total 187392K, used 156073K [0x0000000080000000, 0x0000000100000000)
  region size 1024K, 60 young (61440K), 3 survivors (3072K)
 Metaspace       used 100156K, capacity 103007K, committed 103372K, reserved 1138688K
  class space    used 12334K, capacity 13404K, committed 13592K, reserved 1048576K
}
Event: 33.362 GC heap after
{Heap after GC invocations=53 (full 0):
 garbage-first heap   total 187392K, used 104060K [0x0000000080000000, 0x0000000100000000)
  region size 1024K, 8 young (8192K), 8 survivors (8192K)
 Metaspace       used 100156K, capacity 103007K, committed 103372K, reserved 1138688K
  class space    used 12334K, capacity 13404K, committed 13592K, reserved 1048576K
}
Event: 33.824 GC heap before
{Heap before GC invocations=53 (full 0):
 garbage-first heap   total 187392K, used 157308K [0x0000000080000000, 0x0000000100000000)
  region size 1024K, 60 young (61440K), 8 survivors (8192K)
 Metaspace       used 100556K, capacity 103406K, committed 103628K, reserved 1138688K
  class space    used 12363K, capacity 13409K, committed 13592K, reserved 1048576K
}
Event: 33.831 GC heap after
{Heap after GC invocations=54 (full 0):
 garbage-first heap   total 187392K, used 105482K [0x0000000080000000, 0x0000000100000000)
  region size 1024K, 4 young (4096K), 4 survivors (4096K)
 Metaspace       used 100556K, capacity 103406K, committed 103628K, reserved 1138688K
  class space    used 12363K, capacity 13409K, committed 13592K, reserved 1048576K
}
Event: 34.254 GC heap before
{Heap before GC invocations=54 (full 0):
 garbage-first heap   total 187392K, used 155658K [0x0000000080000000, 0x0000000100000000)
  region size 1024K, 54 young (55296K), 4 survivors (4096K)
 Metaspace       used 101059K, capacity 103877K, committed 104140K, reserved 1140736K
  class space    used 12445K, capacity 13504K, committed 13592K, reserved 1048576K
}
Event: 34.258 GC heap after
{Heap after GC invocations=55 (full 0):
 garbage-first heap   total 187392K, used 106046K [0x0000000080000000, 0x0000000100000000)
  region size 1024K, 4 young (4096K), 4 survivors (4096K)
 Metaspace       used 101059K, capacity 103877K, committed 104140K, reserved 1140736K
  class space    used 12445K, capacity 13504K, committed 13592K, reserved 1048576K
}
Event: 35.686 GC heap before
{Heap before GC invocations=55 (full 0):
 garbage-first heap   total 187392K, used 159294K [0x0000000080000000, 0x0000000100000000)
  region size 1024K, 55 young (56320K), 4 survivors (4096K)
 Metaspace       used 107586K, capacity 110603K, committed 110924K, reserved 1146880K
  class space    used 13237K, capacity 14386K, committed 14488K, reserved 1048576K
}
Event: 35.696 GC heap after
{Heap after GC invocations=56 (full 0):
 garbage-first heap   total 187392K, used 115837K [0x0000000080000000, 0x0000000100000000)
  region size 1024K, 7 young (7168K), 7 survivors (7168K)
 Metaspace       used 107586K, capacity 110603K, committed 110924K, reserved 1146880K
  class space    used 13237K, capacity 14386K, committed 14488K, reserved 1048576K
}
Event: 37.381 GC heap before
{Heap before GC invocations=56 (full 0):
 garbage-first heap   total 187392K, used 155773K [0x0000000080000000, 0x0000000100000000)
  region size 1024K, 46 young (47104K), 7 survivors (7168K)
 Metaspace       used 108348K, capacity 111318K, committed 111436K, reserved 1146880K
  class space    used 13288K, capacity 14449K, committed 14488K, reserved 1048576K
}
Event: 37.397 GC heap after
{Heap after GC invocations=57 (full 0):
 garbage-first heap   total 187392K, used 125952K [0x0000000080000000, 0x0000000100000000)
  region size 1024K, 6 young (6144K), 6 survivors (6144K)
 Metaspace       used 108348K, capacity 111318K, committed 111436K, reserved 1146880K
  class space    used 13288K, capacity 14449K, committed 14488K, reserved 1048576K
}
Event: 37.659 GC heap before
{Heap before GC invocations=57 (full 0):
 garbage-first heap   total 187392K, used 154624K [0x0000000080000000, 0x0000000100000000)
  region size 1024K, 34 young (34816K), 6 survivors (6144K)
 Metaspace       used 108823K, capacity 111838K, committed 111948K, reserved 1146880K
  class space    used 13321K, capacity 14466K, committed 14488K, reserved 1048576K
}
Event: 37.668 GC heap after
{Heap after GC invocations=58 (full 0):
 garbage-first heap   total 187392K, used 130806K [0x0000000080000000, 0x0000000100000000)
  region size 1024K, 4 young (4096K), 4 survivors (4096K)
 Metaspace       used 108823K, capacity 111838K, committed 111948K, reserved 1146880K
  class space    used 13321K, capacity 14466K, committed 14488K, reserved 1048576K
}

Deoptimization events (20 events):
Event: 37.764 Thread 0x000001dfde8fc800 DEOPT PACKING pc=0x000001dfc89b6ff0 sp=0x00000038bfef8790
Event: 37.764 Thread 0x000001dfde8fc800 DEOPT UNPACKING pc=0x000001dfc06578af sp=0x00000038bfef8728 mode 2
Event: 37.764 Thread 0x000001dfde8fc800 Uncommon trap: trap_request=0xffffffc6 fr.pc=0x000001dfc89b6ff0 relative=0x0000000000000130
Event: 37.764 Thread 0x000001dfde8fc800 Uncommon trap: reason=bimorphic_or_optimized_type_check action=maybe_recompile pc=0x000001dfc89b6ff0 method=java.util.Collections$UnmodifiableList.get(I)Ljava/lang/Object; @ 5 c2
Event: 37.764 Thread 0x000001dfde8fc800 DEOPT PACKING pc=0x000001dfc89b6ff0 sp=0x00000038bfef8760
Event: 37.764 Thread 0x000001dfde8fc800 DEOPT UNPACKING pc=0x000001dfc06578af sp=0x00000038bfef86f8 mode 2
Event: 37.764 Thread 0x000001dfde8fc800 Uncommon trap: trap_request=0xffffffc6 fr.pc=0x000001dfc89b6ff0 relative=0x0000000000000130
Event: 37.764 Thread 0x000001dfde8fc800 Uncommon trap: reason=bimorphic_or_optimized_type_check action=maybe_recompile pc=0x000001dfc89b6ff0 method=java.util.Collections$UnmodifiableList.get(I)Ljava/lang/Object; @ 5 c2
Event: 37.764 Thread 0x000001dfde8fc800 DEOPT PACKING pc=0x000001dfc89b6ff0 sp=0x00000038bfef8780
Event: 37.764 Thread 0x000001dfde8fc800 DEOPT UNPACKING pc=0x000001dfc06578af sp=0x00000038bfef8718 mode 2
Event: 37.764 Thread 0x000001dfde8fc800 Uncommon trap: trap_request=0xffffffc6 fr.pc=0x000001dfc89b6ff0 relative=0x0000000000000130
Event: 37.764 Thread 0x000001dfde8fc800 Uncommon trap: reason=bimorphic_or_optimized_type_check action=maybe_recompile pc=0x000001dfc89b6ff0 method=java.util.Collections$UnmodifiableList.get(I)Ljava/lang/Object; @ 5 c2
Event: 37.764 Thread 0x000001dfde8fc800 DEOPT PACKING pc=0x000001dfc89b6ff0 sp=0x00000038bfef8700
Event: 37.765 Thread 0x000001dfde8fc800 DEOPT UNPACKING pc=0x000001dfc06578af sp=0x00000038bfef8698 mode 2
Event: 37.804 Thread 0x000001dfde8fc800 DEOPT PACKING pc=0x000001dfc30cb0f6 sp=0x00000038bfef8810
Event: 37.804 Thread 0x000001dfde8fc800 DEOPT UNPACKING pc=0x000001dfc06576ce sp=0x00000038bfef7cc8 mode 0
Event: 37.819 Thread 0x000001dfde8fc800 Uncommon trap: trap_request=0xffffffde fr.pc=0x000001dfc86e6ae8 relative=0x0000000000000148
Event: 37.819 Thread 0x000001dfde8fc800 Uncommon trap: reason=class_check action=maybe_recompile pc=0x000001dfc86e6ae8 method=java.lang.reflect.Array.newInstance(Ljava/lang/Class;I)Ljava/lang/Object; @ 2 c2
Event: 37.819 Thread 0x000001dfde8fc800 DEOPT PACKING pc=0x000001dfc86e6ae8 sp=0x00000038bfef8790
Event: 37.819 Thread 0x000001dfde8fc800 DEOPT UNPACKING pc=0x000001dfc06578af sp=0x00000038bfef8728 mode 2

Classes redefined (0 events):
No events

Internal exceptions (20 events):
Event: 29.226 Thread 0x000001dfde8f9000 Exception <a 'java/lang/NoSuchMethodError'{0x0000000088fad1f0}: 'java.lang.Object java.lang.invoke.DirectMethodHandle$Holder.invokeStatic(java.lang.Object, long)'> (0x0000000088fad1f0) thrown at [./src/hotspot/share/interpreter/linkResolver.cpp, line 773]
Event: 29.230 Thread 0x000001dfde8f9000 Exception <a 'java/lang/NoSuchMethodError'{0x0000000088fbba10}: 'java.lang.Object java.lang.invoke.DirectMethodHandle$Holder.invokeStaticInit(java.lang.Object, java.lang.Object, long, java.lang.Object)'> (0x0000000088fbba10) thrown at [./src/hotspot/share/interpreter/linkResolver.cpp, line 773]
Event: 29.230 Thread 0x000001dfde8f9000 Exception <a 'java/lang/NoSuchMethodError'{0x0000000088fc1df8}: 'java.lang.Object java.lang.invoke.DirectMethodHandle$Holder.invokeStatic(java.lang.Object, java.lang.Object, long)'> (0x0000000088fc1df8) thrown at [./src/hotspot/share/interpreter/linkResolver.cpp, line 773]
Event: 29.232 Thread 0x000001dfde8f9000 Exception <a 'java/lang/NoSuchMethodError'{0x0000000088fc85b8}: 'java.lang.Object java.lang.invoke.Invokers$Holder.linkToTargetMethod(java.lang.Object, long, java.lang.Object)'> (0x0000000088fc85b8) thrown at [./src/hotspot/share/interpreter/linkResolver.cpp, line 773]
Event: 29.553 Thread 0x000001dfde8f9000 Exception <a 'java/lang/NoSuchMethodError'{0x0000000088db1aa8}: 'int java.lang.invoke.DirectMethodHandle$Holder.invokeSpecialIFC(java.lang.Object, java.lang.Object, java.lang.Object)'> (0x0000000088db1aa8) thrown at [./src/hotspot/share/interpreter/linkResolver.cpp, line 773]
Event: 33.597 Thread 0x000001dfde8f9000 Exception <a 'sun/nio/fs/WindowsException'{0x000000008a0ea5b0}> (0x000000008a0ea5b0) thrown at [./src/hotspot/share/prims/jni.cpp, line 615]
Event: 33.598 Thread 0x000001dfde8f9000 Exception <a 'sun/nio/fs/WindowsException'{0x0000000089f03040}> (0x0000000089f03040) thrown at [./src/hotspot/share/prims/jni.cpp, line 615]
Event: 33.598 Thread 0x000001dfde8f9000 Exception <a 'sun/nio/fs/WindowsException'{0x0000000089f03128}> (0x0000000089f03128) thrown at [./src/hotspot/share/prims/jni.cpp, line 615]
Event: 33.879 Thread 0x000001dfdb241000 Implicit null exception at 0x000001dfc81b1cd2 to 0x000001dfc81b20d8
Event: 33.879 Thread 0x000001dfdb23e800 Implicit null exception at 0x000001dfc81b1cd2 to 0x000001dfc81b20d8
Event: 34.099 Thread 0x000001dfde8fc800 Exception <a 'java/lang/NoSuchMethodError'{0x0000000088b64e30}: 'int java.lang.invoke.DirectMethodHandle$Holder.invokeSpecial(java.lang.Object, java.lang.Object, java.lang.Object, java.lang.Object, java.lang.Object)'> (0x0000000088b64e30) thrown at [./src/hotspot/share/interpreter/linkResolver.cpp, line 773]
Event: 34.250 Thread 0x000001dfde8fc800 Exception <a 'java/lang/NoSuchMethodError'{0x00000000885b52e0}: 'java.lang.Object java.lang.invoke.DirectMethodHandle$Holder.invokeStatic(java.lang.Object, java.lang.Object, int, java.lang.Object, java.lang.Object, java.lang.Object, java.lang.Object)'> (0x00000000885b52e0) thrown at [./src/hotspot/share/interpreter/linkResolver.cpp, line 773]
Event: 34.271 Thread 0x000001dfde8fc800 Implicit null exception at 0x000001dfc8b3d163 to 0x000001dfc8b3da04
Event: 34.937 Thread 0x000001dfde8fc800 Exception <a 'java/lang/NoSuchMethodError'{0x000000008aa4c600}: 'java.lang.Object java.lang.invoke.Invokers$Holder.linkToTargetMethod(java.lang.Object, java.lang.Object, java.lang.Object, int, int, java.lang.Object)'> (0x000000008aa4c600) thrown at [./src/hotspot/share/interpreter/linkResolver.cpp, line 773]
Event: 35.276 Thread 0x000001dfde8fc800 Exception <a 'java/lang/NoSuchMethodError'{0x0000000089886b98}: 'int java.lang.invoke.DirectMethodHandle$Holder.invokeVirtual(java.lang.Object, java.lang.Object, java.lang.Object)'> (0x0000000089886b98) thrown at [./src/hotspot/share/interpreter/linkResolver.cpp, line 773]
Event: 35.625 Thread 0x000001dfde8fc800 Exception <a 'sun/nio/fs/WindowsException'{0x0000000088aaefd8}> (0x0000000088aaefd8) thrown at [./src/hotspot/share/prims/jni.cpp, line 615]
Event: 35.625 Thread 0x000001dfde8fc800 Exception <a 'sun/nio/fs/WindowsException'{0x0000000088aaf0e0}> (0x0000000088aaf0e0) thrown at [./src/hotspot/share/prims/jni.cpp, line 615]
Event: 35.627 Thread 0x000001dfde8fc800 Implicit null exception at 0x000001dfc826252c to 0x000001dfc82626da
Event: 37.131 Thread 0x000001dfde8fc800 Implicit null exception at 0x000001dfc82e0a8e to 0x000001dfc82e1610
Event: 37.688 Thread 0x000001dfde8fc800 Implicit null exception at 0x000001dfc826f68b to 0x000001dfc826fd00

Events (20 events):
Event: 37.809 loading class com/google/auto/common/SuperficialValidation$1
Event: 37.809 loading class com/google/auto/common/SuperficialValidation$1 done
Event: 37.810 loading class com/google/auto/common/SuperficialValidation$2
Event: 37.810 loading class com/google/auto/common/SuperficialValidation$2 done
Event: 37.810 loading class com/google/auto/common/SuperficialValidation$3
Event: 37.810 loading class com/google/auto/common/SuperficialValidation$3 done
Event: 37.812 loading class com/google/auto/common/MoreTypes
Event: 37.812 loading class com/google/auto/common/MoreTypes done
Event: 37.813 loading class com/google/common/base/Equivalence
Event: 37.813 loading class com/google/common/base/Equivalence done
Event: 37.814 loading class com/google/auto/common/MoreTypes$TypeEquivalence
Event: 37.814 loading class com/google/auto/common/MoreTypes$TypeEquivalence done
Event: 37.815 loading class com/google/auto/common/MoreTypes$ArrayTypeVisitor
Event: 37.815 loading class com/google/auto/common/MoreTypes$ArrayTypeVisitor done
Event: 37.815 loading class com/google/auto/common/MoreTypes$CastingTypeVisitor
Event: 37.815 loading class com/google/auto/common/MoreTypes$CastingTypeVisitor done
Event: 37.816 loading class com/google/auto/common/MoreTypes$IsTypeOf
Event: 37.816 loading class com/google/auto/common/MoreTypes$IsTypeOf done
Event: 37.817 loading class com/google/auto/common/MoreTypes$2
Event: 37.817 loading class com/google/auto/common/MoreTypes$2 done


Dynamic libraries:
0x00007ff7bc6e0000 - 0x00007ff7bc6ea000 	C:\Program Files\Android\Android Studio3\jre\bin\java.exe
0x00007ffd703a0000 - 0x00007ffd705af000 	C:\WINDOWS\SYSTEM32\ntdll.dll
0x00007ffd6ed30000 - 0x00007ffd6eded000 	C:\WINDOWS\System32\KERNEL32.DLL
0x00007ffd6d860000 - 0x00007ffd6dbe6000 	C:\WINDOWS\System32\KERNELBASE.dll
0x00007ffd6e0d0000 - 0x00007ffd6e1e1000 	C:\WINDOWS\System32\ucrtbase.dll
0x00007ffd69b60000 - 0x00007ffd69b77000 	C:\Program Files\Android\Android Studio3\jre\bin\VCRUNTIME140.dll
0x00007ffd69300000 - 0x00007ffd69319000 	C:\Program Files\Android\Android Studio3\jre\bin\jli.dll
0x00007ffd6f140000 - 0x00007ffd6f2ea000 	C:\WINDOWS\System32\USER32.dll
0x00007ffd56840000 - 0x00007ffd56ae1000 	C:\WINDOWS\WinSxS\amd64_microsoft.windows.common-controls_6595b64144ccf1df_6.0.22471.1000_none_228bc6e77ad112f7\COMCTL32.dll
0x00007ffd6e1f0000 - 0x00007ffd6e216000 	C:\WINDOWS\System32\win32u.dll
0x00007ffd6e290000 - 0x00007ffd6e334000 	C:\WINDOWS\System32\msvcrt.dll
0x00007ffd6e580000 - 0x00007ffd6e5a9000 	C:\WINDOWS\System32\GDI32.dll
0x00007ffd6dfb0000 - 0x00007ffd6e0c7000 	C:\WINDOWS\System32\gdi32full.dll
0x00007ffd6de80000 - 0x00007ffd6df1b000 	C:\WINDOWS\System32\msvcp_win.dll
0x00007ffd6e540000 - 0x00007ffd6e571000 	C:\WINDOWS\System32\IMM32.DLL
0x00007ffd41d40000 - 0x00007ffd41ddd000 	C:\Program Files\Android\Android Studio3\jre\bin\msvcp140.dll
0x00007ffce7c40000 - 0x00007ffce870f000 	C:\Program Files\Android\Android Studio3\jre\bin\server\jvm.dll
0x00007ffd6e5b0000 - 0x00007ffd6e65e000 	C:\WINDOWS\System32\ADVAPI32.dll
0x00007ffd6ec80000 - 0x00007ffd6ed21000 	C:\WINDOWS\System32\sechost.dll
0x00007ffd6e420000 - 0x00007ffd6e540000 	C:\WINDOWS\System32\RPCRT4.dll
0x00007ffd6e220000 - 0x00007ffd6e228000 	C:\WINDOWS\System32\PSAPI.DLL
0x00007ffd678d0000 - 0x00007ffd67903000 	C:\WINDOWS\SYSTEM32\WINMM.dll
0x00007ffd6b550000 - 0x00007ffd6b55a000 	C:\WINDOWS\SYSTEM32\VERSION.dll
0x00007ffd4a4b0000 - 0x00007ffd4a4b9000 	C:\WINDOWS\SYSTEM32\WSOCK32.dll
0x00007ffd6f2f0000 - 0x00007ffd6f361000 	C:\WINDOWS\System32\WS2_32.dll
0x00007ffd6c930000 - 0x00007ffd6c948000 	C:\WINDOWS\SYSTEM32\kernel.appcore.dll
0x00007ffd603b0000 - 0x00007ffd603c1000 	C:\Program Files\Android\Android Studio3\jre\bin\verify.dll
0x00007ffd65500000 - 0x00007ffd65727000 	C:\WINDOWS\SYSTEM32\DBGHELP.DLL
0x00007ffd6e900000 - 0x00007ffd6ec7e000 	C:\WINDOWS\System32\combase.dll
0x00007ffd5d9f0000 - 0x00007ffd5da21000 	C:\WINDOWS\SYSTEM32\dbgcore.DLL
0x00007ffd6df20000 - 0x00007ffd6dfa1000 	C:\WINDOWS\System32\bcryptPrimitives.dll
0x00007ffd60180000 - 0x00007ffd601a9000 	C:\Program Files\Android\Android Studio3\jre\bin\java.dll
0x00007ffd68bc0000 - 0x00007ffd68bcb000 	C:\Program Files\Android\Android Studio3\jre\bin\jimage.dll
0x00007ffd5fb40000 - 0x00007ffd5fb58000 	C:\Program Files\Android\Android Studio3\jre\bin\zip.dll
0x00007ffd6f980000 - 0x00007ffd7012b000 	C:\WINDOWS\System32\SHELL32.dll
0x00007ffd6b900000 - 0x00007ffd6c15c000 	C:\WINDOWS\SYSTEM32\windows.storage.dll
0x00007ffd6b7b0000 - 0x00007ffd6b8f9000 	C:\WINDOWS\SYSTEM32\wintypes.dll
0x00007ffd6e7a0000 - 0x00007ffd6e890000 	C:\WINDOWS\System32\SHCORE.dll
0x00007ffd6e890000 - 0x00007ffd6e8eb000 	C:\WINDOWS\System32\shlwapi.dll
0x00007ffd6d790000 - 0x00007ffd6d7b1000 	C:\WINDOWS\SYSTEM32\profapi.dll
0x00007ffd5f5e0000 - 0x00007ffd5f5fa000 	C:\Program Files\Android\Android Studio3\jre\bin\net.dll
0x00007ffd67910000 - 0x00007ffd67a20000 	C:\WINDOWS\SYSTEM32\WINHTTP.dll
0x00007ffd6cd80000 - 0x00007ffd6cde9000 	C:\WINDOWS\system32\mswsock.dll
0x00007ffd5f5c0000 - 0x00007ffd5f5d4000 	C:\Program Files\Android\Android Studio3\jre\bin\nio.dll
0x00007ffd60430000 - 0x00007ffd60457000 	C:\Users\xpmkm\.gradle\native\8bec1ad78214c89d9ad589b4d07fe93259594b29d510b10fafb7a158f7737e5d\windows-amd64\native-platform.dll
0x00007ffd43040000 - 0x00007ffd4317d000 	C:\Users\xpmkm\.gradle\native\53dbd7edfb1c66fb8903c78663c9afc45aea4f116125fa6feffd364cf09443e8\windows-amd64\native-platform-file-events.dll
0x00007ffd688a0000 - 0x00007ffd688aa000 	C:\Program Files\Android\Android Studio3\jre\bin\management.dll
0x00007ffd67ac0000 - 0x00007ffd67acc000 	C:\Program Files\Android\Android Studio3\jre\bin\management_ext.dll
0x00007ffd6cfd0000 - 0x00007ffd6cfe8000 	C:\WINDOWS\SYSTEM32\CRYPTSP.dll
0x00007ffd6c890000 - 0x00007ffd6c8c5000 	C:\WINDOWS\system32\rsaenh.dll
0x00007ffd6ce80000 - 0x00007ffd6cea9000 	C:\WINDOWS\SYSTEM32\USERENV.dll
0x00007ffd6d1c0000 - 0x00007ffd6d1e8000 	C:\WINDOWS\SYSTEM32\bcrypt.dll
0x00007ffd6cff0000 - 0x00007ffd6cffc000 	C:\WINDOWS\SYSTEM32\CRYPTBASE.dll
0x00007ffd6c380000 - 0x00007ffd6c3ad000 	C:\WINDOWS\SYSTEM32\IPHLPAPI.DLL
0x00007ffd6e8f0000 - 0x00007ffd6e8f9000 	C:\WINDOWS\System32\NSI.dll
0x00007ffd67320000 - 0x00007ffd67339000 	C:\WINDOWS\SYSTEM32\dhcpcsvc6.DLL
0x00007ffd672e0000 - 0x00007ffd672fe000 	C:\WINDOWS\SYSTEM32\dhcpcsvc.DLL
0x00007ffd6c3b0000 - 0x00007ffd6c4a1000 	C:\WINDOWS\SYSTEM32\DNSAPI.dll
0x00007ffd213a0000 - 0x00007ffd21544000 	C:\Program Files\Android\Android Studio3\jre\bin\awt.dll
0x00007ffd6e340000 - 0x00007ffd6e417000 	C:\WINDOWS\System32\OLEAUT32.dll
0x00007ffd6ada0000 - 0x00007ffd6add0000 	C:\WINDOWS\SYSTEM32\dwmapi.dll
0x00007ffd6a9a0000 - 0x00007ffd6aa32000 	C:\WINDOWS\SYSTEM32\apphelp.dll
0x00007ffd6ab40000 - 0x00007ffd6abeb000 	C:\WINDOWS\system32\uxtheme.dll

dbghelp: loaded successfully - version: 4.0.5 - missing functions: none
symbol engine: initialized successfully - sym options: 0x614 - pdb path: .;C:\Program Files\Android\Android Studio3\jre\bin;C:\WINDOWS\SYSTEM32;C:\WINDOWS\WinSxS\amd64_microsoft.windows.common-controls_6595b64144ccf1df_6.0.22471.1000_none_228bc6e77ad112f7;C:\Program Files\Android\Android Studio3\jre\bin\server;C:\Users\xpmkm\.gradle\native\8bec1ad78214c89d9ad589b4d07fe93259594b29d510b10fafb7a158f7737e5d\windows-amd64;C:\Users\xpmkm\.gradle\native\53dbd7edfb1c66fb8903c78663c9afc45aea4f116125fa6feffd364cf09443e8\windows-amd64

VM Arguments:
jvm_args: --add-opens=java.base/java.util=ALL-UNNAMED --add-opens=java.base/java.lang=ALL-UNNAMED --add-opens=java.base/java.lang.invoke=ALL-UNNAMED --add-opens=java.base/java.util=ALL-UNNAMED --add-opens=java.prefs/java.util.prefs=ALL-UNNAMED --add-opens=java.prefs/java.util.prefs=ALL-UNNAMED --add-opens=java.base/java.nio.charset=ALL-UNNAMED --add-opens=java.base/java.net=ALL-UNNAMED --add-opens=java.base/java.util.concurrent.atomic=ALL-UNNAMED -Xmx2048m -Dfile.encoding=UTF-8 -Duser.country=IN -Duser.language=en -Duser.variant 
java_command: org.gradle.launcher.daemon.bootstrap.GradleDaemon 7.0.2
java_class_path (initial): C:\Users\xpmkm\.gradle\wrapper\dists\gradle-7.0.2-bin\857tjihv64xamwrf0h14cai3r\gradle-7.0.2\lib\gradle-launcher-7.0.2.jar
Launcher Type: SUN_STANDARD

[Global flags]
     intx CICompilerCount                          = 4                                         {product} {ergonomic}
     uint ConcGCThreads                            = 2                                         {product} {ergonomic}
     uint G1ConcRefinementThreads                  = 8                                         {product} {ergonomic}
   size_t G1HeapRegionSize                         = 1048576                                   {product} {ergonomic}
    uintx GCDrainStackTargetSize                   = 64                                        {product} {ergonomic}
   size_t InitialHeapSize                          = 132120576                                 {product} {ergonomic}
   size_t MarkStackSize                            = 4194304                                   {product} {ergonomic}
   size_t MaxHeapSize                              = 2147483648                                {product} {command line}
   size_t MaxNewSize                               = 1287651328                                {product} {ergonomic}
   size_t MinHeapDeltaBytes                        = 1048576                                   {product} {ergonomic}
    uintx NonNMethodCodeHeapSize                   = 5836300                                {pd product} {ergonomic}
    uintx NonProfiledCodeHeapSize                  = 122910970                              {pd product} {ergonomic}
    uintx ProfiledCodeHeapSize                     = 122910970                              {pd product} {ergonomic}
    uintx ReservedCodeCacheSize                    = 251658240                              {pd product} {ergonomic}
     bool SegmentedCodeCache                       = true                                      {product} {ergonomic}
     bool UseCompressedClassPointers               = true                                 {lp64_product} {ergonomic}
     bool UseCompressedOops                        = true                                 {lp64_product} {ergonomic}
     bool UseG1GC                                  = true                                      {product} {ergonomic}
     bool UseLargePagesIndividualAllocation        = false                                  {pd product} {ergonomic}

Logging:
Log output configuration:
 #0: stdout all=warning uptime,level,tags
 #1: stderr all=off uptime,level,tags

Environment Variables:
PATH=C:\Program Files (x86)\Common Files\Oracle\Java\javapath;C:\WINDOWS\system32;C:\WINDOWS;C:\WINDOWS\System32\Wbem;C:\WINDOWS\System32\WindowsPowerShell\v1.0\;C:\WINDOWS\System32\OpenSSH\;C:\Program Files\Git\cmd;C:\Program Files\nodejs\;C:\xampp\php;C:\ProgramData\ComposerSetup\bin;C:\Users\xpmkm\AppData\Local\Android\Sdk\platform-tools;C:\Program Files\Java\jdk1.8.0_231\bin;C:\Program Files\opnsl\bin;C:\Users\xpmkm\AppData\Roaming\npm;C:\Users\xpmkm\AppData\Local\Programs\Microsoft VS Code\bin;C:\Program Files\flutter\bin;C:\Users\xpmkm\AppData\Roaming\Composer\vendor\bin;C:\Users\xpmkm\AppData\Local\Microsoft\WindowsApps;
USERNAME=xpmkm
OS=Windows_NT
PROCESSOR_IDENTIFIER=AMD64 Family 23 Model 24 Stepping 1, AuthenticAMD



---------------  S Y S T E M  ---------------

OS: Windows 10 , 64 bit Build 22471 (10.0.22471.1000)
OS uptime: 0 days 0:22 hours

CPU:total 8 (initial active 8) (8 cores per cpu, 2 threads per core) family 23 model 24 stepping 1 microcode 0x0, cmov, cx8, fxsr, mmx, sse, sse2, sse3, ssse3, sse4.1, sse4.2, popcnt, avx, avx2, aes, clmul, mmxext, 3dnowpref, lzcnt, sse4a, ht, tsc, tscinvbit, tscinv, bmi1, bmi2, adx, s

Memory: 4k page, system-wide physical 8002M (398M free)
TotalPageFile size 12098M (AvailPageFile size 6M)
current process WorkingSet (physical memory assigned to process): 521M, peak: 523M
current process commit charge ("private bytes"): 553M, peak: 555M

vm_info: OpenJDK 64-Bit Server VM (11.0.10+0-b96-7249189) for windows-amd64 JRE (11.0.10+0-b96-7249189), built on Mar 31 2021 21:44:00 by "builder" with MS VC++ 14.0 (VS2015)

END.
