#
# There is insufficient memory for the Java Runtime Environment to continue.
# Native memory allocation (mmap) failed to map 38797312 bytes for Failed to commit area from 0x000000008b700000 to 0x000000008dc00000 of length 38797312.
# Possible reasons:
#   The system is out of physical RAM or swap space
#   The process is running with CompressedOops enabled, and the Java Heap may be blocking the growth of the native heap
# Possible solutions:
#   Reduce memory load on the system
#   Increase physical memory or swap space
#   Check if swap backing store is full
#   Decrease Java heap size (-Xmx/-Xms)
#   Decrease number of Java threads
#   Decrease Java thread stack sizes (-Xss)
#   Set larger code cache with -XX:ReservedCodeCacheSize=
#   JVM is running with Unscaled Compressed Oops mode in which the Java heap is
#     placed in the first 4GB address space. The Java Heap base address is the
#     maximum limit for the native heap growth. Please use -XX:HeapBaseMinAddress
#     to set the Java Heap base and to place the Java Heap above 4GB virtual address.
# This output file may be truncated or incomplete.
#
#  Out of Memory Error (./src/hotspot/os/windows/os_windows.cpp:3301), pid=14592, tid=4620
#
# JRE version: OpenJDK Runtime Environment (11.0.10) (build 11.0.10+0-b96-7249189)
# Java VM: OpenJDK 64-Bit Server VM (11.0.10+0-b96-7249189, mixed mode, tiered, compressed oops, g1 gc, windows-amd64)
# No core dump will be written. Minidumps are not enabled by default on client versions of Windows
#

---------------  S U M M A R Y ------------

Command Line: --add-opens=java.base/java.util=ALL-UNNAMED --add-opens=java.base/java.lang=ALL-UNNAMED --add-opens=java.base/java.lang.invoke=ALL-UNNAMED --add-opens=java.base/java.util=ALL-UNNAMED --add-opens=java.prefs/java.util.prefs=ALL-UNNAMED --add-opens=java.prefs/java.util.prefs=ALL-UNNAMED --add-opens=java.base/java.nio.charset=ALL-UNNAMED --add-opens=java.base/java.net=ALL-UNNAMED --add-opens=java.base/java.util.concurrent.atomic=ALL-UNNAMED -Xmx2048m -Dfile.encoding=UTF-8 -Duser.country=IN -Duser.language=en -Duser.variant org.gradle.launcher.daemon.bootstrap.GradleDaemon 7.0.2

Host: AMD Ryzen 5 3550H with Radeon Vega Mobile Gfx  , 8 cores, 7G,  Windows 10 , 64 bit Build 22471 (10.0.22471.1000)
Time: Fri Oct  8 13:10:50 2021 India Standard Time elapsed time: 16.420415 seconds (0d 0h 0m 16s)

---------------  T H R E A D  ---------------

Current thread (0x00000227606c8800):  VMThread "VM Thread" [stack: 0x00000036ba600000,0x00000036ba700000] [id=4620]

Stack: [0x00000036ba600000,0x00000036ba700000]
[error occurred during error reporting (printing stack bounds), id 0xc0000005, EXCEPTION_ACCESS_VIOLATION (0xc0000005) at pc=0x0000022749d30f2d]

Native frames: (J=compiled Java code, j=interpreted, Vv=VM code, C=native code)
V  [jvm.dll+0x5ecfaa]
V  [jvm.dll+0x722bd5]
V  [jvm.dll+0x72412d]
V  [jvm.dll+0x724745]
V  [jvm.dll+0x7246fb]
V  [jvm.dll+0x5ec348]
V  [jvm.dll+0x5ecad8]
C  [ntdll.dll+0xa623f]
C  [ntdll.dll+0x65ea9]
C  [ntdll.dll+0xa522e]
C  0x0000022749d30f2d

VM_Operation (0x00000036bcdfe0e0): G1CollectForAllocation, mode: safepoint, requested by thread 0x000002276661d000


---------------  P R O C E S S  ---------------

Threads class SMR info:
_java_thread_list=0x0000022762187540, length=68, elements={
0x0000022746243800, 0x00000227606cb000, 0x00000227606ce000, 0x0000022761044800,
0x0000022761045800, 0x0000022761047800, 0x000002276104c000, 0x0000022761051000,
0x00000227606e4000, 0x00000227611b1000, 0x0000022762e66000, 0x0000022761346800,
0x00000227623d2800, 0x0000022764119800, 0x00000227629d4800, 0x0000022762ae1800,
0x00000227626e6800, 0x0000022763361000, 0x0000022763362000, 0x000002276312e800,
0x0000022763130000, 0x0000022763133800, 0x000002276312d800, 0x0000022763d5a000,
0x0000022763132800, 0x000002276312f000, 0x0000022763131000, 0x0000022763131800,
0x0000022763134000, 0x000002276661c000, 0x000002276661d000, 0x000002276661d800,
0x000002276661e800, 0x0000022766618800, 0x000002276661f800, 0x0000022766621800,
0x0000022766623800, 0x0000022766621000, 0x0000022766626000, 0x0000022766622800,
0x0000022766625000, 0x0000022766624000, 0x0000022766620000, 0x0000022766626800,
0x0000022766627800, 0x000002276325f800, 0x0000022763263800, 0x0000022763264800,
0x000002276325e800, 0x0000022763265000, 0x0000022763261000, 0x0000022763267800,
0x0000022763262000, 0x0000022763262800, 0x0000022763267000, 0x0000022763268800,
0x0000022763269000, 0x000002276326c800, 0x000002276326d800, 0x000002276326a000,
0x000002276326b800, 0x000002276338b000, 0x000002276338e800, 0x000002276338f000,
0x0000022763390000, 0x000002276338c000, 0x0000022763390800, 0x0000022763391800
}

Java Threads: ( => current thread )
  0x0000022746243800 JavaThread "main" [_thread_blocked, id=8748, stack(0x00000036ba000000,0x00000036ba100000)]
  0x00000227606cb000 JavaThread "Reference Handler" daemon [_thread_blocked, id=11572, stack(0x00000036ba700000,0x00000036ba800000)]
  0x00000227606ce000 JavaThread "Finalizer" daemon [_thread_blocked, id=16148, stack(0x00000036ba800000,0x00000036ba900000)]
  0x0000022761044800 JavaThread "Signal Dispatcher" daemon [_thread_blocked, id=12796, stack(0x00000036ba900000,0x00000036baa00000)]
  0x0000022761045800 JavaThread "Attach Listener" daemon [_thread_blocked, id=11736, stack(0x00000036baa00000,0x00000036bab00000)]
  0x0000022761047800 JavaThread "Service Thread" daemon [_thread_blocked, id=5820, stack(0x00000036bab00000,0x00000036bac00000)]
  0x000002276104c000 JavaThread "C2 CompilerThread0" daemon [_thread_blocked, id=4648, stack(0x00000036bac00000,0x00000036bad00000)]
  0x0000022761051000 JavaThread "C1 CompilerThread0" daemon [_thread_blocked, id=11924, stack(0x00000036bad00000,0x00000036bae00000)]
  0x00000227606e4000 JavaThread "Sweeper thread" daemon [_thread_blocked, id=5828, stack(0x00000036bae00000,0x00000036baf00000)]
  0x00000227611b1000 JavaThread "Common-Cleaner" daemon [_thread_blocked, id=6588, stack(0x00000036baf00000,0x00000036bb000000)]
  0x0000022762e66000 JavaThread "Daemon health stats" [_thread_blocked, id=4124, stack(0x00000036bb500000,0x00000036bb600000)]
  0x0000022761346800 JavaThread "Incoming local TCP Connector on port 56555" [_thread_in_native, id=2528, stack(0x00000036bb100000,0x00000036bb200000)]
  0x00000227623d2800 JavaThread "Daemon periodic checks" [_thread_blocked, id=12224, stack(0x00000036bb400000,0x00000036bb500000)]
  0x0000022764119800 JavaThread "Daemon" [_thread_blocked, id=12324, stack(0x00000036bb600000,0x00000036bb700000)]
  0x00000227629d4800 JavaThread "Handler for socket connection from /127.0.0.1:56555 to /127.0.0.1:56556" [_thread_in_native, id=5984, stack(0x00000036bb700000,0x00000036bb800000)]
  0x0000022762ae1800 JavaThread "Cancel handler" [_thread_blocked, id=10644, stack(0x00000036bb800000,0x00000036bb900000)]
  0x00000227626e6800 JavaThread "Daemon worker" [_thread_blocked, id=16000, stack(0x00000036bb900000,0x00000036bba00000)]
  0x0000022763361000 JavaThread "Asynchronous log dispatcher for DefaultDaemonConnection: socket connection from /127.0.0.1:56555 to /127.0.0.1:56556" [_thread_blocked, id=11872, stack(0x00000036bba00000,0x00000036bbb00000)]
  0x0000022763362000 JavaThread "Stdin handler" [_thread_blocked, id=13508, stack(0x00000036bbb00000,0x00000036bbc00000)]
  0x000002276312e800 JavaThread "Daemon client event forwarder" [_thread_blocked, id=5288, stack(0x00000036bbc00000,0x00000036bbd00000)]
  0x0000022763130000 JavaThread "Cache worker for file hash cache (C:\Users\xpmkm\.gradle\caches\7.0.2\fileHashes)" [_thread_blocked, id=992, stack(0x00000036bc200000,0x00000036bc300000)]
  0x0000022763133800 JavaThread "File lock request listener" [_thread_in_native, id=16040, stack(0x00000036bc300000,0x00000036bc400000)]
  0x000002276312d800 JavaThread "Cache worker for journal cache (C:\Users\xpmkm\.gradle\caches\journal-1)" [_thread_blocked, id=15636, stack(0x00000036bc500000,0x00000036bc600000)]
  0x0000022763d5a000 JavaThread "C2 CompilerThread1" daemon [_thread_blocked, id=8796, stack(0x00000036bc600000,0x00000036bc700000)]
  0x0000022763132800 JavaThread "Cache worker for file hash cache (C:\Users\xpmkm\Desktop\update_code_vezilla-server\codecanyon-L2GSbXtH-dairy-products-grocery-daily-milk-delivery-mobile-app-with-subscription-customer-app-delivery\test-vezilla-android-workspace\.gradle\7.0.2\fileHashes)" [_thread_blocked, id=7600, stack(0x00000036bc700000,0x00000036bc800000)]
  0x000002276312f000 JavaThread "File watcher server" daemon [_thread_blocked, id=6036, stack(0x00000036bc800000,0x00000036bc900000)]
  0x0000022763131000 JavaThread "File watcher consumer" daemon [_thread_blocked, id=15312, stack(0x00000036bc900000,0x00000036bca00000)]
  0x0000022763131800 JavaThread "Cache worker for checksums cache (C:\Users\xpmkm\Desktop\update_code_vezilla-server\codecanyon-L2GSbXtH-dairy-products-grocery-daily-milk-delivery-mobile-app-with-subscription-customer-app-delivery\test-vezilla-android-workspace\.gradle\checksums)" [_thread_blocked, id=5772, stack(0x00000036bca00000,0x00000036bcb00000)]
  0x0000022763134000 JavaThread "Cache worker for cache directory md-supplier (C:\Users\xpmkm\.gradle\caches\7.0.2\md-supplier)" [_thread_blocked, id=15452, stack(0x00000036bcb00000,0x00000036bcc00000)]
  0x000002276661c000 JavaThread "Cache worker for cache directory md-rule (C:\Users\xpmkm\.gradle\caches\7.0.2\md-rule)" [_thread_blocked, id=2828, stack(0x00000036bcc00000,0x00000036bcd00000)]
  0x000002276661d000 JavaThread "Cache worker for execution history cache (C:\Users\xpmkm\.gradle\caches\7.0.2\executionHistory)" [_thread_blocked, id=812, stack(0x00000036bcd00000,0x00000036bce00000)]
  0x000002276661d800 JavaThread "jar transforms" [_thread_blocked, id=2532, stack(0x00000036bce00000,0x00000036bcf00000)]
  0x000002276661e800 JavaThread "jar transforms Thread 2" [_thread_blocked, id=9236, stack(0x00000036bcf00000,0x00000036bd000000)]
  0x0000022766618800 JavaThread "Cache worker for file content cache (C:\Users\xpmkm\.gradle\caches\7.0.2\fileContent)" [_thread_blocked, id=12500, stack(0x00000036bd000000,0x00000036bd100000)]
  0x000002276661f800 JavaThread "Cache worker for dependencies-accessors (C:\Users\xpmkm\Desktop\update_code_vezilla-server\codecanyon-L2GSbXtH-dairy-products-grocery-daily-milk-delivery-mobile-app-with-subscription-customer-app-delivery\test-vezilla-android-workspace\.gradle\7.0.2\dependencies-accessors)" [_thread_blocked, id=15372, stack(0x00000036bd100000,0x00000036bd200000)]
  0x0000022766621800 JavaThread "jar transforms Thread 3" [_thread_blocked, id=11824, stack(0x00000036bd200000,0x00000036bd300000)]
  0x0000022766623800 JavaThread "Cache worker for Build Output Cleanup Cache (C:\Users\xpmkm\Desktop\update_code_vezilla-server\codecanyon-L2GSbXtH-dairy-products-grocery-daily-milk-delivery-mobile-app-with-subscription-customer-app-delivery\test-vezilla-android-workspace\.gradle\buildOutputCleanup)" [_thread_blocked, id=9420, stack(0x00000036bd300000,0x00000036bd400000)]
  0x0000022766621000 JavaThread "Build operations" [_thread_blocked, id=8948, stack(0x00000036bd400000,0x00000036bd500000)]
  0x0000022766626000 JavaThread "Build operations Thread 2" [_thread_blocked, id=8932, stack(0x00000036bd500000,0x00000036bd600000)]
  0x0000022766622800 JavaThread "Build operations Thread 3" [_thread_blocked, id=3204, stack(0x00000036bd600000,0x00000036bd700000)]
  0x0000022766625000 JavaThread "Build operations Thread 4" [_thread_blocked, id=10684, stack(0x00000036bd700000,0x00000036bd800000)]
  0x0000022766624000 JavaThread "Build operations Thread 5" [_thread_blocked, id=8284, stack(0x00000036bd800000,0x00000036bd900000)]
  0x0000022766620000 JavaThread "Build operations Thread 6" [_thread_blocked, id=13208, stack(0x00000036bd900000,0x00000036bda00000)]
  0x0000022766626800 JavaThread "Build operations Thread 7" [_thread_blocked, id=15044, stack(0x00000036bda00000,0x00000036bdb00000)]
  0x0000022766627800 JavaThread "Build operations Thread 8" [_thread_blocked, id=4184, stack(0x00000036bdb00000,0x00000036bdc00000)]
  0x000002276325f800 JavaThread "jar transforms Thread 4" [_thread_blocked, id=1864, stack(0x00000036bdc00000,0x00000036bdd00000)]
  0x0000022763263800 JavaThread "jar transforms Thread 5" [_thread_blocked, id=16192, stack(0x00000036bdd00000,0x00000036bde00000)]
  0x0000022763264800 JavaThread "jar transforms Thread 6" [_thread_blocked, id=2640, stack(0x00000036bde00000,0x00000036bdf00000)]
  0x000002276325e800 JavaThread "jar transforms Thread 7" [_thread_blocked, id=9088, stack(0x00000036bdf00000,0x00000036be000000)]
  0x0000022763265000 JavaThread "jar transforms Thread 8" [_thread_blocked, id=2192, stack(0x00000036be000000,0x00000036be100000)]
  0x0000022763261000 JavaThread "Memory manager" [_thread_blocked, id=16116, stack(0x00000036be100000,0x00000036be200000)]
  0x0000022763267800 JavaThread "build event listener" [_thread_blocked, id=16244, stack(0x00000036be200000,0x00000036be300000)]
  0x0000022763262000 JavaThread "Execution worker for ':'" [_thread_blocked, id=3000, stack(0x00000036be300000,0x00000036be400000)]
  0x0000022763262800 JavaThread "Execution worker for ':' Thread 2" [_thread_blocked, id=15248, stack(0x00000036be400000,0x00000036be500000)]
  0x0000022763267000 JavaThread "Execution worker for ':' Thread 3" [_thread_blocked, id=13704, stack(0x00000036be500000,0x00000036be600000)]
  0x0000022763268800 JavaThread "Execution worker for ':' Thread 4" [_thread_blocked, id=11496, stack(0x00000036be600000,0x00000036be700000)]
  0x0000022763269000 JavaThread "Execution worker for ':' Thread 5" [_thread_blocked, id=12496, stack(0x00000036be700000,0x00000036be800000)]
  0x000002276326c800 JavaThread "Execution worker for ':' Thread 6" [_thread_blocked, id=3824, stack(0x00000036be800000,0x00000036be900000)]
  0x000002276326d800 JavaThread "Execution worker for ':' Thread 7" [_thread_blocked, id=10548, stack(0x00000036be900000,0x00000036bea00000)]
  0x000002276326a000 JavaThread "Cache worker for execution history cache (C:\Users\xpmkm\Desktop\update_code_vezilla-server\codecanyon-L2GSbXtH-dairy-products-grocery-daily-milk-delivery-mobile-app-with-subscription-customer-app-delivery\test-vezilla-android-workspace\.gradle\7.0.2\executionHistory)" [_thread_blocked, id=7640, stack(0x00000036bea00000,0x00000036beb00000)]
  0x000002276326b800 JavaThread "WorkerExecutor Queue" [_thread_blocked, id=10232, stack(0x00000036beb00000,0x00000036bec00000)]
  0x000002276338b000 JavaThread "WorkerExecutor Queue Thread 2" [_thread_blocked, id=14672, stack(0x00000036bec00000,0x00000036bed00000)]
  0x000002276338e800 JavaThread "WorkerExecutor Queue Thread 3" [_thread_blocked, id=3156, stack(0x00000036bed00000,0x00000036bee00000)]
  0x000002276338f000 JavaThread "WorkerExecutor Queue Thread 4" [_thread_blocked, id=13916, stack(0x00000036bee00000,0x00000036bef00000)]
  0x0000022763390000 JavaThread "WorkerExecutor Queue Thread 5" [_thread_blocked, id=12572, stack(0x00000036bef00000,0x00000036bf000000)]
  0x000002276338c000 JavaThread "WorkerExecutor Queue Thread 6" [_thread_blocked, id=13892, stack(0x00000036bf000000,0x00000036bf100000)]
  0x0000022763390800 JavaThread "WorkerExecutor Queue Thread 7" [_thread_blocked, id=1756, stack(0x00000036bf100000,0x00000036bf200000)]
  0x0000022763391800 JavaThread "WorkerExecutor Queue Thread 8" [_thread_blocked, id=8920, stack(0x00000036bf200000,0x00000036bf300000)]

Other Threads:
=>0x00000227606c8800 VMThread "VM Thread" [stack: 0x00000036ba600000,0x00000036ba700000] [id=4620]
  0x00000227611d5800 WatcherThread [stack: 0x00000036bb000000,0x00000036bb100000] [id=11104]
  0x000002274625e000 GCTaskThread "GC Thread#0" [stack: 0x00000036ba100000,0x00000036ba200000] [id=14276]
  0x0000022761d7b000 GCTaskThread "GC Thread#1" [stack: 0x00000036bb200000,0x00000036bb300000] [id=8232]
  0x0000022761fa6800 GCTaskThread "GC Thread#2" [stack: 0x00000036bb300000,0x00000036bb400000] [id=316]
  0x00000227626d9800 GCTaskThread "GC Thread#3" [stack: 0x00000036bbd00000,0x00000036bbe00000] [id=9060]
  0x000002276327c800 GCTaskThread "GC Thread#4" [stack: 0x00000036bbe00000,0x00000036bbf00000] [id=3032]
  0x0000022763b77800 GCTaskThread "GC Thread#5" [stack: 0x00000036bbf00000,0x00000036bc000000] [id=5364]
  0x000002276322c800 GCTaskThread "GC Thread#6" [stack: 0x00000036bc000000,0x00000036bc100000] [id=2600]
  0x000002276274e000 GCTaskThread "GC Thread#7" [stack: 0x00000036bc100000,0x00000036bc200000] [id=12472]
  0x0000022746291000 ConcurrentGCThread "G1 Main Marker" [stack: 0x00000036ba200000,0x00000036ba300000] [id=8068]
  0x0000022746292800 ConcurrentGCThread "G1 Conc#0" [stack: 0x00000036ba300000,0x00000036ba400000] [id=13648]
  0x0000022763af6800 ConcurrentGCThread "G1 Conc#1" [stack: 0x00000036bc400000,0x00000036bc500000] [id=6564]
  0x0000022760516800 ConcurrentGCThread "G1 Refine#0" [stack: 0x00000036ba400000,0x00000036ba500000] [id=15468]
  0x0000022760518800 ConcurrentGCThread "G1 Young RemSet Sampling" [stack: 0x00000036ba500000,0x00000036ba600000] [id=11896]

Threads with active compile tasks:
C2 CompilerThread0  16436 11947       4       java.util.stream.ReferencePipeline::anyMatch (18 bytes)
C2 CompilerThread1  16436 11932       4       org.gradle.tooling.internal.provider.runner.SubtreeFilteringBuildOperationListener::started (118 bytes)

VM state:at safepoint (normal execution)

VM Mutex/Monitor currently owned by a thread:  ([mutex/lock_event])
[0x000002274623fc90] Threads_lock - owner thread: 0x00000227606c8800
[0x000002274623f660] Heap_lock - owner thread: 0x000002276661d000

Heap address: 0x0000000080000000, size: 2048 MB, Compressed Oops mode: 32-bit
Narrow klass base: 0x0000000000000000, Narrow klass shift: 3
Compressed class space size: 1073741824 Address: 0x0000000100000000

Heap:
 garbage-first heap   total 225280K, used 99282K [0x0000000080000000, 0x0000000100000000)
  region size 1024K, 4 young (4096K), 4 survivors (4096K)
 Metaspace       used 86112K, capacity 88694K, committed 89088K, reserved 1126400K
  class space    used 10992K, capacity 11940K, committed 12108K, reserved 1048576K
Heap Regions: E=young(eden), S=young(survivor), O=old, HS=humongous(starts), HC=humongous(continues), CS=collection set, F=free, A=archive, TAMS=top-at-mark-start (previous, next)
|   0|0x0000000080000000, 0x0000000080100000, 0x0000000080100000|100%| O|  |TAMS 0x0000000080100000, 0x0000000080000000| Untracked 
|   1|0x0000000080100000, 0x0000000080200000, 0x0000000080200000|100%| O|  |TAMS 0x0000000080200000, 0x0000000080100000| Untracked 
|   2|0x0000000080200000, 0x0000000080300000, 0x0000000080300000|100%| O|  |TAMS 0x0000000080300000, 0x0000000080200000| Untracked 
|   3|0x0000000080300000, 0x0000000080400000, 0x0000000080400000|100%|HS|  |TAMS 0x0000000080400000, 0x0000000080300000| Complete 
|   4|0x0000000080400000, 0x0000000080500000, 0x0000000080500000|100%|HC|  |TAMS 0x0000000080500000, 0x0000000080400000| Complete 
|   5|0x0000000080500000, 0x0000000080600000, 0x0000000080600000|100%|HC|  |TAMS 0x0000000080600000, 0x0000000080500000| Complete 
|   6|0x0000000080600000, 0x0000000080700000, 0x0000000080700000|100%| O|  |TAMS 0x0000000080700000, 0x0000000080600000| Untracked 
|   7|0x0000000080700000, 0x0000000080800000, 0x0000000080800000|100%| O|  |TAMS 0x0000000080800000, 0x0000000080700000| Untracked 
|   8|0x0000000080800000, 0x0000000080900000, 0x0000000080900000|100%| O|  |TAMS 0x0000000080900000, 0x0000000080800000| Complete 
|   9|0x0000000080900000, 0x0000000080a00000, 0x0000000080a00000|100%| O|  |TAMS 0x0000000080a00000, 0x0000000080900000| Untracked 
|  10|0x0000000080a00000, 0x0000000080b00000, 0x0000000080b00000|100%| O|  |TAMS 0x0000000080b00000, 0x0000000080a00000| Complete 
|  11|0x0000000080b00000, 0x0000000080c00000, 0x0000000080c00000|100%| O|  |TAMS 0x0000000080c00000, 0x0000000080b00000| Untracked 
|  12|0x0000000080c00000, 0x0000000080d00000, 0x0000000080d00000|100%| O|  |TAMS 0x0000000080d00000, 0x0000000080c00000| Untracked 
|  13|0x0000000080d00000, 0x0000000080e00000, 0x0000000080e00000|100%| O|  |TAMS 0x0000000080e00000, 0x0000000080d00000| Untracked 
|  14|0x0000000080e00000, 0x0000000080f00000, 0x0000000080f00000|100%| O|  |TAMS 0x0000000080f00000, 0x0000000080e00000| Untracked 
|  15|0x0000000080f00000, 0x0000000081000000, 0x0000000081000000|100%| O|  |TAMS 0x0000000081000000, 0x0000000080f00000| Untracked 
|  16|0x0000000081000000, 0x0000000081100000, 0x0000000081100000|100%|HS|  |TAMS 0x0000000081100000, 0x0000000081000000| Complete 
|  17|0x0000000081100000, 0x0000000081200000, 0x0000000081200000|100%| O|  |TAMS 0x0000000081200000, 0x0000000081100000| Untracked 
|  18|0x0000000081200000, 0x0000000081300000, 0x0000000081300000|100%| O|  |TAMS 0x0000000081300000, 0x0000000081200000| Untracked 
|  19|0x0000000081300000, 0x0000000081400000, 0x0000000081400000|100%| O|  |TAMS 0x0000000081400000, 0x0000000081300000| Untracked 
|  20|0x0000000081400000, 0x0000000081500000, 0x0000000081500000|100%| O|  |TAMS 0x0000000081500000, 0x0000000081400000| Untracked 
|  21|0x0000000081500000, 0x0000000081600000, 0x0000000081600000|100%| O|  |TAMS 0x0000000081600000, 0x0000000081500000| Untracked 
|  22|0x0000000081600000, 0x0000000081700000, 0x0000000081700000|100%| O|  |TAMS 0x0000000081700000, 0x0000000081600000| Untracked 
|  23|0x0000000081700000, 0x0000000081800000, 0x0000000081800000|100%|HS|  |TAMS 0x0000000081800000, 0x0000000081700000| Complete 
|  24|0x0000000081800000, 0x0000000081900000, 0x0000000081900000|100%|HS|  |TAMS 0x0000000081900000, 0x0000000081800000| Complete 
|  25|0x0000000081900000, 0x0000000081a00000, 0x0000000081a00000|100%|HC|  |TAMS 0x0000000081a00000, 0x0000000081900000| Complete 
|  26|0x0000000081a00000, 0x0000000081b00000, 0x0000000081b00000|100%| O|  |TAMS 0x0000000081b00000, 0x0000000081a00000| Untracked 
|  27|0x0000000081b00000, 0x0000000081c00000, 0x0000000081c00000|100%| O|  |TAMS 0x0000000081c00000, 0x0000000081b00000| Untracked 
|  28|0x0000000081c00000, 0x0000000081d00000, 0x0000000081d00000|100%| O|  |TAMS 0x0000000081d00000, 0x0000000081c00000| Untracked 
|  29|0x0000000081d00000, 0x0000000081e00000, 0x0000000081e00000|100%| O|  |TAMS 0x0000000081e00000, 0x0000000081d00000| Untracked 
|  30|0x0000000081e00000, 0x0000000081f00000, 0x0000000081f00000|100%| O|  |TAMS 0x0000000081f00000, 0x0000000081e00000| Untracked 
|  31|0x0000000081f00000, 0x0000000082000000, 0x0000000082000000|100%| O|  |TAMS 0x0000000082000000, 0x0000000081f00000| Untracked 
|  32|0x0000000082000000, 0x0000000082100000, 0x0000000082100000|100%| O|  |TAMS 0x0000000082100000, 0x0000000082000000| Complete 
|  33|0x0000000082100000, 0x0000000082200000, 0x0000000082200000|100%| O|  |TAMS 0x0000000082200000, 0x0000000082100000| Untracked 
|  34|0x0000000082200000, 0x0000000082300000, 0x0000000082300000|100%| O|  |TAMS 0x0000000082300000, 0x0000000082200000| Untracked 
|  35|0x0000000082300000, 0x0000000082400000, 0x0000000082400000|100%| O|  |TAMS 0x0000000082400000, 0x0000000082300000| Untracked 
|  36|0x0000000082400000, 0x0000000082500000, 0x0000000082500000|100%| O|  |TAMS 0x0000000082500000, 0x0000000082400000| Untracked 
|  37|0x0000000082500000, 0x0000000082600000, 0x0000000082600000|100%| O|  |TAMS 0x0000000082600000, 0x0000000082500000| Untracked 
|  38|0x0000000082600000, 0x0000000082700000, 0x0000000082700000|100%| O|  |TAMS 0x0000000082700000, 0x0000000082600000| Untracked 
|  39|0x0000000082700000, 0x0000000082800000, 0x0000000082800000|100%| O|  |TAMS 0x0000000082800000, 0x0000000082700000| Untracked 
|  40|0x0000000082800000, 0x0000000082900000, 0x0000000082900000|100%| O|  |TAMS 0x0000000082900000, 0x0000000082800000| Untracked 
|  41|0x0000000082900000, 0x0000000082a00000, 0x0000000082a00000|100%| O|  |TAMS 0x0000000082a00000, 0x0000000082900000| Complete 
|  42|0x0000000082a00000, 0x0000000082b00000, 0x0000000082b00000|100%| O|  |TAMS 0x0000000082b00000, 0x0000000082a00000| Untracked 
|  43|0x0000000082b00000, 0x0000000082c00000, 0x0000000082c00000|100%| O|  |TAMS 0x0000000082c00000, 0x0000000082b00000| Untracked 
|  44|0x0000000082c00000, 0x0000000082d00000, 0x0000000082d00000|100%| O|  |TAMS 0x0000000082d00000, 0x0000000082c00000| Untracked 
|  45|0x0000000082d00000, 0x0000000082e00000, 0x0000000082e00000|100%| O|  |TAMS 0x0000000082e00000, 0x0000000082d00000| Untracked 
|  46|0x0000000082e00000, 0x0000000082f00000, 0x0000000082f00000|100%| O|  |TAMS 0x0000000082f00000, 0x0000000082e00000| Untracked 
|  47|0x0000000082f00000, 0x0000000083000000, 0x0000000083000000|100%| O|  |TAMS 0x0000000083000000, 0x0000000082f00000| Untracked 
|  48|0x0000000083000000, 0x0000000083100000, 0x0000000083100000|100%| O|  |TAMS 0x0000000083100000, 0x0000000083000000| Untracked 
|  49|0x0000000083100000, 0x0000000083200000, 0x0000000083200000|100%| O|  |TAMS 0x0000000083200000, 0x0000000083100000| Untracked 
|  50|0x0000000083200000, 0x0000000083300000, 0x0000000083300000|100%| O|  |TAMS 0x0000000083300000, 0x0000000083200000| Untracked 
|  51|0x0000000083300000, 0x0000000083400000, 0x0000000083400000|100%| O|  |TAMS 0x0000000083400000, 0x0000000083300000| Untracked 
|  52|0x0000000083400000, 0x0000000083500000, 0x0000000083500000|100%| O|  |TAMS 0x0000000083500000, 0x0000000083400000| Untracked 
|  53|0x0000000083500000, 0x0000000083600000, 0x0000000083600000|100%| O|  |TAMS 0x0000000083600000, 0x0000000083500000| Untracked 
|  54|0x0000000083600000, 0x0000000083700000, 0x0000000083700000|100%| O|  |TAMS 0x0000000083700000, 0x0000000083600000| Complete 
|  55|0x0000000083700000, 0x0000000083800000, 0x0000000083800000|100%| O|  |TAMS 0x0000000083800000, 0x0000000083700000| Untracked 
|  56|0x0000000083800000, 0x0000000083900000, 0x0000000083900000|100%| O|  |TAMS 0x0000000083900000, 0x0000000083800000| Untracked 
|  57|0x0000000083900000, 0x0000000083a00000, 0x0000000083a00000|100%| O|  |TAMS 0x0000000083a00000, 0x0000000083900000| Untracked 
|  58|0x0000000083a00000, 0x0000000083b00000, 0x0000000083b00000|100%| O|  |TAMS 0x0000000083b00000, 0x0000000083a00000| Untracked 
|  59|0x0000000083b00000, 0x0000000083c00000, 0x0000000083c00000|100%| O|  |TAMS 0x0000000083c00000, 0x0000000083b00000| Untracked 
|  60|0x0000000083c00000, 0x0000000083d00000, 0x0000000083d00000|100%| O|  |TAMS 0x0000000083d00000, 0x0000000083c00000| Untracked 
|  61|0x0000000083d00000, 0x0000000083e00000, 0x0000000083e00000|100%| O|  |TAMS 0x0000000083e00000, 0x0000000083d00000| Untracked 
|  62|0x0000000083e00000, 0x0000000083f00000, 0x0000000083f00000|100%| O|  |TAMS 0x0000000083f00000, 0x0000000083e00000| Untracked 
|  63|0x0000000083f00000, 0x0000000084000000, 0x0000000084000000|100%| O|  |TAMS 0x0000000084000000, 0x0000000083f00000| Untracked 
|  64|0x0000000084000000, 0x0000000084100000, 0x0000000084100000|100%| O|  |TAMS 0x0000000084100000, 0x0000000084000000| Untracked 
|  65|0x0000000084100000, 0x0000000084200000, 0x0000000084200000|100%| O|  |TAMS 0x0000000084200000, 0x0000000084100000| Untracked 
|  66|0x0000000084200000, 0x0000000084200000, 0x0000000084300000|  0%| F|  |TAMS 0x0000000084200000, 0x0000000084200000| Untracked 
|  67|0x0000000084300000, 0x0000000084300000, 0x0000000084400000|  0%| F|  |TAMS 0x0000000084300000, 0x0000000084300000| Untracked 
|  68|0x0000000084400000, 0x0000000084500000, 0x0000000084500000|100%| O|  |TAMS 0x0000000084500000, 0x0000000084400000| Complete 
|  69|0x0000000084500000, 0x0000000084600000, 0x0000000084600000|100%| O|  |TAMS 0x0000000084600000, 0x0000000084500000| Untracked 
|  70|0x0000000084600000, 0x0000000084700000, 0x0000000084700000|100%| O|  |TAMS 0x0000000084700000, 0x0000000084600000| Untracked 
|  71|0x0000000084700000, 0x0000000084800000, 0x0000000084800000|100%| O|  |TAMS 0x0000000084800000, 0x0000000084700000| Complete 
|  72|0x0000000084800000, 0x0000000084900000, 0x0000000084900000|100%| O|  |TAMS 0x0000000084900000, 0x0000000084800000| Complete 
|  73|0x0000000084900000, 0x0000000084a00000, 0x0000000084a00000|100%| O|  |TAMS 0x0000000084a00000, 0x0000000084900000| Complete 
|  74|0x0000000084a00000, 0x0000000084b00000, 0x0000000084b00000|100%| O|  |TAMS 0x0000000084b00000, 0x0000000084a00000| Complete 
|  75|0x0000000084b00000, 0x0000000084c00000, 0x0000000084c00000|100%| O|  |TAMS 0x0000000084c00000, 0x0000000084b00000| Complete 
|  76|0x0000000084c00000, 0x0000000084d00000, 0x0000000084d00000|100%| O|  |TAMS 0x0000000084d00000, 0x0000000084c00000| Complete 
|  77|0x0000000084d00000, 0x0000000084d00000, 0x0000000084e00000|  0%| F|  |TAMS 0x0000000084d00000, 0x0000000084d00000| Untracked 
|  78|0x0000000084e00000, 0x0000000084e00000, 0x0000000084f00000|  0%| F|  |TAMS 0x0000000084e00000, 0x0000000084e00000| Untracked 
|  79|0x0000000084f00000, 0x0000000084f00000, 0x0000000085000000|  0%| F|  |TAMS 0x0000000084f00000, 0x0000000084f00000| Untracked 
|  80|0x0000000085000000, 0x0000000085000000, 0x0000000085100000|  0%| F|  |TAMS 0x0000000085000000, 0x0000000085000000| Untracked 
|  81|0x0000000085100000, 0x0000000085200000, 0x0000000085200000|100%| O|  |TAMS 0x0000000085200000, 0x0000000085100000| Untracked 
|  82|0x0000000085200000, 0x0000000085300000, 0x0000000085300000|100%| O|  |TAMS 0x0000000085300000, 0x0000000085200000| Untracked 
|  83|0x0000000085300000, 0x0000000085400000, 0x0000000085400000|100%| O|  |TAMS 0x0000000085400000, 0x0000000085300000| Untracked 
|  84|0x0000000085400000, 0x0000000085500000, 0x0000000085500000|100%| O|  |TAMS 0x0000000085500000, 0x0000000085400000| Untracked 
|  85|0x0000000085500000, 0x0000000085600000, 0x0000000085600000|100%| O|  |TAMS 0x0000000085600000, 0x0000000085500000| Untracked 
|  86|0x0000000085600000, 0x0000000085700000, 0x0000000085700000|100%| O|  |TAMS 0x0000000085700000, 0x0000000085600000| Untracked 
|  87|0x0000000085700000, 0x0000000085800000, 0x0000000085800000|100%| O|  |TAMS 0x0000000085800000, 0x0000000085700000| Complete 
|  88|0x0000000085800000, 0x0000000085900000, 0x0000000085900000|100%| O|  |TAMS 0x0000000085900000, 0x0000000085800000| Complete 
|  89|0x0000000085900000, 0x0000000085a00000, 0x0000000085a00000|100%| O|  |TAMS 0x0000000085a00000, 0x0000000085900000| Complete 
|  90|0x0000000085a00000, 0x0000000085b00000, 0x0000000085b00000|100%| O|  |TAMS 0x0000000085b00000, 0x0000000085a00000| Complete 
|  91|0x0000000085b00000, 0x0000000085b00000, 0x0000000085c00000|  0%| F|  |TAMS 0x0000000085b00000, 0x0000000085b00000| Untracked 
|  92|0x0000000085c00000, 0x0000000085c00000, 0x0000000085d00000|  0%| F|  |TAMS 0x0000000085c00000, 0x0000000085c00000| Untracked 
|  93|0x0000000085d00000, 0x0000000085e00000, 0x0000000085e00000|100%| O|  |TAMS 0x0000000085e00000, 0x0000000085d00000| Complete 
|  94|0x0000000085e00000, 0x0000000085e00000, 0x0000000085f00000|  0%| F|  |TAMS 0x0000000085e00000, 0x0000000085e00000| Untracked 
|  95|0x0000000085f00000, 0x0000000085f00000, 0x0000000086000000|  0%| F|  |TAMS 0x0000000085f00000, 0x0000000085f00000| Untracked 
|  96|0x0000000086000000, 0x0000000086100000, 0x0000000086100000|100%| O|  |TAMS 0x0000000086100000, 0x0000000086000000| Complete 
|  97|0x0000000086100000, 0x0000000086200000, 0x0000000086200000|100%| O|  |TAMS 0x0000000086200000, 0x0000000086100000| Complete 
|  98|0x0000000086200000, 0x0000000086200000, 0x0000000086300000|  0%| F|  |TAMS 0x0000000086200000, 0x0000000086200000| Untracked 
|  99|0x0000000086300000, 0x0000000086300000, 0x0000000086400000|  0%| F|  |TAMS 0x0000000086300000, 0x0000000086300000| Untracked 
| 100|0x0000000086400000, 0x0000000086400000, 0x0000000086500000|  0%| F|  |TAMS 0x0000000086400000, 0x0000000086400000| Untracked 
| 101|0x0000000086500000, 0x0000000086500000, 0x0000000086600000|  0%| F|  |TAMS 0x0000000086500000, 0x0000000086500000| Untracked 
| 102|0x0000000086600000, 0x0000000086600000, 0x0000000086700000|  0%| F|  |TAMS 0x0000000086600000, 0x0000000086600000| Untracked 
| 103|0x0000000086700000, 0x0000000086700000, 0x0000000086800000|  0%| F|  |TAMS 0x0000000086700000, 0x0000000086700000| Untracked 
| 104|0x0000000086800000, 0x0000000086800000, 0x0000000086900000|  0%| F|  |TAMS 0x0000000086800000, 0x0000000086800000| Untracked 
| 105|0x0000000086900000, 0x0000000086900000, 0x0000000086a00000|  0%| F|  |TAMS 0x0000000086900000, 0x0000000086900000| Untracked 
| 106|0x0000000086a00000, 0x0000000086b00000, 0x0000000086b00000|100%| O|  |TAMS 0x0000000086b00000, 0x0000000086a00000| Complete 
| 107|0x0000000086b00000, 0x0000000086c00000, 0x0000000086c00000|100%| O|  |TAMS 0x0000000086c00000, 0x0000000086b00000| Complete 
| 108|0x0000000086c00000, 0x0000000086c00000, 0x0000000086d00000|  0%| F|  |TAMS 0x0000000086c00000, 0x0000000086c00000| Untracked 
| 109|0x0000000086d00000, 0x0000000086d00000, 0x0000000086e00000|  0%| F|  |TAMS 0x0000000086d00000, 0x0000000086d00000| Untracked 
| 110|0x0000000086e00000, 0x0000000086f00000, 0x0000000086f00000|100%| O|  |TAMS 0x0000000086f00000, 0x0000000086e00000| Complete 
| 111|0x0000000086f00000, 0x0000000087000000, 0x0000000087000000|100%| O|  |TAMS 0x0000000087000000, 0x0000000086f00000| Complete 
| 112|0x0000000087000000, 0x0000000087100000, 0x0000000087100000|100%| O|  |TAMS 0x0000000087100000, 0x0000000087000000| Complete 
| 113|0x0000000087100000, 0x0000000087156000, 0x0000000087200000| 33%| O|  |TAMS 0x0000000087156000, 0x0000000087100000| Untracked 
| 114|0x0000000087200000, 0x0000000087200000, 0x0000000087300000|  0%| F|  |TAMS 0x0000000087200000, 0x0000000087200000| Untracked 
| 115|0x0000000087300000, 0x0000000087300000, 0x0000000087400000|  0%| F|  |TAMS 0x0000000087300000, 0x0000000087300000| Untracked 
| 116|0x0000000087400000, 0x0000000087400000, 0x0000000087500000|  0%| F|  |TAMS 0x0000000087400000, 0x0000000087400000| Untracked 
| 117|0x0000000087500000, 0x0000000087500000, 0x0000000087600000|  0%| F|  |TAMS 0x0000000087500000, 0x0000000087500000| Untracked 
| 118|0x0000000087600000, 0x0000000087600000, 0x0000000087700000|  0%| F|  |TAMS 0x0000000087600000, 0x0000000087600000| Untracked 
| 119|0x0000000087700000, 0x0000000087700000, 0x0000000087800000|  0%| F|  |TAMS 0x0000000087700000, 0x0000000087700000| Untracked 
| 120|0x0000000087800000, 0x0000000087800000, 0x0000000087900000|  0%| F|  |TAMS 0x0000000087800000, 0x0000000087800000| Untracked 
| 121|0x0000000087900000, 0x0000000087900000, 0x0000000087a00000|  0%| F|  |TAMS 0x0000000087900000, 0x0000000087900000| Untracked 
| 122|0x0000000087a00000, 0x0000000087a00000, 0x0000000087b00000|  0%| F|  |TAMS 0x0000000087a00000, 0x0000000087a00000| Untracked 
| 123|0x0000000087b00000, 0x0000000087b00000, 0x0000000087c00000|  0%| F|  |TAMS 0x0000000087b00000, 0x0000000087b00000| Untracked 
| 124|0x0000000087c00000, 0x0000000087c00000, 0x0000000087d00000|  0%| F|  |TAMS 0x0000000087c00000, 0x0000000087c00000| Untracked 
| 125|0x0000000087d00000, 0x0000000087d00000, 0x0000000087e00000|  0%| F|  |TAMS 0x0000000087d00000, 0x0000000087d00000| Untracked 
| 126|0x0000000087e00000, 0x0000000087e00000, 0x0000000087f00000|  0%| F|  |TAMS 0x0000000087e00000, 0x0000000087e00000| Untracked 
| 127|0x0000000087f00000, 0x0000000087f00000, 0x0000000088000000|  0%| F|  |TAMS 0x0000000087f00000, 0x0000000087f00000| Untracked 
| 128|0x0000000088000000, 0x0000000088000000, 0x0000000088100000|  0%| F|  |TAMS 0x0000000088000000, 0x0000000088000000| Untracked 
| 129|0x0000000088100000, 0x0000000088100000, 0x0000000088200000|  0%| F|  |TAMS 0x0000000088100000, 0x0000000088100000| Untracked 
| 130|0x0000000088200000, 0x0000000088200000, 0x0000000088300000|  0%| F|  |TAMS 0x0000000088200000, 0x0000000088200000| Untracked 
| 131|0x0000000088300000, 0x0000000088300000, 0x0000000088400000|  0%| F|  |TAMS 0x0000000088300000, 0x0000000088300000| Untracked 
| 132|0x0000000088400000, 0x0000000088400000, 0x0000000088500000|  0%| F|  |TAMS 0x0000000088400000, 0x0000000088400000| Untracked 
| 133|0x0000000088500000, 0x0000000088500000, 0x0000000088600000|  0%| F|  |TAMS 0x0000000088500000, 0x0000000088500000| Untracked 
| 134|0x0000000088600000, 0x0000000088600000, 0x0000000088700000|  0%| F|  |TAMS 0x0000000088600000, 0x0000000088600000| Untracked 
| 135|0x0000000088700000, 0x0000000088700000, 0x0000000088800000|  0%| F|  |TAMS 0x0000000088700000, 0x0000000088700000| Untracked 
| 136|0x0000000088800000, 0x0000000088800000, 0x0000000088900000|  0%| F|  |TAMS 0x0000000088800000, 0x0000000088800000| Untracked 
| 137|0x0000000088900000, 0x0000000088900000, 0x0000000088a00000|  0%| F|  |TAMS 0x0000000088900000, 0x0000000088900000| Untracked 
| 138|0x0000000088a00000, 0x0000000088a00000, 0x0000000088b00000|  0%| F|  |TAMS 0x0000000088a00000, 0x0000000088a00000| Untracked 
| 139|0x0000000088b00000, 0x0000000088b00000, 0x0000000088c00000|  0%| F|  |TAMS 0x0000000088b00000, 0x0000000088b00000| Untracked 
| 140|0x0000000088c00000, 0x0000000088c9e900, 0x0000000088d00000| 61%| S|CS|TAMS 0x0000000088c00000, 0x0000000088c00000| Complete 
| 141|0x0000000088d00000, 0x0000000088e00000, 0x0000000088e00000|100%| S|CS|TAMS 0x0000000088d00000, 0x0000000088d00000| Complete 
| 142|0x0000000088e00000, 0x0000000088f00000, 0x0000000088f00000|100%| S|CS|TAMS 0x0000000088e00000, 0x0000000088e00000| Complete 
| 143|0x0000000088f00000, 0x0000000089000000, 0x0000000089000000|100%| S|CS|TAMS 0x0000000088f00000, 0x0000000088f00000| Complete 
| 144|0x0000000089000000, 0x0000000089000000, 0x0000000089100000|  0%| F|  |TAMS 0x0000000089000000, 0x0000000089000000| Untracked 
| 145|0x0000000089100000, 0x0000000089100000, 0x0000000089200000|  0%| F|  |TAMS 0x0000000089100000, 0x0000000089100000| Untracked 
| 146|0x0000000089200000, 0x0000000089200000, 0x0000000089300000|  0%| F|  |TAMS 0x0000000089200000, 0x0000000089200000| Untracked 
| 147|0x0000000089300000, 0x0000000089300000, 0x0000000089400000|  0%| F|  |TAMS 0x0000000089300000, 0x0000000089300000| Untracked 
| 148|0x0000000089400000, 0x0000000089400000, 0x0000000089500000|  0%| F|  |TAMS 0x0000000089400000, 0x0000000089400000| Untracked 
| 149|0x0000000089500000, 0x0000000089500000, 0x0000000089600000|  0%| F|  |TAMS 0x0000000089500000, 0x0000000089500000| Untracked 
| 150|0x0000000089600000, 0x0000000089600000, 0x0000000089700000|  0%| F|  |TAMS 0x0000000089600000, 0x0000000089600000| Untracked 
| 151|0x0000000089700000, 0x0000000089700000, 0x0000000089800000|  0%| F|  |TAMS 0x0000000089700000, 0x0000000089700000| Untracked 
| 152|0x0000000089800000, 0x0000000089800000, 0x0000000089900000|  0%| F|  |TAMS 0x0000000089800000, 0x0000000089800000| Untracked 
| 153|0x0000000089900000, 0x0000000089900000, 0x0000000089a00000|  0%| F|  |TAMS 0x0000000089900000, 0x0000000089900000| Untracked 
| 154|0x0000000089a00000, 0x0000000089a00000, 0x0000000089b00000|  0%| F|  |TAMS 0x0000000089a00000, 0x0000000089a00000| Untracked 
| 155|0x0000000089b00000, 0x0000000089b00000, 0x0000000089c00000|  0%| F|  |TAMS 0x0000000089b00000, 0x0000000089b00000| Untracked 
| 156|0x0000000089c00000, 0x0000000089c00000, 0x0000000089d00000|  0%| F|  |TAMS 0x0000000089c00000, 0x0000000089c00000| Untracked 
| 157|0x0000000089d00000, 0x0000000089d00000, 0x0000000089e00000|  0%| F|  |TAMS 0x0000000089d00000, 0x0000000089d00000| Untracked 
| 158|0x0000000089e00000, 0x0000000089e00000, 0x0000000089f00000|  0%| F|  |TAMS 0x0000000089e00000, 0x0000000089e00000| Untracked 
| 159|0x0000000089f00000, 0x0000000089f00000, 0x000000008a000000|  0%| F|  |TAMS 0x0000000089f00000, 0x0000000089f00000| Untracked 
| 160|0x000000008a000000, 0x000000008a000000, 0x000000008a100000|  0%| F|  |TAMS 0x000000008a000000, 0x000000008a000000| Untracked 
| 161|0x000000008a100000, 0x000000008a100000, 0x000000008a200000|  0%| F|  |TAMS 0x000000008a100000, 0x000000008a100000| Untracked 
| 162|0x000000008a200000, 0x000000008a200000, 0x000000008a300000|  0%| F|  |TAMS 0x000000008a200000, 0x000000008a200000| Untracked 
| 163|0x000000008a300000, 0x000000008a300000, 0x000000008a400000|  0%| F|  |TAMS 0x000000008a300000, 0x000000008a300000| Untracked 
| 164|0x000000008a400000, 0x000000008a400000, 0x000000008a500000|  0%| F|  |TAMS 0x000000008a400000, 0x000000008a400000| Untracked 
| 165|0x000000008a500000, 0x000000008a500000, 0x000000008a600000|  0%| F|  |TAMS 0x000000008a500000, 0x000000008a500000| Untracked 
| 166|0x000000008a600000, 0x000000008a600000, 0x000000008a700000|  0%| F|  |TAMS 0x000000008a600000, 0x000000008a600000| Untracked 
| 167|0x000000008a700000, 0x000000008a700000, 0x000000008a800000|  0%| F|  |TAMS 0x000000008a700000, 0x000000008a700000| Untracked 
| 168|0x000000008a800000, 0x000000008a800000, 0x000000008a900000|  0%| F|  |TAMS 0x000000008a800000, 0x000000008a800000| Untracked 
| 169|0x000000008a900000, 0x000000008a900000, 0x000000008aa00000|  0%| F|  |TAMS 0x000000008a900000, 0x000000008a900000| Untracked 
| 170|0x000000008aa00000, 0x000000008aa00000, 0x000000008ab00000|  0%| F|  |TAMS 0x000000008aa00000, 0x000000008aa00000| Untracked 
| 171|0x000000008ab00000, 0x000000008ab00000, 0x000000008ac00000|  0%| F|  |TAMS 0x000000008ab00000, 0x000000008ab00000| Untracked 
| 172|0x000000008ac00000, 0x000000008ac00000, 0x000000008ad00000|  0%| F|  |TAMS 0x000000008ac00000, 0x000000008ac00000| Untracked 
| 173|0x000000008ad00000, 0x000000008ad00000, 0x000000008ae00000|  0%| F|  |TAMS 0x000000008ad00000, 0x000000008ad00000| Untracked 
| 174|0x000000008ae00000, 0x000000008ae00000, 0x000000008af00000|  0%| F|  |TAMS 0x000000008ae00000, 0x000000008ae00000| Untracked 
| 175|0x000000008af00000, 0x000000008af00000, 0x000000008b000000|  0%| F|  |TAMS 0x000000008af00000, 0x000000008af00000| Untracked 
| 176|0x000000008b000000, 0x000000008b000000, 0x000000008b100000|  0%| F|  |TAMS 0x000000008b000000, 0x000000008b000000| Untracked 
| 177|0x000000008b100000, 0x000000008b100000, 0x000000008b200000|  0%| F|  |TAMS 0x000000008b100000, 0x000000008b100000| Untracked 
| 178|0x000000008b200000, 0x000000008b200000, 0x000000008b300000|  0%| F|  |TAMS 0x000000008b200000, 0x000000008b200000| Untracked 
| 179|0x000000008b300000, 0x000000008b300000, 0x000000008b400000|  0%| F|  |TAMS 0x000000008b300000, 0x000000008b300000| Untracked 
| 180|0x000000008b400000, 0x000000008b400000, 0x000000008b500000|  0%| F|  |TAMS 0x000000008b400000, 0x000000008b400000| Untracked 
| 181|0x000000008b500000, 0x000000008b500000, 0x000000008b600000|  0%| F|  |TAMS 0x000000008b500000, 0x000000008b500000| Untracked 
| 182|0x000000008b600000, 0x000000008b600000, 0x000000008b700000|  0%| F|  |TAMS 0x000000008b600000, 0x000000008b600000| Untracked 

Card table byte_map: [0x0000022759460000,0x0000022759860000] _byte_map_base: 0x0000022759060000

Marking Bits (Prev, Next): (CMBitMap*) 0x00000227462884d8, (CMBitMap*) 0x0000022746288510
 Prev Bits: [0x0000022759c60000, 0x000002275bc60000)
 Next Bits: [0x000002275bc60000, 0x000002275dc60000)

Polling page: 0x0000022744230000

Metaspace:

Usage:
  Non-class:     74.96 MB capacity,    73.36 MB ( 98%) used,     1.34 MB (  2%) free+waste,   261.69 KB ( <1%) overhead. 
      Class:     11.66 MB capacity,    10.73 MB ( 92%) used,   829.65 KB (  7%) free+waste,   118.00 KB ( <1%) overhead. 
       Both:     86.62 MB capacity,    84.09 MB ( 97%) used,     2.15 MB (  2%) free+waste,   379.69 KB ( <1%) overhead. 

Virtual space:
  Non-class space:       76.00 MB reserved,      75.18 MB ( 99%) committed 
      Class space:        1.00 GB reserved,      11.82 MB (  1%) committed 
             Both:        1.07 GB reserved,      87.00 MB (  8%) committed 

Chunk freelists:
   Non-Class:  226.00 KB
       Class:  100.00 KB
        Both:  326.00 KB

MaxMetaspaceSize: 17179869184.00 GB
CompressedClassSpaceSize: 1.00 GB

CodeHeap 'non-profiled nmethods': size=120000Kb used=6362Kb max_used=6362Kb free=113638Kb
 bounds [0x0000022751800000, 0x0000022751e40000, 0x0000022758d30000]
CodeHeap 'profiled nmethods': size=120000Kb used=25849Kb max_used=25849Kb free=94150Kb
 bounds [0x000002274a2d0000, 0x000002274bc10000, 0x0000022751800000]
CodeHeap 'non-nmethods': size=5760Kb used=2287Kb max_used=2344Kb free=3472Kb
 bounds [0x0000022749d30000, 0x0000022749fa0000, 0x000002274a2d0000]
 total_blobs=12627 nmethods=11738 adapters=798
 compilation: enabled
              stopped_count=0, restarted_count=0
 full_count=0

Compilation events (20 events):
Event: 16.395 Thread 0x0000022761051000 11943       3       org.gradle.api.internal.changedetection.state.MetaInfAwareClasspathResourceHasher::hash (44 bytes)
Event: 16.395 Thread 0x0000022761051000 nmethod 11943 0x000002274bc09610 code [0x000002274bc09820, 0x000002274bc09d68]
Event: 16.396 Thread 0x0000022761051000 11942       3       org.gradle.api.internal.changedetection.state.IgnoringResourceHasher::hash (33 bytes)
Event: 16.396 Thread 0x0000022761051000 nmethod 11942 0x000002274bc09f90 code [0x000002274bc0a160, 0x000002274bc0a498]
Event: 16.396 Thread 0x0000022761051000 11944       3       java.nio.file.spi.FileSystemProvider::newInputStream (107 bytes)
Event: 16.398 Thread 0x0000022761051000 nmethod 11944 0x000002274bc0a610 code [0x000002274bc0a940, 0x000002274bc0bbd8]
Event: 16.398 Thread 0x0000022761051000 11946       3       org.gradle.internal.execution.steps.CaptureStateBeforeExecutionStep$1::getWorkspace (10 bytes)
Event: 16.398 Thread 0x0000022761051000 nmethod 11946 0x000002274bc0c210 code [0x000002274bc0c3c0, 0x000002274bc0c588]
Event: 16.398 Thread 0x0000022761051000 11945       3       org.gradle.internal.execution.history.changes.IncrementalInputProperties$1::nonIncrementalChanges (10 bytes)
Event: 16.398 Thread 0x0000022761051000 nmethod 11945 0x000002274bc0c690 code [0x000002274bc0c860, 0x000002274bc0cbf8]
Event: 16.399 Thread 0x000002276104c000 nmethod 11914 0x0000022751e35890 code [0x0000022751e35a40, 0x0000022751e361b8]
Event: 16.399 Thread 0x000002276104c000 11940       4       java.util.ArrayDeque::iterator (9 bytes)
Event: 16.400 Thread 0x000002276104c000 nmethod 11940 0x0000022751e36410 code [0x0000022751e365c0, 0x0000022751e366f8]
Event: 16.401 Thread 0x000002276104c000 11947       4       java.util.stream.ReferencePipeline::anyMatch (18 bytes)
Event: 16.404 Thread 0x0000022761051000 11950       3       javax.management.ObjectName::addProperty (80 bytes)
Event: 16.405 Thread 0x0000022761051000 nmethod 11950 0x000002274bc0cd90 code [0x000002274bc0cfc0, 0x000002274bc0d788]
Event: 16.405 Thread 0x0000022761051000 11952       3       java.util.Spliterators$EmptySpliterator::forEachRemaining (6 bytes)
Event: 16.405 Thread 0x0000022761051000 nmethod 11952 0x000002274bc0da10 code [0x000002274bc0dbe0, 0x000002274bc0de28]
Event: 16.405 Thread 0x0000022761051000 11953       3       java.util.Spliterators$EmptySpliterator$OfRef::forEachRemaining (6 bytes)
Event: 16.405 Thread 0x0000022761051000 nmethod 11953 0x000002274bc0df10 code [0x000002274bc0e0e0, 0x000002274bc0e388]

GC Heap History (20 events):
Event: 8.884 GC heap after
{Heap after GC invocations=14 (full 0):
 garbage-first heap   total 155648K, used 50657K [0x0000000080000000, 0x0000000100000000)
  region size 1024K, 8 young (8192K), 8 survivors (8192K)
 Metaspace       used 63274K, capacity 64991K, committed 65280K, reserved 1105920K
  class space    used 8031K, capacity 8676K, committed 8780K, reserved 1048576K
}
Event: 9.376 GC heap before
{Heap before GC invocations=15 (full 0):
 garbage-first heap   total 155648K, used 109025K [0x0000000080000000, 0x0000000100000000)
  region size 1024K, 65 young (66560K), 8 survivors (8192K)
 Metaspace       used 65084K, capacity 66977K, committed 67072K, reserved 1107968K
  class space    used 8291K, capacity 8976K, committed 9036K, reserved 1048576K
}
Event: 9.386 GC heap after
{Heap after GC invocations=16 (full 0):
 garbage-first heap   total 155648K, used 56263K [0x0000000080000000, 0x0000000100000000)
  region size 1024K, 6 young (6144K), 6 survivors (6144K)
 Metaspace       used 65084K, capacity 66977K, committed 67072K, reserved 1107968K
  class space    used 8291K, capacity 8976K, committed 9036K, reserved 1048576K
}
Event: 10.076 GC heap before
{Heap before GC invocations=16 (full 0):
 garbage-first heap   total 155648K, used 113607K [0x0000000080000000, 0x0000000100000000)
  region size 1024K, 62 young (63488K), 6 survivors (6144K)
 Metaspace       used 69268K, capacity 71242K, committed 71424K, reserved 1112064K
  class space    used 8984K, capacity 9727K, committed 9804K, reserved 1048576K
}
Event: 10.084 GC heap after
{Heap after GC invocations=17 (full 0):
 garbage-first heap   total 155648K, used 60073K [0x0000000080000000, 0x0000000100000000)
  region size 1024K, 4 young (4096K), 4 survivors (4096K)
 Metaspace       used 69268K, capacity 71242K, committed 71424K, reserved 1112064K
  class space    used 8984K, capacity 9727K, committed 9804K, reserved 1048576K
}
Event: 11.121 GC heap before
{Heap before GC invocations=17 (full 0):
 garbage-first heap   total 155648K, used 117417K [0x0000000080000000, 0x0000000100000000)
  region size 1024K, 60 young (61440K), 4 survivors (4096K)
 Metaspace       used 70982K, capacity 73109K, committed 73344K, reserved 1112064K
  class space    used 9137K, capacity 9921K, committed 9932K, reserved 1048576K
}
Event: 11.129 GC heap after
{Heap after GC invocations=18 (full 0):
 garbage-first heap   total 155648K, used 64169K [0x0000000080000000, 0x0000000100000000)
  region size 1024K, 8 young (8192K), 8 survivors (8192K)
 Metaspace       used 70982K, capacity 73109K, committed 73344K, reserved 1112064K
  class space    used 9137K, capacity 9921K, committed 9932K, reserved 1048576K
}
Event: 12.245 GC heap before
{Heap before GC invocations=18 (full 0):
 garbage-first heap   total 155648K, used 120489K [0x0000000080000000, 0x0000000100000000)
  region size 1024K, 63 young (64512K), 8 survivors (8192K)
 Metaspace       used 74061K, capacity 76232K, committed 76416K, reserved 1116160K
  class space    used 9564K, capacity 10395K, committed 10444K, reserved 1048576K
}
Event: 12.254 GC heap after
{Heap after GC invocations=19 (full 0):
 garbage-first heap   total 155648K, used 67634K [0x0000000080000000, 0x0000000100000000)
  region size 1024K, 4 young (4096K), 4 survivors (4096K)
 Metaspace       used 74061K, capacity 76232K, committed 76416K, reserved 1116160K
  class space    used 9564K, capacity 10395K, committed 10444K, reserved 1048576K
}
Event: 13.013 GC heap before
{Heap before GC invocations=19 (full 0):
 garbage-first heap   total 155648K, used 122930K [0x0000000080000000, 0x0000000100000000)
  region size 1024K, 58 young (59392K), 4 survivors (4096K)
 Metaspace       used 79195K, capacity 81563K, committed 81792K, reserved 1120256K
  class space    used 10251K, capacity 11106K, committed 11212K, reserved 1048576K
}
Event: 13.022 GC heap after
{Heap after GC invocations=20 (full 0):
 garbage-first heap   total 187392K, used 70971K [0x0000000080000000, 0x0000000100000000)
  region size 1024K, 7 young (7168K), 7 survivors (7168K)
 Metaspace       used 79195K, capacity 81563K, committed 81792K, reserved 1120256K
  class space    used 10251K, capacity 11106K, committed 11212K, reserved 1048576K
}
Event: 14.091 GC heap before
{Heap before GC invocations=20 (full 0):
 garbage-first heap   total 187392K, used 138555K [0x0000000080000000, 0x0000000100000000)
  region size 1024K, 74 young (75776K), 7 survivors (7168K)
 Metaspace       used 81607K, capacity 84267K, committed 84608K, reserved 1122304K
  class space    used 10622K, capacity 11617K, committed 11724K, reserved 1048576K
}
Event: 14.103 GC heap after
{Heap after GC invocations=21 (full 0):
 garbage-first heap   total 187392K, used 75892K [0x0000000080000000, 0x0000000100000000)
  region size 1024K, 9 young (9216K), 9 survivors (9216K)
 Metaspace       used 81607K, capacity 84267K, committed 84608K, reserved 1122304K
  class space    used 10622K, capacity 11617K, committed 11724K, reserved 1048576K
}
Event: 14.856 GC heap before
{Heap before GC invocations=21 (full 0):
 garbage-first heap   total 187392K, used 145524K [0x0000000080000000, 0x0000000100000000)
  region size 1024K, 75 young (76800K), 9 survivors (9216K)
 Metaspace       used 83400K, capacity 86162K, committed 86272K, reserved 1124352K
  class space    used 10780K, capacity 11788K, committed 11852K, reserved 1048576K
}
Event: 14.870 GC heap after
{Heap after GC invocations=22 (full 0):
 garbage-first heap   total 187392K, used 85767K [0x0000000080000000, 0x0000000100000000)
  region size 1024K, 10 young (10240K), 10 survivors (10240K)
 Metaspace       used 83400K, capacity 86162K, committed 86272K, reserved 1124352K
  class space    used 10780K, capacity 11788K, committed 11852K, reserved 1048576K
}
Event: 15.517 GC heap before
{Heap before GC invocations=22 (full 0):
 garbage-first heap   total 187392K, used 137991K [0x0000000080000000, 0x0000000100000000)
  region size 1024K, 56 young (57344K), 10 survivors (10240K)
 Metaspace       used 84073K, capacity 86773K, committed 87040K, reserved 1124352K
  class space    used 10834K, capacity 11821K, committed 11852K, reserved 1048576K
}
Event: 15.539 GC heap after
{Heap after GC invocations=23 (full 0):
 garbage-first heap   total 187392K, used 105622K [0x0000000080000000, 0x0000000100000000)
  region size 1024K, 9 young (9216K), 9 survivors (9216K)
 Metaspace       used 84073K, capacity 86773K, committed 87040K, reserved 1124352K
  class space    used 10834K, capacity 11821K, committed 11852K, reserved 1048576K
}
Event: 15.939 GC heap before
{Heap before GC invocations=24 (full 0):
 garbage-first heap   total 187392K, used 142486K [0x0000000080000000, 0x0000000100000000)
  region size 1024K, 37 young (37888K), 9 survivors (9216K)
 Metaspace       used 86090K, capacity 88798K, committed 89088K, reserved 1126400K
  class space    used 11037K, capacity 12032K, committed 12108K, reserved 1048576K
}
Event: 15.950 GC heap after
{Heap after GC invocations=25 (full 0):
 garbage-first heap   total 187392K, used 103768K [0x0000000080000000, 0x0000000100000000)
  region size 1024K, 2 young (2048K), 2 survivors (2048K)
 Metaspace       used 86090K, capacity 88798K, committed 89088K, reserved 1126400K
  class space    used 11037K, capacity 12032K, committed 12108K, reserved 1048576K
}
Event: 16.413 GC heap before
{Heap before GC invocations=26 (full 0):
 garbage-first heap   total 187392K, used 136536K [0x0000000080000000, 0x0000000100000000)
  region size 1024K, 39 young (39936K), 2 survivors (2048K)
 Metaspace       used 86112K, capacity 88694K, committed 89088K, reserved 1126400K
  class space    used 10992K, capacity 11940K, committed 12108K, reserved 1048576K
}

Deoptimization events (20 events):
Event: 16.143 Thread 0x0000022763130000 Uncommon trap: trap_request=0xffffffbe fr.pc=0x0000022751e1977c relative=0x000000000000075c
Event: 16.143 Thread 0x0000022763130000 Uncommon trap: reason=profile_predicate action=maybe_recompile pc=0x0000022751e1977c method=com.esotericsoftware.kryo.io.Output.writeString(Ljava/lang/CharSequence;)V @ 67 c2
Event: 16.143 Thread 0x0000022763130000 DEOPT PACKING pc=0x0000022751e1977c sp=0x00000036bc2fe480
Event: 16.143 Thread 0x0000022763130000 DEOPT UNPACKING pc=0x0000022749d578af sp=0x00000036bc2fe430 mode 2
Event: 16.143 Thread 0x0000022763130000 Uncommon trap: trap_request=0xffffffbe fr.pc=0x0000022751e1977c relative=0x000000000000075c
Event: 16.143 Thread 0x0000022763130000 Uncommon trap: reason=profile_predicate action=maybe_recompile pc=0x0000022751e1977c method=com.esotericsoftware.kryo.io.Output.writeString(Ljava/lang/CharSequence;)V @ 67 c2
Event: 16.143 Thread 0x0000022763130000 DEOPT PACKING pc=0x0000022751e1977c sp=0x00000036bc2fe480
Event: 16.144 Thread 0x0000022763130000 DEOPT UNPACKING pc=0x0000022749d578af sp=0x00000036bc2fe430 mode 2
Event: 16.384 Thread 0x0000022766624000 Uncommon trap: trap_request=0xfffffff4 fr.pc=0x0000022751e32be8 relative=0x0000000000000a48
Event: 16.384 Thread 0x0000022766626800 Uncommon trap: trap_request=0xfffffff4 fr.pc=0x0000022751e32be8 relative=0x0000000000000a48
Event: 16.384 Thread 0x0000022766624000 Uncommon trap: reason=null_check action=make_not_entrant pc=0x0000022751e32be8 method=org.gradle.tooling.internal.provider.runner.SubtreeFilteringBuildOperationListener.started(Lorg/gradle/internal/operations/BuildOperationDescriptor;Lorg/gradle/internal/
Event: 16.384 Thread 0x0000022766626800 Uncommon trap: reason=null_check action=make_not_entrant pc=0x0000022751e32be8 method=org.gradle.tooling.internal.provider.runner.SubtreeFilteringBuildOperationListener.started(Lorg/gradle/internal/operations/BuildOperationDescriptor;Lorg/gradle/internal/
Event: 16.384 Thread 0x0000022766624000 DEOPT PACKING pc=0x0000022751e32be8 sp=0x00000036bd8fe4b0
Event: 16.384 Thread 0x0000022766626800 DEOPT PACKING pc=0x0000022751e32be8 sp=0x00000036bdafe420
Event: 16.384 Thread 0x0000022766626800 DEOPT UNPACKING pc=0x0000022749d578af sp=0x00000036bdafe3d0 mode 2
Event: 16.384 Thread 0x0000022766624000 DEOPT UNPACKING pc=0x0000022749d578af sp=0x00000036bd8fe460 mode 2
Event: 16.399 Thread 0x0000022766625000 Uncommon trap: trap_request=0xffffffdc fr.pc=0x0000022751e35c8c relative=0x000000000000024c
Event: 16.399 Thread 0x0000022766625000 Uncommon trap: reason=class_check action=make_not_entrant pc=0x0000022751e35c8c method=java.util.ArrayDeque.toArray(Ljava/lang/Class;)[Ljava/lang/Object; @ 45 c2
Event: 16.399 Thread 0x0000022766625000 DEOPT PACKING pc=0x0000022751e35c8c sp=0x00000036bd7fc020
Event: 16.399 Thread 0x0000022766625000 DEOPT UNPACKING pc=0x0000022749d578af sp=0x00000036bd7fbfd0 mode 2

Classes redefined (0 events):
No events

Internal exceptions (20 events):
Event: 13.348 Thread 0x0000022763268800 Exception <a 'java/lang/ClassNotFoundException'{0x000000008a71d4c8}: java/lang/NumberBeanInfo> (0x000000008a71d4c8) thrown at [./src/hotspot/share/classfile/systemDictionary.cpp, line 231]
Event: 13.349 Thread 0x0000022763268800 Exception <a 'java/lang/ClassNotFoundException'{0x000000008a728168}: java/lang/NumberCustomizer> (0x000000008a728168) thrown at [./src/hotspot/share/classfile/systemDictionary.cpp, line 231]
Event: 13.349 Thread 0x0000022763268800 Exception <a 'java/lang/ClassNotFoundException'{0x000000008a735a70}: java/lang/IntegerCustomizer> (0x000000008a735a70) thrown at [./src/hotspot/share/classfile/systemDictionary.cpp, line 231]
Event: 13.536 Thread 0x0000022766627800 Exception <a 'java/lang/NoSuchMethodError'{0x0000000089fbdcd0}: 'java.lang.Object java.lang.invoke.DirectMethodHandle$Holder.invokeSpecialIFC(java.lang.Object, java.lang.Object, java.lang.Object)'> (0x0000000089fbdcd0) thrown at [./src/hotspot/share/interpreter/linkResolver.cpp, line 773]
Event: 13.536 Thread 0x0000022766620000 Exception <a 'java/lang/NoSuchMethodError'{0x0000000089f968a8}: 'java.lang.Object java.lang.invoke.DirectMethodHandle$Holder.invokeSpecialIFC(java.lang.Object, java.lang.Object, java.lang.Object)'> (0x0000000089f968a8) thrown at [./src/hotspot/share/interpreter/linkResolver.cpp, line 773]
Event: 13.536 Thread 0x0000022766625000 Exception <a 'java/lang/NoSuchMethodError'{0x0000000089fcb6e0}: 'java.lang.Object java.lang.invoke.DirectMethodHandle$Holder.invokeSpecialIFC(java.lang.Object, java.lang.Object, java.lang.Object)'> (0x0000000089fcb6e0) thrown at [./src/hotspot/share/interpreter/linkResolver.cpp, line 773]
Event: 13.536 Thread 0x0000022766622800 Exception <a 'java/lang/NoSuchMethodError'{0x0000000089fadc70}: 'java.lang.Object java.lang.invoke.DirectMethodHandle$Holder.invokeSpecialIFC(java.lang.Object, java.lang.Object, java.lang.Object)'> (0x0000000089fadc70) thrown at [./src/hotspot/share/interpreter/linkResolver.cpp, line 773]
Event: 13.536 Thread 0x0000022766624000 Exception <a 'java/lang/NoSuchMethodError'{0x0000000089f69580}: 'java.lang.Object java.lang.invoke.DirectMethodHandle$Holder.invokeSpecialIFC(java.lang.Object, java.lang.Object, java.lang.Object)'> (0x0000000089f69580) thrown at [./src/hotspot/share/interpreter/linkResolver.cpp, line 773]
Event: 13.536 Thread 0x0000022766626800 Exception <a 'java/lang/NoSuchMethodError'{0x0000000089f82ca0}: 'java.lang.Object java.lang.invoke.DirectMethodHandle$Holder.invokeSpecialIFC(java.lang.Object, java.lang.Object, java.lang.Object)'> (0x0000000089f82ca0) thrown at [./src/hotspot/share/interpreter/linkResolver.cpp, line 773]
Event: 13.536 Thread 0x0000022766621000 Exception <a 'java/lang/NoSuchMethodError'{0x0000000089f41238}: 'java.lang.Object java.lang.invoke.DirectMethodHandle$Holder.invokeSpecialIFC(java.lang.Object, java.lang.Object, java.lang.Object)'> (0x0000000089f41238) thrown at [./src/hotspot/share/interpreter/linkResolver.cpp, line 773]
Event: 13.884 Thread 0x0000022766622800 Exception <a 'java/lang/NoSuchMethodError'{0x0000000087c27358}: 'void java.lang.invoke.DirectMethodHandle$Holder.invokeVirtual(java.lang.Object, java.lang.Object)'> (0x0000000087c27358) thrown at [./src/hotspot/share/interpreter/linkResolver.cpp, line 773]
Event: 13.884 Thread 0x0000022766626000 Exception <a 'java/lang/NoSuchMethodError'{0x0000000087d8e4c8}: 'void java.lang.invoke.DirectMethodHandle$Holder.invokeVirtual(java.lang.Object, java.lang.Object)'> (0x0000000087d8e4c8) thrown at [./src/hotspot/share/interpreter/linkResolver.cpp, line 773]
Event: 13.884 Thread 0x0000022766625000 Exception <a 'java/lang/NoSuchMethodError'{0x0000000087aecb80}: 'void java.lang.invoke.DirectMethodHandle$Holder.invokeVirtual(java.lang.Object, java.lang.Object)'> (0x0000000087aecb80) thrown at [./src/hotspot/share/interpreter/linkResolver.cpp, line 773]
Event: 13.884 Thread 0x0000022766621000 Exception <a 'java/lang/NoSuchMethodError'{0x0000000087d77cb0}: 'void java.lang.invoke.DirectMethodHandle$Holder.invokeVirtual(java.lang.Object, java.lang.Object)'> (0x0000000087d77cb0) thrown at [./src/hotspot/share/interpreter/linkResolver.cpp, line 773]
Event: 15.388 Thread 0x0000022763268800 Implicit null exception at 0x0000022751d9fd84 to 0x0000022751d9ff7c
Event: 15.613 Thread 0x0000022763268800 Exception <a 'java/lang/NoSuchMethodError'{0x000000008b42b800}: <clinit>> (0x000000008b42b800) thrown at [./src/hotspot/share/prims/jni.cpp, line 1362]
Event: 15.620 Thread 0x0000022763268800 Exception <a 'java/lang/NoSuchMethodError'{0x000000008b4541a0}: <clinit>> (0x000000008b4541a0) thrown at [./src/hotspot/share/prims/jni.cpp, line 1362]
Event: 15.932 Thread 0x0000022763268800 Exception <a 'java/lang/NoSuchMethodError'{0x0000000089c37dd8}: 'void java.lang.invoke.DirectMethodHandle$Holder.invokeStatic(java.lang.Object, java.lang.Object, java.lang.Object, java.lang.Object, java.lang.Object, java.lang.Object, java.lang.Object)'> (0x0000000089c37dd8) thrown at [./src/hotspot/share/interpreter/linkResolver.cpp, line 773]
Event: 16.384 Thread 0x0000022766624000 Implicit null exception at 0x0000022751e3237b to 0x0000022751e32bc8
Event: 16.384 Thread 0x0000022766626800 Implicit null exception at 0x0000022751e3237b to 0x0000022751e32bc8

Events (20 events):
Event: 15.983 Executing VM operation: RevokeBias done
Event: 16.032 Executing VM operation: RevokeBias
Event: 16.033 Executing VM operation: RevokeBias done
Event: 16.033 Executing VM operation: RevokeBias
Event: 16.033 Executing VM operation: RevokeBias done
Event: 16.047 Executing VM operation: RevokeBias
Event: 16.048 Executing VM operation: RevokeBias done
Event: 16.049 Executing VM operation: RevokeBias
Event: 16.050 Executing VM operation: RevokeBias done
Event: 16.053 loading class org/gradle/api/internal/artifacts/ivyservice/clientmodule/ClientModuleResolver$ClientModuleComponentResolveMetadata
Event: 16.053 loading class org/gradle/api/internal/artifacts/ivyservice/clientmodule/ClientModuleResolver$ClientModuleComponentResolveMetadata done
Event: 16.054 loading class org/gradle/api/internal/artifacts/ivyservice/clientmodule/ClientModuleResolver$ClientModuleConfigurationMetadata
Event: 16.054 loading class org/gradle/api/internal/artifacts/ivyservice/clientmodule/ClientModuleResolver$ClientModuleConfigurationMetadata done
Event: 16.055 Executing VM operation: Deoptimize
Event: 16.056 Executing VM operation: Deoptimize done
Event: 16.073 Executing VM operation: CGC_Operation
Event: 16.089 Executing VM operation: CGC_Operation done
Event: 16.144 Executing VM operation: CGC_Operation
Event: 16.145 Executing VM operation: CGC_Operation done
Event: 16.412 Executing VM operation: G1CollectForAllocation


Dynamic libraries:
0x00007ff7bc6e0000 - 0x00007ff7bc6ea000 	C:\Program Files\Android\Android Studio3\jre\bin\java.exe
0x00007ffd703a0000 - 0x00007ffd705af000 	C:\WINDOWS\SYSTEM32\ntdll.dll
0x00007ffd6ed30000 - 0x00007ffd6eded000 	C:\WINDOWS\System32\KERNEL32.DLL
0x00007ffd6d860000 - 0x00007ffd6dbe6000 	C:\WINDOWS\System32\KERNELBASE.dll
0x00007ffd6e0d0000 - 0x00007ffd6e1e1000 	C:\WINDOWS\System32\ucrtbase.dll
0x00007ffd69b60000 - 0x00007ffd69b79000 	C:\Program Files\Android\Android Studio3\jre\bin\jli.dll
0x00007ffd69300000 - 0x00007ffd69317000 	C:\Program Files\Android\Android Studio3\jre\bin\VCRUNTIME140.dll
0x00007ffd6f140000 - 0x00007ffd6f2ea000 	C:\WINDOWS\System32\USER32.dll
0x00007ffd6e1f0000 - 0x00007ffd6e216000 	C:\WINDOWS\System32\win32u.dll
0x00007ffd56840000 - 0x00007ffd56ae1000 	C:\WINDOWS\WinSxS\amd64_microsoft.windows.common-controls_6595b64144ccf1df_6.0.22471.1000_none_228bc6e77ad112f7\COMCTL32.dll
0x00007ffd6e290000 - 0x00007ffd6e334000 	C:\WINDOWS\System32\msvcrt.dll
0x00007ffd6e580000 - 0x00007ffd6e5a9000 	C:\WINDOWS\System32\GDI32.dll
0x00007ffd6dfb0000 - 0x00007ffd6e0c7000 	C:\WINDOWS\System32\gdi32full.dll
0x00007ffd6de80000 - 0x00007ffd6df1b000 	C:\WINDOWS\System32\msvcp_win.dll
0x00007ffd6e540000 - 0x00007ffd6e571000 	C:\WINDOWS\System32\IMM32.DLL
0x00007ffd52010000 - 0x00007ffd520ad000 	C:\Program Files\Android\Android Studio3\jre\bin\msvcp140.dll
0x00007ffce7c40000 - 0x00007ffce870f000 	C:\Program Files\Android\Android Studio3\jre\bin\server\jvm.dll
0x00007ffd6e5b0000 - 0x00007ffd6e65e000 	C:\WINDOWS\System32\ADVAPI32.dll
0x00007ffd6ec80000 - 0x00007ffd6ed21000 	C:\WINDOWS\System32\sechost.dll
0x00007ffd6e420000 - 0x00007ffd6e540000 	C:\WINDOWS\System32\RPCRT4.dll
0x00007ffd6e220000 - 0x00007ffd6e228000 	C:\WINDOWS\System32\PSAPI.DLL
0x00007ffd4a4b0000 - 0x00007ffd4a4b9000 	C:\WINDOWS\SYSTEM32\WSOCK32.dll
0x00007ffd678d0000 - 0x00007ffd67903000 	C:\WINDOWS\SYSTEM32\WINMM.dll
0x00007ffd6b550000 - 0x00007ffd6b55a000 	C:\WINDOWS\SYSTEM32\VERSION.dll
0x00007ffd6f2f0000 - 0x00007ffd6f361000 	C:\WINDOWS\System32\WS2_32.dll
0x00007ffd6c930000 - 0x00007ffd6c948000 	C:\WINDOWS\SYSTEM32\kernel.appcore.dll
0x00007ffd603b0000 - 0x00007ffd603c1000 	C:\Program Files\Android\Android Studio3\jre\bin\verify.dll
0x00007ffd65500000 - 0x00007ffd65727000 	C:\WINDOWS\SYSTEM32\DBGHELP.DLL
0x00007ffd6e900000 - 0x00007ffd6ec7e000 	C:\WINDOWS\System32\combase.dll
0x00007ffd5d9f0000 - 0x00007ffd5da21000 	C:\WINDOWS\SYSTEM32\dbgcore.DLL
0x00007ffd6df20000 - 0x00007ffd6dfa1000 	C:\WINDOWS\System32\bcryptPrimitives.dll
0x00007ffd60180000 - 0x00007ffd601a9000 	C:\Program Files\Android\Android Studio3\jre\bin\java.dll
0x00007ffd68bc0000 - 0x00007ffd68bcb000 	C:\Program Files\Android\Android Studio3\jre\bin\jimage.dll
0x00007ffd5fb40000 - 0x00007ffd5fb58000 	C:\Program Files\Android\Android Studio3\jre\bin\zip.dll
0x00007ffd6f980000 - 0x00007ffd7012b000 	C:\WINDOWS\System32\SHELL32.dll
0x00007ffd6b900000 - 0x00007ffd6c15c000 	C:\WINDOWS\SYSTEM32\windows.storage.dll
0x00007ffd6b7b0000 - 0x00007ffd6b8f9000 	C:\WINDOWS\SYSTEM32\wintypes.dll
0x00007ffd6e7a0000 - 0x00007ffd6e890000 	C:\WINDOWS\System32\SHCORE.dll
0x00007ffd6e890000 - 0x00007ffd6e8eb000 	C:\WINDOWS\System32\shlwapi.dll
0x00007ffd6d790000 - 0x00007ffd6d7b1000 	C:\WINDOWS\SYSTEM32\profapi.dll
0x00007ffd5f5e0000 - 0x00007ffd5f5fa000 	C:\Program Files\Android\Android Studio3\jre\bin\net.dll
0x00007ffd67910000 - 0x00007ffd67a20000 	C:\WINDOWS\SYSTEM32\WINHTTP.dll
0x00007ffd6cd80000 - 0x00007ffd6cde9000 	C:\WINDOWS\system32\mswsock.dll
0x00007ffd5f5c0000 - 0x00007ffd5f5d4000 	C:\Program Files\Android\Android Studio3\jre\bin\nio.dll
0x00007ffd60430000 - 0x00007ffd60457000 	C:\Users\xpmkm\.gradle\native\8bec1ad78214c89d9ad589b4d07fe93259594b29d510b10fafb7a158f7737e5d\windows-amd64\native-platform.dll
0x00007ffd43040000 - 0x00007ffd4317d000 	C:\Users\xpmkm\.gradle\native\53dbd7edfb1c66fb8903c78663c9afc45aea4f116125fa6feffd364cf09443e8\windows-amd64\native-platform-file-events.dll
0x00007ffd688a0000 - 0x00007ffd688aa000 	C:\Program Files\Android\Android Studio3\jre\bin\management.dll
0x00007ffd67ac0000 - 0x00007ffd67acc000 	C:\Program Files\Android\Android Studio3\jre\bin\management_ext.dll
0x00007ffd6cfd0000 - 0x00007ffd6cfe8000 	C:\WINDOWS\SYSTEM32\CRYPTSP.dll
0x00007ffd6c890000 - 0x00007ffd6c8c5000 	C:\WINDOWS\system32\rsaenh.dll
0x00007ffd6ce80000 - 0x00007ffd6cea9000 	C:\WINDOWS\SYSTEM32\USERENV.dll
0x00007ffd6d1c0000 - 0x00007ffd6d1e8000 	C:\WINDOWS\SYSTEM32\bcrypt.dll
0x00007ffd6cff0000 - 0x00007ffd6cffc000 	C:\WINDOWS\SYSTEM32\CRYPTBASE.dll
0x00007ffd6c380000 - 0x00007ffd6c3ad000 	C:\WINDOWS\SYSTEM32\IPHLPAPI.DLL
0x00007ffd6e8f0000 - 0x00007ffd6e8f9000 	C:\WINDOWS\System32\NSI.dll
0x00007ffd67320000 - 0x00007ffd67339000 	C:\WINDOWS\SYSTEM32\dhcpcsvc6.DLL
0x00007ffd672e0000 - 0x00007ffd672fe000 	C:\WINDOWS\SYSTEM32\dhcpcsvc.DLL
0x00007ffd6c3b0000 - 0x00007ffd6c4a1000 	C:\WINDOWS\SYSTEM32\DNSAPI.dll

dbghelp: loaded successfully - version: 4.0.5 - missing functions: none
symbol engine: initialized successfully - sym options: 0x614 - pdb path: .;C:\Program Files\Android\Android Studio3\jre\bin;C:\WINDOWS\SYSTEM32;C:\WINDOWS\WinSxS\amd64_microsoft.windows.common-controls_6595b64144ccf1df_6.0.22471.1000_none_228bc6e77ad112f7;C:\Program Files\Android\Android Studio3\jre\bin\server;C:\Users\xpmkm\.gradle\native\8bec1ad78214c89d9ad589b4d07fe93259594b29d510b10fafb7a158f7737e5d\windows-amd64;C:\Users\xpmkm\.gradle\native\53dbd7edfb1c66fb8903c78663c9afc45aea4f116125fa6feffd364cf09443e8\windows-amd64

VM Arguments:
jvm_args: --add-opens=java.base/java.util=ALL-UNNAMED --add-opens=java.base/java.lang=ALL-UNNAMED --add-opens=java.base/java.lang.invoke=ALL-UNNAMED --add-opens=java.base/java.util=ALL-UNNAMED --add-opens=java.prefs/java.util.prefs=ALL-UNNAMED --add-opens=java.prefs/java.util.prefs=ALL-UNNAMED --add-opens=java.base/java.nio.charset=ALL-UNNAMED --add-opens=java.base/java.net=ALL-UNNAMED --add-opens=java.base/java.util.concurrent.atomic=ALL-UNNAMED -Xmx2048m -Dfile.encoding=UTF-8 -Duser.country=IN -Duser.language=en -Duser.variant 
java_command: org.gradle.launcher.daemon.bootstrap.GradleDaemon 7.0.2
java_class_path (initial): C:\Users\xpmkm\.gradle\wrapper\dists\gradle-7.0.2-bin\857tjihv64xamwrf0h14cai3r\gradle-7.0.2\lib\gradle-launcher-7.0.2.jar
Launcher Type: SUN_STANDARD

[Global flags]
     intx CICompilerCount                          = 4                                         {product} {ergonomic}
     uint ConcGCThreads                            = 2                                         {product} {ergonomic}
     uint G1ConcRefinementThreads                  = 8                                         {product} {ergonomic}
   size_t G1HeapRegionSize                         = 1048576                                   {product} {ergonomic}
    uintx GCDrainStackTargetSize                   = 64                                        {product} {ergonomic}
   size_t InitialHeapSize                          = 132120576                                 {product} {ergonomic}
   size_t MarkStackSize                            = 4194304                                   {product} {ergonomic}
   size_t MaxHeapSize                              = 2147483648                                {product} {command line}
   size_t MaxNewSize                               = 1287651328                                {product} {ergonomic}
   size_t MinHeapDeltaBytes                        = 1048576                                   {product} {ergonomic}
    uintx NonNMethodCodeHeapSize                   = 5836300                                {pd product} {ergonomic}
    uintx NonProfiledCodeHeapSize                  = 122910970                              {pd product} {ergonomic}
    uintx ProfiledCodeHeapSize                     = 122910970                              {pd product} {ergonomic}
    uintx ReservedCodeCacheSize                    = 251658240                              {pd product} {ergonomic}
     bool SegmentedCodeCache                       = true                                      {product} {ergonomic}
     bool UseCompressedClassPointers               = true                                 {lp64_product} {ergonomic}
     bool UseCompressedOops                        = true                                 {lp64_product} {ergonomic}
     bool UseG1GC                                  = true                                      {product} {ergonomic}
     bool UseLargePagesIndividualAllocation        = false                                  {pd product} {ergonomic}

Logging:
Log output configuration:
 #0: stdout all=warning uptime,level,tags
 #1: stderr all=off uptime,level,tags

Environment Variables:
PATH=C:\Program Files (x86)\Common Files\Oracle\Java\javapath;C:\WINDOWS\system32;C:\WINDOWS;C:\WINDOWS\System32\Wbem;C:\WINDOWS\System32\WindowsPowerShell\v1.0\;C:\WINDOWS\System32\OpenSSH\;C:\Program Files\Git\cmd;C:\Program Files\nodejs\;C:\xampp\php;C:\ProgramData\ComposerSetup\bin;C:\Users\xpmkm\AppData\Local\Android\Sdk\platform-tools;C:\Program Files\Java\jdk1.8.0_231\bin;C:\Program Files\opnsl\bin;C:\Users\xpmkm\AppData\Roaming\npm;C:\Users\xpmkm\AppData\Local\Programs\Microsoft VS Code\bin;C:\Program Files\flutter\bin;C:\Users\xpmkm\AppData\Roaming\Composer\vendor\bin;C:\Users\xpmkm\AppData\Local\Microsoft\WindowsApps;
USERNAME=xpmkm
OS=Windows_NT
PROCESSOR_IDENTIFIER=AMD64 Family 23 Model 24 Stepping 1, AuthenticAMD



---------------  S Y S T E M  ---------------

OS: Windows 10 , 64 bit Build 22471 (10.0.22471.1000)
OS uptime: 0 days 0:20 hours

CPU:total 8 (initial active 8) (8 cores per cpu, 2 threads per core) family 23 model 24 stepping 1 microcode 0x0, cmov, cx8, fxsr, mmx, sse, sse2, sse3, ssse3, sse4.1, sse4.2, popcnt, avx, avx2, aes, clmul, mmxext, 3dnowpref, lzcnt, sse4a, ht, tsc, tscinvbit, tscinv, bmi1, bmi2, adx, s

Memory: 4k page, system-wide physical 8002M (452M free)
TotalPageFile size 12098M (AvailPageFile size 38M)
current process WorkingSet (physical memory assigned to process): 437M, peak: 439M
current process commit charge ("private bytes"): 472M, peak: 509M

vm_info: OpenJDK 64-Bit Server VM (11.0.10+0-b96-7249189) for windows-amd64 JRE (11.0.10+0-b96-7249189), built on Mar 31 2021 21:44:00 by "builder" with MS VC++ 14.0 (VS2015)

END.
