#
# There is insufficient memory for the Java Runtime Environment to continue.
# Native memory allocation (mmap) failed to map 146800640 bytes for Failed to commit area from 0x0000000090800000 to 0x0000000099400000 of length 146800640.
# Possible reasons:
#   The system is out of physical RAM or swap space
#   The process is running with CompressedOops enabled, and the Java Heap may be blocking the growth of the native heap
# Possible solutions:
#   Reduce memory load on the system
#   Increase physical memory or swap space
#   Check if swap backing store is full
#   Decrease Java heap size (-Xmx/-Xms)
#   Decrease number of Java threads
#   Decrease Java thread stack sizes (-Xss)
#   Set larger code cache with -XX:ReservedCodeCacheSize=
#   JVM is running with Unscaled Compressed Oops mode in which the Java heap is
#     placed in the first 4GB address space. The Java Heap base address is the
#     maximum limit for the native heap growth. Please use -XX:HeapBaseMinAddress
#     to set the Java Heap base and to place the Java Heap above 4GB virtual address.
# This output file may be truncated or incomplete.
#
#  Out of Memory Error (./src/hotspot/os/windows/os_windows.cpp:3301), pid=13548, tid=10668
#
# JRE version: OpenJDK Runtime Environment (11.0.10) (build 11.0.10+0-b96-7249189)
# Java VM: OpenJDK 64-Bit Server VM (11.0.10+0-b96-7249189, mixed mode, tiered, compressed oops, g1 gc, windows-amd64)
# No core dump will be written. Minidumps are not enabled by default on client versions of Windows
#

---------------  S U M M A R Y ------------

Command Line: --add-opens=java.base/java.util=ALL-UNNAMED --add-opens=java.base/java.lang=ALL-UNNAMED --add-opens=java.base/java.lang.invoke=ALL-UNNAMED --add-opens=java.base/java.util=ALL-UNNAMED --add-opens=java.prefs/java.util.prefs=ALL-UNNAMED --add-opens=java.prefs/java.util.prefs=ALL-UNNAMED --add-opens=java.base/java.nio.charset=ALL-UNNAMED --add-opens=java.base/java.net=ALL-UNNAMED --add-opens=java.base/java.util.concurrent.atomic=ALL-UNNAMED -Xmx2048m -Dfile.encoding=UTF-8 -Duser.country=IN -Duser.language=en -Duser.variant org.gradle.launcher.daemon.bootstrap.GradleDaemon 7.0.2

Host: AMD Ryzen 5 3550H with Radeon Vega Mobile Gfx  , 8 cores, 7G,  Windows 10 , 64 bit Build 22468 (10.0.22468.1000)
Time: Wed Oct  6 11:58:48 2021 India Standard Time elapsed time: 35.353383 seconds (0d 0h 0m 35s)

---------------  T H R E A D  ---------------

Current thread (0x0000022859f05000):  VMThread "VM Thread" [stack: 0x000000cf24600000,0x000000cf24700000] [id=10668]

Stack: [0x000000cf24600000,0x000000cf24700000]
[error occurred during error reporting (printing stack bounds), id 0xc0000005, EXCEPTION_ACCESS_VIOLATION (0xc0000005) at pc=0x0000022843580f2d]

Native frames: (J=compiled Java code, j=interpreted, Vv=VM code, C=native code)
V  [jvm.dll+0x5ecfaa]
V  [jvm.dll+0x722bd5]
V  [jvm.dll+0x72412d]
V  [jvm.dll+0x724745]
V  [jvm.dll+0x7246fb]
V  [jvm.dll+0x5ec348]
V  [jvm.dll+0x5ecad8]
C  [ntdll.dll+0xa623f]
C  [ntdll.dll+0x65ea9]
C  [ntdll.dll+0xa522e]
C  0x0000022843580f2d

VM_Operation (0x000000cf277fa420): G1CollectForAllocation, mode: safepoint, requested by thread 0x000002285d093800


---------------  P R O C E S S  ---------------

Threads class SMR info:
_java_thread_list=0x00000228621c8ec0, length=52, elements={
0x000002283faa4800, 0x0000022859f1a800, 0x0000022859f1f000, 0x0000022859f24800,
0x000002285a774800, 0x000002285a775000, 0x000002285a778800, 0x000002285a780000,
0x0000022859f2d000, 0x000002285a8d9800, 0x000002285bdee000, 0x000002285c7fc000,
0x000002285b62d800, 0x000002285bd24000, 0x000002285c026000, 0x000002285d369000,
0x000002285d367800, 0x000002285d091800, 0x000002285d08e800, 0x000002285d08d800,
0x000002285d094000, 0x000002285d090000, 0x000002285d09a800, 0x000002285d099000,
0x000002285d097800, 0x000002285d09a000, 0x000002285cc79000, 0x000002285cc79800,
0x000002285cc7c000, 0x000002285cc7d000, 0x000002285cc7d800, 0x000002285cc7e800,
0x000002285cc77000, 0x000002285cc73000, 0x000002285cc74000, 0x000002285cc7a800,
0x000002285cc74800, 0x000002285cc7b800, 0x000002285cc75800, 0x000002285cc76800,
0x000002285cc82000, 0x000002285cc80000, 0x000002285cc81000, 0x000002285d095000,
0x000002285d091000, 0x000002285d093800, 0x000002285d08f000, 0x000002285d09c000,
0x000002285d098000, 0x000002285d368800, 0x000002285d36a000, 0x0000022862da9000
}

Java Threads: ( => current thread )
  0x000002283faa4800 JavaThread "main" [_thread_blocked, id=16100, stack(0x000000cf24000000,0x000000cf24100000)]
  0x0000022859f1a800 JavaThread "Reference Handler" daemon [_thread_blocked, id=6596, stack(0x000000cf24700000,0x000000cf24800000)]
  0x0000022859f1f000 JavaThread "Finalizer" daemon [_thread_blocked, id=15220, stack(0x000000cf24800000,0x000000cf24900000)]
  0x0000022859f24800 JavaThread "Signal Dispatcher" daemon [_thread_blocked, id=13800, stack(0x000000cf24900000,0x000000cf24a00000)]
  0x000002285a774800 JavaThread "Attach Listener" daemon [_thread_blocked, id=16136, stack(0x000000cf24a00000,0x000000cf24b00000)]
  0x000002285a775000 JavaThread "Service Thread" daemon [_thread_blocked, id=15864, stack(0x000000cf24b00000,0x000000cf24c00000)]
  0x000002285a778800 JavaThread "C2 CompilerThread0" daemon [_thread_blocked, id=12100, stack(0x000000cf24c00000,0x000000cf24d00000)]
  0x000002285a780000 JavaThread "C1 CompilerThread0" daemon [_thread_blocked, id=836, stack(0x000000cf24d00000,0x000000cf24e00000)]
  0x0000022859f2d000 JavaThread "Sweeper thread" daemon [_thread_blocked, id=10736, stack(0x000000cf24e00000,0x000000cf24f00000)]
  0x000002285a8d9800 JavaThread "Common-Cleaner" daemon [_thread_blocked, id=16564, stack(0x000000cf24f00000,0x000000cf25000000)]
  0x000002285bdee000 JavaThread "Daemon health stats" [_thread_blocked, id=13372, stack(0x000000cf25400000,0x000000cf25500000)]
  0x000002285c7fc000 JavaThread "Incoming local TCP Connector on port 64984" [_thread_in_native, id=14440, stack(0x000000cf25100000,0x000000cf25200000)]
  0x000002285b62d800 JavaThread "Daemon periodic checks" [_thread_blocked, id=12368, stack(0x000000cf25500000,0x000000cf25600000)]
  0x000002285bd24000 JavaThread "Daemon" [_thread_blocked, id=2960, stack(0x000000cf25600000,0x000000cf25700000)]
  0x000002285c026000 JavaThread "Daemon worker" [_thread_blocked, id=16096, stack(0x000000cf25900000,0x000000cf25a00000)]
  0x000002285d369000 JavaThread "Cache worker for file hash cache (C:\Users\xpmkm\.gradle\caches\7.0.2\fileHashes)" [_thread_blocked, id=10692, stack(0x000000cf26200000,0x000000cf26300000)]
  0x000002285d367800 JavaThread "File lock request listener" [_thread_in_native, id=9900, stack(0x000000cf26300000,0x000000cf26400000)]
  0x000002285d091800 JavaThread "Cache worker for journal cache (C:\Users\xpmkm\.gradle\caches\journal-1)" [_thread_blocked, id=13740, stack(0x000000cf26500000,0x000000cf26600000)]
  0x000002285d08e800 JavaThread "File watcher server" daemon [_thread_in_native, id=13388, stack(0x000000cf26700000,0x000000cf26800000)]
  0x000002285d08d800 JavaThread "File watcher consumer" daemon [_thread_blocked, id=1460, stack(0x000000cf26800000,0x000000cf26900000)]
  0x000002285d094000 JavaThread "Cache worker for execution history cache (C:\Users\xpmkm\.gradle\caches\7.0.2\executionHistory)" [_thread_blocked, id=13472, stack(0x000000cf26c00000,0x000000cf26d00000)]
  0x000002285d090000 JavaThread "jar transforms" [_thread_blocked, id=13048, stack(0x000000cf26d00000,0x000000cf26e00000)]
  0x000002285d09a800 JavaThread "jar transforms Thread 2" [_thread_blocked, id=12524, stack(0x000000cf26e00000,0x000000cf26f00000)]
  0x000002285d099000 JavaThread "Cache worker for file content cache (C:\Users\xpmkm\.gradle\caches\7.0.2\fileContent)" [_thread_blocked, id=14900, stack(0x000000cf26f00000,0x000000cf27000000)]
  0x000002285d097800 JavaThread "jar transforms Thread 3" [_thread_blocked, id=2848, stack(0x000000cf27100000,0x000000cf27200000)]
  0x000002285d09a000 JavaThread "File lock release action executor" [_thread_blocked, id=14568, stack(0x000000cf27300000,0x000000cf27400000)]
  0x000002285cc79000 JavaThread "jar transforms Thread 4" [_thread_blocked, id=15912, stack(0x000000cf27c00000,0x000000cf27d00000)]
  0x000002285cc79800 JavaThread "jar transforms Thread 5" [_thread_blocked, id=4016, stack(0x000000cf27d00000,0x000000cf27e00000)]
  0x000002285cc7c000 JavaThread "jar transforms Thread 6" [_thread_blocked, id=10052, stack(0x000000cf27e00000,0x000000cf27f00000)]
  0x000002285cc7d000 JavaThread "jar transforms Thread 7" [_thread_blocked, id=8012, stack(0x000000cf27f00000,0x000000cf28000000)]
  0x000002285cc7d800 JavaThread "jar transforms Thread 8" [_thread_blocked, id=1936, stack(0x000000cf28000000,0x000000cf28100000)]
  0x000002285cc7e800 JavaThread "Memory manager" [_thread_blocked, id=3900, stack(0x000000cf28300000,0x000000cf28400000)]
  0x000002285cc77000 JavaThread "Handler for socket connection from /127.0.0.1:64984 to /127.0.0.1:65014" [_thread_in_native, id=5932, stack(0x000000cf25700000,0x000000cf25800000)]
  0x000002285cc73000 JavaThread "Cancel handler" [_thread_blocked, id=3420, stack(0x000000cf25800000,0x000000cf25900000)]
  0x000002285cc74000 JavaThread "Asynchronous log dispatcher for DefaultDaemonConnection: socket connection from /127.0.0.1:64984 to /127.0.0.1:65014" [_thread_blocked, id=9432, stack(0x000000cf25a00000,0x000000cf25b00000)]
  0x000002285cc7a800 JavaThread "Stdin handler" [_thread_blocked, id=10120, stack(0x000000cf25b00000,0x000000cf25c00000)]
  0x000002285cc74800 JavaThread "Daemon client event forwarder" [_thread_blocked, id=10836, stack(0x000000cf25c00000,0x000000cf25d00000)]
  0x000002285cc7b800 JavaThread "Cache worker for file hash cache (C:\Users\xpmkm\Desktop\update_code_vezilla-server\codecanyon-L2GSbXtH-dairy-products-grocery-daily-milk-delivery-mobile-app-with-subscription-customer-app-delivery\test-vezilla-android-workspace\.gradle\7.0.2\fileHashes)" [_thread_blocked, id=11372, stack(0x000000cf26600000,0x000000cf26700000)]
  0x000002285cc75800 JavaThread "Cache worker for checksums cache (C:\Users\xpmkm\Desktop\update_code_vezilla-server\codecanyon-L2GSbXtH-dairy-products-grocery-daily-milk-delivery-mobile-app-with-subscription-customer-app-delivery\test-vezilla-android-workspace\.gradle\checksums)" [_thread_blocked, id=4960, stack(0x000000cf26a00000,0x000000cf26b00000)]
  0x000002285cc76800 JavaThread "Cache worker for cache directory md-supplier (C:\Users\xpmkm\.gradle\caches\7.0.2\md-supplier)" [_thread_blocked, id=6188, stack(0x000000cf26b00000,0x000000cf26c00000)]
  0x000002285cc82000 JavaThread "Cache worker for cache directory md-rule (C:\Users\xpmkm\.gradle\caches\7.0.2\md-rule)" [_thread_blocked, id=14932, stack(0x000000cf27000000,0x000000cf27100000)]
  0x000002285cc80000 JavaThread "Cache worker for dependencies-accessors (C:\Users\xpmkm\Desktop\update_code_vezilla-server\codecanyon-L2GSbXtH-dairy-products-grocery-daily-milk-delivery-mobile-app-with-subscription-customer-app-delivery\test-vezilla-android-workspace\.gradle\7.0.2\dependencies-accessors)" [_thread_blocked, id=6956, stack(0x000000cf27200000,0x000000cf27300000)]
  0x000002285cc81000 JavaThread "Cache worker for Build Output Cleanup Cache (C:\Users\xpmkm\Desktop\update_code_vezilla-server\codecanyon-L2GSbXtH-dairy-products-grocery-daily-milk-delivery-mobile-app-with-subscription-customer-app-delivery\test-vezilla-android-workspace\.gradle\buildOutputCleanup)" [_thread_blocked, id=1736, stack(0x000000cf27400000,0x000000cf27500000)]
  0x000002285d095000 JavaThread "Build operations" [_thread_blocked, id=16004, stack(0x000000cf27500000,0x000000cf27600000)]
  0x000002285d091000 JavaThread "Build operations Thread 2" [_thread_blocked, id=12340, stack(0x000000cf27600000,0x000000cf27700000)]
  0x000002285d093800 JavaThread "Build operations Thread 3" [_thread_blocked, id=13948, stack(0x000000cf27700000,0x000000cf27800000)]
  0x000002285d08f000 JavaThread "Build operations Thread 4" [_thread_blocked, id=12500, stack(0x000000cf27800000,0x000000cf27900000)]
  0x000002285d09c000 JavaThread "Build operations Thread 5" [_thread_blocked, id=15112, stack(0x000000cf27900000,0x000000cf27a00000)]
  0x000002285d098000 JavaThread "Build operations Thread 6" [_thread_blocked, id=14444, stack(0x000000cf27a00000,0x000000cf27b00000)]
  0x000002285d368800 JavaThread "Build operations Thread 7" [_thread_blocked, id=9748, stack(0x000000cf27b00000,0x000000cf27c00000)]
  0x000002285d36a000 JavaThread "Build operations Thread 8" [_thread_blocked, id=16540, stack(0x000000cf28100000,0x000000cf28200000)]
  0x0000022862da9000 JavaThread "C2 CompilerThread1" daemon [_thread_in_native, id=9360, stack(0x000000cf26900000,0x000000cf26a00000)]

Other Threads:
=>0x0000022859f05000 VMThread "VM Thread" [stack: 0x000000cf24600000,0x000000cf24700000] [id=10668]
  0x000002285a8de800 WatcherThread [stack: 0x000000cf25000000,0x000000cf25100000] [id=3528]
  0x000002283fabe000 GCTaskThread "GC Thread#0" [stack: 0x000000cf24100000,0x000000cf24200000] [id=14736]
  0x000002285b504800 GCTaskThread "GC Thread#1" [stack: 0x000000cf25200000,0x000000cf25300000] [id=9008]
  0x000002285b55e800 GCTaskThread "GC Thread#2" [stack: 0x000000cf25300000,0x000000cf25400000] [id=5436]
  0x000002285d3f7800 GCTaskThread "GC Thread#3" [stack: 0x000000cf25d00000,0x000000cf25e00000] [id=17256]
  0x000002285d3fa800 GCTaskThread "GC Thread#4" [stack: 0x000000cf25e00000,0x000000cf25f00000] [id=5076]
  0x000002285c83b000 GCTaskThread "GC Thread#5" [stack: 0x000000cf25f00000,0x000000cf26000000] [id=8996]
  0x000002285cdca000 GCTaskThread "GC Thread#6" [stack: 0x000000cf26000000,0x000000cf26100000] [id=10628]
  0x000002285cc62000 GCTaskThread "GC Thread#7" [stack: 0x000000cf26100000,0x000000cf26200000] [id=8128]
  0x000002283faf0000 ConcurrentGCThread "G1 Main Marker" [stack: 0x000000cf24200000,0x000000cf24300000] [id=13000]
  0x000002283faf1800 ConcurrentGCThread "G1 Conc#0" [stack: 0x000000cf24300000,0x000000cf24400000] [id=6764]
  0x000002285d4db800 ConcurrentGCThread "G1 Conc#1" [stack: 0x000000cf26400000,0x000000cf26500000] [id=7120]
  0x000002283fb6e000 ConcurrentGCThread "G1 Refine#0" [stack: 0x000000cf24400000,0x000000cf24500000] [id=11440]
  0x0000022859d54800 ConcurrentGCThread "G1 Young RemSet Sampling" [stack: 0x000000cf24500000,0x000000cf24600000] [id=2852]

Threads with active compile tasks:
C2 CompilerThread0  35364 13151       4       org.objectweb.asm.commons.Remapper::mapMethodDesc (111 bytes)
C2 CompilerThread1  35364 13022 %     4       org.objectweb.asm.ClassReader::readCode @ 71 (5089 bytes)

VM state:at safepoint (normal execution)

VM Mutex/Monitor currently owned by a thread:  ([mutex/lock_event])
[0x000002283fa9fd40] Threads_lock - owner thread: 0x0000022859f05000
[0x000002283faa1060] Heap_lock - owner thread: 0x000002285d093800

Heap address: 0x0000000080000000, size: 2048 MB, Compressed Oops mode: 32-bit
Narrow klass base: 0x0000000000000000, Narrow klass shift: 3
Compressed class space size: 1073741824 Address: 0x0000000100000000

Heap:
 garbage-first heap   total 413696K, used 152086K [0x0000000080000000, 0x0000000100000000)
  region size 1024K, 5 young (5120K), 5 survivors (5120K)
 Metaspace       used 93594K, capacity 96472K, committed 97152K, reserved 1132544K
  class space    used 11898K, capacity 12931K, committed 13184K, reserved 1048576K
Heap Regions: E=young(eden), S=young(survivor), O=old, HS=humongous(starts), HC=humongous(continues), CS=collection set, F=free, A=archive, TAMS=top-at-mark-start (previous, next)
|   0|0x0000000080000000, 0x0000000080100000, 0x0000000080100000|100%| O|  |TAMS 0x0000000080100000, 0x0000000080000000| Updating 
|   1|0x0000000080100000, 0x0000000080200000, 0x0000000080200000|100%| O|  |TAMS 0x0000000080200000, 0x0000000080100000| Updating 
|   2|0x0000000080200000, 0x0000000080300000, 0x0000000080300000|100%| O|  |TAMS 0x0000000080300000, 0x0000000080200000| Updating 
|   3|0x0000000080300000, 0x0000000080400000, 0x0000000080400000|100%|HS|  |TAMS 0x0000000080400000, 0x0000000080300000| Complete 
|   4|0x0000000080400000, 0x0000000080500000, 0x0000000080500000|100%|HC|  |TAMS 0x0000000080500000, 0x0000000080400000| Complete 
|   5|0x0000000080500000, 0x0000000080600000, 0x0000000080600000|100%|HC|  |TAMS 0x0000000080600000, 0x0000000080500000| Complete 
|   6|0x0000000080600000, 0x0000000080700000, 0x0000000080700000|100%| O|  |TAMS 0x0000000080700000, 0x0000000080600000| Updating 
|   7|0x0000000080700000, 0x0000000080800000, 0x0000000080800000|100%| O|  |TAMS 0x0000000080800000, 0x0000000080700000| Updating 
|   8|0x0000000080800000, 0x0000000080900000, 0x0000000080900000|100%| O|  |TAMS 0x0000000080900000, 0x0000000080800000| Updating 
|   9|0x0000000080900000, 0x0000000080a00000, 0x0000000080a00000|100%| O|  |TAMS 0x0000000080a00000, 0x0000000080900000| Updating 
|  10|0x0000000080a00000, 0x0000000080b00000, 0x0000000080b00000|100%| O|  |TAMS 0x0000000080b00000, 0x0000000080a00000| Updating 
|  11|0x0000000080b00000, 0x0000000080c00000, 0x0000000080c00000|100%| O|  |TAMS 0x0000000080c00000, 0x0000000080b00000| Updating 
|  12|0x0000000080c00000, 0x0000000080d00000, 0x0000000080d00000|100%| O|  |TAMS 0x0000000080d00000, 0x0000000080c00000| Updating 
|  13|0x0000000080d00000, 0x0000000080e00000, 0x0000000080e00000|100%| O|  |TAMS 0x0000000080e00000, 0x0000000080d00000| Updating 
|  14|0x0000000080e00000, 0x0000000080f00000, 0x0000000080f00000|100%| O|  |TAMS 0x0000000080f00000, 0x0000000080e00000| Updating 
|  15|0x0000000080f00000, 0x0000000081000000, 0x0000000081000000|100%| O|  |TAMS 0x0000000081000000, 0x0000000080f00000| Updating 
|  16|0x0000000081000000, 0x0000000081100000, 0x0000000081100000|100%|HS|  |TAMS 0x0000000081100000, 0x0000000081000000| Complete 
|  17|0x0000000081100000, 0x0000000081200000, 0x0000000081200000|100%| O|  |TAMS 0x0000000081200000, 0x0000000081100000| Updating 
|  18|0x0000000081200000, 0x0000000081300000, 0x0000000081300000|100%| O|  |TAMS 0x0000000081300000, 0x0000000081200000| Updating 
|  19|0x0000000081300000, 0x0000000081400000, 0x0000000081400000|100%| O|  |TAMS 0x0000000081400000, 0x0000000081300000| Updating 
|  20|0x0000000081400000, 0x0000000081500000, 0x0000000081500000|100%| O|  |TAMS 0x0000000081500000, 0x0000000081400000| Updating 
|  21|0x0000000081500000, 0x0000000081600000, 0x0000000081600000|100%| O|  |TAMS 0x0000000081600000, 0x0000000081500000| Updating 
|  22|0x0000000081600000, 0x0000000081700000, 0x0000000081700000|100%| O|  |TAMS 0x0000000081700000, 0x0000000081600000| Updating 
|  23|0x0000000081700000, 0x0000000081800000, 0x0000000081800000|100%|HS|  |TAMS 0x0000000081800000, 0x0000000081700000| Complete 
|  24|0x0000000081800000, 0x0000000081900000, 0x0000000081900000|100%|HS|  |TAMS 0x0000000081900000, 0x0000000081800000| Complete 
|  25|0x0000000081900000, 0x0000000081a00000, 0x0000000081a00000|100%|HC|  |TAMS 0x0000000081a00000, 0x0000000081900000| Complete 
|  26|0x0000000081a00000, 0x0000000081b00000, 0x0000000081b00000|100%| O|  |TAMS 0x0000000081b00000, 0x0000000081a00000| Updating 
|  27|0x0000000081b00000, 0x0000000081c00000, 0x0000000081c00000|100%| O|  |TAMS 0x0000000081c00000, 0x0000000081b00000| Updating 
|  28|0x0000000081c00000, 0x0000000081d00000, 0x0000000081d00000|100%| O|  |TAMS 0x0000000081d00000, 0x0000000081c00000| Updating 
|  29|0x0000000081d00000, 0x0000000081e00000, 0x0000000081e00000|100%| O|  |TAMS 0x0000000081e00000, 0x0000000081d00000| Updating 
|  30|0x0000000081e00000, 0x0000000081f00000, 0x0000000081f00000|100%| O|  |TAMS 0x0000000081f00000, 0x0000000081e00000| Updating 
|  31|0x0000000081f00000, 0x0000000082000000, 0x0000000082000000|100%| O|  |TAMS 0x0000000082000000, 0x0000000081f00000| Updating 
|  32|0x0000000082000000, 0x0000000082100000, 0x0000000082100000|100%| O|  |TAMS 0x0000000082100000, 0x0000000082000000| Updating 
|  33|0x0000000082100000, 0x0000000082200000, 0x0000000082200000|100%| O|  |TAMS 0x0000000082200000, 0x0000000082100000| Updating 
|  34|0x0000000082200000, 0x0000000082300000, 0x0000000082300000|100%| O|  |TAMS 0x0000000082300000, 0x0000000082200000| Updating 
|  35|0x0000000082300000, 0x0000000082400000, 0x0000000082400000|100%| O|  |TAMS 0x0000000082400000, 0x0000000082300000| Updating 
|  36|0x0000000082400000, 0x0000000082500000, 0x0000000082500000|100%| O|  |TAMS 0x0000000082500000, 0x0000000082400000| Updating 
|  37|0x0000000082500000, 0x0000000082600000, 0x0000000082600000|100%| O|  |TAMS 0x0000000082600000, 0x0000000082500000| Updating 
|  38|0x0000000082600000, 0x0000000082700000, 0x0000000082700000|100%| O|  |TAMS 0x0000000082700000, 0x0000000082600000| Updating 
|  39|0x0000000082700000, 0x0000000082800000, 0x0000000082800000|100%| O|  |TAMS 0x0000000082800000, 0x0000000082700000| Updating 
|  40|0x0000000082800000, 0x0000000082900000, 0x0000000082900000|100%| O|  |TAMS 0x0000000082900000, 0x0000000082800000| Updating 
|  41|0x0000000082900000, 0x0000000082a00000, 0x0000000082a00000|100%| O|  |TAMS 0x0000000082a00000, 0x0000000082900000| Updating 
|  42|0x0000000082a00000, 0x0000000082b00000, 0x0000000082b00000|100%| O|  |TAMS 0x0000000082b00000, 0x0000000082a00000| Updating 
|  43|0x0000000082b00000, 0x0000000082c00000, 0x0000000082c00000|100%| O|  |TAMS 0x0000000082c00000, 0x0000000082b00000| Updating 
|  44|0x0000000082c00000, 0x0000000082d00000, 0x0000000082d00000|100%| O|  |TAMS 0x0000000082d00000, 0x0000000082c00000| Updating 
|  45|0x0000000082d00000, 0x0000000082e00000, 0x0000000082e00000|100%| O|  |TAMS 0x0000000082e00000, 0x0000000082d00000| Updating 
|  46|0x0000000082e00000, 0x0000000082f00000, 0x0000000082f00000|100%| O|  |TAMS 0x0000000082f00000, 0x0000000082e00000| Updating 
|  47|0x0000000082f00000, 0x0000000083000000, 0x0000000083000000|100%| O|  |TAMS 0x0000000083000000, 0x0000000082f00000| Updating 
|  48|0x0000000083000000, 0x0000000083100000, 0x0000000083100000|100%| O|  |TAMS 0x0000000083100000, 0x0000000083000000| Updating 
|  49|0x0000000083100000, 0x0000000083200000, 0x0000000083200000|100%| O|  |TAMS 0x0000000083200000, 0x0000000083100000| Updating 
|  50|0x0000000083200000, 0x0000000083300000, 0x0000000083300000|100%| O|  |TAMS 0x0000000083300000, 0x0000000083200000| Updating 
|  51|0x0000000083300000, 0x0000000083400000, 0x0000000083400000|100%| O|  |TAMS 0x0000000083400000, 0x0000000083300000| Updating 
|  52|0x0000000083400000, 0x0000000083500000, 0x0000000083500000|100%| O|  |TAMS 0x0000000083500000, 0x0000000083400000| Updating 
|  53|0x0000000083500000, 0x0000000083600000, 0x0000000083600000|100%| O|  |TAMS 0x0000000083600000, 0x0000000083500000| Updating 
|  54|0x0000000083600000, 0x0000000083700000, 0x0000000083700000|100%| O|  |TAMS 0x0000000083700000, 0x0000000083600000| Updating 
|  55|0x0000000083700000, 0x0000000083800000, 0x0000000083800000|100%| O|  |TAMS 0x0000000083800000, 0x0000000083700000| Updating 
|  56|0x0000000083800000, 0x0000000083900000, 0x0000000083900000|100%| O|  |TAMS 0x0000000083900000, 0x0000000083800000| Updating 
|  57|0x0000000083900000, 0x0000000083a00000, 0x0000000083a00000|100%| O|  |TAMS 0x0000000083a00000, 0x0000000083900000| Updating 
|  58|0x0000000083a00000, 0x0000000083b00000, 0x0000000083b00000|100%| O|  |TAMS 0x0000000083b00000, 0x0000000083a00000| Updating 
|  59|0x0000000083b00000, 0x0000000083c00000, 0x0000000083c00000|100%| O|  |TAMS 0x0000000083c00000, 0x0000000083b00000| Updating 
|  60|0x0000000083c00000, 0x0000000083d00000, 0x0000000083d00000|100%| O|  |TAMS 0x0000000083d00000, 0x0000000083c00000| Updating 
|  61|0x0000000083d00000, 0x0000000083e00000, 0x0000000083e00000|100%| O|  |TAMS 0x0000000083e00000, 0x0000000083d00000| Updating 
|  62|0x0000000083e00000, 0x0000000083f00000, 0x0000000083f00000|100%| O|  |TAMS 0x0000000083f00000, 0x0000000083e00000| Updating 
|  63|0x0000000083f00000, 0x0000000084000000, 0x0000000084000000|100%| O|  |TAMS 0x0000000084000000, 0x0000000083f00000| Updating 
|  64|0x0000000084000000, 0x0000000084100000, 0x0000000084100000|100%|HS|  |TAMS 0x0000000084100000, 0x0000000084000000| Complete 
|  65|0x0000000084100000, 0x0000000084200000, 0x0000000084200000|100%|HC|  |TAMS 0x0000000084200000, 0x0000000084100000| Complete 
|  66|0x0000000084200000, 0x0000000084300000, 0x0000000084300000|100%|HS|  |TAMS 0x0000000084300000, 0x0000000084200000| Complete 
|  67|0x0000000084300000, 0x0000000084400000, 0x0000000084400000|100%|HC|  |TAMS 0x0000000084400000, 0x0000000084300000| Complete 
|  68|0x0000000084400000, 0x0000000084500000, 0x0000000084500000|100%|HC|  |TAMS 0x0000000084500000, 0x0000000084400000| Complete 
|  69|0x0000000084500000, 0x0000000084600000, 0x0000000084600000|100%|HS|  |TAMS 0x0000000084600000, 0x0000000084500000| Complete 
|  70|0x0000000084600000, 0x0000000084700000, 0x0000000084700000|100%|HC|  |TAMS 0x0000000084700000, 0x0000000084600000| Complete 
|  71|0x0000000084700000, 0x0000000084800000, 0x0000000084800000|100%|HC|  |TAMS 0x0000000084800000, 0x0000000084700000| Complete 
|  72|0x0000000084800000, 0x0000000084900000, 0x0000000084900000|100%|HC|  |TAMS 0x0000000084900000, 0x0000000084800000| Complete 
|  73|0x0000000084900000, 0x0000000084a00000, 0x0000000084a00000|100%|HC|  |TAMS 0x0000000084a00000, 0x0000000084900000| Complete 
|  74|0x0000000084a00000, 0x0000000084b00000, 0x0000000084b00000|100%| O|  |TAMS 0x0000000084b00000, 0x0000000084a00000| Updating 
|  75|0x0000000084b00000, 0x0000000084c00000, 0x0000000084c00000|100%| O|  |TAMS 0x0000000084c00000, 0x0000000084b00000| Updating 
|  76|0x0000000084c00000, 0x0000000084d00000, 0x0000000084d00000|100%|HS|  |TAMS 0x0000000084d00000, 0x0000000084c00000| Complete 
|  77|0x0000000084d00000, 0x0000000084e00000, 0x0000000084e00000|100%|HC|  |TAMS 0x0000000084e00000, 0x0000000084d00000| Complete 
|  78|0x0000000084e00000, 0x0000000084f00000, 0x0000000084f00000|100%|HC|  |TAMS 0x0000000084f00000, 0x0000000084e00000| Complete 
|  79|0x0000000084f00000, 0x0000000085000000, 0x0000000085000000|100%| O|  |TAMS 0x0000000085000000, 0x0000000084f00000| Updating 
|  80|0x0000000085000000, 0x0000000085100000, 0x0000000085100000|100%| O|  |TAMS 0x0000000085100000, 0x0000000085000000| Updating 
|  81|0x0000000085100000, 0x0000000085200000, 0x0000000085200000|100%| O|  |TAMS 0x0000000085200000, 0x0000000085100000| Updating 
|  82|0x0000000085200000, 0x0000000085300000, 0x0000000085300000|100%| O|  |TAMS 0x0000000085300000, 0x0000000085200000| Updating 
|  83|0x0000000085300000, 0x0000000085400000, 0x0000000085400000|100%| O|  |TAMS 0x0000000085400000, 0x0000000085300000| Updating 
|  84|0x0000000085400000, 0x0000000085500000, 0x0000000085500000|100%|HS|  |TAMS 0x0000000085500000, 0x0000000085400000| Complete 
|  85|0x0000000085500000, 0x0000000085600000, 0x0000000085600000|100%|HC|  |TAMS 0x0000000085600000, 0x0000000085500000| Complete 
|  86|0x0000000085600000, 0x0000000085700000, 0x0000000085700000|100%|HC|  |TAMS 0x0000000085700000, 0x0000000085600000| Complete 
|  87|0x0000000085700000, 0x0000000085800000, 0x0000000085800000|100%|HC|  |TAMS 0x0000000085800000, 0x0000000085700000| Complete 
|  88|0x0000000085800000, 0x0000000085900000, 0x0000000085900000|100%|HC|  |TAMS 0x0000000085900000, 0x0000000085800000| Complete 
|  89|0x0000000085900000, 0x0000000085a00000, 0x0000000085a00000|100%| O|  |TAMS 0x0000000085a00000, 0x0000000085900000| Updating 
|  90|0x0000000085a00000, 0x0000000085b00000, 0x0000000085b00000|100%| O|  |TAMS 0x0000000085b00000, 0x0000000085a00000| Updating 
|  91|0x0000000085b00000, 0x0000000085c00000, 0x0000000085c00000|100%| O|  |TAMS 0x0000000085c00000, 0x0000000085b00000| Updating 
|  92|0x0000000085c00000, 0x0000000085d00000, 0x0000000085d00000|100%| O|  |TAMS 0x0000000085d00000, 0x0000000085c00000| Updating 
|  93|0x0000000085d00000, 0x0000000085e00000, 0x0000000085e00000|100%| O|  |TAMS 0x0000000085e00000, 0x0000000085d00000| Updating 
|  94|0x0000000085e00000, 0x0000000085f00000, 0x0000000085f00000|100%| O|  |TAMS 0x0000000085f00000, 0x0000000085e00000| Updating 
|  95|0x0000000085f00000, 0x0000000086000000, 0x0000000086000000|100%| O|  |TAMS 0x0000000086000000, 0x0000000085f00000| Updating 
|  96|0x0000000086000000, 0x0000000086100000, 0x0000000086100000|100%| O|  |TAMS 0x0000000086100000, 0x0000000086000000| Updating 
|  97|0x0000000086100000, 0x0000000086200000, 0x0000000086200000|100%| O|  |TAMS 0x0000000086200000, 0x0000000086100000| Updating 
|  98|0x0000000086200000, 0x0000000086300000, 0x0000000086300000|100%| O|  |TAMS 0x0000000086300000, 0x0000000086200000| Updating 
|  99|0x0000000086300000, 0x0000000086400000, 0x0000000086400000|100%| O|  |TAMS 0x0000000086400000, 0x0000000086300000| Updating 
| 100|0x0000000086400000, 0x0000000086500000, 0x0000000086500000|100%| O|  |TAMS 0x0000000086500000, 0x0000000086400000| Updating 
| 101|0x0000000086500000, 0x0000000086600000, 0x0000000086600000|100%| O|  |TAMS 0x0000000086600000, 0x0000000086500000| Updating 
| 102|0x0000000086600000, 0x0000000086700000, 0x0000000086700000|100%| O|  |TAMS 0x0000000086700000, 0x0000000086600000| Updating 
| 103|0x0000000086700000, 0x0000000086800000, 0x0000000086800000|100%| O|  |TAMS 0x0000000086800000, 0x0000000086700000| Updating 
| 104|0x0000000086800000, 0x0000000086900000, 0x0000000086900000|100%| O|  |TAMS 0x0000000086900000, 0x0000000086800000| Updating 
| 105|0x0000000086900000, 0x0000000086a00000, 0x0000000086a00000|100%| O|  |TAMS 0x0000000086a00000, 0x0000000086900000| Updating 
| 106|0x0000000086a00000, 0x0000000086b00000, 0x0000000086b00000|100%| O|  |TAMS 0x0000000086b00000, 0x0000000086a00000| Updating 
| 107|0x0000000086b00000, 0x0000000086c00000, 0x0000000086c00000|100%| O|  |TAMS 0x0000000086c00000, 0x0000000086b00000| Updating 
| 108|0x0000000086c00000, 0x0000000086d00000, 0x0000000086d00000|100%| O|  |TAMS 0x0000000086d00000, 0x0000000086c00000| Updating 
| 109|0x0000000086d00000, 0x0000000086e00000, 0x0000000086e00000|100%| O|  |TAMS 0x0000000086e00000, 0x0000000086d00000| Updating 
| 110|0x0000000086e00000, 0x0000000086f00000, 0x0000000086f00000|100%| O|  |TAMS 0x0000000086f00000, 0x0000000086e00000| Updating 
| 111|0x0000000086f00000, 0x0000000087000000, 0x0000000087000000|100%| O|  |TAMS 0x0000000087000000, 0x0000000086f00000| Updating 
| 112|0x0000000087000000, 0x0000000087100000, 0x0000000087100000|100%| O|  |TAMS 0x0000000087100000, 0x0000000087000000| Updating 
| 113|0x0000000087100000, 0x0000000087200000, 0x0000000087200000|100%| O|  |TAMS 0x0000000087200000, 0x0000000087100000| Updating 
| 114|0x0000000087200000, 0x0000000087300000, 0x0000000087300000|100%| O|  |TAMS 0x0000000087300000, 0x0000000087200000| Updating 
| 115|0x0000000087300000, 0x0000000087400000, 0x0000000087400000|100%| O|  |TAMS 0x0000000087400000, 0x0000000087300000| Updating 
| 116|0x0000000087400000, 0x0000000087500000, 0x0000000087500000|100%| O|  |TAMS 0x0000000087500000, 0x0000000087400000| Updating 
| 117|0x0000000087500000, 0x0000000087600000, 0x0000000087600000|100%| O|  |TAMS 0x0000000087600000, 0x0000000087500000| Updating 
| 118|0x0000000087600000, 0x0000000087700000, 0x0000000087700000|100%|HS|  |TAMS 0x0000000087700000, 0x0000000087600000| Complete 
| 119|0x0000000087700000, 0x0000000087800000, 0x0000000087800000|100%| O|  |TAMS 0x00000000877a2800, 0x0000000087700000| Updating 
| 120|0x0000000087800000, 0x0000000087900000, 0x0000000087900000|100%| O|  |TAMS 0x0000000087800000, 0x0000000087800000| Updating 
| 121|0x0000000087900000, 0x0000000087a00000, 0x0000000087a00000|100%| O|  |TAMS 0x0000000087900000, 0x0000000087900000| Untracked 
| 122|0x0000000087a00000, 0x0000000087aa8000, 0x0000000087b00000| 65%| O|  |TAMS 0x0000000087a00000, 0x0000000087a00000| Untracked 
| 123|0x0000000087b00000, 0x0000000087b00000, 0x0000000087c00000|  0%| F|  |TAMS 0x0000000087b00000, 0x0000000087b00000| Untracked 
| 124|0x0000000087c00000, 0x0000000087d00000, 0x0000000087d00000|100%| O|  |TAMS 0x0000000087d00000, 0x0000000087c00000| Updating 
| 125|0x0000000087d00000, 0x0000000087e00000, 0x0000000087e00000|100%| O|  |TAMS 0x0000000087e00000, 0x0000000087d00000| Updating 
| 126|0x0000000087e00000, 0x0000000087f00000, 0x0000000087f00000|100%| O|  |TAMS 0x0000000087f00000, 0x0000000087e00000| Updating 
| 127|0x0000000087f00000, 0x0000000088000000, 0x0000000088000000|100%| O|  |TAMS 0x0000000088000000, 0x0000000087f00000| Updating 
| 128|0x0000000088000000, 0x0000000088100000, 0x0000000088100000|100%| O|  |TAMS 0x0000000088100000, 0x0000000088000000| Updating 
| 129|0x0000000088100000, 0x0000000088200000, 0x0000000088200000|100%| O|  |TAMS 0x0000000088200000, 0x0000000088100000| Updating 
| 130|0x0000000088200000, 0x0000000088300000, 0x0000000088300000|100%| O|  |TAMS 0x0000000088300000, 0x0000000088200000| Updating 
| 131|0x0000000088300000, 0x0000000088400000, 0x0000000088400000|100%| O|  |TAMS 0x0000000088400000, 0x0000000088300000| Updating 
| 132|0x0000000088400000, 0x0000000088500000, 0x0000000088500000|100%| O|  |TAMS 0x0000000088500000, 0x0000000088400000| Updating 
| 133|0x0000000088500000, 0x0000000088600000, 0x0000000088600000|100%| O|  |TAMS 0x0000000088600000, 0x0000000088500000| Updating 
| 134|0x0000000088600000, 0x0000000088700000, 0x0000000088700000|100%| O|  |TAMS 0x0000000088700000, 0x0000000088600000| Updating 
| 135|0x0000000088700000, 0x0000000088800000, 0x0000000088800000|100%| O|  |TAMS 0x0000000088800000, 0x0000000088700000| Updating 
| 136|0x0000000088800000, 0x0000000088900000, 0x0000000088900000|100%| O|  |TAMS 0x0000000088900000, 0x0000000088800000| Updating 
| 137|0x0000000088900000, 0x0000000088a00000, 0x0000000088a00000|100%| O|  |TAMS 0x0000000088a00000, 0x0000000088900000| Updating 
| 138|0x0000000088a00000, 0x0000000088b00000, 0x0000000088b00000|100%| O|  |TAMS 0x0000000088b00000, 0x0000000088a00000| Updating 
| 139|0x0000000088b00000, 0x0000000088c00000, 0x0000000088c00000|100%| O|  |TAMS 0x0000000088c00000, 0x0000000088b00000| Updating 
| 140|0x0000000088c00000, 0x0000000088d00000, 0x0000000088d00000|100%| O|  |TAMS 0x0000000088d00000, 0x0000000088c00000| Updating 
| 141|0x0000000088d00000, 0x0000000088e00000, 0x0000000088e00000|100%| O|  |TAMS 0x0000000088e00000, 0x0000000088d00000| Updating 
| 142|0x0000000088e00000, 0x0000000088f00000, 0x0000000088f00000|100%| O|  |TAMS 0x0000000088f00000, 0x0000000088e00000| Updating 
| 143|0x0000000088f00000, 0x0000000089000000, 0x0000000089000000|100%| O|  |TAMS 0x0000000089000000, 0x0000000088f00000| Updating 
| 144|0x0000000089000000, 0x0000000089100000, 0x0000000089100000|100%| O|  |TAMS 0x0000000089100000, 0x0000000089000000| Updating 
| 145|0x0000000089100000, 0x0000000089100000, 0x0000000089200000|  0%| F|  |TAMS 0x0000000089100000, 0x0000000089100000| Untracked 
| 146|0x0000000089200000, 0x0000000089200000, 0x0000000089300000|  0%| F|  |TAMS 0x0000000089200000, 0x0000000089200000| Untracked 
| 147|0x0000000089300000, 0x0000000089300000, 0x0000000089400000|  0%| F|  |TAMS 0x0000000089300000, 0x0000000089300000| Untracked 
| 148|0x0000000089400000, 0x0000000089400000, 0x0000000089500000|  0%| F|  |TAMS 0x0000000089400000, 0x0000000089400000| Untracked 
| 149|0x0000000089500000, 0x0000000089500000, 0x0000000089600000|  0%| F|  |TAMS 0x0000000089500000, 0x0000000089500000| Untracked 
| 150|0x0000000089600000, 0x0000000089600000, 0x0000000089700000|  0%| F|  |TAMS 0x0000000089600000, 0x0000000089600000| Untracked 
| 151|0x0000000089700000, 0x0000000089700000, 0x0000000089800000|  0%| F|  |TAMS 0x0000000089700000, 0x0000000089700000| Untracked 
| 152|0x0000000089800000, 0x0000000089800000, 0x0000000089900000|  0%| F|  |TAMS 0x0000000089800000, 0x0000000089800000| Untracked 
| 153|0x0000000089900000, 0x0000000089900000, 0x0000000089a00000|  0%| F|  |TAMS 0x0000000089900000, 0x0000000089900000| Untracked 
| 154|0x0000000089a00000, 0x0000000089a00000, 0x0000000089b00000|  0%| F|  |TAMS 0x0000000089a00000, 0x0000000089a00000| Untracked 
| 155|0x0000000089b00000, 0x0000000089b00000, 0x0000000089c00000|  0%| F|  |TAMS 0x0000000089b00000, 0x0000000089b00000| Untracked 
| 156|0x0000000089c00000, 0x0000000089c00000, 0x0000000089d00000|  0%| F|  |TAMS 0x0000000089c00000, 0x0000000089c00000| Untracked 
| 157|0x0000000089d00000, 0x0000000089d00000, 0x0000000089e00000|  0%| F|  |TAMS 0x0000000089d00000, 0x0000000089d00000| Untracked 
| 158|0x0000000089e00000, 0x0000000089e00000, 0x0000000089f00000|  0%| F|  |TAMS 0x0000000089e00000, 0x0000000089e00000| Untracked 
| 159|0x0000000089f00000, 0x0000000089f00000, 0x000000008a000000|  0%| F|  |TAMS 0x0000000089f00000, 0x0000000089f00000| Untracked 
| 160|0x000000008a000000, 0x000000008a000000, 0x000000008a100000|  0%| F|  |TAMS 0x000000008a000000, 0x000000008a000000| Untracked 
| 161|0x000000008a100000, 0x000000008a100000, 0x000000008a200000|  0%| F|  |TAMS 0x000000008a100000, 0x000000008a100000| Untracked 
| 162|0x000000008a200000, 0x000000008a200000, 0x000000008a300000|  0%| F|  |TAMS 0x000000008a200000, 0x000000008a200000| Untracked 
| 163|0x000000008a300000, 0x000000008a300000, 0x000000008a400000|  0%| F|  |TAMS 0x000000008a300000, 0x000000008a300000| Untracked 
| 164|0x000000008a400000, 0x000000008a400000, 0x000000008a500000|  0%| F|  |TAMS 0x000000008a400000, 0x000000008a400000| Untracked 
| 165|0x000000008a500000, 0x000000008a500000, 0x000000008a600000|  0%| F|  |TAMS 0x000000008a500000, 0x000000008a500000| Untracked 
| 166|0x000000008a600000, 0x000000008a600000, 0x000000008a700000|  0%| F|  |TAMS 0x000000008a600000, 0x000000008a600000| Untracked 
| 167|0x000000008a700000, 0x000000008a700000, 0x000000008a800000|  0%| F|  |TAMS 0x000000008a700000, 0x000000008a700000| Untracked 
| 168|0x000000008a800000, 0x000000008a800000, 0x000000008a900000|  0%| F|  |TAMS 0x000000008a800000, 0x000000008a800000| Untracked 
| 169|0x000000008a900000, 0x000000008a900000, 0x000000008aa00000|  0%| F|  |TAMS 0x000000008a900000, 0x000000008a900000| Untracked 
| 170|0x000000008aa00000, 0x000000008aa00000, 0x000000008ab00000|  0%| F|  |TAMS 0x000000008aa00000, 0x000000008aa00000| Untracked 
| 171|0x000000008ab00000, 0x000000008ab00000, 0x000000008ac00000|  0%| F|  |TAMS 0x000000008ab00000, 0x000000008ab00000| Untracked 
| 172|0x000000008ac00000, 0x000000008ac00000, 0x000000008ad00000|  0%| F|  |TAMS 0x000000008ac00000, 0x000000008ac00000| Untracked 
| 173|0x000000008ad00000, 0x000000008ad00000, 0x000000008ae00000|  0%| F|  |TAMS 0x000000008ad00000, 0x000000008ad00000| Untracked 
| 174|0x000000008ae00000, 0x000000008ae00000, 0x000000008af00000|  0%| F|  |TAMS 0x000000008ae00000, 0x000000008ae00000| Untracked 
| 175|0x000000008af00000, 0x000000008af00000, 0x000000008b000000|  0%| F|  |TAMS 0x000000008af00000, 0x000000008af00000| Untracked 
| 176|0x000000008b000000, 0x000000008b000000, 0x000000008b100000|  0%| F|  |TAMS 0x000000008b000000, 0x000000008b000000| Untracked 
| 177|0x000000008b100000, 0x000000008b100000, 0x000000008b200000|  0%| F|  |TAMS 0x000000008b100000, 0x000000008b100000| Untracked 
| 178|0x000000008b200000, 0x000000008b200000, 0x000000008b300000|  0%| F|  |TAMS 0x000000008b200000, 0x000000008b200000| Untracked 
| 179|0x000000008b300000, 0x000000008b300000, 0x000000008b400000|  0%| F|  |TAMS 0x000000008b300000, 0x000000008b300000| Untracked 
| 180|0x000000008b400000, 0x000000008b400000, 0x000000008b500000|  0%| F|  |TAMS 0x000000008b400000, 0x000000008b400000| Untracked 
| 181|0x000000008b500000, 0x000000008b500000, 0x000000008b600000|  0%| F|  |TAMS 0x000000008b500000, 0x000000008b500000| Untracked 
| 182|0x000000008b600000, 0x000000008b600000, 0x000000008b700000|  0%| F|  |TAMS 0x000000008b600000, 0x000000008b600000| Untracked 
| 183|0x000000008b700000, 0x000000008b700000, 0x000000008b800000|  0%| F|  |TAMS 0x000000008b700000, 0x000000008b700000| Untracked 
| 184|0x000000008b800000, 0x000000008b800000, 0x000000008b900000|  0%| F|  |TAMS 0x000000008b800000, 0x000000008b800000| Untracked 
| 185|0x000000008b900000, 0x000000008b900000, 0x000000008ba00000|  0%| F|  |TAMS 0x000000008b900000, 0x000000008b900000| Untracked 
| 186|0x000000008ba00000, 0x000000008ba00000, 0x000000008bb00000|  0%| F|  |TAMS 0x000000008ba00000, 0x000000008ba00000| Untracked 
| 187|0x000000008bb00000, 0x000000008bb00000, 0x000000008bc00000|  0%| F|  |TAMS 0x000000008bb00000, 0x000000008bb00000| Untracked 
| 188|0x000000008bc00000, 0x000000008bc00000, 0x000000008bd00000|  0%| F|  |TAMS 0x000000008bc00000, 0x000000008bc00000| Untracked 
| 189|0x000000008bd00000, 0x000000008bdddb40, 0x000000008be00000| 86%| S|CS|TAMS 0x000000008bd00000, 0x000000008bd00000| Complete 
| 190|0x000000008be00000, 0x000000008be00000, 0x000000008bf00000|  0%| F|  |TAMS 0x000000008be00000, 0x000000008be00000| Untracked 
| 191|0x000000008bf00000, 0x000000008bf00000, 0x000000008c000000|  0%| F|  |TAMS 0x000000008bf00000, 0x000000008bf00000| Untracked 
| 192|0x000000008c000000, 0x000000008c100000, 0x000000008c100000|100%| S|CS|TAMS 0x000000008c000000, 0x000000008c000000| Complete 
| 193|0x000000008c100000, 0x000000008c200000, 0x000000008c200000|100%| S|CS|TAMS 0x000000008c100000, 0x000000008c100000| Complete 
| 194|0x000000008c200000, 0x000000008c300000, 0x000000008c300000|100%| S|CS|TAMS 0x000000008c200000, 0x000000008c200000| Complete 
| 195|0x000000008c300000, 0x000000008c400000, 0x000000008c400000|100%| S|CS|TAMS 0x000000008c300000, 0x000000008c300000| Complete 
| 196|0x000000008c400000, 0x000000008c400000, 0x000000008c500000|  0%| F|  |TAMS 0x000000008c400000, 0x000000008c400000| Untracked 
| 197|0x000000008c500000, 0x000000008c500000, 0x000000008c600000|  0%| F|  |TAMS 0x000000008c500000, 0x000000008c500000| Untracked 
| 198|0x000000008c600000, 0x000000008c600000, 0x000000008c700000|  0%| F|  |TAMS 0x000000008c600000, 0x000000008c600000| Untracked 
| 199|0x000000008c700000, 0x000000008c700000, 0x000000008c800000|  0%| F|  |TAMS 0x000000008c700000, 0x000000008c700000| Untracked 
| 200|0x000000008c800000, 0x000000008c800000, 0x000000008c900000|  0%| F|  |TAMS 0x000000008c800000, 0x000000008c800000| Untracked 
| 201|0x000000008c900000, 0x000000008c900000, 0x000000008ca00000|  0%| F|  |TAMS 0x000000008c900000, 0x000000008c900000| Untracked 
| 202|0x000000008ca00000, 0x000000008ca00000, 0x000000008cb00000|  0%| F|  |TAMS 0x000000008ca00000, 0x000000008ca00000| Untracked 
| 203|0x000000008cb00000, 0x000000008cb00000, 0x000000008cc00000|  0%| F|  |TAMS 0x000000008cb00000, 0x000000008cb00000| Untracked 
| 204|0x000000008cc00000, 0x000000008cc00000, 0x000000008cd00000|  0%| F|  |TAMS 0x000000008cc00000, 0x000000008cc00000| Untracked 
| 205|0x000000008cd00000, 0x000000008cd00000, 0x000000008ce00000|  0%| F|  |TAMS 0x000000008cd00000, 0x000000008cd00000| Untracked 
| 206|0x000000008ce00000, 0x000000008ce00000, 0x000000008cf00000|  0%| F|  |TAMS 0x000000008ce00000, 0x000000008ce00000| Untracked 
| 207|0x000000008cf00000, 0x000000008cf00000, 0x000000008d000000|  0%| F|  |TAMS 0x000000008cf00000, 0x000000008cf00000| Untracked 
| 208|0x000000008d000000, 0x000000008d000000, 0x000000008d100000|  0%| F|  |TAMS 0x000000008d000000, 0x000000008d000000| Untracked 
| 209|0x000000008d100000, 0x000000008d100000, 0x000000008d200000|  0%| F|  |TAMS 0x000000008d100000, 0x000000008d100000| Untracked 
| 210|0x000000008d200000, 0x000000008d200000, 0x000000008d300000|  0%| F|  |TAMS 0x000000008d200000, 0x000000008d200000| Untracked 
| 211|0x000000008d300000, 0x000000008d300000, 0x000000008d400000|  0%| F|  |TAMS 0x000000008d300000, 0x000000008d300000| Untracked 
| 212|0x000000008d400000, 0x000000008d400000, 0x000000008d500000|  0%| F|  |TAMS 0x000000008d400000, 0x000000008d400000| Untracked 
| 213|0x000000008d500000, 0x000000008d500000, 0x000000008d600000|  0%| F|  |TAMS 0x000000008d500000, 0x000000008d500000| Untracked 
| 214|0x000000008d600000, 0x000000008d600000, 0x000000008d700000|  0%| F|  |TAMS 0x000000008d600000, 0x000000008d600000| Untracked 
| 215|0x000000008d700000, 0x000000008d700000, 0x000000008d800000|  0%| F|  |TAMS 0x000000008d700000, 0x000000008d700000| Untracked 
| 216|0x000000008d800000, 0x000000008d800000, 0x000000008d900000|  0%| F|  |TAMS 0x000000008d800000, 0x000000008d800000| Untracked 
| 217|0x000000008d900000, 0x000000008d900000, 0x000000008da00000|  0%| F|  |TAMS 0x000000008d900000, 0x000000008d900000| Untracked 
| 218|0x000000008da00000, 0x000000008da00000, 0x000000008db00000|  0%| F|  |TAMS 0x000000008da00000, 0x000000008da00000| Untracked 
| 219|0x000000008db00000, 0x000000008db00000, 0x000000008dc00000|  0%| F|  |TAMS 0x000000008db00000, 0x000000008db00000| Untracked 
| 220|0x000000008dc00000, 0x000000008dc00000, 0x000000008dd00000|  0%| F|  |TAMS 0x000000008dc00000, 0x000000008dc00000| Untracked 
| 221|0x000000008dd00000, 0x000000008dd00000, 0x000000008de00000|  0%| F|  |TAMS 0x000000008dd00000, 0x000000008dd00000| Untracked 
| 222|0x000000008de00000, 0x000000008de00000, 0x000000008df00000|  0%| F|  |TAMS 0x000000008de00000, 0x000000008de00000| Untracked 
| 223|0x000000008df00000, 0x000000008df00000, 0x000000008e000000|  0%| F|  |TAMS 0x000000008df00000, 0x000000008df00000| Untracked 
| 224|0x000000008e000000, 0x000000008e000000, 0x000000008e100000|  0%| F|  |TAMS 0x000000008e000000, 0x000000008e000000| Untracked 
| 225|0x000000008e100000, 0x000000008e100000, 0x000000008e200000|  0%| F|  |TAMS 0x000000008e100000, 0x000000008e100000| Untracked 
| 226|0x000000008e200000, 0x000000008e200000, 0x000000008e300000|  0%| F|  |TAMS 0x000000008e200000, 0x000000008e200000| Untracked 
| 227|0x000000008e300000, 0x000000008e300000, 0x000000008e400000|  0%| F|  |TAMS 0x000000008e300000, 0x000000008e300000| Untracked 
| 228|0x000000008e400000, 0x000000008e400000, 0x000000008e500000|  0%| F|  |TAMS 0x000000008e400000, 0x000000008e400000| Untracked 
| 229|0x000000008e500000, 0x000000008e500000, 0x000000008e600000|  0%| F|  |TAMS 0x000000008e500000, 0x000000008e500000| Untracked 
| 230|0x000000008e600000, 0x000000008e600000, 0x000000008e700000|  0%| F|  |TAMS 0x000000008e600000, 0x000000008e600000| Untracked 
| 231|0x000000008e700000, 0x000000008e700000, 0x000000008e800000|  0%| F|  |TAMS 0x000000008e700000, 0x000000008e700000| Untracked 
| 232|0x000000008e800000, 0x000000008e800000, 0x000000008e900000|  0%| F|  |TAMS 0x000000008e800000, 0x000000008e800000| Untracked 
| 233|0x000000008e900000, 0x000000008e900000, 0x000000008ea00000|  0%| F|  |TAMS 0x000000008e900000, 0x000000008e900000| Untracked 
| 234|0x000000008ea00000, 0x000000008ea00000, 0x000000008eb00000|  0%| F|  |TAMS 0x000000008ea00000, 0x000000008ea00000| Untracked 
| 235|0x000000008eb00000, 0x000000008eb00000, 0x000000008ec00000|  0%| F|  |TAMS 0x000000008eb00000, 0x000000008eb00000| Untracked 
| 236|0x000000008ec00000, 0x000000008ec00000, 0x000000008ed00000|  0%| F|  |TAMS 0x000000008ec00000, 0x000000008ec00000| Untracked 
| 237|0x000000008ed00000, 0x000000008ed00000, 0x000000008ee00000|  0%| F|  |TAMS 0x000000008ed00000, 0x000000008ed00000| Untracked 
| 238|0x000000008ee00000, 0x000000008ee00000, 0x000000008ef00000|  0%| F|  |TAMS 0x000000008ee00000, 0x000000008ee00000| Untracked 
| 239|0x000000008ef00000, 0x000000008ef00000, 0x000000008f000000|  0%| F|  |TAMS 0x000000008ef00000, 0x000000008ef00000| Untracked 
| 240|0x000000008f000000, 0x000000008f000000, 0x000000008f100000|  0%| F|  |TAMS 0x000000008f000000, 0x000000008f000000| Untracked 
| 241|0x000000008f100000, 0x000000008f100000, 0x000000008f200000|  0%| F|  |TAMS 0x000000008f100000, 0x000000008f100000| Untracked 
| 242|0x000000008f200000, 0x000000008f200000, 0x000000008f300000|  0%| F|  |TAMS 0x000000008f200000, 0x000000008f200000| Untracked 
| 243|0x000000008f300000, 0x000000008f300000, 0x000000008f400000|  0%| F|  |TAMS 0x000000008f300000, 0x000000008f300000| Untracked 
| 244|0x000000008f400000, 0x000000008f400000, 0x000000008f500000|  0%| F|  |TAMS 0x000000008f400000, 0x000000008f400000| Untracked 
| 245|0x000000008f500000, 0x000000008f500000, 0x000000008f600000|  0%| F|  |TAMS 0x000000008f500000, 0x000000008f500000| Untracked 
| 246|0x000000008f600000, 0x000000008f600000, 0x000000008f700000|  0%| F|  |TAMS 0x000000008f600000, 0x000000008f600000| Untracked 
| 247|0x000000008f700000, 0x000000008f700000, 0x000000008f800000|  0%| F|  |TAMS 0x000000008f700000, 0x000000008f700000| Untracked 
| 248|0x000000008f800000, 0x000000008f800000, 0x000000008f900000|  0%| F|  |TAMS 0x000000008f800000, 0x000000008f800000| Untracked 
| 249|0x000000008f900000, 0x000000008f900000, 0x000000008fa00000|  0%| F|  |TAMS 0x000000008f900000, 0x000000008f900000| Untracked 
| 250|0x000000008fa00000, 0x000000008fa00000, 0x000000008fb00000|  0%| F|  |TAMS 0x000000008fa00000, 0x000000008fa00000| Untracked 
| 251|0x000000008fb00000, 0x000000008fb00000, 0x000000008fc00000|  0%| F|  |TAMS 0x000000008fb00000, 0x000000008fb00000| Untracked 
| 252|0x000000008fc00000, 0x000000008fc00000, 0x000000008fd00000|  0%| F|  |TAMS 0x000000008fc00000, 0x000000008fc00000| Untracked 
| 253|0x000000008fd00000, 0x000000008fd00000, 0x000000008fe00000|  0%| F|  |TAMS 0x000000008fd00000, 0x000000008fd00000| Untracked 
| 254|0x000000008fe00000, 0x000000008fe00000, 0x000000008ff00000|  0%| F|  |TAMS 0x000000008fe00000, 0x000000008fe00000| Untracked 
| 255|0x000000008ff00000, 0x000000008ff00000, 0x0000000090000000|  0%| F|  |TAMS 0x000000008ff00000, 0x000000008ff00000| Untracked 
| 256|0x0000000090000000, 0x0000000090000000, 0x0000000090100000|  0%| F|  |TAMS 0x0000000090000000, 0x0000000090000000| Untracked 
| 257|0x0000000090100000, 0x0000000090100000, 0x0000000090200000|  0%| F|  |TAMS 0x0000000090100000, 0x0000000090100000| Untracked 
| 258|0x0000000090200000, 0x0000000090200000, 0x0000000090300000|  0%| F|  |TAMS 0x0000000090200000, 0x0000000090200000| Untracked 
| 259|0x0000000090300000, 0x0000000090300000, 0x0000000090400000|  0%| F|  |TAMS 0x0000000090300000, 0x0000000090300000| Untracked 
| 260|0x0000000090400000, 0x0000000090400000, 0x0000000090500000|  0%| F|  |TAMS 0x0000000090400000, 0x0000000090400000| Untracked 
| 261|0x0000000090500000, 0x0000000090500000, 0x0000000090600000|  0%| F|  |TAMS 0x0000000090500000, 0x0000000090500000| Untracked 
| 262|0x0000000090600000, 0x0000000090600000, 0x0000000090700000|  0%| F|  |TAMS 0x0000000090600000, 0x0000000090600000| Untracked 
| 263|0x0000000090700000, 0x0000000090700000, 0x0000000090800000|  0%| F|  |TAMS 0x0000000090700000, 0x0000000090700000| Untracked 

Card table byte_map: [0x0000022852cb0000,0x00000228530b0000] _byte_map_base: 0x00000228528b0000

Marking Bits (Prev, Next): (CMBitMap*) 0x000002283fae7018, (CMBitMap*) 0x000002283fae7050
 Prev Bits: [0x00000228534b0000, 0x00000228554b0000)
 Next Bits: [0x00000228554b0000, 0x00000228574b0000)

Polling page: 0x000002283f270000

Metaspace:

Usage:
  Non-class:     81.58 MB capacity,    79.78 MB ( 98%) used,     1.53 MB (  2%) free+waste,   279.19 KB ( <1%) overhead. 
      Class:     12.63 MB capacity,    11.62 MB ( 92%) used,   905.99 KB (  7%) free+waste,   126.94 KB ( <1%) overhead. 
       Both:     94.21 MB capacity,    91.40 MB ( 97%) used,     2.41 MB (  3%) free+waste,   406.13 KB ( <1%) overhead. 

Virtual space:
  Non-class space:       82.00 MB reserved,      82.00 MB (100%) committed 
      Class space:        1.00 GB reserved,      12.88 MB (  1%) committed 
             Both:        1.08 GB reserved,      94.88 MB (  9%) committed 

Chunk freelists:
   Non-Class:  363.00 KB
       Class:  189.00 KB
        Both:  552.00 KB

MaxMetaspaceSize: 17179869184.00 GB
CompressedClassSpaceSize: 1.00 GB

CodeHeap 'non-profiled nmethods': size=120000Kb used=7655Kb max_used=7655Kb free=112345Kb
 bounds [0x000002284b050000, 0x000002284b7d0000, 0x0000022852580000]
CodeHeap 'profiled nmethods': size=120000Kb used=30203Kb max_used=30203Kb free=89796Kb
 bounds [0x0000022843b20000, 0x00000228458a0000, 0x000002284b050000]
CodeHeap 'non-nmethods': size=5760Kb used=2287Kb max_used=2349Kb free=3472Kb
 bounds [0x0000022843580000, 0x00000228437f0000, 0x0000022843b20000]
 total_blobs=13865 nmethods=12975 adapters=801
 compilation: enabled
              stopped_count=0, restarted_count=0
 full_count=0

Compilation events (20 events):
Event: 35.275 Thread 0x000002285a780000 13253       2       org.objectweb.asm.MethodWriter::visitSwitchInsn (174 bytes)
Event: 35.276 Thread 0x000002285a780000 nmethod 13253 0x0000022845897890 code [0x0000022845897ac0, 0x00000228458983d8]
Event: 35.276 Thread 0x000002285a780000 13254       2       org.objectweb.asm.AnnotationWriter::putParameterAnnotations (173 bytes)
Event: 35.277 Thread 0x000002285a780000 nmethod 13254 0x0000022845898790 code [0x00000228458989c0, 0x0000022845898e48]
Event: 35.282 Thread 0x000002285a780000 13255       2       com.android.tools.build.jetifier.core.type.JavaType$Companion::fromDotVersion (83 bytes)
Event: 35.283 Thread 0x000002285a780000 nmethod 13255 0x0000022845899290 code [0x0000022845899520, 0x0000022845899be8]
Event: 35.287 Thread 0x000002285a780000 13257       2       com.android.tools.build.jetifier.processor.transform.bytecode.ByteCodeTransformer::canTransform (26 bytes)
Event: 35.287 Thread 0x000002285a780000 nmethod 13257 0x000002284589a010 code [0x000002284589a200, 0x000002284589a4e8]
Event: 35.290 Thread 0x000002285a780000 13259       2       com.android.tools.build.jetifier.processor.Processor::visit (143 bytes)
Event: 35.291 Thread 0x000002285a780000 nmethod 13259 0x000002284589a710 code [0x000002284589a9e0, 0x000002284589b428]
Event: 35.295 Thread 0x000002285a780000 13261   !   2       com.android.tools.build.jetifier.processor.transform.bytecode.ByteCodeTransformer::runTransform (159 bytes)
Event: 35.297 Thread 0x000002285a780000 nmethod 13261 0x000002284589b990 code [0x000002284589bd40, 0x000002284589cb38]
Event: 35.297 Thread 0x000002285a780000 13262       2       com.android.tools.build.jetifier.processor.transform.bytecode.CoreRemapperImpl::<init> (64 bytes)
Event: 35.298 Thread 0x000002285a780000 nmethod 13262 0x000002284589d490 code [0x000002284589d700, 0x000002284589de28]
Event: 35.298 Thread 0x000002285a780000 13263       2       com.android.tools.build.jetifier.processor.transform.bytecode.asm.CustomRemapper::<init> (16 bytes)
Event: 35.299 Thread 0x000002285a780000 nmethod 13263 0x000002284589e210 code [0x000002284589e400, 0x000002284589e6f8]
Event: 35.335 Thread 0x000002285a778800 nmethod 13070 0x000002284b7c7610 code [0x000002284b7c78a0, 0x000002284b7c8d78]
Event: 35.335 Thread 0x000002285a778800 13151       4       org.objectweb.asm.commons.Remapper::mapMethodDesc (111 bytes)
Event: 35.337 Thread 0x000002285a780000 13267       2       org.objectweb.asm.SymbolTable::putBootstrapMethods (56 bytes)
Event: 35.337 Thread 0x000002285a780000 nmethod 13267 0x000002284589e910 code [0x000002284589eb00, 0x000002284589ed08]

GC Heap History (20 events):
Event: 34.613 GC heap after
{Heap after GC invocations=59 (full 0):
 garbage-first heap   total 225280K, used 140579K [0x0000000080000000, 0x0000000100000000)
  region size 1024K, 5 young (5120K), 5 survivors (5120K)
 Metaspace       used 92870K, capacity 95704K, committed 96256K, reserved 1132544K
  class space    used 11847K, capacity 12867K, committed 13056K, reserved 1048576K
}
Event: 34.665 GC heap before
{Heap before GC invocations=59 (full 0):
 garbage-first heap   total 225280K, used 173347K [0x0000000080000000, 0x0000000100000000)
  region size 1024K, 38 young (38912K), 5 survivors (5120K)
 Metaspace       used 92968K, capacity 95832K, committed 96512K, reserved 1132544K
  class space    used 11851K, capacity 12867K, committed 13056K, reserved 1048576K
}
Event: 34.668 GC heap after
{Heap after GC invocations=60 (full 0):
 garbage-first heap   total 225280K, used 143280K [0x0000000080000000, 0x0000000100000000)
  region size 1024K, 3 young (3072K), 3 survivors (3072K)
 Metaspace       used 92968K, capacity 95832K, committed 96512K, reserved 1132544K
  class space    used 11851K, capacity 12867K, committed 13056K, reserved 1048576K
}
Event: 34.748 GC heap before
{Heap before GC invocations=60 (full 0):
 garbage-first heap   total 225280K, used 176048K [0x0000000080000000, 0x0000000100000000)
  region size 1024K, 36 young (36864K), 3 survivors (3072K)
 Metaspace       used 93283K, capacity 96152K, committed 96896K, reserved 1132544K
  class space    used 11885K, capacity 12931K, committed 13184K, reserved 1048576K
}
Event: 34.752 GC heap after
{Heap after GC invocations=61 (full 0):
 garbage-first heap   total 225280K, used 147228K [0x0000000080000000, 0x0000000100000000)
  region size 1024K, 4 young (4096K), 4 survivors (4096K)
 Metaspace       used 93283K, capacity 96152K, committed 96896K, reserved 1132544K
  class space    used 11885K, capacity 12931K, committed 13184K, reserved 1048576K
}
Event: 34.807 GC heap before
{Heap before GC invocations=62 (full 0):
 garbage-first heap   total 225280K, used 179996K [0x0000000080000000, 0x0000000100000000)
  region size 1024K, 37 young (37888K), 4 survivors (4096K)
 Metaspace       used 93369K, capacity 96216K, committed 96896K, reserved 1132544K
  class space    used 11895K, capacity 12931K, committed 13184K, reserved 1048576K
}
Event: 34.809 GC heap after
{Heap after GC invocations=63 (full 0):
 garbage-first heap   total 225280K, used 148077K [0x0000000080000000, 0x0000000100000000)
  region size 1024K, 2 young (2048K), 2 survivors (2048K)
 Metaspace       used 93369K, capacity 96216K, committed 96896K, reserved 1132544K
  class space    used 11895K, capacity 12931K, committed 13184K, reserved 1048576K
}
Event: 34.853 GC heap before
{Heap before GC invocations=63 (full 0):
 garbage-first heap   total 225280K, used 181869K [0x0000000080000000, 0x0000000100000000)
  region size 1024K, 36 young (36864K), 2 survivors (2048K)
 Metaspace       used 93369K, capacity 96216K, committed 96896K, reserved 1132544K
  class space    used 11895K, capacity 12931K, committed 13184K, reserved 1048576K
}
Event: 34.856 GC heap after
{Heap after GC invocations=64 (full 0):
 garbage-first heap   total 225280K, used 149967K [0x0000000080000000, 0x0000000100000000)
  region size 1024K, 3 young (3072K), 3 survivors (3072K)
 Metaspace       used 93369K, capacity 96216K, committed 96896K, reserved 1132544K
  class space    used 11895K, capacity 12931K, committed 13184K, reserved 1048576K
}
Event: 34.945 GC heap before
{Heap before GC invocations=64 (full 0):
 garbage-first heap   total 225280K, used 186831K [0x0000000080000000, 0x0000000100000000)
  region size 1024K, 40 young (40960K), 3 survivors (3072K)
 Metaspace       used 93497K, capacity 96408K, committed 97152K, reserved 1132544K
  class space    used 11897K, capacity 12931K, committed 13184K, reserved 1048576K
}
Event: 34.947 GC heap after
{Heap after GC invocations=65 (full 0):
 garbage-first heap   total 225280K, used 150686K [0x0000000080000000, 0x0000000100000000)
  region size 1024K, 3 young (3072K), 3 survivors (3072K)
 Metaspace       used 93497K, capacity 96408K, committed 97152K, reserved 1132544K
  class space    used 11897K, capacity 12931K, committed 13184K, reserved 1048576K
}
Event: 35.026 GC heap before
{Heap before GC invocations=65 (full 0):
 garbage-first heap   total 225280K, used 181406K [0x0000000080000000, 0x0000000100000000)
  region size 1024K, 39 young (39936K), 3 survivors (3072K)
 Metaspace       used 93520K, capacity 96408K, committed 97152K, reserved 1132544K
  class space    used 11898K, capacity 12931K, committed 13184K, reserved 1048576K
}
Event: 35.031 GC heap after
{Heap after GC invocations=66 (full 0):
 garbage-first heap   total 270336K, used 147999K [0x0000000080000000, 0x0000000100000000)
  region size 1024K, 4 young (4096K), 4 survivors (4096K)
 Metaspace       used 93520K, capacity 96408K, committed 97152K, reserved 1132544K
  class space    used 11898K, capacity 12931K, committed 13184K, reserved 1048576K
}
Event: 35.116 GC heap before
{Heap before GC invocations=67 (full 0):
 garbage-first heap   total 270336K, used 205343K [0x0000000080000000, 0x0000000100000000)
  region size 1024K, 61 young (62464K), 4 survivors (4096K)
 Metaspace       used 93527K, capacity 96472K, committed 97152K, reserved 1132544K
  class space    used 11898K, capacity 12931K, committed 13184K, reserved 1048576K
}
Event: 35.119 GC heap after
{Heap after GC invocations=68 (full 0):
 garbage-first heap   total 270336K, used 148868K [0x0000000080000000, 0x0000000100000000)
  region size 1024K, 5 young (5120K), 5 survivors (5120K)
 Metaspace       used 93527K, capacity 96472K, committed 97152K, reserved 1132544K
  class space    used 11898K, capacity 12931K, committed 13184K, reserved 1048576K
}
Event: 35.176 GC heap before
{Heap before GC invocations=68 (full 0):
 garbage-first heap   total 270336K, used 209284K [0x0000000080000000, 0x0000000100000000)
  region size 1024K, 65 young (66560K), 5 survivors (5120K)
 Metaspace       used 93561K, capacity 96472K, committed 97152K, reserved 1132544K
  class space    used 11898K, capacity 12931K, committed 13184K, reserved 1048576K
}
Event: 35.180 GC heap after
{Heap after GC invocations=69 (full 0):
 garbage-first heap   total 270336K, used 150238K [0x0000000080000000, 0x0000000100000000)
  region size 1024K, 7 young (7168K), 7 survivors (7168K)
 Metaspace       used 93561K, capacity 96472K, committed 97152K, reserved 1132544K
  class space    used 11898K, capacity 12931K, committed 13184K, reserved 1048576K
}
Event: 35.256 GC heap before
{Heap before GC invocations=69 (full 0):
 garbage-first heap   total 270336K, used 212702K [0x0000000080000000, 0x0000000100000000)
  region size 1024K, 68 young (69632K), 7 survivors (7168K)
 Metaspace       used 93586K, capacity 96472K, committed 97152K, reserved 1132544K
  class space    used 11898K, capacity 12931K, committed 13184K, reserved 1048576K
}
Event: 35.261 GC heap after
{Heap after GC invocations=70 (full 0):
 garbage-first heap   total 270336K, used 150796K [0x0000000080000000, 0x0000000100000000)
  region size 1024K, 6 young (6144K), 6 survivors (6144K)
 Metaspace       used 93586K, capacity 96472K, committed 97152K, reserved 1132544K
  class space    used 11898K, capacity 12931K, committed 13184K, reserved 1048576K
}
Event: 35.347 GC heap before
{Heap before GC invocations=70 (full 0):
 garbage-first heap   total 270336K, used 216332K [0x0000000080000000, 0x0000000100000000)
  region size 1024K, 70 young (71680K), 6 survivors (6144K)
 Metaspace       used 93594K, capacity 96472K, committed 97152K, reserved 1132544K
  class space    used 11898K, capacity 12931K, committed 13184K, reserved 1048576K
}

Deoptimization events (20 events):
Event: 35.152 Thread 0x000002285d08f000 DEOPT PACKING pc=0x000002284b0f5938 sp=0x000000cf278fa720
Event: 35.152 Thread 0x000002285d08f000 DEOPT UNPACKING pc=0x00000228435a78af sp=0x000000cf278fa630 mode 2
Event: 35.152 Thread 0x000002285d08f000 Uncommon trap: trap_request=0xffffff4d fr.pc=0x000002284b7b6c70 relative=0x00000000000001b0
Event: 35.152 Thread 0x000002285d08f000 Uncommon trap: reason=unstable_if action=reinterpret pc=0x000002284b7b6c70 method=java.lang.String.indexOf(II)I @ 4 c2
Event: 35.152 Thread 0x000002285d08f000 DEOPT PACKING pc=0x000002284b7b6c70 sp=0x000000cf278fa5a0
Event: 35.152 Thread 0x000002285d08f000 DEOPT UNPACKING pc=0x00000228435a78af sp=0x000000cf278fa4b0 mode 2
Event: 35.191 Thread 0x000002285d08f000 Uncommon trap: trap_request=0xffffff4d fr.pc=0x000002284b0a1470 relative=0x00000000000001d0
Event: 35.191 Thread 0x000002285d08f000 Uncommon trap: reason=unstable_if action=reinterpret pc=0x000002284b0a1470 method=java.lang.String.startsWith(Ljava/lang/String;I)Z @ 46 c2
Event: 35.191 Thread 0x000002285d08f000 DEOPT PACKING pc=0x000002284b0a1470 sp=0x000000cf278fa6f0
Event: 35.191 Thread 0x000002285d08f000 DEOPT UNPACKING pc=0x00000228435a78af sp=0x000000cf278fa658 mode 2
Event: 35.237 Thread 0x000002285d368800 DEOPT PACKING pc=0x000002284581427f sp=0x000000cf27bfb050
Event: 35.237 Thread 0x000002285d368800 DEOPT UNPACKING pc=0x00000228435a76ce sp=0x000000cf27bfa520 mode 0
Event: 35.287 Thread 0x000002285d095000 DEOPT PACKING pc=0x00000228456f4b67 sp=0x000000cf275fb0e0
Event: 35.287 Thread 0x000002285d095000 DEOPT UNPACKING pc=0x00000228435a76ce sp=0x000000cf275fa608 mode 0
Event: 35.305 Thread 0x000002285d095000 DEOPT PACKING pc=0x00000228456f4b67 sp=0x000000cf275faf60
Event: 35.305 Thread 0x000002285d095000 DEOPT UNPACKING pc=0x00000228435a76ce sp=0x000000cf275fa488 mode 0
Event: 35.332 Thread 0x000002285d093800 DEOPT PACKING pc=0x00000228456f4b67 sp=0x000000cf277fa6e0
Event: 35.332 Thread 0x000002285d093800 DEOPT UNPACKING pc=0x00000228435a76ce sp=0x000000cf277f9c08 mode 0
Event: 35.345 Thread 0x000002285d098000 DEOPT PACKING pc=0x00000228456f4b67 sp=0x000000cf27afaa50
Event: 35.345 Thread 0x000002285d098000 DEOPT UNPACKING pc=0x00000228435a76ce sp=0x000000cf27af9f78 mode 0

Classes redefined (0 events):
No events

Internal exceptions (20 events):
Event: 32.097 Thread 0x000002285c026000 Exception <a 'java/lang/NoSuchMethodError'{0x0000000088fae7d8}: 'int java.lang.invoke.DirectMethodHandle$Holder.invokeStatic(java.lang.Object, java.lang.Object, int, java.lang.Object)'> (0x0000000088fae7d8) thrown at [./src/hotspot/share/interpreter/linkResolver.cpp, line 773]
Event: 32.157 Thread 0x000002285c026000 Exception <a 'sun/nio/fs/WindowsException'{0x0000000088ee0f08}> (0x0000000088ee0f08) thrown at [./src/hotspot/share/prims/jni.cpp, line 615]
Event: 32.157 Thread 0x000002285c026000 Exception <a 'sun/nio/fs/WindowsException'{0x0000000088ee2298}> (0x0000000088ee2298) thrown at [./src/hotspot/share/prims/jni.cpp, line 615]
Event: 32.157 Thread 0x000002285c026000 Exception <a 'sun/nio/fs/WindowsException'{0x0000000088ee3660}> (0x0000000088ee3660) thrown at [./src/hotspot/share/prims/jni.cpp, line 615]
Event: 32.157 Thread 0x000002285c026000 Exception <a 'sun/nio/fs/WindowsException'{0x0000000088ee4a28}> (0x0000000088ee4a28) thrown at [./src/hotspot/share/prims/jni.cpp, line 615]
Event: 32.391 Thread 0x0000022859f1f000 Implicit null exception at 0x000002284b62f40d to 0x000002284b62fc14
Event: 32.463 Thread 0x000002285c026000 Exception <a 'java/lang/reflect/InvocationTargetException'{0x000000008b4ac8c8}> (0x000000008b4ac8c8) thrown at [./src/hotspot/share/runtime/reflection.cpp, line 1247]
Event: 33.120 Thread 0x000002285d36a000 Exception <a 'java/lang/NoSuchMethodError'{0x000000008b4b8aa0}: 'java.lang.Object java.lang.invoke.DirectMethodHandle$Holder.invokeSpecialIFC(java.lang.Object, java.lang.Object, java.lang.Object)'> (0x000000008b4b8aa0) thrown at [./src/hotspot/share/interpreter/linkResolver.cpp, line 773]
Event: 33.120 Thread 0x000002285d098000 Exception <a 'java/lang/NoSuchMethodError'{0x000000008b4d0678}: 'java.lang.Object java.lang.invoke.DirectMethodHandle$Holder.invokeSpecialIFC(java.lang.Object, java.lang.Object, java.lang.Object)'> (0x000000008b4d0678) thrown at [./src/hotspot/share/interpreter/linkResolver.cpp, line 773]
Event: 33.120 Thread 0x000002285d091000 Exception <a 'java/lang/NoSuchMethodError'{0x000000008b4a81a0}: 'java.lang.Object java.lang.invoke.DirectMethodHandle$Holder.invokeSpecialIFC(java.lang.Object, java.lang.Object, java.lang.Object)'> (0x000000008b4a81a0) thrown at [./src/hotspot/share/interpreter/linkResolver.cpp, line 773]
Event: 33.120 Thread 0x000002285d093800 Exception <a 'java/lang/NoSuchMethodError'{0x000000008b4bf680}: 'java.lang.Object java.lang.invoke.DirectMethodHandle$Holder.invokeSpecialIFC(java.lang.Object, java.lang.Object, java.lang.Object)'> (0x000000008b4bf680) thrown at [./src/hotspot/share/interpreter/linkResolver.cpp, line 773]
Event: 33.120 Thread 0x000002285c026000 Exception <a 'java/lang/NoSuchMethodError'{0x000000008b6fc288}: 'java.lang.Object java.lang.invoke.DirectMethodHandle$Holder.invokeSpecialIFC(java.lang.Object, java.lang.Object, java.lang.Object)'> (0x000000008b6fc288) thrown at [./src/hotspot/share/interpreter/linkResolver.cpp, line 773]
Event: 33.120 Thread 0x000002285d09c000 Exception <a 'java/lang/NoSuchMethodError'{0x000000008b496478}: 'java.lang.Object java.lang.invoke.DirectMethodHandle$Holder.invokeSpecialIFC(java.lang.Object, java.lang.Object, java.lang.Object)'> (0x000000008b496478) thrown at [./src/hotspot/share/interpreter/linkResolver.cpp, line 773]
Event: 33.164 Thread 0x000002285d093800 Exception <a 'java/lang/NoSuchMethodError'{0x000000008b0bc540}: 'int java.lang.invoke.DirectMethodHandle$Holder.invokeStaticInit(java.lang.Object, java.lang.Object, java.lang.Object, java.lang.Object, java.lang.Object)'> (0x000000008b0bc540) thrown at [./src/hotspot/share/interpreter/linkResolver.cpp, line 773]
Event: 33.794 Thread 0x000002285d093800 Implicit null exception at 0x000002284b749449 to 0x000002284b74b53c
Event: 33.794 Thread 0x000002285d09c000 Implicit null exception at 0x000002284b749449 to 0x000002284b74b53c
Event: 34.202 Thread 0x000002285d095000 Implicit null exception at 0x000002284b762782 to 0x000002284b762b38
Event: 34.357 Thread 0x000002285d08f000 Exception <a 'java/lang/NoSuchMethodError'{0x000000008d5821f8}: 'void java.lang.invoke.DirectMethodHandle$Holder.invokeStatic(java.lang.Object, java.lang.Object, java.lang.Object, java.lang.Object, java.lang.Object, java.lang.Object, java.lang.Object)'> (0x000000008d5821f8) thrown at [./src/hotspot/share/interpreter/linkResolver.cpp, line 773]
Event: 34.920 Thread 0x000002285d09c000 Exception <a 'sun/nio/fs/WindowsException'{0x000000008c2c7b68}> (0x000000008c2c7b68) thrown at [./src/hotspot/share/prims/jni.cpp, line 615]
Event: 34.951 Thread 0x000002285d091000 Exception <a 'sun/nio/fs/WindowsException'{0x000000008dbfdbd8}> (0x000000008dbfdbd8) thrown at [./src/hotspot/share/prims/jni.cpp, line 615]

Events (20 events):
Event: 34.928 loading class com/android/tools/build/jetifier/processor/TransformationResult done
Event: 34.938 Executing VM operation: G1CollectForAllocation
Event: 34.939 Executing VM operation: G1CollectForAllocation done
Event: 34.945 Executing VM operation: G1CollectForAllocation
Event: 34.947 Executing VM operation: G1CollectForAllocation done
Event: 34.986 Executing VM operation: CGC_Operation
Event: 34.994 Executing VM operation: CGC_Operation done
Event: 35.026 Executing VM operation: G1CollectForAllocation
Event: 35.031 Executing VM operation: G1CollectForAllocation done
Event: 35.064 Executing VM operation: CGC_Operation
Event: 35.064 Executing VM operation: CGC_Operation done
Event: 35.115 Executing VM operation: G1CollectForAllocation
Event: 35.120 Executing VM operation: G1CollectForAllocation done
Event: 35.176 Executing VM operation: G1CollectForAllocation
Event: 35.181 Executing VM operation: G1CollectForAllocation done
Event: 35.256 Executing VM operation: G1CollectForAllocation
Event: 35.261 Executing VM operation: G1CollectForAllocation done
Event: 35.315 Executing VM operation: CGC_Operation
Event: 35.324 Executing VM operation: CGC_Operation done
Event: 35.347 Executing VM operation: G1CollectForAllocation


Dynamic libraries:
0x00007ff6b1920000 - 0x00007ff6b192a000 	C:\Program Files\Android\Android Studio3\jre\bin\java.exe
0x00007ffae8900000 - 0x00007ffae8b0f000 	C:\WINDOWS\SYSTEM32\ntdll.dll
0x00007ffae7cf0000 - 0x00007ffae7dad000 	C:\WINDOWS\System32\KERNEL32.DLL
0x00007ffae62a0000 - 0x00007ffae6626000 	C:\WINDOWS\System32\KERNELBASE.dll
0x00007ffae2ec0000 - 0x00007ffae2f52000 	C:\WINDOWS\SYSTEM32\apphelp.dll
0x00007ffae6030000 - 0x00007ffae6141000 	C:\WINDOWS\System32\ucrtbase.dll
0x00007ffad45b0000 - 0x00007ffad45c9000 	C:\Program Files\Android\Android Studio3\jre\bin\jli.dll
0x00007ffada440000 - 0x00007ffada457000 	C:\Program Files\Android\Android Studio3\jre\bin\VCRUNTIME140.dll
0x00007ffae72d0000 - 0x00007ffae747b000 	C:\WINDOWS\System32\USER32.dll
0x00007ffae6000000 - 0x00007ffae6026000 	C:\WINDOWS\System32\win32u.dll
0x00007ffad3740000 - 0x00007ffad39e1000 	C:\WINDOWS\WinSxS\amd64_microsoft.windows.common-controls_6595b64144ccf1df_6.0.22468.1000_none_266f4f372a53a5e7\COMCTL32.dll
0x00007ffae7bb0000 - 0x00007ffae7bd9000 	C:\WINDOWS\System32\GDI32.dll
0x00007ffae7580000 - 0x00007ffae7624000 	C:\WINDOWS\System32\msvcrt.dll
0x00007ffae5dd0000 - 0x00007ffae5ee7000 	C:\WINDOWS\System32\gdi32full.dll
0x00007ffae5f60000 - 0x00007ffae5ffb000 	C:\WINDOWS\System32\msvcp_win.dll
0x00007ffae7540000 - 0x00007ffae7571000 	C:\WINDOWS\System32\IMM32.DLL
0x00007ffad40a0000 - 0x00007ffad413d000 	C:\Program Files\Android\Android Studio3\jre\bin\msvcp140.dll
0x00007ffaa8630000 - 0x00007ffaa90ff000 	C:\Program Files\Android\Android Studio3\jre\bin\server\jvm.dll
0x00007ffae7810000 - 0x00007ffae78be000 	C:\WINDOWS\System32\ADVAPI32.dll
0x00007ffae7770000 - 0x00007ffae780f000 	C:\WINDOWS\System32\sechost.dll
0x00007ffae7a90000 - 0x00007ffae7bb0000 	C:\WINDOWS\System32\RPCRT4.dll
0x00007ffae7a50000 - 0x00007ffae7a58000 	C:\WINDOWS\System32\PSAPI.DLL
0x00007ffae3810000 - 0x00007ffae3819000 	C:\WINDOWS\SYSTEM32\WSOCK32.dll
0x00007ffae7be0000 - 0x00007ffae7c51000 	C:\WINDOWS\System32\WS2_32.dll
0x00007ffadaa40000 - 0x00007ffadaa73000 	C:\WINDOWS\SYSTEM32\WINMM.dll
0x00007ffae20c0000 - 0x00007ffae20ca000 	C:\WINDOWS\SYSTEM32\VERSION.dll
0x00007ffae4f90000 - 0x00007ffae4fa8000 	C:\WINDOWS\SYSTEM32\kernel.appcore.dll
0x00007ffae2ab0000 - 0x00007ffae2ac1000 	C:\Program Files\Android\Android Studio3\jre\bin\verify.dll
0x00007ffade2c0000 - 0x00007ffade4e7000 	C:\WINDOWS\SYSTEM32\DBGHELP.DLL
0x00007ffae6f50000 - 0x00007ffae72cc000 	C:\WINDOWS\System32\combase.dll
0x00007ffade280000 - 0x00007ffade2b1000 	C:\WINDOWS\SYSTEM32\dbgcore.DLL
0x00007ffae6150000 - 0x00007ffae61d1000 	C:\WINDOWS\System32\bcryptPrimitives.dll
0x00007ffae2960000 - 0x00007ffae2989000 	C:\Program Files\Android\Android Studio3\jre\bin\java.dll
0x00007ffae3800000 - 0x00007ffae380b000 	C:\Program Files\Android\Android Studio3\jre\bin\jimage.dll
0x00007ffae2940000 - 0x00007ffae2958000 	C:\Program Files\Android\Android Studio3\jre\bin\zip.dll
0x00007ffae67a0000 - 0x00007ffae6f4b000 	C:\WINDOWS\System32\SHELL32.dll
0x00007ffae3e30000 - 0x00007ffae468c000 	C:\WINDOWS\SYSTEM32\windows.storage.dll
0x00007ffae3cc0000 - 0x00007ffae3e28000 	C:\WINDOWS\SYSTEM32\wintypes.dll
0x00007ffae86e0000 - 0x00007ffae87d0000 	C:\WINDOWS\System32\SHCORE.dll
0x00007ffae7c90000 - 0x00007ffae7ceb000 	C:\WINDOWS\System32\shlwapi.dll
0x00007ffae5d00000 - 0x00007ffae5d21000 	C:\WINDOWS\SYSTEM32\profapi.dll
0x00007ffae2920000 - 0x00007ffae293a000 	C:\Program Files\Android\Android Studio3\jre\bin\net.dll
0x00007ffadf020000 - 0x00007ffadf130000 	C:\WINDOWS\SYSTEM32\WINHTTP.dll
0x00007ffae53e0000 - 0x00007ffae5449000 	C:\WINDOWS\system32\mswsock.dll
0x00007ffae2900000 - 0x00007ffae2914000 	C:\Program Files\Android\Android Studio3\jre\bin\nio.dll
0x00007ffadb580000 - 0x00007ffadb5a7000 	C:\Users\xpmkm\.gradle\native\8bec1ad78214c89d9ad589b4d07fe93259594b29d510b10fafb7a158f7737e5d\windows-amd64\native-platform.dll
0x00007ffac1cd0000 - 0x00007ffac1e0d000 	C:\Users\xpmkm\.gradle\native\53dbd7edfb1c66fb8903c78663c9afc45aea4f116125fa6feffd364cf09443e8\windows-amd64\native-platform-file-events.dll
0x00007ffae37e0000 - 0x00007ffae37ea000 	C:\Program Files\Android\Android Studio3\jre\bin\management.dll
0x00007ffae28b0000 - 0x00007ffae28bc000 	C:\Program Files\Android\Android Studio3\jre\bin\management_ext.dll
0x00007ffae5630000 - 0x00007ffae5648000 	C:\WINDOWS\SYSTEM32\CRYPTSP.dll
0x00007ffae4ef0000 - 0x00007ffae4f25000 	C:\WINDOWS\system32\rsaenh.dll
0x00007ffae54e0000 - 0x00007ffae5509000 	C:\WINDOWS\SYSTEM32\USERENV.dll
0x00007ffae57b0000 - 0x00007ffae57d8000 	C:\WINDOWS\SYSTEM32\bcrypt.dll
0x00007ffae5650000 - 0x00007ffae565c000 	C:\WINDOWS\SYSTEM32\CRYPTBASE.dll
0x00007ffae4970000 - 0x00007ffae499d000 	C:\WINDOWS\SYSTEM32\IPHLPAPI.DLL
0x00007ffae7a60000 - 0x00007ffae7a69000 	C:\WINDOWS\System32\NSI.dll
0x00007ffae3130000 - 0x00007ffae3149000 	C:\WINDOWS\SYSTEM32\dhcpcsvc6.DLL
0x00007ffae3110000 - 0x00007ffae312e000 	C:\WINDOWS\SYSTEM32\dhcpcsvc.DLL
0x00007ffae49a0000 - 0x00007ffae4a91000 	C:\WINDOWS\SYSTEM32\DNSAPI.dll
0x00007ffae48d0000 - 0x00007ffae4904000 	C:\WINDOWS\SYSTEM32\ntmarta.dll

dbghelp: loaded successfully - version: 4.0.5 - missing functions: none
symbol engine: initialized successfully - sym options: 0x614 - pdb path: .;C:\Program Files\Android\Android Studio3\jre\bin;C:\WINDOWS\SYSTEM32;C:\WINDOWS\WinSxS\amd64_microsoft.windows.common-controls_6595b64144ccf1df_6.0.22468.1000_none_266f4f372a53a5e7;C:\Program Files\Android\Android Studio3\jre\bin\server;C:\Users\xpmkm\.gradle\native\8bec1ad78214c89d9ad589b4d07fe93259594b29d510b10fafb7a158f7737e5d\windows-amd64;C:\Users\xpmkm\.gradle\native\53dbd7edfb1c66fb8903c78663c9afc45aea4f116125fa6feffd364cf09443e8\windows-amd64

VM Arguments:
jvm_args: --add-opens=java.base/java.util=ALL-UNNAMED --add-opens=java.base/java.lang=ALL-UNNAMED --add-opens=java.base/java.lang.invoke=ALL-UNNAMED --add-opens=java.base/java.util=ALL-UNNAMED --add-opens=java.prefs/java.util.prefs=ALL-UNNAMED --add-opens=java.prefs/java.util.prefs=ALL-UNNAMED --add-opens=java.base/java.nio.charset=ALL-UNNAMED --add-opens=java.base/java.net=ALL-UNNAMED --add-opens=java.base/java.util.concurrent.atomic=ALL-UNNAMED -Xmx2048m -Dfile.encoding=UTF-8 -Duser.country=IN -Duser.language=en -Duser.variant 
java_command: org.gradle.launcher.daemon.bootstrap.GradleDaemon 7.0.2
java_class_path (initial): C:\Users\xpmkm\.gradle\wrapper\dists\gradle-7.0.2-bin\857tjihv64xamwrf0h14cai3r\gradle-7.0.2\lib\gradle-launcher-7.0.2.jar
Launcher Type: SUN_STANDARD

[Global flags]
     intx CICompilerCount                          = 4                                         {product} {ergonomic}
     uint ConcGCThreads                            = 2                                         {product} {ergonomic}
     uint G1ConcRefinementThreads                  = 8                                         {product} {ergonomic}
   size_t G1HeapRegionSize                         = 1048576                                   {product} {ergonomic}
    uintx GCDrainStackTargetSize                   = 64                                        {product} {ergonomic}
   size_t InitialHeapSize                          = 132120576                                 {product} {ergonomic}
   size_t MarkStackSize                            = 4194304                                   {product} {ergonomic}
   size_t MaxHeapSize                              = 2147483648                                {product} {command line}
   size_t MaxNewSize                               = 1287651328                                {product} {ergonomic}
   size_t MinHeapDeltaBytes                        = 1048576                                   {product} {ergonomic}
    uintx NonNMethodCodeHeapSize                   = 5836300                                {pd product} {ergonomic}
    uintx NonProfiledCodeHeapSize                  = 122910970                              {pd product} {ergonomic}
    uintx ProfiledCodeHeapSize                     = 122910970                              {pd product} {ergonomic}
    uintx ReservedCodeCacheSize                    = 251658240                              {pd product} {ergonomic}
     bool SegmentedCodeCache                       = true                                      {product} {ergonomic}
     bool UseCompressedClassPointers               = true                                 {lp64_product} {ergonomic}
     bool UseCompressedOops                        = true                                 {lp64_product} {ergonomic}
     bool UseG1GC                                  = true                                      {product} {ergonomic}
     bool UseLargePagesIndividualAllocation        = false                                  {pd product} {ergonomic}

Logging:
Log output configuration:
 #0: stdout all=warning uptime,level,tags
 #1: stderr all=off uptime,level,tags

Environment Variables:
PATH=C:\Program Files (x86)\Common Files\Oracle\Java\javapath;C:\WINDOWS\system32;C:\WINDOWS;C:\WINDOWS\System32\Wbem;C:\WINDOWS\System32\WindowsPowerShell\v1.0\;C:\WINDOWS\System32\OpenSSH\;C:\Program Files\Git\cmd;C:\Program Files\nodejs\;C:\xampp\php;C:\ProgramData\ComposerSetup\bin;C:\Users\xpmkm\AppData\Local\Android\Sdk\platform-tools;C:\Program Files\Java\jdk1.8.0_231\bin;C:\Program Files\opnsl\bin;C:\Users\xpmkm\AppData\Roaming\npm;C:\Users\xpmkm\AppData\Local\Programs\Microsoft VS Code\bin;C:\Program Files\flutter\bin;C:\Users\xpmkm\AppData\Roaming\Composer\vendor\bin;C:\Users\xpmkm\AppData\Local\Microsoft\WindowsApps;
USERNAME=xpmkm
OS=Windows_NT
PROCESSOR_IDENTIFIER=AMD64 Family 23 Model 24 Stepping 1, AuthenticAMD



---------------  S Y S T E M  ---------------

OS: Windows 10 , 64 bit Build 22468 (10.0.22468.1000)
OS uptime: 5 days 17:24 hours

CPU:total 8 (initial active 8) (8 cores per cpu, 2 threads per core) family 23 model 24 stepping 1 microcode 0x0, cmov, cx8, fxsr, mmx, sse, sse2, sse3, ssse3, sse4.1, sse4.2, popcnt, avx, avx2, aes, clmul, mmxext, 3dnowpref, lzcnt, sse4a, ht, tsc, tscinvbit, tscinv, bmi1, bmi2, adx, s

Memory: 4k page, system-wide physical 8002M (310M free)
TotalPageFile size 12098M (AvailPageFile size 140M)
current process WorkingSet (physical memory assigned to process): 541M, peak: 543M
current process commit charge ("private bytes"): 574M, peak: 714M

vm_info: OpenJDK 64-Bit Server VM (11.0.10+0-b96-7249189) for windows-amd64 JRE (11.0.10+0-b96-7249189), built on Mar 31 2021 21:44:00 by "builder" with MS VC++ 14.0 (VS2015)

END.
